[19:57:22] 🚀 SCRIPT STARTED
[19:57:22] [1/445] TGMR
[19:57:22] 🧠 New identity created
[19:57:23] [2/445] CXKR
[19:57:23] [3/445] SROP
[19:57:24] [4/445] GTSV
[19:57:25] [5/445] SNTY
[19:57:26] [6/445] SMYY
[19:57:26] [7/445] CNCS
[19:57:27] [8/445] CSTM
[19:57:28] [9/445] NUCD
[19:57:29] [10/445] SHCZ
[19:57:30] [11/445] NJCT
[19:57:30] [12/445] COPC
[19:57:31] [13/445] STVV
[19:57:32] [14/445] SKRN
[19:57:34] [15/445] APPZ
[19:57:34] [16/445] YMGN
[19:57:35] [17/445] SVTU
[19:57:36] [18/445] GTAD
[19:57:37] [19/445] PSUS
[19:57:38] [20/445] SMCD
[19:57:39] [21/445] CMCM
[19:57:40] [22/445] SYCT
[19:57:41] [23/445] STLY
[19:57:42] [24/445] CMHU
[19:57:43] [25/445] CMSA
[19:57:43] [26/445] CLCU
[19:57:44] [27/445] PPNT
[19:57:45] [28/445] JTAB
[19:57:46] [29/445] BUUC
[19:57:47] [30/445] BSVK
[19:57:48] [31/445] VVVQ
[19:57:48] [32/445] TKMU
[19:57:49] [33/445] ESYL
[19:57:50] [34/445] ACHP
[19:57:51] [35/445] BTKD
[19:57:52] [36/445] DESA
[19:57:53] [37/445] GBCT
[19:57:54] [38/445] BLLD
[19:57:54] [39/445] SKNT
[19:57:55] [40/445] SSTE
[19:57:56] [41/445] VJMR
[19:57:57] [42/445] NTPU
[19:57:58] [43/445] RDKN
[19:57:58] [44/445] ADGC
[19:57:59] [45/445] VRBP
[19:58:00] [46/445] NMNA
[19:58:02] [47/445] CMMX
[19:58:02] [48/445] PTKO
[19:58:03] [49/445] RBML
[19:58:04] [50/445] SAIC
[19:58:05] [51/445] SVTJ
[19:58:06] [52/445] MRTE
[19:58:07] [53/445] RBTP
[19:58:07] [54/445] NLPS
[19:58:09] [55/445] GTNA
[19:58:09] [56/445] DGGC
[19:58:10] [57/445] SMCR
[19:58:11] [58/445] SCGD
[19:58:12] [59/445] SRRJ
[19:58:12] [60/445] CNRY
[19:58:13] [61/445] KTDI
[19:58:14] [62/445] SNJL
[19:58:15] [63/445] RKMD
[19:58:16] [64/445] SMDC
[19:58:17] [65/445] TADG
[19:58:18] [66/445] MCGS
[19:58:19] [67/445] PETK
[19:58:20] [68/445] CHAG
[19:58:21] [69/445] KSTL
[19:58:21] [70/445] AADS
[19:58:23] [71/445] NTHZ
[19:58:25] [72/445] HCKI
[19:58:26] [73/445] SSEF
[19:58:27] [74/445] MCGX
[19:58:28] [75/445] ERRA
[19:58:29] [76/445] SDTW
[19:58:30] [77/445] RMPK
[19:58:30] [78/445] PTHK
[19:58:31] [79/445] PXCS
[19:58:32] [80/445] SVLU
[19:58:33] [81/445] STAH
[19:58:34] [82/445] JRGF
[19:58:35] [83/445] CDOK
[19:58:35] [84/445] CMSG
[19:58:36] [85/445] APTD
[19:58:37] [86/445] KMPG
[19:58:38] [87/445] MUTJ
[19:58:39] [88/445] VCCI
[19:58:40] [89/445] URBE
[19:58:41] [90/445] TCTS
[19:58:42] [91/445] STSN
[19:58:43] [92/445] AKCH
[19:58:43] [93/445] APSC
[19:58:44] [94/445] VLTB
[19:58:45] [95/445] SANU
[19:58:46] [96/445] AXAM
[19:58:47] [97/445] MGMG
[19:58:47] [98/445] HTBY
[19:58:48] [99/445] MMZS
[19:58:49] [100/445] SUDR
[19:58:50] [101/445] CCAD
[19:58:51] [102/445] SKKC
[19:58:52] [103/445] RMCD
[19:58:53] [104/445] SBCQ
[19:58:54] [105/445] DCCT
[19:58:55] [106/445] VTKP
[19:58:55] [107/445] MLAM
[19:58:56] [108/445] SAVT
[19:58:57] [109/445] GEPL
[19:58:58] [110/445] AMCD
[19:58:59] [111/445] CCXR
[19:58:59] [112/445] GRNG
[19:59:01] [113/445] EBCA
[19:59:02] [114/445] CNVG
[19:59:03] [115/445] MWSS
[19:59:03] [116/445] VBOR
[19:59:04] [117/445] NEEB
[19:59:05] [118/445] SUTH
[19:59:07] [119/445] ANDB
[19:59:08] [120/445] MMXS
[19:59:09] [121/445] CNPD
[19:59:10] [122/445] SDCE
[19:59:11] [123/445] DHCB
[19:59:12] [124/445] ODEN
[19:59:13] [125/445] TNTC
[19:59:13] [126/445] VBKM
[19:59:14] [127/445] RZYM
[19:59:15] [128/445] JEMC
[19:59:16] [129/445] CMAU
[19:59:16] [130/445] SIVP
[19:59:17] [131/445] ATAG
[19:59:18] [132/445] CHTM
[19:59:19] [133/445] AAEE
[19:59:20] [134/445] IWPM
[19:59:20] [135/445] KCMW
[19:59:22] [136/445] MCTD
[19:59:23] [137/445] SPWR
[19:59:23] [138/445] SDPO
[19:59:24] [139/445] PCSK
[19:59:25] [140/445] ACHV
[19:59:26] [141/445] SVLA
[19:59:27] [142/445] PICT
[19:59:27] [143/445] BXDR
[19:59:28] [144/445] SPWA
[19:59:29] [145/445] MCKO
[19:59:30] [146/445] RTHK
[19:59:31] [147/445] CCMF
[19:59:32] [148/445] MRGB
[19:59:33] [149/445] CPLC
[19:59:34] [150/445] RACD
[19:59:35] [151/445] ATKT
[19:59:36] [152/445] SARN
[19:59:36] [153/445] KKUI
[19:59:38] [154/445] RGCM
[19:59:39] [155/445] BRVP
[19:59:40] [156/445] HRSR
[19:59:40] [157/445] GKGM
[19:59:41] [158/445] TTCD
[19:59:42] [159/445] PTTI
[19:59:43] [160/445] MPTT
[19:59:44] [161/445] CVTT
[19:59:44] [162/445] PCXD
[19:59:45] [163/445] GCDC
[19:59:46] [164/445] CCCF
[19:59:47] [165/445] MRAD
[19:59:48] [166/445] CPLK
[19:59:48] [167/445] SATB
[19:59:50] [168/445] SNVG
[19:59:51] [169/445] JMBA
[19:59:52] [170/445] TEJA
[19:59:53] [171/445] STYO
[19:59:54] [172/445] JTBP
[19:59:54] [173/445] KRGD
[19:59:55] [174/445] SLJJ
[19:59:56] [175/445] SPTJ
[19:59:57] [176/445] SWJG
[19:59:58] [177/445] LKRT
[19:59:59] [178/445] KCKA
[19:59:59] [179/445] SNCR
[20:00:00] [180/445] SMKL
[20:00:01] [181/445] GCFA
[20:00:02] [182/445] DDCK
[20:00:03] [183/445] NCHJ
[20:00:03] [184/445] RDMA
[20:00:04] [185/445] SVSV
[20:00:05] [186/445] SCJG
[20:00:06] [187/445] VKLP
[20:00:07] [188/445] NWCC
[20:00:09] [189/445] VKNS
[20:00:09] [190/445] SDDP
[20:00:10] [191/445] ACSI
[20:00:11] [192/445] SATG
[20:00:12] [193/445] SCMW
[20:00:12] [194/445] LKTK
[20:00:13] [195/445] VCKV
[20:00:13] [196/445] KKPE
[20:00:14] [197/445] KIGH
[20:00:15] [198/445] SRPM
[20:00:16] [199/445] SCAH
[20:00:17] [200/445] MUTA
[20:00:18] [201/445] SEPU
[20:00:19] [202/445] INOA
[20:00:19] [203/445] BASK
[20:00:20] [204/445] NECB
[20:00:21] [205/445] GTTG
[20:00:22] [206/445] ASSA
[20:00:22] [207/445] ANCL
[20:00:23] [208/445] GCTI
[20:00:24] [209/445] RCTS
[20:00:25] [210/445] ACNL
[20:00:26] [211/445] MYCT
[20:00:27] [212/445] NMHT
[20:00:28] [213/445] MDIT
[20:00:29] [214/445] LATG
[20:00:30] [215/445] SMTY
[20:00:31] [216/445] CVCT
[20:00:32] [217/445] RAMB
[20:00:32] [218/445] TGMS
[20:00:33] [219/445] BHEL
[20:00:34] [220/445] SHCT
[20:00:35] [221/445] SVCT
[20:00:35] [222/445] MRIY
[20:00:36] [223/445] SARO
[20:00:37] [224/445] STCT
[20:00:38] [225/445] JKKC
[20:00:39] [226/445] PLTT
[20:00:39] [227/445] SRNT
[20:00:40] [228/445] YAST
[20:00:41] [229/445] PERL
[20:00:42] [230/445] CICM
[20:00:42] [231/445] MMTR
[20:00:43] [232/445] ABTK
[20:00:44] [233/445] ATYY
[20:00:45] [234/445] ASTK
[20:00:45] [235/445] VVCK
[20:00:46] [236/445] ATKY
[20:00:47] [237/445] GWEK
[20:00:48] [238/445] SVFH
[20:00:49] [239/445] SLTA
[20:00:50] [240/445] AASH
[20:00:50] [241/445] ACXB
[20:00:51] [242/445] SMTX
[20:00:52] [243/445] AZDH
[20:00:53] [244/445] CMMH
[20:00:54] [245/445] SCSZ
[20:00:56] [246/445] SCKP
[20:00:56] [247/445] NXTM
[20:00:57] [248/445] NWCS
[20:00:58] [249/445] CXMH
[20:00:59] [250/445] PCMA
[20:01:00] [251/445] SGCM
[20:01:01] [252/445] SDTU
[20:01:02] [253/445] MMVI
[20:01:02] [254/445] JKCM
[20:01:03] [255/445] VCMM
[20:01:04] [256/445] SYEE
[20:01:05] [257/445] VASD
[20:01:06] [258/445] BDRB
[20:01:07] [259/445] LASM
[20:01:07] [260/445] DCRL
[20:01:08] [261/445] DVPM
[20:01:09] [262/445] SBMJ
[20:01:10] [263/445] CBMU
[20:01:11] [264/445] IUBS
[20:01:11] [265/445] INAP
[20:01:12] [266/445] SRRC
[20:01:14] [267/445] SAGR
[20:01:14] [268/445] CPMJ
[20:01:15] [269/445] ATJL
[20:01:16] [270/445] NNTD
[20:01:17] [271/445] JHCJ
[20:01:18] [272/445] CMMP
[20:01:19] [273/445] RSDR
[20:01:20] [274/445] AMTI
[20:01:20] [275/445] NYSG
[20:01:21] [276/445] AVSG
[20:01:22] [277/445] SYTP
[20:01:23] [278/445] LARC
[20:01:24] [279/445] RJTP
[20:01:25] [280/445] LAKC
[20:01:26] [281/445] MCXE
[20:01:27] [282/445] CCZC
[20:01:28] [283/445] AVCH
[20:01:30] [284/445] CMBE
[20:01:30] [285/445] MRRC
[20:01:31] [286/445] PCPY
[20:01:32] [287/445] SRMH
[20:01:33] [288/445] SVGS
[20:01:34] [289/445] PCSE
[20:01:35] [290/445] SVFT
[20:01:36] [291/445] TNZP
[20:01:36] [292/445] ICTP
[20:01:37] [293/445] ACTZ
[20:01:38] [294/445] GTUR
[20:01:39] [295/445] MAFC
[20:01:39] [296/445] MINL
[20:01:40] [297/445] MRCL
[20:01:41] [298/445] RCRP
[20:01:41] [299/445] RFFG
[20:01:42] [300/445] RMAS
[20:01:44] [301/445] INVR
[20:01:45] [302/445] RMAR
[20:01:46] [303/445] CNIS
[20:01:46] [304/445] RHRJ
[20:01:47] [305/445] INXR
[20:01:48] [306/445] VALT
[20:01:49] [307/445] LCSH
[20:01:49] [308/445] CMVS
[20:01:50] [309/445] CNMS
[20:01:51] [310/445] ROOG
[20:01:52] [311/445] ISRM
[20:01:53] [312/445] RCRM
[20:01:53] [313/445] ACJA
[20:01:54] [314/445] RCVS
[20:01:55] [315/445] CPUS
[20:01:56] [316/445] TGCS
[20:01:57] [317/445] RKCJ
[20:01:58] [318/445] MKSB
[20:01:58] [319/445] TCSJ
[20:01:59] [320/445] RMGP
[20:02:00] [321/445] CLLP
[20:02:00] [322/445] RCMV
[20:02:01] [323/445] CCKS
[20:02:02] [324/445] RSRP
[20:02:03] [325/445] APLP
[20:02:03] [326/445] CNVS
[20:02:04] [327/445] RMVY
[20:02:06] [328/445] PGBD
[20:02:07] [329/445] KLMS
[20:02:07] [330/445] RUST
[20:02:08] [331/445] MASM
[20:02:09] [332/445] BACS
[20:02:10] [333/445] BWST
[20:02:11] [334/445] RRFH
[20:02:11] [335/445] SJTM
[20:02:12] [336/445] BEMR
[20:02:13] [337/445] MCGR
[20:02:14] [338/445] SDSK
[20:02:14] [339/445] VBOL
[20:02:15] [340/445] RMGM
[20:02:16] [341/445] NOPL
[20:02:17] [342/445] MKJK
[20:02:18] [343/445] CVRN
[20:02:18] [344/445] MMEN
[20:02:19] [345/445] AMNG
[20:02:20] [346/445] INTM
[20:02:21] [347/445] SLCZ
[20:02:22] [348/445] AMJN
[20:02:23] [349/445] ACJN
[20:02:24] [350/445] AMKN
[20:02:25] [351/445] BTCN
[20:02:26] [352/445] AMBT
[20:02:26] [353/445] PACN
[20:02:27] [354/445] LCNS
[20:02:28] [355/445] PPKC
[20:02:29] [356/445] JYYN
[20:02:30] [357/445] JTNR
[20:02:31] [358/445] GTEE
[20:02:32] [359/445] SRNM
[20:02:33] [360/445] SDTC
[20:02:33] [361/445] VPCA
[20:02:34] [362/445] VLRA
[20:02:35] [363/445] SHKR
[20:02:36] [364/445] SBKD
[20:02:36] [365/445] SAAD
[20:02:37] [366/445] JTGN
[20:02:38] [367/445] SLAM
[20:02:39] [368/445] VTPM
[20:02:40] [369/445] ANPT
[20:02:40] [370/445] PUNB
[20:02:41] [371/445] CPKT
[20:02:42] [372/445] CNWE
[20:02:43] [373/445] ECPP
[20:02:44] [374/445] CPAR
[20:02:45] [375/445] ESBW
[20:02:45] [376/445] PKPU
[20:02:46] [377/445] CPRP
[20:02:47] [378/445] RAHU
[20:02:48] [379/445] RHMN
[20:02:49] [380/445] FMJP
[20:02:50] [381/445] CTMP
[20:02:51] [382/445] INPN
[20:02:52] [383/445] STTG
[20:02:53] [384/445] CTRD
[20:02:54] [385/445] PUVB
[20:02:55] [386/445] ESVP
[20:02:56] [387/445] CPFT
[20:02:58] [388/445] LCPC
[20:02:58] [389/445] VBCT
[20:02:59] [390/445] FSCW
[20:03:00] [391/445] VCMP
[20:03:01] [392/445] ASHC
[20:03:03] [393/445] VLCX
[20:03:03] [394/445] SHEV
[20:03:04] [395/445] APCO
[20:03:05] [396/445] SILC
[20:03:06] [397/445] SNMR
[20:03:07] [398/445] KYBO
[20:03:07] [399/445] SATK
[20:03:08] [400/445] SSCS
[20:03:10] [401/445] CLSB
[20:03:10] [402/445] KMJR
[20:03:11] [403/445] FSCK
[20:03:12] [404/445] NNKA
[20:03:13] [405/445] CLMK
[20:03:14] [406/445] DMPZ
[20:03:14] [407/445] INQM
[20:03:15] [408/445] CAML
[20:03:16] [409/445] INRK
[20:03:17] [410/445] IMKN
[20:03:18] [411/445] SVNR
[20:03:18] [412/445] INSL
[20:03:19] [413/445] MSMA
[20:03:21] [414/445] MCKK
[20:03:22] [415/445] FCHP
[20:03:22] [416/445] SFCR
[20:03:23] [417/445] NACK
[20:03:24] [418/445] PVAK
[20:03:25] [419/445] INER
[20:03:26] [420/445] RDBK
[20:03:26] [421/445] SVFN
[20:03:27] [422/445] IFRM
[20:03:28] [423/445] ATCK
[20:03:29] [424/445] ASKO
[20:03:30] [425/445] STKT
[20:03:31] [426/445] SVFB
[20:03:32] [427/445] INKS
[20:03:33] [428/445] PCRA
[20:03:33] [429/445] ATJA
[20:03:34] [430/445] IMJN
[20:03:35] [431/445] INHD
[20:03:36] [432/445] BARA
[20:03:38] [433/445] MCSL
[20:03:39] [434/445] RTOY
[20:03:39] [435/445] MENO
[20:03:40] [436/445] PUDM
[20:03:41] [437/445] PRCN
[20:03:42] [438/445] JMJR
[20:03:42] [439/445] SSGK
[20:03:43] [440/445] SSRL
[20:03:44] [441/445] JYKL
[20:03:45] [442/445] ACNB
[20:03:45] [443/445] SONP
[20:03:46] [444/445] EMCI
[20:03:47] [445/445] MRJH
[20:03:48] 🧹 Deduping shows
[20:03:48] ✅ DONE | Shows=1582 | Movies=68
