[19:56:06] 🚀 SCRIPT STARTED
[19:56:06] [1/459] NECA
[19:56:06] 🧠 New identity created
[19:56:07] [2/459] BJLC
[19:56:08] [3/459] BASU
[19:56:09] [4/459] RUPI
[19:56:10] [5/459] LCBK
[19:56:11] [6/459] PMAC
[19:56:12] [7/459] AMLC
[19:56:12] [8/459] LICL
[19:56:13] [9/459] UDMM
[19:56:15] [10/459] STBZ
[19:56:16] [11/459] UUBT
[19:56:16] [12/459] SJKC
[19:56:17] [13/459] TUAL
[19:56:18] [14/459] MRSE
[19:56:19] [15/459] RMRK
[19:56:20] [16/459] TTKP
[19:56:20] [17/459] KTKO
[19:56:21] [18/459] SDBK
[19:56:22] [19/459] MCPR
[19:56:23] [20/459] CHTI
[19:56:24] [21/459] GCCP
[19:56:26] [22/459] SRMY
[19:56:27] [23/459] NYST
[19:56:28] [24/459] NYAG
[19:56:28] [25/459] SBMT
[19:56:29] [26/459] INGA
[19:56:30] [27/459] WSIC
[19:56:31] [28/459] SCSS
[19:56:32] [29/459] COPG
[19:56:33] [30/459] RCGR
[19:56:34] [31/459] TCZA
[19:56:35] [32/459] CNLP
[19:56:35] [33/459] CLKN
[19:56:36] [34/459] LHDF
[19:56:37] [35/459] ELKC
[19:56:39] [36/459] VCEM
[19:56:40] [37/459] SSZA
[19:56:41] [38/459] KRMT
[19:56:42] [39/459] LCMV
[19:56:43] [40/459] AYCZ
[19:56:44] [41/459] CUMS
[19:56:45] [42/459] BOCK
[19:56:46] [43/459] PNMR
[19:56:47] [44/459] PJCP
[19:56:48] [45/459] JDDD
[19:56:49] [46/459] STMS
[19:56:50] [47/459] FLMB
[19:56:51] [48/459] PKCM
[19:56:52] [49/459] SPPR
[19:56:53] [50/459] EYLH
[19:56:54] [51/459] RJCC
[19:56:54] [52/459] MMPS
[19:56:55] [53/459] SHMX
[19:56:56] [54/459] CCNL
[19:56:57] [55/459] RCNV
[19:56:58] [56/459] MAAG
[19:56:59] [57/459] LXCM
[19:56:59] [58/459] RCNI
[19:57:00] [59/459] SNNI
[19:57:01] [60/459] LALC
[19:57:02] [61/459] SOCN
[19:57:03] [62/459] JHTP
[19:57:03] [63/459] PITP
[19:57:05] [64/459] CCKW
[19:57:06] [65/459] MCMC
[19:57:07] [66/459] DEES
[19:57:08] [67/459] SABT
[19:57:09] [68/459] VSPP
[19:57:10] [69/459] ABCT
[19:57:11] [70/459] JVTB
[19:57:12] [71/459] VCBD
[19:57:12] [72/459] RMGG
[19:57:13] [73/459] RNMH
[19:57:14] [74/459] SPGL
[19:57:14] [75/459] JTTR
[19:57:15] [76/459] SICS
[19:57:17] [77/459] SRMI
[19:57:18] [78/459] SSIJ
[19:57:18] [79/459] KFMT
[19:57:19] [80/459] VBIT
[19:57:20] [81/459] JKCT
[19:57:21] [82/459] GCGP
[19:57:22] [83/459] GDCS
[19:57:22] [84/459] TRBA
[19:57:23] [85/459] QUST
[19:57:24] [86/459] VSHM
[19:57:26] [87/459] SDCP
[19:57:26] [88/459] SNVS
[19:57:27] [89/459] NYTO
[19:57:28] [90/459] URWC
[19:57:29] [91/459] GTWH
[19:57:30] [92/459] PFCM
[19:57:30] [93/459] KRTA
[19:57:31] [94/459] AXMC
[19:57:32] [95/459] EVMC
[19:57:33] [96/459] HGSM
[19:57:34] [97/459] ACVM
[19:57:35] [98/459] PSKL
[19:57:36] [99/459] RDMP
[19:57:37] [100/459] RHGH
[19:57:38] [101/459] OMCM
[19:57:39] [102/459] DCCP
[19:57:39] [103/459] MCPB
[19:57:41] [104/459] ALCI
[19:57:42] [105/459] BLMX
[19:57:42] [106/459] BTMV
[19:57:43] [107/459] FVPN
[19:57:44] [108/459] CMAR
[19:57:45] [109/459] CEIM
[19:57:45] [110/459] CMVA
[19:57:46] [111/459] CPIV
[19:57:47] [112/459] CNPE
[19:57:48] [113/459] COLV
[19:57:49] [114/459] DNNV
[19:57:51] [115/459] HCAD
[19:57:52] [116/459] TAKA
[19:57:52] [117/459] INVD
[19:57:53] [118/459] IRMM
[19:57:54] [119/459] INSE
[19:57:56] [120/459] MRSW
[19:57:56] [121/459] MCVD
[19:57:57] [122/459] MCSO
[19:57:58] [123/459] PEVM
[19:57:59] [124/459] PVNL
[19:58:00] [125/459] PTCV
[19:58:01] [126/459] PRTC
[19:58:02] [127/459] RCVA
[19:58:03] [128/459] MTBN
[19:58:04] [129/459] LUCP
[19:58:05] [130/459] FMPT
[19:58:06] [131/459] JLSL
[19:58:06] [132/459] SBHA
[19:58:08] [133/459] SHRC
[19:58:09] [134/459] AVPS
[19:58:09] [135/459] STPM
[19:58:10] [136/459] ATRD
[19:58:11] [137/459] VTED
[19:58:12] [138/459] ACAI
[19:58:13] [139/459] SMAE
[19:58:14] [140/459] VMAT
[19:58:14] [141/459] LKCT
[19:58:15] [142/459] JTVK
[19:58:16] [143/459] PRTY
[19:58:17] [144/459] GETT
[19:58:18] [145/459] ESAP
[19:58:18] [146/459] NCPM
[19:58:19] [147/459] PCPA
[19:58:20] [148/459] MMOM
[19:58:21] [149/459] PHUP
[19:58:22] [150/459] CCPI
[19:58:23] [151/459] CNTD
[19:58:23] [152/459] NLJR
[19:58:24] [153/459] SRNG
[19:58:25] [154/459] MHAL
[19:58:26] [155/459] PNSM
[19:58:27] [156/459] DRMY
[19:58:28] [157/459] CCMU
[19:58:28] [158/459] SCMY
[19:58:29] [159/459] PVSY
[19:58:30] [160/459] SDLM
[19:58:31] [161/459] ICCM
[19:58:32] [162/459] PYSU
[19:58:33] [163/459] GATM
[19:58:34] [164/459] WOTM
[19:58:35] [165/459] RKTS
[19:58:35] [166/459] PMTY
[19:58:36] [167/459] LYMS
[19:58:37] [168/459] TGCA
[19:58:38] [169/459] DSTA
[19:58:38] [170/459] CNGE
[19:58:40] [171/459] VSTG
[19:58:41] [172/459] GTCK
[19:58:42] [173/459] TGNT
[19:58:42] [174/459] ASLC
[19:58:43] [175/459] SSST
[19:58:44] [176/459] KBTT
[19:58:45] [177/459] HKCP
[19:58:46] [178/459] SWLC
[19:58:47] [179/459] RTND
[19:58:48] [180/459] PKKT
[19:58:49] [181/459] HSTK
[19:58:49] [182/459] SPTT
[19:58:50] [183/459] IMPM
[19:58:51] [184/459] SCMV
[19:58:52] [185/459] SPCT
[19:58:53] [186/459] JBCA
[19:58:54] [187/459] ATTR
[19:58:55] [188/459] SPMT
[19:58:56] [189/459] LCTM
[19:58:57] [190/459] SCVL
[19:58:58] [191/459] SCVT
[19:58:59] [192/459] KRIC
[19:58:59] [193/459] CTMG
[19:59:00] [194/459] ACNC
[19:59:01] [195/459] DMCK
[19:59:02] [196/459] KMTV
[19:59:02] [197/459] PFCJ
[19:59:03] [198/459] VNMD
[19:59:04] [199/459] VPCZ
[19:59:05] [200/459] SRYR
[19:59:07] [201/459] SYTR
[19:59:08] [202/459] GATR
[19:59:09] [203/459] URTR
[19:59:10] [204/459] MKSM
[19:59:11] [205/459] VSMH
[19:59:12] [206/459] SKRJ
[19:59:12] [207/459] SSJR
[19:59:13] [208/459] SVSM
[19:59:14] [209/459] RUCM
[19:59:15] [210/459] PRKN
[19:59:16] [211/459] RROH
[19:59:17] [212/459] SCTN
[19:59:17] [213/459] RTDM
[19:59:18] [214/459] ASRM
[19:59:19] [215/459] SKMD
[19:59:20] [216/459] SUTD
[19:59:20] [217/459] SADM
[19:59:21] [218/459] WCNR
[19:59:22] [219/459] CNED
[19:59:22] [220/459] MPDB
[19:59:23] [221/459] KTBH
[19:59:25] [222/459] IDRM
[19:59:25] [223/459] PJJT
[19:59:26] [224/459] PFCV
[19:59:27] [225/459] AACT
[19:59:28] [226/459] AAAD
[19:59:30] [227/459] ANES
[19:59:31] [228/459] MNCA
[19:59:32] [229/459] RMGU
[19:59:33] [230/459] DLCN
[19:59:34] [231/459] LJWT
[19:59:34] [232/459] MCBG
[19:59:35] [233/459] MYBG
[19:59:36] [234/459] GCCA
[19:59:37] [235/459] GCGA
[19:59:38] [236/459] ECGN
[19:59:39] [237/459] PRAB
[19:59:39] [238/459] PNMP
[19:59:41] [239/459] GCPT
[19:59:41] [240/459] ROYN
[19:59:42] [241/459] VATM
[19:59:43] [242/459] KSNT
[19:59:44] [243/459] ACTC
[19:59:45] [244/459] PLTD
[19:59:46] [245/459] SKMK
[19:59:46] [246/459] CMTT
[19:59:47] [247/459] SMXP
[19:59:48] [248/459] SCMX
[19:59:49] [249/459] ACXN
[19:59:50] [250/459] ASWT
[19:59:50] [251/459] VVVL
[19:59:51] [252/459] NAGO
[19:59:52] [253/459] SNCN
[19:59:53] [254/459] MCKP
[19:59:54] [255/459] SAMO
[19:59:55] [256/459] JBTV
[19:59:55] [257/459] DCVV
[19:59:56] [258/459] KMSV
[19:59:57] [259/459] KDCN
[19:59:58] [260/459] CNCP
[19:59:59] [261/459] HAMC
[19:59:59] [262/459] CCVZ
[20:00:00] [263/459] NCCK
[20:00:01] [264/459] MCHR
[20:00:02] [265/459] SCHT
[20:00:03] [266/459] ESSH
[20:00:03] [267/459] CUJC
[20:00:04] [268/459] PECP
[20:00:05] [269/459] PMMI
[20:00:06] [270/459] PCCH
[20:00:07] [271/459] PRPM
[20:00:08] [272/459] PVKL
[20:00:08] [273/459] CBSM
[20:00:09] [274/459] PVCZ
[20:00:10] [275/459] PCVV
[20:00:11] [276/459] CTMJ
[20:00:12] [277/459] RCPS
[20:00:13] [278/459] PCIT
[20:00:13] [279/459] FNCH
[20:00:14] [280/459] INZD
[20:00:15] [281/459] INPC
[20:00:16] [282/459] LCZP
[20:00:17] [283/459] SMCB
[20:00:17] [284/459] PTSB
[20:00:18] [285/459] TPSI
[20:00:19] [286/459] KHMJ
[20:00:20] [287/459] RCCJ
[20:00:21] [288/459] NCJA
[20:00:21] [289/459] NCJN
[20:00:23] [290/459] BTDP
[20:00:24] [291/459] PADY
[20:00:25] [292/459] NYBH
[20:00:25] [293/459] MTBR
[20:00:26] [294/459] KRBC
[20:00:27] [295/459] DKTI
[20:00:28] [296/459] ANAN
[20:00:29] [297/459] INBP
[20:00:30] [298/459] PATB
[20:00:30] [299/459] RGNT
[20:00:31] [300/459] CGPM
[20:00:32] [301/459] INTN
[20:00:33] [302/459] MCMP
[20:00:34] [303/459] ASRG
[20:00:35] [304/459] CXJD
[20:00:35] [305/459] SPCP
[20:00:36] [306/459] CSTP
[20:00:38] [307/459] PKVC
[20:00:38] [308/459] ESCP
[20:00:39] [309/459] CAEP
[20:00:41] [310/459] CCSP
[20:00:42] [311/459] KTPC
[20:00:42] [312/459] DACA
[20:00:43] [313/459] NVKY
[20:00:45] [314/459] PTIN
[20:00:46] [315/459] SCIN
[20:00:46] [316/459] MCTY
[20:00:47] [317/459] PCMX
[20:00:48] [318/459] INIC
[20:00:49] [319/459] MMZM
[20:00:50] [320/459] SSLP
[20:00:51] [321/459] DTDT
[20:00:52] [322/459] FFCX
[20:00:53] [323/459] RCMM
[20:00:54] [324/459] KYID
[20:00:55] [325/459] CSCI
[20:00:56] [326/459] FCMC
[20:00:57] [327/459] MMXI
[20:00:58] [328/459] ASTC
[20:00:58] [329/459] CMRA
[20:00:59] [330/459] DICI
[20:01:00] [331/459] KDIN
[20:01:01] [332/459] PRFI
[20:01:01] [333/459] SVFC
[20:01:02] [334/459] UCPL
[20:01:04] [335/459] COOC
[20:01:05] [336/459] SCAL
[20:01:06] [337/459] SVFF
[20:01:08] [338/459] VCMG
[20:01:09] [339/459] UUCT
[20:01:10] [340/459] GCSE
[20:01:10] [341/459] SUSC
[20:01:11] [342/459] MISC
[20:01:12] [343/459] RMBL
[20:01:13] [344/459] CMXN
[20:01:14] [345/459] PVBK
[20:01:15] [346/459] HHCG
[20:01:15] [347/459] SCAG
[20:01:16] [348/459] CNPR
[20:01:17] [349/459] CSER
[20:01:18] [350/459] HLWD
[20:01:19] [351/459] BOLY
[20:01:20] [352/459] SSPG
[20:01:22] [353/459] MUPX
[20:01:22] [354/459] HAMR
[20:01:23] [355/459] SDNC
[20:01:24] [356/459] RTEN
[20:01:25] [357/459] SDTD
[20:01:27] [358/459] KAWS
[20:01:28] [359/459] CMZX
[20:01:28] [360/459] DCDD
[20:01:29] [361/459] ALSN
[20:01:30] [362/459] IMXS
[20:01:32] [363/459] PVFF
[20:01:33] [364/459] PVOO
[20:01:34] [365/459] CFBS
[20:01:35] [366/459] PVER
[20:01:35] [367/459] PPNX
[20:01:36] [368/459] CNRM
[20:01:37] [369/459] PVWW
[20:01:38] [370/459] INMB
[20:01:39] [371/459] CPJR
[20:01:39] [372/459] INRZ
[20:01:40] [373/459] PMSR
[20:01:41] [374/459] GPGM
[20:01:42] [375/459] PGWB
[20:01:43] [376/459] PMBR
[20:01:44] [377/459] GPAM
[20:01:44] [378/459] INBC
[20:01:45] [379/459] PZVK
[20:01:46] [380/459] CPEB
[20:01:47] [381/459] FMLB
[20:01:47] [382/459] INBG
[20:01:49] [383/459] GPBR
[20:01:50] [384/459] PAAS
[20:01:50] [385/459] VTBR
[20:01:51] [386/459] GPMY
[20:01:52] [387/459] GYBU
[20:01:53] [388/459] INBJ
[20:01:54] [389/459] LKTH
[20:01:55] [390/459] NSBR
[20:01:56] [391/459] PDRD
[20:01:56] [392/459] VRBL
[20:01:57] [393/459] VTGB
[20:01:58] [394/459] VTSK
[20:01:59] [395/459] BKDV
[20:02:00] [396/459] SVTB
[20:02:00] [397/459] MLDT
[20:02:01] [398/459] NRBL
[20:02:02] [399/459] SLTR
[20:02:03] [400/459] VNKA
[20:02:04] [401/459] TDCA
[20:02:04] [402/459] INBM
[20:02:05] [403/459] SSNR
[20:02:06] [404/459] BHAC
[20:02:07] [405/459] SDSD
[20:02:08] [406/459] SAMP
[20:02:09] [407/459] RATK
[20:02:09] [408/459] KCBI
[20:02:10] [409/459] URBL
[20:02:11] [410/459] MKBG
[20:02:12] [411/459] ASTB
[20:02:12] [412/459] VBWT
[20:02:13] [413/459] GPSM
[20:02:14] [414/459] ROON
[20:02:15] [415/459] CHTH
[20:02:15] [416/459] SSPA
[20:02:16] [417/459] ANBL
[20:02:17] [418/459] VTBE
[20:02:18] [419/459] SVKT
[20:02:18] [420/459] SVYK
[20:02:20] [421/459] PTBK
[20:02:21] [422/459] RKTB
[20:02:22] [423/459] BALT
[20:02:23] [424/459] STSV
[20:02:23] [425/459] VCCB
[20:02:24] [426/459] SLTB
[20:02:25] [427/459] SBCR
[20:02:26] [428/459] VDCS
[20:02:27] [429/459] MDKI
[20:02:28] [430/459] SMRN
[20:02:29] [431/459] PTBC
[20:02:30] [432/459] RADI
[20:02:31] [433/459] ADCR
[20:02:31] [434/459] SDCS
[20:02:32] [435/459] SRPJ
[20:02:33] [436/459] ARTS
[20:02:34] [437/459] SRHK
[20:02:34] [438/459] SPAY
[20:02:36] [439/459] GPTB
[20:02:37] [440/459] SNNN
[20:02:38] [441/459] BALJ
[20:02:39] [442/459] TRIG
[20:02:40] [443/459] GTYT
[20:02:41] [444/459] ATGN
[20:02:41] [445/459] ANTE
[20:02:42] [446/459] BDCG
[20:02:43] [447/459] VECI
[20:02:44] [448/459] SCPR
[20:02:45] [449/459] RTEA
[20:02:45] [450/459] JSAI
[20:02:46] [451/459] VJTP
[20:02:47] [452/459] GNDS
[20:02:48] [453/459] PAXA
[20:02:48] [454/459] CGGM
[20:02:50] [455/459] ACKZ
[20:02:51] [456/459] EMCC
[20:02:52] [457/459] KLSK
[20:02:53] [458/459] AVCK
[20:02:54] [459/459] JTCK
[20:02:54] 🧹 Deduping shows
[20:02:54] ✅ DONE | Shows=1980 | Movies=62
[22:53:54] 🚀 SCRIPT STARTED
[22:53:54] [1/459] NECA
[22:53:54] 🧠 New identity created
[22:53:55] [2/459] BJLC
[22:53:55] [3/459] BASU
[22:53:56] [4/459] RUPI
[22:53:57] [5/459] LCBK
[22:53:59] [6/459] PMAC
[22:54:00] [7/459] AMLC
[22:54:00] [8/459] LICL
[22:54:01] [9/459] UDMM
[22:54:02] [10/459] STBZ
[22:54:03] [11/459] UUBT
[22:54:04] [12/459] SJKC
[22:54:05] [13/459] TUAL
[22:54:05] [14/459] MRSE
[22:54:06] [15/459] RMRK
[22:54:07] [16/459] TTKP
[22:54:08] [17/459] KTKO
[22:54:09] [18/459] SDBK
[22:54:10] [19/459] MCPR
[22:54:11] [20/459] CHTI
[22:54:12] [21/459] GCCP
[22:54:12] [22/459] SRMY
[22:54:13] [23/459] NYST
[22:54:14] [24/459] NYAG
[22:54:15] [25/459] SBMT
[22:54:16] [26/459] INGA
[22:54:17] [27/459] WSIC
[22:54:18] [28/459] SCSS
[22:54:18] [29/459] COPG
[22:54:19] [30/459] RCGR
[22:54:20] [31/459] TCZA
[22:54:21] [32/459] CNLP
[22:54:22] [33/459] CLKN
[22:54:22] [34/459] LHDF
[22:54:23] [35/459] ELKC
[22:54:24] [36/459] VCEM
[22:54:25] [37/459] SSZA
[22:54:26] [38/459] KRMT
[22:54:26] [39/459] LCMV
[22:54:27] [40/459] AYCZ
[22:54:28] [41/459] CUMS
[22:54:29] [42/459] BOCK
[22:54:30] [43/459] PNMR
[22:54:31] [44/459] PJCP
[22:54:32] [45/459] JDDD
[22:54:33] [46/459] STMS
[22:54:34] [47/459] FLMB
[22:54:34] [48/459] PKCM
[22:54:35] [49/459] SPPR
[22:54:36] [50/459] EYLH
[22:54:37] [51/459] RJCC
[22:54:38] [52/459] MMPS
[22:54:38] [53/459] SHMX
[22:54:39] [54/459] CCNL
[22:54:40] [55/459] RCNV
[22:54:41] [56/459] MAAG
[22:54:42] [57/459] LXCM
[22:54:43] [58/459] RCNI
[22:54:43] [59/459] SNNI
[22:54:44] [60/459] LALC
[22:54:45] [61/459] SOCN
[22:54:46] [62/459] JHTP
[22:54:47] [63/459] PITP
[22:54:48] [64/459] CCKW
[22:54:49] [65/459] MCMC
[22:54:50] [66/459] DEES
[22:54:51] [67/459] SABT
[22:54:52] [68/459] VSPP
[22:54:52] [69/459] ABCT
[22:54:53] [70/459] JVTB
[22:54:54] [71/459] VCBD
[22:54:56] [72/459] RMGG
[22:54:57] [73/459] RNMH
[22:54:58] [74/459] SPGL
[22:54:59] [75/459] JTTR
[22:55:00] [76/459] SICS
[22:55:01] [77/459] SRMI
[22:55:02] [78/459] SSIJ
[22:55:02] [79/459] KFMT
[22:55:03] [80/459] VBIT
[22:55:05] [81/459] JKCT
[22:55:06] [82/459] GCGP
[22:55:07] [83/459] GDCS
[22:55:08] [84/459] TRBA
[22:55:09] [85/459] QUST
[22:55:09] [86/459] VSHM
[22:55:10] [87/459] SDCP
[22:55:11] [88/459] SNVS
[22:55:12] [89/459] NYTO
[22:55:13] [90/459] URWC
[22:55:14] [91/459] GTWH
[22:55:14] [92/459] PFCM
[22:55:15] [93/459] KRTA
[22:55:16] [94/459] AXMC
[22:55:17] [95/459] EVMC
[22:55:17] [96/459] HGSM
[22:55:18] [97/459] ACVM
[22:55:19] [98/459] PSKL
[22:55:20] [99/459] RDMP
[22:55:21] [100/459] RHGH
[22:55:22] [101/459] OMCM
[22:55:23] [102/459] DCCP
[22:55:24] [103/459] MCPB
[22:55:25] [104/459] ALCI
[22:55:25] [105/459] BLMX
[22:55:26] [106/459] BTMV
[22:55:27] [107/459] FVPN
[22:55:28] [108/459] CMAR
[22:55:29] [109/459] CEIM
[22:55:30] [110/459] CMVA
[22:55:30] [111/459] CPIV
[22:55:31] [112/459] CNPE
[22:55:33] [113/459] COLV
[22:55:34] [114/459] DNNV
[22:55:35] [115/459] HCAD
[22:55:36] [116/459] TAKA
[22:55:37] [117/459] INVD
[22:55:38] [118/459] IRMM
[22:55:39] [119/459] INSE
[22:55:40] [120/459] MRSW
[22:55:41] [121/459] MCVD
[22:55:41] [122/459] MCSO
[22:55:42] [123/459] PEVM
[22:55:43] [124/459] PVNL
[22:55:45] [125/459] PTCV
[22:55:45] [126/459] PRTC
[22:55:46] [127/459] RCVA
[22:55:47] [128/459] MTBN
[22:55:48] [129/459] LUCP
[22:55:49] [130/459] FMPT
[22:55:49] [131/459] JLSL
[22:55:50] [132/459] SBHA
[22:55:51] [133/459] SHRC
[22:55:53] [134/459] AVPS
[22:55:53] [135/459] STPM
[22:55:54] [136/459] ATRD
[22:55:55] [137/459] VTED
[22:55:56] [138/459] ACAI
[22:55:57] [139/459] SMAE
[22:55:58] [140/459] VMAT
[22:55:58] [141/459] LKCT
[22:55:59] [142/459] JTVK
[22:56:00] [143/459] PRTY
[22:56:01] [144/459] GETT
[22:56:01] [145/459] ESAP
[22:56:02] [146/459] NCPM
[22:56:03] [147/459] PCPA
[22:56:04] [148/459] MMOM
[22:56:04] [149/459] PHUP
[22:56:05] [150/459] CCPI
[22:56:06] [151/459] CNTD
[22:56:07] [152/459] NLJR
[22:56:08] [153/459] SRNG
[22:56:09] [154/459] MHAL
[22:56:09] [155/459] PNSM
[22:56:10] [156/459] DRMY
[22:56:11] [157/459] CCMU
[22:56:11] [158/459] SCMY
[22:56:12] [159/459] PVSY
[22:56:13] [160/459] SDLM
[22:56:15] [161/459] ICCM
[22:56:15] [162/459] PYSU
[22:56:16] [163/459] GATM
[22:56:17] [164/459] WOTM
[22:56:18] [165/459] RKTS
[22:56:19] [166/459] PMTY
[22:56:19] [167/459] LYMS
[22:56:20] [168/459] TGCA
[22:56:21] [169/459] DSTA
[22:56:22] [170/459] CNGE
[22:56:23] [171/459] VSTG
[22:56:24] [172/459] GTCK
[22:56:25] [173/459] TGNT
[22:56:26] [174/459] ASLC
[22:56:27] [175/459] SSST
[22:56:28] [176/459] KBTT
[22:56:29] [177/459] HKCP
[22:56:30] [178/459] SWLC
[22:56:31] [179/459] RTND
[22:56:32] [180/459] PKKT
[22:56:33] [181/459] HSTK
[22:56:34] [182/459] SPTT
[22:56:35] [183/459] IMPM
[22:56:36] [184/459] SCMV
[22:56:36] [185/459] SPCT
[22:56:37] [186/459] JBCA
[22:56:39] [187/459] ATTR
[22:56:39] [188/459] SPMT
[22:56:40] [189/459] LCTM
[22:56:41] [190/459] SCVL
[22:56:42] [191/459] SCVT
[22:56:43] [192/459] KRIC
[22:56:45] [193/459] CTMG
[22:56:45] [194/459] ACNC
[22:56:46] [195/459] DMCK
[22:56:47] [196/459] KMTV
[22:56:48] [197/459] PFCJ
[22:56:49] [198/459] VNMD
[22:56:49] [199/459] VPCZ
[22:56:51] [200/459] SRYR
[22:56:52] [201/459] SYTR
[22:56:53] [202/459] GATR
[22:56:54] [203/459] URTR
[22:56:55] [204/459] MKSM
[22:56:55] [205/459] VSMH
[22:56:56] [206/459] SKRJ
[22:56:58] [207/459] SSJR
[22:56:59] [208/459] SVSM
[22:57:00] [209/459] RUCM
[22:57:01] [210/459] PRKN
[22:57:01] [211/459] RROH
[22:57:02] [212/459] SCTN
[22:57:03] [213/459] RTDM
[22:57:04] [214/459] ASRM
[22:57:05] [215/459] SKMD
[22:57:05] [216/459] SUTD
[22:57:06] [217/459] SADM
[22:57:07] [218/459] WCNR
[22:57:08] [219/459] CNED
[22:57:09] [220/459] MPDB
[22:57:09] [221/459] KTBH
[22:57:10] [222/459] IDRM
[22:57:11] [223/459] PJJT
[22:57:11] [224/459] PFCV
[22:57:12] [225/459] AACT
[22:57:13] [226/459] AAAD
[22:57:14] [227/459] ANES
[22:57:14] [228/459] MNCA
[22:57:15] [229/459] RMGU
[22:57:16] [230/459] DLCN
[22:57:17] [231/459] LJWT
[22:57:18] [232/459] MCBG
[22:57:18] [233/459] MYBG
[22:57:19] [234/459] GCCA
[22:57:20] [235/459] GCGA
[22:57:21] [236/459] ECGN
[22:57:21] [237/459] PRAB
[22:57:22] [238/459] PNMP
[22:57:23] [239/459] GCPT
[22:57:24] [240/459] ROYN
[22:57:25] [241/459] VATM
[22:57:26] [242/459] KSNT
[22:57:27] [243/459] ACTC
[22:57:27] [244/459] PLTD
[22:57:29] [245/459] SKMK
[22:57:30] [246/459] CMTT
[22:57:31] [247/459] SMXP
[22:57:32] [248/459] SCMX
[22:57:33] [249/459] ACXN
[22:57:34] [250/459] ASWT
[22:57:34] [251/459] VVVL
[22:57:35] [252/459] NAGO
[22:57:36] [253/459] SNCN
[22:57:37] [254/459] MCKP
[22:57:37] [255/459] SAMO
[22:57:38] [256/459] JBTV
[22:57:39] [257/459] DCVV
[22:57:40] [258/459] KMSV
[22:57:40] [259/459] KDCN
[22:57:41] [260/459] CNCP
[22:57:42] [261/459] HAMC
[22:57:43] [262/459] CCVZ
[22:57:44] [263/459] NCCK
[22:57:44] [264/459] MCHR
[22:57:45] [265/459] SCHT
[22:57:46] [266/459] ESSH
[22:57:47] [267/459] CUJC
[22:57:47] [268/459] PECP
[22:57:48] [269/459] PMMI
[22:57:49] [270/459] PCCH
[22:57:50] [271/459] PRPM
[22:57:51] [272/459] PVKL
[22:57:52] [273/459] CBSM
[22:57:53] [274/459] PVCZ
[22:57:55] [275/459] PCVV
[22:57:56] [276/459] CTMJ
[22:57:57] [277/459] RCPS
[22:57:58] [278/459] PCIT
[22:57:58] [279/459] FNCH
[22:57:59] [280/459] INZD
[22:58:00] [281/459] INPC
[22:58:01] [282/459] LCZP
[22:58:01] [283/459] SMCB
[22:58:02] [284/459] PTSB
[22:58:03] [285/459] TPSI
[22:58:04] [286/459] KHMJ
[22:58:05] [287/459] RCCJ
[22:58:06] [288/459] NCJA
[22:58:08] [289/459] NCJN
[22:58:08] [290/459] BTDP
[22:58:09] [291/459] PADY
[22:58:10] [292/459] NYBH
[22:58:11] [293/459] MTBR
[22:58:12] [294/459] KRBC
[22:58:12] [295/459] DKTI
[22:58:13] [296/459] ANAN
[22:58:14] [297/459] INBP
[22:58:15] [298/459] PATB
[22:58:16] [299/459] RGNT
[22:58:17] [300/459] CGPM
[22:58:18] [301/459] INTN
[22:58:19] [302/459] MCMP
[22:58:20] [303/459] ASRG
[22:58:21] [304/459] CXJD
[22:58:21] [305/459] SPCP
[22:58:22] [306/459] CSTP
[22:58:23] [307/459] PKVC
[22:58:24] [308/459] ESCP
[22:58:25] [309/459] CAEP
[22:58:26] [310/459] CCSP
[22:58:27] [311/459] KTPC
[22:58:28] [312/459] DACA
[22:58:28] [313/459] NVKY
[22:58:29] [314/459] PTIN
[22:58:30] [315/459] SCIN
[22:58:31] [316/459] MCTY
[22:58:32] [317/459] PCMX
[22:58:32] [318/459] INIC
[22:58:33] [319/459] MMZM
[22:58:35] [320/459] SSLP
[22:58:35] [321/459] DTDT
[22:58:36] [322/459] FFCX
[22:58:37] [323/459] RCMM
[22:58:38] [324/459] KYID
[22:58:38] [325/459] CSCI
[22:58:39] [326/459] FCMC
[22:58:40] [327/459] MMXI
[22:58:41] [328/459] ASTC
[22:58:42] [329/459] CMRA
[22:58:43] [330/459] DICI
[22:58:44] [331/459] KDIN
[22:58:44] [332/459] PRFI
[22:58:45] [333/459] SVFC
[22:58:46] [334/459] UCPL
[22:58:47] [335/459] COOC
[22:58:48] [336/459] SCAL
[22:58:49] [337/459] SVFF
[22:58:49] [338/459] VCMG
[22:58:51] [339/459] UUCT
[22:58:51] [340/459] GCSE
[22:58:52] [341/459] SUSC
[22:58:53] [342/459] MISC
[22:58:54] [343/459] RMBL
[22:58:55] [344/459] CMXN
[22:58:55] [345/459] PVBK
[22:58:56] [346/459] HHCG
[22:58:57] [347/459] SCAG
[22:58:58] [348/459] CNPR
[22:58:59] [349/459] CSER
[22:59:01] [350/459] HLWD
[22:59:01] [351/459] BOLY
[22:59:02] [352/459] SSPG
[22:59:03] [353/459] MUPX
[22:59:04] [354/459] HAMR
[22:59:04] [355/459] SDNC
[22:59:06] [356/459] RTEN
[22:59:06] [357/459] SDTD
[22:59:07] [358/459] KAWS
[22:59:08] [359/459] CMZX
[22:59:09] [360/459] DCDD
[22:59:10] [361/459] ALSN
[22:59:10] [362/459] IMXS
[22:59:11] [363/459] PVFF
[22:59:12] [364/459] PVOO
[22:59:13] [365/459] CFBS
[22:59:14] [366/459] PVER
[22:59:15] [367/459] PPNX
[22:59:16] [368/459] CNRM
[22:59:17] [369/459] PVWW
[22:59:18] [370/459] INMB
[22:59:19] [371/459] CPJR
[22:59:20] [372/459] INRZ
[22:59:21] [373/459] PMSR
[22:59:22] [374/459] GPGM
[22:59:23] [375/459] PGWB
[22:59:24] [376/459] PMBR
[22:59:24] [377/459] GPAM
[22:59:25] [378/459] INBC
[22:59:26] [379/459] PZVK
[22:59:27] [380/459] CPEB
[22:59:28] [381/459] FMLB
[22:59:28] [382/459] INBG
[22:59:29] [383/459] GPBR
[22:59:30] [384/459] PAAS
[22:59:31] [385/459] VTBR
[22:59:32] [386/459] GPMY
[22:59:33] [387/459] GYBU
[22:59:34] [388/459] INBJ
[22:59:35] [389/459] LKTH
[22:59:36] [390/459] NSBR
[22:59:36] [391/459] PDRD
[22:59:37] [392/459] VRBL
[22:59:38] [393/459] VTGB
[22:59:39] [394/459] VTSK
[22:59:40] [395/459] BKDV
[22:59:41] [396/459] SVTB
[22:59:42] [397/459] MLDT
[22:59:43] [398/459] NRBL
[22:59:44] [399/459] SLTR
[22:59:45] [400/459] VNKA
[22:59:46] [401/459] TDCA
[22:59:47] [402/459] INBM
[22:59:48] [403/459] SSNR
[22:59:50] [404/459] BHAC
[22:59:51] [405/459] SDSD
[22:59:52] [406/459] SAMP
[22:59:53] [407/459] RATK
[22:59:53] [408/459] KCBI
[22:59:55] [409/459] URBL
[22:59:55] [410/459] MKBG
[22:59:57] [411/459] ASTB
[22:59:58] [412/459] VBWT
[22:59:58] [413/459] GPSM
[22:59:59] [414/459] ROON
[23:00:00] [415/459] CHTH
[23:00:01] [416/459] SSPA
[23:00:01] [417/459] ANBL
[23:00:02] [418/459] VTBE
[23:00:03] [419/459] SVKT
[23:00:04] [420/459] SVYK
[23:00:05] [421/459] PTBK
[23:00:06] [422/459] RKTB
[23:00:06] [423/459] BALT
[23:00:08] [424/459] STSV
[23:00:08] [425/459] VCCB
[23:00:09] [426/459] SLTB
[23:00:10] [427/459] SBCR
[23:00:11] [428/459] VDCS
[23:00:11] [429/459] MDKI
[23:00:12] [430/459] SMRN
[23:00:13] [431/459] PTBC
[23:00:14] [432/459] RADI
[23:00:14] [433/459] ADCR
[23:00:16] [434/459] SDCS
[23:00:17] [435/459] SRPJ
[23:00:18] [436/459] ARTS
[23:00:19] [437/459] SRHK
[23:00:20] [438/459] SPAY
[23:00:21] [439/459] GPTB
[23:00:21] [440/459] SNNN
[23:00:22] [441/459] BALJ
[23:00:23] [442/459] TRIG
[23:00:24] [443/459] GTYT
[23:00:25] [444/459] ATGN
[23:00:25] [445/459] ANTE
[23:00:26] [446/459] BDCG
[23:00:27] [447/459] VECI
[23:00:28] [448/459] SCPR
[23:00:28] [449/459] RTEA
[23:00:29] [450/459] JSAI
[23:00:30] [451/459] VJTP
[23:00:31] [452/459] GNDS
[23:00:32] [453/459] PAXA
[23:00:32] [454/459] CGGM
[23:00:33] [455/459] ACKZ
[23:00:34] [456/459] EMCC
[23:00:35] [457/459] KLSK
[23:00:36] [458/459] AVCK
[23:00:36] [459/459] JTCK
[23:00:38] 🧹 Deduping shows
[23:00:38] ✅ DONE | Shows=2570 | Movies=65
[02:55:04] 🚀 SCRIPT STARTED
[02:55:04] [1/459] NECA
[02:55:04] 🧠 New identity created
[02:55:05] [2/459] BJLC
[02:55:06] [3/459] BASU
[02:55:06] [4/459] RUPI
[02:55:07] [5/459] LCBK
[02:55:08] [6/459] PMAC
[02:55:09] [7/459] AMLC
[02:55:10] [8/459] LICL
[02:55:10] [9/459] UDMM
[02:55:11] [10/459] STBZ
[02:55:12] [11/459] UUBT
[02:55:13] [12/459] SJKC
[02:55:14] [13/459] TUAL
[02:55:15] [14/459] MRSE
[02:55:15] [15/459] RMRK
[02:55:16] [16/459] TTKP
[02:55:17] [17/459] KTKO
[02:55:18] [18/459] SDBK
[02:55:19] [19/459] MCPR
[02:55:20] [20/459] CHTI
[02:55:21] [21/459] GCCP
[02:55:21] [22/459] SRMY
[02:55:22] [23/459] NYST
[02:55:23] [24/459] NYAG
[02:55:25] [25/459] SBMT
[02:55:25] [26/459] INGA
[02:55:26] [27/459] WSIC
[02:55:27] [28/459] SCSS
[02:55:28] [29/459] COPG
[02:55:29] [30/459] RCGR
[02:55:30] [31/459] TCZA
[02:55:30] [32/459] CNLP
[02:55:31] [33/459] CLKN
[02:55:32] [34/459] LHDF
[02:55:33] [35/459] ELKC
[02:55:34] [36/459] VCEM
[02:55:35] [37/459] SSZA
[02:55:35] [38/459] KRMT
[02:55:36] [39/459] LCMV
[02:55:37] [40/459] AYCZ
[02:55:38] [41/459] CUMS
[02:55:39] [42/459] BOCK
[02:55:40] [43/459] PNMR
[02:55:40] [44/459] PJCP
[02:55:41] [45/459] JDDD
[02:55:42] [46/459] STMS
[02:55:43] [47/459] FLMB
[02:55:43] [48/459] PKCM
[02:55:44] [49/459] SPPR
[02:55:45] [50/459] EYLH
[02:55:46] [51/459] RJCC
[02:55:47] [52/459] MMPS
[02:55:48] [53/459] SHMX
[02:55:49] [54/459] CCNL
[02:55:50] [55/459] RCNV
[02:55:51] [56/459] MAAG
[02:55:51] [57/459] LXCM
[02:55:52] [58/459] RCNI
[02:55:53] [59/459] SNNI
[02:55:54] [60/459] LALC
[02:55:55] [61/459] SOCN
[02:55:56] [62/459] JHTP
[02:55:57] [63/459] PITP
[02:55:57] [64/459] CCKW
[02:55:58] [65/459] MCMC
[02:55:59] [66/459] DEES
[02:56:00] [67/459] SABT
[02:56:01] [68/459] VSPP
[02:56:01] [69/459] ABCT
[02:56:02] [70/459] JVTB
[02:56:03] [71/459] VCBD
[02:56:05] [72/459] RMGG
[02:56:06] [73/459] RNMH
[02:56:06] [74/459] SPGL
[02:56:07] [75/459] JTTR
[02:56:08] [76/459] SICS
[02:56:09] [77/459] SRMI
[02:56:09] [78/459] SSIJ
[02:56:10] [79/459] KFMT
[02:56:11] [80/459] VBIT
[02:56:12] [81/459] JKCT
[02:56:13] [82/459] GCGP
[02:56:14] [83/459] GDCS
[02:56:14] [84/459] TRBA
[02:56:16] [85/459] QUST
[02:56:17] [86/459] VSHM
[02:56:18] [87/459] SDCP
[02:56:19] [88/459] SNVS
[02:56:20] [89/459] NYTO
[02:56:21] [90/459] URWC
[02:56:22] [91/459] GTWH
[02:56:23] [92/459] PFCM
[02:56:23] [93/459] KRTA
[02:56:24] [94/459] AXMC
[02:56:25] [95/459] EVMC
[02:56:26] [96/459] HGSM
[02:56:27] [97/459] ACVM
[02:56:28] [98/459] PSKL
[02:56:29] [99/459] RDMP
[02:56:30] [100/459] RHGH
[02:56:31] [101/459] OMCM
[02:56:31] [102/459] DCCP
[02:56:32] [103/459] MCPB
[02:56:33] [104/459] ALCI
[02:56:34] [105/459] BLMX
[02:56:35] [106/459] BTMV
[02:56:36] [107/459] FVPN
[02:56:37] [108/459] CMAR
[02:56:38] [109/459] CEIM
[02:56:38] [110/459] CMVA
[02:56:39] [111/459] CPIV
[02:56:40] [112/459] CNPE
[02:56:41] [113/459] COLV
[02:56:42] [114/459] DNNV
[02:56:42] [115/459] HCAD
[02:56:43] [116/459] TAKA
[02:56:44] [117/459] INVD
[02:56:46] [118/459] IRMM
[02:56:47] [119/459] INSE
[02:56:48] [120/459] MRSW
[02:56:48] [121/459] MCVD
[02:56:49] [122/459] MCSO
[02:56:50] [123/459] PEVM
[02:56:51] [124/459] PVNL
[02:56:52] [125/459] PTCV
[02:56:53] [126/459] PRTC
[02:56:54] [127/459] RCVA
[02:56:54] [128/459] MTBN
[02:56:55] [129/459] LUCP
[02:56:56] [130/459] FMPT
[02:56:57] [131/459] JLSL
[02:56:57] [132/459] SBHA
[02:56:58] [133/459] SHRC
[02:56:59] [134/459] AVPS
[02:57:00] [135/459] STPM
[02:57:01] [136/459] ATRD
[02:57:02] [137/459] VTED
[02:57:03] [138/459] ACAI
[02:57:04] [139/459] SMAE
[02:57:05] [140/459] VMAT
[02:57:06] [141/459] LKCT
[02:57:07] [142/459] JTVK
[02:57:08] [143/459] PRTY
[02:57:09] [144/459] GETT
[02:57:10] [145/459] ESAP
[02:57:10] [146/459] NCPM
[02:57:11] [147/459] PCPA
[02:57:13] [148/459] MMOM
[02:57:13] [149/459] PHUP
[02:57:14] [150/459] CCPI
[02:57:15] [151/459] CNTD
[02:57:16] [152/459] NLJR
[02:57:17] [153/459] SRNG
[02:57:18] [154/459] MHAL
[02:57:18] [155/459] PNSM
[02:57:19] [156/459] DRMY
[02:57:20] [157/459] CCMU
[02:57:21] [158/459] SCMY
[02:57:21] [159/459] PVSY
[02:57:22] [160/459] SDLM
[02:57:23] [161/459] ICCM
[02:57:24] [162/459] PYSU
[02:57:26] [163/459] GATM
[02:57:26] [164/459] WOTM
[02:57:27] [165/459] RKTS
[02:57:28] [166/459] PMTY
[02:57:29] [167/459] LYMS
[02:57:30] [168/459] TGCA
[02:57:31] [169/459] DSTA
[02:57:32] [170/459] CNGE
[02:57:32] [171/459] VSTG
[02:57:33] [172/459] GTCK
[02:57:34] [173/459] TGNT
[02:57:35] [174/459] ASLC
[02:57:36] [175/459] SSST
[02:57:37] [176/459] KBTT
[02:57:39] [177/459] HKCP
[02:57:39] [178/459] SWLC
[02:57:40] [179/459] RTND
[02:57:41] [180/459] PKKT
[02:57:42] [181/459] HSTK
[02:57:43] [182/459] SPTT
[02:57:43] [183/459] IMPM
[02:57:44] [184/459] SCMV
[02:57:45] [185/459] SPCT
[02:57:46] [186/459] JBCA
[02:57:47] [187/459] ATTR
[02:57:48] [188/459] SPMT
[02:57:48] [189/459] LCTM
[02:57:50] [190/459] SCVL
[02:57:51] [191/459] SCVT
[02:57:52] [192/459] KRIC
[02:57:53] [193/459] CTMG
[02:57:53] [194/459] ACNC
[02:57:54] [195/459] DMCK
[02:57:55] [196/459] KMTV
[02:57:56] [197/459] PFCJ
[02:57:57] [198/459] VNMD
[02:57:58] [199/459] VPCZ
[02:57:58] [200/459] SRYR
[02:57:59] [201/459] SYTR
[02:58:00] [202/459] GATR
[02:58:01] [203/459] URTR
[02:58:03] [204/459] MKSM
[02:58:04] [205/459] VSMH
[02:58:06] [206/459] SKRJ
[02:58:06] [207/459] SSJR
[02:58:07] [208/459] SVSM
[02:58:08] [209/459] RUCM
[02:58:09] [210/459] PRKN
[02:58:10] [211/459] RROH
[02:58:10] [212/459] SCTN
[02:58:11] [213/459] RTDM
[02:58:12] [214/459] ASRM
[02:58:14] [215/459] SKMD
[02:58:14] [216/459] SUTD
[02:58:15] [217/459] SADM
[02:58:16] [218/459] WCNR
[02:58:17] [219/459] CNED
[02:58:18] [220/459] MPDB
[02:58:19] [221/459] KTBH
[02:58:20] [222/459] IDRM
[02:58:21] [223/459] PJJT
[02:58:22] [224/459] PFCV
[02:58:22] [225/459] AACT
[02:58:23] [226/459] AAAD
[02:58:24] [227/459] ANES
[02:58:25] [228/459] MNCA
[02:58:26] [229/459] RMGU
[02:58:26] [230/459] DLCN
[02:58:27] [231/459] LJWT
[02:58:28] [232/459] MCBG
[02:58:29] [233/459] MYBG
[02:58:30] [234/459] GCCA
[02:58:30] [235/459] GCGA
[02:58:31] [236/459] ECGN
[02:58:32] [237/459] PRAB
[02:58:33] [238/459] PNMP
[02:58:33] [239/459] GCPT
[02:58:34] [240/459] ROYN
[02:58:35] [241/459] VATM
[02:58:36] [242/459] KSNT
[02:58:37] [243/459] ACTC
[02:58:38] [244/459] PLTD
[02:58:39] [245/459] SKMK
[02:58:39] [246/459] CMTT
[02:58:40] [247/459] SMXP
[02:58:41] [248/459] SCMX
[02:58:42] [249/459] ACXN
[02:58:42] [250/459] ASWT
[02:58:43] [251/459] VVVL
[02:58:44] [252/459] NAGO
[02:58:45] [253/459] SNCN
[02:58:46] [254/459] MCKP
[02:58:47] [255/459] SAMO
[02:58:47] [256/459] JBTV
[02:58:48] [257/459] DCVV
[02:58:49] [258/459] KMSV
[02:58:50] [259/459] KDCN
[02:58:51] [260/459] CNCP
[02:58:52] [261/459] HAMC
[02:58:52] [262/459] CCVZ
[02:58:53] [263/459] NCCK
[02:58:54] [264/459] MCHR
[02:58:55] [265/459] SCHT
[02:58:56] [266/459] ESSH
[02:58:56] [267/459] CUJC
[02:58:57] [268/459] PECP
[02:58:58] [269/459] PMMI
[02:58:59] [270/459] PCCH
[02:59:00] [271/459] PRPM
[02:59:00] [272/459] PVKL
[02:59:01] [273/459] CBSM
[02:59:02] [274/459] PVCZ
[02:59:03] [275/459] PCVV
[02:59:04] [276/459] CTMJ
[02:59:05] [277/459] RCPS
[02:59:06] [278/459] PCIT
[02:59:06] [279/459] FNCH
[02:59:07] [280/459] INZD
[02:59:08] [281/459] INPC
[02:59:09] [282/459] LCZP
[02:59:10] [283/459] SMCB
[02:59:10] [284/459] PTSB
[02:59:11] [285/459] TPSI
[02:59:12] [286/459] KHMJ
[02:59:13] [287/459] RCCJ
[02:59:14] [288/459] NCJA
[02:59:16] [289/459] NCJN
[02:59:16] [290/459] BTDP
[02:59:17] [291/459] PADY
[02:59:18] [292/459] NYBH
[02:59:19] [293/459] MTBR
[02:59:20] [294/459] KRBC
[02:59:21] [295/459] DKTI
[02:59:22] [296/459] ANAN
[02:59:22] [297/459] INBP
[02:59:23] [298/459] PATB
[02:59:24] [299/459] RGNT
[02:59:25] [300/459] CGPM
[02:59:26] [301/459] INTN
[02:59:27] [302/459] MCMP
[02:59:28] [303/459] ASRG
[02:59:29] [304/459] CXJD
[02:59:30] [305/459] SPCP
[02:59:31] [306/459] CSTP
[02:59:32] [307/459] PKVC
[02:59:33] [308/459] ESCP
[02:59:33] [309/459] CAEP
[02:59:34] [310/459] CCSP
[02:59:35] [311/459] KTPC
[02:59:36] [312/459] DACA
[02:59:37] [313/459] NVKY
[02:59:37] [314/459] PTIN
[02:59:38] [315/459] SCIN
[02:59:39] [316/459] MCTY
[02:59:40] [317/459] PCMX
[02:59:41] [318/459] INIC
[02:59:41] [319/459] MMZM
[02:59:42] [320/459] SSLP
[02:59:43] [321/459] DTDT
[02:59:44] [322/459] FFCX
[02:59:45] [323/459] RCMM
[02:59:46] [324/459] KYID
[02:59:47] [325/459] CSCI
[02:59:47] [326/459] FCMC
[02:59:48] [327/459] MMXI
[02:59:49] [328/459] ASTC
[02:59:50] [329/459] CMRA
[02:59:51] [330/459] DICI
[02:59:51] [331/459] KDIN
[02:59:52] [332/459] PRFI
[02:59:53] [333/459] SVFC
[02:59:54] [334/459] UCPL
[02:59:55] [335/459] COOC
[02:59:55] [336/459] SCAL
[02:59:56] [337/459] SVFF
[02:59:57] [338/459] VCMG
[02:59:58] [339/459] UUCT
[02:59:59] [340/459] GCSE
[03:00:00] [341/459] SUSC
[03:00:00] [342/459] MISC
[03:00:01] [343/459] RMBL
[03:00:02] [344/459] CMXN
[03:00:02] [345/459] PVBK
[03:00:03] [346/459] HHCG
[03:00:04] [347/459] SCAG
[03:00:05] [348/459] CNPR
[03:00:06] [349/459] CSER
[03:00:06] [350/459] HLWD
[03:00:07] [351/459] BOLY
[03:00:09] [352/459] SSPG
[03:00:10] [353/459] MUPX
[03:00:11] [354/459] HAMR
[03:00:11] [355/459] SDNC
[03:00:12] [356/459] RTEN
[03:00:13] [357/459] SDTD
[03:00:14] [358/459] KAWS
[03:00:15] [359/459] CMZX
[03:00:16] [360/459] DCDD
[03:00:17] [361/459] ALSN
[03:00:18] [362/459] IMXS
[03:00:19] [363/459] PVFF
[03:00:19] [364/459] PVOO
[03:00:20] [365/459] CFBS
[03:00:21] [366/459] PVER
[03:00:22] [367/459] PPNX
[03:00:24] [368/459] CNRM
[03:00:24] [369/459] PVWW
[03:00:25] [370/459] INMB
[03:00:26] [371/459] CPJR
[03:00:27] [372/459] INRZ
[03:00:27] [373/459] PMSR
[03:00:28] [374/459] GPGM
[03:00:29] [375/459] PGWB
[03:00:30] [376/459] PMBR
[03:00:31] [377/459] GPAM
[03:00:32] [378/459] INBC
[03:00:33] [379/459] PZVK
[03:00:34] [380/459] CPEB
[03:00:35] [381/459] FMLB
[03:00:35] [382/459] INBG
[03:00:36] [383/459] GPBR
[03:00:37] [384/459] PAAS
[03:00:38] [385/459] VTBR
[03:00:39] [386/459] GPMY
[03:00:39] [387/459] GYBU
[03:00:40] [388/459] INBJ
[03:00:41] [389/459] LKTH
[03:00:42] [390/459] NSBR
[03:00:43] [391/459] PDRD
[03:00:43] [392/459] VRBL
[03:00:45] [393/459] VTGB
[03:00:46] [394/459] VTSK
[03:00:47] [395/459] BKDV
[03:00:47] [396/459] SVTB
[03:00:48] [397/459] MLDT
[03:00:49] [398/459] NRBL
[03:00:50] [399/459] SLTR
[03:00:51] [400/459] VNKA
[03:00:52] [401/459] TDCA
[03:00:52] [402/459] INBM
[03:00:53] [403/459] SSNR
[03:00:54] [404/459] BHAC
[03:00:55] [405/459] SDSD
[03:00:56] [406/459] SAMP
[03:00:57] [407/459] RATK
[03:00:57] [408/459] KCBI
[03:00:58] [409/459] URBL
[03:00:59] [410/459] MKBG
[03:01:00] [411/459] ASTB
[03:01:00] [412/459] VBWT
[03:01:01] [413/459] GPSM
[03:01:02] [414/459] ROON
[03:01:03] [415/459] CHTH
[03:01:04] [416/459] SSPA
[03:01:05] [417/459] ANBL
[03:01:06] [418/459] VTBE
[03:01:06] [419/459] SVKT
[03:01:08] [420/459] SVYK
[03:01:08] [421/459] PTBK
[03:01:09] [422/459] RKTB
[03:01:10] [423/459] BALT
[03:01:11] [424/459] STSV
[03:01:12] [425/459] VCCB
[03:01:13] [426/459] SLTB
[03:01:14] [427/459] SBCR
[03:01:15] [428/459] VDCS
[03:01:16] [429/459] MDKI
[03:01:17] [430/459] SMRN
[03:01:18] [431/459] PTBC
[03:01:19] [432/459] RADI
[03:01:19] [433/459] ADCR
[03:01:20] [434/459] SDCS
[03:01:21] [435/459] SRPJ
[03:01:22] [436/459] ARTS
[03:01:23] [437/459] SRHK
[03:01:25] [438/459] SPAY
[03:01:25] [439/459] GPTB
[03:01:26] [440/459] SNNN
[03:01:27] [441/459] BALJ
[03:01:28] [442/459] TRIG
[03:01:29] [443/459] GTYT
[03:01:30] [444/459] ATGN
[03:01:30] [445/459] ANTE
[03:01:31] [446/459] BDCG
[03:01:32] [447/459] VECI
[03:01:33] [448/459] SCPR
[03:01:34] [449/459] RTEA
[03:01:34] [450/459] JSAI
[03:01:35] [451/459] VJTP
[03:01:36] [452/459] GNDS
[03:01:37] [453/459] PAXA
[03:01:37] [454/459] CGGM
[03:01:38] [455/459] ACKZ
[03:01:39] [456/459] EMCC
[03:01:40] [457/459] KLSK
[03:01:41] [458/459] AVCK
[03:01:41] [459/459] JTCK
[03:01:42] 🧹 Deduping shows
[03:01:42] ✅ DONE | Shows=2742 | Movies=65
[04:56:10] 🚀 SCRIPT STARTED
[04:56:10] [1/459] NECA
[04:56:10] 🧠 New identity created
[04:56:11] [2/459] BJLC
[04:56:12] [3/459] BASU
[04:56:13] [4/459] RUPI
[04:56:14] [5/459] LCBK
[04:56:15] [6/459] PMAC
[04:56:15] [7/459] AMLC
[04:56:16] [8/459] LICL
[04:56:17] [9/459] UDMM
[04:56:18] [10/459] STBZ
[04:56:19] [11/459] UUBT
[04:56:20] [12/459] SJKC
[04:56:21] [13/459] TUAL
[04:56:22] [14/459] MRSE
[04:56:23] [15/459] RMRK
[04:56:23] [16/459] TTKP
[04:56:25] [17/459] KTKO
[04:56:27] [18/459] SDBK
[04:56:28] [19/459] MCPR
[04:56:29] [20/459] CHTI
[04:56:30] [21/459] GCCP
[04:56:31] [22/459] SRMY
[04:56:31] [23/459] NYST
[04:56:32] [24/459] NYAG
[04:56:34] [25/459] SBMT
[04:56:35] [26/459] INGA
[04:56:36] [27/459] WSIC
[04:56:37] [28/459] SCSS
[04:56:38] [29/459] COPG
[04:56:39] [30/459] RCGR
[04:56:39] [31/459] TCZA
[04:56:40] [32/459] CNLP
[04:56:41] [33/459] CLKN
[04:56:42] [34/459] LHDF
[04:56:43] [35/459] ELKC
[04:56:44] [36/459] VCEM
[04:56:44] [37/459] SSZA
[04:56:45] [38/459] KRMT
[04:56:47] [39/459] LCMV
[04:56:48] [40/459] AYCZ
[04:56:48] [41/459] CUMS
[04:56:49] [42/459] BOCK
[04:56:51] [43/459] PNMR
[04:56:52] [44/459] PJCP
[04:56:53] [45/459] JDDD
[04:56:54] [46/459] STMS
[04:56:55] [47/459] FLMB
[04:56:56] [48/459] PKCM
[04:56:57] [49/459] SPPR
[04:56:58] [50/459] EYLH
[04:56:59] [51/459] RJCC
[04:57:00] [52/459] MMPS
[04:57:02] [53/459] SHMX
[04:57:03] [54/459] CCNL
[04:57:04] [55/459] RCNV
[04:57:04] [56/459] MAAG
[04:57:05] [57/459] LXCM
[04:57:06] [58/459] RCNI
[04:57:07] [59/459] SNNI
[04:57:08] [60/459] LALC
[04:57:09] [61/459] SOCN
[04:57:10] [62/459] JHTP
[04:57:10] [63/459] PITP
[04:57:11] [64/459] CCKW
[04:57:12] [65/459] MCMC
[04:57:13] [66/459] DEES
[04:57:14] [67/459] SABT
[04:57:15] [68/459] VSPP
[04:57:15] [69/459] ABCT
[04:57:16] [70/459] JVTB
[04:57:17] [71/459] VCBD
[04:57:18] [72/459] RMGG
[04:57:20] [73/459] RNMH
[04:57:21] [74/459] SPGL
[04:57:22] [75/459] JTTR
[04:57:23] [76/459] SICS
[04:57:24] [77/459] SRMI
[04:57:25] [78/459] SSIJ
[04:57:26] [79/459] KFMT
[04:57:27] [80/459] VBIT
[04:57:28] [81/459] JKCT
[04:57:29] [82/459] GCGP
[04:57:30] [83/459] GDCS
[04:57:30] [84/459] TRBA
[04:57:31] [85/459] QUST
[04:57:32] [86/459] VSHM
[04:57:33] [87/459] SDCP
[04:57:34] [88/459] SNVS
[04:57:35] [89/459] NYTO
[04:57:36] [90/459] URWC
[04:57:37] [91/459] GTWH
[04:57:38] [92/459] PFCM
[04:57:39] [93/459] KRTA
[04:57:40] [94/459] AXMC
[04:57:41] [95/459] EVMC
[04:57:41] [96/459] HGSM
[04:57:43] [97/459] ACVM
[04:57:44] [98/459] PSKL
[04:57:45] [99/459] RDMP
[04:57:46] [100/459] RHGH
[04:57:47] [101/459] OMCM
[04:57:48] [102/459] DCCP
[04:57:48] [103/459] MCPB
[04:57:49] [104/459] ALCI
[04:57:50] [105/459] BLMX
[04:57:51] [106/459] BTMV
[04:57:52] [107/459] FVPN
[04:57:53] [108/459] CMAR
[04:57:54] [109/459] CEIM
[04:57:54] [110/459] CMVA
[04:57:55] [111/459] CPIV
[04:57:56] [112/459] CNPE
[04:57:57] [113/459] COLV
[04:57:58] [114/459] DNNV
[04:57:59] [115/459] HCAD
[04:57:59] [116/459] TAKA
[04:58:00] [117/459] INVD
[04:58:01] [118/459] IRMM
[04:58:02] [119/459] INSE
[04:58:03] [120/459] MRSW
[04:58:04] [121/459] MCVD
[04:58:05] [122/459] MCSO
[04:58:06] [123/459] PEVM
[04:58:06] [124/459] PVNL
[04:58:07] [125/459] PTCV
[04:58:08] [126/459] PRTC
[04:58:09] [127/459] RCVA
[04:58:10] [128/459] MTBN
[04:58:11] [129/459] LUCP
[04:58:12] [130/459] FMPT
[04:58:13] [131/459] JLSL
[04:58:13] [132/459] SBHA
[04:58:14] [133/459] SHRC
[04:58:15] [134/459] AVPS
[04:58:17] [135/459] STPM
[04:58:17] [136/459] ATRD
[04:58:18] [137/459] VTED
[04:58:19] [138/459] ACAI
[04:58:20] [139/459] SMAE
[04:58:21] [140/459] VMAT
[04:58:21] [141/459] LKCT
[04:58:22] [142/459] JTVK
[04:58:23] [143/459] PRTY
[04:58:24] [144/459] GETT
[04:58:25] [145/459] ESAP
[04:58:26] [146/459] NCPM
[04:58:27] [147/459] PCPA
[04:58:28] [148/459] MMOM
[04:58:28] [149/459] PHUP
[04:58:29] [150/459] CCPI
[04:58:30] [151/459] CNTD
[04:58:31] [152/459] NLJR
[04:58:32] [153/459] SRNG
[04:58:33] [154/459] MHAL
[04:58:34] [155/459] PNSM
[04:58:34] [156/459] DRMY
[04:58:36] [157/459] CCMU
[04:58:37] [158/459] SCMY
[04:58:38] [159/459] PVSY
[04:58:38] [160/459] SDLM
[04:58:39] [161/459] ICCM
[04:58:40] [162/459] PYSU
[04:58:41] [163/459] GATM
[04:58:42] [164/459] WOTM
[04:58:43] [165/459] RKTS
[04:58:44] [166/459] PMTY
[04:58:45] [167/459] LYMS
[04:58:46] [168/459] TGCA
[04:58:47] [169/459] DSTA
[04:58:48] [170/459] CNGE
[04:58:49] [171/459] VSTG
[04:58:50] [172/459] GTCK
[04:58:50] [173/459] TGNT
[04:58:51] [174/459] ASLC
[04:58:52] [175/459] SSST
[04:58:53] [176/459] KBTT
[04:58:55] [177/459] HKCP
[04:58:56] [178/459] SWLC
[04:58:57] [179/459] RTND
[04:58:57] [180/459] PKKT
[04:58:58] [181/459] HSTK
[04:58:59] [182/459] SPTT
[04:59:00] [183/459] IMPM
[04:59:00] [184/459] SCMV
[04:59:01] [185/459] SPCT
[04:59:02] [186/459] JBCA
[04:59:03] [187/459] ATTR
[04:59:04] [188/459] SPMT
[04:59:05] [189/459] LCTM
[04:59:06] [190/459] SCVL
[04:59:08] [191/459] SCVT
[04:59:08] [192/459] KRIC
[04:59:09] [193/459] CTMG
[04:59:10] [194/459] ACNC
[04:59:11] [195/459] DMCK
[04:59:12] [196/459] KMTV
[04:59:13] [197/459] PFCJ
[04:59:14] [198/459] VNMD
[04:59:14] [199/459] VPCZ
[04:59:15] [200/459] SRYR
[04:59:16] [201/459] SYTR
[04:59:17] [202/459] GATR
[04:59:17] [203/459] URTR
[04:59:19] [204/459] MKSM
[04:59:20] [205/459] VSMH
[04:59:21] [206/459] SKRJ
[04:59:22] [207/459] SSJR
[04:59:23] [208/459] SVSM
[04:59:23] [209/459] RUCM
[04:59:24] [210/459] PRKN
[04:59:26] [211/459] RROH
[04:59:27] [212/459] SCTN
[04:59:27] [213/459] RTDM
[04:59:29] [214/459] ASRM
[04:59:30] [215/459] SKMD
[04:59:31] [216/459] SUTD
[04:59:33] [217/459] SADM
[04:59:34] [218/459] WCNR
[04:59:35] [219/459] CNED
[04:59:36] [220/459] MPDB
[04:59:37] [221/459] KTBH
[04:59:38] [222/459] IDRM
[04:59:39] [223/459] PJJT
[04:59:40] [224/459] PFCV
[04:59:41] [225/459] AACT
[04:59:41] [226/459] AAAD
[04:59:42] [227/459] ANES
[04:59:43] [228/459] MNCA
[04:59:44] [229/459] RMGU
[04:59:45] [230/459] DLCN
[04:59:46] [231/459] LJWT
[04:59:47] [232/459] MCBG
[04:59:48] [233/459] MYBG
[04:59:48] [234/459] GCCA
[04:59:49] [235/459] GCGA
[04:59:50] [236/459] ECGN
[04:59:51] [237/459] PRAB
[04:59:52] [238/459] PNMP
[04:59:53] [239/459] GCPT
[04:59:54] [240/459] ROYN
[04:59:55] [241/459] VATM
[04:59:57] [242/459] KSNT
[04:59:57] [243/459] ACTC
[04:59:58] [244/459] PLTD
[05:00:00] [245/459] SKMK
[05:00:02] [246/459] CMTT
[05:00:02] [247/459] SMXP
[05:00:03] [248/459] SCMX
[05:00:04] [249/459] ACXN
[05:00:05] [250/459] ASWT
[05:00:06] [251/459] VVVL
[05:00:07] [252/459] NAGO
[05:00:08] [253/459] SNCN
[05:00:09] [254/459] MCKP
[05:00:09] [255/459] SAMO
[05:00:10] [256/459] JBTV
[05:00:11] [257/459] DCVV
[05:00:12] [258/459] KMSV
[05:00:13] [259/459] KDCN
[05:00:14] [260/459] CNCP
[05:00:15] [261/459] HAMC
[05:00:16] [262/459] CCVZ
[05:00:17] [263/459] NCCK
[05:00:17] [264/459] MCHR
[05:00:18] [265/459] SCHT
[05:00:20] [266/459] ESSH
[05:00:21] [267/459] CUJC
[05:00:22] [268/459] PECP
[05:00:23] [269/459] PMMI
[05:00:23] [270/459] PCCH
[05:00:24] [271/459] PRPM
[05:00:26] [272/459] PVKL
[05:00:27] [273/459] CBSM
[05:00:27] [274/459] PVCZ
[05:00:29] [275/459] PCVV
[05:00:29] [276/459] CTMJ
[05:00:30] [277/459] RCPS
[05:00:31] [278/459] PCIT
[05:00:32] [279/459] FNCH
[05:00:33] [280/459] INZD
[05:00:34] [281/459] INPC
[05:00:35] [282/459] LCZP
[05:00:36] [283/459] SMCB
[05:00:36] [284/459] PTSB
[05:00:38] [285/459] TPSI
[05:00:39] [286/459] KHMJ
[05:00:41] [287/459] RCCJ
[05:00:41] [288/459] NCJA
[05:00:42] [289/459] NCJN
[05:00:43] [290/459] BTDP
[05:00:44] [291/459] PADY
[05:00:45] [292/459] NYBH
[05:00:46] [293/459] MTBR
[05:00:47] [294/459] KRBC
[05:00:47] [295/459] DKTI
[05:00:48] [296/459] ANAN
[05:00:49] [297/459] INBP
[05:00:50] [298/459] PATB
[05:00:51] [299/459] RGNT
[05:00:52] [300/459] CGPM
[05:00:53] [301/459] INTN
[05:00:53] [302/459] MCMP
[05:00:55] [303/459] ASRG
[05:00:56] [304/459] CXJD
[05:00:57] [305/459] SPCP
[05:00:58] [306/459] CSTP
[05:00:59] [307/459] PKVC
[05:01:00] [308/459] ESCP
[05:01:01] [309/459] CAEP
[05:01:02] [310/459] CCSP
[05:01:02] [311/459] KTPC
[05:01:03] [312/459] DACA
[05:01:04] [313/459] NVKY
[05:01:06] [314/459] PTIN
[05:01:06] [315/459] SCIN
[05:01:07] [316/459] MCTY
[05:01:08] [317/459] PCMX
[05:01:09] [318/459] INIC
[05:01:10] [319/459] MMZM
[05:01:11] [320/459] SSLP
[05:01:12] [321/459] DTDT
[05:01:12] [322/459] FFCX
[05:01:13] [323/459] RCMM
[05:01:14] [324/459] KYID
[05:01:15] [325/459] CSCI
[05:01:16] [326/459] FCMC
[05:01:17] [327/459] MMXI
[05:01:18] [328/459] ASTC
[05:01:19] [329/459] CMRA
[05:01:19] [330/459] DICI
[05:01:20] [331/459] KDIN
[05:01:21] [332/459] PRFI
[05:01:22] [333/459] SVFC
[05:01:23] [334/459] UCPL
[05:01:24] [335/459] COOC
[05:01:25] [336/459] SCAL
[05:01:26] [337/459] SVFF
[05:01:27] [338/459] VCMG
[05:01:28] [339/459] UUCT
[05:01:29] [340/459] GCSE
[05:01:30] [341/459] SUSC
[05:01:32] [342/459] MISC
[05:01:33] [343/459] RMBL
[05:01:33] [344/459] CMXN
[05:01:34] [345/459] PVBK
[05:01:35] [346/459] HHCG
[05:01:36] [347/459] SCAG
[05:01:37] [348/459] CNPR
[05:01:38] [349/459] CSER
[05:01:39] [350/459] HLWD
[05:01:40] [351/459] BOLY
[05:01:41] [352/459] SSPG
[05:01:42] [353/459] MUPX
[05:01:43] [354/459] HAMR
[05:01:44] [355/459] SDNC
[05:01:45] [356/459] RTEN
[05:01:46] [357/459] SDTD
[05:01:47] [358/459] KAWS
[05:01:48] [359/459] CMZX
[05:01:50] [360/459] DCDD
[05:01:51] [361/459] ALSN
[05:01:51] [362/459] IMXS
[05:01:52] [363/459] PVFF
[05:01:53] [364/459] PVOO
[05:01:54] [365/459] CFBS
[05:01:55] [366/459] PVER
[05:01:56] [367/459] PPNX
[05:01:58] [368/459] CNRM
[05:01:59] [369/459] PVWW
[05:02:00] [370/459] INMB
[05:02:01] [371/459] CPJR
[05:02:01] [372/459] INRZ
[05:02:02] [373/459] PMSR
[05:02:03] [374/459] GPGM
[05:02:04] [375/459] PGWB
[05:02:05] [376/459] PMBR
[05:02:05] [377/459] GPAM
[05:02:06] [378/459] INBC
[05:02:07] [379/459] PZVK
[05:02:08] [380/459] CPEB
[05:02:09] [381/459] FMLB
[05:02:10] [382/459] INBG
[05:02:11] [383/459] GPBR
[05:02:13] [384/459] PAAS
[05:02:14] [385/459] VTBR
[05:02:15] [386/459] GPMY
[05:02:16] [387/459] GYBU
[05:02:17] [388/459] INBJ
[05:02:18] [389/459] LKTH
[05:02:19] [390/459] NSBR
[05:02:20] [391/459] PDRD
[05:02:21] [392/459] VRBL
[05:02:23] [393/459] VTGB
[05:02:24] [394/459] VTSK
[05:02:25] [395/459] BKDV
[05:02:26] [396/459] SVTB
[05:02:27] [397/459] MLDT
[05:02:28] [398/459] NRBL
[05:02:28] [399/459] SLTR
[05:02:29] [400/459] VNKA
[05:02:30] [401/459] TDCA
[05:02:31] [402/459] INBM
[05:02:32] [403/459] SSNR
[05:02:33] [404/459] BHAC
[05:02:34] [405/459] SDSD
[05:02:34] [406/459] SAMP
[05:02:35] [407/459] RATK
[05:02:36] [408/459] KCBI
[05:02:37] [409/459] URBL
[05:02:38] [410/459] MKBG
[05:02:38] [411/459] ASTB
[05:02:39] [412/459] VBWT
[05:02:41] [413/459] GPSM
[05:02:42] [414/459] ROON
[05:02:43] [415/459] CHTH
[05:02:43] [416/459] SSPA
[05:02:44] [417/459] ANBL
[05:02:45] [418/459] VTBE
[05:02:46] [419/459] SVKT
[05:02:47] [420/459] SVYK
[05:02:48] [421/459] PTBK
[05:02:49] [422/459] RKTB
[05:02:50] [423/459] BALT
[05:02:50] [424/459] STSV
[05:02:51] [425/459] VCCB
[05:02:52] [426/459] SLTB
[05:02:53] [427/459] SBCR
[05:02:54] [428/459] VDCS
[05:02:54] [429/459] MDKI
[05:02:55] [430/459] SMRN
[05:02:57] [431/459] PTBC
[05:02:58] [432/459] RADI
[05:02:59] [433/459] ADCR
[05:03:00] [434/459] SDCS
[05:03:01] [435/459] SRPJ
[05:03:02] [436/459] ARTS
[05:03:03] [437/459] SRHK
[05:03:03] [438/459] SPAY
[05:03:04] [439/459] GPTB
[05:03:05] [440/459] SNNN
[05:03:06] [441/459] BALJ
[05:03:07] [442/459] TRIG
[05:03:08] [443/459] GTYT
[05:03:09] [444/459] ATGN
[05:03:09] [445/459] ANTE
[05:03:10] [446/459] BDCG
[05:03:11] [447/459] VECI
[05:03:12] [448/459] SCPR
[05:03:13] [449/459] RTEA
[05:03:14] [450/459] JSAI
[05:03:15] [451/459] VJTP
[05:03:16] [452/459] GNDS
[05:03:17] [453/459] PAXA
[05:03:18] [454/459] CGGM
[05:03:19] [455/459] ACKZ
[05:03:19] [456/459] EMCC
[05:03:20] [457/459] KLSK
[05:03:21] [458/459] AVCK
[05:03:22] [459/459] JTCK
[05:03:23] 🧹 Deduping shows
[05:03:23] ✅ DONE | Shows=2768 | Movies=65
[08:39:09] 🚀 SCRIPT STARTED
[08:39:09] [1/459] NECA
[08:39:09] 🧠 New identity created
[08:39:10] [2/459] BJLC
[08:39:11] [3/459] BASU
[08:39:12] [4/459] RUPI
[08:39:13] [5/459] LCBK
[08:39:14] [6/459] PMAC
[08:39:14] [7/459] AMLC
[08:39:15] [8/459] LICL
[08:39:16] [9/459] UDMM
[08:39:17] [10/459] STBZ
[08:39:18] [11/459] UUBT
[08:39:20] [12/459] SJKC
[08:39:20] [13/459] TUAL
[08:39:21] [14/459] MRSE
[08:39:22] [15/459] RMRK
[08:39:25] [16/459] TTKP
[08:39:26] [17/459] KTKO
[08:39:27] [18/459] SDBK
[08:39:28] [19/459] MCPR
[08:39:29] [20/459] CHTI
[08:39:30] [21/459] GCCP
[08:39:31] [22/459] SRMY
[08:39:32] [23/459] NYST
[08:39:33] [24/459] NYAG
[08:39:34] [25/459] SBMT
[08:39:34] [26/459] INGA
[08:39:35] [27/459] WSIC
[08:39:36] [28/459] SCSS
[08:39:38] [29/459] COPG
[08:39:39] [30/459] RCGR
[08:39:40] [31/459] TCZA
[08:39:40] [32/459] CNLP
[08:39:41] [33/459] CLKN
[08:39:42] [34/459] LHDF
[08:39:43] [35/459] ELKC
[08:39:44] [36/459] VCEM
[08:39:45] [37/459] SSZA
[08:39:46] [38/459] KRMT
[08:39:47] [39/459] LCMV
[08:39:48] [40/459] AYCZ
[08:39:49] [41/459] CUMS
[08:39:50] [42/459] BOCK
[08:39:52] [43/459] PNMR
[08:39:53] [44/459] PJCP
[08:39:54] [45/459] JDDD
[08:39:54] [46/459] STMS
[08:39:55] [47/459] FLMB
[08:39:56] [48/459] PKCM
[08:39:57] [49/459] SPPR
[08:39:58] [50/459] EYLH
[08:39:59] [51/459] RJCC
[08:40:00] [52/459] MMPS
[08:40:01] [53/459] SHMX
[08:40:03] [54/459] CCNL
[08:40:04] [55/459] RCNV
[08:40:05] [56/459] MAAG
[08:40:06] [57/459] LXCM
[08:40:08] [58/459] RCNI
[08:40:09] [59/459] SNNI
[08:40:10] [60/459] LALC
[08:40:11] [61/459] SOCN
[08:40:12] [62/459] JHTP
[08:40:14] [63/459] PITP
[08:40:15] [64/459] CCKW
[08:40:16] [65/459] MCMC
[08:40:17] [66/459] DEES
[08:40:17] [67/459] SABT
[08:40:18] [68/459] VSPP
[08:40:19] [69/459] ABCT
[08:40:20] [70/459] JVTB
[08:40:21] [71/459] VCBD
[08:40:22] [72/459] RMGG
[08:40:23] [73/459] RNMH
[08:40:24] [74/459] SPGL
[08:40:24] [75/459] JTTR
[08:40:25] [76/459] SICS
[08:40:26] [77/459] SRMI
[08:40:27] [78/459] SSIJ
[08:40:28] [79/459] KFMT
[08:40:29] [80/459] VBIT
[08:40:30] [81/459] JKCT
[08:40:31] [82/459] GCGP
[08:40:32] [83/459] GDCS
[08:40:33] [84/459] TRBA
[08:40:33] [85/459] QUST
[08:40:34] [86/459] VSHM
[08:40:35] [87/459] SDCP
[08:40:36] [88/459] SNVS
[08:40:37] [89/459] NYTO
[08:40:38] [90/459] URWC
[08:40:40] [91/459] GTWH
[08:40:41] [92/459] PFCM
[08:40:42] [93/459] KRTA
[08:40:43] [94/459] AXMC
[08:40:44] [95/459] EVMC
[08:40:44] [96/459] HGSM
[08:40:45] [97/459] ACVM
[08:40:46] [98/459] PSKL
[08:40:47] [99/459] RDMP
[08:40:48] [100/459] RHGH
[08:40:49] [101/459] OMCM
[08:40:49] [102/459] DCCP
[08:40:50] [103/459] MCPB
[08:40:51] [104/459] ALCI
[08:40:52] [105/459] BLMX
[08:40:52] [106/459] BTMV
[08:40:53] [107/459] FVPN
[08:40:54] [108/459] CMAR
[08:40:55] [109/459] CEIM
[08:40:57] [110/459] CMVA
[08:40:58] [111/459] CPIV
[08:40:59] [112/459] CNPE
[08:40:59] [113/459] COLV
[08:41:01] [114/459] DNNV
[08:41:03] [115/459] HCAD
[08:41:04] [116/459] TAKA
[08:41:04] [117/459] INVD
[08:41:05] [118/459] IRMM
[08:41:06] [119/459] INSE
[08:41:07] [120/459] MRSW
[08:41:09] [121/459] MCVD
[08:41:09] [122/459] MCSO
[08:41:10] [123/459] PEVM
[08:41:11] [124/459] PVNL
[08:41:12] [125/459] PTCV
[08:41:13] [126/459] PRTC
[08:41:14] [127/459] RCVA
[08:41:15] [128/459] MTBN
[08:41:16] [129/459] LUCP
[08:41:17] [130/459] FMPT
[08:41:18] [131/459] JLSL
[08:41:19] [132/459] SBHA
[08:41:20] [133/459] SHRC
[08:41:20] [134/459] AVPS
[08:41:21] [135/459] STPM
[08:41:22] [136/459] ATRD
[08:41:23] [137/459] VTED
[08:41:24] [138/459] ACAI
[08:41:24] [139/459] SMAE
[08:41:26] [140/459] VMAT
[08:41:27] [141/459] LKCT
[08:41:28] [142/459] JTVK
[08:41:29] [143/459] PRTY
[08:41:30] [144/459] GETT
[08:41:31] [145/459] ESAP
[08:41:31] [146/459] NCPM
[08:41:32] [147/459] PCPA
[08:41:33] [148/459] MMOM
[08:41:34] [149/459] PHUP
[08:41:35] [150/459] CCPI
[08:41:36] [151/459] CNTD
[08:41:37] [152/459] NLJR
[08:41:38] [153/459] SRNG
[08:41:39] [154/459] MHAL
[08:41:40] [155/459] PNSM
[08:41:41] [156/459] DRMY
[08:41:43] [157/459] CCMU
[08:41:44] [158/459] SCMY
[08:41:45] [159/459] PVSY
[08:41:46] [160/459] SDLM
[08:41:47] [161/459] ICCM
[08:41:47] [162/459] PYSU
[08:41:48] [163/459] GATM
[08:41:49] [164/459] WOTM
[08:41:49] [165/459] RKTS
[08:41:50] [166/459] PMTY
[08:41:51] [167/459] LYMS
[08:41:52] [168/459] TGCA
[08:41:53] [169/459] DSTA
[08:41:54] [170/459] CNGE
[08:41:55] [171/459] VSTG
[08:41:56] [172/459] GTCK
[08:41:58] [173/459] TGNT
[08:41:59] [174/459] ASLC
[08:42:00] [175/459] SSST
[08:42:00] [176/459] KBTT
[08:42:01] [177/459] HKCP
[08:42:03] [178/459] SWLC
[08:42:04] [179/459] RTND
[08:42:05] [180/459] PKKT
[08:42:06] [181/459] HSTK
[08:42:07] [182/459] SPTT
[08:42:08] [183/459] IMPM
[08:42:08] [184/459] SCMV
[08:42:09] [185/459] SPCT
[08:42:10] [186/459] JBCA
[08:42:11] [187/459] ATTR
[08:42:12] [188/459] SPMT
[08:42:13] [189/459] LCTM
[08:42:14] [190/459] SCVL
[08:42:15] [191/459] SCVT
[08:42:16] [192/459] KRIC
[08:42:17] [193/459] CTMG
[08:42:18] [194/459] ACNC
[08:42:19] [195/459] DMCK
[08:42:20] [196/459] KMTV
[08:42:21] [197/459] PFCJ
[08:42:22] [198/459] VNMD
[08:42:23] [199/459] VPCZ
[08:42:24] [200/459] SRYR
[08:42:24] [201/459] SYTR
[08:42:25] [202/459] GATR
[08:42:26] [203/459] URTR
[08:42:27] [204/459] MKSM
[08:42:29] [205/459] VSMH
[08:42:30] [206/459] SKRJ
[08:42:30] [207/459] SSJR
[08:42:31] [208/459] SVSM
[08:42:32] [209/459] RUCM
[08:42:33] [210/459] PRKN
[08:42:34] [211/459] RROH
[08:42:35] [212/459] SCTN
[08:42:36] [213/459] RTDM
[08:42:37] [214/459] ASRM
[08:42:39] [215/459] SKMD
[08:42:42] [216/459] SUTD
[08:42:43] [217/459] SADM
[08:42:44] [218/459] WCNR
[08:42:45] [219/459] CNED
[08:42:46] [220/459] MPDB
[08:42:47] [221/459] KTBH
[08:42:49] [222/459] IDRM
[08:42:50] [223/459] PJJT
[08:42:50] [224/459] PFCV
[08:42:51] [225/459] AACT
[08:42:52] [226/459] AAAD
[08:42:53] [227/459] ANES
[08:42:53] [228/459] MNCA
[08:42:54] [229/459] RMGU
[08:42:55] [230/459] DLCN
[08:42:56] [231/459] LJWT
[08:42:57] [232/459] MCBG
[08:42:58] [233/459] MYBG
[08:42:59] [234/459] GCCA
[08:43:00] [235/459] GCGA
[08:43:01] [236/459] ECGN
[08:43:01] [237/459] PRAB
[08:43:02] [238/459] PNMP
[08:43:03] [239/459] GCPT
[08:43:04] [240/459] ROYN
[08:43:05] [241/459] VATM
[08:43:06] [242/459] KSNT
[08:43:08] [243/459] ACTC
[08:43:09] [244/459] PLTD
[08:43:09] [245/459] SKMK
[08:43:10] [246/459] CMTT
[08:43:11] [247/459] SMXP
[08:43:12] [248/459] SCMX
[08:43:13] [249/459] ACXN
[08:43:14] [250/459] ASWT
[08:43:15] [251/459] VVVL
[08:43:15] [252/459] NAGO
[08:43:16] [253/459] SNCN
[08:43:17] [254/459] MCKP
[08:43:18] [255/459] SAMO
[08:43:19] [256/459] JBTV
[08:43:20] [257/459] DCVV
[08:43:20] [258/459] KMSV
[08:43:21] [259/459] KDCN
[08:43:22] [260/459] CNCP
[08:43:24] [261/459] HAMC
[08:43:24] [262/459] CCVZ
[08:43:25] [263/459] NCCK
[08:43:26] [264/459] MCHR
[08:43:27] [265/459] SCHT
[08:43:28] [266/459] ESSH
[08:43:29] [267/459] CUJC
[08:43:31] [268/459] PECP
[08:43:31] [269/459] PMMI
[08:43:32] [270/459] PCCH
[08:43:33] [271/459] PRPM
[08:43:34] [272/459] PVKL
[08:43:35] [273/459] CBSM
[08:43:36] [274/459] PVCZ
[08:43:37] [275/459] PCVV
[08:43:38] [276/459] CTMJ
[08:43:39] [277/459] RCPS
[08:43:40] [278/459] PCIT
[08:43:40] [279/459] FNCH
[08:43:41] [280/459] INZD
[08:43:42] [281/459] INPC
[08:43:43] [282/459] LCZP
[08:43:44] [283/459] SMCB
[08:43:45] [284/459] PTSB
[08:43:46] [285/459] TPSI
[08:43:47] [286/459] KHMJ
[08:43:48] [287/459] RCCJ
[08:43:49] [288/459] NCJA
[08:43:49] [289/459] NCJN
[08:43:50] [290/459] BTDP
[08:43:51] [291/459] PADY
[08:43:52] [292/459] NYBH
[08:43:53] [293/459] MTBR
[08:43:54] [294/459] KRBC
[08:43:55] [295/459] DKTI
[08:43:56] [296/459] ANAN
[08:43:56] [297/459] INBP
[08:43:57] [298/459] PATB
[08:43:58] [299/459] RGNT
[08:43:59] [300/459] CGPM
[08:44:00] [301/459] INTN
[08:44:01] [302/459] MCMP
[08:44:02] [303/459] ASRG
[08:44:03] [304/459] CXJD
[08:44:03] [305/459] SPCP
[08:44:04] [306/459] CSTP
[08:44:05] [307/459] PKVC
[08:44:06] [308/459] ESCP
[08:44:07] [309/459] CAEP
[08:44:08] [310/459] CCSP
[08:44:08] [311/459] KTPC
[08:44:09] [312/459] DACA
[08:44:10] [313/459] NVKY
[08:44:11] [314/459] PTIN
[08:44:13] [315/459] SCIN
[08:44:14] [316/459] MCTY
[08:44:15] [317/459] PCMX
[08:44:16] [318/459] INIC
[08:44:17] [319/459] MMZM
[08:44:18] [320/459] SSLP
[08:44:19] [321/459] DTDT
[08:44:20] [322/459] FFCX
[08:44:20] [323/459] RCMM
[08:44:21] [324/459] KYID
[08:44:22] [325/459] CSCI
[08:44:24] [326/459] FCMC
[08:44:24] [327/459] MMXI
[08:44:25] [328/459] ASTC
[08:44:26] [329/459] CMRA
[08:44:27] [330/459] DICI
[08:44:28] [331/459] KDIN
[08:44:29] [332/459] PRFI
[08:44:29] [333/459] SVFC
[08:44:30] [334/459] UCPL
[08:44:31] [335/459] COOC
[08:44:32] [336/459] SCAL
[08:44:33] [337/459] SVFF
[08:44:34] [338/459] VCMG
[08:44:35] [339/459] UUCT
[08:44:35] [340/459] GCSE
[08:44:36] [341/459] SUSC
[08:44:37] [342/459] MISC
[08:44:38] [343/459] RMBL
[08:44:39] [344/459] CMXN
[08:44:39] [345/459] PVBK
[08:44:40] [346/459] HHCG
[08:44:41] [347/459] SCAG
[08:44:42] [348/459] CNPR
[08:44:42] [349/459] CSER
[08:44:43] [350/459] HLWD
[08:44:44] [351/459] BOLY
[08:44:45] [352/459] SSPG
[08:44:46] [353/459] MUPX
[08:44:47] [354/459] HAMR
[08:44:48] [355/459] SDNC
[08:44:49] [356/459] RTEN
[08:44:50] [357/459] SDTD
[08:44:50] [358/459] KAWS
[08:44:52] [359/459] CMZX
[08:44:54] [360/459] DCDD
[08:44:54] [361/459] ALSN
[08:44:55] [362/459] IMXS
[08:44:56] [363/459] PVFF
[08:44:57] [364/459] PVOO
[08:44:59] [365/459] CFBS
[08:45:00] [366/459] PVER
[08:45:00] [367/459] PPNX
[08:45:01] [368/459] CNRM
[08:45:02] [369/459] PVWW
[08:45:03] [370/459] INMB
[08:45:04] [371/459] CPJR
[08:45:05] [372/459] INRZ
[08:45:06] [373/459] PMSR
[08:45:07] [374/459] GPGM
[08:45:08] [375/459] PGWB
[08:45:09] [376/459] PMBR
[08:45:10] [377/459] GPAM
[08:45:11] [378/459] INBC
[08:45:11] [379/459] PZVK
[08:45:12] [380/459] CPEB
[08:45:13] [381/459] FMLB
[08:45:14] [382/459] INBG
[08:45:15] [383/459] GPBR
[08:45:16] [384/459] PAAS
[08:45:19] [385/459] VTBR
[08:45:20] [386/459] GPMY
[08:45:21] [387/459] GYBU
[08:45:22] [388/459] INBJ
[08:45:23] [389/459] LKTH
[08:45:24] [390/459] NSBR
[08:45:26] [391/459] PDRD
[08:45:27] [392/459] VRBL
[08:45:28] [393/459] VTGB
[08:45:28] [394/459] VTSK
[08:45:29] [395/459] BKDV
[08:45:30] [396/459] SVTB
[08:45:31] [397/459] MLDT
[08:45:33] [398/459] NRBL
[08:45:34] [399/459] SLTR
[08:45:35] [400/459] VNKA
[08:45:35] [401/459] TDCA
[08:45:36] [402/459] INBM
[08:45:37] [403/459] SSNR
[08:45:38] [404/459] BHAC
[08:45:39] [405/459] SDSD
[08:45:40] [406/459] SAMP
[08:45:41] [407/459] RATK
[08:45:42] [408/459] KCBI
[08:45:43] [409/459] URBL
[08:45:43] [410/459] MKBG
[08:45:44] [411/459] ASTB
[08:45:45] [412/459] VBWT
[08:45:46] [413/459] GPSM
[08:45:47] [414/459] ROON
[08:45:48] [415/459] CHTH
[08:45:49] [416/459] SSPA
[08:45:50] [417/459] ANBL
[08:45:50] [418/459] VTBE
[08:45:51] [419/459] SVKT
[08:45:52] [420/459] SVYK
[08:45:53] [421/459] PTBK
[08:45:54] [422/459] RKTB
[08:45:55] [423/459] BALT
[08:45:56] [424/459] STSV
[08:45:56] [425/459] VCCB
[08:45:57] [426/459] SLTB
[08:45:58] [427/459] SBCR
[08:45:59] [428/459] VDCS
[08:46:00] [429/459] MDKI
[08:46:01] [430/459] SMRN
[08:46:02] [431/459] PTBC
[08:46:03] [432/459] RADI
[08:46:03] [433/459] ADCR
[08:46:05] [434/459] SDCS
[08:46:05] [435/459] SRPJ
[08:46:07] [436/459] ARTS
[08:46:08] [437/459] SRHK
[08:46:09] [438/459] SPAY
[08:46:09] [439/459] GPTB
[08:46:10] [440/459] SNNN
[08:46:12] [441/459] BALJ
[08:46:13] [442/459] TRIG
[08:46:14] [443/459] GTYT
[08:46:15] [444/459] ATGN
[08:46:16] [445/459] ANTE
[08:46:16] [446/459] BDCG
[08:46:17] [447/459] VECI
[08:46:18] [448/459] SCPR
[08:46:20] [449/459] RTEA
[08:46:21] [450/459] JSAI
[08:46:23] [451/459] VJTP
[08:46:23] [452/459] GNDS
[08:46:24] [453/459] PAXA
[08:46:25] [454/459] CGGM
[08:46:26] [455/459] ACKZ
[08:46:27] [456/459] EMCC
[08:46:28] [457/459] KLSK
[08:46:29] [458/459] AVCK
[08:46:30] [459/459] JTCK
[08:46:31] 🧹 Deduping shows
[08:46:31] ✅ DONE | Shows=2799 | Movies=70
[11:03:09] 🚀 SCRIPT STARTED
[11:03:09] [1/459] NECA
[11:03:09] 🧠 New identity created
[11:03:10] [2/459] BJLC
[11:03:11] [3/459] BASU
[11:03:12] [4/459] RUPI
[11:03:13] [5/459] LCBK
[11:03:14] [6/459] PMAC
[11:03:15] [7/459] AMLC
[11:03:16] [8/459] LICL
[11:03:18] [9/459] UDMM
[11:03:18] [10/459] STBZ
[11:03:20] [11/459] UUBT
[11:03:20] [12/459] SJKC
[11:03:21] [13/459] TUAL
[11:03:22] [14/459] MRSE
[11:03:23] [15/459] RMRK
[11:03:24] [16/459] TTKP
[11:03:24] [17/459] KTKO
[11:03:25] [18/459] SDBK
[11:03:26] [19/459] MCPR
[11:03:27] [20/459] CHTI
[11:03:28] [21/459] GCCP
[11:03:28] [22/459] SRMY
[11:03:29] [23/459] NYST
[11:03:30] [24/459] NYAG
[11:03:31] [25/459] SBMT
[11:03:32] [26/459] INGA
[11:03:32] [27/459] WSIC
[11:03:33] [28/459] SCSS
[11:03:34] [29/459] COPG
[11:03:35] [30/459] RCGR
[11:03:36] [31/459] TCZA
[11:03:37] [32/459] CNLP
[11:03:38] [33/459] CLKN
[11:03:39] [34/459] LHDF
[11:03:40] [35/459] ELKC
[11:03:41] [36/459] VCEM
[11:03:42] [37/459] SSZA
[11:03:43] [38/459] KRMT
[11:03:44] [39/459] LCMV
[11:03:45] [40/459] AYCZ
[11:03:46] [41/459] CUMS
[11:03:47] [42/459] BOCK
[11:03:47] [43/459] PNMR
[11:03:48] [44/459] PJCP
[11:03:49] [45/459] JDDD
[11:03:50] [46/459] STMS
[11:03:52] [47/459] FLMB
[11:03:52] [48/459] PKCM
[11:03:53] [49/459] SPPR
[11:03:54] [50/459] EYLH
[11:03:55] [51/459] RJCC
[11:03:56] [52/459] MMPS
[11:03:57] [53/459] SHMX
[11:03:58] [54/459] CCNL
[11:03:58] [55/459] RCNV
[11:03:59] [56/459] MAAG
[11:04:00] [57/459] LXCM
[11:04:01] [58/459] RCNI
[11:04:02] [59/459] SNNI
[11:04:03] [60/459] LALC
[11:04:04] [61/459] SOCN
[11:04:04] [62/459] JHTP
[11:04:05] [63/459] PITP
[11:04:06] [64/459] CCKW
[11:04:07] [65/459] MCMC
[11:04:08] [66/459] DEES
[11:04:09] [67/459] SABT
[11:04:10] [68/459] VSPP
[11:04:10] [69/459] ABCT
[11:04:11] [70/459] JVTB
[11:04:12] [71/459] VCBD
[11:04:13] [72/459] RMGG
[11:04:14] [73/459] RNMH
[11:04:14] [74/459] SPGL
[11:04:15] [75/459] JTTR
[11:04:16] [76/459] SICS
[11:04:18] [77/459] SRMI
[11:04:19] [78/459] SSIJ
[11:04:20] [79/459] KFMT
[11:04:21] [80/459] VBIT
[11:04:22] [81/459] JKCT
[11:04:22] [82/459] GCGP
[11:04:23] [83/459] GDCS
[11:04:24] [84/459] TRBA
[11:04:26] [85/459] QUST
[11:04:28] [86/459] VSHM
[11:04:29] [87/459] SDCP
[11:04:30] [88/459] SNVS
[11:04:30] [89/459] NYTO
[11:04:31] [90/459] URWC
[11:04:32] [91/459] GTWH
[11:04:33] [92/459] PFCM
[11:04:34] [93/459] KRTA
[11:04:35] [94/459] AXMC
[11:04:35] [95/459] EVMC
[11:04:36] [96/459] HGSM
[11:04:38] [97/459] ACVM
[11:04:39] [98/459] PSKL
[11:04:40] [99/459] RDMP
[11:04:41] [100/459] RHGH
[11:04:42] [101/459] OMCM
[11:04:42] [102/459] DCCP
[11:04:43] [103/459] MCPB
[11:04:44] [104/459] ALCI
[11:04:45] [105/459] BLMX
[11:04:46] [106/459] BTMV
[11:04:47] [107/459] FVPN
[11:04:48] [108/459] CMAR
[11:04:49] [109/459] CEIM
[11:04:49] [110/459] CMVA
[11:04:50] [111/459] CPIV
[11:04:51] [112/459] CNPE
[11:04:52] [113/459] COLV
[11:04:53] [114/459] DNNV
[11:04:54] [115/459] HCAD
[11:04:54] [116/459] TAKA
[11:04:55] [117/459] INVD
[11:04:56] [118/459] IRMM
[11:04:57] [119/459] INSE
[11:04:58] [120/459] MRSW
[11:04:59] [121/459] MCVD
[11:05:00] [122/459] MCSO
[11:05:00] [123/459] PEVM
[11:05:01] [124/459] PVNL
[11:05:02] [125/459] PTCV
[11:05:03] [126/459] PRTC
[11:05:03] [127/459] RCVA
[11:05:04] [128/459] MTBN
[11:05:05] [129/459] LUCP
[11:05:06] [130/459] FMPT
[11:05:07] [131/459] JLSL
[11:05:08] [132/459] SBHA
[11:05:09] [133/459] SHRC
[11:05:10] [134/459] AVPS
[11:05:10] [135/459] STPM
[11:05:11] [136/459] ATRD
[11:05:12] [137/459] VTED
[11:05:13] [138/459] ACAI
[11:05:13] [139/459] SMAE
[11:05:14] [140/459] VMAT
[11:05:15] [141/459] LKCT
[11:05:16] [142/459] JTVK
[11:05:16] [143/459] PRTY
[11:05:17] [144/459] GETT
[11:05:18] [145/459] ESAP
[11:05:19] [146/459] NCPM
[11:05:20] [147/459] PCPA
[11:05:21] [148/459] MMOM
[11:05:22] [149/459] PHUP
[11:05:22] [150/459] CCPI
[11:05:23] [151/459] CNTD
[11:05:24] [152/459] NLJR
[11:05:25] [153/459] SRNG
[11:05:26] [154/459] MHAL
[11:05:27] [155/459] PNSM
[11:05:28] [156/459] DRMY
[11:05:29] [157/459] CCMU
[11:05:30] [158/459] SCMY
[11:05:31] [159/459] PVSY
[11:05:32] [160/459] SDLM
[11:05:33] [161/459] ICCM
[11:05:33] [162/459] PYSU
[11:05:34] [163/459] GATM
[11:05:35] [164/459] WOTM
[11:05:36] [165/459] RKTS
[11:05:36] [166/459] PMTY
[11:05:37] [167/459] LYMS
[11:05:38] [168/459] TGCA
[11:05:39] [169/459] DSTA
[11:05:40] [170/459] CNGE
[11:05:40] [171/459] VSTG
[11:05:42] [172/459] GTCK
[11:05:43] [173/459] TGNT
[11:05:44] [174/459] ASLC
[11:05:45] [175/459] SSST
[11:05:46] [176/459] KBTT
[11:05:47] [177/459] HKCP
[11:05:48] [178/459] SWLC
[11:05:49] [179/459] RTND
[11:05:49] [180/459] PKKT
[11:05:50] [181/459] HSTK
[11:05:51] [182/459] SPTT
[11:05:52] [183/459] IMPM
[11:05:53] [184/459] SCMV
[11:05:54] [185/459] SPCT
[11:05:55] [186/459] JBCA
[11:05:55] [187/459] ATTR
[11:05:56] [188/459] SPMT
[11:05:57] [189/459] LCTM
[11:05:58] [190/459] SCVL
[11:05:59] [191/459] SCVT
[11:06:00] [192/459] KRIC
[11:06:01] [193/459] CTMG
[11:06:01] [194/459] ACNC
[11:06:03] [195/459] DMCK
[11:06:04] [196/459] KMTV
[11:06:04] [197/459] PFCJ
[11:06:05] [198/459] VNMD
[11:06:06] [199/459] VPCZ
[11:06:06] [200/459] SRYR
[11:06:07] [201/459] SYTR
[11:06:08] [202/459] GATR
[11:06:10] [203/459] URTR
[11:06:11] [204/459] MKSM
[11:06:12] [205/459] VSMH
[11:06:12] [206/459] SKRJ
[11:06:13] [207/459] SSJR
[11:06:15] [208/459] SVSM
[11:06:16] [209/459] RUCM
[11:06:17] [210/459] PRKN
[11:06:17] [211/459] RROH
[11:06:19] [212/459] SCTN
[11:06:20] [213/459] RTDM
[11:06:21] [214/459] ASRM
[11:06:22] [215/459] SKMD
[11:06:22] [216/459] SUTD
[11:06:23] [217/459] SADM
[11:06:24] [218/459] WCNR
[11:06:25] [219/459] CNED
[11:06:26] [220/459] MPDB
[11:06:27] [221/459] KTBH
[11:06:28] [222/459] IDRM
[11:06:28] [223/459] PJJT
[11:06:29] [224/459] PFCV
[11:06:30] [225/459] AACT
[11:06:31] [226/459] AAAD
[11:06:33] [227/459] ANES
[11:06:33] [228/459] MNCA
[11:06:34] [229/459] RMGU
[11:06:35] [230/459] DLCN
[11:06:36] [231/459] LJWT
[11:06:37] [232/459] MCBG
[11:06:38] [233/459] MYBG
[11:06:39] [234/459] GCCA
[11:06:40] [235/459] GCGA
[11:06:41] [236/459] ECGN
[11:06:42] [237/459] PRAB
[11:06:42] [238/459] PNMP
[11:06:43] [239/459] GCPT
[11:06:45] [240/459] ROYN
[11:06:47] [241/459] VATM
[11:06:47] [242/459] KSNT
[11:06:48] [243/459] ACTC
[11:06:49] [244/459] PLTD
[11:06:50] [245/459] SKMK
[11:06:51] [246/459] CMTT
[11:06:52] [247/459] SMXP
[11:06:53] [248/459] SCMX
[11:06:54] [249/459] ACXN
[11:06:55] [250/459] ASWT
[11:06:56] [251/459] VVVL
[11:06:57] [252/459] NAGO
[11:06:58] [253/459] SNCN
[11:06:58] [254/459] MCKP
[11:06:59] [255/459] SAMO
[11:07:00] [256/459] JBTV
[11:07:01] [257/459] DCVV
[11:07:02] [258/459] KMSV
[11:07:03] [259/459] KDCN
[11:07:04] [260/459] CNCP
[11:07:05] [261/459] HAMC
[11:07:06] [262/459] CCVZ
[11:07:07] [263/459] NCCK
[11:07:07] [264/459] MCHR
[11:07:08] [265/459] SCHT
[11:07:09] [266/459] ESSH
[11:07:11] [267/459] CUJC
[11:07:12] [268/459] PECP
[11:07:13] [269/459] PMMI
[11:07:14] [270/459] PCCH
[11:07:15] [271/459] PRPM
[11:07:16] [272/459] PVKL
[11:07:17] [273/459] CBSM
[11:07:18] [274/459] PVCZ
[11:07:20] [275/459] PCVV
[11:07:21] [276/459] CTMJ
[11:07:22] [277/459] RCPS
[11:07:23] [278/459] PCIT
[11:07:24] [279/459] FNCH
[11:07:25] [280/459] INZD
[11:07:25] [281/459] INPC
[11:07:27] [282/459] LCZP
[11:07:28] [283/459] SMCB
[11:07:29] [284/459] PTSB
[11:07:30] [285/459] TPSI
[11:07:30] [286/459] KHMJ
[11:07:31] [287/459] RCCJ
[11:07:32] [288/459] NCJA
[11:07:33] [289/459] NCJN
[11:07:34] [290/459] BTDP
[11:07:35] [291/459] PADY
[11:07:35] [292/459] NYBH
[11:07:36] [293/459] MTBR
[11:07:37] [294/459] KRBC
[11:07:38] [295/459] DKTI
[11:07:39] [296/459] ANAN
[11:07:40] [297/459] INBP
[11:07:40] [298/459] PATB
[11:07:41] [299/459] RGNT
[11:07:42] [300/459] CGPM
[11:07:43] [301/459] INTN
[11:07:44] [302/459] MCMP
[11:07:45] [303/459] ASRG
[11:07:46] [304/459] CXJD
[11:07:47] [305/459] SPCP
[11:07:48] [306/459] CSTP
[11:07:48] [307/459] PKVC
[11:07:49] [308/459] ESCP
[11:07:50] [309/459] CAEP
[11:07:51] [310/459] CCSP
[11:07:52] [311/459] KTPC
[11:07:53] [312/459] DACA
[11:07:54] [313/459] NVKY
[11:07:55] [314/459] PTIN
[11:07:56] [315/459] SCIN
[11:07:57] [316/459] MCTY
[11:07:58] [317/459] PCMX
[11:07:59] [318/459] INIC
[11:07:59] [319/459] MMZM
[11:08:00] [320/459] SSLP
[11:08:02] [321/459] DTDT
[11:08:03] [322/459] FFCX
[11:08:04] [323/459] RCMM
[11:08:05] [324/459] KYID
[11:08:06] [325/459] CSCI
[11:08:07] [326/459] FCMC
[11:08:08] [327/459] MMXI
[11:08:09] [328/459] ASTC
[11:08:10] [329/459] CMRA
[11:08:10] [330/459] DICI
[11:08:11] [331/459] KDIN
[11:08:12] [332/459] PRFI
[11:08:13] [333/459] SVFC
[11:08:13] [334/459] UCPL
[11:08:14] [335/459] COOC
[11:08:15] [336/459] SCAL
[11:08:16] [337/459] SVFF
[11:08:17] [338/459] VCMG
[11:08:18] [339/459] UUCT
[11:08:19] [340/459] GCSE
[11:08:20] [341/459] SUSC
[11:08:21] [342/459] MISC
[11:08:22] [343/459] RMBL
[11:08:22] [344/459] CMXN
[11:08:23] [345/459] PVBK
[11:08:24] [346/459] HHCG
[11:08:25] [347/459] SCAG
[11:08:26] [348/459] CNPR
[11:08:26] [349/459] CSER
[11:08:27] [350/459] HLWD
[11:08:28] [351/459] BOLY
[11:08:29] [352/459] SSPG
[11:08:30] [353/459] MUPX
[11:08:30] [354/459] HAMR
[11:08:31] [355/459] SDNC
[11:08:32] [356/459] RTEN
[11:08:34] [357/459] SDTD
[11:08:35] [358/459] KAWS
[11:08:36] [359/459] CMZX
[11:08:36] [360/459] DCDD
[11:08:37] [361/459] ALSN
[11:08:39] [362/459] IMXS
[11:08:40] [363/459] PVFF
[11:08:41] [364/459] PVOO
[11:08:43] [365/459] CFBS
[11:08:43] [366/459] PVER
[11:08:44] [367/459] PPNX
[11:08:45] [368/459] CNRM
[11:08:46] [369/459] PVWW
[11:08:47] [370/459] INMB
[11:08:49] [371/459] CPJR
[11:08:49] [372/459] INRZ
[11:08:50] [373/459] PMSR
[11:08:51] [374/459] GPGM
[11:08:52] [375/459] PGWB
[11:08:53] [376/459] PMBR
[11:08:54] [377/459] GPAM
[11:08:54] [378/459] INBC
[11:08:55] [379/459] PZVK
[11:08:56] [380/459] CPEB
[11:08:57] [381/459] FMLB
[11:08:58] [382/459] INBG
[11:08:59] [383/459] GPBR
[11:09:00] [384/459] PAAS
[11:09:01] [385/459] VTBR
[11:09:01] [386/459] GPMY
[11:09:02] [387/459] GYBU
[11:09:03] [388/459] INBJ
[11:09:04] [389/459] LKTH
[11:09:05] [390/459] NSBR
[11:09:05] [391/459] PDRD
[11:09:06] [392/459] VRBL
[11:09:07] [393/459] VTGB
[11:09:08] [394/459] VTSK
[11:09:09] [395/459] BKDV
[11:09:09] [396/459] SVTB
[11:09:10] [397/459] MLDT
[11:09:11] [398/459] NRBL
[11:09:12] [399/459] SLTR
[11:09:13] [400/459] VNKA
[11:09:14] [401/459] TDCA
[11:09:14] [402/459] INBM
[11:09:15] [403/459] SSNR
[11:09:16] [404/459] BHAC
[11:09:17] [405/459] SDSD
[11:09:18] [406/459] SAMP
[11:09:19] [407/459] RATK
[11:09:20] [408/459] KCBI
[11:09:20] [409/459] URBL
[11:09:21] [410/459] MKBG
[11:09:22] [411/459] ASTB
[11:09:23] [412/459] VBWT
[11:09:24] [413/459] GPSM
[11:09:25] [414/459] ROON
[11:09:25] [415/459] CHTH
[11:09:26] [416/459] SSPA
[11:09:27] [417/459] ANBL
[11:09:28] [418/459] VTBE
[11:09:29] [419/459] SVKT
[11:09:29] [420/459] SVYK
[11:09:30] [421/459] PTBK
[11:09:31] [422/459] RKTB
[11:09:32] [423/459] BALT
[11:09:33] [424/459] STSV
[11:09:33] [425/459] VCCB
[11:09:34] [426/459] SLTB
[11:09:35] [427/459] SBCR
[11:09:36] [428/459] VDCS
[11:09:37] [429/459] MDKI
[11:09:37] [430/459] SMRN
[11:09:38] [431/459] PTBC
[11:09:40] [432/459] RADI
[11:09:41] [433/459] ADCR
[11:09:42] [434/459] SDCS
[11:09:43] [435/459] SRPJ
[11:09:44] [436/459] ARTS
[11:09:44] [437/459] SRHK
[11:09:45] [438/459] SPAY
[11:09:46] [439/459] GPTB
[11:09:47] [440/459] SNNN
[11:09:48] [441/459] BALJ
[11:09:49] [442/459] TRIG
[11:09:50] [443/459] GTYT
[11:09:51] [444/459] ATGN
[11:09:52] [445/459] ANTE
[11:09:53] [446/459] BDCG
[11:09:54] [447/459] VECI
[11:09:54] [448/459] SCPR
[11:09:56] [449/459] RTEA
[11:09:57] [450/459] JSAI
[11:09:58] [451/459] VJTP
[11:09:59] [452/459] GNDS
[11:10:00] [453/459] PAXA
[11:10:01] [454/459] CGGM
[11:10:02] [455/459] ACKZ
[11:10:02] [456/459] EMCC
[11:10:03] [457/459] KLSK
[11:10:04] [458/459] AVCK
[11:10:06] [459/459] JTCK
[11:10:07] 🧹 Deduping shows
[11:10:07] ✅ DONE | Shows=3060 | Movies=71
