[19:57:20] 🚀 SCRIPT STARTED
[19:57:20] [1/459] MBDC
[19:57:20] 🧠 New identity created
[19:57:21] [2/459] CHKM
[19:57:22] [3/459] JTKZ
[19:57:23] [4/459] CMCT
[19:57:24] [5/459] ASHO
[19:57:25] [6/459] ECDG
[19:57:26] [7/459] SPAT
[19:57:27] [8/459] HILC
[19:57:28] [9/459] SPPH
[19:57:29] [10/459] SBHN
[19:57:30] [11/459] RRCA
[19:57:30] [12/459] APAA
[19:57:31] [13/459] RAME
[19:57:32] [14/459] TMMS
[19:57:33] [15/459] BATK
[19:57:34] [16/459] LKOP
[19:57:35] [17/459] AMTT
[19:57:36] [18/459] PTGK
[19:57:36] [19/459] ANRS
[19:57:37] [20/459] VWBW
[19:57:39] [21/459] SVFG
[19:57:40] [22/459] STAT
[19:57:41] [23/459] GDCV
[19:57:42] [24/459] VEBI
[19:57:42] [25/459] VDSS
[19:57:43] [26/459] NTHV
[19:57:44] [27/459] AOCH
[19:57:45] [28/459] KASR
[19:57:47] [29/459] AYCS
[19:57:48] [30/459] SHAI
[19:57:49] [31/459] SKPE
[19:57:51] [32/459] SBTA
[19:57:52] [33/459] RTTD
[19:57:53] [34/459] CCJD
[19:57:54] [35/459] RSJJ
[19:57:54] [36/459] RKND
[19:57:55] [37/459] SVTX
[19:57:57] [38/459] BAKM
[19:57:58] [39/459] SVDC
[19:57:59] [40/459] MNCV
[19:57:59] [41/459] SJGC
[19:58:00] [42/459] MTPK
[19:58:01] [43/459] GATP
[19:58:02] [44/459] ABTS
[19:58:03] [45/459] ABDE
[19:58:04] [46/459] RCNM
[19:58:05] [47/459] KTHV
[19:58:06] [48/459] MDGJ
[19:58:07] [49/459] SMLM
[19:58:08] [50/459] JTMA
[19:58:09] [51/459] ACKP
[19:58:10] [52/459] SRTA
[19:58:11] [53/459] STAY
[19:58:12] [54/459] MAVO
[19:58:13] [55/459] APTS
[19:58:13] [56/459] OMEA
[19:58:14] [57/459] TTFD
[19:58:15] [58/459] MJCU
[19:58:16] [59/459] CXTE
[19:58:17] [60/459] CTPX
[19:58:19] [61/459] ASSL
[19:58:19] [62/459] CMVB
[19:58:20] [63/459] VPUR
[19:58:21] [64/459] JJDA
[19:58:22] [65/459] INBL
[19:58:23] [66/459] BIKB
[19:58:24] [67/459] NTBB
[19:58:24] [68/459] GLOB
[19:58:25] [69/459] SNTB
[19:58:26] [70/459] CHGV
[19:58:27] [71/459] SSBZ
[19:58:28] [72/459] PRDB
[19:58:29] [73/459] ISMT
[19:58:30] [74/459] MCSD
[19:58:30] [75/459] JBTT
[19:58:31] [76/459] GEKR
[19:58:32] [77/459] PVUN
[19:58:33] [78/459] NRTB
[19:58:34] [79/459] PRAA
[19:58:35] [80/459] PCBL
[19:58:35] [81/459] PTCM
[19:58:36] [82/459] KHNN
[19:58:37] [83/459] OMJE
[19:58:38] [84/459] STGN
[19:58:39] [85/459] RPMS
[19:58:41] [86/459] NWAD
[19:58:42] [87/459] BLCK
[19:58:42] [88/459] SVAA
[19:58:43] [89/459] URVM
[19:58:44] [90/459] ANTM
[19:58:45] [91/459] VJYM
[19:58:46] [92/459] MAZZ
[19:58:47] [93/459] CSHM
[19:58:48] [94/459] WGMH
[19:58:49] [95/459] SALN
[19:58:49] [96/459] BRTP
[19:58:50] [97/459] SVTA
[19:58:51] [98/459] SBTP
[19:58:53] [99/459] VLSS
[19:58:53] [100/459] SRJA
[19:58:54] [101/459] ANCG
[19:58:55] [102/459] CGGC
[19:58:56] [103/459] CRJA
[19:58:57] [104/459] USCR
[19:58:58] [105/459] MMEF
[19:58:59] [106/459] JCRJ
[19:59:00] [107/459] ADCM
[19:59:01] [108/459] BMYK
[19:59:02] [109/459] KICS
[19:59:03] [110/459] MBBT
[19:59:04] [111/459] MACK
[19:59:05] [112/459] CLDR
[19:59:06] [113/459] JYCR
[19:59:07] [114/459] DCRP
[19:59:08] [115/459] RAHT
[19:59:09] [116/459] CSSM
[19:59:10] [117/459] ATPK
[19:59:10] [118/459] KLRT
[19:59:11] [119/459] SRDD
[19:59:12] [120/459] CKMC
[19:59:13] [121/459] KRVM
[19:59:14] [122/459] AKCP
[19:59:15] [123/459] CNCV
[19:59:16] [124/459] PACT
[19:59:17] [125/459] NATP
[19:59:18] [126/459] PCPK
[19:59:19] [127/459] SMHO
[19:59:20] [128/459] CWTK
[19:59:21] [129/459] RVKZ
[19:59:22] [130/459] ASPD
[19:59:23] [131/459] VTKZ
[19:59:24] [132/459] LCSO
[19:59:25] [133/459] PRDY
[19:59:26] [134/459] RCAP
[19:59:27] [135/459] RGAR
[19:59:28] [136/459] RCAC
[19:59:29] [137/459] PMOD
[19:59:30] [138/459] PVCN
[19:59:30] [139/459] SCRZ
[19:59:31] [140/459] PVPC
[19:59:32] [141/459] STID
[19:59:33] [142/459] NEDD
[19:59:34] [143/459] BNBA
[19:59:35] [144/459] NTCD
[19:59:36] [145/459] OCDE
[19:59:36] [146/459] CCDU
[19:59:37] [147/459] CRXH
[19:59:38] [148/459] VLVT
[19:59:39] [149/459] CICI
[19:59:40] [150/459] SUCB
[19:59:41] [151/459] TCBP
[19:59:42] [152/459] SCCY
[19:59:43] [153/459] LXCY
[19:59:44] [154/459] NCMD
[19:59:45] [155/459] PHCS
[19:59:46] [156/459] DUXR
[19:59:47] [157/459] VNKS
[19:59:48] [158/459] SEDP
[19:59:49] [159/459] SVEN
[19:59:49] [160/459] SRKM
[19:59:50] [161/459] JTLT
[19:59:51] [162/459] SVSS
[19:59:52] [163/459] AMDE
[19:59:53] [164/459] WVRN
[19:59:54] [165/459] ISMG
[19:59:55] [166/459] WVKS
[19:59:56] [167/459] USCG
[19:59:57] [168/459] IOTG
[19:59:58] [169/459] RRJM
[19:59:58] [170/459] EDMP
[20:00:00] [171/459] SCGZ
[20:00:01] [172/459] GMGX
[20:00:02] [173/459] OMTP
[20:00:03] [174/459] MITD
[20:00:04] [175/459] SMMD
[20:00:05] [176/459] STML
[20:00:06] [177/459] MCFS
[20:00:07] [178/459] FPKA
[20:00:08] [179/459] OMLR
[20:00:08] [180/459] KKSC
[20:00:09] [181/459] RVMA
[20:00:11] [182/459] SCLL
[20:00:12] [183/459] SCDK
[20:00:13] [184/459] SXMI
[20:00:14] [185/459] SHDN
[20:00:14] [186/459] PAAD
[20:00:16] [187/459] UUCB
[20:00:17] [188/459] JHOL
[20:00:18] [189/459] SGWT
[20:00:18] [190/459] SRII
[20:00:19] [191/459] SGCK
[20:00:20] [192/459] SVVB
[20:00:21] [193/459] DMHA
[20:00:22] [194/459] PPNL
[20:00:23] [195/459] CPNL
[20:00:24] [196/459] WVLD
[20:00:25] [197/459] PSLV
[20:00:26] [198/459] VTTL
[20:00:27] [199/459] NPAD
[20:00:27] [200/459] PVCS
[20:00:28] [201/459] MCHL
[20:00:29] [202/459] PPLL
[20:00:30] [203/459] MALO
[20:00:31] [204/459] SWBH
[20:00:32] [205/459] PUGB
[20:00:33] [206/459] INBB
[20:00:34] [207/459] INNS
[20:00:35] [208/459] MCPT
[20:00:36] [209/459] SCMI
[20:00:36] [210/459] OCON
[20:00:37] [211/459] SCSM
[20:00:39] [212/459] RJVN
[20:00:40] [213/459] AMDK
[20:00:40] [214/459] ISMR
[20:00:41] [215/459] SMTD
[20:00:42] [216/459] VTDD
[20:00:43] [217/459] PDDZ
[20:00:44] [218/459] PCCK
[20:00:45] [219/459] INAM
[20:00:46] [220/459] FNKT
[20:00:47] [221/459] GDKA
[20:00:48] [222/459] MAYU
[20:00:50] [223/459] TCGU
[20:00:50] [224/459] KDCA
[20:00:52] [225/459] DOMY
[20:00:53] [226/459] PDDD
[20:00:55] [227/459] BJTS
[20:00:56] [228/459] VTCA
[20:00:57] [229/459] SBTM
[20:00:57] [230/459] SEET
[20:00:58] [231/459] SSTJ
[20:00:59] [232/459] SVNT
[20:01:00] [233/459] PPPR
[20:01:01] [234/459] PVYS
[20:01:02] [235/459] IOSE
[20:01:04] [236/459] ACTV
[20:01:04] [237/459] APVE
[20:01:05] [238/459] TCCL
[20:01:06] [239/459] SCMO
[20:01:07] [240/459] SAUM
[20:01:07] [241/459] KCJS
[20:01:08] [242/459] NJCJ
[20:01:09] [243/459] NECF
[20:01:10] [244/459] CCGW
[20:01:11] [245/459] CCMG
[20:01:12] [246/459] NYRG
[20:01:13] [247/459] NCSQ
[20:01:14] [248/459] GRCG
[20:01:14] [249/459] CCBT
[20:01:15] [250/459] ACGA
[20:01:16] [251/459] INAG
[20:01:17] [252/459] FUCG
[20:01:18] [253/459] AICF
[20:01:19] [254/459] GRGA
[20:01:19] [255/459] GDCN
[20:01:20] [256/459] RRCG
[20:01:21] [257/459] SDCH
[20:01:23] [258/459] WVJM
[20:01:24] [259/459] JCCZ
[20:01:25] [260/459] CNCL
[20:01:26] [261/459] TMLV
[20:01:27] [262/459] MEMB
[20:01:28] [263/459] SGTD
[20:01:29] [264/459] CONX
[20:01:31] [265/459] CCMH
[20:01:31] [266/459] ACMC
[20:01:32] [267/459] DTPD
[20:01:33] [268/459] POJA
[20:01:34] [269/459] FNBH
[20:01:35] [270/459] CGCB
[20:01:36] [271/459] RACN
[20:01:37] [272/459] JTSM
[20:01:38] [273/459] SCDN
[20:01:39] [274/459] AACK
[20:01:41] [275/459] RMCE
[20:01:42] [276/459] BSGB
[20:01:43] [277/459] MRCB
[20:01:44] [278/459] SRVR
[20:01:45] [279/459] VTKK
[20:01:45] [280/459] AMST
[20:01:46] [281/459] APCY
[20:01:47] [282/459] LMHO
[20:01:48] [283/459] MTZH
[20:01:49] [284/459] AMZB
[20:01:50] [285/459] SUVT
[20:01:51] [286/459] RCIP
[20:01:52] [287/459] KESR
[20:01:53] [288/459] SNKC
[20:01:54] [289/459] SCED
[20:01:54] [290/459] DVCA
[20:01:55] [291/459] VCDT
[20:01:57] [292/459] RRDI
[20:01:58] [293/459] DFCH
[20:01:59] [294/459] INSC
[20:02:00] [295/459] RGTR
[20:02:00] [296/459] FMOT
[20:02:01] [297/459] SCPM
[20:02:02] [298/459] GCDT
[20:02:03] [299/459] BRKT
[20:02:04] [300/459] DEMP
[20:02:06] [301/459] SRLC
[20:02:07] [302/459] KSTT
[20:02:07] [303/459] SMMT
[20:02:08] [304/459] SILM
[20:02:09] [305/459] JCVM
[20:02:10] [306/459] KCSV
[20:02:11] [307/459] MHLK
[20:02:12] [308/459] SLVL
[20:02:13] [309/459] RJKP
[20:02:14] [310/459] BBPC
[20:02:14] [311/459] MXCB
[20:02:15] [312/459] TCPK
[20:02:16] [313/459] RTBR
[20:02:17] [314/459] GAUT
[20:02:18] [315/459] DVCF
[20:02:19] [316/459] JTSB
[20:02:20] [317/459] SBLS
[20:02:21] [318/459] UDAY
[20:02:23] [319/459] PTNP
[20:02:24] [320/459] DMKT
[20:02:25] [321/459] NTDT
[20:02:26] [322/459] SHDJ
[20:02:27] [323/459] OTNC
[20:02:27] [324/459] RNTW
[20:02:28] [325/459] GCMI
[20:02:30] [326/459] CRCM
[20:02:31] [327/459] NNCZ
[20:02:32] [328/459] OEMO
[20:02:33] [329/459] PVJM
[20:02:35] [330/459] CPJI
[20:02:36] [331/459] RMCJ
[20:02:37] [332/459] CNWJ
[20:02:38] [333/459] EPJM
[20:02:39] [334/459] FNJJ
[20:02:39] [335/459] GCMJ
[20:02:41] [336/459] INPS
[20:02:42] [337/459] BICJ
[20:02:42] [338/459] ISTJ
[20:02:44] [339/459] INJC
[20:02:45] [340/459] GLXJ
[20:02:46] [341/459] INEM
[20:02:47] [342/459] JTMN
[20:02:47] [343/459] FRCJ
[20:02:48] [344/459] DDJP
[20:02:49] [345/459] INJV
[20:02:51] [346/459] GOLC
[20:02:52] [347/459] KOCI
[20:02:52] [348/459] FSTD
[20:02:53] [349/459] PACJ
[20:02:54] [350/459] GMCN
[20:02:55] [351/459] MMDJ
[20:02:56] [352/459] GODH
[20:02:57] [353/459] SKYN
[20:02:57] [354/459] NCTH
[20:02:58] [355/459] SKVZ
[20:02:59] [356/459] SVML
[20:03:00] [357/459] ACVZ
[20:03:01] [358/459] SURA
[20:03:01] [359/459] RTRB
[20:03:02] [360/459] LLCT
[20:03:03] [361/459] ATTS
[20:03:04] [362/459] JYCM
[20:03:05] [363/459] CTKR
[20:03:06] [364/459] LCKR
[20:03:07] [365/459] NYCV
[20:03:08] [366/459] NYOH
[20:03:09] [367/459] NOVX
[20:03:09] [368/459] MRGK
[20:03:10] [369/459] MOON
[20:03:11] [370/459] SBUC
[20:03:12] [371/459] GSVA
[20:03:13] [372/459] VIAK
[20:03:14] [373/459] SMVZ
[20:03:15] [374/459] MATE
[20:03:15] [375/459] RDCN
[20:03:16] [376/459] ASBL
[20:03:17] [377/459] ASVS
[20:03:18] [378/459] ASSR
[20:03:19] [379/459] SSKN
[20:03:20] [380/459] DRPV
[20:03:21] [381/459] MRHT
[20:03:22] [382/459] BSCN
[20:03:22] [383/459] RKNX
[20:03:23] [384/459] MSMC
[20:03:24] [385/459] MSCJ
[20:03:25] [386/459] BTBJ
[20:03:26] [387/459] MJCC
[20:03:26] [388/459] IOMM
[20:03:28] [389/459] ADGR
[20:03:29] [390/459] MYCP
[20:03:29] [391/459] IGCM
[20:03:30] [392/459] PGRK
[20:03:31] [393/459] VPGO
[20:03:32] [394/459] KOMS
[20:03:33] [395/459] URGG
[20:03:34] [396/459] GOST
[20:03:35] [397/459] LACT
[20:03:36] [398/459] BWCM
[20:03:37] [399/459] NCCW
[20:03:38] [400/459] SKYC
[20:03:38] [401/459] CCPM
[20:03:39] [402/459] VCBT
[20:03:40] [403/459] SDKR
[20:03:41] [404/459] CTYB
[20:03:42] [405/459] SHCX
[20:03:43] [406/459] RCUN
[20:03:44] [407/459] CNRA
[20:03:45] [408/459] RFCA
[20:03:46] [409/459] RDCU
[20:03:47] [410/459] SARK
[20:03:48] [411/459] SPPP
[20:03:49] [412/459] ADMB
[20:03:50] [413/459] JYOE
[20:03:51] [414/459] SRMD
[20:03:52] [415/459] RJDH
[20:03:53] [416/459] SSTD
[20:03:54] [417/459] AACV
[20:03:55] [418/459] PPVD
[20:03:56] [419/459] STCP
[20:03:57] [420/459] ANJR
[20:03:59] [421/459] ANLS
[20:04:00] [422/459] BIJO
[20:04:00] [423/459] AVAB
[20:04:01] [424/459] SPMD
[20:04:02] [425/459] SVJL
[20:04:03] [426/459] SDDJ
[20:04:04] [427/459] SLTU
[20:04:05] [428/459] SAKA
[20:04:06] [429/459] PMAM
[20:04:07] [430/459] FNAM
[20:04:08] [431/459] ACAM
[20:04:08] [432/459] SCMM
[20:04:09] [433/459] PMAK
[20:04:10] [434/459] NYSA
[20:04:11] [435/459] FCPA
[20:04:12] [436/459] GDAN
[20:04:13] [437/459] RSCA
[20:04:14] [438/459] DMAN
[20:04:15] [439/459] DZCM
[20:04:16] [440/459] NSGL
[20:04:16] [441/459] CCPP
[20:04:17] [442/459] PSMG
[20:04:18] [443/459] GSER
[20:04:19] [444/459] FCCT
[20:04:20] [445/459] FCTB
[20:04:21] [446/459] LCNK
[20:04:22] [447/459] SKTY
[20:04:22] [448/459] INAA
[20:04:23] [449/459] RCWN
[20:04:24] [450/459] VAIS
[20:04:25] [451/459] CVMN
[20:04:26] [452/459] INTS
[20:04:27] [453/459] FRGS
[20:04:28] [454/459] DTCK
[20:04:29] [455/459] MCMH
[20:04:30] [456/459] ECRR
[20:04:31] [457/459] RLLP
[20:04:32] [458/459] CCSN
[20:04:33] [459/459] CCBA
[20:04:33] 🧹 Deduping shows
[20:04:33] ✅ DONE | Shows=1609 | Movies=58
[22:53:54] 🚀 SCRIPT STARTED
[22:53:54] [1/459] MBDC
[22:53:55] 🧠 New identity created
[22:53:55] [2/459] CHKM
[22:53:56] [3/459] JTKZ
[22:53:57] [4/459] CMCT
[22:53:58] [5/459] ASHO
[22:53:59] [6/459] ECDG
[22:54:00] [7/459] SPAT
[22:54:00] [8/459] HILC
[22:54:01] [9/459] SPPH
[22:54:02] [10/459] SBHN
[22:54:03] [11/459] RRCA
[22:54:04] [12/459] APAA
[22:54:05] [13/459] RAME
[22:54:05] [14/459] TMMS
[22:54:06] [15/459] BATK
[22:54:07] [16/459] LKOP
[22:54:09] [17/459] AMTT
[22:54:09] [18/459] PTGK
[22:54:10] [19/459] ANRS
[22:54:11] [20/459] VWBW
[22:54:12] [21/459] SVFG
[22:54:14] [22/459] STAT
[22:54:15] [23/459] GDCV
[22:54:16] [24/459] VEBI
[22:54:17] [25/459] VDSS
[22:54:17] [26/459] NTHV
[22:54:19] [27/459] AOCH
[22:54:20] [28/459] KASR
[22:54:21] [29/459] AYCS
[22:54:22] [30/459] SHAI
[22:54:22] [31/459] SKPE
[22:54:24] [32/459] SBTA
[22:54:25] [33/459] RTTD
[22:54:26] [34/459] CCJD
[22:54:27] [35/459] RSJJ
[22:54:29] [36/459] RKND
[22:54:29] [37/459] SVTX
[22:54:30] [38/459] BAKM
[22:54:31] [39/459] SVDC
[22:54:32] [40/459] MNCV
[22:54:33] [41/459] SJGC
[22:54:34] [42/459] MTPK
[22:54:35] [43/459] GATP
[22:54:35] [44/459] ABTS
[22:54:36] [45/459] ABDE
[22:54:37] [46/459] RCNM
[22:54:38] [47/459] KTHV
[22:54:39] [48/459] MDGJ
[22:54:39] [49/459] SMLM
[22:54:40] [50/459] JTMA
[22:54:41] [51/459] ACKP
[22:54:42] [52/459] SRTA
[22:54:43] [53/459] STAY
[22:54:44] [54/459] MAVO
[22:54:45] [55/459] APTS
[22:54:46] [56/459] OMEA
[22:54:46] [57/459] TTFD
[22:54:47] [58/459] MJCU
[22:54:48] [59/459] CXTE
[22:54:49] [60/459] CTPX
[22:54:50] [61/459] ASSL
[22:54:50] [62/459] CMVB
[22:54:51] [63/459] VPUR
[22:54:52] [64/459] JJDA
[22:54:53] [65/459] INBL
[22:54:54] [66/459] BIKB
[22:54:55] [67/459] NTBB
[22:54:55] [68/459] GLOB
[22:54:56] [69/459] SNTB
[22:54:58] [70/459] CHGV
[22:54:58] [71/459] SSBZ
[22:54:59] [72/459] PRDB
[22:55:00] [73/459] ISMT
[22:55:01] [74/459] MCSD
[22:55:02] [75/459] JBTT
[22:55:03] [76/459] GEKR
[22:55:04] [77/459] PVUN
[22:55:04] [78/459] NRTB
[22:55:05] [79/459] PRAA
[22:55:06] [80/459] PCBL
[22:55:07] [81/459] PTCM
[22:55:08] [82/459] KHNN
[22:55:09] [83/459] OMJE
[22:55:09] [84/459] STGN
[22:55:10] [85/459] RPMS
[22:55:11] [86/459] NWAD
[22:55:12] [87/459] BLCK
[22:55:13] [88/459] SVAA
[22:55:14] [89/459] URVM
[22:55:15] [90/459] ANTM
[22:55:16] [91/459] VJYM
[22:55:17] [92/459] MAZZ
[22:55:18] [93/459] CSHM
[22:55:19] [94/459] WGMH
[22:55:21] [95/459] SALN
[22:55:21] [96/459] BRTP
[22:55:22] [97/459] SVTA
[22:55:24] [98/459] SBTP
[22:55:24] [99/459] VLSS
[22:55:25] [100/459] SRJA
[22:55:26] [101/459] ANCG
[22:55:27] [102/459] CGGC
[22:55:29] [103/459] CRJA
[22:55:29] [104/459] USCR
[22:55:30] [105/459] MMEF
[22:55:31] [106/459] JCRJ
[22:55:32] [107/459] ADCM
[22:55:32] [108/459] BMYK
[22:55:33] [109/459] KICS
[22:55:35] [110/459] MBBT
[22:55:36] [111/459] MACK
[22:55:37] [112/459] CLDR
[22:55:37] [113/459] JYCR
[22:55:38] [114/459] DCRP
[22:55:39] [115/459] RAHT
[22:55:41] [116/459] CSSM
[22:55:42] [117/459] ATPK
[22:55:42] [118/459] KLRT
[22:55:43] [119/459] SRDD
[22:55:45] [120/459] CKMC
[22:55:46] [121/459] KRVM
[22:55:47] [122/459] AKCP
[22:55:48] [123/459] CNCV
[22:55:49] [124/459] PACT
[22:55:49] [125/459] NATP
[22:55:50] [126/459] PCPK
[22:55:51] [127/459] SMHO
[22:55:52] [128/459] CWTK
[22:55:53] [129/459] RVKZ
[22:55:54] [130/459] ASPD
[22:55:55] [131/459] VTKZ
[22:55:56] [132/459] LCSO
[22:55:57] [133/459] PRDY
[22:55:57] [134/459] RCAP
[22:55:58] [135/459] RGAR
[22:55:59] [136/459] RCAC
[22:56:00] [137/459] PMOD
[22:56:01] [138/459] PVCN
[22:56:02] [139/459] SCRZ
[22:56:02] [140/459] PVPC
[22:56:03] [141/459] STID
[22:56:04] [142/459] NEDD
[22:56:05] [143/459] BNBA
[22:56:06] [144/459] NTCD
[22:56:06] [145/459] OCDE
[22:56:07] [146/459] CCDU
[22:56:08] [147/459] CRXH
[22:56:09] [148/459] VLVT
[22:56:10] [149/459] CICI
[22:56:11] [150/459] SUCB
[22:56:12] [151/459] TCBP
[22:56:13] [152/459] SCCY
[22:56:13] [153/459] LXCY
[22:56:14] [154/459] NCMD
[22:56:15] [155/459] PHCS
[22:56:16] [156/459] DUXR
[22:56:17] [157/459] VNKS
[22:56:18] [158/459] SEDP
[22:56:19] [159/459] SVEN
[22:56:19] [160/459] SRKM
[22:56:20] [161/459] JTLT
[22:56:21] [162/459] SVSS
[22:56:22] [163/459] AMDE
[22:56:22] [164/459] WVRN
[22:56:23] [165/459] ISMG
[22:56:25] [166/459] WVKS
[22:56:26] [167/459] USCG
[22:56:27] [168/459] IOTG
[22:56:28] [169/459] RRJM
[22:56:28] [170/459] EDMP
[22:56:29] [171/459] SCGZ
[22:56:31] [172/459] GMGX
[22:56:32] [173/459] OMTP
[22:56:32] [174/459] MITD
[22:56:33] [175/459] SMMD
[22:56:34] [176/459] STML
[22:56:35] [177/459] MCFS
[22:56:36] [178/459] FPKA
[22:56:36] [179/459] OMLR
[22:56:37] [180/459] KKSC
[22:56:39] [181/459] RVMA
[22:56:39] [182/459] SCLL
[22:56:40] [183/459] SCDK
[22:56:41] [184/459] SXMI
[22:56:42] [185/459] SHDN
[22:56:43] [186/459] PAAD
[22:56:44] [187/459] UUCB
[22:56:44] [188/459] JHOL
[22:56:45] [189/459] SGWT
[22:56:46] [190/459] SRII
[22:56:47] [191/459] SGCK
[22:56:48] [192/459] SVVB
[22:56:49] [193/459] DMHA
[22:56:50] [194/459] PPNL
[22:56:51] [195/459] CPNL
[22:56:52] [196/459] WVLD
[22:56:52] [197/459] PSLV
[22:56:53] [198/459] VTTL
[22:56:54] [199/459] NPAD
[22:56:55] [200/459] PVCS
[22:56:56] [201/459] MCHL
[22:56:56] [202/459] PPLL
[22:56:57] [203/459] MALO
[22:56:58] [204/459] SWBH
[22:56:59] [205/459] PUGB
[22:56:59] [206/459] INBB
[22:57:00] [207/459] INNS
[22:57:02] [208/459] MCPT
[22:57:02] [209/459] SCMI
[22:57:03] [210/459] OCON
[22:57:04] [211/459] SCSM
[22:57:05] [212/459] RJVN
[22:57:06] [213/459] AMDK
[22:57:06] [214/459] ISMR
[22:57:07] [215/459] SMTD
[22:57:08] [216/459] VTDD
[22:57:09] [217/459] PDDZ
[22:57:10] [218/459] PCCK
[22:57:10] [219/459] INAM
[22:57:11] [220/459] FNKT
[22:57:12] [221/459] GDKA
[22:57:13] [222/459] MAYU
[22:57:14] [223/459] TCGU
[22:57:15] [224/459] KDCA
[22:57:16] [225/459] DOMY
[22:57:17] [226/459] PDDD
[22:57:17] [227/459] BJTS
[22:57:18] [228/459] VTCA
[22:57:19] [229/459] SBTM
[22:57:20] [230/459] SEET
[22:57:20] [231/459] SSTJ
[22:57:21] [232/459] SVNT
[22:57:22] [233/459] PPPR
[22:57:23] [234/459] PVYS
[22:57:24] [235/459] IOSE
[22:57:24] [236/459] ACTV
[22:57:25] [237/459] APVE
[22:57:26] [238/459] TCCL
[22:57:27] [239/459] SCMO
[22:57:28] [240/459] SAUM
[22:57:29] [241/459] KCJS
[22:57:31] [242/459] NJCJ
[22:57:31] [243/459] NECF
[22:57:32] [244/459] CCGW
[22:57:33] [245/459] CCMG
[22:57:34] [246/459] NYRG
[22:57:35] [247/459] NCSQ
[22:57:36] [248/459] GRCG
[22:57:37] [249/459] CCBT
[22:57:38] [250/459] ACGA
[22:57:39] [251/459] INAG
[22:57:39] [252/459] FUCG
[22:57:40] [253/459] AICF
[22:57:41] [254/459] GRGA
[22:57:42] [255/459] GDCN
[22:57:43] [256/459] RRCG
[22:57:44] [257/459] SDCH
[22:57:45] [258/459] WVJM
[22:57:46] [259/459] JCCZ
[22:57:47] [260/459] CNCL
[22:57:48] [261/459] TMLV
[22:57:49] [262/459] MEMB
[22:57:50] [263/459] SGTD
[22:57:51] [264/459] CONX
[22:57:51] [265/459] CCMH
[22:57:52] [266/459] ACMC
[22:57:53] [267/459] DTPD
[22:57:54] [268/459] POJA
[22:57:54] [269/459] FNBH
[22:57:55] [270/459] CGCB
[22:57:56] [271/459] RACN
[22:57:57] [272/459] JTSM
[22:57:58] [273/459] SCDN
[22:57:59] [274/459] AACK
[22:57:59] [275/459] RMCE
[22:58:00] [276/459] BSGB
[22:58:01] [277/459] MRCB
[22:58:02] [278/459] SRVR
[22:58:02] [279/459] VTKK
[22:58:03] [280/459] AMST
[22:58:04] [281/459] APCY
[22:58:05] [282/459] LMHO
[22:58:06] [283/459] MTZH
[22:58:06] [284/459] AMZB
[22:58:08] [285/459] SUVT
[22:58:09] [286/459] RCIP
[22:58:10] [287/459] KESR
[22:58:11] [288/459] SNKC
[22:58:12] [289/459] SCED
[22:58:12] [290/459] DVCA
[22:58:13] [291/459] VCDT
[22:58:14] [292/459] RRDI
[22:58:15] [293/459] DFCH
[22:58:16] [294/459] INSC
[22:58:17] [295/459] RGTR
[22:58:18] [296/459] FMOT
[22:58:18] [297/459] SCPM
[22:58:19] [298/459] GCDT
[22:58:20] [299/459] BRKT
[22:58:21] [300/459] DEMP
[22:58:21] [301/459] SRLC
[22:58:22] [302/459] KSTT
[22:58:23] [303/459] SMMT
[22:58:24] [304/459] SILM
[22:58:25] [305/459] JCVM
[22:58:26] [306/459] KCSV
[22:58:26] [307/459] MHLK
[22:58:27] [308/459] SLVL
[22:58:28] [309/459] RJKP
[22:58:29] [310/459] BBPC
[22:58:30] [311/459] MXCB
[22:58:31] [312/459] TCPK
[22:58:32] [313/459] RTBR
[22:58:32] [314/459] GAUT
[22:58:33] [315/459] DVCF
[22:58:34] [316/459] JTSB
[22:58:35] [317/459] SBLS
[22:58:36] [318/459] UDAY
[22:58:36] [319/459] PTNP
[22:58:37] [320/459] DMKT
[22:58:38] [321/459] NTDT
[22:58:39] [322/459] SHDJ
[22:58:39] [323/459] OTNC
[22:58:40] [324/459] RNTW
[22:58:41] [325/459] GCMI
[22:58:42] [326/459] CRCM
[22:58:43] [327/459] NNCZ
[22:58:44] [328/459] OEMO
[22:58:45] [329/459] PVJM
[22:58:46] [330/459] CPJI
[22:58:46] [331/459] RMCJ
[22:58:47] [332/459] CNWJ
[22:58:48] [333/459] EPJM
[22:58:49] [334/459] FNJJ
[22:58:50] [335/459] GCMJ
[22:58:51] [336/459] INPS
[22:58:52] [337/459] BICJ
[22:58:53] [338/459] ISTJ
[22:58:54] [339/459] INJC
[22:58:54] [340/459] GLXJ
[22:58:55] [341/459] INEM
[22:58:56] [342/459] JTMN
[22:58:57] [343/459] FRCJ
[22:58:59] [344/459] DDJP
[22:58:59] [345/459] INJV
[22:59:00] [346/459] GOLC
[22:59:01] [347/459] KOCI
[22:59:02] [348/459] FSTD
[22:59:02] [349/459] PACJ
[22:59:03] [350/459] GMCN
[22:59:04] [351/459] MMDJ
[22:59:05] [352/459] GODH
[22:59:06] [353/459] SKYN
[22:59:07] [354/459] NCTH
[22:59:08] [355/459] SKVZ
[22:59:09] [356/459] SVML
[22:59:09] [357/459] ACVZ
[22:59:10] [358/459] SURA
[22:59:11] [359/459] RTRB
[22:59:12] [360/459] LLCT
[22:59:13] [361/459] ATTS
[22:59:15] [362/459] JYCM
[22:59:16] [363/459] CTKR
[22:59:16] [364/459] LCKR
[22:59:17] [365/459] NYCV
[22:59:18] [366/459] NYOH
[22:59:19] [367/459] NOVX
[22:59:19] [368/459] MRGK
[22:59:20] [369/459] MOON
[22:59:21] [370/459] SBUC
[22:59:22] [371/459] GSVA
[22:59:23] [372/459] VIAK
[22:59:24] [373/459] SMVZ
[22:59:26] [374/459] MATE
[22:59:27] [375/459] RDCN
[22:59:28] [376/459] ASBL
[22:59:29] [377/459] ASVS
[22:59:30] [378/459] ASSR
[22:59:32] [379/459] SSKN
[22:59:33] [380/459] DRPV
[22:59:33] [381/459] MRHT
[22:59:34] [382/459] BSCN
[22:59:35] [383/459] RKNX
[22:59:36] [384/459] MSMC
[22:59:37] [385/459] MSCJ
[22:59:38] [386/459] BTBJ
[22:59:39] [387/459] MJCC
[22:59:40] [388/459] IOMM
[22:59:40] [389/459] ADGR
[22:59:41] [390/459] MYCP
[22:59:43] [391/459] IGCM
[22:59:44] [392/459] PGRK
[22:59:45] [393/459] VPGO
[22:59:45] [394/459] KOMS
[22:59:47] [395/459] URGG
[22:59:48] [396/459] GOST
[22:59:49] [397/459] LACT
[22:59:50] [398/459] BWCM
[22:59:51] [399/459] NCCW
[22:59:53] [400/459] SKYC
[22:59:53] [401/459] CCPM
[22:59:54] [402/459] VCBT
[22:59:55] [403/459] SDKR
[22:59:56] [404/459] CTYB
[22:59:57] [405/459] SHCX
[22:59:58] [406/459] RCUN
[22:59:59] [407/459] CNRA
[22:59:59] [408/459] RFCA
[23:00:00] [409/459] RDCU
[23:00:02] [410/459] SARK
[23:00:03] [411/459] SPPP
[23:00:04] [412/459] ADMB
[23:00:05] [413/459] JYOE
[23:00:05] [414/459] SRMD
[23:00:06] [415/459] RJDH
[23:00:08] [416/459] SSTD
[23:00:09] [417/459] AACV
[23:00:10] [418/459] PPVD
[23:00:10] [419/459] STCP
[23:00:11] [420/459] ANJR
[23:00:12] [421/459] ANLS
[23:00:13] [422/459] BIJO
[23:00:14] [423/459] AVAB
[23:00:14] [424/459] SPMD
[23:00:15] [425/459] SVJL
[23:00:17] [426/459] SDDJ
[23:00:18] [427/459] SLTU
[23:00:18] [428/459] SAKA
[23:00:19] [429/459] PMAM
[23:00:21] [430/459] FNAM
[23:00:22] [431/459] ACAM
[23:00:23] [432/459] SCMM
[23:00:23] [433/459] PMAK
[23:00:24] [434/459] NYSA
[23:00:25] [435/459] FCPA
[23:00:26] [436/459] GDAN
[23:00:28] [437/459] RSCA
[23:00:28] [438/459] DMAN
[23:00:30] [439/459] DZCM
[23:00:31] [440/459] NSGL
[23:00:32] [441/459] CCPP
[23:00:33] [442/459] PSMG
[23:00:34] [443/459] GSER
[23:00:35] [444/459] FCCT
[23:00:36] [445/459] FCTB
[23:00:37] [446/459] LCNK
[23:00:37] [447/459] SKTY
[23:00:38] [448/459] INAA
[23:00:39] [449/459] RCWN
[23:00:40] [450/459] VAIS
[23:00:42] [451/459] CVMN
[23:00:44] [452/459] INTS
[23:00:44] [453/459] FRGS
[23:00:45] [454/459] DTCK
[23:00:46] [455/459] MCMH
[23:00:47] [456/459] ECRR
[23:00:47] [457/459] RLLP
[23:00:48] [458/459] CCSN
[23:00:49] [459/459] CCBA
[23:00:50] 🧹 Deduping shows
[23:00:50] ✅ DONE | Shows=1907 | Movies=61
