[19:56:07] 🚀 SCRIPT STARTED
[19:56:07] [1/459] FNDB
[19:56:07] 🧠 New identity created
[19:56:07] [2/459] AMBH
[19:56:08] [3/459] PRHN
[19:56:09] [4/459] ACPM
[19:56:10] [5/459] PVFS
[19:56:11] [6/459] AACN
[19:56:12] [7/459] ACAS
[19:56:13] [8/459] CTNR
[19:56:13] [9/459] MMAH
[19:56:14] [10/459] CPMH
[19:56:15] [11/459] IGMH
[19:56:16] [12/459] ABCS
[19:56:17] [13/459] CMMA
[19:56:18] [14/459] GPRH
[19:56:19] [15/459] PNNG
[19:56:19] [16/459] AMCA
[19:56:20] [17/459] ISTN
[19:56:21] [18/459] PIIC
[19:56:23] [19/459] AHMH
[19:56:24] [20/459] ASHN
[19:56:24] [21/459] INHY
[19:56:25] [22/459] SRMO
[19:56:26] [23/459] PIMH
[19:56:27] [24/459] PVTS
[19:56:28] [25/459] MMCA
[19:56:29] [26/459] AKYJ
[19:56:30] [27/459] BRKH
[19:56:31] [28/459] MAHM
[19:56:32] [29/459] CPHY
[19:56:33] [30/459] PVTP
[19:56:33] [31/459] SMMR
[19:56:34] [32/459] PVHM
[19:56:35] [33/459] SNDY
[19:56:36] [34/459] GOKU
[19:56:37] [35/459] ACEV
[19:56:38] [36/459] PVUM
[19:56:39] [37/459] VSWA
[19:56:40] [38/459] IPRS
[19:56:40] [39/459] ASGN
[19:56:41] [40/459] BKMV
[19:56:42] [41/459] PVYH
[19:56:44] [42/459] INKM
[19:56:44] [43/459] ARJU
[19:56:45] [44/459] JJPP
[19:56:46] [45/459] SSRM
[19:56:47] [46/459] HMHD
[19:56:48] [47/459] SNKH
[19:56:49] [48/459] ACHI
[19:56:49] [49/459] MRAA
[19:56:50] [50/459] INMH
[19:56:51] [51/459] ARMH
[19:56:52] [52/459] DVRR
[19:56:52] [53/459] SUDA
[19:56:53] [54/459] MCSS
[19:56:54] [55/459] VRKC
[19:56:55] [56/459] PRCX
[19:56:56] [57/459] ASJY
[19:56:57] [58/459] MTHY
[19:56:57] [59/459] SRCM
[19:56:58] [60/459] TVHY
[19:56:59] [61/459] STHD
[19:57:00] [62/459] CPCL
[19:57:00] [63/459] PSMJ
[19:57:01] [64/459] MRGT
[19:57:03] [65/459] ARYH
[19:57:04] [66/459] VTRB
[19:57:04] [67/459] SCHC
[19:57:05] [68/459] MRRG
[19:57:06] [69/459] SPCB
[19:57:07] [70/459] AMCM
[19:57:08] [71/459] IVNM
[19:57:09] [72/459] TRHY
[19:57:10] [73/459] PTTH
[19:57:11] [74/459] RKMH
[19:57:11] [75/459] PRCS
[19:57:13] [76/459] VAJA
[19:57:13] [77/459] BJNG
[19:57:14] [78/459] SCVM
[19:57:15] [79/459] GNHB
[19:57:16] [80/459] TLUR
[19:57:17] [81/459] UKCC
[19:57:18] [82/459] SRKR
[19:57:19] [83/459] RMKN
[19:57:20] [84/459] SLRT
[19:57:20] [85/459] LKMT
[19:57:21] [86/459] SSRJ
[19:57:22] [87/459] SPHT
[19:57:22] [88/459] ANTT
[19:57:23] [89/459] SRCH
[19:57:24] [90/459] SRCA
[19:57:25] [91/459] ARTH
[19:57:26] [92/459] MCBH
[19:57:27] [93/459] SNIB
[19:57:28] [94/459] SART
[19:57:29] [95/459] SKTA
[19:57:29] [96/459] YAKT
[19:57:30] [97/459] MLCK
[19:57:31] [98/459] ANTS
[19:57:32] [99/459] DGCA
[19:57:33] [100/459] SGMP
[19:57:34] [101/459] ASWN
[19:57:36] [102/459] KFVU
[19:57:37] [103/459] POOR
[19:57:37] [104/459] GKDN
[19:57:38] [105/459] EOSE
[19:57:39] [106/459] GTTT
[19:57:39] [107/459] ARRO
[19:57:40] [108/459] CMMK
[19:57:41] [109/459] MSCN
[19:57:42] [110/459] GDKH
[19:57:43] [111/459] DLMT
[19:57:43] [112/459] PVMF
[19:57:44] [113/459] CPCK
[19:57:45] [114/459] VMHE
[19:57:46] [115/459] PVLC
[19:57:47] [116/459] PCVB
[19:57:48] [117/459] SNYK
[19:57:48] [118/459] KTEK
[19:57:50] [119/459] PCNM
[19:57:51] [120/459] NTTR
[19:57:51] [121/459] CPSK
[19:57:52] [122/459] JMMA
[19:57:53] [123/459] GCFK
[19:57:54] [124/459] MYCA
[19:57:55] [125/459] KSNP
[19:57:56] [126/459] PMCE
[19:57:57] [127/459] SCKI
[19:57:58] [128/459] FSMA
[19:57:59] [129/459] CETA
[19:58:00] [130/459] MCIK
[19:58:01] [131/459] MYCR
[19:58:01] [132/459] EVMP
[19:58:02] [133/459] SSGT
[19:58:03] [134/459] KCTK
[19:58:04] [135/459] ZTKC
[19:58:05] [136/459] MMTA
[19:58:05] [137/459] MAJT
[19:58:06] [138/459] ACPK
[19:58:07] [139/459] JMAX
[19:58:08] [140/459] SETK
[19:58:09] [141/459] CAIS
[19:58:10] [142/459] AGCD
[19:58:10] [143/459] URCL
[19:58:11] [144/459] VTDS
[19:58:12] [145/459] JCNM
[19:58:13] [146/459] KCAM
[19:58:14] [147/459] ADCU
[19:58:15] [148/459] GXYN
[19:58:16] [149/459] SMJG
[19:58:17] [150/459] EYCJ
[19:58:17] [151/459] CCEJ
[19:58:18] [152/459] MARS
[19:58:19] [153/459] CPVJ
[19:58:20] [154/459] INVP
[19:58:21] [155/459] CPOV
[19:58:21] [156/459] VIJK
[19:58:22] [157/459] LAIM
[19:58:23] [158/459] STHV
[19:58:24] [159/459] SVLJ
[19:58:25] [160/459] ATVJ
[19:58:26] [161/459] JTSC
[19:58:27] [162/459] RMTV
[19:58:28] [163/459] MGGG
[19:58:29] [164/459] SWTH
[19:58:30] [165/459] INVJ
[19:58:31] [166/459] PRSV
[19:58:32] [167/459] JATV
[19:58:32] [168/459] RCVD
[19:58:33] [169/459] BDMA
[19:58:34] [170/459] BLJI
[19:58:35] [171/459] SWOT
[19:58:35] [172/459] SWRN
[19:58:36] [173/459] TVRA
[19:58:37] [174/459] VCSV
[19:58:38] [175/459] NVRN
[19:58:39] [176/459] SIKC
[19:58:40] [177/459] VAKR
[19:58:41] [178/459] SYLN
[19:58:42] [179/459] KLJL
[19:58:43] [180/459] LKMY
[19:58:43] [181/459] VSLY
[19:58:44] [182/459] CIKO
[19:58:45] [183/459] GPBG
[19:58:46] [184/459] CECM
[19:58:47] [185/459] SLKB
[19:58:47] [186/459] MTBO
[19:58:48] [187/459] SSHB
[19:58:49] [188/459] VPCS
[19:58:50] [189/459] RCSR
[19:58:51] [190/459] RJRM
[19:58:51] [191/459] KPPB
[19:58:52] [192/459] SEDC
[19:58:53] [193/459] SCAI
[19:58:54] [194/459] RMTR
[19:58:55] [195/459] ASST
[19:58:56] [196/459] GCAK
[19:58:57] [197/459] ANNK
[19:58:58] [198/459] KDDF
[19:58:59] [199/459] NRDP
[19:59:00] [200/459] PLAK
[19:59:01] [201/459] GCMC
[19:59:02] [202/459] ALPY
[19:59:02] [203/459] SICE
[19:59:03] [204/459] SISR
[19:59:04] [205/459] SRPZ
[19:59:05] [206/459] SRSW
[19:59:06] [207/459] SUYA
[19:59:07] [208/459] AMMT
[19:59:08] [209/459] BHCU
[19:59:08] [210/459] KLPA
[19:59:09] [211/459] NVKH
[19:59:10] [212/459] JMRC
[19:59:11] [213/459] KTTT
[19:59:11] [214/459] MAGH
[19:59:12] [215/459] MMMX
[19:59:13] [216/459] SALJ
[19:59:14] [217/459] GTJA
[19:59:15] [218/459] MAHT
[19:59:16] [219/459] SSNN
[19:59:17] [220/459] ARRP
[19:59:17] [221/459] ATNS
[19:59:18] [222/459] SKDT
[19:59:19] [223/459] ACAT
[19:59:20] [224/459] APRC
[19:59:21] [225/459] SWAG
[19:59:22] [226/459] SDPT
[19:59:22] [227/459] STPS
[19:59:23] [228/459] WWCZ
[19:59:25] [229/459] LLCH
[19:59:26] [230/459] MZHA
[19:59:27] [231/459] CRJG
[19:59:28] [232/459] JGTK
[19:59:28] [233/459] KCSR
[19:59:29] [234/459] CHTL
[19:59:30] [235/459] EDSR
[19:59:31] [236/459] CSWO
[19:59:32] [237/459] CPVM
[19:59:33] [238/459] MXBY
[19:59:34] [239/459] FMMA
[19:59:34] [240/459] POVI
[19:59:35] [241/459] MTHB
[19:59:36] [242/459] INRC
[19:59:38] [243/459] PIPP
[19:59:39] [244/459] BMXC
[19:59:39] [245/459] PCMM
[19:59:40] [246/459] PMKM
[19:59:41] [247/459] GATY
[19:59:43] [248/459] IMCM
[19:59:44] [249/459] POPE
[19:59:44] [250/459] MTCR
[19:59:45] [251/459] PVAE
[19:59:46] [252/459] PVMI
[19:59:47] [253/459] CPNM
[19:59:48] [254/459] FMRL
[19:59:49] [255/459] MCIW
[19:59:50] [256/459] MXBO
[19:59:51] [257/459] FMKY
[19:59:52] [258/459] FMDA
[19:59:53] [259/459] THAB
[19:59:54] [260/459] PRCW
[19:59:55] [261/459] PITI
[19:59:56] [262/459] MCFF
[19:59:56] [263/459] PDDV
[19:59:57] [264/459] MCRM
[19:59:58] [265/459] KKMB
[19:59:59] [266/459] INKO
[19:59:59] [267/459] PLXP
[20:00:00] [268/459] MMHA
[20:00:01] [269/459] FMVS
[20:00:01] [270/459] POLM
[20:00:02] [271/459] STER
[20:00:04] [272/459] PVWJ
[20:00:04] [273/459] IMJW
[20:00:05] [274/459] FNAN
[20:00:06] [275/459] CAGL
[20:00:07] [276/459] IPBG
[20:00:08] [277/459] SMFV
[20:00:08] [278/459] MMMR
[20:00:09] [279/459] MMWM
[20:00:10] [280/459] FNCM
[20:00:11] [281/459] MDVA
[20:00:12] [282/459] MMET
[20:00:13] [283/459] MIDO
[20:00:13] [284/459] INNP
[20:00:14] [285/459] MIFU
[20:00:15] [286/459] MMSZ
[20:00:16] [287/459] BMXA
[20:00:17] [288/459] MCAA
[20:00:18] [289/459] SCVP
[20:00:19] [290/459] PLUS
[20:00:20] [291/459] MUCK
[20:00:21] [292/459] MTMA
[20:00:22] [293/459] HPVR
[20:00:22] [294/459] PMPK
[20:00:23] [295/459] MAJB
[20:00:24] [296/459] CTRR
[20:00:26] [297/459] MCTG
[20:00:26] [298/459] MACE
[20:00:27] [299/459] AAAS
[20:00:28] [300/459] CPVV
[20:00:29] [301/459] RCHG
[20:00:29] [302/459] MCNE
[20:00:30] [303/459] EMNC
[20:00:31] [304/459] MCAN
[20:00:32] [305/459] TCDM
[20:00:33] [306/459] IRGT
[20:00:34] [307/459] GCMG
[20:00:34] [308/459] MXSN
[20:00:36] [309/459] MXCK
[20:00:37] [310/459] MCRC
[20:00:38] [311/459] RSMI
[20:00:39] [312/459] WAML
[20:00:39] [313/459] MTSC
[20:00:40] [314/459] FMDR
[20:00:41] [315/459] LEPV
[20:00:42] [316/459] MTGD
[20:00:43] [317/459] IMOB
[20:00:43] [318/459] CLMM
[20:00:44] [319/459] PZCD
[20:00:45] [320/459] GOCS
[20:00:46] [321/459] KCMA
[20:00:47] [322/459] CCMP
[20:00:47] [323/459] MTSU
[20:00:48] [324/459] SNGL
[20:00:49] [325/459] MMMC
[20:00:50] [326/459] MMAA
[20:00:51] [327/459] GCDM
[20:00:52] [328/459] KTMV
[20:00:53] [329/459] AETE
[20:00:54] [330/459] OMCS
[20:00:55] [331/459] GDCD
[20:00:55] [332/459] NYMD
[20:00:56] [333/459] RNCV
[20:00:57] [334/459] KKMT
[20:00:58] [335/459] GDTH
[20:00:58] [336/459] KMMV
[20:00:59] [337/459] NHCG
[20:01:00] [338/459] PJDW
[20:01:01] [339/459] MMCV
[20:01:01] [340/459] FQSA
[20:01:02] [341/459] KURL
[20:01:03] [342/459] NNNX
[20:01:04] [343/459] AMAU
[20:01:05] [344/459] VVVM
[20:01:06] [345/459] VECU
[20:01:06] [346/459] WCVR
[20:01:07] [347/459] MTGG
[20:01:08] [348/459] SGTG
[20:01:08] [349/459] MNTG
[20:01:09] [350/459] JDDG
[20:01:10] [351/459] MBTK
[20:01:11] [352/459] SGCD
[20:01:12] [353/459] MCTC
[20:01:13] [354/459] JTPC
[20:01:14] [355/459] SDKT
[20:01:15] [356/459] KRCC
[20:01:16] [357/459] RMMD
[20:01:17] [358/459] AAME
[20:01:17] [359/459] TMWC
[20:01:18] [360/459] NRWY
[20:01:19] [361/459] CITD
[20:01:20] [362/459] VERD
[20:01:21] [363/459] MKSK
[20:01:22] [364/459] STSM
[20:01:23] [365/459] MJDG
[20:01:23] [366/459] RKPM
[20:01:24] [367/459] SSCE
[20:01:25] [368/459] VMAE
[20:01:26] [369/459] SBRU
[20:01:27] [370/459] AMBC
[20:01:27] [371/459] AMLU
[20:01:28] [372/459] INVZ
[20:01:29] [373/459] LGTV
[20:01:29] [374/459] SVAD
[20:01:31] [375/459] SMSA
[20:01:32] [376/459] SPCZ
[20:01:32] [377/459] GTCX
[20:01:33] [378/459] SCSL
[20:01:34] [379/459] SAHU
[20:01:35] [380/459] NCDA
[20:01:36] [381/459] SCCG
[20:01:36] [382/459] VKTL
[20:01:38] [383/459] PUUJ
[20:01:39] [384/459] STEJ
[20:01:40] [385/459] RJAL
[20:01:40] [386/459] ACJC
[20:01:41] [387/459] VTHC
[20:01:42] [388/459] ARVB
[20:01:43] [389/459] AUBB
[20:01:44] [390/459] GDBR
[20:01:45] [391/459] PVND
[20:01:46] [392/459] BGRJ
[20:01:47] [393/459] RJMM
[20:01:48] [394/459] MCSA
[20:01:49] [395/459] BODA
[20:01:50] [396/459] JAGG
[20:01:51] [397/459] SCGA
[20:01:51] [398/459] LRCM
[20:01:52] [399/459] CPCN
[20:01:53] [400/459] SSTF
[20:01:54] [401/459] SRXP
[20:01:55] [402/459] CNFX
[20:01:55] [403/459] ANDI
[20:01:56] [404/459] SYEW
[20:01:58] [405/459] RCRE
[20:01:59] [406/459] SCRW
[20:02:00] [407/459] MBKR
[20:02:00] [408/459] ASNT
[20:02:01] [409/459] JTMT
[20:02:02] [410/459] SHAY
[20:02:03] [411/459] VRTH
[20:02:03] [412/459] SPTI
[20:02:04] [413/459] DPTD
[20:02:05] [414/459] TGSN
[20:02:06] [415/459] RCWV
[20:02:06] [416/459] OCUR
[20:02:07] [417/459] KSTC
[20:02:09] [418/459] SANI
[20:02:10] [419/459] MLCA
[20:02:10] [420/459] EGCA
[20:02:11] [421/459] SYSN
[20:02:13] [422/459] PKTA
[20:02:13] [423/459] PRCC
[20:02:14] [424/459] KSTR
[20:02:15] [425/459] SNTP
[20:02:16] [426/459] RCHA
[20:02:16] [427/459] SEEA
[20:02:17] [428/459] ALAT
[20:02:18] [429/459] AATV
[20:02:19] [430/459] RJTE
[20:02:20] [431/459] AAPP
[20:02:20] [432/459] PMMH
[20:02:21] [433/459] INRJ
[20:02:22] [434/459] SARB
[20:02:23] [435/459] PCJL
[20:02:24] [436/459] PFJJ
[20:02:24] [437/459] GRDC
[20:02:25] [438/459] BCBA
[20:02:26] [439/459] VIXL
[20:02:27] [440/459] CSTL
[20:02:28] [441/459] MTDK
[20:02:29] [442/459] TDAC
[20:02:31] [443/459] GTDN
[20:02:31] [444/459] TTDE
[20:02:32] [445/459] ASTS
[20:02:33] [446/459] CPNS
[20:02:34] [447/459] PVVW
[20:02:35] [448/459] USEB
[20:02:36] [449/459] DTYN
[20:02:37] [450/459] PVLE
[20:02:37] [451/459] CIPS
[20:02:39] [452/459] PAEG
[20:02:40] [453/459] PTCW
[20:02:40] [454/459] G3SR
[20:02:42] [455/459] PGND
[20:02:42] [456/459] INVM
[20:02:44] [457/459] SPIA
[20:02:45] [458/459] PCSN
[20:02:46] [459/459] PPGV
[20:02:47] 🧹 Deduping shows
[20:02:47] ✅ DONE | Shows=3260 | Movies=75
