[19:57:02] 🚀 SCRIPT STARTED
[19:57:02] [1/459] MCCZ
[19:57:02] 🧠 New identity created
[19:57:03] [2/459] FRPU
[19:57:03] [3/459] SKSI
[19:57:04] [4/459] SSCK
[19:57:05] [5/459] SRDC
[19:57:06] [6/459] RSCZ
[19:57:07] [7/459] PRVT
[19:57:08] [8/459] GAGJ
[19:57:08] [9/459] SMHG
[19:57:09] [10/459] JTST
[19:57:10] [11/459] MYTH
[19:57:12] [12/459] JPCC
[19:57:13] [13/459] ACDC
[19:57:13] [14/459] SVFP
[19:57:14] [15/459] SFCM
[19:57:15] [16/459] RUPK
[19:57:16] [17/459] NTCR
[19:57:17] [18/459] RTCH
[19:57:17] [19/459] SCMH
[19:57:18] [20/459] SVYM
[19:57:19] [21/459] SPYM
[19:57:20] [22/459] SMMF
[19:57:22] [23/459] CLLB
[19:57:22] [24/459] FMCB
[19:57:23] [25/459] BBTC
[19:57:24] [26/459] NTHS
[19:57:25] [27/459] PKKJ
[19:57:25] [28/459] MTJA
[19:57:26] [29/459] PMSJ
[19:57:27] [30/459] JMJU
[19:57:28] [31/459] SRAD
[19:57:29] [32/459] MJMC
[19:57:30] [33/459] DFRM
[19:57:30] [34/459] PMRS
[19:57:31] [35/459] RKPP
[19:57:32] [36/459] BMBK
[19:57:33] [37/459] NEWS
[19:57:34] [38/459] SALB
[19:57:35] [39/459] SCPW
[19:57:36] [40/459] RAYL
[19:57:36] [41/459] CMGJ
[19:57:37] [42/459] JRCR
[19:57:38] [43/459] SRTB
[19:57:39] [44/459] ETPB
[19:57:39] [45/459] MXBN
[19:57:40] [46/459] TOPE
[19:57:41] [47/459] SNLJ
[19:57:42] [48/459] CDDP
[19:57:43] [49/459] APCX
[19:57:43] [50/459] TALP
[19:57:44] [51/459] RRMP
[19:57:46] [52/459] MAHB
[19:57:47] [53/459] MTKR
[19:57:47] [54/459] KSKL
[19:57:48] [55/459] RJLT
[19:57:49] [56/459] ATAS
[19:57:50] [57/459] AMHR
[19:57:51] [58/459] RSRM
[19:57:51] [59/459] GCAT
[19:57:52] [60/459] SMML
[19:57:53] [61/459] ACCD
[19:57:54] [62/459] VYDA
[19:57:55] [63/459] MSKT
[19:57:55] [64/459] AVDM
[19:57:56] [65/459] ASMH
[19:57:57] [66/459] VTMB
[19:57:58] [67/459] WVMB
[19:57:59] [68/459] PPMN
[19:58:00] [69/459] MTMD
[19:58:00] [70/459] SMMO
[19:58:01] [71/459] DLPB
[19:58:02] [72/459] AKMD
[19:58:03] [73/459] SHRR
[19:58:04] [74/459] ASCO
[19:58:05] [75/459] CZVX
[19:58:05] [76/459] GCBB
[19:58:06] [77/459] ATBM
[19:58:07] [78/459] TCGM
[19:58:08] [79/459] UMSE
[19:58:09] [80/459] NKCL
[19:58:10] [81/459] BTLR
[19:58:10] [82/459] GOCL
[19:58:11] [83/459] MIRN
[19:58:13] [84/459] THEC
[19:58:14] [85/459] SPPB
[19:58:14] [86/459] PMMM
[19:58:15] [87/459] GGMC
[19:58:16] [88/459] AVSR
[19:58:17] [89/459] RDMH
[19:58:18] [90/459] JSRS
[19:58:18] [91/459] VKGP
[19:58:19] [92/459] ACRT
[19:58:20] [93/459] GCBA
[19:58:21] [94/459] GTCP
[19:58:22] [95/459] AKFC
[19:58:23] [96/459] INCS
[19:58:24] [97/459] SMCK
[19:58:25] [98/459] BRUN
[19:58:26] [99/459] RPPC
[19:58:26] [100/459] PAYD
[19:58:27] [101/459] SVVT
[19:58:28] [102/459] RNCC
[19:58:29] [103/459] PCRC
[19:58:30] [104/459] PMRM
[19:58:31] [105/459] CCRP
[19:58:32] [106/459] INCR
[19:58:32] [107/459] ZTMP
[19:58:33] [108/459] MCNR
[19:58:34] [109/459] INRP
[19:58:35] [110/459] STRC
[19:58:36] [111/459] RATI
[19:58:37] [112/459] PBTR
[19:58:37] [113/459] CMHP
[19:58:38] [114/459] ZECJ
[19:58:39] [115/459] CCCB
[19:58:40] [116/459] BWCB
[19:58:41] [117/459] CCAT
[19:58:42] [118/459] KGCM
[19:58:43] [119/459] INPT
[19:58:44] [120/459] FNCO
[19:58:45] [121/459] SRMJ
[19:58:45] [122/459] PFSC
[19:58:47] [123/459] PBMC
[19:58:48] [124/459] KARP
[19:58:49] [125/459] KOVI
[19:58:50] [126/459] ACXL
[19:58:51] [127/459] GKCC
[19:58:52] [128/459] ASCC
[19:58:53] [129/459] SETC
[19:58:53] [130/459] KACC
[19:58:54] [131/459] KAVE
[19:58:55] [132/459] CNTC
[19:58:56] [133/459] MEEN
[19:58:57] [134/459] BMRV
[19:58:58] [135/459] SVAM
[19:58:59] [136/459] VTBP
[19:59:00] [137/459] VCKN
[19:59:00] [138/459] SGTK
[19:59:01] [139/459] RCGS
[19:59:02] [140/459] RCCB
[19:59:03] [141/459] RKSR
[19:59:05] [142/459] RKCU
[19:59:05] [143/459] GIBH
[19:59:06] [144/459] CXBS
[19:59:07] [145/459] GGCB
[19:59:08] [146/459] SCPB
[19:59:09] [147/459] AKTB
[19:59:10] [148/459] SRBU
[19:59:11] [149/459] CSSA
[19:59:12] [150/459] MYAN
[19:59:13] [151/459] EXCA
[19:59:14] [152/459] CKSA
[19:59:15] [153/459] JTNM
[19:59:15] [154/459] CXKT
[19:59:16] [155/459] NCLM
[19:59:17] [156/459] JAAD
[19:59:18] [157/459] RDCR
[19:59:19] [158/459] MEER
[19:59:19] [159/459] SIBT
[19:59:21] [160/459] PVVB
[19:59:22] [161/459] FNPN
[19:59:22] [162/459] CRPX
[19:59:23] [163/459] STET
[19:59:24] [164/459] METE
[19:59:25] [165/459] BJML
[19:59:26] [166/459] MAVT
[19:59:27] [167/459] MSRM
[19:59:27] [168/459] TJMP
[19:59:28] [169/459] MHCK
[19:59:29] [170/459] SVGP
[19:59:30] [171/459] KRRC
[19:59:31] [172/459] IMCH
[19:59:32] [173/459] CMCS
[19:59:32] [174/459] SGND
[19:59:33] [175/459] RNAT
[19:59:34] [176/459] PRTN
[19:59:35] [177/459] MPTN
[19:59:35] [178/459] ARCC
[19:59:36] [179/459] NTTE
[19:59:37] [180/459] ABND
[19:59:38] [181/459] KCSN
[19:59:38] [182/459] KCSA
[19:59:39] [183/459] DCKT
[19:59:40] [184/459] MBBR
[19:59:40] [185/459] RAMU
[19:59:41] [186/459] RACW
[19:59:42] [187/459] MCHP
[19:59:43] [188/459] TMHM
[19:59:43] [189/459] STXH
[19:59:45] [190/459] AGSG
[19:59:46] [191/459] SIRA
[19:59:46] [192/459] RCAN
[19:59:47] [193/459] CWTB
[19:59:48] [194/459] VTYM
[19:59:50] [195/459] RRPP
[19:59:50] [196/459] ASMR
[19:59:51] [197/459] RONO
[19:59:52] [198/459] MEMR
[19:59:53] [199/459] CTMR
[19:59:54] [200/459] PMTT
[19:59:54] [201/459] PSLX
[19:59:55] [202/459] IPPL
[19:59:56] [203/459] MMSG
[19:59:58] [204/459] INEL
[19:59:58] [205/459] COAC
[19:59:59] [206/459] WVLK
[20:00:00] [207/459] PPXL
[20:00:01] [208/459] PSML
[20:00:02] [209/459] FNLK
[20:00:03] [210/459] ILUM
[20:00:04] [211/459] ILCM
[20:00:04] [212/459] MSNL
[20:00:05] [213/459] VINB
[20:00:06] [214/459] SALW
[20:00:06] [215/459] PRTB
[20:00:08] [216/459] NCIL
[20:00:09] [217/459] PSUL
[20:00:09] [218/459] SCLK
[20:00:10] [219/459] ADDC
[20:00:11] [220/459] OACL
[20:00:12] [221/459] OOCF
[20:00:12] [222/459] GPMF
[20:00:13] [223/459] SSDG
[20:00:14] [224/459] SKRS
[20:00:16] [225/459] NTTP
[20:00:16] [226/459] SLTP
[20:00:17] [227/459] JTLC
[20:00:18] [228/459] POON
[20:00:18] [229/459] CCPC
[20:00:19] [230/459] DCKC
[20:00:20] [231/459] CPRT
[20:00:21] [232/459] EYHZ
[20:00:22] [233/459] ARBL
[20:00:23] [234/459] SBTB
[20:00:24] [235/459] MMCK
[20:00:25] [236/459] PLMR
[20:00:25] [237/459] BIJH
[20:00:26] [238/459] SDRT
[20:00:27] [239/459] PRDC
[20:00:28] [240/459] OMJA
[20:00:28] [241/459] VKCR
[20:00:29] [242/459] ATRT
[20:00:30] [243/459] WVRP
[20:00:31] [244/459] MVRP
[20:00:32] [245/459] FCAX
[20:00:33] [246/459] CTLC
[20:00:34] [247/459] JCHB
[20:00:34] [248/459] SELP
[20:00:35] [249/459] VCPG
[20:00:36] [250/459] ASCX
[20:00:37] [251/459] EOCS
[20:00:37] [252/459] RCPH
[20:00:38] [253/459] RJTM
[20:00:39] [254/459] SGMD
[20:00:40] [255/459] SVJT
[20:00:41] [256/459] SPPO
[20:00:42] [257/459] MNRL
[20:00:43] [258/459] KNOX
[20:00:44] [259/459] GIER
[20:00:45] [260/459] PJMS
[20:00:46] [261/459] UNSP
[20:00:46] [262/459] JETP
[20:00:47] [263/459] VTWA
[20:00:48] [264/459] SCJI
[20:00:49] [265/459] CBZZ
[20:00:50] [266/459] SDCJ
[20:00:50] [267/459] RRCC
[20:00:51] [268/459] VNKG
[20:00:52] [269/459] LKTO
[20:00:53] [270/459] PJRM
[20:00:54] [271/459] NVRM
[20:00:55] [272/459] SJCS
[20:00:55] [273/459] VIGK
[20:00:56] [274/459] ANST
[20:00:57] [275/459] JTTS
[20:00:58] [276/459] NTST
[20:00:59] [277/459] PREB
[20:01:00] [278/459] TSCZ
[20:01:01] [279/459] CDCM
[20:01:01] [280/459] ELYE
[20:01:03] [281/459] INBS
[20:01:03] [282/459] SMGC
[20:01:05] [283/459] UTMP
[20:01:05] [284/459] INTA
[20:01:06] [285/459] OMPT
[20:01:07] [286/459] SCIR
[20:01:08] [287/459] GCKJ
[20:01:08] [288/459] INOG
[20:01:09] [289/459] SMGB
[20:01:10] [290/459] MCSG
[20:01:11] [291/459] STKG
[20:01:12] [292/459] TTKG
[20:01:13] [293/459] SRTR
[20:01:13] [294/459] ETTR
[20:01:14] [295/459] GGGZ
[20:01:15] [296/459] IPGM
[20:01:16] [297/459] FCDH
[20:01:16] [298/459] DESB
[20:01:17] [299/459] VNTP
[20:01:18] [300/459] ANNT
[20:01:19] [301/459] SLTI
[20:01:20] [302/459] MAJU
[20:01:21] [303/459] JCXP
[20:01:21] [304/459] HARK
[20:01:22] [305/459] JPCJ
[20:01:23] [306/459] RXBD
[20:01:24] [307/459] PTKJ
[20:01:25] [308/459] CMTU
[20:01:26] [309/459] SWOR
[20:01:27] [310/459] JMEX
[20:01:27] [311/459] DTPT
[20:01:28] [312/459] VGMM
[20:01:30] [313/459] VCSG
[20:01:30] [314/459] CVCG
[20:01:31] [315/459] TNTT
[20:01:32] [316/459] SHRM
[20:01:33] [317/459] CGKD
[20:01:34] [318/459] EKCM
[20:01:35] [319/459] SDCX
[20:01:35] [320/459] SBTE
[20:01:36] [321/459] STKJ
[20:01:37] [322/459] TPCE
[20:01:38] [323/459] JTNP
[20:01:39] [324/459] LPCH
[20:01:40] [325/459] CPUO
[20:01:40] [326/459] APSU
[20:01:41] [327/459] RTHC
[20:01:42] [328/459] PTBU
[20:01:43] [329/459] CUCC
[20:01:44] [330/459] CPSA
[20:01:45] [331/459] SUAY
[20:01:46] [332/459] AYAA
[20:01:47] [333/459] MUCH
[20:01:48] [334/459] PCIN
[20:01:48] [335/459] JRRM
[20:01:49] [336/459] KATS
[20:01:50] [337/459] MHFF
[20:01:51] [338/459] ESYM
[20:01:51] [339/459] STYV
[20:01:52] [340/459] SDKG
[20:01:53] [341/459] SMTI
[20:01:54] [342/459] NYCS
[20:01:54] [343/459] MTBG
[20:01:55] [344/459] RHCA
[20:01:56] [345/459] PCKH
[20:01:57] [346/459] ARCR
[20:01:58] [347/459] NCMB
[20:01:58] [348/459] SHYC
[20:01:59] [349/459] LACK
[20:02:00] [350/459] MTCM
[20:02:01] [351/459] RRBN
[20:02:02] [352/459] MYDC
[20:02:03] [353/459] STCS
[20:02:03] [354/459] CONN
[20:02:04] [355/459] SIPS
[20:02:05] [356/459] SMMX
[20:02:06] [357/459] SCBY
[20:02:06] [358/459] SUAP
[20:02:07] [359/459] RSMK
[20:02:08] [360/459] STKP
[20:02:09] [361/459] CIPC
[20:02:10] [362/459] KKCI
[20:02:11] [363/459] CTNK
[20:02:11] [364/459] MMTZ
[20:02:12] [365/459] DCCO
[20:02:13] [366/459] VNMN
[20:02:14] [367/459] RLCN
[20:02:15] [368/459] CMMS
[20:02:16] [369/459] AYOU
[20:02:16] [370/459] SSCN
[20:02:17] [371/459] SMXN
[20:02:19] [372/459] ASSK
[20:02:20] [373/459] VCKM
[20:02:21] [374/459] PCPH
[20:02:21] [375/459] PADM
[20:02:22] [376/459] IESA
[20:02:23] [377/459] VCSP
[20:02:23] [378/459] AEST
[20:02:24] [379/459] VTNR
[20:02:25] [380/459] GTTA
[20:02:26] [381/459] CMMM
[20:02:28] [382/459] AHKT
[20:02:29] [383/459] SIJI
[20:02:30] [384/459] VCEI
[20:02:31] [385/459] SAKR
[20:02:31] [386/459] VSMT
[20:02:32] [387/459] SSCT
[20:02:33] [388/459] USTR
[20:02:34] [389/459] MTKT
[20:02:35] [390/459] TGMP
[20:02:35] [391/459] SIVC
[20:02:36] [392/459] KICT
[20:02:37] [393/459] DAMD
[20:02:38] [394/459] CNPT
[20:02:39] [395/459] RVTT
[20:02:41] [396/459] SNCM
[20:02:42] [397/459] GHTE
[20:02:43] [398/459] PPAM
[20:02:44] [399/459] PVAA
[20:02:45] [400/459] CPAO
[20:02:46] [401/459] HAMD
[20:02:47] [402/459] RCCA
[20:02:48] [403/459] MPCH
[20:02:49] [404/459] ARED
[20:02:50] [405/459] RRCV
[20:02:50] [406/459] MTRB
[20:02:51] [407/459] CKUA
[20:02:52] [408/459] ABMP
[20:02:53] [409/459] RCWA
[20:02:54] [410/459] CGAR
[20:02:55] [411/459] METH
[20:02:56] [412/459] WAGA
[20:02:56] [413/459] MCMA
[20:02:57] [414/459] CSMP
[20:02:58] [415/459] RCNK
[20:02:59] [416/459] PSTM
[20:03:00] [417/459] CSEP
[20:03:01] [418/459] AMGD
[20:03:02] [419/459] CSTE
[20:03:03] [420/459] CONS
[20:03:04] [421/459] APPX
[20:03:05] [422/459] MABC
[20:03:06] [423/459] CXST
[20:03:07] [424/459] MATN
[20:03:08] [425/459] MACZ
[20:03:09] [426/459] MASA
[20:03:09] [427/459] MBSX
[20:03:10] [428/459] CSST
[20:03:11] [429/459] APCL
[20:03:12] [430/459] CGOS
[20:03:13] [431/459] CPEC
[20:03:14] [432/459] MCCP
[20:03:15] [433/459] BSSO
[20:03:16] [434/459] SJKA
[20:03:17] [435/459] CGBO
[20:03:18] [436/459] MVSK
[20:03:18] [437/459] HVCA
[20:03:19] [438/459] NAMD
[20:03:20] [439/459] DEVI
[20:03:21] [440/459] SCSV
[20:03:22] [441/459] PSMA
[20:03:22] [442/459] CLDJ
[20:03:23] [443/459] NMAD
[20:03:24] [444/459] CGMO
[20:03:25] [445/459] MCNA
[20:03:26] [446/459] OCBN
[20:03:26] [447/459] CPEM
[20:03:27] [448/459] CPSM
[20:03:28] [449/459] RCAD
[20:03:29] [450/459] CPMU
[20:03:30] [451/459] DICD
[20:03:31] [452/459] CHOE
[20:03:32] [453/459] PDJM
[20:03:33] [454/459] SSTU
[20:03:33] [455/459] VNRN
[20:03:34] [456/459] PVLG
[20:03:35] [457/459] SWBL
[20:03:36] [458/459] SCAB
[20:03:37] [459/459] RDDA
[20:03:38] 🧹 Deduping shows
[20:03:38] ✅ DONE | Shows=1581 | Movies=58
