[19:56:07] 🚀 SCRIPT STARTED
[19:56:07] [1/296] CDCA
[19:56:07] 🧠 New identity created
[19:56:08] [2/296] MNSR
[19:56:09] [3/296] CSSL
[19:56:11] [4/296] BGGM
[19:56:11] [5/296] MANT
[19:56:12] [6/296] SOOY
[19:56:13] [7/296] VPPK
[19:56:14] [8/296] MYHJ
[19:56:15] [9/296] KSCK
[19:56:16] [10/296] KATK
[19:56:16] [11/296] RTRT
[19:56:17] [12/296] SSTT
[19:56:18] [13/296] SSTV
[19:56:19] [14/296] LACM
[19:56:20] [15/296] SGMG
[19:56:21] [16/296] KACX
[19:56:22] [17/296] GVCP
[19:56:23] [18/296] CSNC
[19:56:24] [19/296] SXCB
[19:56:24] [20/296] BAHS
[19:56:25] [21/296] PCBI
[19:56:26] [22/296] PSSM
[19:56:27] [23/296] RCOK
[19:56:28] [24/296] SCPF
[19:56:29] [25/296] SSAS
[19:56:30] [26/296] EVMM
[19:56:31] [27/296] SYCB
[19:56:32] [28/296] GCKI
[19:56:33] [29/296] IAET
[19:56:34] [30/296] DDTD
[19:56:34] [31/296] GMDH
[19:56:35] [32/296] STLE
[19:56:36] [33/296] JTRA
[19:56:37] [34/296] RPPA
[19:56:38] [35/296] ARUT
[19:56:39] [36/296] JTVM
[19:56:40] [37/296] SWRH
[19:56:40] [38/296] DCPC
[19:56:41] [39/296] RAPR
[19:56:42] [40/296] GCRT
[19:56:43] [41/296] ATUN
[19:56:44] [42/296] LTRM
[19:56:45] [43/296] TASR
[19:56:45] [44/296] RLLC
[19:56:46] [45/296] MABI
[19:56:48] [46/296] SVHB
[19:56:49] [47/296] NVTB
[19:56:49] [48/296] KCKG
[19:56:50] [49/296] SSRN
[19:56:52] [50/296] VDDC
[19:56:53] [51/296] GKTK
[19:56:55] [52/296] YFSN
[19:56:55] [53/296] GCSG
[19:56:56] [54/296] ESSM
[19:56:57] [55/296] KRIH
[19:56:58] [56/296] GCDS
[19:56:59] [57/296] CCSH
[19:56:59] [58/296] ACSK
[19:57:00] [59/296] APRK
[19:57:01] [60/296] ADKM
[19:57:03] [61/296] SRDM
[19:57:03] [62/296] RMOG
[19:57:04] [63/296] SJMY
[19:57:05] [64/296] PGGC
[19:57:07] [65/296] INGM
[19:57:08] [66/296] LSCB
[19:57:08] [67/296] STAD
[19:57:09] [68/296] MCCR
[19:57:10] [69/296] ABCC
[19:57:11] [70/296] RKCC
[19:57:12] [71/296] RTCR
[19:57:12] [72/296] GGBC
[19:57:13] [73/296] GCSD
[19:57:14] [74/296] LPTY
[19:57:15] [75/296] MCFD
[19:57:16] [76/296] HENN
[19:57:17] [77/296] SMKU
[19:57:18] [78/296] TNZC
[19:57:19] [79/296] DRCD
[19:57:20] [80/296] DLCD
[19:57:21] [81/296] RCDA
[19:57:22] [82/296] COSM
[19:57:23] [83/296] MCMJ
[19:57:24] [84/296] CSTR
[19:57:25] [85/296] CVDK
[19:57:26] [86/296] INRR
[19:57:27] [87/296] RJRT
[19:57:28] [88/296] IRMR
[19:57:29] [89/296] SRCF
[19:57:29] [90/296] GRCR
[19:57:30] [91/296] SURC
[19:57:31] [92/296] NMNH
[19:57:33] [93/296] SVBL
[19:57:33] [94/296] KACI
[19:57:34] [95/296] TDGO
[19:57:35] [96/296] KTBR
[19:57:36] [97/296] PMAD
[19:57:37] [98/296] CCPN
[19:57:38] [99/296] SBTK
[19:57:39] [100/296] LMDK
[19:57:41] [101/296] PGDA
[19:57:41] [102/296] SRML
[19:57:42] [103/296] EVCK
[19:57:43] [104/296] RTTK
[19:57:44] [105/296] SRTU
[19:57:45] [106/296] VRSA
[19:57:45] [107/296] VARS
[19:57:46] [108/296] DSCZ
[19:57:47] [109/296] GAGA
[19:57:48] [110/296] SARV
[19:57:49] [111/296] SEEG
[19:57:49] [112/296] GLCA
[19:57:50] [113/296] APAS
[19:57:51] [114/296] VCIA
[19:57:52] [115/296] SJTA
[19:57:53] [116/296] SABM
[19:57:53] [117/296] PPAG
[19:57:54] [118/296] RVCA
[19:57:55] [119/296] CCIA
[19:57:56] [120/296] HTAG
[19:57:57] [121/296] SMBI
[19:57:58] [122/296] MCJR
[19:57:59] [123/296] CCJR
[19:58:00] [124/296] SINF
[19:58:00] [125/296] CPLX
[19:58:01] [126/296] KKTJ
[19:58:02] [127/296] GDBW
[19:58:02] [128/296] CSUB
[19:58:03] [129/296] DABA
[19:58:04] [130/296] TITR
[19:58:05] [131/296] NYCR
[19:58:06] [132/296] RTRY
[19:58:07] [133/296] JTJL
[19:58:08] [134/296] SJCP
[19:58:09] [135/296] KCCA
[19:58:10] [136/296] MLPG
[19:58:11] [137/296] VRCK
[19:58:12] [138/296] SRIN
[19:58:12] [139/296] CXMK
[19:58:13] [140/296] SKAD
[19:58:14] [141/296] AVTR
[19:58:15] [142/296] PTAJ
[19:58:16] [143/296] SCNK
[19:58:17] [144/296] STTI
[19:58:18] [145/296] KACR
[19:58:19] [146/296] SSDX
[19:58:20] [147/296] VRTJ
[19:58:21] [148/296] RAJD
[19:58:22] [149/296] SCIP
[19:58:24] [150/296] RJSL
[19:58:25] [151/296] ARRS
[19:58:25] [152/296] ASMS
[19:58:26] [153/296] RDTS
[19:58:27] [154/296] DVMY
[19:58:28] [155/296] RASA
[19:58:29] [156/296] INOM
[19:58:30] [157/296] SPRS
[19:58:31] [158/296] SGCS
[19:58:32] [159/296] SALM
[19:58:32] [160/296] PKHC
[19:58:34] [161/296] RCSV
[19:58:34] [162/296] CPKC
[19:58:35] [163/296] AACD
[19:58:36] [164/296] GGCV
[19:58:37] [165/296] SMKD
[19:58:38] [166/296] NBCH
[19:58:39] [167/296] AMCB
[19:58:40] [168/296] OPCN
[19:58:41] [169/296] DCIN
[19:58:42] [170/296] INGW
[19:58:43] [171/296] PKKW
[19:58:43] [172/296] FNGW
[19:58:45] [173/296] GCGD
[19:58:46] [174/296] MSTW
[19:58:46] [175/296] KCCG
[19:58:47] [176/296] MRSS
[19:58:48] [177/296] CLCF
[19:58:49] [178/296] EETS
[19:58:50] [179/296] AATR
[19:58:51] [180/296] CMMN
[19:58:52] [181/296] SCCJ
[19:58:53] [182/296] CDTK
[19:58:54] [183/296] AICP
[19:58:54] [184/296] FNBP
[19:58:55] [185/296] CBPB
[19:58:56] [186/296] CPAS
[19:58:57] [187/296] MAPM
[19:58:58] [188/296] PASD
[19:58:59] [189/296] JCMN
[19:59:00] [190/296] MALB
[19:59:00] [191/296] SACG
[19:59:02] [192/296] DDRX
[19:59:03] [193/296] DDXB
[19:59:03] [194/296] RAMC
[19:59:04] [195/296] SANC
[19:59:05] [196/296] BCBP
[19:59:07] [197/296] ALPC
[19:59:07] [198/296] RBAC
[19:59:08] [199/296] RAJL
[19:59:09] [200/296] MPDX
[19:59:10] [201/296] MUSC
[19:59:11] [202/296] VKMK
[19:59:11] [203/296] SKCG
[19:59:12] [204/296] ANCN
[19:59:13] [205/296] MMCJ
[19:59:14] [206/296] DCAK
[19:59:15] [207/296] SCKG
[19:59:16] [208/296] LMCK
[19:59:17] [209/296] CKKX
[19:59:17] [210/296] ANKU
[19:59:19] [211/296] CSMD
[19:59:20] [212/296] MKMP
[19:59:21] [213/296] SVBG
[19:59:22] [214/296] ROOP
[19:59:23] [215/296] GDMT
[19:59:24] [216/296] FPPF
[19:59:25] [217/296] SFUU
[19:59:26] [218/296] ANCB
[19:59:26] [219/296] SMMC
[19:59:27] [220/296] UGKT
[19:59:28] [221/296] JVRM
[19:59:29] [222/296] BATG
[19:59:30] [223/296] RATE
[19:59:30] [224/296] SKME
[19:59:31] [225/296] LMTP
[19:59:32] [226/296] TCBD
[19:59:34] [227/296] ESBD
[19:59:35] [228/296] GDCU
[19:59:36] [229/296] SNKT
[19:59:37] [230/296] SRNK
[19:59:38] [231/296] SMED
[19:59:39] [232/296] CSQS
[19:59:39] [233/296] ALCS
[19:59:41] [234/296] KCKN
[19:59:42] [235/296] VCCL
[19:59:43] [236/296] MCDA
[19:59:44] [237/296] SHMI
[19:59:45] [238/296] SKHA
[19:59:46] [239/296] SVFK
[19:59:46] [240/296] INVB
[19:59:47] [241/296] MELD
[19:59:48] [242/296] JTYS
[19:59:49] [243/296] INCM
[19:59:50] [244/296] MCDV
[19:59:50] [245/296] KSGK
[19:59:51] [246/296] ICMG
[19:59:52] [247/296] CSCV
[19:59:53] [248/296] STMD
[19:59:54] [249/296] STTR
[19:59:55] [250/296] INVC
[19:59:55] [251/296] JTBL
[19:59:57] [252/296] SRVV
[19:59:57] [253/296] MAVC
[19:59:58] [254/296] SRPP
[19:59:59] [255/296] JGDM
[20:00:00] [256/296] MBSJ
[20:00:01] [257/296] SSLL
[20:00:01] [258/296] SLKP
[20:00:02] [259/296] NSRV
[20:00:03] [260/296] UTDV
[20:00:04] [261/296] KICM
[20:00:05] [262/296] KCMD
[20:00:06] [263/296] TTPP
[20:00:07] [264/296] KMPV
[20:00:08] [265/296] SKTV
[20:00:09] [266/296] STCV
[20:00:10] [267/296] SRDA
[20:00:11] [268/296] JTSX
[20:00:12] [269/296] STBV
[20:00:13] [270/296] APVZ
[20:00:14] [271/296] GSTV
[20:00:15] [272/296] NMVS
[20:00:16] [273/296] SKRT
[20:00:16] [274/296] RMDV
[20:00:17] [275/296] RATG
[20:00:18] [276/296] SJYV
[20:00:19] [277/296] NDGP
[20:00:20] [278/296] SNDG
[20:00:20] [279/296] INSR
[20:00:21] [280/296] INSO
[20:00:22] [281/296] CCSI
[20:00:23] [282/296] RASM
[20:00:24] [283/296] NEWC
[20:00:24] [284/296] VSHL
[20:00:25] [285/296] BISW
[20:00:26] [286/296] GCNG
[20:00:27] [287/296] CWSC
[20:00:28] [288/296] SKAN
[20:00:28] [289/296] SEHP
[20:00:29] [290/296] CCOA
[20:00:30] [291/296] MCAJ
[20:00:31] [292/296] ACDE
[20:00:32] [293/296] AACM
[20:00:33] [294/296] JJCK
[20:00:34] [295/296] RCMO
[20:00:35] [296/296] GDAW
[20:00:36] 🧹 Deduping shows
[20:00:36] ✅ DONE | Shows=1053 | Movies=49
