[19:56:05] 🚀 SCRIPT STARTED
[19:56:05] [1/324] GCTA
[19:56:05] 🧠 New identity created
[19:56:06] [2/324] TOPN
[19:56:06] [3/324] MCUS
[19:56:07] [4/324] SHRL
[19:56:08] [5/324] UPTP
[19:56:09] [6/324] TMMP
[19:56:10] [7/324] DNRP
[19:56:11] [8/324] SRLT
[19:56:12] [9/324] RCNS
[19:56:13] [10/324] DCBH
[19:56:14] [11/324] NAGJ
[19:56:15] [12/324] JVRC
[19:56:16] [13/324] KRJG
[19:56:17] [14/324] SRTJ
[19:56:18] [15/324] CMXM
[19:56:18] [16/324] STMI
[19:56:19] [17/324] SLST
[19:56:20] [18/324] DTCN
[19:56:21] [19/324] STYN
[19:56:22] [20/324] SZVR
[19:56:23] [21/324] SRKO
[19:56:24] [22/324] JTGT
[19:56:25] [23/324] SVFD
[19:56:26] [24/324] SISD
[19:56:27] [25/324] ABDD
[19:56:28] [26/324] DRCA
[19:56:29] [27/324] AVCS
[19:56:30] [28/324] MVKH
[19:56:31] [29/324] ACPR
[19:56:31] [30/324] STIP
[19:56:32] [31/324] MTRA
[19:56:33] [32/324] RMKH
[19:56:34] [33/324] NKRL
[19:56:35] [34/324] PCWN
[19:56:36] [35/324] BLMT
[19:56:37] [36/324] GDPG
[19:56:37] [37/324] SRMX
[19:56:38] [38/324] JACP
[19:56:40] [39/324] CPSH
[19:56:41] [40/324] MCCD
[19:56:41] [41/324] ECGH
[19:56:42] [42/324] MKCK
[19:56:43] [43/324] SRMM
[19:56:45] [44/324] SKYR
[19:56:46] [45/324] PCKC
[19:56:46] [46/324] JCMA
[19:56:47] [47/324] BSMP
[19:56:48] [48/324] VSPA
[19:56:49] [49/324] DJYA
[19:56:50] [50/324] DIMP
[19:56:51] [51/324] FXDR
[19:56:52] [52/324] SSRC
[19:56:53] [53/324] STHP
[19:56:54] [54/324] CPPD
[19:56:54] [55/324] FCLK
[19:56:55] [56/324] SCPP
[19:56:56] [57/324] DCMJ
[19:56:56] [58/324] RCCR
[19:56:57] [59/324] INMT
[19:56:58] [60/324] LXTK
[19:56:59] [61/324] SRYK
[19:57:00] [62/324] SGDK
[19:57:00] [63/324] PPKA
[19:57:01] [64/324] SPKA
[19:57:02] [65/324] CGHH
[19:57:03] [66/324] DCJN
[19:57:04] [67/324] SRKV
[19:57:05] [68/324] SAJC
[19:57:06] [69/324] SUSR
[19:57:07] [70/324] STYG
[19:57:07] [71/324] NTKP
[19:57:08] [72/324] AKTG
[19:57:09] [73/324] CGCM
[19:57:10] [74/324] TULC
[19:57:11] [75/324] NYYZ
[19:57:12] [76/324] NYBW
[19:57:13] [77/324] MACB
[19:57:13] [78/324] SLVT
[19:57:15] [79/324] SANA
[19:57:16] [80/324] ACMR
[19:57:17] [81/324] CPKN
[19:57:17] [82/324] DLGK
[19:57:18] [83/324] CWCK
[19:57:20] [84/324] FDDH
[19:57:20] [85/324] MMMD
[19:57:21] [86/324] CMEH
[19:57:22] [87/324] GGGV
[19:57:23] [88/324] SPJL
[19:57:24] [89/324] RCCD
[19:57:25] [90/324] STTZ
[19:57:26] [91/324] BTCF
[19:57:27] [92/324] TSTZ
[19:57:27] [93/324] IPMM
[19:57:28] [94/324] PMPW
[19:57:29] [95/324] PCMZ
[19:57:30] [96/324] ESEM
[19:57:30] [97/324] PIPO
[19:57:32] [98/324] MATK
[19:57:33] [99/324] PGHM
[19:57:34] [100/324] CTSR
[19:57:34] [101/324] CYKR
[19:57:35] [102/324] MSCM
[19:57:36] [103/324] RFNP
[19:57:37] [104/324] PDCP
[19:57:38] [105/324] NPSE
[19:57:39] [106/324] MKML
[19:57:40] [107/324] FTDP
[19:57:41] [108/324] MMXA
[19:57:42] [109/324] CEPO
[19:57:43] [110/324] CMVP
[19:57:44] [111/324] SGTH
[19:57:45] [112/324] SAYN
[19:57:46] [113/324] URVS
[19:57:46] [114/324] VJTN
[19:57:47] [115/324] BBYK
[19:57:48] [116/324] SHBO
[19:57:48] [117/324] VCMR
[19:57:49] [118/324] MACT
[19:57:50] [119/324] JMNP
[19:57:51] [120/324] VICS
[19:57:51] [121/324] VCDA
[19:57:52] [122/324] GCMM
[19:57:53] [123/324] INVS
[19:57:54] [124/324] SCGM
[19:57:56] [125/324] PCDA
[19:57:56] [126/324] KDCT
[19:57:57] [127/324] JACS
[19:57:58] [128/324] GMMC
[19:57:59] [129/324] AICM
[19:57:59] [130/324] TJCM
[19:58:00] [131/324] RMTI
[19:58:01] [132/324] SHAC
[19:58:01] [133/324] APJC
[19:58:02] [134/324] GCTG
[19:58:04] [135/324] SSMC
[19:58:05] [136/324] THRM
[19:58:06] [137/324] RBCT
[19:58:07] [138/324] DIKT
[19:58:08] [139/324] MIDL
[19:58:09] [140/324] VCSN
[19:58:10] [141/324] SKTG
[19:58:11] [142/324] SMWC
[19:58:12] [143/324] MNKH
[19:58:13] [144/324] PIAT
[19:58:13] [145/324] LTTP
[19:58:14] [146/324] PTPU
[19:58:15] [147/324] ACMG
[19:58:16] [148/324] SHMM
[19:58:16] [149/324] MCMN
[19:58:17] [150/324] GLDC
[19:58:18] [151/324] HOUT
[19:58:19] [152/324] SVRP
[19:58:20] [153/324] PVDN
[19:58:21] [154/324] SCPY
[19:58:22] [155/324] DTPY
[19:58:23] [156/324] GKCS
[19:58:24] [157/324] NCAM
[19:58:26] [158/324] BSRM
[19:58:26] [159/324] RCLC
[19:58:27] [160/324] SKKD
[19:58:28] [161/324] ACHU
[19:58:29] [162/324] RSCF
[19:58:30] [163/324] IMSH
[19:58:31] [164/324] MACX
[19:58:32] [165/324] HMMW
[19:58:33] [166/324] JTCP
[19:58:33] [167/324] SREN
[19:58:34] [168/324] PJRR
[19:58:35] [169/324] INAC
[19:58:36] [170/324] BMCA
[19:58:36] [171/324] SHCB
[19:58:37] [172/324] GABA
[19:58:38] [173/324] SBCT
[19:58:39] [174/324] GCMA
[19:58:40] [175/324] MYTK
[19:58:41] [176/324] INZS
[19:58:41] [177/324] RMIK
[19:58:42] [178/324] NYCH
[19:58:43] [179/324] RAVE
[19:58:44] [180/324] PSXM
[19:58:45] [181/324] MCGP
[19:58:45] [182/324] PDDK
[19:58:46] [183/324] SPCK
[19:58:47] [184/324] MCRL
[19:58:48] [185/324] MHKT
[19:58:49] [186/324] ANRR
[19:58:49] [187/324] SAPK
[19:58:51] [188/324] NCUK
[19:58:52] [189/324] JUGA
[19:58:52] [190/324] DBSC
[19:58:54] [191/324] LALK
[19:58:55] [192/324] GUCK
[19:58:56] [193/324] STSG
[19:58:57] [194/324] PPPZ
[19:58:58] [195/324] CNCY
[19:58:58] [196/324] MTAR
[19:59:00] [197/324] VNKD
[19:59:00] [198/324] KMAJ
[19:59:01] [199/324] ACXK
[19:59:02] [200/324] UTKC
[19:59:03] [201/324] PBLK
[19:59:04] [202/324] ACBX
[19:59:06] [203/324] PTGM
[19:59:06] [204/324] BTDA
[19:59:07] [205/324] PJMB
[19:59:08] [206/324] TPDA
[19:59:09] [207/324] AMOE
[19:59:10] [208/324] PRHT
[19:59:11] [209/324] PRTA
[19:59:11] [210/324] STAM
[19:59:12] [211/324] MSAA
[19:59:13] [212/324] SDLU
[19:59:14] [213/324] RCHH
[19:59:14] [214/324] KANT
[19:59:15] [215/324] FCRT
[19:59:16] [216/324] DNKM
[19:59:17] [217/324] RYCP
[19:59:17] [218/324] MYRP
[19:59:18] [219/324] PPAK
[19:59:19] [220/324] NVPK
[19:59:20] [221/324] PRMC
[19:59:21] [222/324] JBCS
[19:59:22] [223/324] GXCK
[19:59:22] [224/324] USKO
[19:59:23] [225/324] GTEM
[19:59:24] [226/324] SMBU
[19:59:26] [227/324] VETC
[19:59:27] [228/324] LCDA
[19:59:28] [229/324] MTVT
[19:59:28] [230/324] PYCP
[19:59:29] [231/324] PNSC
[19:59:30] [232/324] PPCC
[19:59:31] [233/324] TGRT
[19:59:32] [234/324] JYOT
[19:59:34] [235/324] SRCZ
[19:59:35] [236/324] SJTE
[19:59:36] [237/324] DESC
[19:59:36] [238/324] JHVN
[19:59:37] [239/324] IPSG
[19:59:38] [240/324] IPCM
[19:59:39] [241/324] PDRS
[19:59:39] [242/324] ANCV
[19:59:40] [243/324] CMVV
[19:59:41] [244/324] SHYP
[19:59:42] [245/324] DNCS
[19:59:42] [246/324] GAJK
[19:59:43] [247/324] AKTN
[19:59:44] [248/324] KAYA
[19:59:45] [249/324] SBRC
[19:59:46] [250/324] CHTP
[19:59:46] [251/324] SHRT
[19:59:47] [252/324] BCKU
[19:59:48] [253/324] FCPS
[19:59:50] [254/324] ARDD
[19:59:50] [255/324] CPCM
[19:59:51] [256/324] CGSM
[19:59:52] [257/324] PSMP
[19:59:53] [258/324] SDAL
[19:59:54] [259/324] RTNB
[19:59:55] [260/324] LMCR
[19:59:56] [261/324] CIMA
[19:59:57] [262/324] RNAS
[19:59:58] [263/324] LITH
[19:59:58] [264/324] PBOX
[19:59:59] [265/324] FRTS
[20:00:00] [266/324] RKIC
[20:00:02] [267/324] PTAI
[20:00:03] [268/324] GCIC
[20:00:04] [269/324] FNAS
[20:00:05] [270/324] SCAR
[20:00:05] [271/324] MTCA
[20:00:06] [272/324] SCTS
[20:00:07] [273/324] SYCS
[20:00:08] [274/324] RDMS
[20:00:09] [275/324] KAMP
[20:00:10] [276/324] ERSD
[20:00:10] [277/324] MJMJ
[20:00:11] [278/324] SRCJ
[20:00:12] [279/324] SCXE
[20:00:13] [280/324] SVFR
[20:00:14] [281/324] BHCS
[20:00:15] [282/324] IMCC
[20:00:16] [283/324] PCBO
[20:00:17] [284/324] PRVN
[20:00:18] [285/324] AUPM
[20:00:19] [286/324] INBW
[20:00:20] [287/324] SVCW
[20:00:21] [288/324] RKCF
[20:00:21] [289/324] UVBH
[20:00:22] [290/324] DNCY
[20:00:23] [291/324] ABCN
[20:00:24] [292/324] PRUR
[20:00:25] [293/324] PFMR
[20:00:25] [294/324] RKCN
[20:00:26] [295/324] CFEA
[20:00:27] [296/324] SDBG
[20:00:28] [297/324] SNAR
[20:00:29] [298/324] YISI
[20:00:30] [299/324] JCFF
[20:00:30] [300/324] VTRK
[20:00:31] [301/324] PCLZ
[20:00:32] [302/324] DIMY
[20:00:33] [303/324] BBTS
[20:00:34] [304/324] GATH
[20:00:35] [305/324] GTMN
[20:00:35] [306/324] VTMH
[20:00:36] [307/324] CCKP
[20:00:38] [308/324] GPKA
[20:00:39] [309/324] MHCL
[20:00:40] [310/324] ATCL
[20:00:40] [311/324] SBCK
[20:00:41] [312/324] AMMR
[20:00:42] [313/324] MADC
[20:00:43] [314/324] TMMA
[20:00:44] [315/324] CACC
[20:00:45] [316/324] CHAL
[20:00:46] [317/324] DURG
[20:00:47] [318/324] GMKU
[20:00:47] [319/324] GECA
[20:00:48] [320/324] KYRR
[20:00:49] [321/324] KSDE
[20:00:50] [322/324] LMCI
[20:00:50] [323/324] NKCP
[20:00:52] [324/324] BGTC
[20:00:53] 🧹 Deduping shows
[20:00:53] ✅ DONE | Shows=1147 | Movies=52
