[19:57:11] 📍 Loaded 563 district venues
[19:57:11] 🚀 DISTRICT SCRAPER STARTED
[19:57:19] ⚠ 1037514 status 403
[19:57:19] ⚠ 1020453 status 403
[19:57:19] ⚠ 9136 status 403
[19:57:19] ⚠ 16522 status 403
[19:57:19] ⚠ 4051 status 403
[19:57:19] ⚠ 5145 status 403
[19:57:19] ⚠ 1037510 status 403
[19:57:19] ⚠ 1020547 status 403
[19:57:19] ⚠ 1041242 status 403
[19:57:19] ⚠ 1041393 status 403
[19:57:19] ⚠ 1037531 status 403
[19:57:19] ⚠ 3965 status 403
[19:57:19] ⚠ 9384 status 403
[19:57:19] ⚠ 1015286 status 403
[19:57:19] ⚠ 1032461 status 403
[19:57:19] ⚠ 25571 status 403
[19:57:19] ⚠ 9174 status 403
[19:57:19] ⚠ 9194 status 403
[19:57:19] ⚠ 55466 status 403
[19:57:19] ⚠ 26281 status 403
[19:57:19] ⚠ 25045 status 403
[19:57:19] ⚠ 1032460 status 403
[19:57:19] ⚠ 7232 status 403
[19:57:19] ⚠ 1037527 status 403
[19:57:19] ⚠ 1016383 status 403
[19:57:19] ⚠ 55853 status 403
[19:57:19] ⚠ 1029684 status 403
[19:57:19] ⚠ 9246 status 403
[19:57:20] ⚠ 18164 status 403
[19:57:20] ⚠ 19513 status 403
[19:57:22] ⚠ 29510 status 403
[19:57:22] ⚠ 43960 status 403
[19:57:22] ⚠ 24522 status 403
[19:57:22] ⚠ 7308 status 403
[19:57:23] ⚠ 1013662 status 403
[19:57:23] ⚠ 1055117 status 403
[19:57:23] ⚠ 54684 status 403
[19:57:23] ⚠ 9780 status 403
[19:57:23] ⚠ 9497 status 403
[19:57:23] ⚠ 32811 status 403
[19:57:23] ⚠ 33645 status 403
[19:57:23] ⚠ 1066216 status 403
[19:57:23] ⚠ 984 status 403
[19:57:23] ⚠ 12947 status 403
[19:57:23] ⚠ 1041684 status 403
[19:57:23] ⚠ 482 status 403
[19:57:23] ⚠ 1039923 status 403
[19:57:23] ⚠ 1041729 status 403
[19:57:23] ⚠ 1041782 status 403
[19:57:23] ⚠ 4714 status 403
[19:57:23] ⚠ 4881 status 403
[19:57:23] ⚠ 1018796 status 403
[19:57:23] ⚠ 1030384 status 403
[19:57:23] ⚠ 22884 status 403
[19:57:23] ⚠ 476 status 403
[19:57:23] ⚠ 9653 status 403
[19:57:23] ⚠ 9291 status 403
[19:57:23] ⚠ 1008441 status 403
[19:57:23] ⚠ 9527 status 403
[19:57:23] ⚠ 1089364 status 403
[19:57:23] ⚠ 1049289 status 403
[19:57:23] ⚠ 1065452 status 403
[19:57:23] ⚠ 15614 status 403
[19:57:23] ⚠ 1056146 status 403
[19:57:23] ⚠ 5103 status 403
[19:57:23] ⚠ 6035 status 403
[19:57:23] ⚠ 1075662 status 403
[19:57:23] ⚠ 1039863 status 403
[19:57:23] ⚠ 1054735 status 403
[19:57:23] ⚠ 3976 status 403
[19:57:23] ⚠ 1049288 status 403
[19:57:23] ⚠ 1035939 status 403
[19:57:23] ⚠ 14703 status 403
[19:57:23] ⚠ 1027244 status 403
[19:57:23] ⚠ 1078620 status 403
[19:57:23] ⚠ 52682 status 403
[19:57:23] ⚠ 24767 status 403
[19:57:23] ⚠ 1019544 status 403
[19:57:23] ⚠ 25008 status 403
[19:57:23] ⚠ 1041567 status 403
[19:57:23] ⚠ 5061 status 403
[19:57:23] ⚠ 1092992 status 403
[19:57:23] ⚠ 62907 status 403
[19:57:23] ⚠ 1056839 status 403
[19:57:23] ⚠ 1004633 status 403
[19:57:23] ⚠ 31792 status 403
[19:57:23] ⚠ 1042215 status 403
[19:57:23] ⚠ 3906 status 403
[19:57:23] ⚠ 1024041 status 403
[19:57:23] ⚠ 6121 status 403
[19:57:23] ⚠ 27908 status 403
[19:57:23] ⚠ 1054730 status 403
[19:57:23] ⚠ 1032344 status 403
[19:57:23] ⚠ 38446 status 403
[19:57:23] ⚠ 1009117 status 403
[19:57:23] ⚠ 26294 status 403
[19:57:23] ⚠ 1056846 status 403
[19:57:23] ⚠ 1054736 status 403
[19:57:23] ⚠ 1009010 status 403
[19:57:23] ⚠ 4976 status 403
[19:57:23] ⚠ 1059680 status 403
[19:57:23] ⚠ 1036955 status 403
[19:57:23] ⚠ 1088219 status 403
[19:57:23] ⚠ 1020755 status 403
[19:57:23] ⚠ 49852 status 403
[19:57:23] ⚠ 24880 status 403
[19:57:23] ⚠ 1021629 status 403
[19:57:23] ⚠ 1068242 status 403
[19:57:23] ⚠ 4124 status 403
[19:57:23] ⚠ 39874 status 403
[19:57:23] ⚠ 9041 status 403
[19:57:23] ⚠ 9504 status 403
[19:57:23] ⚠ 9292 status 403
[19:57:23] ⚠ 9169 status 403
[19:57:23] ⚠ 1025576 status 403
[19:57:23] ⚠ 15526 status 403
[19:57:23] ⚠ 10255 status 403
[19:57:23] ⚠ 9368 status 403
[19:57:23] ⚠ 1039864 status 403
[19:57:23] ⚠ 1054742 status 403
[19:57:23] ⚠ 1053536 status 403
[19:57:23] ⚠ 9100 status 403
[19:57:23] ⚠ 4890 status 403
[19:57:23] ⚠ 24246 status 403
[19:57:23] ⚠ 1004635 status 403
[19:57:23] ⚠ 7504 status 403
[19:57:23] ⚠ 1012136 status 403
[19:57:23] ⚠ 4038 status 403
[19:57:23] ⚠ 1004634 status 403
[19:57:23] ⚠ 56144 status 403
[19:57:23] ⚠ 1082851 status 403
[19:57:23] ⚠ 24981 status 403
[19:57:23] ⚠ 7511 status 403
[19:57:23] ⚠ 31788 status 403
[19:57:23] ⚠ 1036114 status 403
[19:57:23] ⚠ 4174 status 403
[19:57:23] ⚠ 1011192 status 403
[19:57:23] ⚠ 1013355 status 403
[19:57:23] ⚠ 1053155 status 403
[19:57:23] ⚠ 1028879 status 403
[19:57:23] ⚠ 10270 status 403
[19:57:23] ⚠ 1003803 status 403
[19:57:23] ✅ Fetched 207 venues with shows
[19:57:24] ✅ DONE | Shows=1087 | Movies=33
[22:55:55] 📍 Loaded 563 district venues
[22:55:55] 🚀 DISTRICT SCRAPER STARTED
[22:56:01] ⚠ 4332 status 403
[22:56:01] ⚠ 1063452 status 403
[22:56:01] ⚠ 1020190 status 403
[22:56:01] ⚠ 1003802 status 403
[22:56:01] ⚠ 6093 status 403
[22:56:01] ⚠ 30524 status 403
[22:56:01] ⚠ 1030422 status 403
[22:56:01] ⚠ 44366 status 403
[22:56:01] ⚠ 1005991 status 403
[22:56:01] ⚠ 25938 status 403
[22:56:01] ⚠ 1008335 status 403
[22:56:01] ⚠ 32294 status 403
[22:56:01] ⚠ 4739 status 403
[22:56:01] ⚠ 26230 status 403
[22:56:01] ⚠ 1039842 status 403
[22:56:01] ⚠ 26676 status 403
[22:56:01] ⚠ 1040228 status 403
[22:56:01] ⚠ 62637 status 403
[22:56:01] ⚠ 25011 status 403
[22:56:01] ⚠ 1005804 status 403
[22:56:01] ⚠ 1037345 status 403
[22:56:01] ⚠ 9350 status 403
[22:56:01] ⚠ 14166 status 403
[22:56:01] ⚠ 1037532 status 403
[22:56:01] ⚠ 9551 status 403
[22:56:01] ⚠ 1041505 status 403
[22:56:03] ⚠ 1039840 status 403
[22:56:03] ⚠ 9174 status 403
[22:56:03] ⚠ 1032460 status 403
[22:56:03] ⚠ 55466 status 403
[22:56:03] ⚠ 25045 status 403
[22:56:03] ⚠ 7232 status 403
[22:56:03] ⚠ 26281 status 403
[22:56:03] ⚠ 1037527 status 403
[22:56:03] ⚠ 9194 status 403
[22:56:03] ⚠ 1037491 status 403
[22:56:03] ⚠ 1016383 status 403
[22:56:03] ⚠ 1037503 status 403
[22:56:03] ⚠ 1029684 status 403
[22:56:03] ⚠ 55853 status 403
[22:56:03] ⚠ 18164 status 403
[22:56:03] ⚠ 1041239 status 403
[22:56:03] ⚠ 19513 status 403
[22:56:03] ⚠ 1003767 status 403
[22:56:03] ⚠ 1015975 status 403
[22:56:03] ⚠ 3896 status 403
[22:56:03] ⚠ 5182 status 403
[22:56:03] ⚠ 25181 status 403
[22:56:03] ⚠ 62250 status 403
[22:56:04] ⚠ 1035744 status 403
[22:56:04] ⚠ 9285 status 403
[22:56:04] ⚠ 9246 status 403
[22:56:04] ⚠ 1088811 status 403
[22:56:04] ⚠ 1037516 status 403
[22:56:04] ⚠ 1042605 status 403
[22:56:04] ⚠ 30784 status 403
[22:56:04] ⚠ 1037521 status 403
[22:56:04] ⚠ 5150 status 403
[22:56:04] ⚠ 1012280 status 403
[22:56:04] ⚠ 7293 status 403
[22:56:04] ⚠ 5220 status 403
[22:56:04] ⚠ 1040181 status 403
[22:56:04] ⚠ 14354 status 403
[22:56:04] ⚠ 1056892 status 403
[22:56:04] ⚠ 1047917 status 403
[22:56:04] ⚠ 1041804 status 403
[22:56:04] ⚠ 16523 status 403
[22:56:04] ⚠ 6119 status 403
[22:56:04] ⚠ 1037517 status 403
[22:56:04] ⚠ 1041199 status 403
[22:56:04] ⚠ 4889 status 403
[22:56:04] ⚠ 1041683 status 403
[22:56:04] ⚠ 1061843 status 403
[22:56:04] ⚠ 1084822 status 403
[22:56:04] ⚠ 1036383 status 403
[22:56:04] ⚠ 1032901 status 403
[22:56:04] ⚠ 9661 status 403
[22:56:04] ⚠ 9784 status 403
[22:56:04] ⚠ 1007282 status 403
[22:56:04] ⚠ 4780 status 403
[22:56:04] ⚠ 1050804 status 403
[22:56:04] ⚠ 1018468 status 403
[22:56:04] ⚠ 17483 status 403
[22:56:04] ⚠ 4910 status 403
[22:56:04] ⚠ 4919 status 403
[22:56:04] ⚠ 1033177 status 403
[22:56:04] ⚠ 1052727 status 403
[22:56:04] ⚠ 7537 status 403
[22:56:04] ⚠ 1006037 status 403
[22:56:04] ⚠ 28235 status 403
[22:56:04] ⚠ 29954 status 403
[22:56:04] ⚠ 1030383 status 403
[22:56:04] ⚠ 3145 status 403
[22:56:04] ⚠ 7814 status 403
[22:56:04] ⚠ 1041732 status 403
[22:56:04] ⚠ 1055922 status 403
[22:56:04] ⚠ 25281 status 403
[22:56:04] ⚠ 19110 status 403
[22:56:04] ⚠ 1013210 status 403
[22:56:04] ⚠ 1020338 status 403
[22:56:04] ⚠ 9150 status 403
[22:56:04] ⚠ 7312 status 403
[22:56:04] ⚠ 1041465 status 403
[22:56:04] ⚠ 28863 status 403
[22:56:04] ⚠ 9044 status 403
[22:56:04] ⚠ 7753 status 403
[22:56:04] ⚠ 7856 status 403
[22:56:04] ⚠ 27725 status 403
[22:56:04] ⚠ 4904 status 403
[22:56:04] ⚠ 1041726 status 403
[22:56:04] ⚠ 1074202 status 403
[22:56:04] ⚠ 4340 status 403
[22:56:04] ⚠ 4852 status 403
[22:56:04] ⚠ 5080 status 403
[22:56:04] ⚠ 4379 status 403
[22:56:04] ⚠ 4255 status 403
[22:56:04] ⚠ 58822 status 403
[22:56:04] ⚠ 4163 status 403
[22:56:04] ⚠ 7260 status 403
[22:56:04] ⚠ 4425 status 403
[22:56:04] ⚠ 7826 status 403
[22:56:04] ⚠ 1019687 status 403
[22:56:04] ⚠ 1028118 status 403
[22:56:04] ⚠ 1042822 status 403
[22:56:04] ⚠ 27432 status 403
[22:56:04] ⚠ 1050768 status 403
[22:56:04] ⚠ 1026095 status 403
[22:56:04] ⚠ 1088778 status 403
[22:56:04] ⚠ 1398 status 403
[22:56:04] ⚠ 7627 status 403
[22:56:04] ⚠ 1041566 status 403
[22:56:04] ⚠ 1041495 status 403
[22:56:04] ⚠ 1031639 status 403
[22:56:04] ⚠ 6096 status 403
[22:56:04] ⚠ 5105 status 403
[22:56:04] ⚠ 1041691 status 403
[22:56:04] ⚠ 9131 status 403
[22:56:04] ⚠ 30441 status 403
[22:56:04] ⚠ 1054202 status 403
[22:56:04] ⚠ 6079 status 403
[22:56:04] ⚠ 24522 status 403
[22:56:04] ⚠ 19294 status 403
[22:56:04] ⚠ 1020350 status 403
[22:56:04] ⚠ 1009967 status 403
[22:56:04] ⚠ 10268 status 403
[22:56:04] ⚠ 9176 status 403
[22:56:04] ⚠ 1039748 status 403
[22:56:04] ⚠ 54684 status 403
[22:56:04] ⚠ 1041211 status 403
[22:56:04] ⚠ 1055117 status 403
[22:56:04] ⚠ 1033524 status 403
[22:56:04] ⚠ 1031640 status 403
[22:56:04] ⚠ 26729 status 403
[22:56:04] ⚠ 1014297 status 403
[22:56:04] ⚠ 1013662 status 403
[22:56:04] ⚠ 43960 status 403
[22:56:04] ⚠ 33645 status 403
[22:56:04] ⚠ 32811 status 403
[22:56:04] ⚠ 1066216 status 403
[22:56:04] ⚠ 9291 status 403
[22:56:04] ⚠ 1041729 status 403
[22:56:04] ⚠ 29510 status 403
[22:56:04] ⚠ 4714 status 403
[22:56:04] ⚠ 984 status 403
[22:56:04] ⚠ 1018796 status 403
[22:56:04] ⚠ 482 status 403
[22:56:04] ⚠ 7308 status 403
[22:56:04] ⚠ 4881 status 403
[22:56:04] ⚠ 476 status 403
[22:56:04] ⚠ 1041684 status 403
[22:56:04] ⚠ 1065452 status 403
[22:56:04] ⚠ 5103 status 403
[22:56:04] ⚠ 24767 status 403
[22:56:04] ⚠ 22884 status 403
[22:56:04] ⚠ 1030384 status 403
[22:56:04] ⚠ 1078620 status 403
[22:56:04] ⚠ 1041782 status 403
[22:56:04] ⚠ 1039863 status 403
[22:56:04] ⚠ 1008441 status 403
[22:56:04] ⚠ 9497 status 403
[22:56:04] ⚠ 15614 status 403
[22:56:04] ⚠ 12947 status 403
[22:56:04] ⚠ 1075662 status 403
[22:56:04] ⚠ 14703 status 403
[22:56:04] ⚠ 1089364 status 403
[22:56:04] ⚠ 1054735 status 403
[22:56:04] ⚠ 1019544 status 403
[22:56:04] ⚠ 1049288 status 403
[22:56:04] ⚠ 52682 status 403
[22:56:04] ⚠ 9527 status 403
[22:56:04] ⚠ 1004633 status 403
[22:56:04] ⚠ 9780 status 403
[22:56:04] ⚠ 1054736 status 403
[22:56:04] ⚠ 1035939 status 403
[22:56:04] ⚠ 25008 status 403
[22:56:04] ⚠ 5061 status 403
[22:56:04] ⚠ 26294 status 403
[22:56:04] ⚠ 62907 status 403
[22:56:04] ⚠ 9653 status 403
[22:56:04] ⚠ 6035 status 403
[22:56:04] ⚠ 1024041 status 403
[22:56:04] ⚠ 6121 status 403
[22:56:04] ⚠ 1041567 status 403
[22:56:04] ⚠ 1059680 status 403
[22:56:04] ⚠ 1092992 status 403
[22:56:04] ⚠ 1009010 status 403
[22:56:04] ⚠ 1056146 status 403
[22:56:04] ⚠ 27908 status 403
[22:56:04] ⚠ 1039923 status 403
[22:56:04] ⚠ 19289 status 403
[22:56:04] ⚠ 1009117 status 403
[22:56:04] ⚠ 38446 status 403
[22:56:04] ⚠ 1054730 status 403
[22:56:04] ⚠ 1088219 status 403
[22:56:04] ⚠ 1056846 status 403
[22:56:04] ⚠ 4976 status 403
[22:56:04] ⚠ 3906 status 403
[22:56:04] ⚠ 1036955 status 403
[22:56:04] ⚠ 3976 status 403
[22:56:04] ⚠ 49852 status 403
[22:56:04] ⚠ 4124 status 403
[22:56:04] ⚠ 1025576 status 403
[22:56:04] ⚠ 1056839 status 403
[22:56:04] ⚠ 1021629 status 403
[22:56:04] ⚠ 9041 status 403
[22:56:04] ⚠ 1020755 status 403
[22:56:04] ⚠ 1068242 status 403
[22:56:04] ⚠ 1042215 status 403
[22:56:04] ⚠ 1049289 status 403
[22:56:04] ⚠ 15526 status 403
[22:56:04] ⚠ 9368 status 403
[22:56:04] ⚠ 9292 status 403
[22:56:04] ⚠ 1027244 status 403
[22:56:04] ⚠ 1054742 status 403
[22:56:04] ⚠ 24880 status 403
[22:56:04] ⚠ 9504 status 403
[22:56:04] ⚠ 56144 status 403
[22:56:04] ⚠ 4038 status 403
[22:56:04] ⚠ 24246 status 403
[22:56:04] ⚠ 4890 status 403
[22:56:04] ⚠ 9169 status 403
[22:56:04] ⚠ 1053536 status 403
[22:56:04] ⚠ 1039864 status 403
[22:56:04] ⚠ 1013355 status 403
[22:56:04] ⚠ 1028879 status 403
[22:56:04] ⚠ 1004635 status 403
[22:56:04] ⚠ 31792 status 403
[22:56:04] ⚠ 39874 status 403
[22:56:04] ⚠ 1032344 status 403
[22:56:04] ⚠ 4174 status 403
[22:56:04] ⚠ 1003803 status 403
[22:56:04] ⚠ 1012136 status 403
[22:56:04] ⚠ 1011192 status 403
[22:56:04] ⚠ 9100 status 403
[22:56:04] ⚠ 7504 status 403
[22:56:04] ⚠ 31788 status 403
[22:56:04] ⚠ 10255 status 403
[22:56:04] ⚠ 1004634 status 403
[22:56:04] ⚠ 24981 status 403
[22:56:04] ⚠ 10270 status 403
[22:56:04] ⚠ 1053155 status 403
[22:56:04] ⚠ 1036114 status 403
[22:56:05] ⚠ 7511 status 403
[22:56:05] ⚠ 1082851 status 403
[22:56:05] ✅ Fetched 158 venues with shows
[22:56:05] ✅ DONE | Shows=822 | Movies=30
[02:55:00] 📍 Loaded 563 district venues
[02:55:00] 🚀 DISTRICT SCRAPER STARTED
[02:55:06] ⚠ 1065451 status 403 Forbidden
[02:55:06] ⚠ 1005991 status 403 Forbidden
[02:55:06] ⚠ 1041753 status 403 Forbidden
[02:55:06] ⚠ 25938 status 403 Forbidden
[02:55:06] ⚠ 32294 status 403 Forbidden
[02:55:06] ⚠ 1008335 status 403 Forbidden
[02:55:06] ⚠ 26230 status 403 Forbidden
[02:55:06] ⚠ 1039877 status 403 Forbidden
[02:55:06] ⚠ 1039842 status 403 Forbidden
[02:55:06] ⚠ 9413 status 403 Forbidden
[02:55:06] ⚠ 62637 status 403 Forbidden
[02:55:06] ⚠ 25808 status 403 Forbidden
[02:55:06] ⚠ 25011 status 403 Forbidden
[02:55:06] ⚠ 1037345 status 403 Forbidden
[02:55:06] ⚠ 1040731 status 403 Forbidden
[02:55:07] ⚠ 1039272 status 403 Forbidden
[02:55:07] ⚠ 9551 status 403 Forbidden
[02:55:07] ⚠ 1034324 status 403 Forbidden
[02:55:09] ⚠ 1037491 status 403 Forbidden
[02:55:09] ⚠ 1003767 status 403 Forbidden
[02:55:09] ⚠ 1037503 status 403 Forbidden
[02:55:09] ⚠ 9246 status 403 Forbidden
[02:55:09] ⚠ 1029684 status 403 Forbidden
[02:55:09] ⚠ 18164 status 403 Forbidden
[02:55:09] ⚠ 55853 status 403 Forbidden
[02:55:09] ⚠ 1007282 status 403 Forbidden
[02:55:09] ⚠ 5182 status 403 Forbidden
[02:55:09] ⚠ 19513 status 403 Forbidden
[02:55:09] ⚠ 1035744 status 403 Forbidden
[02:55:09] ⚠ 1037517 status 403 Forbidden
[02:55:09] ⚠ 25181 status 403 Forbidden
[02:55:09] ⚠ 1041239 status 403 Forbidden
[02:55:09] ⚠ 1037516 status 403 Forbidden
[02:55:09] ⚠ 1012280 status 403 Forbidden
[02:55:09] ⚠ 1037521 status 403 Forbidden
[02:55:09] ⚠ 1088811 status 403 Forbidden
[02:55:09] ⚠ 1042605 status 403 Forbidden
[02:55:09] ⚠ 3896 status 403 Forbidden
[02:55:09] ⚠ 9285 status 403 Forbidden
[02:55:09] ⚠ 1032901 status 403 Forbidden
[02:55:09] ⚠ 5150 status 403 Forbidden
[02:55:09] ⚠ 5220 status 403 Forbidden
[02:55:09] ⚠ 62250 status 403 Forbidden
[02:55:09] ⚠ 1041199 status 403 Forbidden
[02:55:09] ⚠ 16523 status 403 Forbidden
[02:55:09] ⚠ 1056892 status 403 Forbidden
[02:55:09] ⚠ 1047917 status 403 Forbidden
[02:55:09] ⚠ 1052727 status 403 Forbidden
[02:55:09] ⚠ 4780 status 403 Forbidden
[02:55:09] ⚠ 4919 status 403 Forbidden
[02:55:09] ⚠ 1041804 status 403 Forbidden
[02:55:09] ⚠ 1020338 status 403 Forbidden
[02:55:09] ⚠ 1041683 status 403 Forbidden
[02:55:09] ⚠ 1015975 status 403 Forbidden
[02:55:09] ⚠ 1036383 status 403 Forbidden
[02:55:09] ⚠ 1040181 status 403 Forbidden
[02:55:09] ⚠ 9784 status 403 Forbidden
[02:55:09] ⚠ 29954 status 403 Forbidden
[02:55:09] ⚠ 7293 status 403 Forbidden
[02:55:09] ⚠ 17483 status 403 Forbidden
[02:55:09] ⚠ 28235 status 403 Forbidden
[02:55:09] ⚠ 4889 status 403 Forbidden
[02:55:09] ⚠ 25281 status 403 Forbidden
[02:55:09] ⚠ 4910 status 403 Forbidden
[02:55:09] ⚠ 1018468 status 403 Forbidden
[02:55:09] ⚠ 1030383 status 403 Forbidden
[02:55:09] ⚠ 7826 status 403 Forbidden
[02:55:09] ⚠ 6119 status 403 Forbidden
[02:55:09] ⚠ 1084822 status 403 Forbidden
[02:55:09] ⚠ 1013210 status 403 Forbidden
[02:55:09] ⚠ 1041726 status 403 Forbidden
[02:55:09] ⚠ 9661 status 403 Forbidden
[02:55:09] ⚠ 3145 status 403 Forbidden
[02:55:09] ⚠ 1055922 status 403 Forbidden
[02:55:09] ⚠ 1006037 status 403 Forbidden
[02:55:09] ⚠ 1074202 status 403 Forbidden
[02:55:09] ⚠ 14354 status 403 Forbidden
[02:55:09] ⚠ 4852 status 403 Forbidden
[02:55:09] ⚠ 19110 status 403 Forbidden
[02:55:09] ⚠ 7312 status 403 Forbidden
[02:55:09] ⚠ 1041732 status 403 Forbidden
[02:55:09] ⚠ 58822 status 403 Forbidden
[02:55:09] ⚠ 4904 status 403 Forbidden
[02:55:09] ⚠ 9150 status 403 Forbidden
[02:55:09] ⚠ 4255 status 403 Forbidden
[02:55:09] ⚠ 1061843 status 403 Forbidden
[02:55:09] ⚠ 1028118 status 403 Forbidden
[02:55:09] ⚠ 1050768 status 403 Forbidden
[02:55:09] ⚠ 1050804 status 403 Forbidden
[02:55:09] ⚠ 28863 status 403 Forbidden
[02:55:09] ⚠ 6096 status 403 Forbidden
[02:55:09] ⚠ 5080 status 403 Forbidden
[02:55:09] ⚠ 1019687 status 403 Forbidden
[02:55:09] ⚠ 7260 status 403 Forbidden
[02:55:09] ⚠ 1398 status 403 Forbidden
[02:55:09] ⚠ 4425 status 403 Forbidden
[02:55:09] ⚠ 1041566 status 403 Forbidden
[02:55:09] ⚠ 1020350 status 403 Forbidden
[02:55:09] ⚠ 7627 status 403 Forbidden
[02:55:09] ⚠ 19289 status 403 Forbidden
[02:55:09] ⚠ 7753 status 403 Forbidden
[02:55:09] ⚠ 7814 status 403 Forbidden
[02:55:09] ⚠ 1041211 status 403 Forbidden
[02:55:09] ⚠ 30441 status 403 Forbidden
[02:55:09] ⚠ 7537 status 403 Forbidden
[02:55:09] ⚠ 4340 status 403 Forbidden
[02:55:09] ⚠ 1033177 status 403 Forbidden
[02:55:09] ⚠ 6079 status 403 Forbidden
[02:55:09] ⚠ 4163 status 403 Forbidden
[02:55:09] ⚠ 1031639 status 403 Forbidden
[02:55:09] ⚠ 7856 status 403 Forbidden
[02:55:09] ⚠ 1054202 status 403 Forbidden
[02:55:09] ⚠ 1041495 status 403 Forbidden
[02:55:09] ⚠ 1014297 status 403 Forbidden
[02:55:09] ⚠ 27725 status 403 Forbidden
[02:55:09] ⚠ 9131 status 403 Forbidden
[02:55:09] ⚠ 1088778 status 403 Forbidden
[02:55:09] ⚠ 1009967 status 403 Forbidden
[02:55:09] ⚠ 1031640 status 403 Forbidden
[02:55:09] ⚠ 5105 status 403 Forbidden
[02:55:09] ⚠ 24522 status 403 Forbidden
[02:55:09] ⚠ 27432 status 403 Forbidden
[02:55:09] ⚠ 1041465 status 403 Forbidden
[02:55:09] ⚠ 1042822 status 403 Forbidden
[02:55:09] ⚠ 9780 status 403 Forbidden
[02:55:09] ⚠ 10268 status 403 Forbidden
[02:55:09] ⚠ 9497 status 403 Forbidden
[02:55:09] ⚠ 54684 status 403 Forbidden
[02:55:09] ⚠ 1026095 status 403 Forbidden
[02:55:09] ⚠ 984 status 403 Forbidden
[02:55:09] ⚠ 1055117 status 403 Forbidden
[02:55:09] ⚠ 33645 status 403 Forbidden
[02:55:09] ⚠ 9176 status 403 Forbidden
[02:55:09] ⚠ 1041729 status 403 Forbidden
[02:55:09] ⚠ 1013662 status 403 Forbidden
[02:55:09] ⚠ 1033524 status 403 Forbidden
[02:55:09] ⚠ 9044 status 403 Forbidden
[02:55:09] ⚠ 9291 status 403 Forbidden
[02:55:09] ⚠ 4379 status 403 Forbidden
[02:55:09] ⚠ 1030384 status 403 Forbidden
[02:55:10] ⚠ 1039923 status 403 Forbidden
[02:55:10] ⚠ 4714 status 403 Forbidden
[02:55:10] ⚠ 22884 status 403 Forbidden
[02:55:10] ⚠ 43960 status 403 Forbidden
[02:55:10] ⚠ 1041691 status 403 Forbidden
[02:55:10] ⚠ 482 status 403 Forbidden
[02:55:10] ⚠ 1018796 status 403 Forbidden
[02:55:10] ⚠ 476 status 403 Forbidden
[02:55:10] ⚠ 1089364 status 403 Forbidden
[02:55:10] ⚠ 12947 status 403 Forbidden
[02:55:10] ⚠ 1056146 status 403 Forbidden
[02:55:10] ⚠ 24767 status 403 Forbidden
[02:55:10] ⚠ 1039748 status 403 Forbidden
[02:55:10] ⚠ 9527 status 403 Forbidden
[02:55:10] ⚠ 1039863 status 403 Forbidden
[02:55:10] ⚠ 1049289 status 403 Forbidden
[02:55:10] ⚠ 1065452 status 403 Forbidden
[02:55:10] ⚠ 5103 status 403 Forbidden
[02:55:10] ⚠ 26729 status 403 Forbidden
[02:55:10] ⚠ 1008441 status 403 Forbidden
[02:55:10] ⚠ 7308 status 403 Forbidden
[02:55:10] ⚠ 6035 status 403 Forbidden
[02:55:10] ⚠ 29510 status 403 Forbidden
[02:55:10] ⚠ 1049288 status 403 Forbidden
[02:55:10] ⚠ 1078620 status 403 Forbidden
[02:55:10] ⚠ 1066216 status 403 Forbidden
[02:55:10] ⚠ 14703 status 403 Forbidden
[02:55:10] ⚠ 4881 status 403 Forbidden
[02:55:10] ⚠ 1004633 status 403 Forbidden
[02:55:10] ⚠ 1092992 status 403 Forbidden
[02:55:10] ⚠ 1035939 status 403 Forbidden
[02:55:10] ⚠ 19294 status 403 Forbidden
[02:55:10] ⚠ 1054736 status 403 Forbidden
[02:55:10] ⚠ 15614 status 403 Forbidden
[02:55:10] ⚠ 1054735 status 403 Forbidden
[02:55:10] ⚠ 5061 status 403 Forbidden
[02:55:10] ⚠ 26294 status 403 Forbidden
[02:55:10] ⚠ 1054730 status 403 Forbidden
[02:55:10] ⚠ 3906 status 403 Forbidden
[02:55:10] ⚠ 3976 status 403 Forbidden
[02:55:10] ⚠ 1041782 status 403 Forbidden
[02:55:10] ⚠ 1024041 status 403 Forbidden
[02:55:10] ⚠ 1027244 status 403 Forbidden
[02:55:10] ⚠ 25008 status 403 Forbidden
[02:55:10] ⚠ 1041684 status 403 Forbidden
[02:55:10] ⚠ 6121 status 403 Forbidden
[02:55:10] ⚠ 9653 status 403 Forbidden
[02:55:10] ⚠ 27908 status 403 Forbidden
[02:55:10] ⚠ 1059680 status 403 Forbidden
[02:55:10] ⚠ 1042215 status 403 Forbidden
[02:55:10] ⚠ 1075662 status 403 Forbidden
[02:55:10] ⚠ 1032344 status 403 Forbidden
[02:55:10] ⚠ 1019544 status 403 Forbidden
[02:55:10] ⚠ 32811 status 403 Forbidden
[02:55:10] ⚠ 1056839 status 403 Forbidden
[02:55:10] ⚠ 49852 status 403 Forbidden
[02:55:10] ⚠ 24880 status 403 Forbidden
[02:55:10] ⚠ 1041567 status 403 Forbidden
[02:55:10] ⚠ 1088219 status 403 Forbidden
[02:55:10] ⚠ 9292 status 403 Forbidden
[02:55:10] ⚠ 31792 status 403 Forbidden
[02:55:10] ⚠ 1009010 status 403 Forbidden
[02:55:10] ⚠ 4976 status 403 Forbidden
[02:55:10] ⚠ 1021629 status 403 Forbidden
[02:55:10] ⚠ 9041 status 403 Forbidden
[02:55:10] ⚠ 9169 status 403 Forbidden
[02:55:10] ⚠ 9100 status 403 Forbidden
[02:55:10] ⚠ 9504 status 403 Forbidden
[02:55:10] ⚠ 1056846 status 403 Forbidden
[02:55:10] ⚠ 62907 status 403 Forbidden
[02:55:10] ⚠ 39874 status 403 Forbidden
[02:55:10] ⚠ 52682 status 403 Forbidden
[02:55:10] ⚠ 1020755 status 403 Forbidden
[02:55:10] ⚠ 10255 status 403 Forbidden
[02:55:10] ⚠ 24246 status 403 Forbidden
[02:55:10] ⚠ 9368 status 403 Forbidden
[02:55:10] ⚠ 38446 status 403 Forbidden
[02:55:10] ⚠ 31788 status 403 Forbidden
[02:55:10] ⚠ 4038 status 403 Forbidden
[02:55:10] ⚠ 1053536 status 403 Forbidden
[02:55:10] ⚠ 1004635 status 403 Forbidden
[02:55:10] ⚠ 4124 status 403 Forbidden
[02:55:10] ⚠ 1009117 status 403 Forbidden
[02:55:10] ⚠ 1068242 status 403 Forbidden
[02:55:10] ⚠ 1036114 status 403 Forbidden
[02:55:10] ⚠ 15526 status 403 Forbidden
[02:55:10] ⚠ 1028879 status 403 Forbidden
[02:55:10] ⚠ 1025576 status 403 Forbidden
[02:55:10] ⚠ 1036955 status 403 Forbidden
[02:55:10] ⚠ 24981 status 403 Forbidden
[02:55:10] ⚠ 1013355 status 403 Forbidden
[02:55:10] ⚠ 10270 status 403 Forbidden
[02:55:10] ⚠ 1039864 status 403 Forbidden
[02:55:10] ⚠ 4174 status 403 Forbidden
[02:55:10] ⚠ 4890 status 403 Forbidden
[02:55:10] ⚠ 1012136 status 403 Forbidden
[02:55:10] ⚠ 1054742 status 403 Forbidden
[02:55:10] ⚠ 7511 status 403 Forbidden
[02:55:10] ⚠ 1003803 status 403 Forbidden
[02:55:10] ⚠ 1011192 status 403 Forbidden
[02:55:10] ⚠ 1082851 status 403 Forbidden
[02:55:10] ⚠ 7504 status 403 Forbidden
[02:55:10] ⚠ 56144 status 403 Forbidden
[02:55:10] ⚠ 1004634 status 403 Forbidden
[02:55:10] ⚠ 1053155 status 403 Forbidden
[02:55:10] ✅ Fetched 169 venues with shows
[02:55:10] ✅ DONE | Shows=878 | Movies=31
[04:56:15] 📍 Loaded 563 district venues
[04:56:15] 🚀 DISTRICT SCRAPER STARTED
[04:56:19] ⚠ 27716 status 403 Forbidden
[04:56:19] ⚠ 1013208 status 403 Forbidden
[04:56:19] ⚠ 4042 status 403 Forbidden
[04:56:19] ⚠ 44966 status 403 Forbidden
[04:56:19] ⚠ 24929 status 403 Forbidden
[04:56:19] ⚠ 1039751 status 403 Forbidden
[04:56:19] ⚠ 7747 status 403 Forbidden
[04:56:19] ⚠ 1016986 status 403 Forbidden
[04:56:19] ⚠ 1088790 status 403 Forbidden
[04:56:19] ⚠ 28214 status 403 Forbidden
[04:56:19] ⚠ 24351 status 403 Forbidden
[04:56:19] ⚠ 1020288 status 403 Forbidden
[04:56:19] ⚠ 4217 status 403 Forbidden
[04:56:19] ⚠ 9373 status 403 Forbidden
[04:56:19] ⚠ 1037520 status 403 Forbidden
[04:56:19] ⚠ 1037142 status 403 Forbidden
[04:56:19] ⚠ 1083399 status 403 Forbidden
[04:56:19] ⚠ 1088803 status 403 Forbidden
[04:56:19] ⚠ 1067686 status 403 Forbidden
[04:56:19] ⚠ 52996 status 403 Forbidden
[04:56:19] ⚠ 1039424 status 403 Forbidden
[04:56:19] ⚠ 1053939 status 403 Forbidden
[04:56:19] ⚠ 7752 status 403 Forbidden
[04:56:19] ⚠ 31987 status 403 Forbidden
[04:56:19] ⚠ 1036961 status 403 Forbidden
[04:56:19] ⚠ 15527 status 403 Forbidden
[04:56:19] ⚠ 7222 status 403 Forbidden
[04:56:19] ⚠ 1015795 status 403 Forbidden
[04:56:19] ⚠ 16791 status 403 Forbidden
[04:56:19] ⚠ 26401 status 403 Forbidden
[04:56:19] ⚠ 1041692 status 403 Forbidden
[04:56:19] ⚠ 4332 status 403 Forbidden
[04:56:19] ⚠ 1063452 status 403 Forbidden
[04:56:19] ⚠ 509 status 403 Forbidden
[04:56:19] ⚠ 1003802 status 403 Forbidden
[04:56:19] ⚠ 1020190 status 403 Forbidden
[04:56:19] ⚠ 6093 status 403 Forbidden
[04:56:19] ⚠ 44366 status 403 Forbidden
[04:56:19] ⚠ 1003773 status 403 Forbidden
[04:56:19] ⚠ 30524 status 403 Forbidden
[04:56:19] ⚠ 22305 status 403 Forbidden
[04:56:19] ⚠ 5041 status 403 Forbidden
[04:56:19] ⚠ 1030422 status 403 Forbidden
[04:56:19] ⚠ 1008409 status 403 Forbidden
[04:56:19] ⚠ 9420 status 403 Forbidden
[04:56:19] ⚠ 25938 status 403 Forbidden
[04:56:19] ⚠ 1041753 status 403 Forbidden
[04:56:19] ⚠ 4902 status 403 Forbidden
[04:56:19] ⚠ 32294 status 403 Forbidden
[04:56:19] ⚠ 522 status 403 Forbidden
[04:56:19] ⚠ 1039877 status 403 Forbidden
[04:56:19] ⚠ 9411 status 403 Forbidden
[04:56:19] ⚠ 4739 status 403 Forbidden
[04:56:19] ⚠ 1008335 status 403 Forbidden
[04:56:19] ⚠ 1039842 status 403 Forbidden
[04:56:19] ⚠ 1040228 status 403 Forbidden
[04:56:19] ⚠ 62637 status 403 Forbidden
[04:56:19] ⚠ 25808 status 403 Forbidden
[04:56:19] ⚠ 1021922 status 403 Forbidden
[04:56:19] ⚠ 26230 status 403 Forbidden
[04:56:19] ⚠ 1005804 status 403 Forbidden
[04:56:19] ⚠ 1037345 status 403 Forbidden
[04:56:19] ⚠ 9413 status 403 Forbidden
[04:56:19] ⚠ 25011 status 403 Forbidden
[04:56:19] ⚠ 9424 status 403 Forbidden
[04:56:19] ⚠ 1037532 status 403 Forbidden
[04:56:19] ⚠ 1041505 status 403 Forbidden
[04:56:19] ⚠ 14166 status 403 Forbidden
[04:56:19] ⚠ 1012189 status 403 Forbidden
[04:56:19] ⚠ 4107 status 403 Forbidden
[04:56:19] ⚠ 36879 status 403 Forbidden
[04:56:19] ⚠ 1040731 status 403 Forbidden
[04:56:19] ⚠ 1039272 status 403 Forbidden
[04:56:19] ⚠ 4036 status 403 Forbidden
[04:56:19] ⚠ 9551 status 403 Forbidden
[04:56:19] ⚠ 1008404 status 403 Forbidden
[04:56:19] ⚠ 9350 status 403 Forbidden
[04:56:19] ⚠ 1005797 status 403 Forbidden
[04:56:19] ⚠ 7350 status 403 Forbidden
[04:56:19] ⚠ 1037506 status 403 Forbidden
[04:56:19] ⚠ 4272 status 403 Forbidden
[04:56:19] ⚠ 4733 status 403 Forbidden
[04:56:19] ⚠ 14669 status 403 Forbidden
[04:56:19] ⚠ 9491 status 403 Forbidden
[04:56:19] ⚠ 4045 status 403 Forbidden
[04:56:19] ⚠ 26676 status 403 Forbidden
[04:56:19] ⚠ 18823 status 403 Forbidden
[04:56:19] ⚠ 4725 status 403 Forbidden
[04:56:19] ⚠ 1012081 status 403 Forbidden
[04:56:19] ⚠ 1071622 status 403 Forbidden
[04:56:19] ⚠ 4715 status 403 Forbidden
[04:56:20] ⚠ 1027903 status 403 Forbidden
[04:56:20] ⚠ 1025740 status 403 Forbidden
[04:56:20] ⚠ 5058 status 403 Forbidden
[04:56:20] ⚠ 1014990 status 403 Forbidden
[04:56:20] ⚠ 9132 status 403 Forbidden
[04:56:20] ⚠ 4050 status 403 Forbidden
[04:56:20] ⚠ 26640 status 403 Forbidden
[04:56:20] ⚠ 1037514 status 403 Forbidden
[04:56:20] ⚠ 1041496 status 403 Forbidden
[04:56:20] ⚠ 1065987 status 403 Forbidden
[04:56:20] ⚠ 1015442 status 403 Forbidden
[04:56:20] ⚠ 46485 status 403 Forbidden
[04:56:20] ⚠ 1015840 status 403 Forbidden
[04:56:20] ⚠ 1041473 status 403 Forbidden
[04:56:20] ⚠ 1064038 status 403 Forbidden
[04:56:20] ⚠ 42945 status 403 Forbidden
[04:56:20] ⚠ 1037523 status 403 Forbidden
[04:56:20] ⚠ 7679 status 403 Forbidden
[04:56:20] ⚠ 1020453 status 403 Forbidden
[04:56:20] ⚠ 1016381 status 403 Forbidden
[04:56:20] ⚠ 18460 status 403 Forbidden
[04:56:20] ⚠ 27219 status 403 Forbidden
[04:56:20] ⚠ 7618 status 403 Forbidden
[04:56:20] ⚠ 9136 status 403 Forbidden
[04:56:20] ⚠ 51499 status 403 Forbidden
[04:56:20] ⚠ 16522 status 403 Forbidden
[04:56:20] ⚠ 1037510 status 403 Forbidden
[04:56:20] ⚠ 4051 status 403 Forbidden
[04:56:20] ⚠ 1041393 status 403 Forbidden
[04:56:20] ⚠ 1041242 status 403 Forbidden
[04:56:20] ⚠ 1075745 status 403 Forbidden
[04:56:20] ⚠ 1084553 status 403 Forbidden
[04:56:20] ⚠ 1041458 status 403 Forbidden
[04:56:20] ⚠ 3965 status 403 Forbidden
[04:56:20] ⚠ 1037531 status 403 Forbidden
[04:56:20] ⚠ 5145 status 403 Forbidden
[04:56:20] ⚠ 9384 status 403 Forbidden
[04:56:20] ⚠ 25571 status 403 Forbidden
[04:56:20] ⚠ 1015286 status 403 Forbidden
[04:56:20] ⚠ 1039840 status 403 Forbidden
[04:56:20] ⚠ 1032461 status 403 Forbidden
[04:56:20] ⚠ 1020547 status 403 Forbidden
[04:56:20] ⚠ 9194 status 403 Forbidden
[04:56:20] ⚠ 55466 status 403 Forbidden
[04:56:20] ⚠ 1032460 status 403 Forbidden
[04:56:20] ⚠ 25045 status 403 Forbidden
[04:56:20] ⚠ 30784 status 403 Forbidden
[04:56:20] ⚠ 9174 status 403 Forbidden
[04:56:20] ⚠ 1037527 status 403 Forbidden
[04:56:20] ⚠ 1016383 status 403 Forbidden
[04:56:20] ⚠ 26281 status 403 Forbidden
[04:56:20] ⚠ 7232 status 403 Forbidden
[04:56:20] ⚠ 55853 status 403 Forbidden
[04:56:20] ⚠ 1003767 status 403 Forbidden
[04:56:20] ⚠ 1037491 status 403 Forbidden
[04:56:20] ⚠ 9246 status 403 Forbidden
[04:56:20] ⚠ 1037503 status 403 Forbidden
[04:56:20] ⚠ 1007282 status 403 Forbidden
[04:56:20] ⚠ 1041239 status 403 Forbidden
[04:56:20] ⚠ 19513 status 403 Forbidden
[04:56:20] ⚠ 25181 status 403 Forbidden
[04:56:20] ⚠ 9285 status 403 Forbidden
[04:56:20] ⚠ 5182 status 403 Forbidden
[04:56:20] ⚠ 1029684 status 403 Forbidden
[04:56:20] ⚠ 1035744 status 403 Forbidden
[04:56:20] ⚠ 1037517 status 403 Forbidden
[04:56:20] ⚠ 1015975 status 403 Forbidden
[04:56:20] ⚠ 3896 status 403 Forbidden
[04:56:20] ⚠ 1037516 status 403 Forbidden
[04:56:20] ⚠ 1088811 status 403 Forbidden
[04:56:20] ⚠ 1037521 status 403 Forbidden
[04:56:20] ⚠ 1042605 status 403 Forbidden
[04:56:20] ⚠ 62250 status 403 Forbidden
[04:56:20] ⚠ 1032901 status 403 Forbidden
[04:56:20] ⚠ 5150 status 403 Forbidden
[04:56:20] ⚠ 4889 status 403 Forbidden
[04:56:20] ⚠ 5220 status 403 Forbidden
[04:56:20] ⚠ 7293 status 403 Forbidden
[04:56:20] ⚠ 1020338 status 403 Forbidden
[04:56:20] ⚠ 1040181 status 403 Forbidden
[04:56:20] ⚠ 1041804 status 403 Forbidden
[04:56:20] ⚠ 16523 status 403 Forbidden
[04:56:20] ⚠ 1056892 status 403 Forbidden
[04:56:20] ⚠ 1041199 status 403 Forbidden
[04:56:20] ⚠ 14354 status 403 Forbidden
[04:56:20] ⚠ 1047917 status 403 Forbidden
[04:56:20] ⚠ 1061843 status 403 Forbidden
[04:56:20] ⚠ 6119 status 403 Forbidden
[04:56:20] ⚠ 1084822 status 403 Forbidden
[04:56:20] ⚠ 4910 status 403 Forbidden
[04:56:20] ⚠ 1041683 status 403 Forbidden
[04:56:20] ⚠ 1050804 status 403 Forbidden
[04:56:20] ⚠ 7537 status 403 Forbidden
[04:56:20] ⚠ 4780 status 403 Forbidden
[04:56:20] ⚠ 1033177 status 403 Forbidden
[04:56:20] ⚠ 17483 status 403 Forbidden
[04:56:20] ⚠ 29954 status 403 Forbidden
[04:56:20] ⚠ 1018468 status 403 Forbidden
[04:56:20] ⚠ 1052727 status 403 Forbidden
[04:56:20] ⚠ 1041732 status 403 Forbidden
[04:56:20] ⚠ 9784 status 403 Forbidden
[04:56:20] ⚠ 25281 status 403 Forbidden
[04:56:20] ⚠ 9661 status 403 Forbidden
[04:56:20] ⚠ 27725 status 403 Forbidden
[04:56:20] ⚠ 9150 status 403 Forbidden
[04:56:20] ⚠ 4852 status 403 Forbidden
[04:56:20] ⚠ 1041726 status 403 Forbidden
[04:56:20] ⚠ 1006037 status 403 Forbidden
[04:56:20] ⚠ 1030383 status 403 Forbidden
[04:56:20] ⚠ 1055922 status 403 Forbidden
[04:56:20] ⚠ 58822 status 403 Forbidden
[04:56:20] ⚠ 4163 status 403 Forbidden
[04:56:20] ⚠ 7753 status 403 Forbidden
[04:56:20] ⚠ 1028118 status 403 Forbidden
[04:56:20] ⚠ 7312 status 403 Forbidden
[04:56:20] ⚠ 3145 status 403 Forbidden
[04:56:20] ⚠ 1074202 status 403 Forbidden
[04:56:20] ⚠ 1041465 status 403 Forbidden
[04:56:20] ⚠ 1013210 status 403 Forbidden
[04:56:20] ⚠ 7856 status 403 Forbidden
[04:56:20] ⚠ 1050768 status 403 Forbidden
[04:56:20] ⚠ 28863 status 403 Forbidden
[04:56:20] ⚠ 4340 status 403 Forbidden
[04:56:20] ⚠ 6096 status 403 Forbidden
[04:56:20] ⚠ 4904 status 403 Forbidden
[04:56:20] ⚠ 4255 status 403 Forbidden
[04:56:20] ⚠ 5080 status 403 Forbidden
[04:56:20] ⚠ 1088778 status 403 Forbidden
[04:56:20] ⚠ 27432 status 403 Forbidden
[04:56:20] ⚠ 9131 status 403 Forbidden
[04:56:20] ⚠ 7260 status 403 Forbidden
[04:56:20] ⚠ 1398 status 403 Forbidden
[04:56:20] ⚠ 4379 status 403 Forbidden
[04:56:20] ⚠ 4425 status 403 Forbidden
[04:56:20] ⚠ 1020350 status 403 Forbidden
[04:56:20] ⚠ 1026095 status 403 Forbidden
[04:56:20] ⚠ 1019687 status 403 Forbidden
[04:56:20] ⚠ 1041566 status 403 Forbidden
[04:56:20] ⚠ 1042822 status 403 Forbidden
[04:56:20] ⚠ 7627 status 403 Forbidden
[04:56:20] ⚠ 30441 status 403 Forbidden
[04:56:20] ⚠ 19289 status 403 Forbidden
[04:56:20] ⚠ 5105 status 403 Forbidden
[04:56:20] ⚠ 1041211 status 403 Forbidden
[04:56:20] ⚠ 1039748 status 403 Forbidden
[04:56:20] ⚠ 1031639 status 403 Forbidden
[04:56:20] ⚠ 6079 status 403 Forbidden
[04:56:20] ⚠ 1041691 status 403 Forbidden
[04:56:20] ⚠ 1054202 status 403 Forbidden
[04:56:20] ⚠ 1014297 status 403 Forbidden
[04:56:20] ⚠ 19294 status 403 Forbidden
[04:56:20] ⚠ 1009967 status 403 Forbidden
[04:56:20] ⚠ 1041495 status 403 Forbidden
[04:56:20] ⚠ 9176 status 403 Forbidden
[04:56:20] ⚠ 24522 status 403 Forbidden
[04:56:20] ⚠ 1031640 status 403 Forbidden
[04:56:20] ⚠ 10268 status 403 Forbidden
[04:56:20] ⚠ 26729 status 403 Forbidden
[04:56:20] ⚠ 43960 status 403 Forbidden
[04:56:20] ⚠ 29510 status 403 Forbidden
[04:56:20] ⚠ 7308 status 403 Forbidden
[04:56:20] ⚠ 1033524 status 403 Forbidden
[04:56:20] ⚠ 9780 status 403 Forbidden
[04:56:20] ⚠ 54684 status 403 Forbidden
[04:56:20] ⚠ 1013662 status 403 Forbidden
[04:56:20] ⚠ 1055117 status 403 Forbidden
[04:56:20] ⚠ 984 status 403 Forbidden
[04:56:20] ⚠ 12947 status 403 Forbidden
[04:56:20] ⚠ 33645 status 403 Forbidden
[04:56:20] ⚠ 1039923 status 403 Forbidden
[04:56:20] ⚠ 32811 status 403 Forbidden
[04:56:20] ⚠ 1066216 status 403 Forbidden
[04:56:20] ⚠ 9291 status 403 Forbidden
[04:56:20] ⚠ 482 status 403 Forbidden
[04:56:20] ⚠ 1041729 status 403 Forbidden
[04:56:20] ⚠ 1041684 status 403 Forbidden
[04:56:20] ⚠ 1030384 status 403 Forbidden
[04:56:20] ⚠ 1041782 status 403 Forbidden
[04:56:20] ⚠ 4881 status 403 Forbidden
[04:56:20] ⚠ 4714 status 403 Forbidden
[04:56:20] ⚠ 9527 status 403 Forbidden
[04:56:20] ⚠ 476 status 403 Forbidden
[04:56:20] ⚠ 22884 status 403 Forbidden
[04:56:20] ⚠ 1008441 status 403 Forbidden
[04:56:20] ⚠ 1056146 status 403 Forbidden
[04:56:20] ⚠ 9653 status 403 Forbidden
[04:56:20] ⚠ 1089364 status 403 Forbidden
[04:56:20] ⚠ 1039863 status 403 Forbidden
[04:56:20] ⚠ 15614 status 403 Forbidden
[04:56:20] ⚠ 5103 status 403 Forbidden
[04:56:20] ⚠ 24767 status 403 Forbidden
[04:56:20] ⚠ 1078620 status 403 Forbidden
[04:56:20] ⚠ 1049288 status 403 Forbidden
[04:56:20] ⚠ 14703 status 403 Forbidden
[04:56:20] ⚠ 1049289 status 403 Forbidden
[04:56:20] ⚠ 1019544 status 403 Forbidden
[04:56:20] ⚠ 1065452 status 403 Forbidden
[04:56:20] ⚠ 3976 status 403 Forbidden
[04:56:20] ⚠ 1054735 status 403 Forbidden
[04:56:20] ⚠ 6035 status 403 Forbidden
[04:56:20] ⚠ 1027244 status 403 Forbidden
[04:56:20] ⚠ 1092992 status 403 Forbidden
[04:56:20] ⚠ 1004633 status 403 Forbidden
[04:56:20] ⚠ 52682 status 403 Forbidden
[04:56:20] ⚠ 27908 status 403 Forbidden
[04:56:20] ⚠ 25008 status 403 Forbidden
[04:56:20] ⚠ 1054730 status 403 Forbidden
[04:56:20] ⚠ 31792 status 403 Forbidden
[04:56:20] ⚠ 5061 status 403 Forbidden
[04:56:20] ⚠ 62907 status 403 Forbidden
[04:56:20] ⚠ 1024041 status 403 Forbidden
[04:56:20] ⚠ 26294 status 403 Forbidden
[04:56:20] ⚠ 3906 status 403 Forbidden
[04:56:20] ⚠ 6121 status 403 Forbidden
[04:56:20] ⚠ 1056839 status 403 Forbidden
[04:56:20] ⚠ 1042215 status 403 Forbidden
[04:56:20] ⚠ 49852 status 403 Forbidden
[04:56:20] ⚠ 4976 status 403 Forbidden
[04:56:20] ⚠ 1032344 status 403 Forbidden
[04:56:20] ⚠ 1059680 status 403 Forbidden
[04:56:20] ⚠ 1009010 status 403 Forbidden
[04:56:20] ⚠ 24880 status 403 Forbidden
[04:56:20] ⚠ 1009117 status 403 Forbidden
[04:56:20] ⚠ 1020755 status 403 Forbidden
[04:56:20] ⚠ 4124 status 403 Forbidden
[04:56:20] ⚠ 1021629 status 403 Forbidden
[04:56:20] ⚠ 9292 status 403 Forbidden
[04:56:20] ⚠ 1036955 status 403 Forbidden
[04:56:20] ⚠ 1068242 status 403 Forbidden
[04:56:20] ⚠ 9041 status 403 Forbidden
[04:56:20] ⚠ 39874 status 403 Forbidden
[04:56:20] ⚠ 1039864 status 403 Forbidden
[04:56:20] ⚠ 9100 status 403 Forbidden
[04:56:20] ⚠ 15526 status 403 Forbidden
[04:56:20] ⚠ 9169 status 403 Forbidden
[04:56:20] ⚠ 9504 status 403 Forbidden
[04:56:20] ⚠ 4038 status 403 Forbidden
[04:56:20] ⚠ 1054742 status 403 Forbidden
[04:56:20] ⚠ 24246 status 403 Forbidden
[04:56:20] ⚠ 1025576 status 403 Forbidden
[04:56:20] ⚠ 9368 status 403 Forbidden
[04:56:20] ⚠ 4890 status 403 Forbidden
[04:56:20] ⚠ 31788 status 403 Forbidden
[04:56:20] ⚠ 10255 status 403 Forbidden
[04:56:20] ⚠ 1053536 status 403 Forbidden
[04:56:20] ⚠ 1082851 status 403 Forbidden
[04:56:20] ⚠ 56144 status 403 Forbidden
[04:56:20] ⚠ 7504 status 403 Forbidden
[04:56:20] ⚠ 1004635 status 403 Forbidden
[04:56:20] ⚠ 1013355 status 403 Forbidden
[04:56:20] ⚠ 1003803 status 403 Forbidden
[04:56:20] ⚠ 10270 status 403 Forbidden
[04:56:20] ⚠ 1012136 status 403 Forbidden
[04:56:20] ⚠ 1028879 status 403 Forbidden
[04:56:20] ⚠ 1036114 status 403 Forbidden
[04:56:20] ⚠ 24981 status 403 Forbidden
[04:56:20] ⚠ 7511 status 403 Forbidden
[04:56:20] ⚠ 1004634 status 403 Forbidden
[04:56:20] ⚠ 4174 status 403 Forbidden
[04:56:20] ⚠ 1053155 status 403 Forbidden
[04:56:21] ⚠ 1011192 status 403 Forbidden
[04:56:21] ✅ Fetched 121 venues with shows
[04:56:21] ✅ DONE | Shows=606 | Movies=28
[08:39:10] 📍 Loaded 563 district venues
[08:39:10] 🚀 DISTRICT SCRAPER STARTED
[08:39:14] ⚠ 1089067 status 403 Forbidden
[08:39:14] ⚠ 1015289 status 403 Forbidden
[08:39:14] ⚠ 1034383 status 403 Forbidden
[08:39:14] ⚠ 1041725 status 403 Forbidden
[08:39:14] ⚠ 4608 status 403 Forbidden
[08:39:14] ⚠ 1044095 status 403 Forbidden
[08:39:14] ⚠ 1058533 status 403 Forbidden
[08:39:14] ⚠ 27150 status 403 Forbidden
[08:39:14] ⚠ 1058794 status 403 Forbidden
[08:39:14] ⚠ 1033632 status 403 Forbidden
[08:39:14] ⚠ 1019593 status 403 Forbidden
[08:39:14] ⚠ 1015291 status 403 Forbidden
[08:39:14] ⚠ 1013208 status 403 Forbidden
[08:39:14] ⚠ 1039751 status 403 Forbidden
[08:39:14] ⚠ 4042 status 403 Forbidden
[08:39:14] ⚠ 7747 status 403 Forbidden
[08:39:14] ⚠ 1063761 status 403 Forbidden
[08:39:14] ⚠ 1016986 status 403 Forbidden
[08:39:14] ⚠ 496 status 403 Forbidden
[08:39:14] ⚠ 1088790 status 403 Forbidden
[08:39:14] ⚠ 28214 status 403 Forbidden
[08:39:14] ⚠ 1020288 status 403 Forbidden
[08:39:14] ⚠ 1083399 status 403 Forbidden
[08:39:14] ⚠ 1037142 status 403 Forbidden
[08:39:14] ⚠ 1088803 status 403 Forbidden
[08:39:14] ⚠ 7752 status 403 Forbidden
[08:39:14] ⚠ 1053939 status 403 Forbidden
[08:39:15] ⚠ 62637 status 403 Forbidden
[08:39:15] ⚠ 4107 status 403 Forbidden
[08:39:15] ⚠ 1021922 status 403 Forbidden
[08:39:15] ⚠ 1005804 status 403 Forbidden
[08:39:15] ⚠ 25011 status 403 Forbidden
[08:39:15] ⚠ 25808 status 403 Forbidden
[08:39:15] ⚠ 1037345 status 403 Forbidden
[08:39:15] ⚠ 1012189 status 403 Forbidden
[08:39:15] ⚠ 9424 status 403 Forbidden
[08:39:15] ⚠ 1037532 status 403 Forbidden
[08:39:15] ⚠ 1040731 status 403 Forbidden
[08:39:15] ⚠ 9350 status 403 Forbidden
[08:39:15] ⚠ 1039272 status 403 Forbidden
[08:39:15] ⚠ 14166 status 403 Forbidden
[08:39:15] ⚠ 1041505 status 403 Forbidden
[08:39:15] ⚠ 9551 status 403 Forbidden
[08:39:15] ⚠ 9474 status 403 Forbidden
[08:39:15] ⚠ 1005797 status 403 Forbidden
[08:39:15] ⚠ 9491 status 403 Forbidden
[08:39:15] ⚠ 36879 status 403 Forbidden
[08:39:15] ⚠ 4733 status 403 Forbidden
[08:39:15] ⚠ 7350 status 403 Forbidden
[08:39:15] ⚠ 4036 status 403 Forbidden
[08:39:15] ⚠ 1037506 status 403 Forbidden
[08:39:15] ⚠ 4272 status 403 Forbidden
[08:39:15] ⚠ 1012081 status 403 Forbidden
[08:39:15] ⚠ 1031296 status 403 Forbidden
[08:39:15] ⚠ 1008404 status 403 Forbidden
[08:39:15] ⚠ 1042439 status 403 Forbidden
[08:39:15] ⚠ 1071622 status 403 Forbidden
[08:39:15] ⚠ 4045 status 403 Forbidden
[08:39:15] ⚠ 5058 status 403 Forbidden
[08:39:15] ⚠ 1027903 status 403 Forbidden
[08:39:15] ⚠ 14669 status 403 Forbidden
[08:39:15] ⚠ 4725 status 403 Forbidden
[08:39:15] ⚠ 18823 status 403 Forbidden
[08:39:15] ⚠ 9132 status 403 Forbidden
[08:39:15] ⚠ 1025740 status 403 Forbidden
[08:39:15] ⚠ 4715 status 403 Forbidden
[08:39:15] ⚠ 1014990 status 403 Forbidden
[08:39:15] ⚠ 46485 status 403 Forbidden
[08:39:15] ⚠ 4050 status 403 Forbidden
[08:39:15] ⚠ 1034324 status 403 Forbidden
[08:39:15] ⚠ 1037523 status 403 Forbidden
[08:39:15] ⚠ 1065987 status 403 Forbidden
[08:39:15] ⚠ 1052503 status 403 Forbidden
[08:39:15] ⚠ 1064038 status 403 Forbidden
[08:39:15] ⚠ 1015840 status 403 Forbidden
[08:39:15] ⚠ 26640 status 403 Forbidden
[08:39:15] ⚠ 1015442 status 403 Forbidden
[08:39:15] ⚠ 1037514 status 403 Forbidden
[08:39:15] ⚠ 1036772 status 403 Forbidden
[08:39:15] ⚠ 7137 status 403 Forbidden
[08:39:15] ⚠ 1041496 status 403 Forbidden
[08:39:15] ⚠ 42945 status 403 Forbidden
[08:39:15] ⚠ 1020453 status 403 Forbidden
[08:39:15] ⚠ 1016381 status 403 Forbidden
[08:39:15] ⚠ 18460 status 403 Forbidden
[08:39:15] ⚠ 51499 status 403 Forbidden
[08:39:15] ⚠ 1041473 status 403 Forbidden
[08:39:15] ⚠ 9136 status 403 Forbidden
[08:39:15] ⚠ 16522 status 403 Forbidden
[08:39:15] ⚠ 4051 status 403 Forbidden
[08:39:15] ⚠ 27219 status 403 Forbidden
[08:39:15] ⚠ 7618 status 403 Forbidden
[08:39:15] ⚠ 1084553 status 403 Forbidden
[08:39:15] ⚠ 7679 status 403 Forbidden
[08:39:15] ⚠ 5145 status 403 Forbidden
[08:39:15] ⚠ 1037510 status 403 Forbidden
[08:39:15] ⚠ 1020547 status 403 Forbidden
[08:39:15] ⚠ 1041393 status 403 Forbidden
[08:39:15] ⚠ 1015286 status 403 Forbidden
[08:39:15] ⚠ 1037531 status 403 Forbidden
[08:39:15] ⚠ 3965 status 403 Forbidden
[08:39:15] ⚠ 1041242 status 403 Forbidden
[08:39:15] ⚠ 1032461 status 403 Forbidden
[08:39:15] ⚠ 26281 status 403 Forbidden
[08:39:15] ⚠ 30784 status 403 Forbidden
[08:39:15] ⚠ 9384 status 403 Forbidden
[08:39:15] ⚠ 1075745 status 403 Forbidden
[08:39:15] ⚠ 1041458 status 403 Forbidden
[08:39:15] ⚠ 1016383 status 403 Forbidden
[08:39:15] ⚠ 9174 status 403 Forbidden
[08:39:15] ⚠ 25045 status 403 Forbidden
[08:39:15] ⚠ 7232 status 403 Forbidden
[08:39:15] ⚠ 1039840 status 403 Forbidden
[08:39:15] ⚠ 1037491 status 403 Forbidden
[08:39:15] ⚠ 1037527 status 403 Forbidden
[08:39:15] ⚠ 1032460 status 403 Forbidden
[08:39:15] ⚠ 25571 status 403 Forbidden
[08:39:15] ⚠ 25181 status 403 Forbidden
[08:39:15] ⚠ 1037503 status 403 Forbidden
[08:39:15] ⚠ 1007282 status 403 Forbidden
[08:39:15] ⚠ 1041239 status 403 Forbidden
[08:39:15] ⚠ 1003767 status 403 Forbidden
[08:39:15] ⚠ 55853 status 403 Forbidden
[08:39:15] ⚠ 18164 status 403 Forbidden
[08:39:15] ⚠ 5182 status 403 Forbidden
[08:39:15] ⚠ 1029684 status 403 Forbidden
[08:39:15] ⚠ 9246 status 403 Forbidden
[08:39:15] ⚠ 62250 status 403 Forbidden
[08:39:15] ⚠ 1012280 status 403 Forbidden
[08:39:15] ⚠ 55466 status 403 Forbidden
[08:39:15] ⚠ 1015975 status 403 Forbidden
[08:39:15] ⚠ 1035744 status 403 Forbidden
[08:39:15] ⚠ 3896 status 403 Forbidden
[08:39:15] ⚠ 1037517 status 403 Forbidden
[08:39:15] ⚠ 9194 status 403 Forbidden
[08:39:15] ⚠ 19513 status 403 Forbidden
[08:39:15] ⚠ 1037516 status 403 Forbidden
[08:39:15] ⚠ 9285 status 403 Forbidden
[08:39:15] ⚠ 1042605 status 403 Forbidden
[08:39:15] ⚠ 1088811 status 403 Forbidden
[08:39:15] ⚠ 1037521 status 403 Forbidden
[08:39:15] ⚠ 4889 status 403 Forbidden
[08:39:15] ⚠ 1041804 status 403 Forbidden
[08:39:15] ⚠ 5220 status 403 Forbidden
[08:39:15] ⚠ 16523 status 403 Forbidden
[08:39:15] ⚠ 5150 status 403 Forbidden
[08:39:15] ⚠ 7293 status 403 Forbidden
[08:39:15] ⚠ 1032901 status 403 Forbidden
[08:39:15] ⚠ 1041199 status 403 Forbidden
[08:39:15] ⚠ 1047917 status 403 Forbidden
[08:39:15] ⚠ 1041683 status 403 Forbidden
[08:39:15] ⚠ 1056892 status 403 Forbidden
[08:39:15] ⚠ 6119 status 403 Forbidden
[08:39:15] ⚠ 4919 status 403 Forbidden
[08:39:15] ⚠ 1061843 status 403 Forbidden
[08:39:15] ⚠ 1040181 status 403 Forbidden
[08:39:15] ⚠ 14354 status 403 Forbidden
[08:39:15] ⚠ 4780 status 403 Forbidden
[08:39:15] ⚠ 1052727 status 403 Forbidden
[08:39:15] ⚠ 1084822 status 403 Forbidden
[08:39:15] ⚠ 1020338 status 403 Forbidden
[08:39:15] ⚠ 1036383 status 403 Forbidden
[08:39:15] ⚠ 17483 status 403 Forbidden
[08:39:15] ⚠ 1033177 status 403 Forbidden
[08:39:15] ⚠ 1050804 status 403 Forbidden
[08:39:15] ⚠ 9661 status 403 Forbidden
[08:39:15] ⚠ 9784 status 403 Forbidden
[08:39:15] ⚠ 29954 status 403 Forbidden
[08:39:15] ⚠ 4910 status 403 Forbidden
[08:39:15] ⚠ 1018468 status 403 Forbidden
[08:39:15] ⚠ 25281 status 403 Forbidden
[08:39:15] ⚠ 7537 status 403 Forbidden
[08:39:15] ⚠ 4852 status 403 Forbidden
[08:39:15] ⚠ 1006037 status 403 Forbidden
[08:39:15] ⚠ 7826 status 403 Forbidden
[08:39:15] ⚠ 28235 status 403 Forbidden
[08:39:15] ⚠ 1041726 status 403 Forbidden
[08:39:15] ⚠ 1030383 status 403 Forbidden
[08:39:15] ⚠ 9150 status 403 Forbidden
[08:39:15] ⚠ 27725 status 403 Forbidden
[08:39:15] ⚠ 1041732 status 403 Forbidden
[08:39:15] ⚠ 3145 status 403 Forbidden
[08:39:15] ⚠ 1013210 status 403 Forbidden
[08:39:15] ⚠ 4163 status 403 Forbidden
[08:39:15] ⚠ 1055922 status 403 Forbidden
[08:39:15] ⚠ 1074202 status 403 Forbidden
[08:39:15] ⚠ 1041465 status 403 Forbidden
[08:39:15] ⚠ 4904 status 403 Forbidden
[08:39:15] ⚠ 9044 status 403 Forbidden
[08:39:15] ⚠ 7814 status 403 Forbidden
[08:39:15] ⚠ 19110 status 403 Forbidden
[08:39:15] ⚠ 7753 status 403 Forbidden
[08:39:15] ⚠ 58822 status 403 Forbidden
[08:39:15] ⚠ 1028118 status 403 Forbidden
[08:39:15] ⚠ 28863 status 403 Forbidden
[08:39:15] ⚠ 7856 status 403 Forbidden
[08:39:16] ⚠ 6096 status 403 Forbidden
[08:39:16] ⚠ 27432 status 403 Forbidden
[08:39:16] ⚠ 1050768 status 403 Forbidden
[08:39:16] ⚠ 1019687 status 403 Forbidden
[08:39:16] ⚠ 4340 status 403 Forbidden
[08:39:16] ⚠ 7312 status 403 Forbidden
[08:39:16] ⚠ 5080 status 403 Forbidden
[08:39:16] ⚠ 1398 status 403 Forbidden
[08:39:16] ⚠ 1041566 status 403 Forbidden
[08:39:16] ⚠ 1026095 status 403 Forbidden
[08:39:16] ⚠ 1088778 status 403 Forbidden
[08:39:16] ⚠ 7260 status 403 Forbidden
[08:39:16] ⚠ 1020350 status 403 Forbidden
[08:39:16] ⚠ 9131 status 403 Forbidden
[08:39:16] ⚠ 4255 status 403 Forbidden
[08:39:16] ⚠ 4379 status 403 Forbidden
[08:39:16] ⚠ 1042822 status 403 Forbidden
[08:39:16] ⚠ 30441 status 403 Forbidden
[08:39:16] ⚠ 4425 status 403 Forbidden
[08:39:16] ⚠ 1031639 status 403 Forbidden
[08:39:16] ⚠ 7627 status 403 Forbidden
[08:39:16] ⚠ 1041211 status 403 Forbidden
[08:39:16] ⚠ 1009967 status 403 Forbidden
[08:39:16] ⚠ 1041495 status 403 Forbidden
[08:39:16] ⚠ 9176 status 403 Forbidden
[08:39:16] ⚠ 1033524 status 403 Forbidden
[08:39:16] ⚠ 1041691 status 403 Forbidden
[08:39:16] ⚠ 1054202 status 403 Forbidden
[08:39:16] ⚠ 19294 status 403 Forbidden
[08:39:16] ⚠ 1014297 status 403 Forbidden
[08:39:16] ⚠ 19289 status 403 Forbidden
[08:39:16] ⚠ 10268 status 403 Forbidden
[08:39:16] ⚠ 26729 status 403 Forbidden
[08:39:16] ⚠ 6079 status 403 Forbidden
[08:39:16] ⚠ 1039748 status 403 Forbidden
[08:39:16] ⚠ 5105 status 403 Forbidden
[08:39:16] ⚠ 43960 status 403 Forbidden
[08:39:16] ⚠ 29510 status 403 Forbidden
[08:39:16] ⚠ 1031640 status 403 Forbidden
[08:39:16] ⚠ 24522 status 403 Forbidden
[08:39:16] ⚠ 1055117 status 403 Forbidden
[08:39:16] ⚠ 9497 status 403 Forbidden
[08:39:16] ⚠ 9780 status 403 Forbidden
[08:39:16] ⚠ 7308 status 403 Forbidden
[08:39:16] ⚠ 32811 status 403 Forbidden
[08:39:16] ⚠ 1013662 status 403 Forbidden
[08:39:16] ⚠ 984 status 403 Forbidden
[08:39:16] ⚠ 12947 status 403 Forbidden
[08:39:16] ⚠ 1066216 status 403 Forbidden
[08:39:16] ⚠ 33645 status 403 Forbidden
[08:39:16] ⚠ 1039923 status 403 Forbidden
[08:39:16] ⚠ 482 status 403 Forbidden
[08:39:16] ⚠ 9291 status 403 Forbidden
[08:39:16] ⚠ 1041684 status 403 Forbidden
[08:39:16] ⚠ 1018796 status 403 Forbidden
[08:39:16] ⚠ 1041729 status 403 Forbidden
[08:39:16] ⚠ 54684 status 403 Forbidden
[08:39:16] ⚠ 1041782 status 403 Forbidden
[08:39:16] ⚠ 4881 status 403 Forbidden
[08:39:16] ⚠ 4714 status 403 Forbidden
[08:39:16] ⚠ 1030384 status 403 Forbidden
[08:39:16] ⚠ 476 status 403 Forbidden
[08:39:16] ⚠ 9653 status 403 Forbidden
[08:39:16] ⚠ 1056146 status 403 Forbidden
[08:39:16] ⚠ 22884 status 403 Forbidden
[08:39:16] ⚠ 1089364 status 403 Forbidden
[08:39:16] ⚠ 1008441 status 403 Forbidden
[08:39:16] ⚠ 1039863 status 403 Forbidden
[08:39:16] ⚠ 9527 status 403 Forbidden
[08:39:16] ⚠ 5103 status 403 Forbidden
[08:39:16] ⚠ 1078620 status 403 Forbidden
[08:39:16] ⚠ 24767 status 403 Forbidden
[08:39:16] ⚠ 6035 status 403 Forbidden
[08:39:16] ⚠ 1065452 status 403 Forbidden
[08:39:16] ⚠ 1075662 status 403 Forbidden
[08:39:16] ⚠ 1049289 status 403 Forbidden
[08:39:16] ⚠ 15614 status 403 Forbidden
[08:39:16] ⚠ 1049288 status 403 Forbidden
[08:39:16] ⚠ 14703 status 403 Forbidden
[08:39:16] ⚠ 1019544 status 403 Forbidden
[08:39:16] ⚠ 1035939 status 403 Forbidden
[08:39:16] ⚠ 3976 status 403 Forbidden
[08:39:16] ⚠ 1092992 status 403 Forbidden
[08:39:16] ⚠ 1004633 status 403 Forbidden
[08:39:16] ⚠ 1027244 status 403 Forbidden
[08:39:16] ⚠ 1054735 status 403 Forbidden
[08:39:16] ⚠ 52682 status 403 Forbidden
[08:39:16] ⚠ 62907 status 403 Forbidden
[08:39:16] ⚠ 26294 status 403 Forbidden
[08:39:16] ⚠ 1054736 status 403 Forbidden
[08:39:16] ⚠ 1041567 status 403 Forbidden
[08:39:16] ⚠ 1054730 status 403 Forbidden
[08:39:16] ⚠ 27908 status 403 Forbidden
[08:39:16] ⚠ 5061 status 403 Forbidden
[08:39:16] ⚠ 1024041 status 403 Forbidden
[08:39:16] ⚠ 38446 status 403 Forbidden
[08:39:16] ⚠ 1032344 status 403 Forbidden
[08:39:16] ⚠ 25008 status 403 Forbidden
[08:39:16] ⚠ 1042215 status 403 Forbidden
[08:39:16] ⚠ 4976 status 403 Forbidden
[08:39:16] ⚠ 3906 status 403 Forbidden
[08:39:16] ⚠ 1009010 status 403 Forbidden
[08:39:16] ⚠ 1009117 status 403 Forbidden
[08:39:16] ⚠ 1056839 status 403 Forbidden
[08:39:16] ⚠ 49852 status 403 Forbidden
[08:39:16] ⚠ 1059680 status 403 Forbidden
[08:39:16] ⚠ 1088219 status 403 Forbidden
[08:39:16] ⚠ 4124 status 403 Forbidden
[08:39:16] ⚠ 6121 status 403 Forbidden
[08:39:16] ⚠ 31792 status 403 Forbidden
[08:39:16] ⚠ 1056846 status 403 Forbidden
[08:39:16] ⚠ 1068242 status 403 Forbidden
[08:39:16] ⚠ 1036955 status 403 Forbidden
[08:39:16] ⚠ 24880 status 403 Forbidden
[08:39:16] ⚠ 39874 status 403 Forbidden
[08:39:16] ⚠ 9292 status 403 Forbidden
[08:39:16] ⚠ 1020755 status 403 Forbidden
[08:39:16] ⚠ 1025576 status 403 Forbidden
[08:39:16] ⚠ 9169 status 403 Forbidden
[08:39:16] ⚠ 1021629 status 403 Forbidden
[08:39:16] ⚠ 15526 status 403 Forbidden
[08:39:16] ⚠ 9504 status 403 Forbidden
[08:39:16] ⚠ 9100 status 403 Forbidden
[08:39:16] ⚠ 4038 status 403 Forbidden
[08:39:16] ⚠ 4890 status 403 Forbidden
[08:39:16] ⚠ 1039864 status 403 Forbidden
[08:39:16] ⚠ 24246 status 403 Forbidden
[08:39:16] ⚠ 31788 status 403 Forbidden
[08:39:16] ⚠ 1054742 status 403 Forbidden
[08:39:16] ⚠ 10255 status 403 Forbidden
[08:39:16] ⚠ 9368 status 403 Forbidden
[08:39:16] ⚠ 9041 status 403 Forbidden
[08:39:16] ⚠ 7504 status 403 Forbidden
[08:39:16] ⚠ 1004635 status 403 Forbidden
[08:39:16] ⚠ 1053536 status 403 Forbidden
[08:39:16] ⚠ 1012136 status 403 Forbidden
[08:39:16] ⚠ 1013355 status 403 Forbidden
[08:39:16] ⚠ 1003803 status 403 Forbidden
[08:39:16] ⚠ 1082851 status 403 Forbidden
[08:39:16] ⚠ 4174 status 403 Forbidden
[08:39:16] ⚠ 10270 status 403 Forbidden
[08:39:16] ⚠ 1028879 status 403 Forbidden
[08:39:16] ⚠ 1011192 status 403 Forbidden
[08:39:16] ⚠ 56144 status 403 Forbidden
[08:39:16] ⚠ 1036114 status 403 Forbidden
[08:39:16] ⚠ 24981 status 403 Forbidden
[08:39:16] ⚠ 1004634 status 403 Forbidden
[08:39:16] ⚠ 7511 status 403 Forbidden
[08:39:16] ⚠ 1053155 status 403 Forbidden
[08:39:16] ✅ Fetched 122 venues with shows
[08:39:16] ✅ DONE | Shows=641 | Movies=27
[11:03:33] 📍 Loaded 563 district venues
[11:03:33] 🚀 DISTRICT SCRAPER STARTED
[11:03:38] ⚠ 4217 status 403 Forbidden
[11:03:38] ⚠ 1037520 status 403 Forbidden
[11:03:38] ⚠ 9373 status 403 Forbidden
[11:03:38] ⚠ 1067686 status 403 Forbidden
[11:03:38] ⚠ 1088803 status 403 Forbidden
[11:03:38] ⚠ 1039424 status 403 Forbidden
[11:03:38] ⚠ 52996 status 403 Forbidden
[11:03:38] ⚠ 31987 status 403 Forbidden
[11:03:38] ⚠ 1036961 status 403 Forbidden
[11:03:38] ⚠ 1015795 status 403 Forbidden
[11:03:38] ⚠ 16791 status 403 Forbidden
[11:03:38] ⚠ 26401 status 403 Forbidden
[11:03:38] ⚠ 509 status 403 Forbidden
[11:03:38] ⚠ 1063452 status 403 Forbidden
[11:03:38] ⚠ 1008409 status 403 Forbidden
[11:03:38] ⚠ 1041692 status 403 Forbidden
[11:03:38] ⚠ 44366 status 403 Forbidden
[11:03:38] ⚠ 1030422 status 403 Forbidden
[11:03:38] ⚠ 5041 status 403 Forbidden
[11:03:38] ⚠ 9420 status 403 Forbidden
[11:03:38] ⚠ 1005991 status 403 Forbidden
[11:03:38] ⚠ 4902 status 403 Forbidden
[11:03:38] ⚠ 1065451 status 403 Forbidden
[11:03:38] ⚠ 32294 status 403 Forbidden
[11:03:38] ⚠ 1041753 status 403 Forbidden
[11:03:38] ⚠ 1008335 status 403 Forbidden
[11:03:38] ⚠ 4739 status 403 Forbidden
[11:03:38] ⚠ 9413 status 403 Forbidden
[11:03:38] ⚠ 9411 status 403 Forbidden
[11:03:38] ⚠ 1040228 status 403 Forbidden
[11:03:38] ⚠ 1021922 status 403 Forbidden
[11:03:38] ⚠ 1012189 status 403 Forbidden
[11:03:39] ⚠ 4725 status 403 Forbidden
[11:03:39] ⚠ 1014990 status 403 Forbidden
[11:03:39] ⚠ 1037523 status 403 Forbidden
[11:03:39] ⚠ 4715 status 403 Forbidden
[11:03:39] ⚠ 26640 status 403 Forbidden
[11:03:39] ⚠ 9132 status 403 Forbidden
[11:03:39] ⚠ 1052503 status 403 Forbidden
[11:03:39] ⚠ 4050 status 403 Forbidden
[11:03:39] ⚠ 1015840 status 403 Forbidden
[11:03:39] ⚠ 46485 status 403 Forbidden
[11:03:39] ⚠ 42945 status 403 Forbidden
[11:03:39] ⚠ 1065987 status 403 Forbidden
[11:03:39] ⚠ 1015442 status 403 Forbidden
[11:03:39] ⚠ 7137 status 403 Forbidden
[11:03:39] ⚠ 1041496 status 403 Forbidden
[11:03:39] ⚠ 1016381 status 403 Forbidden
[11:03:39] ⚠ 1036772 status 403 Forbidden
[11:03:39] ⚠ 51499 status 403 Forbidden
[11:03:39] ⚠ 4051 status 403 Forbidden
[11:03:39] ⚠ 1064038 status 403 Forbidden
[11:03:39] ⚠ 1037514 status 403 Forbidden
[11:03:39] ⚠ 27219 status 403 Forbidden
[11:03:39] ⚠ 1037510 status 403 Forbidden
[11:03:39] ⚠ 7679 status 403 Forbidden
[11:03:39] ⚠ 1041473 status 403 Forbidden
[11:03:39] ⚠ 18460 status 403 Forbidden
[11:03:39] ⚠ 1041393 status 403 Forbidden
[11:03:39] ⚠ 1020453 status 403 Forbidden
[11:03:39] ⚠ 1084553 status 403 Forbidden
[11:03:39] ⚠ 5145 status 403 Forbidden
[11:03:39] ⚠ 16522 status 403 Forbidden
[11:03:39] ⚠ 1020547 status 403 Forbidden
[11:03:39] ⚠ 1041458 status 403 Forbidden
[11:03:39] ⚠ 9136 status 403 Forbidden
[11:03:39] ⚠ 7618 status 403 Forbidden
[11:03:39] ⚠ 3965 status 403 Forbidden
[11:03:39] ⚠ 1075745 status 403 Forbidden
[11:03:39] ⚠ 1041242 status 403 Forbidden
[11:03:39] ⚠ 1015286 status 403 Forbidden
[11:03:39] ⚠ 1039840 status 403 Forbidden
[11:03:39] ⚠ 1032461 status 403 Forbidden
[11:03:39] ⚠ 1037531 status 403 Forbidden
[11:03:39] ⚠ 7232 status 403 Forbidden
[11:03:39] ⚠ 9174 status 403 Forbidden
[11:03:39] ⚠ 9194 status 403 Forbidden
[11:03:39] ⚠ 26281 status 403 Forbidden
[11:03:39] ⚠ 25571 status 403 Forbidden
[11:03:39] ⚠ 1016383 status 403 Forbidden
[11:03:39] ⚠ 30784 status 403 Forbidden
[11:03:39] ⚠ 9384 status 403 Forbidden
[11:03:39] ⚠ 1037491 status 403 Forbidden
[11:03:39] ⚠ 25181 status 403 Forbidden
[11:03:39] ⚠ 55466 status 403 Forbidden
[11:03:39] ⚠ 9246 status 403 Forbidden
[11:03:39] ⚠ 25045 status 403 Forbidden
[11:03:39] ⚠ 1029684 status 403 Forbidden
[11:03:39] ⚠ 1037503 status 403 Forbidden
[11:03:39] ⚠ 1037527 status 403 Forbidden
[11:03:39] ⚠ 1032460 status 403 Forbidden
[11:03:39] ⚠ 1007282 status 403 Forbidden
[11:03:39] ⚠ 55853 status 403 Forbidden
[11:03:39] ⚠ 18164 status 403 Forbidden
[11:03:39] ⚠ 19513 status 403 Forbidden
[11:03:39] ⚠ 1015975 status 403 Forbidden
[11:03:39] ⚠ 1037521 status 403 Forbidden
[11:03:39] ⚠ 9285 status 403 Forbidden
[11:03:39] ⚠ 1003767 status 403 Forbidden
[11:03:39] ⚠ 1037517 status 403 Forbidden
[11:03:39] ⚠ 1088811 status 403 Forbidden
[11:03:39] ⚠ 1041239 status 403 Forbidden
[11:03:39] ⚠ 1032901 status 403 Forbidden
[11:03:39] ⚠ 1041804 status 403 Forbidden
[11:03:39] ⚠ 3896 status 403 Forbidden
[11:03:39] ⚠ 1012280 status 403 Forbidden
[11:03:39] ⚠ 5182 status 403 Forbidden
[11:03:39] ⚠ 5220 status 403 Forbidden
[11:03:39] ⚠ 62250 status 403 Forbidden
[11:03:40] ⚠ 1037516 status 403 Forbidden
[11:03:40] ⚠ 1035744 status 403 Forbidden
[11:03:40] ⚠ 1020338 status 403 Forbidden
[11:03:40] ⚠ 16523 status 403 Forbidden
[11:03:40] ⚠ 1042605 status 403 Forbidden
[11:03:40] ⚠ 14354 status 403 Forbidden
[11:03:40] ⚠ 1061843 status 403 Forbidden
[11:03:40] ⚠ 7293 status 403 Forbidden
[11:03:40] ⚠ 4780 status 403 Forbidden
[11:03:40] ⚠ 1040181 status 403 Forbidden
[11:03:40] ⚠ 4919 status 403 Forbidden
[11:03:40] ⚠ 1041199 status 403 Forbidden
[11:03:40] ⚠ 5150 status 403 Forbidden
[11:03:40] ⚠ 1056892 status 403 Forbidden
[11:03:40] ⚠ 6119 status 403 Forbidden
[11:03:40] ⚠ 1047917 status 403 Forbidden
[11:03:40] ⚠ 4889 status 403 Forbidden
[11:03:40] ⚠ 4910 status 403 Forbidden
[11:03:40] ⚠ 9661 status 403 Forbidden
[11:03:40] ⚠ 28235 status 403 Forbidden
[11:03:40] ⚠ 1050804 status 403 Forbidden
[11:03:40] ⚠ 17483 status 403 Forbidden
[11:03:40] ⚠ 1041683 status 403 Forbidden
[11:03:40] ⚠ 1033177 status 403 Forbidden
[11:03:40] ⚠ 1052727 status 403 Forbidden
[11:03:40] ⚠ 1084822 status 403 Forbidden
[11:03:40] ⚠ 1036383 status 403 Forbidden
[11:03:40] ⚠ 1006037 status 403 Forbidden
[11:03:40] ⚠ 29954 status 403 Forbidden
[11:03:40] ⚠ 1041726 status 403 Forbidden
[11:03:40] ⚠ 27725 status 403 Forbidden
[11:03:40] ⚠ 9784 status 403 Forbidden
[11:03:40] ⚠ 25281 status 403 Forbidden
[11:03:40] ⚠ 7826 status 403 Forbidden
[11:03:40] ⚠ 1041732 status 403 Forbidden
[11:03:40] ⚠ 1018468 status 403 Forbidden
[11:03:40] ⚠ 3145 status 403 Forbidden
[11:03:40] ⚠ 7537 status 403 Forbidden
[11:03:40] ⚠ 9150 status 403 Forbidden
[11:03:40] ⚠ 1074202 status 403 Forbidden
[11:03:40] ⚠ 4852 status 403 Forbidden
[11:03:40] ⚠ 1013210 status 403 Forbidden
[11:03:40] ⚠ 1055922 status 403 Forbidden
[11:03:40] ⚠ 7753 status 403 Forbidden
[11:03:40] ⚠ 4163 status 403 Forbidden
[11:03:40] ⚠ 58822 status 403 Forbidden
[11:03:40] ⚠ 1041465 status 403 Forbidden
[11:03:40] ⚠ 1030383 status 403 Forbidden
[11:03:40] ⚠ 19110 status 403 Forbidden
[11:03:40] ⚠ 7856 status 403 Forbidden
[11:03:40] ⚠ 4340 status 403 Forbidden
[11:03:40] ⚠ 9044 status 403 Forbidden
[11:03:40] ⚠ 1028118 status 403 Forbidden
[11:03:40] ⚠ 28863 status 403 Forbidden
[11:03:40] ⚠ 4255 status 403 Forbidden
[11:03:40] ⚠ 1019687 status 403 Forbidden
[11:03:40] ⚠ 7260 status 403 Forbidden
[11:03:40] ⚠ 9131 status 403 Forbidden
[11:03:40] ⚠ 27432 status 403 Forbidden
[11:03:40] ⚠ 6096 status 403 Forbidden
[11:03:40] ⚠ 5105 status 403 Forbidden
[11:03:40] ⚠ 7312 status 403 Forbidden
[11:03:40] ⚠ 1088778 status 403 Forbidden
[11:03:40] ⚠ 7814 status 403 Forbidden
[11:03:40] ⚠ 5080 status 403 Forbidden
[11:03:40] ⚠ 1050768 status 403 Forbidden
[11:03:40] ⚠ 4379 status 403 Forbidden
[11:03:40] ⚠ 7627 status 403 Forbidden
[11:03:40] ⚠ 1041566 status 403 Forbidden
[11:03:40] ⚠ 1041211 status 403 Forbidden
[11:03:40] ⚠ 1026095 status 403 Forbidden
[11:03:40] ⚠ 1398 status 403 Forbidden
[11:03:40] ⚠ 4425 status 403 Forbidden
[11:03:40] ⚠ 1020350 status 403 Forbidden
[11:03:40] ⚠ 30441 status 403 Forbidden
[11:03:40] ⚠ 4904 status 403 Forbidden
[11:03:40] ⚠ 1039748 status 403 Forbidden
[11:03:40] ⚠ 1031639 status 403 Forbidden
[11:03:40] ⚠ 1054202 status 403 Forbidden
[11:03:40] ⚠ 19289 status 403 Forbidden
[11:03:40] ⚠ 6079 status 403 Forbidden
[11:03:40] ⚠ 19294 status 403 Forbidden
[11:03:40] ⚠ 1033524 status 403 Forbidden
[11:03:40] ⚠ 1014297 status 403 Forbidden
[11:03:40] ⚠ 1009967 status 403 Forbidden
[11:03:40] ⚠ 1042822 status 403 Forbidden
[11:03:40] ⚠ 1041691 status 403 Forbidden
[11:03:40] ⚠ 7308 status 403 Forbidden
[11:03:40] ⚠ 1013662 status 403 Forbidden
[11:03:40] ⚠ 1041495 status 403 Forbidden
[11:03:40] ⚠ 9497 status 403 Forbidden
[11:03:40] ⚠ 9176 status 403 Forbidden
[11:03:40] ⚠ 9780 status 403 Forbidden
[11:03:40] ⚠ 32811 status 403 Forbidden
[11:03:40] ⚠ 43960 status 403 Forbidden
[11:03:40] ⚠ 54684 status 403 Forbidden
[11:03:40] ⚠ 1055117 status 403 Forbidden
[11:03:40] ⚠ 24522 status 403 Forbidden
[11:03:40] ⚠ 33645 status 403 Forbidden
[11:03:40] ⚠ 1031640 status 403 Forbidden
[11:03:40] ⚠ 29510 status 403 Forbidden
[11:03:40] ⚠ 1039923 status 403 Forbidden
[11:03:40] ⚠ 10268 status 403 Forbidden
[11:03:40] ⚠ 482 status 403 Forbidden
[11:03:40] ⚠ 1066216 status 403 Forbidden
[11:03:40] ⚠ 1041782 status 403 Forbidden
[11:03:40] ⚠ 1041684 status 403 Forbidden
[11:03:40] ⚠ 26729 status 403 Forbidden
[11:03:40] ⚠ 12947 status 403 Forbidden
[11:03:40] ⚠ 4714 status 403 Forbidden
[11:03:40] ⚠ 9527 status 403 Forbidden
[11:03:40] ⚠ 984 status 403 Forbidden
[11:03:40] ⚠ 22884 status 403 Forbidden
[11:03:40] ⚠ 1018796 status 403 Forbidden
[11:03:40] ⚠ 1056146 status 403 Forbidden
[11:03:40] ⚠ 4881 status 403 Forbidden
[11:03:40] ⚠ 1008441 status 403 Forbidden
[11:03:40] ⚠ 1030384 status 403 Forbidden
[11:03:40] ⚠ 476 status 403 Forbidden
[11:03:40] ⚠ 9653 status 403 Forbidden
[11:03:40] ⚠ 1041729 status 403 Forbidden
[11:03:40] ⚠ 1089364 status 403 Forbidden
[11:03:40] ⚠ 1078620 status 403 Forbidden
[11:03:40] ⚠ 9291 status 403 Forbidden
[11:03:40] ⚠ 1049288 status 403 Forbidden
[11:03:40] ⚠ 1039863 status 403 Forbidden
[11:03:40] ⚠ 5103 status 403 Forbidden
[11:03:40] ⚠ 1019544 status 403 Forbidden
[11:03:40] ⚠ 1049289 status 403 Forbidden
[11:03:40] ⚠ 1065452 status 403 Forbidden
[11:03:40] ⚠ 15614 status 403 Forbidden
[11:03:40] ⚠ 24767 status 403 Forbidden
[11:03:40] ⚠ 6035 status 403 Forbidden
[11:03:40] ⚠ 3976 status 403 Forbidden
[11:03:40] ⚠ 14703 status 403 Forbidden
[11:03:40] ⚠ 1035939 status 403 Forbidden
[11:03:40] ⚠ 52682 status 403 Forbidden
[11:03:40] ⚠ 62907 status 403 Forbidden
[11:03:40] ⚠ 1004633 status 403 Forbidden
[11:03:40] ⚠ 1075662 status 403 Forbidden
[11:03:40] ⚠ 1054735 status 403 Forbidden
[11:03:40] ⚠ 1054736 status 403 Forbidden
[11:03:40] ⚠ 26294 status 403 Forbidden
[11:03:40] ⚠ 1024041 status 403 Forbidden
[11:03:40] ⚠ 27908 status 403 Forbidden
[11:03:40] ⚠ 5061 status 403 Forbidden
[11:03:40] ⚠ 3906 status 403 Forbidden
[11:03:40] ⚠ 31792 status 403 Forbidden
[11:03:40] ⚠ 1027244 status 403 Forbidden
[11:03:40] ⚠ 1041567 status 403 Forbidden
[11:03:40] ⚠ 1092992 status 403 Forbidden
[11:03:40] ⚠ 1009117 status 403 Forbidden
[11:03:40] ⚠ 25008 status 403 Forbidden
[11:03:40] ⚠ 1059680 status 403 Forbidden
[11:03:40] ⚠ 1054730 status 403 Forbidden
[11:03:40] ⚠ 4976 status 403 Forbidden
[11:03:40] ⚠ 1032344 status 403 Forbidden
[11:03:40] ⚠ 1056839 status 403 Forbidden
[11:03:40] ⚠ 6121 status 403 Forbidden
[11:03:40] ⚠ 1042215 status 403 Forbidden
[11:03:40] ⚠ 38446 status 403 Forbidden
[11:03:40] ⚠ 24880 status 403 Forbidden
[11:03:40] ⚠ 1068242 status 403 Forbidden
[11:03:40] ⚠ 4124 status 403 Forbidden
[11:03:40] ⚠ 1056846 status 403 Forbidden
[11:03:40] ⚠ 1088219 status 403 Forbidden
[11:03:40] ⚠ 9292 status 403 Forbidden
[11:03:40] ⚠ 1025576 status 403 Forbidden
[11:03:40] ⚠ 49852 status 403 Forbidden
[11:03:40] ⚠ 15526 status 403 Forbidden
[11:03:40] ⚠ 9504 status 403 Forbidden
[11:03:40] ⚠ 1020755 status 403 Forbidden
[11:03:40] ⚠ 1036955 status 403 Forbidden
[11:03:40] ⚠ 39874 status 403 Forbidden
[11:03:40] ⚠ 1009010 status 403 Forbidden
[11:03:40] ⚠ 4038 status 403 Forbidden
[11:03:40] ⚠ 9041 status 403 Forbidden
[11:03:40] ⚠ 1021629 status 403 Forbidden
[11:03:40] ⚠ 24246 status 403 Forbidden
[11:03:40] ⚠ 9169 status 403 Forbidden
[11:03:40] ⚠ 1004635 status 403 Forbidden
[11:03:40] ⚠ 31788 status 403 Forbidden
[11:03:40] ⚠ 4890 status 403 Forbidden
[11:03:40] ⚠ 9100 status 403 Forbidden
[11:03:40] ⚠ 1036114 status 403 Forbidden
[11:03:40] ⚠ 10255 status 403 Forbidden
[11:03:40] ⚠ 56144 status 403 Forbidden
[11:03:40] ⚠ 1012136 status 403 Forbidden
[11:03:40] ⚠ 24981 status 403 Forbidden
[11:03:40] ⚠ 1039864 status 403 Forbidden
[11:03:40] ⚠ 9368 status 403 Forbidden
[11:03:40] ⚠ 1082851 status 403 Forbidden
[11:03:40] ⚠ 1054742 status 403 Forbidden
[11:03:40] ⚠ 1053536 status 403 Forbidden
[11:03:40] ⚠ 1013355 status 403 Forbidden
[11:03:40] ⚠ 1028879 status 403 Forbidden
[11:03:40] ⚠ 7511 status 403 Forbidden
[11:03:40] ⚠ 1011192 status 403 Forbidden
[11:03:40] ⚠ 7504 status 403 Forbidden
[11:03:40] ⚠ 1053155 status 403 Forbidden
[11:03:40] ⚠ 4174 status 403 Forbidden
[11:03:40] ⚠ 1003803 status 403 Forbidden
[11:03:40] ⚠ 10270 status 403 Forbidden
[11:03:40] ⚠ 1004634 status 403 Forbidden
[11:03:40] ✅ Fetched 146 venues with shows
[11:03:41] ✅ DONE | Shows=802 | Movies=32
