[00:03:09] 🚀 BMS DAILY TRACKER STARTED
[00:03:09] [1/459] NECA
[00:03:09] 🧠 New identity
[00:03:11] [2/459] BJLC
[00:03:12] [3/459] BASU
[00:03:13] [4/459] RUPI
[00:03:14] [5/459] LCBK
[00:03:14] [6/459] PMAC
[00:03:16] [7/459] AMLC
[00:03:17] [8/459] LICL
[00:03:18] [9/459] UDMM
[00:03:20] [10/459] STBZ
[00:03:20] [11/459] UUBT
[00:03:21] [12/459] SJKC
[00:03:22] [13/459] TUAL
[00:03:24] [14/459] MRSE
[00:03:25] [15/459] RMRK
[00:03:26] [16/459] TTKP
[00:03:26] [17/459] KTKO
[00:03:27] [18/459] SDBK
[00:03:28] [19/459] MCPR
[00:03:29] [20/459] CHTI
[00:03:30] [21/459] GCCP
[00:03:32] [22/459] SRMY
[00:03:33] [23/459] NYST
[00:03:34] [24/459] NYAG
[00:03:34] [25/459] SBMT
[00:03:35] [26/459] INGA
[00:03:36] [27/459] WSIC
[00:03:37] [28/459] SCSS
[00:03:39] [29/459] COPG
[00:03:40] [30/459] RCGR
[00:03:40] [31/459] TCZA
[00:03:41] [32/459] CNLP
[00:03:42] [33/459] CLKN
[00:03:43] [34/459] LHDF
[00:03:45] [35/459] ELKC
[00:03:46] [36/459] VCEM
[00:03:47] [37/459] SSZA
[00:03:48] [38/459] KRMT
[00:03:49] [39/459] LCMV
[00:03:51] [40/459] AYCZ
[00:03:52] [41/459] CUMS
[00:03:53] [42/459] BOCK
[00:03:54] [43/459] PNMR
[00:03:55] [44/459] PJCP
[00:03:56] [45/459] JDDD
[00:03:57] [46/459] STMS
[00:03:58] [47/459] FLMB
[00:03:59] [48/459] PKCM
[00:04:01] [49/459] SPPR
[00:04:02] [50/459] EYLH
[00:04:04] [51/459] RJCC
[00:04:06] [52/459] MMPS
[00:04:07] [53/459] SHMX
[00:04:08] [54/459] CCNL
[00:04:10] [55/459] RCNV
[00:04:11] [56/459] MAAG
[00:04:12] [57/459] LXCM
[00:04:14] [58/459] RCNI
[00:04:14] [59/459] SNNI
[00:04:15] [60/459] LALC
[00:04:16] [61/459] SOCN
[00:04:17] [62/459] JHTP
[00:04:19] [63/459] PITP
[00:04:20] [64/459] CCKW
[00:04:21] [65/459] MCMC
[00:04:22] [66/459] DEES
[00:04:23] [67/459] SABT
[00:04:23] [68/459] VSPP
[00:04:24] [69/459] ABCT
[00:04:25] [70/459] JVTB
[00:04:26] [71/459] VCBD
[00:04:28] [72/459] RMGG
[00:04:29] [73/459] RNMH
[00:04:30] [74/459] SPGL
[00:04:30] [75/459] JTTR
[00:04:32] [76/459] SICS
[00:04:33] [77/459] SRMI
[00:04:34] [78/459] SSIJ
[00:04:36] [79/459] KFMT
[00:04:37] [80/459] VBIT
[00:04:38] [81/459] JKCT
[00:04:39] [82/459] GCGP
[00:04:41] [83/459] GDCS
[00:04:41] [84/459] TRBA
[00:04:43] [85/459] QUST
[00:04:44] [86/459] VSHM
[00:04:45] [87/459] SDCP
[00:04:47] [88/459] SNVS
[00:04:49] [89/459] NYTO
[00:04:50] [90/459] URWC
[00:04:51] [91/459] GTWH
[00:04:52] [92/459] PFCM
[00:04:52] [93/459] KRTA
[00:04:54] [94/459] AXMC
[00:04:55] [95/459] EVMC
[00:04:56] [96/459] HGSM
[00:04:57] [97/459] ACVM
[00:04:57] [98/459] PSKL
[00:04:58] [99/459] RDMP
[00:04:59] [100/459] RHGH
[00:05:00] [101/459] OMCM
[00:05:02] [102/459] DCCP
[00:05:02] [103/459] MCPB
[00:05:03] [104/459] ALCI
[00:05:05] [105/459] BLMX
[00:05:07] [106/459] BTMV
[00:05:09] [107/459] FVPN
[00:05:10] [108/459] CMAR
[00:05:10] [109/459] CEIM
[00:05:12] [110/459] CMVA
[00:05:13] [111/459] CPIV
[00:05:14] [112/459] CNPE
[00:05:15] [113/459] COLV
[00:05:15] [114/459] DNNV
[00:05:17] [115/459] HCAD
[00:05:18] [116/459] TAKA
[00:05:19] [117/459] INVD
[00:05:20] [118/459] IRMM
[00:05:21] [119/459] INSE
[00:05:21] [120/459] MRSW
[00:05:22] [121/459] MCVD
[00:05:23] [122/459] MCSO
[00:05:24] [123/459] PEVM
[00:05:25] [124/459] PVNL
[00:05:26] [125/459] PTCV
[00:05:27] [126/459] PRTC
[00:05:28] [127/459] RCVA
[00:05:29] [128/459] MTBN
[00:05:30] [129/459] LUCP
[00:05:31] [130/459] FMPT
[00:05:32] [131/459] JLSL
[00:05:33] [132/459] SBHA
[00:05:34] [133/459] SHRC
[00:05:35] [134/459] AVPS
[00:05:36] [135/459] STPM
[00:05:37] [136/459] ATRD
[00:05:38] [137/459] VTED
[00:05:38] [138/459] ACAI
[00:05:39] [139/459] SMAE
[00:05:40] [140/459] VMAT
[00:05:41] [141/459] LKCT
[00:05:42] [142/459] JTVK
[00:05:44] [143/459] PRTY
[00:05:44] [144/459] GETT
[00:05:46] [145/459] ESAP
[00:05:47] [146/459] NCPM
[00:05:48] [147/459] PCPA
[00:05:49] [148/459] MMOM
[00:05:50] [149/459] PHUP
[00:05:51] [150/459] CCPI
[00:05:52] [151/459] CNTD
[00:05:53] [152/459] NLJR
[00:05:54] [153/459] SRNG
[00:05:56] [154/459] MHAL
[00:05:57] [155/459] PNSM
[00:05:59] [156/459] DRMY
[00:06:00] [157/459] CCMU
[00:06:01] [158/459] SCMY
[00:06:02] [159/459] PVSY
[00:06:03] [160/459] SDLM
[00:06:05] [161/459] ICCM
[00:06:07] [162/459] PYSU
[00:06:08] [163/459] GATM
[00:06:09] [164/459] WOTM
[00:06:10] [165/459] RKTS
[00:06:11] [166/459] PMTY
[00:06:12] [167/459] LYMS
[00:06:14] [168/459] TGCA
[00:06:15] [169/459] DSTA
[00:06:16] [170/459] CNGE
[00:06:16] [171/459] VSTG
[00:06:17] [172/459] GTCK
[00:06:18] [173/459] TGNT
[00:06:20] [174/459] ASLC
[00:06:21] [175/459] SSST
[00:06:22] [176/459] KBTT
[00:06:23] [177/459] HKCP
[00:06:23] [178/459] SWLC
[00:06:24] [179/459] RTND
[00:06:25] [180/459] PKKT
[00:06:27] [181/459] HSTK
[00:06:28] [182/459] SPTT
[00:06:29] [183/459] IMPM
[00:06:30] [184/459] SCMV
[00:06:31] [185/459] SPCT
[00:06:32] [186/459] JBCA
[00:06:33] [187/459] ATTR
[00:06:34] [188/459] SPMT
[00:06:36] [189/459] LCTM
[00:06:37] [190/459] SCVL
[00:06:38] [191/459] SCVT
[00:06:39] [192/459] KRIC
[00:06:40] [193/459] CTMG
[00:06:41] [194/459] ACNC
[00:06:41] [195/459] DMCK
[00:06:43] [196/459] KMTV
[00:06:44] [197/459] PFCJ
[00:06:45] [198/459] VNMD
[00:06:46] [199/459] VPCZ
[00:06:46] [200/459] SRYR
[00:06:48] [201/459] SYTR
[00:06:49] [202/459] GATR
[00:06:49] [203/459] URTR
[00:06:50] [204/459] MKSM
[00:06:51] [205/459] VSMH
[00:06:53] [206/459] SKRJ
[00:06:54] [207/459] SSJR
[00:06:54] [208/459] SVSM
[00:06:56] [209/459] RUCM
[00:06:58] [210/459] PRKN
[00:06:59] [211/459] RROH
[00:07:00] [212/459] SCTN
[00:07:02] [213/459] RTDM
[00:07:03] [214/459] ASRM
[00:07:04] [215/459] SKMD
[00:07:05] [216/459] SUTD
[00:07:06] [217/459] SADM
[00:07:07] [218/459] WCNR
[00:07:08] [219/459] CNED
[00:07:09] [220/459] MPDB
[00:07:10] [221/459] KTBH
[00:07:11] [222/459] IDRM
[00:07:13] [223/459] PJJT
[00:07:15] [224/459] PFCV
[00:07:16] [225/459] AACT
[00:07:16] [226/459] AAAD
[00:07:17] [227/459] ANES
[00:07:18] [228/459] MNCA
[00:07:20] [229/459] RMGU
[00:07:21] [230/459] DLCN
[00:07:22] [231/459] LJWT
[00:07:24] [232/459] MCBG
[00:07:25] [233/459] MYBG
[00:07:27] [234/459] GCCA
[00:07:27] [235/459] GCGA
[00:07:28] [236/459] ECGN
[00:07:29] [237/459] PRAB
[00:07:31] [238/459] PNMP
[00:07:32] [239/459] GCPT
[00:07:32] [240/459] ROYN
[00:07:34] [241/459] VATM
[00:07:35] [242/459] KSNT
[00:07:36] [243/459] ACTC
[00:07:37] [244/459] PLTD
[00:07:38] [245/459] SKMK
[00:07:40] [246/459] CMTT
[00:07:41] [247/459] SMXP
[00:07:42] [248/459] SCMX
[00:07:42] [249/459] ACXN
[00:07:43] [250/459] ASWT
[00:07:44] [251/459] VVVL
[00:07:45] [252/459] NAGO
[00:07:46] [253/459] SNCN
[00:07:48] [254/459] MCKP
[00:07:49] [255/459] SAMO
[00:07:49] [256/459] JBTV
[00:07:50] [257/459] DCVV
[00:07:51] [258/459] KMSV
[00:07:52] [259/459] KDCN
[00:07:54] [260/459] CNCP
[00:07:55] [261/459] HAMC
[00:07:56] [262/459] CCVZ
[00:07:57] [263/459] NCCK
[00:07:58] [264/459] MCHR
[00:07:59] [265/459] SCHT
[00:08:00] [266/459] ESSH
[00:08:01] [267/459] CUJC
[00:08:02] [268/459] PECP
[00:08:03] [269/459] PMMI
[00:08:03] [270/459] PCCH
[00:08:04] [271/459] PRPM
[00:08:06] [272/459] PVKL
[00:08:07] [273/459] CBSM
[00:08:08] [274/459] PVCZ
[00:08:09] [275/459] PCVV
[00:08:11] [276/459] CTMJ
[00:08:12] [277/459] RCPS
[00:08:13] [278/459] PCIT
[00:08:14] [279/459] FNCH
[00:08:15] [280/459] INZD
[00:08:16] [281/459] INPC
[00:08:18] [282/459] LCZP
[00:08:19] [283/459] SMCB
[00:08:19] [284/459] PTSB
[00:08:20] [285/459] TPSI
[00:08:21] [286/459] KHMJ
[00:08:22] [287/459] RCCJ
[00:08:24] [288/459] NCJA
[00:08:25] [289/459] NCJN
[00:08:25] [290/459] BTDP
[00:08:27] [291/459] PADY
[00:08:27] [292/459] NYBH
[00:08:28] [293/459] MTBR
[00:08:29] [294/459] KRBC
[00:08:31] [295/459] DKTI
[00:08:32] [296/459] ANAN
[00:08:32] [297/459] INBP
[00:08:33] [298/459] PATB
[00:08:34] [299/459] RGNT
[00:08:35] [300/459] CGPM
[00:08:36] [301/459] INTN
[00:08:37] [302/459] MCMP
[00:08:38] [303/459] ASRG
[00:08:40] [304/459] CXJD
[00:08:41] [305/459] SPCP
[00:08:41] [306/459] CSTP
[00:08:42] [307/459] PKVC
[00:08:43] [308/459] ESCP
[00:08:44] [309/459] CAEP
[00:08:44] [310/459] CCSP
[00:08:46] [311/459] KTPC
[00:08:46] [312/459] DACA
[00:08:47] [313/459] NVKY
[00:08:49] [314/459] PTIN
[00:08:50] [315/459] SCIN
[00:08:52] [316/459] MCTY
[00:08:52] [317/459] PCMX
[00:08:54] [318/459] INIC
[00:08:55] [319/459] MMZM
[00:08:57] [320/459] SSLP
[00:08:58] [321/459] DTDT
[00:08:59] [322/459] FFCX
[00:08:59] [323/459] RCMM
[00:09:01] [324/459] KYID
[00:09:01] [325/459] CSCI
[00:09:02] [326/459] FCMC
[00:09:03] [327/459] MMXI
[00:09:05] [328/459] ASTC
[00:09:06] [329/459] CMRA
[00:09:07] [330/459] DICI
[00:09:08] [331/459] KDIN
[00:09:09] [332/459] PRFI
[00:09:11] [333/459] SVFC
[00:09:11] [334/459] UCPL
[00:09:12] [335/459] COOC
[00:09:13] [336/459] SCAL
[00:09:14] [337/459] SVFF
[00:09:15] [338/459] VCMG
[00:09:16] [339/459] UUCT
[00:09:17] [340/459] GCSE
[00:09:18] [341/459] SUSC
[00:09:20] [342/459] MISC
[00:09:22] [343/459] RMBL
[00:09:23] [344/459] CMXN
[00:09:24] [345/459] PVBK
[00:09:26] [346/459] HHCG
[00:09:26] [347/459] SCAG
[00:09:27] [348/459] CNPR
[00:09:28] [349/459] CSER
[00:09:30] [350/459] HLWD
[00:09:31] [351/459] BOLY
[00:09:32] [352/459] SSPG
[00:09:33] [353/459] MUPX
[00:09:34] [354/459] HAMR
[00:09:35] [355/459] SDNC
[00:09:37] [356/459] RTEN
[00:09:38] [357/459] SDTD
[00:09:39] [358/459] KAWS
[00:09:40] [359/459] CMZX
[00:09:41] [360/459] DCDD
[00:09:42] [361/459] ALSN
[00:09:43] [362/459] IMXS
[00:09:45] [363/459] PVFF
[00:09:46] [364/459] PVOO
[00:09:48] [365/459] CFBS
[00:09:49] [366/459] PVER
[00:09:50] [367/459] PPNX
[00:09:51] [368/459] CNRM
[00:09:53] [369/459] PVWW
[00:09:54] [370/459] INMB
[00:09:55] [371/459] CPJR
[00:09:56] [372/459] INRZ
[00:09:57] [373/459] PMSR
[00:09:58] [374/459] GPGM
[00:09:58] [375/459] PGWB
[00:09:59] [376/459] PMBR
[00:10:01] [377/459] GPAM
[00:10:02] [378/459] INBC
[00:10:03] [379/459] PZVK
[00:10:04] [380/459] CPEB
[00:10:04] [381/459] FMLB
[00:10:05] [382/459] INBG
[00:10:06] [383/459] GPBR
[00:10:07] [384/459] PAAS
[00:10:08] [385/459] VTBR
[00:10:09] [386/459] GPMY
[00:10:10] [387/459] GYBU
[00:10:11] [388/459] INBJ
[00:10:13] [389/459] LKTH
[00:10:14] [390/459] NSBR
[00:10:15] [391/459] PDRD
[00:10:16] [392/459] VRBL
[00:10:17] [393/459] VTGB
[00:10:18] [394/459] VTSK
[00:10:19] [395/459] BKDV
[00:10:21] [396/459] SVTB
[00:10:23] [397/459] MLDT
[00:10:23] [398/459] NRBL
[00:10:25] [399/459] SLTR
[00:10:26] [400/459] VNKA
[00:10:27] [401/459] TDCA
[00:10:28] [402/459] INBM
[00:10:30] [403/459] SSNR
[00:10:31] [404/459] BHAC
[00:10:31] [405/459] SDSD
[00:10:32] [406/459] SAMP
[00:10:33] [407/459] RATK
[00:10:34] [408/459] KCBI
[00:10:35] [409/459] URBL
[00:10:36] [410/459] MKBG
[00:10:36] [411/459] ASTB
[00:10:37] [412/459] VBWT
[00:10:39] [413/459] GPSM
[00:10:40] [414/459] ROON
[00:10:40] [415/459] CHTH
[00:10:42] [416/459] SSPA
[00:10:43] [417/459] ANBL
[00:10:44] [418/459] VTBE
[00:10:46] [419/459] SVKT
[00:10:47] [420/459] SVYK
[00:10:49] [421/459] PTBK
[00:10:51] [422/459] RKTB
[00:10:52] [423/459] BALT
[00:10:53] [424/459] STSV
[00:10:53] [425/459] VCCB
[00:10:54] [426/459] SLTB
[00:10:56] [427/459] SBCR
[00:10:57] [428/459] VDCS
[00:10:58] [429/459] MDKI
[00:10:58] [430/459] SMRN
[00:11:00] [431/459] PTBC
[00:11:01] [432/459] RADI
[00:11:03] [433/459] ADCR
[00:11:04] [434/459] SDCS
[00:11:05] [435/459] SRPJ
[00:11:06] [436/459] ARTS
[00:11:07] [437/459] SRHK
[00:11:08] [438/459] SPAY
[00:11:09] [439/459] GPTB
[00:11:09] [440/459] SNNN
[00:11:10] [441/459] BALJ
[00:11:11] [442/459] TRIG
[00:11:12] [443/459] GTYT
[00:11:13] [444/459] ATGN
[00:11:14] [445/459] ANTE
[00:11:15] [446/459] BDCG
[00:11:17] [447/459] VECI
[00:11:19] [448/459] SCPR
[00:11:20] [449/459] RTEA
[00:11:21] [450/459] JSAI
[00:11:22] [451/459] VJTP
[00:11:23] [452/459] GNDS
[00:11:24] [453/459] PAXA
[00:11:25] [454/459] CGGM
[00:11:27] [455/459] ACKZ
[00:11:27] [456/459] EMCC
[00:11:28] [457/459] KLSK
[00:11:29] [458/459] AVCK
[00:11:30] [459/459] JTCK
[00:11:31] ✅ DONE | Shows=0 | Movies=0
[00:47:34] 🚀 BMS DAILY TRACKER STARTED
[00:47:34] [1/459] NECA
[00:47:34] 🧠 New identity
[00:47:35] [2/459] BJLC
[00:47:36] [3/459] BASU
[00:47:37] [4/459] RUPI
[00:47:37] [5/459] LCBK
[00:47:38] [6/459] PMAC
[00:47:38] [7/459] AMLC
[00:47:39] [8/459] LICL
[00:47:39] [9/459] UDMM
[00:47:40] [10/459] STBZ
[00:47:41] [11/459] UUBT
[00:47:41] [12/459] SJKC
[00:47:42] [13/459] TUAL
[00:47:42] [14/459] MRSE
[00:47:43] [15/459] RMRK
[00:47:43] [16/459] TTKP
[00:47:44] [17/459] KTKO
[00:47:45] [18/459] SDBK
[00:47:46] [19/459] MCPR
[00:47:46] [20/459] CHTI
[00:47:47] [21/459] GCCP
[00:47:47] [22/459] SRMY
[00:47:48] [23/459] NYST
[00:47:49] [24/459] NYAG
[00:47:49] [25/459] SBMT
[00:47:50] [26/459] INGA
[00:47:50] [27/459] WSIC
[00:47:51] [28/459] SCSS
[00:47:51] [29/459] COPG
[00:47:52] [30/459] RCGR
[00:47:52] [31/459] TCZA
[00:47:53] [32/459] CNLP
[00:47:53] [33/459] CLKN
[00:47:54] [34/459] LHDF
[00:47:54] [35/459] ELKC
[00:47:55] [36/459] VCEM
[00:47:55] [37/459] SSZA
[00:47:56] [38/459] KRMT
[00:47:56] [39/459] LCMV
[00:47:57] [40/459] AYCZ
[00:47:57] [41/459] CUMS
[00:47:58] [42/459] BOCK
[00:47:59] [43/459] PNMR
[00:47:59] [44/459] PJCP
[00:48:00] [45/459] JDDD
[00:48:00] [46/459] STMS
[00:48:01] [47/459] FLMB
[00:48:01] [48/459] PKCM
[00:48:02] [49/459] SPPR
[00:48:02] [50/459] EYLH
[00:48:03] [51/459] RJCC
[00:48:04] [52/459] MMPS
[00:48:04] [53/459] SHMX
[00:48:05] [54/459] CCNL
[00:48:05] [55/459] RCNV
[00:48:06] [56/459] MAAG
[00:48:07] [57/459] LXCM
[00:48:07] [58/459] RCNI
[00:48:08] [59/459] SNNI
[00:48:09] [60/459] LALC
[00:48:09] [61/459] SOCN
[00:48:10] [62/459] JHTP
[00:48:11] [63/459] PITP
[00:48:11] [64/459] CCKW
[00:48:12] [65/459] MCMC
[00:48:13] [66/459] DEES
[00:48:13] [67/459] SABT
[00:48:14] [68/459] VSPP
[00:48:14] [69/459] ABCT
[00:48:15] [70/459] JVTB
[00:48:16] [71/459] VCBD
[00:48:16] [72/459] RMGG
[00:48:17] [73/459] RNMH
[00:48:17] [74/459] SPGL
[00:48:18] [75/459] JTTR
[00:48:18] [76/459] SICS
[00:48:19] [77/459] SRMI
[00:48:19] [78/459] SSIJ
[00:48:20] [79/459] KFMT
[00:48:20] [80/459] VBIT
[00:48:21] [81/459] JKCT
[00:48:22] [82/459] GCGP
[00:48:23] [83/459] GDCS
[00:48:23] [84/459] TRBA
[00:48:24] [85/459] QUST
[00:48:24] [86/459] VSHM
[00:48:25] [87/459] SDCP
[00:48:25] [88/459] SNVS
[00:48:26] [89/459] NYTO
[00:48:26] [90/459] URWC
[00:48:27] [91/459] GTWH
[00:48:28] [92/459] PFCM
[00:48:28] [93/459] KRTA
[00:48:29] [94/459] AXMC
[00:48:29] [95/459] EVMC
[00:48:30] [96/459] HGSM
[00:48:31] [97/459] ACVM
[00:48:31] [98/459] PSKL
[00:48:32] [99/459] RDMP
[00:48:33] [100/459] RHGH
[00:48:33] [101/459] OMCM
[00:48:34] [102/459] DCCP
[00:48:35] [103/459] MCPB
[00:48:35] [104/459] ALCI
[00:48:36] [105/459] BLMX
[00:48:36] [106/459] BTMV
[00:48:37] [107/459] FVPN
[00:48:37] [108/459] CMAR
[00:48:38] [109/459] CEIM
[00:48:39] [110/459] CMVA
[00:48:39] [111/459] CPIV
[00:48:40] [112/459] CNPE
[00:48:41] [113/459] COLV
[00:48:41] [114/459] DNNV
[00:48:42] [115/459] HCAD
[00:48:42] [116/459] TAKA
[00:48:43] [117/459] INVD
[00:48:43] [118/459] IRMM
[00:48:44] [119/459] INSE
[00:48:45] [120/459] MRSW
[00:48:45] [121/459] MCVD
[00:48:46] [122/459] MCSO
[00:48:46] [123/459] PEVM
[00:48:47] [124/459] PVNL
[00:48:48] [125/459] PTCV
[00:48:48] [126/459] PRTC
[00:48:49] [127/459] RCVA
[00:48:49] [128/459] MTBN
[00:48:50] [129/459] LUCP
[00:48:50] [130/459] FMPT
[00:48:51] [131/459] JLSL
[00:48:51] [132/459] SBHA
[00:48:52] [133/459] SHRC
[00:48:52] [134/459] AVPS
[00:48:53] [135/459] STPM
[00:48:53] [136/459] ATRD
[00:48:54] [137/459] VTED
[00:48:55] [138/459] ACAI
[00:48:55] [139/459] SMAE
[00:48:56] [140/459] VMAT
[00:48:56] [141/459] LKCT
[00:48:57] [142/459] JTVK
[00:48:58] [143/459] PRTY
[00:48:58] [144/459] GETT
[00:48:59] [145/459] ESAP
[00:48:59] [146/459] NCPM
[00:49:00] [147/459] PCPA
[00:49:01] [148/459] MMOM
[00:49:01] [149/459] PHUP
[00:49:02] [150/459] CCPI
[00:49:02] [151/459] CNTD
[00:49:03] [152/459] NLJR
[00:49:03] [153/459] SRNG
[00:49:04] [154/459] MHAL
[00:49:04] [155/459] PNSM
[00:49:05] [156/459] DRMY
[00:49:06] [157/459] CCMU
[00:49:06] [158/459] SCMY
[00:49:07] [159/459] PVSY
[00:49:08] [160/459] SDLM
[00:49:08] [161/459] ICCM
[00:49:09] [162/459] PYSU
[00:49:09] [163/459] GATM
[00:49:10] [164/459] WOTM
[00:49:11] [165/459] RKTS
[00:49:11] [166/459] PMTY
[00:49:12] [167/459] LYMS
[00:49:12] [168/459] TGCA
[00:49:13] [169/459] DSTA
[00:49:14] [170/459] CNGE
[00:49:14] [171/459] VSTG
[00:49:15] [172/459] GTCK
[00:49:15] [173/459] TGNT
[00:49:16] [174/459] ASLC
[00:49:16] [175/459] SSST
[00:49:17] [176/459] KBTT
[00:49:17] [177/459] HKCP
[00:49:18] [178/459] SWLC
[00:49:19] [179/459] RTND
[00:49:19] [180/459] PKKT
[00:49:20] [181/459] HSTK
[00:49:20] [182/459] SPTT
[00:49:21] [183/459] IMPM
[00:49:21] [184/459] SCMV
[00:49:22] [185/459] SPCT
[00:49:22] [186/459] JBCA
[00:49:23] [187/459] ATTR
[00:49:23] [188/459] SPMT
[00:49:24] [189/459] LCTM
[00:49:25] [190/459] SCVL
[00:49:25] [191/459] SCVT
[00:49:26] [192/459] KRIC
[00:49:26] [193/459] CTMG
[00:49:27] [194/459] ACNC
[00:49:27] [195/459] DMCK
[00:49:28] [196/459] KMTV
[00:49:28] [197/459] PFCJ
[00:49:29] [198/459] VNMD
[00:49:29] [199/459] VPCZ
[00:49:30] [200/459] SRYR
[00:49:30] [201/459] SYTR
[00:49:31] [202/459] GATR
[00:49:31] [203/459] URTR
[00:49:32] [204/459] MKSM
[00:49:32] [205/459] VSMH
[00:49:33] [206/459] SKRJ
[00:49:33] [207/459] SSJR
[00:49:34] [208/459] SVSM
[00:49:34] [209/459] RUCM
[00:49:35] [210/459] PRKN
[00:49:35] [211/459] RROH
[00:49:36] [212/459] SCTN
[00:49:36] [213/459] RTDM
[00:49:37] [214/459] ASRM
[00:49:37] [215/459] SKMD
[00:49:38] [216/459] SUTD
[00:49:39] [217/459] SADM
[00:49:39] [218/459] WCNR
[00:49:40] [219/459] CNED
[00:49:40] [220/459] MPDB
[00:49:41] [221/459] KTBH
[00:49:41] [222/459] IDRM
[00:49:42] [223/459] PJJT
[00:49:43] [224/459] PFCV
[00:49:43] [225/459] AACT
[00:49:44] [226/459] AAAD
[00:49:44] [227/459] ANES
[00:49:45] [228/459] MNCA
[00:49:46] [229/459] RMGU
[00:49:46] [230/459] DLCN
[00:49:47] [231/459] LJWT
[00:49:48] [232/459] MCBG
[00:49:48] [233/459] MYBG
[00:49:49] [234/459] GCCA
[00:49:49] [235/459] GCGA
[00:49:50] [236/459] ECGN
[00:49:50] [237/459] PRAB
[00:49:51] [238/459] PNMP
[00:49:52] [239/459] GCPT
[00:49:52] [240/459] ROYN
[00:49:53] [241/459] VATM
[00:49:53] [242/459] KSNT
[00:49:54] [243/459] ACTC
[00:49:54] [244/459] PLTD
[00:49:55] [245/459] SKMK
[00:49:56] [246/459] CMTT
[00:49:56] [247/459] SMXP
[00:49:57] [248/459] SCMX
[00:49:57] [249/459] ACXN
[00:49:58] [250/459] ASWT
[00:49:58] [251/459] VVVL
[00:49:59] [252/459] NAGO
[00:49:59] [253/459] SNCN
[00:50:00] [254/459] MCKP
[00:50:01] [255/459] SAMO
[00:50:01] [256/459] JBTV
[00:50:02] [257/459] DCVV
[00:50:03] [258/459] KMSV
[00:50:03] [259/459] KDCN
[00:50:03] [260/459] CNCP
[00:50:04] [261/459] HAMC
[00:50:05] [262/459] CCVZ
[00:50:05] [263/459] NCCK
[00:50:06] [264/459] MCHR
[00:50:07] [265/459] SCHT
[00:50:07] [266/459] ESSH
[00:50:08] [267/459] CUJC
[00:50:08] [268/459] PECP
[00:50:09] [269/459] PMMI
[00:50:09] [270/459] PCCH
[00:50:10] [271/459] PRPM
[00:50:10] [272/459] PVKL
[00:50:11] [273/459] CBSM
[00:50:12] [274/459] PVCZ
[00:50:12] [275/459] PCVV
[00:50:13] [276/459] CTMJ
[00:50:13] [277/459] RCPS
[00:50:14] [278/459] PCIT
[00:50:16] [279/459] FNCH
[00:50:17] [280/459] INZD
[00:50:18] [281/459] INPC
[00:50:20] [282/459] LCZP
[00:50:21] [283/459] SMCB
[00:50:21] [284/459] PTSB
[00:50:23] [285/459] TPSI
[00:50:24] [286/459] KHMJ
[00:50:24] [287/459] RCCJ
[00:50:25] [288/459] NCJA
[00:50:26] [289/459] NCJN
[00:50:27] [290/459] BTDP
[00:50:27] [291/459] PADY
[00:50:28] [292/459] NYBH
[00:50:29] [293/459] MTBR
[00:50:30] [294/459] KRBC
[00:50:31] [295/459] DKTI
[00:50:32] [296/459] ANAN
[00:50:33] [297/459] INBP
[00:50:33] [298/459] PATB
[00:50:34] [299/459] RGNT
[00:50:35] [300/459] CGPM
[00:50:36] [301/459] INTN
[00:50:37] [302/459] MCMP
[00:50:38] [303/459] ASRG
[00:50:40] [304/459] CXJD
[00:50:41] [305/459] SPCP
[00:50:42] [306/459] CSTP
[00:50:42] [307/459] PKVC
[00:50:43] [308/459] ESCP
[00:50:44] [309/459] CAEP
[00:50:45] [310/459] CCSP
[00:50:46] [311/459] KTPC
[00:50:47] [312/459] DACA
[00:50:47] [313/459] NVKY
[00:50:48] [314/459] PTIN
[00:50:49] [315/459] SCIN
[00:50:51] [316/459] MCTY
[00:50:52] [317/459] PCMX
[00:50:53] [318/459] INIC
[00:50:54] [319/459] MMZM
[00:50:56] [320/459] SSLP
[00:50:57] [321/459] DTDT
[00:50:57] [322/459] FFCX
[00:50:58] [323/459] RCMM
[00:51:00] [324/459] KYID
[00:51:01] [325/459] CSCI
[00:51:02] [326/459] FCMC
[00:51:03] [327/459] MMXI
[00:51:04] [328/459] ASTC
[00:51:05] [329/459] CMRA
[00:51:06] [330/459] DICI
[00:51:07] [331/459] KDIN
[00:51:08] [332/459] PRFI
[00:51:10] [333/459] SVFC
[00:51:10] [334/459] UCPL
[00:51:11] [335/459] COOC
[00:51:12] [336/459] SCAL
[00:51:13] [337/459] SVFF
[00:51:14] [338/459] VCMG
[00:51:16] [339/459] UUCT
[00:51:16] [340/459] GCSE
[00:51:18] [341/459] SUSC
[00:51:20] [342/459] MISC
[00:51:20] [343/459] RMBL
[00:51:21] [344/459] CMXN
[00:51:22] [345/459] PVBK
[00:51:24] [346/459] HHCG
[00:51:25] [347/459] SCAG
[00:51:26] [348/459] CNPR
[00:51:27] [349/459] CSER
[00:51:28] [350/459] HLWD
[00:51:29] [351/459] BOLY
[00:51:30] [352/459] SSPG
[00:51:31] [353/459] MUPX
[00:51:32] [354/459] HAMR
[00:51:33] [355/459] SDNC
[00:51:34] [356/459] RTEN
[00:51:34] [357/459] SDTD
[00:51:35] [358/459] KAWS
[00:51:36] [359/459] CMZX
[00:51:37] [360/459] DCDD
[00:51:38] [361/459] ALSN
[00:51:40] [362/459] IMXS
[00:51:41] [363/459] PVFF
[00:51:41] [364/459] PVOO
[00:51:42] [365/459] CFBS
[00:51:43] [366/459] PVER
[00:51:45] [367/459] PPNX
[00:51:46] [368/459] CNRM
[00:51:47] [369/459] PVWW
[00:51:48] [370/459] INMB
[00:51:49] [371/459] CPJR
[00:51:49] [372/459] INRZ
[00:51:50] [373/459] PMSR
[00:51:51] [374/459] GPGM
[00:51:52] [375/459] PGWB
[00:51:53] [376/459] PMBR
[00:51:53] [377/459] GPAM
[00:51:54] [378/459] INBC
[00:51:55] [379/459] PZVK
[00:51:56] [380/459] CPEB
[00:51:57] [381/459] FMLB
[00:51:57] [382/459] INBG
[00:51:58] [383/459] GPBR
[00:52:00] [384/459] PAAS
[00:52:00] [385/459] VTBR
[00:52:01] [386/459] GPMY
[00:52:03] [387/459] GYBU
[00:52:03] [388/459] INBJ
[00:52:04] [389/459] LKTH
[00:52:05] [390/459] NSBR
[00:52:06] [391/459] PDRD
[00:52:08] [392/459] VRBL
[00:52:08] [393/459] VTGB
[00:52:09] [394/459] VTSK
[00:52:10] [395/459] BKDV
[00:52:12] [396/459] SVTB
[00:52:13] [397/459] MLDT
[00:52:13] [398/459] NRBL
[00:52:15] [399/459] SLTR
[00:52:16] [400/459] VNKA
[00:52:17] [401/459] TDCA
[00:52:17] [402/459] INBM
[00:52:19] [403/459] SSNR
[00:52:21] [404/459] BHAC
[00:52:21] [405/459] SDSD
[00:52:23] [406/459] SAMP
[00:52:23] [407/459] RATK
[00:52:24] [408/459] KCBI
[00:52:25] [409/459] URBL
[00:52:26] [410/459] MKBG
[00:52:26] [411/459] ASTB
[00:52:27] [412/459] VBWT
[00:52:29] [413/459] GPSM
[00:52:29] [414/459] ROON
[00:52:30] [415/459] CHTH
[00:52:31] [416/459] SSPA
[00:52:31] [417/459] ANBL
[00:52:33] [418/459] VTBE
[00:52:34] [419/459] SVKT
[00:52:36] [420/459] SVYK
[00:52:38] [421/459] PTBK
[00:52:38] [422/459] RKTB
[00:52:39] [423/459] BALT
[00:52:40] [424/459] STSV
[00:52:40] [425/459] VCCB
[00:52:41] [426/459] SLTB
[00:52:42] [427/459] SBCR
[00:52:43] [428/459] VDCS
[00:52:43] [429/459] MDKI
[00:52:45] [430/459] SMRN
[00:52:47] [431/459] PTBC
[00:52:48] [432/459] RADI
[00:52:48] [433/459] ADCR
[00:52:49] [434/459] SDCS
[00:52:50] [435/459] SRPJ
[00:52:51] [436/459] ARTS
[00:52:52] [437/459] SRHK
[00:52:53] [438/459] SPAY
[00:52:54] [439/459] GPTB
[00:52:56] [440/459] SNNN
[00:52:56] [441/459] BALJ
[00:52:57] [442/459] TRIG
[00:52:57] [443/459] GTYT
[00:52:58] [444/459] ATGN
[00:52:59] [445/459] ANTE
[00:53:00] [446/459] BDCG
[00:53:01] [447/459] VECI
[00:53:02] [448/459] SCPR
[00:53:03] [449/459] RTEA
[00:53:05] [450/459] JSAI
[00:53:05] [451/459] VJTP
[00:53:06] [452/459] GNDS
[00:53:06] [453/459] PAXA
[00:53:08] [454/459] CGGM
[00:53:10] [455/459] ACKZ
[00:53:10] [456/459] EMCC
[00:53:11] [457/459] KLSK
[00:53:13] [458/459] AVCK
[00:53:13] [459/459] JTCK
[00:53:15] ✅ DONE | Shows=0 | Movies=0
[01:56:14] 🚀 BMS DAILY TRACKER STARTED
[01:56:14] [1/459] NECA
[01:56:14] 🧠 New identity
[01:56:15] [2/459] BJLC
[01:56:16] [3/459] BASU
[01:56:16] [4/459] RUPI
[01:56:17] [5/459] LCBK
[01:56:18] [6/459] PMAC
[01:56:18] [7/459] AMLC
[01:56:19] [8/459] LICL
[01:56:20] [9/459] UDMM
[01:56:20] [10/459] STBZ
[01:56:21] [11/459] UUBT
[01:56:22] [12/459] SJKC
[01:56:22] [13/459] TUAL
[01:56:23] [14/459] MRSE
[01:56:24] [15/459] RMRK
[01:56:24] [16/459] TTKP
[01:56:25] [17/459] KTKO
[01:56:25] [18/459] SDBK
[01:56:26] [19/459] MCPR
[01:56:27] [20/459] CHTI
[01:56:27] [21/459] GCCP
[01:56:28] [22/459] SRMY
[01:56:29] [23/459] NYST
[01:56:29] [24/459] NYAG
[01:56:30] [25/459] SBMT
[01:56:30] [26/459] INGA
[01:56:31] [27/459] WSIC
[01:56:32] [28/459] SCSS
[01:56:33] [29/459] COPG
[01:56:33] [30/459] RCGR
[01:56:34] [31/459] TCZA
[01:56:35] [32/459] CNLP
[01:56:35] [33/459] CLKN
[01:56:36] [34/459] LHDF
[01:56:36] [35/459] ELKC
[01:56:37] [36/459] VCEM
[01:56:37] [37/459] SSZA
[01:56:38] [38/459] KRMT
[01:56:39] [39/459] LCMV
[01:56:39] [40/459] AYCZ
[01:56:40] [41/459] CUMS
[01:56:40] [42/459] BOCK
[01:56:41] [43/459] PNMR
[01:56:42] [44/459] PJCP
[01:56:42] [45/459] JDDD
[01:56:43] [46/459] STMS
[01:56:43] [47/459] FLMB
[01:56:44] [48/459] PKCM
[01:56:45] [49/459] SPPR
[01:56:46] [50/459] EYLH
[01:56:46] [51/459] RJCC
[01:56:47] [52/459] MMPS
[01:56:47] [53/459] SHMX
[01:56:48] [54/459] CCNL
[01:56:49] [55/459] RCNV
[01:56:49] [56/459] MAAG
[01:56:50] [57/459] LXCM
[01:56:50] [58/459] RCNI
[01:56:51] [59/459] SNNI
[01:56:52] [60/459] LALC
[01:56:52] [61/459] SOCN
[01:56:53] [62/459] JHTP
[01:56:53] [63/459] PITP
[01:56:54] [64/459] CCKW
[01:56:55] [65/459] MCMC
[01:56:55] [66/459] DEES
[01:56:56] [67/459] SABT
[01:56:56] [68/459] VSPP
[01:56:57] [69/459] ABCT
[01:56:58] [70/459] JVTB
[01:56:58] [71/459] VCBD
[01:56:59] [72/459] RMGG
[01:56:59] [73/459] RNMH
[01:57:00] [74/459] SPGL
[01:57:01] [75/459] JTTR
[01:57:02] [76/459] SICS
[01:57:02] [77/459] SRMI
[01:57:03] [78/459] SSIJ
[01:57:03] [79/459] KFMT
[01:57:04] [80/459] VBIT
[01:57:04] [81/459] JKCT
[01:57:05] [82/459] GCGP
[01:57:06] [83/459] GDCS
[01:57:06] [84/459] TRBA
[01:57:07] [85/459] QUST
[01:57:07] [86/459] VSHM
[01:57:08] [87/459] SDCP
[01:57:08] [88/459] SNVS
[01:57:09] [89/459] NYTO
[01:57:10] [90/459] URWC
[01:57:10] [91/459] GTWH
[01:57:11] [92/459] PFCM
[01:57:12] [93/459] KRTA
[01:57:12] [94/459] AXMC
[01:57:13] [95/459] EVMC
[01:57:14] [96/459] HGSM
[01:57:14] [97/459] ACVM
[01:57:15] [98/459] PSKL
[01:57:15] [99/459] RDMP
[01:57:16] [100/459] RHGH
[01:57:17] [101/459] OMCM
[01:57:17] [102/459] DCCP
[01:57:18] [103/459] MCPB
[01:57:18] [104/459] ALCI
[01:57:19] [105/459] BLMX
[01:57:20] [106/459] BTMV
[01:57:20] [107/459] FVPN
[01:57:21] [108/459] CMAR
[01:57:21] [109/459] CEIM
[01:57:22] [110/459] CMVA
[01:57:22] [111/459] CPIV
[01:57:23] [112/459] CNPE
[01:57:24] [113/459] COLV
[01:57:24] [114/459] DNNV
[01:57:25] [115/459] HCAD
[01:57:26] [116/459] TAKA
[01:57:26] [117/459] INVD
[01:57:27] [118/459] IRMM
[01:57:28] [119/459] INSE
[01:57:28] [120/459] MRSW
[01:57:29] [121/459] MCVD
[01:57:30] [122/459] MCSO
[01:57:30] [123/459] PEVM
[01:57:31] [124/459] PVNL
[01:57:31] [125/459] PTCV
[01:57:32] [126/459] PRTC
[01:57:32] [127/459] RCVA
[01:57:33] [128/459] MTBN
[01:57:34] [129/459] LUCP
[01:57:34] [130/459] FMPT
[01:57:35] [131/459] JLSL
[01:57:35] [132/459] SBHA
[01:57:36] [133/459] SHRC
[01:57:37] [134/459] AVPS
[01:57:37] [135/459] STPM
[01:57:38] [136/459] ATRD
[01:57:38] [137/459] VTED
[01:57:39] [138/459] ACAI
[01:57:39] [139/459] SMAE
[01:57:40] [140/459] VMAT
[01:57:41] [141/459] LKCT
[01:57:41] [142/459] JTVK
[01:57:42] [143/459] PRTY
[01:57:42] [144/459] GETT
[01:57:43] [145/459] ESAP
[01:57:44] [146/459] NCPM
[01:57:44] [147/459] PCPA
[01:57:45] [148/459] MMOM
[01:57:45] [149/459] PHUP
[01:57:46] [150/459] CCPI
[01:57:47] [151/459] CNTD
[01:57:47] [152/459] NLJR
[01:57:48] [153/459] SRNG
[01:57:49] [154/459] MHAL
[01:57:49] [155/459] PNSM
[01:57:50] [156/459] DRMY
[01:57:50] [157/459] CCMU
[01:57:51] [158/459] SCMY
[01:57:52] [159/459] PVSY
[01:57:52] [160/459] SDLM
[01:57:53] [161/459] ICCM
[01:57:53] [162/459] PYSU
[01:57:54] [163/459] GATM
[01:57:55] [164/459] WOTM
[01:57:55] [165/459] RKTS
[01:57:56] [166/459] PMTY
[01:57:56] [167/459] LYMS
[01:57:57] [168/459] TGCA
[01:57:57] [169/459] DSTA
[01:57:58] [170/459] CNGE
[01:57:59] [171/459] VSTG
[01:57:59] [172/459] GTCK
[01:58:00] [173/459] TGNT
[01:58:00] [174/459] ASLC
[01:58:01] [175/459] SSST
[01:58:02] [176/459] KBTT
[01:58:02] [177/459] HKCP
[01:58:03] [178/459] SWLC
[01:58:03] [179/459] RTND
[01:58:04] [180/459] PKKT
[01:58:05] [181/459] HSTK
[01:58:05] [182/459] SPTT
[01:58:06] [183/459] IMPM
[01:58:07] [184/459] SCMV
[01:58:07] [185/459] SPCT
[01:58:08] [186/459] JBCA
[01:58:08] [187/459] ATTR
[01:58:09] [188/459] SPMT
[01:58:10] [189/459] LCTM
[01:58:10] [190/459] SCVL
[01:58:11] [191/459] SCVT
[01:58:12] [192/459] KRIC
[01:58:12] [193/459] CTMG
[01:58:13] [194/459] ACNC
[01:58:13] [195/459] DMCK
[01:58:14] [196/459] KMTV
[01:58:15] [197/459] PFCJ
[01:58:15] [198/459] VNMD
[01:58:16] [199/459] VPCZ
[01:58:16] [200/459] SRYR
[01:58:17] [201/459] SYTR
[01:58:17] [202/459] GATR
[01:58:18] [203/459] URTR
[01:58:19] [204/459] MKSM
[01:58:19] [205/459] VSMH
[01:58:20] [206/459] SKRJ
[01:58:20] [207/459] SSJR
[01:58:21] [208/459] SVSM
[01:58:21] [209/459] RUCM
[01:58:22] [210/459] PRKN
[01:58:23] [211/459] RROH
[01:58:23] [212/459] SCTN
[01:58:24] [213/459] RTDM
[01:58:24] [214/459] ASRM
[01:58:25] [215/459] SKMD
[01:58:25] [216/459] SUTD
[01:58:26] [217/459] SADM
[01:58:27] [218/459] WCNR
[01:58:27] [219/459] CNED
[01:58:28] [220/459] MPDB
[01:58:28] [221/459] KTBH
[01:58:29] [222/459] IDRM
[01:58:29] [223/459] PJJT
[01:58:30] [224/459] PFCV
[01:58:31] [225/459] AACT
[01:58:31] [226/459] AAAD
[01:58:32] [227/459] ANES
[01:58:32] [228/459] MNCA
[01:58:33] [229/459] RMGU
[01:58:33] [230/459] DLCN
[01:58:34] [231/459] LJWT
[01:58:35] [232/459] MCBG
[01:58:35] [233/459] MYBG
[01:58:36] [234/459] GCCA
[01:58:37] [235/459] GCGA
[01:58:37] [236/459] ECGN
[01:58:38] [237/459] PRAB
[01:58:38] [238/459] PNMP
[01:58:39] [239/459] GCPT
[01:58:40] [240/459] ROYN
[01:58:40] [241/459] VATM
[01:58:41] [242/459] KSNT
[01:58:42] [243/459] ACTC
[01:58:42] [244/459] PLTD
[01:58:43] [245/459] SKMK
[01:58:44] [246/459] CMTT
[01:58:44] [247/459] SMXP
[01:58:45] [248/459] SCMX
[01:58:46] [249/459] ACXN
[01:58:46] [250/459] ASWT
[01:58:47] [251/459] VVVL
[01:58:48] [252/459] NAGO
[01:58:48] [253/459] SNCN
[01:58:49] [254/459] MCKP
[01:58:49] [255/459] SAMO
[01:58:50] [256/459] JBTV
[01:58:50] [257/459] DCVV
[01:58:51] [258/459] KMSV
[01:58:51] [259/459] KDCN
[01:58:52] [260/459] CNCP
[01:58:52] [261/459] HAMC
[01:58:53] [262/459] CCVZ
[01:58:53] [263/459] NCCK
[01:58:54] [264/459] MCHR
[01:58:55] [265/459] SCHT
[01:58:55] [266/459] ESSH
[01:58:56] [267/459] CUJC
[01:58:57] [268/459] PECP
[01:58:57] [269/459] PMMI
[01:58:58] [270/459] PCCH
[01:58:59] [271/459] PRPM
[01:58:59] [272/459] PVKL
[01:59:00] [273/459] CBSM
[01:59:00] [274/459] PVCZ
[01:59:01] [275/459] PCVV
[01:59:01] [276/459] CTMJ
[01:59:02] [277/459] RCPS
[01:59:03] [278/459] PCIT
[01:59:03] [279/459] FNCH
[01:59:04] [280/459] INZD
[01:59:04] [281/459] INPC
[01:59:05] [282/459] LCZP
[01:59:06] [283/459] SMCB
[01:59:06] [284/459] PTSB
[01:59:07] [285/459] TPSI
[01:59:08] [286/459] KHMJ
[01:59:08] [287/459] RCCJ
[01:59:09] [288/459] NCJA
[01:59:09] [289/459] NCJN
[01:59:10] [290/459] BTDP
[01:59:11] [291/459] PADY
[01:59:11] [292/459] NYBH
[01:59:12] [293/459] MTBR
[01:59:13] [294/459] KRBC
[01:59:13] [295/459] DKTI
[01:59:14] [296/459] ANAN
[01:59:14] [297/459] INBP
[01:59:15] [298/459] PATB
[01:59:16] [299/459] RGNT
[01:59:16] [300/459] CGPM
[01:59:17] [301/459] INTN
[01:59:18] [302/459] MCMP
[01:59:18] [303/459] ASRG
[01:59:19] [304/459] CXJD
[01:59:19] [305/459] SPCP
[01:59:20] [306/459] CSTP
[01:59:20] [307/459] PKVC
[01:59:21] [308/459] ESCP
[01:59:22] [309/459] CAEP
[01:59:22] [310/459] CCSP
[01:59:23] [311/459] KTPC
[01:59:23] [312/459] DACA
[01:59:24] [313/459] NVKY
[01:59:25] [314/459] PTIN
[01:59:25] [315/459] SCIN
[01:59:26] [316/459] MCTY
[01:59:26] [317/459] PCMX
[01:59:27] [318/459] INIC
[01:59:27] [319/459] MMZM
[01:59:28] [320/459] SSLP
[01:59:29] [321/459] DTDT
[01:59:29] [322/459] FFCX
[01:59:30] [323/459] RCMM
[01:59:30] [324/459] KYID
[01:59:31] [325/459] CSCI
[01:59:31] [326/459] FCMC
[01:59:32] [327/459] MMXI
[01:59:33] [328/459] ASTC
[01:59:34] [329/459] CMRA
[01:59:35] [330/459] DICI
[01:59:35] [331/459] KDIN
[01:59:36] [332/459] PRFI
[01:59:37] [333/459] SVFC
[01:59:37] [334/459] UCPL
[01:59:38] [335/459] COOC
[01:59:38] [336/459] SCAL
[01:59:39] [337/459] SVFF
[01:59:40] [338/459] VCMG
[01:59:40] [339/459] UUCT
[01:59:41] [340/459] GCSE
[01:59:41] [341/459] SUSC
[01:59:42] [342/459] MISC
[01:59:43] [343/459] RMBL
[01:59:43] [344/459] CMXN
[01:59:44] [345/459] PVBK
[01:59:45] [346/459] HHCG
[01:59:45] [347/459] SCAG
[01:59:46] [348/459] CNPR
[01:59:47] [349/459] CSER
[01:59:47] [350/459] HLWD
[01:59:48] [351/459] BOLY
[01:59:49] [352/459] SSPG
[01:59:49] [353/459] MUPX
[01:59:50] [354/459] HAMR
[01:59:51] [355/459] SDNC
[01:59:51] [356/459] RTEN
[01:59:52] [357/459] SDTD
[01:59:53] [358/459] KAWS
[01:59:53] [359/459] CMZX
[01:59:53] [360/459] DCDD
[01:59:54] [361/459] ALSN
[01:59:55] [362/459] IMXS
[01:59:55] [363/459] PVFF
[01:59:56] [364/459] PVOO
[01:59:57] [365/459] CFBS
[01:59:57] [366/459] PVER
[01:59:58] [367/459] PPNX
[01:59:58] [368/459] CNRM
[01:59:59] [369/459] PVWW
[02:00:00] [370/459] INMB
[02:00:00] [371/459] CPJR
[02:00:01] [372/459] INRZ
[02:00:02] [373/459] PMSR
[02:00:02] [374/459] GPGM
[02:00:03] [375/459] PGWB
[02:00:04] [376/459] PMBR
[02:00:04] [377/459] GPAM
[02:00:05] [378/459] INBC
[02:00:05] [379/459] PZVK
[02:00:06] [380/459] CPEB
[02:00:06] [381/459] FMLB
[02:00:07] [382/459] INBG
[02:00:07] [383/459] GPBR
[02:00:08] [384/459] PAAS
[02:00:09] [385/459] VTBR
[02:00:09] [386/459] GPMY
[02:00:10] [387/459] GYBU
[02:00:11] [388/459] INBJ
[02:00:11] [389/459] LKTH
[02:00:12] [390/459] NSBR
[02:00:12] [391/459] PDRD
[02:00:13] [392/459] VRBL
[02:00:14] [393/459] VTGB
[02:00:14] [394/459] VTSK
[02:00:15] [395/459] BKDV
[02:00:15] [396/459] SVTB
[02:00:16] [397/459] MLDT
[02:00:16] [398/459] NRBL
[02:00:17] [399/459] SLTR
[02:00:18] [400/459] VNKA
[02:00:19] [401/459] TDCA
[02:00:19] [402/459] INBM
[02:00:20] [403/459] SSNR
[02:00:20] [404/459] BHAC
[02:00:21] [405/459] SDSD
[02:00:21] [406/459] SAMP
[02:00:22] [407/459] RATK
[02:00:23] [408/459] KCBI
[02:00:23] [409/459] URBL
[02:00:24] [410/459] MKBG
[02:00:25] [411/459] ASTB
[02:00:25] [412/459] VBWT
[02:00:26] [413/459] GPSM
[02:00:26] [414/459] ROON
[02:00:27] [415/459] CHTH
[02:00:28] [416/459] SSPA
[02:00:28] [417/459] ANBL
[02:00:29] [418/459] VTBE
[02:00:30] [419/459] SVKT
[02:00:30] [420/459] SVYK
[02:00:31] [421/459] PTBK
[02:00:31] [422/459] RKTB
[02:00:32] [423/459] BALT
[02:00:32] [424/459] STSV
[02:00:33] [425/459] VCCB
[02:00:33] [426/459] SLTB
[02:00:34] [427/459] SBCR
[02:00:35] [428/459] VDCS
[02:00:35] [429/459] MDKI
[02:00:36] [430/459] SMRN
[02:00:37] [431/459] PTBC
[02:00:37] [432/459] RADI
[02:00:38] [433/459] ADCR
[02:00:39] [434/459] SDCS
[02:00:39] [435/459] SRPJ
[02:00:40] [436/459] ARTS
[02:00:41] [437/459] SRHK
[02:00:41] [438/459] SPAY
[02:00:42] [439/459] GPTB
[02:00:42] [440/459] SNNN
[02:00:43] [441/459] BALJ
[02:00:43] [442/459] TRIG
[02:00:44] [443/459] GTYT
[02:00:44] [444/459] ATGN
[02:00:45] [445/459] ANTE
[02:00:45] [446/459] BDCG
[02:00:46] [447/459] VECI
[02:00:46] [448/459] SCPR
[02:00:47] [449/459] RTEA
[02:00:47] [450/459] JSAI
[02:00:48] [451/459] VJTP
[02:00:48] [452/459] GNDS
[02:00:49] [453/459] PAXA
[02:00:50] [454/459] CGGM
[02:00:50] [455/459] ACKZ
[02:00:51] [456/459] EMCC
[02:00:52] [457/459] KLSK
[02:00:52] [458/459] AVCK
[02:00:53] [459/459] JTCK
[02:00:53] ✅ DONE | Shows=0 | Movies=0
[02:50:07] 🚀 BMS DAILY TRACKER STARTED
[02:50:07] [1/459] NECA
[02:50:07] 🧠 New identity
[02:50:08] [2/459] BJLC
[02:50:08] [3/459] BASU
[02:50:09] [4/459] RUPI
[02:50:09] [5/459] LCBK
[02:50:10] [6/459] PMAC
[02:50:11] [7/459] AMLC
[02:50:12] [8/459] LICL
[02:50:12] [9/459] UDMM
[02:50:13] [10/459] STBZ
[02:50:14] [11/459] UUBT
[02:50:14] [12/459] SJKC
[02:50:15] [13/459] TUAL
[02:50:16] [14/459] MRSE
[02:50:16] [15/459] RMRK
[02:50:17] [16/459] TTKP
[02:50:18] [17/459] KTKO
[02:50:18] [18/459] SDBK
[02:50:19] [19/459] MCPR
[02:50:20] [20/459] CHTI
[02:50:20] [21/459] GCCP
[02:50:21] [22/459] SRMY
[02:50:21] [23/459] NYST
[02:50:22] [24/459] NYAG
[02:50:23] [25/459] SBMT
[02:50:24] [26/459] INGA
[02:50:24] [27/459] WSIC
[02:50:25] [28/459] SCSS
[02:50:25] [29/459] COPG
[02:50:26] [30/459] RCGR
[02:50:27] [31/459] TCZA
[02:50:27] [32/459] CNLP
[02:50:28] [33/459] CLKN
[02:50:29] [34/459] LHDF
[02:50:29] [35/459] ELKC
[02:50:30] [36/459] VCEM
[02:50:30] [37/459] SSZA
[02:50:31] [38/459] KRMT
[02:50:31] [39/459] LCMV
[02:50:32] [40/459] AYCZ
[02:50:32] [41/459] CUMS
[02:50:33] [42/459] BOCK
[02:50:34] [43/459] PNMR
[02:50:34] [44/459] PJCP
[02:50:35] [45/459] JDDD
[02:50:36] [46/459] STMS
[02:50:37] [47/459] FLMB
[02:50:37] [48/459] PKCM
[02:50:38] [49/459] SPPR
[02:50:38] [50/459] EYLH
[02:50:39] [51/459] RJCC
[02:50:39] [52/459] MMPS
[02:50:40] [53/459] SHMX
[02:50:41] [54/459] CCNL
[02:50:41] [55/459] RCNV
[02:50:42] [56/459] MAAG
[02:50:42] [57/459] LXCM
[02:50:43] [58/459] RCNI
[02:50:44] [59/459] SNNI
[02:50:44] [60/459] LALC
[02:50:45] [61/459] SOCN
[02:50:46] [62/459] JHTP
[02:50:46] [63/459] PITP
[02:50:47] [64/459] CCKW
[02:50:48] [65/459] MCMC
[02:50:48] [66/459] DEES
[02:50:49] [67/459] SABT
[02:50:49] [68/459] VSPP
[02:50:50] [69/459] ABCT
[02:50:51] [70/459] JVTB
[02:50:51] [71/459] VCBD
[02:50:52] [72/459] RMGG
[02:50:52] [73/459] RNMH
[02:50:53] [74/459] SPGL
[02:50:53] [75/459] JTTR
[02:50:54] [76/459] SICS
[02:50:55] [77/459] SRMI
[02:50:55] [78/459] SSIJ
[02:50:56] [79/459] KFMT
[02:50:57] [80/459] VBIT
[02:50:57] [81/459] JKCT
[02:50:58] [82/459] GCGP
[02:50:59] [83/459] GDCS
[02:50:59] [84/459] TRBA
[02:51:00] [85/459] QUST
[02:51:01] [86/459] VSHM
[02:51:02] [87/459] SDCP
[02:51:02] [88/459] SNVS
[02:51:03] [89/459] NYTO
[02:51:03] [90/459] URWC
[02:51:04] [91/459] GTWH
[02:51:05] [92/459] PFCM
[02:51:05] [93/459] KRTA
[02:51:06] [94/459] AXMC
[02:51:07] [95/459] EVMC
[02:51:07] [96/459] HGSM
[02:51:08] [97/459] ACVM
[02:51:08] [98/459] PSKL
[02:51:09] [99/459] RDMP
[02:51:09] [100/459] RHGH
[02:51:10] [101/459] OMCM
[02:51:11] [102/459] DCCP
[02:51:12] [103/459] MCPB
[02:51:12] [104/459] ALCI
[02:51:13] [105/459] BLMX
[02:51:13] [106/459] BTMV
[02:51:14] [107/459] FVPN
[02:51:15] [108/459] CMAR
[02:51:15] [109/459] CEIM
[02:51:16] [110/459] CMVA
[02:51:16] [111/459] CPIV
[02:51:17] [112/459] CNPE
[02:51:18] [113/459] COLV
[02:51:18] [114/459] DNNV
[02:51:19] [115/459] HCAD
[02:51:20] [116/459] TAKA
[02:51:20] [117/459] INVD
[02:51:21] [118/459] IRMM
[02:51:22] [119/459] INSE
[02:51:22] [120/459] MRSW
[02:51:23] [121/459] MCVD
[02:51:23] [122/459] MCSO
[02:51:24] [123/459] PEVM
[02:51:24] [124/459] PVNL
[02:51:25] [125/459] PTCV
[02:51:26] [126/459] PRTC
[02:51:26] [127/459] RCVA
[02:51:27] [128/459] MTBN
[02:51:28] [129/459] LUCP
[02:51:28] [130/459] FMPT
[02:51:29] [131/459] JLSL
[02:51:30] [132/459] SBHA
[02:51:30] [133/459] SHRC
[02:51:31] [134/459] AVPS
[02:51:31] [135/459] STPM
[02:51:32] [136/459] ATRD
[02:51:32] [137/459] VTED
[02:51:33] [138/459] ACAI
[02:51:33] [139/459] SMAE
[02:51:34] [140/459] VMAT
[02:51:35] [141/459] LKCT
[02:51:35] [142/459] JTVK
[02:51:36] [143/459] PRTY
[02:51:37] [144/459] GETT
[02:51:37] [145/459] ESAP
[02:51:38] [146/459] NCPM
[02:51:39] [147/459] PCPA
[02:51:39] [148/459] MMOM
[02:51:40] [149/459] PHUP
[02:51:40] [150/459] CCPI
[02:51:41] [151/459] CNTD
[02:51:41] [152/459] NLJR
[02:51:42] [153/459] SRNG
[02:51:43] [154/459] MHAL
[02:51:43] [155/459] PNSM
[02:51:44] [156/459] DRMY
[02:51:45] [157/459] CCMU
[02:51:45] [158/459] SCMY
[02:51:46] [159/459] PVSY
[02:51:46] [160/459] SDLM
[02:51:47] [161/459] ICCM
[02:51:48] [162/459] PYSU
[02:51:48] [163/459] GATM
[02:51:49] [164/459] WOTM
[02:51:50] [165/459] RKTS
[02:51:50] [166/459] PMTY
[02:51:51] [167/459] LYMS
[02:51:51] [168/459] TGCA
[02:51:52] [169/459] DSTA
[02:51:53] [170/459] CNGE
[02:51:53] [171/459] VSTG
[02:51:54] [172/459] GTCK
[02:51:55] [173/459] TGNT
[02:51:55] [174/459] ASLC
[02:51:56] [175/459] SSST
[02:51:57] [176/459] KBTT
[02:51:57] [177/459] HKCP
[02:51:58] [178/459] SWLC
[02:51:59] [179/459] RTND
[02:51:59] [180/459] PKKT
[02:52:00] [181/459] HSTK
[02:52:01] [182/459] SPTT
[02:52:01] [183/459] IMPM
[02:52:02] [184/459] SCMV
[02:52:02] [185/459] SPCT
[02:52:03] [186/459] JBCA
[02:52:04] [187/459] ATTR
[02:52:04] [188/459] SPMT
[02:52:05] [189/459] LCTM
[02:52:06] [190/459] SCVL
[02:52:07] [191/459] SCVT
[02:52:07] [192/459] KRIC
[02:52:08] [193/459] CTMG
[02:52:09] [194/459] ACNC
[02:52:09] [195/459] DMCK
[02:52:10] [196/459] KMTV
[02:52:10] [197/459] PFCJ
[02:52:11] [198/459] VNMD
[02:52:12] [199/459] VPCZ
[02:52:12] [200/459] SRYR
[02:52:13] [201/459] SYTR
[02:52:14] [202/459] GATR
[02:52:14] [203/459] URTR
[02:52:15] [204/459] MKSM
[02:52:16] [205/459] VSMH
[02:52:16] [206/459] SKRJ
[02:52:17] [207/459] SSJR
[02:52:17] [208/459] SVSM
[02:52:18] [209/459] RUCM
[02:52:19] [210/459] PRKN
[02:52:20] [211/459] RROH
[02:52:20] [212/459] SCTN
[02:52:21] [213/459] RTDM
[02:52:21] [214/459] ASRM
[02:52:22] [215/459] SKMD
[02:52:23] [216/459] SUTD
[02:52:24] [217/459] SADM
[02:52:24] [218/459] WCNR
[02:52:25] [219/459] CNED
[02:52:26] [220/459] MPDB
[02:52:27] [221/459] KTBH
[02:52:27] [222/459] IDRM
[02:52:28] [223/459] PJJT
[02:52:28] [224/459] PFCV
[02:52:29] [225/459] AACT
[02:52:29] [226/459] AAAD
[02:52:30] [227/459] ANES
[02:52:30] [228/459] MNCA
[02:52:31] [229/459] RMGU
[02:52:32] [230/459] DLCN
[02:52:32] [231/459] LJWT
[02:52:33] [232/459] MCBG
[02:52:34] [233/459] MYBG
[02:52:34] [234/459] GCCA
[02:52:35] [235/459] GCGA
[02:52:36] [236/459] ECGN
[02:52:36] [237/459] PRAB
[02:52:37] [238/459] PNMP
[02:52:38] [239/459] GCPT
[02:52:38] [240/459] ROYN
[02:52:38] [241/459] VATM
[02:52:39] [242/459] KSNT
[02:52:40] [243/459] ACTC
[02:52:40] [244/459] PLTD
[02:52:41] [245/459] SKMK
[02:52:42] [246/459] CMTT
[02:52:42] [247/459] SMXP
[02:52:43] [248/459] SCMX
[02:52:44] [249/459] ACXN
[02:52:44] [250/459] ASWT
[02:52:45] [251/459] VVVL
[02:52:45] [252/459] NAGO
[02:52:46] [253/459] SNCN
[02:52:47] [254/459] MCKP
[02:52:47] [255/459] SAMO
[02:52:48] [256/459] JBTV
[02:52:48] [257/459] DCVV
[02:52:49] [258/459] KMSV
[02:52:50] [259/459] KDCN
[02:52:50] [260/459] CNCP
[02:52:51] [261/459] HAMC
[02:52:52] [262/459] CCVZ
[02:52:52] [263/459] NCCK
[02:52:53] [264/459] MCHR
[02:52:53] [265/459] SCHT
[02:52:54] [266/459] ESSH
[02:52:55] [267/459] CUJC
[02:52:55] [268/459] PECP
[02:52:55] [269/459] PMMI
[02:52:56] [270/459] PCCH
[02:52:57] [271/459] PRPM
[02:52:57] [272/459] PVKL
[02:52:58] [273/459] CBSM
[02:52:58] [274/459] PVCZ
[02:52:59] [275/459] PCVV
[02:53:00] [276/459] CTMJ
[02:53:00] [277/459] RCPS
[02:53:01] [278/459] PCIT
[02:53:01] [279/459] FNCH
[02:53:02] [280/459] INZD
[02:53:03] [281/459] INPC
[02:53:03] [282/459] LCZP
[02:53:04] [283/459] SMCB
[02:53:04] [284/459] PTSB
[02:53:05] [285/459] TPSI
[02:53:05] [286/459] KHMJ
[02:53:06] [287/459] RCCJ
[02:53:07] [288/459] NCJA
[02:53:07] [289/459] NCJN
[02:53:08] [290/459] BTDP
[02:53:08] [291/459] PADY
[02:53:09] [292/459] NYBH
[02:53:10] [293/459] MTBR
[02:53:11] [294/459] KRBC
[02:53:11] [295/459] DKTI
[02:53:12] [296/459] ANAN
[02:53:12] [297/459] INBP
[02:53:13] [298/459] PATB
[02:53:13] [299/459] RGNT
[02:53:14] [300/459] CGPM
[02:53:14] [301/459] INTN
[02:53:15] [302/459] MCMP
[02:53:15] [303/459] ASRG
[02:53:16] [304/459] CXJD
[02:53:17] [305/459] SPCP
[02:53:17] [306/459] CSTP
[02:53:18] [307/459] PKVC
[02:53:18] [308/459] ESCP
[02:53:19] [309/459] CAEP
[02:53:20] [310/459] CCSP
[02:53:20] [311/459] KTPC
[02:53:21] [312/459] DACA
[02:53:22] [313/459] NVKY
[02:53:22] [314/459] PTIN
[02:53:23] [315/459] SCIN
[02:53:23] [316/459] MCTY
[02:53:24] [317/459] PCMX
[02:53:25] [318/459] INIC
[02:53:25] [319/459] MMZM
[02:53:26] [320/459] SSLP
[02:53:26] [321/459] DTDT
[02:53:27] [322/459] FFCX
[02:53:28] [323/459] RCMM
[02:53:28] [324/459] KYID
[02:53:29] [325/459] CSCI
[02:53:29] [326/459] FCMC
[02:53:30] [327/459] MMXI
[02:53:31] [328/459] ASTC
[02:53:31] [329/459] CMRA
[02:53:31] [330/459] DICI
[02:53:32] [331/459] KDIN
[02:53:33] [332/459] PRFI
[02:53:33] [333/459] SVFC
[02:53:34] [334/459] UCPL
[02:53:34] [335/459] COOC
[02:53:35] [336/459] SCAL
[02:53:35] [337/459] SVFF
[02:53:36] [338/459] VCMG
[02:53:36] [339/459] UUCT
[02:53:37] [340/459] GCSE
[02:53:38] [341/459] SUSC
[02:53:38] [342/459] MISC
[02:53:39] [343/459] RMBL
[02:53:40] [344/459] CMXN
[02:53:40] [345/459] PVBK
[02:53:41] [346/459] HHCG
[02:53:41] [347/459] SCAG
[02:53:42] [348/459] CNPR
[02:53:43] [349/459] CSER
[02:53:43] [350/459] HLWD
[02:53:44] [351/459] BOLY
[02:53:45] [352/459] SSPG
[02:53:45] [353/459] MUPX
[02:53:46] [354/459] HAMR
[02:53:47] [355/459] SDNC
[02:53:47] [356/459] RTEN
[02:53:48] [357/459] SDTD
[02:53:48] [358/459] KAWS
[02:53:49] [359/459] CMZX
[02:53:50] [360/459] DCDD
[02:53:50] [361/459] ALSN
[02:53:51] [362/459] IMXS
[02:53:52] [363/459] PVFF
[02:53:52] [364/459] PVOO
[02:53:53] [365/459] CFBS
[02:53:54] [366/459] PVER
[02:53:54] [367/459] PPNX
[02:53:55] [368/459] CNRM
[02:53:55] [369/459] PVWW
[02:53:56] [370/459] INMB
[02:53:57] [371/459] CPJR
[02:53:57] [372/459] INRZ
[02:53:58] [373/459] PMSR
[02:53:59] [374/459] GPGM
[02:54:00] [375/459] PGWB
[02:54:00] [376/459] PMBR
[02:54:01] [377/459] GPAM
[02:54:01] [378/459] INBC
[02:54:02] [379/459] PZVK
[02:54:03] [380/459] CPEB
[02:54:03] [381/459] FMLB
[02:54:04] [382/459] INBG
[02:54:04] [383/459] GPBR
[02:54:05] [384/459] PAAS
[02:54:05] [385/459] VTBR
[02:54:06] [386/459] GPMY
[02:54:06] [387/459] GYBU
[02:54:07] [388/459] INBJ
[02:54:08] [389/459] LKTH
[02:54:08] [390/459] NSBR
[02:54:09] [391/459] PDRD
[02:54:09] [392/459] VRBL
[02:54:10] [393/459] VTGB
[02:54:11] [394/459] VTSK
[02:54:11] [395/459] BKDV
[02:54:12] [396/459] SVTB
[02:54:12] [397/459] MLDT
[02:54:13] [398/459] NRBL
[02:54:14] [399/459] SLTR
[02:54:14] [400/459] VNKA
[02:54:15] [401/459] TDCA
[02:54:16] [402/459] INBM
[02:54:16] [403/459] SSNR
[02:54:17] [404/459] BHAC
[02:54:18] [405/459] SDSD
[02:54:18] [406/459] SAMP
[02:54:19] [407/459] RATK
[02:54:19] [408/459] KCBI
[02:54:20] [409/459] URBL
[02:54:21] [410/459] MKBG
[02:54:21] [411/459] ASTB
[02:54:22] [412/459] VBWT
[02:54:23] [413/459] GPSM
[02:54:23] [414/459] ROON
[02:54:24] [415/459] CHTH
[02:54:24] [416/459] SSPA
[02:54:25] [417/459] ANBL
[02:54:26] [418/459] VTBE
[02:54:26] [419/459] SVKT
[02:54:27] [420/459] SVYK
[02:54:27] [421/459] PTBK
[02:54:28] [422/459] RKTB
[02:54:28] [423/459] BALT
[02:54:29] [424/459] STSV
[02:54:29] [425/459] VCCB
[02:54:30] [426/459] SLTB
[02:54:30] [427/459] SBCR
[02:54:31] [428/459] VDCS
[02:54:32] [429/459] MDKI
[02:54:32] [430/459] SMRN
[02:54:33] [431/459] PTBC
[02:54:33] [432/459] RADI
[02:54:34] [433/459] ADCR
[02:54:34] [434/459] SDCS
[02:54:35] [435/459] SRPJ
[02:54:35] [436/459] ARTS
[02:54:36] [437/459] SRHK
[02:54:37] [438/459] SPAY
[02:54:37] [439/459] GPTB
[02:54:38] [440/459] SNNN
[02:54:38] [441/459] BALJ
[02:54:39] [442/459] TRIG
[02:54:39] [443/459] GTYT
[02:54:40] [444/459] ATGN
[02:54:41] [445/459] ANTE
[02:54:41] [446/459] BDCG
[02:54:41] [447/459] VECI
[02:54:42] [448/459] SCPR
[02:54:43] [449/459] RTEA
[02:54:43] [450/459] JSAI
[02:54:44] [451/459] VJTP
[02:54:45] [452/459] GNDS
[02:54:45] [453/459] PAXA
[02:54:46] [454/459] CGGM
[02:54:47] [455/459] ACKZ
[02:54:47] [456/459] EMCC
[02:54:48] [457/459] KLSK
[02:54:48] [458/459] AVCK
[02:54:49] [459/459] JTCK
[02:54:50] ✅ DONE | Shows=0 | Movies=0
