[00:03:05] 🚀 BMS DAILY TRACKER STARTED
[00:03:05] [1/445] TGMR
[00:03:05] 🧠 New identity
[00:03:06] [2/445] CXKR
[00:03:07] [3/445] SROP
[00:03:08] [4/445] GTSV
[00:03:08] [5/445] SNTY
[00:03:09] [6/445] SMYY
[00:03:10] [7/445] CNCS
[00:03:11] [8/445] CSTM
[00:03:12] [9/445] NUCD
[00:03:13] [10/445] SHCZ
[00:03:14] [11/445] NJCT
[00:03:15] [12/445] COPC
[00:03:15] [13/445] STVV
[00:03:16] [14/445] SKRN
[00:03:17] [15/445] APPZ
[00:03:18] [16/445] YMGN
[00:03:19] [17/445] SVTU
[00:03:20] [18/445] GTAD
[00:03:21] [19/445] PSUS
[00:03:22] [20/445] SMCD
[00:03:22] [21/445] CMCM
[00:03:23] [22/445] SYCT
[00:03:24] [23/445] STLY
[00:03:25] [24/445] CMHU
[00:03:25] [25/445] CMSA
[00:03:26] [26/445] CLCU
[00:03:27] [27/445] PPNT
[00:03:28] [28/445] JTAB
[00:03:29] [29/445] BUUC
[00:03:30] [30/445] BSVK
[00:03:31] [31/445] VVVQ
[00:03:32] [32/445] TKMU
[00:03:33] [33/445] ESYL
[00:03:33] [34/445] ACHP
[00:03:34] [35/445] BTKD
[00:03:35] [36/445] DESA
[00:03:36] [37/445] GBCT
[00:03:37] [38/445] BLLD
[00:03:38] [39/445] SKNT
[00:03:39] [40/445] SSTE
[00:03:40] [41/445] VJMR
[00:03:41] [42/445] NTPU
[00:03:42] [43/445] RDKN
[00:03:42] [44/445] ADGC
[00:03:43] [45/445] VRBP
[00:03:44] [46/445] NMNA
[00:03:45] [47/445] CMMX
[00:03:46] [48/445] PTKO
[00:03:46] [49/445] RBML
[00:03:47] [50/445] SAIC
[00:03:48] [51/445] SVTJ
[00:03:49] [52/445] MRTE
[00:03:49] [53/445] RBTP
[00:03:50] [54/445] NLPS
[00:03:51] [55/445] GTNA
[00:03:52] [56/445] DGGC
[00:03:52] [57/445] SMCR
[00:03:53] [58/445] SCGD
[00:03:54] [59/445] SRRJ
[00:03:55] [60/445] CNRY
[00:03:57] [61/445] KTDI
[00:03:58] [62/445] SNJL
[00:03:58] [63/445] RKMD
[00:03:59] [64/445] SMDC
[00:04:00] [65/445] TADG
[00:04:01] [66/445] MCGS
[00:04:01] [67/445] PETK
[00:04:02] [68/445] CHAG
[00:04:03] [69/445] KSTL
[00:04:04] [70/445] AADS
[00:04:05] [71/445] NTHZ
[00:04:06] [72/445] HCKI
[00:04:07] [73/445] SSEF
[00:04:08] [74/445] MCGX
[00:04:09] [75/445] ERRA
[00:04:10] [76/445] SDTW
[00:04:10] [77/445] RMPK
[00:04:11] [78/445] PTHK
[00:04:12] [79/445] PXCS
[00:04:13] [80/445] SVLU
[00:04:14] [81/445] STAH
[00:04:14] [82/445] JRGF
[00:04:15] [83/445] CDOK
[00:04:16] [84/445] CMSG
[00:04:17] [85/445] APTD
[00:04:17] [86/445] KMPG
[00:04:18] [87/445] MUTJ
[00:04:19] [88/445] VCCI
[00:04:20] [89/445] URBE
[00:04:21] [90/445] TCTS
[00:04:22] [91/445] STSN
[00:04:22] [92/445] AKCH
[00:04:23] [93/445] APSC
[00:04:24] [94/445] VLTB
[00:04:25] [95/445] SANU
[00:04:26] [96/445] AXAM
[00:04:26] [97/445] MGMG
[00:04:28] [98/445] HTBY
[00:04:28] [99/445] MMZS
[00:04:29] [100/445] SUDR
[00:04:30] [101/445] CCAD
[00:04:31] [102/445] SKKC
[00:04:32] [103/445] RMCD
[00:04:32] [104/445] SBCQ
[00:04:33] [105/445] DCCT
[00:04:35] [106/445] VTKP
[00:04:35] [107/445] MLAM
[00:04:36] [108/445] SAVT
[00:04:37] [109/445] GEPL
[00:04:38] [110/445] AMCD
[00:04:39] [111/445] CCXR
[00:04:40] [112/445] GRNG
[00:04:40] [113/445] EBCA
[00:04:41] [114/445] CNVG
[00:04:42] [115/445] MWSS
[00:04:43] [116/445] VBOR
[00:04:44] [117/445] NEEB
[00:04:45] [118/445] SUTH
[00:04:47] [119/445] ANDB
[00:04:48] [120/445] MMXS
[00:04:49] [121/445] CNPD
[00:04:50] [122/445] SDCE
[00:04:51] [123/445] DHCB
[00:04:51] [124/445] ODEN
[00:04:52] [125/445] TNTC
[00:04:53] [126/445] VBKM
[00:04:54] [127/445] RZYM
[00:04:55] [128/445] JEMC
[00:04:56] [129/445] CMAU
[00:04:56] [130/445] SIVP
[00:04:57] [131/445] ATAG
[00:04:58] [132/445] CHTM
[00:04:59] [133/445] AAEE
[00:05:00] [134/445] IWPM
[00:05:01] [135/445] KCMW
[00:05:02] [136/445] MCTD
[00:05:03] [137/445] SPWR
[00:05:04] [138/445] SDPO
[00:05:05] [139/445] PCSK
[00:05:06] [140/445] ACHV
[00:05:07] [141/445] SVLA
[00:05:08] [142/445] PICT
[00:05:08] [143/445] BXDR
[00:05:09] [144/445] SPWA
[00:05:10] [145/445] MCKO
[00:05:11] [146/445] RTHK
[00:05:12] [147/445] CCMF
[00:05:13] [148/445] MRGB
[00:05:13] [149/445] CPLC
[00:05:14] [150/445] RACD
[00:05:15] [151/445] ATKT
[00:05:16] [152/445] SARN
[00:05:17] [153/445] KKUI
[00:05:17] [154/445] RGCM
[00:05:18] [155/445] BRVP
[00:05:19] [156/445] HRSR
[00:05:20] [157/445] GKGM
[00:05:21] [158/445] TTCD
[00:05:22] [159/445] PTTI
[00:05:23] [160/445] MPTT
[00:05:24] [161/445] CVTT
[00:05:25] [162/445] PCXD
[00:05:25] [163/445] GCDC
[00:05:26] [164/445] CCCF
[00:05:27] [165/445] MRAD
[00:05:27] [166/445] CPLK
[00:05:28] [167/445] SATB
[00:05:29] [168/445] SNVG
[00:05:30] [169/445] JMBA
[00:05:31] [170/445] TEJA
[00:05:31] [171/445] STYO
[00:05:32] [172/445] JTBP
[00:05:33] [173/445] KRGD
[00:05:34] [174/445] SLJJ
[00:05:35] [175/445] SPTJ
[00:05:35] [176/445] SWJG
[00:05:36] [177/445] LKRT
[00:05:38] [178/445] KCKA
[00:05:38] [179/445] SNCR
[00:05:39] [180/445] SMKL
[00:05:40] [181/445] GCFA
[00:05:41] [182/445] DDCK
[00:05:42] [183/445] NCHJ
[00:05:43] [184/445] RDMA
[00:05:43] [185/445] SVSV
[00:05:45] [186/445] SCJG
[00:05:46] [187/445] VKLP
[00:05:46] [188/445] NWCC
[00:05:47] [189/445] VKNS
[00:05:48] [190/445] SDDP
[00:05:49] [191/445] ACSI
[00:05:50] [192/445] SATG
[00:05:51] [193/445] SCMW
[00:05:51] [194/445] LKTK
[00:05:52] [195/445] VCKV
[00:05:53] [196/445] KKPE
[00:05:54] [197/445] KIGH
[00:05:55] [198/445] SRPM
[00:05:56] [199/445] SCAH
[00:05:57] [200/445] MUTA
[00:05:58] [201/445] SEPU
[00:05:59] [202/445] INOA
[00:06:00] [203/445] BASK
[00:06:00] [204/445] NECB
[00:06:01] [205/445] GTTG
[00:06:02] [206/445] ASSA
[00:06:03] [207/445] ANCL
[00:06:03] [208/445] GCTI
[00:06:04] [209/445] RCTS
[00:06:05] [210/445] ACNL
[00:06:06] [211/445] MYCT
[00:06:07] [212/445] NMHT
[00:06:08] [213/445] MDIT
[00:06:09] [214/445] LATG
[00:06:10] [215/445] SMTY
[00:06:11] [216/445] CVCT
[00:06:12] [217/445] RAMB
[00:06:12] [218/445] TGMS
[00:06:13] [219/445] BHEL
[00:06:14] [220/445] SHCT
[00:06:15] [221/445] SVCT
[00:06:16] [222/445] MRIY
[00:06:17] [223/445] SARO
[00:06:18] [224/445] STCT
[00:06:18] [225/445] JKKC
[00:06:19] [226/445] PLTT
[00:06:20] [227/445] SRNT
[00:06:21] [228/445] YAST
[00:06:22] [229/445] PERL
[00:06:23] [230/445] CICM
[00:06:24] [231/445] MMTR
[00:06:25] [232/445] ABTK
[00:06:26] [233/445] ATYY
[00:06:27] [234/445] ASTK
[00:06:28] [235/445] VVCK
[00:06:29] [236/445] ATKY
[00:06:30] [237/445] GWEK
[00:06:31] [238/445] SVFH
[00:06:31] [239/445] SLTA
[00:06:32] [240/445] AASH
[00:06:33] [241/445] ACXB
[00:06:34] [242/445] SMTX
[00:06:35] [243/445] AZDH
[00:06:35] [244/445] CMMH
[00:06:36] [245/445] SCSZ
[00:06:37] [246/445] SCKP
[00:06:38] [247/445] NXTM
[00:06:39] [248/445] NWCS
[00:06:40] [249/445] CXMH
[00:06:41] [250/445] PCMA
[00:06:42] [251/445] SGCM
[00:06:43] [252/445] SDTU
[00:06:44] [253/445] MMVI
[00:06:45] [254/445] JKCM
[00:06:46] [255/445] VCMM
[00:06:47] [256/445] SYEE
[00:06:48] [257/445] VASD
[00:06:49] [258/445] BDRB
[00:06:50] [259/445] LASM
[00:06:51] [260/445] DCRL
[00:06:52] [261/445] DVPM
[00:06:53] [262/445] SBMJ
[00:06:54] [263/445] CBMU
[00:06:55] [264/445] IUBS
[00:06:56] [265/445] INAP
[00:06:57] [266/445] SRRC
[00:06:57] [267/445] SAGR
[00:06:58] [268/445] CPMJ
[00:06:59] [269/445] ATJL
[00:07:00] [270/445] NNTD
[00:07:01] [271/445] JHCJ
[00:07:01] [272/445] CMMP
[00:07:02] [273/445] RSDR
[00:07:03] [274/445] AMTI
[00:07:04] [275/445] NYSG
[00:07:05] [276/445] AVSG
[00:07:05] [277/445] SYTP
[00:07:06] [278/445] LARC
[00:07:07] [279/445] RJTP
[00:07:08] [280/445] LAKC
[00:07:09] [281/445] MCXE
[00:07:10] [282/445] CCZC
[00:07:10] [283/445] AVCH
[00:07:11] [284/445] CMBE
[00:07:12] [285/445] MRRC
[00:07:12] [286/445] PCPY
[00:07:13] [287/445] SRMH
[00:07:14] [288/445] SVGS
[00:07:16] [289/445] PCSE
[00:07:17] [290/445] SVFT
[00:07:18] [291/445] TNZP
[00:07:19] [292/445] ICTP
[00:07:20] [293/445] ACTZ
[00:07:21] [294/445] GTUR
[00:07:22] [295/445] MAFC
[00:07:23] [296/445] MINL
[00:07:24] [297/445] MRCL
[00:07:25] [298/445] RCRP
[00:07:26] [299/445] RFFG
[00:07:26] [300/445] RMAS
[00:07:27] [301/445] INVR
[00:07:28] [302/445] RMAR
[00:07:29] [303/445] CNIS
[00:07:30] [304/445] RHRJ
[00:07:30] [305/445] INXR
[00:07:31] [306/445] VALT
[00:07:32] [307/445] LCSH
[00:07:33] [308/445] CMVS
[00:07:34] [309/445] CNMS
[00:07:34] [310/445] ROOG
[00:07:35] [311/445] ISRM
[00:07:36] [312/445] RCRM
[00:07:37] [313/445] ACJA
[00:07:39] [314/445] RCVS
[00:07:39] [315/445] CPUS
[00:07:40] [316/445] TGCS
[00:07:41] [317/445] RKCJ
[00:07:42] [318/445] MKSB
[00:07:43] [319/445] TCSJ
[00:07:43] [320/445] RMGP
[00:07:44] [321/445] CLLP
[00:07:45] [322/445] RCMV
[00:07:46] [323/445] CCKS
[00:07:47] [324/445] RSRP
[00:07:48] [325/445] APLP
[00:07:49] [326/445] CNVS
[00:07:50] [327/445] RMVY
[00:07:50] [328/445] PGBD
[00:07:51] [329/445] KLMS
[00:07:53] [330/445] RUST
[00:07:54] [331/445] MASM
[00:07:54] [332/445] BACS
[00:07:55] [333/445] BWST
[00:07:56] [334/445] RRFH
[00:07:57] [335/445] SJTM
[00:07:58] [336/445] BEMR
[00:07:59] [337/445] MCGR
[00:07:59] [338/445] SDSK
[00:08:01] [339/445] VBOL
[00:08:01] [340/445] RMGM
[00:08:02] [341/445] NOPL
[00:08:03] [342/445] MKJK
[00:08:04] [343/445] CVRN
[00:08:05] [344/445] MMEN
[00:08:05] [345/445] AMNG
[00:08:07] [346/445] INTM
[00:08:08] [347/445] SLCZ
[00:08:08] [348/445] AMJN
[00:08:09] [349/445] ACJN
[00:08:10] [350/445] AMKN
[00:08:11] [351/445] BTCN
[00:08:12] [352/445] AMBT
[00:08:13] [353/445] PACN
[00:08:14] [354/445] LCNS
[00:08:14] [355/445] PPKC
[00:08:16] [356/445] JYYN
[00:08:17] [357/445] JTNR
[00:08:17] [358/445] GTEE
[00:08:18] [359/445] SRNM
[00:08:19] [360/445] SDTC
[00:08:20] [361/445] VPCA
[00:08:21] [362/445] VLRA
[00:08:21] [363/445] SHKR
[00:08:22] [364/445] SBKD
[00:08:23] [365/445] SAAD
[00:08:24] [366/445] JTGN
[00:08:25] [367/445] SLAM
[00:08:25] [368/445] VTPM
[00:08:26] [369/445] ANPT
[00:08:27] [370/445] PUNB
[00:08:28] [371/445] CPKT
[00:08:29] [372/445] CNWE
[00:08:29] [373/445] ECPP
[00:08:30] [374/445] CPAR
[00:08:31] [375/445] ESBW
[00:08:32] [376/445] PKPU
[00:08:33] [377/445] CPRP
[00:08:34] [378/445] RAHU
[00:08:34] [379/445] RHMN
[00:08:35] [380/445] FMJP
[00:08:36] [381/445] CTMP
[00:08:37] [382/445] INPN
[00:08:37] [383/445] STTG
[00:08:39] [384/445] CTRD
[00:08:40] [385/445] PUVB
[00:08:41] [386/445] ESVP
[00:08:42] [387/445] CPFT
[00:08:43] [388/445] LCPC
[00:08:44] [389/445] VBCT
[00:08:45] [390/445] FSCW
[00:08:46] [391/445] VCMP
[00:08:46] [392/445] ASHC
[00:08:47] [393/445] VLCX
[00:08:49] [394/445] SHEV
[00:08:49] [395/445] APCO
[00:08:50] [396/445] SILC
[00:08:51] [397/445] SNMR
[00:08:52] [398/445] KYBO
[00:08:53] [399/445] SATK
[00:08:54] [400/445] SSCS
[00:08:54] [401/445] CLSB
[00:08:55] [402/445] KMJR
[00:08:56] [403/445] FSCK
[00:08:57] [404/445] NNKA
[00:08:57] [405/445] CLMK
[00:08:58] [406/445] DMPZ
[00:08:59] [407/445] INQM
[00:09:01] [408/445] CAML
[00:09:01] [409/445] INRK
[00:09:02] [410/445] IMKN
[00:09:03] [411/445] SVNR
[00:09:04] [412/445] INSL
[00:09:05] [413/445] MSMA
[00:09:05] [414/445] MCKK
[00:09:06] [415/445] FCHP
[00:09:07] [416/445] SFCR
[00:09:07] [417/445] NACK
[00:09:08] [418/445] PVAK
[00:09:09] [419/445] INER
[00:09:10] [420/445] RDBK
[00:09:11] [421/445] SVFN
[00:09:11] [422/445] IFRM
[00:09:12] [423/445] ATCK
[00:09:13] [424/445] ASKO
[00:09:14] [425/445] STKT
[00:09:15] [426/445] SVFB
[00:09:15] [427/445] INKS
[00:09:16] [428/445] PCRA
[00:09:17] [429/445] ATJA
[00:09:18] [430/445] IMJN
[00:09:19] [431/445] INHD
[00:09:19] [432/445] BARA
[00:09:20] [433/445] MCSL
[00:09:21] [434/445] RTOY
[00:09:22] [435/445] MENO
[00:09:23] [436/445] PUDM
[00:09:24] [437/445] PRCN
[00:09:25] [438/445] JMJR
[00:09:26] [439/445] SSGK
[00:09:27] [440/445] SSRL
[00:09:27] [441/445] JYKL
[00:09:28] [442/445] ACNB
[00:09:29] [443/445] SONP
[00:09:29] [444/445] EMCI
[00:09:30] [445/445] MRJH
[00:09:31] ✅ DONE | Shows=0 | Movies=0
[00:47:34] 🚀 BMS DAILY TRACKER STARTED
[00:47:34] [1/445] TGMR
[00:47:34] 🧠 New identity
[00:47:35] [2/445] CXKR
[00:47:36] [3/445] SROP
[00:47:37] [4/445] GTSV
[00:47:38] [5/445] SNTY
[00:47:38] [6/445] SMYY
[00:47:39] [7/445] CNCS
[00:47:40] [8/445] CSTM
[00:47:41] [9/445] NUCD
[00:47:42] [10/445] SHCZ
[00:47:43] [11/445] NJCT
[00:47:44] [12/445] COPC
[00:47:45] [13/445] STVV
[00:47:45] [14/445] SKRN
[00:47:46] [15/445] APPZ
[00:47:47] [16/445] YMGN
[00:47:48] [17/445] SVTU
[00:47:49] [18/445] GTAD
[00:47:50] [19/445] PSUS
[00:47:50] [20/445] SMCD
[00:47:51] [21/445] CMCM
[00:47:52] [22/445] SYCT
[00:47:53] [23/445] STLY
[00:47:55] [24/445] CMHU
[00:47:56] [25/445] CMSA
[00:47:56] [26/445] CLCU
[00:47:57] [27/445] PPNT
[00:47:58] [28/445] JTAB
[00:47:59] [29/445] BUUC
[00:47:59] [30/445] BSVK
[00:48:00] [31/445] VVVQ
[00:48:01] [32/445] TKMU
[00:48:02] [33/445] ESYL
[00:48:03] [34/445] ACHP
[00:48:04] [35/445] BTKD
[00:48:05] [36/445] DESA
[00:48:06] [37/445] GBCT
[00:48:06] [38/445] BLLD
[00:48:07] [39/445] SKNT
[00:48:08] [40/445] SSTE
[00:48:09] [41/445] VJMR
[00:48:10] [42/445] NTPU
[00:48:11] [43/445] RDKN
[00:48:12] [44/445] ADGC
[00:48:13] [45/445] VRBP
[00:48:14] [46/445] NMNA
[00:48:15] [47/445] CMMX
[00:48:16] [48/445] PTKO
[00:48:17] [49/445] RBML
[00:48:18] [50/445] SAIC
[00:48:19] [51/445] SVTJ
[00:48:19] [52/445] MRTE
[00:48:20] [53/445] RBTP
[00:48:21] [54/445] NLPS
[00:48:22] [55/445] GTNA
[00:48:23] [56/445] DGGC
[00:48:24] [57/445] SMCR
[00:48:25] [58/445] SCGD
[00:48:26] [59/445] SRRJ
[00:48:27] [60/445] CNRY
[00:48:28] [61/445] KTDI
[00:48:28] [62/445] SNJL
[00:48:29] [63/445] RKMD
[00:48:30] [64/445] SMDC
[00:48:31] [65/445] TADG
[00:48:32] [66/445] MCGS
[00:48:33] [67/445] PETK
[00:48:33] [68/445] CHAG
[00:48:34] [69/445] KSTL
[00:48:35] [70/445] AADS
[00:48:36] [71/445] NTHZ
[00:48:37] [72/445] HCKI
[00:48:37] [73/445] SSEF
[00:48:38] [74/445] MCGX
[00:48:39] [75/445] ERRA
[00:48:40] [76/445] SDTW
[00:48:41] [77/445] RMPK
[00:48:42] [78/445] PTHK
[00:48:42] [79/445] PXCS
[00:48:43] [80/445] SVLU
[00:48:44] [81/445] STAH
[00:48:45] [82/445] JRGF
[00:48:47] [83/445] CDOK
[00:48:47] [84/445] CMSG
[00:48:48] [85/445] APTD
[00:48:49] [86/445] KMPG
[00:48:50] [87/445] MUTJ
[00:48:50] [88/445] VCCI
[00:48:51] [89/445] URBE
[00:48:52] [90/445] TCTS
[00:48:53] [91/445] STSN
[00:48:54] [92/445] AKCH
[00:48:55] [93/445] APSC
[00:48:56] [94/445] VLTB
[00:48:57] [95/445] SANU
[00:48:58] [96/445] AXAM
[00:48:58] [97/445] MGMG
[00:48:59] [98/445] HTBY
[00:49:00] [99/445] MMZS
[00:49:01] [100/445] SUDR
[00:49:02] [101/445] CCAD
[00:49:02] [102/445] SKKC
[00:49:03] [103/445] RMCD
[00:49:04] [104/445] SBCQ
[00:49:05] [105/445] DCCT
[00:49:06] [106/445] VTKP
[00:49:07] [107/445] MLAM
[00:49:07] [108/445] SAVT
[00:49:08] [109/445] GEPL
[00:49:10] [110/445] AMCD
[00:49:11] [111/445] CCXR
[00:49:12] [112/445] GRNG
[00:49:12] [113/445] EBCA
[00:49:13] [114/445] CNVG
[00:49:14] [115/445] MWSS
[00:49:15] [116/445] VBOR
[00:49:16] [117/445] NEEB
[00:49:16] [118/445] SUTH
[00:49:17] [119/445] ANDB
[00:49:18] [120/445] MMXS
[00:49:19] [121/445] CNPD
[00:49:20] [122/445] SDCE
[00:49:21] [123/445] DHCB
[00:49:22] [124/445] ODEN
[00:49:23] [125/445] TNTC
[00:49:24] [126/445] VBKM
[00:49:25] [127/445] RZYM
[00:49:26] [128/445] JEMC
[00:49:27] [129/445] CMAU
[00:49:28] [130/445] SIVP
[00:49:29] [131/445] ATAG
[00:49:29] [132/445] CHTM
[00:49:30] [133/445] AAEE
[00:49:31] [134/445] IWPM
[00:49:32] [135/445] KCMW
[00:49:33] [136/445] MCTD
[00:49:34] [137/445] SPWR
[00:49:35] [138/445] SDPO
[00:49:35] [139/445] PCSK
[00:49:36] [140/445] ACHV
[00:49:37] [141/445] SVLA
[00:49:38] [142/445] PICT
[00:49:39] [143/445] BXDR
[00:49:40] [144/445] SPWA
[00:49:41] [145/445] MCKO
[00:49:42] [146/445] RTHK
[00:49:43] [147/445] CCMF
[00:49:43] [148/445] MRGB
[00:49:44] [149/445] CPLC
[00:49:45] [150/445] RACD
[00:49:46] [151/445] ATKT
[00:49:47] [152/445] SARN
[00:49:48] [153/445] KKUI
[00:49:48] [154/445] RGCM
[00:49:49] [155/445] BRVP
[00:49:50] [156/445] HRSR
[00:49:52] [157/445] GKGM
[00:49:53] [158/445] TTCD
[00:49:54] [159/445] PTTI
[00:49:54] [160/445] MPTT
[00:49:55] [161/445] CVTT
[00:49:56] [162/445] PCXD
[00:49:57] [163/445] GCDC
[00:49:57] [164/445] CCCF
[00:49:58] [165/445] MRAD
[00:49:59] [166/445] CPLK
[00:49:59] [167/445] SATB
[00:50:00] [168/445] SNVG
[00:50:01] [169/445] JMBA
[00:50:02] [170/445] TEJA
[00:50:03] [171/445] STYO
[00:50:03] [172/445] JTBP
[00:50:04] [173/445] KRGD
[00:50:06] [174/445] SLJJ
[00:50:07] [175/445] SPTJ
[00:50:07] [176/445] SWJG
[00:50:08] [177/445] LKRT
[00:50:09] [178/445] KCKA
[00:50:10] [179/445] SNCR
[00:50:10] [180/445] SMKL
[00:50:11] [181/445] GCFA
[00:50:12] [182/445] DDCK
[00:50:13] [183/445] NCHJ
[00:50:14] [184/445] RDMA
[00:50:15] [185/445] SVSV
[00:50:16] [186/445] SCJG
[00:50:17] [187/445] VKLP
[00:50:17] [188/445] NWCC
[00:50:18] [189/445] VKNS
[00:50:19] [190/445] SDDP
[00:50:20] [191/445] ACSI
[00:50:20] [192/445] SATG
[00:50:21] [193/445] SCMW
[00:50:22] [194/445] LKTK
[00:50:23] [195/445] VCKV
[00:50:24] [196/445] KKPE
[00:50:25] [197/445] KIGH
[00:50:25] [198/445] SRPM
[00:50:26] [199/445] SCAH
[00:50:27] [200/445] MUTA
[00:50:29] [201/445] SEPU
[00:50:30] [202/445] INOA
[00:50:31] [203/445] BASK
[00:50:32] [204/445] NECB
[00:50:33] [205/445] GTTG
[00:50:33] [206/445] ASSA
[00:50:34] [207/445] ANCL
[00:50:35] [208/445] GCTI
[00:50:36] [209/445] RCTS
[00:50:36] [210/445] ACNL
[00:50:37] [211/445] MYCT
[00:50:38] [212/445] NMHT
[00:50:39] [213/445] MDIT
[00:50:40] [214/445] LATG
[00:50:41] [215/445] SMTY
[00:50:42] [216/445] CVCT
[00:50:43] [217/445] RAMB
[00:50:44] [218/445] TGMS
[00:50:45] [219/445] BHEL
[00:50:45] [220/445] SHCT
[00:50:46] [221/445] SVCT
[00:50:47] [222/445] MRIY
[00:50:48] [223/445] SARO
[00:50:49] [224/445] STCT
[00:50:50] [225/445] JKKC
[00:50:51] [226/445] PLTT
[00:50:52] [227/445] SRNT
[00:50:53] [228/445] YAST
[00:50:53] [229/445] PERL
[00:50:54] [230/445] CICM
[00:50:55] [231/445] MMTR
[00:50:57] [232/445] ABTK
[00:50:58] [233/445] ATYY
[00:50:58] [234/445] ASTK
[00:51:00] [235/445] VVCK
[00:51:01] [236/445] ATKY
[00:51:01] [237/445] GWEK
[00:51:02] [238/445] SVFH
[00:51:03] [239/445] SLTA
[00:51:04] [240/445] AASH
[00:51:05] [241/445] ACXB
[00:51:06] [242/445] SMTX
[00:51:07] [243/445] AZDH
[00:51:07] [244/445] CMMH
[00:51:09] [245/445] SCSZ
[00:51:10] [246/445] SCKP
[00:51:11] [247/445] NXTM
[00:51:12] [248/445] NWCS
[00:51:13] [249/445] CXMH
[00:51:14] [250/445] PCMA
[00:51:15] [251/445] SGCM
[00:51:16] [252/445] SDTU
[00:51:17] [253/445] MMVI
[00:51:18] [254/445] JKCM
[00:51:19] [255/445] VCMM
[00:51:20] [256/445] SYEE
[00:51:20] [257/445] VASD
[00:51:21] [258/445] BDRB
[00:51:22] [259/445] LASM
[00:51:22] [260/445] DCRL
[00:51:23] [261/445] DVPM
[00:51:24] [262/445] SBMJ
[00:51:25] [263/445] CBMU
[00:51:25] [264/445] IUBS
[00:51:26] [265/445] INAP
[00:51:27] [266/445] SRRC
[00:51:28] [267/445] SAGR
[00:51:29] [268/445] CPMJ
[00:51:29] [269/445] ATJL
[00:51:31] [270/445] NNTD
[00:51:32] [271/445] JHCJ
[00:51:33] [272/445] CMMP
[00:51:34] [273/445] RSDR
[00:51:35] [274/445] AMTI
[00:51:36] [275/445] NYSG
[00:51:36] [276/445] AVSG
[00:51:37] [277/445] SYTP
[00:51:38] [278/445] LARC
[00:51:39] [279/445] RJTP
[00:51:40] [280/445] LAKC
[00:51:41] [281/445] MCXE
[00:51:42] [282/445] CCZC
[00:51:43] [283/445] AVCH
[00:51:44] [284/445] CMBE
[00:51:45] [285/445] MRRC
[00:51:46] [286/445] PCPY
[00:51:46] [287/445] SRMH
[00:51:47] [288/445] SVGS
[00:51:48] [289/445] PCSE
[00:51:49] [290/445] SVFT
[00:51:50] [291/445] TNZP
[00:51:51] [292/445] ICTP
[00:51:51] [293/445] ACTZ
[00:51:52] [294/445] GTUR
[00:51:53] [295/445] MAFC
[00:51:54] [296/445] MINL
[00:51:55] [297/445] MRCL
[00:51:55] [298/445] RCRP
[00:51:56] [299/445] RFFG
[00:51:57] [300/445] RMAS
[00:51:58] [301/445] INVR
[00:51:58] [302/445] RMAR
[00:51:59] [303/445] CNIS
[00:52:00] [304/445] RHRJ
[00:52:01] [305/445] INXR
[00:52:01] [306/445] VALT
[00:52:02] [307/445] LCSH
[00:52:03] [308/445] CMVS
[00:52:04] [309/445] CNMS
[00:52:05] [310/445] ROOG
[00:52:05] [311/445] ISRM
[00:52:06] [312/445] RCRM
[00:52:07] [313/445] ACJA
[00:52:08] [314/445] RCVS
[00:52:09] [315/445] CPUS
[00:52:10] [316/445] TGCS
[00:52:10] [317/445] RKCJ
[00:52:11] [318/445] MKSB
[00:52:12] [319/445] TCSJ
[00:52:13] [320/445] RMGP
[00:52:13] [321/445] CLLP
[00:52:14] [322/445] RCMV
[00:52:15] [323/445] CCKS
[00:52:16] [324/445] RSRP
[00:52:17] [325/445] APLP
[00:52:18] [326/445] CNVS
[00:52:19] [327/445] RMVY
[00:52:19] [328/445] PGBD
[00:52:20] [329/445] KLMS
[00:52:21] [330/445] RUST
[00:52:22] [331/445] MASM
[00:52:23] [332/445] BACS
[00:52:23] [333/445] BWST
[00:52:24] [334/445] RRFH
[00:52:25] [335/445] SJTM
[00:52:26] [336/445] BEMR
[00:52:27] [337/445] MCGR
[00:52:28] [338/445] SDSK
[00:52:29] [339/445] VBOL
[00:52:30] [340/445] RMGM
[00:52:31] [341/445] NOPL
[00:52:32] [342/445] MKJK
[00:52:33] [343/445] CVRN
[00:52:34] [344/445] MMEN
[00:52:35] [345/445] AMNG
[00:52:35] [346/445] INTM
[00:52:36] [347/445] SLCZ
[00:52:37] [348/445] AMJN
[00:52:38] [349/445] ACJN
[00:52:39] [350/445] AMKN
[00:52:40] [351/445] BTCN
[00:52:40] [352/445] AMBT
[00:52:41] [353/445] PACN
[00:52:42] [354/445] LCNS
[00:52:43] [355/445] PPKC
[00:52:43] [356/445] JYYN
[00:52:44] [357/445] JTNR
[00:52:45] [358/445] GTEE
[00:52:46] [359/445] SRNM
[00:52:47] [360/445] SDTC
[00:52:47] [361/445] VPCA
[00:52:49] [362/445] VLRA
[00:52:50] [363/445] SHKR
[00:52:51] [364/445] SBKD
[00:52:52] [365/445] SAAD
[00:52:52] [366/445] JTGN
[00:52:53] [367/445] SLAM
[00:52:54] [368/445] VTPM
[00:52:55] [369/445] ANPT
[00:52:56] [370/445] PUNB
[00:52:57] [371/445] CPKT
[00:52:58] [372/445] CNWE
[00:52:59] [373/445] ECPP
[00:52:59] [374/445] CPAR
[00:53:01] [375/445] ESBW
[00:53:02] [376/445] PKPU
[00:53:03] [377/445] CPRP
[00:53:04] [378/445] RAHU
[00:53:04] [379/445] RHMN
[00:53:05] [380/445] FMJP
[00:53:06] [381/445] CTMP
[00:53:07] [382/445] INPN
[00:53:08] [383/445] STTG
[00:53:08] [384/445] CTRD
[00:53:09] [385/445] PUVB
[00:53:11] [386/445] ESVP
[00:53:12] [387/445] CPFT
[00:53:13] [388/445] LCPC
[00:53:14] [389/445] VBCT
[00:53:15] [390/445] FSCW
[00:53:16] [391/445] VCMP
[00:53:16] [392/445] ASHC
[00:53:18] [393/445] VLCX
[00:53:19] [394/445] SHEV
[00:53:19] [395/445] APCO
[00:53:20] [396/445] SILC
[00:53:22] [397/445] SNMR
[00:53:23] [398/445] KYBO
[00:53:24] [399/445] SATK
[00:53:25] [400/445] SSCS
[00:53:26] [401/445] CLSB
[00:53:26] [402/445] KMJR
[00:53:27] [403/445] FSCK
[00:53:28] [404/445] NNKA
[00:53:29] [405/445] CLMK
[00:53:30] [406/445] DMPZ
[00:53:31] [407/445] INQM
[00:53:32] [408/445] CAML
[00:53:33] [409/445] INRK
[00:53:34] [410/445] IMKN
[00:53:35] [411/445] SVNR
[00:53:36] [412/445] INSL
[00:53:37] [413/445] MSMA
[00:53:38] [414/445] MCKK
[00:53:39] [415/445] FCHP
[00:53:40] [416/445] SFCR
[00:53:41] [417/445] NACK
[00:53:42] [418/445] PVAK
[00:53:42] [419/445] INER
[00:53:43] [420/445] RDBK
[00:53:44] [421/445] SVFN
[00:53:45] [422/445] IFRM
[00:53:46] [423/445] ATCK
[00:53:46] [424/445] ASKO
[00:53:47] [425/445] STKT
[00:53:48] [426/445] SVFB
[00:53:49] [427/445] INKS
[00:53:50] [428/445] PCRA
[00:53:51] [429/445] ATJA
[00:53:52] [430/445] IMJN
[00:53:52] [431/445] INHD
[00:53:53] [432/445] BARA
[00:53:54] [433/445] MCSL
[00:53:55] [434/445] RTOY
[00:53:56] [435/445] MENO
[00:53:57] [436/445] PUDM
[00:53:58] [437/445] PRCN
[00:53:59] [438/445] JMJR
[00:54:00] [439/445] SSGK
[00:54:01] [440/445] SSRL
[00:54:02] [441/445] JYKL
[00:54:02] [442/445] ACNB
[00:54:03] [443/445] SONP
[00:54:04] [444/445] EMCI
[00:54:05] [445/445] MRJH
[00:54:06] ✅ DONE | Shows=0 | Movies=0
[01:56:10] 🚀 BMS DAILY TRACKER STARTED
[01:56:10] [1/445] TGMR
[01:56:10] 🧠 New identity
[01:56:11] [2/445] CXKR
[01:56:12] [3/445] SROP
[01:56:13] [4/445] GTSV
[01:56:15] [5/445] SNTY
[01:56:16] [6/445] SMYY
[01:56:16] [7/445] CNCS
[01:56:18] [8/445] CSTM
[01:56:19] [9/445] NUCD
[01:56:20] [10/445] SHCZ
[01:56:21] [11/445] NJCT
[01:56:22] [12/445] COPC
[01:56:23] [13/445] STVV
[01:56:25] [14/445] SKRN
[01:56:26] [15/445] APPZ
[01:56:26] [16/445] YMGN
[01:56:27] [17/445] SVTU
[01:56:28] [18/445] GTAD
[01:56:29] [19/445] PSUS
[01:56:30] [20/445] SMCD
[01:56:31] [21/445] CMCM
[01:56:32] [22/445] SYCT
[01:56:33] [23/445] STLY
[01:56:33] [24/445] CMHU
[01:56:34] [25/445] CMSA
[01:56:35] [26/445] CLCU
[01:56:36] [27/445] PPNT
[01:56:37] [28/445] JTAB
[01:56:38] [29/445] BUUC
[01:56:38] [30/445] BSVK
[01:56:39] [31/445] VVVQ
[01:56:40] [32/445] TKMU
[01:56:41] [33/445] ESYL
[01:56:42] [34/445] ACHP
[01:56:43] [35/445] BTKD
[01:56:43] [36/445] DESA
[01:56:44] [37/445] GBCT
[01:56:45] [38/445] BLLD
[01:56:46] [39/445] SKNT
[01:56:47] [40/445] SSTE
[01:56:48] [41/445] VJMR
[01:56:49] [42/445] NTPU
[01:56:49] [43/445] RDKN
[01:56:50] [44/445] ADGC
[01:56:51] [45/445] VRBP
[01:56:52] [46/445] NMNA
[01:56:53] [47/445] CMMX
[01:56:54] [48/445] PTKO
[01:56:55] [49/445] RBML
[01:56:56] [50/445] SAIC
[01:56:57] [51/445] SVTJ
[01:56:58] [52/445] MRTE
[01:56:59] [53/445] RBTP
[01:57:00] [54/445] NLPS
[01:57:01] [55/445] GTNA
[01:57:02] [56/445] DGGC
[01:57:03] [57/445] SMCR
[01:57:04] [58/445] SCGD
[01:57:04] [59/445] SRRJ
[01:57:05] [60/445] CNRY
[01:57:06] [61/445] KTDI
[01:57:07] [62/445] SNJL
[01:57:08] [63/445] RKMD
[01:57:09] [64/445] SMDC
[01:57:10] [65/445] TADG
[01:57:10] [66/445] MCGS
[01:57:11] [67/445] PETK
[01:57:12] [68/445] CHAG
[01:57:13] [69/445] KSTL
[01:57:14] [70/445] AADS
[01:57:15] [71/445] NTHZ
[01:57:16] [72/445] HCKI
[01:57:17] [73/445] SSEF
[01:57:18] [74/445] MCGX
[01:57:18] [75/445] ERRA
[01:57:20] [76/445] SDTW
[01:57:22] [77/445] RMPK
[01:57:22] [78/445] PTHK
[01:57:23] [79/445] PXCS
[01:57:24] [80/445] SVLU
[01:57:25] [81/445] STAH
[01:57:26] [82/445] JRGF
[01:57:27] [83/445] CDOK
[01:57:27] [84/445] CMSG
[01:57:28] [85/445] APTD
[01:57:29] [86/445] KMPG
[01:57:31] [87/445] MUTJ
[01:57:31] [88/445] VCCI
[01:57:33] [89/445] URBE
[01:57:35] [90/445] TCTS
[01:57:35] [91/445] STSN
[01:57:36] [92/445] AKCH
[01:57:37] [93/445] APSC
[01:57:38] [94/445] VLTB
[01:57:39] [95/445] SANU
[01:57:40] [96/445] AXAM
[01:57:41] [97/445] MGMG
[01:57:42] [98/445] HTBY
[01:57:43] [99/445] MMZS
[01:57:43] [100/445] SUDR
[01:57:44] [101/445] CCAD
[01:57:45] [102/445] SKKC
[01:57:46] [103/445] RMCD
[01:57:47] [104/445] SBCQ
[01:57:48] [105/445] DCCT
[01:57:49] [106/445] VTKP
[01:57:50] [107/445] MLAM
[01:57:51] [108/445] SAVT
[01:57:53] [109/445] GEPL
[01:57:53] [110/445] AMCD
[01:57:54] [111/445] CCXR
[01:57:55] [112/445] GRNG
[01:57:56] [113/445] EBCA
[01:57:56] [114/445] CNVG
[01:57:57] [115/445] MWSS
[01:57:58] [116/445] VBOR
[01:57:59] [117/445] NEEB
[01:58:00] [118/445] SUTH
[01:58:00] [119/445] ANDB
[01:58:01] [120/445] MMXS
[01:58:03] [121/445] CNPD
[01:58:03] [122/445] SDCE
[01:58:04] [123/445] DHCB
[01:58:05] [124/445] ODEN
[01:58:06] [125/445] TNTC
[01:58:07] [126/445] VBKM
[01:58:08] [127/445] RZYM
[01:58:09] [128/445] JEMC
[01:58:09] [129/445] CMAU
[01:58:10] [130/445] SIVP
[01:58:11] [131/445] ATAG
[01:58:12] [132/445] CHTM
[01:58:13] [133/445] AAEE
[01:58:13] [134/445] IWPM
[01:58:14] [135/445] KCMW
[01:58:15] [136/445] MCTD
[01:58:16] [137/445] SPWR
[01:58:17] [138/445] SDPO
[01:58:18] [139/445] PCSK
[01:58:18] [140/445] ACHV
[01:58:19] [141/445] SVLA
[01:58:20] [142/445] PICT
[01:58:21] [143/445] BXDR
[01:58:22] [144/445] SPWA
[01:58:23] [145/445] MCKO
[01:58:24] [146/445] RTHK
[01:58:25] [147/445] CCMF
[01:58:25] [148/445] MRGB
[01:58:26] [149/445] CPLC
[01:58:27] [150/445] RACD
[01:58:28] [151/445] ATKT
[01:58:29] [152/445] SARN
[01:58:30] [153/445] KKUI
[01:58:31] [154/445] RGCM
[01:58:32] [155/445] BRVP
[01:58:32] [156/445] HRSR
[01:58:33] [157/445] GKGM
[01:58:34] [158/445] TTCD
[01:58:35] [159/445] PTTI
[01:58:36] [160/445] MPTT
[01:58:36] [161/445] CVTT
[01:58:37] [162/445] PCXD
[01:58:38] [163/445] GCDC
[01:58:39] [164/445] CCCF
[01:58:40] [165/445] MRAD
[01:58:41] [166/445] CPLK
[01:58:42] [167/445] SATB
[01:58:43] [168/445] SNVG
[01:58:44] [169/445] JMBA
[01:58:45] [170/445] TEJA
[01:58:46] [171/445] STYO
[01:58:47] [172/445] JTBP
[01:58:48] [173/445] KRGD
[01:58:49] [174/445] SLJJ
[01:58:50] [175/445] SPTJ
[01:58:51] [176/445] SWJG
[01:58:52] [177/445] LKRT
[01:58:53] [178/445] KCKA
[01:58:54] [179/445] SNCR
[01:58:55] [180/445] SMKL
[01:58:56] [181/445] GCFA
[01:58:57] [182/445] DDCK
[01:58:57] [183/445] NCHJ
[01:58:58] [184/445] RDMA
[01:59:00] [185/445] SVSV
[01:59:01] [186/445] SCJG
[01:59:02] [187/445] VKLP
[01:59:02] [188/445] NWCC
[01:59:03] [189/445] VKNS
[01:59:04] [190/445] SDDP
[01:59:05] [191/445] ACSI
[01:59:06] [192/445] SATG
[01:59:07] [193/445] SCMW
[01:59:07] [194/445] LKTK
[01:59:08] [195/445] VCKV
[01:59:09] [196/445] KKPE
[01:59:10] [197/445] KIGH
[01:59:11] [198/445] SRPM
[01:59:12] [199/445] SCAH
[01:59:13] [200/445] MUTA
[01:59:14] [201/445] SEPU
[01:59:14] [202/445] INOA
[01:59:15] [203/445] BASK
[01:59:16] [204/445] NECB
[01:59:17] [205/445] GTTG
[01:59:18] [206/445] ASSA
[01:59:19] [207/445] ANCL
[01:59:20] [208/445] GCTI
[01:59:21] [209/445] RCTS
[01:59:22] [210/445] ACNL
[01:59:23] [211/445] MYCT
[01:59:23] [212/445] NMHT
[01:59:24] [213/445] MDIT
[01:59:25] [214/445] LATG
[01:59:26] [215/445] SMTY
[01:59:26] [216/445] CVCT
[01:59:27] [217/445] RAMB
[01:59:28] [218/445] TGMS
[01:59:29] [219/445] BHEL
[01:59:30] [220/445] SHCT
[01:59:31] [221/445] SVCT
[01:59:32] [222/445] MRIY
[01:59:33] [223/445] SARO
[01:59:33] [224/445] STCT
[01:59:34] [225/445] JKKC
[01:59:35] [226/445] PLTT
[01:59:36] [227/445] SRNT
[01:59:37] [228/445] YAST
[01:59:38] [229/445] PERL
[01:59:39] [230/445] CICM
[01:59:39] [231/445] MMTR
[01:59:40] [232/445] ABTK
[01:59:41] [233/445] ATYY
[01:59:42] [234/445] ASTK
[01:59:43] [235/445] VVCK
[01:59:44] [236/445] ATKY
[01:59:45] [237/445] GWEK
[01:59:46] [238/445] SVFH
[01:59:47] [239/445] SLTA
[01:59:48] [240/445] AASH
[01:59:49] [241/445] ACXB
[01:59:49] [242/445] SMTX
[01:59:51] [243/445] AZDH
[01:59:52] [244/445] CMMH
[01:59:52] [245/445] SCSZ
[01:59:53] [246/445] SCKP
[01:59:55] [247/445] NXTM
[01:59:56] [248/445] NWCS
[01:59:56] [249/445] CXMH
[01:59:57] [250/445] PCMA
[01:59:58] [251/445] SGCM
[01:59:59] [252/445] SDTU
[01:59:59] [253/445] MMVI
[02:00:01] [254/445] JKCM
[02:00:02] [255/445] VCMM
[02:00:03] [256/445] SYEE
[02:00:04] [257/445] VASD
[02:00:05] [258/445] BDRB
[02:00:06] [259/445] LASM
[02:00:07] [260/445] DCRL
[02:00:08] [261/445] DVPM
[02:00:09] [262/445] SBMJ
[02:00:10] [263/445] CBMU
[02:00:11] [264/445] IUBS
[02:00:11] [265/445] INAP
[02:00:12] [266/445] SRRC
[02:00:13] [267/445] SAGR
[02:00:14] [268/445] CPMJ
[02:00:15] [269/445] ATJL
[02:00:15] [270/445] NNTD
[02:00:16] [271/445] JHCJ
[02:00:17] [272/445] CMMP
[02:00:18] [273/445] RSDR
[02:00:19] [274/445] AMTI
[02:00:19] [275/445] NYSG
[02:00:20] [276/445] AVSG
[02:00:21] [277/445] SYTP
[02:00:22] [278/445] LARC
[02:00:23] [279/445] RJTP
[02:00:24] [280/445] LAKC
[02:00:25] [281/445] MCXE
[02:00:26] [282/445] CCZC
[02:00:27] [283/445] AVCH
[02:00:28] [284/445] CMBE
[02:00:30] [285/445] MRRC
[02:00:31] [286/445] PCPY
[02:00:32] [287/445] SRMH
[02:00:33] [288/445] SVGS
[02:00:34] [289/445] PCSE
[02:00:35] [290/445] SVFT
[02:00:36] [291/445] TNZP
[02:00:37] [292/445] ICTP
[02:00:38] [293/445] ACTZ
[02:00:38] [294/445] GTUR
[02:00:39] [295/445] MAFC
[02:00:40] [296/445] MINL
[02:00:41] [297/445] MRCL
[02:00:42] [298/445] RCRP
[02:00:43] [299/445] RFFG
[02:00:43] [300/445] RMAS
[02:00:44] [301/445] INVR
[02:00:45] [302/445] RMAR
[02:00:46] [303/445] CNIS
[02:00:47] [304/445] RHRJ
[02:00:48] [305/445] INXR
[02:00:49] [306/445] VALT
[02:00:49] [307/445] LCSH
[02:00:50] [308/445] CMVS
[02:00:51] [309/445] CNMS
[02:00:52] [310/445] ROOG
[02:00:53] [311/445] ISRM
[02:00:54] [312/445] RCRM
[02:00:54] [313/445] ACJA
[02:00:55] [314/445] RCVS
[02:00:56] [315/445] CPUS
[02:00:57] [316/445] TGCS
[02:00:58] [317/445] RKCJ
[02:00:58] [318/445] MKSB
[02:00:59] [319/445] TCSJ
[02:01:00] [320/445] RMGP
[02:01:01] [321/445] CLLP
[02:01:02] [322/445] RCMV
[02:01:03] [323/445] CCKS
[02:01:04] [324/445] RSRP
[02:01:04] [325/445] APLP
[02:01:06] [326/445] CNVS
[02:01:07] [327/445] RMVY
[02:01:07] [328/445] PGBD
[02:01:08] [329/445] KLMS
[02:01:09] [330/445] RUST
[02:01:10] [331/445] MASM
[02:01:11] [332/445] BACS
[02:01:12] [333/445] BWST
[02:01:13] [334/445] RRFH
[02:01:13] [335/445] SJTM
[02:01:14] [336/445] BEMR
[02:01:15] [337/445] MCGR
[02:01:16] [338/445] SDSK
[02:01:17] [339/445] VBOL
[02:01:18] [340/445] RMGM
[02:01:19] [341/445] NOPL
[02:01:19] [342/445] MKJK
[02:01:20] [343/445] CVRN
[02:01:21] [344/445] MMEN
[02:01:22] [345/445] AMNG
[02:01:23] [346/445] INTM
[02:01:24] [347/445] SLCZ
[02:01:24] [348/445] AMJN
[02:01:25] [349/445] ACJN
[02:01:26] [350/445] AMKN
[02:01:28] [351/445] BTCN
[02:01:29] [352/445] AMBT
[02:01:30] [353/445] PACN
[02:01:31] [354/445] LCNS
[02:01:32] [355/445] PPKC
[02:01:33] [356/445] JYYN
[02:01:34] [357/445] JTNR
[02:01:34] [358/445] GTEE
[02:01:35] [359/445] SRNM
[02:01:36] [360/445] SDTC
[02:01:36] [361/445] VPCA
[02:01:37] [362/445] VLRA
[02:01:38] [363/445] SHKR
[02:01:39] [364/445] SBKD
[02:01:40] [365/445] SAAD
[02:01:41] [366/445] JTGN
[02:01:42] [367/445] SLAM
[02:01:43] [368/445] VTPM
[02:01:44] [369/445] ANPT
[02:01:45] [370/445] PUNB
[02:01:45] [371/445] CPKT
[02:01:46] [372/445] CNWE
[02:01:47] [373/445] ECPP
[02:01:48] [374/445] CPAR
[02:01:49] [375/445] ESBW
[02:01:50] [376/445] PKPU
[02:01:51] [377/445] CPRP
[02:01:52] [378/445] RAHU
[02:01:53] [379/445] RHMN
[02:01:54] [380/445] FMJP
[02:01:55] [381/445] CTMP
[02:01:56] [382/445] INPN
[02:01:57] [383/445] STTG
[02:01:57] [384/445] CTRD
[02:01:58] [385/445] PUVB
[02:01:59] [386/445] ESVP
[02:02:00] [387/445] CPFT
[02:02:01] [388/445] LCPC
[02:02:02] [389/445] VBCT
[02:02:03] [390/445] FSCW
[02:02:03] [391/445] VCMP
[02:02:04] [392/445] ASHC
[02:02:05] [393/445] VLCX
[02:02:06] [394/445] SHEV
[02:02:07] [395/445] APCO
[02:02:09] [396/445] SILC
[02:02:09] [397/445] SNMR
[02:02:10] [398/445] KYBO
[02:02:11] [399/445] SATK
[02:02:12] [400/445] SSCS
[02:02:13] [401/445] CLSB
[02:02:13] [402/445] KMJR
[02:02:14] [403/445] FSCK
[02:02:15] [404/445] NNKA
[02:02:16] [405/445] CLMK
[02:02:17] [406/445] DMPZ
[02:02:18] [407/445] INQM
[02:02:19] [408/445] CAML
[02:02:21] [409/445] INRK
[02:02:22] [410/445] IMKN
[02:02:23] [411/445] SVNR
[02:02:23] [412/445] INSL
[02:02:24] [413/445] MSMA
[02:02:25] [414/445] MCKK
[02:02:27] [415/445] FCHP
[02:02:28] [416/445] SFCR
[02:02:28] [417/445] NACK
[02:02:29] [418/445] PVAK
[02:02:30] [419/445] INER
[02:02:31] [420/445] RDBK
[02:02:32] [421/445] SVFN
[02:02:33] [422/445] IFRM
[02:02:34] [423/445] ATCK
[02:02:35] [424/445] ASKO
[02:02:36] [425/445] STKT
[02:02:37] [426/445] SVFB
[02:02:38] [427/445] INKS
[02:02:39] [428/445] PCRA
[02:02:40] [429/445] ATJA
[02:02:41] [430/445] IMJN
[02:02:41] [431/445] INHD
[02:02:42] [432/445] BARA
[02:02:43] [433/445] MCSL
[02:02:44] [434/445] RTOY
[02:02:45] [435/445] MENO
[02:02:47] [436/445] PUDM
[02:02:47] [437/445] PRCN
[02:02:48] [438/445] JMJR
[02:02:49] [439/445] SSGK
[02:02:50] [440/445] SSRL
[02:02:50] [441/445] JYKL
[02:02:51] [442/445] ACNB
[02:02:52] [443/445] SONP
[02:02:53] [444/445] EMCI
[02:02:54] [445/445] MRJH
[02:02:55] ✅ DONE | Shows=0 | Movies=0
[02:50:11] 🚀 BMS DAILY TRACKER STARTED
[02:50:11] [1/445] TGMR
[02:50:12] 🧠 New identity
[02:50:12] [2/445] CXKR
[02:50:13] [3/445] SROP
[02:50:14] [4/445] GTSV
[02:50:14] [5/445] SNTY
[02:50:15] [6/445] SMYY
[02:50:15] [7/445] CNCS
[02:50:16] [8/445] CSTM
[02:50:17] [9/445] NUCD
[02:50:17] [10/445] SHCZ
[02:50:18] [11/445] NJCT
[02:50:19] [12/445] COPC
[02:50:19] [13/445] STVV
[02:50:20] [14/445] SKRN
[02:50:21] [15/445] APPZ
[02:50:21] [16/445] YMGN
[02:50:22] [17/445] SVTU
[02:50:23] [18/445] GTAD
[02:50:23] [19/445] PSUS
[02:50:24] [20/445] SMCD
[02:50:24] [21/445] CMCM
[02:50:25] [22/445] SYCT
[02:50:26] [23/445] STLY
[02:50:26] [24/445] CMHU
[02:50:27] [25/445] CMSA
[02:50:28] [26/445] CLCU
[02:50:28] [27/445] PPNT
[02:50:29] [28/445] JTAB
[02:50:29] [29/445] BUUC
[02:50:30] [30/445] BSVK
[02:50:30] [31/445] VVVQ
[02:50:31] [32/445] TKMU
[02:50:31] [33/445] ESYL
[02:50:32] [34/445] ACHP
[02:50:33] [35/445] BTKD
[02:50:34] [36/445] DESA
[02:50:34] [37/445] GBCT
[02:50:35] [38/445] BLLD
[02:50:35] [39/445] SKNT
[02:50:36] [40/445] SSTE
[02:50:37] [41/445] VJMR
[02:50:37] [42/445] NTPU
[02:50:38] [43/445] RDKN
[02:50:39] [44/445] ADGC
[02:50:39] [45/445] VRBP
[02:50:40] [46/445] NMNA
[02:50:41] [47/445] CMMX
[02:50:41] [48/445] PTKO
[02:50:42] [49/445] RBML
[02:50:42] [50/445] SAIC
[02:50:43] [51/445] SVTJ
[02:50:43] [52/445] MRTE
[02:50:44] [53/445] RBTP
[02:50:45] [54/445] NLPS
[02:50:45] [55/445] GTNA
[02:50:46] [56/445] DGGC
[02:50:47] [57/445] SMCR
[02:50:47] [58/445] SCGD
[02:50:47] [59/445] SRRJ
[02:50:48] [60/445] CNRY
[02:50:49] [61/445] KTDI
[02:50:49] [62/445] SNJL
[02:50:50] [63/445] RKMD
[02:50:50] [64/445] SMDC
[02:50:51] [65/445] TADG
[02:50:51] [66/445] MCGS
[02:50:52] [67/445] PETK
[02:50:52] [68/445] CHAG
[02:50:53] [69/445] KSTL
[02:50:54] [70/445] AADS
[02:50:54] [71/445] NTHZ
[02:50:55] [72/445] HCKI
[02:50:55] [73/445] SSEF
[02:50:56] [74/445] MCGX
[02:50:56] [75/445] ERRA
[02:50:57] [76/445] SDTW
[02:50:57] [77/445] RMPK
[02:50:58] [78/445] PTHK
[02:50:59] [79/445] PXCS
[02:50:59] [80/445] SVLU
[02:51:00] [81/445] STAH
[02:51:00] [82/445] JRGF
[02:51:01] [83/445] CDOK
[02:51:01] [84/445] CMSG
[02:51:02] [85/445] APTD
[02:51:03] [86/445] KMPG
[02:51:03] [87/445] MUTJ
[02:51:04] [88/445] VCCI
[02:51:05] [89/445] URBE
[02:51:05] [90/445] TCTS
[02:51:06] [91/445] STSN
[02:51:06] [92/445] AKCH
[02:51:07] [93/445] APSC
[02:51:08] [94/445] VLTB
[02:51:08] [95/445] SANU
[02:51:09] [96/445] AXAM
[02:51:10] [97/445] MGMG
[02:51:10] [98/445] HTBY
[02:51:11] [99/445] MMZS
[02:51:12] [100/445] SUDR
[02:51:12] [101/445] CCAD
[02:51:13] [102/445] SKKC
[02:51:13] [103/445] RMCD
[02:51:14] [104/445] SBCQ
[02:51:15] [105/445] DCCT
[02:51:15] [106/445] VTKP
[02:51:16] [107/445] MLAM
[02:51:16] [108/445] SAVT
[02:51:17] [109/445] GEPL
[02:51:18] [110/445] AMCD
[02:51:18] [111/445] CCXR
[02:51:19] [112/445] GRNG
[02:51:20] [113/445] EBCA
[02:51:20] [114/445] CNVG
[02:51:21] [115/445] MWSS
[02:51:21] [116/445] VBOR
[02:51:22] [117/445] NEEB
[02:51:23] [118/445] SUTH
[02:51:23] [119/445] ANDB
[02:51:24] [120/445] MMXS
[02:51:25] [121/445] CNPD
[02:51:25] [122/445] SDCE
[02:51:26] [123/445] DHCB
[02:51:27] [124/445] ODEN
[02:51:27] [125/445] TNTC
[02:51:28] [126/445] VBKM
[02:51:29] [127/445] RZYM
[02:51:29] [128/445] JEMC
[02:51:30] [129/445] CMAU
[02:51:30] [130/445] SIVP
[02:51:31] [131/445] ATAG
[02:51:31] [132/445] CHTM
[02:51:32] [133/445] AAEE
[02:51:33] [134/445] IWPM
[02:51:33] [135/445] KCMW
[02:51:34] [136/445] MCTD
[02:51:34] [137/445] SPWR
[02:51:35] [138/445] SDPO
[02:51:36] [139/445] PCSK
[02:51:36] [140/445] ACHV
[02:51:37] [141/445] SVLA
[02:51:37] [142/445] PICT
[02:51:38] [143/445] BXDR
[02:51:38] [144/445] SPWA
[02:51:39] [145/445] MCKO
[02:51:39] [146/445] RTHK
[02:51:40] [147/445] CCMF
[02:51:40] [148/445] MRGB
[02:51:41] [149/445] CPLC
[02:51:42] [150/445] RACD
[02:51:42] [151/445] ATKT
[02:51:43] [152/445] SARN
[02:51:44] [153/445] KKUI
[02:51:44] [154/445] RGCM
[02:51:45] [155/445] BRVP
[02:51:45] [156/445] HRSR
[02:51:46] [157/445] GKGM
[02:51:47] [158/445] TTCD
[02:51:47] [159/445] PTTI
[02:51:48] [160/445] MPTT
[02:51:49] [161/445] CVTT
[02:51:49] [162/445] PCXD
[02:51:50] [163/445] GCDC
[02:51:50] [164/445] CCCF
[02:51:51] [165/445] MRAD
[02:51:52] [166/445] CPLK
[02:51:52] [167/445] SATB
[02:51:53] [168/445] SNVG
[02:51:54] [169/445] JMBA
[02:51:54] [170/445] TEJA
[02:51:55] [171/445] STYO
[02:51:56] [172/445] JTBP
[02:51:56] [173/445] KRGD
[02:51:57] [174/445] SLJJ
[02:51:57] [175/445] SPTJ
[02:51:58] [176/445] SWJG
[02:51:59] [177/445] LKRT
[02:51:59] [178/445] KCKA
[02:52:00] [179/445] SNCR
[02:52:00] [180/445] SMKL
[02:52:01] [181/445] GCFA
[02:52:01] [182/445] DDCK
[02:52:02] [183/445] NCHJ
[02:52:02] [184/445] RDMA
[02:52:03] [185/445] SVSV
[02:52:04] [186/445] SCJG
[02:52:04] [187/445] VKLP
[02:52:05] [188/445] NWCC
[02:52:05] [189/445] VKNS
[02:52:06] [190/445] SDDP
[02:52:07] [191/445] ACSI
[02:52:07] [192/445] SATG
[02:52:08] [193/445] SCMW
[02:52:08] [194/445] LKTK
[02:52:09] [195/445] VCKV
[02:52:10] [196/445] KKPE
[02:52:10] [197/445] KIGH
[02:52:10] [198/445] SRPM
[02:52:11] [199/445] SCAH
[02:52:12] [200/445] MUTA
[02:52:12] [201/445] SEPU
[02:52:13] [202/445] INOA
[02:52:13] [203/445] BASK
[02:52:14] [204/445] NECB
[02:52:14] [205/445] GTTG
[02:52:15] [206/445] ASSA
[02:52:16] [207/445] ANCL
[02:52:16] [208/445] GCTI
[02:52:17] [209/445] RCTS
[02:52:18] [210/445] ACNL
[02:52:18] [211/445] MYCT
[02:52:19] [212/445] NMHT
[02:52:20] [213/445] MDIT
[02:52:20] [214/445] LATG
[02:52:21] [215/445] SMTY
[02:52:21] [216/445] CVCT
[02:52:22] [217/445] RAMB
[02:52:22] [218/445] TGMS
[02:52:23] [219/445] BHEL
[02:52:24] [220/445] SHCT
[02:52:24] [221/445] SVCT
[02:52:25] [222/445] MRIY
[02:52:26] [223/445] SARO
[02:52:26] [224/445] STCT
[02:52:27] [225/445] JKKC
[02:52:27] [226/445] PLTT
[02:52:28] [227/445] SRNT
[02:52:29] [228/445] YAST
[02:52:29] [229/445] PERL
[02:52:30] [230/445] CICM
[02:52:30] [231/445] MMTR
[02:52:31] [232/445] ABTK
[02:52:31] [233/445] ATYY
[02:52:32] [234/445] ASTK
[02:52:33] [235/445] VVCK
[02:52:33] [236/445] ATKY
[02:52:34] [237/445] GWEK
[02:52:34] [238/445] SVFH
[02:52:35] [239/445] SLTA
[02:52:36] [240/445] AASH
[02:52:36] [241/445] ACXB
[02:52:37] [242/445] SMTX
[02:52:37] [243/445] AZDH
[02:52:38] [244/445] CMMH
[02:52:39] [245/445] SCSZ
[02:52:39] [246/445] SCKP
[02:52:40] [247/445] NXTM
[02:52:40] [248/445] NWCS
[02:52:41] [249/445] CXMH
[02:52:42] [250/445] PCMA
[02:52:42] [251/445] SGCM
[02:52:43] [252/445] SDTU
[02:52:43] [253/445] MMVI
[02:52:44] [254/445] JKCM
[02:52:45] [255/445] VCMM
[02:52:45] [256/445] SYEE
[02:52:46] [257/445] VASD
[02:52:46] [258/445] BDRB
[02:52:47] [259/445] LASM
[02:52:48] [260/445] DCRL
[02:52:48] [261/445] DVPM
[02:52:49] [262/445] SBMJ
[02:52:50] [263/445] CBMU
[02:52:50] [264/445] IUBS
[02:52:51] [265/445] INAP
[02:52:52] [266/445] SRRC
[02:52:52] [267/445] SAGR
[02:52:53] [268/445] CPMJ
[02:52:53] [269/445] ATJL
[02:52:54] [270/445] NNTD
[02:52:54] [271/445] JHCJ
[02:52:55] [272/445] CMMP
[02:52:56] [273/445] RSDR
[02:52:56] [274/445] AMTI
[02:52:57] [275/445] NYSG
[02:52:58] [276/445] AVSG
[02:52:58] [277/445] SYTP
[02:52:59] [278/445] LARC
[02:52:59] [279/445] RJTP
[02:53:00] [280/445] LAKC
[02:53:00] [281/445] MCXE
[02:53:01] [282/445] CCZC
[02:53:01] [283/445] AVCH
[02:53:02] [284/445] CMBE
[02:53:03] [285/445] MRRC
[02:53:03] [286/445] PCPY
[02:53:04] [287/445] SRMH
[02:53:04] [288/445] SVGS
[02:53:05] [289/445] PCSE
[02:53:05] [290/445] SVFT
[02:53:06] [291/445] TNZP
[02:53:06] [292/445] ICTP
[02:53:07] [293/445] ACTZ
[02:53:07] [294/445] GTUR
[02:53:08] [295/445] MAFC
[02:53:09] [296/445] MINL
[02:53:09] [297/445] MRCL
[02:53:10] [298/445] RCRP
[02:53:11] [299/445] RFFG
[02:53:11] [300/445] RMAS
[02:53:12] [301/445] INVR
[02:53:13] [302/445] RMAR
[02:53:13] [303/445] CNIS
[02:53:14] [304/445] RHRJ
[02:53:14] [305/445] INXR
[02:53:15] [306/445] VALT
[02:53:15] [307/445] LCSH
[02:53:16] [308/445] CMVS
[02:53:17] [309/445] CNMS
[02:53:17] [310/445] ROOG
[02:53:18] [311/445] ISRM
[02:53:19] [312/445] RCRM
[02:53:19] [313/445] ACJA
[02:53:20] [314/445] RCVS
[02:53:20] [315/445] CPUS
[02:53:21] [316/445] TGCS
[02:53:21] [317/445] RKCJ
[02:53:22] [318/445] MKSB
[02:53:23] [319/445] TCSJ
[02:53:23] [320/445] RMGP
[02:53:24] [321/445] CLLP
[02:53:24] [322/445] RCMV
[02:53:25] [323/445] CCKS
[02:53:25] [324/445] RSRP
[02:53:26] [325/445] APLP
[02:53:27] [326/445] CNVS
[02:53:27] [327/445] RMVY
[02:53:28] [328/445] PGBD
[02:53:28] [329/445] KLMS
[02:53:29] [330/445] RUST
[02:53:30] [331/445] MASM
[02:53:30] [332/445] BACS
[02:53:32] [333/445] BWST
[02:53:33] [334/445] RRFH
[02:53:33] [335/445] SJTM
[02:53:34] [336/445] BEMR
[02:53:34] [337/445] MCGR
[02:53:35] [338/445] SDSK
[02:53:36] [339/445] VBOL
[02:53:36] [340/445] RMGM
[02:53:37] [341/445] NOPL
[02:53:38] [342/445] MKJK
[02:53:38] [343/445] CVRN
[02:53:39] [344/445] MMEN
[02:53:40] [345/445] AMNG
[02:53:40] [346/445] INTM
[02:53:41] [347/445] SLCZ
[02:53:41] [348/445] AMJN
[02:53:42] [349/445] ACJN
[02:53:43] [350/445] AMKN
[02:53:43] [351/445] BTCN
[02:53:44] [352/445] AMBT
[02:53:45] [353/445] PACN
[02:53:45] [354/445] LCNS
[02:53:46] [355/445] PPKC
[02:53:47] [356/445] JYYN
[02:53:47] [357/445] JTNR
[02:53:48] [358/445] GTEE
[02:53:48] [359/445] SRNM
[02:53:49] [360/445] SDTC
[02:53:49] [361/445] VPCA
[02:53:50] [362/445] VLRA
[02:53:50] [363/445] SHKR
[02:53:51] [364/445] SBKD
[02:53:52] [365/445] SAAD
[02:53:52] [366/445] JTGN
[02:53:53] [367/445] SLAM
[02:53:53] [368/445] VTPM
[02:53:54] [369/445] ANPT
[02:53:55] [370/445] PUNB
[02:53:55] [371/445] CPKT
[02:53:56] [372/445] CNWE
[02:53:56] [373/445] ECPP
[02:53:57] [374/445] CPAR
[02:53:57] [375/445] ESBW
[02:53:58] [376/445] PKPU
[02:53:59] [377/445] CPRP
[02:53:59] [378/445] RAHU
[02:54:00] [379/445] RHMN
[02:54:00] [380/445] FMJP
[02:54:01] [381/445] CTMP
[02:54:01] [382/445] INPN
[02:54:02] [383/445] STTG
[02:54:03] [384/445] CTRD
[02:54:03] [385/445] PUVB
[02:54:04] [386/445] ESVP
[02:54:04] [387/445] CPFT
[02:54:05] [388/445] LCPC
[02:54:05] [389/445] VBCT
[02:54:06] [390/445] FSCW
[02:54:07] [391/445] VCMP
[02:54:07] [392/445] ASHC
[02:54:07] [393/445] VLCX
[02:54:08] [394/445] SHEV
[02:54:08] [395/445] APCO
[02:54:09] [396/445] SILC
[02:54:10] [397/445] SNMR
[02:54:10] [398/445] KYBO
[02:54:11] [399/445] SATK
[02:54:12] [400/445] SSCS
[02:54:12] [401/445] CLSB
[02:54:13] [402/445] KMJR
[02:54:13] [403/445] FSCK
[02:54:14] [404/445] NNKA
[02:54:14] [405/445] CLMK
[02:54:15] [406/445] DMPZ
[02:54:15] [407/445] INQM
[02:54:16] [408/445] CAML
[02:54:17] [409/445] INRK
[02:54:17] [410/445] IMKN
[02:54:18] [411/445] SVNR
[02:54:19] [412/445] INSL
[02:54:19] [413/445] MSMA
[02:54:20] [414/445] MCKK
[02:54:21] [415/445] FCHP
[02:54:21] [416/445] SFCR
[02:54:22] [417/445] NACK
[02:54:22] [418/445] PVAK
[02:54:23] [419/445] INER
[02:54:24] [420/445] RDBK
[02:54:24] [421/445] SVFN
[02:54:25] [422/445] IFRM
[02:54:25] [423/445] ATCK
[02:54:26] [424/445] ASKO
[02:54:27] [425/445] STKT
[02:54:27] [426/445] SVFB
[02:54:28] [427/445] INKS
[02:54:28] [428/445] PCRA
[02:54:29] [429/445] ATJA
[02:54:30] [430/445] IMJN
[02:54:30] [431/445] INHD
[02:54:31] [432/445] BARA
[02:54:32] [433/445] MCSL
[02:54:32] [434/445] RTOY
[02:54:33] [435/445] MENO
[02:54:33] [436/445] PUDM
[02:54:34] [437/445] PRCN
[02:54:35] [438/445] JMJR
[02:54:35] [439/445] SSGK
[02:54:35] [440/445] SSRL
[02:54:36] [441/445] JYKL
[02:54:37] [442/445] ACNB
[02:54:37] [443/445] SONP
[02:54:38] [444/445] EMCI
[02:54:38] [445/445] MRJH
[02:54:39] ✅ DONE | Shows=0 | Movies=0
[03:51:15] 🚀 BMS DAILY TRACKER STARTED
[03:51:15] [1/445] TGMR
[03:51:15] 🧠 New identity
[03:51:16] [2/445] CXKR
[03:51:16] [3/445] SROP
[03:51:17] [4/445] GTSV
[03:51:17] [5/445] SNTY
[03:51:18] [6/445] SMYY
[03:51:18] [7/445] CNCS
[03:51:19] [8/445] CSTM
[03:51:20] [9/445] NUCD
[03:51:21] [10/445] SHCZ
[03:51:21] [11/445] NJCT
[03:51:22] [12/445] COPC
[03:51:22] [13/445] STVV
[03:51:23] [14/445] SKRN
[03:51:23] [15/445] APPZ
[03:51:24] [16/445] YMGN
[03:51:25] [17/445] SVTU
[03:51:25] [18/445] GTAD
[03:51:26] [19/445] PSUS
[03:51:26] [20/445] SMCD
[03:51:27] [21/445] CMCM
[03:51:28] [22/445] SYCT
[03:51:28] [23/445] STLY
[03:51:29] [24/445] CMHU
[03:51:30] [25/445] CMSA
[03:51:30] [26/445] CLCU
[03:51:31] [27/445] PPNT
[03:51:31] [28/445] JTAB
[03:51:32] [29/445] BUUC
[03:51:32] [30/445] BSVK
[03:51:33] [31/445] VVVQ
[03:51:34] [32/445] TKMU
[03:51:34] [33/445] ESYL
[03:51:34] [34/445] ACHP
[03:51:35] [35/445] BTKD
[03:51:36] [36/445] DESA
[03:51:36] [37/445] GBCT
[03:51:37] [38/445] BLLD
[03:51:37] [39/445] SKNT
[03:51:38] [40/445] SSTE
[03:51:39] [41/445] VJMR
[03:51:39] [42/445] NTPU
[03:51:40] [43/445] RDKN
[03:51:40] [44/445] ADGC
[03:51:41] [45/445] VRBP
[03:51:42] [46/445] NMNA
[03:51:42] [47/445] CMMX
[03:51:43] [48/445] PTKO
[03:51:43] [49/445] RBML
[03:51:44] [50/445] SAIC
[03:51:44] [51/445] SVTJ
[03:51:45] [52/445] MRTE
[03:51:45] [53/445] RBTP
[03:51:46] [54/445] NLPS
[03:51:47] [55/445] GTNA
[03:51:47] [56/445] DGGC
[03:51:48] [57/445] SMCR
[03:51:48] [58/445] SCGD
[03:51:49] [59/445] SRRJ
[03:51:50] [60/445] CNRY
[03:51:50] [61/445] KTDI
[03:51:51] [62/445] SNJL
[03:51:51] [63/445] RKMD
[03:51:52] [64/445] SMDC
[03:51:52] [65/445] TADG
[03:51:53] [66/445] MCGS
[03:51:54] [67/445] PETK
[03:51:54] [68/445] CHAG
[03:51:55] [69/445] KSTL
[03:51:55] [70/445] AADS
[03:51:56] [71/445] NTHZ
[03:51:56] [72/445] HCKI
[03:51:57] [73/445] SSEF
[03:51:57] [74/445] MCGX
[03:51:58] [75/445] ERRA
[03:51:58] [76/445] SDTW
[03:51:59] [77/445] RMPK
[03:52:00] [78/445] PTHK
[03:52:00] [79/445] PXCS
[03:52:01] [80/445] SVLU
[03:52:01] [81/445] STAH
[03:52:02] [82/445] JRGF
[03:52:02] [83/445] CDOK
[03:52:03] [84/445] CMSG
[03:52:03] [85/445] APTD
[03:52:04] [86/445] KMPG
[03:52:05] [87/445] MUTJ
[03:52:05] [88/445] VCCI
[03:52:06] [89/445] URBE
[03:52:06] [90/445] TCTS
[03:52:07] [91/445] STSN
[03:52:08] [92/445] AKCH
[03:52:08] [93/445] APSC
[03:52:09] [94/445] VLTB
[03:52:09] [95/445] SANU
[03:52:10] [96/445] AXAM
[03:52:10] [97/445] MGMG
[03:52:11] [98/445] HTBY
[03:52:11] [99/445] MMZS
[03:52:12] [100/445] SUDR
[03:52:12] [101/445] CCAD
[03:52:13] [102/445] SKKC
[03:52:14] [103/445] RMCD
[03:52:14] [104/445] SBCQ
[03:52:15] [105/445] DCCT
[03:52:15] [106/445] VTKP
[03:52:16] [107/445] MLAM
[03:52:17] [108/445] SAVT
[03:52:17] [109/445] GEPL
[03:52:18] [110/445] AMCD
[03:52:18] [111/445] CCXR
[03:52:19] [112/445] GRNG
[03:52:20] [113/445] EBCA
[03:52:20] [114/445] CNVG
[03:52:21] [115/445] MWSS
[03:52:21] [116/445] VBOR
[03:52:22] [117/445] NEEB
[03:52:22] [118/445] SUTH
[03:52:23] [119/445] ANDB
[03:52:24] [120/445] MMXS
[03:52:24] [121/445] CNPD
[03:52:25] [122/445] SDCE
[03:52:26] [123/445] DHCB
[03:52:26] [124/445] ODEN
[03:52:27] [125/445] TNTC
[03:52:27] [126/445] VBKM
[03:52:28] [127/445] RZYM
[03:52:28] [128/445] JEMC
[03:52:29] [129/445] CMAU
[03:52:30] [130/445] SIVP
[03:52:30] [131/445] ATAG
[03:52:31] [132/445] CHTM
[03:52:32] [133/445] AAEE
[03:52:32] [134/445] IWPM
[03:52:33] [135/445] KCMW
[03:52:33] [136/445] MCTD
[03:52:34] [137/445] SPWR
[03:52:34] [138/445] SDPO
[03:52:35] [139/445] PCSK
[03:52:36] [140/445] ACHV
[03:52:36] [141/445] SVLA
[03:52:37] [142/445] PICT
[03:52:37] [143/445] BXDR
[03:52:38] [144/445] SPWA
[03:52:38] [145/445] MCKO
[03:52:39] [146/445] RTHK
[03:52:40] [147/445] CCMF
[03:52:40] [148/445] MRGB
[03:52:41] [149/445] CPLC
[03:52:41] [150/445] RACD
[03:52:42] [151/445] ATKT
[03:52:43] [152/445] SARN
[03:52:43] [153/445] KKUI
[03:52:44] [154/445] RGCM
[03:52:45] [155/445] BRVP
[03:52:45] [156/445] HRSR
[03:52:46] [157/445] GKGM
[03:52:47] [158/445] TTCD
[03:52:47] [159/445] PTTI
[03:52:48] [160/445] MPTT
[03:52:48] [161/445] CVTT
[03:52:49] [162/445] PCXD
[03:52:49] [163/445] GCDC
[03:52:50] [164/445] CCCF
[03:52:50] [165/445] MRAD
[03:52:51] [166/445] CPLK
[03:52:52] [167/445] SATB
[03:52:52] [168/445] SNVG
[03:52:53] [169/445] JMBA
[03:52:53] [170/445] TEJA
[03:52:54] [171/445] STYO
[03:52:55] [172/445] JTBP
[03:52:55] [173/445] KRGD
[03:52:55] [174/445] SLJJ
[03:52:56] [175/445] SPTJ
[03:52:57] [176/445] SWJG
[03:52:57] [177/445] LKRT
[03:52:58] [178/445] KCKA
[03:52:58] [179/445] SNCR
[03:52:59] [180/445] SMKL
[03:52:59] [181/445] GCFA
[03:53:00] [182/445] DDCK
[03:53:01] [183/445] NCHJ
[03:53:01] [184/445] RDMA
[03:53:02] [185/445] SVSV
[03:53:02] [186/445] SCJG
[03:53:03] [187/445] VKLP
[03:53:03] [188/445] NWCC
[03:53:04] [189/445] VKNS
[03:53:05] [190/445] SDDP
[03:53:06] [191/445] ACSI
[03:53:06] [192/445] SATG
[03:53:07] [193/445] SCMW
[03:53:07] [194/445] LKTK
[03:53:08] [195/445] VCKV
[03:53:09] [196/445] KKPE
[03:53:09] [197/445] KIGH
[03:53:10] [198/445] SRPM
[03:53:11] [199/445] SCAH
[03:53:11] [200/445] MUTA
[03:53:12] [201/445] SEPU
[03:53:12] [202/445] INOA
[03:53:13] [203/445] BASK
[03:53:14] [204/445] NECB
[03:53:14] [205/445] GTTG
[03:53:15] [206/445] ASSA
[03:53:15] [207/445] ANCL
[03:53:16] [208/445] GCTI
[03:53:16] [209/445] RCTS
[03:53:17] [210/445] ACNL
[03:53:17] [211/445] MYCT
[03:53:18] [212/445] NMHT
[03:53:18] [213/445] MDIT
[03:53:19] [214/445] LATG
[03:53:19] [215/445] SMTY
[03:53:20] [216/445] CVCT
[03:53:20] [217/445] RAMB
[03:53:21] [218/445] TGMS
[03:53:22] [219/445] BHEL
[03:53:22] [220/445] SHCT
[03:53:23] [221/445] SVCT
[03:53:24] [222/445] MRIY
[03:53:24] [223/445] SARO
[03:53:25] [224/445] STCT
[03:53:25] [225/445] JKKC
[03:53:26] [226/445] PLTT
[03:53:26] [227/445] SRNT
[03:53:27] [228/445] YAST
[03:53:27] [229/445] PERL
[03:53:28] [230/445] CICM
[03:53:28] [231/445] MMTR
[03:53:29] [232/445] ABTK
[03:53:29] [233/445] ATYY
[03:53:30] [234/445] ASTK
[03:53:31] [235/445] VVCK
[03:53:31] [236/445] ATKY
[03:53:32] [237/445] GWEK
[03:53:32] [238/445] SVFH
[03:53:33] [239/445] SLTA
[03:53:33] [240/445] AASH
[03:53:34] [241/445] ACXB
[03:53:34] [242/445] SMTX
[03:53:35] [243/445] AZDH
[03:53:35] [244/445] CMMH
[03:53:36] [245/445] SCSZ
[03:53:37] [246/445] SCKP
[03:53:37] [247/445] NXTM
[03:53:38] [248/445] NWCS
[03:53:38] [249/445] CXMH
[03:53:39] [250/445] PCMA
[03:53:40] [251/445] SGCM
[03:53:40] [252/445] SDTU
[03:53:41] [253/445] MMVI
[03:53:42] [254/445] JKCM
[03:53:42] [255/445] VCMM
[03:53:43] [256/445] SYEE
[03:53:43] [257/445] VASD
[03:53:44] [258/445] BDRB
[03:53:44] [259/445] LASM
[03:53:45] [260/445] DCRL
[03:53:45] [261/445] DVPM
[03:53:46] [262/445] SBMJ
[03:53:46] [263/445] CBMU
[03:53:47] [264/445] IUBS
[03:53:47] [265/445] INAP
[03:53:48] [266/445] SRRC
[03:53:48] [267/445] SAGR
[03:53:49] [268/445] CPMJ
[03:53:50] [269/445] ATJL
[03:53:50] [270/445] NNTD
[03:53:51] [271/445] JHCJ
[03:53:51] [272/445] CMMP
[03:53:52] [273/445] RSDR
[03:53:52] [274/445] AMTI
[03:53:53] [275/445] NYSG
[03:53:53] [276/445] AVSG
[03:53:54] [277/445] SYTP
[03:53:54] [278/445] LARC
[03:53:55] [279/445] RJTP
[03:53:56] [280/445] LAKC
[03:53:56] [281/445] MCXE
[03:53:57] [282/445] CCZC
[03:53:57] [283/445] AVCH
[03:53:58] [284/445] CMBE
[03:53:59] [285/445] MRRC
[03:53:59] [286/445] PCPY
[03:54:00] [287/445] SRMH
[03:54:00] [288/445] SVGS
[03:54:01] [289/445] PCSE
[03:54:02] [290/445] SVFT
[03:54:02] [291/445] TNZP
[03:54:03] [292/445] ICTP
[03:54:03] [293/445] ACTZ
[03:54:04] [294/445] GTUR
[03:54:04] [295/445] MAFC
[03:54:05] [296/445] MINL
[03:54:05] [297/445] MRCL
[03:54:06] [298/445] RCRP
[03:54:07] [299/445] RFFG
[03:54:07] [300/445] RMAS
[03:54:08] [301/445] INVR
[03:54:08] [302/445] RMAR
[03:54:09] [303/445] CNIS
[03:54:09] [304/445] RHRJ
[03:54:10] [305/445] INXR
[03:54:11] [306/445] VALT
[03:54:11] [307/445] LCSH
[03:54:11] [308/445] CMVS
[03:54:12] [309/445] CNMS
[03:54:12] [310/445] ROOG
[03:54:13] [311/445] ISRM
[03:54:14] [312/445] RCRM
[03:54:14] [313/445] ACJA
[03:54:15] [314/445] RCVS
[03:54:15] [315/445] CPUS
[03:54:16] [316/445] TGCS
[03:54:17] [317/445] RKCJ
[03:54:17] [318/445] MKSB
[03:54:18] [319/445] TCSJ
[03:54:18] [320/445] RMGP
[03:54:19] [321/445] CLLP
[03:54:19] [322/445] RCMV
[03:54:20] [323/445] CCKS
[03:54:21] [324/445] RSRP
[03:54:21] [325/445] APLP
[03:54:22] [326/445] CNVS
[03:54:22] [327/445] RMVY
[03:54:23] [328/445] PGBD
[03:54:23] [329/445] KLMS
[03:54:24] [330/445] RUST
[03:54:25] [331/445] MASM
[03:54:25] [332/445] BACS
[03:54:26] [333/445] BWST
[03:54:26] [334/445] RRFH
[03:54:27] [335/445] SJTM
[03:54:27] [336/445] BEMR
[03:54:28] [337/445] MCGR
[03:54:28] [338/445] SDSK
[03:54:29] [339/445] VBOL
[03:54:29] [340/445] RMGM
[03:54:30] [341/445] NOPL
[03:54:31] [342/445] MKJK
[03:54:31] [343/445] CVRN
[03:54:32] [344/445] MMEN
[03:54:32] [345/445] AMNG
[03:54:33] [346/445] INTM
[03:54:33] [347/445] SLCZ
[03:54:34] [348/445] AMJN
[03:54:35] [349/445] ACJN
[03:54:35] [350/445] AMKN
[03:54:36] [351/445] BTCN
[03:54:37] [352/445] AMBT
[03:54:37] [353/445] PACN
[03:54:37] [354/445] LCNS
[03:54:38] [355/445] PPKC
[03:54:39] [356/445] JYYN
[03:54:39] [357/445] JTNR
[03:54:39] [358/445] GTEE
[03:54:40] [359/445] SRNM
[03:54:41] [360/445] SDTC
[03:54:41] [361/445] VPCA
[03:54:42] [362/445] VLRA
[03:54:42] [363/445] SHKR
[03:54:43] [364/445] SBKD
[03:54:43] [365/445] SAAD
[03:54:44] [366/445] JTGN
[03:54:44] [367/445] SLAM
[03:54:45] [368/445] VTPM
[03:54:45] [369/445] ANPT
[03:54:46] [370/445] PUNB
[03:54:47] [371/445] CPKT
[03:54:47] [372/445] CNWE
[03:54:48] [373/445] ECPP
[03:54:49] [374/445] CPAR
[03:54:49] [375/445] ESBW
[03:54:49] [376/445] PKPU
[03:54:50] [377/445] CPRP
[03:54:50] [378/445] RAHU
[03:54:51] [379/445] RHMN
[03:54:52] [380/445] FMJP
[03:54:52] [381/445] CTMP
[03:54:53] [382/445] INPN
[03:54:53] [383/445] STTG
[03:54:54] [384/445] CTRD
[03:54:55] [385/445] PUVB
[03:54:55] [386/445] ESVP
[03:54:56] [387/445] CPFT
[03:54:56] [388/445] LCPC
[03:54:57] [389/445] VBCT
[03:54:57] [390/445] FSCW
[03:54:58] [391/445] VCMP
[03:54:59] [392/445] ASHC
[03:54:59] [393/445] VLCX
[03:55:00] [394/445] SHEV
[03:55:01] [395/445] APCO
[03:55:01] [396/445] SILC
[03:55:02] [397/445] SNMR
[03:55:02] [398/445] KYBO
[03:55:03] [399/445] SATK
[03:55:03] [400/445] SSCS
[03:55:04] [401/445] CLSB
[03:55:04] [402/445] KMJR
[03:55:05] [403/445] FSCK
[03:55:06] [404/445] NNKA
[03:55:06] [405/445] CLMK
[03:55:07] [406/445] DMPZ
[03:55:07] [407/445] INQM
[03:55:08] [408/445] CAML
[03:55:08] [409/445] INRK
[03:55:09] [410/445] IMKN
[03:55:10] [411/445] SVNR
[03:55:10] [412/445] INSL
[03:55:11] [413/445] MSMA
[03:55:11] [414/445] MCKK
[03:55:12] [415/445] FCHP
[03:55:12] [416/445] SFCR
[03:55:13] [417/445] NACK
[03:55:14] [418/445] PVAK
[03:55:14] [419/445] INER
[03:55:15] [420/445] RDBK
[03:55:16] [421/445] SVFN
[03:55:16] [422/445] IFRM
[03:55:17] [423/445] ATCK
[03:55:17] [424/445] ASKO
[03:55:18] [425/445] STKT
[03:55:19] [426/445] SVFB
[03:55:19] [427/445] INKS
[03:55:20] [428/445] PCRA
[03:55:20] [429/445] ATJA
[03:55:21] [430/445] IMJN
[03:55:22] [431/445] INHD
[03:55:22] [432/445] BARA
[03:55:23] [433/445] MCSL
[03:55:23] [434/445] RTOY
[03:55:24] [435/445] MENO
[03:55:24] [436/445] PUDM
[03:55:25] [437/445] PRCN
[03:55:25] [438/445] JMJR
[03:55:26] [439/445] SSGK
[03:55:27] [440/445] SSRL
[03:55:27] [441/445] JYKL
[03:55:28] [442/445] ACNB
[03:55:28] [443/445] SONP
[03:55:29] [444/445] EMCI
[03:55:29] [445/445] MRJH
[03:55:30] ✅ DONE | Shows=0 | Movies=0
