[00:03:07] 🚀 BMS DAILY TRACKER STARTED
[00:03:07] [1/459] MCCZ
[00:03:07] 🧠 New identity
[00:03:07] [2/459] FRPU
[00:03:08] [3/459] SKSI
[00:03:09] [4/459] SSCK
[00:03:10] [5/459] SRDC
[00:03:11] [6/459] RSCZ
[00:03:12] [7/459] PRVT
[00:03:13] [8/459] GAGJ
[00:03:13] [9/459] SMHG
[00:03:14] [10/459] JTST
[00:03:15] [11/459] MYTH
[00:03:16] [12/459] JPCC
[00:03:17] [13/459] ACDC
[00:03:18] [14/459] SVFP
[00:03:18] [15/459] SFCM
[00:03:19] [16/459] RUPK
[00:03:21] [17/459] NTCR
[00:03:22] [18/459] RTCH
[00:03:23] [19/459] SCMH
[00:03:23] [20/459] SVYM
[00:03:24] [21/459] SPYM
[00:03:25] [22/459] SMMF
[00:03:26] [23/459] CLLB
[00:03:27] [24/459] FMCB
[00:03:28] [25/459] BBTC
[00:03:29] [26/459] NTHS
[00:03:30] [27/459] PKKJ
[00:03:31] [28/459] MTJA
[00:03:32] [29/459] PMSJ
[00:03:33] [30/459] JMJU
[00:03:34] [31/459] SRAD
[00:03:35] [32/459] MJMC
[00:03:36] [33/459] DFRM
[00:03:37] [34/459] PMRS
[00:03:38] [35/459] RKPP
[00:03:39] [36/459] BMBK
[00:03:39] [37/459] NEWS
[00:03:40] [38/459] SALB
[00:03:41] [39/459] SCPW
[00:03:42] [40/459] RAYL
[00:03:43] [41/459] CMGJ
[00:03:44] [42/459] JRCR
[00:03:45] [43/459] SRTB
[00:03:46] [44/459] ETPB
[00:03:47] [45/459] MXBN
[00:03:48] [46/459] TOPE
[00:03:48] [47/459] SNLJ
[00:03:49] [48/459] CDDP
[00:03:50] [49/459] APCX
[00:03:51] [50/459] TALP
[00:03:52] [51/459] RRMP
[00:03:53] [52/459] MAHB
[00:03:54] [53/459] MTKR
[00:03:55] [54/459] KSKL
[00:03:56] [55/459] RJLT
[00:03:57] [56/459] ATAS
[00:03:58] [57/459] AMHR
[00:03:58] [58/459] RSRM
[00:03:59] [59/459] GCAT
[00:04:00] [60/459] SMML
[00:04:01] [61/459] ACCD
[00:04:02] [62/459] VYDA
[00:04:02] [63/459] MSKT
[00:04:03] [64/459] AVDM
[00:04:04] [65/459] ASMH
[00:04:05] [66/459] VTMB
[00:04:07] [67/459] WVMB
[00:04:07] [68/459] PPMN
[00:04:08] [69/459] MTMD
[00:04:09] [70/459] SMMO
[00:04:10] [71/459] DLPB
[00:04:11] [72/459] AKMD
[00:04:12] [73/459] SHRR
[00:04:13] [74/459] ASCO
[00:04:14] [75/459] CZVX
[00:04:15] [76/459] GCBB
[00:04:16] [77/459] ATBM
[00:04:17] [78/459] TCGM
[00:04:18] [79/459] UMSE
[00:04:18] [80/459] NKCL
[00:04:20] [81/459] BTLR
[00:04:21] [82/459] GOCL
[00:04:21] [83/459] MIRN
[00:04:22] [84/459] THEC
[00:04:23] [85/459] SPPB
[00:04:24] [86/459] PMMM
[00:04:25] [87/459] GGMC
[00:04:26] [88/459] AVSR
[00:04:26] [89/459] RDMH
[00:04:27] [90/459] JSRS
[00:04:28] [91/459] VKGP
[00:04:29] [92/459] ACRT
[00:04:30] [93/459] GCBA
[00:04:31] [94/459] GTCP
[00:04:32] [95/459] AKFC
[00:04:33] [96/459] INCS
[00:04:34] [97/459] SMCK
[00:04:34] [98/459] BRUN
[00:04:35] [99/459] RPPC
[00:04:36] [100/459] PAYD
[00:04:37] [101/459] SVVT
[00:04:38] [102/459] RNCC
[00:04:39] [103/459] PCRC
[00:04:40] [104/459] PMRM
[00:04:41] [105/459] CCRP
[00:04:42] [106/459] INCR
[00:04:42] [107/459] ZTMP
[00:04:43] [108/459] MCNR
[00:04:44] [109/459] INRP
[00:04:45] [110/459] STRC
[00:04:46] [111/459] RATI
[00:04:47] [112/459] PBTR
[00:04:48] [113/459] CMHP
[00:04:49] [114/459] ZECJ
[00:04:49] [115/459] CCCB
[00:04:50] [116/459] BWCB
[00:04:51] [117/459] CCAT
[00:04:52] [118/459] KGCM
[00:04:53] [119/459] INPT
[00:04:54] [120/459] FNCO
[00:04:55] [121/459] SRMJ
[00:04:55] [122/459] PFSC
[00:04:56] [123/459] PBMC
[00:04:57] [124/459] KARP
[00:04:58] [125/459] KOVI
[00:04:59] [126/459] ACXL
[00:05:00] [127/459] GKCC
[00:05:01] [128/459] ASCC
[00:05:02] [129/459] SETC
[00:05:03] [130/459] KACC
[00:05:03] [131/459] KAVE
[00:05:04] [132/459] CNTC
[00:05:05] [133/459] MEEN
[00:05:07] [134/459] BMRV
[00:05:08] [135/459] SVAM
[00:05:08] [136/459] VTBP
[00:05:09] [137/459] VCKN
[00:05:10] [138/459] SGTK
[00:05:11] [139/459] RCGS
[00:05:12] [140/459] RCCB
[00:05:13] [141/459] RKSR
[00:05:14] [142/459] RKCU
[00:05:15] [143/459] GIBH
[00:05:16] [144/459] CXBS
[00:05:17] [145/459] GGCB
[00:05:18] [146/459] SCPB
[00:05:18] [147/459] AKTB
[00:05:19] [148/459] SRBU
[00:05:20] [149/459] CSSA
[00:05:21] [150/459] MYAN
[00:05:22] [151/459] EXCA
[00:05:23] [152/459] CKSA
[00:05:23] [153/459] JTNM
[00:05:24] [154/459] CXKT
[00:05:25] [155/459] NCLM
[00:05:26] [156/459] JAAD
[00:05:27] [157/459] RDCR
[00:05:27] [158/459] MEER
[00:05:28] [159/459] SIBT
[00:05:29] [160/459] PVVB
[00:05:30] [161/459] FNPN
[00:05:31] [162/459] CRPX
[00:05:31] [163/459] STET
[00:05:32] [164/459] METE
[00:05:33] [165/459] BJML
[00:05:34] [166/459] MAVT
[00:05:35] [167/459] MSRM
[00:05:35] [168/459] TJMP
[00:05:36] [169/459] MHCK
[00:05:37] [170/459] SVGP
[00:05:38] [171/459] KRRC
[00:05:38] [172/459] IMCH
[00:05:39] [173/459] CMCS
[00:05:40] [174/459] SGND
[00:05:41] [175/459] RNAT
[00:05:42] [176/459] PRTN
[00:05:43] [177/459] MPTN
[00:05:44] [178/459] ARCC
[00:05:45] [179/459] NTTE
[00:05:45] [180/459] ABND
[00:05:46] [181/459] KCSN
[00:05:47] [182/459] KCSA
[00:05:48] [183/459] DCKT
[00:05:49] [184/459] MBBR
[00:05:49] [185/459] RAMU
[00:05:50] [186/459] RACW
[00:05:51] [187/459] MCHP
[00:05:52] [188/459] TMHM
[00:05:53] [189/459] STXH
[00:05:53] [190/459] AGSG
[00:05:54] [191/459] SIRA
[00:05:55] [192/459] RCAN
[00:05:56] [193/459] CWTB
[00:05:57] [194/459] VTYM
[00:05:58] [195/459] RRPP
[00:05:59] [196/459] ASMR
[00:06:00] [197/459] RONO
[00:06:01] [198/459] MEMR
[00:06:01] [199/459] CTMR
[00:06:03] [200/459] PMTT
[00:06:04] [201/459] PSLX
[00:06:05] [202/459] IPPL
[00:06:05] [203/459] MMSG
[00:06:06] [204/459] INEL
[00:06:08] [205/459] COAC
[00:06:09] [206/459] WVLK
[00:06:10] [207/459] PPXL
[00:06:10] [208/459] PSML
[00:06:11] [209/459] FNLK
[00:06:12] [210/459] ILUM
[00:06:13] [211/459] ILCM
[00:06:14] [212/459] MSNL
[00:06:15] [213/459] VINB
[00:06:15] [214/459] SALW
[00:06:16] [215/459] PRTB
[00:06:17] [216/459] NCIL
[00:06:18] [217/459] PSUL
[00:06:18] [218/459] SCLK
[00:06:19] [219/459] ADDC
[00:06:20] [220/459] OACL
[00:06:21] [221/459] OOCF
[00:06:22] [222/459] GPMF
[00:06:23] [223/459] SSDG
[00:06:24] [224/459] SKRS
[00:06:24] [225/459] NTTP
[00:06:25] [226/459] SLTP
[00:06:27] [227/459] JTLC
[00:06:27] [228/459] POON
[00:06:28] [229/459] CCPC
[00:06:29] [230/459] DCKC
[00:06:30] [231/459] CPRT
[00:06:31] [232/459] EYHZ
[00:06:31] [233/459] ARBL
[00:06:32] [234/459] SBTB
[00:06:33] [235/459] MMCK
[00:06:34] [236/459] PLMR
[00:06:35] [237/459] BIJH
[00:06:36] [238/459] SDRT
[00:06:37] [239/459] PRDC
[00:06:37] [240/459] OMJA
[00:06:38] [241/459] VKCR
[00:06:39] [242/459] ATRT
[00:06:40] [243/459] WVRP
[00:06:41] [244/459] MVRP
[00:06:41] [245/459] FCAX
[00:06:42] [246/459] CTLC
[00:06:43] [247/459] JCHB
[00:06:44] [248/459] SELP
[00:06:45] [249/459] VCPG
[00:06:46] [250/459] ASCX
[00:06:47] [251/459] EOCS
[00:06:48] [252/459] RCPH
[00:06:48] [253/459] RJTM
[00:06:50] [254/459] SGMD
[00:06:51] [255/459] SVJT
[00:06:53] [256/459] SPPO
[00:06:54] [257/459] MNRL
[00:06:54] [258/459] KNOX
[00:06:55] [259/459] GIER
[00:06:56] [260/459] PJMS
[00:06:57] [261/459] UNSP
[00:06:57] [262/459] JETP
[00:06:58] [263/459] VTWA
[00:06:59] [264/459] SCJI
[00:07:00] [265/459] CBZZ
[00:07:01] [266/459] SDCJ
[00:07:02] [267/459] RRCC
[00:07:03] [268/459] VNKG
[00:07:04] [269/459] LKTO
[00:07:05] [270/459] PJRM
[00:07:06] [271/459] NVRM
[00:07:07] [272/459] SJCS
[00:07:08] [273/459] VIGK
[00:07:08] [274/459] ANST
[00:07:09] [275/459] JTTS
[00:07:10] [276/459] NTST
[00:07:11] [277/459] PREB
[00:07:13] [278/459] TSCZ
[00:07:14] [279/459] CDCM
[00:07:15] [280/459] ELYE
[00:07:16] [281/459] INBS
[00:07:17] [282/459] SMGC
[00:07:18] [283/459] UTMP
[00:07:19] [284/459] INTA
[00:07:20] [285/459] OMPT
[00:07:20] [286/459] SCIR
[00:07:21] [287/459] GCKJ
[00:07:22] [288/459] INOG
[00:07:23] [289/459] SMGB
[00:07:24] [290/459] MCSG
[00:07:25] [291/459] STKG
[00:07:25] [292/459] TTKG
[00:07:26] [293/459] SRTR
[00:07:27] [294/459] ETTR
[00:07:28] [295/459] GGGZ
[00:07:29] [296/459] IPGM
[00:07:30] [297/459] FCDH
[00:07:31] [298/459] DESB
[00:07:31] [299/459] VNTP
[00:07:32] [300/459] ANNT
[00:07:33] [301/459] SLTI
[00:07:34] [302/459] MAJU
[00:07:36] [303/459] JCXP
[00:07:37] [304/459] HARK
[00:07:38] [305/459] JPCJ
[00:07:39] [306/459] RXBD
[00:07:40] [307/459] PTKJ
[00:07:41] [308/459] CMTU
[00:07:41] [309/459] SWOR
[00:07:42] [310/459] JMEX
[00:07:43] [311/459] DTPT
[00:07:44] [312/459] VGMM
[00:07:45] [313/459] VCSG
[00:07:46] [314/459] CVCG
[00:07:46] [315/459] TNTT
[00:07:47] [316/459] SHRM
[00:07:48] [317/459] CGKD
[00:07:49] [318/459] EKCM
[00:07:50] [319/459] SDCX
[00:07:50] [320/459] SBTE
[00:07:51] [321/459] STKJ
[00:07:52] [322/459] TPCE
[00:07:53] [323/459] JTNP
[00:07:54] [324/459] LPCH
[00:07:55] [325/459] CPUO
[00:07:56] [326/459] APSU
[00:07:57] [327/459] RTHC
[00:07:58] [328/459] PTBU
[00:07:59] [329/459] CUCC
[00:08:00] [330/459] CPSA
[00:08:00] [331/459] SUAY
[00:08:02] [332/459] AYAA
[00:08:03] [333/459] MUCH
[00:08:03] [334/459] PCIN
[00:08:04] [335/459] JRRM
[00:08:05] [336/459] KATS
[00:08:06] [337/459] MHFF
[00:08:07] [338/459] ESYM
[00:08:08] [339/459] STYV
[00:08:09] [340/459] SDKG
[00:08:10] [341/459] SMTI
[00:08:10] [342/459] NYCS
[00:08:11] [343/459] MTBG
[00:08:12] [344/459] RHCA
[00:08:14] [345/459] PCKH
[00:08:15] [346/459] ARCR
[00:08:16] [347/459] NCMB
[00:08:16] [348/459] SHYC
[00:08:17] [349/459] LACK
[00:08:18] [350/459] MTCM
[00:08:19] [351/459] RRBN
[00:08:20] [352/459] MYDC
[00:08:21] [353/459] STCS
[00:08:22] [354/459] CONN
[00:08:22] [355/459] SIPS
[00:08:23] [356/459] SMMX
[00:08:24] [357/459] SCBY
[00:08:25] [358/459] SUAP
[00:08:25] [359/459] RSMK
[00:08:26] [360/459] STKP
[00:08:27] [361/459] CIPC
[00:08:28] [362/459] KKCI
[00:08:29] [363/459] CTNK
[00:08:30] [364/459] MMTZ
[00:08:30] [365/459] DCCO
[00:08:31] [366/459] VNMN
[00:08:32] [367/459] RLCN
[00:08:33] [368/459] CMMS
[00:08:34] [369/459] AYOU
[00:08:34] [370/459] SSCN
[00:08:35] [371/459] SMXN
[00:08:36] [372/459] ASSK
[00:08:37] [373/459] VCKM
[00:08:38] [374/459] PCPH
[00:08:39] [375/459] PADM
[00:08:40] [376/459] IESA
[00:08:40] [377/459] VCSP
[00:08:41] [378/459] AEST
[00:08:43] [379/459] VTNR
[00:08:44] [380/459] GTTA
[00:08:45] [381/459] CMMM
[00:08:45] [382/459] AHKT
[00:08:47] [383/459] SIJI
[00:08:48] [384/459] VCEI
[00:08:49] [385/459] SAKR
[00:08:50] [386/459] VSMT
[00:08:51] [387/459] SSCT
[00:08:52] [388/459] USTR
[00:08:52] [389/459] MTKT
[00:08:53] [390/459] TGMP
[00:08:54] [391/459] SIVC
[00:08:55] [392/459] KICT
[00:08:56] [393/459] DAMD
[00:08:57] [394/459] CNPT
[00:08:57] [395/459] RVTT
[00:08:58] [396/459] SNCM
[00:08:59] [397/459] GHTE
[00:09:00] [398/459] PPAM
[00:09:01] [399/459] PVAA
[00:09:02] [400/459] CPAO
[00:09:03] [401/459] HAMD
[00:09:04] [402/459] RCCA
[00:09:05] [403/459] MPCH
[00:09:06] [404/459] ARED
[00:09:06] [405/459] RRCV
[00:09:07] [406/459] MTRB
[00:09:08] [407/459] CKUA
[00:09:09] [408/459] ABMP
[00:09:09] [409/459] RCWA
[00:09:10] [410/459] CGAR
[00:09:11] [411/459] METH
[00:09:12] [412/459] WAGA
[00:09:13] [413/459] MCMA
[00:09:14] [414/459] CSMP
[00:09:15] [415/459] RCNK
[00:09:17] [416/459] PSTM
[00:09:18] [417/459] CSEP
[00:09:18] [418/459] AMGD
[00:09:19] [419/459] CSTE
[00:09:20] [420/459] CONS
[00:09:21] [421/459] APPX
[00:09:22] [422/459] MABC
[00:09:22] [423/459] CXST
[00:09:24] [424/459] MATN
[00:09:25] [425/459] MACZ
[00:09:26] [426/459] MASA
[00:09:27] [427/459] MBSX
[00:09:28] [428/459] CSST
[00:09:28] [429/459] APCL
[00:09:29] [430/459] CGOS
[00:09:30] [431/459] CPEC
[00:09:31] [432/459] MCCP
[00:09:32] [433/459] BSSO
[00:09:33] [434/459] SJKA
[00:09:34] [435/459] CGBO
[00:09:35] [436/459] MVSK
[00:09:35] [437/459] HVCA
[00:09:36] [438/459] NAMD
[00:09:37] [439/459] DEVI
[00:09:38] [440/459] SCSV
[00:09:39] [441/459] PSMA
[00:09:40] [442/459] CLDJ
[00:09:40] [443/459] NMAD
[00:09:41] [444/459] CGMO
[00:09:42] [445/459] MCNA
[00:09:43] [446/459] OCBN
[00:09:44] [447/459] CPEM
[00:09:45] [448/459] CPSM
[00:09:46] [449/459] RCAD
[00:09:47] [450/459] CPMU
[00:09:48] [451/459] DICD
[00:09:49] [452/459] CHOE
[00:09:50] [453/459] PDJM
[00:09:50] [454/459] SSTU
[00:09:51] [455/459] VNRN
[00:09:52] [456/459] PVLG
[00:09:53] [457/459] SWBL
[00:09:54] [458/459] SCAB
[00:09:55] [459/459] RDDA
[00:09:56] ✅ DONE | Shows=0 | Movies=0
[00:47:37] 🚀 BMS DAILY TRACKER STARTED
[00:47:37] [1/459] MCCZ
[00:47:37] 🧠 New identity
[00:47:37] [2/459] FRPU
[00:47:38] [3/459] SKSI
[00:47:38] [4/459] SSCK
[00:47:39] [5/459] SRDC
[00:47:40] [6/459] RSCZ
[00:47:40] [7/459] PRVT
[00:47:41] [8/459] GAGJ
[00:47:41] [9/459] SMHG
[00:47:42] [10/459] JTST
[00:47:43] [11/459] MYTH
[00:47:43] [12/459] JPCC
[00:47:44] [13/459] ACDC
[00:47:44] [14/459] SVFP
[00:47:45] [15/459] SFCM
[00:47:46] [16/459] RUPK
[00:47:46] [17/459] NTCR
[00:47:47] [18/459] RTCH
[00:47:48] [19/459] SCMH
[00:47:48] [20/459] SVYM
[00:47:49] [21/459] SPYM
[00:47:49] [22/459] SMMF
[00:47:50] [23/459] CLLB
[00:47:50] [24/459] FMCB
[00:47:51] [25/459] BBTC
[00:47:52] [26/459] NTHS
[00:47:52] [27/459] PKKJ
[00:47:53] [28/459] MTJA
[00:47:53] [29/459] PMSJ
[00:47:54] [30/459] JMJU
[00:47:55] [31/459] SRAD
[00:47:55] [32/459] MJMC
[00:47:56] [33/459] DFRM
[00:47:56] [34/459] PMRS
[00:47:57] [35/459] RKPP
[00:47:58] [36/459] BMBK
[00:47:58] [37/459] NEWS
[00:47:59] [38/459] SALB
[00:48:00] [39/459] SCPW
[00:48:00] [40/459] RAYL
[00:48:01] [41/459] CMGJ
[00:48:01] [42/459] JRCR
[00:48:02] [43/459] SRTB
[00:48:02] [44/459] ETPB
[00:48:03] [45/459] MXBN
[00:48:04] [46/459] TOPE
[00:48:04] [47/459] SNLJ
[00:48:05] [48/459] CDDP
[00:48:05] [49/459] APCX
[00:48:06] [50/459] TALP
[00:48:06] [51/459] RRMP
[00:48:07] [52/459] MAHB
[00:48:07] [53/459] MTKR
[00:48:08] [54/459] KSKL
[00:48:08] [55/459] RJLT
[00:48:09] [56/459] ATAS
[00:48:10] [57/459] AMHR
[00:48:10] [58/459] RSRM
[00:48:11] [59/459] GCAT
[00:48:11] [60/459] SMML
[00:48:12] [61/459] ACCD
[00:48:13] [62/459] VYDA
[00:48:13] [63/459] MSKT
[00:48:14] [64/459] AVDM
[00:48:14] [65/459] ASMH
[00:48:15] [66/459] VTMB
[00:48:15] [67/459] WVMB
[00:48:16] [68/459] PPMN
[00:48:16] [69/459] MTMD
[00:48:17] [70/459] SMMO
[00:48:18] [71/459] DLPB
[00:48:18] [72/459] AKMD
[00:48:19] [73/459] SHRR
[00:48:19] [74/459] ASCO
[00:48:20] [75/459] CZVX
[00:48:20] [76/459] GCBB
[00:48:21] [77/459] ATBM
[00:48:21] [78/459] TCGM
[00:48:22] [79/459] UMSE
[00:48:23] [80/459] NKCL
[00:48:23] [81/459] BTLR
[00:48:24] [82/459] GOCL
[00:48:24] [83/459] MIRN
[00:48:25] [84/459] THEC
[00:48:25] [85/459] SPPB
[00:48:26] [86/459] PMMM
[00:48:26] [87/459] GGMC
[00:48:27] [88/459] AVSR
[00:48:27] [89/459] RDMH
[00:48:28] [90/459] JSRS
[00:48:29] [91/459] VKGP
[00:48:29] [92/459] ACRT
[00:48:30] [93/459] GCBA
[00:48:30] [94/459] GTCP
[00:48:31] [95/459] AKFC
[00:48:31] [96/459] INCS
[00:48:32] [97/459] SMCK
[00:48:33] [98/459] BRUN
[00:48:33] [99/459] RPPC
[00:48:34] [100/459] PAYD
[00:48:34] [101/459] SVVT
[00:48:35] [102/459] RNCC
[00:48:36] [103/459] PCRC
[00:48:36] [104/459] PMRM
[00:48:37] [105/459] CCRP
[00:48:38] [106/459] INCR
[00:48:38] [107/459] ZTMP
[00:48:39] [108/459] MCNR
[00:48:39] [109/459] INRP
[00:48:40] [110/459] STRC
[00:48:40] [111/459] RATI
[00:48:41] [112/459] PBTR
[00:48:42] [113/459] CMHP
[00:48:42] [114/459] ZECJ
[00:48:43] [115/459] CCCB
[00:48:43] [116/459] BWCB
[00:48:44] [117/459] CCAT
[00:48:45] [118/459] KGCM
[00:48:45] [119/459] INPT
[00:48:46] [120/459] FNCO
[00:48:46] [121/459] SRMJ
[00:48:47] [122/459] PFSC
[00:48:48] [123/459] PBMC
[00:48:48] [124/459] KARP
[00:48:49] [125/459] KOVI
[00:48:49] [126/459] ACXL
[00:48:50] [127/459] GKCC
[00:48:50] [128/459] ASCC
[00:48:51] [129/459] SETC
[00:48:52] [130/459] KACC
[00:48:52] [131/459] KAVE
[00:48:53] [132/459] CNTC
[00:48:53] [133/459] MEEN
[00:48:54] [134/459] BMRV
[00:48:55] [135/459] SVAM
[00:48:55] [136/459] VTBP
[00:48:56] [137/459] VCKN
[00:48:56] [138/459] SGTK
[00:48:57] [139/459] RCGS
[00:48:58] [140/459] RCCB
[00:48:58] [141/459] RKSR
[00:48:59] [142/459] RKCU
[00:48:59] [143/459] GIBH
[00:49:00] [144/459] CXBS
[00:49:00] [145/459] GGCB
[00:49:01] [146/459] SCPB
[00:49:02] [147/459] AKTB
[00:49:02] [148/459] SRBU
[00:49:03] [149/459] CSSA
[00:49:03] [150/459] MYAN
[00:49:04] [151/459] EXCA
[00:49:04] [152/459] CKSA
[00:49:05] [153/459] JTNM
[00:49:05] [154/459] CXKT
[00:49:06] [155/459] NCLM
[00:49:07] [156/459] JAAD
[00:49:07] [157/459] RDCR
[00:49:08] [158/459] MEER
[00:49:08] [159/459] SIBT
[00:49:09] [160/459] PVVB
[00:49:10] [161/459] FNPN
[00:49:10] [162/459] CRPX
[00:49:10] [163/459] STET
[00:49:11] [164/459] METE
[00:49:11] [165/459] BJML
[00:49:12] [166/459] MAVT
[00:49:13] [167/459] MSRM
[00:49:13] [168/459] TJMP
[00:49:14] [169/459] MHCK
[00:49:14] [170/459] SVGP
[00:49:15] [171/459] KRRC
[00:49:16] [172/459] IMCH
[00:49:16] [173/459] CMCS
[00:49:17] [174/459] SGND
[00:49:17] [175/459] RNAT
[00:49:18] [176/459] PRTN
[00:49:18] [177/459] MPTN
[00:49:19] [178/459] ARCC
[00:49:19] [179/459] NTTE
[00:49:20] [180/459] ABND
[00:49:20] [181/459] KCSN
[00:49:21] [182/459] KCSA
[00:49:21] [183/459] DCKT
[00:49:22] [184/459] MBBR
[00:49:22] [185/459] RAMU
[00:49:23] [186/459] RACW
[00:49:24] [187/459] MCHP
[00:49:24] [188/459] TMHM
[00:49:25] [189/459] STXH
[00:49:25] [190/459] AGSG
[00:49:26] [191/459] SIRA
[00:49:27] [192/459] RCAN
[00:49:27] [193/459] CWTB
[00:49:28] [194/459] VTYM
[00:49:28] [195/459] RRPP
[00:49:29] [196/459] ASMR
[00:49:29] [197/459] RONO
[00:49:30] [198/459] MEMR
[00:49:30] [199/459] CTMR
[00:49:31] [200/459] PMTT
[00:49:31] [201/459] PSLX
[00:49:32] [202/459] IPPL
[00:49:32] [203/459] MMSG
[00:49:33] [204/459] INEL
[00:49:34] [205/459] COAC
[00:49:34] [206/459] WVLK
[00:49:35] [207/459] PPXL
[00:49:35] [208/459] PSML
[00:49:36] [209/459] FNLK
[00:49:36] [210/459] ILUM
[00:49:37] [211/459] ILCM
[00:49:37] [212/459] MSNL
[00:49:38] [213/459] VINB
[00:49:38] [214/459] SALW
[00:49:39] [215/459] PRTB
[00:49:39] [216/459] NCIL
[00:49:40] [217/459] PSUL
[00:49:41] [218/459] SCLK
[00:49:41] [219/459] ADDC
[00:49:42] [220/459] OACL
[00:49:43] [221/459] OOCF
[00:49:43] [222/459] GPMF
[00:49:44] [223/459] SSDG
[00:49:44] [224/459] SKRS
[00:49:45] [225/459] NTTP
[00:49:46] [226/459] SLTP
[00:49:46] [227/459] JTLC
[00:49:47] [228/459] POON
[00:49:47] [229/459] CCPC
[00:49:48] [230/459] DCKC
[00:49:49] [231/459] CPRT
[00:49:49] [232/459] EYHZ
[00:49:50] [233/459] ARBL
[00:49:51] [234/459] SBTB
[00:49:51] [235/459] MMCK
[00:49:52] [236/459] PLMR
[00:49:52] [237/459] BIJH
[00:49:53] [238/459] SDRT
[00:49:53] [239/459] PRDC
[00:49:54] [240/459] OMJA
[00:49:55] [241/459] VKCR
[00:49:55] [242/459] ATRT
[00:49:56] [243/459] WVRP
[00:49:56] [244/459] MVRP
[00:49:57] [245/459] FCAX
[00:49:57] [246/459] CTLC
[00:49:58] [247/459] JCHB
[00:49:58] [248/459] SELP
[00:49:59] [249/459] VCPG
[00:50:00] [250/459] ASCX
[00:50:00] [251/459] EOCS
[00:50:01] [252/459] RCPH
[00:50:01] [253/459] RJTM
[00:50:02] [254/459] SGMD
[00:50:02] [255/459] SVJT
[00:50:03] [256/459] SPPO
[00:50:03] [257/459] MNRL
[00:50:04] [258/459] KNOX
[00:50:05] [259/459] GIER
[00:50:05] [260/459] PJMS
[00:50:06] [261/459] UNSP
[00:50:06] [262/459] JETP
[00:50:07] [263/459] VTWA
[00:50:08] [264/459] SCJI
[00:50:08] [265/459] CBZZ
[00:50:09] [266/459] SDCJ
[00:50:09] [267/459] RRCC
[00:50:10] [268/459] VNKG
[00:50:10] [269/459] LKTO
[00:50:11] [270/459] PJRM
[00:50:12] [271/459] NVRM
[00:50:12] [272/459] SJCS
[00:50:13] [273/459] VIGK
[00:50:13] [274/459] ANST
[00:50:14] [275/459] JTTS
[00:50:14] [276/459] NTST
[00:50:15] [277/459] PREB
[00:50:15] [278/459] TSCZ
[00:50:16] [279/459] CDCM
[00:50:16] [280/459] ELYE
[00:50:17] [281/459] INBS
[00:50:17] [282/459] SMGC
[00:50:17] [283/459] UTMP
[00:50:18] [284/459] INTA
[00:50:19] [285/459] OMPT
[00:50:19] [286/459] SCIR
[00:50:20] [287/459] GCKJ
[00:50:21] [288/459] INOG
[00:50:21] [289/459] SMGB
[00:50:22] [290/459] MCSG
[00:50:22] [291/459] STKG
[00:50:23] [292/459] TTKG
[00:50:23] [293/459] SRTR
[00:50:24] [294/459] ETTR
[00:50:25] [295/459] GGGZ
[00:50:25] [296/459] IPGM
[00:50:26] [297/459] FCDH
[00:50:26] [298/459] DESB
[00:50:27] [299/459] VNTP
[00:50:27] [300/459] ANNT
[00:50:27] [301/459] SLTI
[00:50:28] [302/459] MAJU
[00:50:29] [303/459] JCXP
[00:50:30] [304/459] HARK
[00:50:31] [305/459] JPCJ
[00:50:33] [306/459] RXBD
[00:50:34] [307/459] PTKJ
[00:50:35] [308/459] CMTU
[00:50:36] [309/459] SWOR
[00:50:37] [310/459] JMEX
[00:50:38] [311/459] DTPT
[00:50:39] [312/459] VGMM
[00:50:40] [313/459] VCSG
[00:50:41] [314/459] CVCG
[00:50:41] [315/459] TNTT
[00:50:42] [316/459] SHRM
[00:50:44] [317/459] CGKD
[00:50:44] [318/459] EKCM
[00:50:46] [319/459] SDCX
[00:50:47] [320/459] SBTE
[00:50:48] [321/459] STKJ
[00:50:49] [322/459] TPCE
[00:50:49] [323/459] JTNP
[00:50:51] [324/459] LPCH
[00:50:53] [325/459] CPUO
[00:50:54] [326/459] APSU
[00:50:54] [327/459] RTHC
[00:50:56] [328/459] PTBU
[00:50:57] [329/459] CUCC
[00:50:58] [330/459] CPSA
[00:50:59] [331/459] SUAY
[00:51:00] [332/459] AYAA
[00:51:01] [333/459] MUCH
[00:51:02] [334/459] PCIN
[00:51:03] [335/459] JRRM
[00:51:05] [336/459] KATS
[00:51:06] [337/459] MHFF
[00:51:07] [338/459] ESYM
[00:51:08] [339/459] STYV
[00:51:09] [340/459] SDKG
[00:51:10] [341/459] SMTI
[00:51:11] [342/459] NYCS
[00:51:12] [343/459] MTBG
[00:51:13] [344/459] RHCA
[00:51:13] [345/459] PCKH
[00:51:14] [346/459] ARCR
[00:51:14] [347/459] NCMB
[00:51:15] [348/459] SHYC
[00:51:16] [349/459] LACK
[00:51:17] [350/459] MTCM
[00:51:18] [351/459] RRBN
[00:51:19] [352/459] MYDC
[00:51:19] [353/459] STCS
[00:51:20] [354/459] CONN
[00:51:21] [355/459] SIPS
[00:51:22] [356/459] SMMX
[00:51:23] [357/459] SCBY
[00:51:24] [358/459] SUAP
[00:51:25] [359/459] RSMK
[00:51:26] [360/459] STKP
[00:51:27] [361/459] CIPC
[00:51:28] [362/459] KKCI
[00:51:30] [363/459] CTNK
[00:51:31] [364/459] MMTZ
[00:51:32] [365/459] DCCO
[00:51:33] [366/459] VNMN
[00:51:34] [367/459] RLCN
[00:51:35] [368/459] CMMS
[00:51:36] [369/459] AYOU
[00:51:36] [370/459] SSCN
[00:51:37] [371/459] SMXN
[00:51:39] [372/459] ASSK
[00:51:39] [373/459] VCKM
[00:51:40] [374/459] PCPH
[00:51:41] [375/459] PADM
[00:51:41] [376/459] IESA
[00:51:42] [377/459] VCSP
[00:51:44] [378/459] AEST
[00:51:44] [379/459] VTNR
[00:51:45] [380/459] GTTA
[00:51:46] [381/459] CMMM
[00:51:47] [382/459] AHKT
[00:51:49] [383/459] SIJI
[00:51:50] [384/459] VCEI
[00:51:50] [385/459] SAKR
[00:51:51] [386/459] VSMT
[00:51:53] [387/459] SSCT
[00:51:55] [388/459] USTR
[00:51:55] [389/459] MTKT
[00:51:56] [390/459] TGMP
[00:51:57] [391/459] SIVC
[00:51:58] [392/459] KICT
[00:51:59] [393/459] DAMD
[00:52:00] [394/459] CNPT
[00:52:01] [395/459] RVTT
[00:52:02] [396/459] SNCM
[00:52:04] [397/459] GHTE
[00:52:06] [398/459] PPAM
[00:52:07] [399/459] PVAA
[00:52:08] [400/459] CPAO
[00:52:09] [401/459] HAMD
[00:52:10] [402/459] RCCA
[00:52:11] [403/459] MPCH
[00:52:13] [404/459] ARED
[00:52:13] [405/459] RRCV
[00:52:15] [406/459] MTRB
[00:52:16] [407/459] CKUA
[00:52:17] [408/459] ABMP
[00:52:18] [409/459] RCWA
[00:52:18] [410/459] CGAR
[00:52:19] [411/459] METH
[00:52:20] [412/459] WAGA
[00:52:22] [413/459] MCMA
[00:52:24] [414/459] CSMP
[00:52:24] [415/459] RCNK
[00:52:25] [416/459] PSTM
[00:52:25] [417/459] CSEP
[00:52:27] [418/459] AMGD
[00:52:27] [419/459] CSTE
[00:52:28] [420/459] CONS
[00:52:29] [421/459] APPX
[00:52:30] [422/459] MABC
[00:52:30] [423/459] CXST
[00:52:31] [424/459] MATN
[00:52:33] [425/459] MACZ
[00:52:33] [426/459] MASA
[00:52:34] [427/459] MBSX
[00:52:35] [428/459] CSST
[00:52:36] [429/459] APCL
[00:52:37] [430/459] CGOS
[00:52:38] [431/459] CPEC
[00:52:39] [432/459] MCCP
[00:52:41] [433/459] BSSO
[00:52:41] [434/459] SJKA
[00:52:42] [435/459] CGBO
[00:52:42] [436/459] MVSK
[00:52:44] [437/459] HVCA
[00:52:45] [438/459] NAMD
[00:52:46] [439/459] DEVI
[00:52:47] [440/459] SCSV
[00:52:48] [441/459] PSMA
[00:52:49] [442/459] CLDJ
[00:52:49] [443/459] NMAD
[00:52:50] [444/459] CGMO
[00:52:51] [445/459] MCNA
[00:52:51] [446/459] OCBN
[00:52:53] [447/459] CPEM
[00:52:54] [448/459] CPSM
[00:52:55] [449/459] RCAD
[00:52:56] [450/459] CPMU
[00:52:57] [451/459] DICD
[00:52:57] [452/459] CHOE
[00:52:58] [453/459] PDJM
[00:52:59] [454/459] SSTU
[00:53:00] [455/459] VNRN
[00:53:01] [456/459] PVLG
[00:53:02] [457/459] SWBL
[00:53:03] [458/459] SCAB
[00:53:03] [459/459] RDDA
[00:53:05] ✅ DONE | Shows=0 | Movies=0
[01:56:18] 🚀 BMS DAILY TRACKER STARTED
[01:56:18] [1/459] MCCZ
[01:56:18] 🧠 New identity
[01:56:19] [2/459] FRPU
[01:56:20] [3/459] SKSI
[01:56:21] [4/459] SSCK
[01:56:22] [5/459] SRDC
[01:56:23] [6/459] RSCZ
[01:56:24] [7/459] PRVT
[01:56:25] [8/459] GAGJ
[01:56:26] [9/459] SMHG
[01:56:27] [10/459] JTST
[01:56:28] [11/459] MYTH
[01:56:29] [12/459] JPCC
[01:56:30] [13/459] ACDC
[01:56:31] [14/459] SVFP
[01:56:32] [15/459] SFCM
[01:56:33] [16/459] RUPK
[01:56:35] [17/459] NTCR
[01:56:36] [18/459] RTCH
[01:56:37] [19/459] SCMH
[01:56:38] [20/459] SVYM
[01:56:39] [21/459] SPYM
[01:56:40] [22/459] SMMF
[01:56:42] [23/459] CLLB
[01:56:43] [24/459] FMCB
[01:56:44] [25/459] BBTC
[01:56:45] [26/459] NTHS
[01:56:46] [27/459] PKKJ
[01:56:48] [28/459] MTJA
[01:56:49] [29/459] PMSJ
[01:56:51] [30/459] JMJU
[01:56:52] [31/459] SRAD
[01:56:53] [32/459] MJMC
[01:56:54] [33/459] DFRM
[01:56:56] [34/459] PMRS
[01:56:57] [35/459] RKPP
[01:56:58] [36/459] BMBK
[01:56:59] [37/459] NEWS
[01:57:00] [38/459] SALB
[01:57:01] [39/459] SCPW
[01:57:02] [40/459] RAYL
[01:57:03] [41/459] CMGJ
[01:57:03] [42/459] JRCR
[01:57:04] [43/459] SRTB
[01:57:06] [44/459] ETPB
[01:57:08] [45/459] MXBN
[01:57:09] [46/459] TOPE
[01:57:10] [47/459] SNLJ
[01:57:11] [48/459] CDDP
[01:57:12] [49/459] APCX
[01:57:13] [50/459] TALP
[01:57:14] [51/459] RRMP
[01:57:15] [52/459] MAHB
[01:57:16] [53/459] MTKR
[01:57:17] [54/459] KSKL
[01:57:18] [55/459] RJLT
[01:57:19] [56/459] ATAS
[01:57:19] [57/459] AMHR
[01:57:20] [58/459] RSRM
[01:57:22] [59/459] GCAT
[01:57:23] [60/459] SMML
[01:57:24] [61/459] ACCD
[01:57:26] [62/459] VYDA
[01:57:27] [63/459] MSKT
[01:57:28] [64/459] AVDM
[01:57:29] [65/459] ASMH
[01:57:31] [66/459] VTMB
[01:57:32] [67/459] WVMB
[01:57:33] [68/459] PPMN
[01:57:34] [69/459] MTMD
[01:57:35] [70/459] SMMO
[01:57:36] [71/459] DLPB
[01:57:37] [72/459] AKMD
[01:57:39] [73/459] SHRR
[01:57:40] [74/459] ASCO
[01:57:40] [75/459] CZVX
[01:57:41] [76/459] GCBB
[01:57:43] [77/459] ATBM
[01:57:44] [78/459] TCGM
[01:57:45] [79/459] UMSE
[01:57:46] [80/459] NKCL
[01:57:46] [81/459] BTLR
[01:57:48] [82/459] GOCL
[01:57:49] [83/459] MIRN
[01:57:50] [84/459] THEC
[01:57:51] [85/459] SPPB
[01:57:52] [86/459] PMMM
[01:57:53] [87/459] GGMC
[01:57:54] [88/459] AVSR
[01:57:55] [89/459] RDMH
[01:57:56] [90/459] JSRS
[01:57:56] [91/459] VKGP
[01:57:57] [92/459] ACRT
[01:57:58] [93/459] GCBA
[01:57:59] [94/459] GTCP
[01:58:00] [95/459] AKFC
[01:58:01] [96/459] INCS
[01:58:01] [97/459] SMCK
[01:58:02] [98/459] BRUN
[01:58:03] [99/459] RPPC
[01:58:05] [100/459] PAYD
[01:58:05] [101/459] SVVT
[01:58:06] [102/459] RNCC
[01:58:08] [103/459] PCRC
[01:58:09] [104/459] PMRM
[01:58:10] [105/459] CCRP
[01:58:11] [106/459] INCR
[01:58:12] [107/459] ZTMP
[01:58:13] [108/459] MCNR
[01:58:14] [109/459] INRP
[01:58:16] [110/459] STRC
[01:58:16] [111/459] RATI
[01:58:18] [112/459] PBTR
[01:58:19] [113/459] CMHP
[01:58:20] [114/459] ZECJ
[01:58:21] [115/459] CCCB
[01:58:23] [116/459] BWCB
[01:58:24] [117/459] CCAT
[01:58:24] [118/459] KGCM
[01:58:25] [119/459] INPT
[01:58:26] [120/459] FNCO
[01:58:27] [121/459] SRMJ
[01:58:29] [122/459] PFSC
[01:58:30] [123/459] PBMC
[01:58:30] [124/459] KARP
[01:58:31] [125/459] KOVI
[01:58:32] [126/459] ACXL
[01:58:33] [127/459] GKCC
[01:58:34] [128/459] ASCC
[01:58:35] [129/459] SETC
[01:58:36] [130/459] KACC
[01:58:37] [131/459] KAVE
[01:58:38] [132/459] CNTC
[01:58:40] [133/459] MEEN
[01:58:41] [134/459] BMRV
[01:58:41] [135/459] SVAM
[01:58:42] [136/459] VTBP
[01:58:43] [137/459] VCKN
[01:58:44] [138/459] SGTK
[01:58:44] [139/459] RCGS
[01:58:45] [140/459] RCCB
[01:58:46] [141/459] RKSR
[01:58:47] [142/459] RKCU
[01:58:48] [143/459] GIBH
[01:58:50] [144/459] CXBS
[01:58:50] [145/459] GGCB
[01:58:51] [146/459] SCPB
[01:58:52] [147/459] AKTB
[01:58:53] [148/459] SRBU
[01:58:54] [149/459] CSSA
[01:58:54] [150/459] MYAN
[01:58:55] [151/459] EXCA
[01:58:56] [152/459] CKSA
[01:58:57] [153/459] JTNM
[01:58:58] [154/459] CXKT
[01:58:59] [155/459] NCLM
[01:59:00] [156/459] JAAD
[01:59:01] [157/459] RDCR
[01:59:02] [158/459] MEER
[01:59:04] [159/459] SIBT
[01:59:05] [160/459] PVVB
[01:59:06] [161/459] FNPN
[01:59:08] [162/459] CRPX
[01:59:09] [163/459] STET
[01:59:10] [164/459] METE
[01:59:10] [165/459] BJML
[01:59:11] [166/459] MAVT
[01:59:12] [167/459] MSRM
[01:59:13] [168/459] TJMP
[01:59:14] [169/459] MHCK
[01:59:15] [170/459] SVGP
[01:59:16] [171/459] KRRC
[01:59:17] [172/459] IMCH
[01:59:18] [173/459] CMCS
[01:59:20] [174/459] SGND
[01:59:21] [175/459] RNAT
[01:59:22] [176/459] PRTN
[01:59:23] [177/459] MPTN
[01:59:24] [178/459] ARCC
[01:59:25] [179/459] NTTE
[01:59:26] [180/459] ABND
[01:59:27] [181/459] KCSN
[01:59:29] [182/459] KCSA
[01:59:29] [183/459] DCKT
[01:59:31] [184/459] MBBR
[01:59:33] [185/459] RAMU
[01:59:33] [186/459] RACW
[01:59:34] [187/459] MCHP
[01:59:35] [188/459] TMHM
[01:59:37] [189/459] STXH
[01:59:39] [190/459] AGSG
[01:59:40] [191/459] SIRA
[01:59:41] [192/459] RCAN
[01:59:42] [193/459] CWTB
[01:59:43] [194/459] VTYM
[01:59:45] [195/459] RRPP
[01:59:46] [196/459] ASMR
[01:59:47] [197/459] RONO
[01:59:48] [198/459] MEMR
[01:59:49] [199/459] CTMR
[01:59:50] [200/459] PMTT
[01:59:52] [201/459] PSLX
[01:59:53] [202/459] IPPL
[01:59:54] [203/459] MMSG
[01:59:55] [204/459] INEL
[01:59:56] [205/459] COAC
[01:59:56] [206/459] WVLK
[01:59:57] [207/459] PPXL
[01:59:58] [208/459] PSML
[01:59:59] [209/459] FNLK
[02:00:00] [210/459] ILUM
[02:00:02] [211/459] ILCM
[02:00:03] [212/459] MSNL
[02:00:03] [213/459] VINB
[02:00:04] [214/459] SALW
[02:00:06] [215/459] PRTB
[02:00:07] [216/459] NCIL
[02:00:08] [217/459] PSUL
[02:00:09] [218/459] SCLK
[02:00:10] [219/459] ADDC
[02:00:11] [220/459] OACL
[02:00:11] [221/459] OOCF
[02:00:12] [222/459] GPMF
[02:00:13] [223/459] SSDG
[02:00:14] [224/459] SKRS
[02:00:15] [225/459] NTTP
[02:00:15] [226/459] SLTP
[02:00:17] [227/459] JTLC
[02:00:18] [228/459] POON
[02:00:19] [229/459] CCPC
[02:00:20] [230/459] DCKC
[02:00:21] [231/459] CPRT
[02:00:22] [232/459] EYHZ
[02:00:23] [233/459] ARBL
[02:00:23] [234/459] SBTB
[02:00:24] [235/459] MMCK
[02:00:25] [236/459] PLMR
[02:00:26] [237/459] BIJH
[02:00:27] [238/459] SDRT
[02:00:28] [239/459] PRDC
[02:00:29] [240/459] OMJA
[02:00:31] [241/459] VKCR
[02:00:32] [242/459] ATRT
[02:00:33] [243/459] WVRP
[02:00:35] [244/459] MVRP
[02:00:35] [245/459] FCAX
[02:00:36] [246/459] CTLC
[02:00:37] [247/459] JCHB
[02:00:39] [248/459] SELP
[02:00:40] [249/459] VCPG
[02:00:42] [250/459] ASCX
[02:00:43] [251/459] EOCS
[02:00:43] [252/459] RCPH
[02:00:44] [253/459] RJTM
[02:00:45] [254/459] SGMD
[02:00:46] [255/459] SVJT
[02:00:47] [256/459] SPPO
[02:00:48] [257/459] MNRL
[02:00:49] [258/459] KNOX
[02:00:50] [259/459] GIER
[02:00:51] [260/459] PJMS
[02:00:53] [261/459] UNSP
[02:00:53] [262/459] JETP
[02:00:55] [263/459] VTWA
[02:00:56] [264/459] SCJI
[02:00:57] [265/459] CBZZ
[02:00:58] [266/459] SDCJ
[02:00:59] [267/459] RRCC
[02:01:00] [268/459] VNKG
[02:01:01] [269/459] LKTO
[02:01:02] [270/459] PJRM
[02:01:03] [271/459] NVRM
[02:01:04] [272/459] SJCS
[02:01:04] [273/459] VIGK
[02:01:05] [274/459] ANST
[02:01:06] [275/459] JTTS
[02:01:07] [276/459] NTST
[02:01:08] [277/459] PREB
[02:01:09] [278/459] TSCZ
[02:01:09] [279/459] CDCM
[02:01:10] [280/459] ELYE
[02:01:11] [281/459] INBS
[02:01:12] [282/459] SMGC
[02:01:13] [283/459] UTMP
[02:01:15] [284/459] INTA
[02:01:16] [285/459] OMPT
[02:01:17] [286/459] SCIR
[02:01:17] [287/459] GCKJ
[02:01:18] [288/459] INOG
[02:01:20] [289/459] SMGB
[02:01:20] [290/459] MCSG
[02:01:21] [291/459] STKG
[02:01:23] [292/459] TTKG
[02:01:23] [293/459] SRTR
[02:01:24] [294/459] ETTR
[02:01:26] [295/459] GGGZ
[02:01:28] [296/459] IPGM
[02:01:29] [297/459] FCDH
[02:01:30] [298/459] DESB
[02:01:31] [299/459] VNTP
[02:01:32] [300/459] ANNT
[02:01:33] [301/459] SLTI
[02:01:34] [302/459] MAJU
[02:01:35] [303/459] JCXP
[02:01:35] [304/459] HARK
[02:01:36] [305/459] JPCJ
[02:01:37] [306/459] RXBD
[02:01:38] [307/459] PTKJ
[02:01:39] [308/459] CMTU
[02:01:40] [309/459] SWOR
[02:01:41] [310/459] JMEX
[02:01:42] [311/459] DTPT
[02:01:42] [312/459] VGMM
[02:01:44] [313/459] VCSG
[02:01:45] [314/459] CVCG
[02:01:46] [315/459] TNTT
[02:01:47] [316/459] SHRM
[02:01:47] [317/459] CGKD
[02:01:48] [318/459] EKCM
[02:01:49] [319/459] SDCX
[02:01:50] [320/459] SBTE
[02:01:51] [321/459] STKJ
[02:01:52] [322/459] TPCE
[02:01:53] [323/459] JTNP
[02:01:55] [324/459] LPCH
[02:01:57] [325/459] CPUO
[02:01:58] [326/459] APSU
[02:01:59] [327/459] RTHC
[02:02:00] [328/459] PTBU
[02:02:01] [329/459] CUCC
[02:02:02] [330/459] CPSA
[02:02:03] [331/459] SUAY
[02:02:05] [332/459] AYAA
[02:02:05] [333/459] MUCH
[02:02:06] [334/459] PCIN
[02:02:07] [335/459] JRRM
[02:02:08] [336/459] KATS
[02:02:09] [337/459] MHFF
[02:02:10] [338/459] ESYM
[02:02:10] [339/459] STYV
[02:02:11] [340/459] SDKG
[02:02:12] [341/459] SMTI
[02:02:13] [342/459] NYCS
[02:02:14] [343/459] MTBG
[02:02:15] [344/459] RHCA
[02:02:16] [345/459] PCKH
[02:02:17] [346/459] ARCR
[02:02:19] [347/459] NCMB
[02:02:20] [348/459] SHYC
[02:02:21] [349/459] LACK
[02:02:22] [350/459] MTCM
[02:02:23] [351/459] RRBN
[02:02:24] [352/459] MYDC
[02:02:25] [353/459] STCS
[02:02:26] [354/459] CONN
[02:02:28] [355/459] SIPS
[02:02:29] [356/459] SMMX
[02:02:30] [357/459] SCBY
[02:02:31] [358/459] SUAP
[02:02:32] [359/459] RSMK
[02:02:33] [360/459] STKP
[02:02:34] [361/459] CIPC
[02:02:35] [362/459] KKCI
[02:02:36] [363/459] CTNK
[02:02:37] [364/459] MMTZ
[02:02:38] [365/459] DCCO
[02:02:40] [366/459] VNMN
[02:02:41] [367/459] RLCN
[02:02:42] [368/459] CMMS
[02:02:43] [369/459] AYOU
[02:02:44] [370/459] SSCN
[02:02:44] [371/459] SMXN
[02:02:45] [372/459] ASSK
[02:02:46] [373/459] VCKM
[02:02:47] [374/459] PCPH
[02:02:48] [375/459] PADM
[02:02:49] [376/459] IESA
[02:02:50] [377/459] VCSP
[02:02:51] [378/459] AEST
[02:02:52] [379/459] VTNR
[02:02:53] [380/459] GTTA
[02:02:54] [381/459] CMMM
[02:02:55] [382/459] AHKT
[02:02:56] [383/459] SIJI
[02:02:56] [384/459] VCEI
[02:02:57] [385/459] SAKR
[02:02:58] [386/459] VSMT
[02:03:00] [387/459] SSCT
[02:03:01] [388/459] USTR
[02:03:01] [389/459] MTKT
[02:03:02] [390/459] TGMP
[02:03:03] [391/459] SIVC
[02:03:04] [392/459] KICT
[02:03:05] [393/459] DAMD
[02:03:06] [394/459] CNPT
[02:03:07] [395/459] RVTT
[02:03:08] [396/459] SNCM
[02:03:09] [397/459] GHTE
[02:03:10] [398/459] PPAM
[02:03:12] [399/459] PVAA
[02:03:13] [400/459] CPAO
[02:03:15] [401/459] HAMD
[02:03:16] [402/459] RCCA
[02:03:17] [403/459] MPCH
[02:03:19] [404/459] ARED
[02:03:19] [405/459] RRCV
[02:03:20] [406/459] MTRB
[02:03:21] [407/459] CKUA
[02:03:22] [408/459] ABMP
[02:03:23] [409/459] RCWA
[02:03:24] [410/459] CGAR
[02:03:25] [411/459] METH
[02:03:27] [412/459] WAGA
[02:03:28] [413/459] MCMA
[02:03:29] [414/459] CSMP
[02:03:30] [415/459] RCNK
[02:03:31] [416/459] PSTM
[02:03:32] [417/459] CSEP
[02:03:34] [418/459] AMGD
[02:03:35] [419/459] CSTE
[02:03:36] [420/459] CONS
[02:03:36] [421/459] APPX
[02:03:37] [422/459] MABC
[02:03:38] [423/459] CXST
[02:03:39] [424/459] MATN
[02:03:40] [425/459] MACZ
[02:03:41] [426/459] MASA
[02:03:43] [427/459] MBSX
[02:03:43] [428/459] CSST
[02:03:44] [429/459] APCL
[02:03:45] [430/459] CGOS
[02:03:47] [431/459] CPEC
[02:03:48] [432/459] MCCP
[02:03:49] [433/459] BSSO
[02:03:50] [434/459] SJKA
[02:03:51] [435/459] CGBO
[02:03:52] [436/459] MVSK
[02:03:53] [437/459] HVCA
[02:03:54] [438/459] NAMD
[02:03:54] [439/459] DEVI
[02:03:56] [440/459] SCSV
[02:03:57] [441/459] PSMA
[02:03:58] [442/459] CLDJ
[02:03:59] [443/459] NMAD
[02:04:00] [444/459] CGMO
[02:04:01] [445/459] MCNA
[02:04:02] [446/459] OCBN
[02:04:02] [447/459] CPEM
[02:04:03] [448/459] CPSM
[02:04:05] [449/459] RCAD
[02:04:06] [450/459] CPMU
[02:04:07] [451/459] DICD
[02:04:08] [452/459] CHOE
[02:04:09] [453/459] PDJM
[02:04:10] [454/459] SSTU
[02:04:12] [455/459] VNRN
[02:04:13] [456/459] PVLG
[02:04:14] [457/459] SWBL
[02:04:15] [458/459] SCAB
[02:04:15] [459/459] RDDA
[02:04:17] ✅ DONE | Shows=0 | Movies=0
