[00:03:10] 🚀 BMS DAILY TRACKER STARTED
[00:03:10] [1/324] GCTA
[00:03:10] 🧠 New identity
[00:03:11] [2/324] TOPN
[00:03:12] [3/324] MCUS
[00:03:12] [4/324] SHRL
[00:03:13] [5/324] UPTP
[00:03:14] [6/324] TMMP
[00:03:15] [7/324] DNRP
[00:03:17] [8/324] SRLT
[00:03:17] [9/324] RCNS
[00:03:18] [10/324] DCBH
[00:03:19] [11/324] NAGJ
[00:03:20] [12/324] JVRC
[00:03:22] [13/324] KRJG
[00:03:23] [14/324] SRTJ
[00:03:23] [15/324] CMXM
[00:03:25] [16/324] STMI
[00:03:26] [17/324] SLST
[00:03:27] [18/324] DTCN
[00:03:27] [19/324] STYN
[00:03:28] [20/324] SZVR
[00:03:29] [21/324] SRKO
[00:03:31] [22/324] JTGT
[00:03:33] [23/324] SVFD
[00:03:34] [24/324] SISD
[00:03:35] [25/324] ABDD
[00:03:36] [26/324] DRCA
[00:03:37] [27/324] AVCS
[00:03:38] [28/324] MVKH
[00:03:39] [29/324] ACPR
[00:03:40] [30/324] STIP
[00:03:41] [31/324] MTRA
[00:03:41] [32/324] RMKH
[00:03:42] [33/324] NKRL
[00:03:43] [34/324] PCWN
[00:03:44] [35/324] BLMT
[00:03:45] [36/324] GDPG
[00:03:46] [37/324] SRMX
[00:03:47] [38/324] JACP
[00:03:49] [39/324] CPSH
[00:03:49] [40/324] MCCD
[00:03:50] [41/324] ECGH
[00:03:52] [42/324] MKCK
[00:03:53] [43/324] SRMM
[00:03:55] [44/324] SKYR
[00:03:55] [45/324] PCKC
[00:03:57] [46/324] JCMA
[00:03:58] [47/324] BSMP
[00:03:59] [48/324] VSPA
[00:04:00] [49/324] DJYA
[00:04:01] [50/324] DIMP
[00:04:02] [51/324] FXDR
[00:04:04] [52/324] SSRC
[00:04:04] [53/324] STHP
[00:04:05] [54/324] CPPD
[00:04:07] [55/324] FCLK
[00:04:09] [56/324] SCPP
[00:04:09] [57/324] DCMJ
[00:04:10] [58/324] RCCR
[00:04:11] [59/324] INMT
[00:04:13] [60/324] LXTK
[00:04:13] [61/324] SRYK
[00:04:15] [62/324] SGDK
[00:04:16] [63/324] PPKA
[00:04:17] [64/324] SPKA
[00:04:18] [65/324] CGHH
[00:04:18] [66/324] DCJN
[00:04:20] [67/324] SRKV
[00:04:21] [68/324] SAJC
[00:04:22] [69/324] SUSR
[00:04:23] [70/324] STYG
[00:04:24] [71/324] NTKP
[00:04:25] [72/324] AKTG
[00:04:26] [73/324] CGCM
[00:04:27] [74/324] TULC
[00:04:29] [75/324] NYYZ
[00:04:29] [76/324] NYBW
[00:04:30] [77/324] MACB
[00:04:31] [78/324] SLVT
[00:04:32] [79/324] SANA
[00:04:34] [80/324] ACMR
[00:04:34] [81/324] CPKN
[00:04:36] [82/324] DLGK
[00:04:37] [83/324] CWCK
[00:04:38] [84/324] FDDH
[00:04:39] [85/324] MMMD
[00:04:40] [86/324] CMEH
[00:04:41] [87/324] GGGV
[00:04:41] [88/324] SPJL
[00:04:43] [89/324] RCCD
[00:04:44] [90/324] STTZ
[00:04:46] [91/324] BTCF
[00:04:47] [92/324] TSTZ
[00:04:48] [93/324] IPMM
[00:04:49] [94/324] PMPW
[00:04:51] [95/324] PCMZ
[00:04:52] [96/324] ESEM
[00:04:53] [97/324] PIPO
[00:04:54] [98/324] MATK
[00:04:55] [99/324] PGHM
[00:04:56] [100/324] CTSR
[00:04:57] [101/324] CYKR
[00:04:59] [102/324] MSCM
[00:05:00] [103/324] RFNP
[00:05:01] [104/324] PDCP
[00:05:02] [105/324] NPSE
[00:05:03] [106/324] MKML
[00:05:04] [107/324] FTDP
[00:05:05] [108/324] MMXA
[00:05:06] [109/324] CEPO
[00:05:07] [110/324] CMVP
[00:05:09] [111/324] SGTH
[00:05:10] [112/324] SAYN
[00:05:11] [113/324] URVS
[00:05:12] [114/324] VJTN
[00:05:13] [115/324] BBYK
[00:05:14] [116/324] SHBO
[00:05:15] [117/324] VCMR
[00:05:16] [118/324] MACT
[00:05:17] [119/324] JMNP
[00:05:19] [120/324] VICS
[00:05:20] [121/324] VCDA
[00:05:22] [122/324] GCMM
[00:05:23] [123/324] INVS
[00:05:23] [124/324] SCGM
[00:05:24] [125/324] PCDA
[00:05:25] [126/324] KDCT
[00:05:26] [127/324] JACS
[00:05:27] [128/324] GMMC
[00:05:27] [129/324] AICM
[00:05:28] [130/324] TJCM
[00:05:29] [131/324] RMTI
[00:05:30] [132/324] SHAC
[00:05:31] [133/324] APJC
[00:05:32] [134/324] GCTG
[00:05:33] [135/324] SSMC
[00:05:34] [136/324] THRM
[00:05:35] [137/324] RBCT
[00:05:36] [138/324] DIKT
[00:05:37] [139/324] MIDL
[00:05:38] [140/324] VCSN
[00:05:40] [141/324] SKTG
[00:05:40] [142/324] SMWC
[00:05:41] [143/324] MNKH
[00:05:42] [144/324] PIAT
[00:05:43] [145/324] LTTP
[00:05:44] [146/324] PTPU
[00:05:45] [147/324] ACMG
[00:05:47] [148/324] SHMM
[00:05:48] [149/324] MCMN
[00:05:49] [150/324] GLDC
[00:05:50] [151/324] HOUT
[00:05:50] [152/324] SVRP
[00:05:51] [153/324] PVDN
[00:05:52] [154/324] SCPY
[00:05:53] [155/324] DTPY
[00:05:54] [156/324] GKCS
[00:05:55] [157/324] NCAM
[00:05:56] [158/324] BSRM
[00:05:57] [159/324] RCLC
[00:05:58] [160/324] SKKD
[00:05:59] [161/324] ACHU
[00:06:00] [162/324] RSCF
[00:06:01] [163/324] IMSH
[00:06:02] [164/324] MACX
[00:06:04] [165/324] HMMW
[00:06:05] [166/324] JTCP
[00:06:07] [167/324] SREN
[00:06:08] [168/324] PJRR
[00:06:10] [169/324] INAC
[00:06:11] [170/324] BMCA
[00:06:13] [171/324] SHCB
[00:06:13] [172/324] GABA
[00:06:15] [173/324] SBCT
[00:06:16] [174/324] GCMA
[00:06:16] [175/324] MYTK
[00:06:18] [176/324] INZS
[00:06:19] [177/324] RMIK
[00:06:19] [178/324] NYCH
[00:06:20] [179/324] RAVE
[00:06:21] [180/324] PSXM
[00:06:22] [181/324] MCGP
[00:06:23] [182/324] PDDK
[00:06:24] [183/324] SPCK
[00:06:25] [184/324] MCRL
[00:06:27] [185/324] MHKT
[00:06:27] [186/324] ANRR
[00:06:29] [187/324] SAPK
[00:06:30] [188/324] NCUK
[00:06:31] [189/324] JUGA
[00:06:33] [190/324] DBSC
[00:06:35] [191/324] LALK
[00:06:36] [192/324] GUCK
[00:06:37] [193/324] STSG
[00:06:39] [194/324] PPPZ
[00:06:40] [195/324] CNCY
[00:06:40] [196/324] MTAR
[00:06:41] [197/324] VNKD
[00:06:42] [198/324] KMAJ
[00:06:43] [199/324] ACXK
[00:06:44] [200/324] UTKC
[00:06:46] [201/324] PBLK
[00:06:47] [202/324] ACBX
[00:06:48] [203/324] PTGM
[00:06:49] [204/324] BTDA
[00:06:51] [205/324] PJMB
[00:06:51] [206/324] TPDA
[00:06:52] [207/324] AMOE
[00:06:53] [208/324] PRHT
[00:06:54] [209/324] PRTA
[00:06:55] [210/324] STAM
[00:06:56] [211/324] MSAA
[00:06:56] [212/324] SDLU
[00:06:58] [213/324] RCHH
[00:07:00] [214/324] KANT
[00:07:01] [215/324] FCRT
[00:07:02] [216/324] DNKM
[00:07:02] [217/324] RYCP
[00:07:03] [218/324] MYRP
[00:07:04] [219/324] PPAK
[00:07:05] [220/324] NVPK
[00:07:06] [221/324] PRMC
[00:07:08] [222/324] JBCS
[00:07:09] [223/324] GXCK
[00:07:10] [224/324] USKO
[00:07:11] [225/324] GTEM
[00:07:12] [226/324] SMBU
[00:07:13] [227/324] VETC
[00:07:14] [228/324] LCDA
[00:07:15] [229/324] MTVT
[00:07:16] [230/324] PYCP
[00:07:17] [231/324] PNSC
[00:07:19] [232/324] PPCC
[00:07:20] [233/324] TGRT
[00:07:21] [234/324] JYOT
[00:07:21] [235/324] SRCZ
[00:07:23] [236/324] SJTE
[00:07:24] [237/324] DESC
[00:07:25] [238/324] JHVN
[00:07:26] [239/324] IPSG
[00:07:27] [240/324] IPCM
[00:07:28] [241/324] PDRS
[00:07:29] [242/324] ANCV
[00:07:31] [243/324] CMVV
[00:07:32] [244/324] SHYP
[00:07:33] [245/324] DNCS
[00:07:34] [246/324] GAJK
[00:07:36] [247/324] AKTN
[00:07:36] [248/324] KAYA
[00:07:37] [249/324] SBRC
[00:07:38] [250/324] CHTP
[00:07:39] [251/324] SHRT
[00:07:41] [252/324] BCKU
[00:07:42] [253/324] FCPS
[00:07:43] [254/324] ARDD
[00:07:44] [255/324] CPCM
[00:07:45] [256/324] CGSM
[00:07:46] [257/324] PSMP
[00:07:47] [258/324] SDAL
[00:07:48] [259/324] RTNB
[00:07:49] [260/324] LMCR
[00:07:50] [261/324] CIMA
[00:07:50] [262/324] RNAS
[00:07:52] [263/324] LITH
[00:07:54] [264/324] PBOX
[00:07:56] [265/324] FRTS
[00:07:56] [266/324] RKIC
[00:07:57] [267/324] PTAI
[00:07:58] [268/324] GCIC
[00:07:59] [269/324] FNAS
[00:08:00] [270/324] SCAR
[00:08:00] [271/324] MTCA
[00:08:02] [272/324] SCTS
[00:08:03] [273/324] SYCS
[00:08:04] [274/324] RDMS
[00:08:05] [275/324] KAMP
[00:08:07] [276/324] ERSD
[00:08:08] [277/324] MJMJ
[00:08:09] [278/324] SRCJ
[00:08:10] [279/324] SCXE
[00:08:11] [280/324] SVFR
[00:08:12] [281/324] BHCS
[00:08:14] [282/324] IMCC
[00:08:15] [283/324] PCBO
[00:08:15] [284/324] PRVN
[00:08:16] [285/324] AUPM
[00:08:17] [286/324] INBW
[00:08:19] [287/324] SVCW
[00:08:20] [288/324] RKCF
[00:08:22] [289/324] UVBH
[00:08:23] [290/324] DNCY
[00:08:24] [291/324] ABCN
[00:08:26] [292/324] PRUR
[00:08:27] [293/324] PFMR
[00:08:28] [294/324] RKCN
[00:08:29] [295/324] CFEA
[00:08:30] [296/324] SDBG
[00:08:31] [297/324] SNAR
[00:08:32] [298/324] YISI
[00:08:32] [299/324] JCFF
[00:08:33] [300/324] VTRK
[00:08:34] [301/324] PCLZ
[00:08:35] [302/324] DIMY
[00:08:36] [303/324] BBTS
[00:08:37] [304/324] GATH
[00:08:38] [305/324] GTMN
[00:08:39] [306/324] VTMH
[00:08:40] [307/324] CCKP
[00:08:41] [308/324] GPKA
[00:08:42] [309/324] MHCL
[00:08:42] [310/324] ATCL
[00:08:43] [311/324] SBCK
[00:08:44] [312/324] AMMR
[00:08:45] [313/324] MADC
[00:08:46] [314/324] TMMA
[00:08:47] [315/324] CACC
[00:08:48] [316/324] CHAL
[00:08:49] [317/324] DURG
[00:08:50] [318/324] GMKU
[00:08:51] [319/324] GECA
[00:08:53] [320/324] KYRR
[00:08:54] [321/324] KSDE
[00:08:55] [322/324] LMCI
[00:08:56] [323/324] NKCP
[00:08:57] [324/324] BGTC
[00:08:58] ✅ DONE | Shows=0 | Movies=0
[00:47:36] 🚀 BMS DAILY TRACKER STARTED
[00:47:36] [1/324] GCTA
[00:47:36] 🧠 New identity
[00:47:37] [2/324] TOPN
[00:47:38] [3/324] MCUS
[00:47:39] [4/324] SHRL
[00:47:40] [5/324] UPTP
[00:47:41] [6/324] TMMP
[00:47:42] [7/324] DNRP
[00:47:43] [8/324] SRLT
[00:47:44] [9/324] RCNS
[00:47:44] [10/324] DCBH
[00:47:46] [11/324] NAGJ
[00:47:47] [12/324] JVRC
[00:47:48] [13/324] KRJG
[00:47:49] [14/324] SRTJ
[00:47:50] [15/324] CMXM
[00:47:51] [16/324] STMI
[00:47:52] [17/324] SLST
[00:47:53] [18/324] DTCN
[00:47:54] [19/324] STYN
[00:47:55] [20/324] SZVR
[00:47:56] [21/324] SRKO
[00:47:57] [22/324] JTGT
[00:47:58] [23/324] SVFD
[00:47:59] [24/324] SISD
[00:48:00] [25/324] ABDD
[00:48:01] [26/324] DRCA
[00:48:02] [27/324] AVCS
[00:48:02] [28/324] MVKH
[00:48:03] [29/324] ACPR
[00:48:04] [30/324] STIP
[00:48:05] [31/324] MTRA
[00:48:06] [32/324] RMKH
[00:48:07] [33/324] NKRL
[00:48:08] [34/324] PCWN
[00:48:09] [35/324] BLMT
[00:48:10] [36/324] GDPG
[00:48:11] [37/324] SRMX
[00:48:12] [38/324] JACP
[00:48:13] [39/324] CPSH
[00:48:14] [40/324] MCCD
[00:48:15] [41/324] ECGH
[00:48:16] [42/324] MKCK
[00:48:17] [43/324] SRMM
[00:48:18] [44/324] SKYR
[00:48:19] [45/324] PCKC
[00:48:20] [46/324] JCMA
[00:48:20] [47/324] BSMP
[00:48:21] [48/324] VSPA
[00:48:22] [49/324] DJYA
[00:48:23] [50/324] DIMP
[00:48:24] [51/324] FXDR
[00:48:26] [52/324] SSRC
[00:48:26] [53/324] STHP
[00:48:27] [54/324] CPPD
[00:48:28] [55/324] FCLK
[00:48:29] [56/324] SCPP
[00:48:30] [57/324] DCMJ
[00:48:31] [58/324] RCCR
[00:48:32] [59/324] INMT
[00:48:33] [60/324] LXTK
[00:48:35] [61/324] SRYK
[00:48:36] [62/324] SGDK
[00:48:36] [63/324] PPKA
[00:48:37] [64/324] SPKA
[00:48:38] [65/324] CGHH
[00:48:39] [66/324] DCJN
[00:48:40] [67/324] SRKV
[00:48:41] [68/324] SAJC
[00:48:42] [69/324] SUSR
[00:48:42] [70/324] STYG
[00:48:43] [71/324] NTKP
[00:48:44] [72/324] AKTG
[00:48:45] [73/324] CGCM
[00:48:46] [74/324] TULC
[00:48:47] [75/324] NYYZ
[00:48:48] [76/324] NYBW
[00:48:49] [77/324] MACB
[00:48:50] [78/324] SLVT
[00:48:51] [79/324] SANA
[00:48:52] [80/324] ACMR
[00:48:52] [81/324] CPKN
[00:48:53] [82/324] DLGK
[00:48:54] [83/324] CWCK
[00:48:55] [84/324] FDDH
[00:48:56] [85/324] MMMD
[00:48:56] [86/324] CMEH
[00:48:57] [87/324] GGGV
[00:48:58] [88/324] SPJL
[00:48:59] [89/324] RCCD
[00:49:00] [90/324] STTZ
[00:49:01] [91/324] BTCF
[00:49:02] [92/324] TSTZ
[00:49:03] [93/324] IPMM
[00:49:03] [94/324] PMPW
[00:49:04] [95/324] PCMZ
[00:49:06] [96/324] ESEM
[00:49:07] [97/324] PIPO
[00:49:08] [98/324] MATK
[00:49:09] [99/324] PGHM
[00:49:09] [100/324] CTSR
[00:49:10] [101/324] CYKR
[00:49:11] [102/324] MSCM
[00:49:13] [103/324] RFNP
[00:49:14] [104/324] PDCP
[00:49:15] [105/324] NPSE
[00:49:16] [106/324] MKML
[00:49:17] [107/324] FTDP
[00:49:18] [108/324] MMXA
[00:49:19] [109/324] CEPO
[00:49:20] [110/324] CMVP
[00:49:21] [111/324] SGTH
[00:49:22] [112/324] SAYN
[00:49:22] [113/324] URVS
[00:49:23] [114/324] VJTN
[00:49:24] [115/324] BBYK
[00:49:25] [116/324] SHBO
[00:49:26] [117/324] VCMR
[00:49:27] [118/324] MACT
[00:49:27] [119/324] JMNP
[00:49:29] [120/324] VICS
[00:49:30] [121/324] VCDA
[00:49:30] [122/324] GCMM
[00:49:31] [123/324] INVS
[00:49:32] [124/324] SCGM
[00:49:33] [125/324] PCDA
[00:49:34] [126/324] KDCT
[00:49:34] [127/324] JACS
[00:49:35] [128/324] GMMC
[00:49:36] [129/324] AICM
[00:49:37] [130/324] TJCM
[00:49:38] [131/324] RMTI
[00:49:38] [132/324] SHAC
[00:49:39] [133/324] APJC
[00:49:40] [134/324] GCTG
[00:49:41] [135/324] SSMC
[00:49:42] [136/324] THRM
[00:49:43] [137/324] RBCT
[00:49:44] [138/324] DIKT
[00:49:44] [139/324] MIDL
[00:49:45] [140/324] VCSN
[00:49:46] [141/324] SKTG
[00:49:47] [142/324] SMWC
[00:49:48] [143/324] MNKH
[00:49:49] [144/324] PIAT
[00:49:50] [145/324] LTTP
[00:49:50] [146/324] PTPU
[00:49:51] [147/324] ACMG
[00:49:52] [148/324] SHMM
[00:49:53] [149/324] MCMN
[00:49:54] [150/324] GLDC
[00:49:55] [151/324] HOUT
[00:49:55] [152/324] SVRP
[00:49:56] [153/324] PVDN
[00:49:58] [154/324] SCPY
[00:49:58] [155/324] DTPY
[00:49:59] [156/324] GKCS
[00:50:00] [157/324] NCAM
[00:50:01] [158/324] BSRM
[00:50:02] [159/324] RCLC
[00:50:02] [160/324] SKKD
[00:50:03] [161/324] ACHU
[00:50:04] [162/324] RSCF
[00:50:05] [163/324] IMSH
[00:50:05] [164/324] MACX
[00:50:06] [165/324] HMMW
[00:50:07] [166/324] JTCP
[00:50:08] [167/324] SREN
[00:50:09] [168/324] PJRR
[00:50:10] [169/324] INAC
[00:50:11] [170/324] BMCA
[00:50:11] [171/324] SHCB
[00:50:12] [172/324] GABA
[00:50:13] [173/324] SBCT
[00:50:14] [174/324] GCMA
[00:50:15] [175/324] MYTK
[00:50:16] [176/324] INZS
[00:50:17] [177/324] RMIK
[00:50:17] [178/324] NYCH
[00:50:18] [179/324] RAVE
[00:50:19] [180/324] PSXM
[00:50:20] [181/324] MCGP
[00:50:21] [182/324] PDDK
[00:50:22] [183/324] SPCK
[00:50:23] [184/324] MCRL
[00:50:24] [185/324] MHKT
[00:50:25] [186/324] ANRR
[00:50:26] [187/324] SAPK
[00:50:26] [188/324] NCUK
[00:50:27] [189/324] JUGA
[00:50:28] [190/324] DBSC
[00:50:29] [191/324] LALK
[00:50:30] [192/324] GUCK
[00:50:31] [193/324] STSG
[00:50:32] [194/324] PPPZ
[00:50:33] [195/324] CNCY
[00:50:34] [196/324] MTAR
[00:50:35] [197/324] VNKD
[00:50:36] [198/324] KMAJ
[00:50:37] [199/324] ACXK
[00:50:38] [200/324] UTKC
[00:50:39] [201/324] PBLK
[00:50:40] [202/324] ACBX
[00:50:40] [203/324] PTGM
[00:50:41] [204/324] BTDA
[00:50:42] [205/324] PJMB
[00:50:43] [206/324] TPDA
[00:50:44] [207/324] AMOE
[00:50:45] [208/324] PRHT
[00:50:45] [209/324] PRTA
[00:50:46] [210/324] STAM
[00:50:47] [211/324] MSAA
[00:50:48] [212/324] SDLU
[00:50:49] [213/324] RCHH
[00:50:50] [214/324] KANT
[00:50:50] [215/324] FCRT
[00:50:51] [216/324] DNKM
[00:50:52] [217/324] RYCP
[00:50:52] [218/324] MYRP
[00:50:53] [219/324] PPAK
[00:50:54] [220/324] NVPK
[00:50:55] [221/324] PRMC
[00:50:56] [222/324] JBCS
[00:50:57] [223/324] GXCK
[00:50:58] [224/324] USKO
[00:50:59] [225/324] GTEM
[00:51:00] [226/324] SMBU
[00:51:01] [227/324] VETC
[00:51:02] [228/324] LCDA
[00:51:03] [229/324] MTVT
[00:51:04] [230/324] PYCP
[00:51:05] [231/324] PNSC
[00:51:06] [232/324] PPCC
[00:51:07] [233/324] TGRT
[00:51:08] [234/324] JYOT
[00:51:08] [235/324] SRCZ
[00:51:10] [236/324] SJTE
[00:51:11] [237/324] DESC
[00:51:12] [238/324] JHVN
[00:51:13] [239/324] IPSG
[00:51:14] [240/324] IPCM
[00:51:15] [241/324] PDRS
[00:51:16] [242/324] ANCV
[00:51:16] [243/324] CMVV
[00:51:17] [244/324] SHYP
[00:51:19] [245/324] DNCS
[00:51:20] [246/324] GAJK
[00:51:20] [247/324] AKTN
[00:51:21] [248/324] KAYA
[00:51:23] [249/324] SBRC
[00:51:24] [250/324] CHTP
[00:51:26] [251/324] SHRT
[00:51:27] [252/324] BCKU
[00:51:28] [253/324] FCPS
[00:51:29] [254/324] ARDD
[00:51:30] [255/324] CPCM
[00:51:30] [256/324] CGSM
[00:51:31] [257/324] PSMP
[00:51:32] [258/324] SDAL
[00:51:33] [259/324] RTNB
[00:51:34] [260/324] LMCR
[00:51:35] [261/324] CIMA
[00:51:36] [262/324] RNAS
[00:51:38] [263/324] LITH
[00:51:39] [264/324] PBOX
[00:51:40] [265/324] FRTS
[00:51:40] [266/324] RKIC
[00:51:41] [267/324] PTAI
[00:51:42] [268/324] GCIC
[00:51:43] [269/324] FNAS
[00:51:44] [270/324] SCAR
[00:51:45] [271/324] MTCA
[00:51:45] [272/324] SCTS
[00:51:46] [273/324] SYCS
[00:51:47] [274/324] RDMS
[00:51:48] [275/324] KAMP
[00:51:49] [276/324] ERSD
[00:51:50] [277/324] MJMJ
[00:51:51] [278/324] SRCJ
[00:51:52] [279/324] SCXE
[00:51:53] [280/324] SVFR
[00:51:54] [281/324] BHCS
[00:51:55] [282/324] IMCC
[00:51:56] [283/324] PCBO
[00:51:58] [284/324] PRVN
[00:51:59] [285/324] AUPM
[00:51:59] [286/324] INBW
[00:52:00] [287/324] SVCW
[00:52:01] [288/324] RKCF
[00:52:02] [289/324] UVBH
[00:52:03] [290/324] DNCY
[00:52:04] [291/324] ABCN
[00:52:04] [292/324] PRUR
[00:52:05] [293/324] PFMR
[00:52:06] [294/324] RKCN
[00:52:07] [295/324] CFEA
[00:52:07] [296/324] SDBG
[00:52:08] [297/324] SNAR
[00:52:09] [298/324] YISI
[00:52:10] [299/324] JCFF
[00:52:11] [300/324] VTRK
[00:52:12] [301/324] PCLZ
[00:52:13] [302/324] DIMY
[00:52:13] [303/324] BBTS
[00:52:14] [304/324] GATH
[00:52:15] [305/324] GTMN
[00:52:15] [306/324] VTMH
[00:52:16] [307/324] CCKP
[00:52:17] [308/324] GPKA
[00:52:18] [309/324] MHCL
[00:52:18] [310/324] ATCL
[00:52:19] [311/324] SBCK
[00:52:20] [312/324] AMMR
[00:52:21] [313/324] MADC
[00:52:22] [314/324] TMMA
[00:52:23] [315/324] CACC
[00:52:24] [316/324] CHAL
[00:52:25] [317/324] DURG
[00:52:26] [318/324] GMKU
[00:52:27] [319/324] GECA
[00:52:28] [320/324] KYRR
[00:52:29] [321/324] KSDE
[00:52:29] [322/324] LMCI
[00:52:30] [323/324] NKCP
[00:52:31] [324/324] BGTC
[00:52:32] ✅ DONE | Shows=0 | Movies=0
[01:56:13] 🚀 BMS DAILY TRACKER STARTED
[01:56:13] [1/324] GCTA
[01:56:13] 🧠 New identity
[01:56:13] [2/324] TOPN
[01:56:14] [3/324] MCUS
[01:56:15] [4/324] SHRL
[01:56:15] [5/324] UPTP
[01:56:16] [6/324] TMMP
[01:56:16] [7/324] DNRP
[01:56:16] [8/324] SRLT
[01:56:17] [9/324] RCNS
[01:56:18] [10/324] DCBH
[01:56:18] [11/324] NAGJ
[01:56:19] [12/324] JVRC
[01:56:20] [13/324] KRJG
[01:56:21] [14/324] SRTJ
[01:56:21] [15/324] CMXM
[01:56:22] [16/324] STMI
[01:56:23] [17/324] SLST
[01:56:23] [18/324] DTCN
[01:56:24] [19/324] STYN
[01:56:24] [20/324] SZVR
[01:56:25] [21/324] SRKO
[01:56:25] [22/324] JTGT
[01:56:26] [23/324] SVFD
[01:56:27] [24/324] SISD
[01:56:27] [25/324] ABDD
[01:56:28] [26/324] DRCA
[01:56:28] [27/324] AVCS
[01:56:29] [28/324] MVKH
[01:56:29] [29/324] ACPR
[01:56:30] [30/324] STIP
[01:56:31] [31/324] MTRA
[01:56:31] [32/324] RMKH
[01:56:32] [33/324] NKRL
[01:56:32] [34/324] PCWN
[01:56:33] [35/324] BLMT
[01:56:33] [36/324] GDPG
[01:56:34] [37/324] SRMX
[01:56:34] [38/324] JACP
[01:56:35] [39/324] CPSH
[01:56:36] [40/324] MCCD
[01:56:37] [41/324] ECGH
[01:56:37] [42/324] MKCK
[01:56:38] [43/324] SRMM
[01:56:38] [44/324] SKYR
[01:56:39] [45/324] PCKC
[01:56:40] [46/324] JCMA
[01:56:40] [47/324] BSMP
[01:56:40] [48/324] VSPA
[01:56:41] [49/324] DJYA
[01:56:42] [50/324] DIMP
[01:56:42] [51/324] FXDR
[01:56:43] [52/324] SSRC
[01:56:44] [53/324] STHP
[01:56:44] [54/324] CPPD
[01:56:45] [55/324] FCLK
[01:56:46] [56/324] SCPP
[01:56:46] [57/324] DCMJ
[01:56:47] [58/324] RCCR
[01:56:48] [59/324] INMT
[01:56:48] [60/324] LXTK
[01:56:49] [61/324] SRYK
[01:56:49] [62/324] SGDK
[01:56:50] [63/324] PPKA
[01:56:50] [64/324] SPKA
[01:56:51] [65/324] CGHH
[01:56:52] [66/324] DCJN
[01:56:52] [67/324] SRKV
[01:56:53] [68/324] SAJC
[01:56:53] [69/324] SUSR
[01:56:54] [70/324] STYG
[01:56:54] [71/324] NTKP
[01:56:55] [72/324] AKTG
[01:56:56] [73/324] CGCM
[01:56:56] [74/324] TULC
[01:56:57] [75/324] NYYZ
[01:56:57] [76/324] NYBW
[01:56:58] [77/324] MACB
[01:56:58] [78/324] SLVT
[01:56:59] [79/324] SANA
[01:57:00] [80/324] ACMR
[01:57:00] [81/324] CPKN
[01:57:01] [82/324] DLGK
[01:57:01] [83/324] CWCK
[01:57:02] [84/324] FDDH
[01:57:02] [85/324] MMMD
[01:57:03] [86/324] CMEH
[01:57:04] [87/324] GGGV
[01:57:04] [88/324] SPJL
[01:57:05] [89/324] RCCD
[01:57:05] [90/324] STTZ
[01:57:06] [91/324] BTCF
[01:57:06] [92/324] TSTZ
[01:57:07] [93/324] IPMM
[01:57:07] [94/324] PMPW
[01:57:08] [95/324] PCMZ
[01:57:09] [96/324] ESEM
[01:57:09] [97/324] PIPO
[01:57:10] [98/324] MATK
[01:57:10] [99/324] PGHM
[01:57:11] [100/324] CTSR
[01:57:12] [101/324] CYKR
[01:57:12] [102/324] MSCM
[01:57:13] [103/324] RFNP
[01:57:14] [104/324] PDCP
[01:57:14] [105/324] NPSE
[01:57:15] [106/324] MKML
[01:57:15] [107/324] FTDP
[01:57:16] [108/324] MMXA
[01:57:17] [109/324] CEPO
[01:57:17] [110/324] CMVP
[01:57:18] [111/324] SGTH
[01:57:18] [112/324] SAYN
[01:57:19] [113/324] URVS
[01:57:19] [114/324] VJTN
[01:57:20] [115/324] BBYK
[01:57:21] [116/324] SHBO
[01:57:21] [117/324] VCMR
[01:57:22] [118/324] MACT
[01:57:22] [119/324] JMNP
[01:57:23] [120/324] VICS
[01:57:23] [121/324] VCDA
[01:57:24] [122/324] GCMM
[01:57:24] [123/324] INVS
[01:57:24] [124/324] SCGM
[01:57:25] [125/324] PCDA
[01:57:26] [126/324] KDCT
[01:57:26] [127/324] JACS
[01:57:27] [128/324] GMMC
[01:57:27] [129/324] AICM
[01:57:28] [130/324] TJCM
[01:57:29] [131/324] RMTI
[01:57:29] [132/324] SHAC
[01:57:30] [133/324] APJC
[01:57:30] [134/324] GCTG
[01:57:31] [135/324] SSMC
[01:57:31] [136/324] THRM
[01:57:32] [137/324] RBCT
[01:57:33] [138/324] DIKT
[01:57:33] [139/324] MIDL
[01:57:34] [140/324] VCSN
[01:57:34] [141/324] SKTG
[01:57:35] [142/324] SMWC
[01:57:36] [143/324] MNKH
[01:57:36] [144/324] PIAT
[01:57:37] [145/324] LTTP
[01:57:38] [146/324] PTPU
[01:57:38] [147/324] ACMG
[01:57:39] [148/324] SHMM
[01:57:39] [149/324] MCMN
[01:57:40] [150/324] GLDC
[01:57:41] [151/324] HOUT
[01:57:41] [152/324] SVRP
[01:57:42] [153/324] PVDN
[01:57:42] [154/324] SCPY
[01:57:43] [155/324] DTPY
[01:57:44] [156/324] GKCS
[01:57:44] [157/324] NCAM
[01:57:45] [158/324] BSRM
[01:57:45] [159/324] RCLC
[01:57:46] [160/324] SKKD
[01:57:46] [161/324] ACHU
[01:57:47] [162/324] RSCF
[01:57:48] [163/324] IMSH
[01:57:48] [164/324] MACX
[01:57:49] [165/324] HMMW
[01:57:49] [166/324] JTCP
[01:57:50] [167/324] SREN
[01:57:50] [168/324] PJRR
[01:57:51] [169/324] INAC
[01:57:52] [170/324] BMCA
[01:57:52] [171/324] SHCB
[01:57:53] [172/324] GABA
[01:57:53] [173/324] SBCT
[01:57:54] [174/324] GCMA
[01:57:55] [175/324] MYTK
[01:57:55] [176/324] INZS
[01:57:56] [177/324] RMIK
[01:57:56] [178/324] NYCH
[01:57:57] [179/324] RAVE
[01:57:58] [180/324] PSXM
[01:57:58] [181/324] MCGP
[01:57:58] [182/324] PDDK
[01:57:59] [183/324] SPCK
[01:57:59] [184/324] MCRL
[01:58:00] [185/324] MHKT
[01:58:00] [186/324] ANRR
[01:58:01] [187/324] SAPK
[01:58:01] [188/324] NCUK
[01:58:02] [189/324] JUGA
[01:58:02] [190/324] DBSC
[01:58:03] [191/324] LALK
[01:58:03] [192/324] GUCK
[01:58:04] [193/324] STSG
[01:58:04] [194/324] PPPZ
[01:58:05] [195/324] CNCY
[01:58:05] [196/324] MTAR
[01:58:06] [197/324] VNKD
[01:58:07] [198/324] KMAJ
[01:58:07] [199/324] ACXK
[01:58:08] [200/324] UTKC
[01:58:08] [201/324] PBLK
[01:58:09] [202/324] ACBX
[01:58:09] [203/324] PTGM
[01:58:10] [204/324] BTDA
[01:58:10] [205/324] PJMB
[01:58:11] [206/324] TPDA
[01:58:11] [207/324] AMOE
[01:58:12] [208/324] PRHT
[01:58:12] [209/324] PRTA
[01:58:13] [210/324] STAM
[01:58:13] [211/324] MSAA
[01:58:14] [212/324] SDLU
[01:58:14] [213/324] RCHH
[01:58:15] [214/324] KANT
[01:58:16] [215/324] FCRT
[01:58:16] [216/324] DNKM
[01:58:17] [217/324] RYCP
[01:58:17] [218/324] MYRP
[01:58:18] [219/324] PPAK
[01:58:18] [220/324] NVPK
[01:58:19] [221/324] PRMC
[01:58:19] [222/324] JBCS
[01:58:20] [223/324] GXCK
[01:58:20] [224/324] USKO
[01:58:21] [225/324] GTEM
[01:58:22] [226/324] SMBU
[01:58:22] [227/324] VETC
[01:58:23] [228/324] LCDA
[01:58:24] [229/324] MTVT
[01:58:24] [230/324] PYCP
[01:58:25] [231/324] PNSC
[01:58:25] [232/324] PPCC
[01:58:26] [233/324] TGRT
[01:58:26] [234/324] JYOT
[01:58:27] [235/324] SRCZ
[01:58:28] [236/324] SJTE
[01:58:28] [237/324] DESC
[01:58:29] [238/324] JHVN
[01:58:29] [239/324] IPSG
[01:58:30] [240/324] IPCM
[01:58:31] [241/324] PDRS
[01:58:31] [242/324] ANCV
[01:58:32] [243/324] CMVV
[01:58:32] [244/324] SHYP
[01:58:33] [245/324] DNCS
[01:58:33] [246/324] GAJK
[01:58:34] [247/324] AKTN
[01:58:35] [248/324] KAYA
[01:58:35] [249/324] SBRC
[01:58:36] [250/324] CHTP
[01:58:36] [251/324] SHRT
[01:58:37] [252/324] BCKU
[01:58:38] [253/324] FCPS
[01:58:38] [254/324] ARDD
[01:58:39] [255/324] CPCM
[01:58:40] [256/324] CGSM
[01:58:40] [257/324] PSMP
[01:58:41] [258/324] SDAL
[01:58:41] [259/324] RTNB
[01:58:42] [260/324] LMCR
[01:58:42] [261/324] CIMA
[01:58:43] [262/324] RNAS
[01:58:43] [263/324] LITH
[01:58:44] [264/324] PBOX
[01:58:44] [265/324] FRTS
[01:58:45] [266/324] RKIC
[01:58:46] [267/324] PTAI
[01:58:46] [268/324] GCIC
[01:58:47] [269/324] FNAS
[01:58:48] [270/324] SCAR
[01:58:48] [271/324] MTCA
[01:58:49] [272/324] SCTS
[01:58:49] [273/324] SYCS
[01:58:50] [274/324] RDMS
[01:58:51] [275/324] KAMP
[01:58:51] [276/324] ERSD
[01:58:52] [277/324] MJMJ
[01:58:52] [278/324] SRCJ
[01:58:53] [279/324] SCXE
[01:58:53] [280/324] SVFR
[01:58:54] [281/324] BHCS
[01:58:54] [282/324] IMCC
[01:58:55] [283/324] PCBO
[01:58:56] [284/324] PRVN
[01:58:56] [285/324] AUPM
[01:58:57] [286/324] INBW
[01:58:57] [287/324] SVCW
[01:58:58] [288/324] RKCF
[01:58:58] [289/324] UVBH
[01:58:59] [290/324] DNCY
[01:58:59] [291/324] ABCN
[01:59:00] [292/324] PRUR
[01:59:01] [293/324] PFMR
[01:59:01] [294/324] RKCN
[01:59:01] [295/324] CFEA
[01:59:02] [296/324] SDBG
[01:59:02] [297/324] SNAR
[01:59:03] [298/324] YISI
[01:59:04] [299/324] JCFF
[01:59:04] [300/324] VTRK
[01:59:05] [301/324] PCLZ
[01:59:05] [302/324] DIMY
[01:59:06] [303/324] BBTS
[01:59:07] [304/324] GATH
[01:59:07] [305/324] GTMN
[01:59:08] [306/324] VTMH
[01:59:08] [307/324] CCKP
[01:59:09] [308/324] GPKA
[01:59:10] [309/324] MHCL
[01:59:10] [310/324] ATCL
[01:59:11] [311/324] SBCK
[01:59:11] [312/324] AMMR
[01:59:12] [313/324] MADC
[01:59:12] [314/324] TMMA
[01:59:13] [315/324] CACC
[01:59:13] [316/324] CHAL
[01:59:14] [317/324] DURG
[01:59:15] [318/324] GMKU
[01:59:15] [319/324] GECA
[01:59:16] [320/324] KYRR
[01:59:16] [321/324] KSDE
[01:59:17] [322/324] LMCI
[01:59:17] [323/324] NKCP
[01:59:18] [324/324] BGTC
[01:59:19] ✅ DONE | Shows=0 | Movies=0
[02:50:08] 🚀 BMS DAILY TRACKER STARTED
[02:50:08] [1/324] GCTA
[02:50:08] 🧠 New identity
[02:50:08] [2/324] TOPN
[02:50:09] [3/324] MCUS
[02:50:10] [4/324] SHRL
[02:50:10] [5/324] UPTP
[02:50:11] [6/324] TMMP
[02:50:11] [7/324] DNRP
[02:50:12] [8/324] SRLT
[02:50:12] [9/324] RCNS
[02:50:13] [10/324] DCBH
[02:50:14] [11/324] NAGJ
[02:50:15] [12/324] JVRC
[02:50:15] [13/324] KRJG
[02:50:16] [14/324] SRTJ
[02:50:17] [15/324] CMXM
[02:50:17] [16/324] STMI
[02:50:18] [17/324] SLST
[02:50:19] [18/324] DTCN
[02:50:19] [19/324] STYN
[02:50:20] [20/324] SZVR
[02:50:21] [21/324] SRKO
[02:50:21] [22/324] JTGT
[02:50:22] [23/324] SVFD
[02:50:23] [24/324] SISD
[02:50:23] [25/324] ABDD
[02:50:24] [26/324] DRCA
[02:50:25] [27/324] AVCS
[02:50:25] [28/324] MVKH
[02:50:26] [29/324] ACPR
[02:50:26] [30/324] STIP
[02:50:27] [31/324] MTRA
[02:50:27] [32/324] RMKH
[02:50:28] [33/324] NKRL
[02:50:28] [34/324] PCWN
[02:50:29] [35/324] BLMT
[02:50:30] [36/324] GDPG
[02:50:30] [37/324] SRMX
[02:50:31] [38/324] JACP
[02:50:32] [39/324] CPSH
[02:50:32] [40/324] MCCD
[02:50:33] [41/324] ECGH
[02:50:33] [42/324] MKCK
[02:50:34] [43/324] SRMM
[02:50:35] [44/324] SKYR
[02:50:35] [45/324] PCKC
[02:50:36] [46/324] JCMA
[02:50:37] [47/324] BSMP
[02:50:37] [48/324] VSPA
[02:50:38] [49/324] DJYA
[02:50:38] [50/324] DIMP
[02:50:39] [51/324] FXDR
[02:50:39] [52/324] SSRC
[02:50:40] [53/324] STHP
[02:50:40] [54/324] CPPD
[02:50:41] [55/324] FCLK
[02:50:41] [56/324] SCPP
[02:50:42] [57/324] DCMJ
[02:50:43] [58/324] RCCR
[02:50:43] [59/324] INMT
[02:50:44] [60/324] LXTK
[02:50:44] [61/324] SRYK
[02:50:45] [62/324] SGDK
[02:50:45] [63/324] PPKA
[02:50:46] [64/324] SPKA
[02:50:47] [65/324] CGHH
[02:50:48] [66/324] DCJN
[02:50:48] [67/324] SRKV
[02:50:49] [68/324] SAJC
[02:50:50] [69/324] SUSR
[02:50:50] [70/324] STYG
[02:50:51] [71/324] NTKP
[02:50:51] [72/324] AKTG
[02:50:52] [73/324] CGCM
[02:50:53] [74/324] TULC
[02:50:53] [75/324] NYYZ
[02:50:54] [76/324] NYBW
[02:50:54] [77/324] MACB
[02:50:55] [78/324] SLVT
[02:50:56] [79/324] SANA
[02:50:56] [80/324] ACMR
[02:50:57] [81/324] CPKN
[02:50:57] [82/324] DLGK
[02:50:58] [83/324] CWCK
[02:50:58] [84/324] FDDH
[02:50:59] [85/324] MMMD
[02:51:00] [86/324] CMEH
[02:51:00] [87/324] GGGV
[02:51:01] [88/324] SPJL
[02:51:01] [89/324] RCCD
[02:51:02] [90/324] STTZ
[02:51:03] [91/324] BTCF
[02:51:03] [92/324] TSTZ
[02:51:04] [93/324] IPMM
[02:51:05] [94/324] PMPW
[02:51:05] [95/324] PCMZ
[02:51:06] [96/324] ESEM
[02:51:07] [97/324] PIPO
[02:51:07] [98/324] MATK
[02:51:08] [99/324] PGHM
[02:51:09] [100/324] CTSR
[02:51:09] [101/324] CYKR
[02:51:10] [102/324] MSCM
[02:51:11] [103/324] RFNP
[02:51:11] [104/324] PDCP
[02:51:12] [105/324] NPSE
[02:51:12] [106/324] MKML
[02:51:13] [107/324] FTDP
[02:51:14] [108/324] MMXA
[02:51:14] [109/324] CEPO
[02:51:15] [110/324] CMVP
[02:51:15] [111/324] SGTH
[02:51:16] [112/324] SAYN
[02:51:17] [113/324] URVS
[02:51:17] [114/324] VJTN
[02:51:18] [115/324] BBYK
[02:51:18] [116/324] SHBO
[02:51:18] [117/324] VCMR
[02:51:19] [118/324] MACT
[02:51:20] [119/324] JMNP
[02:51:20] [120/324] VICS
[02:51:21] [121/324] VCDA
[02:51:21] [122/324] GCMM
[02:51:22] [123/324] INVS
[02:51:23] [124/324] SCGM
[02:51:23] [125/324] PCDA
[02:51:24] [126/324] KDCT
[02:51:24] [127/324] JACS
[02:51:25] [128/324] GMMC
[02:51:26] [129/324] AICM
[02:51:26] [130/324] TJCM
[02:51:27] [131/324] RMTI
[02:51:28] [132/324] SHAC
[02:51:28] [133/324] APJC
[02:51:29] [134/324] GCTG
[02:51:30] [135/324] SSMC
[02:51:30] [136/324] THRM
[02:51:31] [137/324] RBCT
[02:51:31] [138/324] DIKT
[02:51:32] [139/324] MIDL
[02:51:33] [140/324] VCSN
[02:51:33] [141/324] SKTG
[02:51:34] [142/324] SMWC
[02:51:34] [143/324] MNKH
[02:51:35] [144/324] PIAT
[02:51:36] [145/324] LTTP
[02:51:36] [146/324] PTPU
[02:51:37] [147/324] ACMG
[02:51:38] [148/324] SHMM
[02:51:38] [149/324] MCMN
[02:51:39] [150/324] GLDC
[02:51:39] [151/324] HOUT
[02:51:40] [152/324] SVRP
[02:51:40] [153/324] PVDN
[02:51:41] [154/324] SCPY
[02:51:42] [155/324] DTPY
[02:51:42] [156/324] GKCS
[02:51:43] [157/324] NCAM
[02:51:43] [158/324] BSRM
[02:51:44] [159/324] RCLC
[02:51:44] [160/324] SKKD
[02:51:45] [161/324] ACHU
[02:51:46] [162/324] RSCF
[02:51:46] [163/324] IMSH
[02:51:47] [164/324] MACX
[02:51:47] [165/324] HMMW
[02:51:48] [166/324] JTCP
[02:51:49] [167/324] SREN
[02:51:49] [168/324] PJRR
[02:51:50] [169/324] INAC
[02:51:51] [170/324] BMCA
[02:51:51] [171/324] SHCB
[02:51:52] [172/324] GABA
[02:51:52] [173/324] SBCT
[02:51:53] [174/324] GCMA
[02:51:54] [175/324] MYTK
[02:51:54] [176/324] INZS
[02:51:55] [177/324] RMIK
[02:51:55] [178/324] NYCH
[02:51:56] [179/324] RAVE
[02:51:57] [180/324] PSXM
[02:51:57] [181/324] MCGP
[02:51:58] [182/324] PDDK
[02:51:58] [183/324] SPCK
[02:51:59] [184/324] MCRL
[02:52:00] [185/324] MHKT
[02:52:00] [186/324] ANRR
[02:52:01] [187/324] SAPK
[02:52:01] [188/324] NCUK
[02:52:02] [189/324] JUGA
[02:52:02] [190/324] DBSC
[02:52:03] [191/324] LALK
[02:52:04] [192/324] GUCK
[02:52:04] [193/324] STSG
[02:52:05] [194/324] PPPZ
[02:52:05] [195/324] CNCY
[02:52:06] [196/324] MTAR
[02:52:06] [197/324] VNKD
[02:52:07] [198/324] KMAJ
[02:52:08] [199/324] ACXK
[02:52:08] [200/324] UTKC
[02:52:09] [201/324] PBLK
[02:52:09] [202/324] ACBX
[02:52:10] [203/324] PTGM
[02:52:11] [204/324] BTDA
[02:52:11] [205/324] PJMB
[02:52:12] [206/324] TPDA
[02:52:12] [207/324] AMOE
[02:52:13] [208/324] PRHT
[02:52:14] [209/324] PRTA
[02:52:14] [210/324] STAM
[02:52:15] [211/324] MSAA
[02:52:15] [212/324] SDLU
[02:52:16] [213/324] RCHH
[02:52:16] [214/324] KANT
[02:52:17] [215/324] FCRT
[02:52:17] [216/324] DNKM
[02:52:18] [217/324] RYCP
[02:52:18] [218/324] MYRP
[02:52:19] [219/324] PPAK
[02:52:19] [220/324] NVPK
[02:52:20] [221/324] PRMC
[02:52:21] [222/324] JBCS
[02:52:21] [223/324] GXCK
[02:52:22] [224/324] USKO
[02:52:22] [225/324] GTEM
[02:52:23] [226/324] SMBU
[02:52:23] [227/324] VETC
[02:52:24] [228/324] LCDA
[02:52:25] [229/324] MTVT
[02:52:25] [230/324] PYCP
[02:52:26] [231/324] PNSC
[02:52:26] [232/324] PPCC
[02:52:27] [233/324] TGRT
[02:52:28] [234/324] JYOT
[02:52:28] [235/324] SRCZ
[02:52:29] [236/324] SJTE
[02:52:30] [237/324] DESC
[02:52:30] [238/324] JHVN
[02:52:31] [239/324] IPSG
[02:52:31] [240/324] IPCM
[02:52:32] [241/324] PDRS
[02:52:33] [242/324] ANCV
[02:52:33] [243/324] CMVV
[02:52:34] [244/324] SHYP
[02:52:34] [245/324] DNCS
[02:52:35] [246/324] GAJK
[02:52:36] [247/324] AKTN
[02:52:37] [248/324] KAYA
[02:52:37] [249/324] SBRC
[02:52:37] [250/324] CHTP
[02:52:38] [251/324] SHRT
[02:52:39] [252/324] BCKU
[02:52:39] [253/324] FCPS
[02:52:40] [254/324] ARDD
[02:52:41] [255/324] CPCM
[02:52:41] [256/324] CGSM
[02:52:42] [257/324] PSMP
[02:52:43] [258/324] SDAL
[02:52:43] [259/324] RTNB
[02:52:43] [260/324] LMCR
[02:52:44] [261/324] CIMA
[02:52:45] [262/324] RNAS
[02:52:45] [263/324] LITH
[02:52:46] [264/324] PBOX
[02:52:47] [265/324] FRTS
[02:52:47] [266/324] RKIC
[02:52:48] [267/324] PTAI
[02:52:48] [268/324] GCIC
[02:52:49] [269/324] FNAS
[02:52:50] [270/324] SCAR
[02:52:50] [271/324] MTCA
[02:52:51] [272/324] SCTS
[02:52:51] [273/324] SYCS
[02:52:52] [274/324] RDMS
[02:52:53] [275/324] KAMP
[02:52:53] [276/324] ERSD
[02:52:54] [277/324] MJMJ
[02:52:54] [278/324] SRCJ
[02:52:55] [279/324] SCXE
[02:52:55] [280/324] SVFR
[02:52:56] [281/324] BHCS
[02:52:56] [282/324] IMCC
[02:52:57] [283/324] PCBO
[02:52:57] [284/324] PRVN
[02:52:58] [285/324] AUPM
[02:52:59] [286/324] INBW
[02:52:59] [287/324] SVCW
[02:53:00] [288/324] RKCF
[02:53:01] [289/324] UVBH
[02:53:01] [290/324] DNCY
[02:53:02] [291/324] ABCN
[02:53:02] [292/324] PRUR
[02:53:03] [293/324] PFMR
[02:53:04] [294/324] RKCN
[02:53:04] [295/324] CFEA
[02:53:05] [296/324] SDBG
[02:53:06] [297/324] SNAR
[02:53:06] [298/324] YISI
[02:53:07] [299/324] JCFF
[02:53:07] [300/324] VTRK
[02:53:08] [301/324] PCLZ
[02:53:08] [302/324] DIMY
[02:53:09] [303/324] BBTS
[02:53:09] [304/324] GATH
[02:53:10] [305/324] GTMN
[02:53:11] [306/324] VTMH
[02:53:11] [307/324] CCKP
[02:53:12] [308/324] GPKA
[02:53:12] [309/324] MHCL
[02:53:13] [310/324] ATCL
[02:53:13] [311/324] SBCK
[02:53:14] [312/324] AMMR
[02:53:15] [313/324] MADC
[02:53:15] [314/324] TMMA
[02:53:16] [315/324] CACC
[02:53:16] [316/324] CHAL
[02:53:17] [317/324] DURG
[02:53:18] [318/324] GMKU
[02:53:18] [319/324] GECA
[02:53:19] [320/324] KYRR
[02:53:19] [321/324] KSDE
[02:53:20] [322/324] LMCI
[02:53:21] [323/324] NKCP
[02:53:21] [324/324] BGTC
[02:53:22] ✅ DONE | Shows=0 | Movies=0
[03:51:15] 🚀 BMS DAILY TRACKER STARTED
[03:51:15] [1/324] GCTA
[03:51:15] 🧠 New identity
[03:51:16] [2/324] TOPN
[03:51:16] [3/324] MCUS
[03:51:17] [4/324] SHRL
[03:51:18] [5/324] UPTP
[03:51:19] [6/324] TMMP
[03:51:21] [7/324] DNRP
[03:51:22] [8/324] SRLT
[03:51:22] [9/324] RCNS
[03:51:24] [10/324] DCBH
[03:51:25] [11/324] NAGJ
[03:51:26] [12/324] JVRC
[03:51:27] [13/324] KRJG
[03:51:28] [14/324] SRTJ
[03:51:28] [15/324] CMXM
[03:51:29] [16/324] STMI
[03:51:30] [17/324] SLST
[03:51:31] [18/324] DTCN
[03:51:32] [19/324] STYN
[03:51:32] [20/324] SZVR
[03:51:33] [21/324] SRKO
[03:51:34] [22/324] JTGT
[03:51:35] [23/324] SVFD
[03:51:36] [24/324] SISD
[03:51:37] [25/324] ABDD
[03:51:37] [26/324] DRCA
[03:51:38] [27/324] AVCS
[03:51:39] [28/324] MVKH
[03:51:40] [29/324] ACPR
[03:51:41] [30/324] STIP
[03:51:42] [31/324] MTRA
[03:51:44] [32/324] RMKH
[03:51:45] [33/324] NKRL
[03:51:45] [34/324] PCWN
[03:51:46] [35/324] BLMT
[03:51:47] [36/324] GDPG
[03:51:48] [37/324] SRMX
[03:51:49] [38/324] JACP
[03:51:50] [39/324] CPSH
[03:51:50] [40/324] MCCD
[03:51:51] [41/324] ECGH
[03:51:52] [42/324] MKCK
[03:51:53] [43/324] SRMM
[03:51:54] [44/324] SKYR
[03:51:54] [45/324] PCKC
[03:51:55] [46/324] JCMA
[03:51:56] [47/324] BSMP
[03:51:57] [48/324] VSPA
[03:51:58] [49/324] DJYA
[03:51:59] [50/324] DIMP
[03:52:00] [51/324] FXDR
[03:52:01] [52/324] SSRC
[03:52:02] [53/324] STHP
[03:52:03] [54/324] CPPD
[03:52:04] [55/324] FCLK
[03:52:05] [56/324] SCPP
[03:52:06] [57/324] DCMJ
[03:52:07] [58/324] RCCR
[03:52:08] [59/324] INMT
[03:52:09] [60/324] LXTK
[03:52:10] [61/324] SRYK
[03:52:10] [62/324] SGDK
[03:52:11] [63/324] PPKA
[03:52:12] [64/324] SPKA
[03:52:13] [65/324] CGHH
[03:52:14] [66/324] DCJN
[03:52:15] [67/324] SRKV
[03:52:16] [68/324] SAJC
[03:52:17] [69/324] SUSR
[03:52:17] [70/324] STYG
[03:52:18] [71/324] NTKP
[03:52:20] [72/324] AKTG
[03:52:21] [73/324] CGCM
[03:52:21] [74/324] TULC
[03:52:22] [75/324] NYYZ
[03:52:23] [76/324] NYBW
[03:52:23] [77/324] MACB
[03:52:25] [78/324] SLVT
[03:52:27] [79/324] SANA
[03:52:28] [80/324] ACMR
[03:52:29] [81/324] CPKN
[03:52:30] [82/324] DLGK
[03:52:31] [83/324] CWCK
[03:52:32] [84/324] FDDH
[03:52:32] [85/324] MMMD
[03:52:33] [86/324] CMEH
[03:52:34] [87/324] GGGV
[03:52:35] [88/324] SPJL
[03:52:36] [89/324] RCCD
[03:52:37] [90/324] STTZ
[03:52:38] [91/324] BTCF
[03:52:39] [92/324] TSTZ
[03:52:40] [93/324] IPMM
[03:52:41] [94/324] PMPW
[03:52:42] [95/324] PCMZ
[03:52:43] [96/324] ESEM
[03:52:44] [97/324] PIPO
[03:52:45] [98/324] MATK
[03:52:47] [99/324] PGHM
[03:52:47] [100/324] CTSR
[03:52:48] [101/324] CYKR
[03:52:49] [102/324] MSCM
[03:52:51] [103/324] RFNP
[03:52:52] [104/324] PDCP
[03:52:53] [105/324] NPSE
[03:52:53] [106/324] MKML
[03:52:54] [107/324] FTDP
[03:52:55] [108/324] MMXA
[03:52:57] [109/324] CEPO
[03:52:57] [110/324] CMVP
[03:52:58] [111/324] SGTH
[03:52:59] [112/324] SAYN
[03:53:00] [113/324] URVS
[03:53:00] [114/324] VJTN
[03:53:01] [115/324] BBYK
[03:53:02] [116/324] SHBO
[03:53:03] [117/324] VCMR
[03:53:03] [118/324] MACT
[03:53:04] [119/324] JMNP
[03:53:05] [120/324] VICS
[03:53:06] [121/324] VCDA
[03:53:06] [122/324] GCMM
[03:53:08] [123/324] INVS
[03:53:09] [124/324] SCGM
[03:53:09] [125/324] PCDA
[03:53:10] [126/324] KDCT
[03:53:11] [127/324] JACS
[03:53:12] [128/324] GMMC
[03:53:13] [129/324] AICM
[03:53:14] [130/324] TJCM
[03:53:16] [131/324] RMTI
[03:53:17] [132/324] SHAC
[03:53:18] [133/324] APJC
[03:53:19] [134/324] GCTG
[03:53:20] [135/324] SSMC
[03:53:21] [136/324] THRM
[03:53:22] [137/324] RBCT
[03:53:23] [138/324] DIKT
[03:53:24] [139/324] MIDL
[03:53:25] [140/324] VCSN
[03:53:25] [141/324] SKTG
[03:53:26] [142/324] SMWC
[03:53:27] [143/324] MNKH
[03:53:28] [144/324] PIAT
[03:53:29] [145/324] LTTP
[03:53:30] [146/324] PTPU
[03:53:31] [147/324] ACMG
[03:53:31] [148/324] SHMM
[03:53:32] [149/324] MCMN
[03:53:33] [150/324] GLDC
[03:53:34] [151/324] HOUT
[03:53:35] [152/324] SVRP
[03:53:36] [153/324] PVDN
[03:53:38] [154/324] SCPY
[03:53:40] [155/324] DTPY
[03:53:41] [156/324] GKCS
[03:53:42] [157/324] NCAM
[03:53:43] [158/324] BSRM
[03:53:44] [159/324] RCLC
[03:53:45] [160/324] SKKD
[03:53:46] [161/324] ACHU
[03:53:47] [162/324] RSCF
[03:53:48] [163/324] IMSH
[03:53:49] [164/324] MACX
[03:53:51] [165/324] HMMW
[03:53:52] [166/324] JTCP
[03:53:52] [167/324] SREN
[03:53:53] [168/324] PJRR
[03:53:54] [169/324] INAC
[03:53:55] [170/324] BMCA
[03:53:55] [171/324] SHCB
[03:53:56] [172/324] GABA
[03:53:57] [173/324] SBCT
[03:53:59] [174/324] GCMA
[03:54:00] [175/324] MYTK
[03:54:01] [176/324] INZS
[03:54:02] [177/324] RMIK
[03:54:03] [178/324] NYCH
[03:54:04] [179/324] RAVE
[03:54:04] [180/324] PSXM
[03:54:05] [181/324] MCGP
[03:54:06] [182/324] PDDK
[03:54:07] [183/324] SPCK
[03:54:08] [184/324] MCRL
[03:54:09] [185/324] MHKT
[03:54:10] [186/324] ANRR
[03:54:11] [187/324] SAPK
[03:54:11] [188/324] NCUK
[03:54:12] [189/324] JUGA
[03:54:14] [190/324] DBSC
[03:54:15] [191/324] LALK
[03:54:16] [192/324] GUCK
[03:54:17] [193/324] STSG
[03:54:18] [194/324] PPPZ
[03:54:19] [195/324] CNCY
[03:54:19] [196/324] MTAR
[03:54:20] [197/324] VNKD
[03:54:21] [198/324] KMAJ
[03:54:22] [199/324] ACXK
[03:54:22] [200/324] UTKC
[03:54:23] [201/324] PBLK
[03:54:25] [202/324] ACBX
[03:54:26] [203/324] PTGM
[03:54:26] [204/324] BTDA
[03:54:27] [205/324] PJMB
[03:54:28] [206/324] TPDA
[03:54:29] [207/324] AMOE
[03:54:30] [208/324] PRHT
[03:54:30] [209/324] PRTA
[03:54:31] [210/324] STAM
[03:54:32] [211/324] MSAA
[03:54:33] [212/324] SDLU
[03:54:34] [213/324] RCHH
[03:54:35] [214/324] KANT
[03:54:36] [215/324] FCRT
[03:54:37] [216/324] DNKM
[03:54:38] [217/324] RYCP
[03:54:38] [218/324] MYRP
[03:54:39] [219/324] PPAK
[03:54:41] [220/324] NVPK
[03:54:41] [221/324] PRMC
[03:54:42] [222/324] JBCS
[03:54:43] [223/324] GXCK
[03:54:45] [224/324] USKO
[03:54:45] [225/324] GTEM
[03:54:46] [226/324] SMBU
[03:54:47] [227/324] VETC
[03:54:48] [228/324] LCDA
[03:54:48] [229/324] MTVT
[03:54:50] [230/324] PYCP
[03:54:51] [231/324] PNSC
[03:54:51] [232/324] PPCC
[03:54:52] [233/324] TGRT
[03:54:53] [234/324] JYOT
[03:54:54] [235/324] SRCZ
[03:54:55] [236/324] SJTE
[03:54:56] [237/324] DESC
[03:54:57] [238/324] JHVN
[03:54:58] [239/324] IPSG
[03:54:59] [240/324] IPCM
[03:55:00] [241/324] PDRS
[03:55:00] [242/324] ANCV
[03:55:01] [243/324] CMVV
[03:55:02] [244/324] SHYP
[03:55:03] [245/324] DNCS
[03:55:04] [246/324] GAJK
[03:55:05] [247/324] AKTN
[03:55:06] [248/324] KAYA
[03:55:08] [249/324] SBRC
[03:55:09] [250/324] CHTP
[03:55:10] [251/324] SHRT
[03:55:11] [252/324] BCKU
[03:55:12] [253/324] FCPS
[03:55:14] [254/324] ARDD
[03:55:14] [255/324] CPCM
[03:55:15] [256/324] CGSM
[03:55:16] [257/324] PSMP
[03:55:17] [258/324] SDAL
[03:55:18] [259/324] RTNB
[03:55:19] [260/324] LMCR
[03:55:19] [261/324] CIMA
[03:55:20] [262/324] RNAS
[03:55:21] [263/324] LITH
[03:55:22] [264/324] PBOX
[03:55:23] [265/324] FRTS
[03:55:23] [266/324] RKIC
[03:55:24] [267/324] PTAI
[03:55:25] [268/324] GCIC
[03:55:26] [269/324] FNAS
[03:55:27] [270/324] SCAR
[03:55:28] [271/324] MTCA
[03:55:29] [272/324] SCTS
[03:55:30] [273/324] SYCS
[03:55:31] [274/324] RDMS
[03:55:32] [275/324] KAMP
[03:55:34] [276/324] ERSD
[03:55:34] [277/324] MJMJ
[03:55:35] [278/324] SRCJ
[03:55:36] [279/324] SCXE
[03:55:38] [280/324] SVFR
[03:55:39] [281/324] BHCS
[03:55:40] [282/324] IMCC
[03:55:41] [283/324] PCBO
[03:55:42] [284/324] PRVN
[03:55:43] [285/324] AUPM
[03:55:43] [286/324] INBW
[03:55:45] [287/324] SVCW
[03:55:46] [288/324] RKCF
[03:55:47] [289/324] UVBH
[03:55:48] [290/324] DNCY
[03:55:50] [291/324] ABCN
[03:55:51] [292/324] PRUR
[03:55:51] [293/324] PFMR
[03:55:52] [294/324] RKCN
[03:55:53] [295/324] CFEA
[03:55:54] [296/324] SDBG
[03:55:55] [297/324] SNAR
[03:55:56] [298/324] YISI
[03:55:56] [299/324] JCFF
[03:55:57] [300/324] VTRK
[03:55:58] [301/324] PCLZ
[03:55:59] [302/324] DIMY
[03:56:00] [303/324] BBTS
[03:56:02] [304/324] GATH
[03:56:02] [305/324] GTMN
[03:56:04] [306/324] VTMH
[03:56:05] [307/324] CCKP
[03:56:06] [308/324] GPKA
[03:56:07] [309/324] MHCL
[03:56:08] [310/324] ATCL
[03:56:08] [311/324] SBCK
[03:56:09] [312/324] AMMR
[03:56:10] [313/324] MADC
[03:56:11] [314/324] TMMA
[03:56:12] [315/324] CACC
[03:56:13] [316/324] CHAL
[03:56:13] [317/324] DURG
[03:56:14] [318/324] GMKU
[03:56:15] [319/324] GECA
[03:56:17] [320/324] KYRR
[03:56:18] [321/324] KSDE
[03:56:18] [322/324] LMCI
[03:56:19] [323/324] NKCP
[03:56:20] [324/324] BGTC
[03:56:21] ✅ DONE | Shows=0 | Movies=0
[04:50:51] 🚀 BMS DAILY TRACKER STARTED
[04:50:51] [1/324] GCTA
[04:50:51] 🧠 New identity
[04:50:51] [2/324] TOPN
[04:50:52] [3/324] MCUS
[04:50:53] [4/324] SHRL
[04:50:53] [5/324] UPTP
[04:50:54] [6/324] TMMP
[04:50:55] [7/324] DNRP
[04:50:55] [8/324] SRLT
[04:50:56] [9/324] RCNS
[04:50:56] [10/324] DCBH
[04:50:57] [11/324] NAGJ
[04:50:57] [12/324] JVRC
[04:50:58] [13/324] KRJG
[04:50:59] [14/324] SRTJ
[04:50:59] [15/324] CMXM
[04:51:00] [16/324] STMI
[04:51:01] [17/324] SLST
[04:51:01] [18/324] DTCN
[04:51:02] [19/324] STYN
[04:51:03] [20/324] SZVR
[04:51:03] [21/324] SRKO
[04:51:04] [22/324] JTGT
[04:51:05] [23/324] SVFD
[04:51:06] [24/324] SISD
[04:51:06] [25/324] ABDD
[04:51:07] [26/324] DRCA
[04:51:08] [27/324] AVCS
[04:51:08] [28/324] MVKH
[04:51:09] [29/324] ACPR
[04:51:09] [30/324] STIP
[04:51:10] [31/324] MTRA
[04:51:11] [32/324] RMKH
[04:51:11] [33/324] NKRL
[04:51:12] [34/324] PCWN
[04:51:13] [35/324] BLMT
[04:51:14] [36/324] GDPG
[04:51:14] [37/324] SRMX
[04:51:15] [38/324] JACP
[04:51:16] [39/324] CPSH
[04:51:16] [40/324] MCCD
[04:51:17] [41/324] ECGH
[04:51:18] [42/324] MKCK
[04:51:19] [43/324] SRMM
[04:51:19] [44/324] SKYR
[04:51:20] [45/324] PCKC
[04:51:21] [46/324] JCMA
[04:51:21] [47/324] BSMP
[04:51:22] [48/324] VSPA
[04:51:22] [49/324] DJYA
[04:51:23] [50/324] DIMP
[04:51:24] [51/324] FXDR
[04:51:25] [52/324] SSRC
[04:51:25] [53/324] STHP
[04:51:26] [54/324] CPPD
[04:51:27] [55/324] FCLK
[04:51:27] [56/324] SCPP
[04:51:28] [57/324] DCMJ
[04:51:29] [58/324] RCCR
[04:51:29] [59/324] INMT
[04:51:30] [60/324] LXTK
[04:51:30] [61/324] SRYK
[04:51:31] [62/324] SGDK
[04:51:32] [63/324] PPKA
[04:51:32] [64/324] SPKA
[04:51:33] [65/324] CGHH
[04:51:33] [66/324] DCJN
[04:51:34] [67/324] SRKV
[04:51:35] [68/324] SAJC
[04:51:35] [69/324] SUSR
[04:51:36] [70/324] STYG
[04:51:37] [71/324] NTKP
[04:51:37] [72/324] AKTG
[04:51:38] [73/324] CGCM
[04:51:39] [74/324] TULC
[04:51:39] [75/324] NYYZ
[04:51:40] [76/324] NYBW
[04:51:40] [77/324] MACB
[04:51:41] [78/324] SLVT
[04:51:42] [79/324] SANA
[04:51:42] [80/324] ACMR
[04:51:43] [81/324] CPKN
[04:51:44] [82/324] DLGK
[04:51:45] [83/324] CWCK
[04:51:45] [84/324] FDDH
[04:51:46] [85/324] MMMD
[04:51:47] [86/324] CMEH
[04:51:47] [87/324] GGGV
[04:51:48] [88/324] SPJL
[04:51:48] [89/324] RCCD
[04:51:49] [90/324] STTZ
[04:51:50] [91/324] BTCF
[04:51:50] [92/324] TSTZ
[04:51:51] [93/324] IPMM
[04:51:52] [94/324] PMPW
[04:51:53] [95/324] PCMZ
[04:51:53] [96/324] ESEM
[04:51:54] [97/324] PIPO
[04:51:55] [98/324] MATK
[04:51:55] [99/324] PGHM
[04:51:56] [100/324] CTSR
[04:51:57] [101/324] CYKR
[04:51:57] [102/324] MSCM
[04:51:58] [103/324] RFNP
[04:51:59] [104/324] PDCP
[04:51:59] [105/324] NPSE
[04:52:00] [106/324] MKML
[04:52:01] [107/324] FTDP
[04:52:01] [108/324] MMXA
[04:52:02] [109/324] CEPO
[04:52:02] [110/324] CMVP
[04:52:03] [111/324] SGTH
[04:52:04] [112/324] SAYN
[04:52:04] [113/324] URVS
[04:52:05] [114/324] VJTN
[04:52:06] [115/324] BBYK
[04:52:06] [116/324] SHBO
[04:52:07] [117/324] VCMR
[04:52:07] [118/324] MACT
[04:52:08] [119/324] JMNP
[04:52:09] [120/324] VICS
[04:52:09] [121/324] VCDA
[04:52:10] [122/324] GCMM
[04:52:10] [123/324] INVS
[04:52:11] [124/324] SCGM
[04:52:12] [125/324] PCDA
[04:52:12] [126/324] KDCT
[04:52:13] [127/324] JACS
[04:52:14] [128/324] GMMC
[04:52:14] [129/324] AICM
[04:52:15] [130/324] TJCM
[04:52:16] [131/324] RMTI
[04:52:16] [132/324] SHAC
[04:52:17] [133/324] APJC
[04:52:18] [134/324] GCTG
[04:52:18] [135/324] SSMC
[04:52:19] [136/324] THRM
[04:52:20] [137/324] RBCT
[04:52:21] [138/324] DIKT
[04:52:21] [139/324] MIDL
[04:52:22] [140/324] VCSN
[04:52:22] [141/324] SKTG
[04:52:23] [142/324] SMWC
[04:52:24] [143/324] MNKH
[04:52:24] [144/324] PIAT
[04:52:25] [145/324] LTTP
[04:52:26] [146/324] PTPU
[04:52:26] [147/324] ACMG
[04:52:27] [148/324] SHMM
[04:52:27] [149/324] MCMN
[04:52:28] [150/324] GLDC
[04:52:29] [151/324] HOUT
[04:52:29] [152/324] SVRP
[04:52:30] [153/324] PVDN
[04:52:31] [154/324] SCPY
[04:52:31] [155/324] DTPY
[04:52:32] [156/324] GKCS
[04:52:32] [157/324] NCAM
[04:52:33] [158/324] BSRM
[04:52:34] [159/324] RCLC
[04:52:34] [160/324] SKKD
[04:52:35] [161/324] ACHU
[04:52:36] [162/324] RSCF
[04:52:36] [163/324] IMSH
[04:52:37] [164/324] MACX
[04:52:37] [165/324] HMMW
[04:52:38] [166/324] JTCP
[04:52:38] [167/324] SREN
[04:52:39] [168/324] PJRR
[04:52:40] [169/324] INAC
[04:52:40] [170/324] BMCA
[04:52:41] [171/324] SHCB
[04:52:42] [172/324] GABA
[04:52:42] [173/324] SBCT
[04:52:43] [174/324] GCMA
[04:52:44] [175/324] MYTK
[04:52:45] [176/324] INZS
[04:52:45] [177/324] RMIK
[04:52:46] [178/324] NYCH
[04:52:47] [179/324] RAVE
[04:52:47] [180/324] PSXM
[04:52:48] [181/324] MCGP
[04:52:48] [182/324] PDDK
[04:52:49] [183/324] SPCK
[04:52:50] [184/324] MCRL
[04:52:50] [185/324] MHKT
[04:52:51] [186/324] ANRR
[04:52:51] [187/324] SAPK
[04:52:52] [188/324] NCUK
[04:52:52] [189/324] JUGA
[04:52:53] [190/324] DBSC
[04:52:54] [191/324] LALK
[04:52:55] [192/324] GUCK
[04:52:55] [193/324] STSG
[04:52:56] [194/324] PPPZ
[04:52:57] [195/324] CNCY
[04:52:57] [196/324] MTAR
[04:52:58] [197/324] VNKD
[04:52:59] [198/324] KMAJ
[04:52:59] [199/324] ACXK
[04:53:00] [200/324] UTKC
[04:53:00] [201/324] PBLK
[04:53:01] [202/324] ACBX
[04:53:02] [203/324] PTGM
[04:53:02] [204/324] BTDA
[04:53:03] [205/324] PJMB
[04:53:04] [206/324] TPDA
[04:53:04] [207/324] AMOE
[04:53:05] [208/324] PRHT
[04:53:05] [209/324] PRTA
[04:53:06] [210/324] STAM
[04:53:07] [211/324] MSAA
[04:53:07] [212/324] SDLU
[04:53:08] [213/324] RCHH
[04:53:08] [214/324] KANT
[04:53:09] [215/324] FCRT
[04:53:10] [216/324] DNKM
[04:53:10] [217/324] RYCP
[04:53:11] [218/324] MYRP
[04:53:11] [219/324] PPAK
[04:53:12] [220/324] NVPK
[04:53:13] [221/324] PRMC
[04:53:13] [222/324] JBCS
[04:53:14] [223/324] GXCK
[04:53:14] [224/324] USKO
[04:53:15] [225/324] GTEM
[04:53:15] [226/324] SMBU
[04:53:16] [227/324] VETC
[04:53:17] [228/324] LCDA
[04:53:17] [229/324] MTVT
[04:53:18] [230/324] PYCP
[04:53:18] [231/324] PNSC
[04:53:19] [232/324] PPCC
[04:53:19] [233/324] TGRT
[04:53:20] [234/324] JYOT
[04:53:20] [235/324] SRCZ
[04:53:21] [236/324] SJTE
[04:53:21] [237/324] DESC
[04:53:22] [238/324] JHVN
[04:53:23] [239/324] IPSG
[04:53:23] [240/324] IPCM
[04:53:24] [241/324] PDRS
[04:53:24] [242/324] ANCV
[04:53:25] [243/324] CMVV
[04:53:26] [244/324] SHYP
[04:53:26] [245/324] DNCS
[04:53:27] [246/324] GAJK
[04:53:28] [247/324] AKTN
[04:53:28] [248/324] KAYA
[04:53:29] [249/324] SBRC
[04:53:30] [250/324] CHTP
[04:53:30] [251/324] SHRT
[04:53:31] [252/324] BCKU
[04:53:32] [253/324] FCPS
[04:53:32] [254/324] ARDD
[04:53:33] [255/324] CPCM
[04:53:34] [256/324] CGSM
[04:53:34] [257/324] PSMP
[04:53:35] [258/324] SDAL
[04:53:36] [259/324] RTNB
[04:53:36] [260/324] LMCR
[04:53:37] [261/324] CIMA
[04:53:38] [262/324] RNAS
[04:53:38] [263/324] LITH
[04:53:39] [264/324] PBOX
[04:53:39] [265/324] FRTS
[04:53:40] [266/324] RKIC
[04:53:41] [267/324] PTAI
[04:53:41] [268/324] GCIC
[04:53:42] [269/324] FNAS
[04:53:42] [270/324] SCAR
[04:53:43] [271/324] MTCA
[04:53:44] [272/324] SCTS
[04:53:45] [273/324] SYCS
[04:53:45] [274/324] RDMS
[04:53:46] [275/324] KAMP
[04:53:47] [276/324] ERSD
[04:53:47] [277/324] MJMJ
[04:53:48] [278/324] SRCJ
[04:53:49] [279/324] SCXE
[04:53:49] [280/324] SVFR
[04:53:50] [281/324] BHCS
[04:53:50] [282/324] IMCC
[04:53:51] [283/324] PCBO
[04:53:51] [284/324] PRVN
[04:53:52] [285/324] AUPM
[04:53:52] [286/324] INBW
[04:53:53] [287/324] SVCW
[04:53:53] [288/324] RKCF
[04:53:54] [289/324] UVBH
[04:53:55] [290/324] DNCY
[04:53:55] [291/324] ABCN
[04:53:56] [292/324] PRUR
[04:53:57] [293/324] PFMR
[04:53:57] [294/324] RKCN
[04:53:58] [295/324] CFEA
[04:53:59] [296/324] SDBG
[04:53:59] [297/324] SNAR
[04:54:00] [298/324] YISI
[04:54:00] [299/324] JCFF
[04:54:01] [300/324] VTRK
[04:54:01] [301/324] PCLZ
[04:54:02] [302/324] DIMY
[04:54:03] [303/324] BBTS
[04:54:04] [304/324] GATH
[04:54:04] [305/324] GTMN
[04:54:05] [306/324] VTMH
[04:54:05] [307/324] CCKP
[04:54:06] [308/324] GPKA
[04:54:06] [309/324] MHCL
[04:54:07] [310/324] ATCL
[04:54:07] [311/324] SBCK
[04:54:08] [312/324] AMMR
[04:54:09] [313/324] MADC
[04:54:09] [314/324] TMMA
[04:54:10] [315/324] CACC
[04:54:11] [316/324] CHAL
[04:54:12] [317/324] DURG
[04:54:12] [318/324] GMKU
[04:54:13] [319/324] GECA
[04:54:14] [320/324] KYRR
[04:54:14] [321/324] KSDE
[04:54:15] [322/324] LMCI
[04:54:16] [323/324] NKCP
[04:54:16] [324/324] BGTC
[04:54:17] ✅ DONE | Shows=6 | Movies=2
[07:18:04] 🚀 BMS DAILY TRACKER STARTED
[07:18:04] [1/324] GCTA
[07:18:04] 🧠 New identity
[07:18:05] [2/324] TOPN
[07:18:05] [3/324] MCUS
[07:18:06] [4/324] SHRL
[07:18:07] [5/324] UPTP
[07:18:08] [6/324] TMMP
[07:18:09] [7/324] DNRP
[07:18:10] [8/324] SRLT
[07:18:10] [9/324] RCNS
[07:18:11] [10/324] DCBH
[07:18:12] [11/324] NAGJ
[07:18:13] [12/324] JVRC
[07:18:14] [13/324] KRJG
[07:18:15] [14/324] SRTJ
[07:18:15] [15/324] CMXM
[07:18:16] [16/324] STMI
[07:18:17] [17/324] SLST
[07:18:18] [18/324] DTCN
[07:18:19] [19/324] STYN
[07:18:20] [20/324] SZVR
[07:18:20] [21/324] SRKO
[07:18:21] [22/324] JTGT
[07:18:23] [23/324] SVFD
[07:18:24] [24/324] SISD
[07:18:24] [25/324] ABDD
[07:18:25] [26/324] DRCA
[07:18:27] [27/324] AVCS
[07:18:28] [28/324] MVKH
[07:18:28] [29/324] ACPR
[07:18:30] [30/324] STIP
[07:18:31] [31/324] MTRA
[07:18:32] [32/324] RMKH
[07:18:33] [33/324] NKRL
[07:18:33] [34/324] PCWN
[07:18:34] [35/324] BLMT
[07:18:35] [36/324] GDPG
[07:18:36] [37/324] SRMX
[07:18:37] [38/324] JACP
[07:18:38] [39/324] CPSH
[07:18:39] [40/324] MCCD
[07:18:40] [41/324] ECGH
[07:18:41] [42/324] MKCK
[07:18:41] [43/324] SRMM
[07:18:42] [44/324] SKYR
[07:18:43] [45/324] PCKC
[07:18:44] [46/324] JCMA
[07:18:45] [47/324] BSMP
[07:18:46] [48/324] VSPA
[07:18:47] [49/324] DJYA
[07:18:48] [50/324] DIMP
[07:18:49] [51/324] FXDR
[07:18:50] [52/324] SSRC
[07:18:51] [53/324] STHP
[07:18:52] [54/324] CPPD
[07:18:53] [55/324] FCLK
[07:18:54] [56/324] SCPP
[07:18:54] [57/324] DCMJ
[07:18:55] [58/324] RCCR
[07:18:56] [59/324] INMT
[07:18:57] [60/324] LXTK
[07:18:58] [61/324] SRYK
[07:18:58] [62/324] SGDK
[07:18:59] [63/324] PPKA
[07:19:00] [64/324] SPKA
[07:19:01] [65/324] CGHH
[07:19:02] [66/324] DCJN
[07:19:03] [67/324] SRKV
[07:19:04] [68/324] SAJC
[07:19:04] [69/324] SUSR
[07:19:05] [70/324] STYG
[07:19:06] [71/324] NTKP
[07:19:07] [72/324] AKTG
[07:19:08] [73/324] CGCM
[07:19:09] [74/324] TULC
[07:19:10] [75/324] NYYZ
[07:19:11] [76/324] NYBW
[07:19:11] [77/324] MACB
[07:19:12] [78/324] SLVT
[07:19:13] [79/324] SANA
[07:19:14] [80/324] ACMR
[07:19:15] [81/324] CPKN
[07:19:16] [82/324] DLGK
[07:19:17] [83/324] CWCK
[07:19:18] [84/324] FDDH
[07:19:19] [85/324] MMMD
[07:19:21] [86/324] CMEH
[07:19:22] [87/324] GGGV
[07:19:22] [88/324] SPJL
[07:19:23] [89/324] RCCD
[07:19:24] [90/324] STTZ
[07:19:25] [91/324] BTCF
[07:19:26] [92/324] TSTZ
[07:19:27] [93/324] IPMM
[07:19:27] [94/324] PMPW
[07:19:29] [95/324] PCMZ
[07:19:29] [96/324] ESEM
[07:19:30] [97/324] PIPO
[07:19:31] [98/324] MATK
[07:19:32] [99/324] PGHM
[07:19:33] [100/324] CTSR
[07:19:34] [101/324] CYKR
[07:19:35] [102/324] MSCM
[07:19:35] [103/324] RFNP
[07:19:36] [104/324] PDCP
[07:19:38] [105/324] NPSE
[07:19:38] [106/324] MKML
[07:19:39] [107/324] FTDP
[07:19:41] [108/324] MMXA
[07:19:41] [109/324] CEPO
[07:19:42] [110/324] CMVP
[07:19:43] [111/324] SGTH
[07:19:44] [112/324] SAYN
[07:19:45] [113/324] URVS
[07:19:45] [114/324] VJTN
[07:19:47] [115/324] BBYK
[07:19:48] [116/324] SHBO
[07:19:49] [117/324] VCMR
[07:19:50] [118/324] MACT
[07:19:50] [119/324] JMNP
[07:19:51] [120/324] VICS
[07:19:53] [121/324] VCDA
[07:19:54] [122/324] GCMM
[07:19:54] [123/324] INVS
[07:19:55] [124/324] SCGM
[07:19:56] [125/324] PCDA
[07:19:57] [126/324] KDCT
[07:19:58] [127/324] JACS
[07:19:59] [128/324] GMMC
[07:20:00] [129/324] AICM
[07:20:01] [130/324] TJCM
[07:20:02] [131/324] RMTI
[07:20:03] [132/324] SHAC
[07:20:03] [133/324] APJC
[07:20:04] [134/324] GCTG
[07:20:05] [135/324] SSMC
[07:20:06] [136/324] THRM
[07:20:07] [137/324] RBCT
[07:20:08] [138/324] DIKT
[07:20:08] [139/324] MIDL
[07:20:09] [140/324] VCSN
[07:20:10] [141/324] SKTG
[07:20:11] [142/324] SMWC
[07:20:12] [143/324] MNKH
[07:20:13] [144/324] PIAT
[07:20:13] [145/324] LTTP
[07:20:14] [146/324] PTPU
[07:20:15] [147/324] ACMG
[07:20:16] [148/324] SHMM
[07:20:17] [149/324] MCMN
[07:20:18] [150/324] GLDC
[07:20:19] [151/324] HOUT
[07:20:19] [152/324] SVRP
[07:20:20] [153/324] PVDN
[07:20:21] [154/324] SCPY
[07:20:22] [155/324] DTPY
[07:20:23] [156/324] GKCS
[07:20:24] [157/324] NCAM
[07:20:25] [158/324] BSRM
[07:20:26] [159/324] RCLC
[07:20:26] [160/324] SKKD
[07:20:28] [161/324] ACHU
[07:20:29] [162/324] RSCF
[07:20:30] [163/324] IMSH
[07:20:31] [164/324] MACX
[07:20:32] [165/324] HMMW
[07:20:32] [166/324] JTCP
[07:20:33] [167/324] SREN
[07:20:34] [168/324] PJRR
[07:20:35] [169/324] INAC
[07:20:37] [170/324] BMCA
[07:20:37] [171/324] SHCB
[07:20:38] [172/324] GABA
[07:20:39] [173/324] SBCT
[07:20:40] [174/324] GCMA
[07:20:40] [175/324] MYTK
[07:20:41] [176/324] INZS
[07:20:42] [177/324] RMIK
[07:20:43] [178/324] NYCH
[07:20:44] [179/324] RAVE
[07:20:45] [180/324] PSXM
[07:20:45] [181/324] MCGP
[07:20:46] [182/324] PDDK
[07:20:48] [183/324] SPCK
[07:20:49] [184/324] MCRL
[07:20:49] [185/324] MHKT
[07:20:50] [186/324] ANRR
[07:20:51] [187/324] SAPK
[07:20:52] [188/324] NCUK
[07:20:53] [189/324] JUGA
[07:20:53] [190/324] DBSC
[07:20:54] [191/324] LALK
[07:20:55] [192/324] GUCK
[07:20:56] [193/324] STSG
[07:20:57] [194/324] PPPZ
[07:20:58] [195/324] CNCY
[07:20:58] [196/324] MTAR
[07:20:59] [197/324] VNKD
[07:21:00] [198/324] KMAJ
[07:21:01] [199/324] ACXK
[07:21:02] [200/324] UTKC
[07:21:02] [201/324] PBLK
[07:21:03] [202/324] ACBX
[07:21:04] [203/324] PTGM
[07:21:05] [204/324] BTDA
[07:21:06] [205/324] PJMB
[07:21:06] [206/324] TPDA
[07:21:07] [207/324] AMOE
[07:21:08] [208/324] PRHT
[07:21:09] [209/324] PRTA
[07:21:09] [210/324] STAM
[07:21:10] [211/324] MSAA
[07:21:12] [212/324] SDLU
[07:21:12] [213/324] RCHH
[07:21:13] [214/324] KANT
[07:21:15] [215/324] FCRT
[07:21:15] [216/324] DNKM
[07:21:16] [217/324] RYCP
[07:21:17] [218/324] MYRP
[07:21:18] [219/324] PPAK
[07:21:19] [220/324] NVPK
[07:21:19] [221/324] PRMC
[07:21:20] [222/324] JBCS
[07:21:21] [223/324] GXCK
[07:21:22] [224/324] USKO
[07:21:23] [225/324] GTEM
[07:21:23] [226/324] SMBU
[07:21:24] [227/324] VETC
[07:21:25] [228/324] LCDA
[07:21:26] [229/324] MTVT
[07:21:27] [230/324] PYCP
[07:21:28] [231/324] PNSC
[07:21:29] [232/324] PPCC
[07:21:29] [233/324] TGRT
[07:21:30] [234/324] JYOT
[07:21:31] [235/324] SRCZ
[07:21:32] [236/324] SJTE
[07:21:33] [237/324] DESC
[07:21:33] [238/324] JHVN
[07:21:35] [239/324] IPSG
[07:21:36] [240/324] IPCM
[07:21:37] [241/324] PDRS
[07:21:37] [242/324] ANCV
[07:21:38] [243/324] CMVV
[07:21:39] [244/324] SHYP
[07:21:40] [245/324] DNCS
[07:21:41] [246/324] GAJK
[07:21:42] [247/324] AKTN
[07:21:43] [248/324] KAYA
[07:21:44] [249/324] SBRC
[07:21:45] [250/324] CHTP
[07:21:45] [251/324] SHRT
[07:21:46] [252/324] BCKU
[07:21:47] [253/324] FCPS
[07:21:48] [254/324] ARDD
[07:21:49] [255/324] CPCM
[07:21:49] [256/324] CGSM
[07:21:51] [257/324] PSMP
[07:21:52] [258/324] SDAL
[07:21:53] [259/324] RTNB
[07:21:54] [260/324] LMCR
[07:21:55] [261/324] CIMA
[07:21:56] [262/324] RNAS
[07:21:56] [263/324] LITH
[07:21:58] [264/324] PBOX
[07:21:59] [265/324] FRTS
[07:21:59] [266/324] RKIC
[07:22:01] [267/324] PTAI
[07:22:02] [268/324] GCIC
[07:22:03] [269/324] FNAS
[07:22:04] [270/324] SCAR
[07:22:05] [271/324] MTCA
[07:22:05] [272/324] SCTS
[07:22:06] [273/324] SYCS
[07:22:07] [274/324] RDMS
[07:22:08] [275/324] KAMP
[07:22:09] [276/324] ERSD
[07:22:10] [277/324] MJMJ
[07:22:10] [278/324] SRCJ
[07:22:11] [279/324] SCXE
[07:22:12] [280/324] SVFR
[07:22:13] [281/324] BHCS
[07:22:14] [282/324] IMCC
[07:22:15] [283/324] PCBO
[07:22:16] [284/324] PRVN
[07:22:16] [285/324] AUPM
[07:22:18] [286/324] INBW
[07:22:18] [287/324] SVCW
[07:22:19] [288/324] RKCF
[07:22:20] [289/324] UVBH
[07:22:21] [290/324] DNCY
[07:22:22] [291/324] ABCN
[07:22:23] [292/324] PRUR
[07:22:24] [293/324] PFMR
[07:22:26] [294/324] RKCN
[07:22:27] [295/324] CFEA
[07:22:28] [296/324] SDBG
[07:22:29] [297/324] SNAR
[07:22:29] [298/324] YISI
[07:22:31] [299/324] JCFF
[07:22:31] [300/324] VTRK
[07:22:32] [301/324] PCLZ
[07:22:33] [302/324] DIMY
[07:22:34] [303/324] BBTS
[07:22:34] [304/324] GATH
[07:22:35] [305/324] GTMN
[07:22:36] [306/324] VTMH
[07:22:37] [307/324] CCKP
[07:22:38] [308/324] GPKA
[07:22:38] [309/324] MHCL
[07:22:39] [310/324] ATCL
[07:22:40] [311/324] SBCK
[07:22:40] [312/324] AMMR
[07:22:41] [313/324] MADC
[07:22:42] [314/324] TMMA
[07:22:43] [315/324] CACC
[07:22:44] [316/324] CHAL
[07:22:45] [317/324] DURG
[07:22:46] [318/324] GMKU
[07:22:46] [319/324] GECA
[07:22:47] [320/324] KYRR
[07:22:48] [321/324] KSDE
[07:22:49] [322/324] LMCI
[07:22:49] [323/324] NKCP
[07:22:50] [324/324] BGTC
[07:22:51] ✅ DONE | Shows=303 | Movies=34
[09:08:17] 🚀 BMS DAILY TRACKER STARTED
[09:08:17] [1/324] GCTA
[09:08:17] 🧠 New identity
[09:08:18] [2/324] TOPN
[09:08:19] [3/324] MCUS
[09:08:20] [4/324] SHRL
[09:08:22] [5/324] UPTP
[09:08:23] [6/324] TMMP
[09:08:24] [7/324] DNRP
[09:08:25] [8/324] SRLT
[09:08:26] [9/324] RCNS
[09:08:27] [10/324] DCBH
[09:08:28] [11/324] NAGJ
[09:08:28] [12/324] JVRC
[09:08:29] [13/324] KRJG
[09:08:30] [14/324] SRTJ
[09:08:31] [15/324] CMXM
[09:08:32] [16/324] STMI
[09:08:33] [17/324] SLST
[09:08:34] [18/324] DTCN
[09:08:35] [19/324] STYN
[09:08:36] [20/324] SZVR
[09:08:37] [21/324] SRKO
[09:08:39] [22/324] JTGT
[09:08:40] [23/324] SVFD
[09:08:41] [24/324] SISD
[09:08:42] [25/324] ABDD
[09:08:43] [26/324] DRCA
[09:08:44] [27/324] AVCS
[09:08:46] [28/324] MVKH
[09:08:46] [29/324] ACPR
[09:08:47] [30/324] STIP
[09:08:48] [31/324] MTRA
[09:08:50] [32/324] RMKH
[09:08:51] [33/324] NKRL
[09:08:51] [34/324] PCWN
[09:08:53] [35/324] BLMT
[09:08:54] [36/324] GDPG
[09:08:55] [37/324] SRMX
[09:08:56] [38/324] JACP
[09:08:57] [39/324] CPSH
[09:08:59] [40/324] MCCD
[09:09:00] [41/324] ECGH
[09:09:00] [42/324] MKCK
[09:09:01] [43/324] SRMM
[09:09:02] [44/324] SKYR
[09:09:03] [45/324] PCKC
[09:09:04] [46/324] JCMA
[09:09:05] [47/324] BSMP
[09:09:05] [48/324] VSPA
[09:09:06] [49/324] DJYA
[09:09:07] [50/324] DIMP
[09:09:08] [51/324] FXDR
[09:09:09] [52/324] SSRC
[09:09:09] [53/324] STHP
[09:09:11] [54/324] CPPD
[09:09:12] [55/324] FCLK
[09:09:13] [56/324] SCPP
[09:09:14] [57/324] DCMJ
[09:09:16] [58/324] RCCR
[09:09:17] [59/324] INMT
[09:09:18] [60/324] LXTK
[09:09:18] [61/324] SRYK
[09:09:19] [62/324] SGDK
[09:09:21] [63/324] PPKA
[09:09:21] [64/324] SPKA
[09:09:22] [65/324] CGHH
[09:09:23] [66/324] DCJN
[09:09:25] [67/324] SRKV
[09:09:26] [68/324] SAJC
[09:09:26] [69/324] SUSR
[09:09:27] [70/324] STYG
[09:09:28] [71/324] NTKP
[09:09:30] [72/324] AKTG
[09:09:30] [73/324] CGCM
[09:09:31] [74/324] TULC
[09:09:32] [75/324] NYYZ
[09:09:33] [76/324] NYBW
[09:09:34] [77/324] MACB
[09:09:34] [78/324] SLVT
[09:09:35] [79/324] SANA
[09:09:37] [80/324] ACMR
[09:09:38] [81/324] CPKN
[09:09:39] [82/324] DLGK
[09:09:40] [83/324] CWCK
[09:09:41] [84/324] FDDH
[09:09:41] [85/324] MMMD
[09:09:42] [86/324] CMEH
[09:09:43] [87/324] GGGV
[09:09:44] [88/324] SPJL
[09:09:45] [89/324] RCCD
[09:09:46] [90/324] STTZ
[09:09:47] [91/324] BTCF
[09:09:48] [92/324] TSTZ
[09:09:49] [93/324] IPMM
[09:09:50] [94/324] PMPW
[09:09:51] [95/324] PCMZ
[09:09:52] [96/324] ESEM
[09:09:53] [97/324] PIPO
[09:09:54] [98/324] MATK
[09:09:55] [99/324] PGHM
[09:09:56] [100/324] CTSR
[09:09:57] [101/324] CYKR
[09:09:58] [102/324] MSCM
[09:09:59] [103/324] RFNP
[09:10:00] [104/324] PDCP
[09:10:01] [105/324] NPSE
[09:10:01] [106/324] MKML
[09:10:02] [107/324] FTDP
[09:10:04] [108/324] MMXA
[09:10:05] [109/324] CEPO
[09:10:06] [110/324] CMVP
[09:10:06] [111/324] SGTH
[09:10:07] [112/324] SAYN
[09:10:08] [113/324] URVS
[09:10:09] [114/324] VJTN
[09:10:10] [115/324] BBYK
[09:10:11] [116/324] SHBO
[09:10:12] [117/324] VCMR
[09:10:13] [118/324] MACT
[09:10:15] [119/324] JMNP
[09:10:16] [120/324] VICS
[09:10:17] [121/324] VCDA
[09:10:18] [122/324] GCMM
[09:10:19] [123/324] INVS
[09:10:19] [124/324] SCGM
[09:10:20] [125/324] PCDA
[09:10:21] [126/324] KDCT
[09:10:22] [127/324] JACS
[09:10:22] [128/324] GMMC
[09:10:23] [129/324] AICM
[09:10:24] [130/324] TJCM
[09:10:25] [131/324] RMTI
[09:10:25] [132/324] SHAC
[09:10:26] [133/324] APJC
[09:10:27] [134/324] GCTG
[09:10:29] [135/324] SSMC
[09:10:30] [136/324] THRM
[09:10:31] [137/324] RBCT
[09:10:31] [138/324] DIKT
[09:10:32] [139/324] MIDL
[09:10:33] [140/324] VCSN
[09:10:34] [141/324] SKTG
[09:10:35] [142/324] SMWC
[09:10:36] [143/324] MNKH
[09:10:37] [144/324] PIAT
[09:10:38] [145/324] LTTP
[09:10:39] [146/324] PTPU
[09:10:40] [147/324] ACMG
[09:10:41] [148/324] SHMM
[09:10:42] [149/324] MCMN
[09:10:42] [150/324] GLDC
[09:10:43] [151/324] HOUT
[09:10:45] [152/324] SVRP
[09:10:46] [153/324] PVDN
[09:10:47] [154/324] SCPY
[09:10:47] [155/324] DTPY
[09:10:48] [156/324] GKCS
[09:10:49] [157/324] NCAM
[09:10:50] [158/324] BSRM
[09:10:51] [159/324] RCLC
[09:10:52] [160/324] SKKD
[09:10:53] [161/324] ACHU
[09:10:54] [162/324] RSCF
[09:10:54] [163/324] IMSH
[09:10:55] [164/324] MACX
[09:10:57] [165/324] HMMW
[09:10:58] [166/324] JTCP
[09:10:59] [167/324] SREN
[09:11:00] [168/324] PJRR
[09:11:01] [169/324] INAC
[09:11:01] [170/324] BMCA
[09:11:02] [171/324] SHCB
[09:11:03] [172/324] GABA
[09:11:04] [173/324] SBCT
[09:11:06] [174/324] GCMA
[09:11:07] [175/324] MYTK
[09:11:07] [176/324] INZS
[09:11:08] [177/324] RMIK
[09:11:09] [178/324] NYCH
[09:11:10] [179/324] RAVE
[09:11:11] [180/324] PSXM
[09:11:12] [181/324] MCGP
[09:11:13] [182/324] PDDK
[09:11:13] [183/324] SPCK
[09:11:14] [184/324] MCRL
[09:11:15] [185/324] MHKT
[09:11:16] [186/324] ANRR
[09:11:17] [187/324] SAPK
[09:11:18] [188/324] NCUK
[09:11:19] [189/324] JUGA
[09:11:20] [190/324] DBSC
[09:11:21] [191/324] LALK
[09:11:22] [192/324] GUCK
[09:11:22] [193/324] STSG
[09:11:23] [194/324] PPPZ
[09:11:24] [195/324] CNCY
[09:11:24] [196/324] MTAR
[09:11:25] [197/324] VNKD
[09:11:27] [198/324] KMAJ
[09:11:28] [199/324] ACXK
[09:11:29] [200/324] UTKC
[09:11:30] [201/324] PBLK
[09:11:32] [202/324] ACBX
[09:11:33] [203/324] PTGM
[09:11:33] [204/324] BTDA
[09:11:34] [205/324] PJMB
[09:11:35] [206/324] TPDA
[09:11:36] [207/324] AMOE
[09:11:36] [208/324] PRHT
[09:11:37] [209/324] PRTA
[09:11:38] [210/324] STAM
[09:11:39] [211/324] MSAA
[09:11:41] [212/324] SDLU
[09:11:43] [213/324] RCHH
[09:11:43] [214/324] KANT
[09:11:44] [215/324] FCRT
[09:11:45] [216/324] DNKM
[09:11:45] [217/324] RYCP
[09:11:46] [218/324] MYRP
[09:11:47] [219/324] PPAK
[09:11:48] [220/324] NVPK
[09:11:49] [221/324] PRMC
[09:11:50] [222/324] JBCS
[09:11:51] [223/324] GXCK
[09:11:52] [224/324] USKO
[09:11:53] [225/324] GTEM
[09:11:54] [226/324] SMBU
[09:11:55] [227/324] VETC
[09:11:56] [228/324] LCDA
[09:11:56] [229/324] MTVT
[09:11:57] [230/324] PYCP
[09:11:58] [231/324] PNSC
[09:11:59] [232/324] PPCC
[09:12:00] [233/324] TGRT
[09:12:00] [234/324] JYOT
[09:12:01] [235/324] SRCZ
[09:12:03] [236/324] SJTE
[09:12:04] [237/324] DESC
[09:12:05] [238/324] JHVN
[09:12:05] [239/324] IPSG
[09:12:06] [240/324] IPCM
[09:12:07] [241/324] PDRS
[09:12:08] [242/324] ANCV
[09:12:09] [243/324] CMVV
[09:12:10] [244/324] SHYP
[09:12:12] [245/324] DNCS
[09:12:13] [246/324] GAJK
[09:12:15] [247/324] AKTN
[09:12:16] [248/324] KAYA
[09:12:16] [249/324] SBRC
[09:12:17] [250/324] CHTP
[09:12:18] [251/324] SHRT
[09:12:19] [252/324] BCKU
[09:12:20] [253/324] FCPS
[09:12:21] [254/324] ARDD
[09:12:22] [255/324] CPCM
[09:12:22] [256/324] CGSM
[09:12:23] [257/324] PSMP
[09:12:24] [258/324] SDAL
[09:12:25] [259/324] RTNB
[09:12:26] [260/324] LMCR
[09:12:27] [261/324] CIMA
[09:12:28] [262/324] RNAS
[09:12:30] [263/324] LITH
[09:12:31] [264/324] PBOX
[09:12:32] [265/324] FRTS
[09:12:32] [266/324] RKIC
[09:12:33] [267/324] PTAI
[09:12:34] [268/324] GCIC
[09:12:35] [269/324] FNAS
[09:12:36] [270/324] SCAR
[09:12:37] [271/324] MTCA
[09:12:38] [272/324] SCTS
[09:12:39] [273/324] SYCS
[09:12:40] [274/324] RDMS
[09:12:42] [275/324] KAMP
[09:12:43] [276/324] ERSD
[09:12:44] [277/324] MJMJ
[09:12:45] [278/324] SRCJ
[09:12:46] [279/324] SCXE
[09:12:47] [280/324] SVFR
[09:12:48] [281/324] BHCS
[09:12:49] [282/324] IMCC
[09:12:50] [283/324] PCBO
[09:12:50] [284/324] PRVN
[09:12:51] [285/324] AUPM
[09:12:52] [286/324] INBW
[09:12:53] [287/324] SVCW
[09:12:54] [288/324] RKCF
[09:12:54] [289/324] UVBH
[09:12:55] [290/324] DNCY
[09:12:56] [291/324] ABCN
[09:12:56] [292/324] PRUR
[09:12:57] [293/324] PFMR
[09:12:58] [294/324] RKCN
[09:12:59] [295/324] CFEA
[09:13:00] [296/324] SDBG
[09:13:01] [297/324] SNAR
[09:13:02] [298/324] YISI
[09:13:02] [299/324] JCFF
[09:13:04] [300/324] VTRK
[09:13:05] [301/324] PCLZ
[09:13:06] [302/324] DIMY
[09:13:07] [303/324] BBTS
[09:13:08] [304/324] GATH
[09:13:09] [305/324] GTMN
[09:13:10] [306/324] VTMH
[09:13:10] [307/324] CCKP
[09:13:11] [308/324] GPKA
[09:13:12] [309/324] MHCL
[09:13:13] [310/324] ATCL
[09:13:14] [311/324] SBCK
[09:13:16] [312/324] AMMR
[09:13:16] [313/324] MADC
[09:13:17] [314/324] TMMA
[09:13:18] [315/324] CACC
[09:13:19] [316/324] CHAL
[09:13:20] [317/324] DURG
[09:13:21] [318/324] GMKU
[09:13:21] [319/324] GECA
[09:13:22] [320/324] KYRR
[09:13:23] [321/324] KSDE
[09:13:24] [322/324] LMCI
[09:13:25] [323/324] NKCP
[09:13:25] [324/324] BGTC
[09:13:26] ✅ DONE | Shows=628 | Movies=51
[10:10:51] 🚀 BMS DAILY TRACKER STARTED
[10:10:51] [1/324] GCTA
[10:10:51] 🧠 New identity
[10:10:52] [2/324] TOPN
[10:10:53] [3/324] MCUS
[10:10:53] [4/324] SHRL
[10:10:54] [5/324] UPTP
[10:10:54] [6/324] TMMP
[10:10:55] [7/324] DNRP
[10:10:55] [8/324] SRLT
[10:10:56] [9/324] RCNS
[10:10:57] [10/324] DCBH
[10:10:57] [11/324] NAGJ
[10:10:58] [12/324] JVRC
[10:10:59] [13/324] KRJG
[10:10:59] [14/324] SRTJ
[10:11:00] [15/324] CMXM
[10:11:00] [16/324] STMI
[10:11:01] [17/324] SLST
[10:11:02] [18/324] DTCN
[10:11:02] [19/324] STYN
[10:11:03] [20/324] SZVR
[10:11:03] [21/324] SRKO
[10:11:04] [22/324] JTGT
[10:11:05] [23/324] SVFD
[10:11:05] [24/324] SISD
[10:11:06] [25/324] ABDD
[10:11:06] [26/324] DRCA
[10:11:07] [27/324] AVCS
[10:11:07] [28/324] MVKH
[10:11:08] [29/324] ACPR
[10:11:09] [30/324] STIP
[10:11:09] [31/324] MTRA
[10:11:10] [32/324] RMKH
[10:11:10] [33/324] NKRL
[10:11:11] [34/324] PCWN
[10:11:12] [35/324] BLMT
[10:11:12] [36/324] GDPG
[10:11:13] [37/324] SRMX
[10:11:14] [38/324] JACP
[10:11:14] [39/324] CPSH
[10:11:15] [40/324] MCCD
[10:11:15] [41/324] ECGH
[10:11:16] [42/324] MKCK
[10:11:17] [43/324] SRMM
[10:11:17] [44/324] SKYR
[10:11:18] [45/324] PCKC
[10:11:19] [46/324] JCMA
[10:11:19] [47/324] BSMP
[10:11:20] [48/324] VSPA
[10:11:21] [49/324] DJYA
[10:11:21] [50/324] DIMP
[10:11:22] [51/324] FXDR
[10:11:23] [52/324] SSRC
[10:11:23] [53/324] STHP
[10:11:24] [54/324] CPPD
[10:11:24] [55/324] FCLK
[10:11:25] [56/324] SCPP
[10:11:25] [57/324] DCMJ
[10:11:26] [58/324] RCCR
[10:11:27] [59/324] INMT
[10:11:27] [60/324] LXTK
[10:11:28] [61/324] SRYK
[10:11:28] [62/324] SGDK
[10:11:29] [63/324] PPKA
[10:11:30] [64/324] SPKA
[10:11:30] [65/324] CGHH
[10:11:31] [66/324] DCJN
[10:11:32] [67/324] SRKV
[10:11:32] [68/324] SAJC
[10:11:33] [69/324] SUSR
[10:11:33] [70/324] STYG
[10:11:34] [71/324] NTKP
[10:11:34] [72/324] AKTG
[10:11:35] [73/324] CGCM
[10:11:36] [74/324] TULC
[10:11:36] [75/324] NYYZ
[10:11:37] [76/324] NYBW
[10:11:37] [77/324] MACB
[10:11:38] [78/324] SLVT
[10:11:39] [79/324] SANA
[10:11:40] [80/324] ACMR
[10:11:40] [81/324] CPKN
[10:11:41] [82/324] DLGK
[10:11:41] [83/324] CWCK
[10:11:42] [84/324] FDDH
[10:11:43] [85/324] MMMD
[10:11:43] [86/324] CMEH
[10:11:44] [87/324] GGGV
[10:11:45] [88/324] SPJL
[10:11:45] [89/324] RCCD
[10:11:46] [90/324] STTZ
[10:11:46] [91/324] BTCF
[10:11:47] [92/324] TSTZ
[10:11:48] [93/324] IPMM
[10:11:48] [94/324] PMPW
[10:11:49] [95/324] PCMZ
[10:11:49] [96/324] ESEM
[10:11:50] [97/324] PIPO
[10:11:50] [98/324] MATK
[10:11:51] [99/324] PGHM
[10:11:51] [100/324] CTSR
[10:11:52] [101/324] CYKR
[10:11:52] [102/324] MSCM
[10:11:53] [103/324] RFNP
[10:11:54] [104/324] PDCP
[10:11:54] [105/324] NPSE
[10:11:55] [106/324] MKML
[10:11:55] [107/324] FTDP
[10:11:56] [108/324] MMXA
[10:11:56] [109/324] CEPO
[10:11:57] [110/324] CMVP
[10:11:58] [111/324] SGTH
[10:11:58] [112/324] SAYN
[10:11:59] [113/324] URVS
[10:11:59] [114/324] VJTN
[10:12:00] [115/324] BBYK
[10:12:00] [116/324] SHBO
[10:12:01] [117/324] VCMR
[10:12:01] [118/324] MACT
[10:12:02] [119/324] JMNP
[10:12:03] [120/324] VICS
[10:12:03] [121/324] VCDA
[10:12:04] [122/324] GCMM
[10:12:04] [123/324] INVS
[10:12:05] [124/324] SCGM
[10:12:05] [125/324] PCDA
[10:12:06] [126/324] KDCT
[10:12:06] [127/324] JACS
[10:12:07] [128/324] GMMC
[10:12:07] [129/324] AICM
[10:12:08] [130/324] TJCM
[10:12:08] [131/324] RMTI
[10:12:09] [132/324] SHAC
[10:12:10] [133/324] APJC
[10:12:10] [134/324] GCTG
[10:12:11] [135/324] SSMC
[10:12:12] [136/324] THRM
[10:12:12] [137/324] RBCT
[10:12:13] [138/324] DIKT
[10:12:13] [139/324] MIDL
[10:12:14] [140/324] VCSN
[10:12:14] [141/324] SKTG
[10:12:15] [142/324] SMWC
[10:12:15] [143/324] MNKH
[10:12:16] [144/324] PIAT
[10:12:17] [145/324] LTTP
[10:12:17] [146/324] PTPU
[10:12:18] [147/324] ACMG
[10:12:18] [148/324] SHMM
[10:12:19] [149/324] MCMN
[10:12:20] [150/324] GLDC
[10:12:20] [151/324] HOUT
[10:12:21] [152/324] SVRP
[10:12:21] [153/324] PVDN
[10:12:22] [154/324] SCPY
[10:12:22] [155/324] DTPY
[10:12:23] [156/324] GKCS
[10:12:23] [157/324] NCAM
[10:12:24] [158/324] BSRM
[10:12:24] [159/324] RCLC
[10:12:25] [160/324] SKKD
[10:12:26] [161/324] ACHU
[10:12:26] [162/324] RSCF
[10:12:27] [163/324] IMSH
[10:12:27] [164/324] MACX
[10:12:28] [165/324] HMMW
[10:12:28] [166/324] JTCP
[10:12:29] [167/324] SREN
[10:12:29] [168/324] PJRR
[10:12:30] [169/324] INAC
[10:12:30] [170/324] BMCA
[10:12:31] [171/324] SHCB
[10:12:31] [172/324] GABA
[10:12:32] [173/324] SBCT
[10:12:32] [174/324] GCMA
[10:12:33] [175/324] MYTK
[10:12:33] [176/324] INZS
[10:12:34] [177/324] RMIK
[10:12:35] [178/324] NYCH
[10:12:35] [179/324] RAVE
[10:12:36] [180/324] PSXM
[10:12:37] [181/324] MCGP
[10:12:37] [182/324] PDDK
[10:12:38] [183/324] SPCK
[10:12:39] [184/324] MCRL
[10:12:39] [185/324] MHKT
[10:12:40] [186/324] ANRR
[10:12:40] [187/324] SAPK
[10:12:41] [188/324] NCUK
[10:12:41] [189/324] JUGA
[10:12:42] [190/324] DBSC
[10:12:43] [191/324] LALK
[10:12:43] [192/324] GUCK
[10:12:44] [193/324] STSG
[10:12:44] [194/324] PPPZ
[10:12:45] [195/324] CNCY
[10:12:45] [196/324] MTAR
[10:12:46] [197/324] VNKD
[10:12:47] [198/324] KMAJ
[10:12:47] [199/324] ACXK
[10:12:48] [200/324] UTKC
[10:12:49] [201/324] PBLK
[10:12:49] [202/324] ACBX
[10:12:50] [203/324] PTGM
[10:12:50] [204/324] BTDA
[10:12:51] [205/324] PJMB
[10:12:51] [206/324] TPDA
[10:12:52] [207/324] AMOE
[10:12:53] [208/324] PRHT
[10:12:53] [209/324] PRTA
[10:12:54] [210/324] STAM
[10:12:55] [211/324] MSAA
[10:12:55] [212/324] SDLU
[10:12:56] [213/324] RCHH
[10:12:56] [214/324] KANT
[10:12:57] [215/324] FCRT
[10:12:57] [216/324] DNKM
[10:12:58] [217/324] RYCP
[10:12:59] [218/324] MYRP
[10:12:59] [219/324] PPAK
[10:13:00] [220/324] NVPK
[10:13:00] [221/324] PRMC
[10:13:01] [222/324] JBCS
[10:13:01] [223/324] GXCK
[10:13:02] [224/324] USKO
[10:13:03] [225/324] GTEM
[10:13:03] [226/324] SMBU
[10:13:04] [227/324] VETC
[10:13:04] [228/324] LCDA
[10:13:05] [229/324] MTVT
[10:13:06] [230/324] PYCP
[10:13:06] [231/324] PNSC
[10:13:07] [232/324] PPCC
[10:13:07] [233/324] TGRT
[10:13:08] [234/324] JYOT
[10:13:08] [235/324] SRCZ
[10:13:09] [236/324] SJTE
[10:13:10] [237/324] DESC
[10:13:10] [238/324] JHVN
[10:13:11] [239/324] IPSG
[10:13:11] [240/324] IPCM
[10:13:12] [241/324] PDRS
[10:13:12] [242/324] ANCV
[10:13:13] [243/324] CMVV
[10:13:14] [244/324] SHYP
[10:13:15] [245/324] DNCS
[10:13:15] [246/324] GAJK
[10:13:16] [247/324] AKTN
[10:13:16] [248/324] KAYA
[10:13:17] [249/324] SBRC
[10:13:17] [250/324] CHTP
[10:13:18] [251/324] SHRT
[10:13:18] [252/324] BCKU
[10:13:19] [253/324] FCPS
[10:13:19] [254/324] ARDD
[10:13:20] [255/324] CPCM
[10:13:21] [256/324] CGSM
[10:13:21] [257/324] PSMP
[10:13:22] [258/324] SDAL
[10:13:23] [259/324] RTNB
[10:13:23] [260/324] LMCR
[10:13:24] [261/324] CIMA
[10:13:24] [262/324] RNAS
[10:13:25] [263/324] LITH
[10:13:26] [264/324] PBOX
[10:13:26] [265/324] FRTS
[10:13:27] [266/324] RKIC
[10:13:27] [267/324] PTAI
[10:13:28] [268/324] GCIC
[10:13:28] [269/324] FNAS
[10:13:29] [270/324] SCAR
[10:13:29] [271/324] MTCA
[10:13:30] [272/324] SCTS
[10:13:31] [273/324] SYCS
[10:13:31] [274/324] RDMS
[10:13:32] [275/324] KAMP
[10:13:33] [276/324] ERSD
[10:13:33] [277/324] MJMJ
[10:13:34] [278/324] SRCJ
[10:13:34] [279/324] SCXE
[10:13:35] [280/324] SVFR
[10:13:35] [281/324] BHCS
[10:13:36] [282/324] IMCC
[10:13:37] [283/324] PCBO
[10:13:37] [284/324] PRVN
[10:13:38] [285/324] AUPM
[10:13:38] [286/324] INBW
[10:13:39] [287/324] SVCW
[10:13:39] [288/324] RKCF
[10:13:40] [289/324] UVBH
[10:13:40] [290/324] DNCY
[10:13:41] [291/324] ABCN
[10:13:42] [292/324] PRUR
[10:13:43] [293/324] PFMR
[10:13:43] [294/324] RKCN
[10:13:44] [295/324] CFEA
[10:13:44] [296/324] SDBG
[10:13:45] [297/324] SNAR
[10:13:45] [298/324] YISI
[10:13:46] [299/324] JCFF
[10:13:47] [300/324] VTRK
[10:13:47] [301/324] PCLZ
[10:13:48] [302/324] DIMY
[10:13:49] [303/324] BBTS
[10:13:49] [304/324] GATH
[10:13:50] [305/324] GTMN
[10:13:51] [306/324] VTMH
[10:13:51] [307/324] CCKP
[10:13:52] [308/324] GPKA
[10:13:52] [309/324] MHCL
[10:13:53] [310/324] ATCL
[10:13:54] [311/324] SBCK
[10:13:54] [312/324] AMMR
[10:13:55] [313/324] MADC
[10:13:56] [314/324] TMMA
[10:13:56] [315/324] CACC
[10:13:57] [316/324] CHAL
[10:13:58] [317/324] DURG
[10:13:58] [318/324] GMKU
[10:13:59] [319/324] GECA
[10:14:00] [320/324] KYRR
[10:14:00] [321/324] KSDE
[10:14:01] [322/324] LMCI
[10:14:01] [323/324] NKCP
[10:14:02] [324/324] BGTC
[10:14:03] ✅ DONE | Shows=786 | Movies=61
[10:55:34] 🚀 BMS DAILY TRACKER STARTED
[10:55:34] [1/324] GCTA
[10:55:34] 🧠 New identity
[10:55:35] [2/324] TOPN
[10:55:36] [3/324] MCUS
[10:55:36] [4/324] SHRL
[10:55:37] [5/324] UPTP
[10:55:37] [6/324] TMMP
[10:55:38] [7/324] DNRP
[10:55:39] [8/324] SRLT
[10:55:40] [9/324] RCNS
[10:55:41] [10/324] DCBH
[10:55:42] [11/324] NAGJ
[10:55:42] [12/324] JVRC
[10:55:43] [13/324] KRJG
[10:55:44] [14/324] SRTJ
[10:55:45] [15/324] CMXM
[10:55:46] [16/324] STMI
[10:55:47] [17/324] SLST
[10:55:47] [18/324] DTCN
[10:55:48] [19/324] STYN
[10:55:49] [20/324] SZVR
[10:55:51] [21/324] SRKO
[10:55:52] [22/324] JTGT
[10:55:53] [23/324] SVFD
[10:55:54] [24/324] SISD
[10:55:54] [25/324] ABDD
[10:55:55] [26/324] DRCA
[10:55:56] [27/324] AVCS
[10:55:57] [28/324] MVKH
[10:55:57] [29/324] ACPR
[10:55:58] [30/324] STIP
[10:55:59] [31/324] MTRA
[10:56:00] [32/324] RMKH
[10:56:01] [33/324] NKRL
[10:56:01] [34/324] PCWN
[10:56:02] [35/324] BLMT
[10:56:04] [36/324] GDPG
[10:56:05] [37/324] SRMX
[10:56:06] [38/324] JACP
[10:56:06] [39/324] CPSH
[10:56:07] [40/324] MCCD
[10:56:08] [41/324] ECGH
[10:56:09] [42/324] MKCK
[10:56:10] [43/324] SRMM
[10:56:11] [44/324] SKYR
[10:56:12] [45/324] PCKC
[10:56:13] [46/324] JCMA
[10:56:14] [47/324] BSMP
[10:56:16] [48/324] VSPA
[10:56:17] [49/324] DJYA
[10:56:17] [50/324] DIMP
[10:56:18] [51/324] FXDR
[10:56:19] [52/324] SSRC
[10:56:20] [53/324] STHP
[10:56:21] [54/324] CPPD
[10:56:21] [55/324] FCLK
[10:56:22] [56/324] SCPP
[10:56:23] [57/324] DCMJ
[10:56:24] [58/324] RCCR
[10:56:25] [59/324] INMT
[10:56:25] [60/324] LXTK
[10:56:26] [61/324] SRYK
[10:56:27] [62/324] SGDK
[10:56:29] [63/324] PPKA
[10:56:30] [64/324] SPKA
[10:56:31] [65/324] CGHH
[10:56:32] [66/324] DCJN
[10:56:33] [67/324] SRKV
[10:56:35] [68/324] SAJC
[10:56:36] [69/324] SUSR
[10:56:37] [70/324] STYG
[10:56:38] [71/324] NTKP
[10:56:38] [72/324] AKTG
[10:56:40] [73/324] CGCM
[10:56:40] [74/324] TULC
[10:56:42] [75/324] NYYZ
[10:56:43] [76/324] NYBW
[10:56:44] [77/324] MACB
[10:56:45] [78/324] SLVT
[10:56:46] [79/324] SANA
[10:56:47] [80/324] ACMR
[10:56:47] [81/324] CPKN
[10:56:48] [82/324] DLGK
[10:56:49] [83/324] CWCK
[10:56:50] [84/324] FDDH
[10:56:51] [85/324] MMMD
[10:56:52] [86/324] CMEH
[10:56:52] [87/324] GGGV
[10:56:54] [88/324] SPJL
[10:56:54] [89/324] RCCD
[10:56:55] [90/324] STTZ
[10:56:56] [91/324] BTCF
[10:56:57] [92/324] TSTZ
[10:56:58] [93/324] IPMM
[10:56:58] [94/324] PMPW
[10:56:59] [95/324] PCMZ
[10:57:00] [96/324] ESEM
[10:57:01] [97/324] PIPO
[10:57:02] [98/324] MATK
[10:57:03] [99/324] PGHM
[10:57:04] [100/324] CTSR
[10:57:05] [101/324] CYKR
[10:57:07] [102/324] MSCM
[10:57:08] [103/324] RFNP
[10:57:09] [104/324] PDCP
[10:57:09] [105/324] NPSE
[10:57:10] [106/324] MKML
[10:57:11] [107/324] FTDP
[10:57:12] [108/324] MMXA
[10:57:13] [109/324] CEPO
[10:57:13] [110/324] CMVP
[10:57:14] [111/324] SGTH
[10:57:15] [112/324] SAYN
[10:57:16] [113/324] URVS
[10:57:17] [114/324] VJTN
[10:57:17] [115/324] BBYK
[10:57:19] [116/324] SHBO
[10:57:19] [117/324] VCMR
[10:57:20] [118/324] MACT
[10:57:21] [119/324] JMNP
[10:57:22] [120/324] VICS
[10:57:23] [121/324] VCDA
[10:57:23] [122/324] GCMM
[10:57:24] [123/324] INVS
[10:57:25] [124/324] SCGM
[10:57:26] [125/324] PCDA
[10:57:27] [126/324] KDCT
[10:57:28] [127/324] JACS
[10:57:28] [128/324] GMMC
[10:57:30] [129/324] AICM
[10:57:31] [130/324] TJCM
[10:57:32] [131/324] RMTI
[10:57:33] [132/324] SHAC
[10:57:34] [133/324] APJC
[10:57:35] [134/324] GCTG
[10:57:36] [135/324] SSMC
[10:57:36] [136/324] THRM
[10:57:37] [137/324] RBCT
[10:57:38] [138/324] DIKT
[10:57:39] [139/324] MIDL
[10:57:40] [140/324] VCSN
[10:57:41] [141/324] SKTG
[10:57:42] [142/324] SMWC
[10:57:43] [143/324] MNKH
[10:57:43] [144/324] PIAT
[10:57:44] [145/324] LTTP
[10:57:45] [146/324] PTPU
[10:57:46] [147/324] ACMG
[10:57:47] [148/324] SHMM
[10:57:48] [149/324] MCMN
[10:57:49] [150/324] GLDC
[10:57:50] [151/324] HOUT
[10:57:51] [152/324] SVRP
[10:57:53] [153/324] PVDN
[10:57:54] [154/324] SCPY
[10:57:55] [155/324] DTPY
[10:57:55] [156/324] GKCS
[10:57:56] [157/324] NCAM
[10:57:57] [158/324] BSRM
[10:57:58] [159/324] RCLC
[10:57:59] [160/324] SKKD
[10:58:00] [161/324] ACHU
[10:58:01] [162/324] RSCF
[10:58:02] [163/324] IMSH
[10:58:02] [164/324] MACX
[10:58:03] [165/324] HMMW
[10:58:04] [166/324] JTCP
[10:58:05] [167/324] SREN
[10:58:05] [168/324] PJRR
[10:58:06] [169/324] INAC
[10:58:07] [170/324] BMCA
[10:58:08] [171/324] SHCB
[10:58:09] [172/324] GABA
[10:58:10] [173/324] SBCT
[10:58:10] [174/324] GCMA
[10:58:11] [175/324] MYTK
[10:58:12] [176/324] INZS
[10:58:13] [177/324] RMIK
[10:58:15] [178/324] NYCH
[10:58:16] [179/324] RAVE
[10:58:16] [180/324] PSXM
[10:58:17] [181/324] MCGP
[10:58:18] [182/324] PDDK
[10:58:18] [183/324] SPCK
[10:58:19] [184/324] MCRL
[10:58:20] [185/324] MHKT
[10:58:21] [186/324] ANRR
[10:58:22] [187/324] SAPK
[10:58:23] [188/324] NCUK
[10:58:24] [189/324] JUGA
[10:58:25] [190/324] DBSC
[10:58:26] [191/324] LALK
[10:58:26] [192/324] GUCK
[10:58:27] [193/324] STSG
[10:58:28] [194/324] PPPZ
[10:58:29] [195/324] CNCY
[10:58:29] [196/324] MTAR
[10:58:30] [197/324] VNKD
[10:58:31] [198/324] KMAJ
[10:58:32] [199/324] ACXK
[10:58:32] [200/324] UTKC
[10:58:33] [201/324] PBLK
[10:58:35] [202/324] ACBX
[10:58:36] [203/324] PTGM
[10:58:36] [204/324] BTDA
[10:58:37] [205/324] PJMB
[10:58:38] [206/324] TPDA
[10:58:39] [207/324] AMOE
[10:58:40] [208/324] PRHT
[10:58:40] [209/324] PRTA
[10:58:41] [210/324] STAM
[10:58:42] [211/324] MSAA
[10:58:43] [212/324] SDLU
[10:58:44] [213/324] RCHH
[10:58:44] [214/324] KANT
[10:58:45] [215/324] FCRT
[10:58:46] [216/324] DNKM
[10:58:47] [217/324] RYCP
[10:58:47] [218/324] MYRP
[10:58:48] [219/324] PPAK
[10:58:49] [220/324] NVPK
[10:58:50] [221/324] PRMC
[10:58:52] [222/324] JBCS
[10:58:53] [223/324] GXCK
[10:58:54] [224/324] USKO
[10:58:55] [225/324] GTEM
[10:58:56] [226/324] SMBU
[10:58:57] [227/324] VETC
[10:58:58] [228/324] LCDA
[10:58:59] [229/324] MTVT
[10:59:00] [230/324] PYCP
[10:59:01] [231/324] PNSC
[10:59:02] [232/324] PPCC
[10:59:03] [233/324] TGRT
[10:59:03] [234/324] JYOT
[10:59:04] [235/324] SRCZ
[10:59:05] [236/324] SJTE
[10:59:05] [237/324] DESC
[10:59:06] [238/324] JHVN
[10:59:07] [239/324] IPSG
[10:59:08] [240/324] IPCM
[10:59:09] [241/324] PDRS
[10:59:10] [242/324] ANCV
[10:59:11] [243/324] CMVV
[10:59:11] [244/324] SHYP
[10:59:12] [245/324] DNCS
[10:59:13] [246/324] GAJK
[10:59:14] [247/324] AKTN
[10:59:15] [248/324] KAYA
[10:59:16] [249/324] SBRC
[10:59:16] [250/324] CHTP
[10:59:17] [251/324] SHRT
[10:59:18] [252/324] BCKU
[10:59:19] [253/324] FCPS
[10:59:20] [254/324] ARDD
[10:59:22] [255/324] CPCM
[10:59:23] [256/324] CGSM
[10:59:24] [257/324] PSMP
[10:59:24] [258/324] SDAL
[10:59:25] [259/324] RTNB
[10:59:26] [260/324] LMCR
[10:59:27] [261/324] CIMA
[10:59:28] [262/324] RNAS
[10:59:29] [263/324] LITH
[10:59:30] [264/324] PBOX
[10:59:31] [265/324] FRTS
[10:59:32] [266/324] RKIC
[10:59:33] [267/324] PTAI
[10:59:34] [268/324] GCIC
[10:59:35] [269/324] FNAS
[10:59:35] [270/324] SCAR
[10:59:36] [271/324] MTCA
[10:59:37] [272/324] SCTS
[10:59:38] [273/324] SYCS
[10:59:39] [274/324] RDMS
[10:59:40] [275/324] KAMP
[10:59:41] [276/324] ERSD
[10:59:41] [277/324] MJMJ
[10:59:42] [278/324] SRCJ
[10:59:44] [279/324] SCXE
[10:59:45] [280/324] SVFR
[10:59:46] [281/324] BHCS
[10:59:47] [282/324] IMCC
[10:59:48] [283/324] PCBO
[10:59:48] [284/324] PRVN
[10:59:49] [285/324] AUPM
[10:59:50] [286/324] INBW
[10:59:52] [287/324] SVCW
[10:59:52] [288/324] RKCF
[10:59:53] [289/324] UVBH
[10:59:54] [290/324] DNCY
[10:59:55] [291/324] ABCN
[10:59:56] [292/324] PRUR
[10:59:56] [293/324] PFMR
[10:59:57] [294/324] RKCN
[10:59:58] [295/324] CFEA
[10:59:59] [296/324] SDBG
[11:00:00] [297/324] SNAR
[11:00:01] [298/324] YISI
[11:00:02] [299/324] JCFF
[11:00:02] [300/324] VTRK
[11:00:03] [301/324] PCLZ
[11:00:04] [302/324] DIMY
[11:00:05] [303/324] BBTS
[11:00:05] [304/324] GATH
[11:00:06] [305/324] GTMN
[11:00:07] [306/324] VTMH
[11:00:08] [307/324] CCKP
[11:00:09] [308/324] GPKA
[11:00:10] [309/324] MHCL
[11:00:10] [310/324] ATCL
[11:00:11] [311/324] SBCK
[11:00:12] [312/324] AMMR
[11:00:13] [313/324] MADC
[11:00:14] [314/324] TMMA
[11:00:14] [315/324] CACC
[11:00:15] [316/324] CHAL
[11:00:16] [317/324] DURG
[11:00:17] [318/324] GMKU
[11:00:17] [319/324] GECA
[11:00:18] [320/324] KYRR
[11:00:19] [321/324] KSDE
[11:00:20] [322/324] LMCI
[11:00:21] [323/324] NKCP
[11:00:22] [324/324] BGTC
[11:00:23] ✅ DONE | Shows=926 | Movies=62
