[00:03:06] 🚀 BMS DAILY TRACKER STARTED
[00:03:06] [1/296] CDCA
[00:03:06] 🧠 New identity
[00:03:07] [2/296] MNSR
[00:03:09] [3/296] CSSL
[00:03:10] [4/296] BGGM
[00:03:11] [5/296] MANT
[00:03:12] [6/296] SOOY
[00:03:14] [7/296] VPPK
[00:03:15] [8/296] MYHJ
[00:03:16] [9/296] KSCK
[00:03:17] [10/296] KATK
[00:03:19] [11/296] RTRT
[00:03:19] [12/296] SSTT
[00:03:20] [13/296] SSTV
[00:03:21] [14/296] LACM
[00:03:22] [15/296] SGMG
[00:03:24] [16/296] KACX
[00:03:25] [17/296] GVCP
[00:03:25] [18/296] CSNC
[00:03:26] [19/296] SXCB
[00:03:27] [20/296] BAHS
[00:03:28] [21/296] PCBI
[00:03:30] [22/296] PSSM
[00:03:31] [23/296] RCOK
[00:03:32] [24/296] SCPF
[00:03:33] [25/296] SSAS
[00:03:33] [26/296] EVMM
[00:03:34] [27/296] SYCB
[00:03:36] [28/296] GCKI
[00:03:37] [29/296] IAET
[00:03:38] [30/296] DDTD
[00:03:39] [31/296] GMDH
[00:03:41] [32/296] STLE
[00:03:42] [33/296] JTRA
[00:03:43] [34/296] RPPA
[00:03:44] [35/296] ARUT
[00:03:45] [36/296] JTVM
[00:03:46] [37/296] SWRH
[00:03:47] [38/296] DCPC
[00:03:49] [39/296] RAPR
[00:03:51] [40/296] GCRT
[00:03:52] [41/296] ATUN
[00:03:53] [42/296] LTRM
[00:03:53] [43/296] TASR
[00:03:55] [44/296] RLLC
[00:03:56] [45/296] MABI
[00:03:58] [46/296] SVHB
[00:03:59] [47/296] NVTB
[00:03:59] [48/296] KCKG
[00:04:01] [49/296] SSRN
[00:04:03] [50/296] VDDC
[00:04:04] [51/296] GKTK
[00:04:05] [52/296] YFSN
[00:04:06] [53/296] GCSG
[00:04:08] [54/296] ESSM
[00:04:09] [55/296] KRIH
[00:04:10] [56/296] GCDS
[00:04:10] [57/296] CCSH
[00:04:11] [58/296] ACSK
[00:04:12] [59/296] APRK
[00:04:13] [60/296] ADKM
[00:04:13] [61/296] SRDM
[00:04:14] [62/296] RMOG
[00:04:16] [63/296] SJMY
[00:04:17] [64/296] PGGC
[00:04:18] [65/296] INGM
[00:04:18] [66/296] LSCB
[00:04:19] [67/296] STAD
[00:04:20] [68/296] MCCR
[00:04:21] [69/296] ABCC
[00:04:22] [70/296] RKCC
[00:04:23] [71/296] RTCR
[00:04:24] [72/296] GGBC
[00:04:26] [73/296] GCSD
[00:04:27] [74/296] LPTY
[00:04:28] [75/296] MCFD
[00:04:28] [76/296] HENN
[00:04:29] [77/296] SMKU
[00:04:30] [78/296] TNZC
[00:04:31] [79/296] DRCD
[00:04:32] [80/296] DLCD
[00:04:33] [81/296] RCDA
[00:04:34] [82/296] COSM
[00:04:35] [83/296] MCMJ
[00:04:36] [84/296] CSTR
[00:04:37] [85/296] CVDK
[00:04:38] [86/296] INRR
[00:04:39] [87/296] RJRT
[00:04:40] [88/296] IRMR
[00:04:41] [89/296] SRCF
[00:04:42] [90/296] GRCR
[00:04:43] [91/296] SURC
[00:04:43] [92/296] NMNH
[00:04:44] [93/296] SVBL
[00:04:46] [94/296] KACI
[00:04:48] [95/296] TDGO
[00:04:49] [96/296] KTBR
[00:04:50] [97/296] PMAD
[00:04:51] [98/296] CCPN
[00:04:53] [99/296] SBTK
[00:04:54] [100/296] LMDK
[00:04:55] [101/296] PGDA
[00:04:56] [102/296] SRML
[00:04:57] [103/296] EVCK
[00:04:59] [104/296] RTTK
[00:05:00] [105/296] SRTU
[00:05:01] [106/296] VRSA
[00:05:01] [107/296] VARS
[00:05:03] [108/296] DSCZ
[00:05:04] [109/296] GAGA
[00:05:05] [110/296] SARV
[00:05:07] [111/296] SEEG
[00:05:08] [112/296] GLCA
[00:05:09] [113/296] APAS
[00:05:11] [114/296] VCIA
[00:05:11] [115/296] SJTA
[00:05:12] [116/296] SABM
[00:05:13] [117/296] PPAG
[00:05:14] [118/296] RVCA
[00:05:15] [119/296] CCIA
[00:05:16] [120/296] HTAG
[00:05:17] [121/296] SMBI
[00:05:18] [122/296] MCJR
[00:05:19] [123/296] CCJR
[00:05:20] [124/296] SINF
[00:05:22] [125/296] CPLX
[00:05:22] [126/296] KKTJ
[00:05:23] [127/296] GDBW
[00:05:24] [128/296] CSUB
[00:05:25] [129/296] DABA
[00:05:26] [130/296] TITR
[00:05:26] [131/296] NYCR
[00:05:27] [132/296] RTRY
[00:05:29] [133/296] JTJL
[00:05:30] [134/296] SJCP
[00:05:31] [135/296] KCCA
[00:05:32] [136/296] MLPG
[00:05:34] [137/296] VRCK
[00:05:35] [138/296] SRIN
[00:05:35] [139/296] CXMK
[00:05:36] [140/296] SKAD
[00:05:37] [141/296] AVTR
[00:05:38] [142/296] PTAJ
[00:05:39] [143/296] SCNK
[00:05:41] [144/296] STTI
[00:05:42] [145/296] KACR
[00:05:43] [146/296] SSDX
[00:05:44] [147/296] VRTJ
[00:05:45] [148/296] RAJD
[00:05:46] [149/296] SCIP
[00:05:48] [150/296] RJSL
[00:05:49] [151/296] ARRS
[00:05:50] [152/296] ASMS
[00:05:51] [153/296] RDTS
[00:05:51] [154/296] DVMY
[00:05:53] [155/296] RASA
[00:05:54] [156/296] INOM
[00:05:55] [157/296] SPRS
[00:05:56] [158/296] SGCS
[00:05:57] [159/296] SALM
[00:05:57] [160/296] PKHC
[00:05:58] [161/296] RCSV
[00:06:00] [162/296] CPKC
[00:06:01] [163/296] AACD
[00:06:02] [164/296] GGCV
[00:06:03] [165/296] SMKD
[00:06:04] [166/296] NBCH
[00:06:06] [167/296] AMCB
[00:06:07] [168/296] OPCN
[00:06:07] [169/296] DCIN
[00:06:09] [170/296] INGW
[00:06:10] [171/296] PKKW
[00:06:11] [172/296] FNGW
[00:06:12] [173/296] GCGD
[00:06:12] [174/296] MSTW
[00:06:13] [175/296] KCCG
[00:06:15] [176/296] MRSS
[00:06:16] [177/296] CLCF
[00:06:17] [178/296] EETS
[00:06:18] [179/296] AATR
[00:06:19] [180/296] CMMN
[00:06:20] [181/296] SCCJ
[00:06:22] [182/296] CDTK
[00:06:23] [183/296] AICP
[00:06:24] [184/296] FNBP
[00:06:26] [185/296] CBPB
[00:06:28] [186/296] CPAS
[00:06:28] [187/296] MAPM
[00:06:29] [188/296] PASD
[00:06:31] [189/296] JCMN
[00:06:32] [190/296] MALB
[00:06:33] [191/296] SACG
[00:06:34] [192/296] DDRX
[00:06:36] [193/296] DDXB
[00:06:38] [194/296] RAMC
[00:06:38] [195/296] SANC
[00:06:39] [196/296] BCBP
[00:06:41] [197/296] ALPC
[00:06:42] [198/296] RBAC
[00:06:43] [199/296] RAJL
[00:06:44] [200/296] MPDX
[00:06:46] [201/296] MUSC
[00:06:47] [202/296] VKMK
[00:06:47] [203/296] SKCG
[00:06:48] [204/296] ANCN
[00:06:49] [205/296] MMCJ
[00:06:51] [206/296] DCAK
[00:06:52] [207/296] SCKG
[00:06:52] [208/296] LMCK
[00:06:53] [209/296] CKKX
[00:06:54] [210/296] ANKU
[00:06:55] [211/296] CSMD
[00:06:57] [212/296] MKMP
[00:06:58] [213/296] SVBG
[00:06:59] [214/296] ROOP
[00:07:00] [215/296] GDMT
[00:07:02] [216/296] FPPF
[00:07:02] [217/296] SFUU
[00:07:04] [218/296] ANCB
[00:07:05] [219/296] SMMC
[00:07:06] [220/296] UGKT
[00:07:07] [221/296] JVRM
[00:07:09] [222/296] BATG
[00:07:10] [223/296] RATE
[00:07:11] [224/296] SKME
[00:07:12] [225/296] LMTP
[00:07:13] [226/296] TCBD
[00:07:15] [227/296] ESBD
[00:07:16] [228/296] GDCU
[00:07:17] [229/296] SNKT
[00:07:18] [230/296] SRNK
[00:07:20] [231/296] SMED
[00:07:20] [232/296] CSQS
[00:07:21] [233/296] ALCS
[00:07:23] [234/296] KCKN
[00:07:24] [235/296] VCCL
[00:07:24] [236/296] MCDA
[00:07:26] [237/296] SHMI
[00:07:27] [238/296] SKHA
[00:07:27] [239/296] SVFK
[00:07:28] [240/296] INVB
[00:07:29] [241/296] MELD
[00:07:30] [242/296] JTYS
[00:07:31] [243/296] INCM
[00:07:32] [244/296] MCDV
[00:07:33] [245/296] KSGK
[00:07:34] [246/296] ICMG
[00:07:35] [247/296] CSCV
[00:07:36] [248/296] STMD
[00:07:36] [249/296] STTR
[00:07:37] [250/296] INVC
[00:07:38] [251/296] JTBL
[00:07:39] [252/296] SRVV
[00:07:40] [253/296] MAVC
[00:07:41] [254/296] SRPP
[00:07:41] [255/296] JGDM
[00:07:42] [256/296] MBSJ
[00:07:44] [257/296] SSLL
[00:07:45] [258/296] SLKP
[00:07:46] [259/296] NSRV
[00:07:47] [260/296] UTDV
[00:07:48] [261/296] KICM
[00:07:48] [262/296] KCMD
[00:07:49] [263/296] TTPP
[00:07:50] [264/296] KMPV
[00:07:51] [265/296] SKTV
[00:07:52] [266/296] STCV
[00:07:54] [267/296] SRDA
[00:07:55] [268/296] JTSX
[00:07:55] [269/296] STBV
[00:07:57] [270/296] APVZ
[00:07:58] [271/296] GSTV
[00:07:59] [272/296] NMVS
[00:08:00] [273/296] SKRT
[00:08:02] [274/296] RMDV
[00:08:03] [275/296] RATG
[00:08:04] [276/296] SJYV
[00:08:05] [277/296] NDGP
[00:08:07] [278/296] SNDG
[00:08:08] [279/296] INSR
[00:08:08] [280/296] INSO
[00:08:09] [281/296] CCSI
[00:08:10] [282/296] RASM
[00:08:12] [283/296] NEWC
[00:08:13] [284/296] VSHL
[00:08:14] [285/296] BISW
[00:08:14] [286/296] GCNG
[00:08:15] [287/296] CWSC
[00:08:16] [288/296] SKAN
[00:08:18] [289/296] SEHP
[00:08:18] [290/296] CCOA
[00:08:19] [291/296] MCAJ
[00:08:21] [292/296] ACDE
[00:08:23] [293/296] AACM
[00:08:23] [294/296] JJCK
[00:08:24] [295/296] RCMO
[00:08:26] [296/296] GDAW
[00:08:27] ✅ DONE | Shows=0 | Movies=0
