[00:03:13] 🚀 BMS DAILY TRACKER STARTED
[00:03:13] [1/459] MBDC
[00:03:13] 🧠 New identity
[00:03:14] [2/459] CHKM
[00:03:15] [3/459] JTKZ
[00:03:16] [4/459] CMCT
[00:03:17] [5/459] ASHO
[00:03:17] [6/459] ECDG
[00:03:18] [7/459] SPAT
[00:03:19] [8/459] HILC
[00:03:20] [9/459] SPPH
[00:03:21] [10/459] SBHN
[00:03:22] [11/459] RRCA
[00:03:23] [12/459] APAA
[00:03:24] [13/459] RAME
[00:03:25] [14/459] TMMS
[00:03:26] [15/459] BATK
[00:03:26] [16/459] LKOP
[00:03:27] [17/459] AMTT
[00:03:28] [18/459] PTGK
[00:03:29] [19/459] ANRS
[00:03:30] [20/459] VWBW
[00:03:32] [21/459] SVFG
[00:03:33] [22/459] STAT
[00:03:34] [23/459] GDCV
[00:03:35] [24/459] VEBI
[00:03:36] [25/459] VDSS
[00:03:37] [26/459] NTHV
[00:03:38] [27/459] AOCH
[00:03:40] [28/459] KASR
[00:03:41] [29/459] AYCS
[00:03:42] [30/459] SHAI
[00:03:42] [31/459] SKPE
[00:03:43] [32/459] SBTA
[00:03:44] [33/459] RTTD
[00:03:45] [34/459] CCJD
[00:03:46] [35/459] RSJJ
[00:03:47] [36/459] RKND
[00:03:47] [37/459] SVTX
[00:03:48] [38/459] BAKM
[00:03:49] [39/459] SVDC
[00:03:50] [40/459] MNCV
[00:03:51] [41/459] SJGC
[00:03:52] [42/459] MTPK
[00:03:53] [43/459] GATP
[00:03:53] [44/459] ABTS
[00:03:54] [45/459] ABDE
[00:03:55] [46/459] RCNM
[00:03:56] [47/459] KTHV
[00:03:57] [48/459] MDGJ
[00:03:58] [49/459] SMLM
[00:03:59] [50/459] JTMA
[00:03:59] [51/459] ACKP
[00:04:00] [52/459] SRTA
[00:04:01] [53/459] STAY
[00:04:02] [54/459] MAVO
[00:04:03] [55/459] APTS
[00:04:04] [56/459] OMEA
[00:04:05] [57/459] TTFD
[00:04:06] [58/459] MJCU
[00:04:07] [59/459] CXTE
[00:04:08] [60/459] CTPX
[00:04:09] [61/459] ASSL
[00:04:09] [62/459] CMVB
[00:04:10] [63/459] VPUR
[00:04:11] [64/459] JJDA
[00:04:12] [65/459] INBL
[00:04:12] [66/459] BIKB
[00:04:13] [67/459] NTBB
[00:04:14] [68/459] GLOB
[00:04:15] [69/459] SNTB
[00:04:16] [70/459] CHGV
[00:04:17] [71/459] SSBZ
[00:04:17] [72/459] PRDB
[00:04:18] [73/459] ISMT
[00:04:19] [74/459] MCSD
[00:04:20] [75/459] JBTT
[00:04:21] [76/459] GEKR
[00:04:22] [77/459] PVUN
[00:04:22] [78/459] NRTB
[00:04:23] [79/459] PRAA
[00:04:25] [80/459] PCBL
[00:04:26] [81/459] PTCM
[00:04:27] [82/459] KHNN
[00:04:27] [83/459] OMJE
[00:04:28] [84/459] STGN
[00:04:29] [85/459] RPMS
[00:04:30] [86/459] NWAD
[00:04:31] [87/459] BLCK
[00:04:32] [88/459] SVAA
[00:04:33] [89/459] URVM
[00:04:33] [90/459] ANTM
[00:04:34] [91/459] VJYM
[00:04:35] [92/459] MAZZ
[00:04:36] [93/459] CSHM
[00:04:37] [94/459] WGMH
[00:04:37] [95/459] SALN
[00:04:39] [96/459] BRTP
[00:04:40] [97/459] SVTA
[00:04:41] [98/459] SBTP
[00:04:42] [99/459] VLSS
[00:04:43] [100/459] SRJA
[00:04:44] [101/459] ANCG
[00:04:45] [102/459] CGGC
[00:04:46] [103/459] CRJA
[00:04:47] [104/459] USCR
[00:04:48] [105/459] MMEF
[00:04:49] [106/459] JCRJ
[00:04:49] [107/459] ADCM
[00:04:50] [108/459] BMYK
[00:04:51] [109/459] KICS
[00:04:52] [110/459] MBBT
[00:04:53] [111/459] MACK
[00:04:54] [112/459] CLDR
[00:04:55] [113/459] JYCR
[00:04:56] [114/459] DCRP
[00:04:58] [115/459] RAHT
[00:04:59] [116/459] CSSM
[00:04:59] [117/459] ATPK
[00:05:00] [118/459] KLRT
[00:05:01] [119/459] SRDD
[00:05:02] [120/459] CKMC
[00:05:04] [121/459] KRVM
[00:05:04] [122/459] AKCP
[00:05:05] [123/459] CNCV
[00:05:06] [124/459] PACT
[00:05:07] [125/459] NATP
[00:05:08] [126/459] PCPK
[00:05:09] [127/459] SMHO
[00:05:09] [128/459] CWTK
[00:05:10] [129/459] RVKZ
[00:05:11] [130/459] ASPD
[00:05:12] [131/459] VTKZ
[00:05:13] [132/459] LCSO
[00:05:13] [133/459] PRDY
[00:05:14] [134/459] RCAP
[00:05:15] [135/459] RGAR
[00:05:16] [136/459] RCAC
[00:05:17] [137/459] PMOD
[00:05:17] [138/459] PVCN
[00:05:18] [139/459] SCRZ
[00:05:19] [140/459] PVPC
[00:05:20] [141/459] STID
[00:05:21] [142/459] NEDD
[00:05:22] [143/459] BNBA
[00:05:23] [144/459] NTCD
[00:05:24] [145/459] OCDE
[00:05:25] [146/459] CCDU
[00:05:25] [147/459] CRXH
[00:05:26] [148/459] VLVT
[00:05:28] [149/459] CICI
[00:05:28] [150/459] SUCB
[00:05:29] [151/459] TCBP
[00:05:30] [152/459] SCCY
[00:05:31] [153/459] LXCY
[00:05:32] [154/459] NCMD
[00:05:33] [155/459] PHCS
[00:05:34] [156/459] DUXR
[00:05:35] [157/459] VNKS
[00:05:36] [158/459] SEDP
[00:05:36] [159/459] SVEN
[00:05:37] [160/459] SRKM
[00:05:39] [161/459] JTLT
[00:05:39] [162/459] SVSS
[00:05:40] [163/459] AMDE
[00:05:41] [164/459] WVRN
[00:05:42] [165/459] ISMG
[00:05:42] [166/459] WVKS
[00:05:43] [167/459] USCG
[00:05:44] [168/459] IOTG
[00:05:46] [169/459] RRJM
[00:05:46] [170/459] EDMP
[00:05:47] [171/459] SCGZ
[00:05:48] [172/459] GMGX
[00:05:49] [173/459] OMTP
[00:05:50] [174/459] MITD
[00:05:51] [175/459] SMMD
[00:05:52] [176/459] STML
[00:05:53] [177/459] MCFS
[00:05:53] [178/459] FPKA
[00:05:54] [179/459] OMLR
[00:05:55] [180/459] KKSC
[00:05:56] [181/459] RVMA
[00:05:56] [182/459] SCLL
[00:05:57] [183/459] SCDK
[00:05:58] [184/459] SXMI
[00:05:59] [185/459] SHDN
[00:06:00] [186/459] PAAD
[00:06:00] [187/459] UUCB
[00:06:01] [188/459] JHOL
[00:06:03] [189/459] SGWT
[00:06:04] [190/459] SRII
[00:06:05] [191/459] SGCK
[00:06:06] [192/459] SVVB
[00:06:06] [193/459] DMHA
[00:06:07] [194/459] PPNL
[00:06:08] [195/459] CPNL
[00:06:09] [196/459] WVLD
[00:06:10] [197/459] PSLV
[00:06:11] [198/459] VTTL
[00:06:12] [199/459] NPAD
[00:06:13] [200/459] PVCS
[00:06:13] [201/459] MCHL
[00:06:14] [202/459] PPLL
[00:06:15] [203/459] MALO
[00:06:16] [204/459] SWBH
[00:06:16] [205/459] PUGB
[00:06:17] [206/459] INBB
[00:06:18] [207/459] INNS
[00:06:19] [208/459] MCPT
[00:06:20] [209/459] SCMI
[00:06:21] [210/459] OCON
[00:06:21] [211/459] SCSM
[00:06:22] [212/459] RJVN
[00:06:23] [213/459] AMDK
[00:06:24] [214/459] ISMR
[00:06:24] [215/459] SMTD
[00:06:25] [216/459] VTDD
[00:06:26] [217/459] PDDZ
[00:06:27] [218/459] PCCK
[00:06:28] [219/459] INAM
[00:06:28] [220/459] FNKT
[00:06:29] [221/459] GDKA
[00:06:30] [222/459] MAYU
[00:06:31] [223/459] TCGU
[00:06:32] [224/459] KDCA
[00:06:33] [225/459] DOMY
[00:06:34] [226/459] PDDD
[00:06:35] [227/459] BJTS
[00:06:36] [228/459] VTCA
[00:06:37] [229/459] SBTM
[00:06:37] [230/459] SEET
[00:06:38] [231/459] SSTJ
[00:06:40] [232/459] SVNT
[00:06:41] [233/459] PPPR
[00:06:42] [234/459] PVYS
[00:06:43] [235/459] IOSE
[00:06:44] [236/459] ACTV
[00:06:45] [237/459] APVE
[00:06:45] [238/459] TCCL
[00:06:46] [239/459] SCMO
[00:06:47] [240/459] SAUM
[00:06:48] [241/459] KCJS
[00:06:49] [242/459] NJCJ
[00:06:49] [243/459] NECF
[00:06:50] [244/459] CCGW
[00:06:51] [245/459] CCMG
[00:06:53] [246/459] NYRG
[00:06:53] [247/459] NCSQ
[00:06:54] [248/459] GRCG
[00:06:55] [249/459] CCBT
[00:06:56] [250/459] ACGA
[00:06:57] [251/459] INAG
[00:06:58] [252/459] FUCG
[00:06:58] [253/459] AICF
[00:06:59] [254/459] GRGA
[00:07:00] [255/459] GDCN
[00:07:01] [256/459] RRCG
[00:07:02] [257/459] SDCH
[00:07:02] [258/459] WVJM
[00:07:03] [259/459] JCCZ
[00:07:04] [260/459] CNCL
[00:07:05] [261/459] TMLV
[00:07:06] [262/459] MEMB
[00:07:07] [263/459] SGTD
[00:07:07] [264/459] CONX
[00:07:08] [265/459] CCMH
[00:07:09] [266/459] ACMC
[00:07:10] [267/459] DTPD
[00:07:11] [268/459] POJA
[00:07:12] [269/459] FNBH
[00:07:13] [270/459] CGCB
[00:07:14] [271/459] RACN
[00:07:14] [272/459] JTSM
[00:07:15] [273/459] SCDN
[00:07:16] [274/459] AACK
[00:07:17] [275/459] RMCE
[00:07:18] [276/459] BSGB
[00:07:18] [277/459] MRCB
[00:07:19] [278/459] SRVR
[00:07:20] [279/459] VTKK
[00:07:22] [280/459] AMST
[00:07:22] [281/459] APCY
[00:07:23] [282/459] LMHO
[00:07:24] [283/459] MTZH
[00:07:25] [284/459] AMZB
[00:07:26] [285/459] SUVT
[00:07:26] [286/459] RCIP
[00:07:27] [287/459] KESR
[00:07:29] [288/459] SNKC
[00:07:30] [289/459] SCED
[00:07:31] [290/459] DVCA
[00:07:31] [291/459] VCDT
[00:07:33] [292/459] RRDI
[00:07:35] [293/459] DFCH
[00:07:35] [294/459] INSC
[00:07:36] [295/459] RGTR
[00:07:37] [296/459] FMOT
[00:07:38] [297/459] SCPM
[00:07:39] [298/459] GCDT
[00:07:40] [299/459] BRKT
[00:07:40] [300/459] DEMP
[00:07:41] [301/459] SRLC
[00:07:42] [302/459] KSTT
[00:07:43] [303/459] SMMT
[00:07:44] [304/459] SILM
[00:07:45] [305/459] JCVM
[00:07:46] [306/459] KCSV
[00:07:47] [307/459] MHLK
[00:07:48] [308/459] SLVL
[00:07:48] [309/459] RJKP
[00:07:49] [310/459] BBPC
[00:07:50] [311/459] MXCB
[00:07:51] [312/459] TCPK
[00:07:52] [313/459] RTBR
[00:07:53] [314/459] GAUT
[00:07:53] [315/459] DVCF
[00:07:54] [316/459] JTSB
[00:07:55] [317/459] SBLS
[00:07:56] [318/459] UDAY
[00:07:57] [319/459] PTNP
[00:07:58] [320/459] DMKT
[00:07:58] [321/459] NTDT
[00:07:59] [322/459] SHDJ
[00:08:00] [323/459] OTNC
[00:08:01] [324/459] RNTW
[00:08:02] [325/459] GCMI
[00:08:03] [326/459] CRCM
[00:08:03] [327/459] NNCZ
[00:08:04] [328/459] OEMO
[00:08:05] [329/459] PVJM
[00:08:06] [330/459] CPJI
[00:08:07] [331/459] RMCJ
[00:08:08] [332/459] CNWJ
[00:08:08] [333/459] EPJM
[00:08:09] [334/459] FNJJ
[00:08:10] [335/459] GCMJ
[00:08:12] [336/459] INPS
[00:08:13] [337/459] BICJ
[00:08:13] [338/459] ISTJ
[00:08:15] [339/459] INJC
[00:08:15] [340/459] GLXJ
[00:08:16] [341/459] INEM
[00:08:17] [342/459] JTMN
[00:08:18] [343/459] FRCJ
[00:08:19] [344/459] DDJP
[00:08:19] [345/459] INJV
[00:08:20] [346/459] GOLC
[00:08:21] [347/459] KOCI
[00:08:22] [348/459] FSTD
[00:08:23] [349/459] PACJ
[00:08:24] [350/459] GMCN
[00:08:24] [351/459] MMDJ
[00:08:26] [352/459] GODH
[00:08:27] [353/459] SKYN
[00:08:28] [354/459] NCTH
[00:08:29] [355/459] SKVZ
[00:08:30] [356/459] SVML
[00:08:31] [357/459] ACVZ
[00:08:32] [358/459] SURA
[00:08:32] [359/459] RTRB
[00:08:33] [360/459] LLCT
[00:08:34] [361/459] ATTS
[00:08:35] [362/459] JYCM
[00:08:36] [363/459] CTKR
[00:08:37] [364/459] LCKR
[00:08:38] [365/459] NYCV
[00:08:39] [366/459] NYOH
[00:08:40] [367/459] NOVX
[00:08:41] [368/459] MRGK
[00:08:42] [369/459] MOON
[00:08:43] [370/459] SBUC
[00:08:44] [371/459] GSVA
[00:08:45] [372/459] VIAK
[00:08:46] [373/459] SMVZ
[00:08:46] [374/459] MATE
[00:08:47] [375/459] RDCN
[00:08:48] [376/459] ASBL
[00:08:49] [377/459] ASVS
[00:08:50] [378/459] ASSR
[00:08:51] [379/459] SSKN
[00:08:51] [380/459] DRPV
[00:08:52] [381/459] MRHT
[00:08:53] [382/459] BSCN
[00:08:54] [383/459] RKNX
[00:08:55] [384/459] MSMC
[00:08:56] [385/459] MSCJ
[00:08:57] [386/459] BTBJ
[00:08:58] [387/459] MJCC
[00:08:59] [388/459] IOMM
[00:09:00] [389/459] ADGR
[00:09:00] [390/459] MYCP
[00:09:01] [391/459] IGCM
[00:09:02] [392/459] PGRK
[00:09:02] [393/459] VPGO
[00:09:03] [394/459] KOMS
[00:09:04] [395/459] URGG
[00:09:05] [396/459] GOST
[00:09:05] [397/459] LACT
[00:09:06] [398/459] BWCM
[00:09:07] [399/459] NCCW
[00:09:08] [400/459] SKYC
[00:09:09] [401/459] CCPM
[00:09:10] [402/459] VCBT
[00:09:11] [403/459] SDKR
[00:09:11] [404/459] CTYB
[00:09:12] [405/459] SHCX
[00:09:14] [406/459] RCUN
[00:09:14] [407/459] CNRA
[00:09:15] [408/459] RFCA
[00:09:16] [409/459] RDCU
[00:09:17] [410/459] SARK
[00:09:18] [411/459] SPPP
[00:09:18] [412/459] ADMB
[00:09:19] [413/459] JYOE
[00:09:20] [414/459] SRMD
[00:09:21] [415/459] RJDH
[00:09:22] [416/459] SSTD
[00:09:23] [417/459] AACV
[00:09:23] [418/459] PPVD
[00:09:24] [419/459] STCP
[00:09:26] [420/459] ANJR
[00:09:26] [421/459] ANLS
[00:09:27] [422/459] BIJO
[00:09:28] [423/459] AVAB
[00:09:29] [424/459] SPMD
[00:09:30] [425/459] SVJL
[00:09:30] [426/459] SDDJ
[00:09:31] [427/459] SLTU
[00:09:32] [428/459] SAKA
[00:09:34] [429/459] PMAM
[00:09:34] [430/459] FNAM
[00:09:35] [431/459] ACAM
[00:09:36] [432/459] SCMM
[00:09:37] [433/459] PMAK
[00:09:38] [434/459] NYSA
[00:09:39] [435/459] FCPA
[00:09:40] [436/459] GDAN
[00:09:40] [437/459] RSCA
[00:09:41] [438/459] DMAN
[00:09:42] [439/459] DZCM
[00:09:43] [440/459] NSGL
[00:09:44] [441/459] CCPP
[00:09:44] [442/459] PSMG
[00:09:45] [443/459] GSER
[00:09:47] [444/459] FCCT
[00:09:47] [445/459] FCTB
[00:09:48] [446/459] LCNK
[00:09:50] [447/459] SKTY
[00:09:51] [448/459] INAA
[00:09:52] [449/459] RCWN
[00:09:52] [450/459] VAIS
[00:09:53] [451/459] CVMN
[00:09:54] [452/459] INTS
[00:09:55] [453/459] FRGS
[00:09:56] [454/459] DTCK
[00:09:57] [455/459] MCMH
[00:09:58] [456/459] ECRR
[00:09:59] [457/459] RLLP
[00:10:00] [458/459] CCSN
[00:10:01] [459/459] CCBA
[00:10:02] ✅ DONE | Shows=0 | Movies=0
[00:47:41] 🚀 BMS DAILY TRACKER STARTED
[00:47:41] [1/459] MBDC
[00:47:41] 🧠 New identity
[00:47:41] [2/459] CHKM
[00:47:42] [3/459] JTKZ
[00:47:43] [4/459] CMCT
[00:47:43] [5/459] ASHO
[00:47:44] [6/459] ECDG
[00:47:45] [7/459] SPAT
[00:47:45] [8/459] HILC
[00:47:46] [9/459] SPPH
[00:47:46] [10/459] SBHN
[00:47:47] [11/459] RRCA
[00:47:48] [12/459] APAA
[00:47:48] [13/459] RAME
[00:47:49] [14/459] TMMS
[00:47:49] [15/459] BATK
[00:47:50] [16/459] LKOP
[00:47:50] [17/459] AMTT
[00:47:51] [18/459] PTGK
[00:47:52] [19/459] ANRS
[00:47:52] [20/459] VWBW
[00:47:53] [21/459] SVFG
[00:47:53] [22/459] STAT
[00:47:54] [23/459] GDCV
[00:47:55] [24/459] VEBI
[00:47:55] [25/459] VDSS
[00:47:56] [26/459] NTHV
[00:47:56] [27/459] AOCH
[00:47:57] [28/459] KASR
[00:47:57] [29/459] AYCS
[00:47:58] [30/459] SHAI
[00:47:59] [31/459] SKPE
[00:47:59] [32/459] SBTA
[00:47:59] [33/459] RTTD
[00:48:00] [34/459] CCJD
[00:48:01] [35/459] RSJJ
[00:48:01] [36/459] RKND
[00:48:02] [37/459] SVTX
[00:48:02] [38/459] BAKM
[00:48:03] [39/459] SVDC
[00:48:04] [40/459] MNCV
[00:48:05] [41/459] SJGC
[00:48:05] [42/459] MTPK
[00:48:05] [43/459] GATP
[00:48:06] [44/459] ABTS
[00:48:07] [45/459] ABDE
[00:48:08] [46/459] RCNM
[00:48:08] [47/459] KTHV
[00:48:09] [48/459] MDGJ
[00:48:10] [49/459] SMLM
[00:48:10] [50/459] JTMA
[00:48:11] [51/459] ACKP
[00:48:11] [52/459] SRTA
[00:48:12] [53/459] STAY
[00:48:12] [54/459] MAVO
[00:48:13] [55/459] APTS
[00:48:14] [56/459] OMEA
[00:48:14] [57/459] TTFD
[00:48:15] [58/459] MJCU
[00:48:15] [59/459] CXTE
[00:48:16] [60/459] CTPX
[00:48:16] [61/459] ASSL
[00:48:17] [62/459] CMVB
[00:48:17] [63/459] VPUR
[00:48:18] [64/459] JJDA
[00:48:18] [65/459] INBL
[00:48:19] [66/459] BIKB
[00:48:20] [67/459] NTBB
[00:48:20] [68/459] GLOB
[00:48:21] [69/459] SNTB
[00:48:21] [70/459] CHGV
[00:48:22] [71/459] SSBZ
[00:48:22] [72/459] PRDB
[00:48:23] [73/459] ISMT
[00:48:23] [74/459] MCSD
[00:48:24] [75/459] JBTT
[00:48:24] [76/459] GEKR
[00:48:25] [77/459] PVUN
[00:48:26] [78/459] NRTB
[00:48:26] [79/459] PRAA
[00:48:27] [80/459] PCBL
[00:48:28] [81/459] PTCM
[00:48:29] [82/459] KHNN
[00:48:29] [83/459] OMJE
[00:48:30] [84/459] STGN
[00:48:30] [85/459] RPMS
[00:48:31] [86/459] NWAD
[00:48:32] [87/459] BLCK
[00:48:32] [88/459] SVAA
[00:48:33] [89/459] URVM
[00:48:33] [90/459] ANTM
[00:48:34] [91/459] VJYM
[00:48:34] [92/459] MAZZ
[00:48:35] [93/459] CSHM
[00:48:35] [94/459] WGMH
[00:48:36] [95/459] SALN
[00:48:37] [96/459] BRTP
[00:48:37] [97/459] SVTA
[00:48:38] [98/459] SBTP
[00:48:39] [99/459] VLSS
[00:48:39] [100/459] SRJA
[00:48:40] [101/459] ANCG
[00:48:40] [102/459] CGGC
[00:48:41] [103/459] CRJA
[00:48:42] [104/459] USCR
[00:48:42] [105/459] MMEF
[00:48:43] [106/459] JCRJ
[00:48:43] [107/459] ADCM
[00:48:44] [108/459] BMYK
[00:48:44] [109/459] KICS
[00:48:45] [110/459] MBBT
[00:48:46] [111/459] MACK
[00:48:46] [112/459] CLDR
[00:48:47] [113/459] JYCR
[00:48:48] [114/459] DCRP
[00:48:48] [115/459] RAHT
[00:48:49] [116/459] CSSM
[00:48:50] [117/459] ATPK
[00:48:50] [118/459] KLRT
[00:48:51] [119/459] SRDD
[00:48:51] [120/459] CKMC
[00:48:52] [121/459] KRVM
[00:48:52] [122/459] AKCP
[00:48:53] [123/459] CNCV
[00:48:53] [124/459] PACT
[00:48:54] [125/459] NATP
[00:48:55] [126/459] PCPK
[00:48:55] [127/459] SMHO
[00:48:56] [128/459] CWTK
[00:48:56] [129/459] RVKZ
[00:48:57] [130/459] ASPD
[00:48:57] [131/459] VTKZ
[00:48:58] [132/459] LCSO
[00:48:58] [133/459] PRDY
[00:48:59] [134/459] RCAP
[00:48:59] [135/459] RGAR
[00:49:00] [136/459] RCAC
[00:49:01] [137/459] PMOD
[00:49:01] [138/459] PVCN
[00:49:02] [139/459] SCRZ
[00:49:02] [140/459] PVPC
[00:49:03] [141/459] STID
[00:49:04] [142/459] NEDD
[00:49:04] [143/459] BNBA
[00:49:05] [144/459] NTCD
[00:49:05] [145/459] OCDE
[00:49:06] [146/459] CCDU
[00:49:06] [147/459] CRXH
[00:49:07] [148/459] VLVT
[00:49:08] [149/459] CICI
[00:49:08] [150/459] SUCB
[00:49:09] [151/459] TCBP
[00:49:09] [152/459] SCCY
[00:49:10] [153/459] LXCY
[00:49:11] [154/459] NCMD
[00:49:11] [155/459] PHCS
[00:49:12] [156/459] DUXR
[00:49:12] [157/459] VNKS
[00:49:13] [158/459] SEDP
[00:49:14] [159/459] SVEN
[00:49:14] [160/459] SRKM
[00:49:15] [161/459] JTLT
[00:49:15] [162/459] SVSS
[00:49:16] [163/459] AMDE
[00:49:16] [164/459] WVRN
[00:49:17] [165/459] ISMG
[00:49:17] [166/459] WVKS
[00:49:18] [167/459] USCG
[00:49:18] [168/459] IOTG
[00:49:19] [169/459] RRJM
[00:49:20] [170/459] EDMP
[00:49:20] [171/459] SCGZ
[00:49:21] [172/459] GMGX
[00:49:21] [173/459] OMTP
[00:49:22] [174/459] MITD
[00:49:22] [175/459] SMMD
[00:49:23] [176/459] STML
[00:49:23] [177/459] MCFS
[00:49:24] [178/459] FPKA
[00:49:24] [179/459] OMLR
[00:49:25] [180/459] KKSC
[00:49:25] [181/459] RVMA
[00:49:26] [182/459] SCLL
[00:49:26] [183/459] SCDK
[00:49:27] [184/459] SXMI
[00:49:28] [185/459] SHDN
[00:49:28] [186/459] PAAD
[00:49:29] [187/459] UUCB
[00:49:29] [188/459] JHOL
[00:49:30] [189/459] SGWT
[00:49:30] [190/459] SRII
[00:49:31] [191/459] SGCK
[00:49:32] [192/459] SVVB
[00:49:32] [193/459] DMHA
[00:49:33] [194/459] PPNL
[00:49:33] [195/459] CPNL
[00:49:34] [196/459] WVLD
[00:49:34] [197/459] PSLV
[00:49:35] [198/459] VTTL
[00:49:35] [199/459] NPAD
[00:49:36] [200/459] PVCS
[00:49:36] [201/459] MCHL
[00:49:37] [202/459] PPLL
[00:49:37] [203/459] MALO
[00:49:38] [204/459] SWBH
[00:49:39] [205/459] PUGB
[00:49:39] [206/459] INBB
[00:49:40] [207/459] INNS
[00:49:40] [208/459] MCPT
[00:49:41] [209/459] SCMI
[00:49:42] [210/459] OCON
[00:49:42] [211/459] SCSM
[00:49:43] [212/459] RJVN
[00:49:43] [213/459] AMDK
[00:49:44] [214/459] ISMR
[00:49:44] [215/459] SMTD
[00:49:45] [216/459] VTDD
[00:49:45] [217/459] PDDZ
[00:49:46] [218/459] PCCK
[00:49:46] [219/459] INAM
[00:49:47] [220/459] FNKT
[00:49:48] [221/459] GDKA
[00:49:48] [222/459] MAYU
[00:49:48] [223/459] TCGU
[00:49:49] [224/459] KDCA
[00:49:50] [225/459] DOMY
[00:49:50] [226/459] PDDD
[00:49:51] [227/459] BJTS
[00:49:52] [228/459] VTCA
[00:49:52] [229/459] SBTM
[00:49:53] [230/459] SEET
[00:49:53] [231/459] SSTJ
[00:49:54] [232/459] SVNT
[00:49:55] [233/459] PPPR
[00:49:55] [234/459] PVYS
[00:49:56] [235/459] IOSE
[00:49:56] [236/459] ACTV
[00:49:57] [237/459] APVE
[00:49:58] [238/459] TCCL
[00:49:58] [239/459] SCMO
[00:49:59] [240/459] SAUM
[00:50:00] [241/459] KCJS
[00:50:00] [242/459] NJCJ
[00:50:01] [243/459] NECF
[00:50:01] [244/459] CCGW
[00:50:02] [245/459] CCMG
[00:50:03] [246/459] NYRG
[00:50:03] [247/459] NCSQ
[00:50:04] [248/459] GRCG
[00:50:04] [249/459] CCBT
[00:50:05] [250/459] ACGA
[00:50:06] [251/459] INAG
[00:50:06] [252/459] FUCG
[00:50:07] [253/459] AICF
[00:50:07] [254/459] GRGA
[00:50:08] [255/459] GDCN
[00:50:09] [256/459] RRCG
[00:50:09] [257/459] SDCH
[00:50:10] [258/459] WVJM
[00:50:11] [259/459] JCCZ
[00:50:11] [260/459] CNCL
[00:50:12] [261/459] TMLV
[00:50:12] [262/459] MEMB
[00:50:13] [263/459] SGTD
[00:50:14] [264/459] CONX
[00:50:14] [265/459] CCMH
[00:50:14] [266/459] ACMC
[00:50:15] [267/459] DTPD
[00:50:16] [268/459] POJA
[00:50:16] [269/459] FNBH
[00:50:17] [270/459] CGCB
[00:50:17] [271/459] RACN
[00:50:18] [272/459] JTSM
[00:50:18] [273/459] SCDN
[00:50:19] [274/459] AACK
[00:50:19] [275/459] RMCE
[00:50:20] [276/459] BSGB
[00:50:21] [277/459] MRCB
[00:50:21] [278/459] SRVR
[00:50:22] [279/459] VTKK
[00:50:23] [280/459] AMST
[00:50:23] [281/459] APCY
[00:50:24] [282/459] LMHO
[00:50:24] [283/459] MTZH
[00:50:25] [284/459] AMZB
[00:50:25] [285/459] SUVT
[00:50:26] [286/459] RCIP
[00:50:27] [287/459] KESR
[00:50:27] [288/459] SNKC
[00:50:27] [289/459] SCED
[00:50:28] [290/459] DVCA
[00:50:29] [291/459] VCDT
[00:50:30] [292/459] RRDI
[00:50:30] [293/459] DFCH
[00:50:31] [294/459] INSC
[00:50:31] [295/459] RGTR
[00:50:32] [296/459] FMOT
[00:50:32] [297/459] SCPM
[00:50:33] [298/459] GCDT
[00:50:34] [299/459] BRKT
[00:50:34] [300/459] DEMP
[00:50:35] [301/459] SRLC
[00:50:35] [302/459] KSTT
[00:50:36] [303/459] SMMT
[00:50:37] [304/459] SILM
[00:50:37] [305/459] JCVM
[00:50:38] [306/459] KCSV
[00:50:39] [307/459] MHLK
[00:50:39] [308/459] SLVL
[00:50:40] [309/459] RJKP
[00:50:40] [310/459] BBPC
[00:50:41] [311/459] MXCB
[00:50:41] [312/459] TCPK
[00:50:42] [313/459] RTBR
[00:50:42] [314/459] GAUT
[00:50:43] [315/459] DVCF
[00:50:44] [316/459] JTSB
[00:50:44] [317/459] SBLS
[00:50:45] [318/459] UDAY
[00:50:45] [319/459] PTNP
[00:50:46] [320/459] DMKT
[00:50:47] [321/459] NTDT
[00:50:47] [322/459] SHDJ
[00:50:48] [323/459] OTNC
[00:50:48] [324/459] RNTW
[00:50:49] [325/459] GCMI
[00:50:49] [326/459] CRCM
[00:50:50] [327/459] NNCZ
[00:50:50] [328/459] OEMO
[00:50:51] [329/459] PVJM
[00:50:52] [330/459] CPJI
[00:50:52] [331/459] RMCJ
[00:50:53] [332/459] CNWJ
[00:50:54] [333/459] EPJM
[00:50:54] [334/459] FNJJ
[00:50:55] [335/459] GCMJ
[00:50:56] [336/459] INPS
[00:50:56] [337/459] BICJ
[00:50:57] [338/459] ISTJ
[00:50:57] [339/459] INJC
[00:50:58] [340/459] GLXJ
[00:50:59] [341/459] INEM
[00:50:59] [342/459] JTMN
[00:51:00] [343/459] FRCJ
[00:51:00] [344/459] DDJP
[00:51:01] [345/459] INJV
[00:51:02] [346/459] GOLC
[00:51:02] [347/459] KOCI
[00:51:02] [348/459] FSTD
[00:51:03] [349/459] PACJ
[00:51:04] [350/459] GMCN
[00:51:04] [351/459] MMDJ
[00:51:05] [352/459] GODH
[00:51:05] [353/459] SKYN
[00:51:06] [354/459] NCTH
[00:51:07] [355/459] SKVZ
[00:51:07] [356/459] SVML
[00:51:08] [357/459] ACVZ
[00:51:08] [358/459] SURA
[00:51:09] [359/459] RTRB
[00:51:10] [360/459] LLCT
[00:51:10] [361/459] ATTS
[00:51:11] [362/459] JYCM
[00:51:12] [363/459] CTKR
[00:51:12] [364/459] LCKR
[00:51:12] [365/459] NYCV
[00:51:13] [366/459] NYOH
[00:51:13] [367/459] NOVX
[00:51:14] [368/459] MRGK
[00:51:14] [369/459] MOON
[00:51:15] [370/459] SBUC
[00:51:16] [371/459] GSVA
[00:51:16] [372/459] VIAK
[00:51:17] [373/459] SMVZ
[00:51:18] [374/459] MATE
[00:51:19] [375/459] RDCN
[00:51:19] [376/459] ASBL
[00:51:20] [377/459] ASVS
[00:51:20] [378/459] ASSR
[00:51:21] [379/459] SSKN
[00:51:22] [380/459] DRPV
[00:51:22] [381/459] MRHT
[00:51:23] [382/459] BSCN
[00:51:23] [383/459] RKNX
[00:51:24] [384/459] MSMC
[00:51:25] [385/459] MSCJ
[00:51:25] [386/459] BTBJ
[00:51:26] [387/459] MJCC
[00:51:26] [388/459] IOMM
[00:51:27] [389/459] ADGR
[00:51:28] [390/459] MYCP
[00:51:28] [391/459] IGCM
[00:51:29] [392/459] PGRK
[00:51:30] [393/459] VPGO
[00:51:30] [394/459] KOMS
[00:51:31] [395/459] URGG
[00:51:31] [396/459] GOST
[00:51:32] [397/459] LACT
[00:51:33] [398/459] BWCM
[00:51:33] [399/459] NCCW
[00:51:34] [400/459] SKYC
[00:51:34] [401/459] CCPM
[00:51:35] [402/459] VCBT
[00:51:35] [403/459] SDKR
[00:51:36] [404/459] CTYB
[00:51:37] [405/459] SHCX
[00:51:37] [406/459] RCUN
[00:51:38] [407/459] CNRA
[00:51:38] [408/459] RFCA
[00:51:39] [409/459] RDCU
[00:51:39] [410/459] SARK
[00:51:40] [411/459] SPPP
[00:51:40] [412/459] ADMB
[00:51:41] [413/459] JYOE
[00:51:42] [414/459] SRMD
[00:51:42] [415/459] RJDH
[00:51:43] [416/459] SSTD
[00:51:44] [417/459] AACV
[00:51:44] [418/459] PPVD
[00:51:45] [419/459] STCP
[00:51:45] [420/459] ANJR
[00:51:46] [421/459] ANLS
[00:51:47] [422/459] BIJO
[00:51:47] [423/459] AVAB
[00:51:48] [424/459] SPMD
[00:51:48] [425/459] SVJL
[00:51:49] [426/459] SDDJ
[00:51:50] [427/459] SLTU
[00:51:50] [428/459] SAKA
[00:51:51] [429/459] PMAM
[00:51:51] [430/459] FNAM
[00:51:52] [431/459] ACAM
[00:51:52] [432/459] SCMM
[00:51:53] [433/459] PMAK
[00:51:53] [434/459] NYSA
[00:51:54] [435/459] FCPA
[00:51:54] [436/459] GDAN
[00:51:55] [437/459] RSCA
[00:51:55] [438/459] DMAN
[00:51:56] [439/459] DZCM
[00:51:56] [440/459] NSGL
[00:51:57] [441/459] CCPP
[00:51:58] [442/459] PSMG
[00:51:58] [443/459] GSER
[00:51:59] [444/459] FCCT
[00:51:59] [445/459] FCTB
[00:52:00] [446/459] LCNK
[00:52:00] [447/459] SKTY
[00:52:01] [448/459] INAA
[00:52:01] [449/459] RCWN
[00:52:02] [450/459] VAIS
[00:52:02] [451/459] CVMN
[00:52:03] [452/459] INTS
[00:52:03] [453/459] FRGS
[00:52:04] [454/459] DTCK
[00:52:05] [455/459] MCMH
[00:52:05] [456/459] ECRR
[00:52:06] [457/459] RLLP
[00:52:06] [458/459] CCSN
[00:52:07] [459/459] CCBA
[00:52:07] ✅ DONE | Shows=0 | Movies=0
[01:56:21] 🚀 BMS DAILY TRACKER STARTED
[01:56:21] [1/459] MBDC
[01:56:21] 🧠 New identity
[01:56:21] [2/459] CHKM
[01:56:22] [3/459] JTKZ
[01:56:23] [4/459] CMCT
[01:56:24] [5/459] ASHO
[01:56:24] [6/459] ECDG
[01:56:25] [7/459] SPAT
[01:56:25] [8/459] HILC
[01:56:26] [9/459] SPPH
[01:56:27] [10/459] SBHN
[01:56:27] [11/459] RRCA
[01:56:28] [12/459] APAA
[01:56:28] [13/459] RAME
[01:56:29] [14/459] TMMS
[01:56:29] [15/459] BATK
[01:56:30] [16/459] LKOP
[01:56:31] [17/459] AMTT
[01:56:31] [18/459] PTGK
[01:56:32] [19/459] ANRS
[01:56:32] [20/459] VWBW
[01:56:33] [21/459] SVFG
[01:56:34] [22/459] STAT
[01:56:34] [23/459] GDCV
[01:56:35] [24/459] VEBI
[01:56:35] [25/459] VDSS
[01:56:36] [26/459] NTHV
[01:56:36] [27/459] AOCH
[01:56:37] [28/459] KASR
[01:56:38] [29/459] AYCS
[01:56:38] [30/459] SHAI
[01:56:39] [31/459] SKPE
[01:56:40] [32/459] SBTA
[01:56:40] [33/459] RTTD
[01:56:41] [34/459] CCJD
[01:56:41] [35/459] RSJJ
[01:56:42] [36/459] RKND
[01:56:42] [37/459] SVTX
[01:56:43] [38/459] BAKM
[01:56:43] [39/459] SVDC
[01:56:44] [40/459] MNCV
[01:56:45] [41/459] SJGC
[01:56:45] [42/459] MTPK
[01:56:46] [43/459] GATP
[01:56:47] [44/459] ABTS
[01:56:47] [45/459] ABDE
[01:56:48] [46/459] RCNM
[01:56:49] [47/459] KTHV
[01:56:49] [48/459] MDGJ
[01:56:50] [49/459] SMLM
[01:56:51] [50/459] JTMA
[01:56:51] [51/459] ACKP
[01:56:52] [52/459] SRTA
[01:56:53] [53/459] STAY
[01:56:53] [54/459] MAVO
[01:56:54] [55/459] APTS
[01:56:55] [56/459] OMEA
[01:56:55] [57/459] TTFD
[01:56:56] [58/459] MJCU
[01:56:56] [59/459] CXTE
[01:56:57] [60/459] CTPX
[01:56:57] [61/459] ASSL
[01:56:58] [62/459] CMVB
[01:56:58] [63/459] VPUR
[01:56:59] [64/459] JJDA
[01:56:59] [65/459] INBL
[01:57:00] [66/459] BIKB
[01:57:01] [67/459] NTBB
[01:57:01] [68/459] GLOB
[01:57:02] [69/459] SNTB
[01:57:02] [70/459] CHGV
[01:57:03] [71/459] SSBZ
[01:57:03] [72/459] PRDB
[01:57:04] [73/459] ISMT
[01:57:05] [74/459] MCSD
[01:57:05] [75/459] JBTT
[01:57:06] [76/459] GEKR
[01:57:06] [77/459] PVUN
[01:57:07] [78/459] NRTB
[01:57:07] [79/459] PRAA
[01:57:08] [80/459] PCBL
[01:57:09] [81/459] PTCM
[01:57:09] [82/459] KHNN
[01:57:10] [83/459] OMJE
[01:57:10] [84/459] STGN
[01:57:11] [85/459] RPMS
[01:57:12] [86/459] NWAD
[01:57:12] [87/459] BLCK
[01:57:13] [88/459] SVAA
[01:57:13] [89/459] URVM
[01:57:13] [90/459] ANTM
[01:57:14] [91/459] VJYM
[01:57:14] [92/459] MAZZ
[01:57:15] [93/459] CSHM
[01:57:15] [94/459] WGMH
[01:57:16] [95/459] SALN
[01:57:17] [96/459] BRTP
[01:57:17] [97/459] SVTA
[01:57:18] [98/459] SBTP
[01:57:18] [99/459] VLSS
[01:57:19] [100/459] SRJA
[01:57:19] [101/459] ANCG
[01:57:20] [102/459] CGGC
[01:57:20] [103/459] CRJA
[01:57:21] [104/459] USCR
[01:57:22] [105/459] MMEF
[01:57:22] [106/459] JCRJ
[01:57:23] [107/459] ADCM
[01:57:24] [108/459] BMYK
[01:57:24] [109/459] KICS
[01:57:25] [110/459] MBBT
[01:57:25] [111/459] MACK
[01:57:26] [112/459] CLDR
[01:57:26] [113/459] JYCR
[01:57:27] [114/459] DCRP
[01:57:27] [115/459] RAHT
[01:57:28] [116/459] CSSM
[01:57:28] [117/459] ATPK
[01:57:29] [118/459] KLRT
[01:57:29] [119/459] SRDD
[01:57:30] [120/459] CKMC
[01:57:31] [121/459] KRVM
[01:57:32] [122/459] AKCP
[01:57:32] [123/459] CNCV
[01:57:33] [124/459] PACT
[01:57:33] [125/459] NATP
[01:57:34] [126/459] PCPK
[01:57:34] [127/459] SMHO
[01:57:35] [128/459] CWTK
[01:57:35] [129/459] RVKZ
[01:57:36] [130/459] ASPD
[01:57:37] [131/459] VTKZ
[01:57:37] [132/459] LCSO
[01:57:38] [133/459] PRDY
[01:57:39] [134/459] RCAP
[01:57:39] [135/459] RGAR
[01:57:40] [136/459] RCAC
[01:57:40] [137/459] PMOD
[01:57:41] [138/459] PVCN
[01:57:42] [139/459] SCRZ
[01:57:42] [140/459] PVPC
[01:57:43] [141/459] STID
[01:57:44] [142/459] NEDD
[01:57:44] [143/459] BNBA
[01:57:45] [144/459] NTCD
[01:57:45] [145/459] OCDE
[01:57:46] [146/459] CCDU
[01:57:47] [147/459] CRXH
[01:57:47] [148/459] VLVT
[01:57:48] [149/459] CICI
[01:57:48] [150/459] SUCB
[01:57:49] [151/459] TCBP
[01:57:49] [152/459] SCCY
[01:57:50] [153/459] LXCY
[01:57:50] [154/459] NCMD
[01:57:51] [155/459] PHCS
[01:57:52] [156/459] DUXR
[01:57:52] [157/459] VNKS
[01:57:53] [158/459] SEDP
[01:57:54] [159/459] SVEN
[01:57:54] [160/459] SRKM
[01:57:55] [161/459] JTLT
[01:57:55] [162/459] SVSS
[01:57:56] [163/459] AMDE
[01:57:57] [164/459] WVRN
[01:57:57] [165/459] ISMG
[01:57:58] [166/459] WVKS
[01:57:58] [167/459] USCG
[01:57:59] [168/459] IOTG
[01:58:00] [169/459] RRJM
[01:58:00] [170/459] EDMP
[01:58:01] [171/459] SCGZ
[01:58:01] [172/459] GMGX
[01:58:02] [173/459] OMTP
[01:58:03] [174/459] MITD
[01:58:03] [175/459] SMMD
[01:58:04] [176/459] STML
[01:58:04] [177/459] MCFS
[01:58:05] [178/459] FPKA
[01:58:06] [179/459] OMLR
[01:58:06] [180/459] KKSC
[01:58:07] [181/459] RVMA
[01:58:07] [182/459] SCLL
[01:58:08] [183/459] SCDK
[01:58:08] [184/459] SXMI
[01:58:09] [185/459] SHDN
[01:58:10] [186/459] PAAD
[01:58:11] [187/459] UUCB
[01:58:11] [188/459] JHOL
[01:58:12] [189/459] SGWT
[01:58:12] [190/459] SRII
[01:58:13] [191/459] SGCK
[01:58:13] [192/459] SVVB
[01:58:14] [193/459] DMHA
[01:58:14] [194/459] PPNL
[01:58:15] [195/459] CPNL
[01:58:16] [196/459] WVLD
[01:58:16] [197/459] PSLV
[01:58:16] [198/459] VTTL
[01:58:17] [199/459] NPAD
[01:58:18] [200/459] PVCS
[01:58:19] [201/459] MCHL
[01:58:19] [202/459] PPLL
[01:58:20] [203/459] MALO
[01:58:20] [204/459] SWBH
[01:58:21] [205/459] PUGB
[01:58:21] [206/459] INBB
[01:58:22] [207/459] INNS
[01:58:23] [208/459] MCPT
[01:58:23] [209/459] SCMI
[01:58:24] [210/459] OCON
[01:58:25] [211/459] SCSM
[01:58:25] [212/459] RJVN
[01:58:25] [213/459] AMDK
[01:58:26] [214/459] ISMR
[01:58:27] [215/459] SMTD
[01:58:27] [216/459] VTDD
[01:58:28] [217/459] PDDZ
[01:58:29] [218/459] PCCK
[01:58:29] [219/459] INAM
[01:58:30] [220/459] FNKT
[01:58:31] [221/459] GDKA
[01:58:31] [222/459] MAYU
[01:58:32] [223/459] TCGU
[01:58:33] [224/459] KDCA
[01:58:33] [225/459] DOMY
[01:58:34] [226/459] PDDD
[01:58:35] [227/459] BJTS
[01:58:36] [228/459] VTCA
[01:58:36] [229/459] SBTM
[01:58:37] [230/459] SEET
[01:58:38] [231/459] SSTJ
[01:58:38] [232/459] SVNT
[01:58:39] [233/459] PPPR
[01:58:39] [234/459] PVYS
[01:58:40] [235/459] IOSE
[01:58:41] [236/459] ACTV
[01:58:41] [237/459] APVE
[01:58:42] [238/459] TCCL
[01:58:42] [239/459] SCMO
[01:58:43] [240/459] SAUM
[01:58:43] [241/459] KCJS
[01:58:44] [242/459] NJCJ
[01:58:45] [243/459] NECF
[01:58:45] [244/459] CCGW
[01:58:46] [245/459] CCMG
[01:58:46] [246/459] NYRG
[01:58:47] [247/459] NCSQ
[01:58:47] [248/459] GRCG
[01:58:48] [249/459] CCBT
[01:58:48] [250/459] ACGA
[01:58:49] [251/459] INAG
[01:58:49] [252/459] FUCG
[01:58:50] [253/459] AICF
[01:58:50] [254/459] GRGA
[01:58:51] [255/459] GDCN
[01:58:52] [256/459] RRCG
[01:58:52] [257/459] SDCH
[01:58:53] [258/459] WVJM
[01:58:54] [259/459] JCCZ
[01:58:54] [260/459] CNCL
[01:58:55] [261/459] TMLV
[01:58:55] [262/459] MEMB
[01:58:56] [263/459] SGTD
[01:58:57] [264/459] CONX
[01:58:57] [265/459] CCMH
[01:58:58] [266/459] ACMC
[01:58:58] [267/459] DTPD
[01:58:59] [268/459] POJA
[01:59:00] [269/459] FNBH
[01:59:00] [270/459] CGCB
[01:59:01] [271/459] RACN
[01:59:01] [272/459] JTSM
[01:59:02] [273/459] SCDN
[01:59:03] [274/459] AACK
[01:59:03] [275/459] RMCE
[01:59:04] [276/459] BSGB
[01:59:04] [277/459] MRCB
[01:59:05] [278/459] SRVR
[01:59:06] [279/459] VTKK
[01:59:06] [280/459] AMST
[01:59:07] [281/459] APCY
[01:59:07] [282/459] LMHO
[01:59:08] [283/459] MTZH
[01:59:09] [284/459] AMZB
[01:59:09] [285/459] SUVT
[01:59:10] [286/459] RCIP
[01:59:10] [287/459] KESR
[01:59:11] [288/459] SNKC
[01:59:12] [289/459] SCED
[01:59:12] [290/459] DVCA
[01:59:13] [291/459] VCDT
[01:59:14] [292/459] RRDI
[01:59:14] [293/459] DFCH
[01:59:14] [294/459] INSC
[01:59:15] [295/459] RGTR
[01:59:16] [296/459] FMOT
[01:59:16] [297/459] SCPM
[01:59:17] [298/459] GCDT
[01:59:17] [299/459] BRKT
[01:59:17] [300/459] DEMP
[01:59:18] [301/459] SRLC
[01:59:19] [302/459] KSTT
[01:59:19] [303/459] SMMT
[01:59:20] [304/459] SILM
[01:59:21] [305/459] JCVM
[01:59:21] [306/459] KCSV
[01:59:22] [307/459] MHLK
[01:59:22] [308/459] SLVL
[01:59:23] [309/459] RJKP
[01:59:23] [310/459] BBPC
[01:59:24] [311/459] MXCB
[01:59:24] [312/459] TCPK
[01:59:25] [313/459] RTBR
[01:59:26] [314/459] GAUT
[01:59:26] [315/459] DVCF
[01:59:27] [316/459] JTSB
[01:59:27] [317/459] SBLS
[01:59:28] [318/459] UDAY
[01:59:28] [319/459] PTNP
[01:59:29] [320/459] DMKT
[01:59:29] [321/459] NTDT
[01:59:30] [322/459] SHDJ
[01:59:30] [323/459] OTNC
[01:59:31] [324/459] RNTW
[01:59:32] [325/459] GCMI
[01:59:32] [326/459] CRCM
[01:59:33] [327/459] NNCZ
[01:59:33] [328/459] OEMO
[01:59:34] [329/459] PVJM
[01:59:35] [330/459] CPJI
[01:59:36] [331/459] RMCJ
[01:59:36] [332/459] CNWJ
[01:59:37] [333/459] EPJM
[01:59:37] [334/459] FNJJ
[01:59:38] [335/459] GCMJ
[01:59:38] [336/459] INPS
[01:59:39] [337/459] BICJ
[01:59:39] [338/459] ISTJ
[01:59:40] [339/459] INJC
[01:59:41] [340/459] GLXJ
[01:59:41] [341/459] INEM
[01:59:42] [342/459] JTMN
[01:59:43] [343/459] FRCJ
[01:59:43] [344/459] DDJP
[01:59:44] [345/459] INJV
[01:59:44] [346/459] GOLC
[01:59:45] [347/459] KOCI
[01:59:45] [348/459] FSTD
[01:59:46] [349/459] PACJ
[01:59:46] [350/459] GMCN
[01:59:47] [351/459] MMDJ
[01:59:48] [352/459] GODH
[01:59:48] [353/459] SKYN
[01:59:49] [354/459] NCTH
[01:59:49] [355/459] SKVZ
[01:59:50] [356/459] SVML
[01:59:51] [357/459] ACVZ
[01:59:51] [358/459] SURA
[01:59:52] [359/459] RTRB
[01:59:52] [360/459] LLCT
[01:59:53] [361/459] ATTS
[01:59:54] [362/459] JYCM
[01:59:54] [363/459] CTKR
[01:59:55] [364/459] LCKR
[01:59:55] [365/459] NYCV
[01:59:56] [366/459] NYOH
[01:59:56] [367/459] NOVX
[01:59:57] [368/459] MRGK
[01:59:57] [369/459] MOON
[01:59:58] [370/459] SBUC
[01:59:59] [371/459] GSVA
[01:59:59] [372/459] VIAK
[02:00:00] [373/459] SMVZ
[02:00:00] [374/459] MATE
[02:00:01] [375/459] RDCN
[02:00:01] [376/459] ASBL
[02:00:02] [377/459] ASVS
[02:00:02] [378/459] ASSR
[02:00:03] [379/459] SSKN
[02:00:04] [380/459] DRPV
[02:00:04] [381/459] MRHT
[02:00:05] [382/459] BSCN
[02:00:05] [383/459] RKNX
[02:00:06] [384/459] MSMC
[02:00:06] [385/459] MSCJ
[02:00:07] [386/459] BTBJ
[02:00:07] [387/459] MJCC
[02:00:08] [388/459] IOMM
[02:00:08] [389/459] ADGR
[02:00:09] [390/459] MYCP
[02:00:10] [391/459] IGCM
[02:00:10] [392/459] PGRK
[02:00:11] [393/459] VPGO
[02:00:11] [394/459] KOMS
[02:00:12] [395/459] URGG
[02:00:12] [396/459] GOST
[02:00:13] [397/459] LACT
[02:00:14] [398/459] BWCM
[02:00:14] [399/459] NCCW
[02:00:15] [400/459] SKYC
[02:00:16] [401/459] CCPM
[02:00:16] [402/459] VCBT
[02:00:17] [403/459] SDKR
[02:00:17] [404/459] CTYB
[02:00:18] [405/459] SHCX
[02:00:18] [406/459] RCUN
[02:00:19] [407/459] CNRA
[02:00:20] [408/459] RFCA
[02:00:20] [409/459] RDCU
[02:00:21] [410/459] SARK
[02:00:21] [411/459] SPPP
[02:00:22] [412/459] ADMB
[02:00:22] [413/459] JYOE
[02:00:23] [414/459] SRMD
[02:00:24] [415/459] RJDH
[02:00:24] [416/459] SSTD
[02:00:25] [417/459] AACV
[02:00:25] [418/459] PPVD
[02:00:25] [419/459] STCP
[02:00:26] [420/459] ANJR
[02:00:27] [421/459] ANLS
[02:00:27] [422/459] BIJO
[02:00:28] [423/459] AVAB
[02:00:28] [424/459] SPMD
[02:00:29] [425/459] SVJL
[02:00:29] [426/459] SDDJ
[02:00:30] [427/459] SLTU
[02:00:30] [428/459] SAKA
[02:00:31] [429/459] PMAM
[02:00:31] [430/459] FNAM
[02:00:32] [431/459] ACAM
[02:00:32] [432/459] SCMM
[02:00:33] [433/459] PMAK
[02:00:33] [434/459] NYSA
[02:00:34] [435/459] FCPA
[02:00:35] [436/459] GDAN
[02:00:35] [437/459] RSCA
[02:00:36] [438/459] DMAN
[02:00:36] [439/459] DZCM
[02:00:37] [440/459] NSGL
[02:00:37] [441/459] CCPP
[02:00:38] [442/459] PSMG
[02:00:39] [443/459] GSER
[02:00:39] [444/459] FCCT
[02:00:40] [445/459] FCTB
[02:00:40] [446/459] LCNK
[02:00:41] [447/459] SKTY
[02:00:42] [448/459] INAA
[02:00:42] [449/459] RCWN
[02:00:43] [450/459] VAIS
[02:00:43] [451/459] CVMN
[02:00:44] [452/459] INTS
[02:00:45] [453/459] FRGS
[02:00:45] [454/459] DTCK
[02:00:46] [455/459] MCMH
[02:00:46] [456/459] ECRR
[02:00:47] [457/459] RLLP
[02:00:47] [458/459] CCSN
[02:00:48] [459/459] CCBA
[02:00:49] ✅ DONE | Shows=0 | Movies=0
[02:50:15] 🚀 BMS DAILY TRACKER STARTED
[02:50:15] [1/459] MBDC
[02:50:15] 🧠 New identity
[02:50:16] [2/459] CHKM
[02:50:17] [3/459] JTKZ
[02:50:17] [4/459] CMCT
[02:50:18] [5/459] ASHO
[02:50:19] [6/459] ECDG
[02:50:20] [7/459] SPAT
[02:50:20] [8/459] HILC
[02:50:21] [9/459] SPPH
[02:50:22] [10/459] SBHN
[02:50:22] [11/459] RRCA
[02:50:23] [12/459] APAA
[02:50:24] [13/459] RAME
[02:50:24] [14/459] TMMS
[02:50:25] [15/459] BATK
[02:50:26] [16/459] LKOP
[02:50:26] [17/459] AMTT
[02:50:27] [18/459] PTGK
[02:50:27] [19/459] ANRS
[02:50:28] [20/459] VWBW
[02:50:29] [21/459] SVFG
[02:50:29] [22/459] STAT
[02:50:30] [23/459] GDCV
[02:50:31] [24/459] VEBI
[02:50:31] [25/459] VDSS
[02:50:32] [26/459] NTHV
[02:50:33] [27/459] AOCH
[02:50:33] [28/459] KASR
[02:50:34] [29/459] AYCS
[02:50:34] [30/459] SHAI
[02:50:35] [31/459] SKPE
[02:50:36] [32/459] SBTA
[02:50:36] [33/459] RTTD
[02:50:37] [34/459] CCJD
[02:50:38] [35/459] RSJJ
[02:50:38] [36/459] RKND
[02:50:39] [37/459] SVTX
[02:50:40] [38/459] BAKM
[02:50:41] [39/459] SVDC
[02:50:41] [40/459] MNCV
[02:50:42] [41/459] SJGC
[02:50:43] [42/459] MTPK
[02:50:43] [43/459] GATP
[02:50:44] [44/459] ABTS
[02:50:44] [45/459] ABDE
[02:50:45] [46/459] RCNM
[02:50:46] [47/459] KTHV
[02:50:46] [48/459] MDGJ
[02:50:47] [49/459] SMLM
[02:50:47] [50/459] JTMA
[02:50:48] [51/459] ACKP
[02:50:48] [52/459] SRTA
[02:50:49] [53/459] STAY
[02:50:50] [54/459] MAVO
[02:50:50] [55/459] APTS
[02:50:51] [56/459] OMEA
[02:50:52] [57/459] TTFD
[02:50:52] [58/459] MJCU
[02:50:53] [59/459] CXTE
[02:50:53] [60/459] CTPX
[02:50:54] [61/459] ASSL
[02:50:55] [62/459] CMVB
[02:50:55] [63/459] VPUR
[02:50:56] [64/459] JJDA
[02:50:57] [65/459] INBL
[02:50:57] [66/459] BIKB
[02:50:58] [67/459] NTBB
[02:50:58] [68/459] GLOB
[02:50:59] [69/459] SNTB
[02:51:00] [70/459] CHGV
[02:51:00] [71/459] SSBZ
[02:51:00] [72/459] PRDB
[02:51:01] [73/459] ISMT
[02:51:02] [74/459] MCSD
[02:51:02] [75/459] JBTT
[02:51:03] [76/459] GEKR
[02:51:03] [77/459] PVUN
[02:51:04] [78/459] NRTB
[02:51:05] [79/459] PRAA
[02:51:05] [80/459] PCBL
[02:51:06] [81/459] PTCM
[02:51:07] [82/459] KHNN
[02:51:08] [83/459] OMJE
[02:51:08] [84/459] STGN
[02:51:09] [85/459] RPMS
[02:51:10] [86/459] NWAD
[02:51:10] [87/459] BLCK
[02:51:11] [88/459] SVAA
[02:51:12] [89/459] URVM
[02:51:12] [90/459] ANTM
[02:51:13] [91/459] VJYM
[02:51:14] [92/459] MAZZ
[02:51:14] [93/459] CSHM
[02:51:15] [94/459] WGMH
[02:51:15] [95/459] SALN
[02:51:16] [96/459] BRTP
[02:51:16] [97/459] SVTA
[02:51:17] [98/459] SBTP
[02:51:17] [99/459] VLSS
[02:51:18] [100/459] SRJA
[02:51:18] [101/459] ANCG
[02:51:19] [102/459] CGGC
[02:51:20] [103/459] CRJA
[02:51:20] [104/459] USCR
[02:51:21] [105/459] MMEF
[02:51:22] [106/459] JCRJ
[02:51:22] [107/459] ADCM
[02:51:23] [108/459] BMYK
[02:51:23] [109/459] KICS
[02:51:24] [110/459] MBBT
[02:51:25] [111/459] MACK
[02:51:25] [112/459] CLDR
[02:51:26] [113/459] JYCR
[02:51:27] [114/459] DCRP
[02:51:27] [115/459] RAHT
[02:51:28] [116/459] CSSM
[02:51:28] [117/459] ATPK
[02:51:29] [118/459] KLRT
[02:51:30] [119/459] SRDD
[02:51:30] [120/459] CKMC
[02:51:31] [121/459] KRVM
[02:51:32] [122/459] AKCP
[02:51:32] [123/459] CNCV
[02:51:33] [124/459] PACT
[02:51:34] [125/459] NATP
[02:51:34] [126/459] PCPK
[02:51:35] [127/459] SMHO
[02:51:36] [128/459] CWTK
[02:51:36] [129/459] RVKZ
[02:51:37] [130/459] ASPD
[02:51:37] [131/459] VTKZ
[02:51:38] [132/459] LCSO
[02:51:38] [133/459] PRDY
[02:51:39] [134/459] RCAP
[02:51:39] [135/459] RGAR
[02:51:40] [136/459] RCAC
[02:51:41] [137/459] PMOD
[02:51:41] [138/459] PVCN
[02:51:42] [139/459] SCRZ
[02:51:43] [140/459] PVPC
[02:51:43] [141/459] STID
[02:51:44] [142/459] NEDD
[02:51:45] [143/459] BNBA
[02:51:45] [144/459] NTCD
[02:51:46] [145/459] OCDE
[02:51:47] [146/459] CCDU
[02:51:47] [147/459] CRXH
[02:51:48] [148/459] VLVT
[02:51:48] [149/459] CICI
[02:51:49] [150/459] SUCB
[02:51:50] [151/459] TCBP
[02:51:50] [152/459] SCCY
[02:51:51] [153/459] LXCY
[02:51:52] [154/459] NCMD
[02:51:52] [155/459] PHCS
[02:51:53] [156/459] DUXR
[02:51:53] [157/459] VNKS
[02:51:54] [158/459] SEDP
[02:51:55] [159/459] SVEN
[02:51:56] [160/459] SRKM
[02:51:56] [161/459] JTLT
[02:51:57] [162/459] SVSS
[02:51:57] [163/459] AMDE
[02:51:58] [164/459] WVRN
[02:51:59] [165/459] ISMG
[02:51:59] [166/459] WVKS
[02:52:00] [167/459] USCG
[02:52:01] [168/459] IOTG
[02:52:01] [169/459] RRJM
[02:52:02] [170/459] EDMP
[02:52:02] [171/459] SCGZ
[02:52:03] [172/459] GMGX
[02:52:04] [173/459] OMTP
[02:52:04] [174/459] MITD
[02:52:05] [175/459] SMMD
[02:52:05] [176/459] STML
[02:52:06] [177/459] MCFS
[02:52:06] [178/459] FPKA
[02:52:07] [179/459] OMLR
[02:52:08] [180/459] KKSC
[02:52:08] [181/459] RVMA
[02:52:09] [182/459] SCLL
[02:52:09] [183/459] SCDK
[02:52:10] [184/459] SXMI
[02:52:11] [185/459] SHDN
[02:52:11] [186/459] PAAD
[02:52:12] [187/459] UUCB
[02:52:13] [188/459] JHOL
[02:52:13] [189/459] SGWT
[02:52:13] [190/459] SRII
[02:52:14] [191/459] SGCK
[02:52:15] [192/459] SVVB
[02:52:16] [193/459] DMHA
[02:52:16] [194/459] PPNL
[02:52:17] [195/459] CPNL
[02:52:17] [196/459] WVLD
[02:52:18] [197/459] PSLV
[02:52:19] [198/459] VTTL
[02:52:19] [199/459] NPAD
[02:52:20] [200/459] PVCS
[02:52:20] [201/459] MCHL
[02:52:21] [202/459] PPLL
[02:52:21] [203/459] MALO
[02:52:22] [204/459] SWBH
[02:52:22] [205/459] PUGB
[02:52:23] [206/459] INBB
[02:52:24] [207/459] INNS
[02:52:24] [208/459] MCPT
[02:52:25] [209/459] SCMI
[02:52:26] [210/459] OCON
[02:52:26] [211/459] SCSM
[02:52:27] [212/459] RJVN
[02:52:27] [213/459] AMDK
[02:52:28] [214/459] ISMR
[02:52:29] [215/459] SMTD
[02:52:29] [216/459] VTDD
[02:52:30] [217/459] PDDZ
[02:52:31] [218/459] PCCK
[02:52:31] [219/459] INAM
[02:52:32] [220/459] FNKT
[02:52:32] [221/459] GDKA
[02:52:33] [222/459] MAYU
[02:52:34] [223/459] TCGU
[02:52:34] [224/459] KDCA
[02:52:35] [225/459] DOMY
[02:52:36] [226/459] PDDD
[02:52:36] [227/459] BJTS
[02:52:37] [228/459] VTCA
[02:52:38] [229/459] SBTM
[02:52:38] [230/459] SEET
[02:52:39] [231/459] SSTJ
[02:52:39] [232/459] SVNT
[02:52:40] [233/459] PPPR
[02:52:41] [234/459] PVYS
[02:52:42] [235/459] IOSE
[02:52:42] [236/459] ACTV
[02:52:43] [237/459] APVE
[02:52:43] [238/459] TCCL
[02:52:44] [239/459] SCMO
[02:52:44] [240/459] SAUM
[02:52:45] [241/459] KCJS
[02:52:46] [242/459] NJCJ
[02:52:46] [243/459] NECF
[02:52:47] [244/459] CCGW
[02:52:47] [245/459] CCMG
[02:52:48] [246/459] NYRG
[02:52:48] [247/459] NCSQ
[02:52:49] [248/459] GRCG
[02:52:50] [249/459] CCBT
[02:52:51] [250/459] ACGA
[02:52:51] [251/459] INAG
[02:52:52] [252/459] FUCG
[02:52:52] [253/459] AICF
[02:52:53] [254/459] GRGA
[02:52:53] [255/459] GDCN
[02:52:54] [256/459] RRCG
[02:52:54] [257/459] SDCH
[02:52:55] [258/459] WVJM
[02:52:55] [259/459] JCCZ
[02:52:56] [260/459] CNCL
[02:52:57] [261/459] TMLV
[02:52:57] [262/459] MEMB
[02:52:58] [263/459] SGTD
[02:52:58] [264/459] CONX
[02:52:59] [265/459] CCMH
[02:53:00] [266/459] ACMC
[02:53:00] [267/459] DTPD
[02:53:01] [268/459] POJA
[02:53:01] [269/459] FNBH
[02:53:02] [270/459] CGCB
[02:53:02] [271/459] RACN
[02:53:03] [272/459] JTSM
[02:53:04] [273/459] SCDN
[02:53:04] [274/459] AACK
[02:53:05] [275/459] RMCE
[02:53:05] [276/459] BSGB
[02:53:06] [277/459] MRCB
[02:53:06] [278/459] SRVR
[02:53:07] [279/459] VTKK
[02:53:07] [280/459] AMST
[02:53:08] [281/459] APCY
[02:53:08] [282/459] LMHO
[02:53:09] [283/459] MTZH
[02:53:10] [284/459] AMZB
[02:53:10] [285/459] SUVT
[02:53:10] [286/459] RCIP
[02:53:11] [287/459] KESR
[02:53:12] [288/459] SNKC
[02:53:12] [289/459] SCED
[02:53:13] [290/459] DVCA
[02:53:13] [291/459] VCDT
[02:53:14] [292/459] RRDI
[02:53:14] [293/459] DFCH
[02:53:15] [294/459] INSC
[02:53:15] [295/459] RGTR
[02:53:16] [296/459] FMOT
[02:53:17] [297/459] SCPM
[02:53:17] [298/459] GCDT
[02:53:18] [299/459] BRKT
[02:53:19] [300/459] DEMP
[02:53:19] [301/459] SRLC
[02:53:20] [302/459] KSTT
[02:53:20] [303/459] SMMT
[02:53:21] [304/459] SILM
[02:53:21] [305/459] JCVM
[02:53:22] [306/459] KCSV
[02:53:22] [307/459] MHLK
[02:53:23] [308/459] SLVL
[02:53:24] [309/459] RJKP
[02:53:24] [310/459] BBPC
[02:53:25] [311/459] MXCB
[02:53:26] [312/459] TCPK
[02:53:26] [313/459] RTBR
[02:53:27] [314/459] GAUT
[02:53:28] [315/459] DVCF
[02:53:29] [316/459] JTSB
[02:53:29] [317/459] SBLS
[02:53:30] [318/459] UDAY
[02:53:30] [319/459] PTNP
[02:53:31] [320/459] DMKT
[02:53:31] [321/459] NTDT
[02:53:32] [322/459] SHDJ
[02:53:32] [323/459] OTNC
[02:53:33] [324/459] RNTW
[02:53:34] [325/459] GCMI
[02:53:34] [326/459] CRCM
[02:53:35] [327/459] NNCZ
[02:53:35] [328/459] OEMO
[02:53:36] [329/459] PVJM
[02:53:36] [330/459] CPJI
[02:53:37] [331/459] RMCJ
[02:53:38] [332/459] CNWJ
[02:53:38] [333/459] EPJM
[02:53:39] [334/459] FNJJ
[02:53:39] [335/459] GCMJ
[02:53:40] [336/459] INPS
[02:53:40] [337/459] BICJ
[02:53:41] [338/459] ISTJ
[02:53:41] [339/459] INJC
[02:53:42] [340/459] GLXJ
[02:53:43] [341/459] INEM
[02:53:43] [342/459] JTMN
[02:53:44] [343/459] FRCJ
[02:53:44] [344/459] DDJP
[02:53:45] [345/459] INJV
[02:53:45] [346/459] GOLC
[02:53:46] [347/459] KOCI
[02:53:47] [348/459] FSTD
[02:53:48] [349/459] PACJ
[02:53:48] [350/459] GMCN
[02:53:49] [351/459] MMDJ
[02:53:49] [352/459] GODH
[02:53:50] [353/459] SKYN
[02:53:51] [354/459] NCTH
[02:53:51] [355/459] SKVZ
[02:53:52] [356/459] SVML
[02:53:53] [357/459] ACVZ
[02:53:53] [358/459] SURA
[02:53:54] [359/459] RTRB
[02:53:55] [360/459] LLCT
[02:53:55] [361/459] ATTS
[02:53:56] [362/459] JYCM
[02:53:57] [363/459] CTKR
[02:53:57] [364/459] LCKR
[02:53:58] [365/459] NYCV
[02:53:59] [366/459] NYOH
[02:53:59] [367/459] NOVX
[02:54:00] [368/459] MRGK
[02:54:00] [369/459] MOON
[02:54:01] [370/459] SBUC
[02:54:01] [371/459] GSVA
[02:54:02] [372/459] VIAK
[02:54:02] [373/459] SMVZ
[02:54:03] [374/459] MATE
[02:54:04] [375/459] RDCN
[02:54:04] [376/459] ASBL
[02:54:05] [377/459] ASVS
[02:54:05] [378/459] ASSR
[02:54:06] [379/459] SSKN
[02:54:07] [380/459] DRPV
[02:54:07] [381/459] MRHT
[02:54:08] [382/459] BSCN
[02:54:09] [383/459] RKNX
[02:54:09] [384/459] MSMC
[02:54:10] [385/459] MSCJ
[02:54:11] [386/459] BTBJ
[02:54:11] [387/459] MJCC
[02:54:12] [388/459] IOMM
[02:54:12] [389/459] ADGR
[02:54:13] [390/459] MYCP
[02:54:13] [391/459] IGCM
[02:54:14] [392/459] PGRK
[02:54:14] [393/459] VPGO
[02:54:15] [394/459] KOMS
[02:54:16] [395/459] URGG
[02:54:16] [396/459] GOST
[02:54:17] [397/459] LACT
[02:54:18] [398/459] BWCM
[02:54:18] [399/459] NCCW
[02:54:19] [400/459] SKYC
[02:54:19] [401/459] CCPM
[02:54:20] [402/459] VCBT
[02:54:21] [403/459] SDKR
[02:54:21] [404/459] CTYB
[02:54:22] [405/459] SHCX
[02:54:22] [406/459] RCUN
[02:54:23] [407/459] CNRA
[02:54:24] [408/459] RFCA
[02:54:24] [409/459] RDCU
[02:54:25] [410/459] SARK
[02:54:25] [411/459] SPPP
[02:54:26] [412/459] ADMB
[02:54:27] [413/459] JYOE
[02:54:27] [414/459] SRMD
[02:54:28] [415/459] RJDH
[02:54:28] [416/459] SSTD
[02:54:29] [417/459] AACV
[02:54:29] [418/459] PPVD
[02:54:30] [419/459] STCP
[02:54:31] [420/459] ANJR
[02:54:31] [421/459] ANLS
[02:54:32] [422/459] BIJO
[02:54:33] [423/459] AVAB
[02:54:33] [424/459] SPMD
[02:54:34] [425/459] SVJL
[02:54:34] [426/459] SDDJ
[02:54:35] [427/459] SLTU
[02:54:36] [428/459] SAKA
[02:54:36] [429/459] PMAM
[02:54:37] [430/459] FNAM
[02:54:38] [431/459] ACAM
[02:54:38] [432/459] SCMM
[02:54:39] [433/459] PMAK
[02:54:39] [434/459] NYSA
[02:54:40] [435/459] FCPA
[02:54:40] [436/459] GDAN
[02:54:41] [437/459] RSCA
[02:54:41] [438/459] DMAN
[02:54:42] [439/459] DZCM
[02:54:43] [440/459] NSGL
[02:54:43] [441/459] CCPP
[02:54:44] [442/459] PSMG
[02:54:44] [443/459] GSER
[02:54:45] [444/459] FCCT
[02:54:46] [445/459] FCTB
[02:54:46] [446/459] LCNK
[02:54:47] [447/459] SKTY
[02:54:48] [448/459] INAA
[02:54:48] [449/459] RCWN
[02:54:49] [450/459] VAIS
[02:54:49] [451/459] CVMN
[02:54:50] [452/459] INTS
[02:54:51] [453/459] FRGS
[02:54:51] [454/459] DTCK
[02:54:52] [455/459] MCMH
[02:54:53] [456/459] ECRR
[02:54:53] [457/459] RLLP
[02:54:54] [458/459] CCSN
[02:54:54] [459/459] CCBA
[02:54:55] ✅ DONE | Shows=0 | Movies=0
[03:51:24] 🚀 BMS DAILY TRACKER STARTED
[03:51:24] [1/459] MBDC
[03:51:24] 🧠 New identity
[03:51:25] [2/459] CHKM
[03:51:27] [3/459] JTKZ
[03:51:28] [4/459] CMCT
[03:51:28] [5/459] ASHO
[03:51:29] [6/459] ECDG
[03:51:31] [7/459] SPAT
[03:51:32] [8/459] HILC
[03:51:33] [9/459] SPPH
[03:51:33] [10/459] SBHN
[03:51:34] [11/459] RRCA
[03:51:35] [12/459] APAA
[03:51:36] [13/459] RAME
[03:51:36] [14/459] TMMS
[03:51:37] [15/459] BATK
[03:51:39] [16/459] LKOP
[03:51:40] [17/459] AMTT
[03:51:41] [18/459] PTGK
[03:51:42] [19/459] ANRS
[03:51:43] [20/459] VWBW
[03:51:45] [21/459] SVFG
[03:51:46] [22/459] STAT
[03:51:47] [23/459] GDCV
[03:51:48] [24/459] VEBI
[03:51:49] [25/459] VDSS
[03:51:50] [26/459] NTHV
[03:51:51] [27/459] AOCH
[03:51:52] [28/459] KASR
[03:51:53] [29/459] AYCS
[03:51:53] [30/459] SHAI
[03:51:54] [31/459] SKPE
[03:51:55] [32/459] SBTA
[03:51:57] [33/459] RTTD
[03:51:57] [34/459] CCJD
[03:51:58] [35/459] RSJJ
[03:51:59] [36/459] RKND
[03:52:00] [37/459] SVTX
[03:52:01] [38/459] BAKM
[03:52:02] [39/459] SVDC
[03:52:03] [40/459] MNCV
[03:52:04] [41/459] SJGC
[03:52:05] [42/459] MTPK
[03:52:05] [43/459] GATP
[03:52:06] [44/459] ABTS
[03:52:07] [45/459] ABDE
[03:52:09] [46/459] RCNM
[03:52:09] [47/459] KTHV
[03:52:10] [48/459] MDGJ
[03:52:11] [49/459] SMLM
[03:52:12] [50/459] JTMA
[03:52:13] [51/459] ACKP
[03:52:14] [52/459] SRTA
[03:52:15] [53/459] STAY
[03:52:16] [54/459] MAVO
[03:52:17] [55/459] APTS
[03:52:18] [56/459] OMEA
[03:52:19] [57/459] TTFD
[03:52:19] [58/459] MJCU
[03:52:20] [59/459] CXTE
[03:52:21] [60/459] CTPX
[03:52:22] [61/459] ASSL
[03:52:22] [62/459] CMVB
[03:52:23] [63/459] VPUR
[03:52:24] [64/459] JJDA
[03:52:25] [65/459] INBL
[03:52:26] [66/459] BIKB
[03:52:28] [67/459] NTBB
[03:52:29] [68/459] GLOB
[03:52:29] [69/459] SNTB
[03:52:30] [70/459] CHGV
[03:52:32] [71/459] SSBZ
[03:52:33] [72/459] PRDB
[03:52:33] [73/459] ISMT
[03:52:34] [74/459] MCSD
[03:52:35] [75/459] JBTT
[03:52:37] [76/459] GEKR
[03:52:37] [77/459] PVUN
[03:52:39] [78/459] NRTB
[03:52:40] [79/459] PRAA
[03:52:42] [80/459] PCBL
[03:52:42] [81/459] PTCM
[03:52:43] [82/459] KHNN
[03:52:44] [83/459] OMJE
[03:52:46] [84/459] STGN
[03:52:46] [85/459] RPMS
[03:52:47] [86/459] NWAD
[03:52:48] [87/459] BLCK
[03:52:49] [88/459] SVAA
[03:52:50] [89/459] URVM
[03:52:50] [90/459] ANTM
[03:52:51] [91/459] VJYM
[03:52:52] [92/459] MAZZ
[03:52:53] [93/459] CSHM
[03:52:53] [94/459] WGMH
[03:52:54] [95/459] SALN
[03:52:55] [96/459] BRTP
[03:52:56] [97/459] SVTA
[03:52:57] [98/459] SBTP
[03:52:57] [99/459] VLSS
[03:52:58] [100/459] SRJA
[03:52:59] [101/459] ANCG
[03:53:01] [102/459] CGGC
[03:53:01] [103/459] CRJA
[03:53:02] [104/459] USCR
[03:53:03] [105/459] MMEF
[03:53:04] [106/459] JCRJ
[03:53:04] [107/459] ADCM
[03:53:06] [108/459] BMYK
[03:53:07] [109/459] KICS
[03:53:08] [110/459] MBBT
[03:53:09] [111/459] MACK
[03:53:10] [112/459] CLDR
[03:53:11] [113/459] JYCR
[03:53:13] [114/459] DCRP
[03:53:14] [115/459] RAHT
[03:53:14] [116/459] CSSM
[03:53:15] [117/459] ATPK
[03:53:16] [118/459] KLRT
[03:53:17] [119/459] SRDD
[03:53:18] [120/459] CKMC
[03:53:18] [121/459] KRVM
[03:53:20] [122/459] AKCP
[03:53:21] [123/459] CNCV
[03:53:21] [124/459] PACT
[03:53:22] [125/459] NATP
[03:53:23] [126/459] PCPK
[03:53:24] [127/459] SMHO
[03:53:26] [128/459] CWTK
[03:53:26] [129/459] RVKZ
[03:53:27] [130/459] ASPD
[03:53:28] [131/459] VTKZ
[03:53:29] [132/459] LCSO
[03:53:30] [133/459] PRDY
[03:53:31] [134/459] RCAP
[03:53:31] [135/459] RGAR
[03:53:32] [136/459] RCAC
[03:53:33] [137/459] PMOD
[03:53:34] [138/459] PVCN
[03:53:35] [139/459] SCRZ
[03:53:36] [140/459] PVPC
[03:53:37] [141/459] STID
[03:53:38] [142/459] NEDD
[03:53:39] [143/459] BNBA
[03:53:40] [144/459] NTCD
[03:53:40] [145/459] OCDE
[03:53:41] [146/459] CCDU
[03:53:42] [147/459] CRXH
[03:53:43] [148/459] VLVT
[03:53:44] [149/459] CICI
[03:53:45] [150/459] SUCB
[03:53:46] [151/459] TCBP
[03:53:46] [152/459] SCCY
[03:53:47] [153/459] LXCY
[03:53:48] [154/459] NCMD
[03:53:49] [155/459] PHCS
[03:53:51] [156/459] DUXR
[03:53:52] [157/459] VNKS
[03:53:52] [158/459] SEDP
[03:53:54] [159/459] SVEN
[03:53:55] [160/459] SRKM
[03:53:56] [161/459] JTLT
[03:53:57] [162/459] SVSS
[03:53:58] [163/459] AMDE
[03:53:59] [164/459] WVRN
[03:54:01] [165/459] ISMG
[03:54:02] [166/459] WVKS
[03:54:03] [167/459] USCG
[03:54:03] [168/459] IOTG
[03:54:04] [169/459] RRJM
[03:54:05] [170/459] EDMP
[03:54:06] [171/459] SCGZ
[03:54:07] [172/459] GMGX
[03:54:08] [173/459] OMTP
[03:54:09] [174/459] MITD
[03:54:09] [175/459] SMMD
[03:54:10] [176/459] STML
[03:54:11] [177/459] MCFS
[03:54:12] [178/459] FPKA
[03:54:13] [179/459] OMLR
[03:54:13] [180/459] KKSC
[03:54:14] [181/459] RVMA
[03:54:15] [182/459] SCLL
[03:54:16] [183/459] SCDK
[03:54:17] [184/459] SXMI
[03:54:18] [185/459] SHDN
[03:54:18] [186/459] PAAD
[03:54:19] [187/459] UUCB
[03:54:20] [188/459] JHOL
[03:54:21] [189/459] SGWT
[03:54:22] [190/459] SRII
[03:54:22] [191/459] SGCK
[03:54:23] [192/459] SVVB
[03:54:24] [193/459] DMHA
[03:54:25] [194/459] PPNL
[03:54:26] [195/459] CPNL
[03:54:27] [196/459] WVLD
[03:54:28] [197/459] PSLV
[03:54:29] [198/459] VTTL
[03:54:30] [199/459] NPAD
[03:54:30] [200/459] PVCS
[03:54:32] [201/459] MCHL
[03:54:33] [202/459] PPLL
[03:54:34] [203/459] MALO
[03:54:35] [204/459] SWBH
[03:54:36] [205/459] PUGB
[03:54:37] [206/459] INBB
[03:54:38] [207/459] INNS
[03:54:39] [208/459] MCPT
[03:54:40] [209/459] SCMI
[03:54:41] [210/459] OCON
[03:54:41] [211/459] SCSM
[03:54:42] [212/459] RJVN
[03:54:43] [213/459] AMDK
[03:54:44] [214/459] ISMR
[03:54:45] [215/459] SMTD
[03:54:46] [216/459] VTDD
[03:54:47] [217/459] PDDZ
[03:54:48] [218/459] PCCK
[03:54:48] [219/459] INAM
[03:54:49] [220/459] FNKT
[03:54:50] [221/459] GDKA
[03:54:51] [222/459] MAYU
[03:54:52] [223/459] TCGU
[03:54:53] [224/459] KDCA
[03:54:54] [225/459] DOMY
[03:54:54] [226/459] PDDD
[03:54:56] [227/459] BJTS
[03:54:58] [228/459] VTCA
[03:54:59] [229/459] SBTM
[03:54:59] [230/459] SEET
[03:55:00] [231/459] SSTJ
[03:55:01] [232/459] SVNT
[03:55:02] [233/459] PPPR
[03:55:03] [234/459] PVYS
[03:55:04] [235/459] IOSE
[03:55:05] [236/459] ACTV
[03:55:06] [237/459] APVE
[03:55:07] [238/459] TCCL
[03:55:08] [239/459] SCMO
[03:55:09] [240/459] SAUM
[03:55:09] [241/459] KCJS
[03:55:10] [242/459] NJCJ
[03:55:11] [243/459] NECF
[03:55:12] [244/459] CCGW
[03:55:13] [245/459] CCMG
[03:55:14] [246/459] NYRG
[03:55:14] [247/459] NCSQ
[03:55:16] [248/459] GRCG
[03:55:18] [249/459] CCBT
[03:55:18] [250/459] ACGA
[03:55:19] [251/459] INAG
[03:55:20] [252/459] FUCG
[03:55:21] [253/459] AICF
[03:55:22] [254/459] GRGA
[03:55:23] [255/459] GDCN
[03:55:23] [256/459] RRCG
[03:55:24] [257/459] SDCH
[03:55:26] [258/459] WVJM
[03:55:27] [259/459] JCCZ
[03:55:27] [260/459] CNCL
[03:55:28] [261/459] TMLV
[03:55:29] [262/459] MEMB
[03:55:30] [263/459] SGTD
[03:55:31] [264/459] CONX
[03:55:32] [265/459] CCMH
[03:55:33] [266/459] ACMC
[03:55:34] [267/459] DTPD
[03:55:34] [268/459] POJA
[03:55:35] [269/459] FNBH
[03:55:36] [270/459] CGCB
[03:55:38] [271/459] RACN
[03:55:39] [272/459] JTSM
[03:55:40] [273/459] SCDN
[03:55:41] [274/459] AACK
[03:55:42] [275/459] RMCE
[03:55:42] [276/459] BSGB
[03:55:44] [277/459] MRCB
[03:55:45] [278/459] SRVR
[03:55:46] [279/459] VTKK
[03:55:47] [280/459] AMST
[03:55:49] [281/459] APCY
[03:55:50] [282/459] LMHO
[03:55:51] [283/459] MTZH
[03:55:51] [284/459] AMZB
[03:55:52] [285/459] SUVT
[03:55:53] [286/459] RCIP
[03:55:54] [287/459] KESR
[03:55:56] [288/459] SNKC
[03:55:56] [289/459] SCED
[03:55:57] [290/459] DVCA
[03:55:58] [291/459] VCDT
[03:55:58] [292/459] RRDI
[03:55:59] [293/459] DFCH
[03:56:00] [294/459] INSC
[03:56:01] [295/459] RGTR
[03:56:02] [296/459] FMOT
[03:56:03] [297/459] SCPM
[03:56:03] [298/459] GCDT
[03:56:04] [299/459] BRKT
[03:56:05] [300/459] DEMP
[03:56:06] [301/459] SRLC
[03:56:07] [302/459] KSTT
[03:56:08] [303/459] SMMT
[03:56:09] [304/459] SILM
[03:56:10] [305/459] JCVM
[03:56:11] [306/459] KCSV
[03:56:12] [307/459] MHLK
[03:56:13] [308/459] SLVL
[03:56:14] [309/459] RJKP
[03:56:14] [310/459] BBPC
[03:56:15] [311/459] MXCB
[03:56:16] [312/459] TCPK
[03:56:17] [313/459] RTBR
[03:56:18] [314/459] GAUT
[03:56:19] [315/459] DVCF
[03:56:20] [316/459] JTSB
[03:56:21] [317/459] SBLS
[03:56:22] [318/459] UDAY
[03:56:22] [319/459] PTNP
[03:56:23] [320/459] DMKT
[03:56:25] [321/459] NTDT
[03:56:26] [322/459] SHDJ
[03:56:27] [323/459] OTNC
[03:56:28] [324/459] RNTW
[03:56:29] [325/459] GCMI
[03:56:30] [326/459] CRCM
[03:56:30] [327/459] NNCZ
[03:56:31] [328/459] OEMO
[03:56:32] [329/459] PVJM
[03:56:33] [330/459] CPJI
[03:56:34] [331/459] RMCJ
[03:56:35] [332/459] CNWJ
[03:56:35] [333/459] EPJM
[03:56:36] [334/459] FNJJ
[03:56:37] [335/459] GCMJ
[03:56:38] [336/459] INPS
[03:56:39] [337/459] BICJ
[03:56:40] [338/459] ISTJ
[03:56:41] [339/459] INJC
[03:56:41] [340/459] GLXJ
[03:56:42] [341/459] INEM
[03:56:44] [342/459] JTMN
[03:56:45] [343/459] FRCJ
[03:56:46] [344/459] DDJP
[03:56:46] [345/459] INJV
[03:56:47] [346/459] GOLC
[03:56:48] [347/459] KOCI
[03:56:49] [348/459] FSTD
[03:56:50] [349/459] PACJ
[03:56:50] [350/459] GMCN
[03:56:52] [351/459] MMDJ
[03:56:54] [352/459] GODH
[03:56:54] [353/459] SKYN
[03:56:55] [354/459] NCTH
[03:56:56] [355/459] SKVZ
[03:56:57] [356/459] SVML
[03:56:58] [357/459] ACVZ
[03:56:59] [358/459] SURA
[03:57:00] [359/459] RTRB
[03:57:01] [360/459] LLCT
[03:57:02] [361/459] ATTS
[03:57:02] [362/459] JYCM
[03:57:04] [363/459] CTKR
[03:57:05] [364/459] LCKR
[03:57:06] [365/459] NYCV
[03:57:07] [366/459] NYOH
[03:57:07] [367/459] NOVX
[03:57:08] [368/459] MRGK
[03:57:09] [369/459] MOON
[03:57:10] [370/459] SBUC
[03:57:11] [371/459] GSVA
[03:57:11] [372/459] VIAK
[03:57:12] [373/459] SMVZ
[03:57:13] [374/459] MATE
[03:57:14] [375/459] RDCN
[03:57:14] [376/459] ASBL
[03:57:15] [377/459] ASVS
[03:57:17] [378/459] ASSR
[03:57:17] [379/459] SSKN
[03:57:18] [380/459] DRPV
[03:57:19] [381/459] MRHT
[03:57:20] [382/459] BSCN
[03:57:21] [383/459] RKNX
[03:57:22] [384/459] MSMC
[03:57:23] [385/459] MSCJ
[03:57:24] [386/459] BTBJ
[03:57:24] [387/459] MJCC
[03:57:25] [388/459] IOMM
[03:57:26] [389/459] ADGR
[03:57:27] [390/459] MYCP
[03:57:28] [391/459] IGCM
[03:57:29] [392/459] PGRK
[03:57:30] [393/459] VPGO
[03:57:30] [394/459] KOMS
[03:57:31] [395/459] URGG
[03:57:32] [396/459] GOST
[03:57:33] [397/459] LACT
[03:57:34] [398/459] BWCM
[03:57:35] [399/459] NCCW
[03:57:35] [400/459] SKYC
[03:57:36] [401/459] CCPM
[03:57:37] [402/459] VCBT
[03:57:39] [403/459] SDKR
[03:57:40] [404/459] CTYB
[03:57:41] [405/459] SHCX
[03:57:41] [406/459] RCUN
[03:57:42] [407/459] CNRA
[03:57:43] [408/459] RFCA
[03:57:44] [409/459] RDCU
[03:57:45] [410/459] SARK
[03:57:46] [411/459] SPPP
[03:57:47] [412/459] ADMB
[03:57:48] [413/459] JYOE
[03:57:50] [414/459] SRMD
[03:57:51] [415/459] RJDH
[03:57:52] [416/459] SSTD
[03:57:53] [417/459] AACV
[03:57:54] [418/459] PPVD
[03:57:55] [419/459] STCP
[03:57:56] [420/459] ANJR
[03:57:58] [421/459] ANLS
[03:57:59] [422/459] BIJO
[03:58:00] [423/459] AVAB
[03:58:01] [424/459] SPMD
[03:58:02] [425/459] SVJL
[03:58:02] [426/459] SDDJ
[03:58:03] [427/459] SLTU
[03:58:05] [428/459] SAKA
[03:58:06] [429/459] PMAM
[03:58:07] [430/459] FNAM
[03:58:08] [431/459] ACAM
[03:58:09] [432/459] SCMM
[03:58:10] [433/459] PMAK
[03:58:11] [434/459] NYSA
[03:58:12] [435/459] FCPA
[03:58:12] [436/459] GDAN
[03:58:13] [437/459] RSCA
[03:58:14] [438/459] DMAN
[03:58:15] [439/459] DZCM
[03:58:16] [440/459] NSGL
[03:58:16] [441/459] CCPP
[03:58:17] [442/459] PSMG
[03:58:18] [443/459] GSER
[03:58:20] [444/459] FCCT
[03:58:21] [445/459] FCTB
[03:58:22] [446/459] LCNK
[03:58:23] [447/459] SKTY
[03:58:24] [448/459] INAA
[03:58:25] [449/459] RCWN
[03:58:27] [450/459] VAIS
[03:58:27] [451/459] CVMN
[03:58:28] [452/459] INTS
[03:58:29] [453/459] FRGS
[03:58:30] [454/459] DTCK
[03:58:31] [455/459] MCMH
[03:58:32] [456/459] ECRR
[03:58:33] [457/459] RLLP
[03:58:34] [458/459] CCSN
[03:58:35] [459/459] CCBA
[03:58:36] ✅ DONE | Shows=0 | Movies=0
[04:50:48] 🚀 BMS DAILY TRACKER STARTED
[04:50:48] [1/459] MBDC
[04:50:48] 🧠 New identity
[04:50:48] [2/459] CHKM
[04:50:49] [3/459] JTKZ
[04:50:50] [4/459] CMCT
[04:50:50] [5/459] ASHO
[04:50:51] [6/459] ECDG
[04:50:51] [7/459] SPAT
[04:50:52] [8/459] HILC
[04:50:52] [9/459] SPPH
[04:50:53] [10/459] SBHN
[04:50:53] [11/459] RRCA
[04:50:54] [12/459] APAA
[04:50:54] [13/459] RAME
[04:50:55] [14/459] TMMS
[04:50:55] [15/459] BATK
[04:50:56] [16/459] LKOP
[04:50:57] [17/459] AMTT
[04:50:57] [18/459] PTGK
[04:50:58] [19/459] ANRS
[04:50:58] [20/459] VWBW
[04:50:59] [21/459] SVFG
[04:50:59] [22/459] STAT
[04:51:00] [23/459] GDCV
[04:51:00] [24/459] VEBI
[04:51:01] [25/459] VDSS
[04:51:02] [26/459] NTHV
[04:51:02] [27/459] AOCH
[04:51:02] [28/459] KASR
[04:51:03] [29/459] AYCS
[04:51:03] [30/459] SHAI
[04:51:04] [31/459] SKPE
[04:51:04] [32/459] SBTA
[04:51:05] [33/459] RTTD
[04:51:06] [34/459] CCJD
[04:51:06] [35/459] RSJJ
[04:51:07] [36/459] RKND
[04:51:08] [37/459] SVTX
[04:51:08] [38/459] BAKM
[04:51:09] [39/459] SVDC
[04:51:10] [40/459] MNCV
[04:51:10] [41/459] SJGC
[04:51:11] [42/459] MTPK
[04:51:12] [43/459] GATP
[04:51:12] [44/459] ABTS
[04:51:13] [45/459] ABDE
[04:51:14] [46/459] RCNM
[04:51:14] [47/459] KTHV
[04:51:15] [48/459] MDGJ
[04:51:16] [49/459] SMLM
[04:51:16] [50/459] JTMA
[04:51:17] [51/459] ACKP
[04:51:17] [52/459] SRTA
[04:51:18] [53/459] STAY
[04:51:18] [54/459] MAVO
[04:51:19] [55/459] APTS
[04:51:19] [56/459] OMEA
[04:51:20] [57/459] TTFD
[04:51:20] [58/459] MJCU
[04:51:21] [59/459] CXTE
[04:51:21] [60/459] CTPX
[04:51:22] [61/459] ASSL
[04:51:22] [62/459] CMVB
[04:51:23] [63/459] VPUR
[04:51:24] [64/459] JJDA
[04:51:24] [65/459] INBL
[04:51:24] [66/459] BIKB
[04:51:25] [67/459] NTBB
[04:51:26] [68/459] GLOB
[04:51:26] [69/459] SNTB
[04:51:27] [70/459] CHGV
[04:51:27] [71/459] SSBZ
[04:51:28] [72/459] PRDB
[04:51:28] [73/459] ISMT
[04:51:29] [74/459] MCSD
[04:51:29] [75/459] JBTT
[04:51:30] [76/459] GEKR
[04:51:30] [77/459] PVUN
[04:51:31] [78/459] NRTB
[04:51:31] [79/459] PRAA
[04:51:32] [80/459] PCBL
[04:51:33] [81/459] PTCM
[04:51:33] [82/459] KHNN
[04:51:34] [83/459] OMJE
[04:51:35] [84/459] STGN
[04:51:35] [85/459] RPMS
[04:51:36] [86/459] NWAD
[04:51:37] [87/459] BLCK
[04:51:37] [88/459] SVAA
[04:51:38] [89/459] URVM
[04:51:39] [90/459] ANTM
[04:51:39] [91/459] VJYM
[04:51:40] [92/459] MAZZ
[04:51:40] [93/459] CSHM
[04:51:41] [94/459] WGMH
[04:51:42] [95/459] SALN
[04:51:42] [96/459] BRTP
[04:51:43] [97/459] SVTA
[04:51:43] [98/459] SBTP
[04:51:44] [99/459] VLSS
[04:51:44] [100/459] SRJA
[04:51:45] [101/459] ANCG
[04:51:45] [102/459] CGGC
[04:51:46] [103/459] CRJA
[04:51:46] [104/459] USCR
[04:51:47] [105/459] MMEF
[04:51:48] [106/459] JCRJ
[04:51:48] [107/459] ADCM
[04:51:49] [108/459] BMYK
[04:51:49] [109/459] KICS
[04:51:50] [110/459] MBBT
[04:51:51] [111/459] MACK
[04:51:51] [112/459] CLDR
[04:51:52] [113/459] JYCR
[04:51:53] [114/459] DCRP
[04:51:53] [115/459] RAHT
[04:51:54] [116/459] CSSM
[04:51:54] [117/459] ATPK
[04:51:55] [118/459] KLRT
[04:51:56] [119/459] SRDD
[04:51:56] [120/459] CKMC
[04:51:57] [121/459] KRVM
[04:51:58] [122/459] AKCP
[04:51:58] [123/459] CNCV
[04:51:59] [124/459] PACT
[04:51:59] [125/459] NATP
[04:52:00] [126/459] PCPK
[04:52:00] [127/459] SMHO
[04:52:01] [128/459] CWTK
[04:52:02] [129/459] RVKZ
[04:52:02] [130/459] ASPD
[04:52:03] [131/459] VTKZ
[04:52:04] [132/459] LCSO
[04:52:04] [133/459] PRDY
[04:52:05] [134/459] RCAP
[04:52:05] [135/459] RGAR
[04:52:06] [136/459] RCAC
[04:52:06] [137/459] PMOD
[04:52:07] [138/459] PVCN
[04:52:07] [139/459] SCRZ
[04:52:08] [140/459] PVPC
[04:52:08] [141/459] STID
[04:52:09] [142/459] NEDD
[04:52:10] [143/459] BNBA
[04:52:10] [144/459] NTCD
[04:52:11] [145/459] OCDE
[04:52:11] [146/459] CCDU
[04:52:12] [147/459] CRXH
[04:52:12] [148/459] VLVT
[04:52:13] [149/459] CICI
[04:52:13] [150/459] SUCB
[04:52:14] [151/459] TCBP
[04:52:14] [152/459] SCCY
[04:52:15] [153/459] LXCY
[04:52:15] [154/459] NCMD
[04:52:16] [155/459] PHCS
[04:52:16] [156/459] DUXR
[04:52:17] [157/459] VNKS
[04:52:18] [158/459] SEDP
[04:52:18] [159/459] SVEN
[04:52:19] [160/459] SRKM
[04:52:19] [161/459] JTLT
[04:52:20] [162/459] SVSS
[04:52:20] [163/459] AMDE
[04:52:21] [164/459] WVRN
[04:52:22] [165/459] ISMG
[04:52:22] [166/459] WVKS
[04:52:23] [167/459] USCG
[04:52:24] [168/459] IOTG
[04:52:24] [169/459] RRJM
[04:52:25] [170/459] EDMP
[04:52:25] [171/459] SCGZ
[04:52:26] [172/459] GMGX
[04:52:26] [173/459] OMTP
[04:52:27] [174/459] MITD
[04:52:27] [175/459] SMMD
[04:52:28] [176/459] STML
[04:52:28] [177/459] MCFS
[04:52:29] [178/459] FPKA
[04:52:29] [179/459] OMLR
[04:52:30] [180/459] KKSC
[04:52:31] [181/459] RVMA
[04:52:31] [182/459] SCLL
[04:52:32] [183/459] SCDK
[04:52:33] [184/459] SXMI
[04:52:33] [185/459] SHDN
[04:52:34] [186/459] PAAD
[04:52:35] [187/459] UUCB
[04:52:35] [188/459] JHOL
[04:52:36] [189/459] SGWT
[04:52:37] [190/459] SRII
[04:52:37] [191/459] SGCK
[04:52:38] [192/459] SVVB
[04:52:39] [193/459] DMHA
[04:52:39] [194/459] PPNL
[04:52:40] [195/459] CPNL
[04:52:40] [196/459] WVLD
[04:52:41] [197/459] PSLV
[04:52:41] [198/459] VTTL
[04:52:42] [199/459] NPAD
[04:52:43] [200/459] PVCS
[04:52:43] [201/459] MCHL
[04:52:44] [202/459] PPLL
[04:52:44] [203/459] MALO
[04:52:45] [204/459] SWBH
[04:52:45] [205/459] PUGB
[04:52:46] [206/459] INBB
[04:52:46] [207/459] INNS
[04:52:47] [208/459] MCPT
[04:52:47] [209/459] SCMI
[04:52:48] [210/459] OCON
[04:52:49] [211/459] SCSM
[04:52:49] [212/459] RJVN
[04:52:50] [213/459] AMDK
[04:52:50] [214/459] ISMR
[04:52:51] [215/459] SMTD
[04:52:51] [216/459] VTDD
[04:52:52] [217/459] PDDZ
[04:52:52] [218/459] PCCK
[04:52:53] [219/459] INAM
[04:52:54] [220/459] FNKT
[04:52:54] [221/459] GDKA
[04:52:55] [222/459] MAYU
[04:52:55] [223/459] TCGU
[04:52:56] [224/459] KDCA
[04:52:56] [225/459] DOMY
[04:52:57] [226/459] PDDD
[04:52:57] [227/459] BJTS
[04:52:58] [228/459] VTCA
[04:52:58] [229/459] SBTM
[04:52:59] [230/459] SEET
[04:53:00] [231/459] SSTJ
[04:53:00] [232/459] SVNT
[04:53:01] [233/459] PPPR
[04:53:01] [234/459] PVYS
[04:53:02] [235/459] IOSE
[04:53:03] [236/459] ACTV
[04:53:03] [237/459] APVE
[04:53:04] [238/459] TCCL
[04:53:04] [239/459] SCMO
[04:53:05] [240/459] SAUM
[04:53:05] [241/459] KCJS
[04:53:06] [242/459] NJCJ
[04:53:07] [243/459] NECF
[04:53:07] [244/459] CCGW
[04:53:08] [245/459] CCMG
[04:53:08] [246/459] NYRG
[04:53:09] [247/459] NCSQ
[04:53:09] [248/459] GRCG
[04:53:10] [249/459] CCBT
[04:53:11] [250/459] ACGA
[04:53:11] [251/459] INAG
[04:53:11] [252/459] FUCG
[04:53:12] [253/459] AICF
[04:53:13] [254/459] GRGA
[04:53:13] [255/459] GDCN
[04:53:14] [256/459] RRCG
[04:53:14] [257/459] SDCH
[04:53:15] [258/459] WVJM
[04:53:16] [259/459] JCCZ
[04:53:16] [260/459] CNCL
[04:53:17] [261/459] TMLV
[04:53:17] [262/459] MEMB
[04:53:18] [263/459] SGTD
[04:53:19] [264/459] CONX
[04:53:19] [265/459] CCMH
[04:53:20] [266/459] ACMC
[04:53:20] [267/459] DTPD
[04:53:21] [268/459] POJA
[04:53:21] [269/459] FNBH
[04:53:22] [270/459] CGCB
[04:53:23] [271/459] RACN
[04:53:23] [272/459] JTSM
[04:53:24] [273/459] SCDN
[04:53:25] [274/459] AACK
[04:53:25] [275/459] RMCE
[04:53:26] [276/459] BSGB
[04:53:26] [277/459] MRCB
[04:53:27] [278/459] SRVR
[04:53:27] [279/459] VTKK
[04:53:28] [280/459] AMST
[04:53:29] [281/459] APCY
[04:53:29] [282/459] LMHO
[04:53:30] [283/459] MTZH
[04:53:31] [284/459] AMZB
[04:53:32] [285/459] SUVT
[04:53:32] [286/459] RCIP
[04:53:33] [287/459] KESR
[04:53:35] [288/459] SNKC
[04:53:35] [289/459] SCED
[04:53:37] [290/459] DVCA
[04:53:37] [291/459] VCDT
[04:53:38] [292/459] RRDI
[04:53:39] [293/459] DFCH
[04:53:40] [294/459] INSC
[04:53:41] [295/459] RGTR
[04:53:41] [296/459] FMOT
[04:53:42] [297/459] SCPM
[04:53:43] [298/459] GCDT
[04:53:44] [299/459] BRKT
[04:53:45] [300/459] DEMP
[04:53:46] [301/459] SRLC
[04:53:47] [302/459] KSTT
[04:53:48] [303/459] SMMT
[04:53:49] [304/459] SILM
[04:53:50] [305/459] JCVM
[04:53:50] [306/459] KCSV
[04:53:51] [307/459] MHLK
[04:53:52] [308/459] SLVL
[04:53:53] [309/459] RJKP
[04:53:54] [310/459] BBPC
[04:53:54] [311/459] MXCB
[04:53:55] [312/459] TCPK
[04:53:56] [313/459] RTBR
[04:53:57] [314/459] GAUT
[04:53:58] [315/459] DVCF
[04:54:00] [316/459] JTSB
[04:54:01] [317/459] SBLS
[04:54:01] [318/459] UDAY
[04:54:02] [319/459] PTNP
[04:54:03] [320/459] DMKT
[04:54:04] [321/459] NTDT
[04:54:05] [322/459] SHDJ
[04:54:06] [323/459] OTNC
[04:54:07] [324/459] RNTW
[04:54:07] [325/459] GCMI
[04:54:09] [326/459] CRCM
[04:54:10] [327/459] NNCZ
[04:54:10] [328/459] OEMO
[04:54:11] [329/459] PVJM
[04:54:11] [330/459] CPJI
[04:54:12] [331/459] RMCJ
[04:54:13] [332/459] CNWJ
[04:54:14] [333/459] EPJM
[04:54:15] [334/459] FNJJ
[04:54:15] [335/459] GCMJ
[04:54:16] [336/459] INPS
[04:54:17] [337/459] BICJ
[04:54:18] [338/459] ISTJ
[04:54:18] [339/459] INJC
[04:54:19] [340/459] GLXJ
[04:54:20] [341/459] INEM
[04:54:21] [342/459] JTMN
[04:54:22] [343/459] FRCJ
[04:54:22] [344/459] DDJP
[04:54:23] [345/459] INJV
[04:54:24] [346/459] GOLC
[04:54:25] [347/459] KOCI
[04:54:25] [348/459] FSTD
[04:54:27] [349/459] PACJ
[04:54:28] [350/459] GMCN
[04:54:29] [351/459] MMDJ
[04:54:30] [352/459] GODH
[04:54:30] [353/459] SKYN
[04:54:31] [354/459] NCTH
[04:54:32] [355/459] SKVZ
[04:54:32] [356/459] SVML
[04:54:33] [357/459] ACVZ
[04:54:35] [358/459] SURA
[04:54:36] [359/459] RTRB
[04:54:37] [360/459] LLCT
[04:54:38] [361/459] ATTS
[04:54:39] [362/459] JYCM
[04:54:39] [363/459] CTKR
[04:54:40] [364/459] LCKR
[04:54:41] [365/459] NYCV
[04:54:42] [366/459] NYOH
[04:54:43] [367/459] NOVX
[04:54:43] [368/459] MRGK
[04:54:44] [369/459] MOON
[04:54:45] [370/459] SBUC
[04:54:46] [371/459] GSVA
[04:54:46] [372/459] VIAK
[04:54:47] [373/459] SMVZ
[04:54:48] [374/459] MATE
[04:54:49] [375/459] RDCN
[04:54:49] [376/459] ASBL
[04:54:50] [377/459] ASVS
[04:54:51] [378/459] ASSR
[04:54:52] [379/459] SSKN
[04:54:53] [380/459] DRPV
[04:54:54] [381/459] MRHT
[04:54:55] [382/459] BSCN
[04:54:56] [383/459] RKNX
[04:54:57] [384/459] MSMC
[04:54:57] [385/459] MSCJ
[04:54:58] [386/459] BTBJ
[04:54:59] [387/459] MJCC
[04:55:01] [388/459] IOMM
[04:55:02] [389/459] ADGR
[04:55:03] [390/459] MYCP
[04:55:04] [391/459] IGCM
[04:55:05] [392/459] PGRK
[04:55:05] [393/459] VPGO
[04:55:06] [394/459] KOMS
[04:55:07] [395/459] URGG
[04:55:08] [396/459] GOST
[04:55:09] [397/459] LACT
[04:55:09] [398/459] BWCM
[04:55:10] [399/459] NCCW
[04:55:11] [400/459] SKYC
[04:55:12] [401/459] CCPM
[04:55:12] [402/459] VCBT
[04:55:13] [403/459] SDKR
[04:55:14] [404/459] CTYB
[04:55:15] [405/459] SHCX
[04:55:16] [406/459] RCUN
[04:55:16] [407/459] CNRA
[04:55:17] [408/459] RFCA
[04:55:18] [409/459] RDCU
[04:55:19] [410/459] SARK
[04:55:19] [411/459] SPPP
[04:55:20] [412/459] ADMB
[04:55:21] [413/459] JYOE
[04:55:23] [414/459] SRMD
[04:55:24] [415/459] RJDH
[04:55:24] [416/459] SSTD
[04:55:25] [417/459] AACV
[04:55:26] [418/459] PPVD
[04:55:27] [419/459] STCP
[04:55:28] [420/459] ANJR
[04:55:28] [421/459] ANLS
[04:55:29] [422/459] BIJO
[04:55:30] [423/459] AVAB
[04:55:31] [424/459] SPMD
[04:55:31] [425/459] SVJL
[04:55:32] [426/459] SDDJ
[04:55:33] [427/459] SLTU
[04:55:34] [428/459] SAKA
[04:55:35] [429/459] PMAM
[04:55:36] [430/459] FNAM
[04:55:36] [431/459] ACAM
[04:55:37] [432/459] SCMM
[04:55:38] [433/459] PMAK
[04:55:39] [434/459] NYSA
[04:55:40] [435/459] FCPA
[04:55:41] [436/459] GDAN
[04:55:42] [437/459] RSCA
[04:55:42] [438/459] DMAN
[04:55:43] [439/459] DZCM
[04:55:44] [440/459] NSGL
[04:55:44] [441/459] CCPP
[04:55:46] [442/459] PSMG
[04:55:47] [443/459] GSER
[04:55:48] [444/459] FCCT
[04:55:49] [445/459] FCTB
[04:55:49] [446/459] LCNK
[04:55:50] [447/459] SKTY
[04:55:52] [448/459] INAA
[04:55:52] [449/459] RCWN
[04:55:54] [450/459] VAIS
[04:55:55] [451/459] CVMN
[04:55:55] [452/459] INTS
[04:55:56] [453/459] FRGS
[04:55:57] [454/459] DTCK
[04:55:57] [455/459] MCMH
[04:55:58] [456/459] ECRR
[04:55:59] [457/459] RLLP
[04:56:00] [458/459] CCSN
[04:56:00] [459/459] CCBA
[04:56:02] ✅ DONE | Shows=1 | Movies=1
[07:18:00] 🚀 BMS DAILY TRACKER STARTED
[07:18:00] [1/459] MBDC
[07:18:00] 🧠 New identity
[07:18:00] [2/459] CHKM
[07:18:01] [3/459] JTKZ
[07:18:02] [4/459] CMCT
[07:18:03] [5/459] ASHO
[07:18:04] [6/459] ECDG
[07:18:04] [7/459] SPAT
[07:18:04] [8/459] HILC
[07:18:05] [9/459] SPPH
[07:18:06] [10/459] SBHN
[07:18:07] [11/459] RRCA
[07:18:07] [12/459] APAA
[07:18:08] [13/459] RAME
[07:18:09] [14/459] TMMS
[07:18:09] [15/459] BATK
[07:18:10] [16/459] LKOP
[07:18:11] [17/459] AMTT
[07:18:11] [18/459] PTGK
[07:18:12] [19/459] ANRS
[07:18:13] [20/459] VWBW
[07:18:14] [21/459] SVFG
[07:18:14] [22/459] STAT
[07:18:15] [23/459] GDCV
[07:18:15] [24/459] VEBI
[07:18:16] [25/459] VDSS
[07:18:16] [26/459] NTHV
[07:18:17] [27/459] AOCH
[07:18:17] [28/459] KASR
[07:18:18] [29/459] AYCS
[07:18:19] [30/459] SHAI
[07:18:19] [31/459] SKPE
[07:18:20] [32/459] SBTA
[07:18:21] [33/459] RTTD
[07:18:21] [34/459] CCJD
[07:18:22] [35/459] RSJJ
[07:18:23] [36/459] RKND
[07:18:23] [37/459] SVTX
[07:18:24] [38/459] BAKM
[07:18:24] [39/459] SVDC
[07:18:25] [40/459] MNCV
[07:18:25] [41/459] SJGC
[07:18:27] [42/459] MTPK
[07:18:28] [43/459] GATP
[07:18:28] [44/459] ABTS
[07:18:29] [45/459] ABDE
[07:18:30] [46/459] RCNM
[07:18:30] [47/459] KTHV
[07:18:31] [48/459] MDGJ
[07:18:32] [49/459] SMLM
[07:18:32] [50/459] JTMA
[07:18:33] [51/459] ACKP
[07:18:34] [52/459] SRTA
[07:18:35] [53/459] STAY
[07:18:35] [54/459] MAVO
[07:18:36] [55/459] APTS
[07:18:36] [56/459] OMEA
[07:18:37] [57/459] TTFD
[07:18:37] [58/459] MJCU
[07:18:38] [59/459] CXTE
[07:18:39] [60/459] CTPX
[07:18:39] [61/459] ASSL
[07:18:40] [62/459] CMVB
[07:18:41] [63/459] VPUR
[07:18:41] [64/459] JJDA
[07:18:42] [65/459] INBL
[07:18:43] [66/459] BIKB
[07:18:43] [67/459] NTBB
[07:18:44] [68/459] GLOB
[07:18:44] [69/459] SNTB
[07:18:45] [70/459] CHGV
[07:18:45] [71/459] SSBZ
[07:18:46] [72/459] PRDB
[07:18:47] [73/459] ISMT
[07:18:47] [74/459] MCSD
[07:18:48] [75/459] JBTT
[07:18:48] [76/459] GEKR
[07:18:49] [77/459] PVUN
[07:18:49] [78/459] NRTB
[07:18:50] [79/459] PRAA
[07:18:50] [80/459] PCBL
[07:18:51] [81/459] PTCM
[07:18:52] [82/459] KHNN
[07:18:52] [83/459] OMJE
[07:18:53] [84/459] STGN
[07:18:54] [85/459] RPMS
[07:18:54] [86/459] NWAD
[07:18:55] [87/459] BLCK
[07:18:56] [88/459] SVAA
[07:18:56] [89/459] URVM
[07:18:57] [90/459] ANTM
[07:18:57] [91/459] VJYM
[07:18:58] [92/459] MAZZ
[07:18:59] [93/459] CSHM
[07:18:59] [94/459] WGMH
[07:19:00] [95/459] SALN
[07:19:00] [96/459] BRTP
[07:19:01] [97/459] SVTA
[07:19:02] [98/459] SBTP
[07:19:02] [99/459] VLSS
[07:19:04] [100/459] SRJA
[07:19:04] [101/459] ANCG
[07:19:05] [102/459] CGGC
[07:19:05] [103/459] CRJA
[07:19:06] [104/459] USCR
[07:19:06] [105/459] MMEF
[07:19:07] [106/459] JCRJ
[07:19:08] [107/459] ADCM
[07:19:08] [108/459] BMYK
[07:19:09] [109/459] KICS
[07:19:10] [110/459] MBBT
[07:19:10] [111/459] MACK
[07:19:11] [112/459] CLDR
[07:19:12] [113/459] JYCR
[07:19:12] [114/459] DCRP
[07:19:14] [115/459] RAHT
[07:19:15] [116/459] CSSM
[07:19:15] [117/459] ATPK
[07:19:16] [118/459] KLRT
[07:19:17] [119/459] SRDD
[07:19:18] [120/459] CKMC
[07:19:20] [121/459] KRVM
[07:19:20] [122/459] AKCP
[07:19:21] [123/459] CNCV
[07:19:21] [124/459] PACT
[07:19:22] [125/459] NATP
[07:19:22] [126/459] PCPK
[07:19:23] [127/459] SMHO
[07:19:24] [128/459] CWTK
[07:19:24] [129/459] RVKZ
[07:19:25] [130/459] ASPD
[07:19:25] [131/459] VTKZ
[07:19:26] [132/459] LCSO
[07:19:26] [133/459] PRDY
[07:19:27] [134/459] RCAP
[07:19:27] [135/459] RGAR
[07:19:28] [136/459] RCAC
[07:19:29] [137/459] PMOD
[07:19:30] [138/459] PVCN
[07:19:30] [139/459] SCRZ
[07:19:31] [140/459] PVPC
[07:19:32] [141/459] STID
[07:19:32] [142/459] NEDD
[07:19:33] [143/459] BNBA
[07:19:34] [144/459] NTCD
[07:19:34] [145/459] OCDE
[07:19:35] [146/459] CCDU
[07:19:36] [147/459] CRXH
[07:19:36] [148/459] VLVT
[07:19:37] [149/459] CICI
[07:19:37] [150/459] SUCB
[07:19:38] [151/459] TCBP
[07:19:38] [152/459] SCCY
[07:19:39] [153/459] LXCY
[07:19:40] [154/459] NCMD
[07:19:40] [155/459] PHCS
[07:19:41] [156/459] DUXR
[07:19:42] [157/459] VNKS
[07:19:42] [158/459] SEDP
[07:19:43] [159/459] SVEN
[07:19:43] [160/459] SRKM
[07:19:44] [161/459] JTLT
[07:19:44] [162/459] SVSS
[07:19:45] [163/459] AMDE
[07:19:46] [164/459] WVRN
[07:19:46] [165/459] ISMG
[07:19:47] [166/459] WVKS
[07:19:47] [167/459] USCG
[07:19:48] [168/459] IOTG
[07:19:48] [169/459] RRJM
[07:19:49] [170/459] EDMP
[07:19:49] [171/459] SCGZ
[07:19:50] [172/459] GMGX
[07:19:51] [173/459] OMTP
[07:19:51] [174/459] MITD
[07:19:52] [175/459] SMMD
[07:19:53] [176/459] STML
[07:19:53] [177/459] MCFS
[07:19:54] [178/459] FPKA
[07:19:54] [179/459] OMLR
[07:19:55] [180/459] KKSC
[07:19:56] [181/459] RVMA
[07:19:56] [182/459] SCLL
[07:19:57] [183/459] SCDK
[07:19:57] [184/459] SXMI
[07:19:58] [185/459] SHDN
[07:19:58] [186/459] PAAD
[07:19:59] [187/459] UUCB
[07:20:00] [188/459] JHOL
[07:20:00] [189/459] SGWT
[07:20:01] [190/459] SRII
[07:20:02] [191/459] SGCK
[07:20:02] [192/459] SVVB
[07:20:03] [193/459] DMHA
[07:20:03] [194/459] PPNL
[07:20:04] [195/459] CPNL
[07:20:05] [196/459] WVLD
[07:20:05] [197/459] PSLV
[07:20:06] [198/459] VTTL
[07:20:06] [199/459] NPAD
[07:20:07] [200/459] PVCS
[07:20:08] [201/459] MCHL
[07:20:08] [202/459] PPLL
[07:20:09] [203/459] MALO
[07:20:09] [204/459] SWBH
[07:20:10] [205/459] PUGB
[07:20:11] [206/459] INBB
[07:20:12] [207/459] INNS
[07:20:12] [208/459] MCPT
[07:20:13] [209/459] SCMI
[07:20:13] [210/459] OCON
[07:20:14] [211/459] SCSM
[07:20:14] [212/459] RJVN
[07:20:15] [213/459] AMDK
[07:20:16] [214/459] ISMR
[07:20:16] [215/459] SMTD
[07:20:17] [216/459] VTDD
[07:20:17] [217/459] PDDZ
[07:20:18] [218/459] PCCK
[07:20:18] [219/459] INAM
[07:20:19] [220/459] FNKT
[07:20:20] [221/459] GDKA
[07:20:20] [222/459] MAYU
[07:20:21] [223/459] TCGU
[07:20:22] [224/459] KDCA
[07:20:22] [225/459] DOMY
[07:20:23] [226/459] PDDD
[07:20:23] [227/459] BJTS
[07:20:24] [228/459] VTCA
[07:20:25] [229/459] SBTM
[07:20:25] [230/459] SEET
[07:20:26] [231/459] SSTJ
[07:20:26] [232/459] SVNT
[07:20:27] [233/459] PPPR
[07:20:27] [234/459] PVYS
[07:20:28] [235/459] IOSE
[07:20:29] [236/459] ACTV
[07:20:29] [237/459] APVE
[07:20:30] [238/459] TCCL
[07:20:30] [239/459] SCMO
[07:20:31] [240/459] SAUM
[07:20:31] [241/459] KCJS
[07:20:32] [242/459] NJCJ
[07:20:33] [243/459] NECF
[07:20:33] [244/459] CCGW
[07:20:34] [245/459] CCMG
[07:20:35] [246/459] NYRG
[07:20:35] [247/459] NCSQ
[07:20:36] [248/459] GRCG
[07:20:37] [249/459] CCBT
[07:20:38] [250/459] ACGA
[07:20:38] [251/459] INAG
[07:20:39] [252/459] FUCG
[07:20:40] [253/459] AICF
[07:20:40] [254/459] GRGA
[07:20:41] [255/459] GDCN
[07:20:41] [256/459] RRCG
[07:20:42] [257/459] SDCH
[07:20:43] [258/459] WVJM
[07:20:43] [259/459] JCCZ
[07:20:44] [260/459] CNCL
[07:20:44] [261/459] TMLV
[07:20:45] [262/459] MEMB
[07:20:45] [263/459] SGTD
[07:20:46] [264/459] CONX
[07:20:46] [265/459] CCMH
[07:20:47] [266/459] ACMC
[07:20:48] [267/459] DTPD
[07:20:48] [268/459] POJA
[07:20:49] [269/459] FNBH
[07:20:49] [270/459] CGCB
[07:20:50] [271/459] RACN
[07:20:50] [272/459] JTSM
[07:20:51] [273/459] SCDN
[07:20:52] [274/459] AACK
[07:20:53] [275/459] RMCE
[07:20:53] [276/459] BSGB
[07:20:54] [277/459] MRCB
[07:20:54] [278/459] SRVR
[07:20:55] [279/459] VTKK
[07:20:55] [280/459] AMST
[07:20:56] [281/459] APCY
[07:20:57] [282/459] LMHO
[07:20:57] [283/459] MTZH
[07:20:58] [284/459] AMZB
[07:20:58] [285/459] SUVT
[07:20:59] [286/459] RCIP
[07:21:00] [287/459] KESR
[07:21:00] [288/459] SNKC
[07:21:01] [289/459] SCED
[07:21:02] [290/459] DVCA
[07:21:03] [291/459] VCDT
[07:21:03] [292/459] RRDI
[07:21:04] [293/459] DFCH
[07:21:05] [294/459] INSC
[07:21:06] [295/459] RGTR
[07:21:06] [296/459] FMOT
[07:21:07] [297/459] SCPM
[07:21:07] [298/459] GCDT
[07:21:08] [299/459] BRKT
[07:21:09] [300/459] DEMP
[07:21:10] [301/459] SRLC
[07:21:11] [302/459] KSTT
[07:21:11] [303/459] SMMT
[07:21:12] [304/459] SILM
[07:21:13] [305/459] JCVM
[07:21:14] [306/459] KCSV
[07:21:14] [307/459] MHLK
[07:21:15] [308/459] SLVL
[07:21:16] [309/459] RJKP
[07:21:16] [310/459] BBPC
[07:21:17] [311/459] MXCB
[07:21:17] [312/459] TCPK
[07:21:18] [313/459] RTBR
[07:21:18] [314/459] GAUT
[07:21:19] [315/459] DVCF
[07:21:20] [316/459] JTSB
[07:21:20] [317/459] SBLS
[07:21:21] [318/459] UDAY
[07:21:22] [319/459] PTNP
[07:21:23] [320/459] DMKT
[07:21:23] [321/459] NTDT
[07:21:24] [322/459] SHDJ
[07:21:24] [323/459] OTNC
[07:21:25] [324/459] RNTW
[07:21:26] [325/459] GCMI
[07:21:26] [326/459] CRCM
[07:21:27] [327/459] NNCZ
[07:21:27] [328/459] OEMO
[07:21:28] [329/459] PVJM
[07:21:29] [330/459] CPJI
[07:21:29] [331/459] RMCJ
[07:21:30] [332/459] CNWJ
[07:21:31] [333/459] EPJM
[07:21:31] [334/459] FNJJ
[07:21:32] [335/459] GCMJ
[07:21:33] [336/459] INPS
[07:21:33] [337/459] BICJ
[07:21:34] [338/459] ISTJ
[07:21:35] [339/459] INJC
[07:21:35] [340/459] GLXJ
[07:21:36] [341/459] INEM
[07:21:37] [342/459] JTMN
[07:21:38] [343/459] FRCJ
[07:21:38] [344/459] DDJP
[07:21:39] [345/459] INJV
[07:21:39] [346/459] GOLC
[07:21:40] [347/459] KOCI
[07:21:41] [348/459] FSTD
[07:21:42] [349/459] PACJ
[07:21:42] [350/459] GMCN
[07:21:43] [351/459] MMDJ
[07:21:43] [352/459] GODH
[07:21:44] [353/459] SKYN
[07:21:45] [354/459] NCTH
[07:21:46] [355/459] SKVZ
[07:21:47] [356/459] SVML
[07:21:47] [357/459] ACVZ
[07:21:48] [358/459] SURA
[07:21:49] [359/459] RTRB
[07:21:50] [360/459] LLCT
[07:21:50] [361/459] ATTS
[07:21:51] [362/459] JYCM
[07:21:52] [363/459] CTKR
[07:21:53] [364/459] LCKR
[07:21:53] [365/459] NYCV
[07:21:54] [366/459] NYOH
[07:21:55] [367/459] NOVX
[07:21:56] [368/459] MRGK
[07:21:57] [369/459] MOON
[07:21:58] [370/459] SBUC
[07:21:59] [371/459] GSVA
[07:21:59] [372/459] VIAK
[07:22:01] [373/459] SMVZ
[07:22:02] [374/459] MATE
[07:22:02] [375/459] RDCN
[07:22:03] [376/459] ASBL
[07:22:04] [377/459] ASVS
[07:22:05] [378/459] ASSR
[07:22:05] [379/459] SSKN
[07:22:06] [380/459] DRPV
[07:22:07] [381/459] MRHT
[07:22:08] [382/459] BSCN
[07:22:09] [383/459] RKNX
[07:22:10] [384/459] MSMC
[07:22:10] [385/459] MSCJ
[07:22:11] [386/459] BTBJ
[07:22:12] [387/459] MJCC
[07:22:14] [388/459] IOMM
[07:22:15] [389/459] ADGR
[07:22:16] [390/459] MYCP
[07:22:17] [391/459] IGCM
[07:22:17] [392/459] PGRK
[07:22:18] [393/459] VPGO
[07:22:19] [394/459] KOMS
[07:22:20] [395/459] URGG
[07:22:21] [396/459] GOST
[07:22:22] [397/459] LACT
[07:22:23] [398/459] BWCM
[07:22:23] [399/459] NCCW
[07:22:24] [400/459] SKYC
[07:22:25] [401/459] CCPM
[07:22:26] [402/459] VCBT
[07:22:27] [403/459] SDKR
[07:22:28] [404/459] CTYB
[07:22:28] [405/459] SHCX
[07:22:29] [406/459] RCUN
[07:22:30] [407/459] CNRA
[07:22:31] [408/459] RFCA
[07:22:32] [409/459] RDCU
[07:22:33] [410/459] SARK
[07:22:34] [411/459] SPPP
[07:22:35] [412/459] ADMB
[07:22:35] [413/459] JYOE
[07:22:36] [414/459] SRMD
[07:22:37] [415/459] RJDH
[07:22:38] [416/459] SSTD
[07:22:39] [417/459] AACV
[07:22:39] [418/459] PPVD
[07:22:41] [419/459] STCP
[07:22:41] [420/459] ANJR
[07:22:43] [421/459] ANLS
[07:22:44] [422/459] BIJO
[07:22:45] [423/459] AVAB
[07:22:45] [424/459] SPMD
[07:22:47] [425/459] SVJL
[07:22:48] [426/459] SDDJ
[07:22:49] [427/459] SLTU
[07:22:49] [428/459] SAKA
[07:22:50] [429/459] PMAM
[07:22:51] [430/459] FNAM
[07:22:52] [431/459] ACAM
[07:22:52] [432/459] SCMM
[07:22:53] [433/459] PMAK
[07:22:54] [434/459] NYSA
[07:22:55] [435/459] FCPA
[07:22:56] [436/459] GDAN
[07:22:57] [437/459] RSCA
[07:22:57] [438/459] DMAN
[07:22:58] [439/459] DZCM
[07:22:59] [440/459] NSGL
[07:23:00] [441/459] CCPP
[07:23:01] [442/459] PSMG
[07:23:02] [443/459] GSER
[07:23:03] [444/459] FCCT
[07:23:04] [445/459] FCTB
[07:23:05] [446/459] LCNK
[07:23:06] [447/459] SKTY
[07:23:06] [448/459] INAA
[07:23:08] [449/459] RCWN
[07:23:09] [450/459] VAIS
[07:23:10] [451/459] CVMN
[07:23:10] [452/459] INTS
[07:23:11] [453/459] FRGS
[07:23:12] [454/459] DTCK
[07:23:13] [455/459] MCMH
[07:23:14] [456/459] ECRR
[07:23:14] [457/459] RLLP
[07:23:15] [458/459] CCSN
[07:23:16] [459/459] CCBA
[07:23:17] ✅ DONE | Shows=410 | Movies=35
