[00:03:04] 🚀 BMS DAILY TRACKER STARTED
[00:03:04] [1/459] FNDB
[00:03:04] 🧠 New identity
[00:03:06] [2/459] AMBH
[00:03:07] [3/459] PRHN
[00:03:08] [4/459] ACPM
[00:03:09] [5/459] PVFS
[00:03:09] [6/459] AACN
[00:03:10] [7/459] ACAS
[00:03:11] [8/459] CTNR
[00:03:12] [9/459] MMAH
[00:03:13] [10/459] CPMH
[00:03:14] [11/459] IGMH
[00:03:15] [12/459] ABCS
[00:03:16] [13/459] CMMA
[00:03:17] [14/459] GPRH
[00:03:18] [15/459] PNNG
[00:03:18] [16/459] AMCA
[00:03:20] [17/459] ISTN
[00:03:21] [18/459] PIIC
[00:03:22] [19/459] AHMH
[00:03:23] [20/459] ASHN
[00:03:24] [21/459] INHY
[00:03:24] [22/459] SRMO
[00:03:25] [23/459] PIMH
[00:03:26] [24/459] PVTS
[00:03:27] [25/459] MMCA
[00:03:28] [26/459] AKYJ
[00:03:29] [27/459] BRKH
[00:03:30] [28/459] MAHM
[00:03:31] [29/459] CPHY
[00:03:32] [30/459] PVTP
[00:03:33] [31/459] SMMR
[00:03:34] [32/459] PVHM
[00:03:35] [33/459] SNDY
[00:03:36] [34/459] GOKU
[00:03:37] [35/459] ACEV
[00:03:38] [36/459] PVUM
[00:03:39] [37/459] VSWA
[00:03:40] [38/459] IPRS
[00:03:41] [39/459] ASGN
[00:03:42] [40/459] BKMV
[00:03:43] [41/459] PVYH
[00:03:44] [42/459] INKM
[00:03:45] [43/459] ARJU
[00:03:46] [44/459] JJPP
[00:03:47] [45/459] SSRM
[00:03:48] [46/459] HMHD
[00:03:48] [47/459] SNKH
[00:03:50] [48/459] ACHI
[00:03:51] [49/459] MRAA
[00:03:52] [50/459] INMH
[00:03:52] [51/459] ARMH
[00:03:53] [52/459] DVRR
[00:03:54] [53/459] SUDA
[00:03:55] [54/459] MCSS
[00:03:56] [55/459] VRKC
[00:03:57] [56/459] PRCX
[00:03:57] [57/459] ASJY
[00:03:59] [58/459] MTHY
[00:03:59] [59/459] SRCM
[00:04:00] [60/459] TVHY
[00:04:01] [61/459] STHD
[00:04:02] [62/459] CPCL
[00:04:03] [63/459] PSMJ
[00:04:03] [64/459] MRGT
[00:04:04] [65/459] ARYH
[00:04:05] [66/459] VTRB
[00:04:06] [67/459] SCHC
[00:04:07] [68/459] MRRG
[00:04:08] [69/459] SPCB
[00:04:08] [70/459] AMCM
[00:04:09] [71/459] IVNM
[00:04:10] [72/459] TRHY
[00:04:11] [73/459] PTTH
[00:04:12] [74/459] RKMH
[00:04:13] [75/459] PRCS
[00:04:14] [76/459] VAJA
[00:04:14] [77/459] BJNG
[00:04:15] [78/459] SCVM
[00:04:16] [79/459] GNHB
[00:04:17] [80/459] TLUR
[00:04:17] [81/459] UKCC
[00:04:18] [82/459] SRKR
[00:04:19] [83/459] RMKN
[00:04:20] [84/459] SLRT
[00:04:21] [85/459] LKMT
[00:04:23] [86/459] SSRJ
[00:04:23] [87/459] SPHT
[00:04:24] [88/459] ANTT
[00:04:25] [89/459] SRCH
[00:04:26] [90/459] SRCA
[00:04:27] [91/459] ARTH
[00:04:28] [92/459] MCBH
[00:04:28] [93/459] SNIB
[00:04:29] [94/459] SART
[00:04:30] [95/459] SKTA
[00:04:30] [96/459] YAKT
[00:04:31] [97/459] MLCK
[00:04:32] [98/459] ANTS
[00:04:33] [99/459] DGCA
[00:04:33] [100/459] SGMP
[00:04:34] [101/459] ASWN
[00:04:35] [102/459] KFVU
[00:04:36] [103/459] POOR
[00:04:36] [104/459] GKDN
[00:04:37] [105/459] EOSE
[00:04:38] [106/459] GTTT
[00:04:39] [107/459] ARRO
[00:04:40] [108/459] CMMK
[00:04:41] [109/459] MSCN
[00:04:42] [110/459] GDKH
[00:04:43] [111/459] DLMT
[00:04:44] [112/459] PVMF
[00:04:45] [113/459] CPCK
[00:04:46] [114/459] VMHE
[00:04:47] [115/459] PVLC
[00:04:48] [116/459] PCVB
[00:04:49] [117/459] SNYK
[00:04:51] [118/459] KTEK
[00:04:51] [119/459] PCNM
[00:04:52] [120/459] NTTR
[00:04:53] [121/459] CPSK
[00:04:54] [122/459] JMMA
[00:04:54] [123/459] GCFK
[00:04:55] [124/459] MYCA
[00:04:57] [125/459] KSNP
[00:04:58] [126/459] PMCE
[00:04:59] [127/459] SCKI
[00:05:00] [128/459] FSMA
[00:05:00] [129/459] CETA
[00:05:01] [130/459] MCIK
[00:05:02] [131/459] MYCR
[00:05:03] [132/459] EVMP
[00:05:04] [133/459] SSGT
[00:05:05] [134/459] KCTK
[00:05:06] [135/459] ZTKC
[00:05:06] [136/459] MMTA
[00:05:07] [137/459] MAJT
[00:05:08] [138/459] ACPK
[00:05:09] [139/459] JMAX
[00:05:10] [140/459] SETK
[00:05:11] [141/459] CAIS
[00:05:12] [142/459] AGCD
[00:05:13] [143/459] URCL
[00:05:13] [144/459] VTDS
[00:05:14] [145/459] JCNM
[00:05:15] [146/459] KCAM
[00:05:16] [147/459] ADCU
[00:05:18] [148/459] GXYN
[00:05:18] [149/459] SMJG
[00:05:19] [150/459] EYCJ
[00:05:20] [151/459] CCEJ
[00:05:21] [152/459] MARS
[00:05:22] [153/459] CPVJ
[00:05:23] [154/459] INVP
[00:05:24] [155/459] CPOV
[00:05:25] [156/459] VIJK
[00:05:26] [157/459] LAIM
[00:05:26] [158/459] STHV
[00:05:27] [159/459] SVLJ
[00:05:28] [160/459] ATVJ
[00:05:29] [161/459] JTSC
[00:05:30] [162/459] RMTV
[00:05:30] [163/459] MGGG
[00:05:31] [164/459] SWTH
[00:05:32] [165/459] INVJ
[00:05:33] [166/459] PRSV
[00:05:34] [167/459] JATV
[00:05:34] [168/459] RCVD
[00:05:35] [169/459] BDMA
[00:05:36] [170/459] BLJI
[00:05:37] [171/459] SWOT
[00:05:37] [172/459] SWRN
[00:05:38] [173/459] TVRA
[00:05:39] [174/459] VCSV
[00:05:40] [175/459] NVRN
[00:05:41] [176/459] SIKC
[00:05:42] [177/459] VAKR
[00:05:43] [178/459] SYLN
[00:05:44] [179/459] KLJL
[00:05:45] [180/459] LKMY
[00:05:47] [181/459] VSLY
[00:05:48] [182/459] CIKO
[00:05:49] [183/459] GPBG
[00:05:50] [184/459] CECM
[00:05:51] [185/459] SLKB
[00:05:52] [186/459] MTBO
[00:05:53] [187/459] SSHB
[00:05:54] [188/459] VPCS
[00:05:55] [189/459] RCSR
[00:05:55] [190/459] RJRM
[00:05:56] [191/459] KPPB
[00:05:57] [192/459] SEDC
[00:05:58] [193/459] SCAI
[00:05:59] [194/459] RMTR
[00:06:00] [195/459] ASST
[00:06:01] [196/459] GCAK
[00:06:01] [197/459] ANNK
[00:06:02] [198/459] KDDF
[00:06:03] [199/459] NRDP
[00:06:04] [200/459] PLAK
[00:06:05] [201/459] GCMC
[00:06:06] [202/459] ALPY
[00:06:07] [203/459] SICE
[00:06:07] [204/459] SISR
[00:06:09] [205/459] SRPZ
[00:06:10] [206/459] SRSW
[00:06:10] [207/459] SUYA
[00:06:11] [208/459] AMMT
[00:06:12] [209/459] BHCU
[00:06:13] [210/459] KLPA
[00:06:14] [211/459] NVKH
[00:06:15] [212/459] JMRC
[00:06:16] [213/459] KTTT
[00:06:17] [214/459] MAGH
[00:06:18] [215/459] MMMX
[00:06:19] [216/459] SALJ
[00:06:20] [217/459] GTJA
[00:06:21] [218/459] MAHT
[00:06:22] [219/459] SSNN
[00:06:23] [220/459] ARRP
[00:06:23] [221/459] ATNS
[00:06:24] [222/459] SKDT
[00:06:25] [223/459] ACAT
[00:06:26] [224/459] APRC
[00:06:27] [225/459] SWAG
[00:06:28] [226/459] SDPT
[00:06:29] [227/459] STPS
[00:06:30] [228/459] WWCZ
[00:06:31] [229/459] LLCH
[00:06:32] [230/459] MZHA
[00:06:32] [231/459] CRJG
[00:06:33] [232/459] JGTK
[00:06:34] [233/459] KCSR
[00:06:35] [234/459] CHTL
[00:06:36] [235/459] EDSR
[00:06:37] [236/459] CSWO
[00:06:38] [237/459] CPVM
[00:06:39] [238/459] MXBY
[00:06:40] [239/459] FMMA
[00:06:41] [240/459] POVI
[00:06:41] [241/459] MTHB
[00:06:42] [242/459] INRC
[00:06:43] [243/459] PIPP
[00:06:44] [244/459] BMXC
[00:06:45] [245/459] PCMM
[00:06:46] [246/459] PMKM
[00:06:47] [247/459] GATY
[00:06:48] [248/459] IMCM
[00:06:49] [249/459] POPE
[00:06:50] [250/459] MTCR
[00:06:51] [251/459] PVAE
[00:06:52] [252/459] PVMI
[00:06:52] [253/459] CPNM
[00:06:53] [254/459] FMRL
[00:06:54] [255/459] MCIW
[00:06:55] [256/459] MXBO
[00:06:55] [257/459] FMKY
[00:06:56] [258/459] FMDA
[00:06:57] [259/459] THAB
[00:06:58] [260/459] PRCW
[00:06:59] [261/459] PITI
[00:07:00] [262/459] MCFF
[00:07:00] [263/459] PDDV
[00:07:01] [264/459] MCRM
[00:07:02] [265/459] KKMB
[00:07:04] [266/459] INKO
[00:07:05] [267/459] PLXP
[00:07:06] [268/459] MMHA
[00:07:07] [269/459] FMVS
[00:07:08] [270/459] POLM
[00:07:09] [271/459] STER
[00:07:09] [272/459] PVWJ
[00:07:10] [273/459] IMJW
[00:07:11] [274/459] FNAN
[00:07:12] [275/459] CAGL
[00:07:13] [276/459] IPBG
[00:07:14] [277/459] SMFV
[00:07:14] [278/459] MMMR
[00:07:16] [279/459] MMWM
[00:07:17] [280/459] FNCM
[00:07:18] [281/459] MDVA
[00:07:18] [282/459] MMET
[00:07:19] [283/459] MIDO
[00:07:20] [284/459] INNP
[00:07:21] [285/459] MIFU
[00:07:22] [286/459] MMSZ
[00:07:22] [287/459] BMXA
[00:07:23] [288/459] MCAA
[00:07:24] [289/459] SCVP
[00:07:25] [290/459] PLUS
[00:07:26] [291/459] MUCK
[00:07:26] [292/459] MTMA
[00:07:27] [293/459] HPVR
[00:07:28] [294/459] PMPK
[00:07:29] [295/459] MAJB
[00:07:30] [296/459] CTRR
[00:07:30] [297/459] MCTG
[00:07:31] [298/459] MACE
[00:07:32] [299/459] AAAS
[00:07:33] [300/459] CPVV
[00:07:34] [301/459] RCHG
[00:07:34] [302/459] MCNE
[00:07:35] [303/459] EMNC
[00:07:36] [304/459] MCAN
[00:07:37] [305/459] TCDM
[00:07:38] [306/459] IRGT
[00:07:39] [307/459] GCMG
[00:07:39] [308/459] MXSN
[00:07:40] [309/459] MXCK
[00:07:41] [310/459] MCRC
[00:07:42] [311/459] RSMI
[00:07:43] [312/459] WAML
[00:07:44] [313/459] MTSC
[00:07:45] [314/459] FMDR
[00:07:46] [315/459] LEPV
[00:07:47] [316/459] MTGD
[00:07:48] [317/459] IMOB
[00:07:48] [318/459] CLMM
[00:07:49] [319/459] PZCD
[00:07:50] [320/459] GOCS
[00:07:51] [321/459] KCMA
[00:07:52] [322/459] CCMP
[00:07:52] [323/459] MTSU
[00:07:53] [324/459] SNGL
[00:07:54] [325/459] MMMC
[00:07:55] [326/459] MMAA
[00:07:56] [327/459] GCDM
[00:07:57] [328/459] KTMV
[00:07:58] [329/459] AETE
[00:07:59] [330/459] OMCS
[00:07:59] [331/459] GDCD
[00:08:00] [332/459] NYMD
[00:08:01] [333/459] RNCV
[00:08:02] [334/459] KKMT
[00:08:03] [335/459] GDTH
[00:08:04] [336/459] KMMV
[00:08:04] [337/459] NHCG
[00:08:05] [338/459] PJDW
[00:08:07] [339/459] MMCV
[00:08:08] [340/459] FQSA
[00:08:08] [341/459] KURL
[00:08:09] [342/459] NNNX
[00:08:10] [343/459] AMAU
[00:08:11] [344/459] VVVM
[00:08:12] [345/459] VECU
[00:08:13] [346/459] WCVR
[00:08:14] [347/459] MTGG
[00:08:14] [348/459] SGTG
[00:08:15] [349/459] MNTG
[00:08:16] [350/459] JDDG
[00:08:17] [351/459] MBTK
[00:08:17] [352/459] SGCD
[00:08:18] [353/459] MCTC
[00:08:19] [354/459] JTPC
[00:08:20] [355/459] SDKT
[00:08:21] [356/459] KRCC
[00:08:22] [357/459] RMMD
[00:08:23] [358/459] AAME
[00:08:24] [359/459] TMWC
[00:08:24] [360/459] NRWY
[00:08:25] [361/459] CITD
[00:08:26] [362/459] VERD
[00:08:27] [363/459] MKSK
[00:08:27] [364/459] STSM
[00:08:28] [365/459] MJDG
[00:08:29] [366/459] RKPM
[00:08:30] [367/459] SSCE
[00:08:30] [368/459] VMAE
[00:08:31] [369/459] SBRU
[00:08:32] [370/459] AMBC
[00:08:33] [371/459] AMLU
[00:08:34] [372/459] INVZ
[00:08:35] [373/459] LGTV
[00:08:36] [374/459] SVAD
[00:08:36] [375/459] SMSA
[00:08:37] [376/459] SPCZ
[00:08:38] [377/459] GTCX
[00:08:40] [378/459] SCSL
[00:08:41] [379/459] SAHU
[00:08:42] [380/459] NCDA
[00:08:43] [381/459] SCCG
[00:08:44] [382/459] VKTL
[00:08:45] [383/459] PUUJ
[00:08:46] [384/459] STEJ
[00:08:47] [385/459] RJAL
[00:08:48] [386/459] ACJC
[00:08:49] [387/459] VTHC
[00:08:49] [388/459] ARVB
[00:08:50] [389/459] AUBB
[00:08:51] [390/459] GDBR
[00:08:52] [391/459] PVND
[00:08:53] [392/459] BGRJ
[00:08:54] [393/459] RJMM
[00:08:55] [394/459] MCSA
[00:08:56] [395/459] BODA
[00:08:57] [396/459] JAGG
[00:08:57] [397/459] SCGA
[00:08:58] [398/459] LRCM
[00:08:59] [399/459] CPCN
[00:09:00] [400/459] SSTF
[00:09:01] [401/459] SRXP
[00:09:01] [402/459] CNFX
[00:09:02] [403/459] ANDI
[00:09:03] [404/459] SYEW
[00:09:05] [405/459] RCRE
[00:09:06] [406/459] SCRW
[00:09:06] [407/459] MBKR
[00:09:07] [408/459] ASNT
[00:09:08] [409/459] JTMT
[00:09:09] [410/459] SHAY
[00:09:10] [411/459] VRTH
[00:09:11] [412/459] SPTI
[00:09:12] [413/459] DPTD
[00:09:13] [414/459] TGSN
[00:09:14] [415/459] RCWV
[00:09:14] [416/459] OCUR
[00:09:15] [417/459] KSTC
[00:09:16] [418/459] SANI
[00:09:17] [419/459] MLCA
[00:09:18] [420/459] EGCA
[00:09:19] [421/459] SYSN
[00:09:19] [422/459] PKTA
[00:09:20] [423/459] PRCC
[00:09:21] [424/459] KSTR
[00:09:22] [425/459] SNTP
[00:09:23] [426/459] RCHA
[00:09:23] [427/459] SEEA
[00:09:24] [428/459] ALAT
[00:09:25] [429/459] AATV
[00:09:26] [430/459] RJTE
[00:09:27] [431/459] AAPP
[00:09:27] [432/459] PMMH
[00:09:28] [433/459] INRJ
[00:09:29] [434/459] SARB
[00:09:31] [435/459] PCJL
[00:09:32] [436/459] PFJJ
[00:09:32] [437/459] GRDC
[00:09:33] [438/459] BCBA
[00:09:34] [439/459] VIXL
[00:09:35] [440/459] CSTL
[00:09:36] [441/459] MTDK
[00:09:36] [442/459] TDAC
[00:09:37] [443/459] GTDN
[00:09:38] [444/459] TTDE
[00:09:39] [445/459] ASTS
[00:09:40] [446/459] CPNS
[00:09:41] [447/459] PVVW
[00:09:41] [448/459] USEB
[00:09:42] [449/459] DTYN
[00:09:43] [450/459] PVLE
[00:09:44] [451/459] CIPS
[00:09:45] [452/459] PAEG
[00:09:46] [453/459] PTCW
[00:09:47] [454/459] G3SR
[00:09:47] [455/459] PGND
[00:09:48] [456/459] INVM
[00:09:49] [457/459] SPIA
[00:09:50] [458/459] PCSN
[00:09:51] [459/459] PPGV
[00:09:52] ✅ DONE | Shows=0 | Movies=0
[00:47:43] 🚀 BMS DAILY TRACKER STARTED
[00:47:43] [1/459] FNDB
[00:47:43] 🧠 New identity
[00:47:44] [2/459] AMBH
[00:47:45] [3/459] PRHN
[00:47:45] [4/459] ACPM
[00:47:46] [5/459] PVFS
[00:47:47] [6/459] AACN
[00:47:47] [7/459] ACAS
[00:47:48] [8/459] CTNR
[00:47:49] [9/459] MMAH
[00:47:49] [10/459] CPMH
[00:47:50] [11/459] IGMH
[00:47:51] [12/459] ABCS
[00:47:51] [13/459] CMMA
[00:47:52] [14/459] GPRH
[00:47:52] [15/459] PNNG
[00:47:53] [16/459] AMCA
[00:47:54] [17/459] ISTN
[00:47:54] [18/459] PIIC
[00:47:55] [19/459] AHMH
[00:47:55] [20/459] ASHN
[00:47:56] [21/459] INHY
[00:47:57] [22/459] SRMO
[00:47:57] [23/459] PIMH
[00:47:58] [24/459] PVTS
[00:47:58] [25/459] MMCA
[00:47:59] [26/459] AKYJ
[00:48:00] [27/459] BRKH
[00:48:00] [28/459] MAHM
[00:48:01] [29/459] CPHY
[00:48:01] [30/459] PVTP
[00:48:02] [31/459] SMMR
[00:48:03] [32/459] PVHM
[00:48:04] [33/459] SNDY
[00:48:04] [34/459] GOKU
[00:48:05] [35/459] ACEV
[00:48:06] [36/459] PVUM
[00:48:06] [37/459] VSWA
[00:48:07] [38/459] IPRS
[00:48:08] [39/459] ASGN
[00:48:08] [40/459] BKMV
[00:48:09] [41/459] PVYH
[00:48:09] [42/459] INKM
[00:48:10] [43/459] ARJU
[00:48:10] [44/459] JJPP
[00:48:11] [45/459] SSRM
[00:48:12] [46/459] HMHD
[00:48:12] [47/459] SNKH
[00:48:13] [48/459] ACHI
[00:48:14] [49/459] MRAA
[00:48:14] [50/459] INMH
[00:48:15] [51/459] ARMH
[00:48:16] [52/459] DVRR
[00:48:16] [53/459] SUDA
[00:48:16] [54/459] MCSS
[00:48:17] [55/459] VRKC
[00:48:18] [56/459] PRCX
[00:48:18] [57/459] ASJY
[00:48:19] [58/459] MTHY
[00:48:20] [59/459] SRCM
[00:48:20] [60/459] TVHY
[00:48:21] [61/459] STHD
[00:48:22] [62/459] CPCL
[00:48:22] [63/459] PSMJ
[00:48:23] [64/459] MRGT
[00:48:24] [65/459] ARYH
[00:48:24] [66/459] VTRB
[00:48:25] [67/459] SCHC
[00:48:25] [68/459] MRRG
[00:48:26] [69/459] SPCB
[00:48:27] [70/459] AMCM
[00:48:27] [71/459] IVNM
[00:48:28] [72/459] TRHY
[00:48:28] [73/459] PTTH
[00:48:29] [74/459] RKMH
[00:48:30] [75/459] PRCS
[00:48:30] [76/459] VAJA
[00:48:31] [77/459] BJNG
[00:48:31] [78/459] SCVM
[00:48:32] [79/459] GNHB
[00:48:33] [80/459] TLUR
[00:48:33] [81/459] UKCC
[00:48:34] [82/459] SRKR
[00:48:35] [83/459] RMKN
[00:48:35] [84/459] SLRT
[00:48:36] [85/459] LKMT
[00:48:36] [86/459] SSRJ
[00:48:37] [87/459] SPHT
[00:48:38] [88/459] ANTT
[00:48:39] [89/459] SRCH
[00:48:39] [90/459] SRCA
[00:48:40] [91/459] ARTH
[00:48:40] [92/459] MCBH
[00:48:41] [93/459] SNIB
[00:48:42] [94/459] SART
[00:48:42] [95/459] SKTA
[00:48:43] [96/459] YAKT
[00:48:44] [97/459] MLCK
[00:48:44] [98/459] ANTS
[00:48:45] [99/459] DGCA
[00:48:46] [100/459] SGMP
[00:48:46] [101/459] ASWN
[00:48:47] [102/459] KFVU
[00:48:47] [103/459] POOR
[00:48:48] [104/459] GKDN
[00:48:49] [105/459] EOSE
[00:48:49] [106/459] GTTT
[00:48:50] [107/459] ARRO
[00:48:50] [108/459] CMMK
[00:48:51] [109/459] MSCN
[00:48:52] [110/459] GDKH
[00:48:52] [111/459] DLMT
[00:48:53] [112/459] PVMF
[00:48:53] [113/459] CPCK
[00:48:54] [114/459] VMHE
[00:48:55] [115/459] PVLC
[00:48:55] [116/459] PCVB
[00:48:56] [117/459] SNYK
[00:48:57] [118/459] KTEK
[00:48:57] [119/459] PCNM
[00:48:58] [120/459] NTTR
[00:48:59] [121/459] CPSK
[00:48:59] [122/459] JMMA
[00:49:00] [123/459] GCFK
[00:49:00] [124/459] MYCA
[00:49:01] [125/459] KSNP
[00:49:02] [126/459] PMCE
[00:49:02] [127/459] SCKI
[00:49:03] [128/459] FSMA
[00:49:04] [129/459] CETA
[00:49:04] [130/459] MCIK
[00:49:05] [131/459] MYCR
[00:49:06] [132/459] EVMP
[00:49:06] [133/459] SSGT
[00:49:07] [134/459] KCTK
[00:49:07] [135/459] ZTKC
[00:49:08] [136/459] MMTA
[00:49:09] [137/459] MAJT
[00:49:09] [138/459] ACPK
[00:49:10] [139/459] JMAX
[00:49:10] [140/459] SETK
[00:49:11] [141/459] CAIS
[00:49:11] [142/459] AGCD
[00:49:12] [143/459] URCL
[00:49:13] [144/459] VTDS
[00:49:13] [145/459] JCNM
[00:49:14] [146/459] KCAM
[00:49:14] [147/459] ADCU
[00:49:15] [148/459] GXYN
[00:49:15] [149/459] SMJG
[00:49:16] [150/459] EYCJ
[00:49:17] [151/459] CCEJ
[00:49:17] [152/459] MARS
[00:49:18] [153/459] CPVJ
[00:49:19] [154/459] INVP
[00:49:19] [155/459] CPOV
[00:49:20] [156/459] VIJK
[00:49:21] [157/459] LAIM
[00:49:22] [158/459] STHV
[00:49:22] [159/459] SVLJ
[00:49:23] [160/459] ATVJ
[00:49:23] [161/459] JTSC
[00:49:24] [162/459] RMTV
[00:49:24] [163/459] MGGG
[00:49:25] [164/459] SWTH
[00:49:26] [165/459] INVJ
[00:49:27] [166/459] PRSV
[00:49:27] [167/459] JATV
[00:49:28] [168/459] RCVD
[00:49:29] [169/459] BDMA
[00:49:29] [170/459] BLJI
[00:49:30] [171/459] SWOT
[00:49:31] [172/459] SWRN
[00:49:32] [173/459] TVRA
[00:49:32] [174/459] VCSV
[00:49:33] [175/459] NVRN
[00:49:33] [176/459] SIKC
[00:49:34] [177/459] VAKR
[00:49:35] [178/459] SYLN
[00:49:35] [179/459] KLJL
[00:49:36] [180/459] LKMY
[00:49:36] [181/459] VSLY
[00:49:37] [182/459] CIKO
[00:49:38] [183/459] GPBG
[00:49:38] [184/459] CECM
[00:49:39] [185/459] SLKB
[00:49:40] [186/459] MTBO
[00:49:40] [187/459] SSHB
[00:49:41] [188/459] VPCS
[00:49:42] [189/459] RCSR
[00:49:42] [190/459] RJRM
[00:49:43] [191/459] KPPB
[00:49:43] [192/459] SEDC
[00:49:44] [193/459] SCAI
[00:49:44] [194/459] RMTR
[00:49:45] [195/459] ASST
[00:49:46] [196/459] GCAK
[00:49:46] [197/459] ANNK
[00:49:47] [198/459] KDDF
[00:49:47] [199/459] NRDP
[00:49:48] [200/459] PLAK
[00:49:49] [201/459] GCMC
[00:49:49] [202/459] ALPY
[00:49:50] [203/459] SICE
[00:49:51] [204/459] SISR
[00:49:51] [205/459] SRPZ
[00:49:52] [206/459] SRSW
[00:49:52] [207/459] SUYA
[00:49:53] [208/459] AMMT
[00:49:54] [209/459] BHCU
[00:49:54] [210/459] KLPA
[00:49:55] [211/459] NVKH
[00:49:55] [212/459] JMRC
[00:49:56] [213/459] KTTT
[00:49:57] [214/459] MAGH
[00:49:57] [215/459] MMMX
[00:49:58] [216/459] SALJ
[00:49:59] [217/459] GTJA
[00:49:59] [218/459] MAHT
[00:50:00] [219/459] SSNN
[00:50:00] [220/459] ARRP
[00:50:01] [221/459] ATNS
[00:50:02] [222/459] SKDT
[00:50:02] [223/459] ACAT
[00:50:03] [224/459] APRC
[00:50:03] [225/459] SWAG
[00:50:04] [226/459] SDPT
[00:50:05] [227/459] STPS
[00:50:05] [228/459] WWCZ
[00:50:06] [229/459] LLCH
[00:50:06] [230/459] MZHA
[00:50:07] [231/459] CRJG
[00:50:08] [232/459] JGTK
[00:50:08] [233/459] KCSR
[00:50:09] [234/459] CHTL
[00:50:10] [235/459] EDSR
[00:50:10] [236/459] CSWO
[00:50:11] [237/459] CPVM
[00:50:11] [238/459] MXBY
[00:50:12] [239/459] FMMA
[00:50:12] [240/459] POVI
[00:50:13] [241/459] MTHB
[00:50:13] [242/459] INRC
[00:50:14] [243/459] PIPP
[00:50:15] [244/459] BMXC
[00:50:15] [245/459] PCMM
[00:50:16] [246/459] PMKM
[00:50:16] [247/459] GATY
[00:50:17] [248/459] IMCM
[00:50:18] [249/459] POPE
[00:50:18] [250/459] MTCR
[00:50:18] [251/459] PVAE
[00:50:19] [252/459] PVMI
[00:50:20] [253/459] CPNM
[00:50:20] [254/459] FMRL
[00:50:20] [255/459] MCIW
[00:50:21] [256/459] MXBO
[00:50:22] [257/459] FMKY
[00:50:22] [258/459] FMDA
[00:50:23] [259/459] THAB
[00:50:23] [260/459] PRCW
[00:50:24] [261/459] PITI
[00:50:25] [262/459] MCFF
[00:50:25] [263/459] PDDV
[00:50:26] [264/459] MCRM
[00:50:26] [265/459] KKMB
[00:50:27] [266/459] INKO
[00:50:27] [267/459] PLXP
[00:50:28] [268/459] MMHA
[00:50:28] [269/459] FMVS
[00:50:29] [270/459] POLM
[00:50:30] [271/459] STER
[00:50:30] [272/459] PVWJ
[00:50:31] [273/459] IMJW
[00:50:31] [274/459] FNAN
[00:50:32] [275/459] CAGL
[00:50:33] [276/459] IPBG
[00:50:34] [277/459] SMFV
[00:50:34] [278/459] MMMR
[00:50:35] [279/459] MMWM
[00:50:35] [280/459] FNCM
[00:50:36] [281/459] MDVA
[00:50:36] [282/459] MMET
[00:50:37] [283/459] MIDO
[00:50:38] [284/459] INNP
[00:50:38] [285/459] MIFU
[00:50:39] [286/459] MMSZ
[00:50:40] [287/459] BMXA
[00:50:41] [288/459] MCAA
[00:50:41] [289/459] SCVP
[00:50:42] [290/459] PLUS
[00:50:43] [291/459] MUCK
[00:50:43] [292/459] MTMA
[00:50:44] [293/459] HPVR
[00:50:44] [294/459] PMPK
[00:50:45] [295/459] MAJB
[00:50:46] [296/459] CTRR
[00:50:46] [297/459] MCTG
[00:50:47] [298/459] MACE
[00:50:48] [299/459] AAAS
[00:50:48] [300/459] CPVV
[00:50:49] [301/459] RCHG
[00:50:49] [302/459] MCNE
[00:50:50] [303/459] EMNC
[00:50:51] [304/459] MCAN
[00:50:51] [305/459] TCDM
[00:50:52] [306/459] IRGT
[00:50:52] [307/459] GCMG
[00:50:53] [308/459] MXSN
[00:50:54] [309/459] MXCK
[00:50:54] [310/459] MCRC
[00:50:55] [311/459] RSMI
[00:50:56] [312/459] WAML
[00:50:56] [313/459] MTSC
[00:50:57] [314/459] FMDR
[00:50:58] [315/459] LEPV
[00:50:58] [316/459] MTGD
[00:50:59] [317/459] IMOB
[00:50:59] [318/459] CLMM
[00:51:00] [319/459] PZCD
[00:51:00] [320/459] GOCS
[00:51:01] [321/459] KCMA
[00:51:02] [322/459] CCMP
[00:51:02] [323/459] MTSU
[00:51:03] [324/459] SNGL
[00:51:03] [325/459] MMMC
[00:51:04] [326/459] MMAA
[00:51:05] [327/459] GCDM
[00:51:06] [328/459] KTMV
[00:51:07] [329/459] AETE
[00:51:07] [330/459] OMCS
[00:51:08] [331/459] GDCD
[00:51:09] [332/459] NYMD
[00:51:11] [333/459] RNCV
[00:51:11] [334/459] KKMT
[00:51:12] [335/459] GDTH
[00:51:14] [336/459] KMMV
[00:51:14] [337/459] NHCG
[00:51:15] [338/459] PJDW
[00:51:16] [339/459] MMCV
[00:51:17] [340/459] FQSA
[00:51:17] [341/459] KURL
[00:51:18] [342/459] NNNX
[00:51:19] [343/459] AMAU
[00:51:20] [344/459] VVVM
[00:51:20] [345/459] VECU
[00:51:22] [346/459] WCVR
[00:51:23] [347/459] MTGG
[00:51:24] [348/459] SGTG
[00:51:25] [349/459] MNTG
[00:51:26] [350/459] JDDG
[00:51:28] [351/459] MBTK
[00:51:28] [352/459] SGCD
[00:51:29] [353/459] MCTC
[00:51:31] [354/459] JTPC
[00:51:32] [355/459] SDKT
[00:51:34] [356/459] KRCC
[00:51:34] [357/459] RMMD
[00:51:36] [358/459] AAME
[00:51:38] [359/459] TMWC
[00:51:38] [360/459] NRWY
[00:51:39] [361/459] CITD
[00:51:40] [362/459] VERD
[00:51:40] [363/459] MKSK
[00:51:41] [364/459] STSM
[00:51:42] [365/459] MJDG
[00:51:43] [366/459] RKPM
[00:51:44] [367/459] SSCE
[00:51:45] [368/459] VMAE
[00:51:45] [369/459] SBRU
[00:51:47] [370/459] AMBC
[00:51:48] [371/459] AMLU
[00:51:49] [372/459] INVZ
[00:51:50] [373/459] LGTV
[00:51:51] [374/459] SVAD
[00:51:52] [375/459] SMSA
[00:51:53] [376/459] SPCZ
[00:51:54] [377/459] GTCX
[00:51:55] [378/459] SCSL
[00:51:55] [379/459] SAHU
[00:51:56] [380/459] NCDA
[00:51:57] [381/459] SCCG
[00:51:58] [382/459] VKTL
[00:51:59] [383/459] PUUJ
[00:52:00] [384/459] STEJ
[00:52:01] [385/459] RJAL
[00:52:02] [386/459] ACJC
[00:52:03] [387/459] VTHC
[00:52:04] [388/459] ARVB
[00:52:06] [389/459] AUBB
[00:52:06] [390/459] GDBR
[00:52:07] [391/459] PVND
[00:52:08] [392/459] BGRJ
[00:52:09] [393/459] RJMM
[00:52:10] [394/459] MCSA
[00:52:11] [395/459] BODA
[00:52:12] [396/459] JAGG
[00:52:12] [397/459] SCGA
[00:52:13] [398/459] LRCM
[00:52:15] [399/459] CPCN
[00:52:15] [400/459] SSTF
[00:52:16] [401/459] SRXP
[00:52:17] [402/459] CNFX
[00:52:18] [403/459] ANDI
[00:52:19] [404/459] SYEW
[00:52:21] [405/459] RCRE
[00:52:21] [406/459] SCRW
[00:52:22] [407/459] MBKR
[00:52:22] [408/459] ASNT
[00:52:23] [409/459] JTMT
[00:52:24] [410/459] SHAY
[00:52:25] [411/459] VRTH
[00:52:26] [412/459] SPTI
[00:52:26] [413/459] DPTD
[00:52:27] [414/459] TGSN
[00:52:28] [415/459] RCWV
[00:52:29] [416/459] OCUR
[00:52:29] [417/459] KSTC
[00:52:30] [418/459] SANI
[00:52:31] [419/459] MLCA
[00:52:32] [420/459] EGCA
[00:52:34] [421/459] SYSN
[00:52:35] [422/459] PKTA
[00:52:37] [423/459] PRCC
[00:52:38] [424/459] KSTR
[00:52:39] [425/459] SNTP
[00:52:40] [426/459] RCHA
[00:52:42] [427/459] SEEA
[00:52:42] [428/459] ALAT
[00:52:43] [429/459] AATV
[00:52:45] [430/459] RJTE
[00:52:46] [431/459] AAPP
[00:52:47] [432/459] PMMH
[00:52:47] [433/459] INRJ
[00:52:48] [434/459] SARB
[00:52:50] [435/459] PCJL
[00:52:51] [436/459] PFJJ
[00:52:52] [437/459] GRDC
[00:52:53] [438/459] BCBA
[00:52:53] [439/459] VIXL
[00:52:54] [440/459] CSTL
[00:52:55] [441/459] MTDK
[00:52:56] [442/459] TDAC
[00:52:57] [443/459] GTDN
[00:52:59] [444/459] TTDE
[00:53:00] [445/459] ASTS
[00:53:01] [446/459] CPNS
[00:53:02] [447/459] PVVW
[00:53:02] [448/459] USEB
[00:53:03] [449/459] DTYN
[00:53:04] [450/459] PVLE
[00:53:05] [451/459] CIPS
[00:53:07] [452/459] PAEG
[00:53:07] [453/459] PTCW
[00:53:09] [454/459] G3SR
[00:53:09] [455/459] PGND
[00:53:10] [456/459] INVM
[00:53:11] [457/459] SPIA
[00:53:13] [458/459] PCSN
[00:53:13] [459/459] PPGV
[00:53:14] ✅ DONE | Shows=0 | Movies=0
[01:56:13] 🚀 BMS DAILY TRACKER STARTED
[01:56:13] [1/459] FNDB
[01:56:13] 🧠 New identity
[01:56:15] [2/459] AMBH
[01:56:16] [3/459] PRHN
[01:56:16] [4/459] ACPM
[01:56:17] [5/459] PVFS
[01:56:18] [6/459] AACN
[01:56:19] [7/459] ACAS
[01:56:20] [8/459] CTNR
[01:56:22] [9/459] MMAH
[01:56:23] [10/459] CPMH
[01:56:23] [11/459] IGMH
[01:56:24] [12/459] ABCS
[01:56:26] [13/459] CMMA
[01:56:27] [14/459] GPRH
[01:56:28] [15/459] PNNG
[01:56:28] [16/459] AMCA
[01:56:30] [17/459] ISTN
[01:56:31] [18/459] PIIC
[01:56:32] [19/459] AHMH
[01:56:33] [20/459] ASHN
[01:56:34] [21/459] INHY
[01:56:35] [22/459] SRMO
[01:56:36] [23/459] PIMH
[01:56:37] [24/459] PVTS
[01:56:38] [25/459] MMCA
[01:56:39] [26/459] AKYJ
[01:56:40] [27/459] BRKH
[01:56:41] [28/459] MAHM
[01:56:43] [29/459] CPHY
[01:56:44] [30/459] PVTP
[01:56:45] [31/459] SMMR
[01:56:46] [32/459] PVHM
[01:56:47] [33/459] SNDY
[01:56:47] [34/459] GOKU
[01:56:48] [35/459] ACEV
[01:56:49] [36/459] PVUM
[01:56:50] [37/459] VSWA
[01:56:51] [38/459] IPRS
[01:56:53] [39/459] ASGN
[01:56:54] [40/459] BKMV
[01:56:55] [41/459] PVYH
[01:56:56] [42/459] INKM
[01:56:58] [43/459] ARJU
[01:56:59] [44/459] JJPP
[01:57:00] [45/459] SSRM
[01:57:01] [46/459] HMHD
[01:57:02] [47/459] SNKH
[01:57:03] [48/459] ACHI
[01:57:03] [49/459] MRAA
[01:57:04] [50/459] INMH
[01:57:05] [51/459] ARMH
[01:57:06] [52/459] DVRR
[01:57:07] [53/459] SUDA
[01:57:08] [54/459] MCSS
[01:57:08] [55/459] VRKC
[01:57:09] [56/459] PRCX
[01:57:10] [57/459] ASJY
[01:57:11] [58/459] MTHY
[01:57:12] [59/459] SRCM
[01:57:13] [60/459] TVHY
[01:57:14] [61/459] STHD
[01:57:15] [62/459] CPCL
[01:57:15] [63/459] PSMJ
[01:57:17] [64/459] MRGT
[01:57:18] [65/459] ARYH
[01:57:19] [66/459] VTRB
[01:57:20] [67/459] SCHC
[01:57:21] [68/459] MRRG
[01:57:22] [69/459] SPCB
[01:57:23] [70/459] AMCM
[01:57:24] [71/459] IVNM
[01:57:28] [72/459] TRHY
[01:57:28] [73/459] PTTH
[01:57:29] [74/459] RKMH
[01:57:30] [75/459] PRCS
[01:57:31] [76/459] VAJA
[01:57:32] [77/459] BJNG
[01:57:33] [78/459] SCVM
[01:57:34] [79/459] GNHB
[01:57:35] [80/459] TLUR
[01:57:36] [81/459] UKCC
[01:57:37] [82/459] SRKR
[01:57:38] [83/459] RMKN
[01:57:40] [84/459] SLRT
[01:57:41] [85/459] LKMT
[01:57:42] [86/459] SSRJ
[01:57:43] [87/459] SPHT
[01:57:44] [88/459] ANTT
[01:57:45] [89/459] SRCH
[01:57:45] [90/459] SRCA
[01:57:46] [91/459] ARTH
[01:57:48] [92/459] MCBH
[01:57:49] [93/459] SNIB
[01:57:50] [94/459] SART
[01:57:51] [95/459] SKTA
[01:57:51] [96/459] YAKT
[01:57:52] [97/459] MLCK
[01:57:53] [98/459] ANTS
[01:57:54] [99/459] DGCA
[01:57:55] [100/459] SGMP
[01:57:56] [101/459] ASWN
[01:57:57] [102/459] KFVU
[01:57:57] [103/459] POOR
[01:57:58] [104/459] GKDN
[01:57:59] [105/459] EOSE
[01:58:00] [106/459] GTTT
[01:58:01] [107/459] ARRO
[01:58:03] [108/459] CMMK
[01:58:05] [109/459] MSCN
[01:58:06] [110/459] GDKH
[01:58:07] [111/459] DLMT
[01:58:07] [112/459] PVMF
[01:58:08] [113/459] CPCK
[01:58:09] [114/459] VMHE
[01:58:10] [115/459] PVLC
[01:58:11] [116/459] PCVB
[01:58:12] [117/459] SNYK
[01:58:12] [118/459] KTEK
[01:58:13] [119/459] PCNM
[01:58:14] [120/459] NTTR
[01:58:15] [121/459] CPSK
[01:58:17] [122/459] JMMA
[01:58:18] [123/459] GCFK
[01:58:19] [124/459] MYCA
[01:58:20] [125/459] KSNP
[01:58:21] [126/459] PMCE
[01:58:22] [127/459] SCKI
[01:58:23] [128/459] FSMA
[01:58:24] [129/459] CETA
[01:58:25] [130/459] MCIK
[01:58:27] [131/459] MYCR
[01:58:27] [132/459] EVMP
[01:58:29] [133/459] SSGT
[01:58:30] [134/459] KCTK
[01:58:32] [135/459] ZTKC
[01:58:33] [136/459] MMTA
[01:58:34] [137/459] MAJT
[01:58:34] [138/459] ACPK
[01:58:35] [139/459] JMAX
[01:58:36] [140/459] SETK
[01:58:37] [141/459] CAIS
[01:58:38] [142/459] AGCD
[01:58:39] [143/459] URCL
[01:58:40] [144/459] VTDS
[01:58:41] [145/459] JCNM
[01:58:42] [146/459] KCAM
[01:58:42] [147/459] ADCU
[01:58:43] [148/459] GXYN
[01:58:45] [149/459] SMJG
[01:58:47] [150/459] EYCJ
[01:58:48] [151/459] CCEJ
[01:58:49] [152/459] MARS
[01:58:50] [153/459] CPVJ
[01:58:51] [154/459] INVP
[01:58:53] [155/459] CPOV
[01:58:53] [156/459] VIJK
[01:58:54] [157/459] LAIM
[01:58:55] [158/459] STHV
[01:58:56] [159/459] SVLJ
[01:58:57] [160/459] ATVJ
[01:58:58] [161/459] JTSC
[01:58:58] [162/459] RMTV
[01:58:59] [163/459] MGGG
[01:59:00] [164/459] SWTH
[01:59:01] [165/459] INVJ
[01:59:02] [166/459] PRSV
[01:59:03] [167/459] JATV
[01:59:03] [168/459] RCVD
[01:59:05] [169/459] BDMA
[01:59:06] [170/459] BLJI
[01:59:07] [171/459] SWOT
[01:59:07] [172/459] SWRN
[01:59:09] [173/459] TVRA
[01:59:10] [174/459] VCSV
[01:59:11] [175/459] NVRN
[01:59:12] [176/459] SIKC
[01:59:13] [177/459] VAKR
[01:59:15] [178/459] SYLN
[01:59:15] [179/459] KLJL
[01:59:16] [180/459] LKMY
[01:59:17] [181/459] VSLY
[01:59:18] [182/459] CIKO
[01:59:19] [183/459] GPBG
[01:59:20] [184/459] CECM
[01:59:21] [185/459] SLKB
[01:59:22] [186/459] MTBO
[01:59:24] [187/459] SSHB
[01:59:25] [188/459] VPCS
[01:59:26] [189/459] RCSR
[01:59:27] [190/459] RJRM
[01:59:28] [191/459] KPPB
[01:59:29] [192/459] SEDC
[01:59:30] [193/459] SCAI
[01:59:32] [194/459] RMTR
[01:59:33] [195/459] ASST
[01:59:34] [196/459] GCAK
[01:59:35] [197/459] ANNK
[01:59:37] [198/459] KDDF
[01:59:38] [199/459] NRDP
[01:59:39] [200/459] PLAK
[01:59:41] [201/459] GCMC
[01:59:42] [202/459] ALPY
[01:59:43] [203/459] SICE
[01:59:45] [204/459] SISR
[01:59:45] [205/459] SRPZ
[01:59:46] [206/459] SRSW
[01:59:47] [207/459] SUYA
[01:59:48] [208/459] AMMT
[01:59:49] [209/459] BHCU
[01:59:51] [210/459] KLPA
[01:59:52] [211/459] NVKH
[01:59:53] [212/459] JMRC
[01:59:54] [213/459] KTTT
[01:59:55] [214/459] MAGH
[01:59:55] [215/459] MMMX
[01:59:56] [216/459] SALJ
[01:59:57] [217/459] GTJA
[01:59:58] [218/459] MAHT
[01:59:59] [219/459] SSNN
[02:00:00] [220/459] ARRP
[02:00:01] [221/459] ATNS
[02:00:02] [222/459] SKDT
[02:00:04] [223/459] ACAT
[02:00:04] [224/459] APRC
[02:00:05] [225/459] SWAG
[02:00:07] [226/459] SDPT
[02:00:08] [227/459] STPS
[02:00:09] [228/459] WWCZ
[02:00:09] [229/459] LLCH
[02:00:11] [230/459] MZHA
[02:00:12] [231/459] CRJG
[02:00:13] [232/459] JGTK
[02:00:14] [233/459] KCSR
[02:00:14] [234/459] CHTL
[02:00:15] [235/459] EDSR
[02:00:16] [236/459] CSWO
[02:00:17] [237/459] CPVM
[02:00:18] [238/459] MXBY
[02:00:20] [239/459] FMMA
[02:00:21] [240/459] POVI
[02:00:22] [241/459] MTHB
[02:00:22] [242/459] INRC
[02:00:23] [243/459] PIPP
[02:00:25] [244/459] BMXC
[02:00:26] [245/459] PCMM
[02:00:27] [246/459] PMKM
[02:00:28] [247/459] GATY
[02:00:29] [248/459] IMCM
[02:00:30] [249/459] POPE
[02:00:32] [250/459] MTCR
[02:00:33] [251/459] PVAE
[02:00:33] [252/459] PVMI
[02:00:35] [253/459] CPNM
[02:00:36] [254/459] FMRL
[02:00:37] [255/459] MCIW
[02:00:38] [256/459] MXBO
[02:00:39] [257/459] FMKY
[02:00:40] [258/459] FMDA
[02:00:41] [259/459] THAB
[02:00:42] [260/459] PRCW
[02:00:43] [261/459] PITI
[02:00:43] [262/459] MCFF
[02:00:45] [263/459] PDDV
[02:00:46] [264/459] MCRM
[02:00:47] [265/459] KKMB
[02:00:48] [266/459] INKO
[02:00:49] [267/459] PLXP
[02:00:49] [268/459] MMHA
[02:00:50] [269/459] FMVS
[02:00:51] [270/459] POLM
[02:00:52] [271/459] STER
[02:00:53] [272/459] PVWJ
[02:00:54] [273/459] IMJW
[02:00:55] [274/459] FNAN
[02:00:56] [275/459] CAGL
[02:00:57] [276/459] IPBG
[02:00:57] [277/459] SMFV
[02:00:58] [278/459] MMMR
[02:00:59] [279/459] MMWM
[02:01:00] [280/459] FNCM
[02:01:01] [281/459] MDVA
[02:01:01] [282/459] MMET
[02:01:02] [283/459] MIDO
[02:01:04] [284/459] INNP
[02:01:05] [285/459] MIFU
[02:01:06] [286/459] MMSZ
[02:01:07] [287/459] BMXA
[02:01:09] [288/459] MCAA
[02:01:09] [289/459] SCVP
[02:01:10] [290/459] PLUS
[02:01:11] [291/459] MUCK
[02:01:12] [292/459] MTMA
[02:01:13] [293/459] HPVR
[02:01:14] [294/459] PMPK
[02:01:15] [295/459] MAJB
[02:01:15] [296/459] CTRR
[02:01:16] [297/459] MCTG
[02:01:17] [298/459] MACE
[02:01:18] [299/459] AAAS
[02:01:19] [300/459] CPVV
[02:01:20] [301/459] RCHG
[02:01:21] [302/459] MCNE
[02:01:22] [303/459] EMNC
[02:01:23] [304/459] MCAN
[02:01:24] [305/459] TCDM
[02:01:25] [306/459] IRGT
[02:01:27] [307/459] GCMG
[02:01:28] [308/459] MXSN
[02:01:28] [309/459] MXCK
[02:01:29] [310/459] MCRC
[02:01:30] [311/459] RSMI
[02:01:31] [312/459] WAML
[02:01:32] [313/459] MTSC
[02:01:33] [314/459] FMDR
[02:01:34] [315/459] LEPV
[02:01:35] [316/459] MTGD
[02:01:36] [317/459] IMOB
[02:01:37] [318/459] CLMM
[02:01:38] [319/459] PZCD
[02:01:39] [320/459] GOCS
[02:01:40] [321/459] KCMA
[02:01:41] [322/459] CCMP
[02:01:42] [323/459] MTSU
[02:01:43] [324/459] SNGL
[02:01:44] [325/459] MMMC
[02:01:45] [326/459] MMAA
[02:01:46] [327/459] GCDM
[02:01:47] [328/459] KTMV
[02:01:48] [329/459] AETE
[02:01:49] [330/459] OMCS
[02:01:50] [331/459] GDCD
[02:01:50] [332/459] NYMD
[02:01:52] [333/459] RNCV
[02:01:53] [334/459] KKMT
[02:01:54] [335/459] GDTH
[02:01:55] [336/459] KMMV
[02:01:56] [337/459] NHCG
[02:01:57] [338/459] PJDW
[02:01:58] [339/459] MMCV
[02:01:58] [340/459] FQSA
[02:01:59] [341/459] KURL
[02:02:00] [342/459] NNNX
[02:02:01] [343/459] AMAU
[02:02:03] [344/459] VVVM
[02:02:04] [345/459] VECU
[02:02:06] [346/459] WCVR
[02:02:06] [347/459] MTGG
[02:02:07] [348/459] SGTG
[02:02:08] [349/459] MNTG
[02:02:09] [350/459] JDDG
[02:02:10] [351/459] MBTK
[02:02:11] [352/459] SGCD
[02:02:12] [353/459] MCTC
[02:02:14] [354/459] JTPC
[02:02:16] [355/459] SDKT
[02:02:16] [356/459] KRCC
[02:02:17] [357/459] RMMD
[02:02:18] [358/459] AAME
[02:02:19] [359/459] TMWC
[02:02:20] [360/459] NRWY
[02:02:21] [361/459] CITD
[02:02:22] [362/459] VERD
[02:02:23] [363/459] MKSK
[02:02:23] [364/459] STSM
[02:02:24] [365/459] MJDG
[02:02:25] [366/459] RKPM
[02:02:27] [367/459] SSCE
[02:02:28] [368/459] VMAE
[02:02:28] [369/459] SBRU
[02:02:30] [370/459] AMBC
[02:02:31] [371/459] AMLU
[02:02:32] [372/459] INVZ
[02:02:33] [373/459] LGTV
[02:02:34] [374/459] SVAD
[02:02:34] [375/459] SMSA
[02:02:35] [376/459] SPCZ
[02:02:36] [377/459] GTCX
[02:02:37] [378/459] SCSL
[02:02:38] [379/459] SAHU
[02:02:39] [380/459] NCDA
[02:02:40] [381/459] SCCG
[02:02:40] [382/459] VKTL
[02:02:41] [383/459] PUUJ
[02:02:42] [384/459] STEJ
[02:02:43] [385/459] RJAL
[02:02:44] [386/459] ACJC
[02:02:45] [387/459] VTHC
[02:02:45] [388/459] ARVB
[02:02:46] [389/459] AUBB
[02:02:47] [390/459] GDBR
[02:02:49] [391/459] PVND
[02:02:50] [392/459] BGRJ
[02:02:51] [393/459] RJMM
[02:02:52] [394/459] MCSA
[02:02:53] [395/459] BODA
[02:02:55] [396/459] JAGG
[02:02:56] [397/459] SCGA
[02:02:57] [398/459] LRCM
[02:02:58] [399/459] CPCN
[02:02:59] [400/459] SSTF
[02:03:00] [401/459] SRXP
[02:03:02] [402/459] CNFX
[02:03:02] [403/459] ANDI
[02:03:03] [404/459] SYEW
[02:03:05] [405/459] RCRE
[02:03:06] [406/459] SCRW
[02:03:07] [407/459] MBKR
[02:03:08] [408/459] ASNT
[02:03:09] [409/459] JTMT
[02:03:10] [410/459] SHAY
[02:03:11] [411/459] VRTH
[02:03:12] [412/459] SPTI
[02:03:13] [413/459] DPTD
[02:03:14] [414/459] TGSN
[02:03:15] [415/459] RCWV
[02:03:15] [416/459] OCUR
[02:03:17] [417/459] KSTC
[02:03:18] [418/459] SANI
[02:03:20] [419/459] MLCA
[02:03:21] [420/459] EGCA
[02:03:22] [421/459] SYSN
[02:03:23] [422/459] PKTA
[02:03:24] [423/459] PRCC
[02:03:25] [424/459] KSTR
[02:03:27] [425/459] SNTP
[02:03:29] [426/459] RCHA
[02:03:30] [427/459] SEEA
[02:03:31] [428/459] ALAT
[02:03:32] [429/459] AATV
[02:03:34] [430/459] RJTE
[02:03:34] [431/459] AAPP
[02:03:35] [432/459] PMMH
[02:03:36] [433/459] INRJ
[02:03:38] [434/459] SARB
[02:03:38] [435/459] PCJL
[02:03:39] [436/459] PFJJ
[02:03:41] [437/459] GRDC
[02:03:42] [438/459] BCBA
[02:03:43] [439/459] VIXL
[02:03:43] [440/459] CSTL
[02:03:44] [441/459] MTDK
[02:03:45] [442/459] TDAC
[02:03:46] [443/459] GTDN
[02:03:47] [444/459] TTDE
[02:03:48] [445/459] ASTS
[02:03:48] [446/459] CPNS
[02:03:49] [447/459] PVVW
[02:03:51] [448/459] USEB
[02:03:52] [449/459] DTYN
[02:03:53] [450/459] PVLE
[02:03:55] [451/459] CIPS
[02:03:57] [452/459] PAEG
[02:03:57] [453/459] PTCW
[02:03:58] [454/459] G3SR
[02:04:00] [455/459] PGND
[02:04:01] [456/459] INVM
[02:04:02] [457/459] SPIA
[02:04:03] [458/459] PCSN
[02:04:04] [459/459] PPGV
[02:04:06] ✅ DONE | Shows=0 | Movies=0
[02:50:08] 🚀 BMS DAILY TRACKER STARTED
[02:50:08] [1/459] FNDB
[02:50:08] 🧠 New identity
[02:50:10] [2/459] AMBH
[02:50:11] [3/459] PRHN
[02:50:12] [4/459] ACPM
[02:50:13] [5/459] PVFS
[02:50:14] [6/459] AACN
[02:50:15] [7/459] ACAS
[02:50:16] [8/459] CTNR
[02:50:17] [9/459] MMAH
[02:50:18] [10/459] CPMH
[02:50:19] [11/459] IGMH
[02:50:20] [12/459] ABCS
[02:50:21] [13/459] CMMA
[02:50:22] [14/459] GPRH
[02:50:23] [15/459] PNNG
[02:50:23] [16/459] AMCA
[02:50:25] [17/459] ISTN
[02:50:26] [18/459] PIIC
[02:50:28] [19/459] AHMH
[02:50:29] [20/459] ASHN
[02:50:29] [21/459] INHY
[02:50:30] [22/459] SRMO
[02:50:31] [23/459] PIMH
[02:50:32] [24/459] PVTS
[02:50:33] [25/459] MMCA
[02:50:34] [26/459] AKYJ
[02:50:35] [27/459] BRKH
[02:50:36] [28/459] MAHM
[02:50:38] [29/459] CPHY
[02:50:38] [30/459] PVTP
[02:50:40] [31/459] SMMR
[02:50:40] [32/459] PVHM
[02:50:41] [33/459] SNDY
[02:50:43] [34/459] GOKU
[02:50:44] [35/459] ACEV
[02:50:45] [36/459] PVUM
[02:50:45] [37/459] VSWA
[02:50:46] [38/459] IPRS
[02:50:47] [39/459] ASGN
[02:50:48] [40/459] BKMV
[02:50:49] [41/459] PVYH
[02:50:50] [42/459] INKM
[02:50:50] [43/459] ARJU
[02:50:51] [44/459] JJPP
[02:50:52] [45/459] SSRM
[02:50:53] [46/459] HMHD
[02:50:54] [47/459] SNKH
[02:50:55] [48/459] ACHI
[02:50:56] [49/459] MRAA
[02:50:57] [50/459] INMH
[02:50:58] [51/459] ARMH
[02:50:59] [52/459] DVRR
[02:51:00] [53/459] SUDA
[02:51:01] [54/459] MCSS
[02:51:02] [55/459] VRKC
[02:51:03] [56/459] PRCX
[02:51:04] [57/459] ASJY
[02:51:05] [58/459] MTHY
[02:51:06] [59/459] SRCM
[02:51:06] [60/459] TVHY
[02:51:07] [61/459] STHD
[02:51:08] [62/459] CPCL
[02:51:09] [63/459] PSMJ
[02:51:10] [64/459] MRGT
[02:51:11] [65/459] ARYH
[02:51:11] [66/459] VTRB
[02:51:13] [67/459] SCHC
[02:51:15] [68/459] MRRG
[02:51:16] [69/459] SPCB
[02:51:17] [70/459] AMCM
[02:51:18] [71/459] IVNM
[02:51:19] [72/459] TRHY
[02:51:20] [73/459] PTTH
[02:51:22] [74/459] RKMH
[02:51:23] [75/459] PRCS
[02:51:23] [76/459] VAJA
[02:51:24] [77/459] BJNG
[02:51:26] [78/459] SCVM
[02:51:27] [79/459] GNHB
[02:51:27] [80/459] TLUR
[02:51:28] [81/459] UKCC
[02:51:29] [82/459] SRKR
[02:51:30] [83/459] RMKN
[02:51:32] [84/459] SLRT
[02:51:33] [85/459] LKMT
[02:51:34] [86/459] SSRJ
[02:51:35] [87/459] SPHT
[02:51:36] [88/459] ANTT
[02:51:37] [89/459] SRCH
[02:51:38] [90/459] SRCA
[02:51:38] [91/459] ARTH
[02:51:39] [92/459] MCBH
[02:51:40] [93/459] SNIB
[02:51:41] [94/459] SART
[02:51:42] [95/459] SKTA
[02:51:42] [96/459] YAKT
[02:51:43] [97/459] MLCK
[02:51:44] [98/459] ANTS
[02:51:45] [99/459] DGCA
[02:51:46] [100/459] SGMP
[02:51:47] [101/459] ASWN
[02:51:48] [102/459] KFVU
[02:51:49] [103/459] POOR
[02:51:50] [104/459] GKDN
[02:51:51] [105/459] EOSE
[02:51:52] [106/459] GTTT
[02:51:53] [107/459] ARRO
[02:51:54] [108/459] CMMK
[02:51:55] [109/459] MSCN
[02:51:55] [110/459] GDKH
[02:51:56] [111/459] DLMT
[02:51:57] [112/459] PVMF
[02:51:58] [113/459] CPCK
[02:51:59] [114/459] VMHE
[02:52:01] [115/459] PVLC
[02:52:01] [116/459] PCVB
[02:52:02] [117/459] SNYK
[02:52:04] [118/459] KTEK
[02:52:04] [119/459] PCNM
[02:52:05] [120/459] NTTR
[02:52:06] [121/459] CPSK
[02:52:07] [122/459] JMMA
[02:52:08] [123/459] GCFK
[02:52:09] [124/459] MYCA
[02:52:10] [125/459] KSNP
[02:52:11] [126/459] PMCE
[02:52:12] [127/459] SCKI
[02:52:13] [128/459] FSMA
[02:52:14] [129/459] CETA
[02:52:15] [130/459] MCIK
[02:52:16] [131/459] MYCR
[02:52:17] [132/459] EVMP
[02:52:19] [133/459] SSGT
[02:52:19] [134/459] KCTK
[02:52:21] [135/459] ZTKC
[02:52:22] [136/459] MMTA
[02:52:23] [137/459] MAJT
[02:52:24] [138/459] ACPK
[02:52:25] [139/459] JMAX
[02:52:26] [140/459] SETK
[02:52:27] [141/459] CAIS
[02:52:28] [142/459] AGCD
[02:52:30] [143/459] URCL
[02:52:31] [144/459] VTDS
[02:52:31] [145/459] JCNM
[02:52:32] [146/459] KCAM
[02:52:33] [147/459] ADCU
[02:52:34] [148/459] GXYN
[02:52:36] [149/459] SMJG
[02:52:36] [150/459] EYCJ
[02:52:37] [151/459] CCEJ
[02:52:38] [152/459] MARS
[02:52:39] [153/459] CPVJ
[02:52:40] [154/459] INVP
[02:52:40] [155/459] CPOV
[02:52:41] [156/459] VIJK
[02:52:42] [157/459] LAIM
[02:52:43] [158/459] STHV
[02:52:44] [159/459] SVLJ
[02:52:44] [160/459] ATVJ
[02:52:45] [161/459] JTSC
[02:52:46] [162/459] RMTV
[02:52:47] [163/459] MGGG
[02:52:48] [164/459] SWTH
[02:52:49] [165/459] INVJ
[02:52:50] [166/459] PRSV
[02:52:51] [167/459] JATV
[02:52:52] [168/459] RCVD
[02:52:53] [169/459] BDMA
[02:52:54] [170/459] BLJI
[02:52:55] [171/459] SWOT
[02:52:56] [172/459] SWRN
[02:52:57] [173/459] TVRA
[02:52:58] [174/459] VCSV
[02:52:58] [175/459] NVRN
[02:52:59] [176/459] SIKC
[02:53:00] [177/459] VAKR
[02:53:01] [178/459] SYLN
[02:53:01] [179/459] KLJL
[02:53:02] [180/459] LKMY
[02:53:03] [181/459] VSLY
[02:53:05] [182/459] CIKO
[02:53:05] [183/459] GPBG
[02:53:06] [184/459] CECM
[02:53:07] [185/459] SLKB
[02:53:08] [186/459] MTBO
[02:53:10] [187/459] SSHB
[02:53:11] [188/459] VPCS
[02:53:12] [189/459] RCSR
[02:53:13] [190/459] RJRM
[02:53:14] [191/459] KPPB
[02:53:15] [192/459] SEDC
[02:53:16] [193/459] SCAI
[02:53:17] [194/459] RMTR
[02:53:18] [195/459] ASST
[02:53:20] [196/459] GCAK
[02:53:20] [197/459] ANNK
[02:53:22] [198/459] KDDF
[02:53:23] [199/459] NRDP
[02:53:23] [200/459] PLAK
[02:53:25] [201/459] GCMC
[02:53:26] [202/459] ALPY
[02:53:27] [203/459] SICE
[02:53:28] [204/459] SISR
[02:53:28] [205/459] SRPZ
[02:53:29] [206/459] SRSW
[02:53:31] [207/459] SUYA
[02:53:32] [208/459] AMMT
[02:53:33] [209/459] BHCU
[02:53:34] [210/459] KLPA
[02:53:35] [211/459] NVKH
[02:53:36] [212/459] JMRC
[02:53:37] [213/459] KTTT
[02:53:38] [214/459] MAGH
[02:53:39] [215/459] MMMX
[02:53:40] [216/459] SALJ
[02:53:40] [217/459] GTJA
[02:53:41] [218/459] MAHT
[02:53:42] [219/459] SSNN
[02:53:43] [220/459] ARRP
[02:53:44] [221/459] ATNS
[02:53:44] [222/459] SKDT
[02:53:46] [223/459] ACAT
[02:53:47] [224/459] APRC
[02:53:49] [225/459] SWAG
[02:53:50] [226/459] SDPT
[02:53:51] [227/459] STPS
[02:53:52] [228/459] WWCZ
[02:53:53] [229/459] LLCH
[02:53:55] [230/459] MZHA
[02:53:55] [231/459] CRJG
[02:53:56] [232/459] JGTK
[02:53:57] [233/459] KCSR
[02:53:58] [234/459] CHTL
[02:53:58] [235/459] EDSR
[02:53:59] [236/459] CSWO
[02:54:00] [237/459] CPVM
[02:54:02] [238/459] MXBY
[02:54:03] [239/459] FMMA
[02:54:04] [240/459] POVI
[02:54:05] [241/459] MTHB
[02:54:06] [242/459] INRC
[02:54:07] [243/459] PIPP
[02:54:08] [244/459] BMXC
[02:54:09] [245/459] PCMM
[02:54:10] [246/459] PMKM
[02:54:10] [247/459] GATY
[02:54:11] [248/459] IMCM
[02:54:12] [249/459] POPE
[02:54:13] [250/459] MTCR
[02:54:14] [251/459] PVAE
[02:54:15] [252/459] PVMI
[02:54:16] [253/459] CPNM
[02:54:17] [254/459] FMRL
[02:54:18] [255/459] MCIW
[02:54:20] [256/459] MXBO
[02:54:20] [257/459] FMKY
[02:54:21] [258/459] FMDA
[02:54:22] [259/459] THAB
[02:54:23] [260/459] PRCW
[02:54:24] [261/459] PITI
[02:54:26] [262/459] MCFF
[02:54:27] [263/459] PDDV
[02:54:27] [264/459] MCRM
[02:54:29] [265/459] KKMB
[02:54:30] [266/459] INKO
[02:54:31] [267/459] PLXP
[02:54:32] [268/459] MMHA
[02:54:33] [269/459] FMVS
[02:54:34] [270/459] POLM
[02:54:35] [271/459] STER
[02:54:36] [272/459] PVWJ
[02:54:37] [273/459] IMJW
[02:54:38] [274/459] FNAN
[02:54:39] [275/459] CAGL
[02:54:40] [276/459] IPBG
[02:54:41] [277/459] SMFV
[02:54:42] [278/459] MMMR
[02:54:42] [279/459] MMWM
[02:54:43] [280/459] FNCM
[02:54:44] [281/459] MDVA
[02:54:45] [282/459] MMET
[02:54:46] [283/459] MIDO
[02:54:48] [284/459] INNP
[02:54:48] [285/459] MIFU
[02:54:49] [286/459] MMSZ
[02:54:50] [287/459] BMXA
[02:54:51] [288/459] MCAA
[02:54:53] [289/459] SCVP
[02:54:54] [290/459] PLUS
[02:54:54] [291/459] MUCK
[02:54:55] [292/459] MTMA
[02:54:56] [293/459] HPVR
[02:54:58] [294/459] PMPK
[02:54:59] [295/459] MAJB
[02:55:00] [296/459] CTRR
[02:55:00] [297/459] MCTG
[02:55:02] [298/459] MACE
[02:55:03] [299/459] AAAS
[02:55:04] [300/459] CPVV
[02:55:04] [301/459] RCHG
[02:55:05] [302/459] MCNE
[02:55:06] [303/459] EMNC
[02:55:07] [304/459] MCAN
[02:55:07] [305/459] TCDM
[02:55:08] [306/459] IRGT
[02:55:09] [307/459] GCMG
[02:55:10] [308/459] MXSN
[02:55:11] [309/459] MXCK
[02:55:11] [310/459] MCRC
[02:55:12] [311/459] RSMI
[02:55:13] [312/459] WAML
[02:55:14] [313/459] MTSC
[02:55:15] [314/459] FMDR
[02:55:17] [315/459] LEPV
[02:55:18] [316/459] MTGD
[02:55:19] [317/459] IMOB
[02:55:20] [318/459] CLMM
[02:55:20] [319/459] PZCD
[02:55:22] [320/459] GOCS
[02:55:23] [321/459] KCMA
[02:55:24] [322/459] CCMP
[02:55:24] [323/459] MTSU
[02:55:25] [324/459] SNGL
[02:55:26] [325/459] MMMC
[02:55:27] [326/459] MMAA
[02:55:29] [327/459] GCDM
[02:55:30] [328/459] KTMV
[02:55:31] [329/459] AETE
[02:55:32] [330/459] OMCS
[02:55:33] [331/459] GDCD
[02:55:33] [332/459] NYMD
[02:55:35] [333/459] RNCV
[02:55:36] [334/459] KKMT
[02:55:37] [335/459] GDTH
[02:55:38] [336/459] KMMV
[02:55:39] [337/459] NHCG
[02:55:39] [338/459] PJDW
[02:55:40] [339/459] MMCV
[02:55:41] [340/459] FQSA
[02:55:43] [341/459] KURL
[02:55:44] [342/459] NNNX
[02:55:44] [343/459] AMAU
[02:55:45] [344/459] VVVM
[02:55:47] [345/459] VECU
[02:55:48] [346/459] WCVR
[02:55:49] [347/459] MTGG
[02:55:51] [348/459] SGTG
[02:55:52] [349/459] MNTG
[02:55:52] [350/459] JDDG
[02:55:54] [351/459] MBTK
[02:55:55] [352/459] SGCD
[02:55:55] [353/459] MCTC
[02:55:56] [354/459] JTPC
[02:55:57] [355/459] SDKT
[02:55:58] [356/459] KRCC
[02:55:59] [357/459] RMMD
[02:56:00] [358/459] AAME
[02:56:01] [359/459] TMWC
[02:56:03] [360/459] NRWY
[02:56:04] [361/459] CITD
[02:56:05] [362/459] VERD
[02:56:06] [363/459] MKSK
[02:56:07] [364/459] STSM
[02:56:09] [365/459] MJDG
[02:56:10] [366/459] RKPM
[02:56:12] [367/459] SSCE
[02:56:14] [368/459] VMAE
[02:56:15] [369/459] SBRU
[02:56:16] [370/459] AMBC
[02:56:17] [371/459] AMLU
[02:56:18] [372/459] INVZ
[02:56:19] [373/459] LGTV
[02:56:20] [374/459] SVAD
[02:56:21] [375/459] SMSA
[02:56:22] [376/459] SPCZ
[02:56:23] [377/459] GTCX
[02:56:24] [378/459] SCSL
[02:56:25] [379/459] SAHU
[02:56:26] [380/459] NCDA
[02:56:27] [381/459] SCCG
[02:56:27] [382/459] VKTL
[02:56:28] [383/459] PUUJ
[02:56:29] [384/459] STEJ
[02:56:30] [385/459] RJAL
[02:56:30] [386/459] ACJC
[02:56:31] [387/459] VTHC
[02:56:32] [388/459] ARVB
[02:56:33] [389/459] AUBB
[02:56:34] [390/459] GDBR
[02:56:35] [391/459] PVND
[02:56:36] [392/459] BGRJ
[02:56:37] [393/459] RJMM
[02:56:38] [394/459] MCSA
[02:56:38] [395/459] BODA
[02:56:39] [396/459] JAGG
[02:56:40] [397/459] SCGA
[02:56:41] [398/459] LRCM
[02:56:42] [399/459] CPCN
[02:56:43] [400/459] SSTF
[02:56:44] [401/459] SRXP
[02:56:46] [402/459] CNFX
[02:56:47] [403/459] ANDI
[02:56:48] [404/459] SYEW
[02:56:50] [405/459] RCRE
[02:56:51] [406/459] SCRW
[02:56:52] [407/459] MBKR
[02:56:54] [408/459] ASNT
[02:56:55] [409/459] JTMT
[02:56:56] [410/459] SHAY
[02:56:57] [411/459] VRTH
[02:56:58] [412/459] SPTI
[02:56:59] [413/459] DPTD
[02:56:59] [414/459] TGSN
[02:57:00] [415/459] RCWV
[02:57:01] [416/459] OCUR
[02:57:03] [417/459] KSTC
[02:57:04] [418/459] SANI
[02:57:05] [419/459] MLCA
[02:57:05] [420/459] EGCA
[02:57:06] [421/459] SYSN
[02:57:07] [422/459] PKTA
[02:57:08] [423/459] PRCC
[02:57:09] [424/459] KSTR
[02:57:09] [425/459] SNTP
[02:57:11] [426/459] RCHA
[02:57:13] [427/459] SEEA
[02:57:14] [428/459] ALAT
[02:57:14] [429/459] AATV
[02:57:15] [430/459] RJTE
[02:57:16] [431/459] AAPP
[02:57:17] [432/459] PMMH
[02:57:18] [433/459] INRJ
[02:57:20] [434/459] SARB
[02:57:21] [435/459] PCJL
[02:57:22] [436/459] PFJJ
[02:57:23] [437/459] GRDC
[02:57:25] [438/459] BCBA
[02:57:26] [439/459] VIXL
[02:57:26] [440/459] CSTL
[02:57:27] [441/459] MTDK
[02:57:28] [442/459] TDAC
[02:57:29] [443/459] GTDN
[02:57:30] [444/459] TTDE
[02:57:30] [445/459] ASTS
[02:57:31] [446/459] CPNS
[02:57:32] [447/459] PVVW
[02:57:33] [448/459] USEB
[02:57:34] [449/459] DTYN
[02:57:34] [450/459] PVLE
[02:57:36] [451/459] CIPS
[02:57:37] [452/459] PAEG
[02:57:38] [453/459] PTCW
[02:57:38] [454/459] G3SR
[02:57:40] [455/459] PGND
[02:57:41] [456/459] INVM
[02:57:42] [457/459] SPIA
[02:57:43] [458/459] PCSN
[02:57:44] [459/459] PPGV
[02:57:44] ✅ DONE | Shows=0 | Movies=0
[03:51:20] 🚀 BMS DAILY TRACKER STARTED
[03:51:20] [1/459] FNDB
[03:51:20] 🧠 New identity
[03:51:21] [2/459] AMBH
[03:51:22] [3/459] PRHN
[03:51:23] [4/459] ACPM
[03:51:23] [5/459] PVFS
[03:51:24] [6/459] AACN
[03:51:25] [7/459] ACAS
[03:51:25] [8/459] CTNR
[03:51:26] [9/459] MMAH
[03:51:27] [10/459] CPMH
[03:51:27] [11/459] IGMH
[03:51:28] [12/459] ABCS
[03:51:28] [13/459] CMMA
[03:51:29] [14/459] GPRH
[03:51:30] [15/459] PNNG
[03:51:30] [16/459] AMCA
[03:51:31] [17/459] ISTN
[03:51:31] [18/459] PIIC
[03:51:32] [19/459] AHMH
[03:51:33] [20/459] ASHN
[03:51:33] [21/459] INHY
[03:51:34] [22/459] SRMO
[03:51:35] [23/459] PIMH
[03:51:35] [24/459] PVTS
[03:51:36] [25/459] MMCA
[03:51:36] [26/459] AKYJ
[03:51:37] [27/459] BRKH
[03:51:37] [28/459] MAHM
[03:51:38] [29/459] CPHY
[03:51:39] [30/459] PVTP
[03:51:39] [31/459] SMMR
[03:51:40] [32/459] PVHM
[03:51:40] [33/459] SNDY
[03:51:41] [34/459] GOKU
[03:51:41] [35/459] ACEV
[03:51:42] [36/459] PVUM
[03:51:43] [37/459] VSWA
[03:51:43] [38/459] IPRS
[03:51:44] [39/459] ASGN
[03:51:44] [40/459] BKMV
[03:51:45] [41/459] PVYH
[03:51:45] [42/459] INKM
[03:51:46] [43/459] ARJU
[03:51:47] [44/459] JJPP
[03:51:48] [45/459] SSRM
[03:51:48] [46/459] HMHD
[03:51:49] [47/459] SNKH
[03:51:50] [48/459] ACHI
[03:51:50] [49/459] MRAA
[03:51:51] [50/459] INMH
[03:51:51] [51/459] ARMH
[03:51:52] [52/459] DVRR
[03:51:52] [53/459] SUDA
[03:51:53] [54/459] MCSS
[03:51:53] [55/459] VRKC
[03:51:54] [56/459] PRCX
[03:51:54] [57/459] ASJY
[03:51:55] [58/459] MTHY
[03:51:55] [59/459] SRCM
[03:51:56] [60/459] TVHY
[03:51:57] [61/459] STHD
[03:51:57] [62/459] CPCL
[03:51:58] [63/459] PSMJ
[03:51:59] [64/459] MRGT
[03:52:00] [65/459] ARYH
[03:52:00] [66/459] VTRB
[03:52:01] [67/459] SCHC
[03:52:01] [68/459] MRRG
[03:52:02] [69/459] SPCB
[03:52:02] [70/459] AMCM
[03:52:03] [71/459] IVNM
[03:52:03] [72/459] TRHY
[03:52:04] [73/459] PTTH
[03:52:05] [74/459] RKMH
[03:52:05] [75/459] PRCS
[03:52:06] [76/459] VAJA
[03:52:06] [77/459] BJNG
[03:52:07] [78/459] SCVM
[03:52:07] [79/459] GNHB
[03:52:08] [80/459] TLUR
[03:52:08] [81/459] UKCC
[03:52:09] [82/459] SRKR
[03:52:10] [83/459] RMKN
[03:52:10] [84/459] SLRT
[03:52:11] [85/459] LKMT
[03:52:11] [86/459] SSRJ
[03:52:12] [87/459] SPHT
[03:52:13] [88/459] ANTT
[03:52:13] [89/459] SRCH
[03:52:14] [90/459] SRCA
[03:52:14] [91/459] ARTH
[03:52:15] [92/459] MCBH
[03:52:16] [93/459] SNIB
[03:52:16] [94/459] SART
[03:52:17] [95/459] SKTA
[03:52:18] [96/459] YAKT
[03:52:18] [97/459] MLCK
[03:52:19] [98/459] ANTS
[03:52:19] [99/459] DGCA
[03:52:20] [100/459] SGMP
[03:52:21] [101/459] ASWN
[03:52:21] [102/459] KFVU
[03:52:22] [103/459] POOR
[03:52:23] [104/459] GKDN
[03:52:23] [105/459] EOSE
[03:52:24] [106/459] GTTT
[03:52:24] [107/459] ARRO
[03:52:25] [108/459] CMMK
[03:52:25] [109/459] MSCN
[03:52:26] [110/459] GDKH
[03:52:27] [111/459] DLMT
[03:52:27] [112/459] PVMF
[03:52:28] [113/459] CPCK
[03:52:28] [114/459] VMHE
[03:52:29] [115/459] PVLC
[03:52:30] [116/459] PCVB
[03:52:30] [117/459] SNYK
[03:52:31] [118/459] KTEK
[03:52:31] [119/459] PCNM
[03:52:32] [120/459] NTTR
[03:52:32] [121/459] CPSK
[03:52:33] [122/459] JMMA
[03:52:33] [123/459] GCFK
[03:52:34] [124/459] MYCA
[03:52:35] [125/459] KSNP
[03:52:35] [126/459] PMCE
[03:52:36] [127/459] SCKI
[03:52:36] [128/459] FSMA
[03:52:37] [129/459] CETA
[03:52:38] [130/459] MCIK
[03:52:38] [131/459] MYCR
[03:52:39] [132/459] EVMP
[03:52:39] [133/459] SSGT
[03:52:40] [134/459] KCTK
[03:52:40] [135/459] ZTKC
[03:52:41] [136/459] MMTA
[03:52:41] [137/459] MAJT
[03:52:42] [138/459] ACPK
[03:52:42] [139/459] JMAX
[03:52:43] [140/459] SETK
[03:52:44] [141/459] CAIS
[03:52:44] [142/459] AGCD
[03:52:45] [143/459] URCL
[03:52:46] [144/459] VTDS
[03:52:46] [145/459] JCNM
[03:52:47] [146/459] KCAM
[03:52:47] [147/459] ADCU
[03:52:48] [148/459] GXYN
[03:52:48] [149/459] SMJG
[03:52:49] [150/459] EYCJ
[03:52:49] [151/459] CCEJ
[03:52:50] [152/459] MARS
[03:52:50] [153/459] CPVJ
[03:52:51] [154/459] INVP
[03:52:52] [155/459] CPOV
[03:52:52] [156/459] VIJK
[03:52:53] [157/459] LAIM
[03:52:53] [158/459] STHV
[03:52:54] [159/459] SVLJ
[03:52:54] [160/459] ATVJ
[03:52:55] [161/459] JTSC
[03:52:55] [162/459] RMTV
[03:52:56] [163/459] MGGG
[03:52:56] [164/459] SWTH
[03:52:57] [165/459] INVJ
[03:52:58] [166/459] PRSV
[03:52:58] [167/459] JATV
[03:52:59] [168/459] RCVD
[03:52:59] [169/459] BDMA
[03:53:00] [170/459] BLJI
[03:53:00] [171/459] SWOT
[03:53:01] [172/459] SWRN
[03:53:01] [173/459] TVRA
[03:53:02] [174/459] VCSV
[03:53:02] [175/459] NVRN
[03:53:03] [176/459] SIKC
[03:53:04] [177/459] VAKR
[03:53:04] [178/459] SYLN
[03:53:05] [179/459] KLJL
[03:53:05] [180/459] LKMY
[03:53:06] [181/459] VSLY
[03:53:06] [182/459] CIKO
[03:53:07] [183/459] GPBG
[03:53:07] [184/459] CECM
[03:53:08] [185/459] SLKB
[03:53:08] [186/459] MTBO
[03:53:09] [187/459] SSHB
[03:53:09] [188/459] VPCS
[03:53:10] [189/459] RCSR
[03:53:10] [190/459] RJRM
[03:53:11] [191/459] KPPB
[03:53:11] [192/459] SEDC
[03:53:12] [193/459] SCAI
[03:53:12] [194/459] RMTR
[03:53:13] [195/459] ASST
[03:53:14] [196/459] GCAK
[03:53:14] [197/459] ANNK
[03:53:15] [198/459] KDDF
[03:53:15] [199/459] NRDP
[03:53:16] [200/459] PLAK
[03:53:16] [201/459] GCMC
[03:53:17] [202/459] ALPY
[03:53:17] [203/459] SICE
[03:53:18] [204/459] SISR
[03:53:18] [205/459] SRPZ
[03:53:19] [206/459] SRSW
[03:53:19] [207/459] SUYA
[03:53:20] [208/459] AMMT
[03:53:20] [209/459] BHCU
[03:53:21] [210/459] KLPA
[03:53:21] [211/459] NVKH
[03:53:22] [212/459] JMRC
[03:53:23] [213/459] KTTT
[03:53:23] [214/459] MAGH
[03:53:24] [215/459] MMMX
[03:53:24] [216/459] SALJ
[03:53:25] [217/459] GTJA
[03:53:26] [218/459] MAHT
[03:53:26] [219/459] SSNN
[03:53:27] [220/459] ARRP
[03:53:27] [221/459] ATNS
[03:53:28] [222/459] SKDT
[03:53:29] [223/459] ACAT
[03:53:29] [224/459] APRC
[03:53:30] [225/459] SWAG
[03:53:30] [226/459] SDPT
[03:53:31] [227/459] STPS
[03:53:31] [228/459] WWCZ
[03:53:32] [229/459] LLCH
[03:53:33] [230/459] MZHA
[03:53:33] [231/459] CRJG
[03:53:34] [232/459] JGTK
[03:53:34] [233/459] KCSR
[03:53:35] [234/459] CHTL
[03:53:35] [235/459] EDSR
[03:53:36] [236/459] CSWO
[03:53:36] [237/459] CPVM
[03:53:37] [238/459] MXBY
[03:53:37] [239/459] FMMA
[03:53:38] [240/459] POVI
[03:53:38] [241/459] MTHB
[03:53:39] [242/459] INRC
[03:53:39] [243/459] PIPP
[03:53:40] [244/459] BMXC
[03:53:41] [245/459] PCMM
[03:53:41] [246/459] PMKM
[03:53:42] [247/459] GATY
[03:53:43] [248/459] IMCM
[03:53:43] [249/459] POPE
[03:53:44] [250/459] MTCR
[03:53:45] [251/459] PVAE
[03:53:45] [252/459] PVMI
[03:53:46] [253/459] CPNM
[03:53:46] [254/459] FMRL
[03:53:47] [255/459] MCIW
[03:53:47] [256/459] MXBO
[03:53:48] [257/459] FMKY
[03:53:48] [258/459] FMDA
[03:53:49] [259/459] THAB
[03:53:50] [260/459] PRCW
[03:53:50] [261/459] PITI
[03:53:51] [262/459] MCFF
[03:53:52] [263/459] PDDV
[03:53:52] [264/459] MCRM
[03:53:53] [265/459] KKMB
[03:53:53] [266/459] INKO
[03:53:54] [267/459] PLXP
[03:53:54] [268/459] MMHA
[03:53:55] [269/459] FMVS
[03:53:56] [270/459] POLM
[03:53:56] [271/459] STER
[03:53:56] [272/459] PVWJ
[03:53:57] [273/459] IMJW
[03:53:58] [274/459] FNAN
[03:53:58] [275/459] CAGL
[03:53:59] [276/459] IPBG
[03:53:59] [277/459] SMFV
[03:54:00] [278/459] MMMR
[03:54:01] [279/459] MMWM
[03:54:01] [280/459] FNCM
[03:54:02] [281/459] MDVA
[03:54:02] [282/459] MMET
[03:54:03] [283/459] MIDO
[03:54:03] [284/459] INNP
[03:54:04] [285/459] MIFU
[03:54:05] [286/459] MMSZ
[03:54:05] [287/459] BMXA
[03:54:05] [288/459] MCAA
[03:54:06] [289/459] SCVP
[03:54:06] [290/459] PLUS
[03:54:07] [291/459] MUCK
[03:54:07] [292/459] MTMA
[03:54:08] [293/459] HPVR
[03:54:09] [294/459] PMPK
[03:54:09] [295/459] MAJB
[03:54:10] [296/459] CTRR
[03:54:10] [297/459] MCTG
[03:54:11] [298/459] MACE
[03:54:11] [299/459] AAAS
[03:54:12] [300/459] CPVV
[03:54:13] [301/459] RCHG
[03:54:13] [302/459] MCNE
[03:54:14] [303/459] EMNC
[03:54:14] [304/459] MCAN
[03:54:15] [305/459] TCDM
[03:54:15] [306/459] IRGT
[03:54:16] [307/459] GCMG
[03:54:17] [308/459] MXSN
[03:54:17] [309/459] MXCK
[03:54:18] [310/459] MCRC
[03:54:19] [311/459] RSMI
[03:54:19] [312/459] WAML
[03:54:20] [313/459] MTSC
[03:54:20] [314/459] FMDR
[03:54:21] [315/459] LEPV
[03:54:21] [316/459] MTGD
[03:54:22] [317/459] IMOB
[03:54:23] [318/459] CLMM
[03:54:23] [319/459] PZCD
[03:54:24] [320/459] GOCS
[03:54:24] [321/459] KCMA
[03:54:25] [322/459] CCMP
[03:54:25] [323/459] MTSU
[03:54:26] [324/459] SNGL
[03:54:27] [325/459] MMMC
[03:54:27] [326/459] MMAA
[03:54:28] [327/459] GCDM
[03:54:29] [328/459] KTMV
[03:54:29] [329/459] AETE
[03:54:30] [330/459] OMCS
[03:54:30] [331/459] GDCD
[03:54:31] [332/459] NYMD
[03:54:31] [333/459] RNCV
[03:54:32] [334/459] KKMT
[03:54:32] [335/459] GDTH
[03:54:33] [336/459] KMMV
[03:54:33] [337/459] NHCG
[03:54:34] [338/459] PJDW
[03:54:34] [339/459] MMCV
[03:54:35] [340/459] FQSA
[03:54:36] [341/459] KURL
[03:54:36] [342/459] NNNX
[03:54:37] [343/459] AMAU
[03:54:37] [344/459] VVVM
[03:54:38] [345/459] VECU
[03:54:38] [346/459] WCVR
[03:54:39] [347/459] MTGG
[03:54:40] [348/459] SGTG
[03:54:40] [349/459] MNTG
[03:54:41] [350/459] JDDG
[03:54:42] [351/459] MBTK
[03:54:42] [352/459] SGCD
[03:54:43] [353/459] MCTC
[03:54:43] [354/459] JTPC
[03:54:44] [355/459] SDKT
[03:54:44] [356/459] KRCC
[03:54:45] [357/459] RMMD
[03:54:45] [358/459] AAME
[03:54:46] [359/459] TMWC
[03:54:46] [360/459] NRWY
[03:54:47] [361/459] CITD
[03:54:47] [362/459] VERD
[03:54:48] [363/459] MKSK
[03:54:48] [364/459] STSM
[03:54:49] [365/459] MJDG
[03:54:49] [366/459] RKPM
[03:54:50] [367/459] SSCE
[03:54:50] [368/459] VMAE
[03:54:51] [369/459] SBRU
[03:54:52] [370/459] AMBC
[03:54:52] [371/459] AMLU
[03:54:53] [372/459] INVZ
[03:54:54] [373/459] LGTV
[03:54:54] [374/459] SVAD
[03:54:55] [375/459] SMSA
[03:54:55] [376/459] SPCZ
[03:54:56] [377/459] GTCX
[03:54:56] [378/459] SCSL
[03:54:57] [379/459] SAHU
[03:54:57] [380/459] NCDA
[03:54:58] [381/459] SCCG
[03:54:58] [382/459] VKTL
[03:54:59] [383/459] PUUJ
[03:55:00] [384/459] STEJ
[03:55:00] [385/459] RJAL
[03:55:01] [386/459] ACJC
[03:55:01] [387/459] VTHC
[03:55:02] [388/459] ARVB
[03:55:03] [389/459] AUBB
[03:55:03] [390/459] GDBR
[03:55:04] [391/459] PVND
[03:55:05] [392/459] BGRJ
[03:55:05] [393/459] RJMM
[03:55:06] [394/459] MCSA
[03:55:06] [395/459] BODA
[03:55:07] [396/459] JAGG
[03:55:08] [397/459] SCGA
[03:55:08] [398/459] LRCM
[03:55:09] [399/459] CPCN
[03:55:09] [400/459] SSTF
[03:55:10] [401/459] SRXP
[03:55:10] [402/459] CNFX
[03:55:11] [403/459] ANDI
[03:55:11] [404/459] SYEW
[03:55:12] [405/459] RCRE
[03:55:12] [406/459] SCRW
[03:55:13] [407/459] MBKR
[03:55:14] [408/459] ASNT
[03:55:14] [409/459] JTMT
[03:55:15] [410/459] SHAY
[03:55:16] [411/459] VRTH
[03:55:16] [412/459] SPTI
[03:55:16] [413/459] DPTD
[03:55:17] [414/459] TGSN
[03:55:17] [415/459] RCWV
[03:55:18] [416/459] OCUR
[03:55:19] [417/459] KSTC
[03:55:19] [418/459] SANI
[03:55:20] [419/459] MLCA
[03:55:20] [420/459] EGCA
[03:55:21] [421/459] SYSN
[03:55:22] [422/459] PKTA
[03:55:22] [423/459] PRCC
[03:55:22] [424/459] KSTR
[03:55:23] [425/459] SNTP
[03:55:24] [426/459] RCHA
[03:55:25] [427/459] SEEA
[03:55:25] [428/459] ALAT
[03:55:26] [429/459] AATV
[03:55:26] [430/459] RJTE
[03:55:27] [431/459] AAPP
[03:55:27] [432/459] PMMH
[03:55:28] [433/459] INRJ
[03:55:28] [434/459] SARB
[03:55:29] [435/459] PCJL
[03:55:30] [436/459] PFJJ
[03:55:30] [437/459] GRDC
[03:55:31] [438/459] BCBA
[03:55:31] [439/459] VIXL
[03:55:32] [440/459] CSTL
[03:55:32] [441/459] MTDK
[03:55:33] [442/459] TDAC
[03:55:33] [443/459] GTDN
[03:55:34] [444/459] TTDE
[03:55:34] [445/459] ASTS
[03:55:35] [446/459] CPNS
[03:55:35] [447/459] PVVW
[03:55:36] [448/459] USEB
[03:55:36] [449/459] DTYN
[03:55:37] [450/459] PVLE
[03:55:37] [451/459] CIPS
[03:55:38] [452/459] PAEG
[03:55:38] [453/459] PTCW
[03:55:39] [454/459] G3SR
[03:55:40] [455/459] PGND
[03:55:40] [456/459] INVM
[03:55:41] [457/459] SPIA
[03:55:41] [458/459] PCSN
[03:55:42] [459/459] PPGV
[03:55:42] ✅ DONE | Shows=4 | Movies=4
