[20:45:41] 🚀 SCRIPT STARTED
[20:45:41] [1/445] TGMR
[20:45:41] 🧠 New identity created
[20:45:42] [2/445] CXKR
[20:45:43] [3/445] SROP
[20:45:44] [4/445] GTSV
[20:45:45] [5/445] SNTY
[20:45:46] [6/445] SMYY
[20:45:48] [7/445] CNCS
[20:45:48] [8/445] CSTM
[20:45:49] [9/445] NUCD
[20:45:50] [10/445] SHCZ
[20:45:51] [11/445] NJCT
[20:45:52] [12/445] COPC
[20:45:53] [13/445] STVV
[20:45:55] [14/445] SKRN
[20:45:56] [15/445] APPZ
[20:45:57] [16/445] YMGN
[20:45:58] [17/445] SVTU
[20:45:59] [18/445] GTAD
[20:46:00] [19/445] PSUS
[20:46:01] [20/445] SMCD
[20:46:02] [21/445] CMCM
[20:46:03] [22/445] SYCT
[20:46:04] [23/445] STLY
[20:46:05] [24/445] CMHU
[20:46:05] [25/445] CMSA
[20:46:07] [26/445] CLCU
[20:46:08] [27/445] PPNT
[20:46:09] [28/445] JTAB
[20:46:10] [29/445] BUUC
[20:46:12] [30/445] BSVK
[20:46:13] [31/445] VVVQ
[20:46:13] [32/445] TKMU
[20:46:15] [33/445] ESYL
[20:46:15] [34/445] ACHP
[20:46:16] [35/445] BTKD
[20:46:17] [36/445] DESA
[20:46:18] [37/445] GBCT
[20:46:19] [38/445] BLLD
[20:46:20] [39/445] SKNT
[20:46:20] [40/445] SSTE
[20:46:21] [41/445] VJMR
[20:46:22] [42/445] NTPU
[20:46:23] [43/445] RDKN
[20:46:24] [44/445] ADGC
[20:46:25] [45/445] VRBP
[20:46:26] [46/445] NMNA
[20:46:27] [47/445] CMMX
[20:46:28] [48/445] PTKO
[20:46:29] [49/445] RBML
[20:46:29] [50/445] SAIC
[20:46:30] [51/445] SVTJ
[20:46:32] [52/445] MRTE
[20:46:33] [53/445] RBTP
[20:46:33] [54/445] NLPS
[20:46:35] [55/445] GTNA
[20:46:36] [56/445] DGGC
[20:46:37] [57/445] SMCR
[20:46:37] [58/445] SCGD
[20:46:38] [59/445] SRRJ
[20:46:39] [60/445] CNRY
[20:46:40] [61/445] KTDI
[20:46:41] [62/445] SNJL
[20:46:42] [63/445] RKMD
[20:46:43] [64/445] SMDC
[20:46:44] [65/445] TADG
[20:46:45] [66/445] MCGS
[20:46:45] [67/445] PETK
[20:46:47] [68/445] CHAG
[20:46:48] [69/445] KSTL
[20:46:49] [70/445] AADS
[20:46:50] [71/445] NTHZ
[20:46:50] [72/445] HCKI
[20:46:51] [73/445] SSEF
[20:46:52] [74/445] MCGX
[20:46:53] [75/445] ERRA
[20:46:53] [76/445] SDTW
[20:46:54] [77/445] RMPK
[20:46:55] [78/445] PTHK
[20:46:56] [79/445] PXCS
[20:46:57] [80/445] SVLU
[20:46:58] [81/445] STAH
[20:46:59] [82/445] JRGF
[20:47:01] [83/445] CDOK
[20:47:01] [84/445] CMSG
[20:47:02] [85/445] APTD
[20:47:03] [86/445] KMPG
[20:47:04] [87/445] MUTJ
[20:47:05] [88/445] VCCI
[20:47:06] [89/445] URBE
[20:47:07] [90/445] TCTS
[20:47:08] [91/445] STSN
[20:47:09] [92/445] AKCH
[20:47:10] [93/445] APSC
[20:47:12] [94/445] VLTB
[20:47:12] [95/445] SANU
[20:47:13] [96/445] AXAM
[20:47:14] [97/445] MGMG
[20:47:16] [98/445] HTBY
[20:47:17] [99/445] MMZS
[20:47:18] [100/445] SUDR
[20:47:20] [101/445] CCAD
[20:47:21] [102/445] SKKC
[20:47:21] [103/445] RMCD
[20:47:23] [104/445] SBCQ
[20:47:24] [105/445] DCCT
[20:47:26] [106/445] VTKP
[20:47:27] [107/445] MLAM
[20:47:28] [108/445] SAVT
[20:47:28] [109/445] GEPL
[20:47:29] [110/445] AMCD
[20:47:31] [111/445] CCXR
[20:47:31] [112/445] GRNG
[20:47:32] [113/445] EBCA
[20:47:33] [114/445] CNVG
[20:47:34] [115/445] MWSS
[20:47:36] [116/445] VBOR
[20:47:36] [117/445] NEEB
[20:47:37] [118/445] SUTH
[20:47:39] [119/445] ANDB
[20:47:40] [120/445] MMXS
[20:47:41] [121/445] CNPD
[20:47:41] [122/445] SDCE
[20:47:42] [123/445] DHCB
[20:47:43] [124/445] ODEN
[20:47:44] [125/445] TNTC
[20:47:45] [126/445] VBKM
[20:47:46] [127/445] RZYM
[20:47:47] [128/445] JEMC
[20:47:47] [129/445] CMAU
[20:47:48] [130/445] SIVP
[20:47:49] [131/445] ATAG
[20:47:50] [132/445] CHTM
[20:47:50] [133/445] AAEE
[20:47:51] [134/445] IWPM
[20:47:52] [135/445] KCMW
[20:47:53] [136/445] MCTD
[20:47:54] [137/445] SPWR
[20:47:56] [138/445] SDPO
[20:47:57] [139/445] PCSK
[20:47:58] [140/445] ACHV
[20:47:59] [141/445] SVLA
[20:48:00] [142/445] PICT
[20:48:01] [143/445] BXDR
[20:48:02] [144/445] SPWA
[20:48:03] [145/445] MCKO
[20:48:04] [146/445] RTHK
[20:48:05] [147/445] CCMF
[20:48:06] [148/445] MRGB
[20:48:06] [149/445] CPLC
[20:48:07] [150/445] RACD
[20:48:09] [151/445] ATKT
[20:48:10] [152/445] SARN
[20:48:11] [153/445] KKUI
[20:48:12] [154/445] RGCM
[20:48:13] [155/445] BRVP
[20:48:14] [156/445] HRSR
[20:48:15] [157/445] GKGM
[20:48:16] [158/445] TTCD
[20:48:17] [159/445] PTTI
[20:48:17] [160/445] MPTT
[20:48:18] [161/445] CVTT
[20:48:19] [162/445] PCXD
[20:48:20] [163/445] GCDC
[20:48:21] [164/445] CCCF
[20:48:22] [165/445] MRAD
[20:48:22] [166/445] CPLK
[20:48:23] [167/445] SATB
[20:48:24] [168/445] SNVG
[20:48:25] [169/445] JMBA
[20:48:26] [170/445] TEJA
[20:48:27] [171/445] STYO
[20:48:27] [172/445] JTBP
[20:48:28] [173/445] KRGD
[20:48:29] [174/445] SLJJ
[20:48:30] [175/445] SPTJ
[20:48:31] [176/445] SWJG
[20:48:32] [177/445] LKRT
[20:48:33] [178/445] KCKA
[20:48:34] [179/445] SNCR
[20:48:35] [180/445] SMKL
[20:48:37] [181/445] GCFA
[20:48:38] [182/445] DDCK
[20:48:38] [183/445] NCHJ
[20:48:39] [184/445] RDMA
[20:48:40] [185/445] SVSV
[20:48:41] [186/445] SCJG
[20:48:42] [187/445] VKLP
[20:48:43] [188/445] NWCC
[20:48:44] [189/445] VKNS
[20:48:46] [190/445] SDDP
[20:48:47] [191/445] ACSI
[20:48:47] [192/445] SATG
[20:48:48] [193/445] SCMW
[20:48:49] [194/445] LKTK
[20:48:50] [195/445] VCKV
[20:48:50] [196/445] KKPE
[20:48:51] [197/445] KIGH
[20:48:52] [198/445] SRPM
[20:48:53] [199/445] SCAH
[20:48:54] [200/445] MUTA
[20:48:55] [201/445] SEPU
[20:48:57] [202/445] INOA
[20:48:58] [203/445] BASK
[20:48:59] [204/445] NECB
[20:49:00] [205/445] GTTG
[20:49:01] [206/445] ASSA
[20:49:01] [207/445] ANCL
[20:49:02] [208/445] GCTI
[20:49:03] [209/445] RCTS
[20:49:04] [210/445] ACNL
[20:49:04] [211/445] MYCT
[20:49:05] [212/445] NMHT
[20:49:06] [213/445] MDIT
[20:49:07] [214/445] LATG
[20:49:08] [215/445] SMTY
[20:49:09] [216/445] CVCT
[20:49:10] [217/445] RAMB
[20:49:11] [218/445] TGMS
[20:49:11] [219/445] BHEL
[20:49:14] [220/445] SHCT
[20:49:14] [221/445] SVCT
[20:49:15] [222/445] MRIY
[20:49:16] [223/445] SARO
[20:49:17] [224/445] STCT
[20:49:18] [225/445] JKKC
[20:49:19] [226/445] PLTT
[20:49:19] [227/445] SRNT
[20:49:20] [228/445] YAST
[20:49:21] [229/445] PERL
[20:49:22] [230/445] CICM
[20:49:23] [231/445] MMTR
[20:49:24] [232/445] ABTK
[20:49:25] [233/445] ATYY
[20:49:25] [234/445] ASTK
[20:49:26] [235/445] VVCK
[20:49:27] [236/445] ATKY
[20:49:28] [237/445] GWEK
[20:49:29] [238/445] SVFH
[20:49:30] [239/445] SLTA
[20:49:31] [240/445] AASH
[20:49:32] [241/445] ACXB
[20:49:33] [242/445] SMTX
[20:49:34] [243/445] AZDH
[20:49:35] [244/445] CMMH
[20:49:36] [245/445] SCSZ
[20:49:37] [246/445] SCKP
[20:49:38] [247/445] NXTM
[20:49:39] [248/445] NWCS
[20:49:41] [249/445] CXMH
[20:49:41] [250/445] PCMA
[20:49:43] [251/445] SGCM
[20:49:44] [252/445] SDTU
[20:49:45] [253/445] MMVI
[20:49:45] [254/445] JKCM
[20:49:46] [255/445] VCMM
[20:49:47] [256/445] SYEE
[20:49:48] [257/445] VASD
[20:49:49] [258/445] BDRB
[20:49:50] [259/445] LASM
[20:49:50] [260/445] DCRL
[20:49:51] [261/445] DVPM
[20:49:52] [262/445] SBMJ
[20:49:53] [263/445] CBMU
[20:49:54] [264/445] IUBS
[20:49:55] [265/445] INAP
[20:49:56] [266/445] SRRC
[20:49:57] [267/445] SAGR
[20:49:58] [268/445] CPMJ
[20:49:59] [269/445] ATJL
[20:50:00] [270/445] NNTD
[20:50:00] [271/445] JHCJ
[20:50:01] [272/445] CMMP
[20:50:02] [273/445] RSDR
[20:50:03] [274/445] AMTI
[20:50:03] [275/445] NYSG
[20:50:04] [276/445] AVSG
[20:50:05] [277/445] SYTP
[20:50:06] [278/445] LARC
[20:50:07] [279/445] RJTP
[20:50:08] [280/445] LAKC
[20:50:08] [281/445] MCXE
[20:50:09] [282/445] CCZC
[20:50:10] [283/445] AVCH
[20:50:11] [284/445] CMBE
[20:50:12] [285/445] MRRC
[20:50:12] [286/445] PCPY
[20:50:13] [287/445] SRMH
[20:50:14] [288/445] SVGS
[20:50:15] [289/445] PCSE
[20:50:16] [290/445] SVFT
[20:50:17] [291/445] TNZP
[20:50:19] [292/445] ICTP
[20:50:20] [293/445] ACTZ
[20:50:21] [294/445] GTUR
[20:50:21] [295/445] MAFC
[20:50:22] [296/445] MINL
[20:50:23] [297/445] MRCL
[20:50:24] [298/445] RCRP
[20:50:26] [299/445] RFFG
[20:50:27] [300/445] RMAS
[20:50:28] [301/445] INVR
[20:50:28] [302/445] RMAR
[20:50:29] [303/445] CNIS
[20:50:30] [304/445] RHRJ
[20:50:31] [305/445] INXR
[20:50:32] [306/445] VALT
[20:50:33] [307/445] LCSH
[20:50:34] [308/445] CMVS
[20:50:35] [309/445] CNMS
[20:50:36] [310/445] ROOG
[20:50:37] [311/445] ISRM
[20:50:38] [312/445] RCRM
[20:50:38] [313/445] ACJA
[20:50:40] [314/445] RCVS
[20:50:41] [315/445] CPUS
[20:50:41] [316/445] TGCS
[20:50:42] [317/445] RKCJ
[20:50:43] [318/445] MKSB
[20:50:44] [319/445] TCSJ
[20:50:46] [320/445] RMGP
[20:50:48] [321/445] CLLP
[20:50:48] [322/445] RCMV
[20:50:50] [323/445] CCKS
[20:50:51] [324/445] RSRP
[20:50:52] [325/445] APLP
[20:50:53] [326/445] CNVS
[20:50:54] [327/445] RMVY
[20:50:55] [328/445] PGBD
[20:50:56] [329/445] KLMS
[20:50:56] [330/445] RUST
[20:50:57] [331/445] MASM
[20:50:58] [332/445] BACS
[20:50:59] [333/445] BWST
[20:51:01] [334/445] RRFH
[20:51:01] [335/445] SJTM
[20:51:02] [336/445] BEMR
[20:51:03] [337/445] MCGR
[20:51:04] [338/445] SDSK
[20:51:05] [339/445] VBOL
[20:51:06] [340/445] RMGM
[20:51:07] [341/445] NOPL
[20:51:08] [342/445] MKJK
[20:51:09] [343/445] CVRN
[20:51:11] [344/445] MMEN
[20:51:11] [345/445] AMNG
[20:51:12] [346/445] INTM
[20:51:13] [347/445] SLCZ
[20:51:14] [348/445] AMJN
[20:51:14] [349/445] ACJN
[20:51:15] [350/445] AMKN
[20:51:16] [351/445] BTCN
[20:51:17] [352/445] AMBT
[20:51:18] [353/445] PACN
[20:51:19] [354/445] LCNS
[20:51:20] [355/445] PPKC
[20:51:21] [356/445] JYYN
[20:51:21] [357/445] JTNR
[20:51:22] [358/445] GTEE
[20:51:24] [359/445] SRNM
[20:51:25] [360/445] SDTC
[20:51:26] [361/445] VPCA
[20:51:28] [362/445] VLRA
[20:51:30] [363/445] SHKR
[20:51:31] [364/445] SBKD
[20:51:31] [365/445] SAAD
[20:51:32] [366/445] JTGN
[20:51:33] [367/445] SLAM
[20:51:34] [368/445] VTPM
[20:51:35] [369/445] ANPT
[20:51:36] [370/445] PUNB
[20:51:37] [371/445] CPKT
[20:51:38] [372/445] CNWE
[20:51:39] [373/445] ECPP
[20:51:39] [374/445] CPAR
[20:51:40] [375/445] ESBW
[20:51:42] [376/445] PKPU
[20:51:44] [377/445] CPRP
[20:51:45] [378/445] RAHU
[20:51:45] [379/445] RHMN
[20:51:46] [380/445] FMJP
[20:51:48] [381/445] CTMP
[20:51:48] [382/445] INPN
[20:51:49] [383/445] STTG
[20:51:50] [384/445] CTRD
[20:51:51] [385/445] PUVB
[20:51:52] [386/445] ESVP
[20:51:54] [387/445] CPFT
[20:51:54] [388/445] LCPC
[20:51:55] [389/445] VBCT
[20:51:57] [390/445] FSCW
[20:51:58] [391/445] VCMP
[20:51:59] [392/445] ASHC
[20:52:00] [393/445] VLCX
[20:52:01] [394/445] SHEV
[20:52:02] [395/445] APCO
[20:52:03] [396/445] SILC
[20:52:04] [397/445] SNMR
[20:52:04] [398/445] KYBO
[20:52:05] [399/445] SATK
[20:52:06] [400/445] SSCS
[20:52:07] [401/445] CLSB
[20:52:08] [402/445] KMJR
[20:52:09] [403/445] FSCK
[20:52:10] [404/445] NNKA
[20:52:11] [405/445] CLMK
[20:52:12] [406/445] DMPZ
[20:52:13] [407/445] INQM
[20:52:15] [408/445] CAML
[20:52:16] [409/445] INRK
[20:52:17] [410/445] IMKN
[20:52:18] [411/445] SVNR
[20:52:19] [412/445] INSL
[20:52:20] [413/445] MSMA
[20:52:21] [414/445] MCKK
[20:52:21] [415/445] FCHP
[20:52:22] [416/445] SFCR
[20:52:23] [417/445] NACK
[20:52:24] [418/445] PVAK
[20:52:25] [419/445] INER
[20:52:26] [420/445] RDBK
[20:52:27] [421/445] SVFN
[20:52:27] [422/445] IFRM
[20:52:29] [423/445] ATCK
[20:52:30] [424/445] ASKO
[20:52:31] [425/445] STKT
[20:52:32] [426/445] SVFB
[20:52:33] [427/445] INKS
[20:52:35] [428/445] PCRA
[20:52:35] [429/445] ATJA
[20:52:36] [430/445] IMJN
[20:52:37] [431/445] INHD
[20:52:38] [432/445] BARA
[20:52:39] [433/445] MCSL
[20:52:40] [434/445] RTOY
[20:52:41] [435/445] MENO
[20:52:42] [436/445] PUDM
[20:52:43] [437/445] PRCN
[20:52:44] [438/445] JMJR
[20:52:45] [439/445] SSGK
[20:52:46] [440/445] SSRL
[20:52:47] [441/445] JYKL
[20:52:47] [442/445] ACNB
[20:52:48] [443/445] SONP
[20:52:49] [444/445] EMCI
[20:52:50] [445/445] MRJH
[20:52:51] 🧹 Deduping shows
[20:52:51] ✅ DONE | Shows=1576 | Movies=65
