[20:45:39] 🚀 SCRIPT STARTED
[20:45:39] [1/459] NECA
[20:45:39] 🧠 New identity created
[20:45:40] [2/459] BJLC
[20:45:41] [3/459] BASU
[20:45:42] [4/459] RUPI
[20:45:42] [5/459] LCBK
[20:45:43] [6/459] PMAC
[20:45:44] [7/459] AMLC
[20:45:45] [8/459] LICL
[20:45:46] [9/459] UDMM
[20:45:47] [10/459] STBZ
[20:45:48] [11/459] UUBT
[20:45:49] [12/459] SJKC
[20:45:50] [13/459] TUAL
[20:45:51] [14/459] MRSE
[20:45:51] [15/459] RMRK
[20:45:52] [16/459] TTKP
[20:45:53] [17/459] KTKO
[20:45:54] [18/459] SDBK
[20:45:55] [19/459] MCPR
[20:45:55] [20/459] CHTI
[20:45:56] [21/459] GCCP
[20:45:57] [22/459] SRMY
[20:45:58] [23/459] NYST
[20:45:58] [24/459] NYAG
[20:45:59] [25/459] SBMT
[20:46:00] [26/459] INGA
[20:46:01] [27/459] WSIC
[20:46:02] [28/459] SCSS
[20:46:02] [29/459] COPG
[20:46:03] [30/459] RCGR
[20:46:04] [31/459] TCZA
[20:46:05] [32/459] CNLP
[20:46:06] [33/459] CLKN
[20:46:07] [34/459] LHDF
[20:46:08] [35/459] ELKC
[20:46:08] [36/459] VCEM
[20:46:09] [37/459] SSZA
[20:46:10] [38/459] KRMT
[20:46:11] [39/459] LCMV
[20:46:12] [40/459] AYCZ
[20:46:13] [41/459] CUMS
[20:46:15] [42/459] BOCK
[20:46:16] [43/459] PNMR
[20:46:16] [44/459] PJCP
[20:46:17] [45/459] JDDD
[20:46:18] [46/459] STMS
[20:46:19] [47/459] FLMB
[20:46:20] [48/459] PKCM
[20:46:21] [49/459] SPPR
[20:46:21] [50/459] EYLH
[20:46:22] [51/459] RJCC
[20:46:23] [52/459] MMPS
[20:46:24] [53/459] SHMX
[20:46:25] [54/459] CCNL
[20:46:26] [55/459] RCNV
[20:46:27] [56/459] MAAG
[20:46:28] [57/459] LXCM
[20:46:29] [58/459] RCNI
[20:46:30] [59/459] SNNI
[20:46:32] [60/459] LALC
[20:46:32] [61/459] SOCN
[20:46:33] [62/459] JHTP
[20:46:34] [63/459] PITP
[20:46:35] [64/459] CCKW
[20:46:36] [65/459] MCMC
[20:46:36] [66/459] DEES
[20:46:37] [67/459] SABT
[20:46:38] [68/459] VSPP
[20:46:39] [69/459] ABCT
[20:46:41] [70/459] JVTB
[20:46:41] [71/459] VCBD
[20:46:42] [72/459] RMGG
[20:46:43] [73/459] RNMH
[20:46:44] [74/459] SPGL
[20:46:44] [75/459] JTTR
[20:46:46] [76/459] SICS
[20:46:47] [77/459] SRMI
[20:46:48] [78/459] SSIJ
[20:46:48] [79/459] KFMT
[20:46:49] [80/459] VBIT
[20:46:50] [81/459] JKCT
[20:46:51] [82/459] GCGP
[20:46:52] [83/459] GDCS
[20:46:53] [84/459] TRBA
[20:46:53] [85/459] QUST
[20:46:54] [86/459] VSHM
[20:46:56] [87/459] SDCP
[20:46:57] [88/459] SNVS
[20:46:57] [89/459] NYTO
[20:46:58] [90/459] URWC
[20:46:59] [91/459] GTWH
[20:46:59] [92/459] PFCM
[20:47:00] [93/459] KRTA
[20:47:01] [94/459] AXMC
[20:47:02] [95/459] EVMC
[20:47:02] [96/459] HGSM
[20:47:03] [97/459] ACVM
[20:47:04] [98/459] PSKL
[20:47:05] [99/459] RDMP
[20:47:06] [100/459] RHGH
[20:47:07] [101/459] OMCM
[20:47:08] [102/459] DCCP
[20:47:09] [103/459] MCPB
[20:47:09] [104/459] ALCI
[20:47:10] [105/459] BLMX
[20:47:11] [106/459] BTMV
[20:47:12] [107/459] FVPN
[20:47:13] [108/459] CMAR
[20:47:14] [109/459] CEIM
[20:47:15] [110/459] CMVA
[20:47:16] [111/459] CPIV
[20:47:17] [112/459] CNPE
[20:47:18] [113/459] COLV
[20:47:19] [114/459] DNNV
[20:47:20] [115/459] HCAD
[20:47:21] [116/459] TAKA
[20:47:21] [117/459] INVD
[20:47:22] [118/459] IRMM
[20:47:23] [119/459] INSE
[20:47:24] [120/459] MRSW
[20:47:25] [121/459] MCVD
[20:47:25] [122/459] MCSO
[20:47:26] [123/459] PEVM
[20:47:27] [124/459] PVNL
[20:47:28] [125/459] PTCV
[20:47:29] [126/459] PRTC
[20:47:29] [127/459] RCVA
[20:47:30] [128/459] MTBN
[20:47:31] [129/459] LUCP
[20:47:32] [130/459] FMPT
[20:47:32] [131/459] JLSL
[20:47:33] [132/459] SBHA
[20:47:34] [133/459] SHRC
[20:47:35] [134/459] AVPS
[20:47:36] [135/459] STPM
[20:47:36] [136/459] ATRD
[20:47:37] [137/459] VTED
[20:47:38] [138/459] ACAI
[20:47:39] [139/459] SMAE
[20:47:40] [140/459] VMAT
[20:47:41] [141/459] LKCT
[20:47:41] [142/459] JTVK
[20:47:42] [143/459] PRTY
[20:47:43] [144/459] GETT
[20:47:44] [145/459] ESAP
[20:47:45] [146/459] NCPM
[20:47:46] [147/459] PCPA
[20:47:47] [148/459] MMOM
[20:47:47] [149/459] PHUP
[20:47:48] [150/459] CCPI
[20:47:49] [151/459] CNTD
[20:47:50] [152/459] NLJR
[20:47:51] [153/459] SRNG
[20:47:52] [154/459] MHAL
[20:47:53] [155/459] PNSM
[20:47:53] [156/459] DRMY
[20:47:54] [157/459] CCMU
[20:47:55] [158/459] SCMY
[20:47:56] [159/459] PVSY
[20:47:57] [160/459] SDLM
[20:47:58] [161/459] ICCM
[20:47:59] [162/459] PYSU
[20:48:00] [163/459] GATM
[20:48:02] [164/459] WOTM
[20:48:03] [165/459] RKTS
[20:48:03] [166/459] PMTY
[20:48:05] [167/459] LYMS
[20:48:05] [168/459] TGCA
[20:48:06] [169/459] DSTA
[20:48:07] [170/459] CNGE
[20:48:08] [171/459] VSTG
[20:48:08] [172/459] GTCK
[20:48:09] [173/459] TGNT
[20:48:10] [174/459] ASLC
[20:48:11] [175/459] SSST
[20:48:12] [176/459] KBTT
[20:48:13] [177/459] HKCP
[20:48:13] [178/459] SWLC
[20:48:14] [179/459] RTND
[20:48:15] [180/459] PKKT
[20:48:16] [181/459] HSTK
[20:48:17] [182/459] SPTT
[20:48:18] [183/459] IMPM
[20:48:19] [184/459] SCMV
[20:48:20] [185/459] SPCT
[20:48:21] [186/459] JBCA
[20:48:22] [187/459] ATTR
[20:48:22] [188/459] SPMT
[20:48:23] [189/459] LCTM
[20:48:24] [190/459] SCVL
[20:48:25] [191/459] SCVT
[20:48:26] [192/459] KRIC
[20:48:27] [193/459] CTMG
[20:48:28] [194/459] ACNC
[20:48:29] [195/459] DMCK
[20:48:29] [196/459] KMTV
[20:48:30] [197/459] PFCJ
[20:48:31] [198/459] VNMD
[20:48:32] [199/459] VPCZ
[20:48:33] [200/459] SRYR
[20:48:33] [201/459] SYTR
[20:48:34] [202/459] GATR
[20:48:35] [203/459] URTR
[20:48:37] [204/459] MKSM
[20:48:37] [205/459] VSMH
[20:48:38] [206/459] SKRJ
[20:48:39] [207/459] SSJR
[20:48:40] [208/459] SVSM
[20:48:40] [209/459] RUCM
[20:48:41] [210/459] PRKN
[20:48:42] [211/459] RROH
[20:48:44] [212/459] SCTN
[20:48:44] [213/459] RTDM
[20:48:45] [214/459] ASRM
[20:48:46] [215/459] SKMD
[20:48:47] [216/459] SUTD
[20:48:48] [217/459] SADM
[20:48:49] [218/459] WCNR
[20:48:49] [219/459] CNED
[20:48:51] [220/459] MPDB
[20:48:52] [221/459] KTBH
[20:48:52] [222/459] IDRM
[20:48:53] [223/459] PJJT
[20:48:54] [224/459] PFCV
[20:48:55] [225/459] AACT
[20:48:56] [226/459] AAAD
[20:48:56] [227/459] ANES
[20:48:57] [228/459] MNCA
[20:48:58] [229/459] RMGU
[20:48:59] [230/459] DLCN
[20:49:00] [231/459] LJWT
[20:49:00] [232/459] MCBG
[20:49:01] [233/459] MYBG
[20:49:02] [234/459] GCCA
[20:49:03] [235/459] GCGA
[20:49:04] [236/459] ECGN
[20:49:04] [237/459] PRAB
[20:49:05] [238/459] PNMP
[20:49:06] [239/459] GCPT
[20:49:07] [240/459] ROYN
[20:49:08] [241/459] VATM
[20:49:08] [242/459] KSNT
[20:49:09] [243/459] ACTC
[20:49:10] [244/459] PLTD
[20:49:10] [245/459] SKMK
[20:49:11] [246/459] CMTT
[20:49:12] [247/459] SMXP
[20:49:13] [248/459] SCMX
[20:49:14] [249/459] ACXN
[20:49:15] [250/459] ASWT
[20:49:16] [251/459] VVVL
[20:49:17] [252/459] NAGO
[20:49:17] [253/459] SNCN
[20:49:18] [254/459] MCKP
[20:49:19] [255/459] SAMO
[20:49:19] [256/459] JBTV
[20:49:20] [257/459] DCVV
[20:49:22] [258/459] KMSV
[20:49:22] [259/459] KDCN
[20:49:23] [260/459] CNCP
[20:49:24] [261/459] HAMC
[20:49:25] [262/459] CCVZ
[20:49:26] [263/459] NCCK
[20:49:27] [264/459] MCHR
[20:49:28] [265/459] SCHT
[20:49:29] [266/459] ESSH
[20:49:30] [267/459] CUJC
[20:49:30] [268/459] PECP
[20:49:31] [269/459] PMMI
[20:49:32] [270/459] PCCH
[20:49:33] [271/459] PRPM
[20:49:34] [272/459] PVKL
[20:49:35] [273/459] CBSM
[20:49:36] [274/459] PVCZ
[20:49:37] [275/459] PCVV
[20:49:38] [276/459] CTMJ
[20:49:39] [277/459] RCPS
[20:49:40] [278/459] PCIT
[20:49:41] [279/459] FNCH
[20:49:41] [280/459] INZD
[20:49:42] [281/459] INPC
[20:49:43] [282/459] LCZP
[20:49:44] [283/459] SMCB
[20:49:45] [284/459] PTSB
[20:49:45] [285/459] TPSI
[20:49:46] [286/459] KHMJ
[20:49:47] [287/459] RCCJ
[20:49:48] [288/459] NCJA
[20:49:48] [289/459] NCJN
[20:49:49] [290/459] BTDP
[20:49:50] [291/459] PADY
[20:49:50] [292/459] NYBH
[20:49:51] [293/459] MTBR
[20:49:52] [294/459] KRBC
[20:49:53] [295/459] DKTI
[20:49:54] [296/459] ANAN
[20:49:55] [297/459] INBP
[20:49:55] [298/459] PATB
[20:49:56] [299/459] RGNT
[20:49:58] [300/459] CGPM
[20:49:59] [301/459] INTN
[20:49:59] [302/459] MCMP
[20:50:00] [303/459] ASRG
[20:50:01] [304/459] CXJD
[20:50:02] [305/459] SPCP
[20:50:03] [306/459] CSTP
[20:50:03] [307/459] PKVC
[20:50:04] [308/459] ESCP
[20:50:06] [309/459] CAEP
[20:50:07] [310/459] CCSP
[20:50:07] [311/459] KTPC
[20:50:08] [312/459] DACA
[20:50:09] [313/459] NVKY
[20:50:10] [314/459] PTIN
[20:50:11] [315/459] SCIN
[20:50:11] [316/459] MCTY
[20:50:12] [317/459] PCMX
[20:50:13] [318/459] INIC
[20:50:14] [319/459] MMZM
[20:50:15] [320/459] SSLP
[20:50:16] [321/459] DTDT
[20:50:16] [322/459] FFCX
[20:50:17] [323/459] RCMM
[20:50:18] [324/459] KYID
[20:50:19] [325/459] CSCI
[20:50:20] [326/459] FCMC
[20:50:21] [327/459] MMXI
[20:50:22] [328/459] ASTC
[20:50:23] [329/459] CMRA
[20:50:24] [330/459] DICI
[20:50:25] [331/459] KDIN
[20:50:26] [332/459] PRFI
[20:50:26] [333/459] SVFC
[20:50:27] [334/459] UCPL
[20:50:28] [335/459] COOC
[20:50:30] [336/459] SCAL
[20:50:31] [337/459] SVFF
[20:50:31] [338/459] VCMG
[20:50:32] [339/459] UUCT
[20:50:33] [340/459] GCSE
[20:50:34] [341/459] SUSC
[20:50:34] [342/459] MISC
[20:50:35] [343/459] RMBL
[20:50:36] [344/459] CMXN
[20:50:37] [345/459] PVBK
[20:50:37] [346/459] HHCG
[20:50:38] [347/459] SCAG
[20:50:39] [348/459] CNPR
[20:50:40] [349/459] CSER
[20:50:41] [350/459] HLWD
[20:50:42] [351/459] BOLY
[20:50:43] [352/459] SSPG
[20:50:44] [353/459] MUPX
[20:50:46] [354/459] HAMR
[20:50:46] [355/459] SDNC
[20:50:47] [356/459] RTEN
[20:50:48] [357/459] SDTD
[20:50:49] [358/459] KAWS
[20:50:50] [359/459] CMZX
[20:50:51] [360/459] DCDD
[20:50:52] [361/459] ALSN
[20:50:52] [362/459] IMXS
[20:50:53] [363/459] PVFF
[20:50:54] [364/459] PVOO
[20:50:55] [365/459] CFBS
[20:50:56] [366/459] PVER
[20:50:56] [367/459] PPNX
[20:50:57] [368/459] CNRM
[20:50:58] [369/459] PVWW
[20:50:59] [370/459] INMB
[20:51:00] [371/459] CPJR
[20:51:01] [372/459] INRZ
[20:51:02] [373/459] PMSR
[20:51:03] [374/459] GPGM
[20:51:04] [375/459] PGWB
[20:51:05] [376/459] PMBR
[20:51:06] [377/459] GPAM
[20:51:06] [378/459] INBC
[20:51:08] [379/459] PZVK
[20:51:08] [380/459] CPEB
[20:51:10] [381/459] FMLB
[20:51:11] [382/459] INBG
[20:51:12] [383/459] GPBR
[20:51:13] [384/459] PAAS
[20:51:14] [385/459] VTBR
[20:51:15] [386/459] GPMY
[20:51:15] [387/459] GYBU
[20:51:16] [388/459] INBJ
[20:51:17] [389/459] LKTH
[20:51:18] [390/459] NSBR
[20:51:19] [391/459] PDRD
[20:51:19] [392/459] VRBL
[20:51:20] [393/459] VTGB
[20:51:21] [394/459] VTSK
[20:51:22] [395/459] BKDV
[20:51:23] [396/459] SVTB
[20:51:24] [397/459] MLDT
[20:51:25] [398/459] NRBL
[20:51:26] [399/459] SLTR
[20:51:27] [400/459] VNKA
[20:51:28] [401/459] TDCA
[20:51:28] [402/459] INBM
[20:51:29] [403/459] SSNR
[20:51:30] [404/459] BHAC
[20:51:31] [405/459] SDSD
[20:51:32] [406/459] SAMP
[20:51:33] [407/459] RATK
[20:51:34] [408/459] KCBI
[20:51:35] [409/459] URBL
[20:51:36] [410/459] MKBG
[20:51:37] [411/459] ASTB
[20:51:38] [412/459] VBWT
[20:51:39] [413/459] GPSM
[20:51:39] [414/459] ROON
[20:51:40] [415/459] CHTH
[20:51:41] [416/459] SSPA
[20:51:42] [417/459] ANBL
[20:51:43] [418/459] VTBE
[20:51:44] [419/459] SVKT
[20:51:45] [420/459] SVYK
[20:51:46] [421/459] PTBK
[20:51:47] [422/459] RKTB
[20:51:48] [423/459] BALT
[20:51:49] [424/459] STSV
[20:51:50] [425/459] VCCB
[20:51:51] [426/459] SLTB
[20:51:52] [427/459] SBCR
[20:51:53] [428/459] VDCS
[20:51:54] [429/459] MDKI
[20:51:55] [430/459] SMRN
[20:51:55] [431/459] PTBC
[20:51:56] [432/459] RADI
[20:51:57] [433/459] ADCR
[20:51:59] [434/459] SDCS
[20:52:00] [435/459] SRPJ
[20:52:00] [436/459] ARTS
[20:52:01] [437/459] SRHK
[20:52:02] [438/459] SPAY
[20:52:02] [439/459] GPTB
[20:52:03] [440/459] SNNN
[20:52:04] [441/459] BALJ
[20:52:05] [442/459] TRIG
[20:52:06] [443/459] GTYT
[20:52:07] [444/459] ATGN
[20:52:07] [445/459] ANTE
[20:52:08] [446/459] BDCG
[20:52:09] [447/459] VECI
[20:52:10] [448/459] SCPR
[20:52:11] [449/459] RTEA
[20:52:11] [450/459] JSAI
[20:52:12] [451/459] VJTP
[20:52:13] [452/459] GNDS
[20:52:14] [453/459] PAXA
[20:52:15] [454/459] CGGM
[20:52:16] [455/459] ACKZ
[20:52:17] [456/459] EMCC
[20:52:17] [457/459] KLSK
[20:52:19] [458/459] AVCK
[20:52:20] [459/459] JTCK
[20:52:21] 🧹 Deduping shows
[20:52:21] ✅ DONE | Shows=1937 | Movies=63
