[20:45:40] 🚀 SCRIPT STARTED
[20:45:40] [1/459] MBDC
[20:45:40] 🧠 New identity created
[20:45:41] [2/459] CHKM
[20:45:42] [3/459] JTKZ
[20:45:43] [4/459] CMCT
[20:45:44] [5/459] ASHO
[20:45:46] [6/459] ECDG
[20:45:47] [7/459] SPAT
[20:45:48] [8/459] HILC
[20:45:49] [9/459] SPPH
[20:45:50] [10/459] SBHN
[20:45:52] [11/459] RRCA
[20:45:52] [12/459] APAA
[20:45:53] [13/459] RAME
[20:45:54] [14/459] TMMS
[20:45:55] [15/459] BATK
[20:45:56] [16/459] LKOP
[20:45:57] [17/459] AMTT
[20:45:58] [18/459] PTGK
[20:45:58] [19/459] ANRS
[20:45:59] [20/459] VWBW
[20:46:00] [21/459] SVFG
[20:46:01] [22/459] STAT
[20:46:01] [23/459] GDCV
[20:46:02] [24/459] VEBI
[20:46:03] [25/459] VDSS
[20:46:04] [26/459] NTHV
[20:46:06] [27/459] AOCH
[20:46:07] [28/459] KASR
[20:46:07] [29/459] AYCS
[20:46:09] [30/459] SHAI
[20:46:10] [31/459] SKPE
[20:46:10] [32/459] SBTA
[20:46:11] [33/459] RTTD
[20:46:12] [34/459] CCJD
[20:46:13] [35/459] RSJJ
[20:46:14] [36/459] RKND
[20:46:15] [37/459] SVTX
[20:46:16] [38/459] BAKM
[20:46:17] [39/459] SVDC
[20:46:18] [40/459] MNCV
[20:46:19] [41/459] SJGC
[20:46:19] [42/459] MTPK
[20:46:20] [43/459] GATP
[20:46:21] [44/459] ABTS
[20:46:22] [45/459] ABDE
[20:46:23] [46/459] RCNM
[20:46:24] [47/459] KTHV
[20:46:24] [48/459] MDGJ
[20:46:25] [49/459] SMLM
[20:46:26] [50/459] JTMA
[20:46:27] [51/459] ACKP
[20:46:28] [52/459] SRTA
[20:46:29] [53/459] STAY
[20:46:29] [54/459] MAVO
[20:46:30] [55/459] APTS
[20:46:31] [56/459] OMEA
[20:46:32] [57/459] TTFD
[20:46:33] [58/459] MJCU
[20:46:34] [59/459] CXTE
[20:46:35] [60/459] CTPX
[20:46:35] [61/459] ASSL
[20:46:36] [62/459] CMVB
[20:46:37] [63/459] VPUR
[20:46:38] [64/459] JJDA
[20:46:39] [65/459] INBL
[20:46:40] [66/459] BIKB
[20:46:41] [67/459] NTBB
[20:46:42] [68/459] GLOB
[20:46:43] [69/459] SNTB
[20:46:44] [70/459] CHGV
[20:46:44] [71/459] SSBZ
[20:46:45] [72/459] PRDB
[20:46:46] [73/459] ISMT
[20:46:47] [74/459] MCSD
[20:46:48] [75/459] JBTT
[20:46:49] [76/459] GEKR
[20:46:50] [77/459] PVUN
[20:46:51] [78/459] NRTB
[20:46:52] [79/459] PRAA
[20:46:52] [80/459] PCBL
[20:46:53] [81/459] PTCM
[20:46:54] [82/459] KHNN
[20:46:56] [83/459] OMJE
[20:46:56] [84/459] STGN
[20:46:57] [85/459] RPMS
[20:46:58] [86/459] NWAD
[20:46:59] [87/459] BLCK
[20:46:59] [88/459] SVAA
[20:47:00] [89/459] URVM
[20:47:01] [90/459] ANTM
[20:47:02] [91/459] VJYM
[20:47:03] [92/459] MAZZ
[20:47:04] [93/459] CSHM
[20:47:05] [94/459] WGMH
[20:47:05] [95/459] SALN
[20:47:06] [96/459] BRTP
[20:47:07] [97/459] SVTA
[20:47:07] [98/459] SBTP
[20:47:09] [99/459] VLSS
[20:47:10] [100/459] SRJA
[20:47:10] [101/459] ANCG
[20:47:11] [102/459] CGGC
[20:47:12] [103/459] CRJA
[20:47:13] [104/459] USCR
[20:47:14] [105/459] MMEF
[20:47:15] [106/459] JCRJ
[20:47:16] [107/459] ADCM
[20:47:16] [108/459] BMYK
[20:47:17] [109/459] KICS
[20:47:18] [110/459] MBBT
[20:47:19] [111/459] MACK
[20:47:20] [112/459] CLDR
[20:47:22] [113/459] JYCR
[20:47:23] [114/459] DCRP
[20:47:23] [115/459] RAHT
[20:47:24] [116/459] CSSM
[20:47:25] [117/459] ATPK
[20:47:26] [118/459] KLRT
[20:47:26] [119/459] SRDD
[20:47:27] [120/459] CKMC
[20:47:29] [121/459] KRVM
[20:47:30] [122/459] AKCP
[20:47:31] [123/459] CNCV
[20:47:31] [124/459] PACT
[20:47:33] [125/459] NATP
[20:47:34] [126/459] PCPK
[20:47:34] [127/459] SMHO
[20:47:35] [128/459] CWTK
[20:47:36] [129/459] RVKZ
[20:47:37] [130/459] ASPD
[20:47:38] [131/459] VTKZ
[20:47:39] [132/459] LCSO
[20:47:40] [133/459] PRDY
[20:47:41] [134/459] RCAP
[20:47:42] [135/459] RGAR
[20:47:43] [136/459] RCAC
[20:47:44] [137/459] PMOD
[20:47:44] [138/459] PVCN
[20:47:46] [139/459] SCRZ
[20:47:47] [140/459] PVPC
[20:47:48] [141/459] STID
[20:47:49] [142/459] NEDD
[20:47:50] [143/459] BNBA
[20:47:51] [144/459] NTCD
[20:47:51] [145/459] OCDE
[20:47:52] [146/459] CCDU
[20:47:53] [147/459] CRXH
[20:47:54] [148/459] VLVT
[20:47:55] [149/459] CICI
[20:47:55] [150/459] SUCB
[20:47:56] [151/459] TCBP
[20:47:57] [152/459] SCCY
[20:47:59] [153/459] LXCY
[20:47:59] [154/459] NCMD
[20:48:00] [155/459] PHCS
[20:48:01] [156/459] DUXR
[20:48:02] [157/459] VNKS
[20:48:03] [158/459] SEDP
[20:48:03] [159/459] SVEN
[20:48:04] [160/459] SRKM
[20:48:05] [161/459] JTLT
[20:48:06] [162/459] SVSS
[20:48:07] [163/459] AMDE
[20:48:08] [164/459] WVRN
[20:48:08] [165/459] ISMG
[20:48:09] [166/459] WVKS
[20:48:10] [167/459] USCG
[20:48:11] [168/459] IOTG
[20:48:12] [169/459] RRJM
[20:48:13] [170/459] EDMP
[20:48:14] [171/459] SCGZ
[20:48:15] [172/459] GMGX
[20:48:16] [173/459] OMTP
[20:48:17] [174/459] MITD
[20:48:17] [175/459] SMMD
[20:48:18] [176/459] STML
[20:48:19] [177/459] MCFS
[20:48:20] [178/459] FPKA
[20:48:21] [179/459] OMLR
[20:48:22] [180/459] KKSC
[20:48:22] [181/459] RVMA
[20:48:23] [182/459] SCLL
[20:48:24] [183/459] SCDK
[20:48:25] [184/459] SXMI
[20:48:26] [185/459] SHDN
[20:48:26] [186/459] PAAD
[20:48:27] [187/459] UUCB
[20:48:28] [188/459] JHOL
[20:48:29] [189/459] SGWT
[20:48:30] [190/459] SRII
[20:48:31] [191/459] SGCK
[20:48:32] [192/459] SVVB
[20:48:33] [193/459] DMHA
[20:48:34] [194/459] PPNL
[20:48:35] [195/459] CPNL
[20:48:36] [196/459] WVLD
[20:48:37] [197/459] PSLV
[20:48:38] [198/459] VTTL
[20:48:40] [199/459] NPAD
[20:48:41] [200/459] PVCS
[20:48:42] [201/459] MCHL
[20:48:43] [202/459] PPLL
[20:48:43] [203/459] MALO
[20:48:44] [204/459] SWBH
[20:48:45] [205/459] PUGB
[20:48:46] [206/459] INBB
[20:48:46] [207/459] INNS
[20:48:47] [208/459] MCPT
[20:48:48] [209/459] SCMI
[20:48:49] [210/459] OCON
[20:48:49] [211/459] SCSM
[20:48:50] [212/459] RJVN
[20:48:51] [213/459] AMDK
[20:48:52] [214/459] ISMR
[20:48:53] [215/459] SMTD
[20:48:54] [216/459] VTDD
[20:48:55] [217/459] PDDZ
[20:48:55] [218/459] PCCK
[20:48:56] [219/459] INAM
[20:48:57] [220/459] FNKT
[20:48:58] [221/459] GDKA
[20:48:58] [222/459] MAYU
[20:48:59] [223/459] TCGU
[20:49:00] [224/459] KDCA
[20:49:00] [225/459] DOMY
[20:49:01] [226/459] PDDD
[20:49:02] [227/459] BJTS
[20:49:03] [228/459] VTCA
[20:49:04] [229/459] SBTM
[20:49:05] [230/459] SEET
[20:49:06] [231/459] SSTJ
[20:49:07] [232/459] SVNT
[20:49:08] [233/459] PPPR
[20:49:10] [234/459] PVYS
[20:49:10] [235/459] IOSE
[20:49:11] [236/459] ACTV
[20:49:12] [237/459] APVE
[20:49:12] [238/459] TCCL
[20:49:14] [239/459] SCMO
[20:49:15] [240/459] SAUM
[20:49:16] [241/459] KCJS
[20:49:17] [242/459] NJCJ
[20:49:18] [243/459] NECF
[20:49:19] [244/459] CCGW
[20:49:20] [245/459] CCMG
[20:49:21] [246/459] NYRG
[20:49:22] [247/459] NCSQ
[20:49:23] [248/459] GRCG
[20:49:24] [249/459] CCBT
[20:49:24] [250/459] ACGA
[20:49:25] [251/459] INAG
[20:49:26] [252/459] FUCG
[20:49:27] [253/459] AICF
[20:49:28] [254/459] GRGA
[20:49:30] [255/459] GDCN
[20:49:30] [256/459] RRCG
[20:49:31] [257/459] SDCH
[20:49:32] [258/459] WVJM
[20:49:33] [259/459] JCCZ
[20:49:34] [260/459] CNCL
[20:49:35] [261/459] TMLV
[20:49:36] [262/459] MEMB
[20:49:36] [263/459] SGTD
[20:49:37] [264/459] CONX
[20:49:38] [265/459] CCMH
[20:49:39] [266/459] ACMC
[20:49:41] [267/459] DTPD
[20:49:42] [268/459] POJA
[20:49:43] [269/459] FNBH
[20:49:44] [270/459] CGCB
[20:49:45] [271/459] RACN
[20:49:45] [272/459] JTSM
[20:49:46] [273/459] SCDN
[20:49:47] [274/459] AACK
[20:49:48] [275/459] RMCE
[20:49:48] [276/459] BSGB
[20:49:49] [277/459] MRCB
[20:49:50] [278/459] SRVR
[20:49:51] [279/459] VTKK
[20:49:51] [280/459] AMST
[20:49:52] [281/459] APCY
[20:49:53] [282/459] LMHO
[20:49:55] [283/459] MTZH
[20:49:55] [284/459] AMZB
[20:49:56] [285/459] SUVT
[20:49:57] [286/459] RCIP
[20:49:58] [287/459] KESR
[20:49:59] [288/459] SNKC
[20:49:59] [289/459] SCED
[20:50:00] [290/459] DVCA
[20:50:01] [291/459] VCDT
[20:50:02] [292/459] RRDI
[20:50:03] [293/459] DFCH
[20:50:04] [294/459] INSC
[20:50:05] [295/459] RGTR
[20:50:06] [296/459] FMOT
[20:50:07] [297/459] SCPM
[20:50:08] [298/459] GCDT
[20:50:08] [299/459] BRKT
[20:50:09] [300/459] DEMP
[20:50:10] [301/459] SRLC
[20:50:11] [302/459] KSTT
[20:50:12] [303/459] SMMT
[20:50:12] [304/459] SILM
[20:50:13] [305/459] JCVM
[20:50:14] [306/459] KCSV
[20:50:14] [307/459] MHLK
[20:50:15] [308/459] SLVL
[20:50:16] [309/459] RJKP
[20:50:17] [310/459] BBPC
[20:50:18] [311/459] MXCB
[20:50:19] [312/459] TCPK
[20:50:20] [313/459] RTBR
[20:50:21] [314/459] GAUT
[20:50:22] [315/459] DVCF
[20:50:22] [316/459] JTSB
[20:50:23] [317/459] SBLS
[20:50:24] [318/459] UDAY
[20:50:25] [319/459] PTNP
[20:50:26] [320/459] DMKT
[20:50:27] [321/459] NTDT
[20:50:27] [322/459] SHDJ
[20:50:29] [323/459] OTNC
[20:50:30] [324/459] RNTW
[20:50:31] [325/459] GCMI
[20:50:32] [326/459] CRCM
[20:50:33] [327/459] NNCZ
[20:50:33] [328/459] OEMO
[20:50:34] [329/459] PVJM
[20:50:36] [330/459] CPJI
[20:50:36] [331/459] RMCJ
[20:50:37] [332/459] CNWJ
[20:50:38] [333/459] EPJM
[20:50:39] [334/459] FNJJ
[20:50:40] [335/459] GCMJ
[20:50:41] [336/459] INPS
[20:50:42] [337/459] BICJ
[20:50:43] [338/459] ISTJ
[20:50:43] [339/459] INJC
[20:50:44] [340/459] GLXJ
[20:50:46] [341/459] INEM
[20:50:47] [342/459] JTMN
[20:50:47] [343/459] FRCJ
[20:50:48] [344/459] DDJP
[20:50:49] [345/459] INJV
[20:50:50] [346/459] GOLC
[20:50:50] [347/459] KOCI
[20:50:51] [348/459] FSTD
[20:50:52] [349/459] PACJ
[20:50:53] [350/459] GMCN
[20:50:54] [351/459] MMDJ
[20:50:55] [352/459] GODH
[20:50:56] [353/459] SKYN
[20:50:57] [354/459] NCTH
[20:50:58] [355/459] SKVZ
[20:50:59] [356/459] SVML
[20:51:00] [357/459] ACVZ
[20:51:01] [358/459] SURA
[20:51:02] [359/459] RTRB
[20:51:03] [360/459] LLCT
[20:51:05] [361/459] ATTS
[20:51:06] [362/459] JYCM
[20:51:07] [363/459] CTKR
[20:51:08] [364/459] LCKR
[20:51:08] [365/459] NYCV
[20:51:09] [366/459] NYOH
[20:51:10] [367/459] NOVX
[20:51:11] [368/459] MRGK
[20:51:12] [369/459] MOON
[20:51:13] [370/459] SBUC
[20:51:14] [371/459] GSVA
[20:51:15] [372/459] VIAK
[20:51:16] [373/459] SMVZ
[20:51:17] [374/459] MATE
[20:51:18] [375/459] RDCN
[20:51:19] [376/459] ASBL
[20:51:19] [377/459] ASVS
[20:51:20] [378/459] ASSR
[20:51:21] [379/459] SSKN
[20:51:22] [380/459] DRPV
[20:51:23] [381/459] MRHT
[20:51:24] [382/459] BSCN
[20:51:26] [383/459] RKNX
[20:51:27] [384/459] MSMC
[20:51:28] [385/459] MSCJ
[20:51:29] [386/459] BTBJ
[20:51:30] [387/459] MJCC
[20:51:30] [388/459] IOMM
[20:51:31] [389/459] ADGR
[20:51:32] [390/459] MYCP
[20:51:33] [391/459] IGCM
[20:51:33] [392/459] PGRK
[20:51:34] [393/459] VPGO
[20:51:35] [394/459] KOMS
[20:51:36] [395/459] URGG
[20:51:37] [396/459] GOST
[20:51:38] [397/459] LACT
[20:51:39] [398/459] BWCM
[20:51:39] [399/459] NCCW
[20:51:40] [400/459] SKYC
[20:51:41] [401/459] CCPM
[20:51:42] [402/459] VCBT
[20:51:43] [403/459] SDKR
[20:51:44] [404/459] CTYB
[20:51:45] [405/459] SHCX
[20:51:46] [406/459] RCUN
[20:51:47] [407/459] CNRA
[20:51:47] [408/459] RFCA
[20:51:48] [409/459] RDCU
[20:51:50] [410/459] SARK
[20:51:51] [411/459] SPPP
[20:51:52] [412/459] ADMB
[20:51:53] [413/459] JYOE
[20:51:54] [414/459] SRMD
[20:51:55] [415/459] RJDH
[20:51:55] [416/459] SSTD
[20:51:56] [417/459] AACV
[20:51:57] [418/459] PPVD
[20:51:58] [419/459] STCP
[20:51:59] [420/459] ANJR
[20:51:59] [421/459] ANLS
[20:52:00] [422/459] BIJO
[20:52:01] [423/459] AVAB
[20:52:02] [424/459] SPMD
[20:52:03] [425/459] SVJL
[20:52:03] [426/459] SDDJ
[20:52:04] [427/459] SLTU
[20:52:05] [428/459] SAKA
[20:52:05] [429/459] PMAM
[20:52:07] [430/459] FNAM
[20:52:08] [431/459] ACAM
[20:52:09] [432/459] SCMM
[20:52:09] [433/459] PMAK
[20:52:10] [434/459] NYSA
[20:52:11] [435/459] FCPA
[20:52:12] [436/459] GDAN
[20:52:13] [437/459] RSCA
[20:52:14] [438/459] DMAN
[20:52:15] [439/459] DZCM
[20:52:15] [440/459] NSGL
[20:52:16] [441/459] CCPP
[20:52:17] [442/459] PSMG
[20:52:18] [443/459] GSER
[20:52:19] [444/459] FCCT
[20:52:20] [445/459] FCTB
[20:52:21] [446/459] LCNK
[20:52:22] [447/459] SKTY
[20:52:22] [448/459] INAA
[20:52:23] [449/459] RCWN
[20:52:24] [450/459] VAIS
[20:52:25] [451/459] CVMN
[20:52:26] [452/459] INTS
[20:52:27] [453/459] FRGS
[20:52:28] [454/459] DTCK
[20:52:29] [455/459] MCMH
[20:52:30] [456/459] ECRR
[20:52:30] [457/459] RLLP
[20:52:31] [458/459] CCSN
[20:52:32] [459/459] CCBA
[20:52:34] 🧹 Deduping shows
[20:52:34] ✅ DONE | Shows=1531 | Movies=60
[21:00:01] 🚀 SCRIPT STARTED
[21:00:01] [1/459] MBDC
[21:00:01] 🧠 New identity created
[21:00:02] [2/459] CHKM
[21:00:03] [3/459] JTKZ
[21:00:04] [4/459] CMCT
[21:00:05] [5/459] ASHO
[21:00:06] [6/459] ECDG
[21:00:07] [7/459] SPAT
[21:00:08] [8/459] HILC
[21:00:09] [9/459] SPPH
[21:00:09] [10/459] SBHN
[21:00:10] [11/459] RRCA
[21:00:11] [12/459] APAA
[21:00:12] [13/459] RAME
[21:00:13] [14/459] TMMS
[21:00:14] [15/459] BATK
[21:00:15] [16/459] LKOP
[21:00:16] [17/459] AMTT
[21:00:17] [18/459] PTGK
[21:00:18] [19/459] ANRS
[21:00:19] [20/459] VWBW
[21:00:20] [21/459] SVFG
[21:00:21] [22/459] STAT
[21:00:22] [23/459] GDCV
[21:00:22] [24/459] VEBI
[21:00:23] [25/459] VDSS
[21:00:24] [26/459] NTHV
[21:00:25] [27/459] AOCH
[21:00:26] [28/459] KASR
[21:00:27] [29/459] AYCS
[21:00:28] [30/459] SHAI
[21:00:29] [31/459] SKPE
[21:00:30] [32/459] SBTA
[21:00:31] [33/459] RTTD
[21:00:32] [34/459] CCJD
[21:00:33] [35/459] RSJJ
[21:00:34] [36/459] RKND
[21:00:35] [37/459] SVTX
[21:00:36] [38/459] BAKM
[21:00:37] [39/459] SVDC
[21:00:39] [40/459] MNCV
[21:00:40] [41/459] SJGC
[21:00:41] [42/459] MTPK
[21:00:42] [43/459] GATP
[21:00:43] [44/459] ABTS
[21:00:44] [45/459] ABDE
[21:00:45] [46/459] RCNM
[21:00:46] [47/459] KTHV
[21:00:47] [48/459] MDGJ
[21:00:48] [49/459] SMLM
[21:00:49] [50/459] JTMA
[21:00:50] [51/459] ACKP
[21:00:51] [52/459] SRTA
[21:00:51] [53/459] STAY
[21:00:52] [54/459] MAVO
[21:00:53] [55/459] APTS
[21:00:54] [56/459] OMEA
[21:00:55] [57/459] TTFD
[21:00:56] [58/459] MJCU
[21:00:57] [59/459] CXTE
[21:00:58] [60/459] CTPX
[21:00:59] [61/459] ASSL
[21:01:00] [62/459] CMVB
[21:01:01] [63/459] VPUR
[21:01:03] [64/459] JJDA
[21:01:04] [65/459] INBL
[21:01:05] [66/459] BIKB
[21:01:06] [67/459] NTBB
[21:01:06] [68/459] GLOB
[21:01:07] [69/459] SNTB
[21:01:08] [70/459] CHGV
[21:01:09] [71/459] SSBZ
[21:01:10] [72/459] PRDB
[21:01:11] [73/459] ISMT
[21:01:12] [74/459] MCSD
[21:01:13] [75/459] JBTT
[21:01:14] [76/459] GEKR
[21:01:14] [77/459] PVUN
[21:01:15] [78/459] NRTB
[21:01:16] [79/459] PRAA
[21:01:17] [80/459] PCBL
[21:01:19] [81/459] PTCM
[21:01:19] [82/459] KHNN
[21:01:20] [83/459] OMJE
[21:01:21] [84/459] STGN
[21:01:22] [85/459] RPMS
[21:01:23] [86/459] NWAD
[21:01:24] [87/459] BLCK
[21:01:24] [88/459] SVAA
[21:01:25] [89/459] URVM
[21:01:26] [90/459] ANTM
[21:01:27] [91/459] VJYM
[21:01:29] [92/459] MAZZ
[21:01:30] [93/459] CSHM
[21:01:32] [94/459] WGMH
[21:01:33] [95/459] SALN
[21:01:35] [96/459] BRTP
[21:01:36] [97/459] SVTA
[21:01:37] [98/459] SBTP
[21:01:39] [99/459] VLSS
[21:01:40] [100/459] SRJA
[21:01:40] [101/459] ANCG
[21:01:41] [102/459] CGGC
[21:01:42] [103/459] CRJA
[21:01:44] [104/459] USCR
[21:01:46] [105/459] MMEF
[21:01:47] [106/459] JCRJ
[21:01:48] [107/459] ADCM
[21:01:49] [108/459] BMYK
[21:01:50] [109/459] KICS
[21:01:50] [110/459] MBBT
[21:01:51] [111/459] MACK
[21:01:52] [112/459] CLDR
[21:01:53] [113/459] JYCR
[21:01:54] [114/459] DCRP
[21:01:55] [115/459] RAHT
[21:01:56] [116/459] CSSM
[21:01:57] [117/459] ATPK
[21:01:58] [118/459] KLRT
[21:01:58] [119/459] SRDD
[21:01:59] [120/459] CKMC
[21:02:00] [121/459] KRVM
[21:02:01] [122/459] AKCP
[21:02:02] [123/459] CNCV
[21:02:03] [124/459] PACT
[21:02:04] [125/459] NATP
[21:02:04] [126/459] PCPK
[21:02:05] [127/459] SMHO
[21:02:06] [128/459] CWTK
[21:02:08] [129/459] RVKZ
[21:02:09] [130/459] ASPD
[21:02:10] [131/459] VTKZ
[21:02:11] [132/459] LCSO
[21:02:11] [133/459] PRDY
[21:02:12] [134/459] RCAP
[21:02:13] [135/459] RGAR
[21:02:14] [136/459] RCAC
[21:02:15] [137/459] PMOD
[21:02:16] [138/459] PVCN
[21:02:17] [139/459] SCRZ
[21:02:18] [140/459] PVPC
[21:02:20] [141/459] STID
[21:02:21] [142/459] NEDD
[21:02:22] [143/459] BNBA
[21:02:23] [144/459] NTCD
[21:02:24] [145/459] OCDE
[21:02:25] [146/459] CCDU
[21:02:26] [147/459] CRXH
[21:02:27] [148/459] VLVT
[21:02:27] [149/459] CICI
[21:02:28] [150/459] SUCB
[21:02:29] [151/459] TCBP
[21:02:30] [152/459] SCCY
[21:02:31] [153/459] LXCY
[21:02:32] [154/459] NCMD
[21:02:33] [155/459] PHCS
[21:02:33] [156/459] DUXR
[21:02:34] [157/459] VNKS
[21:02:35] [158/459] SEDP
[21:02:37] [159/459] SVEN
[21:02:37] [160/459] SRKM
[21:02:38] [161/459] JTLT
[21:02:39] [162/459] SVSS
[21:02:40] [163/459] AMDE
[21:02:41] [164/459] WVRN
[21:02:42] [165/459] ISMG
[21:02:44] [166/459] WVKS
[21:02:45] [167/459] USCG
[21:02:46] [168/459] IOTG
[21:02:46] [169/459] RRJM
[21:02:47] [170/459] EDMP
[21:02:48] [171/459] SCGZ
[21:02:49] [172/459] GMGX
[21:02:50] [173/459] OMTP
[21:02:51] [174/459] MITD
[21:02:52] [175/459] SMMD
[21:02:53] [176/459] STML
[21:02:54] [177/459] MCFS
[21:02:55] [178/459] FPKA
[21:02:56] [179/459] OMLR
[21:02:57] [180/459] KKSC
[21:02:58] [181/459] RVMA
[21:02:58] [182/459] SCLL
[21:03:00] [183/459] SCDK
[21:03:01] [184/459] SXMI
[21:03:02] [185/459] SHDN
[21:03:03] [186/459] PAAD
[21:03:04] [187/459] UUCB
[21:03:05] [188/459] JHOL
[21:03:06] [189/459] SGWT
[21:03:07] [190/459] SRII
[21:03:08] [191/459] SGCK
[21:03:08] [192/459] SVVB
[21:03:09] [193/459] DMHA
[21:03:10] [194/459] PPNL
[21:03:11] [195/459] CPNL
[21:03:12] [196/459] WVLD
[21:03:13] [197/459] PSLV
[21:03:14] [198/459] VTTL
[21:03:15] [199/459] NPAD
[21:03:15] [200/459] PVCS
[21:03:16] [201/459] MCHL
[21:03:17] [202/459] PPLL
[21:03:19] [203/459] MALO
[21:03:19] [204/459] SWBH
[21:03:20] [205/459] PUGB
[21:03:21] [206/459] INBB
[21:03:22] [207/459] INNS
[21:03:23] [208/459] MCPT
[21:03:24] [209/459] SCMI
[21:03:25] [210/459] OCON
[21:03:26] [211/459] SCSM
[21:03:26] [212/459] RJVN
[21:03:27] [213/459] AMDK
[21:03:28] [214/459] ISMR
[21:03:29] [215/459] SMTD
[21:03:30] [216/459] VTDD
[21:03:31] [217/459] PDDZ
[21:03:32] [218/459] PCCK
[21:03:33] [219/459] INAM
[21:03:34] [220/459] FNKT
[21:03:34] [221/459] GDKA
[21:03:35] [222/459] MAYU
[21:03:36] [223/459] TCGU
[21:03:37] [224/459] KDCA
[21:03:39] [225/459] DOMY
[21:03:39] [226/459] PDDD
[21:03:40] [227/459] BJTS
[21:03:41] [228/459] VTCA
[21:03:42] [229/459] SBTM
[21:03:43] [230/459] SEET
[21:03:43] [231/459] SSTJ
[21:03:44] [232/459] SVNT
[21:03:46] [233/459] PPPR
[21:03:46] [234/459] PVYS
[21:03:47] [235/459] IOSE
[21:03:48] [236/459] ACTV
[21:03:49] [237/459] APVE
[21:03:50] [238/459] TCCL
[21:03:51] [239/459] SCMO
[21:03:52] [240/459] SAUM
[21:03:53] [241/459] KCJS
[21:03:54] [242/459] NJCJ
[21:03:56] [243/459] NECF
[21:03:56] [244/459] CCGW
[21:03:57] [245/459] CCMG
[21:03:58] [246/459] NYRG
[21:03:59] [247/459] NCSQ
[21:04:00] [248/459] GRCG
[21:04:01] [249/459] CCBT
[21:04:02] [250/459] ACGA
[21:04:03] [251/459] INAG
[21:04:04] [252/459] FUCG
[21:04:05] [253/459] AICF
[21:04:06] [254/459] GRGA
[21:04:08] [255/459] GDCN
[21:04:09] [256/459] RRCG
[21:04:10] [257/459] SDCH
[21:04:11] [258/459] WVJM
[21:04:12] [259/459] JCCZ
[21:04:13] [260/459] CNCL
[21:04:13] [261/459] TMLV
[21:04:14] [262/459] MEMB
[21:04:15] [263/459] SGTD
[21:04:16] [264/459] CONX
[21:04:17] [265/459] CCMH
[21:04:18] [266/459] ACMC
[21:04:18] [267/459] DTPD
[21:04:19] [268/459] POJA
[21:04:20] [269/459] FNBH
[21:04:21] [270/459] CGCB
[21:04:22] [271/459] RACN
[21:04:23] [272/459] JTSM
[21:04:23] [273/459] SCDN
[21:04:24] [274/459] AACK
[21:04:25] [275/459] RMCE
[21:04:26] [276/459] BSGB
[21:04:27] [277/459] MRCB
[21:04:29] [278/459] SRVR
[21:04:29] [279/459] VTKK
[21:04:30] [280/459] AMST
[21:04:31] [281/459] APCY
[21:04:32] [282/459] LMHO
[21:04:33] [283/459] MTZH
[21:04:34] [284/459] AMZB
[21:04:35] [285/459] SUVT
[21:04:36] [286/459] RCIP
[21:04:37] [287/459] KESR
[21:04:38] [288/459] SNKC
[21:04:39] [289/459] SCED
[21:04:39] [290/459] DVCA
[21:04:40] [291/459] VCDT
[21:04:42] [292/459] RRDI
[21:04:43] [293/459] DFCH
[21:04:44] [294/459] INSC
[21:04:45] [295/459] RGTR
[21:04:46] [296/459] FMOT
[21:04:47] [297/459] SCPM
[21:04:48] [298/459] GCDT
[21:04:49] [299/459] BRKT
[21:04:50] [300/459] DEMP
[21:04:51] [301/459] SRLC
[21:04:52] [302/459] KSTT
[21:04:53] [303/459] SMMT
[21:04:55] [304/459] SILM
[21:04:56] [305/459] JCVM
[21:04:57] [306/459] KCSV
[21:04:57] [307/459] MHLK
[21:04:58] [308/459] SLVL
[21:04:59] [309/459] RJKP
[21:05:00] [310/459] BBPC
[21:05:01] [311/459] MXCB
[21:05:02] [312/459] TCPK
[21:05:03] [313/459] RTBR
[21:05:04] [314/459] GAUT
[21:05:05] [315/459] DVCF
[21:05:06] [316/459] JTSB
[21:05:07] [317/459] SBLS
[21:05:08] [318/459] UDAY
[21:05:08] [319/459] PTNP
[21:05:09] [320/459] DMKT
[21:05:10] [321/459] NTDT
[21:05:11] [322/459] SHDJ
[21:05:12] [323/459] OTNC
[21:05:13] [324/459] RNTW
[21:05:14] [325/459] GCMI
[21:05:15] [326/459] CRCM
[21:05:16] [327/459] NNCZ
[21:05:17] [328/459] OEMO
[21:05:18] [329/459] PVJM
[21:05:19] [330/459] CPJI
[21:05:20] [331/459] RMCJ
[21:05:21] [332/459] CNWJ
[21:05:22] [333/459] EPJM
[21:05:23] [334/459] FNJJ
[21:05:23] [335/459] GCMJ
[21:05:24] [336/459] INPS
[21:05:25] [337/459] BICJ
[21:05:27] [338/459] ISTJ
[21:05:28] [339/459] INJC
[21:05:29] [340/459] GLXJ
[21:05:29] [341/459] INEM
[21:05:30] [342/459] JTMN
[21:05:31] [343/459] FRCJ
[21:05:32] [344/459] DDJP
[21:05:33] [345/459] INJV
[21:05:34] [346/459] GOLC
[21:05:35] [347/459] KOCI
[21:05:36] [348/459] FSTD
[21:05:36] [349/459] PACJ
[21:05:37] [350/459] GMCN
[21:05:38] [351/459] MMDJ
[21:05:39] [352/459] GODH
[21:05:40] [353/459] SKYN
[21:05:41] [354/459] NCTH
[21:05:42] [355/459] SKVZ
[21:05:43] [356/459] SVML
[21:05:44] [357/459] ACVZ
[21:05:45] [358/459] SURA
[21:05:46] [359/459] RTRB
[21:05:47] [360/459] LLCT
[21:05:48] [361/459] ATTS
[21:05:49] [362/459] JYCM
[21:05:50] [363/459] CTKR
[21:05:51] [364/459] LCKR
[21:05:52] [365/459] NYCV
[21:05:54] [366/459] NYOH
[21:05:56] [367/459] NOVX
[21:05:57] [368/459] MRGK
[21:05:58] [369/459] MOON
[21:05:58] [370/459] SBUC
[21:05:59] [371/459] GSVA
[21:06:00] [372/459] VIAK
[21:06:02] [373/459] SMVZ
[21:06:03] [374/459] MATE
[21:06:03] [375/459] RDCN
[21:06:04] [376/459] ASBL
[21:06:05] [377/459] ASVS
[21:06:06] [378/459] ASSR
[21:06:07] [379/459] SSKN
[21:06:08] [380/459] DRPV
[21:06:10] [381/459] MRHT
[21:06:11] [382/459] BSCN
[21:06:12] [383/459] RKNX
[21:06:13] [384/459] MSMC
[21:06:14] [385/459] MSCJ
[21:06:15] [386/459] BTBJ
[21:06:16] [387/459] MJCC
[21:06:17] [388/459] IOMM
[21:06:18] [389/459] ADGR
[21:06:19] [390/459] MYCP
[21:06:19] [391/459] IGCM
[21:06:20] [392/459] PGRK
[21:06:21] [393/459] VPGO
[21:06:22] [394/459] KOMS
[21:06:24] [395/459] URGG
[21:06:25] [396/459] GOST
[21:06:25] [397/459] LACT
[21:06:26] [398/459] BWCM
[21:06:28] [399/459] NCCW
[21:06:29] [400/459] SKYC
[21:06:30] [401/459] CCPM
[21:06:31] [402/459] VCBT
[21:06:31] [403/459] SDKR
[21:06:32] [404/459] CTYB
[21:06:33] [405/459] SHCX
[21:06:34] [406/459] RCUN
[21:06:35] [407/459] CNRA
[21:06:36] [408/459] RFCA
[21:06:37] [409/459] RDCU
[21:06:37] [410/459] SARK
[21:06:38] [411/459] SPPP
[21:06:39] [412/459] ADMB
[21:06:40] [413/459] JYOE
[21:06:41] [414/459] SRMD
[21:06:42] [415/459] RJDH
[21:06:43] [416/459] SSTD
[21:06:43] [417/459] AACV
[21:06:44] [418/459] PPVD
[21:06:45] [419/459] STCP
[21:06:46] [420/459] ANJR
[21:06:47] [421/459] ANLS
[21:06:48] [422/459] BIJO
[21:06:49] [423/459] AVAB
[21:06:49] [424/459] SPMD
[21:06:50] [425/459] SVJL
[21:06:51] [426/459] SDDJ
[21:06:52] [427/459] SLTU
[21:06:52] [428/459] SAKA
[21:06:53] [429/459] PMAM
[21:06:54] [430/459] FNAM
[21:06:55] [431/459] ACAM
[21:06:56] [432/459] SCMM
[21:06:57] [433/459] PMAK
[21:06:58] [434/459] NYSA
[21:06:58] [435/459] FCPA
[21:06:59] [436/459] GDAN
[21:07:00] [437/459] RSCA
[21:07:01] [438/459] DMAN
[21:07:01] [439/459] DZCM
[21:07:02] [440/459] NSGL
[21:07:03] [441/459] CCPP
[21:07:04] [442/459] PSMG
[21:07:05] [443/459] GSER
[21:07:06] [444/459] FCCT
[21:07:06] [445/459] FCTB
[21:07:07] [446/459] LCNK
[21:07:09] [447/459] SKTY
[21:07:10] [448/459] INAA
[21:07:11] [449/459] RCWN
[21:07:12] [450/459] VAIS
[21:07:13] [451/459] CVMN
[21:07:13] [452/459] INTS
[21:07:14] [453/459] FRGS
[21:07:15] [454/459] DTCK
[21:07:16] [455/459] MCMH
[21:07:17] [456/459] ECRR
[21:07:18] [457/459] RLLP
[21:07:19] [458/459] CCSN
[21:07:19] [459/459] CCBA
[21:07:20] 🧹 Deduping shows
[21:07:20] ✅ DONE | Shows=1545 | Movies=60
[21:23:14] 🚀 SCRIPT STARTED
[21:23:14] [1/459] MBDC
[21:23:14] 🧠 New identity created
[21:23:15] [2/459] CHKM
[21:23:16] [3/459] JTKZ
[21:23:17] [4/459] CMCT
[21:23:17] [5/459] ASHO
[21:23:18] [6/459] ECDG
[21:23:19] [7/459] SPAT
[21:23:20] [8/459] HILC
[21:23:21] [9/459] SPPH
[21:23:22] [10/459] SBHN
[21:23:23] [11/459] RRCA
[21:23:24] [12/459] APAA
[21:23:25] [13/459] RAME
[21:23:26] [14/459] TMMS
[21:23:27] [15/459] BATK
[21:23:28] [16/459] LKOP
[21:23:28] [17/459] AMTT
[21:23:29] [18/459] PTGK
[21:23:30] [19/459] ANRS
[21:23:31] [20/459] VWBW
[21:23:31] [21/459] SVFG
[21:23:32] [22/459] STAT
[21:23:34] [23/459] GDCV
[21:23:35] [24/459] VEBI
[21:23:35] [25/459] VDSS
[21:23:36] [26/459] NTHV
[21:23:37] [27/459] AOCH
[21:23:39] [28/459] KASR
[21:23:39] [29/459] AYCS
[21:23:40] [30/459] SHAI
[21:23:41] [31/459] SKPE
[21:23:42] [32/459] SBTA
[21:23:42] [33/459] RTTD
[21:23:43] [34/459] CCJD
[21:23:44] [35/459] RSJJ
[21:23:45] [36/459] RKND
[21:23:46] [37/459] SVTX
[21:23:46] [38/459] BAKM
[21:23:47] [39/459] SVDC
[21:23:48] [40/459] MNCV
[21:23:49] [41/459] SJGC
[21:23:50] [42/459] MTPK
[21:23:51] [43/459] GATP
[21:23:52] [44/459] ABTS
[21:23:53] [45/459] ABDE
[21:23:54] [46/459] RCNM
[21:23:55] [47/459] KTHV
[21:23:55] [48/459] MDGJ
[21:23:56] [49/459] SMLM
[21:23:57] [50/459] JTMA
[21:23:58] [51/459] ACKP
[21:23:58] [52/459] SRTA
[21:23:59] [53/459] STAY
[21:24:00] [54/459] MAVO
[21:24:01] [55/459] APTS
[21:24:01] [56/459] OMEA
[21:24:02] [57/459] TTFD
[21:24:03] [58/459] MJCU
[21:24:05] [59/459] CXTE
[21:24:06] [60/459] CTPX
[21:24:07] [61/459] ASSL
[21:24:08] [62/459] CMVB
[21:24:09] [63/459] VPUR
[21:24:10] [64/459] JJDA
[21:24:11] [65/459] INBL
[21:24:11] [66/459] BIKB
[21:24:12] [67/459] NTBB
[21:24:13] [68/459] GLOB
[21:24:14] [69/459] SNTB
[21:24:15] [70/459] CHGV
[21:24:16] [71/459] SSBZ
[21:24:17] [72/459] PRDB
[21:24:18] [73/459] ISMT
[21:24:19] [74/459] MCSD
[21:24:20] [75/459] JBTT
[21:24:21] [76/459] GEKR
[21:24:22] [77/459] PVUN
[21:24:24] [78/459] NRTB
[21:24:25] [79/459] PRAA
[21:24:26] [80/459] PCBL
[21:24:27] [81/459] PTCM
[21:24:27] [82/459] KHNN
[21:24:28] [83/459] OMJE
[21:24:29] [84/459] STGN
[21:24:30] [85/459] RPMS
[21:24:31] [86/459] NWAD
[21:24:32] [87/459] BLCK
[21:24:33] [88/459] SVAA
[21:24:34] [89/459] URVM
[21:24:35] [90/459] ANTM
[21:24:36] [91/459] VJYM
[21:24:37] [92/459] MAZZ
[21:24:38] [93/459] CSHM
[21:24:39] [94/459] WGMH
[21:24:40] [95/459] SALN
[21:24:41] [96/459] BRTP
[21:24:42] [97/459] SVTA
[21:24:42] [98/459] SBTP
[21:24:43] [99/459] VLSS
[21:24:44] [100/459] SRJA
[21:24:46] [101/459] ANCG
[21:24:47] [102/459] CGGC
[21:24:48] [103/459] CRJA
[21:24:48] [104/459] USCR
[21:24:49] [105/459] MMEF
[21:24:50] [106/459] JCRJ
[21:24:51] [107/459] ADCM
[21:24:52] [108/459] BMYK
[21:24:53] [109/459] KICS
[21:24:54] [110/459] MBBT
[21:24:55] [111/459] MACK
[21:24:56] [112/459] CLDR
[21:24:57] [113/459] JYCR
[21:24:58] [114/459] DCRP
[21:24:59] [115/459] RAHT
[21:25:00] [116/459] CSSM
[21:25:01] [117/459] ATPK
[21:25:02] [118/459] KLRT
[21:25:03] [119/459] SRDD
[21:25:04] [120/459] CKMC
[21:25:04] [121/459] KRVM
[21:25:05] [122/459] AKCP
[21:25:06] [123/459] CNCV
[21:25:07] [124/459] PACT
[21:25:08] [125/459] NATP
[21:25:09] [126/459] PCPK
[21:25:09] [127/459] SMHO
[21:25:10] [128/459] CWTK
[21:25:12] [129/459] RVKZ
[21:25:13] [130/459] ASPD
[21:25:14] [131/459] VTKZ
[21:25:15] [132/459] LCSO
[21:25:16] [133/459] PRDY
[21:25:16] [134/459] RCAP
[21:25:17] [135/459] RGAR
[21:25:18] [136/459] RCAC
[21:25:19] [137/459] PMOD
[21:25:20] [138/459] PVCN
[21:25:21] [139/459] SCRZ
[21:25:21] [140/459] PVPC
[21:25:22] [141/459] STID
[21:25:23] [142/459] NEDD
[21:25:24] [143/459] BNBA
[21:25:25] [144/459] NTCD
[21:25:25] [145/459] OCDE
[21:25:26] [146/459] CCDU
[21:25:27] [147/459] CRXH
[21:25:27] [148/459] VLVT
[21:25:28] [149/459] CICI
[21:25:29] [150/459] SUCB
[21:25:30] [151/459] TCBP
[21:25:31] [152/459] SCCY
[21:25:31] [153/459] LXCY
[21:25:33] [154/459] NCMD
[21:25:34] [155/459] PHCS
[21:25:35] [156/459] DUXR
[21:25:35] [157/459] VNKS
[21:25:36] [158/459] SEDP
[21:25:37] [159/459] SVEN
[21:25:39] [160/459] SRKM
[21:25:39] [161/459] JTLT
[21:25:40] [162/459] SVSS
[21:25:41] [163/459] AMDE
[21:25:42] [164/459] WVRN
[21:25:43] [165/459] ISMG
[21:25:44] [166/459] WVKS
[21:25:45] [167/459] USCG
[21:25:46] [168/459] IOTG
[21:25:47] [169/459] RRJM
[21:25:48] [170/459] EDMP
[21:25:49] [171/459] SCGZ
[21:25:49] [172/459] GMGX
[21:25:51] [173/459] OMTP
[21:25:52] [174/459] MITD
[21:25:53] [175/459] SMMD
[21:25:54] [176/459] STML
[21:25:54] [177/459] MCFS
[21:25:55] [178/459] FPKA
[21:25:56] [179/459] OMLR
[21:25:57] [180/459] KKSC
[21:25:57] [181/459] RVMA
[21:25:58] [182/459] SCLL
[21:25:59] [183/459] SCDK
[21:26:00] [184/459] SXMI
[21:26:01] [185/459] SHDN
[21:26:02] [186/459] PAAD
[21:26:03] [187/459] UUCB
[21:26:04] [188/459] JHOL
[21:26:05] [189/459] SGWT
[21:26:06] [190/459] SRII
[21:26:07] [191/459] SGCK
[21:26:07] [192/459] SVVB
[21:26:08] [193/459] DMHA
[21:26:09] [194/459] PPNL
[21:26:10] [195/459] CPNL
[21:26:11] [196/459] WVLD
[21:26:12] [197/459] PSLV
[21:26:13] [198/459] VTTL
[21:26:13] [199/459] NPAD
[21:26:14] [200/459] PVCS
[21:26:15] [201/459] MCHL
[21:26:16] [202/459] PPLL
[21:26:16] [203/459] MALO
[21:26:17] [204/459] SWBH
[21:26:19] [205/459] PUGB
[21:26:20] [206/459] INBB
[21:26:21] [207/459] INNS
[21:26:22] [208/459] MCPT
[21:26:23] [209/459] SCMI
[21:26:25] [210/459] OCON
[21:26:26] [211/459] SCSM
[21:26:26] [212/459] RJVN
[21:26:27] [213/459] AMDK
[21:26:28] [214/459] ISMR
[21:26:29] [215/459] SMTD
[21:26:30] [216/459] VTDD
[21:26:30] [217/459] PDDZ
[21:26:31] [218/459] PCCK
[21:26:32] [219/459] INAM
[21:26:33] [220/459] FNKT
[21:26:34] [221/459] GDKA
[21:26:35] [222/459] MAYU
[21:26:36] [223/459] TCGU
[21:26:37] [224/459] KDCA
[21:26:37] [225/459] DOMY
[21:26:38] [226/459] PDDD
[21:26:39] [227/459] BJTS
[21:26:40] [228/459] VTCA
[21:26:41] [229/459] SBTM
[21:26:42] [230/459] SEET
[21:26:43] [231/459] SSTJ
[21:26:44] [232/459] SVNT
[21:26:45] [233/459] PPPR
[21:26:46] [234/459] PVYS
[21:26:47] [235/459] IOSE
[21:26:48] [236/459] ACTV
[21:26:48] [237/459] APVE
[21:26:49] [238/459] TCCL
[21:26:50] [239/459] SCMO
[21:26:51] [240/459] SAUM
[21:26:51] [241/459] KCJS
[21:26:52] [242/459] NJCJ
[21:26:53] [243/459] NECF
[21:26:54] [244/459] CCGW
[21:26:55] [245/459] CCMG
[21:26:56] [246/459] NYRG
[21:26:56] [247/459] NCSQ
[21:26:58] [248/459] GRCG
[21:26:59] [249/459] CCBT
[21:27:00] [250/459] ACGA
[21:27:01] [251/459] INAG
[21:27:02] [252/459] FUCG
[21:27:02] [253/459] AICF
[21:27:03] [254/459] GRGA
[21:27:04] [255/459] GDCN
[21:27:05] [256/459] RRCG
[21:27:06] [257/459] SDCH
[21:27:07] [258/459] WVJM
[21:27:08] [259/459] JCCZ
[21:27:09] [260/459] CNCL
[21:27:10] [261/459] TMLV
[21:27:12] [262/459] MEMB
[21:27:13] [263/459] SGTD
[21:27:13] [264/459] CONX
[21:27:14] [265/459] CCMH
[21:27:15] [266/459] ACMC
[21:27:16] [267/459] DTPD
[21:27:17] [268/459] POJA
[21:27:17] [269/459] FNBH
[21:27:18] [270/459] CGCB
[21:27:19] [271/459] RACN
[21:27:20] [272/459] JTSM
[21:27:21] [273/459] SCDN
[21:27:22] [274/459] AACK
[21:27:23] [275/459] RMCE
[21:27:24] [276/459] BSGB
[21:27:25] [277/459] MRCB
[21:27:26] [278/459] SRVR
[21:27:27] [279/459] VTKK
[21:27:28] [280/459] AMST
[21:27:29] [281/459] APCY
[21:27:29] [282/459] LMHO
[21:27:31] [283/459] MTZH
[21:27:32] [284/459] AMZB
[21:27:33] [285/459] SUVT
[21:27:33] [286/459] RCIP
[21:27:34] [287/459] KESR
[21:27:35] [288/459] SNKC
[21:27:36] [289/459] SCED
[21:27:37] [290/459] DVCA
[21:27:38] [291/459] VCDT
[21:27:39] [292/459] RRDI
[21:27:40] [293/459] DFCH
[21:27:40] [294/459] INSC
[21:27:41] [295/459] RGTR
[21:27:42] [296/459] FMOT
[21:27:43] [297/459] SCPM
[21:27:44] [298/459] GCDT
[21:27:44] [299/459] BRKT
[21:27:45] [300/459] DEMP
[21:27:46] [301/459] SRLC
[21:27:47] [302/459] KSTT
[21:27:47] [303/459] SMMT
[21:27:48] [304/459] SILM
[21:27:49] [305/459] JCVM
[21:27:51] [306/459] KCSV
[21:27:51] [307/459] MHLK
[21:27:52] [308/459] SLVL
[21:27:53] [309/459] RJKP
[21:27:54] [310/459] BBPC
[21:27:55] [311/459] MXCB
[21:27:56] [312/459] TCPK
[21:27:56] [313/459] RTBR
[21:27:57] [314/459] GAUT
[21:27:58] [315/459] DVCF
[21:27:59] [316/459] JTSB
[21:27:59] [317/459] SBLS
[21:28:00] [318/459] UDAY
[21:28:02] [319/459] PTNP
[21:28:02] [320/459] DMKT
[21:28:03] [321/459] NTDT
[21:28:04] [322/459] SHDJ
[21:28:05] [323/459] OTNC
[21:28:06] [324/459] RNTW
[21:28:07] [325/459] GCMI
[21:28:07] [326/459] CRCM
[21:28:08] [327/459] NNCZ
[21:28:10] [328/459] OEMO
[21:28:11] [329/459] PVJM
[21:28:11] [330/459] CPJI
[21:28:12] [331/459] RMCJ
[21:28:13] [332/459] CNWJ
[21:28:14] [333/459] EPJM
[21:28:14] [334/459] FNJJ
[21:28:15] [335/459] GCMJ
[21:28:16] [336/459] INPS
[21:28:17] [337/459] BICJ
[21:28:18] [338/459] ISTJ
[21:28:19] [339/459] INJC
[21:28:20] [340/459] GLXJ
[21:28:21] [341/459] INEM
[21:28:21] [342/459] JTMN
[21:28:22] [343/459] FRCJ
[21:28:23] [344/459] DDJP
[21:28:24] [345/459] INJV
[21:28:25] [346/459] GOLC
[21:28:26] [347/459] KOCI
[21:28:26] [348/459] FSTD
[21:28:27] [349/459] PACJ
[21:28:28] [350/459] GMCN
[21:28:29] [351/459] MMDJ
[21:28:30] [352/459] GODH
[21:28:31] [353/459] SKYN
[21:28:31] [354/459] NCTH
[21:28:32] [355/459] SKVZ
[21:28:33] [356/459] SVML
[21:28:34] [357/459] ACVZ
[21:28:35] [358/459] SURA
[21:28:35] [359/459] RTRB
[21:28:36] [360/459] LLCT
[21:28:37] [361/459] ATTS
[21:28:38] [362/459] JYCM
[21:28:39] [363/459] CTKR
[21:28:39] [364/459] LCKR
[21:28:40] [365/459] NYCV
[21:28:41] [366/459] NYOH
[21:28:42] [367/459] NOVX
[21:28:43] [368/459] MRGK
[21:28:44] [369/459] MOON
[21:28:44] [370/459] SBUC
[21:28:45] [371/459] GSVA
[21:28:46] [372/459] VIAK
[21:28:47] [373/459] SMVZ
[21:28:47] [374/459] MATE
[21:28:49] [375/459] RDCN
[21:28:50] [376/459] ASBL
[21:28:51] [377/459] ASVS
[21:28:51] [378/459] ASSR
[21:28:52] [379/459] SSKN
[21:28:53] [380/459] DRPV
[21:28:55] [381/459] MRHT
[21:28:55] [382/459] BSCN
[21:28:56] [383/459] RKNX
[21:28:57] [384/459] MSMC
[21:28:58] [385/459] MSCJ
[21:28:59] [386/459] BTBJ
[21:28:59] [387/459] MJCC
[21:29:01] [388/459] IOMM
[21:29:02] [389/459] ADGR
[21:29:02] [390/459] MYCP
[21:29:03] [391/459] IGCM
[21:29:04] [392/459] PGRK
[21:29:05] [393/459] VPGO
[21:29:06] [394/459] KOMS
[21:29:07] [395/459] URGG
[21:29:07] [396/459] GOST
[21:29:08] [397/459] LACT
[21:29:09] [398/459] BWCM
[21:29:09] [399/459] NCCW
[21:29:10] [400/459] SKYC
[21:29:11] [401/459] CCPM
[21:29:12] [402/459] VCBT
[21:29:13] [403/459] SDKR
[21:29:13] [404/459] CTYB
[21:29:14] [405/459] SHCX
[21:29:15] [406/459] RCUN
[21:29:16] [407/459] CNRA
[21:29:17] [408/459] RFCA
[21:29:18] [409/459] RDCU
[21:29:18] [410/459] SARK
[21:29:19] [411/459] SPPP
[21:29:20] [412/459] ADMB
[21:29:21] [413/459] JYOE
[21:29:21] [414/459] SRMD
[21:29:23] [415/459] RJDH
[21:29:24] [416/459] SSTD
[21:29:24] [417/459] AACV
[21:29:25] [418/459] PPVD
[21:29:26] [419/459] STCP
[21:29:27] [420/459] ANJR
[21:29:27] [421/459] ANLS
[21:29:28] [422/459] BIJO
[21:29:29] [423/459] AVAB
[21:29:30] [424/459] SPMD
[21:29:30] [425/459] SVJL
[21:29:31] [426/459] SDDJ
[21:29:32] [427/459] SLTU
[21:29:33] [428/459] SAKA
[21:29:34] [429/459] PMAM
[21:29:35] [430/459] FNAM
[21:29:35] [431/459] ACAM
[21:29:36] [432/459] SCMM
[21:29:37] [433/459] PMAK
[21:29:38] [434/459] NYSA
[21:29:38] [435/459] FCPA
[21:29:39] [436/459] GDAN
[21:29:40] [437/459] RSCA
[21:29:41] [438/459] DMAN
[21:29:41] [439/459] DZCM
[21:29:42] [440/459] NSGL
[21:29:43] [441/459] CCPP
[21:29:44] [442/459] PSMG
[21:29:45] [443/459] GSER
[21:29:46] [444/459] FCCT
[21:29:47] [445/459] FCTB
[21:29:48] [446/459] LCNK
[21:29:50] [447/459] SKTY
[21:29:51] [448/459] INAA
[21:29:51] [449/459] RCWN
[21:29:52] [450/459] VAIS
[21:29:53] [451/459] CVMN
[21:29:54] [452/459] INTS
[21:29:55] [453/459] FRGS
[21:29:56] [454/459] DTCK
[21:29:57] [455/459] MCMH
[21:29:58] [456/459] ECRR
[21:29:58] [457/459] RLLP
[21:29:59] [458/459] CCSN
[21:30:00] [459/459] CCBA
[21:30:01] 🧹 Deduping shows
[21:30:01] ✅ DONE | Shows=1560 | Movies=60
