[20:45:44] 🚀 SCRIPT STARTED
[20:45:44] [1/459] FNDB
[20:45:44] 🧠 New identity created
[20:45:45] [2/459] AMBH
[20:45:46] [3/459] PRHN
[20:45:46] [4/459] ACPM
[20:45:47] [5/459] PVFS
[20:45:48] [6/459] AACN
[20:45:49] [7/459] ACAS
[20:45:50] [8/459] CTNR
[20:45:51] [9/459] MMAH
[20:45:51] [10/459] CPMH
[20:45:52] [11/459] IGMH
[20:45:53] [12/459] ABCS
[20:45:54] [13/459] CMMA
[20:45:54] [14/459] GPRH
[20:45:55] [15/459] PNNG
[20:45:56] [16/459] AMCA
[20:45:57] [17/459] ISTN
[20:45:58] [18/459] PIIC
[20:45:59] [19/459] AHMH
[20:45:59] [20/459] ASHN
[20:46:00] [21/459] INHY
[20:46:01] [22/459] SRMO
[20:46:02] [23/459] PIMH
[20:46:04] [24/459] PVTS
[20:46:04] [25/459] MMCA
[20:46:05] [26/459] AKYJ
[20:46:06] [27/459] BRKH
[20:46:07] [28/459] MAHM
[20:46:08] [29/459] CPHY
[20:46:09] [30/459] PVTP
[20:46:10] [31/459] SMMR
[20:46:11] [32/459] PVHM
[20:46:12] [33/459] SNDY
[20:46:13] [34/459] GOKU
[20:46:14] [35/459] ACEV
[20:46:15] [36/459] PVUM
[20:46:16] [37/459] VSWA
[20:46:17] [38/459] IPRS
[20:46:18] [39/459] ASGN
[20:46:19] [40/459] BKMV
[20:46:20] [41/459] PVYH
[20:46:21] [42/459] INKM
[20:46:22] [43/459] ARJU
[20:46:23] [44/459] JJPP
[20:46:24] [45/459] SSRM
[20:46:25] [46/459] HMHD
[20:46:26] [47/459] SNKH
[20:46:26] [48/459] ACHI
[20:46:27] [49/459] MRAA
[20:46:28] [50/459] INMH
[20:46:29] [51/459] ARMH
[20:46:30] [52/459] DVRR
[20:46:31] [53/459] SUDA
[20:46:32] [54/459] MCSS
[20:46:35] [55/459] VRKC
[20:46:36] [56/459] PRCX
[20:46:37] [57/459] ASJY
[20:46:37] [58/459] MTHY
[20:46:38] [59/459] SRCM
[20:46:40] [60/459] TVHY
[20:46:41] [61/459] STHD
[20:46:42] [62/459] CPCL
[20:46:42] [63/459] PSMJ
[20:46:44] [64/459] MRGT
[20:46:45] [65/459] ARYH
[20:46:46] [66/459] VTRB
[20:46:47] [67/459] SCHC
[20:46:48] [68/459] MRRG
[20:46:48] [69/459] SPCB
[20:46:49] [70/459] AMCM
[20:46:50] [71/459] IVNM
[20:46:51] [72/459] TRHY
[20:46:52] [73/459] PTTH
[20:46:53] [74/459] RKMH
[20:46:54] [75/459] PRCS
[20:46:55] [76/459] VAJA
[20:46:56] [77/459] BJNG
[20:46:56] [78/459] SCVM
[20:46:57] [79/459] GNHB
[20:46:58] [80/459] TLUR
[20:46:59] [81/459] UKCC
[20:47:00] [82/459] SRKR
[20:47:01] [83/459] RMKN
[20:47:03] [84/459] SLRT
[20:47:04] [85/459] LKMT
[20:47:05] [86/459] SSRJ
[20:47:06] [87/459] SPHT
[20:47:06] [88/459] ANTT
[20:47:07] [89/459] SRCH
[20:47:08] [90/459] SRCA
[20:47:09] [91/459] ARTH
[20:47:11] [92/459] MCBH
[20:47:12] [93/459] SNIB
[20:47:13] [94/459] SART
[20:47:15] [95/459] SKTA
[20:47:16] [96/459] YAKT
[20:47:17] [97/459] MLCK
[20:47:17] [98/459] ANTS
[20:47:18] [99/459] DGCA
[20:47:19] [100/459] SGMP
[20:47:21] [101/459] ASWN
[20:47:21] [102/459] KFVU
[20:47:23] [103/459] POOR
[20:47:24] [104/459] GKDN
[20:47:25] [105/459] EOSE
[20:47:26] [106/459] GTTT
[20:47:28] [107/459] ARRO
[20:47:28] [108/459] CMMK
[20:47:29] [109/459] MSCN
[20:47:30] [110/459] GDKH
[20:47:31] [111/459] DLMT
[20:47:32] [112/459] PVMF
[20:47:34] [113/459] CPCK
[20:47:35] [114/459] VMHE
[20:47:35] [115/459] PVLC
[20:47:36] [116/459] PCVB
[20:47:37] [117/459] SNYK
[20:47:38] [118/459] KTEK
[20:47:39] [119/459] PCNM
[20:47:40] [120/459] NTTR
[20:47:41] [121/459] CPSK
[20:47:42] [122/459] JMMA
[20:47:43] [123/459] GCFK
[20:47:44] [124/459] MYCA
[20:47:45] [125/459] KSNP
[20:47:46] [126/459] PMCE
[20:47:47] [127/459] SCKI
[20:47:48] [128/459] FSMA
[20:47:49] [129/459] CETA
[20:47:50] [130/459] MCIK
[20:47:50] [131/459] MYCR
[20:47:51] [132/459] EVMP
[20:47:52] [133/459] SSGT
[20:47:53] [134/459] KCTK
[20:47:54] [135/459] ZTKC
[20:47:54] [136/459] MMTA
[20:47:55] [137/459] MAJT
[20:47:56] [138/459] ACPK
[20:47:57] [139/459] JMAX
[20:47:58] [140/459] SETK
[20:47:59] [141/459] CAIS
[20:48:00] [142/459] AGCD
[20:48:01] [143/459] URCL
[20:48:02] [144/459] VTDS
[20:48:02] [145/459] JCNM
[20:48:03] [146/459] KCAM
[20:48:04] [147/459] ADCU
[20:48:05] [148/459] GXYN
[20:48:06] [149/459] SMJG
[20:48:07] [150/459] EYCJ
[20:48:08] [151/459] CCEJ
[20:48:09] [152/459] MARS
[20:48:10] [153/459] CPVJ
[20:48:11] [154/459] INVP
[20:48:13] [155/459] CPOV
[20:48:13] [156/459] VIJK
[20:48:15] [157/459] LAIM
[20:48:16] [158/459] STHV
[20:48:17] [159/459] SVLJ
[20:48:17] [160/459] ATVJ
[20:48:18] [161/459] JTSC
[20:48:19] [162/459] RMTV
[20:48:20] [163/459] MGGG
[20:48:20] [164/459] SWTH
[20:48:21] [165/459] INVJ
[20:48:22] [166/459] PRSV
[20:48:23] [167/459] JATV
[20:48:24] [168/459] RCVD
[20:48:25] [169/459] BDMA
[20:48:26] [170/459] BLJI
[20:48:26] [171/459] SWOT
[20:48:27] [172/459] SWRN
[20:48:28] [173/459] TVRA
[20:48:30] [174/459] VCSV
[20:48:30] [175/459] NVRN
[20:48:31] [176/459] SIKC
[20:48:32] [177/459] VAKR
[20:48:33] [178/459] SYLN
[20:48:34] [179/459] KLJL
[20:48:35] [180/459] LKMY
[20:48:36] [181/459] VSLY
[20:48:37] [182/459] CIKO
[20:48:38] [183/459] GPBG
[20:48:39] [184/459] CECM
[20:48:40] [185/459] SLKB
[20:48:41] [186/459] MTBO
[20:48:42] [187/459] SSHB
[20:48:43] [188/459] VPCS
[20:48:44] [189/459] RCSR
[20:48:44] [190/459] RJRM
[20:48:45] [191/459] KPPB
[20:48:46] [192/459] SEDC
[20:48:47] [193/459] SCAI
[20:48:49] [194/459] RMTR
[20:48:50] [195/459] ASST
[20:48:51] [196/459] GCAK
[20:48:51] [197/459] ANNK
[20:48:54] [198/459] KDDF
[20:48:54] [199/459] NRDP
[20:48:55] [200/459] PLAK
[20:48:56] [201/459] GCMC
[20:48:57] [202/459] ALPY
[20:48:58] [203/459] SICE
[20:48:59] [204/459] SISR
[20:49:00] [205/459] SRPZ
[20:49:00] [206/459] SRSW
[20:49:02] [207/459] SUYA
[20:49:03] [208/459] AMMT
[20:49:04] [209/459] BHCU
[20:49:04] [210/459] KLPA
[20:49:05] [211/459] NVKH
[20:49:06] [212/459] JMRC
[20:49:07] [213/459] KTTT
[20:49:08] [214/459] MAGH
[20:49:09] [215/459] MMMX
[20:49:09] [216/459] SALJ
[20:49:10] [217/459] GTJA
[20:49:11] [218/459] MAHT
[20:49:13] [219/459] SSNN
[20:49:14] [220/459] ARRP
[20:49:15] [221/459] ATNS
[20:49:15] [222/459] SKDT
[20:49:16] [223/459] ACAT
[20:49:17] [224/459] APRC
[20:49:18] [225/459] SWAG
[20:49:19] [226/459] SDPT
[20:49:19] [227/459] STPS
[20:49:20] [228/459] WWCZ
[20:49:21] [229/459] LLCH
[20:49:22] [230/459] MZHA
[20:49:23] [231/459] CRJG
[20:49:23] [232/459] JGTK
[20:49:24] [233/459] KCSR
[20:49:25] [234/459] CHTL
[20:49:27] [235/459] EDSR
[20:49:28] [236/459] CSWO
[20:49:29] [237/459] CPVM
[20:49:29] [238/459] MXBY
[20:49:31] [239/459] FMMA
[20:49:32] [240/459] POVI
[20:49:33] [241/459] MTHB
[20:49:34] [242/459] INRC
[20:49:35] [243/459] PIPP
[20:49:36] [244/459] BMXC
[20:49:37] [245/459] PCMM
[20:49:38] [246/459] PMKM
[20:49:38] [247/459] GATY
[20:49:39] [248/459] IMCM
[20:49:40] [249/459] POPE
[20:49:41] [250/459] MTCR
[20:49:42] [251/459] PVAE
[20:49:43] [252/459] PVMI
[20:49:44] [253/459] CPNM
[20:49:45] [254/459] FMRL
[20:49:45] [255/459] MCIW
[20:49:46] [256/459] MXBO
[20:49:47] [257/459] FMKY
[20:49:52] [258/459] FMDA
[20:49:53] [259/459] THAB
[20:49:54] [260/459] PRCW
[20:49:54] [261/459] PITI
[20:49:55] [262/459] MCFF
[20:49:56] [263/459] PDDV
[20:49:57] [264/459] MCRM
[20:49:58] [265/459] KKMB
[20:49:59] [266/459] INKO
[20:50:00] [267/459] PLXP
[20:50:01] [268/459] MMHA
[20:50:02] [269/459] FMVS
[20:50:03] [270/459] POLM
[20:50:04] [271/459] STER
[20:50:05] [272/459] PVWJ
[20:50:06] [273/459] IMJW
[20:50:07] [274/459] FNAN
[20:50:08] [275/459] CAGL
[20:50:08] [276/459] IPBG
[20:50:09] [277/459] SMFV
[20:50:11] [278/459] MMMR
[20:50:12] [279/459] MMWM
[20:50:13] [280/459] FNCM
[20:50:14] [281/459] MDVA
[20:50:15] [282/459] MMET
[20:50:16] [283/459] MIDO
[20:50:17] [284/459] INNP
[20:50:18] [285/459] MIFU
[20:50:19] [286/459] MMSZ
[20:50:20] [287/459] BMXA
[20:50:21] [288/459] MCAA
[20:50:22] [289/459] SCVP
[20:50:22] [290/459] PLUS
[20:50:23] [291/459] MUCK
[20:50:25] [292/459] MTMA
[20:50:26] [293/459] HPVR
[20:50:27] [294/459] PMPK
[20:50:27] [295/459] MAJB
[20:50:28] [296/459] CTRR
[20:50:29] [297/459] MCTG
[20:50:30] [298/459] MACE
[20:50:31] [299/459] AAAS
[20:50:31] [300/459] CPVV
[20:50:32] [301/459] RCHG
[20:50:33] [302/459] MCNE
[20:50:34] [303/459] EMNC
[20:50:35] [304/459] MCAN
[20:50:35] [305/459] TCDM
[20:50:36] [306/459] IRGT
[20:50:37] [307/459] GCMG
[20:50:38] [308/459] MXSN
[20:50:39] [309/459] MXCK
[20:50:41] [310/459] MCRC
[20:50:42] [311/459] RSMI
[20:50:43] [312/459] WAML
[20:50:44] [313/459] MTSC
[20:50:45] [314/459] FMDR
[20:50:46] [315/459] LEPV
[20:50:46] [316/459] MTGD
[20:50:47] [317/459] IMOB
[20:50:49] [318/459] CLMM
[20:50:50] [319/459] PZCD
[20:50:51] [320/459] GOCS
[20:50:52] [321/459] KCMA
[20:50:53] [322/459] CCMP
[20:50:54] [323/459] MTSU
[20:50:54] [324/459] SNGL
[20:50:55] [325/459] MMMC
[20:50:57] [326/459] MMAA
[20:50:58] [327/459] GCDM
[20:50:58] [328/459] KTMV
[20:50:59] [329/459] AETE
[20:51:00] [330/459] OMCS
[20:51:01] [331/459] GDCD
[20:51:02] [332/459] NYMD
[20:51:02] [333/459] RNCV
[20:51:03] [334/459] KKMT
[20:51:04] [335/459] GDTH
[20:51:05] [336/459] KMMV
[20:51:06] [337/459] NHCG
[20:51:07] [338/459] PJDW
[20:51:07] [339/459] MMCV
[20:51:08] [340/459] FQSA
[20:51:09] [341/459] KURL
[20:51:10] [342/459] NNNX
[20:51:12] [343/459] AMAU
[20:51:13] [344/459] VVVM
[20:51:14] [345/459] VECU
[20:51:14] [346/459] WCVR
[20:51:16] [347/459] MTGG
[20:51:17] [348/459] SGTG
[20:51:18] [349/459] MNTG
[20:51:19] [350/459] JDDG
[20:51:19] [351/459] MBTK
[20:51:20] [352/459] SGCD
[20:51:21] [353/459] MCTC
[20:51:22] [354/459] JTPC
[20:51:23] [355/459] SDKT
[20:51:24] [356/459] KRCC
[20:51:25] [357/459] RMMD
[20:51:26] [358/459] AAME
[20:51:26] [359/459] TMWC
[20:51:27] [360/459] NRWY
[20:51:28] [361/459] CITD
[20:51:29] [362/459] VERD
[20:51:30] [363/459] MKSK
[20:51:31] [364/459] STSM
[20:51:32] [365/459] MJDG
[20:51:32] [366/459] RKPM
[20:51:33] [367/459] SSCE
[20:51:34] [368/459] VMAE
[20:51:35] [369/459] SBRU
[20:51:37] [370/459] AMBC
[20:51:38] [371/459] AMLU
[20:51:39] [372/459] INVZ
[20:51:39] [373/459] LGTV
[20:51:40] [374/459] SVAD
[20:51:41] [375/459] SMSA
[20:51:42] [376/459] SPCZ
[20:51:42] [377/459] GTCX
[20:51:43] [378/459] SCSL
[20:51:44] [379/459] SAHU
[20:51:45] [380/459] NCDA
[20:51:46] [381/459] SCCG
[20:51:47] [382/459] VKTL
[20:51:47] [383/459] PUUJ
[20:51:48] [384/459] STEJ
[20:51:49] [385/459] RJAL
[20:51:50] [386/459] ACJC
[20:51:51] [387/459] VTHC
[20:51:52] [388/459] ARVB
[20:51:53] [389/459] AUBB
[20:51:54] [390/459] GDBR
[20:51:55] [391/459] PVND
[20:51:56] [392/459] BGRJ
[20:51:57] [393/459] RJMM
[20:51:58] [394/459] MCSA
[20:51:58] [395/459] BODA
[20:51:59] [396/459] JAGG
[20:52:00] [397/459] SCGA
[20:52:01] [398/459] LRCM
[20:52:02] [399/459] CPCN
[20:52:03] [400/459] SSTF
[20:52:04] [401/459] SRXP
[20:52:05] [402/459] CNFX
[20:52:06] [403/459] ANDI
[20:52:07] [404/459] SYEW
[20:52:09] [405/459] RCRE
[20:52:09] [406/459] SCRW
[20:52:10] [407/459] MBKR
[20:52:11] [408/459] ASNT
[20:52:12] [409/459] JTMT
[20:52:13] [410/459] SHAY
[20:52:15] [411/459] VRTH
[20:52:16] [412/459] SPTI
[20:52:16] [413/459] DPTD
[20:52:17] [414/459] TGSN
[20:52:18] [415/459] RCWV
[20:52:19] [416/459] OCUR
[20:52:20] [417/459] KSTC
[20:52:21] [418/459] SANI
[20:52:21] [419/459] MLCA
[20:52:23] [420/459] EGCA
[20:52:24] [421/459] SYSN
[20:52:24] [422/459] PKTA
[20:52:25] [423/459] PRCC
[20:52:26] [424/459] KSTR
[20:52:27] [425/459] SNTP
[20:52:28] [426/459] RCHA
[20:52:30] [427/459] SEEA
[20:52:30] [428/459] ALAT
[20:52:31] [429/459] AATV
[20:52:32] [430/459] RJTE
[20:52:33] [431/459] AAPP
[20:52:34] [432/459] PMMH
[20:52:34] [433/459] INRJ
[20:52:35] [434/459] SARB
[20:52:36] [435/459] PCJL
[20:52:37] [436/459] PFJJ
[20:52:37] [437/459] GRDC
[20:52:38] [438/459] BCBA
[20:52:39] [439/459] VIXL
[20:52:41] [440/459] CSTL
[20:52:41] [441/459] MTDK
[20:52:42] [442/459] TDAC
[20:52:43] [443/459] GTDN
[20:52:44] [444/459] TTDE
[20:52:45] [445/459] ASTS
[20:52:47] [446/459] CPNS
[20:52:47] [447/459] PVVW
[20:52:48] [448/459] USEB
[20:52:49] [449/459] DTYN
[20:52:50] [450/459] PVLE
[20:52:51] [451/459] CIPS
[20:52:51] [452/459] PAEG
[20:52:53] [453/459] PTCW
[20:52:54] [454/459] G3SR
[20:52:55] [455/459] PGND
[20:52:56] [456/459] INVM
[20:52:56] [457/459] SPIA
[20:52:58] [458/459] PCSN
[20:52:59] [459/459] PPGV
[20:53:00] 🧹 Deduping shows
[20:53:00] ✅ DONE | Shows=2964 | Movies=69
[21:01:53] 🚀 SCRIPT STARTED
[21:01:53] [1/459] FNDB
[21:01:53] 🧠 New identity created
[21:01:54] [2/459] AMBH
[21:01:54] [3/459] PRHN
[21:01:55] [4/459] ACPM
[21:01:56] [5/459] PVFS
[21:01:57] [6/459] AACN
[21:01:58] [7/459] ACAS
[21:02:00] [8/459] CTNR
[21:02:01] [9/459] MMAH
[21:02:02] [10/459] CPMH
[21:02:02] [11/459] IGMH
[21:02:03] [12/459] ABCS
[21:02:04] [13/459] CMMA
[21:02:05] [14/459] GPRH
[21:02:06] [15/459] PNNG
[21:02:07] [16/459] AMCA
[21:02:08] [17/459] ISTN
[21:02:09] [18/459] PIIC
[21:02:10] [19/459] AHMH
[21:02:11] [20/459] ASHN
[21:02:12] [21/459] INHY
[21:02:13] [22/459] SRMO
[21:02:14] [23/459] PIMH
[21:02:15] [24/459] PVTS
[21:02:16] [25/459] MMCA
[21:02:17] [26/459] AKYJ
[21:02:18] [27/459] BRKH
[21:02:18] [28/459] MAHM
[21:02:19] [29/459] CPHY
[21:02:20] [30/459] PVTP
[21:02:21] [31/459] SMMR
[21:02:22] [32/459] PVHM
[21:02:23] [33/459] SNDY
[21:02:23] [34/459] GOKU
[21:02:24] [35/459] ACEV
[21:02:25] [36/459] PVUM
[21:02:26] [37/459] VSWA
[21:02:27] [38/459] IPRS
[21:02:28] [39/459] ASGN
[21:02:29] [40/459] BKMV
[21:02:29] [41/459] PVYH
[21:02:30] [42/459] INKM
[21:02:31] [43/459] ARJU
[21:02:32] [44/459] JJPP
[21:02:33] [45/459] SSRM
[21:02:34] [46/459] HMHD
[21:02:35] [47/459] SNKH
[21:02:36] [48/459] ACHI
[21:02:36] [49/459] MRAA
[21:02:37] [50/459] INMH
[21:02:38] [51/459] ARMH
[21:02:39] [52/459] DVRR
[21:02:40] [53/459] SUDA
[21:02:41] [54/459] MCSS
[21:02:42] [55/459] VRKC
[21:02:43] [56/459] PRCX
[21:02:44] [57/459] ASJY
[21:02:45] [58/459] MTHY
[21:02:46] [59/459] SRCM
[21:02:47] [60/459] TVHY
[21:02:49] [61/459] STHD
[21:02:50] [62/459] CPCL
[21:02:51] [63/459] PSMJ
[21:02:53] [64/459] MRGT
[21:02:54] [65/459] ARYH
[21:02:55] [66/459] VTRB
[21:02:56] [67/459] SCHC
[21:02:57] [68/459] MRRG
[21:02:58] [69/459] SPCB
[21:02:59] [70/459] AMCM
[21:03:00] [71/459] IVNM
[21:03:01] [72/459] TRHY
[21:03:02] [73/459] PTTH
[21:03:04] [74/459] RKMH
[21:03:05] [75/459] PRCS
[21:03:05] [76/459] VAJA
[21:03:06] [77/459] BJNG
[21:03:07] [78/459] SCVM
[21:03:08] [79/459] GNHB
[21:03:09] [80/459] TLUR
[21:03:10] [81/459] UKCC
[21:03:11] [82/459] SRKR
[21:03:11] [83/459] RMKN
[21:03:12] [84/459] SLRT
[21:03:13] [85/459] LKMT
[21:03:14] [86/459] SSRJ
[21:03:14] [87/459] SPHT
[21:03:15] [88/459] ANTT
[21:03:16] [89/459] SRCH
[21:03:17] [90/459] SRCA
[21:03:18] [91/459] ARTH
[21:03:19] [92/459] MCBH
[21:03:20] [93/459] SNIB
[21:03:20] [94/459] SART
[21:03:21] [95/459] SKTA
[21:03:22] [96/459] YAKT
[21:03:23] [97/459] MLCK
[21:03:24] [98/459] ANTS
[21:03:25] [99/459] DGCA
[21:03:26] [100/459] SGMP
[21:03:27] [101/459] ASWN
[21:03:28] [102/459] KFVU
[21:03:29] [103/459] POOR
[21:03:30] [104/459] GKDN
[21:03:30] [105/459] EOSE
[21:03:31] [106/459] GTTT
[21:03:32] [107/459] ARRO
[21:03:33] [108/459] CMMK
[21:03:34] [109/459] MSCN
[21:03:35] [110/459] GDKH
[21:03:36] [111/459] DLMT
[21:03:37] [112/459] PVMF
[21:03:38] [113/459] CPCK
[21:03:38] [114/459] VMHE
[21:03:39] [115/459] PVLC
[21:03:41] [116/459] PCVB
[21:03:42] [117/459] SNYK
[21:03:43] [118/459] KTEK
[21:03:44] [119/459] PCNM
[21:03:45] [120/459] NTTR
[21:03:46] [121/459] CPSK
[21:03:47] [122/459] JMMA
[21:03:48] [123/459] GCFK
[21:03:49] [124/459] MYCA
[21:03:51] [125/459] KSNP
[21:03:52] [126/459] PMCE
[21:03:53] [127/459] SCKI
[21:03:53] [128/459] FSMA
[21:03:54] [129/459] CETA
[21:03:56] [130/459] MCIK
[21:03:57] [131/459] MYCR
[21:03:58] [132/459] EVMP
[21:03:58] [133/459] SSGT
[21:03:59] [134/459] KCTK
[21:04:00] [135/459] ZTKC
[21:04:01] [136/459] MMTA
[21:04:02] [137/459] MAJT
[21:04:03] [138/459] ACPK
[21:04:03] [139/459] JMAX
[21:04:04] [140/459] SETK
[21:04:05] [141/459] CAIS
[21:04:06] [142/459] AGCD
[21:04:07] [143/459] URCL
[21:04:08] [144/459] VTDS
[21:04:09] [145/459] JCNM
[21:04:10] [146/459] KCAM
[21:04:12] [147/459] ADCU
[21:04:13] [148/459] GXYN
[21:04:14] [149/459] SMJG
[21:04:14] [150/459] EYCJ
[21:04:16] [151/459] CCEJ
[21:04:17] [152/459] MARS
[21:04:18] [153/459] CPVJ
[21:04:19] [154/459] INVP
[21:04:20] [155/459] CPOV
[21:04:21] [156/459] VIJK
[21:04:22] [157/459] LAIM
[21:04:23] [158/459] STHV
[21:04:24] [159/459] SVLJ
[21:04:25] [160/459] ATVJ
[21:04:26] [161/459] JTSC
[21:04:27] [162/459] RMTV
[21:04:28] [163/459] MGGG
[21:04:29] [164/459] SWTH
[21:04:30] [165/459] INVJ
[21:04:32] [166/459] PRSV
[21:04:32] [167/459] JATV
[21:04:33] [168/459] RCVD
[21:04:35] [169/459] BDMA
[21:04:36] [170/459] BLJI
[21:04:36] [171/459] SWOT
[21:04:37] [172/459] SWRN
[21:04:38] [173/459] TVRA
[21:04:39] [174/459] VCSV
[21:04:40] [175/459] NVRN
[21:04:41] [176/459] SIKC
[21:04:42] [177/459] VAKR
[21:04:43] [178/459] SYLN
[21:04:44] [179/459] KLJL
[21:04:44] [180/459] LKMY
[21:04:45] [181/459] VSLY
[21:04:46] [182/459] CIKO
[21:04:46] [183/459] GPBG
[21:04:47] [184/459] CECM
[21:04:49] [185/459] SLKB
[21:04:50] [186/459] MTBO
[21:04:51] [187/459] SSHB
[21:04:52] [188/459] VPCS
[21:04:52] [189/459] RCSR
[21:04:54] [190/459] RJRM
[21:04:55] [191/459] KPPB
[21:04:56] [192/459] SEDC
[21:04:57] [193/459] SCAI
[21:04:57] [194/459] RMTR
[21:04:58] [195/459] ASST
[21:04:59] [196/459] GCAK
[21:05:00] [197/459] ANNK
[21:05:01] [198/459] KDDF
[21:05:02] [199/459] NRDP
[21:05:03] [200/459] PLAK
[21:05:04] [201/459] GCMC
[21:05:05] [202/459] ALPY
[21:05:07] [203/459] SICE
[21:05:08] [204/459] SISR
[21:05:09] [205/459] SRPZ
[21:05:10] [206/459] SRSW
[21:05:11] [207/459] SUYA
[21:05:11] [208/459] AMMT
[21:05:12] [209/459] BHCU
[21:05:13] [210/459] KLPA
[21:05:14] [211/459] NVKH
[21:05:15] [212/459] JMRC
[21:05:16] [213/459] KTTT
[21:05:16] [214/459] MAGH
[21:05:18] [215/459] MMMX
[21:05:19] [216/459] SALJ
[21:05:20] [217/459] GTJA
[21:05:21] [218/459] MAHT
[21:05:22] [219/459] SSNN
[21:05:23] [220/459] ARRP
[21:05:24] [221/459] ATNS
[21:05:25] [222/459] SKDT
[21:05:26] [223/459] ACAT
[21:05:27] [224/459] APRC
[21:05:28] [225/459] SWAG
[21:05:29] [226/459] SDPT
[21:05:29] [227/459] STPS
[21:05:30] [228/459] WWCZ
[21:05:31] [229/459] LLCH
[21:05:32] [230/459] MZHA
[21:05:33] [231/459] CRJG
[21:05:34] [232/459] JGTK
[21:05:35] [233/459] KCSR
[21:05:36] [234/459] CHTL
[21:05:36] [235/459] EDSR
[21:05:38] [236/459] CSWO
[21:05:39] [237/459] CPVM
[21:05:40] [238/459] MXBY
[21:05:41] [239/459] FMMA
[21:05:41] [240/459] POVI
[21:05:43] [241/459] MTHB
[21:05:44] [242/459] INRC
[21:05:45] [243/459] PIPP
[21:05:46] [244/459] BMXC
[21:05:47] [245/459] PCMM
[21:05:48] [246/459] PMKM
[21:05:49] [247/459] GATY
[21:05:51] [248/459] IMCM
[21:05:52] [249/459] POPE
[21:05:52] [250/459] MTCR
[21:05:53] [251/459] PVAE
[21:05:54] [252/459] PVMI
[21:05:55] [253/459] CPNM
[21:05:56] [254/459] FMRL
[21:05:57] [255/459] MCIW
[21:05:58] [256/459] MXBO
[21:05:58] [257/459] FMKY
[21:05:59] [258/459] FMDA
[21:06:00] [259/459] THAB
[21:06:01] [260/459] PRCW
[21:06:02] [261/459] PITI
[21:06:02] [262/459] MCFF
[21:06:03] [263/459] PDDV
[21:06:04] [264/459] MCRM
[21:06:05] [265/459] KKMB
[21:06:06] [266/459] INKO
[21:06:07] [267/459] PLXP
[21:06:07] [268/459] MMHA
[21:06:09] [269/459] FMVS
[21:06:10] [270/459] POLM
[21:06:11] [271/459] STER
[21:06:12] [272/459] PVWJ
[21:06:13] [273/459] IMJW
[21:06:13] [274/459] FNAN
[21:06:14] [275/459] CAGL
[21:06:15] [276/459] IPBG
[21:06:16] [277/459] SMFV
[21:06:17] [278/459] MMMR
[21:06:18] [279/459] MMWM
[21:06:20] [280/459] FNCM
[21:06:21] [281/459] MDVA
[21:06:22] [282/459] MMET
[21:06:23] [283/459] MIDO
[21:06:24] [284/459] INNP
[21:06:25] [285/459] MIFU
[21:06:26] [286/459] MMSZ
[21:06:27] [287/459] BMXA
[21:06:27] [288/459] MCAA
[21:06:28] [289/459] SCVP
[21:06:30] [290/459] PLUS
[21:06:31] [291/459] MUCK
[21:06:31] [292/459] MTMA
[21:06:32] [293/459] HPVR
[21:06:34] [294/459] PMPK
[21:06:35] [295/459] MAJB
[21:06:36] [296/459] CTRR
[21:06:37] [297/459] MCTG
[21:06:37] [298/459] MACE
[21:06:38] [299/459] AAAS
[21:06:39] [300/459] CPVV
[21:06:40] [301/459] RCHG
[21:06:41] [302/459] MCNE
[21:06:42] [303/459] EMNC
[21:06:43] [304/459] MCAN
[21:06:44] [305/459] TCDM
[21:06:44] [306/459] IRGT
[21:06:46] [307/459] GCMG
[21:06:47] [308/459] MXSN
[21:06:48] [309/459] MXCK
[21:06:49] [310/459] MCRC
[21:06:50] [311/459] RSMI
[21:06:51] [312/459] WAML
[21:06:52] [313/459] MTSC
[21:06:52] [314/459] FMDR
[21:06:53] [315/459] LEPV
[21:06:54] [316/459] MTGD
[21:06:55] [317/459] IMOB
[21:06:56] [318/459] CLMM
[21:06:57] [319/459] PZCD
[21:06:58] [320/459] GOCS
[21:06:59] [321/459] KCMA
[21:07:01] [322/459] CCMP
[21:07:02] [323/459] MTSU
[21:07:03] [324/459] SNGL
[21:07:05] [325/459] MMMC
[21:07:06] [326/459] MMAA
[21:07:07] [327/459] GCDM
[21:07:08] [328/459] KTMV
[21:07:08] [329/459] AETE
[21:07:09] [330/459] OMCS
[21:07:10] [331/459] GDCD
[21:07:11] [332/459] NYMD
[21:07:12] [333/459] RNCV
[21:07:14] [334/459] KKMT
[21:07:14] [335/459] GDTH
[21:07:15] [336/459] KMMV
[21:07:16] [337/459] NHCG
[21:07:17] [338/459] PJDW
[21:07:18] [339/459] MMCV
[21:07:19] [340/459] FQSA
[21:07:19] [341/459] KURL
[21:07:20] [342/459] NNNX
[21:07:21] [343/459] AMAU
[21:07:22] [344/459] VVVM
[21:07:22] [345/459] VECU
[21:07:24] [346/459] WCVR
[21:07:25] [347/459] MTGG
[21:07:26] [348/459] SGTG
[21:07:27] [349/459] MNTG
[21:07:28] [350/459] JDDG
[21:07:29] [351/459] MBTK
[21:07:30] [352/459] SGCD
[21:07:31] [353/459] MCTC
[21:07:33] [354/459] JTPC
[21:07:34] [355/459] SDKT
[21:07:35] [356/459] KRCC
[21:07:36] [357/459] RMMD
[21:07:37] [358/459] AAME
[21:07:38] [359/459] TMWC
[21:07:39] [360/459] NRWY
[21:07:41] [361/459] CITD
[21:07:41] [362/459] VERD
[21:07:42] [363/459] MKSK
[21:07:43] [364/459] STSM
[21:07:44] [365/459] MJDG
[21:07:45] [366/459] RKPM
[21:07:45] [367/459] SSCE
[21:07:46] [368/459] VMAE
[21:07:47] [369/459] SBRU
[21:07:48] [370/459] AMBC
[21:07:49] [371/459] AMLU
[21:07:50] [372/459] INVZ
[21:07:51] [373/459] LGTV
[21:07:51] [374/459] SVAD
[21:07:52] [375/459] SMSA
[21:07:53] [376/459] SPCZ
[21:07:55] [377/459] GTCX
[21:07:56] [378/459] SCSL
[21:07:57] [379/459] SAHU
[21:07:57] [380/459] NCDA
[21:07:58] [381/459] SCCG
[21:07:59] [382/459] VKTL
[21:08:00] [383/459] PUUJ
[21:08:01] [384/459] STEJ
[21:08:01] [385/459] RJAL
[21:08:02] [386/459] ACJC
[21:08:03] [387/459] VTHC
[21:08:04] [388/459] ARVB
[21:08:05] [389/459] AUBB
[21:08:06] [390/459] GDBR
[21:08:07] [391/459] PVND
[21:08:08] [392/459] BGRJ
[21:08:08] [393/459] RJMM
[21:08:09] [394/459] MCSA
[21:08:10] [395/459] BODA
[21:08:11] [396/459] JAGG
[21:08:13] [397/459] SCGA
[21:08:14] [398/459] LRCM
[21:08:15] [399/459] CPCN
[21:08:16] [400/459] SSTF
[21:08:17] [401/459] SRXP
[21:08:17] [402/459] CNFX
[21:08:18] [403/459] ANDI
[21:08:19] [404/459] SYEW
[21:08:20] [405/459] RCRE
[21:08:21] [406/459] SCRW
[21:08:22] [407/459] MBKR
[21:08:23] [408/459] ASNT
[21:08:24] [409/459] JTMT
[21:08:25] [410/459] SHAY
[21:08:26] [411/459] VRTH
[21:08:26] [412/459] SPTI
[21:08:27] [413/459] DPTD
[21:08:28] [414/459] TGSN
[21:08:29] [415/459] RCWV
[21:08:30] [416/459] OCUR
[21:08:31] [417/459] KSTC
[21:08:32] [418/459] SANI
[21:08:33] [419/459] MLCA
[21:08:33] [420/459] EGCA
[21:08:34] [421/459] SYSN
[21:08:35] [422/459] PKTA
[21:08:36] [423/459] PRCC
[21:08:37] [424/459] KSTR
[21:08:38] [425/459] SNTP
[21:08:39] [426/459] RCHA
[21:08:39] [427/459] SEEA
[21:08:41] [428/459] ALAT
[21:08:42] [429/459] AATV
[21:08:43] [430/459] RJTE
[21:08:43] [431/459] AAPP
[21:08:45] [432/459] PMMH
[21:08:46] [433/459] INRJ
[21:08:46] [434/459] SARB
[21:08:47] [435/459] PCJL
[21:08:48] [436/459] PFJJ
[21:08:49] [437/459] GRDC
[21:08:50] [438/459] BCBA
[21:08:51] [439/459] VIXL
[21:08:52] [440/459] CSTL
[21:08:53] [441/459] MTDK
[21:08:54] [442/459] TDAC
[21:08:55] [443/459] GTDN
[21:08:56] [444/459] TTDE
[21:08:57] [445/459] ASTS
[21:08:58] [446/459] CPNS
[21:08:59] [447/459] PVVW
[21:09:00] [448/459] USEB
[21:09:02] [449/459] DTYN
[21:09:03] [450/459] PVLE
[21:09:05] [451/459] CIPS
[21:09:06] [452/459] PAEG
[21:09:07] [453/459] PTCW
[21:09:07] [454/459] G3SR
[21:09:08] [455/459] PGND
[21:09:09] [456/459] INVM
[21:09:10] [457/459] SPIA
[21:09:11] [458/459] PCSN
[21:09:12] [459/459] PPGV
[21:09:13] 🧹 Deduping shows
[21:09:13] ✅ DONE | Shows=3116 | Movies=76
[21:23:11] 🚀 SCRIPT STARTED
[21:23:11] [1/459] FNDB
[21:23:11] 🧠 New identity created
[21:23:12] [2/459] AMBH
[21:23:13] [3/459] PRHN
[21:23:14] [4/459] ACPM
[21:23:15] [5/459] PVFS
[21:23:16] [6/459] AACN
[21:23:16] [7/459] ACAS
[21:23:17] [8/459] CTNR
[21:23:18] [9/459] MMAH
[21:23:19] [10/459] CPMH
[21:23:20] [11/459] IGMH
[21:23:21] [12/459] ABCS
[21:23:22] [13/459] CMMA
[21:23:23] [14/459] GPRH
[21:23:23] [15/459] PNNG
[21:23:24] [16/459] AMCA
[21:23:25] [17/459] ISTN
[21:23:26] [18/459] PIIC
[21:23:27] [19/459] AHMH
[21:23:28] [20/459] ASHN
[21:23:28] [21/459] INHY
[21:23:29] [22/459] SRMO
[21:23:30] [23/459] PIMH
[21:23:31] [24/459] PVTS
[21:23:32] [25/459] MMCA
[21:23:33] [26/459] AKYJ
[21:23:34] [27/459] BRKH
[21:23:34] [28/459] MAHM
[21:23:35] [29/459] CPHY
[21:23:36] [30/459] PVTP
[21:23:37] [31/459] SMMR
[21:23:37] [32/459] PVHM
[21:23:38] [33/459] SNDY
[21:23:39] [34/459] GOKU
[21:23:40] [35/459] ACEV
[21:23:41] [36/459] PVUM
[21:23:42] [37/459] VSWA
[21:23:42] [38/459] IPRS
[21:23:43] [39/459] ASGN
[21:23:44] [40/459] BKMV
[21:23:45] [41/459] PVYH
[21:23:46] [42/459] INKM
[21:23:47] [43/459] ARJU
[21:23:48] [44/459] JJPP
[21:23:48] [45/459] SSRM
[21:23:49] [46/459] HMHD
[21:23:51] [47/459] SNKH
[21:23:51] [48/459] ACHI
[21:23:52] [49/459] MRAA
[21:23:53] [50/459] INMH
[21:23:54] [51/459] ARMH
[21:23:55] [52/459] DVRR
[21:23:56] [53/459] SUDA
[21:23:56] [54/459] MCSS
[21:23:58] [55/459] VRKC
[21:23:59] [56/459] PRCX
[21:24:00] [57/459] ASJY
[21:24:01] [58/459] MTHY
[21:24:02] [59/459] SRCM
[21:24:02] [60/459] TVHY
[21:24:03] [61/459] STHD
[21:24:05] [62/459] CPCL
[21:24:06] [63/459] PSMJ
[21:24:06] [64/459] MRGT
[21:24:07] [65/459] ARYH
[21:24:09] [66/459] VTRB
[21:24:10] [67/459] SCHC
[21:24:11] [68/459] MRRG
[21:24:12] [69/459] SPCB
[21:24:14] [70/459] AMCM
[21:24:14] [71/459] IVNM
[21:24:15] [72/459] TRHY
[21:24:16] [73/459] PTTH
[21:24:18] [74/459] RKMH
[21:24:19] [75/459] PRCS
[21:24:20] [76/459] VAJA
[21:24:21] [77/459] BJNG
[21:24:21] [78/459] SCVM
[21:24:22] [79/459] GNHB
[21:24:23] [80/459] TLUR
[21:24:25] [81/459] UKCC
[21:24:26] [82/459] SRKR
[21:24:26] [83/459] RMKN
[21:24:28] [84/459] SLRT
[21:24:29] [85/459] LKMT
[21:24:30] [86/459] SSRJ
[21:24:31] [87/459] SPHT
[21:24:32] [88/459] ANTT
[21:24:33] [89/459] SRCH
[21:24:34] [90/459] SRCA
[21:24:34] [91/459] ARTH
[21:24:35] [92/459] MCBH
[21:24:36] [93/459] SNIB
[21:24:37] [94/459] SART
[21:24:38] [95/459] SKTA
[21:24:39] [96/459] YAKT
[21:24:39] [97/459] MLCK
[21:24:40] [98/459] ANTS
[21:24:41] [99/459] DGCA
[21:24:42] [100/459] SGMP
[21:24:43] [101/459] ASWN
[21:24:43] [102/459] KFVU
[21:24:45] [103/459] POOR
[21:24:45] [104/459] GKDN
[21:24:46] [105/459] EOSE
[21:24:47] [106/459] GTTT
[21:24:48] [107/459] ARRO
[21:24:49] [108/459] CMMK
[21:24:50] [109/459] MSCN
[21:24:51] [110/459] GDKH
[21:24:52] [111/459] DLMT
[21:24:53] [112/459] PVMF
[21:24:54] [113/459] CPCK
[21:24:55] [114/459] VMHE
[21:24:56] [115/459] PVLC
[21:24:57] [116/459] PCVB
[21:24:57] [117/459] SNYK
[21:24:58] [118/459] KTEK
[21:24:59] [119/459] PCNM
[21:25:00] [120/459] NTTR
[21:25:01] [121/459] CPSK
[21:25:02] [122/459] JMMA
[21:25:03] [123/459] GCFK
[21:25:04] [124/459] MYCA
[21:25:05] [125/459] KSNP
[21:25:05] [126/459] PMCE
[21:25:06] [127/459] SCKI
[21:25:07] [128/459] FSMA
[21:25:08] [129/459] CETA
[21:25:10] [130/459] MCIK
[21:25:11] [131/459] MYCR
[21:25:12] [132/459] EVMP
[21:25:13] [133/459] SSGT
[21:25:13] [134/459] KCTK
[21:25:14] [135/459] ZTKC
[21:25:15] [136/459] MMTA
[21:25:16] [137/459] MAJT
[21:25:17] [138/459] ACPK
[21:25:18] [139/459] JMAX
[21:25:18] [140/459] SETK
[21:25:19] [141/459] CAIS
[21:25:21] [142/459] AGCD
[21:25:22] [143/459] URCL
[21:25:24] [144/459] VTDS
[21:25:24] [145/459] JCNM
[21:25:25] [146/459] KCAM
[21:25:26] [147/459] ADCU
[21:25:27] [148/459] GXYN
[21:25:28] [149/459] SMJG
[21:25:29] [150/459] EYCJ
[21:25:30] [151/459] CCEJ
[21:25:31] [152/459] MARS
[21:25:31] [153/459] CPVJ
[21:25:32] [154/459] INVP
[21:25:33] [155/459] CPOV
[21:25:34] [156/459] VIJK
[21:25:35] [157/459] LAIM
[21:25:36] [158/459] STHV
[21:25:37] [159/459] SVLJ
[21:25:38] [160/459] ATVJ
[21:25:39] [161/459] JTSC
[21:25:39] [162/459] RMTV
[21:25:40] [163/459] MGGG
[21:25:41] [164/459] SWTH
[21:25:42] [165/459] INVJ
[21:25:43] [166/459] PRSV
[21:25:44] [167/459] JATV
[21:25:45] [168/459] RCVD
[21:25:46] [169/459] BDMA
[21:25:47] [170/459] BLJI
[21:25:48] [171/459] SWOT
[21:25:49] [172/459] SWRN
[21:25:50] [173/459] TVRA
[21:25:51] [174/459] VCSV
[21:25:51] [175/459] NVRN
[21:25:52] [176/459] SIKC
[21:25:53] [177/459] VAKR
[21:25:54] [178/459] SYLN
[21:25:54] [179/459] KLJL
[21:25:56] [180/459] LKMY
[21:25:58] [181/459] VSLY
[21:25:59] [182/459] CIKO
[21:26:00] [183/459] GPBG
[21:26:01] [184/459] CECM
[21:26:02] [185/459] SLKB
[21:26:03] [186/459] MTBO
[21:26:04] [187/459] SSHB
[21:26:05] [188/459] VPCS
[21:26:05] [189/459] RCSR
[21:26:07] [190/459] RJRM
[21:26:08] [191/459] KPPB
[21:26:09] [192/459] SEDC
[21:26:10] [193/459] SCAI
[21:26:11] [194/459] RMTR
[21:26:12] [195/459] ASST
[21:26:13] [196/459] GCAK
[21:26:14] [197/459] ANNK
[21:26:15] [198/459] KDDF
[21:26:16] [199/459] NRDP
[21:26:16] [200/459] PLAK
[21:26:17] [201/459] GCMC
[21:26:18] [202/459] ALPY
[21:26:19] [203/459] SICE
[21:26:20] [204/459] SISR
[21:26:21] [205/459] SRPZ
[21:26:22] [206/459] SRSW
[21:26:22] [207/459] SUYA
[21:26:23] [208/459] AMMT
[21:26:24] [209/459] BHCU
[21:26:25] [210/459] KLPA
[21:26:26] [211/459] NVKH
[21:26:26] [212/459] JMRC
[21:26:27] [213/459] KTTT
[21:26:28] [214/459] MAGH
[21:26:29] [215/459] MMMX
[21:26:30] [216/459] SALJ
[21:26:30] [217/459] GTJA
[21:26:31] [218/459] MAHT
[21:26:32] [219/459] SSNN
[21:26:33] [220/459] ARRP
[21:26:34] [221/459] ATNS
[21:26:35] [222/459] SKDT
[21:26:36] [223/459] ACAT
[21:26:38] [224/459] APRC
[21:26:39] [225/459] SWAG
[21:26:40] [226/459] SDPT
[21:26:42] [227/459] STPS
[21:26:42] [228/459] WWCZ
[21:26:43] [229/459] LLCH
[21:26:44] [230/459] MZHA
[21:26:45] [231/459] CRJG
[21:26:46] [232/459] JGTK
[21:26:47] [233/459] KCSR
[21:26:48] [234/459] CHTL
[21:26:48] [235/459] EDSR
[21:26:49] [236/459] CSWO
[21:26:50] [237/459] CPVM
[21:26:51] [238/459] MXBY
[21:26:52] [239/459] FMMA
[21:26:53] [240/459] POVI
[21:26:53] [241/459] MTHB
[21:26:54] [242/459] INRC
[21:26:55] [243/459] PIPP
[21:26:56] [244/459] BMXC
[21:26:57] [245/459] PCMM
[21:26:58] [246/459] PMKM
[21:26:59] [247/459] GATY
[21:27:00] [248/459] IMCM
[21:27:01] [249/459] POPE
[21:27:03] [250/459] MTCR
[21:27:04] [251/459] PVAE
[21:27:05] [252/459] PVMI
[21:27:05] [253/459] CPNM
[21:27:06] [254/459] FMRL
[21:27:07] [255/459] MCIW
[21:27:08] [256/459] MXBO
[21:27:09] [257/459] FMKY
[21:27:10] [258/459] FMDA
[21:27:11] [259/459] THAB
[21:27:12] [260/459] PRCW
[21:27:12] [261/459] PITI
[21:27:13] [262/459] MCFF
[21:27:14] [263/459] PDDV
[21:27:15] [264/459] MCRM
[21:27:16] [265/459] KKMB
[21:27:16] [266/459] INKO
[21:27:17] [267/459] PLXP
[21:27:18] [268/459] MMHA
[21:27:19] [269/459] FMVS
[21:27:20] [270/459] POLM
[21:27:20] [271/459] STER
[21:27:21] [272/459] PVWJ
[21:27:22] [273/459] IMJW
[21:27:23] [274/459] FNAN
[21:27:25] [275/459] CAGL
[21:27:26] [276/459] IPBG
[21:27:26] [277/459] SMFV
[21:27:27] [278/459] MMMR
[21:27:28] [279/459] MMWM
[21:27:29] [280/459] FNCM
[21:27:30] [281/459] MDVA
[21:27:31] [282/459] MMET
[21:27:32] [283/459] MIDO
[21:27:33] [284/459] INNP
[21:27:34] [285/459] MIFU
[21:27:35] [286/459] MMSZ
[21:27:37] [287/459] BMXA
[21:27:38] [288/459] MCAA
[21:27:39] [289/459] SCVP
[21:27:40] [290/459] PLUS
[21:27:41] [291/459] MUCK
[21:27:42] [292/459] MTMA
[21:27:43] [293/459] HPVR
[21:27:44] [294/459] PMPK
[21:27:46] [295/459] MAJB
[21:27:46] [296/459] CTRR
[21:27:47] [297/459] MCTG
[21:27:48] [298/459] MACE
[21:27:50] [299/459] AAAS
[21:27:51] [300/459] CPVV
[21:27:52] [301/459] RCHG
[21:27:53] [302/459] MCNE
[21:27:54] [303/459] EMNC
[21:27:55] [304/459] MCAN
[21:27:55] [305/459] TCDM
[21:27:56] [306/459] IRGT
[21:27:57] [307/459] GCMG
[21:27:58] [308/459] MXSN
[21:27:59] [309/459] MXCK
[21:28:00] [310/459] MCRC
[21:28:01] [311/459] RSMI
[21:28:02] [312/459] WAML
[21:28:02] [313/459] MTSC
[21:28:03] [314/459] FMDR
[21:28:04] [315/459] LEPV
[21:28:05] [316/459] MTGD
[21:28:05] [317/459] IMOB
[21:28:06] [318/459] CLMM
[21:28:08] [319/459] PZCD
[21:28:10] [320/459] GOCS
[21:28:10] [321/459] KCMA
[21:28:11] [322/459] CCMP
[21:28:12] [323/459] MTSU
[21:28:12] [324/459] SNGL
[21:28:14] [325/459] MMMC
[21:28:14] [326/459] MMAA
[21:28:15] [327/459] GCDM
[21:28:16] [328/459] KTMV
[21:28:17] [329/459] AETE
[21:28:17] [330/459] OMCS
[21:28:18] [331/459] GDCD
[21:28:19] [332/459] NYMD
[21:28:20] [333/459] RNCV
[21:28:20] [334/459] KKMT
[21:28:21] [335/459] GDTH
[21:28:22] [336/459] KMMV
[21:28:23] [337/459] NHCG
[21:28:24] [338/459] PJDW
[21:28:25] [339/459] MMCV
[21:28:26] [340/459] FQSA
[21:28:26] [341/459] KURL
[21:28:27] [342/459] NNNX
[21:28:29] [343/459] AMAU
[21:28:30] [344/459] VVVM
[21:28:31] [345/459] VECU
[21:28:31] [346/459] WCVR
[21:28:32] [347/459] MTGG
[21:28:33] [348/459] SGTG
[21:28:34] [349/459] MNTG
[21:28:35] [350/459] JDDG
[21:28:36] [351/459] MBTK
[21:28:37] [352/459] SGCD
[21:28:38] [353/459] MCTC
[21:28:39] [354/459] JTPC
[21:28:40] [355/459] SDKT
[21:28:41] [356/459] KRCC
[21:28:42] [357/459] RMMD
[21:28:43] [358/459] AAME
[21:28:44] [359/459] TMWC
[21:28:45] [360/459] NRWY
[21:28:45] [361/459] CITD
[21:28:46] [362/459] VERD
[21:28:47] [363/459] MKSK
[21:28:48] [364/459] STSM
[21:28:49] [365/459] MJDG
[21:28:50] [366/459] RKPM
[21:28:51] [367/459] SSCE
[21:28:52] [368/459] VMAE
[21:28:53] [369/459] SBRU
[21:28:54] [370/459] AMBC
[21:28:55] [371/459] AMLU
[21:28:56] [372/459] INVZ
[21:28:56] [373/459] LGTV
[21:28:57] [374/459] SVAD
[21:28:58] [375/459] SMSA
[21:28:59] [376/459] SPCZ
[21:29:00] [377/459] GTCX
[21:29:01] [378/459] SCSL
[21:29:02] [379/459] SAHU
[21:29:03] [380/459] NCDA
[21:29:04] [381/459] SCCG
[21:29:04] [382/459] VKTL
[21:29:05] [383/459] PUUJ
[21:29:06] [384/459] STEJ
[21:29:07] [385/459] RJAL
[21:29:08] [386/459] ACJC
[21:29:09] [387/459] VTHC
[21:29:10] [388/459] ARVB
[21:29:11] [389/459] AUBB
[21:29:13] [390/459] GDBR
[21:29:14] [391/459] PVND
[21:29:15] [392/459] BGRJ
[21:29:16] [393/459] RJMM
[21:29:17] [394/459] MCSA
[21:29:18] [395/459] BODA
[21:29:19] [396/459] JAGG
[21:29:20] [397/459] SCGA
[21:29:21] [398/459] LRCM
[21:29:22] [399/459] CPCN
[21:29:23] [400/459] SSTF
[21:29:24] [401/459] SRXP
[21:29:25] [402/459] CNFX
[21:29:26] [403/459] ANDI
[21:29:26] [404/459] SYEW
[21:29:27] [405/459] RCRE
[21:29:28] [406/459] SCRW
[21:29:29] [407/459] MBKR
[21:29:30] [408/459] ASNT
[21:29:31] [409/459] JTMT
[21:29:32] [410/459] SHAY
[21:29:32] [411/459] VRTH
[21:29:34] [412/459] SPTI
[21:29:35] [413/459] DPTD
[21:29:36] [414/459] TGSN
[21:29:37] [415/459] RCWV
[21:29:37] [416/459] OCUR
[21:29:38] [417/459] KSTC
[21:29:39] [418/459] SANI
[21:29:40] [419/459] MLCA
[21:29:41] [420/459] EGCA
[21:29:41] [421/459] SYSN
[21:29:42] [422/459] PKTA
[21:29:43] [423/459] PRCC
[21:29:44] [424/459] KSTR
[21:29:45] [425/459] SNTP
[21:29:45] [426/459] RCHA
[21:29:46] [427/459] SEEA
[21:29:47] [428/459] ALAT
[21:29:48] [429/459] AATV
[21:29:49] [430/459] RJTE
[21:29:50] [431/459] AAPP
[21:29:52] [432/459] PMMH
[21:29:53] [433/459] INRJ
[21:29:54] [434/459] SARB
[21:29:55] [435/459] PCJL
[21:29:56] [436/459] PFJJ
[21:29:57] [437/459] GRDC
[21:29:58] [438/459] BCBA
[21:29:58] [439/459] VIXL
[21:29:59] [440/459] CSTL
[21:30:00] [441/459] MTDK
[21:30:01] [442/459] TDAC
[21:30:02] [443/459] GTDN
[21:30:03] [444/459] TTDE
[21:30:04] [445/459] ASTS
[21:30:05] [446/459] CPNS
[21:30:05] [447/459] PVVW
[21:30:06] [448/459] USEB
[21:30:08] [449/459] DTYN
[21:30:09] [450/459] PVLE
[21:30:09] [451/459] CIPS
[21:30:11] [452/459] PAEG
[21:30:12] [453/459] PTCW
[21:30:13] [454/459] G3SR
[21:30:13] [455/459] PGND
[21:30:14] [456/459] INVM
[21:30:15] [457/459] SPIA
[21:30:17] [458/459] PCSN
[21:30:18] [459/459] PPGV
[21:30:19] 🧹 Deduping shows
[21:30:19] ✅ DONE | Shows=3116 | Movies=76
[02:54:38] 🚀 SCRIPT STARTED
[02:54:38] [1/459] FNDB
[02:54:38] 🧠 New identity created
[02:54:39] [2/459] AMBH
[02:54:40] [3/459] PRHN
[02:54:42] [4/459] ACPM
[02:54:43] [5/459] PVFS
[02:54:44] [6/459] AACN
[02:54:44] [7/459] ACAS
[02:54:45] [8/459] CTNR
[02:54:46] [9/459] MMAH
[02:54:47] [10/459] CPMH
[02:54:48] [11/459] IGMH
[02:54:48] [12/459] ABCS
[02:54:49] [13/459] CMMA
[02:54:50] [14/459] GPRH
[02:54:51] [15/459] PNNG
[02:54:52] [16/459] AMCA
[02:54:53] [17/459] ISTN
[02:54:54] [18/459] PIIC
[02:54:55] [19/459] AHMH
[02:54:56] [20/459] ASHN
[02:54:57] [21/459] INHY
[02:54:57] [22/459] SRMO
[02:54:58] [23/459] PIMH
[02:54:59] [24/459] PVTS
[02:55:00] [25/459] MMCA
[02:55:01] [26/459] AKYJ
[02:55:01] [27/459] BRKH
[02:55:02] [28/459] MAHM
[02:55:03] [29/459] CPHY
[02:55:04] [30/459] PVTP
[02:55:05] [31/459] SMMR
[02:55:06] [32/459] PVHM
[02:55:07] [33/459] SNDY
[02:55:07] [34/459] GOKU
[02:55:08] [35/459] ACEV
[02:55:10] [36/459] PVUM
[02:55:11] [37/459] VSWA
[02:55:12] [38/459] IPRS
[02:55:13] [39/459] ASGN
[02:55:14] [40/459] BKMV
[02:55:15] [41/459] PVYH
[02:55:16] [42/459] INKM
[02:55:17] [43/459] ARJU
[02:55:18] [44/459] JJPP
[02:55:18] [45/459] SSRM
[02:55:19] [46/459] HMHD
[02:55:20] [47/459] SNKH
[02:55:21] [48/459] ACHI
[02:55:22] [49/459] MRAA
[02:55:23] [50/459] INMH
[02:55:23] [51/459] ARMH
[02:55:24] [52/459] DVRR
[02:55:25] [53/459] SUDA
[02:55:26] [54/459] MCSS
[02:55:27] [55/459] VRKC
[02:55:28] [56/459] PRCX
[02:55:29] [57/459] ASJY
[02:55:29] [58/459] MTHY
[02:55:31] [59/459] SRCM
[02:55:32] [60/459] TVHY
[02:55:33] [61/459] STHD
[02:55:34] [62/459] CPCL
[02:55:35] [63/459] PSMJ
[02:55:36] [64/459] MRGT
[02:55:36] [65/459] ARYH
[02:55:38] [66/459] VTRB
[02:55:39] [67/459] SCHC
[02:55:40] [68/459] MRRG
[02:55:40] [69/459] SPCB
[02:55:41] [70/459] AMCM
[02:55:42] [71/459] IVNM
[02:55:43] [72/459] TRHY
[02:55:44] [73/459] PTTH
[02:55:45] [74/459] RKMH
[02:55:46] [75/459] PRCS
[02:55:46] [76/459] VAJA
[02:55:48] [77/459] BJNG
[02:55:49] [78/459] SCVM
[02:55:50] [79/459] GNHB
[02:55:50] [80/459] TLUR
[02:55:51] [81/459] UKCC
[02:55:52] [82/459] SRKR
[02:55:53] [83/459] RMKN
[02:55:53] [84/459] SLRT
[02:55:54] [85/459] LKMT
[02:55:55] [86/459] SSRJ
[02:55:56] [87/459] SPHT
[02:55:56] [88/459] ANTT
[02:55:57] [89/459] SRCH
[02:55:58] [90/459] SRCA
[02:55:59] [91/459] ARTH
[02:55:59] [92/459] MCBH
[02:56:00] [93/459] SNIB
[02:56:02] [94/459] SART
[02:56:03] [95/459] SKTA
[02:56:04] [96/459] YAKT
[02:56:05] [97/459] MLCK
[02:56:06] [98/459] ANTS
[02:56:07] [99/459] DGCA
[02:56:08] [100/459] SGMP
[02:56:09] [101/459] ASWN
[02:56:10] [102/459] KFVU
[02:56:11] [103/459] POOR
[02:56:11] [104/459] GKDN
[02:56:13] [105/459] EOSE
[02:56:14] [106/459] GTTT
[02:56:14] [107/459] ARRO
[02:56:15] [108/459] CMMK
[02:56:16] [109/459] MSCN
[02:56:17] [110/459] GDKH
[02:56:18] [111/459] DLMT
[02:56:19] [112/459] PVMF
[02:56:20] [113/459] CPCK
[02:56:21] [114/459] VMHE
[02:56:22] [115/459] PVLC
[02:56:22] [116/459] PCVB
[02:56:23] [117/459] SNYK
[02:56:24] [118/459] KTEK
[02:56:25] [119/459] PCNM
[02:56:26] [120/459] NTTR
[02:56:27] [121/459] CPSK
[02:56:27] [122/459] JMMA
[02:56:28] [123/459] GCFK
[02:56:29] [124/459] MYCA
[02:56:30] [125/459] KSNP
[02:56:31] [126/459] PMCE
[02:56:32] [127/459] SCKI
[02:56:33] [128/459] FSMA
[02:56:33] [129/459] CETA
[02:56:34] [130/459] MCIK
[02:56:35] [131/459] MYCR
[02:56:36] [132/459] EVMP
[02:56:37] [133/459] SSGT
[02:56:38] [134/459] KCTK
[02:56:39] [135/459] ZTKC
[02:56:40] [136/459] MMTA
[02:56:41] [137/459] MAJT
[02:56:42] [138/459] ACPK
[02:56:43] [139/459] JMAX
[02:56:44] [140/459] SETK
[02:56:44] [141/459] CAIS
[02:56:45] [142/459] AGCD
[02:56:46] [143/459] URCL
[02:56:47] [144/459] VTDS
[02:56:48] [145/459] JCNM
[02:56:49] [146/459] KCAM
[02:56:50] [147/459] ADCU
[02:56:51] [148/459] GXYN
[02:56:52] [149/459] SMJG
[02:56:53] [150/459] EYCJ
[02:56:54] [151/459] CCEJ
[02:56:54] [152/459] MARS
[02:56:55] [153/459] CPVJ
[02:56:56] [154/459] INVP
[02:56:57] [155/459] CPOV
[02:56:58] [156/459] VIJK
[02:56:59] [157/459] LAIM
[02:57:00] [158/459] STHV
[02:57:01] [159/459] SVLJ
[02:57:02] [160/459] ATVJ
[02:57:03] [161/459] JTSC
[02:57:04] [162/459] RMTV
[02:57:05] [163/459] MGGG
[02:57:06] [164/459] SWTH
[02:57:06] [165/459] INVJ
[02:57:07] [166/459] PRSV
[02:57:09] [167/459] JATV
[02:57:09] [168/459] RCVD
[02:57:10] [169/459] BDMA
[02:57:11] [170/459] BLJI
[02:57:12] [171/459] SWOT
[02:57:12] [172/459] SWRN
[02:57:13] [173/459] TVRA
[02:57:14] [174/459] VCSV
[02:57:15] [175/459] NVRN
[02:57:16] [176/459] SIKC
[02:57:17] [177/459] VAKR
[02:57:17] [178/459] SYLN
[02:57:18] [179/459] KLJL
[02:57:20] [180/459] LKMY
[02:57:21] [181/459] VSLY
[02:57:21] [182/459] CIKO
[02:57:23] [183/459] GPBG
[02:57:24] [184/459] CECM
[02:57:24] [185/459] SLKB
[02:57:25] [186/459] MTBO
[02:57:26] [187/459] SSHB
[02:57:27] [188/459] VPCS
[02:57:28] [189/459] RCSR
[02:57:29] [190/459] RJRM
[02:57:30] [191/459] KPPB
[02:57:31] [192/459] SEDC
[02:57:31] [193/459] SCAI
[02:57:32] [194/459] RMTR
[02:57:33] [195/459] ASST
[02:57:34] [196/459] GCAK
[02:57:35] [197/459] ANNK
[02:57:35] [198/459] KDDF
[02:57:36] [199/459] NRDP
[02:57:37] [200/459] PLAK
[02:57:38] [201/459] GCMC
[02:57:39] [202/459] ALPY
[02:57:40] [203/459] SICE
[02:57:42] [204/459] SISR
[02:57:42] [205/459] SRPZ
[02:57:43] [206/459] SRSW
[02:57:44] [207/459] SUYA
[02:57:45] [208/459] AMMT
[02:57:45] [209/459] BHCU
[02:57:46] [210/459] KLPA
[02:57:47] [211/459] NVKH
[02:57:48] [212/459] JMRC
[02:57:49] [213/459] KTTT
[02:57:50] [214/459] MAGH
[02:57:51] [215/459] MMMX
[02:57:53] [216/459] SALJ
[02:57:53] [217/459] GTJA
[02:57:54] [218/459] MAHT
[02:57:55] [219/459] SSNN
[02:57:57] [220/459] ARRP
[02:57:58] [221/459] ATNS
[02:57:59] [222/459] SKDT
[02:58:00] [223/459] ACAT
[02:58:01] [224/459] APRC
[02:58:02] [225/459] SWAG
[02:58:03] [226/459] SDPT
[02:58:03] [227/459] STPS
[02:58:05] [228/459] WWCZ
[02:58:06] [229/459] LLCH
[02:58:07] [230/459] MZHA
[02:58:08] [231/459] CRJG
[02:58:08] [232/459] JGTK
[02:58:09] [233/459] KCSR
[02:58:10] [234/459] CHTL
[02:58:11] [235/459] EDSR
[02:58:11] [236/459] CSWO
[02:58:12] [237/459] CPVM
[02:58:14] [238/459] MXBY
[02:58:15] [239/459] FMMA
[02:58:16] [240/459] POVI
[02:58:17] [241/459] MTHB
[02:58:18] [242/459] INRC
[02:58:19] [243/459] PIPP
[02:58:20] [244/459] BMXC
[02:58:21] [245/459] PCMM
[02:58:22] [246/459] PMKM
[02:58:23] [247/459] GATY
[02:58:24] [248/459] IMCM
[02:58:25] [249/459] POPE
[02:58:26] [250/459] MTCR
[02:58:27] [251/459] PVAE
[02:58:28] [252/459] PVMI
[02:58:29] [253/459] CPNM
[02:58:30] [254/459] FMRL
[02:58:30] [255/459] MCIW
[02:58:31] [256/459] MXBO
[02:58:32] [257/459] FMKY
[02:58:33] [258/459] FMDA
[02:58:34] [259/459] THAB
[02:58:34] [260/459] PRCW
[02:58:36] [261/459] PITI
[02:58:36] [262/459] MCFF
[02:58:37] [263/459] PDDV
[02:58:38] [264/459] MCRM
[02:58:39] [265/459] KKMB
[02:58:40] [266/459] INKO
[02:58:40] [267/459] PLXP
[02:58:41] [268/459] MMHA
[02:58:42] [269/459] FMVS
[02:58:43] [270/459] POLM
[02:58:44] [271/459] STER
[02:58:45] [272/459] PVWJ
[02:58:46] [273/459] IMJW
[02:58:47] [274/459] FNAN
[02:58:48] [275/459] CAGL
[02:58:49] [276/459] IPBG
[02:58:50] [277/459] SMFV
[02:58:51] [278/459] MMMR
[02:58:52] [279/459] MMWM
[02:58:53] [280/459] FNCM
[02:58:55] [281/459] MDVA
[02:58:56] [282/459] MMET
[02:58:56] [283/459] MIDO
[02:58:57] [284/459] INNP
[02:58:58] [285/459] MIFU
[02:58:59] [286/459] MMSZ
[02:59:00] [287/459] BMXA
[02:59:01] [288/459] MCAA
[02:59:01] [289/459] SCVP
[02:59:02] [290/459] PLUS
[02:59:03] [291/459] MUCK
[02:59:04] [292/459] MTMA
[02:59:05] [293/459] HPVR
[02:59:05] [294/459] PMPK
[02:59:06] [295/459] MAJB
[02:59:07] [296/459] CTRR
[02:59:08] [297/459] MCTG
[02:59:09] [298/459] MACE
[02:59:10] [299/459] AAAS
[02:59:11] [300/459] CPVV
[02:59:12] [301/459] RCHG
[02:59:13] [302/459] MCNE
[02:59:14] [303/459] EMNC
[02:59:15] [304/459] MCAN
[02:59:16] [305/459] TCDM
[02:59:17] [306/459] IRGT
[02:59:17] [307/459] GCMG
[02:59:18] [308/459] MXSN
[02:59:19] [309/459] MXCK
[02:59:20] [310/459] MCRC
[02:59:21] [311/459] RSMI
[02:59:22] [312/459] WAML
[02:59:23] [313/459] MTSC
[02:59:24] [314/459] FMDR
[02:59:25] [315/459] LEPV
[02:59:25] [316/459] MTGD
[02:59:26] [317/459] IMOB
[02:59:27] [318/459] CLMM
[02:59:28] [319/459] PZCD
[02:59:29] [320/459] GOCS
[02:59:30] [321/459] KCMA
[02:59:31] [322/459] CCMP
[02:59:32] [323/459] MTSU
[02:59:33] [324/459] SNGL
[02:59:34] [325/459] MMMC
[02:59:36] [326/459] MMAA
[02:59:37] [327/459] GCDM
[02:59:38] [328/459] KTMV
[02:59:39] [329/459] AETE
[02:59:40] [330/459] OMCS
[02:59:41] [331/459] GDCD
[02:59:41] [332/459] NYMD
[02:59:42] [333/459] RNCV
[02:59:44] [334/459] KKMT
[02:59:45] [335/459] GDTH
[02:59:46] [336/459] KMMV
[02:59:46] [337/459] NHCG
[02:59:47] [338/459] PJDW
[02:59:48] [339/459] MMCV
[02:59:50] [340/459] FQSA
[02:59:50] [341/459] KURL
[02:59:51] [342/459] NNNX
[02:59:52] [343/459] AMAU
[02:59:53] [344/459] VVVM
[02:59:54] [345/459] VECU
[02:59:55] [346/459] WCVR
[02:59:56] [347/459] MTGG
[02:59:56] [348/459] SGTG
[02:59:57] [349/459] MNTG
[02:59:58] [350/459] JDDG
[02:59:59] [351/459] MBTK
[03:00:00] [352/459] SGCD
[03:00:00] [353/459] MCTC
[03:00:01] [354/459] JTPC
[03:00:02] [355/459] SDKT
[03:00:03] [356/459] KRCC
[03:00:05] [357/459] RMMD
[03:00:06] [358/459] AAME
[03:00:06] [359/459] TMWC
[03:00:07] [360/459] NRWY
[03:00:08] [361/459] CITD
[03:00:09] [362/459] VERD
[03:00:10] [363/459] MKSK
[03:00:10] [364/459] STSM
[03:00:11] [365/459] MJDG
[03:00:12] [366/459] RKPM
[03:00:13] [367/459] SSCE
[03:00:14] [368/459] VMAE
[03:00:15] [369/459] SBRU
[03:00:15] [370/459] AMBC
[03:00:16] [371/459] AMLU
[03:00:17] [372/459] INVZ
[03:00:18] [373/459] LGTV
[03:00:18] [374/459] SVAD
[03:00:19] [375/459] SMSA
[03:00:20] [376/459] SPCZ
[03:00:21] [377/459] GTCX
[03:00:22] [378/459] SCSL
[03:00:22] [379/459] SAHU
[03:00:23] [380/459] NCDA
[03:00:24] [381/459] SCCG
[03:00:25] [382/459] VKTL
[03:00:26] [383/459] PUUJ
[03:00:26] [384/459] STEJ
[03:00:27] [385/459] RJAL
[03:00:28] [386/459] ACJC
[03:00:29] [387/459] VTHC
[03:00:30] [388/459] ARVB
[03:00:31] [389/459] AUBB
[03:00:31] [390/459] GDBR
[03:00:33] [391/459] PVND
[03:00:34] [392/459] BGRJ
[03:00:35] [393/459] RJMM
[03:00:36] [394/459] MCSA
[03:00:37] [395/459] BODA
[03:00:38] [396/459] JAGG
[03:00:39] [397/459] SCGA
[03:00:40] [398/459] LRCM
[03:00:41] [399/459] CPCN
[03:00:43] [400/459] SSTF
[03:00:43] [401/459] SRXP
[03:00:44] [402/459] CNFX
[03:00:46] [403/459] ANDI
[03:00:46] [404/459] SYEW
[03:00:47] [405/459] RCRE
[03:00:48] [406/459] SCRW
[03:00:49] [407/459] MBKR
[03:00:51] [408/459] ASNT
[03:00:51] [409/459] JTMT
[03:00:52] [410/459] SHAY
[03:00:54] [411/459] VRTH
[03:00:54] [412/459] SPTI
[03:00:55] [413/459] DPTD
[03:00:56] [414/459] TGSN
[03:00:57] [415/459] RCWV
[03:00:57] [416/459] OCUR
[03:00:58] [417/459] KSTC
[03:00:59] [418/459] SANI
[03:01:00] [419/459] MLCA
[03:01:01] [420/459] EGCA
[03:01:02] [421/459] SYSN
[03:01:03] [422/459] PKTA
[03:01:04] [423/459] PRCC
[03:01:05] [424/459] KSTR
[03:01:06] [425/459] SNTP
[03:01:07] [426/459] RCHA
[03:01:08] [427/459] SEEA
[03:01:09] [428/459] ALAT
[03:01:10] [429/459] AATV
[03:01:11] [430/459] RJTE
[03:01:12] [431/459] AAPP
[03:01:12] [432/459] PMMH
[03:01:13] [433/459] INRJ
[03:01:15] [434/459] SARB
[03:01:16] [435/459] PCJL
[03:01:16] [436/459] PFJJ
[03:01:17] [437/459] GRDC
[03:01:18] [438/459] BCBA
[03:01:19] [439/459] VIXL
[03:01:19] [440/459] CSTL
[03:01:20] [441/459] MTDK
[03:01:21] [442/459] TDAC
[03:01:22] [443/459] GTDN
[03:01:24] [444/459] TTDE
[03:01:25] [445/459] ASTS
[03:01:25] [446/459] CPNS
[03:01:26] [447/459] PVVW
[03:01:28] [448/459] USEB
[03:01:28] [449/459] DTYN
[03:01:29] [450/459] PVLE
[03:01:30] [451/459] CIPS
[03:01:32] [452/459] PAEG
[03:01:33] [453/459] PTCW
[03:01:34] [454/459] G3SR
[03:01:34] [455/459] PGND
[03:01:35] [456/459] INVM
[03:01:37] [457/459] SPIA
[03:01:38] [458/459] PCSN
[03:01:39] [459/459] PPGV
[03:01:40] 🧹 Deduping shows
[03:01:40] ✅ DONE | Shows=3546 | Movies=83
