[20:45:42] 🚀 SCRIPT STARTED
[20:45:42] [1/459] MCCZ
[20:45:42] 🧠 New identity created
[20:45:43] [2/459] FRPU
[20:45:44] [3/459] SKSI
[20:45:45] [4/459] SSCK
[20:45:45] [5/459] SRDC
[20:45:46] [6/459] RSCZ
[20:45:47] [7/459] PRVT
[20:45:48] [8/459] GAGJ
[20:45:49] [9/459] SMHG
[20:45:49] [10/459] JTST
[20:45:50] [11/459] MYTH
[20:45:51] [12/459] JPCC
[20:45:53] [13/459] ACDC
[20:45:54] [14/459] SVFP
[20:45:55] [15/459] SFCM
[20:45:55] [16/459] RUPK
[20:45:56] [17/459] NTCR
[20:45:57] [18/459] RTCH
[20:45:58] [19/459] SCMH
[20:45:58] [20/459] SVYM
[20:46:00] [21/459] SPYM
[20:46:01] [22/459] SMMF
[20:46:02] [23/459] CLLB
[20:46:03] [24/459] FMCB
[20:46:04] [25/459] BBTC
[20:46:05] [26/459] NTHS
[20:46:06] [27/459] PKKJ
[20:46:07] [28/459] MTJA
[20:46:09] [29/459] PMSJ
[20:46:10] [30/459] JMJU
[20:46:10] [31/459] SRAD
[20:46:12] [32/459] MJMC
[20:46:13] [33/459] DFRM
[20:46:14] [34/459] PMRS
[20:46:15] [35/459] RKPP
[20:46:16] [36/459] BMBK
[20:46:17] [37/459] NEWS
[20:46:18] [38/459] SALB
[20:46:19] [39/459] SCPW
[20:46:20] [40/459] RAYL
[20:46:21] [41/459] CMGJ
[20:46:21] [42/459] JRCR
[20:46:22] [43/459] SRTB
[20:46:23] [44/459] ETPB
[20:46:24] [45/459] MXBN
[20:46:25] [46/459] TOPE
[20:46:26] [47/459] SNLJ
[20:46:27] [48/459] CDDP
[20:46:28] [49/459] APCX
[20:46:28] [50/459] TALP
[20:46:29] [51/459] RRMP
[20:46:30] [52/459] MAHB
[20:46:31] [53/459] MTKR
[20:46:32] [54/459] KSKL
[20:46:33] [55/459] RJLT
[20:46:34] [56/459] ATAS
[20:46:35] [57/459] AMHR
[20:46:36] [58/459] RSRM
[20:46:36] [59/459] GCAT
[20:46:37] [60/459] SMML
[20:46:38] [61/459] ACCD
[20:46:39] [62/459] VYDA
[20:46:40] [63/459] MSKT
[20:46:41] [64/459] AVDM
[20:46:42] [65/459] ASMH
[20:46:44] [66/459] VTMB
[20:46:45] [67/459] WVMB
[20:46:45] [68/459] PPMN
[20:46:46] [69/459] MTMD
[20:46:47] [70/459] SMMO
[20:46:49] [71/459] DLPB
[20:46:50] [72/459] AKMD
[20:46:51] [73/459] SHRR
[20:46:51] [74/459] ASCO
[20:46:52] [75/459] CZVX
[20:46:53] [76/459] GCBB
[20:46:54] [77/459] ATBM
[20:46:55] [78/459] TCGM
[20:46:56] [79/459] UMSE
[20:46:57] [80/459] NKCL
[20:46:57] [81/459] BTLR
[20:46:58] [82/459] GOCL
[20:46:59] [83/459] MIRN
[20:47:00] [84/459] THEC
[20:47:01] [85/459] SPPB
[20:47:02] [86/459] PMMM
[20:47:03] [87/459] GGMC
[20:47:04] [88/459] AVSR
[20:47:04] [89/459] RDMH
[20:47:05] [90/459] JSRS
[20:47:06] [91/459] VKGP
[20:47:07] [92/459] ACRT
[20:47:08] [93/459] GCBA
[20:47:08] [94/459] GTCP
[20:47:09] [95/459] AKFC
[20:47:10] [96/459] INCS
[20:47:11] [97/459] SMCK
[20:47:12] [98/459] BRUN
[20:47:13] [99/459] RPPC
[20:47:13] [100/459] PAYD
[20:47:14] [101/459] SVVT
[20:47:15] [102/459] RNCC
[20:47:16] [103/459] PCRC
[20:47:17] [104/459] PMRM
[20:47:18] [105/459] CCRP
[20:47:18] [106/459] INCR
[20:47:19] [107/459] ZTMP
[20:47:21] [108/459] MCNR
[20:47:23] [109/459] INRP
[20:47:24] [110/459] STRC
[20:47:25] [111/459] RATI
[20:47:26] [112/459] PBTR
[20:47:27] [113/459] CMHP
[20:47:28] [114/459] ZECJ
[20:47:30] [115/459] CCCB
[20:47:30] [116/459] BWCB
[20:47:31] [117/459] CCAT
[20:47:32] [118/459] KGCM
[20:47:33] [119/459] INPT
[20:47:34] [120/459] FNCO
[20:47:35] [121/459] SRMJ
[20:47:36] [122/459] PFSC
[20:47:36] [123/459] PBMC
[20:47:38] [124/459] KARP
[20:47:38] [125/459] KOVI
[20:47:39] [126/459] ACXL
[20:47:40] [127/459] GKCC
[20:47:41] [128/459] ASCC
[20:47:42] [129/459] SETC
[20:47:43] [130/459] KACC
[20:47:44] [131/459] KAVE
[20:47:45] [132/459] CNTC
[20:47:46] [133/459] MEEN
[20:47:47] [134/459] BMRV
[20:47:48] [135/459] SVAM
[20:47:49] [136/459] VTBP
[20:47:50] [137/459] VCKN
[20:47:51] [138/459] SGTK
[20:47:52] [139/459] RCGS
[20:47:53] [140/459] RCCB
[20:47:54] [141/459] RKSR
[20:47:55] [142/459] RKCU
[20:47:56] [143/459] GIBH
[20:47:57] [144/459] CXBS
[20:47:58] [145/459] GGCB
[20:47:58] [146/459] SCPB
[20:47:59] [147/459] AKTB
[20:48:00] [148/459] SRBU
[20:48:01] [149/459] CSSA
[20:48:02] [150/459] MYAN
[20:48:03] [151/459] EXCA
[20:48:04] [152/459] CKSA
[20:48:05] [153/459] JTNM
[20:48:06] [154/459] CXKT
[20:48:07] [155/459] NCLM
[20:48:08] [156/459] JAAD
[20:48:08] [157/459] RDCR
[20:48:10] [158/459] MEER
[20:48:11] [159/459] SIBT
[20:48:12] [160/459] PVVB
[20:48:13] [161/459] FNPN
[20:48:13] [162/459] CRPX
[20:48:14] [163/459] STET
[20:48:15] [164/459] METE
[20:48:15] [165/459] BJML
[20:48:17] [166/459] MAVT
[20:48:18] [167/459] MSRM
[20:48:19] [168/459] TJMP
[20:48:20] [169/459] MHCK
[20:48:21] [170/459] SVGP
[20:48:22] [171/459] KRRC
[20:48:22] [172/459] IMCH
[20:48:23] [173/459] CMCS
[20:48:24] [174/459] SGND
[20:48:25] [175/459] RNAT
[20:48:26] [176/459] PRTN
[20:48:27] [177/459] MPTN
[20:48:28] [178/459] ARCC
[20:48:28] [179/459] NTTE
[20:48:29] [180/459] ABND
[20:48:30] [181/459] KCSN
[20:48:31] [182/459] KCSA
[20:48:32] [183/459] DCKT
[20:48:32] [184/459] MBBR
[20:48:33] [185/459] RAMU
[20:48:34] [186/459] RACW
[20:48:35] [187/459] MCHP
[20:48:35] [188/459] TMHM
[20:48:36] [189/459] STXH
[20:48:37] [190/459] AGSG
[20:48:38] [191/459] SIRA
[20:48:39] [192/459] RCAN
[20:48:40] [193/459] CWTB
[20:48:40] [194/459] VTYM
[20:48:41] [195/459] RRPP
[20:48:42] [196/459] ASMR
[20:48:43] [197/459] RONO
[20:48:44] [198/459] MEMR
[20:48:45] [199/459] CTMR
[20:48:45] [200/459] PMTT
[20:48:46] [201/459] PSLX
[20:48:47] [202/459] IPPL
[20:48:48] [203/459] MMSG
[20:48:49] [204/459] INEL
[20:48:50] [205/459] COAC
[20:48:51] [206/459] WVLK
[20:48:51] [207/459] PPXL
[20:48:52] [208/459] PSML
[20:48:53] [209/459] FNLK
[20:48:54] [210/459] ILUM
[20:48:56] [211/459] ILCM
[20:48:57] [212/459] MSNL
[20:48:58] [213/459] VINB
[20:48:58] [214/459] SALW
[20:49:00] [215/459] PRTB
[20:49:01] [216/459] NCIL
[20:49:02] [217/459] PSUL
[20:49:02] [218/459] SCLK
[20:49:03] [219/459] ADDC
[20:49:04] [220/459] OACL
[20:49:05] [221/459] OOCF
[20:49:06] [222/459] GPMF
[20:49:07] [223/459] SSDG
[20:49:08] [224/459] SKRS
[20:49:09] [225/459] NTTP
[20:49:10] [226/459] SLTP
[20:49:11] [227/459] JTLC
[20:49:11] [228/459] POON
[20:49:12] [229/459] CCPC
[20:49:14] [230/459] DCKC
[20:49:15] [231/459] CPRT
[20:49:15] [232/459] EYHZ
[20:49:16] [233/459] ARBL
[20:49:17] [234/459] SBTB
[20:49:19] [235/459] MMCK
[20:49:19] [236/459] PLMR
[20:49:20] [237/459] BIJH
[20:49:22] [238/459] SDRT
[20:49:23] [239/459] PRDC
[20:49:24] [240/459] OMJA
[20:49:25] [241/459] VKCR
[20:49:27] [242/459] ATRT
[20:49:27] [243/459] WVRP
[20:49:28] [244/459] MVRP
[20:49:29] [245/459] FCAX
[20:49:30] [246/459] CTLC
[20:49:31] [247/459] JCHB
[20:49:33] [248/459] SELP
[20:49:33] [249/459] VCPG
[20:49:34] [250/459] ASCX
[20:49:36] [251/459] EOCS
[20:49:37] [252/459] RCPH
[20:49:38] [253/459] RJTM
[20:49:38] [254/459] SGMD
[20:49:39] [255/459] SVJT
[20:49:40] [256/459] SPPO
[20:49:41] [257/459] MNRL
[20:49:42] [258/459] KNOX
[20:49:43] [259/459] GIER
[20:49:44] [260/459] PJMS
[20:49:45] [261/459] UNSP
[20:49:46] [262/459] JETP
[20:49:48] [263/459] VTWA
[20:49:49] [264/459] SCJI
[20:49:50] [265/459] CBZZ
[20:49:51] [266/459] SDCJ
[20:49:52] [267/459] RRCC
[20:49:52] [268/459] VNKG
[20:49:53] [269/459] LKTO
[20:49:54] [270/459] PJRM
[20:49:55] [271/459] NVRM
[20:49:56] [272/459] SJCS
[20:49:57] [273/459] VIGK
[20:49:58] [274/459] ANST
[20:49:59] [275/459] JTTS
[20:50:00] [276/459] NTST
[20:50:01] [277/459] PREB
[20:50:02] [278/459] TSCZ
[20:50:02] [279/459] CDCM
[20:50:03] [280/459] ELYE
[20:50:04] [281/459] INBS
[20:50:05] [282/459] SMGC
[20:50:06] [283/459] UTMP
[20:50:07] [284/459] INTA
[20:50:08] [285/459] OMPT
[20:50:09] [286/459] SCIR
[20:50:10] [287/459] GCKJ
[20:50:11] [288/459] INOG
[20:50:12] [289/459] SMGB
[20:50:13] [290/459] MCSG
[20:50:14] [291/459] STKG
[20:50:15] [292/459] TTKG
[20:50:15] [293/459] SRTR
[20:50:16] [294/459] ETTR
[20:50:18] [295/459] GGGZ
[20:50:19] [296/459] IPGM
[20:50:21] [297/459] FCDH
[20:50:22] [298/459] DESB
[20:50:23] [299/459] VNTP
[20:50:24] [300/459] ANNT
[20:50:25] [301/459] SLTI
[20:50:25] [302/459] MAJU
[20:50:26] [303/459] JCXP
[20:50:27] [304/459] HARK
[20:50:28] [305/459] JPCJ
[20:50:28] [306/459] RXBD
[20:50:29] [307/459] PTKJ
[20:50:30] [308/459] CMTU
[20:50:31] [309/459] SWOR
[20:50:32] [310/459] JMEX
[20:50:33] [311/459] DTPT
[20:50:34] [312/459] VGMM
[20:50:35] [313/459] VCSG
[20:50:36] [314/459] CVCG
[20:50:36] [315/459] TNTT
[20:50:37] [316/459] SHRM
[20:50:38] [317/459] CGKD
[20:50:39] [318/459] EKCM
[20:50:40] [319/459] SDCX
[20:50:41] [320/459] SBTE
[20:50:42] [321/459] STKJ
[20:50:43] [322/459] TPCE
[20:50:43] [323/459] JTNP
[20:50:45] [324/459] LPCH
[20:50:46] [325/459] CPUO
[20:50:46] [326/459] APSU
[20:50:47] [327/459] RTHC
[20:50:48] [328/459] PTBU
[20:50:49] [329/459] CUCC
[20:50:50] [330/459] CPSA
[20:50:51] [331/459] SUAY
[20:50:52] [332/459] AYAA
[20:50:52] [333/459] MUCH
[20:50:54] [334/459] PCIN
[20:50:55] [335/459] JRRM
[20:50:55] [336/459] KATS
[20:50:56] [337/459] MHFF
[20:50:57] [338/459] ESYM
[20:50:59] [339/459] STYV
[20:51:00] [340/459] SDKG
[20:51:01] [341/459] SMTI
[20:51:02] [342/459] NYCS
[20:51:02] [343/459] MTBG
[20:51:03] [344/459] RHCA
[20:51:04] [345/459] PCKH
[20:51:05] [346/459] ARCR
[20:51:07] [347/459] NCMB
[20:51:08] [348/459] SHYC
[20:51:09] [349/459] LACK
[20:51:09] [350/459] MTCM
[20:51:10] [351/459] RRBN
[20:51:11] [352/459] MYDC
[20:51:12] [353/459] STCS
[20:51:13] [354/459] CONN
[20:51:14] [355/459] SIPS
[20:51:15] [356/459] SMMX
[20:51:16] [357/459] SCBY
[20:51:17] [358/459] SUAP
[20:51:18] [359/459] RSMK
[20:51:19] [360/459] STKP
[20:51:20] [361/459] CIPC
[20:51:20] [362/459] KKCI
[20:51:21] [363/459] CTNK
[20:51:22] [364/459] MMTZ
[20:51:23] [365/459] DCCO
[20:51:24] [366/459] VNMN
[20:51:25] [367/459] RLCN
[20:51:26] [368/459] CMMS
[20:51:26] [369/459] AYOU
[20:51:27] [370/459] SSCN
[20:51:29] [371/459] SMXN
[20:51:30] [372/459] ASSK
[20:51:32] [373/459] VCKM
[20:51:33] [374/459] PCPH
[20:51:34] [375/459] PADM
[20:51:35] [376/459] IESA
[20:51:35] [377/459] VCSP
[20:51:36] [378/459] AEST
[20:51:38] [379/459] VTNR
[20:51:39] [380/459] GTTA
[20:51:39] [381/459] CMMM
[20:51:40] [382/459] AHKT
[20:51:41] [383/459] SIJI
[20:51:42] [384/459] VCEI
[20:51:43] [385/459] SAKR
[20:51:44] [386/459] VSMT
[20:51:45] [387/459] SSCT
[20:51:46] [388/459] USTR
[20:51:47] [389/459] MTKT
[20:51:48] [390/459] TGMP
[20:51:48] [391/459] SIVC
[20:51:49] [392/459] KICT
[20:51:50] [393/459] DAMD
[20:51:52] [394/459] CNPT
[20:51:53] [395/459] RVTT
[20:51:54] [396/459] SNCM
[20:51:55] [397/459] GHTE
[20:51:56] [398/459] PPAM
[20:51:56] [399/459] PVAA
[20:51:57] [400/459] CPAO
[20:51:58] [401/459] HAMD
[20:51:59] [402/459] RCCA
[20:52:00] [403/459] MPCH
[20:52:01] [404/459] ARED
[20:52:02] [405/459] RRCV
[20:52:03] [406/459] MTRB
[20:52:04] [407/459] CKUA
[20:52:05] [408/459] ABMP
[20:52:06] [409/459] RCWA
[20:52:07] [410/459] CGAR
[20:52:08] [411/459] METH
[20:52:09] [412/459] WAGA
[20:52:10] [413/459] MCMA
[20:52:12] [414/459] CSMP
[20:52:12] [415/459] RCNK
[20:52:13] [416/459] PSTM
[20:52:14] [417/459] CSEP
[20:52:15] [418/459] AMGD
[20:52:16] [419/459] CSTE
[20:52:17] [420/459] CONS
[20:52:17] [421/459] APPX
[20:52:18] [422/459] MABC
[20:52:19] [423/459] CXST
[20:52:20] [424/459] MATN
[20:52:21] [425/459] MACZ
[20:52:22] [426/459] MASA
[20:52:23] [427/459] MBSX
[20:52:24] [428/459] CSST
[20:52:25] [429/459] APCL
[20:52:26] [430/459] CGOS
[20:52:26] [431/459] CPEC
[20:52:28] [432/459] MCCP
[20:52:29] [433/459] BSSO
[20:52:30] [434/459] SJKA
[20:52:31] [435/459] CGBO
[20:52:32] [436/459] MVSK
[20:52:32] [437/459] HVCA
[20:52:33] [438/459] NAMD
[20:52:34] [439/459] DEVI
[20:52:35] [440/459] SCSV
[20:52:36] [441/459] PSMA
[20:52:37] [442/459] CLDJ
[20:52:37] [443/459] NMAD
[20:52:39] [444/459] CGMO
[20:52:41] [445/459] MCNA
[20:52:42] [446/459] OCBN
[20:52:43] [447/459] CPEM
[20:52:44] [448/459] CPSM
[20:52:45] [449/459] RCAD
[20:52:45] [450/459] CPMU
[20:52:46] [451/459] DICD
[20:52:47] [452/459] CHOE
[20:52:48] [453/459] PDJM
[20:52:49] [454/459] SSTU
[20:52:50] [455/459] VNRN
[20:52:50] [456/459] PVLG
[20:52:51] [457/459] SWBL
[20:52:52] [458/459] SCAB
[20:52:53] [459/459] RDDA
[20:52:54] 🧹 Deduping shows
[20:52:54] ✅ DONE | Shows=1517 | Movies=54
