[20:45:40] 🚀 SCRIPT STARTED
[20:45:40] [1/296] CDCA
[20:45:40] 🧠 New identity created
[20:45:41] [2/296] MNSR
[20:45:41] [3/296] CSSL
[20:45:42] [4/296] BGGM
[20:45:43] [5/296] MANT
[20:45:44] [6/296] SOOY
[20:45:45] [7/296] VPPK
[20:45:45] [8/296] MYHJ
[20:45:46] [9/296] KSCK
[20:45:47] [10/296] KATK
[20:45:48] [11/296] RTRT
[20:45:49] [12/296] SSTT
[20:45:50] [13/296] SSTV
[20:45:50] [14/296] LACM
[20:45:52] [15/296] SGMG
[20:45:53] [16/296] KACX
[20:45:54] [17/296] GVCP
[20:45:55] [18/296] CSNC
[20:45:56] [19/296] SXCB
[20:45:57] [20/296] BAHS
[20:45:57] [21/296] PCBI
[20:45:58] [22/296] PSSM
[20:45:59] [23/296] RCOK
[20:46:00] [24/296] SCPF
[20:46:01] [25/296] SSAS
[20:46:02] [26/296] EVMM
[20:46:03] [27/296] SYCB
[20:46:04] [28/296] GCKI
[20:46:05] [29/296] IAET
[20:46:05] [30/296] DDTD
[20:46:06] [31/296] GMDH
[20:46:07] [32/296] STLE
[20:46:08] [33/296] JTRA
[20:46:09] [34/296] RPPA
[20:46:10] [35/296] ARUT
[20:46:11] [36/296] JTVM
[20:46:12] [37/296] SWRH
[20:46:12] [38/296] DCPC
[20:46:13] [39/296] RAPR
[20:46:14] [40/296] GCRT
[20:46:15] [41/296] ATUN
[20:46:16] [42/296] LTRM
[20:46:16] [43/296] TASR
[20:46:17] [44/296] RLLC
[20:46:19] [45/296] MABI
[20:46:19] [46/296] SVHB
[20:46:20] [47/296] NVTB
[20:46:21] [48/296] KCKG
[20:46:22] [49/296] SSRN
[20:46:23] [50/296] VDDC
[20:46:24] [51/296] GKTK
[20:46:24] [52/296] YFSN
[20:46:25] [53/296] GCSG
[20:46:26] [54/296] ESSM
[20:46:26] [55/296] KRIH
[20:46:27] [56/296] GCDS
[20:46:28] [57/296] CCSH
[20:46:29] [58/296] ACSK
[20:46:30] [59/296] APRK
[20:46:31] [60/296] ADKM
[20:46:31] [61/296] SRDM
[20:46:32] [62/296] RMOG
[20:46:33] [63/296] SJMY
[20:46:34] [64/296] PGGC
[20:46:35] [65/296] INGM
[20:46:36] [66/296] LSCB
[20:46:37] [67/296] STAD
[20:46:38] [68/296] MCCR
[20:46:39] [69/296] ABCC
[20:46:40] [70/296] RKCC
[20:46:41] [71/296] RTCR
[20:46:41] [72/296] GGBC
[20:46:42] [73/296] GCSD
[20:46:43] [74/296] LPTY
[20:46:44] [75/296] MCFD
[20:46:45] [76/296] HENN
[20:46:45] [77/296] SMKU
[20:46:46] [78/296] TNZC
[20:46:47] [79/296] DRCD
[20:46:48] [80/296] DLCD
[20:46:49] [81/296] RCDA
[20:46:50] [82/296] COSM
[20:46:50] [83/296] MCMJ
[20:46:51] [84/296] CSTR
[20:46:52] [85/296] CVDK
[20:46:53] [86/296] INRR
[20:46:54] [87/296] RJRT
[20:46:55] [88/296] IRMR
[20:46:56] [89/296] SRCF
[20:46:56] [90/296] GRCR
[20:46:57] [91/296] SURC
[20:46:58] [92/296] NMNH
[20:46:59] [93/296] SVBL
[20:47:00] [94/296] KACI
[20:47:01] [95/296] TDGO
[20:47:02] [96/296] KTBR
[20:47:02] [97/296] PMAD
[20:47:03] [98/296] CCPN
[20:47:04] [99/296] SBTK
[20:47:05] [100/296] LMDK
[20:47:05] [101/296] PGDA
[20:47:06] [102/296] SRML
[20:47:07] [103/296] EVCK
[20:47:08] [104/296] RTTK
[20:47:09] [105/296] SRTU
[20:47:10] [106/296] VRSA
[20:47:11] [107/296] VARS
[20:47:12] [108/296] DSCZ
[20:47:13] [109/296] GAGA
[20:47:14] [110/296] SARV
[20:47:14] [111/296] SEEG
[20:47:15] [112/296] GLCA
[20:47:16] [113/296] APAS
[20:47:17] [114/296] VCIA
[20:47:18] [115/296] SJTA
[20:47:18] [116/296] SABM
[20:47:19] [117/296] PPAG
[20:47:20] [118/296] RVCA
[20:47:21] [119/296] CCIA
[20:47:21] [120/296] HTAG
[20:47:22] [121/296] SMBI
[20:47:23] [122/296] MCJR
[20:47:24] [123/296] CCJR
[20:47:25] [124/296] SINF
[20:47:26] [125/296] CPLX
[20:47:26] [126/296] KKTJ
[20:47:27] [127/296] GDBW
[20:47:28] [128/296] CSUB
[20:47:29] [129/296] DABA
[20:47:30] [130/296] TITR
[20:47:31] [131/296] NYCR
[20:47:32] [132/296] RTRY
[20:47:33] [133/296] JTJL
[20:47:34] [134/296] SJCP
[20:47:35] [135/296] KCCA
[20:47:35] [136/296] MLPG
[20:47:36] [137/296] VRCK
[20:47:37] [138/296] SRIN
[20:47:38] [139/296] CXMK
[20:47:39] [140/296] SKAD
[20:47:40] [141/296] AVTR
[20:47:41] [142/296] PTAJ
[20:47:43] [143/296] SCNK
[20:47:44] [144/296] STTI
[20:47:45] [145/296] KACR
[20:47:45] [146/296] SSDX
[20:47:46] [147/296] VRTJ
[20:47:47] [148/296] RAJD
[20:47:48] [149/296] SCIP
[20:47:49] [150/296] RJSL
[20:47:50] [151/296] ARRS
[20:47:51] [152/296] ASMS
[20:47:52] [153/296] RDTS
[20:47:53] [154/296] DVMY
[20:47:53] [155/296] RASA
[20:47:54] [156/296] INOM
[20:47:55] [157/296] SPRS
[20:47:56] [158/296] SGCS
[20:47:57] [159/296] SALM
[20:47:57] [160/296] PKHC
[20:47:58] [161/296] RCSV
[20:47:59] [162/296] CPKC
[20:48:00] [163/296] AACD
[20:48:01] [164/296] GGCV
[20:48:02] [165/296] SMKD
[20:48:03] [166/296] NBCH
[20:48:04] [167/296] AMCB
[20:48:04] [168/296] OPCN
[20:48:05] [169/296] DCIN
[20:48:06] [170/296] INGW
[20:48:07] [171/296] PKKW
[20:48:08] [172/296] FNGW
[20:48:09] [173/296] GCGD
[20:48:09] [174/296] MSTW
[20:48:10] [175/296] KCCG
[20:48:11] [176/296] MRSS
[20:48:12] [177/296] CLCF
[20:48:12] [178/296] EETS
[20:48:13] [179/296] AATR
[20:48:14] [180/296] CMMN
[20:48:15] [181/296] SCCJ
[20:48:16] [182/296] CDTK
[20:48:17] [183/296] AICP
[20:48:17] [184/296] FNBP
[20:48:18] [185/296] CBPB
[20:48:19] [186/296] CPAS
[20:48:20] [187/296] MAPM
[20:48:21] [188/296] PASD
[20:48:21] [189/296] JCMN
[20:48:23] [190/296] MALB
[20:48:24] [191/296] SACG
[20:48:24] [192/296] DDRX
[20:48:25] [193/296] DDXB
[20:48:27] [194/296] RAMC
[20:48:28] [195/296] SANC
[20:48:29] [196/296] BCBP
[20:48:30] [197/296] ALPC
[20:48:31] [198/296] RBAC
[20:48:32] [199/296] RAJL
[20:48:32] [200/296] MPDX
[20:48:34] [201/296] MUSC
[20:48:34] [202/296] VKMK
[20:48:35] [203/296] SKCG
[20:48:36] [204/296] ANCN
[20:48:37] [205/296] MMCJ
[20:48:37] [206/296] DCAK
[20:48:38] [207/296] SCKG
[20:48:39] [208/296] LMCK
[20:48:40] [209/296] CKKX
[20:48:41] [210/296] ANKU
[20:48:42] [211/296] CSMD
[20:48:43] [212/296] MKMP
[20:48:44] [213/296] SVBG
[20:48:45] [214/296] ROOP
[20:48:46] [215/296] GDMT
[20:48:46] [216/296] FPPF
[20:48:47] [217/296] SFUU
[20:48:49] [218/296] ANCB
[20:48:50] [219/296] SMMC
[20:48:51] [220/296] UGKT
[20:48:52] [221/296] JVRM
[20:48:53] [222/296] BATG
[20:48:53] [223/296] RATE
[20:48:55] [224/296] SKME
[20:48:56] [225/296] LMTP
[20:48:57] [226/296] TCBD
[20:48:58] [227/296] ESBD
[20:48:59] [228/296] GDCU
[20:49:00] [229/296] SNKT
[20:49:01] [230/296] SRNK
[20:49:02] [231/296] SMED
[20:49:02] [232/296] CSQS
[20:49:03] [233/296] ALCS
[20:49:04] [234/296] KCKN
[20:49:05] [235/296] VCCL
[20:49:06] [236/296] MCDA
[20:49:07] [237/296] SHMI
[20:49:07] [238/296] SKHA
[20:49:08] [239/296] SVFK
[20:49:09] [240/296] INVB
[20:49:09] [241/296] MELD
[20:49:10] [242/296] JTYS
[20:49:11] [243/296] INCM
[20:49:12] [244/296] MCDV
[20:49:13] [245/296] KSGK
[20:49:14] [246/296] ICMG
[20:49:15] [247/296] CSCV
[20:49:15] [248/296] STMD
[20:49:16] [249/296] STTR
[20:49:17] [250/296] INVC
[20:49:19] [251/296] JTBL
[20:49:19] [252/296] SRVV
[20:49:20] [253/296] MAVC
[20:49:21] [254/296] SRPP
[20:49:22] [255/296] JGDM
[20:49:23] [256/296] MBSJ
[20:49:24] [257/296] SSLL
[20:49:25] [258/296] SLKP
[20:49:26] [259/296] NSRV
[20:49:27] [260/296] UTDV
[20:49:28] [261/296] KICM
[20:49:28] [262/296] KCMD
[20:49:29] [263/296] TTPP
[20:49:30] [264/296] KMPV
[20:49:31] [265/296] SKTV
[20:49:32] [266/296] STCV
[20:49:33] [267/296] SRDA
[20:49:33] [268/296] JTSX
[20:49:34] [269/296] STBV
[20:49:35] [270/296] APVZ
[20:49:36] [271/296] GSTV
[20:49:37] [272/296] NMVS
[20:49:37] [273/296] SKRT
[20:49:38] [274/296] RMDV
[20:49:39] [275/296] RATG
[20:49:40] [276/296] SJYV
[20:49:41] [277/296] NDGP
[20:49:42] [278/296] SNDG
[20:49:43] [279/296] INSR
[20:49:44] [280/296] INSO
[20:49:45] [281/296] CCSI
[20:49:46] [282/296] RASM
[20:49:47] [283/296] NEWC
[20:49:47] [284/296] VSHL
[20:49:48] [285/296] BISW
[20:49:49] [286/296] GCNG
[20:49:50] [287/296] CWSC
[20:49:51] [288/296] SKAN
[20:49:52] [289/296] SEHP
[20:49:52] [290/296] CCOA
[20:49:53] [291/296] MCAJ
[20:49:54] [292/296] ACDE
[20:49:55] [293/296] AACM
[20:49:56] [294/296] JJCK
[20:49:58] [295/296] RCMO
[20:49:58] [296/296] GDAW
[20:49:59] 🧹 Deduping shows
[20:49:59] ✅ DONE | Shows=1038 | Movies=49
