[20:45:43] 🚀 SCRIPT STARTED
[20:45:43] [1/324] GCTA
[20:45:43] 🧠 New identity created
[20:45:44] [2/324] TOPN
[20:45:45] [3/324] MCUS
[20:45:46] [4/324] SHRL
[20:45:47] [5/324] UPTP
[20:45:47] [6/324] TMMP
[20:45:49] [7/324] DNRP
[20:45:50] [8/324] SRLT
[20:45:51] [9/324] RCNS
[20:45:51] [10/324] DCBH
[20:45:52] [11/324] NAGJ
[20:45:53] [12/324] JVRC
[20:45:54] [13/324] KRJG
[20:45:55] [14/324] SRTJ
[20:45:56] [15/324] CMXM
[20:45:57] [16/324] STMI
[20:45:59] [17/324] SLST
[20:46:00] [18/324] DTCN
[20:46:01] [19/324] STYN
[20:46:01] [20/324] SZVR
[20:46:03] [21/324] SRKO
[20:46:03] [22/324] JTGT
[20:46:05] [23/324] SVFD
[20:46:05] [24/324] SISD
[20:46:06] [25/324] ABDD
[20:46:08] [26/324] DRCA
[20:46:09] [27/324] AVCS
[20:46:10] [28/324] MVKH
[20:46:11] [29/324] ACPR
[20:46:11] [30/324] STIP
[20:46:12] [31/324] MTRA
[20:46:14] [32/324] RMKH
[20:46:15] [33/324] NKRL
[20:46:16] [34/324] PCWN
[20:46:16] [35/324] BLMT
[20:46:17] [36/324] GDPG
[20:46:19] [37/324] SRMX
[20:46:20] [38/324] JACP
[20:46:21] [39/324] CPSH
[20:46:21] [40/324] MCCD
[20:46:23] [41/324] ECGH
[20:46:24] [42/324] MKCK
[20:46:24] [43/324] SRMM
[20:46:25] [44/324] SKYR
[20:46:26] [45/324] PCKC
[20:46:27] [46/324] JCMA
[20:46:27] [47/324] BSMP
[20:46:28] [48/324] VSPA
[20:46:30] [49/324] DJYA
[20:46:31] [50/324] DIMP
[20:46:31] [51/324] FXDR
[20:46:32] [52/324] SSRC
[20:46:34] [53/324] STHP
[20:46:35] [54/324] CPPD
[20:46:36] [55/324] FCLK
[20:46:37] [56/324] SCPP
[20:46:38] [57/324] DCMJ
[20:46:39] [58/324] RCCR
[20:46:40] [59/324] INMT
[20:46:41] [60/324] LXTK
[20:46:42] [61/324] SRYK
[20:46:43] [62/324] SGDK
[20:46:44] [63/324] PPKA
[20:46:45] [64/324] SPKA
[20:46:46] [65/324] CGHH
[20:46:46] [66/324] DCJN
[20:46:47] [67/324] SRKV
[20:46:48] [68/324] SAJC
[20:46:49] [69/324] SUSR
[20:46:50] [70/324] STYG
[20:46:51] [71/324] NTKP
[20:46:52] [72/324] AKTG
[20:46:53] [73/324] CGCM
[20:46:54] [74/324] TULC
[20:46:55] [75/324] NYYZ
[20:46:56] [76/324] NYBW
[20:46:57] [77/324] MACB
[20:46:57] [78/324] SLVT
[20:46:58] [79/324] SANA
[20:46:59] [80/324] ACMR
[20:47:00] [81/324] CPKN
[20:47:01] [82/324] DLGK
[20:47:01] [83/324] CWCK
[20:47:02] [84/324] FDDH
[20:47:03] [85/324] MMMD
[20:47:04] [86/324] CMEH
[20:47:06] [87/324] GGGV
[20:47:07] [88/324] SPJL
[20:47:07] [89/324] RCCD
[20:47:09] [90/324] STTZ
[20:47:10] [91/324] BTCF
[20:47:11] [92/324] TSTZ
[20:47:12] [93/324] IPMM
[20:47:13] [94/324] PMPW
[20:47:14] [95/324] PCMZ
[20:47:15] [96/324] ESEM
[20:47:16] [97/324] PIPO
[20:47:17] [98/324] MATK
[20:47:19] [99/324] PGHM
[20:47:20] [100/324] CTSR
[20:47:20] [101/324] CYKR
[20:47:21] [102/324] MSCM
[20:47:22] [103/324] RFNP
[20:47:23] [104/324] PDCP
[20:47:24] [105/324] NPSE
[20:47:24] [106/324] MKML
[20:47:25] [107/324] FTDP
[20:47:26] [108/324] MMXA
[20:47:27] [109/324] CEPO
[20:47:28] [110/324] CMVP
[20:47:28] [111/324] SGTH
[20:47:29] [112/324] SAYN
[20:47:30] [113/324] URVS
[20:47:31] [114/324] VJTN
[20:47:31] [115/324] BBYK
[20:47:32] [116/324] SHBO
[20:47:33] [117/324] VCMR
[20:47:34] [118/324] MACT
[20:47:35] [119/324] JMNP
[20:47:37] [120/324] VICS
[20:47:37] [121/324] VCDA
[20:47:38] [122/324] GCMM
[20:47:40] [123/324] INVS
[20:47:41] [124/324] SCGM
[20:47:41] [125/324] PCDA
[20:47:42] [126/324] KDCT
[20:47:43] [127/324] JACS
[20:47:44] [128/324] GMMC
[20:47:46] [129/324] AICM
[20:47:47] [130/324] TJCM
[20:47:48] [131/324] RMTI
[20:47:49] [132/324] SHAC
[20:47:50] [133/324] APJC
[20:47:52] [134/324] GCTG
[20:47:53] [135/324] SSMC
[20:47:54] [136/324] THRM
[20:47:55] [137/324] RBCT
[20:47:56] [138/324] DIKT
[20:47:57] [139/324] MIDL
[20:47:58] [140/324] VCSN
[20:47:59] [141/324] SKTG
[20:48:00] [142/324] SMWC
[20:48:01] [143/324] MNKH
[20:48:01] [144/324] PIAT
[20:48:02] [145/324] LTTP
[20:48:03] [146/324] PTPU
[20:48:04] [147/324] ACMG
[20:48:05] [148/324] SHMM
[20:48:06] [149/324] MCMN
[20:48:07] [150/324] GLDC
[20:48:07] [151/324] HOUT
[20:48:08] [152/324] SVRP
[20:48:10] [153/324] PVDN
[20:48:11] [154/324] SCPY
[20:48:11] [155/324] DTPY
[20:48:12] [156/324] GKCS
[20:48:13] [157/324] NCAM
[20:48:15] [158/324] BSRM
[20:48:16] [159/324] RCLC
[20:48:17] [160/324] SKKD
[20:48:17] [161/324] ACHU
[20:48:18] [162/324] RSCF
[20:48:19] [163/324] IMSH
[20:48:20] [164/324] MACX
[20:48:21] [165/324] HMMW
[20:48:22] [166/324] JTCP
[20:48:23] [167/324] SREN
[20:48:24] [168/324] PJRR
[20:48:25] [169/324] INAC
[20:48:27] [170/324] BMCA
[20:48:27] [171/324] SHCB
[20:48:28] [172/324] GABA
[20:48:29] [173/324] SBCT
[20:48:30] [174/324] GCMA
[20:48:31] [175/324] MYTK
[20:48:32] [176/324] INZS
[20:48:33] [177/324] RMIK
[20:48:34] [178/324] NYCH
[20:48:35] [179/324] RAVE
[20:48:36] [180/324] PSXM
[20:48:37] [181/324] MCGP
[20:48:39] [182/324] PDDK
[20:48:40] [183/324] SPCK
[20:48:41] [184/324] MCRL
[20:48:42] [185/324] MHKT
[20:48:43] [186/324] ANRR
[20:48:44] [187/324] SAPK
[20:48:45] [188/324] NCUK
[20:48:46] [189/324] JUGA
[20:48:47] [190/324] DBSC
[20:48:49] [191/324] LALK
[20:48:50] [192/324] GUCK
[20:48:50] [193/324] STSG
[20:48:51] [194/324] PPPZ
[20:48:52] [195/324] CNCY
[20:48:53] [196/324] MTAR
[20:48:54] [197/324] VNKD
[20:48:55] [198/324] KMAJ
[20:48:57] [199/324] ACXK
[20:48:58] [200/324] UTKC
[20:48:59] [201/324] PBLK
[20:49:00] [202/324] ACBX
[20:49:01] [203/324] PTGM
[20:49:02] [204/324] BTDA
[20:49:03] [205/324] PJMB
[20:49:03] [206/324] TPDA
[20:49:04] [207/324] AMOE
[20:49:05] [208/324] PRHT
[20:49:06] [209/324] PRTA
[20:49:07] [210/324] STAM
[20:49:08] [211/324] MSAA
[20:49:10] [212/324] SDLU
[20:49:11] [213/324] RCHH
[20:49:12] [214/324] KANT
[20:49:13] [215/324] FCRT
[20:49:13] [216/324] DNKM
[20:49:15] [217/324] RYCP
[20:49:16] [218/324] MYRP
[20:49:16] [219/324] PPAK
[20:49:17] [220/324] NVPK
[20:49:18] [221/324] PRMC
[20:49:19] [222/324] JBCS
[20:49:20] [223/324] GXCK
[20:49:22] [224/324] USKO
[20:49:22] [225/324] GTEM
[20:49:24] [226/324] SMBU
[20:49:26] [227/324] VETC
[20:49:27] [228/324] LCDA
[20:49:28] [229/324] MTVT
[20:49:29] [230/324] PYCP
[20:49:30] [231/324] PNSC
[20:49:30] [232/324] PPCC
[20:49:32] [233/324] TGRT
[20:49:33] [234/324] JYOT
[20:49:34] [235/324] SRCZ
[20:49:35] [236/324] SJTE
[20:49:36] [237/324] DESC
[20:49:36] [238/324] JHVN
[20:49:38] [239/324] IPSG
[20:49:39] [240/324] IPCM
[20:49:40] [241/324] PDRS
[20:49:42] [242/324] ANCV
[20:49:44] [243/324] CMVV
[20:49:45] [244/324] SHYP
[20:49:45] [245/324] DNCS
[20:49:46] [246/324] GAJK
[20:49:47] [247/324] AKTN
[20:49:48] [248/324] KAYA
[20:49:48] [249/324] SBRC
[20:49:49] [250/324] CHTP
[20:49:50] [251/324] SHRT
[20:49:51] [252/324] BCKU
[20:49:52] [253/324] FCPS
[20:49:53] [254/324] ARDD
[20:49:54] [255/324] CPCM
[20:49:54] [256/324] CGSM
[20:49:55] [257/324] PSMP
[20:49:56] [258/324] SDAL
[20:49:57] [259/324] RTNB
[20:49:58] [260/324] LMCR
[20:49:59] [261/324] CIMA
[20:50:00] [262/324] RNAS
[20:50:01] [263/324] LITH
[20:50:02] [264/324] PBOX
[20:50:03] [265/324] FRTS
[20:50:04] [266/324] RKIC
[20:50:05] [267/324] PTAI
[20:50:06] [268/324] GCIC
[20:50:07] [269/324] FNAS
[20:50:08] [270/324] SCAR
[20:50:09] [271/324] MTCA
[20:50:10] [272/324] SCTS
[20:50:11] [273/324] SYCS
[20:50:12] [274/324] RDMS
[20:50:13] [275/324] KAMP
[20:50:14] [276/324] ERSD
[20:50:15] [277/324] MJMJ
[20:50:16] [278/324] SRCJ
[20:50:17] [279/324] SCXE
[20:50:18] [280/324] SVFR
[20:50:19] [281/324] BHCS
[20:50:20] [282/324] IMCC
[20:50:20] [283/324] PCBO
[20:50:21] [284/324] PRVN
[20:50:23] [285/324] AUPM
[20:50:24] [286/324] INBW
[20:50:25] [287/324] SVCW
[20:50:26] [288/324] RKCF
[20:50:27] [289/324] UVBH
[20:50:28] [290/324] DNCY
[20:50:29] [291/324] ABCN
[20:50:30] [292/324] PRUR
[20:50:31] [293/324] PFMR
[20:50:32] [294/324] RKCN
[20:50:33] [295/324] CFEA
[20:50:34] [296/324] SDBG
[20:50:35] [297/324] SNAR
[20:50:36] [298/324] YISI
[20:50:37] [299/324] JCFF
[20:50:38] [300/324] VTRK
[20:50:38] [301/324] PCLZ
[20:50:39] [302/324] DIMY
[20:50:40] [303/324] BBTS
[20:50:41] [304/324] GATH
[20:50:42] [305/324] GTMN
[20:50:43] [306/324] VTMH
[20:50:44] [307/324] CCKP
[20:50:46] [308/324] GPKA
[20:50:47] [309/324] MHCL
[20:50:47] [310/324] ATCL
[20:50:48] [311/324] SBCK
[20:50:49] [312/324] AMMR
[20:50:50] [313/324] MADC
[20:50:51] [314/324] TMMA
[20:50:52] [315/324] CACC
[20:50:53] [316/324] CHAL
[20:50:54] [317/324] DURG
[20:50:55] [318/324] GMKU
[20:50:55] [319/324] GECA
[20:50:56] [320/324] KYRR
[20:50:57] [321/324] KSDE
[20:50:58] [322/324] LMCI
[20:50:59] [323/324] NKCP
[20:51:00] [324/324] BGTC
[20:51:00] 🧹 Deduping shows
[20:51:00] ✅ DONE | Shows=1130 | Movies=50
[20:57:19] 🚀 SCRIPT STARTED
[20:57:19] [1/324] GCTA
[20:57:20] 🧠 New identity created
[20:57:20] [2/324] TOPN
[20:57:21] [3/324] MCUS
[20:57:22] [4/324] SHRL
[20:57:23] [5/324] UPTP
[20:57:24] [6/324] TMMP
[20:57:24] [7/324] DNRP
[20:57:26] [8/324] SRLT
[20:57:27] [9/324] RCNS
[20:57:27] [10/324] DCBH
[20:57:28] [11/324] NAGJ
[20:57:29] [12/324] JVRC
[20:57:30] [13/324] KRJG
[20:57:31] [14/324] SRTJ
[20:57:32] [15/324] CMXM
[20:57:33] [16/324] STMI
[20:57:34] [17/324] SLST
[20:57:35] [18/324] DTCN
[20:57:35] [19/324] STYN
[20:57:36] [20/324] SZVR
[20:57:37] [21/324] SRKO
[20:57:38] [22/324] JTGT
[20:57:39] [23/324] SVFD
[20:57:40] [24/324] SISD
[20:57:41] [25/324] ABDD
[20:57:41] [26/324] DRCA
[20:57:42] [27/324] AVCS
[20:57:43] [28/324] MVKH
[20:57:44] [29/324] ACPR
[20:57:45] [30/324] STIP
[20:57:46] [31/324] MTRA
[20:57:47] [32/324] RMKH
[20:57:47] [33/324] NKRL
[20:57:48] [34/324] PCWN
[20:57:49] [35/324] BLMT
[20:57:50] [36/324] GDPG
[20:57:51] [37/324] SRMX
[20:57:53] [38/324] JACP
[20:57:54] [39/324] CPSH
[20:57:55] [40/324] MCCD
[20:57:55] [41/324] ECGH
[20:57:56] [42/324] MKCK
[20:57:57] [43/324] SRMM
[20:57:58] [44/324] SKYR
[20:57:59] [45/324] PCKC
[20:58:00] [46/324] JCMA
[20:58:00] [47/324] BSMP
[20:58:01] [48/324] VSPA
[20:58:02] [49/324] DJYA
[20:58:03] [50/324] DIMP
[20:58:03] [51/324] FXDR
[20:58:05] [52/324] SSRC
[20:58:05] [53/324] STHP
[20:58:06] [54/324] CPPD
[20:58:08] [55/324] FCLK
[20:58:08] [56/324] SCPP
[20:58:09] [57/324] DCMJ
[20:58:10] [58/324] RCCR
[20:58:11] [59/324] INMT
[20:58:12] [60/324] LXTK
[20:58:13] [61/324] SRYK
[20:58:14] [62/324] SGDK
[20:58:15] [63/324] PPKA
[20:58:16] [64/324] SPKA
[20:58:17] [65/324] CGHH
[20:58:18] [66/324] DCJN
[20:58:19] [67/324] SRKV
[20:58:19] [68/324] SAJC
[20:58:20] [69/324] SUSR
[20:58:21] [70/324] STYG
[20:58:22] [71/324] NTKP
[20:58:22] [72/324] AKTG
[20:58:23] [73/324] CGCM
[20:58:24] [74/324] TULC
[20:58:25] [75/324] NYYZ
[20:58:25] [76/324] NYBW
[20:58:26] [77/324] MACB
[20:58:27] [78/324] SLVT
[20:58:28] [79/324] SANA
[20:58:29] [80/324] ACMR
[20:58:30] [81/324] CPKN
[20:58:31] [82/324] DLGK
[20:58:32] [83/324] CWCK
[20:58:32] [84/324] FDDH
[20:58:33] [85/324] MMMD
[20:58:34] [86/324] CMEH
[20:58:36] [87/324] GGGV
[20:58:36] [88/324] SPJL
[20:58:37] [89/324] RCCD
[20:58:38] [90/324] STTZ
[20:58:39] [91/324] BTCF
[20:58:40] [92/324] TSTZ
[20:58:41] [93/324] IPMM
[20:58:41] [94/324] PMPW
[20:58:42] [95/324] PCMZ
[20:58:43] [96/324] ESEM
[20:58:44] [97/324] PIPO
[20:58:44] [98/324] MATK
[20:58:45] [99/324] PGHM
[20:58:46] [100/324] CTSR
[20:58:47] [101/324] CYKR
[20:58:47] [102/324] MSCM
[20:58:48] [103/324] RFNP
[20:58:49] [104/324] PDCP
[20:58:49] [105/324] NPSE
[20:58:50] [106/324] MKML
[20:58:51] [107/324] FTDP
[20:58:51] [108/324] MMXA
[20:58:52] [109/324] CEPO
[20:58:53] [110/324] CMVP
[20:58:54] [111/324] SGTH
[20:58:55] [112/324] SAYN
[20:58:56] [113/324] URVS
[20:58:57] [114/324] VJTN
[20:58:58] [115/324] BBYK
[20:58:59] [116/324] SHBO
[20:58:59] [117/324] VCMR
[20:59:00] [118/324] MACT
[20:59:01] [119/324] JMNP
[20:59:02] [120/324] VICS
[20:59:02] [121/324] VCDA
[20:59:03] [122/324] GCMM
[20:59:04] [123/324] INVS
[20:59:05] [124/324] SCGM
[20:59:06] [125/324] PCDA
[20:59:07] [126/324] KDCT
[20:59:07] [127/324] JACS
[20:59:08] [128/324] GMMC
[20:59:09] [129/324] AICM
[20:59:10] [130/324] TJCM
[20:59:12] [131/324] RMTI
[20:59:12] [132/324] SHAC
[20:59:13] [133/324] APJC
[20:59:14] [134/324] GCTG
[20:59:15] [135/324] SSMC
[20:59:15] [136/324] THRM
[20:59:16] [137/324] RBCT
[20:59:17] [138/324] DIKT
[20:59:18] [139/324] MIDL
[20:59:19] [140/324] VCSN
[20:59:20] [141/324] SKTG
[20:59:21] [142/324] SMWC
[20:59:22] [143/324] MNKH
[20:59:23] [144/324] PIAT
[20:59:23] [145/324] LTTP
[20:59:24] [146/324] PTPU
[20:59:26] [147/324] ACMG
[20:59:26] [148/324] SHMM
[20:59:28] [149/324] MCMN
[20:59:29] [150/324] GLDC
[20:59:29] [151/324] HOUT
[20:59:30] [152/324] SVRP
[20:59:31] [153/324] PVDN
[20:59:32] [154/324] SCPY
[20:59:33] [155/324] DTPY
[20:59:33] [156/324] GKCS
[20:59:34] [157/324] NCAM
[20:59:36] [158/324] BSRM
[20:59:36] [159/324] RCLC
[20:59:37] [160/324] SKKD
[20:59:38] [161/324] ACHU
[20:59:39] [162/324] RSCF
[20:59:39] [163/324] IMSH
[20:59:40] [164/324] MACX
[20:59:41] [165/324] HMMW
[20:59:42] [166/324] JTCP
[20:59:42] [167/324] SREN
[20:59:43] [168/324] PJRR
[20:59:44] [169/324] INAC
[20:59:45] [170/324] BMCA
[20:59:46] [171/324] SHCB
[20:59:47] [172/324] GABA
[20:59:47] [173/324] SBCT
[20:59:48] [174/324] GCMA
[20:59:49] [175/324] MYTK
[20:59:50] [176/324] INZS
[20:59:50] [177/324] RMIK
[20:59:51] [178/324] NYCH
[20:59:52] [179/324] RAVE
[20:59:54] [180/324] PSXM
[20:59:55] [181/324] MCGP
[20:59:56] [182/324] PDDK
[20:59:57] [183/324] SPCK
[20:59:57] [184/324] MCRL
[20:59:58] [185/324] MHKT
[21:00:00] [186/324] ANRR
[21:00:00] [187/324] SAPK
[21:00:01] [188/324] NCUK
[21:00:02] [189/324] JUGA
[21:00:03] [190/324] DBSC
[21:00:04] [191/324] LALK
[21:00:05] [192/324] GUCK
[21:00:05] [193/324] STSG
[21:00:06] [194/324] PPPZ
[21:00:07] [195/324] CNCY
[21:00:08] [196/324] MTAR
[21:00:08] [197/324] VNKD
[21:00:09] [198/324] KMAJ
[21:00:10] [199/324] ACXK
[21:00:11] [200/324] UTKC
[21:00:13] [201/324] PBLK
[21:00:13] [202/324] ACBX
[21:00:14] [203/324] PTGM
[21:00:15] [204/324] BTDA
[21:00:16] [205/324] PJMB
[21:00:17] [206/324] TPDA
[21:00:18] [207/324] AMOE
[21:00:19] [208/324] PRHT
[21:00:19] [209/324] PRTA
[21:00:20] [210/324] STAM
[21:00:21] [211/324] MSAA
[21:00:22] [212/324] SDLU
[21:00:23] [213/324] RCHH
[21:00:24] [214/324] KANT
[21:00:25] [215/324] FCRT
[21:00:26] [216/324] DNKM
[21:00:26] [217/324] RYCP
[21:00:27] [218/324] MYRP
[21:00:28] [219/324] PPAK
[21:00:29] [220/324] NVPK
[21:00:30] [221/324] PRMC
[21:00:31] [222/324] JBCS
[21:00:32] [223/324] GXCK
[21:00:33] [224/324] USKO
[21:00:34] [225/324] GTEM
[21:00:35] [226/324] SMBU
[21:00:36] [227/324] VETC
[21:00:37] [228/324] LCDA
[21:00:37] [229/324] MTVT
[21:00:38] [230/324] PYCP
[21:00:39] [231/324] PNSC
[21:00:40] [232/324] PPCC
[21:00:41] [233/324] TGRT
[21:00:41] [234/324] JYOT
[21:00:42] [235/324] SRCZ
[21:00:43] [236/324] SJTE
[21:00:45] [237/324] DESC
[21:00:45] [238/324] JHVN
[21:00:46] [239/324] IPSG
[21:00:47] [240/324] IPCM
[21:00:48] [241/324] PDRS
[21:00:49] [242/324] ANCV
[21:00:49] [243/324] CMVV
[21:00:50] [244/324] SHYP
[21:00:51] [245/324] DNCS
[21:00:52] [246/324] GAJK
[21:00:52] [247/324] AKTN
[21:00:53] [248/324] KAYA
[21:00:54] [249/324] SBRC
[21:00:55] [250/324] CHTP
[21:00:56] [251/324] SHRT
[21:00:57] [252/324] BCKU
[21:00:58] [253/324] FCPS
[21:00:58] [254/324] ARDD
[21:00:59] [255/324] CPCM
[21:01:00] [256/324] CGSM
[21:01:01] [257/324] PSMP
[21:01:02] [258/324] SDAL
[21:01:02] [259/324] RTNB
[21:01:03] [260/324] LMCR
[21:01:04] [261/324] CIMA
[21:01:05] [262/324] RNAS
[21:01:06] [263/324] LITH
[21:01:06] [264/324] PBOX
[21:01:07] [265/324] FRTS
[21:01:08] [266/324] RKIC
[21:01:09] [267/324] PTAI
[21:01:10] [268/324] GCIC
[21:01:11] [269/324] FNAS
[21:01:12] [270/324] SCAR
[21:01:13] [271/324] MTCA
[21:01:13] [272/324] SCTS
[21:01:14] [273/324] SYCS
[21:01:15] [274/324] RDMS
[21:01:16] [275/324] KAMP
[21:01:17] [276/324] ERSD
[21:01:18] [277/324] MJMJ
[21:01:19] [278/324] SRCJ
[21:01:20] [279/324] SCXE
[21:01:21] [280/324] SVFR
[21:01:22] [281/324] BHCS
[21:01:23] [282/324] IMCC
[21:01:24] [283/324] PCBO
[21:01:25] [284/324] PRVN
[21:01:26] [285/324] AUPM
[21:01:27] [286/324] INBW
[21:01:28] [287/324] SVCW
[21:01:28] [288/324] RKCF
[21:01:29] [289/324] UVBH
[21:01:30] [290/324] DNCY
[21:01:31] [291/324] ABCN
[21:01:32] [292/324] PRUR
[21:01:33] [293/324] PFMR
[21:01:34] [294/324] RKCN
[21:01:35] [295/324] CFEA
[21:01:36] [296/324] SDBG
[21:01:37] [297/324] SNAR
[21:01:37] [298/324] YISI
[21:01:38] [299/324] JCFF
[21:01:39] [300/324] VTRK
[21:01:40] [301/324] PCLZ
[21:01:40] [302/324] DIMY
[21:01:41] [303/324] BBTS
[21:01:42] [304/324] GATH
[21:01:43] [305/324] GTMN
[21:01:44] [306/324] VTMH
[21:01:45] [307/324] CCKP
[21:01:45] [308/324] GPKA
[21:01:46] [309/324] MHCL
[21:01:47] [310/324] ATCL
[21:01:48] [311/324] SBCK
[21:01:49] [312/324] AMMR
[21:01:49] [313/324] MADC
[21:01:50] [314/324] TMMA
[21:01:52] [315/324] CACC
[21:01:53] [316/324] CHAL
[21:01:54] [317/324] DURG
[21:01:54] [318/324] GMKU
[21:01:56] [319/324] GECA
[21:01:56] [320/324] KYRR
[21:01:57] [321/324] KSDE
[21:01:58] [322/324] LMCI
[21:01:59] [323/324] NKCP
[21:02:00] [324/324] BGTC
[21:02:00] 🧹 Deduping shows
[21:02:00] ✅ DONE | Shows=1157 | Movies=50
[21:23:12] 🚀 SCRIPT STARTED
[21:23:12] [1/324] GCTA
[21:23:12] 🧠 New identity created
[21:23:13] [2/324] TOPN
[21:23:14] [3/324] MCUS
[21:23:15] [4/324] SHRL
[21:23:15] [5/324] UPTP
[21:23:16] [6/324] TMMP
[21:23:17] [7/324] DNRP
[21:23:18] [8/324] SRLT
[21:23:19] [9/324] RCNS
[21:23:20] [10/324] DCBH
[21:23:21] [11/324] NAGJ
[21:23:22] [12/324] JVRC
[21:23:23] [13/324] KRJG
[21:23:24] [14/324] SRTJ
[21:23:25] [15/324] CMXM
[21:23:25] [16/324] STMI
[21:23:26] [17/324] SLST
[21:23:27] [18/324] DTCN
[21:23:28] [19/324] STYN
[21:23:29] [20/324] SZVR
[21:23:30] [21/324] SRKO
[21:23:31] [22/324] JTGT
[21:23:32] [23/324] SVFD
[21:23:32] [24/324] SISD
[21:23:33] [25/324] ABDD
[21:23:34] [26/324] DRCA
[21:23:35] [27/324] AVCS
[21:23:35] [28/324] MVKH
[21:23:36] [29/324] ACPR
[21:23:37] [30/324] STIP
[21:23:38] [31/324] MTRA
[21:23:39] [32/324] RMKH
[21:23:39] [33/324] NKRL
[21:23:40] [34/324] PCWN
[21:23:42] [35/324] BLMT
[21:23:43] [36/324] GDPG
[21:23:44] [37/324] SRMX
[21:23:44] [38/324] JACP
[21:23:46] [39/324] CPSH
[21:23:47] [40/324] MCCD
[21:23:48] [41/324] ECGH
[21:23:48] [42/324] MKCK
[21:23:49] [43/324] SRMM
[21:23:50] [44/324] SKYR
[21:23:51] [45/324] PCKC
[21:23:52] [46/324] JCMA
[21:23:53] [47/324] BSMP
[21:23:54] [48/324] VSPA
[21:23:55] [49/324] DJYA
[21:23:56] [50/324] DIMP
[21:23:56] [51/324] FXDR
[21:23:57] [52/324] SSRC
[21:23:58] [53/324] STHP
[21:23:59] [54/324] CPPD
[21:24:00] [55/324] FCLK
[21:24:01] [56/324] SCPP
[21:24:01] [57/324] DCMJ
[21:24:03] [58/324] RCCR
[21:24:04] [59/324] INMT
[21:24:05] [60/324] LXTK
[21:24:06] [61/324] SRYK
[21:24:07] [62/324] SGDK
[21:24:08] [63/324] PPKA
[21:24:09] [64/324] SPKA
[21:24:10] [65/324] CGHH
[21:24:10] [66/324] DCJN
[21:24:11] [67/324] SRKV
[21:24:12] [68/324] SAJC
[21:24:13] [69/324] SUSR
[21:24:15] [70/324] STYG
[21:24:16] [71/324] NTKP
[21:24:17] [72/324] AKTG
[21:24:18] [73/324] CGCM
[21:24:19] [74/324] TULC
[21:24:20] [75/324] NYYZ
[21:24:20] [76/324] NYBW
[21:24:22] [77/324] MACB
[21:24:22] [78/324] SLVT
[21:24:23] [79/324] SANA
[21:24:24] [80/324] ACMR
[21:24:26] [81/324] CPKN
[21:24:26] [82/324] DLGK
[21:24:27] [83/324] CWCK
[21:24:28] [84/324] FDDH
[21:24:29] [85/324] MMMD
[21:24:30] [86/324] CMEH
[21:24:31] [87/324] GGGV
[21:24:32] [88/324] SPJL
[21:24:33] [89/324] RCCD
[21:24:34] [90/324] STTZ
[21:24:35] [91/324] BTCF
[21:24:37] [92/324] TSTZ
[21:24:38] [93/324] IPMM
[21:24:39] [94/324] PMPW
[21:24:40] [95/324] PCMZ
[21:24:40] [96/324] ESEM
[21:24:41] [97/324] PIPO
[21:24:42] [98/324] MATK
[21:24:43] [99/324] PGHM
[21:24:44] [100/324] CTSR
[21:24:45] [101/324] CYKR
[21:24:47] [102/324] MSCM
[21:24:47] [103/324] RFNP
[21:24:48] [104/324] PDCP
[21:24:50] [105/324] NPSE
[21:24:51] [106/324] MKML
[21:24:52] [107/324] FTDP
[21:24:53] [108/324] MMXA
[21:24:54] [109/324] CEPO
[21:24:55] [110/324] CMVP
[21:24:56] [111/324] SGTH
[21:24:57] [112/324] SAYN
[21:24:58] [113/324] URVS
[21:24:59] [114/324] VJTN
[21:25:00] [115/324] BBYK
[21:25:01] [116/324] SHBO
[21:25:02] [117/324] VCMR
[21:25:03] [118/324] MACT
[21:25:04] [119/324] JMNP
[21:25:05] [120/324] VICS
[21:25:06] [121/324] VCDA
[21:25:07] [122/324] GCMM
[21:25:08] [123/324] INVS
[21:25:09] [124/324] SCGM
[21:25:09] [125/324] PCDA
[21:25:10] [126/324] KDCT
[21:25:11] [127/324] JACS
[21:25:12] [128/324] GMMC
[21:25:13] [129/324] AICM
[21:25:14] [130/324] TJCM
[21:25:15] [131/324] RMTI
[21:25:16] [132/324] SHAC
[21:25:17] [133/324] APJC
[21:25:18] [134/324] GCTG
[21:25:19] [135/324] SSMC
[21:25:19] [136/324] THRM
[21:25:21] [137/324] RBCT
[21:25:22] [138/324] DIKT
[21:25:23] [139/324] MIDL
[21:25:24] [140/324] VCSN
[21:25:24] [141/324] SKTG
[21:25:25] [142/324] SMWC
[21:25:26] [143/324] MNKH
[21:25:27] [144/324] PIAT
[21:25:28] [145/324] LTTP
[21:25:29] [146/324] PTPU
[21:25:30] [147/324] ACMG
[21:25:31] [148/324] SHMM
[21:25:32] [149/324] MCMN
[21:25:33] [150/324] GLDC
[21:25:34] [151/324] HOUT
[21:25:35] [152/324] SVRP
[21:25:36] [153/324] PVDN
[21:25:36] [154/324] SCPY
[21:25:37] [155/324] DTPY
[21:25:38] [156/324] GKCS
[21:25:39] [157/324] NCAM
[21:25:40] [158/324] BSRM
[21:25:41] [159/324] RCLC
[21:25:41] [160/324] SKKD
[21:25:42] [161/324] ACHU
[21:25:43] [162/324] RSCF
[21:25:44] [163/324] IMSH
[21:25:45] [164/324] MACX
[21:25:45] [165/324] HMMW
[21:25:46] [166/324] JTCP
[21:25:47] [167/324] SREN
[21:25:49] [168/324] PJRR
[21:25:50] [169/324] INAC
[21:25:51] [170/324] BMCA
[21:25:52] [171/324] SHCB
[21:25:53] [172/324] GABA
[21:25:54] [173/324] SBCT
[21:25:55] [174/324] GCMA
[21:25:56] [175/324] MYTK
[21:25:57] [176/324] INZS
[21:25:57] [177/324] RMIK
[21:25:59] [178/324] NYCH
[21:26:00] [179/324] RAVE
[21:26:00] [180/324] PSXM
[21:26:01] [181/324] MCGP
[21:26:02] [182/324] PDDK
[21:26:03] [183/324] SPCK
[21:26:04] [184/324] MCRL
[21:26:05] [185/324] MHKT
[21:26:05] [186/324] ANRR
[21:26:06] [187/324] SAPK
[21:26:07] [188/324] NCUK
[21:26:08] [189/324] JUGA
[21:26:08] [190/324] DBSC
[21:26:09] [191/324] LALK
[21:26:10] [192/324] GUCK
[21:26:11] [193/324] STSG
[21:26:12] [194/324] PPPZ
[21:26:13] [195/324] CNCY
[21:26:14] [196/324] MTAR
[21:26:16] [197/324] VNKD
[21:26:17] [198/324] KMAJ
[21:26:17] [199/324] ACXK
[21:26:18] [200/324] UTKC
[21:26:19] [201/324] PBLK
[21:26:20] [202/324] ACBX
[21:26:20] [203/324] PTGM
[21:26:21] [204/324] BTDA
[21:26:22] [205/324] PJMB
[21:26:23] [206/324] TPDA
[21:26:24] [207/324] AMOE
[21:26:25] [208/324] PRHT
[21:26:25] [209/324] PRTA
[21:26:26] [210/324] STAM
[21:26:27] [211/324] MSAA
[21:26:28] [212/324] SDLU
[21:26:28] [213/324] RCHH
[21:26:30] [214/324] KANT
[21:26:31] [215/324] FCRT
[21:26:32] [216/324] DNKM
[21:26:32] [217/324] RYCP
[21:26:33] [218/324] MYRP
[21:26:35] [219/324] PPAK
[21:26:35] [220/324] NVPK
[21:26:36] [221/324] PRMC
[21:26:37] [222/324] JBCS
[21:26:38] [223/324] GXCK
[21:26:38] [224/324] USKO
[21:26:39] [225/324] GTEM
[21:26:40] [226/324] SMBU
[21:26:41] [227/324] VETC
[21:26:42] [228/324] LCDA
[21:26:43] [229/324] MTVT
[21:26:44] [230/324] PYCP
[21:26:44] [231/324] PNSC
[21:26:46] [232/324] PPCC
[21:26:47] [233/324] TGRT
[21:26:48] [234/324] JYOT
[21:26:49] [235/324] SRCZ
[21:26:49] [236/324] SJTE
[21:26:50] [237/324] DESC
[21:26:51] [238/324] JHVN
[21:26:52] [239/324] IPSG
[21:26:52] [240/324] IPCM
[21:26:53] [241/324] PDRS
[21:26:54] [242/324] ANCV
[21:26:55] [243/324] CMVV
[21:26:55] [244/324] SHYP
[21:26:56] [245/324] DNCS
[21:26:57] [246/324] GAJK
[21:26:58] [247/324] AKTN
[21:26:59] [248/324] KAYA
[21:27:00] [249/324] SBRC
[21:27:01] [250/324] CHTP
[21:27:02] [251/324] SHRT
[21:27:03] [252/324] BCKU
[21:27:05] [253/324] FCPS
[21:27:06] [254/324] ARDD
[21:27:06] [255/324] CPCM
[21:27:07] [256/324] CGSM
[21:27:08] [257/324] PSMP
[21:27:09] [258/324] SDAL
[21:27:10] [259/324] RTNB
[21:27:10] [260/324] LMCR
[21:27:11] [261/324] CIMA
[21:27:12] [262/324] RNAS
[21:27:13] [263/324] LITH
[21:27:14] [264/324] PBOX
[21:27:15] [265/324] FRTS
[21:27:16] [266/324] RKIC
[21:27:17] [267/324] PTAI
[21:27:18] [268/324] GCIC
[21:27:19] [269/324] FNAS
[21:27:20] [270/324] SCAR
[21:27:20] [271/324] MTCA
[21:27:21] [272/324] SCTS
[21:27:22] [273/324] SYCS
[21:27:23] [274/324] RDMS
[21:27:24] [275/324] KAMP
[21:27:24] [276/324] ERSD
[21:27:25] [277/324] MJMJ
[21:27:26] [278/324] SRCJ
[21:27:27] [279/324] SCXE
[21:27:27] [280/324] SVFR
[21:27:29] [281/324] BHCS
[21:27:30] [282/324] IMCC
[21:27:31] [283/324] PCBO
[21:27:31] [284/324] PRVN
[21:27:32] [285/324] AUPM
[21:27:34] [286/324] INBW
[21:27:34] [287/324] SVCW
[21:27:35] [288/324] RKCF
[21:27:36] [289/324] UVBH
[21:27:37] [290/324] DNCY
[21:27:38] [291/324] ABCN
[21:27:38] [292/324] PRUR
[21:27:39] [293/324] PFMR
[21:27:40] [294/324] RKCN
[21:27:42] [295/324] CFEA
[21:27:43] [296/324] SDBG
[21:27:43] [297/324] SNAR
[21:27:44] [298/324] YISI
[21:27:45] [299/324] JCFF
[21:27:46] [300/324] VTRK
[21:27:47] [301/324] PCLZ
[21:27:47] [302/324] DIMY
[21:27:49] [303/324] BBTS
[21:27:50] [304/324] GATH
[21:27:51] [305/324] GTMN
[21:27:52] [306/324] VTMH
[21:27:53] [307/324] CCKP
[21:27:54] [308/324] GPKA
[21:27:55] [309/324] MHCL
[21:27:56] [310/324] ATCL
[21:27:56] [311/324] SBCK
[21:27:57] [312/324] AMMR
[21:27:58] [313/324] MADC
[21:27:58] [314/324] TMMA
[21:27:59] [315/324] CACC
[21:28:00] [316/324] CHAL
[21:28:01] [317/324] DURG
[21:28:02] [318/324] GMKU
[21:28:03] [319/324] GECA
[21:28:04] [320/324] KYRR
[21:28:05] [321/324] KSDE
[21:28:06] [322/324] LMCI
[21:28:07] [323/324] NKCP
[21:28:07] [324/324] BGTC
[21:28:08] 🧹 Deduping shows
[21:28:08] ✅ DONE | Shows=1214 | Movies=51
[02:54:40] 🚀 SCRIPT STARTED
[02:54:40] [1/324] GCTA
[02:54:40] 🧠 New identity created
[02:54:40] [2/324] TOPN
[02:54:41] [3/324] MCUS
[02:54:41] [4/324] SHRL
[02:54:42] [5/324] UPTP
[02:54:43] [6/324] TMMP
[02:54:43] [7/324] DNRP
[02:54:44] [8/324] SRLT
[02:54:44] [9/324] RCNS
[02:54:45] [10/324] DCBH
[02:54:45] [11/324] NAGJ
[02:54:46] [12/324] JVRC
[02:54:46] [13/324] KRJG
[02:54:47] [14/324] SRTJ
[02:54:48] [15/324] CMXM
[02:54:49] [16/324] STMI
[02:54:49] [17/324] SLST
[02:54:50] [18/324] DTCN
[02:54:51] [19/324] STYN
[02:54:51] [20/324] SZVR
[02:54:52] [21/324] SRKO
[02:54:52] [22/324] JTGT
[02:54:53] [23/324] SVFD
[02:54:54] [24/324] SISD
[02:54:54] [25/324] ABDD
[02:54:55] [26/324] DRCA
[02:54:56] [27/324] AVCS
[02:54:56] [28/324] MVKH
[02:54:57] [29/324] ACPR
[02:54:57] [30/324] STIP
[02:54:58] [31/324] MTRA
[02:54:59] [32/324] RMKH
[02:54:59] [33/324] NKRL
[02:55:00] [34/324] PCWN
[02:55:00] [35/324] BLMT
[02:55:01] [36/324] GDPG
[02:55:02] [37/324] SRMX
[02:55:02] [38/324] JACP
[02:55:03] [39/324] CPSH
[02:55:04] [40/324] MCCD
[02:55:04] [41/324] ECGH
[02:55:05] [42/324] MKCK
[02:55:05] [43/324] SRMM
[02:55:06] [44/324] SKYR
[02:55:07] [45/324] PCKC
[02:55:07] [46/324] JCMA
[02:55:08] [47/324] BSMP
[02:55:09] [48/324] VSPA
[02:55:09] [49/324] DJYA
[02:55:10] [50/324] DIMP
[02:55:10] [51/324] FXDR
[02:55:11] [52/324] SSRC
[02:55:11] [53/324] STHP
[02:55:12] [54/324] CPPD
[02:55:12] [55/324] FCLK
[02:55:13] [56/324] SCPP
[02:55:14] [57/324] DCMJ
[02:55:14] [58/324] RCCR
[02:55:15] [59/324] INMT
[02:55:15] [60/324] LXTK
[02:55:16] [61/324] SRYK
[02:55:16] [62/324] SGDK
[02:55:17] [63/324] PPKA
[02:55:18] [64/324] SPKA
[02:55:19] [65/324] CGHH
[02:55:19] [66/324] DCJN
[02:55:20] [67/324] SRKV
[02:55:20] [68/324] SAJC
[02:55:21] [69/324] SUSR
[02:55:21] [70/324] STYG
[02:55:22] [71/324] NTKP
[02:55:23] [72/324] AKTG
[02:55:23] [73/324] CGCM
[02:55:24] [74/324] TULC
[02:55:24] [75/324] NYYZ
[02:55:25] [76/324] NYBW
[02:55:26] [77/324] MACB
[02:55:26] [78/324] SLVT
[02:55:27] [79/324] SANA
[02:55:28] [80/324] ACMR
[02:55:28] [81/324] CPKN
[02:55:29] [82/324] DLGK
[02:55:30] [83/324] CWCK
[02:55:30] [84/324] FDDH
[02:55:31] [85/324] MMMD
[02:55:31] [86/324] CMEH
[02:55:32] [87/324] GGGV
[02:55:32] [88/324] SPJL
[02:55:33] [89/324] RCCD
[02:55:34] [90/324] STTZ
[02:55:34] [91/324] BTCF
[02:55:35] [92/324] TSTZ
[02:55:36] [93/324] IPMM
[02:55:36] [94/324] PMPW
[02:55:37] [95/324] PCMZ
[02:55:37] [96/324] ESEM
[02:55:38] [97/324] PIPO
[02:55:38] [98/324] MATK
[02:55:39] [99/324] PGHM
[02:55:40] [100/324] CTSR
[02:55:40] [101/324] CYKR
[02:55:41] [102/324] MSCM
[02:55:42] [103/324] RFNP
[02:55:42] [104/324] PDCP
[02:55:43] [105/324] NPSE
[02:55:43] [106/324] MKML
[02:55:44] [107/324] FTDP
[02:55:45] [108/324] MMXA
[02:55:45] [109/324] CEPO
[02:55:46] [110/324] CMVP
[02:55:46] [111/324] SGTH
[02:55:47] [112/324] SAYN
[02:55:48] [113/324] URVS
[02:55:48] [114/324] VJTN
[02:55:49] [115/324] BBYK
[02:55:49] [116/324] SHBO
[02:55:50] [117/324] VCMR
[02:55:50] [118/324] MACT
[02:55:51] [119/324] JMNP
[02:55:52] [120/324] VICS
[02:55:52] [121/324] VCDA
[02:55:53] [122/324] GCMM
[02:55:53] [123/324] INVS
[02:55:54] [124/324] SCGM
[02:55:54] [125/324] PCDA
[02:55:55] [126/324] KDCT
[02:55:56] [127/324] JACS
[02:55:56] [128/324] GMMC
[02:55:56] [129/324] AICM
[02:55:57] [130/324] TJCM
[02:55:57] [131/324] RMTI
[02:55:58] [132/324] SHAC
[02:55:59] [133/324] APJC
[02:55:59] [134/324] GCTG
[02:56:00] [135/324] SSMC
[02:56:00] [136/324] THRM
[02:56:01] [137/324] RBCT
[02:56:01] [138/324] DIKT
[02:56:02] [139/324] MIDL
[02:56:02] [140/324] VCSN
[02:56:03] [141/324] SKTG
[02:56:03] [142/324] SMWC
[02:56:04] [143/324] MNKH
[02:56:04] [144/324] PIAT
[02:56:05] [145/324] LTTP
[02:56:05] [146/324] PTPU
[02:56:06] [147/324] ACMG
[02:56:06] [148/324] SHMM
[02:56:07] [149/324] MCMN
[02:56:07] [150/324] GLDC
[02:56:08] [151/324] HOUT
[02:56:09] [152/324] SVRP
[02:56:09] [153/324] PVDN
[02:56:10] [154/324] SCPY
[02:56:10] [155/324] DTPY
[02:56:11] [156/324] GKCS
[02:56:11] [157/324] NCAM
[02:56:12] [158/324] BSRM
[02:56:13] [159/324] RCLC
[02:56:13] [160/324] SKKD
[02:56:14] [161/324] ACHU
[02:56:14] [162/324] RSCF
[02:56:15] [163/324] IMSH
[02:56:15] [164/324] MACX
[02:56:16] [165/324] HMMW
[02:56:16] [166/324] JTCP
[02:56:17] [167/324] SREN
[02:56:17] [168/324] PJRR
[02:56:18] [169/324] INAC
[02:56:19] [170/324] BMCA
[02:56:19] [171/324] SHCB
[02:56:20] [172/324] GABA
[02:56:20] [173/324] SBCT
[02:56:21] [174/324] GCMA
[02:56:21] [175/324] MYTK
[02:56:22] [176/324] INZS
[02:56:23] [177/324] RMIK
[02:56:23] [178/324] NYCH
[02:56:24] [179/324] RAVE
[02:56:25] [180/324] PSXM
[02:56:25] [181/324] MCGP
[02:56:26] [182/324] PDDK
[02:56:27] [183/324] SPCK
[02:56:27] [184/324] MCRL
[02:56:28] [185/324] MHKT
[02:56:28] [186/324] ANRR
[02:56:29] [187/324] SAPK
[02:56:29] [188/324] NCUK
[02:56:30] [189/324] JUGA
[02:56:31] [190/324] DBSC
[02:56:31] [191/324] LALK
[02:56:32] [192/324] GUCK
[02:56:32] [193/324] STSG
[02:56:33] [194/324] PPPZ
[02:56:33] [195/324] CNCY
[02:56:34] [196/324] MTAR
[02:56:35] [197/324] VNKD
[02:56:35] [198/324] KMAJ
[02:56:36] [199/324] ACXK
[02:56:36] [200/324] UTKC
[02:56:37] [201/324] PBLK
[02:56:37] [202/324] ACBX
[02:56:38] [203/324] PTGM
[02:56:38] [204/324] BTDA
[02:56:39] [205/324] PJMB
[02:56:39] [206/324] TPDA
[02:56:40] [207/324] AMOE
[02:56:41] [208/324] PRHT
[02:56:41] [209/324] PRTA
[02:56:42] [210/324] STAM
[02:56:42] [211/324] MSAA
[02:56:43] [212/324] SDLU
[02:56:44] [213/324] RCHH
[02:56:44] [214/324] KANT
[02:56:45] [215/324] FCRT
[02:56:45] [216/324] DNKM
[02:56:46] [217/324] RYCP
[02:56:47] [218/324] MYRP
[02:56:47] [219/324] PPAK
[02:56:48] [220/324] NVPK
[02:56:48] [221/324] PRMC
[02:56:49] [222/324] JBCS
[02:56:49] [223/324] GXCK
[02:56:50] [224/324] USKO
[02:56:50] [225/324] GTEM
[02:56:51] [226/324] SMBU
[02:56:52] [227/324] VETC
[02:56:52] [228/324] LCDA
[02:56:53] [229/324] MTVT
[02:56:53] [230/324] PYCP
[02:56:54] [231/324] PNSC
[02:56:55] [232/324] PPCC
[02:56:55] [233/324] TGRT
[02:56:56] [234/324] JYOT
[02:56:56] [235/324] SRCZ
[02:56:57] [236/324] SJTE
[02:56:57] [237/324] DESC
[02:56:58] [238/324] JHVN
[02:56:59] [239/324] IPSG
[02:56:59] [240/324] IPCM
[02:57:00] [241/324] PDRS
[02:57:00] [242/324] ANCV
[02:57:01] [243/324] CMVV
[02:57:02] [244/324] SHYP
[02:57:02] [245/324] DNCS
[02:57:03] [246/324] GAJK
[02:57:03] [247/324] AKTN
[02:57:04] [248/324] KAYA
[02:57:05] [249/324] SBRC
[02:57:05] [250/324] CHTP
[02:57:05] [251/324] SHRT
[02:57:06] [252/324] BCKU
[02:57:07] [253/324] FCPS
[02:57:07] [254/324] ARDD
[02:57:08] [255/324] CPCM
[02:57:08] [256/324] CGSM
[02:57:09] [257/324] PSMP
[02:57:09] [258/324] SDAL
[02:57:10] [259/324] RTNB
[02:57:10] [260/324] LMCR
[02:57:11] [261/324] CIMA
[02:57:12] [262/324] RNAS
[02:57:12] [263/324] LITH
[02:57:13] [264/324] PBOX
[02:57:13] [265/324] FRTS
[02:57:14] [266/324] RKIC
[02:57:15] [267/324] PTAI
[02:57:15] [268/324] GCIC
[02:57:15] [269/324] FNAS
[02:57:16] [270/324] SCAR
[02:57:17] [271/324] MTCA
[02:57:17] [272/324] SCTS
[02:57:17] [273/324] SYCS
[02:57:18] [274/324] RDMS
[02:57:19] [275/324] KAMP
[02:57:19] [276/324] ERSD
[02:57:20] [277/324] MJMJ
[02:57:20] [278/324] SRCJ
[02:57:21] [279/324] SCXE
[02:57:21] [280/324] SVFR
[02:57:22] [281/324] BHCS
[02:57:22] [282/324] IMCC
[02:57:23] [283/324] PCBO
[02:57:24] [284/324] PRVN
[02:57:24] [285/324] AUPM
[02:57:25] [286/324] INBW
[02:57:25] [287/324] SVCW
[02:57:26] [288/324] RKCF
[02:57:27] [289/324] UVBH
[02:57:27] [290/324] DNCY
[02:57:28] [291/324] ABCN
[02:57:28] [292/324] PRUR
[02:57:29] [293/324] PFMR
[02:57:29] [294/324] RKCN
[02:57:30] [295/324] CFEA
[02:57:30] [296/324] SDBG
[02:57:31] [297/324] SNAR
[02:57:31] [298/324] YISI
[02:57:32] [299/324] JCFF
[02:57:32] [300/324] VTRK
[02:57:33] [301/324] PCLZ
[02:57:34] [302/324] DIMY
[02:57:34] [303/324] BBTS
[02:57:35] [304/324] GATH
[02:57:35] [305/324] GTMN
[02:57:36] [306/324] VTMH
[02:57:36] [307/324] CCKP
[02:57:37] [308/324] GPKA
[02:57:37] [309/324] MHCL
[02:57:38] [310/324] ATCL
[02:57:38] [311/324] SBCK
[02:57:39] [312/324] AMMR
[02:57:39] [313/324] MADC
[02:57:40] [314/324] TMMA
[02:57:41] [315/324] CACC
[02:57:41] [316/324] CHAL
[02:57:42] [317/324] DURG
[02:57:42] [318/324] GMKU
[02:57:43] [319/324] GECA
[02:57:43] [320/324] KYRR
[02:57:44] [321/324] KSDE
[02:57:45] [322/324] LMCI
[02:57:45] [323/324] NKCP
[02:57:46] [324/324] BGTC
[02:57:46] 🧹 Deduping shows
[02:57:47] ✅ DONE | Shows=1429 | Movies=62
