[17:47:33] 🚀 SCRIPT STARTED
[17:47:33] [1/445] TGMR
[17:47:33] 🧠 New identity created
[17:47:34] [2/445] CXKR
[17:47:35] [3/445] SROP
[17:47:36] [4/445] GTSV
[17:47:37] [5/445] SNTY
[17:47:38] [6/445] SMYY
[17:47:38] [7/445] CNCS
[17:47:39] [8/445] CSTM
[17:47:40] [9/445] NUCD
[17:47:41] [10/445] SHCZ
[17:47:42] [11/445] NJCT
[17:47:43] [12/445] COPC
[17:47:44] [13/445] STVV
[17:47:45] [14/445] SKRN
[17:47:45] [15/445] APPZ
[17:47:46] [16/445] YMGN
[17:47:47] [17/445] SVTU
[17:47:48] [18/445] GTAD
[17:47:49] [19/445] PSUS
[17:47:49] [20/445] SMCD
[17:47:50] [21/445] CMCM
[17:47:51] [22/445] SYCT
[17:47:52] [23/445] STLY
[17:47:52] [24/445] CMHU
[17:47:53] [25/445] CMSA
[17:47:54] [26/445] CLCU
[17:47:56] [27/445] PPNT
[17:47:56] [28/445] JTAB
[17:47:57] [29/445] BUUC
[17:47:58] [30/445] BSVK
[17:47:59] [31/445] VVVQ
[17:48:00] [32/445] TKMU
[17:48:01] [33/445] ESYL
[17:48:02] [34/445] ACHP
[17:48:02] [35/445] BTKD
[17:48:03] [36/445] DESA
[17:48:04] [37/445] GBCT
[17:48:05] [38/445] BLLD
[17:48:05] [39/445] SKNT
[17:48:06] [40/445] SSTE
[17:48:07] [41/445] VJMR
[17:48:08] [42/445] NTPU
[17:48:09] [43/445] RDKN
[17:48:09] [44/445] ADGC
[17:48:10] [45/445] VRBP
[17:48:11] [46/445] NMNA
[17:48:12] [47/445] CMMX
[17:48:13] [48/445] PTKO
[17:48:14] [49/445] RBML
[17:48:15] [50/445] SAIC
[17:48:16] [51/445] SVTJ
[17:48:17] [52/445] MRTE
[17:48:18] [53/445] RBTP
[17:48:19] [54/445] NLPS
[17:48:21] [55/445] GTNA
[17:48:21] [56/445] DGGC
[17:48:22] [57/445] SMCR
[17:48:24] [58/445] SCGD
[17:48:24] [59/445] SRRJ
[17:48:25] [60/445] CNRY
[17:48:26] [61/445] KTDI
[17:48:27] [62/445] SNJL
[17:48:28] [63/445] RKMD
[17:48:29] [64/445] SMDC
[17:48:29] [65/445] TADG
[17:48:30] [66/445] MCGS
[17:48:31] [67/445] PETK
[17:48:32] [68/445] CHAG
[17:48:33] [69/445] KSTL
[17:48:34] [70/445] AADS
[17:48:35] [71/445] NTHZ
[17:48:36] [72/445] HCKI
[17:48:36] [73/445] SSEF
[17:48:37] [74/445] MCGX
[17:48:38] [75/445] ERRA
[17:48:40] [76/445] SDTW
[17:48:41] [77/445] RMPK
[17:48:42] [78/445] PTHK
[17:48:43] [79/445] PXCS
[17:48:44] [80/445] SVLU
[17:48:44] [81/445] STAH
[17:48:45] [82/445] JRGF
[17:48:46] [83/445] CDOK
[17:48:47] [84/445] CMSG
[17:48:49] [85/445] APTD
[17:48:49] [86/445] KMPG
[17:48:50] [87/445] MUTJ
[17:48:51] [88/445] VCCI
[17:48:52] [89/445] URBE
[17:48:53] [90/445] TCTS
[17:48:54] [91/445] STSN
[17:48:54] [92/445] AKCH
[17:48:56] [93/445] APSC
[17:48:57] [94/445] VLTB
[17:48:57] [95/445] SANU
[17:48:58] [96/445] AXAM
[17:48:59] [97/445] MGMG
[17:49:00] [98/445] HTBY
[17:49:01] [99/445] MMZS
[17:49:02] [100/445] SUDR
[17:49:03] [101/445] CCAD
[17:49:04] [102/445] SKKC
[17:49:05] [103/445] RMCD
[17:49:06] [104/445] SBCQ
[17:49:06] [105/445] DCCT
[17:49:07] [106/445] VTKP
[17:49:09] [107/445] MLAM
[17:49:09] [108/445] SAVT
[17:49:10] [109/445] GEPL
[17:49:11] [110/445] AMCD
[17:49:12] [111/445] CCXR
[17:49:12] [112/445] GRNG
[17:49:14] [113/445] EBCA
[17:49:15] [114/445] CNVG
[17:49:15] [115/445] MWSS
[17:49:16] [116/445] VBOR
[17:49:17] [117/445] NEEB
[17:49:18] [118/445] SUTH
[17:49:19] [119/445] ANDB
[17:49:20] [120/445] MMXS
[17:49:21] [121/445] CNPD
[17:49:22] [122/445] SDCE
[17:49:23] [123/445] DHCB
[17:49:24] [124/445] ODEN
[17:49:25] [125/445] TNTC
[17:49:25] [126/445] VBKM
[17:49:27] [127/445] RZYM
[17:49:28] [128/445] JEMC
[17:49:28] [129/445] CMAU
[17:49:29] [130/445] SIVP
[17:49:30] [131/445] ATAG
[17:49:31] [132/445] CHTM
[17:49:31] [133/445] AAEE
[17:49:32] [134/445] IWPM
[17:49:33] [135/445] KCMW
[17:49:34] [136/445] MCTD
[17:49:35] [137/445] SPWR
[17:49:36] [138/445] SDPO
[17:49:37] [139/445] PCSK
[17:49:38] [140/445] ACHV
[17:49:38] [141/445] SVLA
[17:49:39] [142/445] PICT
[17:49:40] [143/445] BXDR
[17:49:41] [144/445] SPWA
[17:49:42] [145/445] MCKO
[17:49:43] [146/445] RTHK
[17:49:44] [147/445] CCMF
[17:49:44] [148/445] MRGB
[17:49:45] [149/445] CPLC
[17:49:46] [150/445] RACD
[17:49:47] [151/445] ATKT
[17:49:48] [152/445] SARN
[17:49:49] [153/445] KKUI
[17:49:50] [154/445] RGCM
[17:49:51] [155/445] BRVP
[17:49:52] [156/445] HRSR
[17:49:53] [157/445] GKGM
[17:49:54] [158/445] TTCD
[17:49:54] [159/445] PTTI
[17:49:55] [160/445] MPTT
[17:49:56] [161/445] CVTT
[17:49:57] [162/445] PCXD
[17:49:57] [163/445] GCDC
[17:49:58] [164/445] CCCF
[17:50:00] [165/445] MRAD
[17:50:01] [166/445] CPLK
[17:50:01] [167/445] SATB
[17:50:02] [168/445] SNVG
[17:50:03] [169/445] JMBA
[17:50:04] [170/445] TEJA
[17:50:05] [171/445] STYO
[17:50:05] [172/445] JTBP
[17:50:06] [173/445] KRGD
[17:50:07] [174/445] SLJJ
[17:50:08] [175/445] SPTJ
[17:50:09] [176/445] SWJG
[17:50:09] [177/445] LKRT
[17:50:10] [178/445] KCKA
[17:50:11] [179/445] SNCR
[17:50:12] [180/445] SMKL
[17:50:13] [181/445] GCFA
[17:50:14] [182/445] DDCK
[17:50:15] [183/445] NCHJ
[17:50:16] [184/445] RDMA
[17:50:17] [185/445] SVSV
[17:50:18] [186/445] SCJG
[17:50:19] [187/445] VKLP
[17:50:19] [188/445] NWCC
[17:50:20] [189/445] VKNS
[17:50:21] [190/445] SDDP
[17:50:22] [191/445] ACSI
[17:50:22] [192/445] SATG
[17:50:23] [193/445] SCMW
[17:50:24] [194/445] LKTK
[17:50:25] [195/445] VCKV
[17:50:26] [196/445] KKPE
[17:50:27] [197/445] KIGH
[17:50:28] [198/445] SRPM
[17:50:29] [199/445] SCAH
[17:50:30] [200/445] MUTA
[17:50:30] [201/445] SEPU
[17:50:31] [202/445] INOA
[17:50:32] [203/445] BASK
[17:50:33] [204/445] NECB
[17:50:35] [205/445] GTTG
[17:50:36] [206/445] ASSA
[17:50:37] [207/445] ANCL
[17:50:37] [208/445] GCTI
[17:50:38] [209/445] RCTS
[17:50:39] [210/445] ACNL
[17:50:40] [211/445] MYCT
[17:50:41] [212/445] NMHT
[17:50:42] [213/445] MDIT
[17:50:43] [214/445] LATG
[17:50:44] [215/445] SMTY
[17:50:45] [216/445] CVCT
[17:50:46] [217/445] RAMB
[17:50:46] [218/445] TGMS
[17:50:47] [219/445] BHEL
[17:50:48] [220/445] SHCT
[17:50:49] [221/445] SVCT
[17:50:50] [222/445] MRIY
[17:50:51] [223/445] SARO
[17:50:52] [224/445] STCT
[17:50:53] [225/445] JKKC
[17:50:54] [226/445] PLTT
[17:50:55] [227/445] SRNT
[17:50:56] [228/445] YAST
[17:50:57] [229/445] PERL
[17:50:58] [230/445] CICM
[17:50:59] [231/445] MMTR
[17:51:00] [232/445] ABTK
[17:51:01] [233/445] ATYY
[17:51:02] [234/445] ASTK
[17:51:03] [235/445] VVCK
[17:51:04] [236/445] ATKY
[17:51:05] [237/445] GWEK
[17:51:06] [238/445] SVFH
[17:51:07] [239/445] SLTA
[17:51:07] [240/445] AASH
[17:51:09] [241/445] ACXB
[17:51:10] [242/445] SMTX
[17:51:11] [243/445] AZDH
[17:51:12] [244/445] CMMH
[17:51:12] [245/445] SCSZ
[17:51:14] [246/445] SCKP
[17:51:14] [247/445] NXTM
[17:51:15] [248/445] NWCS
[17:51:16] [249/445] CXMH
[17:51:17] [250/445] PCMA
[17:51:18] [251/445] SGCM
[17:51:18] [252/445] SDTU
[17:51:19] [253/445] MMVI
[17:51:20] [254/445] JKCM
[17:51:21] [255/445] VCMM
[17:51:22] [256/445] SYEE
[17:51:23] [257/445] VASD
[17:51:24] [258/445] BDRB
[17:51:25] [259/445] LASM
[17:51:26] [260/445] DCRL
[17:51:27] [261/445] DVPM
[17:51:28] [262/445] SBMJ
[17:51:28] [263/445] CBMU
[17:51:29] [264/445] IUBS
[17:51:31] [265/445] INAP
[17:51:32] [266/445] SRRC
[17:51:33] [267/445] SAGR
[17:51:34] [268/445] CPMJ
[17:51:34] [269/445] ATJL
[17:51:35] [270/445] NNTD
[17:51:36] [271/445] JHCJ
[17:51:37] [272/445] CMMP
[17:51:38] [273/445] RSDR
[17:51:39] [274/445] AMTI
[17:51:40] [275/445] NYSG
[17:51:41] [276/445] AVSG
[17:51:41] [277/445] SYTP
[17:51:42] [278/445] LARC
[17:51:43] [279/445] RJTP
[17:51:45] [280/445] LAKC
[17:51:45] [281/445] MCXE
[17:51:46] [282/445] CCZC
[17:51:47] [283/445] AVCH
[17:51:48] [284/445] CMBE
[17:51:49] [285/445] MRRC
[17:51:50] [286/445] PCPY
[17:51:51] [287/445] SRMH
[17:51:51] [288/445] SVGS
[17:51:52] [289/445] PCSE
[17:51:53] [290/445] SVFT
[17:51:54] [291/445] TNZP
[17:51:55] [292/445] ICTP
[17:51:56] [293/445] ACTZ
[17:51:57] [294/445] GTUR
[17:51:58] [295/445] MAFC
[17:51:59] [296/445] MINL
[17:51:59] [297/445] MRCL
[17:52:00] [298/445] RCRP
[17:52:01] [299/445] RFFG
[17:52:02] [300/445] RMAS
[17:52:03] [301/445] INVR
[17:52:04] [302/445] RMAR
[17:52:04] [303/445] CNIS
[17:52:05] [304/445] RHRJ
[17:52:06] [305/445] INXR
[17:52:07] [306/445] VALT
[17:52:08] [307/445] LCSH
[17:52:09] [308/445] CMVS
[17:52:10] [309/445] CNMS
[17:52:11] [310/445] ROOG
[17:52:13] [311/445] ISRM
[17:52:14] [312/445] RCRM
[17:52:15] [313/445] ACJA
[17:52:16] [314/445] RCVS
[17:52:17] [315/445] CPUS
[17:52:17] [316/445] TGCS
[17:52:18] [317/445] RKCJ
[17:52:20] [318/445] MKSB
[17:52:20] [319/445] TCSJ
[17:52:21] [320/445] RMGP
[17:52:22] [321/445] CLLP
[17:52:23] [322/445] RCMV
[17:52:24] [323/445] CCKS
[17:52:25] [324/445] RSRP
[17:52:25] [325/445] APLP
[17:52:26] [326/445] CNVS
[17:52:27] [327/445] RMVY
[17:52:28] [328/445] PGBD
[17:52:29] [329/445] KLMS
[17:52:29] [330/445] RUST
[17:52:30] [331/445] MASM
[17:52:31] [332/445] BACS
[17:52:33] [333/445] BWST
[17:52:34] [334/445] RRFH
[17:52:35] [335/445] SJTM
[17:52:36] [336/445] BEMR
[17:52:37] [337/445] MCGR
[17:52:38] [338/445] SDSK
[17:52:38] [339/445] VBOL
[17:52:39] [340/445] RMGM
[17:52:40] [341/445] NOPL
[17:52:41] [342/445] MKJK
[17:52:41] [343/445] CVRN
[17:52:42] [344/445] MMEN
[17:52:43] [345/445] AMNG
[17:52:44] [346/445] INTM
[17:52:45] [347/445] SLCZ
[17:52:45] [348/445] AMJN
[17:52:46] [349/445] ACJN
[17:52:47] [350/445] AMKN
[17:52:48] [351/445] BTCN
[17:52:48] [352/445] AMBT
[17:52:49] [353/445] PACN
[17:52:50] [354/445] LCNS
[17:52:51] [355/445] PPKC
[17:52:52] [356/445] JYYN
[17:52:52] [357/445] JTNR
[17:52:53] [358/445] GTEE
[17:52:54] [359/445] SRNM
[17:52:55] [360/445] SDTC
[17:52:56] [361/445] VPCA
[17:52:56] [362/445] VLRA
[17:52:57] [363/445] SHKR
[17:52:58] [364/445] SBKD
[17:52:59] [365/445] SAAD
[17:52:59] [366/445] JTGN
[17:53:00] [367/445] SLAM
[17:53:01] [368/445] VTPM
[17:53:02] [369/445] ANPT
[17:53:03] [370/445] PUNB
[17:53:04] [371/445] CPKT
[17:53:04] [372/445] CNWE
[17:53:05] [373/445] ECPP
[17:53:06] [374/445] CPAR
[17:53:06] [375/445] ESBW
[17:53:07] [376/445] PKPU
[17:53:08] [377/445] CPRP
[17:53:09] [378/445] RAHU
[17:53:10] [379/445] RHMN
[17:53:11] [380/445] FMJP
[17:53:12] [381/445] CTMP
[17:53:12] [382/445] INPN
[17:53:13] [383/445] STTG
[17:53:14] [384/445] CTRD
[17:53:15] [385/445] PUVB
[17:53:16] [386/445] ESVP
[17:53:17] [387/445] CPFT
[17:53:18] [388/445] LCPC
[17:53:19] [389/445] VBCT
[17:53:20] [390/445] FSCW
[17:53:21] [391/445] VCMP
[17:53:22] [392/445] ASHC
[17:53:23] [393/445] VLCX
[17:53:24] [394/445] SHEV
[17:53:25] [395/445] APCO
[17:53:25] [396/445] SILC
[17:53:26] [397/445] SNMR
[17:53:28] [398/445] KYBO
[17:53:29] [399/445] SATK
[17:53:30] [400/445] SSCS
[17:53:31] [401/445] CLSB
[17:53:31] [402/445] KMJR
[17:53:32] [403/445] FSCK
[17:53:33] [404/445] NNKA
[17:53:34] [405/445] CLMK
[17:53:35] [406/445] DMPZ
[17:53:36] [407/445] INQM
[17:53:37] [408/445] CAML
[17:53:37] [409/445] INRK
[17:53:38] [410/445] IMKN
[17:53:39] [411/445] SVNR
[17:53:40] [412/445] INSL
[17:53:41] [413/445] MSMA
[17:53:41] [414/445] MCKK
[17:53:42] [415/445] FCHP
[17:53:44] [416/445] SFCR
[17:53:45] [417/445] NACK
[17:53:45] [418/445] PVAK
[17:53:47] [419/445] INER
[17:53:48] [420/445] RDBK
[17:53:49] [421/445] SVFN
[17:53:50] [422/445] IFRM
[17:53:51] [423/445] ATCK
[17:53:51] [424/445] ASKO
[17:53:52] [425/445] STKT
[17:53:53] [426/445] SVFB
[17:53:53] [427/445] INKS
[17:53:54] [428/445] PCRA
[17:53:55] [429/445] ATJA
[17:53:56] [430/445] IMJN
[17:53:58] [431/445] INHD
[17:53:59] [432/445] BARA
[17:53:59] [433/445] MCSL
[17:54:00] [434/445] RTOY
[17:54:01] [435/445] MENO
[17:54:02] [436/445] PUDM
[17:54:03] [437/445] PRCN
[17:54:04] [438/445] JMJR
[17:54:04] [439/445] SSGK
[17:54:05] [440/445] SSRL
[17:54:06] [441/445] JYKL
[17:54:07] [442/445] ACNB
[17:54:08] [443/445] SONP
[17:54:09] [444/445] EMCI
[17:54:09] [445/445] MRJH
[17:54:10] 🧹 Deduping shows
[17:54:10] ✅ DONE | Shows=3654 | Movies=84
[19:07:20] 🚀 SCRIPT STARTED
[19:07:20] [1/445] TGMR
[19:07:20] 🧠 New identity created
[19:07:21] [2/445] CXKR
[19:07:22] [3/445] SROP
[19:07:23] [4/445] GTSV
[19:07:24] [5/445] SNTY
[19:07:25] [6/445] SMYY
[19:07:25] [7/445] CNCS
[19:07:26] [8/445] CSTM
[19:07:27] [9/445] NUCD
[19:07:28] [10/445] SHCZ
[19:07:29] [11/445] NJCT
[19:07:30] [12/445] COPC
[19:07:31] [13/445] STVV
[19:07:31] [14/445] SKRN
[19:07:32] [15/445] APPZ
[19:07:33] [16/445] YMGN
[19:07:34] [17/445] SVTU
[19:07:34] [18/445] GTAD
[19:07:35] [19/445] PSUS
[19:07:36] [20/445] SMCD
[19:07:37] [21/445] CMCM
[19:07:38] [22/445] SYCT
[19:07:39] [23/445] STLY
[19:07:40] [24/445] CMHU
[19:07:41] [25/445] CMSA
[19:07:42] [26/445] CLCU
[19:07:43] [27/445] PPNT
[19:07:44] [28/445] JTAB
[19:07:45] [29/445] BUUC
[19:07:45] [30/445] BSVK
[19:07:46] [31/445] VVVQ
[19:07:47] [32/445] TKMU
[19:07:48] [33/445] ESYL
[19:07:49] [34/445] ACHP
[19:07:50] [35/445] BTKD
[19:07:50] [36/445] DESA
[19:07:51] [37/445] GBCT
[19:07:52] [38/445] BLLD
[19:07:53] [39/445] SKNT
[19:07:54] [40/445] SSTE
[19:07:55] [41/445] VJMR
[19:07:55] [42/445] NTPU
[19:07:56] [43/445] RDKN
[19:07:57] [44/445] ADGC
[19:07:58] [45/445] VRBP
[19:07:59] [46/445] NMNA
[19:08:00] [47/445] CMMX
[19:08:01] [48/445] PTKO
[19:08:01] [49/445] RBML
[19:08:02] [50/445] SAIC
[19:08:03] [51/445] SVTJ
[19:08:04] [52/445] MRTE
[19:08:05] [53/445] RBTP
[19:08:06] [54/445] NLPS
[19:08:07] [55/445] GTNA
[19:08:09] [56/445] DGGC
[19:08:09] [57/445] SMCR
[19:08:10] [58/445] SCGD
[19:08:12] [59/445] SRRJ
[19:08:13] [60/445] CNRY
[19:08:13] [61/445] KTDI
[19:08:14] [62/445] SNJL
[19:08:15] [63/445] RKMD
[19:08:16] [64/445] SMDC
[19:08:17] [65/445] TADG
[19:08:17] [66/445] MCGS
[19:08:19] [67/445] PETK
[19:08:20] [68/445] CHAG
[19:08:21] [69/445] KSTL
[19:08:22] [70/445] AADS
[19:08:23] [71/445] NTHZ
[19:08:24] [72/445] HCKI
[19:08:25] [73/445] SSEF
[19:08:26] [74/445] MCGX
[19:08:27] [75/445] ERRA
[19:08:28] [76/445] SDTW
[19:08:28] [77/445] RMPK
[19:08:29] [78/445] PTHK
[19:08:30] [79/445] PXCS
[19:08:31] [80/445] SVLU
[19:08:32] [81/445] STAH
[19:08:33] [82/445] JRGF
[19:08:33] [83/445] CDOK
[19:08:34] [84/445] CMSG
[19:08:35] [85/445] APTD
[19:08:36] [86/445] KMPG
[19:08:37] [87/445] MUTJ
[19:08:38] [88/445] VCCI
[19:08:39] [89/445] URBE
[19:08:40] [90/445] TCTS
[19:08:41] [91/445] STSN
[19:08:42] [92/445] AKCH
[19:08:42] [93/445] APSC
[19:08:43] [94/445] VLTB
[19:08:44] [95/445] SANU
[19:08:45] [96/445] AXAM
[19:08:46] [97/445] MGMG
[19:08:47] [98/445] HTBY
[19:08:48] [99/445] MMZS
[19:08:49] [100/445] SUDR
[19:08:50] [101/445] CCAD
[19:08:51] [102/445] SKKC
[19:08:53] [103/445] RMCD
[19:08:54] [104/445] SBCQ
[19:08:54] [105/445] DCCT
[19:08:55] [106/445] VTKP
[19:08:56] [107/445] MLAM
[19:08:57] [108/445] SAVT
[19:08:58] [109/445] GEPL
[19:08:59] [110/445] AMCD
[19:09:00] [111/445] CCXR
[19:09:00] [112/445] GRNG
[19:09:01] [113/445] EBCA
[19:09:02] [114/445] CNVG
[19:09:04] [115/445] MWSS
[19:09:04] [116/445] VBOR
[19:09:05] [117/445] NEEB
[19:09:06] [118/445] SUTH
[19:09:07] [119/445] ANDB
[19:09:08] [120/445] MMXS
[19:09:09] [121/445] CNPD
[19:09:09] [122/445] SDCE
[19:09:11] [123/445] DHCB
[19:09:12] [124/445] ODEN
[19:09:13] [125/445] TNTC
[19:09:14] [126/445] VBKM
[19:09:14] [127/445] RZYM
[19:09:15] [128/445] JEMC
[19:09:16] [129/445] CMAU
[19:09:18] [130/445] SIVP
[19:09:18] [131/445] ATAG
[19:09:19] [132/445] CHTM
[19:09:20] [133/445] AAEE
[19:09:22] [134/445] IWPM
[19:09:22] [135/445] KCMW
[19:09:23] [136/445] MCTD
[19:09:24] [137/445] SPWR
[19:09:25] [138/445] SDPO
[19:09:26] [139/445] PCSK
[19:09:27] [140/445] ACHV
[19:09:28] [141/445] SVLA
[19:09:29] [142/445] PICT
[19:09:30] [143/445] BXDR
[19:09:31] [144/445] SPWA
[19:09:32] [145/445] MCKO
[19:09:33] [146/445] RTHK
[19:09:34] [147/445] CCMF
[19:09:35] [148/445] MRGB
[19:09:36] [149/445] CPLC
[19:09:37] [150/445] RACD
[19:09:38] [151/445] ATKT
[19:09:39] [152/445] SARN
[19:09:40] [153/445] KKUI
[19:09:41] [154/445] RGCM
[19:09:41] [155/445] BRVP
[19:09:42] [156/445] HRSR
[19:09:44] [157/445] GKGM
[19:09:44] [158/445] TTCD
[19:09:45] [159/445] PTTI
[19:09:46] [160/445] MPTT
[19:09:47] [161/445] CVTT
[19:09:48] [162/445] PCXD
[19:09:49] [163/445] GCDC
[19:09:50] [164/445] CCCF
[19:09:50] [165/445] MRAD
[19:09:51] [166/445] CPLK
[19:09:52] [167/445] SATB
[19:09:53] [168/445] SNVG
[19:09:53] [169/445] JMBA
[19:09:54] [170/445] TEJA
[19:09:55] [171/445] STYO
[19:09:56] [172/445] JTBP
[19:09:57] [173/445] KRGD
[19:09:57] [174/445] SLJJ
[19:09:58] [175/445] SPTJ
[19:09:59] [176/445] SWJG
[19:09:59] [177/445] LKRT
[19:10:00] [178/445] KCKA
[19:10:01] [179/445] SNCR
[19:10:02] [180/445] SMKL
[19:10:03] [181/445] GCFA
[19:10:04] [182/445] DDCK
[19:10:05] [183/445] NCHJ
[19:10:06] [184/445] RDMA
[19:10:07] [185/445] SVSV
[19:10:07] [186/445] SCJG
[19:10:09] [187/445] VKLP
[19:10:09] [188/445] NWCC
[19:10:10] [189/445] VKNS
[19:10:11] [190/445] SDDP
[19:10:12] [191/445] ACSI
[19:10:13] [192/445] SATG
[19:10:14] [193/445] SCMW
[19:10:15] [194/445] LKTK
[19:10:16] [195/445] VCKV
[19:10:17] [196/445] KKPE
[19:10:18] [197/445] KIGH
[19:10:19] [198/445] SRPM
[19:10:20] [199/445] SCAH
[19:10:21] [200/445] MUTA
[19:10:22] [201/445] SEPU
[19:10:23] [202/445] INOA
[19:10:24] [203/445] BASK
[19:10:24] [204/445] NECB
[19:10:25] [205/445] GTTG
[19:10:26] [206/445] ASSA
[19:10:28] [207/445] ANCL
[19:10:29] [208/445] GCTI
[19:10:29] [209/445] RCTS
[19:10:30] [210/445] ACNL
[19:10:31] [211/445] MYCT
[19:10:32] [212/445] NMHT
[19:10:33] [213/445] MDIT
[19:10:34] [214/445] LATG
[19:10:35] [215/445] SMTY
[19:10:36] [216/445] CVCT
[19:10:37] [217/445] RAMB
[19:10:38] [218/445] TGMS
[19:10:39] [219/445] BHEL
[19:10:40] [220/445] SHCT
[19:10:41] [221/445] SVCT
[19:10:42] [222/445] MRIY
[19:10:43] [223/445] SARO
[19:10:44] [224/445] STCT
[19:10:45] [225/445] JKKC
[19:10:46] [226/445] PLTT
[19:10:47] [227/445] SRNT
[19:10:48] [228/445] YAST
[19:10:49] [229/445] PERL
[19:10:50] [230/445] CICM
[19:10:52] [231/445] MMTR
[19:10:53] [232/445] ABTK
[19:10:53] [233/445] ATYY
[19:10:54] [234/445] ASTK
[19:10:55] [235/445] VVCK
[19:10:56] [236/445] ATKY
[19:10:57] [237/445] GWEK
[19:10:58] [238/445] SVFH
[19:10:59] [239/445] SLTA
[19:11:00] [240/445] AASH
[19:11:00] [241/445] ACXB
[19:11:01] [242/445] SMTX
[19:11:02] [243/445] AZDH
[19:11:04] [244/445] CMMH
[19:11:05] [245/445] SCSZ
[19:11:05] [246/445] SCKP
[19:11:06] [247/445] NXTM
[19:11:07] [248/445] NWCS
[19:11:08] [249/445] CXMH
[19:11:09] [250/445] PCMA
[19:11:10] [251/445] SGCM
[19:11:11] [252/445] SDTU
[19:11:12] [253/445] MMVI
[19:11:12] [254/445] JKCM
[19:11:13] [255/445] VCMM
[19:11:14] [256/445] SYEE
[19:11:15] [257/445] VASD
[19:11:16] [258/445] BDRB
[19:11:17] [259/445] LASM
[19:11:18] [260/445] DCRL
[19:11:18] [261/445] DVPM
[19:11:20] [262/445] SBMJ
[19:11:21] [263/445] CBMU
[19:11:21] [264/445] IUBS
[19:11:22] [265/445] INAP
[19:11:23] [266/445] SRRC
[19:11:24] [267/445] SAGR
[19:11:25] [268/445] CPMJ
[19:11:26] [269/445] ATJL
[19:11:27] [270/445] NNTD
[19:11:28] [271/445] JHCJ
[19:11:29] [272/445] CMMP
[19:11:30] [273/445] RSDR
[19:11:31] [274/445] AMTI
[19:11:32] [275/445] NYSG
[19:11:32] [276/445] AVSG
[19:11:34] [277/445] SYTP
[19:11:34] [278/445] LARC
[19:11:35] [279/445] RJTP
[19:11:36] [280/445] LAKC
[19:11:38] [281/445] MCXE
[19:11:38] [282/445] CCZC
[19:11:39] [283/445] AVCH
[19:11:40] [284/445] CMBE
[19:11:41] [285/445] MRRC
[19:11:42] [286/445] PCPY
[19:11:42] [287/445] SRMH
[19:11:43] [288/445] SVGS
[19:11:44] [289/445] PCSE
[19:11:45] [290/445] SVFT
[19:11:46] [291/445] TNZP
[19:11:47] [292/445] ICTP
[19:11:48] [293/445] ACTZ
[19:11:49] [294/445] GTUR
[19:11:50] [295/445] MAFC
[19:11:51] [296/445] MINL
[19:11:53] [297/445] MRCL
[19:11:54] [298/445] RCRP
[19:11:55] [299/445] RFFG
[19:11:56] [300/445] RMAS
[19:11:57] [301/445] INVR
[19:11:57] [302/445] RMAR
[19:11:59] [303/445] CNIS
[19:12:00] [304/445] RHRJ
[19:12:01] [305/445] INXR
[19:12:02] [306/445] VALT
[19:12:02] [307/445] LCSH
[19:12:03] [308/445] CMVS
[19:12:04] [309/445] CNMS
[19:12:05] [310/445] ROOG
[19:12:06] [311/445] ISRM
[19:12:07] [312/445] RCRM
[19:12:07] [313/445] ACJA
[19:12:08] [314/445] RCVS
[19:12:09] [315/445] CPUS
[19:12:10] [316/445] TGCS
[19:12:11] [317/445] RKCJ
[19:12:11] [318/445] MKSB
[19:12:12] [319/445] TCSJ
[19:12:13] [320/445] RMGP
[19:12:14] [321/445] CLLP
[19:12:14] [322/445] RCMV
[19:12:15] [323/445] CCKS
[19:12:16] [324/445] RSRP
[19:12:17] [325/445] APLP
[19:12:18] [326/445] CNVS
[19:12:19] [327/445] RMVY
[19:12:20] [328/445] PGBD
[19:12:21] [329/445] KLMS
[19:12:22] [330/445] RUST
[19:12:23] [331/445] MASM
[19:12:24] [332/445] BACS
[19:12:25] [333/445] BWST
[19:12:26] [334/445] RRFH
[19:12:26] [335/445] SJTM
[19:12:27] [336/445] BEMR
[19:12:28] [337/445] MCGR
[19:12:29] [338/445] SDSK
[19:12:29] [339/445] VBOL
[19:12:30] [340/445] RMGM
[19:12:31] [341/445] NOPL
[19:12:32] [342/445] MKJK
[19:12:33] [343/445] CVRN
[19:12:34] [344/445] MMEN
[19:12:34] [345/445] AMNG
[19:12:35] [346/445] INTM
[19:12:36] [347/445] SLCZ
[19:12:36] [348/445] AMJN
[19:12:38] [349/445] ACJN
[19:12:39] [350/445] AMKN
[19:12:39] [351/445] BTCN
[19:12:40] [352/445] AMBT
[19:12:41] [353/445] PACN
[19:12:42] [354/445] LCNS
[19:12:43] [355/445] PPKC
[19:12:44] [356/445] JYYN
[19:12:44] [357/445] JTNR
[19:12:45] [358/445] GTEE
[19:12:46] [359/445] SRNM
[19:12:47] [360/445] SDTC
[19:12:47] [361/445] VPCA
[19:12:48] [362/445] VLRA
[19:12:49] [363/445] SHKR
[19:12:50] [364/445] SBKD
[19:12:51] [365/445] SAAD
[19:12:51] [366/445] JTGN
[19:12:52] [367/445] SLAM
[19:12:53] [368/445] VTPM
[19:12:54] [369/445] ANPT
[19:12:55] [370/445] PUNB
[19:12:55] [371/445] CPKT
[19:12:56] [372/445] CNWE
[19:12:57] [373/445] ECPP
[19:12:58] [374/445] CPAR
[19:12:59] [375/445] ESBW
[19:13:00] [376/445] PKPU
[19:13:01] [377/445] CPRP
[19:13:01] [378/445] RAHU
[19:13:02] [379/445] RHMN
[19:13:04] [380/445] FMJP
[19:13:04] [381/445] CTMP
[19:13:05] [382/445] INPN
[19:13:06] [383/445] STTG
[19:13:08] [384/445] CTRD
[19:13:08] [385/445] PUVB
[19:13:09] [386/445] ESVP
[19:13:10] [387/445] CPFT
[19:13:11] [388/445] LCPC
[19:13:12] [389/445] VBCT
[19:13:14] [390/445] FSCW
[19:13:14] [391/445] VCMP
[19:13:15] [392/445] ASHC
[19:13:16] [393/445] VLCX
[19:13:17] [394/445] SHEV
[19:13:18] [395/445] APCO
[19:13:19] [396/445] SILC
[19:13:19] [397/445] SNMR
[19:13:20] [398/445] KYBO
[19:13:21] [399/445] SATK
[19:13:22] [400/445] SSCS
[19:13:22] [401/445] CLSB
[19:13:23] [402/445] KMJR
[19:13:24] [403/445] FSCK
[19:13:25] [404/445] NNKA
[19:13:26] [405/445] CLMK
[19:13:27] [406/445] DMPZ
[19:13:28] [407/445] INQM
[19:13:28] [408/445] CAML
[19:13:29] [409/445] INRK
[19:13:30] [410/445] IMKN
[19:13:32] [411/445] SVNR
[19:13:32] [412/445] INSL
[19:13:33] [413/445] MSMA
[19:13:34] [414/445] MCKK
[19:13:35] [415/445] FCHP
[19:13:36] [416/445] SFCR
[19:13:36] [417/445] NACK
[19:13:37] [418/445] PVAK
[19:13:38] [419/445] INER
[19:13:39] [420/445] RDBK
[19:13:40] [421/445] SVFN
[19:13:40] [422/445] IFRM
[19:13:41] [423/445] ATCK
[19:13:42] [424/445] ASKO
[19:13:43] [425/445] STKT
[19:13:44] [426/445] SVFB
[19:13:44] [427/445] INKS
[19:13:45] [428/445] PCRA
[19:13:46] [429/445] ATJA
[19:13:47] [430/445] IMJN
[19:13:47] [431/445] INHD
[19:13:48] [432/445] BARA
[19:13:49] [433/445] MCSL
[19:13:50] [434/445] RTOY
[19:13:50] [435/445] MENO
[19:13:51] [436/445] PUDM
[19:13:52] [437/445] PRCN
[19:13:53] [438/445] JMJR
[19:13:54] [439/445] SSGK
[19:13:55] [440/445] SSRL
[19:13:56] [441/445] JYKL
[19:13:58] [442/445] ACNB
[19:13:58] [443/445] SONP
[19:13:59] [444/445] EMCI
[19:14:00] [445/445] MRJH
[19:14:01] 🧹 Deduping shows
[19:14:01] ✅ DONE | Shows=3662 | Movies=84
[20:56:44] 🚀 SCRIPT STARTED
[20:56:44] [1/445] TGMR
[20:56:44] 🧠 New identity created
[20:56:45] [2/445] CXKR
[20:56:46] [3/445] SROP
[20:56:47] [4/445] GTSV
[20:56:48] [5/445] SNTY
[20:56:49] [6/445] SMYY
[20:56:50] [7/445] CNCS
[20:56:51] [8/445] CSTM
[20:56:52] [9/445] NUCD
[20:56:53] [10/445] SHCZ
[20:56:54] [11/445] NJCT
[20:56:54] [12/445] COPC
[20:56:55] [13/445] STVV
[20:56:56] [14/445] SKRN
[20:56:57] [15/445] APPZ
[20:56:58] [16/445] YMGN
[20:56:59] [17/445] SVTU
[20:57:00] [18/445] GTAD
[20:57:01] [19/445] PSUS
[20:57:02] [20/445] SMCD
[20:57:03] [21/445] CMCM
[20:57:04] [22/445] SYCT
[20:57:05] [23/445] STLY
[20:57:05] [24/445] CMHU
[20:57:06] [25/445] CMSA
[20:57:07] [26/445] CLCU
[20:57:08] [27/445] PPNT
[20:57:09] [28/445] JTAB
[20:57:10] [29/445] BUUC
[20:57:11] [30/445] BSVK
[20:57:12] [31/445] VVVQ
[20:57:13] [32/445] TKMU
[20:57:13] [33/445] ESYL
[20:57:14] [34/445] ACHP
[20:57:15] [35/445] BTKD
[20:57:16] [36/445] DESA
[20:57:17] [37/445] GBCT
[20:57:18] [38/445] BLLD
[20:57:19] [39/445] SKNT
[20:57:20] [40/445] SSTE
[20:57:21] [41/445] VJMR
[20:57:22] [42/445] NTPU
[20:57:23] [43/445] RDKN
[20:57:23] [44/445] ADGC
[20:57:24] [45/445] VRBP
[20:57:25] [46/445] NMNA
[20:57:26] [47/445] CMMX
[20:57:27] [48/445] PTKO
[20:57:28] [49/445] RBML
[20:57:29] [50/445] SAIC
[20:57:31] [51/445] SVTJ
[20:57:31] [52/445] MRTE
[20:57:32] [53/445] RBTP
[20:57:34] [54/445] NLPS
[20:57:34] [55/445] GTNA
[20:57:35] [56/445] DGGC
[20:57:36] [57/445] SMCR
[20:57:37] [58/445] SCGD
[20:57:38] [59/445] SRRJ
[20:57:39] [60/445] CNRY
[20:57:39] [61/445] KTDI
[20:57:40] [62/445] SNJL
[20:57:41] [63/445] RKMD
[20:57:42] [64/445] SMDC
[20:57:43] [65/445] TADG
[20:57:43] [66/445] MCGS
[20:57:44] [67/445] PETK
[20:57:45] [68/445] CHAG
[20:57:46] [69/445] KSTL
[20:57:47] [70/445] AADS
[20:57:47] [71/445] NTHZ
[20:57:48] [72/445] HCKI
[20:57:49] [73/445] SSEF
[20:57:50] [74/445] MCGX
[20:57:51] [75/445] ERRA
[20:57:52] [76/445] SDTW
[20:57:53] [77/445] RMPK
[20:57:54] [78/445] PTHK
[20:57:55] [79/445] PXCS
[20:57:55] [80/445] SVLU
[20:57:56] [81/445] STAH
[20:57:57] [82/445] JRGF
[20:57:58] [83/445] CDOK
[20:57:59] [84/445] CMSG
[20:57:59] [85/445] APTD
[20:58:00] [86/445] KMPG
[20:58:01] [87/445] MUTJ
[20:58:01] [88/445] VCCI
[20:58:02] [89/445] URBE
[20:58:03] [90/445] TCTS
[20:58:05] [91/445] STSN
[20:58:06] [92/445] AKCH
[20:58:06] [93/445] APSC
[20:58:07] [94/445] VLTB
[20:58:08] [95/445] SANU
[20:58:09] [96/445] AXAM
[20:58:09] [97/445] MGMG
[20:58:10] [98/445] HTBY
[20:58:11] [99/445] MMZS
[20:58:12] [100/445] SUDR
[20:58:13] [101/445] CCAD
[20:58:13] [102/445] SKKC
[20:58:14] [103/445] RMCD
[20:58:15] [104/445] SBCQ
[20:58:16] [105/445] DCCT
[20:58:17] [106/445] VTKP
[20:58:18] [107/445] MLAM
[20:58:19] [108/445] SAVT
[20:58:20] [109/445] GEPL
[20:58:21] [110/445] AMCD
[20:58:22] [111/445] CCXR
[20:58:23] [112/445] GRNG
[20:58:24] [113/445] EBCA
[20:58:24] [114/445] CNVG
[20:58:25] [115/445] MWSS
[20:58:26] [116/445] VBOR
[20:58:27] [117/445] NEEB
[20:58:28] [118/445] SUTH
[20:58:29] [119/445] ANDB
[20:58:29] [120/445] MMXS
[20:58:30] [121/445] CNPD
[20:58:31] [122/445] SDCE
[20:58:32] [123/445] DHCB
[20:58:32] [124/445] ODEN
[20:58:33] [125/445] TNTC
[20:58:34] [126/445] VBKM
[20:58:35] [127/445] RZYM
[20:58:36] [128/445] JEMC
[20:58:36] [129/445] CMAU
[20:58:37] [130/445] SIVP
[20:58:38] [131/445] ATAG
[20:58:39] [132/445] CHTM
[20:58:40] [133/445] AAEE
[20:58:40] [134/445] IWPM
[20:58:41] [135/445] KCMW
[20:58:43] [136/445] MCTD
[20:58:43] [137/445] SPWR
[20:58:44] [138/445] SDPO
[20:58:45] [139/445] PCSK
[20:58:46] [140/445] ACHV
[20:58:47] [141/445] SVLA
[20:58:48] [142/445] PICT
[20:58:49] [143/445] BXDR
[20:58:50] [144/445] SPWA
[20:58:51] [145/445] MCKO
[20:58:52] [146/445] RTHK
[20:58:53] [147/445] CCMF
[20:58:55] [148/445] MRGB
[20:58:56] [149/445] CPLC
[20:58:57] [150/445] RACD
[20:58:58] [151/445] ATKT
[20:58:58] [152/445] SARN
[20:58:59] [153/445] KKUI
[20:59:00] [154/445] RGCM
[20:59:01] [155/445] BRVP
[20:59:01] [156/445] HRSR
[20:59:02] [157/445] GKGM
[20:59:03] [158/445] TTCD
[20:59:04] [159/445] PTTI
[20:59:05] [160/445] MPTT
[20:59:06] [161/445] CVTT
[20:59:07] [162/445] PCXD
[20:59:08] [163/445] GCDC
[20:59:08] [164/445] CCCF
[20:59:09] [165/445] MRAD
[20:59:10] [166/445] CPLK
[20:59:11] [167/445] SATB
[20:59:12] [168/445] SNVG
[20:59:13] [169/445] JMBA
[20:59:14] [170/445] TEJA
[20:59:14] [171/445] STYO
[20:59:15] [172/445] JTBP
[20:59:16] [173/445] KRGD
[20:59:17] [174/445] SLJJ
[20:59:18] [175/445] SPTJ
[20:59:19] [176/445] SWJG
[20:59:20] [177/445] LKRT
[20:59:21] [178/445] KCKA
[20:59:21] [179/445] SNCR
[20:59:22] [180/445] SMKL
[20:59:23] [181/445] GCFA
[20:59:24] [182/445] DDCK
[20:59:25] [183/445] NCHJ
[20:59:26] [184/445] RDMA
[20:59:26] [185/445] SVSV
[20:59:27] [186/445] SCJG
[20:59:28] [187/445] VKLP
[20:59:29] [188/445] NWCC
[20:59:30] [189/445] VKNS
[20:59:30] [190/445] SDDP
[20:59:32] [191/445] ACSI
[20:59:33] [192/445] SATG
[20:59:33] [193/445] SCMW
[20:59:34] [194/445] LKTK
[20:59:35] [195/445] VCKV
[20:59:36] [196/445] KKPE
[20:59:37] [197/445] KIGH
[20:59:38] [198/445] SRPM
[20:59:39] [199/445] SCAH
[20:59:39] [200/445] MUTA
[20:59:40] [201/445] SEPU
[20:59:41] [202/445] INOA
[20:59:42] [203/445] BASK
[20:59:43] [204/445] NECB
[20:59:44] [205/445] GTTG
[20:59:44] [206/445] ASSA
[20:59:45] [207/445] ANCL
[20:59:46] [208/445] GCTI
[20:59:47] [209/445] RCTS
[20:59:48] [210/445] ACNL
[20:59:48] [211/445] MYCT
[20:59:50] [212/445] NMHT
[20:59:51] [213/445] MDIT
[20:59:52] [214/445] LATG
[20:59:52] [215/445] SMTY
[20:59:53] [216/445] CVCT
[20:59:54] [217/445] RAMB
[20:59:56] [218/445] TGMS
[20:59:56] [219/445] BHEL
[20:59:57] [220/445] SHCT
[20:59:58] [221/445] SVCT
[20:59:59] [222/445] MRIY
[21:00:00] [223/445] SARO
[21:00:01] [224/445] STCT
[21:00:01] [225/445] JKKC
[21:00:02] [226/445] PLTT
[21:00:03] [227/445] SRNT
[21:00:04] [228/445] YAST
[21:00:05] [229/445] PERL
[21:00:05] [230/445] CICM
[21:00:06] [231/445] MMTR
[21:00:07] [232/445] ABTK
[21:00:08] [233/445] ATYY
[21:00:09] [234/445] ASTK
[21:00:10] [235/445] VVCK
[21:00:10] [236/445] ATKY
[21:00:11] [237/445] GWEK
[21:00:12] [238/445] SVFH
[21:00:13] [239/445] SLTA
[21:00:13] [240/445] AASH
[21:00:14] [241/445] ACXB
[21:00:15] [242/445] SMTX
[21:00:16] [243/445] AZDH
[21:00:17] [244/445] CMMH
[21:00:17] [245/445] SCSZ
[21:00:18] [246/445] SCKP
[21:00:19] [247/445] NXTM
[21:00:20] [248/445] NWCS
[21:00:21] [249/445] CXMH
[21:00:21] [250/445] PCMA
[21:00:22] [251/445] SGCM
[21:00:23] [252/445] SDTU
[21:00:24] [253/445] MMVI
[21:00:24] [254/445] JKCM
[21:00:26] [255/445] VCMM
[21:00:27] [256/445] SYEE
[21:00:28] [257/445] VASD
[21:00:28] [258/445] BDRB
[21:00:29] [259/445] LASM
[21:00:30] [260/445] DCRL
[21:00:31] [261/445] DVPM
[21:00:32] [262/445] SBMJ
[21:00:33] [263/445] CBMU
[21:00:33] [264/445] IUBS
[21:00:34] [265/445] INAP
[21:00:35] [266/445] SRRC
[21:00:36] [267/445] SAGR
[21:00:37] [268/445] CPMJ
[21:00:38] [269/445] ATJL
[21:00:38] [270/445] NNTD
[21:00:39] [271/445] JHCJ
[21:00:40] [272/445] CMMP
[21:00:41] [273/445] RSDR
[21:00:42] [274/445] AMTI
[21:00:43] [275/445] NYSG
[21:00:44] [276/445] AVSG
[21:00:45] [277/445] SYTP
[21:00:46] [278/445] LARC
[21:00:47] [279/445] RJTP
[21:00:48] [280/445] LAKC
[21:00:49] [281/445] MCXE
[21:00:50] [282/445] CCZC
[21:00:51] [283/445] AVCH
[21:00:51] [284/445] CMBE
[21:00:53] [285/445] MRRC
[21:00:54] [286/445] PCPY
[21:00:54] [287/445] SRMH
[21:00:55] [288/445] SVGS
[21:00:56] [289/445] PCSE
[21:00:57] [290/445] SVFT
[21:00:58] [291/445] TNZP
[21:00:59] [292/445] ICTP
[21:00:59] [293/445] ACTZ
[21:01:00] [294/445] GTUR
[21:01:01] [295/445] MAFC
[21:01:02] [296/445] MINL
[21:01:03] [297/445] MRCL
[21:01:04] [298/445] RCRP
[21:01:04] [299/445] RFFG
[21:01:05] [300/445] RMAS
[21:01:06] [301/445] INVR
[21:01:07] [302/445] RMAR
[21:01:08] [303/445] CNIS
[21:01:09] [304/445] RHRJ
[21:01:10] [305/445] INXR
[21:01:10] [306/445] VALT
[21:01:11] [307/445] LCSH
[21:01:12] [308/445] CMVS
[21:01:12] [309/445] CNMS
[21:01:13] [310/445] ROOG
[21:01:14] [311/445] ISRM
[21:01:15] [312/445] RCRM
[21:01:15] [313/445] ACJA
[21:01:16] [314/445] RCVS
[21:01:17] [315/445] CPUS
[21:01:18] [316/445] TGCS
[21:01:19] [317/445] RKCJ
[21:01:19] [318/445] MKSB
[21:01:20] [319/445] TCSJ
[21:01:22] [320/445] RMGP
[21:01:22] [321/445] CLLP
[21:01:23] [322/445] RCMV
[21:01:24] [323/445] CCKS
[21:01:24] [324/445] RSRP
[21:01:25] [325/445] APLP
[21:01:26] [326/445] CNVS
[21:01:28] [327/445] RMVY
[21:01:29] [328/445] PGBD
[21:01:29] [329/445] KLMS
[21:01:30] [330/445] RUST
[21:01:31] [331/445] MASM
[21:01:31] [332/445] BACS
[21:01:32] [333/445] BWST
[21:01:33] [334/445] RRFH
[21:01:34] [335/445] SJTM
[21:01:35] [336/445] BEMR
[21:01:36] [337/445] MCGR
[21:01:36] [338/445] SDSK
[21:01:37] [339/445] VBOL
[21:01:38] [340/445] RMGM
[21:01:39] [341/445] NOPL
[21:01:40] [342/445] MKJK
[21:01:41] [343/445] CVRN
[21:01:41] [344/445] MMEN
[21:01:42] [345/445] AMNG
[21:01:43] [346/445] INTM
[21:01:45] [347/445] SLCZ
[21:01:46] [348/445] AMJN
[21:01:47] [349/445] ACJN
[21:01:48] [350/445] AMKN
[21:01:49] [351/445] BTCN
[21:01:49] [352/445] AMBT
[21:01:50] [353/445] PACN
[21:01:51] [354/445] LCNS
[21:01:52] [355/445] PPKC
[21:01:53] [356/445] JYYN
[21:01:54] [357/445] JTNR
[21:01:55] [358/445] GTEE
[21:01:55] [359/445] SRNM
[21:01:56] [360/445] SDTC
[21:01:57] [361/445] VPCA
[21:01:58] [362/445] VLRA
[21:01:59] [363/445] SHKR
[21:02:00] [364/445] SBKD
[21:02:00] [365/445] SAAD
[21:02:01] [366/445] JTGN
[21:02:02] [367/445] SLAM
[21:02:03] [368/445] VTPM
[21:02:04] [369/445] ANPT
[21:02:05] [370/445] PUNB
[21:02:06] [371/445] CPKT
[21:02:07] [372/445] CNWE
[21:02:08] [373/445] ECPP
[21:02:09] [374/445] CPAR
[21:02:09] [375/445] ESBW
[21:02:11] [376/445] PKPU
[21:02:11] [377/445] CPRP
[21:02:12] [378/445] RAHU
[21:02:13] [379/445] RHMN
[21:02:14] [380/445] FMJP
[21:02:15] [381/445] CTMP
[21:02:15] [382/445] INPN
[21:02:16] [383/445] STTG
[21:02:17] [384/445] CTRD
[21:02:18] [385/445] PUVB
[21:02:18] [386/445] ESVP
[21:02:19] [387/445] CPFT
[21:02:20] [388/445] LCPC
[21:02:21] [389/445] VBCT
[21:02:22] [390/445] FSCW
[21:02:23] [391/445] VCMP
[21:02:24] [392/445] ASHC
[21:02:24] [393/445] VLCX
[21:02:25] [394/445] SHEV
[21:02:26] [395/445] APCO
[21:02:27] [396/445] SILC
[21:02:28] [397/445] SNMR
[21:02:29] [398/445] KYBO
[21:02:30] [399/445] SATK
[21:02:31] [400/445] SSCS
[21:02:32] [401/445] CLSB
[21:02:33] [402/445] KMJR
[21:02:34] [403/445] FSCK
[21:02:35] [404/445] NNKA
[21:02:36] [405/445] CLMK
[21:02:37] [406/445] DMPZ
[21:02:37] [407/445] INQM
[21:02:39] [408/445] CAML
[21:02:40] [409/445] INRK
[21:02:41] [410/445] IMKN
[21:02:42] [411/445] SVNR
[21:02:43] [412/445] INSL
[21:02:44] [413/445] MSMA
[21:02:45] [414/445] MCKK
[21:02:46] [415/445] FCHP
[21:02:47] [416/445] SFCR
[21:02:48] [417/445] NACK
[21:02:48] [418/445] PVAK
[21:02:49] [419/445] INER
[21:02:50] [420/445] RDBK
[21:02:51] [421/445] SVFN
[21:02:52] [422/445] IFRM
[21:02:53] [423/445] ATCK
[21:02:54] [424/445] ASKO
[21:02:55] [425/445] STKT
[21:02:56] [426/445] SVFB
[21:02:56] [427/445] INKS
[21:02:57] [428/445] PCRA
[21:02:59] [429/445] ATJA
[21:03:00] [430/445] IMJN
[21:03:00] [431/445] INHD
[21:03:01] [432/445] BARA
[21:03:02] [433/445] MCSL
[21:03:03] [434/445] RTOY
[21:03:04] [435/445] MENO
[21:03:05] [436/445] PUDM
[21:03:05] [437/445] PRCN
[21:03:07] [438/445] JMJR
[21:03:08] [439/445] SSGK
[21:03:09] [440/445] SSRL
[21:03:10] [441/445] JYKL
[21:03:10] [442/445] ACNB
[21:03:11] [443/445] SONP
[21:03:12] [444/445] EMCI
[21:03:13] [445/445] MRJH
[21:03:13] 🧹 Deduping shows
[21:03:13] ✅ DONE | Shows=3676 | Movies=84
