[17:40:08] 🚀 SCRIPT STARTED
[17:40:08] [1/459] NECA
[17:40:08] 🧠 New identity created
[17:40:09] [2/459] BJLC
[17:40:10] [3/459] BASU
[17:40:10] [4/459] RUPI
[17:40:11] [5/459] LCBK
[17:40:12] [6/459] PMAC
[17:40:13] [7/459] AMLC
[17:40:14] [8/459] LICL
[17:40:15] [9/459] UDMM
[17:40:15] [10/459] STBZ
[17:40:16] [11/459] UUBT
[17:40:17] [12/459] SJKC
[17:40:18] [13/459] TUAL
[17:40:19] [14/459] MRSE
[17:40:20] [15/459] RMRK
[17:40:21] [16/459] TTKP
[17:40:21] [17/459] KTKO
[17:40:22] [18/459] SDBK
[17:40:23] [19/459] MCPR
[17:40:24] [20/459] CHTI
[17:40:25] [21/459] GCCP
[17:40:27] [22/459] SRMY
[17:40:28] [23/459] NYST
[17:40:29] [24/459] NYAG
[17:40:29] [25/459] SBMT
[17:40:30] [26/459] INGA
[17:40:31] [27/459] WSIC
[17:40:32] [28/459] SCSS
[17:40:33] [29/459] COPG
[17:40:34] [30/459] RCGR
[17:40:35] [31/459] TCZA
[17:40:36] [32/459] CNLP
[17:40:37] [33/459] CLKN
[17:40:38] [34/459] LHDF
[17:40:39] [35/459] ELKC
[17:40:40] [36/459] VCEM
[17:40:41] [37/459] SSZA
[17:40:42] [38/459] KRMT
[17:40:42] [39/459] LCMV
[17:40:43] [40/459] AYCZ
[17:40:45] [41/459] CUMS
[17:40:46] [42/459] BOCK
[17:40:47] [43/459] PNMR
[17:40:48] [44/459] PJCP
[17:40:49] [45/459] JDDD
[17:40:49] [46/459] STMS
[17:40:50] [47/459] FLMB
[17:40:51] [48/459] PKCM
[17:40:52] [49/459] SPPR
[17:40:53] [50/459] EYLH
[17:40:54] [51/459] RJCC
[17:40:55] [52/459] MMPS
[17:40:55] [53/459] SHMX
[17:40:56] [54/459] CCNL
[17:40:57] [55/459] RCNV
[17:40:58] [56/459] MAAG
[17:40:58] [57/459] LXCM
[17:40:59] [58/459] RCNI
[17:41:00] [59/459] SNNI
[17:41:01] [60/459] LALC
[17:41:02] [61/459] SOCN
[17:41:03] [62/459] JHTP
[17:41:04] [63/459] PITP
[17:41:06] [64/459] CCKW
[17:41:06] [65/459] MCMC
[17:41:07] [66/459] DEES
[17:41:08] [67/459] SABT
[17:41:09] [68/459] VSPP
[17:41:10] [69/459] ABCT
[17:41:11] [70/459] JVTB
[17:41:11] [71/459] VCBD
[17:41:12] [72/459] RMGG
[17:41:13] [73/459] RNMH
[17:41:14] [74/459] SPGL
[17:41:15] [75/459] JTTR
[17:41:17] [76/459] SICS
[17:41:18] [77/459] SRMI
[17:41:19] [78/459] SSIJ
[17:41:19] [79/459] KFMT
[17:41:20] [80/459] VBIT
[17:41:21] [81/459] JKCT
[17:41:22] [82/459] GCGP
[17:41:23] [83/459] GDCS
[17:41:24] [84/459] TRBA
[17:41:25] [85/459] QUST
[17:41:25] [86/459] VSHM
[17:41:26] [87/459] SDCP
[17:41:27] [88/459] SNVS
[17:41:28] [89/459] NYTO
[17:41:29] [90/459] URWC
[17:41:30] [91/459] GTWH
[17:41:30] [92/459] PFCM
[17:41:31] [93/459] KRTA
[17:41:32] [94/459] AXMC
[17:41:33] [95/459] EVMC
[17:41:34] [96/459] HGSM
[17:41:35] [97/459] ACVM
[17:41:36] [98/459] PSKL
[17:41:37] [99/459] RDMP
[17:41:38] [100/459] RHGH
[17:41:38] [101/459] OMCM
[17:41:39] [102/459] DCCP
[17:41:40] [103/459] MCPB
[17:41:41] [104/459] ALCI
[17:41:42] [105/459] BLMX
[17:41:43] [106/459] BTMV
[17:41:44] [107/459] FVPN
[17:41:45] [108/459] CMAR
[17:41:46] [109/459] CEIM
[17:41:47] [110/459] CMVA
[17:41:48] [111/459] CPIV
[17:41:48] [112/459] CNPE
[17:41:49] [113/459] COLV
[17:41:50] [114/459] DNNV
[17:41:51] [115/459] HCAD
[17:41:52] [116/459] TAKA
[17:41:53] [117/459] INVD
[17:41:54] [118/459] IRMM
[17:41:54] [119/459] INSE
[17:41:55] [120/459] MRSW
[17:41:56] [121/459] MCVD
[17:41:57] [122/459] MCSO
[17:41:58] [123/459] PEVM
[17:41:58] [124/459] PVNL
[17:41:59] [125/459] PTCV
[17:42:00] [126/459] PRTC
[17:42:01] [127/459] RCVA
[17:42:02] [128/459] MTBN
[17:42:02] [129/459] LUCP
[17:42:03] [130/459] FMPT
[17:42:04] [131/459] JLSL
[17:42:05] [132/459] SBHA
[17:42:06] [133/459] SHRC
[17:42:06] [134/459] AVPS
[17:42:07] [135/459] STPM
[17:42:08] [136/459] ATRD
[17:42:09] [137/459] VTED
[17:42:10] [138/459] ACAI
[17:42:11] [139/459] SMAE
[17:42:12] [140/459] VMAT
[17:42:13] [141/459] LKCT
[17:42:14] [142/459] JTVK
[17:42:16] [143/459] PRTY
[17:42:18] [144/459] GETT
[17:42:19] [145/459] ESAP
[17:42:20] [146/459] NCPM
[17:42:21] [147/459] PCPA
[17:42:22] [148/459] MMOM
[17:42:23] [149/459] PHUP
[17:42:24] [150/459] CCPI
[17:42:25] [151/459] CNTD
[17:42:25] [152/459] NLJR
[17:42:26] [153/459] SRNG
[17:42:27] [154/459] MHAL
[17:42:28] [155/459] PNSM
[17:42:29] [156/459] DRMY
[17:42:30] [157/459] CCMU
[17:42:31] [158/459] SCMY
[17:42:32] [159/459] PVSY
[17:42:33] [160/459] SDLM
[17:42:34] [161/459] ICCM
[17:42:35] [162/459] PYSU
[17:42:37] [163/459] GATM
[17:42:38] [164/459] WOTM
[17:42:38] [165/459] RKTS
[17:42:39] [166/459] PMTY
[17:42:40] [167/459] LYMS
[17:42:41] [168/459] TGCA
[17:42:42] [169/459] DSTA
[17:42:43] [170/459] CNGE
[17:42:44] [171/459] VSTG
[17:42:45] [172/459] GTCK
[17:42:46] [173/459] TGNT
[17:42:47] [174/459] ASLC
[17:42:48] [175/459] SSST
[17:42:48] [176/459] KBTT
[17:42:49] [177/459] HKCP
[17:42:50] [178/459] SWLC
[17:42:51] [179/459] RTND
[17:42:52] [180/459] PKKT
[17:42:53] [181/459] HSTK
[17:42:54] [182/459] SPTT
[17:42:55] [183/459] IMPM
[17:42:56] [184/459] SCMV
[17:42:57] [185/459] SPCT
[17:42:58] [186/459] JBCA
[17:42:58] [187/459] ATTR
[17:43:00] [188/459] SPMT
[17:43:01] [189/459] LCTM
[17:43:02] [190/459] SCVL
[17:43:03] [191/459] SCVT
[17:43:03] [192/459] KRIC
[17:43:04] [193/459] CTMG
[17:43:05] [194/459] ACNC
[17:43:06] [195/459] DMCK
[17:43:07] [196/459] KMTV
[17:43:08] [197/459] PFCJ
[17:43:09] [198/459] VNMD
[17:43:10] [199/459] VPCZ
[17:43:11] [200/459] SRYR
[17:43:12] [201/459] SYTR
[17:43:12] [202/459] GATR
[17:43:13] [203/459] URTR
[17:43:14] [204/459] MKSM
[17:43:15] [205/459] VSMH
[17:43:16] [206/459] SKRJ
[17:43:17] [207/459] SSJR
[17:43:18] [208/459] SVSM
[17:43:19] [209/459] RUCM
[17:43:19] [210/459] PRKN
[17:43:20] [211/459] RROH
[17:43:21] [212/459] SCTN
[17:43:22] [213/459] RTDM
[17:43:23] [214/459] ASRM
[17:43:24] [215/459] SKMD
[17:43:25] [216/459] SUTD
[17:43:25] [217/459] SADM
[17:43:26] [218/459] WCNR
[17:43:27] [219/459] CNED
[17:43:29] [220/459] MPDB
[17:43:30] [221/459] KTBH
[17:43:31] [222/459] IDRM
[17:43:32] [223/459] PJJT
[17:43:33] [224/459] PFCV
[17:43:34] [225/459] AACT
[17:43:35] [226/459] AAAD
[17:43:37] [227/459] ANES
[17:43:38] [228/459] MNCA
[17:43:39] [229/459] RMGU
[17:43:40] [230/459] DLCN
[17:43:41] [231/459] LJWT
[17:43:42] [232/459] MCBG
[17:43:43] [233/459] MYBG
[17:43:44] [234/459] GCCA
[17:43:45] [235/459] GCGA
[17:43:46] [236/459] ECGN
[17:43:47] [237/459] PRAB
[17:43:48] [238/459] PNMP
[17:43:48] [239/459] GCPT
[17:43:49] [240/459] ROYN
[17:43:50] [241/459] VATM
[17:43:51] [242/459] KSNT
[17:43:52] [243/459] ACTC
[17:43:53] [244/459] PLTD
[17:43:53] [245/459] SKMK
[17:43:54] [246/459] CMTT
[17:43:55] [247/459] SMXP
[17:43:56] [248/459] SCMX
[17:43:57] [249/459] ACXN
[17:43:58] [250/459] ASWT
[17:43:59] [251/459] VVVL
[17:43:59] [252/459] NAGO
[17:44:00] [253/459] SNCN
[17:44:01] [254/459] MCKP
[17:44:03] [255/459] SAMO
[17:44:04] [256/459] JBTV
[17:44:04] [257/459] DCVV
[17:44:05] [258/459] KMSV
[17:44:06] [259/459] KDCN
[17:44:07] [260/459] CNCP
[17:44:08] [261/459] HAMC
[17:44:09] [262/459] CCVZ
[17:44:10] [263/459] NCCK
[17:44:11] [264/459] MCHR
[17:44:12] [265/459] SCHT
[17:44:12] [266/459] ESSH
[17:44:13] [267/459] CUJC
[17:44:14] [268/459] PECP
[17:44:15] [269/459] PMMI
[17:44:16] [270/459] PCCH
[17:44:17] [271/459] PRPM
[17:44:18] [272/459] PVKL
[17:44:18] [273/459] CBSM
[17:44:19] [274/459] PVCZ
[17:44:20] [275/459] PCVV
[17:44:21] [276/459] CTMJ
[17:44:22] [277/459] RCPS
[17:44:23] [278/459] PCIT
[17:44:24] [279/459] FNCH
[17:44:26] [280/459] INZD
[17:44:27] [281/459] INPC
[17:44:28] [282/459] LCZP
[17:44:29] [283/459] SMCB
[17:44:30] [284/459] PTSB
[17:44:31] [285/459] TPSI
[17:44:32] [286/459] KHMJ
[17:44:32] [287/459] RCCJ
[17:44:33] [288/459] NCJA
[17:44:34] [289/459] NCJN
[17:44:35] [290/459] BTDP
[17:44:36] [291/459] PADY
[17:44:37] [292/459] NYBH
[17:44:38] [293/459] MTBR
[17:44:39] [294/459] KRBC
[17:44:39] [295/459] DKTI
[17:44:41] [296/459] ANAN
[17:44:42] [297/459] INBP
[17:44:43] [298/459] PATB
[17:44:45] [299/459] RGNT
[17:44:46] [300/459] CGPM
[17:44:46] [301/459] INTN
[17:44:47] [302/459] MCMP
[17:44:49] [303/459] ASRG
[17:44:50] [304/459] CXJD
[17:44:51] [305/459] SPCP
[17:44:52] [306/459] CSTP
[17:44:52] [307/459] PKVC
[17:44:53] [308/459] ESCP
[17:44:54] [309/459] CAEP
[17:44:55] [310/459] CCSP
[17:44:56] [311/459] KTPC
[17:44:56] [312/459] DACA
[17:44:57] [313/459] NVKY
[17:44:58] [314/459] PTIN
[17:44:59] [315/459] SCIN
[17:45:00] [316/459] MCTY
[17:45:01] [317/459] PCMX
[17:45:02] [318/459] INIC
[17:45:03] [319/459] MMZM
[17:45:04] [320/459] SSLP
[17:45:04] [321/459] DTDT
[17:45:05] [322/459] FFCX
[17:45:06] [323/459] RCMM
[17:45:07] [324/459] KYID
[17:45:08] [325/459] CSCI
[17:45:09] [326/459] FCMC
[17:45:09] [327/459] MMXI
[17:45:10] [328/459] ASTC
[17:45:11] [329/459] CMRA
[17:45:12] [330/459] DICI
[17:45:13] [331/459] KDIN
[17:45:14] [332/459] PRFI
[17:45:15] [333/459] SVFC
[17:45:16] [334/459] UCPL
[17:45:17] [335/459] COOC
[17:45:18] [336/459] SCAL
[17:45:18] [337/459] SVFF
[17:45:20] [338/459] VCMG
[17:45:21] [339/459] UUCT
[17:45:22] [340/459] GCSE
[17:45:22] [341/459] SUSC
[17:45:23] [342/459] MISC
[17:45:24] [343/459] RMBL
[17:45:25] [344/459] CMXN
[17:45:27] [345/459] PVBK
[17:45:28] [346/459] HHCG
[17:45:28] [347/459] SCAG
[17:45:29] [348/459] CNPR
[17:45:30] [349/459] CSER
[17:45:31] [350/459] HLWD
[17:45:32] [351/459] BOLY
[17:45:33] [352/459] SSPG
[17:45:34] [353/459] MUPX
[17:45:35] [354/459] HAMR
[17:45:35] [355/459] SDNC
[17:45:36] [356/459] RTEN
[17:45:37] [357/459] SDTD
[17:45:38] [358/459] KAWS
[17:45:39] [359/459] CMZX
[17:45:39] [360/459] DCDD
[17:45:41] [361/459] ALSN
[17:45:41] [362/459] IMXS
[17:45:42] [363/459] PVFF
[17:45:43] [364/459] PVOO
[17:45:44] [365/459] CFBS
[17:45:45] [366/459] PVER
[17:45:46] [367/459] PPNX
[17:45:48] [368/459] CNRM
[17:45:49] [369/459] PVWW
[17:45:50] [370/459] INMB
[17:45:50] [371/459] CPJR
[17:45:51] [372/459] INRZ
[17:45:53] [373/459] PMSR
[17:45:54] [374/459] GPGM
[17:45:55] [375/459] PGWB
[17:45:56] [376/459] PMBR
[17:45:56] [377/459] GPAM
[17:45:58] [378/459] INBC
[17:45:59] [379/459] PZVK
[17:46:00] [380/459] CPEB
[17:46:01] [381/459] FMLB
[17:46:02] [382/459] INBG
[17:46:03] [383/459] GPBR
[17:46:04] [384/459] PAAS
[17:46:05] [385/459] VTBR
[17:46:05] [386/459] GPMY
[17:46:06] [387/459] GYBU
[17:46:07] [388/459] INBJ
[17:46:08] [389/459] LKTH
[17:46:09] [390/459] NSBR
[17:46:10] [391/459] PDRD
[17:46:11] [392/459] VRBL
[17:46:12] [393/459] VTGB
[17:46:13] [394/459] VTSK
[17:46:13] [395/459] BKDV
[17:46:14] [396/459] SVTB
[17:46:15] [397/459] MLDT
[17:46:16] [398/459] NRBL
[17:46:17] [399/459] SLTR
[17:46:18] [400/459] VNKA
[17:46:19] [401/459] TDCA
[17:46:20] [402/459] INBM
[17:46:21] [403/459] SSNR
[17:46:22] [404/459] BHAC
[17:46:23] [405/459] SDSD
[17:46:25] [406/459] SAMP
[17:46:26] [407/459] RATK
[17:46:27] [408/459] KCBI
[17:46:28] [409/459] URBL
[17:46:29] [410/459] MKBG
[17:46:30] [411/459] ASTB
[17:46:31] [412/459] VBWT
[17:46:31] [413/459] GPSM
[17:46:32] [414/459] ROON
[17:46:33] [415/459] CHTH
[17:46:35] [416/459] SSPA
[17:46:36] [417/459] ANBL
[17:46:37] [418/459] VTBE
[17:46:37] [419/459] SVKT
[17:46:38] [420/459] SVYK
[17:46:39] [421/459] PTBK
[17:46:40] [422/459] RKTB
[17:46:41] [423/459] BALT
[17:46:42] [424/459] STSV
[17:46:42] [425/459] VCCB
[17:46:44] [426/459] SLTB
[17:46:44] [427/459] SBCR
[17:46:45] [428/459] VDCS
[17:46:46] [429/459] MDKI
[17:46:48] [430/459] SMRN
[17:46:49] [431/459] PTBC
[17:46:50] [432/459] RADI
[17:46:51] [433/459] ADCR
[17:46:52] [434/459] SDCS
[17:46:52] [435/459] SRPJ
[17:46:53] [436/459] ARTS
[17:46:54] [437/459] SRHK
[17:46:55] [438/459] SPAY
[17:46:57] [439/459] GPTB
[17:46:58] [440/459] SNNN
[17:46:58] [441/459] BALJ
[17:46:59] [442/459] TRIG
[17:47:01] [443/459] GTYT
[17:47:02] [444/459] ATGN
[17:47:03] [445/459] ANTE
[17:47:03] [446/459] BDCG
[17:47:05] [447/459] VECI
[17:47:06] [448/459] SCPR
[17:47:07] [449/459] RTEA
[17:47:09] [450/459] JSAI
[17:47:10] [451/459] VJTP
[17:47:11] [452/459] GNDS
[17:47:12] [453/459] PAXA
[17:47:13] [454/459] CGGM
[17:47:14] [455/459] ACKZ
[17:47:15] [456/459] EMCC
[17:47:15] [457/459] KLSK
[17:47:16] [458/459] AVCK
[17:47:17] [459/459] JTCK
[17:47:18] 🧹 Deduping shows
[17:47:18] ✅ DONE | Shows=4722 | Movies=76
[19:06:27] 🚀 SCRIPT STARTED
[19:06:27] [1/459] NECA
[19:06:27] 🧠 New identity created
[19:06:28] [2/459] BJLC
[19:06:29] [3/459] BASU
[19:06:30] [4/459] RUPI
[19:06:31] [5/459] LCBK
[19:06:31] [6/459] PMAC
[19:06:32] [7/459] AMLC
[19:06:33] [8/459] LICL
[19:06:34] [9/459] UDMM
[19:06:35] [10/459] STBZ
[19:06:36] [11/459] UUBT
[19:06:37] [12/459] SJKC
[19:06:38] [13/459] TUAL
[19:06:39] [14/459] MRSE
[19:06:40] [15/459] RMRK
[19:06:41] [16/459] TTKP
[19:06:41] [17/459] KTKO
[19:06:42] [18/459] SDBK
[19:06:43] [19/459] MCPR
[19:06:44] [20/459] CHTI
[19:06:45] [21/459] GCCP
[19:06:46] [22/459] SRMY
[19:06:47] [23/459] NYST
[19:06:47] [24/459] NYAG
[19:06:48] [25/459] SBMT
[19:06:49] [26/459] INGA
[19:06:50] [27/459] WSIC
[19:06:52] [28/459] SCSS
[19:06:53] [29/459] COPG
[19:06:54] [30/459] RCGR
[19:06:55] [31/459] TCZA
[19:06:56] [32/459] CNLP
[19:06:57] [33/459] CLKN
[19:06:58] [34/459] LHDF
[19:06:59] [35/459] ELKC
[19:07:00] [36/459] VCEM
[19:07:01] [37/459] SSZA
[19:07:02] [38/459] KRMT
[19:07:03] [39/459] LCMV
[19:07:04] [40/459] AYCZ
[19:07:05] [41/459] CUMS
[19:07:05] [42/459] BOCK
[19:07:06] [43/459] PNMR
[19:07:07] [44/459] PJCP
[19:07:08] [45/459] JDDD
[19:07:08] [46/459] STMS
[19:07:10] [47/459] FLMB
[19:07:11] [48/459] PKCM
[19:07:12] [49/459] SPPR
[19:07:13] [50/459] EYLH
[19:07:13] [51/459] RJCC
[19:07:14] [52/459] MMPS
[19:07:16] [53/459] SHMX
[19:07:17] [54/459] CCNL
[19:07:18] [55/459] RCNV
[19:07:19] [56/459] MAAG
[19:07:19] [57/459] LXCM
[19:07:20] [58/459] RCNI
[19:07:22] [59/459] SNNI
[19:07:23] [60/459] LALC
[19:07:23] [61/459] SOCN
[19:07:24] [62/459] JHTP
[19:07:25] [63/459] PITP
[19:07:26] [64/459] CCKW
[19:07:28] [65/459] MCMC
[19:07:30] [66/459] DEES
[19:07:31] [67/459] SABT
[19:07:32] [68/459] VSPP
[19:07:33] [69/459] ABCT
[19:07:34] [70/459] JVTB
[19:07:35] [71/459] VCBD
[19:07:36] [72/459] RMGG
[19:07:37] [73/459] RNMH
[19:07:38] [74/459] SPGL
[19:07:39] [75/459] JTTR
[19:07:40] [76/459] SICS
[19:07:41] [77/459] SRMI
[19:07:43] [78/459] SSIJ
[19:07:44] [79/459] KFMT
[19:07:45] [80/459] VBIT
[19:07:46] [81/459] JKCT
[19:07:48] [82/459] GCGP
[19:07:50] [83/459] GDCS
[19:07:51] [84/459] TRBA
[19:07:51] [85/459] QUST
[19:07:52] [86/459] VSHM
[19:07:53] [87/459] SDCP
[19:07:54] [88/459] SNVS
[19:07:56] [89/459] NYTO
[19:07:57] [90/459] URWC
[19:07:58] [91/459] GTWH
[19:07:59] [92/459] PFCM
[19:07:59] [93/459] KRTA
[19:08:00] [94/459] AXMC
[19:08:01] [95/459] EVMC
[19:08:02] [96/459] HGSM
[19:08:03] [97/459] ACVM
[19:08:04] [98/459] PSKL
[19:08:04] [99/459] RDMP
[19:08:05] [100/459] RHGH
[19:08:06] [101/459] OMCM
[19:08:07] [102/459] DCCP
[19:08:08] [103/459] MCPB
[19:08:09] [104/459] ALCI
[19:08:10] [105/459] BLMX
[19:08:10] [106/459] BTMV
[19:08:12] [107/459] FVPN
[19:08:13] [108/459] CMAR
[19:08:14] [109/459] CEIM
[19:08:15] [110/459] CMVA
[19:08:15] [111/459] CPIV
[19:08:16] [112/459] CNPE
[19:08:17] [113/459] COLV
[19:08:18] [114/459] DNNV
[19:08:19] [115/459] HCAD
[19:08:19] [116/459] TAKA
[19:08:20] [117/459] INVD
[19:08:21] [118/459] IRMM
[19:08:22] [119/459] INSE
[19:08:24] [120/459] MRSW
[19:08:25] [121/459] MCVD
[19:08:25] [122/459] MCSO
[19:08:26] [123/459] PEVM
[19:08:27] [124/459] PVNL
[19:08:28] [125/459] PTCV
[19:08:29] [126/459] PRTC
[19:08:29] [127/459] RCVA
[19:08:30] [128/459] MTBN
[19:08:31] [129/459] LUCP
[19:08:32] [130/459] FMPT
[19:08:33] [131/459] JLSL
[19:08:33] [132/459] SBHA
[19:08:34] [133/459] SHRC
[19:08:36] [134/459] AVPS
[19:08:36] [135/459] STPM
[19:08:37] [136/459] ATRD
[19:08:38] [137/459] VTED
[19:08:40] [138/459] ACAI
[19:08:41] [139/459] SMAE
[19:08:42] [140/459] VMAT
[19:08:43] [141/459] LKCT
[19:08:44] [142/459] JTVK
[19:08:45] [143/459] PRTY
[19:08:46] [144/459] GETT
[19:08:47] [145/459] ESAP
[19:08:47] [146/459] NCPM
[19:08:48] [147/459] PCPA
[19:08:49] [148/459] MMOM
[19:08:51] [149/459] PHUP
[19:08:52] [150/459] CCPI
[19:08:53] [151/459] CNTD
[19:08:54] [152/459] NLJR
[19:08:55] [153/459] SRNG
[19:08:56] [154/459] MHAL
[19:08:57] [155/459] PNSM
[19:08:58] [156/459] DRMY
[19:08:59] [157/459] CCMU
[19:08:59] [158/459] SCMY
[19:09:00] [159/459] PVSY
[19:09:01] [160/459] SDLM
[19:09:02] [161/459] ICCM
[19:09:03] [162/459] PYSU
[19:09:04] [163/459] GATM
[19:09:04] [164/459] WOTM
[19:09:06] [165/459] RKTS
[19:09:07] [166/459] PMTY
[19:09:07] [167/459] LYMS
[19:09:08] [168/459] TGCA
[19:09:10] [169/459] DSTA
[19:09:10] [170/459] CNGE
[19:09:11] [171/459] VSTG
[19:09:12] [172/459] GTCK
[19:09:13] [173/459] TGNT
[19:09:14] [174/459] ASLC
[19:09:15] [175/459] SSST
[19:09:15] [176/459] KBTT
[19:09:17] [177/459] HKCP
[19:09:18] [178/459] SWLC
[19:09:19] [179/459] RTND
[19:09:19] [180/459] PKKT
[19:09:20] [181/459] HSTK
[19:09:21] [182/459] SPTT
[19:09:22] [183/459] IMPM
[19:09:23] [184/459] SCMV
[19:09:24] [185/459] SPCT
[19:09:25] [186/459] JBCA
[19:09:26] [187/459] ATTR
[19:09:28] [188/459] SPMT
[19:09:29] [189/459] LCTM
[19:09:30] [190/459] SCVL
[19:09:31] [191/459] SCVT
[19:09:32] [192/459] KRIC
[19:09:32] [193/459] CTMG
[19:09:33] [194/459] ACNC
[19:09:34] [195/459] DMCK
[19:09:35] [196/459] KMTV
[19:09:36] [197/459] PFCJ
[19:09:37] [198/459] VNMD
[19:09:38] [199/459] VPCZ
[19:09:39] [200/459] SRYR
[19:09:40] [201/459] SYTR
[19:09:41] [202/459] GATR
[19:09:42] [203/459] URTR
[19:09:42] [204/459] MKSM
[19:09:43] [205/459] VSMH
[19:09:44] [206/459] SKRJ
[19:09:45] [207/459] SSJR
[19:09:46] [208/459] SVSM
[19:09:47] [209/459] RUCM
[19:09:47] [210/459] PRKN
[19:09:48] [211/459] RROH
[19:09:49] [212/459] SCTN
[19:09:50] [213/459] RTDM
[19:09:51] [214/459] ASRM
[19:09:52] [215/459] SKMD
[19:09:53] [216/459] SUTD
[19:09:54] [217/459] SADM
[19:09:55] [218/459] WCNR
[19:09:56] [219/459] CNED
[19:09:57] [220/459] MPDB
[19:09:57] [221/459] KTBH
[19:09:58] [222/459] IDRM
[19:09:59] [223/459] PJJT
[19:10:00] [224/459] PFCV
[19:10:00] [225/459] AACT
[19:10:01] [226/459] AAAD
[19:10:02] [227/459] ANES
[19:10:03] [228/459] MNCA
[19:10:04] [229/459] RMGU
[19:10:04] [230/459] DLCN
[19:10:05] [231/459] LJWT
[19:10:06] [232/459] MCBG
[19:10:07] [233/459] MYBG
[19:10:08] [234/459] GCCA
[19:10:09] [235/459] GCGA
[19:10:10] [236/459] ECGN
[19:10:11] [237/459] PRAB
[19:10:13] [238/459] PNMP
[19:10:13] [239/459] GCPT
[19:10:14] [240/459] ROYN
[19:10:15] [241/459] VATM
[19:10:16] [242/459] KSNT
[19:10:17] [243/459] ACTC
[19:10:18] [244/459] PLTD
[19:10:19] [245/459] SKMK
[19:10:20] [246/459] CMTT
[19:10:21] [247/459] SMXP
[19:10:21] [248/459] SCMX
[19:10:22] [249/459] ACXN
[19:10:23] [250/459] ASWT
[19:10:24] [251/459] VVVL
[19:10:26] [252/459] NAGO
[19:10:27] [253/459] SNCN
[19:10:28] [254/459] MCKP
[19:10:30] [255/459] SAMO
[19:10:30] [256/459] JBTV
[19:10:31] [257/459] DCVV
[19:10:32] [258/459] KMSV
[19:10:33] [259/459] KDCN
[19:10:34] [260/459] CNCP
[19:10:34] [261/459] HAMC
[19:10:35] [262/459] CCVZ
[19:10:36] [263/459] NCCK
[19:10:37] [264/459] MCHR
[19:10:38] [265/459] SCHT
[19:10:38] [266/459] ESSH
[19:10:40] [267/459] CUJC
[19:10:41] [268/459] PECP
[19:10:42] [269/459] PMMI
[19:10:43] [270/459] PCCH
[19:10:43] [271/459] PRPM
[19:10:44] [272/459] PVKL
[19:10:45] [273/459] CBSM
[19:10:46] [274/459] PVCZ
[19:10:48] [275/459] PCVV
[19:10:49] [276/459] CTMJ
[19:10:49] [277/459] RCPS
[19:10:51] [278/459] PCIT
[19:10:52] [279/459] FNCH
[19:10:53] [280/459] INZD
[19:10:54] [281/459] INPC
[19:10:54] [282/459] LCZP
[19:10:55] [283/459] SMCB
[19:10:56] [284/459] PTSB
[19:10:57] [285/459] TPSI
[19:10:58] [286/459] KHMJ
[19:10:59] [287/459] RCCJ
[19:10:59] [288/459] NCJA
[19:11:00] [289/459] NCJN
[19:11:01] [290/459] BTDP
[19:11:02] [291/459] PADY
[19:11:04] [292/459] NYBH
[19:11:05] [293/459] MTBR
[19:11:05] [294/459] KRBC
[19:11:06] [295/459] DKTI
[19:11:07] [296/459] ANAN
[19:11:08] [297/459] INBP
[19:11:09] [298/459] PATB
[19:11:10] [299/459] RGNT
[19:11:10] [300/459] CGPM
[19:11:11] [301/459] INTN
[19:11:12] [302/459] MCMP
[19:11:13] [303/459] ASRG
[19:11:14] [304/459] CXJD
[19:11:15] [305/459] SPCP
[19:11:16] [306/459] CSTP
[19:11:17] [307/459] PKVC
[19:11:18] [308/459] ESCP
[19:11:19] [309/459] CAEP
[19:11:20] [310/459] CCSP
[19:11:21] [311/459] KTPC
[19:11:22] [312/459] DACA
[19:11:23] [313/459] NVKY
[19:11:24] [314/459] PTIN
[19:11:25] [315/459] SCIN
[19:11:25] [316/459] MCTY
[19:11:26] [317/459] PCMX
[19:11:27] [318/459] INIC
[19:11:28] [319/459] MMZM
[19:11:28] [320/459] SSLP
[19:11:29] [321/459] DTDT
[19:11:30] [322/459] FFCX
[19:11:32] [323/459] RCMM
[19:11:33] [324/459] KYID
[19:11:33] [325/459] CSCI
[19:11:34] [326/459] FCMC
[19:11:35] [327/459] MMXI
[19:11:37] [328/459] ASTC
[19:11:38] [329/459] CMRA
[19:11:38] [330/459] DICI
[19:11:39] [331/459] KDIN
[19:11:40] [332/459] PRFI
[19:11:41] [333/459] SVFC
[19:11:42] [334/459] UCPL
[19:11:43] [335/459] COOC
[19:11:44] [336/459] SCAL
[19:11:44] [337/459] SVFF
[19:11:45] [338/459] VCMG
[19:11:46] [339/459] UUCT
[19:11:47] [340/459] GCSE
[19:11:47] [341/459] SUSC
[19:11:48] [342/459] MISC
[19:11:49] [343/459] RMBL
[19:11:50] [344/459] CMXN
[19:11:51] [345/459] PVBK
[19:11:53] [346/459] HHCG
[19:11:53] [347/459] SCAG
[19:11:54] [348/459] CNPR
[19:11:55] [349/459] CSER
[19:11:56] [350/459] HLWD
[19:11:58] [351/459] BOLY
[19:11:58] [352/459] SSPG
[19:11:59] [353/459] MUPX
[19:12:00] [354/459] HAMR
[19:12:01] [355/459] SDNC
[19:12:02] [356/459] RTEN
[19:12:02] [357/459] SDTD
[19:12:03] [358/459] KAWS
[19:12:04] [359/459] CMZX
[19:12:05] [360/459] DCDD
[19:12:06] [361/459] ALSN
[19:12:07] [362/459] IMXS
[19:12:08] [363/459] PVFF
[19:12:09] [364/459] PVOO
[19:12:09] [365/459] CFBS
[19:12:10] [366/459] PVER
[19:12:11] [367/459] PPNX
[19:12:12] [368/459] CNRM
[19:12:13] [369/459] PVWW
[19:12:13] [370/459] INMB
[19:12:14] [371/459] CPJR
[19:12:15] [372/459] INRZ
[19:12:16] [373/459] PMSR
[19:12:17] [374/459] GPGM
[19:12:18] [375/459] PGWB
[19:12:19] [376/459] PMBR
[19:12:20] [377/459] GPAM
[19:12:21] [378/459] INBC
[19:12:22] [379/459] PZVK
[19:12:23] [380/459] CPEB
[19:12:25] [381/459] FMLB
[19:12:25] [382/459] INBG
[19:12:26] [383/459] GPBR
[19:12:27] [384/459] PAAS
[19:12:28] [385/459] VTBR
[19:12:29] [386/459] GPMY
[19:12:30] [387/459] GYBU
[19:12:30] [388/459] INBJ
[19:12:31] [389/459] LKTH
[19:12:33] [390/459] NSBR
[19:12:34] [391/459] PDRD
[19:12:35] [392/459] VRBL
[19:12:35] [393/459] VTGB
[19:12:36] [394/459] VTSK
[19:12:37] [395/459] BKDV
[19:12:38] [396/459] SVTB
[19:12:39] [397/459] MLDT
[19:12:39] [398/459] NRBL
[19:12:40] [399/459] SLTR
[19:12:41] [400/459] VNKA
[19:12:42] [401/459] TDCA
[19:12:43] [402/459] INBM
[19:12:44] [403/459] SSNR
[19:12:46] [404/459] BHAC
[19:12:47] [405/459] SDSD
[19:12:48] [406/459] SAMP
[19:12:49] [407/459] RATK
[19:12:49] [408/459] KCBI
[19:12:50] [409/459] URBL
[19:12:51] [410/459] MKBG
[19:12:52] [411/459] ASTB
[19:12:53] [412/459] VBWT
[19:12:54] [413/459] GPSM
[19:12:56] [414/459] ROON
[19:12:56] [415/459] CHTH
[19:12:57] [416/459] SSPA
[19:12:58] [417/459] ANBL
[19:12:58] [418/459] VTBE
[19:13:00] [419/459] SVKT
[19:13:01] [420/459] SVYK
[19:13:02] [421/459] PTBK
[19:13:02] [422/459] RKTB
[19:13:03] [423/459] BALT
[19:13:04] [424/459] STSV
[19:13:05] [425/459] VCCB
[19:13:06] [426/459] SLTB
[19:13:07] [427/459] SBCR
[19:13:08] [428/459] VDCS
[19:13:09] [429/459] MDKI
[19:13:10] [430/459] SMRN
[19:13:11] [431/459] PTBC
[19:13:12] [432/459] RADI
[19:13:13] [433/459] ADCR
[19:13:13] [434/459] SDCS
[19:13:14] [435/459] SRPJ
[19:13:15] [436/459] ARTS
[19:13:17] [437/459] SRHK
[19:13:18] [438/459] SPAY
[19:13:19] [439/459] GPTB
[19:13:20] [440/459] SNNN
[19:13:20] [441/459] BALJ
[19:13:21] [442/459] TRIG
[19:13:22] [443/459] GTYT
[19:13:23] [444/459] ATGN
[19:13:25] [445/459] ANTE
[19:13:26] [446/459] BDCG
[19:13:27] [447/459] VECI
[19:13:27] [448/459] SCPR
[19:13:28] [449/459] RTEA
[19:13:29] [450/459] JSAI
[19:13:30] [451/459] VJTP
[19:13:31] [452/459] GNDS
[19:13:33] [453/459] PAXA
[19:13:33] [454/459] CGGM
[19:13:34] [455/459] ACKZ
[19:13:35] [456/459] EMCC
[19:13:36] [457/459] KLSK
[19:13:37] [458/459] AVCK
[19:13:38] [459/459] JTCK
[19:13:39] 🧹 Deduping shows
[19:13:40] ✅ DONE | Shows=4730 | Movies=76
[20:57:40] 🚀 SCRIPT STARTED
[20:57:40] [1/459] NECA
[20:57:40] 🧠 New identity created
[20:57:41] [2/459] BJLC
[20:57:42] [3/459] BASU
[20:57:43] [4/459] RUPI
[20:57:44] [5/459] LCBK
[20:57:45] [6/459] PMAC
[20:57:46] [7/459] AMLC
[20:57:47] [8/459] LICL
[20:57:48] [9/459] UDMM
[20:57:49] [10/459] STBZ
[20:57:50] [11/459] UUBT
[20:57:50] [12/459] SJKC
[20:57:51] [13/459] TUAL
[20:57:52] [14/459] MRSE
[20:57:53] [15/459] RMRK
[20:57:54] [16/459] TTKP
[20:57:55] [17/459] KTKO
[20:57:56] [18/459] SDBK
[20:57:56] [19/459] MCPR
[20:57:58] [20/459] CHTI
[20:57:59] [21/459] GCCP
[20:58:01] [22/459] SRMY
[20:58:02] [23/459] NYST
[20:58:02] [24/459] NYAG
[20:58:03] [25/459] SBMT
[20:58:04] [26/459] INGA
[20:58:06] [27/459] WSIC
[20:58:06] [28/459] SCSS
[20:58:08] [29/459] COPG
[20:58:09] [30/459] RCGR
[20:58:10] [31/459] TCZA
[20:58:10] [32/459] CNLP
[20:58:11] [33/459] CLKN
[20:58:12] [34/459] LHDF
[20:58:13] [35/459] ELKC
[20:58:14] [36/459] VCEM
[20:58:15] [37/459] SSZA
[20:58:15] [38/459] KRMT
[20:58:16] [39/459] LCMV
[20:58:17] [40/459] AYCZ
[20:58:18] [41/459] CUMS
[20:58:19] [42/459] BOCK
[20:58:20] [43/459] PNMR
[20:58:21] [44/459] PJCP
[20:58:22] [45/459] JDDD
[20:58:23] [46/459] STMS
[20:58:24] [47/459] FLMB
[20:58:25] [48/459] PKCM
[20:58:26] [49/459] SPPR
[20:58:27] [50/459] EYLH
[20:58:28] [51/459] RJCC
[20:58:29] [52/459] MMPS
[20:58:30] [53/459] SHMX
[20:58:31] [54/459] CCNL
[20:58:32] [55/459] RCNV
[20:58:32] [56/459] MAAG
[20:58:33] [57/459] LXCM
[20:58:35] [58/459] RCNI
[20:58:36] [59/459] SNNI
[20:58:37] [60/459] LALC
[20:58:37] [61/459] SOCN
[20:58:38] [62/459] JHTP
[20:58:39] [63/459] PITP
[20:58:40] [64/459] CCKW
[20:58:42] [65/459] MCMC
[20:58:43] [66/459] DEES
[20:58:44] [67/459] SABT
[20:58:45] [68/459] VSPP
[20:58:46] [69/459] ABCT
[20:58:46] [70/459] JVTB
[20:58:47] [71/459] VCBD
[20:58:48] [72/459] RMGG
[20:58:49] [73/459] RNMH
[20:58:50] [74/459] SPGL
[20:58:50] [75/459] JTTR
[20:58:51] [76/459] SICS
[20:58:52] [77/459] SRMI
[20:58:53] [78/459] SSIJ
[20:58:54] [79/459] KFMT
[20:58:54] [80/459] VBIT
[20:58:55] [81/459] JKCT
[20:58:56] [82/459] GCGP
[20:58:57] [83/459] GDCS
[20:58:58] [84/459] TRBA
[20:58:59] [85/459] QUST
[20:58:59] [86/459] VSHM
[20:59:00] [87/459] SDCP
[20:59:01] [88/459] SNVS
[20:59:02] [89/459] NYTO
[20:59:03] [90/459] URWC
[20:59:04] [91/459] GTWH
[20:59:05] [92/459] PFCM
[20:59:06] [93/459] KRTA
[20:59:07] [94/459] AXMC
[20:59:08] [95/459] EVMC
[20:59:09] [96/459] HGSM
[20:59:10] [97/459] ACVM
[20:59:11] [98/459] PSKL
[20:59:12] [99/459] RDMP
[20:59:13] [100/459] RHGH
[20:59:14] [101/459] OMCM
[20:59:14] [102/459] DCCP
[20:59:15] [103/459] MCPB
[20:59:16] [104/459] ALCI
[20:59:17] [105/459] BLMX
[20:59:18] [106/459] BTMV
[20:59:18] [107/459] FVPN
[20:59:19] [108/459] CMAR
[20:59:20] [109/459] CEIM
[20:59:21] [110/459] CMVA
[20:59:22] [111/459] CPIV
[20:59:22] [112/459] CNPE
[20:59:23] [113/459] COLV
[20:59:24] [114/459] DNNV
[20:59:25] [115/459] HCAD
[20:59:27] [116/459] TAKA
[20:59:27] [117/459] INVD
[20:59:28] [118/459] IRMM
[20:59:29] [119/459] INSE
[20:59:30] [120/459] MRSW
[20:59:31] [121/459] MCVD
[20:59:32] [122/459] MCSO
[20:59:32] [123/459] PEVM
[20:59:33] [124/459] PVNL
[20:59:34] [125/459] PTCV
[20:59:35] [126/459] PRTC
[20:59:37] [127/459] RCVA
[20:59:37] [128/459] MTBN
[20:59:38] [129/459] LUCP
[20:59:40] [130/459] FMPT
[20:59:41] [131/459] JLSL
[20:59:41] [132/459] SBHA
[20:59:42] [133/459] SHRC
[20:59:43] [134/459] AVPS
[20:59:44] [135/459] STPM
[20:59:45] [136/459] ATRD
[20:59:46] [137/459] VTED
[20:59:46] [138/459] ACAI
[20:59:47] [139/459] SMAE
[20:59:48] [140/459] VMAT
[20:59:49] [141/459] LKCT
[20:59:50] [142/459] JTVK
[20:59:50] [143/459] PRTY
[20:59:51] [144/459] GETT
[20:59:53] [145/459] ESAP
[20:59:53] [146/459] NCPM
[20:59:54] [147/459] PCPA
[20:59:55] [148/459] MMOM
[20:59:57] [149/459] PHUP
[20:59:58] [150/459] CCPI
[20:59:59] [151/459] CNTD
[21:00:00] [152/459] NLJR
[21:00:00] [153/459] SRNG
[21:00:01] [154/459] MHAL
[21:00:02] [155/459] PNSM
[21:00:03] [156/459] DRMY
[21:00:03] [157/459] CCMU
[21:00:04] [158/459] SCMY
[21:00:05] [159/459] PVSY
[21:00:06] [160/459] SDLM
[21:00:07] [161/459] ICCM
[21:00:08] [162/459] PYSU
[21:00:10] [163/459] GATM
[21:00:10] [164/459] WOTM
[21:00:12] [165/459] RKTS
[21:00:13] [166/459] PMTY
[21:00:14] [167/459] LYMS
[21:00:15] [168/459] TGCA
[21:00:17] [169/459] DSTA
[21:00:17] [170/459] CNGE
[21:00:18] [171/459] VSTG
[21:00:19] [172/459] GTCK
[21:00:19] [173/459] TGNT
[21:00:20] [174/459] ASLC
[21:00:21] [175/459] SSST
[21:00:22] [176/459] KBTT
[21:00:23] [177/459] HKCP
[21:00:23] [178/459] SWLC
[21:00:24] [179/459] RTND
[21:00:25] [180/459] PKKT
[21:00:26] [181/459] HSTK
[21:00:27] [182/459] SPTT
[21:00:28] [183/459] IMPM
[21:00:28] [184/459] SCMV
[21:00:29] [185/459] SPCT
[21:00:30] [186/459] JBCA
[21:00:31] [187/459] ATTR
[21:00:32] [188/459] SPMT
[21:00:33] [189/459] LCTM
[21:00:33] [190/459] SCVL
[21:00:35] [191/459] SCVT
[21:00:36] [192/459] KRIC
[21:00:37] [193/459] CTMG
[21:00:38] [194/459] ACNC
[21:00:39] [195/459] DMCK
[21:00:40] [196/459] KMTV
[21:00:41] [197/459] PFCJ
[21:00:42] [198/459] VNMD
[21:00:42] [199/459] VPCZ
[21:00:43] [200/459] SRYR
[21:00:44] [201/459] SYTR
[21:00:45] [202/459] GATR
[21:00:46] [203/459] URTR
[21:00:46] [204/459] MKSM
[21:00:48] [205/459] VSMH
[21:00:49] [206/459] SKRJ
[21:00:49] [207/459] SSJR
[21:00:50] [208/459] SVSM
[21:00:51] [209/459] RUCM
[21:00:52] [210/459] PRKN
[21:00:53] [211/459] RROH
[21:00:54] [212/459] SCTN
[21:00:54] [213/459] RTDM
[21:00:55] [214/459] ASRM
[21:00:57] [215/459] SKMD
[21:00:58] [216/459] SUTD
[21:00:59] [217/459] SADM
[21:01:00] [218/459] WCNR
[21:01:01] [219/459] CNED
[21:01:02] [220/459] MPDB
[21:01:03] [221/459] KTBH
[21:01:04] [222/459] IDRM
[21:01:04] [223/459] PJJT
[21:01:06] [224/459] PFCV
[21:01:07] [225/459] AACT
[21:01:07] [226/459] AAAD
[21:01:08] [227/459] ANES
[21:01:09] [228/459] MNCA
[21:01:10] [229/459] RMGU
[21:01:11] [230/459] DLCN
[21:01:12] [231/459] LJWT
[21:01:13] [232/459] MCBG
[21:01:14] [233/459] MYBG
[21:01:14] [234/459] GCCA
[21:01:15] [235/459] GCGA
[21:01:16] [236/459] ECGN
[21:01:17] [237/459] PRAB
[21:01:17] [238/459] PNMP
[21:01:18] [239/459] GCPT
[21:01:19] [240/459] ROYN
[21:01:20] [241/459] VATM
[21:01:21] [242/459] KSNT
[21:01:22] [243/459] ACTC
[21:01:23] [244/459] PLTD
[21:01:24] [245/459] SKMK
[21:01:24] [246/459] CMTT
[21:01:25] [247/459] SMXP
[21:01:26] [248/459] SCMX
[21:01:27] [249/459] ACXN
[21:01:28] [250/459] ASWT
[21:01:30] [251/459] VVVL
[21:01:31] [252/459] NAGO
[21:01:33] [253/459] SNCN
[21:01:34] [254/459] MCKP
[21:01:34] [255/459] SAMO
[21:01:35] [256/459] JBTV
[21:01:36] [257/459] DCVV
[21:01:37] [258/459] KMSV
[21:01:38] [259/459] KDCN
[21:01:39] [260/459] CNCP
[21:01:41] [261/459] HAMC
[21:01:41] [262/459] CCVZ
[21:01:43] [263/459] NCCK
[21:01:44] [264/459] MCHR
[21:01:45] [265/459] SCHT
[21:01:46] [266/459] ESSH
[21:01:46] [267/459] CUJC
[21:01:47] [268/459] PECP
[21:01:48] [269/459] PMMI
[21:01:49] [270/459] PCCH
[21:01:50] [271/459] PRPM
[21:01:51] [272/459] PVKL
[21:01:51] [273/459] CBSM
[21:01:52] [274/459] PVCZ
[21:01:53] [275/459] PCVV
[21:01:54] [276/459] CTMJ
[21:01:54] [277/459] RCPS
[21:01:55] [278/459] PCIT
[21:01:56] [279/459] FNCH
[21:01:57] [280/459] INZD
[21:01:58] [281/459] INPC
[21:01:59] [282/459] LCZP
[21:01:59] [283/459] SMCB
[21:02:00] [284/459] PTSB
[21:02:01] [285/459] TPSI
[21:02:02] [286/459] KHMJ
[21:02:04] [287/459] RCCJ
[21:02:05] [288/459] NCJA
[21:02:05] [289/459] NCJN
[21:02:06] [290/459] BTDP
[21:02:07] [291/459] PADY
[21:02:08] [292/459] NYBH
[21:02:09] [293/459] MTBR
[21:02:10] [294/459] KRBC
[21:02:11] [295/459] DKTI
[21:02:12] [296/459] ANAN
[21:02:13] [297/459] INBP
[21:02:13] [298/459] PATB
[21:02:14] [299/459] RGNT
[21:02:15] [300/459] CGPM
[21:02:16] [301/459] INTN
[21:02:17] [302/459] MCMP
[21:02:18] [303/459] ASRG
[21:02:19] [304/459] CXJD
[21:02:21] [305/459] SPCP
[21:02:22] [306/459] CSTP
[21:02:22] [307/459] PKVC
[21:02:23] [308/459] ESCP
[21:02:24] [309/459] CAEP
[21:02:25] [310/459] CCSP
[21:02:26] [311/459] KTPC
[21:02:27] [312/459] DACA
[21:02:27] [313/459] NVKY
[21:02:28] [314/459] PTIN
[21:02:29] [315/459] SCIN
[21:02:31] [316/459] MCTY
[21:02:31] [317/459] PCMX
[21:02:32] [318/459] INIC
[21:02:33] [319/459] MMZM
[21:02:34] [320/459] SSLP
[21:02:35] [321/459] DTDT
[21:02:36] [322/459] FFCX
[21:02:37] [323/459] RCMM
[21:02:38] [324/459] KYID
[21:02:39] [325/459] CSCI
[21:02:40] [326/459] FCMC
[21:02:41] [327/459] MMXI
[21:02:43] [328/459] ASTC
[21:02:44] [329/459] CMRA
[21:02:46] [330/459] DICI
[21:02:46] [331/459] KDIN
[21:02:47] [332/459] PRFI
[21:02:49] [333/459] SVFC
[21:02:50] [334/459] UCPL
[21:02:51] [335/459] COOC
[21:02:53] [336/459] SCAL
[21:02:53] [337/459] SVFF
[21:02:54] [338/459] VCMG
[21:02:55] [339/459] UUCT
[21:02:56] [340/459] GCSE
[21:02:57] [341/459] SUSC
[21:02:57] [342/459] MISC
[21:02:58] [343/459] RMBL
[21:02:59] [344/459] CMXN
[21:03:00] [345/459] PVBK
[21:03:01] [346/459] HHCG
[21:03:01] [347/459] SCAG
[21:03:02] [348/459] CNPR
[21:03:03] [349/459] CSER
[21:03:04] [350/459] HLWD
[21:03:06] [351/459] BOLY
[21:03:06] [352/459] SSPG
[21:03:07] [353/459] MUPX
[21:03:08] [354/459] HAMR
[21:03:09] [355/459] SDNC
[21:03:10] [356/459] RTEN
[21:03:11] [357/459] SDTD
[21:03:11] [358/459] KAWS
[21:03:12] [359/459] CMZX
[21:03:13] [360/459] DCDD
[21:03:14] [361/459] ALSN
[21:03:15] [362/459] IMXS
[21:03:16] [363/459] PVFF
[21:03:17] [364/459] PVOO
[21:03:18] [365/459] CFBS
[21:03:19] [366/459] PVER
[21:03:20] [367/459] PPNX
[21:03:21] [368/459] CNRM
[21:03:22] [369/459] PVWW
[21:03:22] [370/459] INMB
[21:03:23] [371/459] CPJR
[21:03:24] [372/459] INRZ
[21:03:25] [373/459] PMSR
[21:03:26] [374/459] GPGM
[21:03:27] [375/459] PGWB
[21:03:28] [376/459] PMBR
[21:03:28] [377/459] GPAM
[21:03:29] [378/459] INBC
[21:03:30] [379/459] PZVK
[21:03:31] [380/459] CPEB
[21:03:32] [381/459] FMLB
[21:03:33] [382/459] INBG
[21:03:34] [383/459] GPBR
[21:03:35] [384/459] PAAS
[21:03:35] [385/459] VTBR
[21:03:36] [386/459] GPMY
[21:03:37] [387/459] GYBU
[21:03:38] [388/459] INBJ
[21:03:39] [389/459] LKTH
[21:03:39] [390/459] NSBR
[21:03:40] [391/459] PDRD
[21:03:41] [392/459] VRBL
[21:03:42] [393/459] VTGB
[21:03:42] [394/459] VTSK
[21:03:43] [395/459] BKDV
[21:03:44] [396/459] SVTB
[21:03:46] [397/459] MLDT
[21:03:47] [398/459] NRBL
[21:03:48] [399/459] SLTR
[21:03:48] [400/459] VNKA
[21:03:49] [401/459] TDCA
[21:03:50] [402/459] INBM
[21:03:51] [403/459] SSNR
[21:03:51] [404/459] BHAC
[21:03:52] [405/459] SDSD
[21:03:53] [406/459] SAMP
[21:03:54] [407/459] RATK
[21:03:54] [408/459] KCBI
[21:03:55] [409/459] URBL
[21:03:56] [410/459] MKBG
[21:03:57] [411/459] ASTB
[21:03:58] [412/459] VBWT
[21:03:58] [413/459] GPSM
[21:03:59] [414/459] ROON
[21:04:00] [415/459] CHTH
[21:04:02] [416/459] SSPA
[21:04:03] [417/459] ANBL
[21:04:03] [418/459] VTBE
[21:04:04] [419/459] SVKT
[21:04:05] [420/459] SVYK
[21:04:06] [421/459] PTBK
[21:04:07] [422/459] RKTB
[21:04:08] [423/459] BALT
[21:04:09] [424/459] STSV
[21:04:10] [425/459] VCCB
[21:04:11] [426/459] SLTB
[21:04:12] [427/459] SBCR
[21:04:12] [428/459] VDCS
[21:04:13] [429/459] MDKI
[21:04:14] [430/459] SMRN
[21:04:15] [431/459] PTBC
[21:04:17] [432/459] RADI
[21:04:18] [433/459] ADCR
[21:04:19] [434/459] SDCS
[21:04:20] [435/459] SRPJ
[21:04:21] [436/459] ARTS
[21:04:21] [437/459] SRHK
[21:04:22] [438/459] SPAY
[21:04:23] [439/459] GPTB
[21:04:24] [440/459] SNNN
[21:04:25] [441/459] BALJ
[21:04:29] [442/459] TRIG
[21:04:30] [443/459] GTYT
[21:04:31] [444/459] ATGN
[21:04:32] [445/459] ANTE
[21:04:33] [446/459] BDCG
[21:04:34] [447/459] VECI
[21:04:35] [448/459] SCPR
[21:04:36] [449/459] RTEA
[21:04:37] [450/459] JSAI
[21:04:38] [451/459] VJTP
[21:04:39] [452/459] GNDS
[21:04:39] [453/459] PAXA
[21:04:40] [454/459] CGGM
[21:04:41] [455/459] ACKZ
[21:04:41] [456/459] EMCC
[21:04:42] [457/459] KLSK
[21:04:43] [458/459] AVCK
[21:04:44] [459/459] JTCK
[21:04:45] 🧹 Deduping shows
[21:04:45] ✅ DONE | Shows=4790 | Movies=77
[22:54:05] 🚀 SCRIPT STARTED
[22:54:05] [1/459] NECA
[22:54:05] 🧠 New identity created
[22:54:06] [2/459] BJLC
[22:54:07] [3/459] BASU
[22:54:08] [4/459] RUPI
[22:54:09] [5/459] LCBK
[22:54:10] [6/459] PMAC
[22:54:11] [7/459] AMLC
[22:54:12] [8/459] LICL
[22:54:13] [9/459] UDMM
[22:54:14] [10/459] STBZ
[22:54:16] [11/459] UUBT
[22:54:17] [12/459] SJKC
[22:54:17] [13/459] TUAL
[22:54:18] [14/459] MRSE
[22:54:19] [15/459] RMRK
[22:54:20] [16/459] TTKP
[22:54:21] [17/459] KTKO
[22:54:22] [18/459] SDBK
[22:54:22] [19/459] MCPR
[22:54:23] [20/459] CHTI
[22:54:24] [21/459] GCCP
[22:54:25] [22/459] SRMY
[22:54:26] [23/459] NYST
[22:54:27] [24/459] NYAG
[22:54:28] [25/459] SBMT
[22:54:29] [26/459] INGA
[22:54:30] [27/459] WSIC
[22:54:31] [28/459] SCSS
[22:54:32] [29/459] COPG
[22:54:32] [30/459] RCGR
[22:54:33] [31/459] TCZA
[22:54:34] [32/459] CNLP
[22:54:35] [33/459] CLKN
[22:54:35] [34/459] LHDF
[22:54:36] [35/459] ELKC
[22:54:37] [36/459] VCEM
[22:54:38] [37/459] SSZA
[22:54:39] [38/459] KRMT
[22:54:39] [39/459] LCMV
[22:54:40] [40/459] AYCZ
[22:54:41] [41/459] CUMS
[22:54:42] [42/459] BOCK
[22:54:43] [43/459] PNMR
[22:54:44] [44/459] PJCP
[22:54:45] [45/459] JDDD
[22:54:46] [46/459] STMS
[22:54:47] [47/459] FLMB
[22:54:48] [48/459] PKCM
[22:54:48] [49/459] SPPR
[22:54:49] [50/459] EYLH
[22:54:50] [51/459] RJCC
[22:54:51] [52/459] MMPS
[22:54:52] [53/459] SHMX
[22:54:53] [54/459] CCNL
[22:54:54] [55/459] RCNV
[22:54:55] [56/459] MAAG
[22:54:56] [57/459] LXCM
[22:54:56] [58/459] RCNI
[22:54:57] [59/459] SNNI
[22:54:58] [60/459] LALC
[22:54:59] [61/459] SOCN
[22:55:00] [62/459] JHTP
[22:55:00] [63/459] PITP
[22:55:01] [64/459] CCKW
[22:55:02] [65/459] MCMC
[22:55:03] [66/459] DEES
[22:55:04] [67/459] SABT
[22:55:05] [68/459] VSPP
[22:55:05] [69/459] ABCT
[22:55:06] [70/459] JVTB
[22:55:07] [71/459] VCBD
[22:55:09] [72/459] RMGG
[22:55:10] [73/459] RNMH
[22:55:10] [74/459] SPGL
[22:55:11] [75/459] JTTR
[22:55:13] [76/459] SICS
[22:55:14] [77/459] SRMI
[22:55:15] [78/459] SSIJ
[22:55:15] [79/459] KFMT
[22:55:16] [80/459] VBIT
[22:55:17] [81/459] JKCT
[22:55:18] [82/459] GCGP
[22:55:19] [83/459] GDCS
[22:55:20] [84/459] TRBA
[22:55:21] [85/459] QUST
[22:55:22] [86/459] VSHM
[22:55:22] [87/459] SDCP
[22:55:23] [88/459] SNVS
[22:55:24] [89/459] NYTO
[22:55:25] [90/459] URWC
[22:55:26] [91/459] GTWH
[22:55:27] [92/459] PFCM
[22:55:28] [93/459] KRTA
[22:55:28] [94/459] AXMC
[22:55:29] [95/459] EVMC
[22:55:30] [96/459] HGSM
[22:55:30] [97/459] ACVM
[22:55:31] [98/459] PSKL
[22:55:32] [99/459] RDMP
[22:55:33] [100/459] RHGH
[22:55:34] [101/459] OMCM
[22:55:35] [102/459] DCCP
[22:55:35] [103/459] MCPB
[22:55:36] [104/459] ALCI
[22:55:37] [105/459] BLMX
[22:55:38] [106/459] BTMV
[22:55:39] [107/459] FVPN
[22:55:40] [108/459] CMAR
[22:55:41] [109/459] CEIM
[22:55:42] [110/459] CMVA
[22:55:43] [111/459] CPIV
[22:55:44] [112/459] CNPE
[22:55:45] [113/459] COLV
[22:55:46] [114/459] DNNV
[22:55:47] [115/459] HCAD
[22:55:48] [116/459] TAKA
[22:55:48] [117/459] INVD
[22:55:49] [118/459] IRMM
[22:55:50] [119/459] INSE
[22:55:51] [120/459] MRSW
[22:55:51] [121/459] MCVD
[22:55:52] [122/459] MCSO
[22:55:53] [123/459] PEVM
[22:55:54] [124/459] PVNL
[22:55:54] [125/459] PTCV
[22:55:56] [126/459] PRTC
[22:55:57] [127/459] RCVA
[22:55:57] [128/459] MTBN
[22:55:58] [129/459] LUCP
[22:56:00] [130/459] FMPT
[22:56:01] [131/459] JLSL
[22:56:02] [132/459] SBHA
[22:56:03] [133/459] SHRC
[22:56:04] [134/459] AVPS
[22:56:05] [135/459] STPM
[22:56:06] [136/459] ATRD
[22:56:07] [137/459] VTED
[22:56:08] [138/459] ACAI
[22:56:09] [139/459] SMAE
[22:56:09] [140/459] VMAT
[22:56:10] [141/459] LKCT
[22:56:11] [142/459] JTVK
[22:56:11] [143/459] PRTY
[22:56:12] [144/459] GETT
[22:56:13] [145/459] ESAP
[22:56:14] [146/459] NCPM
[22:56:15] [147/459] PCPA
[22:56:16] [148/459] MMOM
[22:56:17] [149/459] PHUP
[22:56:17] [150/459] CCPI
[22:56:18] [151/459] CNTD
[22:56:19] [152/459] NLJR
[22:56:20] [153/459] SRNG
[22:56:21] [154/459] MHAL
[22:56:21] [155/459] PNSM
[22:56:22] [156/459] DRMY
[22:56:23] [157/459] CCMU
[22:56:24] [158/459] SCMY
[22:56:26] [159/459] PVSY
[22:56:27] [160/459] SDLM
[22:56:27] [161/459] ICCM
[22:56:28] [162/459] PYSU
[22:56:29] [163/459] GATM
[22:56:30] [164/459] WOTM
[22:56:31] [165/459] RKTS
[22:56:31] [166/459] PMTY
[22:56:32] [167/459] LYMS
[22:56:33] [168/459] TGCA
[22:56:34] [169/459] DSTA
[22:56:35] [170/459] CNGE
[22:56:35] [171/459] VSTG
[22:56:36] [172/459] GTCK
[22:56:37] [173/459] TGNT
[22:56:39] [174/459] ASLC
[22:56:39] [175/459] SSST
[22:56:40] [176/459] KBTT
[22:56:41] [177/459] HKCP
[22:56:42] [178/459] SWLC
[22:56:43] [179/459] RTND
[22:56:44] [180/459] PKKT
[22:56:44] [181/459] HSTK
[22:56:45] [182/459] SPTT
[22:56:46] [183/459] IMPM
[22:56:47] [184/459] SCMV
[22:56:48] [185/459] SPCT
[22:56:49] [186/459] JBCA
[22:56:50] [187/459] ATTR
[22:56:51] [188/459] SPMT
[22:56:52] [189/459] LCTM
[22:56:53] [190/459] SCVL
[22:56:55] [191/459] SCVT
[22:56:56] [192/459] KRIC
[22:56:56] [193/459] CTMG
[22:56:57] [194/459] ACNC
[22:56:58] [195/459] DMCK
[22:56:59] [196/459] KMTV
[22:57:00] [197/459] PFCJ
[22:57:02] [198/459] VNMD
[22:57:02] [199/459] VPCZ
[22:57:04] [200/459] SRYR
[22:57:05] [201/459] SYTR
[22:57:05] [202/459] GATR
[22:57:06] [203/459] URTR
[22:57:07] [204/459] MKSM
[22:57:08] [205/459] VSMH
[22:57:09] [206/459] SKRJ
[22:57:09] [207/459] SSJR
[22:57:10] [208/459] SVSM
[22:57:11] [209/459] RUCM
[22:57:12] [210/459] PRKN
[22:57:12] [211/459] RROH
[22:57:13] [212/459] SCTN
[22:57:14] [213/459] RTDM
[22:57:15] [214/459] ASRM
[22:57:16] [215/459] SKMD
[22:57:17] [216/459] SUTD
[22:57:18] [217/459] SADM
[22:57:19] [218/459] WCNR
[22:57:19] [219/459] CNED
[22:57:20] [220/459] MPDB
[22:57:21] [221/459] KTBH
[22:57:22] [222/459] IDRM
[22:57:22] [223/459] PJJT
[22:57:23] [224/459] PFCV
[22:57:24] [225/459] AACT
[22:57:25] [226/459] AAAD
[22:57:26] [227/459] ANES
[22:57:27] [228/459] MNCA
[22:57:28] [229/459] RMGU
[22:57:28] [230/459] DLCN
[22:57:29] [231/459] LJWT
[22:57:30] [232/459] MCBG
[22:57:31] [233/459] MYBG
[22:57:32] [234/459] GCCA
[22:57:33] [235/459] GCGA
[22:57:34] [236/459] ECGN
[22:57:34] [237/459] PRAB
[22:57:36] [238/459] PNMP
[22:57:38] [239/459] GCPT
[22:57:38] [240/459] ROYN
[22:57:39] [241/459] VATM
[22:57:40] [242/459] KSNT
[22:57:41] [243/459] ACTC
[22:57:41] [244/459] PLTD
[22:57:42] [245/459] SKMK
[22:57:43] [246/459] CMTT
[22:57:44] [247/459] SMXP
[22:57:45] [248/459] SCMX
[22:57:45] [249/459] ACXN
[22:57:46] [250/459] ASWT
[22:57:47] [251/459] VVVL
[22:57:48] [252/459] NAGO
[22:57:48] [253/459] SNCN
[22:57:49] [254/459] MCKP
[22:57:50] [255/459] SAMO
[22:57:50] [256/459] JBTV
[22:57:51] [257/459] DCVV
[22:57:52] [258/459] KMSV
[22:57:53] [259/459] KDCN
[22:57:54] [260/459] CNCP
[22:57:55] [261/459] HAMC
[22:57:56] [262/459] CCVZ
[22:57:56] [263/459] NCCK
[22:57:57] [264/459] MCHR
[22:57:58] [265/459] SCHT
[22:57:59] [266/459] ESSH
[22:58:00] [267/459] CUJC
[22:58:00] [268/459] PECP
[22:58:01] [269/459] PMMI
[22:58:03] [270/459] PCCH
[22:58:04] [271/459] PRPM
[22:58:05] [272/459] PVKL
[22:58:06] [273/459] CBSM
[22:58:07] [274/459] PVCZ
[22:58:08] [275/459] PCVV
[22:58:08] [276/459] CTMJ
[22:58:09] [277/459] RCPS
[22:58:10] [278/459] PCIT
[22:58:11] [279/459] FNCH
[22:58:12] [280/459] INZD
[22:58:13] [281/459] INPC
[22:58:15] [282/459] LCZP
[22:58:15] [283/459] SMCB
[22:58:16] [284/459] PTSB
[22:58:17] [285/459] TPSI
[22:58:18] [286/459] KHMJ
[22:58:19] [287/459] RCCJ
[22:58:20] [288/459] NCJA
[22:58:20] [289/459] NCJN
[22:58:21] [290/459] BTDP
[22:58:22] [291/459] PADY
[22:58:23] [292/459] NYBH
[22:58:24] [293/459] MTBR
[22:58:25] [294/459] KRBC
[22:58:25] [295/459] DKTI
[22:58:27] [296/459] ANAN
[22:58:28] [297/459] INBP
[22:58:29] [298/459] PATB
[22:58:29] [299/459] RGNT
[22:58:30] [300/459] CGPM
[22:58:31] [301/459] INTN
[22:58:32] [302/459] MCMP
[22:58:33] [303/459] ASRG
[22:58:34] [304/459] CXJD
[22:58:35] [305/459] SPCP
[22:58:35] [306/459] CSTP
[22:58:36] [307/459] PKVC
[22:58:37] [308/459] ESCP
[22:58:39] [309/459] CAEP
[22:58:40] [310/459] CCSP
[22:58:42] [311/459] KTPC
[22:58:42] [312/459] DACA
[22:58:43] [313/459] NVKY
[22:58:44] [314/459] PTIN
[22:58:45] [315/459] SCIN
[22:58:46] [316/459] MCTY
[22:58:46] [317/459] PCMX
[22:58:47] [318/459] INIC
[22:58:49] [319/459] MMZM
[22:58:49] [320/459] SSLP
[22:58:51] [321/459] DTDT
[22:58:52] [322/459] FFCX
[22:58:52] [323/459] RCMM
[22:58:53] [324/459] KYID
[22:58:54] [325/459] CSCI
[22:58:55] [326/459] FCMC
[22:58:56] [327/459] MMXI
[22:58:56] [328/459] ASTC
[22:58:57] [329/459] CMRA
[22:58:58] [330/459] DICI
[22:58:59] [331/459] KDIN
[22:59:00] [332/459] PRFI
[22:59:00] [333/459] SVFC
[22:59:01] [334/459] UCPL
[22:59:02] [335/459] COOC
[22:59:03] [336/459] SCAL
[22:59:04] [337/459] SVFF
[22:59:04] [338/459] VCMG
[22:59:05] [339/459] UUCT
[22:59:06] [340/459] GCSE
[22:59:07] [341/459] SUSC
[22:59:08] [342/459] MISC
[22:59:08] [343/459] RMBL
[22:59:10] [344/459] CMXN
[22:59:11] [345/459] PVBK
[22:59:12] [346/459] HHCG
[22:59:13] [347/459] SCAG
[22:59:13] [348/459] CNPR
[22:59:14] [349/459] CSER
[22:59:15] [350/459] HLWD
[22:59:16] [351/459] BOLY
[22:59:17] [352/459] SSPG
[22:59:18] [353/459] MUPX
[22:59:18] [354/459] HAMR
[22:59:19] [355/459] SDNC
[22:59:20] [356/459] RTEN
[22:59:21] [357/459] SDTD
[22:59:22] [358/459] KAWS
[22:59:22] [359/459] CMZX
[22:59:23] [360/459] DCDD
[22:59:24] [361/459] ALSN
[22:59:25] [362/459] IMXS
[22:59:26] [363/459] PVFF
[22:59:27] [364/459] PVOO
[22:59:28] [365/459] CFBS
[22:59:28] [366/459] PVER
[22:59:29] [367/459] PPNX
[22:59:30] [368/459] CNRM
[22:59:31] [369/459] PVWW
[22:59:31] [370/459] INMB
[22:59:32] [371/459] CPJR
[22:59:34] [372/459] INRZ
[22:59:34] [373/459] PMSR
[22:59:35] [374/459] GPGM
[22:59:36] [375/459] PGWB
[22:59:37] [376/459] PMBR
[22:59:37] [377/459] GPAM
[22:59:38] [378/459] INBC
[22:59:39] [379/459] PZVK
[22:59:40] [380/459] CPEB
[22:59:41] [381/459] FMLB
[22:59:42] [382/459] INBG
[22:59:43] [383/459] GPBR
[22:59:44] [384/459] PAAS
[22:59:44] [385/459] VTBR
[22:59:45] [386/459] GPMY
[22:59:46] [387/459] GYBU
[22:59:47] [388/459] INBJ
[22:59:48] [389/459] LKTH
[22:59:49] [390/459] NSBR
[22:59:49] [391/459] PDRD
[22:59:50] [392/459] VRBL
[22:59:51] [393/459] VTGB
[22:59:52] [394/459] VTSK
[22:59:53] [395/459] BKDV
[22:59:54] [396/459] SVTB
[22:59:55] [397/459] MLDT
[22:59:56] [398/459] NRBL
[22:59:57] [399/459] SLTR
[22:59:57] [400/459] VNKA
[22:59:58] [401/459] TDCA
[22:59:59] [402/459] INBM
[23:00:00] [403/459] SSNR
[23:00:01] [404/459] BHAC
[23:00:02] [405/459] SDSD
[23:00:02] [406/459] SAMP
[23:00:03] [407/459] RATK
[23:00:04] [408/459] KCBI
[23:00:05] [409/459] URBL
[23:00:06] [410/459] MKBG
[23:00:07] [411/459] ASTB
[23:00:08] [412/459] VBWT
[23:00:09] [413/459] GPSM
[23:00:09] [414/459] ROON
[23:00:10] [415/459] CHTH
[23:00:11] [416/459] SSPA
[23:00:12] [417/459] ANBL
[23:00:13] [418/459] VTBE
[23:00:14] [419/459] SVKT
[23:00:15] [420/459] SVYK
[23:00:15] [421/459] PTBK
[23:00:16] [422/459] RKTB
[23:00:18] [423/459] BALT
[23:00:18] [424/459] STSV
[23:00:19] [425/459] VCCB
[23:00:20] [426/459] SLTB
[23:00:21] [427/459] SBCR
[23:00:21] [428/459] VDCS
[23:00:22] [429/459] MDKI
[23:00:23] [430/459] SMRN
[23:00:24] [431/459] PTBC
[23:00:25] [432/459] RADI
[23:00:25] [433/459] ADCR
[23:00:26] [434/459] SDCS
[23:00:27] [435/459] SRPJ
[23:00:28] [436/459] ARTS
[23:00:29] [437/459] SRHK
[23:00:30] [438/459] SPAY
[23:00:31] [439/459] GPTB
[23:00:32] [440/459] SNNN
[23:00:33] [441/459] BALJ
[23:00:34] [442/459] TRIG
[23:00:34] [443/459] GTYT
[23:00:35] [444/459] ATGN
[23:00:36] [445/459] ANTE
[23:00:37] [446/459] BDCG
[23:00:38] [447/459] VECI
[23:00:39] [448/459] SCPR
[23:00:39] [449/459] RTEA
[23:00:40] [450/459] JSAI
[23:00:41] [451/459] VJTP
[23:00:42] [452/459] GNDS
[23:00:43] [453/459] PAXA
[23:00:44] [454/459] CGGM
[23:00:45] [455/459] ACKZ
[23:00:46] [456/459] EMCC
[23:00:46] [457/459] KLSK
[23:00:47] [458/459] AVCK
[23:00:48] [459/459] JTCK
[23:00:49] 🧹 Deduping shows
[23:00:49] ✅ DONE | Shows=4798 | Movies=77
