[17:40:20] 🚀 SCRIPT STARTED
[17:40:20] [1/459] MBDC
[17:40:20] 🧠 New identity created
[17:40:21] [2/459] CHKM
[17:40:21] [3/459] JTKZ
[17:40:22] [4/459] CMCT
[17:40:23] [5/459] ASHO
[17:40:24] [6/459] ECDG
[17:40:25] [7/459] SPAT
[17:40:26] [8/459] HILC
[17:40:26] [9/459] SPPH
[17:40:27] [10/459] SBHN
[17:40:28] [11/459] RRCA
[17:40:29] [12/459] APAA
[17:40:30] [13/459] RAME
[17:40:31] [14/459] TMMS
[17:40:32] [15/459] BATK
[17:40:32] [16/459] LKOP
[17:40:33] [17/459] AMTT
[17:40:34] [18/459] PTGK
[17:40:35] [19/459] ANRS
[17:40:36] [20/459] VWBW
[17:40:36] [21/459] SVFG
[17:40:37] [22/459] STAT
[17:40:38] [23/459] GDCV
[17:40:39] [24/459] VEBI
[17:40:40] [25/459] VDSS
[17:40:41] [26/459] NTHV
[17:40:43] [27/459] AOCH
[17:40:44] [28/459] KASR
[17:40:45] [29/459] AYCS
[17:40:46] [30/459] SHAI
[17:40:46] [31/459] SKPE
[17:40:47] [32/459] SBTA
[17:40:48] [33/459] RTTD
[17:40:49] [34/459] CCJD
[17:40:50] [35/459] RSJJ
[17:40:51] [36/459] RKND
[17:40:52] [37/459] SVTX
[17:40:52] [38/459] BAKM
[17:40:54] [39/459] SVDC
[17:40:55] [40/459] MNCV
[17:40:56] [41/459] SJGC
[17:40:56] [42/459] MTPK
[17:40:57] [43/459] GATP
[17:40:58] [44/459] ABTS
[17:40:59] [45/459] ABDE
[17:41:01] [46/459] RCNM
[17:41:02] [47/459] KTHV
[17:41:03] [48/459] MDGJ
[17:41:04] [49/459] SMLM
[17:41:05] [50/459] JTMA
[17:41:06] [51/459] ACKP
[17:41:07] [52/459] SRTA
[17:41:08] [53/459] STAY
[17:41:08] [54/459] MAVO
[17:41:09] [55/459] APTS
[17:41:10] [56/459] OMEA
[17:41:10] [57/459] TTFD
[17:41:11] [58/459] MJCU
[17:41:12] [59/459] CXTE
[17:41:13] [60/459] CTPX
[17:41:14] [61/459] ASSL
[17:41:15] [62/459] CMVB
[17:41:16] [63/459] VPUR
[17:41:17] [64/459] JJDA
[17:41:18] [65/459] INBL
[17:41:19] [66/459] BIKB
[17:41:20] [67/459] NTBB
[17:41:21] [68/459] GLOB
[17:41:22] [69/459] SNTB
[17:41:22] [70/459] CHGV
[17:41:23] [71/459] SSBZ
[17:41:25] [72/459] PRDB
[17:41:26] [73/459] ISMT
[17:41:27] [74/459] MCSD
[17:41:28] [75/459] JBTT
[17:41:29] [76/459] GEKR
[17:41:30] [77/459] PVUN
[17:41:31] [78/459] NRTB
[17:41:32] [79/459] PRAA
[17:41:33] [80/459] PCBL
[17:41:34] [81/459] PTCM
[17:41:35] [82/459] KHNN
[17:41:36] [83/459] OMJE
[17:41:37] [84/459] STGN
[17:41:38] [85/459] RPMS
[17:41:39] [86/459] NWAD
[17:41:40] [87/459] BLCK
[17:41:41] [88/459] SVAA
[17:41:42] [89/459] URVM
[17:41:42] [90/459] ANTM
[17:41:43] [91/459] VJYM
[17:41:45] [92/459] MAZZ
[17:41:46] [93/459] CSHM
[17:41:46] [94/459] WGMH
[17:41:47] [95/459] SALN
[17:41:48] [96/459] BRTP
[17:41:49] [97/459] SVTA
[17:41:50] [98/459] SBTP
[17:41:51] [99/459] VLSS
[17:41:51] [100/459] SRJA
[17:41:52] [101/459] ANCG
[17:41:53] [102/459] CGGC
[17:41:54] [103/459] CRJA
[17:41:55] [104/459] USCR
[17:41:56] [105/459] MMEF
[17:41:57] [106/459] JCRJ
[17:41:58] [107/459] ADCM
[17:41:59] [108/459] BMYK
[17:42:00] [109/459] KICS
[17:42:00] [110/459] MBBT
[17:42:01] [111/459] MACK
[17:42:02] [112/459] CLDR
[17:42:03] [113/459] JYCR
[17:42:04] [114/459] DCRP
[17:42:05] [115/459] RAHT
[17:42:05] [116/459] CSSM
[17:42:06] [117/459] ATPK
[17:42:07] [118/459] KLRT
[17:42:08] [119/459] SRDD
[17:42:09] [120/459] CKMC
[17:42:09] [121/459] KRVM
[17:42:10] [122/459] AKCP
[17:42:12] [123/459] CNCV
[17:42:13] [124/459] PACT
[17:42:14] [125/459] NATP
[17:42:15] [126/459] PCPK
[17:42:16] [127/459] SMHO
[17:42:17] [128/459] CWTK
[17:42:18] [129/459] RVKZ
[17:42:19] [130/459] ASPD
[17:42:20] [131/459] VTKZ
[17:42:20] [132/459] LCSO
[17:42:21] [133/459] PRDY
[17:42:22] [134/459] RCAP
[17:42:23] [135/459] RGAR
[17:42:24] [136/459] RCAC
[17:42:25] [137/459] PMOD
[17:42:25] [138/459] PVCN
[17:42:27] [139/459] SCRZ
[17:42:28] [140/459] PVPC
[17:42:29] [141/459] STID
[17:42:30] [142/459] NEDD
[17:42:31] [143/459] BNBA
[17:42:32] [144/459] NTCD
[17:42:32] [145/459] OCDE
[17:42:33] [146/459] CCDU
[17:42:34] [147/459] CRXH
[17:42:35] [148/459] VLVT
[17:42:36] [149/459] CICI
[17:42:36] [150/459] SUCB
[17:42:37] [151/459] TCBP
[17:42:38] [152/459] SCCY
[17:42:39] [153/459] LXCY
[17:42:40] [154/459] NCMD
[17:42:41] [155/459] PHCS
[17:42:42] [156/459] DUXR
[17:42:43] [157/459] VNKS
[17:42:43] [158/459] SEDP
[17:42:44] [159/459] SVEN
[17:42:45] [160/459] SRKM
[17:42:45] [161/459] JTLT
[17:42:46] [162/459] SVSS
[17:42:47] [163/459] AMDE
[17:42:48] [164/459] WVRN
[17:42:50] [165/459] ISMG
[17:42:50] [166/459] WVKS
[17:42:51] [167/459] USCG
[17:42:52] [168/459] IOTG
[17:42:53] [169/459] RRJM
[17:42:54] [170/459] EDMP
[17:42:55] [171/459] SCGZ
[17:42:56] [172/459] GMGX
[17:42:57] [173/459] OMTP
[17:42:58] [174/459] MITD
[17:42:58] [175/459] SMMD
[17:42:59] [176/459] STML
[17:43:00] [177/459] MCFS
[17:43:01] [178/459] FPKA
[17:43:01] [179/459] OMLR
[17:43:02] [180/459] KKSC
[17:43:03] [181/459] RVMA
[17:43:04] [182/459] SCLL
[17:43:06] [183/459] SCDK
[17:43:06] [184/459] SXMI
[17:43:08] [185/459] SHDN
[17:43:09] [186/459] PAAD
[17:43:10] [187/459] UUCB
[17:43:11] [188/459] JHOL
[17:43:11] [189/459] SGWT
[17:43:12] [190/459] SRII
[17:43:13] [191/459] SGCK
[17:43:14] [192/459] SVVB
[17:43:15] [193/459] DMHA
[17:43:15] [194/459] PPNL
[17:43:16] [195/459] CPNL
[17:43:17] [196/459] WVLD
[17:43:18] [197/459] PSLV
[17:43:19] [198/459] VTTL
[17:43:20] [199/459] NPAD
[17:43:21] [200/459] PVCS
[17:43:22] [201/459] MCHL
[17:43:22] [202/459] PPLL
[17:43:23] [203/459] MALO
[17:43:24] [204/459] SWBH
[17:43:25] [205/459] PUGB
[17:43:27] [206/459] INBB
[17:43:27] [207/459] INNS
[17:43:28] [208/459] MCPT
[17:43:29] [209/459] SCMI
[17:43:30] [210/459] OCON
[17:43:31] [211/459] SCSM
[17:43:32] [212/459] RJVN
[17:43:32] [213/459] AMDK
[17:43:33] [214/459] ISMR
[17:43:34] [215/459] SMTD
[17:43:35] [216/459] VTDD
[17:43:36] [217/459] PDDZ
[17:43:36] [218/459] PCCK
[17:43:37] [219/459] INAM
[17:43:38] [220/459] FNKT
[17:43:39] [221/459] GDKA
[17:43:39] [222/459] MAYU
[17:43:41] [223/459] TCGU
[17:43:42] [224/459] KDCA
[17:43:43] [225/459] DOMY
[17:43:45] [226/459] PDDD
[17:43:46] [227/459] BJTS
[17:43:47] [228/459] VTCA
[17:43:48] [229/459] SBTM
[17:43:48] [230/459] SEET
[17:43:50] [231/459] SSTJ
[17:43:51] [232/459] SVNT
[17:43:52] [233/459] PPPR
[17:43:53] [234/459] PVYS
[17:43:53] [235/459] IOSE
[17:43:55] [236/459] ACTV
[17:43:56] [237/459] APVE
[17:43:57] [238/459] TCCL
[17:43:58] [239/459] SCMO
[17:43:58] [240/459] SAUM
[17:43:59] [241/459] KCJS
[17:44:00] [242/459] NJCJ
[17:44:01] [243/459] NECF
[17:44:02] [244/459] CCGW
[17:44:03] [245/459] CCMG
[17:44:04] [246/459] NYRG
[17:44:04] [247/459] NCSQ
[17:44:05] [248/459] GRCG
[17:44:06] [249/459] CCBT
[17:44:07] [250/459] ACGA
[17:44:07] [251/459] INAG
[17:44:08] [252/459] FUCG
[17:44:09] [253/459] AICF
[17:44:10] [254/459] GRGA
[17:44:10] [255/459] GDCN
[17:44:12] [256/459] RRCG
[17:44:13] [257/459] SDCH
[17:44:13] [258/459] WVJM
[17:44:15] [259/459] JCCZ
[17:44:16] [260/459] CNCL
[17:44:17] [261/459] TMLV
[17:44:18] [262/459] MEMB
[17:44:19] [263/459] SGTD
[17:44:20] [264/459] CONX
[17:44:21] [265/459] CCMH
[17:44:22] [266/459] ACMC
[17:44:22] [267/459] DTPD
[17:44:23] [268/459] POJA
[17:44:24] [269/459] FNBH
[17:44:25] [270/459] CGCB
[17:44:26] [271/459] RACN
[17:44:27] [272/459] JTSM
[17:44:28] [273/459] SCDN
[17:44:29] [274/459] AACK
[17:44:30] [275/459] RMCE
[17:44:31] [276/459] BSGB
[17:44:31] [277/459] MRCB
[17:44:32] [278/459] SRVR
[17:44:33] [279/459] VTKK
[17:44:34] [280/459] AMST
[17:44:35] [281/459] APCY
[17:44:35] [282/459] LMHO
[17:44:36] [283/459] MTZH
[17:44:37] [284/459] AMZB
[17:44:38] [285/459] SUVT
[17:44:39] [286/459] RCIP
[17:44:39] [287/459] KESR
[17:44:40] [288/459] SNKC
[17:44:41] [289/459] SCED
[17:44:42] [290/459] DVCA
[17:44:43] [291/459] VCDT
[17:44:44] [292/459] RRDI
[17:44:44] [293/459] DFCH
[17:44:45] [294/459] INSC
[17:44:46] [295/459] RGTR
[17:44:47] [296/459] FMOT
[17:44:48] [297/459] SCPM
[17:44:49] [298/459] GCDT
[17:44:50] [299/459] BRKT
[17:44:51] [300/459] DEMP
[17:44:52] [301/459] SRLC
[17:44:52] [302/459] KSTT
[17:44:53] [303/459] SMMT
[17:44:55] [304/459] SILM
[17:44:56] [305/459] JCVM
[17:44:57] [306/459] KCSV
[17:44:57] [307/459] MHLK
[17:44:58] [308/459] SLVL
[17:44:59] [309/459] RJKP
[17:45:00] [310/459] BBPC
[17:45:01] [311/459] MXCB
[17:45:02] [312/459] TCPK
[17:45:02] [313/459] RTBR
[17:45:03] [314/459] GAUT
[17:45:04] [315/459] DVCF
[17:45:05] [316/459] JTSB
[17:45:05] [317/459] SBLS
[17:45:06] [318/459] UDAY
[17:45:07] [319/459] PTNP
[17:45:08] [320/459] DMKT
[17:45:08] [321/459] NTDT
[17:45:09] [322/459] SHDJ
[17:45:10] [323/459] OTNC
[17:45:11] [324/459] RNTW
[17:45:12] [325/459] GCMI
[17:45:13] [326/459] CRCM
[17:45:13] [327/459] NNCZ
[17:45:14] [328/459] OEMO
[17:45:15] [329/459] PVJM
[17:45:16] [330/459] CPJI
[17:45:17] [331/459] RMCJ
[17:45:18] [332/459] CNWJ
[17:45:19] [333/459] EPJM
[17:45:20] [334/459] FNJJ
[17:45:21] [335/459] GCMJ
[17:45:21] [336/459] INPS
[17:45:22] [337/459] BICJ
[17:45:23] [338/459] ISTJ
[17:45:24] [339/459] INJC
[17:45:25] [340/459] GLXJ
[17:45:26] [341/459] INEM
[17:45:27] [342/459] JTMN
[17:45:27] [343/459] FRCJ
[17:45:28] [344/459] DDJP
[17:45:29] [345/459] INJV
[17:45:30] [346/459] GOLC
[17:45:31] [347/459] KOCI
[17:45:32] [348/459] FSTD
[17:45:33] [349/459] PACJ
[17:45:33] [350/459] GMCN
[17:45:34] [351/459] MMDJ
[17:45:35] [352/459] GODH
[17:45:36] [353/459] SKYN
[17:45:37] [354/459] NCTH
[17:45:37] [355/459] SKVZ
[17:45:38] [356/459] SVML
[17:45:39] [357/459] ACVZ
[17:45:40] [358/459] SURA
[17:45:41] [359/459] RTRB
[17:45:42] [360/459] LLCT
[17:45:42] [361/459] ATTS
[17:45:43] [362/459] JYCM
[17:45:45] [363/459] CTKR
[17:45:46] [364/459] LCKR
[17:45:46] [365/459] NYCV
[17:45:47] [366/459] NYOH
[17:45:48] [367/459] NOVX
[17:45:49] [368/459] MRGK
[17:45:50] [369/459] MOON
[17:45:51] [370/459] SBUC
[17:45:51] [371/459] GSVA
[17:45:52] [372/459] VIAK
[17:45:53] [373/459] SMVZ
[17:45:54] [374/459] MATE
[17:45:55] [375/459] RDCN
[17:45:56] [376/459] ASBL
[17:45:56] [377/459] ASVS
[17:45:57] [378/459] ASSR
[17:45:58] [379/459] SSKN
[17:45:59] [380/459] DRPV
[17:46:01] [381/459] MRHT
[17:46:02] [382/459] BSCN
[17:46:02] [383/459] RKNX
[17:46:03] [384/459] MSMC
[17:46:04] [385/459] MSCJ
[17:46:05] [386/459] BTBJ
[17:46:06] [387/459] MJCC
[17:46:06] [388/459] IOMM
[17:46:07] [389/459] ADGR
[17:46:08] [390/459] MYCP
[17:46:09] [391/459] IGCM
[17:46:10] [392/459] PGRK
[17:46:11] [393/459] VPGO
[17:46:11] [394/459] KOMS
[17:46:12] [395/459] URGG
[17:46:13] [396/459] GOST
[17:46:14] [397/459] LACT
[17:46:15] [398/459] BWCM
[17:46:16] [399/459] NCCW
[17:46:16] [400/459] SKYC
[17:46:17] [401/459] CCPM
[17:46:18] [402/459] VCBT
[17:46:19] [403/459] SDKR
[17:46:20] [404/459] CTYB
[17:46:21] [405/459] SHCX
[17:46:21] [406/459] RCUN
[17:46:22] [407/459] CNRA
[17:46:23] [408/459] RFCA
[17:46:24] [409/459] RDCU
[17:46:25] [410/459] SARK
[17:46:26] [411/459] SPPP
[17:46:27] [412/459] ADMB
[17:46:27] [413/459] JYOE
[17:46:28] [414/459] SRMD
[17:46:29] [415/459] RJDH
[17:46:31] [416/459] SSTD
[17:46:32] [417/459] AACV
[17:46:32] [418/459] PPVD
[17:46:33] [419/459] STCP
[17:46:34] [420/459] ANJR
[17:46:35] [421/459] ANLS
[17:46:36] [422/459] BIJO
[17:46:36] [423/459] AVAB
[17:46:37] [424/459] SPMD
[17:46:38] [425/459] SVJL
[17:46:39] [426/459] SDDJ
[17:46:40] [427/459] SLTU
[17:46:41] [428/459] SAKA
[17:46:42] [429/459] PMAM
[17:46:43] [430/459] FNAM
[17:46:45] [431/459] ACAM
[17:46:45] [432/459] SCMM
[17:46:46] [433/459] PMAK
[17:46:47] [434/459] NYSA
[17:46:48] [435/459] FCPA
[17:46:49] [436/459] GDAN
[17:46:50] [437/459] RSCA
[17:46:51] [438/459] DMAN
[17:46:52] [439/459] DZCM
[17:46:53] [440/459] NSGL
[17:46:54] [441/459] CCPP
[17:46:55] [442/459] PSMG
[17:46:57] [443/459] GSER
[17:46:58] [444/459] FCCT
[17:46:59] [445/459] FCTB
[17:47:00] [446/459] LCNK
[17:47:01] [447/459] SKTY
[17:47:02] [448/459] INAA
[17:47:03] [449/459] RCWN
[17:47:03] [450/459] VAIS
[17:47:04] [451/459] CVMN
[17:47:05] [452/459] INTS
[17:47:06] [453/459] FRGS
[17:47:07] [454/459] DTCK
[17:47:07] [455/459] MCMH
[17:47:08] [456/459] ECRR
[17:47:09] [457/459] RLLP
[17:47:10] [458/459] CCSN
[17:47:11] [459/459] CCBA
[17:47:12] 🧹 Deduping shows
[17:47:12] ✅ DONE | Shows=3483 | Movies=69
[19:06:13] 🚀 SCRIPT STARTED
[19:06:13] [1/459] MBDC
[19:06:13] 🧠 New identity created
[19:06:14] [2/459] CHKM
[19:06:15] [3/459] JTKZ
[19:06:16] [4/459] CMCT
[19:06:17] [5/459] ASHO
[19:06:17] [6/459] ECDG
[19:06:19] [7/459] SPAT
[19:06:19] [8/459] HILC
[19:06:20] [9/459] SPPH
[19:06:21] [10/459] SBHN
[19:06:22] [11/459] RRCA
[19:06:23] [12/459] APAA
[19:06:24] [13/459] RAME
[19:06:25] [14/459] TMMS
[19:06:26] [15/459] BATK
[19:06:27] [16/459] LKOP
[19:06:28] [17/459] AMTT
[19:06:30] [18/459] PTGK
[19:06:30] [19/459] ANRS
[19:06:31] [20/459] VWBW
[19:06:32] [21/459] SVFG
[19:06:33] [22/459] STAT
[19:06:34] [23/459] GDCV
[19:06:34] [24/459] VEBI
[19:06:36] [25/459] VDSS
[19:06:37] [26/459] NTHV
[19:06:38] [27/459] AOCH
[19:06:38] [28/459] KASR
[19:06:39] [29/459] AYCS
[19:06:41] [30/459] SHAI
[19:06:42] [31/459] SKPE
[19:06:42] [32/459] SBTA
[19:06:43] [33/459] RTTD
[19:06:44] [34/459] CCJD
[19:06:45] [35/459] RSJJ
[19:06:45] [36/459] RKND
[19:06:46] [37/459] SVTX
[19:06:47] [38/459] BAKM
[19:06:48] [39/459] SVDC
[19:06:49] [40/459] MNCV
[19:06:50] [41/459] SJGC
[19:06:50] [42/459] MTPK
[19:06:51] [43/459] GATP
[19:06:53] [44/459] ABTS
[19:06:54] [45/459] ABDE
[19:06:54] [46/459] RCNM
[19:06:55] [47/459] KTHV
[19:06:56] [48/459] MDGJ
[19:06:57] [49/459] SMLM
[19:06:58] [50/459] JTMA
[19:06:59] [51/459] ACKP
[19:07:00] [52/459] SRTA
[19:07:01] [53/459] STAY
[19:07:02] [54/459] MAVO
[19:07:03] [55/459] APTS
[19:07:03] [56/459] OMEA
[19:07:04] [57/459] TTFD
[19:07:05] [58/459] MJCU
[19:07:06] [59/459] CXTE
[19:07:07] [60/459] CTPX
[19:07:07] [61/459] ASSL
[19:07:08] [62/459] CMVB
[19:07:09] [63/459] VPUR
[19:07:10] [64/459] JJDA
[19:07:11] [65/459] INBL
[19:07:11] [66/459] BIKB
[19:07:12] [67/459] NTBB
[19:07:13] [68/459] GLOB
[19:07:14] [69/459] SNTB
[19:07:15] [70/459] CHGV
[19:07:15] [71/459] SSBZ
[19:07:16] [72/459] PRDB
[19:07:17] [73/459] ISMT
[19:07:18] [74/459] MCSD
[19:07:19] [75/459] JBTT
[19:07:20] [76/459] GEKR
[19:07:21] [77/459] PVUN
[19:07:21] [78/459] NRTB
[19:07:22] [79/459] PRAA
[19:07:23] [80/459] PCBL
[19:07:24] [81/459] PTCM
[19:07:25] [82/459] KHNN
[19:07:26] [83/459] OMJE
[19:07:27] [84/459] STGN
[19:07:27] [85/459] RPMS
[19:07:28] [86/459] NWAD
[19:07:29] [87/459] BLCK
[19:07:30] [88/459] SVAA
[19:07:31] [89/459] URVM
[19:07:32] [90/459] ANTM
[19:07:33] [91/459] VJYM
[19:07:34] [92/459] MAZZ
[19:07:34] [93/459] CSHM
[19:07:35] [94/459] WGMH
[19:07:36] [95/459] SALN
[19:07:36] [96/459] BRTP
[19:07:37] [97/459] SVTA
[19:07:38] [98/459] SBTP
[19:07:39] [99/459] VLSS
[19:07:41] [100/459] SRJA
[19:07:42] [101/459] ANCG
[19:07:43] [102/459] CGGC
[19:07:44] [103/459] CRJA
[19:07:44] [104/459] USCR
[19:07:45] [105/459] MMEF
[19:07:47] [106/459] JCRJ
[19:07:47] [107/459] ADCM
[19:07:49] [108/459] BMYK
[19:07:49] [109/459] KICS
[19:07:50] [110/459] MBBT
[19:07:51] [111/459] MACK
[19:07:52] [112/459] CLDR
[19:07:53] [113/459] JYCR
[19:07:54] [114/459] DCRP
[19:07:54] [115/459] RAHT
[19:07:55] [116/459] CSSM
[19:07:56] [117/459] ATPK
[19:07:57] [118/459] KLRT
[19:07:58] [119/459] SRDD
[19:07:59] [120/459] CKMC
[19:08:00] [121/459] KRVM
[19:08:01] [122/459] AKCP
[19:08:01] [123/459] CNCV
[19:08:02] [124/459] PACT
[19:08:03] [125/459] NATP
[19:08:04] [126/459] PCPK
[19:08:04] [127/459] SMHO
[19:08:05] [128/459] CWTK
[19:08:06] [129/459] RVKZ
[19:08:07] [130/459] ASPD
[19:08:08] [131/459] VTKZ
[19:08:09] [132/459] LCSO
[19:08:09] [133/459] PRDY
[19:08:10] [134/459] RCAP
[19:08:11] [135/459] RGAR
[19:08:12] [136/459] RCAC
[19:08:13] [137/459] PMOD
[19:08:13] [138/459] PVCN
[19:08:15] [139/459] SCRZ
[19:08:15] [140/459] PVPC
[19:08:16] [141/459] STID
[19:08:17] [142/459] NEDD
[19:08:18] [143/459] BNBA
[19:08:19] [144/459] NTCD
[19:08:20] [145/459] OCDE
[19:08:21] [146/459] CCDU
[19:08:21] [147/459] CRXH
[19:08:23] [148/459] VLVT
[19:08:24] [149/459] CICI
[19:08:25] [150/459] SUCB
[19:08:25] [151/459] TCBP
[19:08:26] [152/459] SCCY
[19:08:28] [153/459] LXCY
[19:08:29] [154/459] NCMD
[19:08:29] [155/459] PHCS
[19:08:30] [156/459] DUXR
[19:08:31] [157/459] VNKS
[19:08:32] [158/459] SEDP
[19:08:33] [159/459] SVEN
[19:08:34] [160/459] SRKM
[19:08:35] [161/459] JTLT
[19:08:36] [162/459] SVSS
[19:08:37] [163/459] AMDE
[19:08:38] [164/459] WVRN
[19:08:39] [165/459] ISMG
[19:08:40] [166/459] WVKS
[19:08:41] [167/459] USCG
[19:08:41] [168/459] IOTG
[19:08:42] [169/459] RRJM
[19:08:43] [170/459] EDMP
[19:08:44] [171/459] SCGZ
[19:08:45] [172/459] GMGX
[19:08:46] [173/459] OMTP
[19:08:47] [174/459] MITD
[19:08:48] [175/459] SMMD
[19:08:48] [176/459] STML
[19:08:50] [177/459] MCFS
[19:08:51] [178/459] FPKA
[19:08:51] [179/459] OMLR
[19:08:52] [180/459] KKSC
[19:08:53] [181/459] RVMA
[19:08:54] [182/459] SCLL
[19:08:55] [183/459] SCDK
[19:08:55] [184/459] SXMI
[19:08:56] [185/459] SHDN
[19:08:57] [186/459] PAAD
[19:08:58] [187/459] UUCB
[19:08:59] [188/459] JHOL
[19:09:00] [189/459] SGWT
[19:09:01] [190/459] SRII
[19:09:01] [191/459] SGCK
[19:09:02] [192/459] SVVB
[19:09:03] [193/459] DMHA
[19:09:04] [194/459] PPNL
[19:09:05] [195/459] CPNL
[19:09:05] [196/459] WVLD
[19:09:06] [197/459] PSLV
[19:09:07] [198/459] VTTL
[19:09:08] [199/459] NPAD
[19:09:09] [200/459] PVCS
[19:09:10] [201/459] MCHL
[19:09:11] [202/459] PPLL
[19:09:12] [203/459] MALO
[19:09:13] [204/459] SWBH
[19:09:14] [205/459] PUGB
[19:09:14] [206/459] INBB
[19:09:15] [207/459] INNS
[19:09:16] [208/459] MCPT
[19:09:17] [209/459] SCMI
[19:09:18] [210/459] OCON
[19:09:18] [211/459] SCSM
[19:09:19] [212/459] RJVN
[19:09:20] [213/459] AMDK
[19:09:21] [214/459] ISMR
[19:09:22] [215/459] SMTD
[19:09:22] [216/459] VTDD
[19:09:23] [217/459] PDDZ
[19:09:24] [218/459] PCCK
[19:09:25] [219/459] INAM
[19:09:26] [220/459] FNKT
[19:09:27] [221/459] GDKA
[19:09:28] [222/459] MAYU
[19:09:29] [223/459] TCGU
[19:09:30] [224/459] KDCA
[19:09:31] [225/459] DOMY
[19:09:31] [226/459] PDDD
[19:09:32] [227/459] BJTS
[19:09:33] [228/459] VTCA
[19:09:34] [229/459] SBTM
[19:09:35] [230/459] SEET
[19:09:36] [231/459] SSTJ
[19:09:36] [232/459] SVNT
[19:09:37] [233/459] PPPR
[19:09:38] [234/459] PVYS
[19:09:39] [235/459] IOSE
[19:09:40] [236/459] ACTV
[19:09:40] [237/459] APVE
[19:09:41] [238/459] TCCL
[19:09:42] [239/459] SCMO
[19:09:43] [240/459] SAUM
[19:09:44] [241/459] KCJS
[19:09:45] [242/459] NJCJ
[19:09:46] [243/459] NECF
[19:09:47] [244/459] CCGW
[19:09:48] [245/459] CCMG
[19:09:49] [246/459] NYRG
[19:09:50] [247/459] NCSQ
[19:09:50] [248/459] GRCG
[19:09:51] [249/459] CCBT
[19:09:52] [250/459] ACGA
[19:09:53] [251/459] INAG
[19:09:54] [252/459] FUCG
[19:09:54] [253/459] AICF
[19:09:55] [254/459] GRGA
[19:09:56] [255/459] GDCN
[19:09:57] [256/459] RRCG
[19:09:58] [257/459] SDCH
[19:09:59] [258/459] WVJM
[19:09:59] [259/459] JCCZ
[19:10:00] [260/459] CNCL
[19:10:01] [261/459] TMLV
[19:10:02] [262/459] MEMB
[19:10:03] [263/459] SGTD
[19:10:04] [264/459] CONX
[19:10:05] [265/459] CCMH
[19:10:06] [266/459] ACMC
[19:10:06] [267/459] DTPD
[19:10:07] [268/459] POJA
[19:10:08] [269/459] FNBH
[19:10:09] [270/459] CGCB
[19:10:10] [271/459] RACN
[19:10:11] [272/459] JTSM
[19:10:12] [273/459] SCDN
[19:10:13] [274/459] AACK
[19:10:14] [275/459] RMCE
[19:10:15] [276/459] BSGB
[19:10:15] [277/459] MRCB
[19:10:16] [278/459] SRVR
[19:10:17] [279/459] VTKK
[19:10:18] [280/459] AMST
[19:10:19] [281/459] APCY
[19:10:20] [282/459] LMHO
[19:10:21] [283/459] MTZH
[19:10:22] [284/459] AMZB
[19:10:23] [285/459] SUVT
[19:10:24] [286/459] RCIP
[19:10:25] [287/459] KESR
[19:10:25] [288/459] SNKC
[19:10:26] [289/459] SCED
[19:10:27] [290/459] DVCA
[19:10:28] [291/459] VCDT
[19:10:29] [292/459] RRDI
[19:10:30] [293/459] DFCH
[19:10:31] [294/459] INSC
[19:10:32] [295/459] RGTR
[19:10:32] [296/459] FMOT
[19:10:33] [297/459] SCPM
[19:10:35] [298/459] GCDT
[19:10:36] [299/459] BRKT
[19:10:37] [300/459] DEMP
[19:10:39] [301/459] SRLC
[19:10:40] [302/459] KSTT
[19:10:41] [303/459] SMMT
[19:10:42] [304/459] SILM
[19:10:43] [305/459] JCVM
[19:10:44] [306/459] KCSV
[19:10:45] [307/459] MHLK
[19:10:46] [308/459] SLVL
[19:10:46] [309/459] RJKP
[19:10:47] [310/459] BBPC
[19:10:48] [311/459] MXCB
[19:10:49] [312/459] TCPK
[19:10:50] [313/459] RTBR
[19:10:50] [314/459] GAUT
[19:10:51] [315/459] DVCF
[19:10:52] [316/459] JTSB
[19:10:53] [317/459] SBLS
[19:10:53] [318/459] UDAY
[19:10:54] [319/459] PTNP
[19:10:55] [320/459] DMKT
[19:10:56] [321/459] NTDT
[19:10:57] [322/459] SHDJ
[19:10:57] [323/459] OTNC
[19:10:58] [324/459] RNTW
[19:10:59] [325/459] GCMI
[19:11:00] [326/459] CRCM
[19:11:02] [327/459] NNCZ
[19:11:02] [328/459] OEMO
[19:11:03] [329/459] PVJM
[19:11:04] [330/459] CPJI
[19:11:05] [331/459] RMCJ
[19:11:06] [332/459] CNWJ
[19:11:07] [333/459] EPJM
[19:11:08] [334/459] FNJJ
[19:11:09] [335/459] GCMJ
[19:11:10] [336/459] INPS
[19:11:10] [337/459] BICJ
[19:11:11] [338/459] ISTJ
[19:11:12] [339/459] INJC
[19:11:13] [340/459] GLXJ
[19:11:14] [341/459] INEM
[19:11:15] [342/459] JTMN
[19:11:16] [343/459] FRCJ
[19:11:17] [344/459] DDJP
[19:11:18] [345/459] INJV
[19:11:18] [346/459] GOLC
[19:11:19] [347/459] KOCI
[19:11:20] [348/459] FSTD
[19:11:21] [349/459] PACJ
[19:11:22] [350/459] GMCN
[19:11:23] [351/459] MMDJ
[19:11:24] [352/459] GODH
[19:11:25] [353/459] SKYN
[19:11:25] [354/459] NCTH
[19:11:26] [355/459] SKVZ
[19:11:27] [356/459] SVML
[19:11:29] [357/459] ACVZ
[19:11:30] [358/459] SURA
[19:11:31] [359/459] RTRB
[19:11:31] [360/459] LLCT
[19:11:32] [361/459] ATTS
[19:11:33] [362/459] JYCM
[19:11:34] [363/459] CTKR
[19:11:34] [364/459] LCKR
[19:11:35] [365/459] NYCV
[19:11:36] [366/459] NYOH
[19:11:37] [367/459] NOVX
[19:11:38] [368/459] MRGK
[19:11:39] [369/459] MOON
[19:11:40] [370/459] SBUC
[19:11:40] [371/459] GSVA
[19:11:41] [372/459] VIAK
[19:11:42] [373/459] SMVZ
[19:11:43] [374/459] MATE
[19:11:44] [375/459] RDCN
[19:11:45] [376/459] ASBL
[19:11:45] [377/459] ASVS
[19:11:46] [378/459] ASSR
[19:11:47] [379/459] SSKN
[19:11:48] [380/459] DRPV
[19:11:49] [381/459] MRHT
[19:11:50] [382/459] BSCN
[19:11:51] [383/459] RKNX
[19:11:52] [384/459] MSMC
[19:11:53] [385/459] MSCJ
[19:11:54] [386/459] BTBJ
[19:11:55] [387/459] MJCC
[19:11:56] [388/459] IOMM
[19:11:57] [389/459] ADGR
[19:11:57] [390/459] MYCP
[19:11:58] [391/459] IGCM
[19:11:59] [392/459] PGRK
[19:12:00] [393/459] VPGO
[19:12:01] [394/459] KOMS
[19:12:01] [395/459] URGG
[19:12:02] [396/459] GOST
[19:12:03] [397/459] LACT
[19:12:04] [398/459] BWCM
[19:12:05] [399/459] NCCW
[19:12:05] [400/459] SKYC
[19:12:06] [401/459] CCPM
[19:12:07] [402/459] VCBT
[19:12:08] [403/459] SDKR
[19:12:09] [404/459] CTYB
[19:12:10] [405/459] SHCX
[19:12:10] [406/459] RCUN
[19:12:11] [407/459] CNRA
[19:12:12] [408/459] RFCA
[19:12:13] [409/459] RDCU
[19:12:14] [410/459] SARK
[19:12:14] [411/459] SPPP
[19:12:15] [412/459] ADMB
[19:12:16] [413/459] JYOE
[19:12:16] [414/459] SRMD
[19:12:17] [415/459] RJDH
[19:12:18] [416/459] SSTD
[19:12:19] [417/459] AACV
[19:12:19] [418/459] PPVD
[19:12:20] [419/459] STCP
[19:12:21] [420/459] ANJR
[19:12:21] [421/459] ANLS
[19:12:22] [422/459] BIJO
[19:12:23] [423/459] AVAB
[19:12:24] [424/459] SPMD
[19:12:25] [425/459] SVJL
[19:12:26] [426/459] SDDJ
[19:12:26] [427/459] SLTU
[19:12:27] [428/459] SAKA
[19:12:28] [429/459] PMAM
[19:12:29] [430/459] FNAM
[19:12:30] [431/459] ACAM
[19:12:30] [432/459] SCMM
[19:12:31] [433/459] PMAK
[19:12:32] [434/459] NYSA
[19:12:33] [435/459] FCPA
[19:12:33] [436/459] GDAN
[19:12:34] [437/459] RSCA
[19:12:35] [438/459] DMAN
[19:12:35] [439/459] DZCM
[19:12:36] [440/459] NSGL
[19:12:37] [441/459] CCPP
[19:12:38] [442/459] PSMG
[19:12:39] [443/459] GSER
[19:12:39] [444/459] FCCT
[19:12:40] [445/459] FCTB
[19:12:41] [446/459] LCNK
[19:12:42] [447/459] SKTY
[19:12:42] [448/459] INAA
[19:12:43] [449/459] RCWN
[19:12:44] [450/459] VAIS
[19:12:45] [451/459] CVMN
[19:12:46] [452/459] INTS
[19:12:47] [453/459] FRGS
[19:12:48] [454/459] DTCK
[19:12:48] [455/459] MCMH
[19:12:49] [456/459] ECRR
[19:12:50] [457/459] RLLP
[19:12:51] [458/459] CCSN
[19:12:52] [459/459] CCBA
[19:12:53] 🧹 Deduping shows
[19:12:53] ✅ DONE | Shows=3515 | Movies=69
