[17:40:13] 🚀 SCRIPT STARTED
[17:40:13] [1/459] FNDB
[17:40:13] 🧠 New identity created
[17:40:14] [2/459] AMBH
[17:40:15] [3/459] PRHN
[17:40:16] [4/459] ACPM
[17:40:17] [5/459] PVFS
[17:40:18] [6/459] AACN
[17:40:19] [7/459] ACAS
[17:40:20] [8/459] CTNR
[17:40:20] [9/459] MMAH
[17:40:21] [10/459] CPMH
[17:40:22] [11/459] IGMH
[17:40:23] [12/459] ABCS
[17:40:24] [13/459] CMMA
[17:40:25] [14/459] GPRH
[17:40:26] [15/459] PNNG
[17:40:27] [16/459] AMCA
[17:40:28] [17/459] ISTN
[17:40:29] [18/459] PIIC
[17:40:30] [19/459] AHMH
[17:40:30] [20/459] ASHN
[17:40:31] [21/459] INHY
[17:40:32] [22/459] SRMO
[17:40:33] [23/459] PIMH
[17:40:33] [24/459] PVTS
[17:40:35] [25/459] MMCA
[17:40:36] [26/459] AKYJ
[17:40:37] [27/459] BRKH
[17:40:38] [28/459] MAHM
[17:40:39] [29/459] CPHY
[17:40:39] [30/459] PVTP
[17:40:40] [31/459] SMMR
[17:40:42] [32/459] PVHM
[17:40:43] [33/459] SNDY
[17:40:43] [34/459] GOKU
[17:40:44] [35/459] ACEV
[17:40:45] [36/459] PVUM
[17:40:46] [37/459] VSWA
[17:40:47] [38/459] IPRS
[17:40:48] [39/459] ASGN
[17:40:49] [40/459] BKMV
[17:40:50] [41/459] PVYH
[17:40:51] [42/459] INKM
[17:40:51] [43/459] ARJU
[17:40:52] [44/459] JJPP
[17:40:54] [45/459] SSRM
[17:40:54] [46/459] HMHD
[17:40:55] [47/459] SNKH
[17:40:56] [48/459] ACHI
[17:40:57] [49/459] MRAA
[17:40:57] [50/459] INMH
[17:40:58] [51/459] ARMH
[17:40:59] [52/459] DVRR
[17:41:00] [53/459] SUDA
[17:41:01] [54/459] MCSS
[17:41:02] [55/459] VRKC
[17:41:03] [56/459] PRCX
[17:41:04] [57/459] ASJY
[17:41:05] [58/459] MTHY
[17:41:06] [59/459] SRCM
[17:41:06] [60/459] TVHY
[17:41:07] [61/459] STHD
[17:41:09] [62/459] CPCL
[17:41:10] [63/459] PSMJ
[17:41:11] [64/459] MRGT
[17:41:11] [65/459] ARYH
[17:41:13] [66/459] VTRB
[17:41:14] [67/459] SCHC
[17:41:15] [68/459] MRRG
[17:41:16] [69/459] SPCB
[17:41:17] [70/459] AMCM
[17:41:18] [71/459] IVNM
[17:41:19] [72/459] TRHY
[17:41:19] [73/459] PTTH
[17:41:20] [74/459] RKMH
[17:41:21] [75/459] PRCS
[17:41:22] [76/459] VAJA
[17:41:23] [77/459] BJNG
[17:41:24] [78/459] SCVM
[17:41:25] [79/459] GNHB
[17:41:27] [80/459] TLUR
[17:41:27] [81/459] UKCC
[17:41:28] [82/459] SRKR
[17:41:29] [83/459] RMKN
[17:41:29] [84/459] SLRT
[17:41:30] [85/459] LKMT
[17:41:31] [86/459] SSRJ
[17:41:32] [87/459] SPHT
[17:41:33] [88/459] ANTT
[17:41:34] [89/459] SRCH
[17:41:34] [90/459] SRCA
[17:41:35] [91/459] ARTH
[17:41:36] [92/459] MCBH
[17:41:37] [93/459] SNIB
[17:41:38] [94/459] SART
[17:41:39] [95/459] SKTA
[17:41:39] [96/459] YAKT
[17:41:40] [97/459] MLCK
[17:41:41] [98/459] ANTS
[17:41:42] [99/459] DGCA
[17:41:43] [100/459] SGMP
[17:41:45] [101/459] ASWN
[17:41:45] [102/459] KFVU
[17:41:46] [103/459] POOR
[17:41:47] [104/459] GKDN
[17:41:48] [105/459] EOSE
[17:41:48] [106/459] GTTT
[17:41:49] [107/459] ARRO
[17:41:50] [108/459] CMMK
[17:41:51] [109/459] MSCN
[17:41:52] [110/459] GDKH
[17:41:53] [111/459] DLMT
[17:41:53] [112/459] PVMF
[17:41:54] [113/459] CPCK
[17:41:55] [114/459] VMHE
[17:41:56] [115/459] PVLC
[17:41:57] [116/459] PCVB
[17:41:58] [117/459] SNYK
[17:41:59] [118/459] KTEK
[17:42:00] [119/459] PCNM
[17:42:01] [120/459] NTTR
[17:42:02] [121/459] CPSK
[17:42:03] [122/459] JMMA
[17:42:04] [123/459] GCFK
[17:42:04] [124/459] MYCA
[17:42:05] [125/459] KSNP
[17:42:06] [126/459] PMCE
[17:42:07] [127/459] SCKI
[17:42:09] [128/459] FSMA
[17:42:10] [129/459] CETA
[17:42:11] [130/459] MCIK
[17:42:12] [131/459] MYCR
[17:42:12] [132/459] EVMP
[17:42:13] [133/459] SSGT
[17:42:14] [134/459] KCTK
[17:42:15] [135/459] ZTKC
[17:42:16] [136/459] MMTA
[17:42:17] [137/459] MAJT
[17:42:17] [138/459] ACPK
[17:42:18] [139/459] JMAX
[17:42:19] [140/459] SETK
[17:42:20] [141/459] CAIS
[17:42:21] [142/459] AGCD
[17:42:22] [143/459] URCL
[17:42:23] [144/459] VTDS
[17:42:24] [145/459] JCNM
[17:42:25] [146/459] KCAM
[17:42:26] [147/459] ADCU
[17:42:26] [148/459] GXYN
[17:42:28] [149/459] SMJG
[17:42:29] [150/459] EYCJ
[17:42:30] [151/459] CCEJ
[17:42:31] [152/459] MARS
[17:42:32] [153/459] CPVJ
[17:42:32] [154/459] INVP
[17:42:33] [155/459] CPOV
[17:42:34] [156/459] VIJK
[17:42:35] [157/459] LAIM
[17:42:36] [158/459] STHV
[17:42:37] [159/459] SVLJ
[17:42:38] [160/459] ATVJ
[17:42:38] [161/459] JTSC
[17:42:39] [162/459] RMTV
[17:42:40] [163/459] MGGG
[17:42:40] [164/459] SWTH
[17:42:41] [165/459] INVJ
[17:42:42] [166/459] PRSV
[17:42:43] [167/459] JATV
[17:42:44] [168/459] RCVD
[17:42:44] [169/459] BDMA
[17:42:45] [170/459] BLJI
[17:42:47] [171/459] SWOT
[17:42:48] [172/459] SWRN
[17:42:49] [173/459] TVRA
[17:42:50] [174/459] VCSV
[17:42:51] [175/459] NVRN
[17:42:52] [176/459] SIKC
[17:42:53] [177/459] VAKR
[17:42:53] [178/459] SYLN
[17:42:54] [179/459] KLJL
[17:42:55] [180/459] LKMY
[17:42:56] [181/459] VSLY
[17:42:57] [182/459] CIKO
[17:42:59] [183/459] GPBG
[17:43:00] [184/459] CECM
[17:43:00] [185/459] SLKB
[17:43:01] [186/459] MTBO
[17:43:02] [187/459] SSHB
[17:43:03] [188/459] VPCS
[17:43:04] [189/459] RCSR
[17:43:05] [190/459] RJRM
[17:43:06] [191/459] KPPB
[17:43:06] [192/459] SEDC
[17:43:07] [193/459] SCAI
[17:43:08] [194/459] RMTR
[17:43:09] [195/459] ASST
[17:43:10] [196/459] GCAK
[17:43:11] [197/459] ANNK
[17:43:12] [198/459] KDDF
[17:43:13] [199/459] NRDP
[17:43:14] [200/459] PLAK
[17:43:15] [201/459] GCMC
[17:43:15] [202/459] ALPY
[17:43:17] [203/459] SICE
[17:43:18] [204/459] SISR
[17:43:18] [205/459] SRPZ
[17:43:19] [206/459] SRSW
[17:43:20] [207/459] SUYA
[17:43:21] [208/459] AMMT
[17:43:21] [209/459] BHCU
[17:43:23] [210/459] KLPA
[17:43:24] [211/459] NVKH
[17:43:25] [212/459] JMRC
[17:43:26] [213/459] KTTT
[17:43:27] [214/459] MAGH
[17:43:27] [215/459] MMMX
[17:43:28] [216/459] SALJ
[17:43:29] [217/459] GTJA
[17:43:30] [218/459] MAHT
[17:43:30] [219/459] SSNN
[17:43:32] [220/459] ARRP
[17:43:33] [221/459] ATNS
[17:43:33] [222/459] SKDT
[17:43:34] [223/459] ACAT
[17:43:35] [224/459] APRC
[17:43:36] [225/459] SWAG
[17:43:37] [226/459] SDPT
[17:43:38] [227/459] STPS
[17:43:38] [228/459] WWCZ
[17:43:39] [229/459] LLCH
[17:43:40] [230/459] MZHA
[17:43:41] [231/459] CRJG
[17:43:42] [232/459] JGTK
[17:43:42] [233/459] KCSR
[17:43:43] [234/459] CHTL
[17:43:44] [235/459] EDSR
[17:43:45] [236/459] CSWO
[17:43:46] [237/459] CPVM
[17:43:47] [238/459] MXBY
[17:43:48] [239/459] FMMA
[17:43:48] [240/459] POVI
[17:43:49] [241/459] MTHB
[17:43:50] [242/459] INRC
[17:43:51] [243/459] PIPP
[17:43:53] [244/459] BMXC
[17:43:53] [245/459] PCMM
[17:43:55] [246/459] PMKM
[17:43:56] [247/459] GATY
[17:43:57] [248/459] IMCM
[17:43:58] [249/459] POPE
[17:43:59] [250/459] MTCR
[17:44:00] [251/459] PVAE
[17:44:01] [252/459] PVMI
[17:44:01] [253/459] CPNM
[17:44:02] [254/459] FMRL
[17:44:03] [255/459] MCIW
[17:44:04] [256/459] MXBO
[17:44:04] [257/459] FMKY
[17:44:05] [258/459] FMDA
[17:44:06] [259/459] THAB
[17:44:07] [260/459] PRCW
[17:44:07] [261/459] PITI
[17:44:08] [262/459] MCFF
[17:44:09] [263/459] PDDV
[17:44:10] [264/459] MCRM
[17:44:11] [265/459] KKMB
[17:44:11] [266/459] INKO
[17:44:12] [267/459] PLXP
[17:44:13] [268/459] MMHA
[17:44:14] [269/459] FMVS
[17:44:15] [270/459] POLM
[17:44:15] [271/459] STER
[17:44:16] [272/459] PVWJ
[17:44:17] [273/459] IMJW
[17:44:18] [274/459] FNAN
[17:44:18] [275/459] CAGL
[17:44:20] [276/459] IPBG
[17:44:21] [277/459] SMFV
[17:44:22] [278/459] MMMR
[17:44:23] [279/459] MMWM
[17:44:23] [280/459] FNCM
[17:44:24] [281/459] MDVA
[17:44:25] [282/459] MMET
[17:44:25] [283/459] MIDO
[17:44:27] [284/459] INNP
[17:44:27] [285/459] MIFU
[17:44:28] [286/459] MMSZ
[17:44:29] [287/459] BMXA
[17:44:30] [288/459] MCAA
[17:44:31] [289/459] SCVP
[17:44:31] [290/459] PLUS
[17:44:32] [291/459] MUCK
[17:44:33] [292/459] MTMA
[17:44:34] [293/459] HPVR
[17:44:34] [294/459] PMPK
[17:44:35] [295/459] MAJB
[17:44:36] [296/459] CTRR
[17:44:36] [297/459] MCTG
[17:44:37] [298/459] MACE
[17:44:38] [299/459] AAAS
[17:44:39] [300/459] CPVV
[17:44:40] [301/459] RCHG
[17:44:41] [302/459] MCNE
[17:44:41] [303/459] EMNC
[17:44:42] [304/459] MCAN
[17:44:43] [305/459] TCDM
[17:44:44] [306/459] IRGT
[17:44:45] [307/459] GCMG
[17:44:46] [308/459] MXSN
[17:44:47] [309/459] MXCK
[17:44:48] [310/459] MCRC
[17:44:49] [311/459] RSMI
[17:44:49] [312/459] WAML
[17:44:51] [313/459] MTSC
[17:44:52] [314/459] FMDR
[17:44:53] [315/459] LEPV
[17:44:53] [316/459] MTGD
[17:44:54] [317/459] IMOB
[17:44:55] [318/459] CLMM
[17:44:56] [319/459] PZCD
[17:44:57] [320/459] GOCS
[17:44:57] [321/459] KCMA
[17:44:58] [322/459] CCMP
[17:44:59] [323/459] MTSU
[17:45:00] [324/459] SNGL
[17:45:01] [325/459] MMMC
[17:45:01] [326/459] MMAA
[17:45:02] [327/459] GCDM
[17:45:03] [328/459] KTMV
[17:45:04] [329/459] AETE
[17:45:05] [330/459] OMCS
[17:45:05] [331/459] GDCD
[17:45:06] [332/459] NYMD
[17:45:07] [333/459] RNCV
[17:45:08] [334/459] KKMT
[17:45:09] [335/459] GDTH
[17:45:11] [336/459] KMMV
[17:45:11] [337/459] NHCG
[17:45:12] [338/459] PJDW
[17:45:13] [339/459] MMCV
[17:45:14] [340/459] FQSA
[17:45:15] [341/459] KURL
[17:45:16] [342/459] NNNX
[17:45:16] [343/459] AMAU
[17:45:17] [344/459] VVVM
[17:45:18] [345/459] VECU
[17:45:19] [346/459] WCVR
[17:45:20] [347/459] MTGG
[17:45:20] [348/459] SGTG
[17:45:21] [349/459] MNTG
[17:45:22] [350/459] JDDG
[17:45:23] [351/459] MBTK
[17:45:23] [352/459] SGCD
[17:45:24] [353/459] MCTC
[17:45:26] [354/459] JTPC
[17:45:27] [355/459] SDKT
[17:45:28] [356/459] KRCC
[17:45:29] [357/459] RMMD
[17:45:30] [358/459] AAME
[17:45:31] [359/459] TMWC
[17:45:31] [360/459] NRWY
[17:45:32] [361/459] CITD
[17:45:33] [362/459] VERD
[17:45:34] [363/459] MKSK
[17:45:35] [364/459] STSM
[17:45:36] [365/459] MJDG
[17:45:36] [366/459] RKPM
[17:45:37] [367/459] SSCE
[17:45:38] [368/459] VMAE
[17:45:39] [369/459] SBRU
[17:45:39] [370/459] AMBC
[17:45:40] [371/459] AMLU
[17:45:41] [372/459] INVZ
[17:45:42] [373/459] LGTV
[17:45:42] [374/459] SVAD
[17:45:43] [375/459] SMSA
[17:45:44] [376/459] SPCZ
[17:45:45] [377/459] GTCX
[17:45:45] [378/459] SCSL
[17:45:46] [379/459] SAHU
[17:45:47] [380/459] NCDA
[17:45:48] [381/459] SCCG
[17:45:49] [382/459] VKTL
[17:45:50] [383/459] PUUJ
[17:45:51] [384/459] STEJ
[17:45:52] [385/459] RJAL
[17:45:53] [386/459] ACJC
[17:45:53] [387/459] VTHC
[17:45:54] [388/459] ARVB
[17:45:55] [389/459] AUBB
[17:45:56] [390/459] GDBR
[17:45:57] [391/459] PVND
[17:45:58] [392/459] BGRJ
[17:45:59] [393/459] RJMM
[17:46:00] [394/459] MCSA
[17:46:00] [395/459] BODA
[17:46:01] [396/459] JAGG
[17:46:02] [397/459] SCGA
[17:46:03] [398/459] LRCM
[17:46:04] [399/459] CPCN
[17:46:05] [400/459] SSTF
[17:46:06] [401/459] SRXP
[17:46:07] [402/459] CNFX
[17:46:08] [403/459] ANDI
[17:46:09] [404/459] SYEW
[17:46:10] [405/459] RCRE
[17:46:11] [406/459] SCRW
[17:46:12] [407/459] MBKR
[17:46:13] [408/459] ASNT
[17:46:14] [409/459] JTMT
[17:46:15] [410/459] SHAY
[17:46:16] [411/459] VRTH
[17:46:17] [412/459] SPTI
[17:46:18] [413/459] DPTD
[17:46:19] [414/459] TGSN
[17:46:20] [415/459] RCWV
[17:46:21] [416/459] OCUR
[17:46:21] [417/459] KSTC
[17:46:22] [418/459] SANI
[17:46:23] [419/459] MLCA
[17:46:24] [420/459] EGCA
[17:46:25] [421/459] SYSN
[17:46:25] [422/459] PKTA
[17:46:26] [423/459] PRCC
[17:46:27] [424/459] KSTR
[17:46:28] [425/459] SNTP
[17:46:29] [426/459] RCHA
[17:46:30] [427/459] SEEA
[17:46:31] [428/459] ALAT
[17:46:31] [429/459] AATV
[17:46:32] [430/459] RJTE
[17:46:33] [431/459] AAPP
[17:46:34] [432/459] PMMH
[17:46:34] [433/459] INRJ
[17:46:35] [434/459] SARB
[17:46:36] [435/459] PCJL
[17:46:37] [436/459] PFJJ
[17:46:38] [437/459] GRDC
[17:46:39] [438/459] BCBA
[17:46:40] [439/459] VIXL
[17:46:41] [440/459] CSTL
[17:46:42] [441/459] MTDK
[17:46:43] [442/459] TDAC
[17:46:43] [443/459] GTDN
[17:46:44] [444/459] TTDE
[17:46:45] [445/459] ASTS
[17:46:47] [446/459] CPNS
[17:46:48] [447/459] PVVW
[17:46:48] [448/459] USEB
[17:46:49] [449/459] DTYN
[17:46:50] [450/459] PVLE
[17:46:51] [451/459] CIPS
[17:46:52] [452/459] PAEG
[17:46:52] [453/459] PTCW
[17:46:53] [454/459] G3SR
[17:46:54] [455/459] PGND
[17:46:55] [456/459] INVM
[17:46:56] [457/459] SPIA
[17:46:57] [458/459] PCSN
[17:46:57] [459/459] PPGV
[17:46:58] 🧹 Deduping shows
[17:46:58] ✅ DONE | Shows=5504 | Movies=88
