[17:47:28] 🚀 SCRIPT STARTED
[17:47:28] [1/459] MCCZ
[17:47:28] 🧠 New identity created
[17:47:29] [2/459] FRPU
[17:47:30] [3/459] SKSI
[17:47:31] [4/459] SSCK
[17:47:32] [5/459] SRDC
[17:47:33] [6/459] RSCZ
[17:47:34] [7/459] PRVT
[17:47:35] [8/459] GAGJ
[17:47:36] [9/459] SMHG
[17:47:38] [10/459] JTST
[17:47:39] [11/459] MYTH
[17:47:39] [12/459] JPCC
[17:47:40] [13/459] ACDC
[17:47:41] [14/459] SVFP
[17:47:42] [15/459] SFCM
[17:47:43] [16/459] RUPK
[17:47:44] [17/459] NTCR
[17:47:45] [18/459] RTCH
[17:47:46] [19/459] SCMH
[17:47:47] [20/459] SVYM
[17:47:49] [21/459] SPYM
[17:47:50] [22/459] SMMF
[17:47:50] [23/459] CLLB
[17:47:51] [24/459] FMCB
[17:47:53] [25/459] BBTC
[17:47:53] [26/459] NTHS
[17:47:54] [27/459] PKKJ
[17:47:56] [28/459] MTJA
[17:47:57] [29/459] PMSJ
[17:47:57] [30/459] JMJU
[17:47:58] [31/459] SRAD
[17:47:59] [32/459] MJMC
[17:48:00] [33/459] DFRM
[17:48:01] [34/459] PMRS
[17:48:02] [35/459] RKPP
[17:48:03] [36/459] BMBK
[17:48:03] [37/459] NEWS
[17:48:04] [38/459] SALB
[17:48:05] [39/459] SCPW
[17:48:06] [40/459] RAYL
[17:48:07] [41/459] CMGJ
[17:48:08] [42/459] JRCR
[17:48:09] [43/459] SRTB
[17:48:10] [44/459] ETPB
[17:48:10] [45/459] MXBN
[17:48:11] [46/459] TOPE
[17:48:12] [47/459] SNLJ
[17:48:13] [48/459] CDDP
[17:48:14] [49/459] APCX
[17:48:15] [50/459] TALP
[17:48:16] [51/459] RRMP
[17:48:17] [52/459] MAHB
[17:48:19] [53/459] MTKR
[17:48:19] [54/459] KSKL
[17:48:20] [55/459] RJLT
[17:48:21] [56/459] ATAS
[17:48:22] [57/459] AMHR
[17:48:23] [58/459] RSRM
[17:48:24] [59/459] GCAT
[17:48:25] [60/459] SMML
[17:48:26] [61/459] ACCD
[17:48:27] [62/459] VYDA
[17:48:28] [63/459] MSKT
[17:48:29] [64/459] AVDM
[17:48:30] [65/459] ASMH
[17:48:31] [66/459] VTMB
[17:48:31] [67/459] WVMB
[17:48:32] [68/459] PPMN
[17:48:33] [69/459] MTMD
[17:48:34] [70/459] SMMO
[17:48:35] [71/459] DLPB
[17:48:35] [72/459] AKMD
[17:48:36] [73/459] SHRR
[17:48:37] [74/459] ASCO
[17:48:38] [75/459] CZVX
[17:48:39] [76/459] GCBB
[17:48:39] [77/459] ATBM
[17:48:40] [78/459] TCGM
[17:48:42] [79/459] UMSE
[17:48:43] [80/459] NKCL
[17:48:43] [81/459] BTLR
[17:48:44] [82/459] GOCL
[17:48:45] [83/459] MIRN
[17:48:46] [84/459] THEC
[17:48:46] [85/459] SPPB
[17:48:47] [86/459] PMMM
[17:48:48] [87/459] GGMC
[17:48:49] [88/459] AVSR
[17:48:50] [89/459] RDMH
[17:48:51] [90/459] JSRS
[17:48:52] [91/459] VKGP
[17:48:53] [92/459] ACRT
[17:48:54] [93/459] GCBA
[17:48:55] [94/459] GTCP
[17:48:56] [95/459] AKFC
[17:48:57] [96/459] INCS
[17:48:58] [97/459] SMCK
[17:48:59] [98/459] BRUN
[17:49:00] [99/459] RPPC
[17:49:00] [100/459] PAYD
[17:49:01] [101/459] SVVT
[17:49:02] [102/459] RNCC
[17:49:03] [103/459] PCRC
[17:49:04] [104/459] PMRM
[17:49:05] [105/459] CCRP
[17:49:05] [106/459] INCR
[17:49:06] [107/459] ZTMP
[17:49:07] [108/459] MCNR
[17:49:08] [109/459] INRP
[17:49:09] [110/459] STRC
[17:49:09] [111/459] RATI
[17:49:10] [112/459] PBTR
[17:49:12] [113/459] CMHP
[17:49:12] [114/459] ZECJ
[17:49:13] [115/459] CCCB
[17:49:14] [116/459] BWCB
[17:49:16] [117/459] CCAT
[17:49:17] [118/459] KGCM
[17:49:18] [119/459] INPT
[17:49:19] [120/459] FNCO
[17:49:19] [121/459] SRMJ
[17:49:20] [122/459] PFSC
[17:49:21] [123/459] PBMC
[17:49:23] [124/459] KARP
[17:49:24] [125/459] KOVI
[17:49:25] [126/459] ACXL
[17:49:26] [127/459] GKCC
[17:49:27] [128/459] ASCC
[17:49:28] [129/459] SETC
[17:49:29] [130/459] KACC
[17:49:30] [131/459] KAVE
[17:49:31] [132/459] CNTC
[17:49:32] [133/459] MEEN
[17:49:33] [134/459] BMRV
[17:49:34] [135/459] SVAM
[17:49:34] [136/459] VTBP
[17:49:35] [137/459] VCKN
[17:49:36] [138/459] SGTK
[17:49:37] [139/459] RCGS
[17:49:38] [140/459] RCCB
[17:49:38] [141/459] RKSR
[17:49:39] [142/459] RKCU
[17:49:40] [143/459] GIBH
[17:49:41] [144/459] CXBS
[17:49:42] [145/459] GGCB
[17:49:42] [146/459] SCPB
[17:49:44] [147/459] AKTB
[17:49:45] [148/459] SRBU
[17:49:46] [149/459] CSSA
[17:49:47] [150/459] MYAN
[17:49:48] [151/459] EXCA
[17:49:49] [152/459] CKSA
[17:49:50] [153/459] JTNM
[17:49:51] [154/459] CXKT
[17:49:51] [155/459] NCLM
[17:49:52] [156/459] JAAD
[17:49:53] [157/459] RDCR
[17:49:54] [158/459] MEER
[17:49:55] [159/459] SIBT
[17:49:56] [160/459] PVVB
[17:49:57] [161/459] FNPN
[17:49:57] [162/459] CRPX
[17:49:58] [163/459] STET
[17:49:59] [164/459] METE
[17:50:00] [165/459] BJML
[17:50:01] [166/459] MAVT
[17:50:02] [167/459] MSRM
[17:50:04] [168/459] TJMP
[17:50:04] [169/459] MHCK
[17:50:05] [170/459] SVGP
[17:50:06] [171/459] KRRC
[17:50:07] [172/459] IMCH
[17:50:08] [173/459] CMCS
[17:50:08] [174/459] SGND
[17:50:09] [175/459] RNAT
[17:50:10] [176/459] PRTN
[17:50:11] [177/459] MPTN
[17:50:12] [178/459] ARCC
[17:50:13] [179/459] NTTE
[17:50:13] [180/459] ABND
[17:50:14] [181/459] KCSN
[17:50:15] [182/459] KCSA
[17:50:16] [183/459] DCKT
[17:50:17] [184/459] MBBR
[17:50:18] [185/459] RAMU
[17:50:19] [186/459] RACW
[17:50:20] [187/459] MCHP
[17:50:21] [188/459] TMHM
[17:50:22] [189/459] STXH
[17:50:23] [190/459] AGSG
[17:50:24] [191/459] SIRA
[17:50:25] [192/459] RCAN
[17:50:26] [193/459] CWTB
[17:50:27] [194/459] VTYM
[17:50:28] [195/459] RRPP
[17:50:29] [196/459] ASMR
[17:50:30] [197/459] RONO
[17:50:31] [198/459] MEMR
[17:50:32] [199/459] CTMR
[17:50:33] [200/459] PMTT
[17:50:34] [201/459] PSLX
[17:50:35] [202/459] IPPL
[17:50:36] [203/459] MMSG
[17:50:36] [204/459] INEL
[17:50:37] [205/459] COAC
[17:50:38] [206/459] WVLK
[17:50:39] [207/459] PPXL
[17:50:40] [208/459] PSML
[17:50:41] [209/459] FNLK
[17:50:41] [210/459] ILUM
[17:50:42] [211/459] ILCM
[17:50:43] [212/459] MSNL
[17:50:44] [213/459] VINB
[17:50:45] [214/459] SALW
[17:50:46] [215/459] PRTB
[17:50:46] [216/459] NCIL
[17:50:47] [217/459] PSUL
[17:50:48] [218/459] SCLK
[17:50:49] [219/459] ADDC
[17:50:50] [220/459] OACL
[17:50:50] [221/459] OOCF
[17:50:51] [222/459] GPMF
[17:50:52] [223/459] SSDG
[17:50:53] [224/459] SKRS
[17:50:54] [225/459] NTTP
[17:50:55] [226/459] SLTP
[17:50:56] [227/459] JTLC
[17:50:58] [228/459] POON
[17:50:59] [229/459] CCPC
[17:50:59] [230/459] DCKC
[17:51:00] [231/459] CPRT
[17:51:01] [232/459] EYHZ
[17:51:02] [233/459] ARBL
[17:51:03] [234/459] SBTB
[17:51:03] [235/459] MMCK
[17:51:04] [236/459] PLMR
[17:51:05] [237/459] BIJH
[17:51:06] [238/459] SDRT
[17:51:07] [239/459] PRDC
[17:51:08] [240/459] OMJA
[17:51:09] [241/459] VKCR
[17:51:09] [242/459] ATRT
[17:51:10] [243/459] WVRP
[17:51:11] [244/459] MVRP
[17:51:12] [245/459] FCAX
[17:51:12] [246/459] CTLC
[17:51:13] [247/459] JCHB
[17:51:14] [248/459] SELP
[17:51:15] [249/459] VCPG
[17:51:17] [250/459] ASCX
[17:51:18] [251/459] EOCS
[17:51:19] [252/459] RCPH
[17:51:21] [253/459] RJTM
[17:51:21] [254/459] SGMD
[17:51:22] [255/459] SVJT
[17:51:23] [256/459] SPPO
[17:51:23] [257/459] MNRL
[17:51:24] [258/459] KNOX
[17:51:26] [259/459] GIER
[17:51:27] [260/459] PJMS
[17:51:27] [261/459] UNSP
[17:51:28] [262/459] JETP
[17:51:29] [263/459] VTWA
[17:51:30] [264/459] SCJI
[17:51:30] [265/459] CBZZ
[17:51:31] [266/459] SDCJ
[17:51:33] [267/459] RRCC
[17:51:34] [268/459] VNKG
[17:51:35] [269/459] LKTO
[17:51:37] [270/459] PJRM
[17:51:37] [271/459] NVRM
[17:51:38] [272/459] SJCS
[17:51:39] [273/459] VIGK
[17:51:40] [274/459] ANST
[17:51:41] [275/459] JTTS
[17:51:42] [276/459] NTST
[17:51:42] [277/459] PREB
[17:51:43] [278/459] TSCZ
[17:51:44] [279/459] CDCM
[17:51:45] [280/459] ELYE
[17:51:46] [281/459] INBS
[17:51:46] [282/459] SMGC
[17:51:47] [283/459] UTMP
[17:51:48] [284/459] INTA
[17:51:49] [285/459] OMPT
[17:51:50] [286/459] SCIR
[17:51:51] [287/459] GCKJ
[17:51:52] [288/459] INOG
[17:51:53] [289/459] SMGB
[17:51:53] [290/459] MCSG
[17:51:54] [291/459] STKG
[17:51:55] [292/459] TTKG
[17:51:56] [293/459] SRTR
[17:51:57] [294/459] ETTR
[17:51:57] [295/459] GGGZ
[17:51:58] [296/459] IPGM
[17:52:00] [297/459] FCDH
[17:52:01] [298/459] DESB
[17:52:02] [299/459] VNTP
[17:52:03] [300/459] ANNT
[17:52:04] [301/459] SLTI
[17:52:04] [302/459] MAJU
[17:52:05] [303/459] JCXP
[17:52:06] [304/459] HARK
[17:52:07] [305/459] JPCJ
[17:52:08] [306/459] RXBD
[17:52:09] [307/459] PTKJ
[17:52:09] [308/459] CMTU
[17:52:10] [309/459] SWOR
[17:52:11] [310/459] JMEX
[17:52:12] [311/459] DTPT
[17:52:13] [312/459] VGMM
[17:52:13] [313/459] VCSG
[17:52:15] [314/459] CVCG
[17:52:16] [315/459] TNTT
[17:52:17] [316/459] SHRM
[17:52:18] [317/459] CGKD
[17:52:18] [318/459] EKCM
[17:52:19] [319/459] SDCX
[17:52:20] [320/459] SBTE
[17:52:21] [321/459] STKJ
[17:52:22] [322/459] TPCE
[17:52:23] [323/459] JTNP
[17:52:24] [324/459] LPCH
[17:52:24] [325/459] CPUO
[17:52:25] [326/459] APSU
[17:52:26] [327/459] RTHC
[17:52:27] [328/459] PTBU
[17:52:28] [329/459] CUCC
[17:52:29] [330/459] CPSA
[17:52:29] [331/459] SUAY
[17:52:30] [332/459] AYAA
[17:52:31] [333/459] MUCH
[17:52:32] [334/459] PCIN
[17:52:33] [335/459] JRRM
[17:52:34] [336/459] KATS
[17:52:36] [337/459] MHFF
[17:52:36] [338/459] ESYM
[17:52:37] [339/459] STYV
[17:52:38] [340/459] SDKG
[17:52:39] [341/459] SMTI
[17:52:40] [342/459] NYCS
[17:52:41] [343/459] MTBG
[17:52:42] [344/459] RHCA
[17:52:43] [345/459] PCKH
[17:52:43] [346/459] ARCR
[17:52:44] [347/459] NCMB
[17:52:45] [348/459] SHYC
[17:52:46] [349/459] LACK
[17:52:47] [350/459] MTCM
[17:52:48] [351/459] RRBN
[17:52:49] [352/459] MYDC
[17:52:51] [353/459] STCS
[17:52:51] [354/459] CONN
[17:52:52] [355/459] SIPS
[17:52:53] [356/459] SMMX
[17:52:54] [357/459] SCBY
[17:52:55] [358/459] SUAP
[17:52:56] [359/459] RSMK
[17:52:56] [360/459] STKP
[17:52:57] [361/459] CIPC
[17:52:59] [362/459] KKCI
[17:52:59] [363/459] CTNK
[17:53:01] [364/459] MMTZ
[17:53:02] [365/459] DCCO
[17:53:03] [366/459] VNMN
[17:53:03] [367/459] RLCN
[17:53:04] [368/459] CMMS
[17:53:05] [369/459] AYOU
[17:53:06] [370/459] SSCN
[17:53:07] [371/459] SMXN
[17:53:08] [372/459] ASSK
[17:53:10] [373/459] VCKM
[17:53:11] [374/459] PCPH
[17:53:12] [375/459] PADM
[17:53:13] [376/459] IESA
[17:53:14] [377/459] VCSP
[17:53:15] [378/459] AEST
[17:53:15] [379/459] VTNR
[17:53:16] [380/459] GTTA
[17:53:17] [381/459] CMMM
[17:53:17] [382/459] AHKT
[17:53:18] [383/459] SIJI
[17:53:19] [384/459] VCEI
[17:53:20] [385/459] SAKR
[17:53:21] [386/459] VSMT
[17:53:22] [387/459] SSCT
[17:53:23] [388/459] USTR
[17:53:24] [389/459] MTKT
[17:53:25] [390/459] TGMP
[17:53:26] [391/459] SIVC
[17:53:27] [392/459] KICT
[17:53:28] [393/459] DAMD
[17:53:29] [394/459] CNPT
[17:53:30] [395/459] RVTT
[17:53:31] [396/459] SNCM
[17:53:32] [397/459] GHTE
[17:53:33] [398/459] PPAM
[17:53:34] [399/459] PVAA
[17:53:35] [400/459] CPAO
[17:53:36] [401/459] HAMD
[17:53:37] [402/459] RCCA
[17:53:38] [403/459] MPCH
[17:53:39] [404/459] ARED
[17:53:40] [405/459] RRCV
[17:53:41] [406/459] MTRB
[17:53:42] [407/459] CKUA
[17:53:43] [408/459] ABMP
[17:53:44] [409/459] RCWA
[17:53:45] [410/459] CGAR
[17:53:47] [411/459] METH
[17:53:47] [412/459] WAGA
[17:53:48] [413/459] MCMA
[17:53:49] [414/459] CSMP
[17:53:50] [415/459] RCNK
[17:53:52] [416/459] PSTM
[17:53:52] [417/459] CSEP
[17:53:53] [418/459] AMGD
[17:53:55] [419/459] CSTE
[17:53:55] [420/459] CONS
[17:53:56] [421/459] APPX
[17:53:57] [422/459] MABC
[17:53:58] [423/459] CXST
[17:53:59] [424/459] MATN
[17:54:00] [425/459] MACZ
[17:54:01] [426/459] MASA
[17:54:01] [427/459] MBSX
[17:54:02] [428/459] CSST
[17:54:04] [429/459] APCL
[17:54:05] [430/459] CGOS
[17:54:05] [431/459] CPEC
[17:54:06] [432/459] MCCP
[17:54:08] [433/459] BSSO
[17:54:09] [434/459] SJKA
[17:54:09] [435/459] CGBO
[17:54:10] [436/459] MVSK
[17:54:12] [437/459] HVCA
[17:54:13] [438/459] NAMD
[17:54:13] [439/459] DEVI
[17:54:14] [440/459] SCSV
[17:54:15] [441/459] PSMA
[17:54:17] [442/459] CLDJ
[17:54:18] [443/459] NMAD
[17:54:18] [444/459] CGMO
[17:54:20] [445/459] MCNA
[17:54:21] [446/459] OCBN
[17:54:22] [447/459] CPEM
[17:54:23] [448/459] CPSM
[17:54:24] [449/459] RCAD
[17:54:25] [450/459] CPMU
[17:54:26] [451/459] DICD
[17:54:27] [452/459] CHOE
[17:54:28] [453/459] PDJM
[17:54:29] [454/459] SSTU
[17:54:30] [455/459] VNRN
[17:54:30] [456/459] PVLG
[17:54:31] [457/459] SWBL
[17:54:32] [458/459] SCAB
[17:54:34] [459/459] RDDA
[17:54:35] 🧹 Deduping shows
[17:54:35] ✅ DONE | Shows=4051 | Movies=72
[19:07:23] 🚀 SCRIPT STARTED
[19:07:23] [1/459] MCCZ
[19:07:23] 🧠 New identity created
[19:07:24] [2/459] FRPU
[19:07:24] [3/459] SKSI
[19:07:25] [4/459] SSCK
[19:07:26] [5/459] SRDC
[19:07:27] [6/459] RSCZ
[19:07:29] [7/459] PRVT
[19:07:29] [8/459] GAGJ
[19:07:30] [9/459] SMHG
[19:07:31] [10/459] JTST
[19:07:32] [11/459] MYTH
[19:07:33] [12/459] JPCC
[19:07:33] [13/459] ACDC
[19:07:34] [14/459] SVFP
[19:07:35] [15/459] SFCM
[19:07:36] [16/459] RUPK
[19:07:37] [17/459] NTCR
[19:07:38] [18/459] RTCH
[19:07:39] [19/459] SCMH
[19:07:39] [20/459] SVYM
[19:07:40] [21/459] SPYM
[19:07:42] [22/459] SMMF
[19:07:43] [23/459] CLLB
[19:07:44] [24/459] FMCB
[19:07:45] [25/459] BBTC
[19:07:45] [26/459] NTHS
[19:07:46] [27/459] PKKJ
[19:07:47] [28/459] MTJA
[19:07:48] [29/459] PMSJ
[19:07:49] [30/459] JMJU
[19:07:50] [31/459] SRAD
[19:07:50] [32/459] MJMC
[19:07:51] [33/459] DFRM
[19:07:52] [34/459] PMRS
[19:07:53] [35/459] RKPP
[19:07:53] [36/459] BMBK
[19:07:54] [37/459] NEWS
[19:07:55] [38/459] SALB
[19:07:56] [39/459] SCPW
[19:07:56] [40/459] RAYL
[19:07:57] [41/459] CMGJ
[19:07:58] [42/459] JRCR
[19:07:59] [43/459] SRTB
[19:08:00] [44/459] ETPB
[19:08:01] [45/459] MXBN
[19:08:01] [46/459] TOPE
[19:08:03] [47/459] SNLJ
[19:08:04] [48/459] CDDP
[19:08:04] [49/459] APCX
[19:08:05] [50/459] TALP
[19:08:06] [51/459] RRMP
[19:08:07] [52/459] MAHB
[19:08:08] [53/459] MTKR
[19:08:09] [54/459] KSKL
[19:08:10] [55/459] RJLT
[19:08:11] [56/459] ATAS
[19:08:11] [57/459] AMHR
[19:08:12] [58/459] RSRM
[19:08:13] [59/459] GCAT
[19:08:14] [60/459] SMML
[19:08:15] [61/459] ACCD
[19:08:16] [62/459] VYDA
[19:08:16] [63/459] MSKT
[19:08:17] [64/459] AVDM
[19:08:18] [65/459] ASMH
[19:08:19] [66/459] VTMB
[19:08:20] [67/459] WVMB
[19:08:20] [68/459] PPMN
[19:08:21] [69/459] MTMD
[19:08:22] [70/459] SMMO
[19:08:23] [71/459] DLPB
[19:08:24] [72/459] AKMD
[19:08:24] [73/459] SHRR
[19:08:25] [74/459] ASCO
[19:08:26] [75/459] CZVX
[19:08:27] [76/459] GCBB
[19:08:28] [77/459] ATBM
[19:08:29] [78/459] TCGM
[19:08:29] [79/459] UMSE
[19:08:30] [80/459] NKCL
[19:08:31] [81/459] BTLR
[19:08:32] [82/459] GOCL
[19:08:33] [83/459] MIRN
[19:08:33] [84/459] THEC
[19:08:34] [85/459] SPPB
[19:08:35] [86/459] PMMM
[19:08:37] [87/459] GGMC
[19:08:37] [88/459] AVSR
[19:08:38] [89/459] RDMH
[19:08:39] [90/459] JSRS
[19:08:40] [91/459] VKGP
[19:08:41] [92/459] ACRT
[19:08:41] [93/459] GCBA
[19:08:42] [94/459] GTCP
[19:08:43] [95/459] AKFC
[19:08:44] [96/459] INCS
[19:08:45] [97/459] SMCK
[19:08:46] [98/459] BRUN
[19:08:46] [99/459] RPPC
[19:08:48] [100/459] PAYD
[19:08:48] [101/459] SVVT
[19:08:50] [102/459] RNCC
[19:08:51] [103/459] PCRC
[19:08:51] [104/459] PMRM
[19:08:52] [105/459] CCRP
[19:08:53] [106/459] INCR
[19:08:54] [107/459] ZTMP
[19:08:55] [108/459] MCNR
[19:08:55] [109/459] INRP
[19:08:56] [110/459] STRC
[19:08:57] [111/459] RATI
[19:08:58] [112/459] PBTR
[19:08:59] [113/459] CMHP
[19:09:00] [114/459] ZECJ
[19:09:01] [115/459] CCCB
[19:09:02] [116/459] BWCB
[19:09:02] [117/459] CCAT
[19:09:03] [118/459] KGCM
[19:09:04] [119/459] INPT
[19:09:05] [120/459] FNCO
[19:09:05] [121/459] SRMJ
[19:09:06] [122/459] PFSC
[19:09:07] [123/459] PBMC
[19:09:08] [124/459] KARP
[19:09:09] [125/459] KOVI
[19:09:10] [126/459] ACXL
[19:09:11] [127/459] GKCC
[19:09:11] [128/459] ASCC
[19:09:12] [129/459] SETC
[19:09:14] [130/459] KACC
[19:09:14] [131/459] KAVE
[19:09:15] [132/459] CNTC
[19:09:16] [133/459] MEEN
[19:09:17] [134/459] BMRV
[19:09:17] [135/459] SVAM
[19:09:18] [136/459] VTBP
[19:09:19] [137/459] VCKN
[19:09:20] [138/459] SGTK
[19:09:21] [139/459] RCGS
[19:09:22] [140/459] RCCB
[19:09:22] [141/459] RKSR
[19:09:23] [142/459] RKCU
[19:09:24] [143/459] GIBH
[19:09:25] [144/459] CXBS
[19:09:25] [145/459] GGCB
[19:09:26] [146/459] SCPB
[19:09:27] [147/459] AKTB
[19:09:29] [148/459] SRBU
[19:09:29] [149/459] CSSA
[19:09:30] [150/459] MYAN
[19:09:31] [151/459] EXCA
[19:09:31] [152/459] CKSA
[19:09:32] [153/459] JTNM
[19:09:34] [154/459] CXKT
[19:09:35] [155/459] NCLM
[19:09:35] [156/459] JAAD
[19:09:37] [157/459] RDCR
[19:09:38] [158/459] MEER
[19:09:39] [159/459] SIBT
[19:09:40] [160/459] PVVB
[19:09:40] [161/459] FNPN
[19:09:41] [162/459] CRPX
[19:09:42] [163/459] STET
[19:09:43] [164/459] METE
[19:09:44] [165/459] BJML
[19:09:45] [166/459] MAVT
[19:09:46] [167/459] MSRM
[19:09:46] [168/459] TJMP
[19:09:47] [169/459] MHCK
[19:09:48] [170/459] SVGP
[19:09:49] [171/459] KRRC
[19:09:50] [172/459] IMCH
[19:09:51] [173/459] CMCS
[19:09:52] [174/459] SGND
[19:09:53] [175/459] RNAT
[19:09:54] [176/459] PRTN
[19:09:54] [177/459] MPTN
[19:09:55] [178/459] ARCC
[19:09:56] [179/459] NTTE
[19:09:57] [180/459] ABND
[19:09:58] [181/459] KCSN
[19:09:59] [182/459] KCSA
[19:10:00] [183/459] DCKT
[19:10:01] [184/459] MBBR
[19:10:01] [185/459] RAMU
[19:10:02] [186/459] RACW
[19:10:04] [187/459] MCHP
[19:10:05] [188/459] TMHM
[19:10:06] [189/459] STXH
[19:10:07] [190/459] AGSG
[19:10:08] [191/459] SIRA
[19:10:09] [192/459] RCAN
[19:10:09] [193/459] CWTB
[19:10:10] [194/459] VTYM
[19:10:11] [195/459] RRPP
[19:10:12] [196/459] ASMR
[19:10:13] [197/459] RONO
[19:10:13] [198/459] MEMR
[19:10:14] [199/459] CTMR
[19:10:15] [200/459] PMTT
[19:10:16] [201/459] PSLX
[19:10:17] [202/459] IPPL
[19:10:18] [203/459] MMSG
[19:10:19] [204/459] INEL
[19:10:19] [205/459] COAC
[19:10:20] [206/459] WVLK
[19:10:22] [207/459] PPXL
[19:10:23] [208/459] PSML
[19:10:24] [209/459] FNLK
[19:10:26] [210/459] ILUM
[19:10:26] [211/459] ILCM
[19:10:27] [212/459] MSNL
[19:10:28] [213/459] VINB
[19:10:28] [214/459] SALW
[19:10:29] [215/459] PRTB
[19:10:30] [216/459] NCIL
[19:10:31] [217/459] PSUL
[19:10:32] [218/459] SCLK
[19:10:33] [219/459] ADDC
[19:10:34] [220/459] OACL
[19:10:35] [221/459] OOCF
[19:10:35] [222/459] GPMF
[19:10:37] [223/459] SSDG
[19:10:37] [224/459] SKRS
[19:10:38] [225/459] NTTP
[19:10:40] [226/459] SLTP
[19:10:41] [227/459] JTLC
[19:10:42] [228/459] POON
[19:10:42] [229/459] CCPC
[19:10:43] [230/459] DCKC
[19:10:44] [231/459] CPRT
[19:10:45] [232/459] EYHZ
[19:10:46] [233/459] ARBL
[19:10:47] [234/459] SBTB
[19:10:47] [235/459] MMCK
[19:10:48] [236/459] PLMR
[19:10:49] [237/459] BIJH
[19:10:50] [238/459] SDRT
[19:10:53] [239/459] PRDC
[19:10:53] [240/459] OMJA
[19:10:54] [241/459] VKCR
[19:10:55] [242/459] ATRT
[19:10:56] [243/459] WVRP
[19:10:57] [244/459] MVRP
[19:10:58] [245/459] FCAX
[19:10:59] [246/459] CTLC
[19:10:59] [247/459] JCHB
[19:11:00] [248/459] SELP
[19:11:01] [249/459] VCPG
[19:11:02] [250/459] ASCX
[19:11:03] [251/459] EOCS
[19:11:03] [252/459] RCPH
[19:11:05] [253/459] RJTM
[19:11:06] [254/459] SGMD
[19:11:07] [255/459] SVJT
[19:11:07] [256/459] SPPO
[19:11:08] [257/459] MNRL
[19:11:09] [258/459] KNOX
[19:11:10] [259/459] GIER
[19:11:11] [260/459] PJMS
[19:11:12] [261/459] UNSP
[19:11:12] [262/459] JETP
[19:11:13] [263/459] VTWA
[19:11:14] [264/459] SCJI
[19:11:15] [265/459] CBZZ
[19:11:16] [266/459] SDCJ
[19:11:17] [267/459] RRCC
[19:11:18] [268/459] VNKG
[19:11:19] [269/459] LKTO
[19:11:20] [270/459] PJRM
[19:11:21] [271/459] NVRM
[19:11:22] [272/459] SJCS
[19:11:23] [273/459] VIGK
[19:11:25] [274/459] ANST
[19:11:26] [275/459] JTTS
[19:11:26] [276/459] NTST
[19:11:27] [277/459] PREB
[19:11:28] [278/459] TSCZ
[19:11:29] [279/459] CDCM
[19:11:30] [280/459] ELYE
[19:11:31] [281/459] INBS
[19:11:32] [282/459] SMGC
[19:11:32] [283/459] UTMP
[19:11:34] [284/459] INTA
[19:11:35] [285/459] OMPT
[19:11:35] [286/459] SCIR
[19:11:37] [287/459] GCKJ
[19:11:38] [288/459] INOG
[19:11:39] [289/459] SMGB
[19:11:39] [290/459] MCSG
[19:11:40] [291/459] STKG
[19:11:41] [292/459] TTKG
[19:11:42] [293/459] SRTR
[19:11:42] [294/459] ETTR
[19:11:43] [295/459] GGGZ
[19:11:44] [296/459] IPGM
[19:11:45] [297/459] FCDH
[19:11:46] [298/459] DESB
[19:11:47] [299/459] VNTP
[19:11:48] [300/459] ANNT
[19:11:49] [301/459] SLTI
[19:11:50] [302/459] MAJU
[19:11:51] [303/459] JCXP
[19:11:51] [304/459] HARK
[19:11:52] [305/459] JPCJ
[19:11:53] [306/459] RXBD
[19:11:54] [307/459] PTKJ
[19:11:55] [308/459] CMTU
[19:11:56] [309/459] SWOR
[19:11:57] [310/459] JMEX
[19:11:58] [311/459] DTPT
[19:11:59] [312/459] VGMM
[19:12:00] [313/459] VCSG
[19:12:02] [314/459] CVCG
[19:12:02] [315/459] TNTT
[19:12:03] [316/459] SHRM
[19:12:04] [317/459] CGKD
[19:12:05] [318/459] EKCM
[19:12:06] [319/459] SDCX
[19:12:07] [320/459] SBTE
[19:12:07] [321/459] STKJ
[19:12:08] [322/459] TPCE
[19:12:09] [323/459] JTNP
[19:12:10] [324/459] LPCH
[19:12:11] [325/459] CPUO
[19:12:11] [326/459] APSU
[19:12:12] [327/459] RTHC
[19:12:14] [328/459] PTBU
[19:12:14] [329/459] CUCC
[19:12:15] [330/459] CPSA
[19:12:16] [331/459] SUAY
[19:12:17] [332/459] AYAA
[19:12:18] [333/459] MUCH
[19:12:18] [334/459] PCIN
[19:12:19] [335/459] JRRM
[19:12:20] [336/459] KATS
[19:12:21] [337/459] MHFF
[19:12:21] [338/459] ESYM
[19:12:22] [339/459] STYV
[19:12:23] [340/459] SDKG
[19:12:23] [341/459] SMTI
[19:12:24] [342/459] NYCS
[19:12:25] [343/459] MTBG
[19:12:26] [344/459] RHCA
[19:12:27] [345/459] PCKH
[19:12:27] [346/459] ARCR
[19:12:29] [347/459] NCMB
[19:12:30] [348/459] SHYC
[19:12:30] [349/459] LACK
[19:12:31] [350/459] MTCM
[19:12:32] [351/459] RRBN
[19:12:32] [352/459] MYDC
[19:12:33] [353/459] STCS
[19:12:34] [354/459] CONN
[19:12:35] [355/459] SIPS
[19:12:36] [356/459] SMMX
[19:12:36] [357/459] SCBY
[19:12:37] [358/459] SUAP
[19:12:38] [359/459] RSMK
[19:12:39] [360/459] STKP
[19:12:40] [361/459] CIPC
[19:12:41] [362/459] KKCI
[19:12:42] [363/459] CTNK
[19:12:43] [364/459] MMTZ
[19:12:44] [365/459] DCCO
[19:12:45] [366/459] VNMN
[19:12:45] [367/459] RLCN
[19:12:46] [368/459] CMMS
[19:12:47] [369/459] AYOU
[19:12:48] [370/459] SSCN
[19:12:49] [371/459] SMXN
[19:12:49] [372/459] ASSK
[19:12:50] [373/459] VCKM
[19:12:51] [374/459] PCPH
[19:12:52] [375/459] PADM
[19:12:53] [376/459] IESA
[19:12:54] [377/459] VCSP
[19:12:54] [378/459] AEST
[19:12:55] [379/459] VTNR
[19:12:56] [380/459] GTTA
[19:12:57] [381/459] CMMM
[19:12:58] [382/459] AHKT
[19:12:59] [383/459] SIJI
[19:13:00] [384/459] VCEI
[19:13:00] [385/459] SAKR
[19:13:01] [386/459] VSMT
[19:13:03] [387/459] SSCT
[19:13:04] [388/459] USTR
[19:13:05] [389/459] MTKT
[19:13:05] [390/459] TGMP
[19:13:07] [391/459] SIVC
[19:13:08] [392/459] KICT
[19:13:09] [393/459] DAMD
[19:13:10] [394/459] CNPT
[19:13:10] [395/459] RVTT
[19:13:11] [396/459] SNCM
[19:13:13] [397/459] GHTE
[19:13:14] [398/459] PPAM
[19:13:14] [399/459] PVAA
[19:13:15] [400/459] CPAO
[19:13:16] [401/459] HAMD
[19:13:17] [402/459] RCCA
[19:13:18] [403/459] MPCH
[19:13:19] [404/459] ARED
[19:13:19] [405/459] RRCV
[19:13:20] [406/459] MTRB
[19:13:21] [407/459] CKUA
[19:13:22] [408/459] ABMP
[19:13:23] [409/459] RCWA
[19:13:23] [410/459] CGAR
[19:13:24] [411/459] METH
[19:13:25] [412/459] WAGA
[19:13:26] [413/459] MCMA
[19:13:27] [414/459] CSMP
[19:13:28] [415/459] RCNK
[19:13:29] [416/459] PSTM
[19:13:29] [417/459] CSEP
[19:13:30] [418/459] AMGD
[19:13:31] [419/459] CSTE
[19:13:32] [420/459] CONS
[19:13:33] [421/459] APPX
[19:13:34] [422/459] MABC
[19:13:35] [423/459] CXST
[19:13:35] [424/459] MATN
[19:13:36] [425/459] MACZ
[19:13:37] [426/459] MASA
[19:13:38] [427/459] MBSX
[19:13:39] [428/459] CSST
[19:13:39] [429/459] APCL
[19:13:41] [430/459] CGOS
[19:13:42] [431/459] CPEC
[19:13:43] [432/459] MCCP
[19:13:43] [433/459] BSSO
[19:13:44] [434/459] SJKA
[19:13:45] [435/459] CGBO
[19:13:46] [436/459] MVSK
[19:13:47] [437/459] HVCA
[19:13:47] [438/459] NAMD
[19:13:48] [439/459] DEVI
[19:13:49] [440/459] SCSV
[19:13:50] [441/459] PSMA
[19:13:51] [442/459] CLDJ
[19:13:52] [443/459] NMAD
[19:13:54] [444/459] CGMO
[19:13:55] [445/459] MCNA
[19:13:55] [446/459] OCBN
[19:13:56] [447/459] CPEM
[19:13:57] [448/459] CPSM
[19:13:58] [449/459] RCAD
[19:13:59] [450/459] CPMU
[19:14:00] [451/459] DICD
[19:14:01] [452/459] CHOE
[19:14:02] [453/459] PDJM
[19:14:03] [454/459] SSTU
[19:14:03] [455/459] VNRN
[19:14:04] [456/459] PVLG
[19:14:05] [457/459] SWBL
[19:14:06] [458/459] SCAB
[19:14:07] [459/459] RDDA
[19:14:07] 🧹 Deduping shows
[19:14:07] ✅ DONE | Shows=4082 | Movies=73
