[17:46:47] 🚀 SCRIPT STARTED
[17:46:47] [1/296] CDCA
[17:46:47] 🧠 New identity created
[17:46:48] [2/296] MNSR
[17:46:49] [3/296] CSSL
[17:46:49] [4/296] BGGM
[17:46:51] [5/296] MANT
[17:46:52] [6/296] SOOY
[17:46:53] [7/296] VPPK
[17:46:54] [8/296] MYHJ
[17:46:55] [9/296] KSCK
[17:46:56] [10/296] KATK
[17:46:57] [11/296] RTRT
[17:46:57] [12/296] SSTT
[17:46:59] [13/296] SSTV
[17:47:00] [14/296] LACM
[17:47:01] [15/296] SGMG
[17:47:02] [16/296] KACX
[17:47:03] [17/296] GVCP
[17:47:04] [18/296] CSNC
[17:47:05] [19/296] SXCB
[17:47:06] [20/296] BAHS
[17:47:07] [21/296] PCBI
[17:47:08] [22/296] PSSM
[17:47:09] [23/296] RCOK
[17:47:10] [24/296] SCPF
[17:47:11] [25/296] SSAS
[17:47:12] [26/296] EVMM
[17:47:13] [27/296] SYCB
[17:47:14] [28/296] GCKI
[17:47:15] [29/296] IAET
[17:47:16] [30/296] DDTD
[17:47:16] [31/296] GMDH
[17:47:18] [32/296] STLE
[17:47:19] [33/296] JTRA
[17:47:20] [34/296] RPPA
[17:47:21] [35/296] ARUT
[17:47:23] [36/296] JTVM
[17:47:25] [37/296] SWRH
[17:47:25] [38/296] DCPC
[17:47:26] [39/296] RAPR
[17:47:27] [40/296] GCRT
[17:47:28] [41/296] ATUN
[17:47:29] [42/296] LTRM
[17:47:30] [43/296] TASR
[17:47:30] [44/296] RLLC
[17:47:31] [45/296] MABI
[17:47:32] [46/296] SVHB
[17:47:33] [47/296] NVTB
[17:47:35] [48/296] KCKG
[17:47:36] [49/296] SSRN
[17:47:37] [50/296] VDDC
[17:47:39] [51/296] GKTK
[17:47:39] [52/296] YFSN
[17:47:41] [53/296] GCSG
[17:47:42] [54/296] ESSM
[17:47:43] [55/296] KRIH
[17:47:44] [56/296] GCDS
[17:47:45] [57/296] CCSH
[17:47:47] [58/296] ACSK
[17:47:47] [59/296] APRK
[17:47:48] [60/296] ADKM
[17:47:49] [61/296] SRDM
[17:47:50] [62/296] RMOG
[17:47:51] [63/296] SJMY
[17:47:52] [64/296] PGGC
[17:47:52] [65/296] INGM
[17:47:53] [66/296] LSCB
[17:47:54] [67/296] STAD
[17:47:55] [68/296] MCCR
[17:47:57] [69/296] ABCC
[17:47:58] [70/296] RKCC
[17:47:59] [71/296] RTCR
[17:47:59] [72/296] GGBC
[17:48:00] [73/296] GCSD
[17:48:01] [74/296] LPTY
[17:48:02] [75/296] MCFD
[17:48:03] [76/296] HENN
[17:48:03] [77/296] SMKU
[17:48:04] [78/296] TNZC
[17:48:05] [79/296] DRCD
[17:48:06] [80/296] DLCD
[17:48:07] [81/296] RCDA
[17:48:07] [82/296] COSM
[17:48:08] [83/296] MCMJ
[17:48:09] [84/296] CSTR
[17:48:10] [85/296] CVDK
[17:48:11] [86/296] INRR
[17:48:11] [87/296] RJRT
[17:48:12] [88/296] IRMR
[17:48:13] [89/296] SRCF
[17:48:14] [90/296] GRCR
[17:48:15] [91/296] SURC
[17:48:16] [92/296] NMNH
[17:48:17] [93/296] SVBL
[17:48:17] [94/296] KACI
[17:48:18] [95/296] TDGO
[17:48:19] [96/296] KTBR
[17:48:20] [97/296] PMAD
[17:48:21] [98/296] CCPN
[17:48:22] [99/296] SBTK
[17:48:23] [100/296] LMDK
[17:48:24] [101/296] PGDA
[17:48:24] [102/296] SRML
[17:48:25] [103/296] EVCK
[17:48:26] [104/296] RTTK
[17:48:27] [105/296] SRTU
[17:48:28] [106/296] VRSA
[17:48:28] [107/296] VARS
[17:48:29] [108/296] DSCZ
[17:48:30] [109/296] GAGA
[17:48:32] [110/296] SARV
[17:48:32] [111/296] SEEG
[17:48:33] [112/296] GLCA
[17:48:34] [113/296] APAS
[17:48:35] [114/296] VCIA
[17:48:37] [115/296] SJTA
[17:48:38] [116/296] SABM
[17:48:39] [117/296] PPAG
[17:48:40] [118/296] RVCA
[17:48:40] [119/296] CCIA
[17:48:41] [120/296] HTAG
[17:48:42] [121/296] SMBI
[17:48:43] [122/296] MCJR
[17:48:43] [123/296] CCJR
[17:48:44] [124/296] SINF
[17:48:45] [125/296] CPLX
[17:48:46] [126/296] KKTJ
[17:48:47] [127/296] GDBW
[17:48:48] [128/296] CSUB
[17:48:49] [129/296] DABA
[17:48:50] [130/296] TITR
[17:48:51] [131/296] NYCR
[17:48:51] [132/296] RTRY
[17:48:52] [133/296] JTJL
[17:48:53] [134/296] SJCP
[17:48:54] [135/296] KCCA
[17:48:55] [136/296] MLPG
[17:48:57] [137/296] VRCK
[17:48:58] [138/296] SRIN
[17:48:59] [139/296] CXMK
[17:49:00] [140/296] SKAD
[17:49:00] [141/296] AVTR
[17:49:01] [142/296] PTAJ
[17:49:02] [143/296] SCNK
[17:49:03] [144/296] STTI
[17:49:04] [145/296] KACR
[17:49:05] [146/296] SSDX
[17:49:06] [147/296] VRTJ
[17:49:07] [148/296] RAJD
[17:49:08] [149/296] SCIP
[17:49:09] [150/296] RJSL
[17:49:10] [151/296] ARRS
[17:49:11] [152/296] ASMS
[17:49:13] [153/296] RDTS
[17:49:14] [154/296] DVMY
[17:49:15] [155/296] RASA
[17:49:16] [156/296] INOM
[17:49:17] [157/296] SPRS
[17:49:18] [158/296] SGCS
[17:49:18] [159/296] SALM
[17:49:19] [160/296] PKHC
[17:49:20] [161/296] RCSV
[17:49:21] [162/296] CPKC
[17:49:22] [163/296] AACD
[17:49:23] [164/296] GGCV
[17:49:23] [165/296] SMKD
[17:49:24] [166/296] NBCH
[17:49:25] [167/296] AMCB
[17:49:26] [168/296] OPCN
[17:49:28] [169/296] DCIN
[17:49:29] [170/296] INGW
[17:49:29] [171/296] PKKW
[17:49:30] [172/296] FNGW
[17:49:31] [173/296] GCGD
[17:49:32] [174/296] MSTW
[17:49:33] [175/296] KCCG
[17:49:34] [176/296] MRSS
[17:49:34] [177/296] CLCF
[17:49:35] [178/296] EETS
[17:49:36] [179/296] AATR
[17:49:37] [180/296] CMMN
[17:49:38] [181/296] SCCJ
[17:49:38] [182/296] CDTK
[17:49:40] [183/296] AICP
[17:49:41] [184/296] FNBP
[17:49:42] [185/296] CBPB
[17:49:42] [186/296] CPAS
[17:49:43] [187/296] MAPM
[17:49:44] [188/296] PASD
[17:49:45] [189/296] JCMN
[17:49:46] [190/296] MALB
[17:49:47] [191/296] SACG
[17:49:48] [192/296] DDRX
[17:49:48] [193/296] DDXB
[17:49:49] [194/296] RAMC
[17:49:50] [195/296] SANC
[17:49:52] [196/296] BCBP
[17:49:54] [197/296] ALPC
[17:49:55] [198/296] RBAC
[17:49:55] [199/296] RAJL
[17:49:56] [200/296] MPDX
[17:49:57] [201/296] MUSC
[17:49:58] [202/296] VKMK
[17:49:59] [203/296] SKCG
[17:50:00] [204/296] ANCN
[17:50:00] [205/296] MMCJ
[17:50:01] [206/296] DCAK
[17:50:03] [207/296] SCKG
[17:50:05] [208/296] LMCK
[17:50:06] [209/296] CKKX
[17:50:07] [210/296] ANKU
[17:50:08] [211/296] CSMD
[17:50:09] [212/296] MKMP
[17:50:10] [213/296] SVBG
[17:50:10] [214/296] ROOP
[17:50:11] [215/296] GDMT
[17:50:12] [216/296] FPPF
[17:50:13] [217/296] SFUU
[17:50:14] [218/296] ANCB
[17:50:15] [219/296] SMMC
[17:50:16] [220/296] UGKT
[17:50:17] [221/296] JVRM
[17:50:18] [222/296] BATG
[17:50:19] [223/296] RATE
[17:50:20] [224/296] SKME
[17:50:21] [225/296] LMTP
[17:50:21] [226/296] TCBD
[17:50:22] [227/296] ESBD
[17:50:23] [228/296] GDCU
[17:50:24] [229/296] SNKT
[17:50:25] [230/296] SRNK
[17:50:26] [231/296] SMED
[17:50:28] [232/296] CSQS
[17:50:29] [233/296] ALCS
[17:50:30] [234/296] KCKN
[17:50:30] [235/296] VCCL
[17:50:31] [236/296] MCDA
[17:50:32] [237/296] SHMI
[17:50:33] [238/296] SKHA
[17:50:34] [239/296] SVFK
[17:50:35] [240/296] INVB
[17:50:36] [241/296] MELD
[17:50:37] [242/296] JTYS
[17:50:37] [243/296] INCM
[17:50:39] [244/296] MCDV
[17:50:40] [245/296] KSGK
[17:50:42] [246/296] ICMG
[17:50:43] [247/296] CSCV
[17:50:44] [248/296] STMD
[17:50:44] [249/296] STTR
[17:50:45] [250/296] INVC
[17:50:47] [251/296] JTBL
[17:50:48] [252/296] SRVV
[17:50:49] [253/296] MAVC
[17:50:49] [254/296] SRPP
[17:50:50] [255/296] JGDM
[17:50:51] [256/296] MBSJ
[17:50:52] [257/296] SSLL
[17:50:53] [258/296] SLKP
[17:50:54] [259/296] NSRV
[17:50:55] [260/296] UTDV
[17:50:56] [261/296] KICM
[17:50:56] [262/296] KCMD
[17:50:58] [263/296] TTPP
[17:50:59] [264/296] KMPV
[17:51:00] [265/296] SKTV
[17:51:01] [266/296] STCV
[17:51:02] [267/296] SRDA
[17:51:02] [268/296] JTSX
[17:51:03] [269/296] STBV
[17:51:04] [270/296] APVZ
[17:51:05] [271/296] GSTV
[17:51:06] [272/296] NMVS
[17:51:07] [273/296] SKRT
[17:51:08] [274/296] RMDV
[17:51:09] [275/296] RATG
[17:51:10] [276/296] SJYV
[17:51:11] [277/296] NDGP
[17:51:12] [278/296] SNDG
[17:51:13] [279/296] INSR
[17:51:13] [280/296] INSO
[17:51:15] [281/296] CCSI
[17:51:17] [282/296] RASM
[17:51:18] [283/296] NEWC
[17:51:19] [284/296] VSHL
[17:51:20] [285/296] BISW
[17:51:21] [286/296] GCNG
[17:51:22] [287/296] CWSC
[17:51:23] [288/296] SKAN
[17:51:23] [289/296] SEHP
[17:51:24] [290/296] CCOA
[17:51:25] [291/296] MCAJ
[17:51:26] [292/296] ACDE
[17:51:27] [293/296] AACM
[17:51:28] [294/296] JJCK
[17:51:29] [295/296] RCMO
[17:51:30] [296/296] GDAW
[17:51:31] 🧹 Deduping shows
[17:51:31] ✅ DONE | Shows=2123 | Movies=57
