[17:41:01] 🚀 SCRIPT STARTED
[17:41:01] [1/324] GCTA
[17:41:02] 🧠 New identity created
[17:41:03] [2/324] TOPN
[17:41:04] [3/324] MCUS
[17:41:05] [4/324] SHRL
[17:41:06] [5/324] UPTP
[17:41:07] [6/324] TMMP
[17:41:08] [7/324] DNRP
[17:41:08] [8/324] SRLT
[17:41:09] [9/324] RCNS
[17:41:10] [10/324] DCBH
[17:41:12] [11/324] NAGJ
[17:41:14] [12/324] JVRC
[17:41:14] [13/324] KRJG
[17:41:15] [14/324] SRTJ
[17:41:16] [15/324] CMXM
[17:41:17] [16/324] STMI
[17:41:18] [17/324] SLST
[17:41:19] [18/324] DTCN
[17:41:20] [19/324] STYN
[17:41:21] [20/324] SZVR
[17:41:22] [21/324] SRKO
[17:41:23] [22/324] JTGT
[17:41:24] [23/324] SVFD
[17:41:25] [24/324] SISD
[17:41:25] [25/324] ABDD
[17:41:26] [26/324] DRCA
[17:41:27] [27/324] AVCS
[17:41:28] [28/324] MVKH
[17:41:29] [29/324] ACPR
[17:41:30] [30/324] STIP
[17:41:31] [31/324] MTRA
[17:41:31] [32/324] RMKH
[17:41:32] [33/324] NKRL
[17:41:33] [34/324] PCWN
[17:41:35] [35/324] BLMT
[17:41:36] [36/324] GDPG
[17:41:37] [37/324] SRMX
[17:41:38] [38/324] JACP
[17:41:39] [39/324] CPSH
[17:41:39] [40/324] MCCD
[17:41:40] [41/324] ECGH
[17:41:41] [42/324] MKCK
[17:41:42] [43/324] SRMM
[17:41:43] [44/324] SKYR
[17:41:44] [45/324] PCKC
[17:41:45] [46/324] JCMA
[17:41:46] [47/324] BSMP
[17:41:47] [48/324] VSPA
[17:41:48] [49/324] DJYA
[17:41:49] [50/324] DIMP
[17:41:50] [51/324] FXDR
[17:41:50] [52/324] SSRC
[17:41:52] [53/324] STHP
[17:41:53] [54/324] CPPD
[17:41:54] [55/324] FCLK
[17:41:55] [56/324] SCPP
[17:41:56] [57/324] DCMJ
[17:41:57] [58/324] RCCR
[17:41:58] [59/324] INMT
[17:41:59] [60/324] LXTK
[17:42:00] [61/324] SRYK
[17:42:01] [62/324] SGDK
[17:42:02] [63/324] PPKA
[17:42:03] [64/324] SPKA
[17:42:05] [65/324] CGHH
[17:42:06] [66/324] DCJN
[17:42:07] [67/324] SRKV
[17:42:09] [68/324] SAJC
[17:42:10] [69/324] SUSR
[17:42:11] [70/324] STYG
[17:42:12] [71/324] NTKP
[17:42:12] [72/324] AKTG
[17:42:13] [73/324] CGCM
[17:42:14] [74/324] TULC
[17:42:15] [75/324] NYYZ
[17:42:16] [76/324] NYBW
[17:42:17] [77/324] MACB
[17:42:18] [78/324] SLVT
[17:42:19] [79/324] SANA
[17:42:20] [80/324] ACMR
[17:42:21] [81/324] CPKN
[17:42:22] [82/324] DLGK
[17:42:23] [83/324] CWCK
[17:42:24] [84/324] FDDH
[17:42:25] [85/324] MMMD
[17:42:26] [86/324] CMEH
[17:42:27] [87/324] GGGV
[17:42:28] [88/324] SPJL
[17:42:28] [89/324] RCCD
[17:42:29] [90/324] STTZ
[17:42:31] [91/324] BTCF
[17:42:31] [92/324] TSTZ
[17:42:32] [93/324] IPMM
[17:42:33] [94/324] PMPW
[17:42:34] [95/324] PCMZ
[17:42:35] [96/324] ESEM
[17:42:36] [97/324] PIPO
[17:42:37] [98/324] MATK
[17:42:38] [99/324] PGHM
[17:42:39] [100/324] CTSR
[17:42:40] [101/324] CYKR
[17:42:41] [102/324] MSCM
[17:42:42] [103/324] RFNP
[17:42:44] [104/324] PDCP
[17:42:46] [105/324] NPSE
[17:42:47] [106/324] MKML
[17:42:48] [107/324] FTDP
[17:42:49] [108/324] MMXA
[17:42:50] [109/324] CEPO
[17:42:51] [110/324] CMVP
[17:42:52] [111/324] SGTH
[17:42:52] [112/324] SAYN
[17:42:53] [113/324] URVS
[17:42:54] [114/324] VJTN
[17:42:55] [115/324] BBYK
[17:42:56] [116/324] SHBO
[17:42:57] [117/324] VCMR
[17:42:58] [118/324] MACT
[17:42:58] [119/324] JMNP
[17:42:59] [120/324] VICS
[17:43:00] [121/324] VCDA
[17:43:01] [122/324] GCMM
[17:43:02] [123/324] INVS
[17:43:03] [124/324] SCGM
[17:43:03] [125/324] PCDA
[17:43:04] [126/324] KDCT
[17:43:05] [127/324] JACS
[17:43:06] [128/324] GMMC
[17:43:07] [129/324] AICM
[17:43:08] [130/324] TJCM
[17:43:08] [131/324] RMTI
[17:43:09] [132/324] SHAC
[17:43:10] [133/324] APJC
[17:43:11] [134/324] GCTG
[17:43:12] [135/324] SSMC
[17:43:13] [136/324] THRM
[17:43:14] [137/324] RBCT
[17:43:15] [138/324] DIKT
[17:43:16] [139/324] MIDL
[17:43:17] [140/324] VCSN
[17:43:18] [141/324] SKTG
[17:43:19] [142/324] SMWC
[17:43:20] [143/324] MNKH
[17:43:20] [144/324] PIAT
[17:43:21] [145/324] LTTP
[17:43:22] [146/324] PTPU
[17:43:23] [147/324] ACMG
[17:43:24] [148/324] SHMM
[17:43:25] [149/324] MCMN
[17:43:26] [150/324] GLDC
[17:43:27] [151/324] HOUT
[17:43:28] [152/324] SVRP
[17:43:29] [153/324] PVDN
[17:43:30] [154/324] SCPY
[17:43:31] [155/324] DTPY
[17:43:32] [156/324] GKCS
[17:43:33] [157/324] NCAM
[17:43:34] [158/324] BSRM
[17:43:35] [159/324] RCLC
[17:43:35] [160/324] SKKD
[17:43:36] [161/324] ACHU
[17:43:38] [162/324] RSCF
[17:43:39] [163/324] IMSH
[17:43:40] [164/324] MACX
[17:43:41] [165/324] HMMW
[17:43:42] [166/324] JTCP
[17:43:43] [167/324] SREN
[17:43:44] [168/324] PJRR
[17:43:44] [169/324] INAC
[17:43:45] [170/324] BMCA
[17:43:46] [171/324] SHCB
[17:43:47] [172/324] GABA
[17:43:48] [173/324] SBCT
[17:43:49] [174/324] GCMA
[17:43:50] [175/324] MYTK
[17:43:51] [176/324] INZS
[17:43:52] [177/324] RMIK
[17:43:53] [178/324] NYCH
[17:43:54] [179/324] RAVE
[17:43:55] [180/324] PSXM
[17:43:56] [181/324] MCGP
[17:43:57] [182/324] PDDK
[17:43:57] [183/324] SPCK
[17:43:58] [184/324] MCRL
[17:43:59] [185/324] MHKT
[17:44:00] [186/324] ANRR
[17:44:01] [187/324] SAPK
[17:44:02] [188/324] NCUK
[17:44:02] [189/324] JUGA
[17:44:03] [190/324] DBSC
[17:44:04] [191/324] LALK
[17:44:05] [192/324] GUCK
[17:44:06] [193/324] STSG
[17:44:07] [194/324] PPPZ
[17:44:08] [195/324] CNCY
[17:44:08] [196/324] MTAR
[17:44:09] [197/324] VNKD
[17:44:11] [198/324] KMAJ
[17:44:11] [199/324] ACXK
[17:44:12] [200/324] UTKC
[17:44:13] [201/324] PBLK
[17:44:14] [202/324] ACBX
[17:44:15] [203/324] PTGM
[17:44:16] [204/324] BTDA
[17:44:17] [205/324] PJMB
[17:44:18] [206/324] TPDA
[17:44:19] [207/324] AMOE
[17:44:19] [208/324] PRHT
[17:44:21] [209/324] PRTA
[17:44:22] [210/324] STAM
[17:44:23] [211/324] MSAA
[17:44:24] [212/324] SDLU
[17:44:25] [213/324] RCHH
[17:44:26] [214/324] KANT
[17:44:27] [215/324] FCRT
[17:44:28] [216/324] DNKM
[17:44:29] [217/324] RYCP
[17:44:30] [218/324] MYRP
[17:44:31] [219/324] PPAK
[17:44:31] [220/324] NVPK
[17:44:32] [221/324] PRMC
[17:44:33] [222/324] JBCS
[17:44:35] [223/324] GXCK
[17:44:36] [224/324] USKO
[17:44:36] [225/324] GTEM
[17:44:37] [226/324] SMBU
[17:44:39] [227/324] VETC
[17:44:40] [228/324] LCDA
[17:44:41] [229/324] MTVT
[17:44:42] [230/324] PYCP
[17:44:43] [231/324] PNSC
[17:44:44] [232/324] PPCC
[17:44:45] [233/324] TGRT
[17:44:46] [234/324] JYOT
[17:44:47] [235/324] SRCZ
[17:44:48] [236/324] SJTE
[17:44:48] [237/324] DESC
[17:44:49] [238/324] JHVN
[17:44:50] [239/324] IPSG
[17:44:51] [240/324] IPCM
[17:44:52] [241/324] PDRS
[17:44:53] [242/324] ANCV
[17:44:53] [243/324] CMVV
[17:44:54] [244/324] SHYP
[17:44:55] [245/324] DNCS
[17:44:56] [246/324] GAJK
[17:44:58] [247/324] AKTN
[17:44:59] [248/324] KAYA
[17:44:59] [249/324] SBRC
[17:45:00] [250/324] CHTP
[17:45:01] [251/324] SHRT
[17:45:02] [252/324] BCKU
[17:45:03] [253/324] FCPS
[17:45:04] [254/324] ARDD
[17:45:04] [255/324] CPCM
[17:45:05] [256/324] CGSM
[17:45:07] [257/324] PSMP
[17:45:08] [258/324] SDAL
[17:45:08] [259/324] RTNB
[17:45:09] [260/324] LMCR
[17:45:10] [261/324] CIMA
[17:45:11] [262/324] RNAS
[17:45:12] [263/324] LITH
[17:45:13] [264/324] PBOX
[17:45:14] [265/324] FRTS
[17:45:14] [266/324] RKIC
[17:45:16] [267/324] PTAI
[17:45:17] [268/324] GCIC
[17:45:18] [269/324] FNAS
[17:45:19] [270/324] SCAR
[17:45:20] [271/324] MTCA
[17:45:21] [272/324] SCTS
[17:45:22] [273/324] SYCS
[17:45:22] [274/324] RDMS
[17:45:24] [275/324] KAMP
[17:45:25] [276/324] ERSD
[17:45:26] [277/324] MJMJ
[17:45:27] [278/324] SRCJ
[17:45:28] [279/324] SCXE
[17:45:29] [280/324] SVFR
[17:45:30] [281/324] BHCS
[17:45:31] [282/324] IMCC
[17:45:31] [283/324] PCBO
[17:45:32] [284/324] PRVN
[17:45:33] [285/324] AUPM
[17:45:34] [286/324] INBW
[17:45:35] [287/324] SVCW
[17:45:35] [288/324] RKCF
[17:45:36] [289/324] UVBH
[17:45:37] [290/324] DNCY
[17:45:38] [291/324] ABCN
[17:45:39] [292/324] PRUR
[17:45:40] [293/324] PFMR
[17:45:41] [294/324] RKCN
[17:45:42] [295/324] CFEA
[17:45:42] [296/324] SDBG
[17:45:43] [297/324] SNAR
[17:45:44] [298/324] YISI
[17:45:45] [299/324] JCFF
[17:45:46] [300/324] VTRK
[17:45:47] [301/324] PCLZ
[17:45:48] [302/324] DIMY
[17:45:49] [303/324] BBTS
[17:45:49] [304/324] GATH
[17:45:50] [305/324] GTMN
[17:45:51] [306/324] VTMH
[17:45:52] [307/324] CCKP
[17:45:53] [308/324] GPKA
[17:45:53] [309/324] MHCL
[17:45:54] [310/324] ATCL
[17:45:55] [311/324] SBCK
[17:45:56] [312/324] AMMR
[17:45:57] [313/324] MADC
[17:45:58] [314/324] TMMA
[17:45:58] [315/324] CACC
[17:45:59] [316/324] CHAL
[17:46:00] [317/324] DURG
[17:46:01] [318/324] GMKU
[17:46:02] [319/324] GECA
[17:46:03] [320/324] KYRR
[17:46:04] [321/324] KSDE
[17:46:05] [322/324] LMCI
[17:46:06] [323/324] NKCP
[17:46:08] [324/324] BGTC
[17:46:09] 🧹 Deduping shows
[17:46:09] ✅ DONE | Shows=2605 | Movies=75
