[09:44:41] 🚀 SCRIPT STARTED
[09:44:41] [1/445] TGMR
[09:44:41] 🧠 New identity created
[09:44:42] [2/445] CXKR
[09:44:43] [3/445] SROP
[09:44:43] [4/445] GTSV
[09:44:44] [5/445] SNTY
[09:44:45] [6/445] SMYY
[09:44:46] [7/445] CNCS
[09:44:47] [8/445] CSTM
[09:44:48] [9/445] NUCD
[09:44:49] [10/445] SHCZ
[09:44:50] [11/445] NJCT
[09:44:51] [12/445] COPC
[09:44:52] [13/445] STVV
[09:44:53] [14/445] SKRN
[09:44:54] [15/445] APPZ
[09:44:55] [16/445] YMGN
[09:44:56] [17/445] SVTU
[09:44:56] [18/445] GTAD
[09:44:57] [19/445] PSUS
[09:44:58] [20/445] SMCD
[09:44:59] [21/445] CMCM
[09:45:00] [22/445] SYCT
[09:45:00] [23/445] STLY
[09:45:01] [24/445] CMHU
[09:45:02] [25/445] CMSA
[09:45:03] [26/445] CLCU
[09:45:04] [27/445] PPNT
[09:45:05] [28/445] JTAB
[09:45:06] [29/445] BUUC
[09:45:07] [30/445] BSVK
[09:45:08] [31/445] VVVQ
[09:45:09] [32/445] TKMU
[09:45:10] [33/445] ESYL
[09:45:11] [34/445] ACHP
[09:45:12] [35/445] BTKD
[09:45:12] [36/445] DESA
[09:45:13] [37/445] GBCT
[09:45:14] [38/445] BLLD
[09:45:15] [39/445] SKNT
[09:45:15] [40/445] SSTE
[09:45:16] [41/445] VJMR
[09:45:17] [42/445] NTPU
[09:45:18] [43/445] RDKN
[09:45:19] [44/445] ADGC
[09:45:19] [45/445] VRBP
[09:45:20] [46/445] NMNA
[09:45:21] [47/445] CMMX
[09:45:22] [48/445] PTKO
[09:45:23] [49/445] RBML
[09:45:24] [50/445] SAIC
[09:45:24] [51/445] SVTJ
[09:45:25] [52/445] MRTE
[09:45:26] [53/445] RBTP
[09:45:28] [54/445] NLPS
[09:45:28] [55/445] GTNA
[09:45:29] [56/445] DGGC
[09:45:30] [57/445] SMCR
[09:45:31] [58/445] SCGD
[09:45:32] [59/445] SRRJ
[09:45:32] [60/445] CNRY
[09:45:33] [61/445] KTDI
[09:45:34] [62/445] SNJL
[09:45:35] [63/445] RKMD
[09:45:36] [64/445] SMDC
[09:45:36] [65/445] TADG
[09:45:37] [66/445] MCGS
[09:45:38] [67/445] PETK
[09:45:39] [68/445] CHAG
[09:45:40] [69/445] KSTL
[09:45:41] [70/445] AADS
[09:45:42] [71/445] NTHZ
[09:45:43] [72/445] HCKI
[09:45:44] [73/445] SSEF
[09:45:45] [74/445] MCGX
[09:45:45] [75/445] ERRA
[09:45:46] [76/445] SDTW
[09:45:47] [77/445] RMPK
[09:45:48] [78/445] PTHK
[09:45:49] [79/445] PXCS
[09:45:50] [80/445] SVLU
[09:45:51] [81/445] STAH
[09:45:52] [82/445] JRGF
[09:45:53] [83/445] CDOK
[09:45:54] [84/445] CMSG
[09:45:54] [85/445] APTD
[09:45:55] [86/445] KMPG
[09:45:56] [87/445] MUTJ
[09:45:57] [88/445] VCCI
[09:45:58] [89/445] URBE
[09:45:58] [90/445] TCTS
[09:46:00] [91/445] STSN
[09:46:01] [92/445] AKCH
[09:46:01] [93/445] APSC
[09:46:02] [94/445] VLTB
[09:46:03] [95/445] SANU
[09:46:04] [96/445] AXAM
[09:46:05] [97/445] MGMG
[09:46:06] [98/445] HTBY
[09:46:07] [99/445] MMZS
[09:46:07] [100/445] SUDR
[09:46:08] [101/445] CCAD
[09:46:09] [102/445] SKKC
[09:46:10] [103/445] RMCD
[09:46:11] [104/445] SBCQ
[09:46:12] [105/445] DCCT
[09:46:13] [106/445] VTKP
[09:46:14] [107/445] MLAM
[09:46:15] [108/445] SAVT
[09:46:16] [109/445] GEPL
[09:46:16] [110/445] AMCD
[09:46:17] [111/445] CCXR
[09:46:18] [112/445] GRNG
[09:46:19] [113/445] EBCA
[09:46:20] [114/445] CNVG
[09:46:21] [115/445] MWSS
[09:46:22] [116/445] VBOR
[09:46:23] [117/445] NEEB
[09:46:24] [118/445] SUTH
[09:46:25] [119/445] ANDB
[09:46:26] [120/445] MMXS
[09:46:27] [121/445] CNPD
[09:46:28] [122/445] SDCE
[09:46:29] [123/445] DHCB
[09:46:30] [124/445] ODEN
[09:46:31] [125/445] TNTC
[09:46:31] [126/445] VBKM
[09:46:32] [127/445] RZYM
[09:46:33] [128/445] JEMC
[09:46:34] [129/445] CMAU
[09:46:36] [130/445] SIVP
[09:46:37] [131/445] ATAG
[09:46:38] [132/445] CHTM
[09:46:38] [133/445] AAEE
[09:46:39] [134/445] IWPM
[09:46:40] [135/445] KCMW
[09:46:40] [136/445] MCTD
[09:46:41] [137/445] SPWR
[09:46:42] [138/445] SDPO
[09:46:43] [139/445] PCSK
[09:46:44] [140/445] ACHV
[09:46:44] [141/445] SVLA
[09:46:45] [142/445] PICT
[09:46:46] [143/445] BXDR
[09:46:47] [144/445] SPWA
[09:46:47] [145/445] MCKO
[09:46:48] [146/445] RTHK
[09:46:49] [147/445] CCMF
[09:46:50] [148/445] MRGB
[09:46:51] [149/445] CPLC
[09:46:52] [150/445] RACD
[09:46:53] [151/445] ATKT
[09:46:53] [152/445] SARN
[09:46:55] [153/445] KKUI
[09:46:56] [154/445] RGCM
[09:46:56] [155/445] BRVP
[09:46:57] [156/445] HRSR
[09:46:58] [157/445] GKGM
[09:46:59] [158/445] TTCD
[09:47:00] [159/445] PTTI
[09:47:01] [160/445] MPTT
[09:47:01] [161/445] CVTT
[09:47:02] [162/445] PCXD
[09:47:03] [163/445] GCDC
[09:47:04] [164/445] CCCF
[09:47:06] [165/445] MRAD
[09:47:06] [166/445] CPLK
[09:47:07] [167/445] SATB
[09:47:08] [168/445] SNVG
[09:47:09] [169/445] JMBA
[09:47:09] [170/445] TEJA
[09:47:10] [171/445] STYO
[09:47:12] [172/445] JTBP
[09:47:12] [173/445] KRGD
[09:47:13] [174/445] SLJJ
[09:47:15] [175/445] SPTJ
[09:47:15] [176/445] SWJG
[09:47:16] [177/445] LKRT
[09:47:17] [178/445] KCKA
[09:47:18] [179/445] SNCR
[09:47:19] [180/445] SMKL
[09:47:20] [181/445] GCFA
[09:47:20] [182/445] DDCK
[09:47:21] [183/445] NCHJ
[09:47:22] [184/445] RDMA
[09:47:23] [185/445] SVSV
[09:47:23] [186/445] SCJG
[09:47:24] [187/445] VKLP
[09:47:25] [188/445] NWCC
[09:47:26] [189/445] VKNS
[09:47:27] [190/445] SDDP
[09:47:28] [191/445] ACSI
[09:47:29] [192/445] SATG
[09:47:30] [193/445] SCMW
[09:47:30] [194/445] LKTK
[09:47:31] [195/445] VCKV
[09:47:33] [196/445] KKPE
[09:47:34] [197/445] KIGH
[09:47:34] [198/445] SRPM
[09:47:35] [199/445] SCAH
[09:47:36] [200/445] MUTA
[09:47:37] [201/445] SEPU
[09:47:38] [202/445] INOA
[09:47:39] [203/445] BASK
[09:47:40] [204/445] NECB
[09:47:41] [205/445] GTTG
[09:47:42] [206/445] ASSA
[09:47:43] [207/445] ANCL
[09:47:44] [208/445] GCTI
[09:47:45] [209/445] RCTS
[09:47:46] [210/445] ACNL
[09:47:47] [211/445] MYCT
[09:47:47] [212/445] NMHT
[09:47:48] [213/445] MDIT
[09:47:49] [214/445] LATG
[09:47:50] [215/445] SMTY
[09:47:51] [216/445] CVCT
[09:47:52] [217/445] RAMB
[09:47:52] [218/445] TGMS
[09:47:53] [219/445] BHEL
[09:47:54] [220/445] SHCT
[09:47:55] [221/445] SVCT
[09:47:56] [222/445] MRIY
[09:47:57] [223/445] SARO
[09:47:58] [224/445] STCT
[09:47:59] [225/445] JKKC
[09:47:59] [226/445] PLTT
[09:48:00] [227/445] SRNT
[09:48:01] [228/445] YAST
[09:48:02] [229/445] PERL
[09:48:03] [230/445] CICM
[09:48:03] [231/445] MMTR
[09:48:04] [232/445] ABTK
[09:48:05] [233/445] ATYY
[09:48:06] [234/445] ASTK
[09:48:08] [235/445] VVCK
[09:48:09] [236/445] ATKY
[09:48:09] [237/445] GWEK
[09:48:10] [238/445] SVFH
[09:48:11] [239/445] SLTA
[09:48:12] [240/445] AASH
[09:48:13] [241/445] ACXB
[09:48:14] [242/445] SMTX
[09:48:15] [243/445] AZDH
[09:48:16] [244/445] CMMH
[09:48:17] [245/445] SCSZ
[09:48:17] [246/445] SCKP
[09:48:18] [247/445] NXTM
[09:48:19] [248/445] NWCS
[09:48:20] [249/445] CXMH
[09:48:21] [250/445] PCMA
[09:48:21] [251/445] SGCM
[09:48:22] [252/445] SDTU
[09:48:23] [253/445] MMVI
[09:48:24] [254/445] JKCM
[09:48:24] [255/445] VCMM
[09:48:25] [256/445] SYEE
[09:48:26] [257/445] VASD
[09:48:27] [258/445] BDRB
[09:48:28] [259/445] LASM
[09:48:29] [260/445] DCRL
[09:48:29] [261/445] DVPM
[09:48:30] [262/445] SBMJ
[09:48:31] [263/445] CBMU
[09:48:32] [264/445] IUBS
[09:48:34] [265/445] INAP
[09:48:35] [266/445] SRRC
[09:48:35] [267/445] SAGR
[09:48:36] [268/445] CPMJ
[09:48:37] [269/445] ATJL
[09:48:38] [270/445] NNTD
[09:48:39] [271/445] JHCJ
[09:48:39] [272/445] CMMP
[09:48:40] [273/445] RSDR
[09:48:41] [274/445] AMTI
[09:48:42] [275/445] NYSG
[09:48:43] [276/445] AVSG
[09:48:44] [277/445] SYTP
[09:48:45] [278/445] LARC
[09:48:46] [279/445] RJTP
[09:48:47] [280/445] LAKC
[09:48:47] [281/445] MCXE
[09:48:48] [282/445] CCZC
[09:48:49] [283/445] AVCH
[09:48:50] [284/445] CMBE
[09:48:51] [285/445] MRRC
[09:48:52] [286/445] PCPY
[09:48:53] [287/445] SRMH
[09:48:53] [288/445] SVGS
[09:48:54] [289/445] PCSE
[09:48:55] [290/445] SVFT
[09:48:56] [291/445] TNZP
[09:48:57] [292/445] ICTP
[09:48:58] [293/445] ACTZ
[09:48:58] [294/445] GTUR
[09:48:59] [295/445] MAFC
[09:49:00] [296/445] MINL
[09:49:01] [297/445] MRCL
[09:49:02] [298/445] RCRP
[09:49:03] [299/445] RFFG
[09:49:04] [300/445] RMAS
[09:49:05] [301/445] INVR
[09:49:06] [302/445] RMAR
[09:49:06] [303/445] CNIS
[09:49:07] [304/445] RHRJ
[09:49:08] [305/445] INXR
[09:49:09] [306/445] VALT
[09:49:10] [307/445] LCSH
[09:49:11] [308/445] CMVS
[09:49:11] [309/445] CNMS
[09:49:12] [310/445] ROOG
[09:49:13] [311/445] ISRM
[09:49:14] [312/445] RCRM
[09:49:15] [313/445] ACJA
[09:49:16] [314/445] RCVS
[09:49:16] [315/445] CPUS
[09:49:17] [316/445] TGCS
[09:49:18] [317/445] RKCJ
[09:49:19] [318/445] MKSB
[09:49:20] [319/445] TCSJ
[09:49:21] [320/445] RMGP
[09:49:21] [321/445] CLLP
[09:49:22] [322/445] RCMV
[09:49:23] [323/445] CCKS
[09:49:24] [324/445] RSRP
[09:49:25] [325/445] APLP
[09:49:26] [326/445] CNVS
[09:49:27] [327/445] RMVY
[09:49:27] [328/445] PGBD
[09:49:28] [329/445] KLMS
[09:49:29] [330/445] RUST
[09:49:30] [331/445] MASM
[09:49:31] [332/445] BACS
[09:49:32] [333/445] BWST
[09:49:32] [334/445] RRFH
[09:49:33] [335/445] SJTM
[09:49:34] [336/445] BEMR
[09:49:35] [337/445] MCGR
[09:49:35] [338/445] SDSK
[09:49:37] [339/445] VBOL
[09:49:38] [340/445] RMGM
[09:49:39] [341/445] NOPL
[09:49:40] [342/445] MKJK
[09:49:40] [343/445] CVRN
[09:49:42] [344/445] MMEN
[09:49:43] [345/445] AMNG
[09:49:44] [346/445] INTM
[09:49:44] [347/445] SLCZ
[09:49:45] [348/445] AMJN
[09:49:46] [349/445] ACJN
[09:49:47] [350/445] AMKN
[09:49:48] [351/445] BTCN
[09:49:48] [352/445] AMBT
[09:49:49] [353/445] PACN
[09:49:50] [354/445] LCNS
[09:49:51] [355/445] PPKC
[09:49:52] [356/445] JYYN
[09:49:53] [357/445] JTNR
[09:49:54] [358/445] GTEE
[09:49:55] [359/445] SRNM
[09:49:55] [360/445] SDTC
[09:49:56] [361/445] VPCA
[09:49:57] [362/445] VLRA
[09:49:58] [363/445] SHKR
[09:49:59] [364/445] SBKD
[09:50:00] [365/445] SAAD
[09:50:01] [366/445] JTGN
[09:50:01] [367/445] SLAM
[09:50:02] [368/445] VTPM
[09:50:03] [369/445] ANPT
[09:50:04] [370/445] PUNB
[09:50:05] [371/445] CPKT
[09:50:05] [372/445] CNWE
[09:50:06] [373/445] ECPP
[09:50:07] [374/445] CPAR
[09:50:08] [375/445] ESBW
[09:50:09] [376/445] PKPU
[09:50:09] [377/445] CPRP
[09:50:11] [378/445] RAHU
[09:50:12] [379/445] RHMN
[09:50:13] [380/445] FMJP
[09:50:13] [381/445] CTMP
[09:50:14] [382/445] INPN
[09:50:15] [383/445] STTG
[09:50:16] [384/445] CTRD
[09:50:16] [385/445] PUVB
[09:50:17] [386/445] ESVP
[09:50:18] [387/445] CPFT
[09:50:19] [388/445] LCPC
[09:50:19] [389/445] VBCT
[09:50:20] [390/445] FSCW
[09:50:21] [391/445] VCMP
[09:50:22] [392/445] ASHC
[09:50:23] [393/445] VLCX
[09:50:23] [394/445] SHEV
[09:50:24] [395/445] APCO
[09:50:25] [396/445] SILC
[09:50:26] [397/445] SNMR
[09:50:27] [398/445] KYBO
[09:50:28] [399/445] SATK
[09:50:29] [400/445] SSCS
[09:50:29] [401/445] CLSB
[09:50:30] [402/445] KMJR
[09:50:31] [403/445] FSCK
[09:50:32] [404/445] NNKA
[09:50:33] [405/445] CLMK
[09:50:34] [406/445] DMPZ
[09:50:34] [407/445] INQM
[09:50:35] [408/445] CAML
[09:50:36] [409/445] INRK
[09:50:37] [410/445] IMKN
[09:50:38] [411/445] SVNR
[09:50:38] [412/445] INSL
[09:50:39] [413/445] MSMA
[09:50:40] [414/445] MCKK
[09:50:41] [415/445] FCHP
[09:50:42] [416/445] SFCR
[09:50:42] [417/445] NACK
[09:50:43] [418/445] PVAK
[09:50:44] [419/445] INER
[09:50:45] [420/445] RDBK
[09:50:46] [421/445] SVFN
[09:50:48] [422/445] IFRM
[09:50:49] [423/445] ATCK
[09:50:49] [424/445] ASKO
[09:50:50] [425/445] STKT
[09:50:51] [426/445] SVFB
[09:50:52] [427/445] INKS
[09:50:54] [428/445] PCRA
[09:50:54] [429/445] ATJA
[09:50:55] [430/445] IMJN
[09:50:56] [431/445] INHD
[09:50:57] [432/445] BARA
[09:50:58] [433/445] MCSL
[09:50:59] [434/445] RTOY
[09:51:00] [435/445] MENO
[09:51:01] [436/445] PUDM
[09:51:01] [437/445] PRCN
[09:51:02] [438/445] JMJR
[09:51:03] [439/445] SSGK
[09:51:04] [440/445] SSRL
[09:51:06] [441/445] JYKL
[09:51:06] [442/445] ACNB
[09:51:07] [443/445] SONP
[09:51:08] [444/445] EMCI
[09:51:09] [445/445] MRJH
[09:51:09] 🧹 Deduping shows
[09:51:09] ✅ DONE | Shows=30 | Movies=4
[16:57:59] 🚀 SCRIPT STARTED
[16:57:59] [1/445] TGMR
[16:57:59] 🧠 New identity created
[16:58:00] [2/445] CXKR
[16:58:01] [3/445] SROP
[16:58:01] [4/445] GTSV
[16:58:03] [5/445] SNTY
[16:58:04] [6/445] SMYY
[16:58:05] [7/445] CNCS
[16:58:06] [8/445] CSTM
[16:58:07] [9/445] NUCD
[16:58:08] [10/445] SHCZ
[16:58:09] [11/445] NJCT
[16:58:09] [12/445] COPC
[16:58:10] [13/445] STVV
[16:58:11] [14/445] SKRN
[16:58:12] [15/445] APPZ
[16:58:13] [16/445] YMGN
[16:58:14] [17/445] SVTU
[16:58:14] [18/445] GTAD
[16:58:15] [19/445] PSUS
[16:58:16] [20/445] SMCD
[16:58:17] [21/445] CMCM
[16:58:18] [22/445] SYCT
[16:58:18] [23/445] STLY
[16:58:19] [24/445] CMHU
[16:58:20] [25/445] CMSA
[16:58:21] [26/445] CLCU
[16:58:22] [27/445] PPNT
[16:58:23] [28/445] JTAB
[16:58:23] [29/445] BUUC
[16:58:24] [30/445] BSVK
[16:58:25] [31/445] VVVQ
[16:58:26] [32/445] TKMU
[16:58:26] [33/445] ESYL
[16:58:27] [34/445] ACHP
[16:58:28] [35/445] BTKD
[16:58:29] [36/445] DESA
[16:58:30] [37/445] GBCT
[16:58:30] [38/445] BLLD
[16:58:31] [39/445] SKNT
[16:58:32] [40/445] SSTE
[16:58:33] [41/445] VJMR
[16:58:34] [42/445] NTPU
[16:58:35] [43/445] RDKN
[16:58:35] [44/445] ADGC
[16:58:36] [45/445] VRBP
[16:58:37] [46/445] NMNA
[16:58:38] [47/445] CMMX
[16:58:39] [48/445] PTKO
[16:58:40] [49/445] RBML
[16:58:41] [50/445] SAIC
[16:58:42] [51/445] SVTJ
[16:58:42] [52/445] MRTE
[16:58:43] [53/445] RBTP
[16:58:44] [54/445] NLPS
[16:58:45] [55/445] GTNA
[16:58:46] [56/445] DGGC
[16:58:47] [57/445] SMCR
[16:58:47] [58/445] SCGD
[16:58:48] [59/445] SRRJ
[16:58:50] [60/445] CNRY
[16:58:50] [61/445] KTDI
[16:58:52] [62/445] SNJL
[16:58:53] [63/445] RKMD
[16:58:53] [64/445] SMDC
[16:58:54] [65/445] TADG
[16:58:55] [66/445] MCGS
[16:58:55] [67/445] PETK
[16:58:56] [68/445] CHAG
[16:58:57] [69/445] KSTL
[16:58:58] [70/445] AADS
[16:58:58] [71/445] NTHZ
[16:58:59] [72/445] HCKI
[16:59:00] [73/445] SSEF
[16:59:01] [74/445] MCGX
[16:59:02] [75/445] ERRA
[16:59:03] [76/445] SDTW
[16:59:04] [77/445] RMPK
[16:59:05] [78/445] PTHK
[16:59:06] [79/445] PXCS
[16:59:06] [80/445] SVLU
[16:59:07] [81/445] STAH
[16:59:08] [82/445] JRGF
[16:59:09] [83/445] CDOK
[16:59:10] [84/445] CMSG
[16:59:11] [85/445] APTD
[16:59:12] [86/445] KMPG
[16:59:13] [87/445] MUTJ
[16:59:14] [88/445] VCCI
[16:59:15] [89/445] URBE
[16:59:16] [90/445] TCTS
[16:59:17] [91/445] STSN
[16:59:18] [92/445] AKCH
[16:59:18] [93/445] APSC
[16:59:20] [94/445] VLTB
[16:59:21] [95/445] SANU
[16:59:21] [96/445] AXAM
[16:59:23] [97/445] MGMG
[16:59:23] [98/445] HTBY
[16:59:24] [99/445] MMZS
[16:59:25] [100/445] SUDR
[16:59:26] [101/445] CCAD
[16:59:27] [102/445] SKKC
[16:59:28] [103/445] RMCD
[16:59:28] [104/445] SBCQ
[16:59:29] [105/445] DCCT
[16:59:30] [106/445] VTKP
[16:59:31] [107/445] MLAM
[16:59:32] [108/445] SAVT
[16:59:32] [109/445] GEPL
[16:59:33] [110/445] AMCD
[16:59:34] [111/445] CCXR
[16:59:35] [112/445] GRNG
[16:59:36] [113/445] EBCA
[16:59:37] [114/445] CNVG
[16:59:38] [115/445] MWSS
[16:59:38] [116/445] VBOR
[16:59:39] [117/445] NEEB
[16:59:40] [118/445] SUTH
[16:59:41] [119/445] ANDB
[16:59:42] [120/445] MMXS
[16:59:43] [121/445] CNPD
[16:59:45] [122/445] SDCE
[16:59:46] [123/445] DHCB
[16:59:47] [124/445] ODEN
[16:59:48] [125/445] TNTC
[16:59:48] [126/445] VBKM
[16:59:49] [127/445] RZYM
[16:59:50] [128/445] JEMC
[16:59:51] [129/445] CMAU
[16:59:52] [130/445] SIVP
[16:59:53] [131/445] ATAG
[16:59:54] [132/445] CHTM
[16:59:54] [133/445] AAEE
[16:59:55] [134/445] IWPM
[16:59:56] [135/445] KCMW
[16:59:57] [136/445] MCTD
[16:59:58] [137/445] SPWR
[16:59:59] [138/445] SDPO
[17:00:00] [139/445] PCSK
[17:00:01] [140/445] ACHV
[17:00:02] [141/445] SVLA
[17:00:03] [142/445] PICT
[17:00:04] [143/445] BXDR
[17:00:05] [144/445] SPWA
[17:00:05] [145/445] MCKO
[17:00:06] [146/445] RTHK
[17:00:07] [147/445] CCMF
[17:00:08] [148/445] MRGB
[17:00:09] [149/445] CPLC
[17:00:10] [150/445] RACD
[17:00:10] [151/445] ATKT
[17:00:11] [152/445] SARN
[17:00:12] [153/445] KKUI
[17:00:13] [154/445] RGCM
[17:00:14] [155/445] BRVP
[17:00:15] [156/445] HRSR
[17:00:16] [157/445] GKGM
[17:00:16] [158/445] TTCD
[17:00:17] [159/445] PTTI
[17:00:18] [160/445] MPTT
[17:00:19] [161/445] CVTT
[17:00:20] [162/445] PCXD
[17:00:20] [163/445] GCDC
[17:00:21] [164/445] CCCF
[17:00:22] [165/445] MRAD
[17:00:23] [166/445] CPLK
[17:00:24] [167/445] SATB
[17:00:25] [168/445] SNVG
[17:00:25] [169/445] JMBA
[17:00:26] [170/445] TEJA
[17:00:27] [171/445] STYO
[17:00:28] [172/445] JTBP
[17:00:28] [173/445] KRGD
[17:00:29] [174/445] SLJJ
[17:00:30] [175/445] SPTJ
[17:00:31] [176/445] SWJG
[17:00:32] [177/445] LKRT
[17:00:32] [178/445] KCKA
[17:00:33] [179/445] SNCR
[17:00:34] [180/445] SMKL
[17:00:35] [181/445] GCFA
[17:00:36] [182/445] DDCK
[17:00:36] [183/445] NCHJ
[17:00:37] [184/445] RDMA
[17:00:38] [185/445] SVSV
[17:00:39] [186/445] SCJG
[17:00:40] [187/445] VKLP
[17:00:41] [188/445] NWCC
[17:00:41] [189/445] VKNS
[17:00:42] [190/445] SDDP
[17:00:43] [191/445] ACSI
[17:00:44] [192/445] SATG
[17:00:45] [193/445] SCMW
[17:00:45] [194/445] LKTK
[17:00:46] [195/445] VCKV
[17:00:47] [196/445] KKPE
[17:00:48] [197/445] KIGH
[17:00:49] [198/445] SRPM
[17:00:50] [199/445] SCAH
[17:00:51] [200/445] MUTA
[17:00:51] [201/445] SEPU
[17:00:52] [202/445] INOA
[17:00:53] [203/445] BASK
[17:00:54] [204/445] NECB
[17:00:55] [205/445] GTTG
[17:00:57] [206/445] ASSA
[17:00:57] [207/445] ANCL
[17:00:58] [208/445] GCTI
[17:00:59] [209/445] RCTS
[17:01:00] [210/445] ACNL
[17:01:01] [211/445] MYCT
[17:01:02] [212/445] NMHT
[17:01:02] [213/445] MDIT
[17:01:03] [214/445] LATG
[17:01:04] [215/445] SMTY
[17:01:05] [216/445] CVCT
[17:01:06] [217/445] RAMB
[17:01:07] [218/445] TGMS
[17:01:08] [219/445] BHEL
[17:01:09] [220/445] SHCT
[17:01:09] [221/445] SVCT
[17:01:10] [222/445] MRIY
[17:01:11] [223/445] SARO
[17:01:12] [224/445] STCT
[17:01:13] [225/445] JKKC
[17:01:13] [226/445] PLTT
[17:01:14] [227/445] SRNT
[17:01:15] [228/445] YAST
[17:01:16] [229/445] PERL
[17:01:16] [230/445] CICM
[17:01:17] [231/445] MMTR
[17:01:18] [232/445] ABTK
[17:01:18] [233/445] ATYY
[17:01:19] [234/445] ASTK
[17:01:20] [235/445] VVCK
[17:01:21] [236/445] ATKY
[17:01:21] [237/445] GWEK
[17:01:22] [238/445] SVFH
[17:01:23] [239/445] SLTA
[17:01:24] [240/445] AASH
[17:01:25] [241/445] ACXB
[17:01:25] [242/445] SMTX
[17:01:26] [243/445] AZDH
[17:01:27] [244/445] CMMH
[17:01:28] [245/445] SCSZ
[17:01:29] [246/445] SCKP
[17:01:29] [247/445] NXTM
[17:01:30] [248/445] NWCS
[17:01:31] [249/445] CXMH
[17:01:32] [250/445] PCMA
[17:01:33] [251/445] SGCM
[17:01:33] [252/445] SDTU
[17:01:34] [253/445] MMVI
[17:01:35] [254/445] JKCM
[17:01:36] [255/445] VCMM
[17:01:36] [256/445] SYEE
[17:01:37] [257/445] VASD
[17:01:38] [258/445] BDRB
[17:01:39] [259/445] LASM
[17:01:40] [260/445] DCRL
[17:01:41] [261/445] DVPM
[17:01:42] [262/445] SBMJ
[17:01:42] [263/445] CBMU
[17:01:43] [264/445] IUBS
[17:01:44] [265/445] INAP
[17:01:45] [266/445] SRRC
[17:01:46] [267/445] SAGR
[17:01:46] [268/445] CPMJ
[17:01:47] [269/445] ATJL
[17:01:48] [270/445] NNTD
[17:01:49] [271/445] JHCJ
[17:01:50] [272/445] CMMP
[17:01:51] [273/445] RSDR
[17:01:51] [274/445] AMTI
[17:01:53] [275/445] NYSG
[17:01:54] [276/445] AVSG
[17:01:54] [277/445] SYTP
[17:01:55] [278/445] LARC
[17:01:56] [279/445] RJTP
[17:01:57] [280/445] LAKC
[17:01:58] [281/445] MCXE
[17:01:59] [282/445] CCZC
[17:01:59] [283/445] AVCH
[17:02:00] [284/445] CMBE
[17:02:01] [285/445] MRRC
[17:02:02] [286/445] PCPY
[17:02:03] [287/445] SRMH
[17:02:03] [288/445] SVGS
[17:02:04] [289/445] PCSE
[17:02:05] [290/445] SVFT
[17:02:06] [291/445] TNZP
[17:02:07] [292/445] ICTP
[17:02:07] [293/445] ACTZ
[17:02:08] [294/445] GTUR
[17:02:10] [295/445] MAFC
[17:02:11] [296/445] MINL
[17:02:11] [297/445] MRCL
[17:02:12] [298/445] RCRP
[17:02:14] [299/445] RFFG
[17:02:14] [300/445] RMAS
[17:02:15] [301/445] INVR
[17:02:16] [302/445] RMAR
[17:02:16] [303/445] CNIS
[17:02:17] [304/445] RHRJ
[17:02:18] [305/445] INXR
[17:02:19] [306/445] VALT
[17:02:20] [307/445] LCSH
[17:02:21] [308/445] CMVS
[17:02:21] [309/445] CNMS
[17:02:22] [310/445] ROOG
[17:02:23] [311/445] ISRM
[17:02:24] [312/445] RCRM
[17:02:24] [313/445] ACJA
[17:02:26] [314/445] RCVS
[17:02:27] [315/445] CPUS
[17:02:28] [316/445] TGCS
[17:02:29] [317/445] RKCJ
[17:02:29] [318/445] MKSB
[17:02:30] [319/445] TCSJ
[17:02:31] [320/445] RMGP
[17:02:32] [321/445] CLLP
[17:02:33] [322/445] RCMV
[17:02:34] [323/445] CCKS
[17:02:34] [324/445] RSRP
[17:02:35] [325/445] APLP
[17:02:36] [326/445] CNVS
[17:02:36] [327/445] RMVY
[17:02:37] [328/445] PGBD
[17:02:38] [329/445] KLMS
[17:02:39] [330/445] RUST
[17:02:39] [331/445] MASM
[17:02:41] [332/445] BACS
[17:02:42] [333/445] BWST
[17:02:43] [334/445] RRFH
[17:02:44] [335/445] SJTM
[17:02:44] [336/445] BEMR
[17:02:45] [337/445] MCGR
[17:02:46] [338/445] SDSK
[17:02:47] [339/445] VBOL
[17:02:47] [340/445] RMGM
[17:02:48] [341/445] NOPL
[17:02:49] [342/445] MKJK
[17:02:50] [343/445] CVRN
[17:02:51] [344/445] MMEN
[17:02:52] [345/445] AMNG
[17:02:52] [346/445] INTM
[17:02:53] [347/445] SLCZ
[17:02:54] [348/445] AMJN
[17:02:55] [349/445] ACJN
[17:02:56] [350/445] AMKN
[17:02:56] [351/445] BTCN
[17:02:57] [352/445] AMBT
[17:02:58] [353/445] PACN
[17:02:59] [354/445] LCNS
[17:02:59] [355/445] PPKC
[17:03:00] [356/445] JYYN
[17:03:01] [357/445] JTNR
[17:03:02] [358/445] GTEE
[17:03:03] [359/445] SRNM
[17:03:03] [360/445] SDTC
[17:03:04] [361/445] VPCA
[17:03:05] [362/445] VLRA
[17:03:06] [363/445] SHKR
[17:03:06] [364/445] SBKD
[17:03:07] [365/445] SAAD
[17:03:08] [366/445] JTGN
[17:03:09] [367/445] SLAM
[17:03:09] [368/445] VTPM
[17:03:11] [369/445] ANPT
[17:03:11] [370/445] PUNB
[17:03:12] [371/445] CPKT
[17:03:13] [372/445] CNWE
[17:03:14] [373/445] ECPP
[17:03:14] [374/445] CPAR
[17:03:15] [375/445] ESBW
[17:03:16] [376/445] PKPU
[17:03:17] [377/445] CPRP
[17:03:18] [378/445] RAHU
[17:03:18] [379/445] RHMN
[17:03:20] [380/445] FMJP
[17:03:21] [381/445] CTMP
[17:03:22] [382/445] INPN
[17:03:23] [383/445] STTG
[17:03:24] [384/445] CTRD
[17:03:25] [385/445] PUVB
[17:03:26] [386/445] ESVP
[17:03:27] [387/445] CPFT
[17:03:28] [388/445] LCPC
[17:03:29] [389/445] VBCT
[17:03:29] [390/445] FSCW
[17:03:30] [391/445] VCMP
[17:03:31] [392/445] ASHC
[17:03:32] [393/445] VLCX
[17:03:33] [394/445] SHEV
[17:03:34] [395/445] APCO
[17:03:35] [396/445] SILC
[17:03:36] [397/445] SNMR
[17:03:37] [398/445] KYBO
[17:03:38] [399/445] SATK
[17:03:39] [400/445] SSCS
[17:03:40] [401/445] CLSB
[17:03:41] [402/445] KMJR
[17:03:41] [403/445] FSCK
[17:03:42] [404/445] NNKA
[17:03:43] [405/445] CLMK
[17:03:44] [406/445] DMPZ
[17:03:45] [407/445] INQM
[17:03:45] [408/445] CAML
[17:03:46] [409/445] INRK
[17:03:48] [410/445] IMKN
[17:03:48] [411/445] SVNR
[17:03:49] [412/445] INSL
[17:03:50] [413/445] MSMA
[17:03:51] [414/445] MCKK
[17:03:51] [415/445] FCHP
[17:03:52] [416/445] SFCR
[17:03:54] [417/445] NACK
[17:03:54] [418/445] PVAK
[17:03:55] [419/445] INER
[17:03:56] [420/445] RDBK
[17:03:57] [421/445] SVFN
[17:03:58] [422/445] IFRM
[17:03:58] [423/445] ATCK
[17:03:59] [424/445] ASKO
[17:04:00] [425/445] STKT
[17:04:01] [426/445] SVFB
[17:04:02] [427/445] INKS
[17:04:03] [428/445] PCRA
[17:04:04] [429/445] ATJA
[17:04:05] [430/445] IMJN
[17:04:05] [431/445] INHD
[17:04:07] [432/445] BARA
[17:04:09] [433/445] MCSL
[17:04:10] [434/445] RTOY
[17:04:10] [435/445] MENO
[17:04:11] [436/445] PUDM
[17:04:12] [437/445] PRCN
[17:04:13] [438/445] JMJR
[17:04:14] [439/445] SSGK
[17:04:15] [440/445] SSRL
[17:04:16] [441/445] JYKL
[17:04:16] [442/445] ACNB
[17:04:17] [443/445] SONP
[17:04:18] [444/445] EMCI
[17:04:19] [445/445] MRJH
[17:04:20] 🧹 Deduping shows
[17:04:20] ✅ DONE | Shows=30 | Movies=4
[05:02:05] 🚀 SCRIPT STARTED
[05:02:05] [1/445] TGMR
[05:02:05] 🧠 New identity created
[05:02:06] [2/445] CXKR
[05:02:07] [3/445] SROP
[05:02:07] [4/445] GTSV
[05:02:08] [5/445] SNTY
[05:02:08] [6/445] SMYY
[05:02:09] [7/445] CNCS
[05:02:09] [8/445] CSTM
[05:02:10] [9/445] NUCD
[05:02:10] [10/445] SHCZ
[05:02:11] [11/445] NJCT
[05:02:12] [12/445] COPC
[05:02:12] [13/445] STVV
[05:02:13] [14/445] SKRN
[05:02:13] [15/445] APPZ
[05:02:14] [16/445] YMGN
[05:02:14] [17/445] SVTU
[05:02:15] [18/445] GTAD
[05:02:16] [19/445] PSUS
[05:02:16] [20/445] SMCD
[05:02:17] [21/445] CMCM
[05:02:18] [22/445] SYCT
[05:02:18] [23/445] STLY
[05:02:19] [24/445] CMHU
[05:02:19] [25/445] CMSA
[05:02:20] [26/445] CLCU
[05:02:20] [27/445] PPNT
[05:02:21] [28/445] JTAB
[05:02:21] [29/445] BUUC
[05:02:22] [30/445] BSVK
[05:02:22] [31/445] VVVQ
[05:02:23] [32/445] TKMU
[05:02:24] [33/445] ESYL
[05:02:24] [34/445] ACHP
[05:02:25] [35/445] BTKD
[05:02:25] [36/445] DESA
[05:02:26] [37/445] GBCT
[05:02:26] [38/445] BLLD
[05:02:27] [39/445] SKNT
[05:02:27] [40/445] SSTE
[05:02:28] [41/445] VJMR
[05:02:28] [42/445] NTPU
[05:02:29] [43/445] RDKN
[05:02:30] [44/445] ADGC
[05:02:30] [45/445] VRBP
[05:02:31] [46/445] NMNA
[05:02:31] [47/445] CMMX
[05:02:32] [48/445] PTKO
[05:02:32] [49/445] RBML
[05:02:33] [50/445] SAIC
[05:02:34] [51/445] SVTJ
[05:02:34] [52/445] MRTE
[05:02:35] [53/445] RBTP
[05:02:35] [54/445] NLPS
[05:02:36] [55/445] GTNA
[05:02:36] [56/445] DGGC
[05:02:37] [57/445] SMCR
[05:02:38] [58/445] SCGD
[05:02:39] [59/445] SRRJ
[05:02:39] [60/445] CNRY
[05:02:40] [61/445] KTDI
[05:02:41] [62/445] SNJL
[05:02:41] [63/445] RKMD
[05:02:42] [64/445] SMDC
[05:02:42] [65/445] TADG
[05:02:43] [66/445] MCGS
[05:02:44] [67/445] PETK
[05:02:44] [68/445] CHAG
[05:02:45] [69/445] KSTL
[05:02:45] [70/445] AADS
[05:02:46] [71/445] NTHZ
[05:02:47] [72/445] HCKI
[05:02:47] [73/445] SSEF
[05:02:48] [74/445] MCGX
[05:02:48] [75/445] ERRA
[05:02:49] [76/445] SDTW
[05:02:50] [77/445] RMPK
[05:02:50] [78/445] PTHK
[05:02:51] [79/445] PXCS
[05:02:51] [80/445] SVLU
[05:02:52] [81/445] STAH
[05:02:52] [82/445] JRGF
[05:02:53] [83/445] CDOK
[05:02:54] [84/445] CMSG
[05:02:54] [85/445] APTD
[05:02:55] [86/445] KMPG
[05:02:55] [87/445] MUTJ
[05:02:56] [88/445] VCCI
[05:02:57] [89/445] URBE
[05:02:57] [90/445] TCTS
[05:02:58] [91/445] STSN
[05:02:58] [92/445] AKCH
[05:02:59] [93/445] APSC
[05:02:59] [94/445] VLTB
[05:03:00] [95/445] SANU
[05:03:01] [96/445] AXAM
[05:03:01] [97/445] MGMG
[05:03:02] [98/445] HTBY
[05:03:03] [99/445] MMZS
[05:03:03] [100/445] SUDR
[05:03:04] [101/445] CCAD
[05:03:04] [102/445] SKKC
[05:03:05] [103/445] RMCD
[05:03:05] [104/445] SBCQ
[05:03:06] [105/445] DCCT
[05:03:07] [106/445] VTKP
[05:03:07] [107/445] MLAM
[05:03:08] [108/445] SAVT
[05:03:09] [109/445] GEPL
[05:03:09] [110/445] AMCD
[05:03:10] [111/445] CCXR
[05:03:10] [112/445] GRNG
[05:03:11] [113/445] EBCA
[05:03:11] [114/445] CNVG
[05:03:12] [115/445] MWSS
[05:03:12] [116/445] VBOR
[05:03:13] [117/445] NEEB
[05:03:14] [118/445] SUTH
[05:03:14] [119/445] ANDB
[05:03:15] [120/445] MMXS
[05:03:15] [121/445] CNPD
[05:03:16] [122/445] SDCE
[05:03:16] [123/445] DHCB
[05:03:17] [124/445] ODEN
[05:03:17] [125/445] TNTC
[05:03:18] [126/445] VBKM
[05:03:18] [127/445] RZYM
[05:03:19] [128/445] JEMC
[05:03:20] [129/445] CMAU
[05:03:20] [130/445] SIVP
[05:03:21] [131/445] ATAG
[05:03:21] [132/445] CHTM
[05:03:22] [133/445] AAEE
[05:03:22] [134/445] IWPM
[05:03:23] [135/445] KCMW
[05:03:24] [136/445] MCTD
[05:03:24] [137/445] SPWR
[05:03:25] [138/445] SDPO
[05:03:26] [139/445] PCSK
[05:03:26] [140/445] ACHV
[05:03:27] [141/445] SVLA
[05:03:28] [142/445] PICT
[05:03:28] [143/445] BXDR
[05:03:29] [144/445] SPWA
[05:03:29] [145/445] MCKO
[05:03:30] [146/445] RTHK
[05:03:31] [147/445] CCMF
[05:03:31] [148/445] MRGB
[05:03:32] [149/445] CPLC
[05:03:32] [150/445] RACD
[05:03:33] [151/445] ATKT
[05:03:34] [152/445] SARN
[05:03:34] [153/445] KKUI
[05:03:35] [154/445] RGCM
[05:03:35] [155/445] BRVP
[05:03:36] [156/445] HRSR
[05:03:36] [157/445] GKGM
[05:03:37] [158/445] TTCD
[05:03:38] [159/445] PTTI
[05:03:38] [160/445] MPTT
[05:03:39] [161/445] CVTT
[05:03:40] [162/445] PCXD
[05:03:40] [163/445] GCDC
[05:03:41] [164/445] CCCF
[05:03:41] [165/445] MRAD
[05:03:42] [166/445] CPLK
[05:03:42] [167/445] SATB
[05:03:43] [168/445] SNVG
[05:03:44] [169/445] JMBA
[05:03:44] [170/445] TEJA
[05:03:45] [171/445] STYO
[05:03:46] [172/445] JTBP
[05:03:46] [173/445] KRGD
[05:03:46] [174/445] SLJJ
[05:03:47] [175/445] SPTJ
[05:03:48] [176/445] SWJG
[05:03:48] [177/445] LKRT
[05:03:48] [178/445] KCKA
[05:03:49] [179/445] SNCR
[05:03:50] [180/445] SMKL
[05:03:50] [181/445] GCFA
[05:03:50] [182/445] DDCK
[05:03:51] [183/445] NCHJ
[05:03:52] [184/445] RDMA
[05:03:52] [185/445] SVSV
[05:03:53] [186/445] SCJG
[05:03:53] [187/445] VKLP
[05:03:54] [188/445] NWCC
[05:03:55] [189/445] VKNS
[05:03:55] [190/445] SDDP
[05:03:56] [191/445] ACSI
[05:03:57] [192/445] SATG
[05:03:57] [193/445] SCMW
[05:03:58] [194/445] LKTK
[05:03:58] [195/445] VCKV
[05:03:59] [196/445] KKPE
[05:03:59] [197/445] KIGH
[05:04:00] [198/445] SRPM
[05:04:00] [199/445] SCAH
[05:04:01] [200/445] MUTA
[05:04:01] [201/445] SEPU
[05:04:02] [202/445] INOA
[05:04:03] [203/445] BASK
[05:04:03] [204/445] NECB
[05:04:04] [205/445] GTTG
[05:04:04] [206/445] ASSA
[05:04:05] [207/445] ANCL
[05:04:05] [208/445] GCTI
[05:04:06] [209/445] RCTS
[05:04:06] [210/445] ACNL
[05:04:07] [211/445] MYCT
[05:04:07] [212/445] NMHT
[05:04:08] [213/445] MDIT
[05:04:09] [214/445] LATG
[05:04:09] [215/445] SMTY
[05:04:10] [216/445] CVCT
[05:04:10] [217/445] RAMB
[05:04:11] [218/445] TGMS
[05:04:11] [219/445] BHEL
[05:04:12] [220/445] SHCT
[05:04:12] [221/445] SVCT
[05:04:13] [222/445] MRIY
[05:04:13] [223/445] SARO
[05:04:14] [224/445] STCT
[05:04:15] [225/445] JKKC
[05:04:15] [226/445] PLTT
[05:04:16] [227/445] SRNT
[05:04:16] [228/445] YAST
[05:04:17] [229/445] PERL
[05:04:17] [230/445] CICM
[05:04:18] [231/445] MMTR
[05:04:19] [232/445] ABTK
[05:04:19] [233/445] ATYY
[05:04:20] [234/445] ASTK
[05:04:21] [235/445] VVCK
[05:04:21] [236/445] ATKY
[05:04:22] [237/445] GWEK
[05:04:23] [238/445] SVFH
[05:04:23] [239/445] SLTA
[05:04:24] [240/445] AASH
[05:04:24] [241/445] ACXB
[05:04:25] [242/445] SMTX
[05:04:26] [243/445] AZDH
[05:04:26] [244/445] CMMH
[05:04:27] [245/445] SCSZ
[05:04:27] [246/445] SCKP
[05:04:28] [247/445] NXTM
[05:04:28] [248/445] NWCS
[05:04:29] [249/445] CXMH
[05:04:29] [250/445] PCMA
[05:04:30] [251/445] SGCM
[05:04:30] [252/445] SDTU
[05:04:31] [253/445] MMVI
[05:04:31] [254/445] JKCM
[05:04:32] [255/445] VCMM
[05:04:33] [256/445] SYEE
[05:04:33] [257/445] VASD
[05:04:34] [258/445] BDRB
[05:04:34] [259/445] LASM
[05:04:35] [260/445] DCRL
[05:04:36] [261/445] DVPM
[05:04:36] [262/445] SBMJ
[05:04:37] [263/445] CBMU
[05:04:37] [264/445] IUBS
[05:04:38] [265/445] INAP
[05:04:39] [266/445] SRRC
[05:04:39] [267/445] SAGR
[05:04:40] [268/445] CPMJ
[05:04:40] [269/445] ATJL
[05:04:41] [270/445] NNTD
[05:04:41] [271/445] JHCJ
[05:04:42] [272/445] CMMP
[05:04:42] [273/445] RSDR
[05:04:43] [274/445] AMTI
[05:04:43] [275/445] NYSG
[05:04:44] [276/445] AVSG
[05:04:45] [277/445] SYTP
[05:04:45] [278/445] LARC
[05:04:46] [279/445] RJTP
[05:04:46] [280/445] LAKC
[05:04:47] [281/445] MCXE
[05:04:47] [282/445] CCZC
[05:04:48] [283/445] AVCH
[05:04:49] [284/445] CMBE
[05:04:49] [285/445] MRRC
[05:04:50] [286/445] PCPY
[05:04:50] [287/445] SRMH
[05:04:51] [288/445] SVGS
[05:04:51] [289/445] PCSE
[05:04:52] [290/445] SVFT
[05:04:52] [291/445] TNZP
[05:04:53] [292/445] ICTP
[05:04:53] [293/445] ACTZ
[05:04:54] [294/445] GTUR
[05:04:54] [295/445] MAFC
[05:04:55] [296/445] MINL
[05:04:55] [297/445] MRCL
[05:04:56] [298/445] RCRP
[05:04:57] [299/445] RFFG
[05:04:57] [300/445] RMAS
[05:04:57] [301/445] INVR
[05:04:58] [302/445] RMAR
[05:04:59] [303/445] CNIS
[05:04:59] [304/445] RHRJ
[05:05:00] [305/445] INXR
[05:05:00] [306/445] VALT
[05:05:01] [307/445] LCSH
[05:05:01] [308/445] CMVS
[05:05:02] [309/445] CNMS
[05:05:02] [310/445] ROOG
[05:05:03] [311/445] ISRM
[05:05:03] [312/445] RCRM
[05:05:04] [313/445] ACJA
[05:05:04] [314/445] RCVS
[05:05:05] [315/445] CPUS
[05:05:06] [316/445] TGCS
[05:05:06] [317/445] RKCJ
[05:05:07] [318/445] MKSB
[05:05:07] [319/445] TCSJ
[05:05:08] [320/445] RMGP
[05:05:08] [321/445] CLLP
[05:05:09] [322/445] RCMV
[05:05:10] [323/445] CCKS
[05:05:10] [324/445] RSRP
[05:05:11] [325/445] APLP
[05:05:11] [326/445] CNVS
[05:05:12] [327/445] RMVY
[05:05:13] [328/445] PGBD
[05:05:13] [329/445] KLMS
[05:05:14] [330/445] RUST
[05:05:15] [331/445] MASM
[05:05:15] [332/445] BACS
[05:05:16] [333/445] BWST
[05:05:16] [334/445] RRFH
[05:05:17] [335/445] SJTM
[05:05:17] [336/445] BEMR
[05:05:18] [337/445] MCGR
[05:05:19] [338/445] SDSK
[05:05:19] [339/445] VBOL
[05:05:20] [340/445] RMGM
[05:05:21] [341/445] NOPL
[05:05:21] [342/445] MKJK
[05:05:21] [343/445] CVRN
[05:05:22] [344/445] MMEN
[05:05:23] [345/445] AMNG
[05:05:23] [346/445] INTM
[05:05:24] [347/445] SLCZ
[05:05:24] [348/445] AMJN
[05:05:25] [349/445] ACJN
[05:05:26] [350/445] AMKN
[05:05:26] [351/445] BTCN
[05:05:27] [352/445] AMBT
[05:05:27] [353/445] PACN
[05:05:28] [354/445] LCNS
[05:05:28] [355/445] PPKC
[05:05:29] [356/445] JYYN
[05:05:30] [357/445] JTNR
[05:05:30] [358/445] GTEE
[05:05:31] [359/445] SRNM
[05:05:31] [360/445] SDTC
[05:05:32] [361/445] VPCA
[05:05:32] [362/445] VLRA
[05:05:33] [363/445] SHKR
[05:05:34] [364/445] SBKD
[05:05:34] [365/445] SAAD
[05:05:35] [366/445] JTGN
[05:05:35] [367/445] SLAM
[05:05:36] [368/445] VTPM
[05:05:37] [369/445] ANPT
[05:05:37] [370/445] PUNB
[05:05:38] [371/445] CPKT
[05:05:38] [372/445] CNWE
[05:05:39] [373/445] ECPP
[05:05:40] [374/445] CPAR
[05:05:40] [375/445] ESBW
[05:05:41] [376/445] PKPU
[05:05:41] [377/445] CPRP
[05:05:42] [378/445] RAHU
[05:05:43] [379/445] RHMN
[05:05:43] [380/445] FMJP
[05:05:44] [381/445] CTMP
[05:05:44] [382/445] INPN
[05:05:45] [383/445] STTG
[05:05:46] [384/445] CTRD
[05:05:46] [385/445] PUVB
[05:05:47] [386/445] ESVP
[05:05:47] [387/445] CPFT
[05:05:48] [388/445] LCPC
[05:05:48] [389/445] VBCT
[05:05:49] [390/445] FSCW
[05:05:49] [391/445] VCMP
[05:05:50] [392/445] ASHC
[05:05:50] [393/445] VLCX
[05:05:51] [394/445] SHEV
[05:05:52] [395/445] APCO
[05:05:52] [396/445] SILC
[05:05:53] [397/445] SNMR
[05:05:53] [398/445] KYBO
[05:05:54] [399/445] SATK
[05:05:54] [400/445] SSCS
[05:05:55] [401/445] CLSB
[05:05:56] [402/445] KMJR
[05:05:56] [403/445] FSCK
[05:05:57] [404/445] NNKA
[05:05:57] [405/445] CLMK
[05:05:58] [406/445] DMPZ
[05:05:58] [407/445] INQM
[05:05:59] [408/445] CAML
[05:06:00] [409/445] INRK
[05:06:00] [410/445] IMKN
[05:06:01] [411/445] SVNR
[05:06:01] [412/445] INSL
[05:06:02] [413/445] MSMA
[05:06:02] [414/445] MCKK
[05:06:03] [415/445] FCHP
[05:06:04] [416/445] SFCR
[05:06:04] [417/445] NACK
[05:06:05] [418/445] PVAK
[05:06:05] [419/445] INER
[05:06:06] [420/445] RDBK
[05:06:07] [421/445] SVFN
[05:06:07] [422/445] IFRM
[05:06:07] [423/445] ATCK
[05:06:08] [424/445] ASKO
[05:06:08] [425/445] STKT
[05:06:09] [426/445] SVFB
[05:06:10] [427/445] INKS
[05:06:10] [428/445] PCRA
[05:06:11] [429/445] ATJA
[05:06:11] [430/445] IMJN
[05:06:12] [431/445] INHD
[05:06:13] [432/445] BARA
[05:06:13] [433/445] MCSL
[05:06:14] [434/445] RTOY
[05:06:15] [435/445] MENO
[05:06:15] [436/445] PUDM
[05:06:16] [437/445] PRCN
[05:06:16] [438/445] JMJR
[05:06:17] [439/445] SSGK
[05:06:18] [440/445] SSRL
[05:06:18] [441/445] JYKL
[05:06:19] [442/445] ACNB
[05:06:19] [443/445] SONP
[05:06:20] [444/445] EMCI
[05:06:20] [445/445] MRJH
[05:06:21] 🧹 Deduping shows
[05:06:21] ✅ DONE | Shows=142 | Movies=10
