[09:44:40] 🚀 SCRIPT STARTED
[09:44:40] [1/459] NECA
[09:44:40] 🧠 New identity created
[09:44:41] [2/459] BJLC
[09:44:42] [3/459] BASU
[09:44:43] [4/459] RUPI
[09:44:44] [5/459] LCBK
[09:44:45] [6/459] PMAC
[09:44:46] [7/459] AMLC
[09:44:47] [8/459] LICL
[09:44:47] [9/459] UDMM
[09:44:48] [10/459] STBZ
[09:44:49] [11/459] UUBT
[09:44:50] [12/459] SJKC
[09:44:51] [13/459] TUAL
[09:44:52] [14/459] MRSE
[09:44:53] [15/459] RMRK
[09:44:54] [16/459] TTKP
[09:44:55] [17/459] KTKO
[09:44:56] [18/459] SDBK
[09:44:57] [19/459] MCPR
[09:44:58] [20/459] CHTI
[09:44:59] [21/459] GCCP
[09:45:00] [22/459] SRMY
[09:45:01] [23/459] NYST
[09:45:02] [24/459] NYAG
[09:45:02] [25/459] SBMT
[09:45:03] [26/459] INGA
[09:45:04] [27/459] WSIC
[09:45:05] [28/459] SCSS
[09:45:06] [29/459] COPG
[09:45:06] [30/459] RCGR
[09:45:07] [31/459] TCZA
[09:45:09] [32/459] CNLP
[09:45:10] [33/459] CLKN
[09:45:11] [34/459] LHDF
[09:45:12] [35/459] ELKC
[09:45:12] [36/459] VCEM
[09:45:13] [37/459] SSZA
[09:45:14] [38/459] KRMT
[09:45:15] [39/459] LCMV
[09:45:16] [40/459] AYCZ
[09:45:16] [41/459] CUMS
[09:45:17] [42/459] BOCK
[09:45:18] [43/459] PNMR
[09:45:19] [44/459] PJCP
[09:45:20] [45/459] JDDD
[09:45:21] [46/459] STMS
[09:45:22] [47/459] FLMB
[09:45:23] [48/459] PKCM
[09:45:24] [49/459] SPPR
[09:45:25] [50/459] EYLH
[09:45:26] [51/459] RJCC
[09:45:27] [52/459] MMPS
[09:45:27] [53/459] SHMX
[09:45:28] [54/459] CCNL
[09:45:29] [55/459] RCNV
[09:45:30] [56/459] MAAG
[09:45:31] [57/459] LXCM
[09:45:31] [58/459] RCNI
[09:45:32] [59/459] SNNI
[09:45:33] [60/459] LALC
[09:45:34] [61/459] SOCN
[09:45:35] [62/459] JHTP
[09:45:36] [63/459] PITP
[09:45:37] [64/459] CCKW
[09:45:37] [65/459] MCMC
[09:45:38] [66/459] DEES
[09:45:39] [67/459] SABT
[09:45:40] [68/459] VSPP
[09:45:41] [69/459] ABCT
[09:45:42] [70/459] JVTB
[09:45:42] [71/459] VCBD
[09:45:43] [72/459] RMGG
[09:45:44] [73/459] RNMH
[09:45:45] [74/459] SPGL
[09:45:46] [75/459] JTTR
[09:45:47] [76/459] SICS
[09:45:47] [77/459] SRMI
[09:45:48] [78/459] SSIJ
[09:45:49] [79/459] KFMT
[09:45:50] [80/459] VBIT
[09:45:51] [81/459] JKCT
[09:45:51] [82/459] GCGP
[09:45:52] [83/459] GDCS
[09:45:53] [84/459] TRBA
[09:45:54] [85/459] QUST
[09:45:55] [86/459] VSHM
[09:45:56] [87/459] SDCP
[09:45:57] [88/459] SNVS
[09:45:57] [89/459] NYTO
[09:45:58] [90/459] URWC
[09:45:59] [91/459] GTWH
[09:46:00] [92/459] PFCM
[09:46:01] [93/459] KRTA
[09:46:02] [94/459] AXMC
[09:46:03] [95/459] EVMC
[09:46:04] [96/459] HGSM
[09:46:05] [97/459] ACVM
[09:46:05] [98/459] PSKL
[09:46:06] [99/459] RDMP
[09:46:08] [100/459] RHGH
[09:46:09] [101/459] OMCM
[09:46:09] [102/459] DCCP
[09:46:10] [103/459] MCPB
[09:46:11] [104/459] ALCI
[09:46:12] [105/459] BLMX
[09:46:13] [106/459] BTMV
[09:46:13] [107/459] FVPN
[09:46:14] [108/459] CMAR
[09:46:16] [109/459] CEIM
[09:46:16] [110/459] CMVA
[09:46:17] [111/459] CPIV
[09:46:18] [112/459] CNPE
[09:46:19] [113/459] COLV
[09:46:20] [114/459] DNNV
[09:46:20] [115/459] HCAD
[09:46:21] [116/459] TAKA
[09:46:23] [117/459] INVD
[09:46:24] [118/459] IRMM
[09:46:25] [119/459] INSE
[09:46:26] [120/459] MRSW
[09:46:27] [121/459] MCVD
[09:46:28] [122/459] MCSO
[09:46:29] [123/459] PEVM
[09:46:29] [124/459] PVNL
[09:46:30] [125/459] PTCV
[09:46:32] [126/459] PRTC
[09:46:32] [127/459] RCVA
[09:46:33] [128/459] MTBN
[09:46:34] [129/459] LUCP
[09:46:35] [130/459] FMPT
[09:46:36] [131/459] JLSL
[09:46:37] [132/459] SBHA
[09:46:37] [133/459] SHRC
[09:46:38] [134/459] AVPS
[09:46:39] [135/459] STPM
[09:46:40] [136/459] ATRD
[09:46:41] [137/459] VTED
[09:46:41] [138/459] ACAI
[09:46:42] [139/459] SMAE
[09:46:43] [140/459] VMAT
[09:46:44] [141/459] LKCT
[09:46:45] [142/459] JTVK
[09:46:45] [143/459] PRTY
[09:46:46] [144/459] GETT
[09:46:47] [145/459] ESAP
[09:46:48] [146/459] NCPM
[09:46:49] [147/459] PCPA
[09:46:50] [148/459] MMOM
[09:46:51] [149/459] PHUP
[09:46:52] [150/459] CCPI
[09:46:53] [151/459] CNTD
[09:46:53] [152/459] NLJR
[09:46:55] [153/459] SRNG
[09:46:56] [154/459] MHAL
[09:46:57] [155/459] PNSM
[09:46:57] [156/459] DRMY
[09:46:58] [157/459] CCMU
[09:46:59] [158/459] SCMY
[09:47:00] [159/459] PVSY
[09:47:01] [160/459] SDLM
[09:47:02] [161/459] ICCM
[09:47:03] [162/459] PYSU
[09:47:04] [163/459] GATM
[09:47:05] [164/459] WOTM
[09:47:06] [165/459] RKTS
[09:47:07] [166/459] PMTY
[09:47:08] [167/459] LYMS
[09:47:08] [168/459] TGCA
[09:47:10] [169/459] DSTA
[09:47:11] [170/459] CNGE
[09:47:12] [171/459] VSTG
[09:47:13] [172/459] GTCK
[09:47:13] [173/459] TGNT
[09:47:14] [174/459] ASLC
[09:47:15] [175/459] SSST
[09:47:16] [176/459] KBTT
[09:47:17] [177/459] HKCP
[09:47:17] [178/459] SWLC
[09:47:18] [179/459] RTND
[09:47:19] [180/459] PKKT
[09:47:20] [181/459] HSTK
[09:47:21] [182/459] SPTT
[09:47:22] [183/459] IMPM
[09:47:22] [184/459] SCMV
[09:47:23] [185/459] SPCT
[09:47:25] [186/459] JBCA
[09:47:25] [187/459] ATTR
[09:47:26] [188/459] SPMT
[09:47:27] [189/459] LCTM
[09:47:29] [190/459] SCVL
[09:47:30] [191/459] SCVT
[09:47:30] [192/459] KRIC
[09:47:31] [193/459] CTMG
[09:47:32] [194/459] ACNC
[09:47:33] [195/459] DMCK
[09:47:34] [196/459] KMTV
[09:47:35] [197/459] PFCJ
[09:47:36] [198/459] VNMD
[09:47:37] [199/459] VPCZ
[09:47:38] [200/459] SRYR
[09:47:39] [201/459] SYTR
[09:47:39] [202/459] GATR
[09:47:40] [203/459] URTR
[09:47:41] [204/459] MKSM
[09:47:42] [205/459] VSMH
[09:47:43] [206/459] SKRJ
[09:47:43] [207/459] SSJR
[09:47:44] [208/459] SVSM
[09:47:45] [209/459] RUCM
[09:47:46] [210/459] PRKN
[09:47:47] [211/459] RROH
[09:47:47] [212/459] SCTN
[09:47:48] [213/459] RTDM
[09:47:49] [214/459] ASRM
[09:47:50] [215/459] SKMD
[09:47:50] [216/459] SUTD
[09:47:51] [217/459] SADM
[09:47:52] [218/459] WCNR
[09:47:53] [219/459] CNED
[09:47:53] [220/459] MPDB
[09:47:54] [221/459] KTBH
[09:47:55] [222/459] IDRM
[09:47:56] [223/459] PJJT
[09:47:57] [224/459] PFCV
[09:47:57] [225/459] AACT
[09:47:58] [226/459] AAAD
[09:47:59] [227/459] ANES
[09:48:00] [228/459] MNCA
[09:48:01] [229/459] RMGU
[09:48:02] [230/459] DLCN
[09:48:02] [231/459] LJWT
[09:48:03] [232/459] MCBG
[09:48:04] [233/459] MYBG
[09:48:05] [234/459] GCCA
[09:48:06] [235/459] GCGA
[09:48:06] [236/459] ECGN
[09:48:07] [237/459] PRAB
[09:48:08] [238/459] PNMP
[09:48:09] [239/459] GCPT
[09:48:09] [240/459] ROYN
[09:48:10] [241/459] VATM
[09:48:11] [242/459] KSNT
[09:48:12] [243/459] ACTC
[09:48:13] [244/459] PLTD
[09:48:14] [245/459] SKMK
[09:48:15] [246/459] CMTT
[09:48:16] [247/459] SMXP
[09:48:16] [248/459] SCMX
[09:48:17] [249/459] ACXN
[09:48:18] [250/459] ASWT
[09:48:20] [251/459] VVVL
[09:48:20] [252/459] NAGO
[09:48:21] [253/459] SNCN
[09:48:22] [254/459] MCKP
[09:48:23] [255/459] SAMO
[09:48:23] [256/459] JBTV
[09:48:24] [257/459] DCVV
[09:48:25] [258/459] KMSV
[09:48:26] [259/459] KDCN
[09:48:26] [260/459] CNCP
[09:48:27] [261/459] HAMC
[09:48:28] [262/459] CCVZ
[09:48:29] [263/459] NCCK
[09:48:29] [264/459] MCHR
[09:48:30] [265/459] SCHT
[09:48:31] [266/459] ESSH
[09:48:32] [267/459] CUJC
[09:48:33] [268/459] PECP
[09:48:34] [269/459] PMMI
[09:48:35] [270/459] PCCH
[09:48:35] [271/459] PRPM
[09:48:37] [272/459] PVKL
[09:48:38] [273/459] CBSM
[09:48:38] [274/459] PVCZ
[09:48:39] [275/459] PCVV
[09:48:40] [276/459] CTMJ
[09:48:41] [277/459] RCPS
[09:48:41] [278/459] PCIT
[09:48:42] [279/459] FNCH
[09:48:43] [280/459] INZD
[09:48:45] [281/459] INPC
[09:48:46] [282/459] LCZP
[09:48:46] [283/459] SMCB
[09:48:47] [284/459] PTSB
[09:48:48] [285/459] TPSI
[09:48:49] [286/459] KHMJ
[09:48:50] [287/459] RCCJ
[09:48:50] [288/459] NCJA
[09:48:51] [289/459] NCJN
[09:48:52] [290/459] BTDP
[09:48:54] [291/459] PADY
[09:48:54] [292/459] NYBH
[09:48:55] [293/459] MTBR
[09:48:56] [294/459] KRBC
[09:48:57] [295/459] DKTI
[09:48:58] [296/459] ANAN
[09:48:59] [297/459] INBP
[09:48:59] [298/459] PATB
[09:49:00] [299/459] RGNT
[09:49:01] [300/459] CGPM
[09:49:02] [301/459] INTN
[09:49:03] [302/459] MCMP
[09:49:04] [303/459] ASRG
[09:49:05] [304/459] CXJD
[09:49:06] [305/459] SPCP
[09:49:07] [306/459] CSTP
[09:49:08] [307/459] PKVC
[09:49:09] [308/459] ESCP
[09:49:09] [309/459] CAEP
[09:49:11] [310/459] CCSP
[09:49:12] [311/459] KTPC
[09:49:13] [312/459] DACA
[09:49:13] [313/459] NVKY
[09:49:14] [314/459] PTIN
[09:49:16] [315/459] SCIN
[09:49:16] [316/459] MCTY
[09:49:17] [317/459] PCMX
[09:49:18] [318/459] INIC
[09:49:19] [319/459] MMZM
[09:49:20] [320/459] SSLP
[09:49:20] [321/459] DTDT
[09:49:21] [322/459] FFCX
[09:49:22] [323/459] RCMM
[09:49:23] [324/459] KYID
[09:49:23] [325/459] CSCI
[09:49:24] [326/459] FCMC
[09:49:25] [327/459] MMXI
[09:49:26] [328/459] ASTC
[09:49:27] [329/459] CMRA
[09:49:28] [330/459] DICI
[09:49:29] [331/459] KDIN
[09:49:30] [332/459] PRFI
[09:49:31] [333/459] SVFC
[09:49:32] [334/459] UCPL
[09:49:33] [335/459] COOC
[09:49:34] [336/459] SCAL
[09:49:35] [337/459] SVFF
[09:49:36] [338/459] VCMG
[09:49:37] [339/459] UUCT
[09:49:38] [340/459] GCSE
[09:49:39] [341/459] SUSC
[09:49:40] [342/459] MISC
[09:49:40] [343/459] RMBL
[09:49:41] [344/459] CMXN
[09:49:42] [345/459] PVBK
[09:49:43] [346/459] HHCG
[09:49:43] [347/459] SCAG
[09:49:44] [348/459] CNPR
[09:49:45] [349/459] CSER
[09:49:46] [350/459] HLWD
[09:49:47] [351/459] BOLY
[09:49:47] [352/459] SSPG
[09:49:48] [353/459] MUPX
[09:49:49] [354/459] HAMR
[09:49:50] [355/459] SDNC
[09:49:51] [356/459] RTEN
[09:49:51] [357/459] SDTD
[09:49:52] [358/459] KAWS
[09:49:53] [359/459] CMZX
[09:49:54] [360/459] DCDD
[09:49:55] [361/459] ALSN
[09:49:56] [362/459] IMXS
[09:49:56] [363/459] PVFF
[09:49:57] [364/459] PVOO
[09:49:58] [365/459] CFBS
[09:49:59] [366/459] PVER
[09:50:00] [367/459] PPNX
[09:50:00] [368/459] CNRM
[09:50:01] [369/459] PVWW
[09:50:02] [370/459] INMB
[09:50:03] [371/459] CPJR
[09:50:04] [372/459] INRZ
[09:50:04] [373/459] PMSR
[09:50:05] [374/459] GPGM
[09:50:06] [375/459] PGWB
[09:50:07] [376/459] PMBR
[09:50:08] [377/459] GPAM
[09:50:10] [378/459] INBC
[09:50:10] [379/459] PZVK
[09:50:11] [380/459] CPEB
[09:50:12] [381/459] FMLB
[09:50:13] [382/459] INBG
[09:50:14] [383/459] GPBR
[09:50:15] [384/459] PAAS
[09:50:16] [385/459] VTBR
[09:50:17] [386/459] GPMY
[09:50:17] [387/459] GYBU
[09:50:18] [388/459] INBJ
[09:50:19] [389/459] LKTH
[09:50:20] [390/459] NSBR
[09:50:21] [391/459] PDRD
[09:50:22] [392/459] VRBL
[09:50:23] [393/459] VTGB
[09:50:24] [394/459] VTSK
[09:50:25] [395/459] BKDV
[09:50:26] [396/459] SVTB
[09:50:27] [397/459] MLDT
[09:50:28] [398/459] NRBL
[09:50:29] [399/459] SLTR
[09:50:29] [400/459] VNKA
[09:50:30] [401/459] TDCA
[09:50:31] [402/459] INBM
[09:50:32] [403/459] SSNR
[09:50:32] [404/459] BHAC
[09:50:34] [405/459] SDSD
[09:50:35] [406/459] SAMP
[09:50:36] [407/459] RATK
[09:50:36] [408/459] KCBI
[09:50:37] [409/459] URBL
[09:50:38] [410/459] MKBG
[09:50:39] [411/459] ASTB
[09:50:40] [412/459] VBWT
[09:50:41] [413/459] GPSM
[09:50:42] [414/459] ROON
[09:50:43] [415/459] CHTH
[09:50:43] [416/459] SSPA
[09:50:44] [417/459] ANBL
[09:50:45] [418/459] VTBE
[09:50:46] [419/459] SVKT
[09:50:47] [420/459] SVYK
[09:50:47] [421/459] PTBK
[09:50:48] [422/459] RKTB
[09:50:49] [423/459] BALT
[09:50:50] [424/459] STSV
[09:50:51] [425/459] VCCB
[09:50:52] [426/459] SLTB
[09:50:53] [427/459] SBCR
[09:50:54] [428/459] VDCS
[09:50:54] [429/459] MDKI
[09:50:55] [430/459] SMRN
[09:50:57] [431/459] PTBC
[09:50:57] [432/459] RADI
[09:50:58] [433/459] ADCR
[09:50:59] [434/459] SDCS
[09:51:00] [435/459] SRPJ
[09:51:01] [436/459] ARTS
[09:51:02] [437/459] SRHK
[09:51:03] [438/459] SPAY
[09:51:04] [439/459] GPTB
[09:51:05] [440/459] SNNN
[09:51:05] [441/459] BALJ
[09:51:06] [442/459] TRIG
[09:51:07] [443/459] GTYT
[09:51:08] [444/459] ATGN
[09:51:09] [445/459] ANTE
[09:51:10] [446/459] BDCG
[09:51:10] [447/459] VECI
[09:51:11] [448/459] SCPR
[09:51:12] [449/459] RTEA
[09:51:13] [450/459] JSAI
[09:51:14] [451/459] VJTP
[09:51:15] [452/459] GNDS
[09:51:16] [453/459] PAXA
[09:51:17] [454/459] CGGM
[09:51:18] [455/459] ACKZ
[09:51:18] [456/459] EMCC
[09:51:19] [457/459] KLSK
[09:51:20] [458/459] AVCK
[09:51:22] [459/459] JTCK
[09:51:23] 🧹 Deduping shows
[09:51:23] ✅ DONE | Shows=10 | Movies=4
