[09:44:44] 🚀 SCRIPT STARTED
[09:44:44] [1/459] MBDC
[09:44:44] 🧠 New identity created
[09:44:45] [2/459] CHKM
[09:44:46] [3/459] JTKZ
[09:44:47] [4/459] CMCT
[09:44:48] [5/459] ASHO
[09:44:49] [6/459] ECDG
[09:44:50] [7/459] SPAT
[09:44:51] [8/459] HILC
[09:44:52] [9/459] SPPH
[09:44:53] [10/459] SBHN
[09:44:54] [11/459] RRCA
[09:44:55] [12/459] APAA
[09:44:56] [13/459] RAME
[09:44:57] [14/459] TMMS
[09:44:58] [15/459] BATK
[09:44:59] [16/459] LKOP
[09:45:00] [17/459] AMTT
[09:45:01] [18/459] PTGK
[09:45:02] [19/459] ANRS
[09:45:03] [20/459] VWBW
[09:45:04] [21/459] SVFG
[09:45:05] [22/459] STAT
[09:45:06] [23/459] GDCV
[09:45:07] [24/459] VEBI
[09:45:08] [25/459] VDSS
[09:45:10] [26/459] NTHV
[09:45:10] [27/459] AOCH
[09:45:11] [28/459] KASR
[09:45:12] [29/459] AYCS
[09:45:13] [30/459] SHAI
[09:45:14] [31/459] SKPE
[09:45:14] [32/459] SBTA
[09:45:15] [33/459] RTTD
[09:45:16] [34/459] CCJD
[09:45:17] [35/459] RSJJ
[09:45:18] [36/459] RKND
[09:45:19] [37/459] SVTX
[09:45:20] [38/459] BAKM
[09:45:21] [39/459] SVDC
[09:45:22] [40/459] MNCV
[09:45:22] [41/459] SJGC
[09:45:23] [42/459] MTPK
[09:45:24] [43/459] GATP
[09:45:25] [44/459] ABTS
[09:45:26] [45/459] ABDE
[09:45:27] [46/459] RCNM
[09:45:28] [47/459] KTHV
[09:45:29] [48/459] MDGJ
[09:45:30] [49/459] SMLM
[09:45:31] [50/459] JTMA
[09:45:31] [51/459] ACKP
[09:45:32] [52/459] SRTA
[09:45:33] [53/459] STAY
[09:45:34] [54/459] MAVO
[09:45:36] [55/459] APTS
[09:45:37] [56/459] OMEA
[09:45:38] [57/459] TTFD
[09:45:39] [58/459] MJCU
[09:45:40] [59/459] CXTE
[09:45:41] [60/459] CTPX
[09:45:42] [61/459] ASSL
[09:45:43] [62/459] CMVB
[09:45:44] [63/459] VPUR
[09:45:45] [64/459] JJDA
[09:45:46] [65/459] INBL
[09:45:48] [66/459] BIKB
[09:45:49] [67/459] NTBB
[09:45:49] [68/459] GLOB
[09:45:50] [69/459] SNTB
[09:45:51] [70/459] CHGV
[09:45:53] [71/459] SSBZ
[09:45:54] [72/459] PRDB
[09:45:55] [73/459] ISMT
[09:45:56] [74/459] MCSD
[09:45:57] [75/459] JBTT
[09:45:58] [76/459] GEKR
[09:45:59] [77/459] PVUN
[09:45:59] [78/459] NRTB
[09:46:00] [79/459] PRAA
[09:46:01] [80/459] PCBL
[09:46:02] [81/459] PTCM
[09:46:03] [82/459] KHNN
[09:46:04] [83/459] OMJE
[09:46:05] [84/459] STGN
[09:46:06] [85/459] RPMS
[09:46:07] [86/459] NWAD
[09:46:08] [87/459] BLCK
[09:46:09] [88/459] SVAA
[09:46:10] [89/459] URVM
[09:46:10] [90/459] ANTM
[09:46:11] [91/459] VJYM
[09:46:12] [92/459] MAZZ
[09:46:13] [93/459] CSHM
[09:46:13] [94/459] WGMH
[09:46:14] [95/459] SALN
[09:46:15] [96/459] BRTP
[09:46:16] [97/459] SVTA
[09:46:18] [98/459] SBTP
[09:46:18] [99/459] VLSS
[09:46:19] [100/459] SRJA
[09:46:20] [101/459] ANCG
[09:46:21] [102/459] CGGC
[09:46:22] [103/459] CRJA
[09:46:23] [104/459] USCR
[09:46:24] [105/459] MMEF
[09:46:25] [106/459] JCRJ
[09:46:26] [107/459] ADCM
[09:46:27] [108/459] BMYK
[09:46:28] [109/459] KICS
[09:46:29] [110/459] MBBT
[09:46:29] [111/459] MACK
[09:46:30] [112/459] CLDR
[09:46:31] [113/459] JYCR
[09:46:33] [114/459] DCRP
[09:46:34] [115/459] RAHT
[09:46:35] [116/459] CSSM
[09:46:35] [117/459] ATPK
[09:46:36] [118/459] KLRT
[09:46:37] [119/459] SRDD
[09:46:38] [120/459] CKMC
[09:46:39] [121/459] KRVM
[09:46:40] [122/459] AKCP
[09:46:41] [123/459] CNCV
[09:46:42] [124/459] PACT
[09:46:43] [125/459] NATP
[09:46:44] [126/459] PCPK
[09:46:45] [127/459] SMHO
[09:46:46] [128/459] CWTK
[09:46:47] [129/459] RVKZ
[09:46:48] [130/459] ASPD
[09:46:49] [131/459] VTKZ
[09:46:50] [132/459] LCSO
[09:46:51] [133/459] PRDY
[09:46:52] [134/459] RCAP
[09:46:53] [135/459] RGAR
[09:46:54] [136/459] RCAC
[09:46:55] [137/459] PMOD
[09:46:56] [138/459] PVCN
[09:46:56] [139/459] SCRZ
[09:46:58] [140/459] PVPC
[09:46:59] [141/459] STID
[09:47:00] [142/459] NEDD
[09:47:01] [143/459] BNBA
[09:47:02] [144/459] NTCD
[09:47:02] [145/459] OCDE
[09:47:03] [146/459] CCDU
[09:47:04] [147/459] CRXH
[09:47:05] [148/459] VLVT
[09:47:06] [149/459] CICI
[09:47:07] [150/459] SUCB
[09:47:07] [151/459] TCBP
[09:47:08] [152/459] SCCY
[09:47:09] [153/459] LXCY
[09:47:10] [154/459] NCMD
[09:47:11] [155/459] PHCS
[09:47:12] [156/459] DUXR
[09:47:12] [157/459] VNKS
[09:47:13] [158/459] SEDP
[09:47:14] [159/459] SVEN
[09:47:15] [160/459] SRKM
[09:47:16] [161/459] JTLT
[09:47:17] [162/459] SVSS
[09:47:18] [163/459] AMDE
[09:47:19] [164/459] WVRN
[09:47:20] [165/459] ISMG
[09:47:21] [166/459] WVKS
[09:47:22] [167/459] USCG
[09:47:24] [168/459] IOTG
[09:47:25] [169/459] RRJM
[09:47:26] [170/459] EDMP
[09:47:27] [171/459] SCGZ
[09:47:27] [172/459] GMGX
[09:47:28] [173/459] OMTP
[09:47:29] [174/459] MITD
[09:47:30] [175/459] SMMD
[09:47:31] [176/459] STML
[09:47:32] [177/459] MCFS
[09:47:33] [178/459] FPKA
[09:47:34] [179/459] OMLR
[09:47:35] [180/459] KKSC
[09:47:36] [181/459] RVMA
[09:47:37] [182/459] SCLL
[09:47:38] [183/459] SCDK
[09:47:39] [184/459] SXMI
[09:47:41] [185/459] SHDN
[09:47:42] [186/459] PAAD
[09:47:43] [187/459] UUCB
[09:47:44] [188/459] JHOL
[09:47:45] [189/459] SGWT
[09:47:46] [190/459] SRII
[09:47:47] [191/459] SGCK
[09:47:48] [192/459] SVVB
[09:47:50] [193/459] DMHA
[09:47:50] [194/459] PPNL
[09:47:51] [195/459] CPNL
[09:47:53] [196/459] WVLD
[09:47:54] [197/459] PSLV
[09:47:55] [198/459] VTTL
[09:47:56] [199/459] NPAD
[09:47:56] [200/459] PVCS
[09:47:57] [201/459] MCHL
[09:47:58] [202/459] PPLL
[09:48:00] [203/459] MALO
[09:48:02] [204/459] SWBH
[09:48:03] [205/459] PUGB
[09:48:04] [206/459] INBB
[09:48:05] [207/459] INNS
[09:48:06] [208/459] MCPT
[09:48:07] [209/459] SCMI
[09:48:08] [210/459] OCON
[09:48:09] [211/459] SCSM
[09:48:10] [212/459] RJVN
[09:48:11] [213/459] AMDK
[09:48:12] [214/459] ISMR
[09:48:13] [215/459] SMTD
[09:48:14] [216/459] VTDD
[09:48:14] [217/459] PDDZ
[09:48:15] [218/459] PCCK
[09:48:16] [219/459] INAM
[09:48:18] [220/459] FNKT
[09:48:19] [221/459] GDKA
[09:48:19] [222/459] MAYU
[09:48:20] [223/459] TCGU
[09:48:21] [224/459] KDCA
[09:48:22] [225/459] DOMY
[09:48:24] [226/459] PDDD
[09:48:25] [227/459] BJTS
[09:48:26] [228/459] VTCA
[09:48:27] [229/459] SBTM
[09:48:28] [230/459] SEET
[09:48:29] [231/459] SSTJ
[09:48:30] [232/459] SVNT
[09:48:31] [233/459] PPPR
[09:48:32] [234/459] PVYS
[09:48:33] [235/459] IOSE
[09:48:34] [236/459] ACTV
[09:48:35] [237/459] APVE
[09:48:36] [238/459] TCCL
[09:48:37] [239/459] SCMO
[09:48:37] [240/459] SAUM
[09:48:38] [241/459] KCJS
[09:48:39] [242/459] NJCJ
[09:48:40] [243/459] NECF
[09:48:41] [244/459] CCGW
[09:48:41] [245/459] CCMG
[09:48:42] [246/459] NYRG
[09:48:44] [247/459] NCSQ
[09:48:45] [248/459] GRCG
[09:48:46] [249/459] CCBT
[09:48:47] [250/459] ACGA
[09:48:47] [251/459] INAG
[09:48:48] [252/459] FUCG
[09:48:49] [253/459] AICF
[09:48:50] [254/459] GRGA
[09:48:51] [255/459] GDCN
[09:48:52] [256/459] RRCG
[09:48:53] [257/459] SDCH
[09:48:54] [258/459] WVJM
[09:48:55] [259/459] JCCZ
[09:48:56] [260/459] CNCL
[09:48:56] [261/459] TMLV
[09:48:57] [262/459] MEMB
[09:48:58] [263/459] SGTD
[09:48:59] [264/459] CONX
[09:49:00] [265/459] CCMH
[09:49:02] [266/459] ACMC
[09:49:03] [267/459] DTPD
[09:49:03] [268/459] POJA
[09:49:04] [269/459] FNBH
[09:49:05] [270/459] CGCB
[09:49:06] [271/459] RACN
[09:49:07] [272/459] JTSM
[09:49:07] [273/459] SCDN
[09:49:08] [274/459] AACK
[09:49:10] [275/459] RMCE
[09:49:11] [276/459] BSGB
[09:49:12] [277/459] MRCB
[09:49:13] [278/459] SRVR
[09:49:13] [279/459] VTKK
[09:49:14] [280/459] AMST
[09:49:15] [281/459] APCY
[09:49:16] [282/459] LMHO
[09:49:17] [283/459] MTZH
[09:49:18] [284/459] AMZB
[09:49:19] [285/459] SUVT
[09:49:20] [286/459] RCIP
[09:49:21] [287/459] KESR
[09:49:23] [288/459] SNKC
[09:49:23] [289/459] SCED
[09:49:24] [290/459] DVCA
[09:49:25] [291/459] VCDT
[09:49:26] [292/459] RRDI
[09:49:28] [293/459] DFCH
[09:49:30] [294/459] INSC
[09:49:30] [295/459] RGTR
[09:49:31] [296/459] FMOT
[09:49:32] [297/459] SCPM
[09:49:33] [298/459] GCDT
[09:49:34] [299/459] BRKT
[09:49:34] [300/459] DEMP
[09:49:35] [301/459] SRLC
[09:49:36] [302/459] KSTT
[09:49:37] [303/459] SMMT
[09:49:38] [304/459] SILM
[09:49:39] [305/459] JCVM
[09:49:40] [306/459] KCSV
[09:49:41] [307/459] MHLK
[09:49:41] [308/459] SLVL
[09:49:42] [309/459] RJKP
[09:49:43] [310/459] BBPC
[09:49:44] [311/459] MXCB
[09:49:45] [312/459] TCPK
[09:49:45] [313/459] RTBR
[09:49:46] [314/459] GAUT
[09:49:47] [315/459] DVCF
[09:49:48] [316/459] JTSB
[09:49:49] [317/459] SBLS
[09:49:50] [318/459] UDAY
[09:49:50] [319/459] PTNP
[09:49:51] [320/459] DMKT
[09:49:52] [321/459] NTDT
[09:49:53] [322/459] SHDJ
[09:49:54] [323/459] OTNC
[09:49:55] [324/459] RNTW
[09:49:56] [325/459] GCMI
[09:49:57] [326/459] CRCM
[09:49:58] [327/459] NNCZ
[09:49:59] [328/459] OEMO
[09:50:00] [329/459] PVJM
[09:50:01] [330/459] CPJI
[09:50:02] [331/459] RMCJ
[09:50:03] [332/459] CNWJ
[09:50:04] [333/459] EPJM
[09:50:05] [334/459] FNJJ
[09:50:06] [335/459] GCMJ
[09:50:07] [336/459] INPS
[09:50:07] [337/459] BICJ
[09:50:08] [338/459] ISTJ
[09:50:09] [339/459] INJC
[09:50:10] [340/459] GLXJ
[09:50:11] [341/459] INEM
[09:50:12] [342/459] JTMN
[09:50:12] [343/459] FRCJ
[09:50:13] [344/459] DDJP
[09:50:14] [345/459] INJV
[09:50:15] [346/459] GOLC
[09:50:16] [347/459] KOCI
[09:50:17] [348/459] FSTD
[09:50:18] [349/459] PACJ
[09:50:19] [350/459] GMCN
[09:50:20] [351/459] MMDJ
[09:50:21] [352/459] GODH
[09:50:22] [353/459] SKYN
[09:50:24] [354/459] NCTH
[09:50:24] [355/459] SKVZ
[09:50:25] [356/459] SVML
[09:50:26] [357/459] ACVZ
[09:50:28] [358/459] SURA
[09:50:28] [359/459] RTRB
[09:50:29] [360/459] LLCT
[09:50:30] [361/459] ATTS
[09:50:31] [362/459] JYCM
[09:50:32] [363/459] CTKR
[09:50:33] [364/459] LCKR
[09:50:33] [365/459] NYCV
[09:50:34] [366/459] NYOH
[09:50:35] [367/459] NOVX
[09:50:36] [368/459] MRGK
[09:50:37] [369/459] MOON
[09:50:38] [370/459] SBUC
[09:50:39] [371/459] GSVA
[09:50:40] [372/459] VIAK
[09:50:40] [373/459] SMVZ
[09:50:41] [374/459] MATE
[09:50:42] [375/459] RDCN
[09:50:43] [376/459] ASBL
[09:50:44] [377/459] ASVS
[09:50:45] [378/459] ASSR
[09:50:46] [379/459] SSKN
[09:50:47] [380/459] DRPV
[09:50:48] [381/459] MRHT
[09:50:49] [382/459] BSCN
[09:50:50] [383/459] RKNX
[09:50:51] [384/459] MSMC
[09:50:52] [385/459] MSCJ
[09:50:53] [386/459] BTBJ
[09:50:53] [387/459] MJCC
[09:50:54] [388/459] IOMM
[09:50:55] [389/459] ADGR
[09:50:56] [390/459] MYCP
[09:50:57] [391/459] IGCM
[09:50:58] [392/459] PGRK
[09:50:59] [393/459] VPGO
[09:51:00] [394/459] KOMS
[09:51:01] [395/459] URGG
[09:51:01] [396/459] GOST
[09:51:02] [397/459] LACT
[09:51:03] [398/459] BWCM
[09:51:04] [399/459] NCCW
[09:51:05] [400/459] SKYC
[09:51:06] [401/459] CCPM
[09:51:06] [402/459] VCBT
[09:51:07] [403/459] SDKR
[09:51:08] [404/459] CTYB
[09:51:09] [405/459] SHCX
[09:51:10] [406/459] RCUN
[09:51:11] [407/459] CNRA
[09:51:12] [408/459] RFCA
[09:51:13] [409/459] RDCU
[09:51:14] [410/459] SARK
[09:51:15] [411/459] SPPP
[09:51:16] [412/459] ADMB
[09:51:17] [413/459] JYOE
[09:51:18] [414/459] SRMD
[09:51:19] [415/459] RJDH
[09:51:20] [416/459] SSTD
[09:51:21] [417/459] AACV
[09:51:22] [418/459] PPVD
[09:51:23] [419/459] STCP
[09:51:24] [420/459] ANJR
[09:51:25] [421/459] ANLS
[09:51:26] [422/459] BIJO
[09:51:26] [423/459] AVAB
[09:51:27] [424/459] SPMD
[09:51:28] [425/459] SVJL
[09:51:29] [426/459] SDDJ
[09:51:30] [427/459] SLTU
[09:51:31] [428/459] SAKA
[09:51:32] [429/459] PMAM
[09:51:34] [430/459] FNAM
[09:51:35] [431/459] ACAM
[09:51:36] [432/459] SCMM
[09:51:37] [433/459] PMAK
[09:51:37] [434/459] NYSA
[09:51:38] [435/459] FCPA
[09:51:39] [436/459] GDAN
[09:51:40] [437/459] RSCA
[09:51:41] [438/459] DMAN
[09:51:42] [439/459] DZCM
[09:51:43] [440/459] NSGL
[09:51:43] [441/459] CCPP
[09:51:44] [442/459] PSMG
[09:51:45] [443/459] GSER
[09:51:47] [444/459] FCCT
[09:51:48] [445/459] FCTB
[09:51:49] [446/459] LCNK
[09:51:50] [447/459] SKTY
[09:51:50] [448/459] INAA
[09:51:51] [449/459] RCWN
[09:51:52] [450/459] VAIS
[09:51:54] [451/459] CVMN
[09:51:55] [452/459] INTS
[09:51:55] [453/459] FRGS
[09:51:56] [454/459] DTCK
[09:51:57] [455/459] MCMH
[09:51:58] [456/459] ECRR
[09:51:59] [457/459] RLLP
[09:52:00] [458/459] CCSN
[09:52:01] [459/459] CCBA
[09:52:02] 🧹 Deduping shows
[09:52:02] ✅ DONE | Shows=22 | Movies=3
