[09:44:42] 🚀 SCRIPT STARTED
[09:44:42] [1/459] FNDB
[09:44:42] 🧠 New identity created
[09:44:43] [2/459] AMBH
[09:44:44] [3/459] PRHN
[09:44:44] [4/459] ACPM
[09:44:45] [5/459] PVFS
[09:44:46] [6/459] AACN
[09:44:47] [7/459] ACAS
[09:44:48] [8/459] CTNR
[09:44:48] [9/459] MMAH
[09:44:49] [10/459] CPMH
[09:44:50] [11/459] IGMH
[09:44:51] [12/459] ABCS
[09:44:52] [13/459] CMMA
[09:44:53] [14/459] GPRH
[09:44:54] [15/459] PNNG
[09:44:54] [16/459] AMCA
[09:44:55] [17/459] ISTN
[09:44:56] [18/459] PIIC
[09:44:57] [19/459] AHMH
[09:44:57] [20/459] ASHN
[09:44:59] [21/459] INHY
[09:45:00] [22/459] SRMO
[09:45:01] [23/459] PIMH
[09:45:02] [24/459] PVTS
[09:45:02] [25/459] MMCA
[09:45:03] [26/459] AKYJ
[09:45:04] [27/459] BRKH
[09:45:05] [28/459] MAHM
[09:45:06] [29/459] CPHY
[09:45:06] [30/459] PVTP
[09:45:07] [31/459] SMMR
[09:45:08] [32/459] PVHM
[09:45:09] [33/459] SNDY
[09:45:10] [34/459] GOKU
[09:45:10] [35/459] ACEV
[09:45:11] [36/459] PVUM
[09:45:12] [37/459] VSWA
[09:45:13] [38/459] IPRS
[09:45:14] [39/459] ASGN
[09:45:14] [40/459] BKMV
[09:45:15] [41/459] PVYH
[09:45:16] [42/459] INKM
[09:45:17] [43/459] ARJU
[09:45:18] [44/459] JJPP
[09:45:19] [45/459] SSRM
[09:45:19] [46/459] HMHD
[09:45:20] [47/459] SNKH
[09:45:21] [48/459] ACHI
[09:45:22] [49/459] MRAA
[09:45:22] [50/459] INMH
[09:45:23] [51/459] ARMH
[09:45:24] [52/459] DVRR
[09:45:25] [53/459] SUDA
[09:45:26] [54/459] MCSS
[09:45:26] [55/459] VRKC
[09:45:27] [56/459] PRCX
[09:45:28] [57/459] ASJY
[09:45:29] [58/459] MTHY
[09:45:30] [59/459] SRCM
[09:45:31] [60/459] TVHY
[09:45:32] [61/459] STHD
[09:45:33] [62/459] CPCL
[09:45:33] [63/459] PSMJ
[09:45:34] [64/459] MRGT
[09:45:36] [65/459] ARYH
[09:45:37] [66/459] VTRB
[09:45:37] [67/459] SCHC
[09:45:38] [68/459] MRRG
[09:45:39] [69/459] SPCB
[09:45:40] [70/459] AMCM
[09:45:41] [71/459] IVNM
[09:45:41] [72/459] TRHY
[09:45:42] [73/459] PTTH
[09:45:43] [74/459] RKMH
[09:45:44] [75/459] PRCS
[09:45:46] [76/459] VAJA
[09:45:47] [77/459] BJNG
[09:45:47] [78/459] SCVM
[09:45:49] [79/459] GNHB
[09:45:49] [80/459] TLUR
[09:45:50] [81/459] UKCC
[09:45:51] [82/459] SRKR
[09:45:52] [83/459] RMKN
[09:45:53] [84/459] SLRT
[09:45:54] [85/459] LKMT
[09:45:55] [86/459] SSRJ
[09:45:55] [87/459] SPHT
[09:45:56] [88/459] ANTT
[09:45:58] [89/459] SRCH
[09:45:59] [90/459] SRCA
[09:45:59] [91/459] ARTH
[09:46:01] [92/459] MCBH
[09:46:01] [93/459] SNIB
[09:46:02] [94/459] SART
[09:46:03] [95/459] SKTA
[09:46:04] [96/459] YAKT
[09:46:05] [97/459] MLCK
[09:46:05] [98/459] ANTS
[09:46:06] [99/459] DGCA
[09:46:07] [100/459] SGMP
[09:46:08] [101/459] ASWN
[09:46:08] [102/459] KFVU
[09:46:09] [103/459] POOR
[09:46:10] [104/459] GKDN
[09:46:11] [105/459] EOSE
[09:46:12] [106/459] GTTT
[09:46:12] [107/459] ARRO
[09:46:13] [108/459] CMMK
[09:46:14] [109/459] MSCN
[09:46:15] [110/459] GDKH
[09:46:16] [111/459] DLMT
[09:46:16] [112/459] PVMF
[09:46:17] [113/459] CPCK
[09:46:18] [114/459] VMHE
[09:46:19] [115/459] PVLC
[09:46:19] [116/459] PCVB
[09:46:20] [117/459] SNYK
[09:46:21] [118/459] KTEK
[09:46:22] [119/459] PCNM
[09:46:23] [120/459] NTTR
[09:46:23] [121/459] CPSK
[09:46:24] [122/459] JMMA
[09:46:25] [123/459] GCFK
[09:46:26] [124/459] MYCA
[09:46:27] [125/459] KSNP
[09:46:28] [126/459] PMCE
[09:46:29] [127/459] SCKI
[09:46:29] [128/459] FSMA
[09:46:30] [129/459] CETA
[09:46:31] [130/459] MCIK
[09:46:33] [131/459] MYCR
[09:46:33] [132/459] EVMP
[09:46:35] [133/459] SSGT
[09:46:35] [134/459] KCTK
[09:46:36] [135/459] ZTKC
[09:46:37] [136/459] MMTA
[09:46:38] [137/459] MAJT
[09:46:39] [138/459] ACPK
[09:46:40] [139/459] JMAX
[09:46:41] [140/459] SETK
[09:46:41] [141/459] CAIS
[09:46:42] [142/459] AGCD
[09:46:43] [143/459] URCL
[09:46:44] [144/459] VTDS
[09:46:45] [145/459] JCNM
[09:46:45] [146/459] KCAM
[09:46:46] [147/459] ADCU
[09:46:47] [148/459] GXYN
[09:46:48] [149/459] SMJG
[09:46:49] [150/459] EYCJ
[09:46:50] [151/459] CCEJ
[09:46:51] [152/459] MARS
[09:46:52] [153/459] CPVJ
[09:46:53] [154/459] INVP
[09:46:53] [155/459] CPOV
[09:46:54] [156/459] VIJK
[09:46:55] [157/459] LAIM
[09:46:56] [158/459] STHV
[09:46:57] [159/459] SVLJ
[09:46:58] [160/459] ATVJ
[09:46:58] [161/459] JTSC
[09:46:59] [162/459] RMTV
[09:47:00] [163/459] MGGG
[09:47:01] [164/459] SWTH
[09:47:02] [165/459] INVJ
[09:47:03] [166/459] PRSV
[09:47:04] [167/459] JATV
[09:47:04] [168/459] RCVD
[09:47:05] [169/459] BDMA
[09:47:06] [170/459] BLJI
[09:47:07] [171/459] SWOT
[09:47:07] [172/459] SWRN
[09:47:08] [173/459] TVRA
[09:47:09] [174/459] VCSV
[09:47:10] [175/459] NVRN
[09:47:10] [176/459] SIKC
[09:47:11] [177/459] VAKR
[09:47:12] [178/459] SYLN
[09:47:13] [179/459] KLJL
[09:47:14] [180/459] LKMY
[09:47:15] [181/459] VSLY
[09:47:16] [182/459] CIKO
[09:47:16] [183/459] GPBG
[09:47:17] [184/459] CECM
[09:47:18] [185/459] SLKB
[09:47:19] [186/459] MTBO
[09:47:20] [187/459] SSHB
[09:47:20] [188/459] VPCS
[09:47:21] [189/459] RCSR
[09:47:23] [190/459] RJRM
[09:47:23] [191/459] KPPB
[09:47:24] [192/459] SEDC
[09:47:25] [193/459] SCAI
[09:47:26] [194/459] RMTR
[09:47:27] [195/459] ASST
[09:47:27] [196/459] GCAK
[09:47:28] [197/459] ANNK
[09:47:29] [198/459] KDDF
[09:47:30] [199/459] NRDP
[09:47:31] [200/459] PLAK
[09:47:32] [201/459] GCMC
[09:47:32] [202/459] ALPY
[09:47:33] [203/459] SICE
[09:47:34] [204/459] SISR
[09:47:35] [205/459] SRPZ
[09:47:36] [206/459] SRSW
[09:47:37] [207/459] SUYA
[09:47:38] [208/459] AMMT
[09:47:38] [209/459] BHCU
[09:47:39] [210/459] KLPA
[09:47:40] [211/459] NVKH
[09:47:41] [212/459] JMRC
[09:47:42] [213/459] KTTT
[09:47:43] [214/459] MAGH
[09:47:44] [215/459] MMMX
[09:47:45] [216/459] SALJ
[09:47:45] [217/459] GTJA
[09:47:47] [218/459] MAHT
[09:47:48] [219/459] SSNN
[09:47:48] [220/459] ARRP
[09:47:49] [221/459] ATNS
[09:47:50] [222/459] SKDT
[09:47:51] [223/459] ACAT
[09:47:53] [224/459] APRC
[09:47:53] [225/459] SWAG
[09:47:55] [226/459] SDPT
[09:47:56] [227/459] STPS
[09:47:57] [228/459] WWCZ
[09:47:58] [229/459] LLCH
[09:47:59] [230/459] MZHA
[09:47:59] [231/459] CRJG
[09:48:00] [232/459] JGTK
[09:48:01] [233/459] KCSR
[09:48:02] [234/459] CHTL
[09:48:03] [235/459] EDSR
[09:48:04] [236/459] CSWO
[09:48:05] [237/459] CPVM
[09:48:06] [238/459] MXBY
[09:48:07] [239/459] FMMA
[09:48:07] [240/459] POVI
[09:48:08] [241/459] MTHB
[09:48:09] [242/459] INRC
[09:48:10] [243/459] PIPP
[09:48:10] [244/459] BMXC
[09:48:11] [245/459] PCMM
[09:48:12] [246/459] PMKM
[09:48:13] [247/459] GATY
[09:48:13] [248/459] IMCM
[09:48:14] [249/459] POPE
[09:48:15] [250/459] MTCR
[09:48:16] [251/459] PVAE
[09:48:16] [252/459] PVMI
[09:48:17] [253/459] CPNM
[09:48:18] [254/459] FMRL
[09:48:19] [255/459] MCIW
[09:48:19] [256/459] MXBO
[09:48:20] [257/459] FMKY
[09:48:21] [258/459] FMDA
[09:48:22] [259/459] THAB
[09:48:22] [260/459] PRCW
[09:48:23] [261/459] PITI
[09:48:24] [262/459] MCFF
[09:48:24] [263/459] PDDV
[09:48:25] [264/459] MCRM
[09:48:27] [265/459] KKMB
[09:48:28] [266/459] INKO
[09:48:28] [267/459] PLXP
[09:48:29] [268/459] MMHA
[09:48:30] [269/459] FMVS
[09:48:31] [270/459] POLM
[09:48:31] [271/459] STER
[09:48:32] [272/459] PVWJ
[09:48:33] [273/459] IMJW
[09:48:34] [274/459] FNAN
[09:48:35] [275/459] CAGL
[09:48:36] [276/459] IPBG
[09:48:37] [277/459] SMFV
[09:48:38] [278/459] MMMR
[09:48:39] [279/459] MMWM
[09:48:40] [280/459] FNCM
[09:48:42] [281/459] MDVA
[09:48:43] [282/459] MMET
[09:48:43] [283/459] MIDO
[09:48:44] [284/459] INNP
[09:48:45] [285/459] MIFU
[09:48:46] [286/459] MMSZ
[09:48:46] [287/459] BMXA
[09:48:47] [288/459] MCAA
[09:48:48] [289/459] SCVP
[09:48:49] [290/459] PLUS
[09:48:49] [291/459] MUCK
[09:48:50] [292/459] MTMA
[09:48:52] [293/459] HPVR
[09:48:53] [294/459] PMPK
[09:48:53] [295/459] MAJB
[09:48:54] [296/459] CTRR
[09:48:55] [297/459] MCTG
[09:48:56] [298/459] MACE
[09:48:57] [299/459] AAAS
[09:48:57] [300/459] CPVV
[09:48:58] [301/459] RCHG
[09:48:59] [302/459] MCNE
[09:49:00] [303/459] EMNC
[09:49:01] [304/459] MCAN
[09:49:02] [305/459] TCDM
[09:49:03] [306/459] IRGT
[09:49:04] [307/459] GCMG
[09:49:05] [308/459] MXSN
[09:49:05] [309/459] MXCK
[09:49:06] [310/459] MCRC
[09:49:07] [311/459] RSMI
[09:49:08] [312/459] WAML
[09:49:09] [313/459] MTSC
[09:49:10] [314/459] FMDR
[09:49:11] [315/459] LEPV
[09:49:12] [316/459] MTGD
[09:49:13] [317/459] IMOB
[09:49:13] [318/459] CLMM
[09:49:14] [319/459] PZCD
[09:49:15] [320/459] GOCS
[09:49:16] [321/459] KCMA
[09:49:17] [322/459] CCMP
[09:49:18] [323/459] MTSU
[09:49:19] [324/459] SNGL
[09:49:20] [325/459] MMMC
[09:49:20] [326/459] MMAA
[09:49:21] [327/459] GCDM
[09:49:22] [328/459] KTMV
[09:49:23] [329/459] AETE
[09:49:24] [330/459] OMCS
[09:49:24] [331/459] GDCD
[09:49:25] [332/459] NYMD
[09:49:26] [333/459] RNCV
[09:49:26] [334/459] KKMT
[09:49:27] [335/459] GDTH
[09:49:28] [336/459] KMMV
[09:49:29] [337/459] NHCG
[09:49:30] [338/459] PJDW
[09:49:31] [339/459] MMCV
[09:49:32] [340/459] FQSA
[09:49:33] [341/459] KURL
[09:49:33] [342/459] NNNX
[09:49:34] [343/459] AMAU
[09:49:35] [344/459] VVVM
[09:49:36] [345/459] VECU
[09:49:36] [346/459] WCVR
[09:49:37] [347/459] MTGG
[09:49:38] [348/459] SGTG
[09:49:39] [349/459] MNTG
[09:49:40] [350/459] JDDG
[09:49:41] [351/459] MBTK
[09:49:42] [352/459] SGCD
[09:49:43] [353/459] MCTC
[09:49:44] [354/459] JTPC
[09:49:45] [355/459] SDKT
[09:49:46] [356/459] KRCC
[09:49:46] [357/459] RMMD
[09:49:47] [358/459] AAME
[09:49:48] [359/459] TMWC
[09:49:49] [360/459] NRWY
[09:49:50] [361/459] CITD
[09:49:50] [362/459] VERD
[09:49:51] [363/459] MKSK
[09:49:52] [364/459] STSM
[09:49:53] [365/459] MJDG
[09:49:54] [366/459] RKPM
[09:49:55] [367/459] SSCE
[09:49:56] [368/459] VMAE
[09:49:57] [369/459] SBRU
[09:49:58] [370/459] AMBC
[09:49:58] [371/459] AMLU
[09:49:59] [372/459] INVZ
[09:50:00] [373/459] LGTV
[09:50:01] [374/459] SVAD
[09:50:01] [375/459] SMSA
[09:50:02] [376/459] SPCZ
[09:50:03] [377/459] GTCX
[09:50:04] [378/459] SCSL
[09:50:05] [379/459] SAHU
[09:50:05] [380/459] NCDA
[09:50:06] [381/459] SCCG
[09:50:07] [382/459] VKTL
[09:50:08] [383/459] PUUJ
[09:50:09] [384/459] STEJ
[09:50:10] [385/459] RJAL
[09:50:11] [386/459] ACJC
[09:50:12] [387/459] VTHC
[09:50:13] [388/459] ARVB
[09:50:14] [389/459] AUBB
[09:50:15] [390/459] GDBR
[09:50:15] [391/459] PVND
[09:50:16] [392/459] BGRJ
[09:50:17] [393/459] RJMM
[09:50:18] [394/459] MCSA
[09:50:19] [395/459] BODA
[09:50:19] [396/459] JAGG
[09:50:20] [397/459] SCGA
[09:50:21] [398/459] LRCM
[09:50:21] [399/459] CPCN
[09:50:22] [400/459] SSTF
[09:50:23] [401/459] SRXP
[09:50:24] [402/459] CNFX
[09:50:24] [403/459] ANDI
[09:50:26] [404/459] SYEW
[09:50:27] [405/459] RCRE
[09:50:27] [406/459] SCRW
[09:50:28] [407/459] MBKR
[09:50:29] [408/459] ASNT
[09:50:30] [409/459] JTMT
[09:50:31] [410/459] SHAY
[09:50:31] [411/459] VRTH
[09:50:32] [412/459] SPTI
[09:50:33] [413/459] DPTD
[09:50:34] [414/459] TGSN
[09:50:34] [415/459] RCWV
[09:50:35] [416/459] OCUR
[09:50:37] [417/459] KSTC
[09:50:37] [418/459] SANI
[09:50:39] [419/459] MLCA
[09:50:39] [420/459] EGCA
[09:50:40] [421/459] SYSN
[09:50:41] [422/459] PKTA
[09:50:41] [423/459] PRCC
[09:50:43] [424/459] KSTR
[09:50:43] [425/459] SNTP
[09:50:44] [426/459] RCHA
[09:50:45] [427/459] SEEA
[09:50:46] [428/459] ALAT
[09:50:47] [429/459] AATV
[09:50:48] [430/459] RJTE
[09:50:49] [431/459] AAPP
[09:50:50] [432/459] PMMH
[09:50:50] [433/459] INRJ
[09:50:51] [434/459] SARB
[09:50:52] [435/459] PCJL
[09:50:53] [436/459] PFJJ
[09:50:53] [437/459] GRDC
[09:50:54] [438/459] BCBA
[09:50:55] [439/459] VIXL
[09:50:56] [440/459] CSTL
[09:50:57] [441/459] MTDK
[09:50:58] [442/459] TDAC
[09:50:58] [443/459] GTDN
[09:50:59] [444/459] TTDE
[09:51:00] [445/459] ASTS
[09:51:01] [446/459] CPNS
[09:51:02] [447/459] PVVW
[09:51:03] [448/459] USEB
[09:51:03] [449/459] DTYN
[09:51:05] [450/459] PVLE
[09:51:06] [451/459] CIPS
[09:51:07] [452/459] PAEG
[09:51:07] [453/459] PTCW
[09:51:09] [454/459] G3SR
[09:51:10] [455/459] PGND
[09:51:10] [456/459] INVM
[09:51:11] [457/459] SPIA
[09:51:12] [458/459] PCSN
[09:51:13] [459/459] PPGV
[09:51:14] 🧹 Deduping shows
[09:51:14] ✅ DONE | Shows=21 | Movies=6
[16:59:29] 🚀 SCRIPT STARTED
[16:59:29] [1/459] FNDB
[16:59:29] 🧠 New identity created
[16:59:30] [2/459] AMBH
[16:59:31] [3/459] PRHN
[16:59:32] [4/459] ACPM
[16:59:33] [5/459] PVFS
[16:59:34] [6/459] AACN
[16:59:35] [7/459] ACAS
[16:59:36] [8/459] CTNR
[16:59:36] [9/459] MMAH
[16:59:37] [10/459] CPMH
[16:59:38] [11/459] IGMH
[16:59:39] [12/459] ABCS
[16:59:40] [13/459] CMMA
[16:59:41] [14/459] GPRH
[16:59:42] [15/459] PNNG
[16:59:42] [16/459] AMCA
[16:59:43] [17/459] ISTN
[16:59:44] [18/459] PIIC
[16:59:45] [19/459] AHMH
[16:59:46] [20/459] ASHN
[16:59:47] [21/459] INHY
[16:59:48] [22/459] SRMO
[16:59:49] [23/459] PIMH
[16:59:50] [24/459] PVTS
[16:59:51] [25/459] MMCA
[16:59:52] [26/459] AKYJ
[16:59:53] [27/459] BRKH
[16:59:54] [28/459] MAHM
[16:59:55] [29/459] CPHY
[16:59:56] [30/459] PVTP
[16:59:57] [31/459] SMMR
[16:59:58] [32/459] PVHM
[16:59:59] [33/459] SNDY
[17:00:00] [34/459] GOKU
[17:00:01] [35/459] ACEV
[17:00:02] [36/459] PVUM
[17:00:03] [37/459] VSWA
[17:00:04] [38/459] IPRS
[17:00:05] [39/459] ASGN
[17:00:06] [40/459] BKMV
[17:00:07] [41/459] PVYH
[17:00:08] [42/459] INKM
[17:00:09] [43/459] ARJU
[17:00:10] [44/459] JJPP
[17:00:11] [45/459] SSRM
[17:00:12] [46/459] HMHD
[17:00:13] [47/459] SNKH
[17:00:14] [48/459] ACHI
[17:00:15] [49/459] MRAA
[17:00:15] [50/459] INMH
[17:00:16] [51/459] ARMH
[17:00:17] [52/459] DVRR
[17:00:17] [53/459] SUDA
[17:00:18] [54/459] MCSS
[17:00:19] [55/459] VRKC
[17:00:20] [56/459] PRCX
[17:00:21] [57/459] ASJY
[17:00:22] [58/459] MTHY
[17:00:23] [59/459] SRCM
[17:00:23] [60/459] TVHY
[17:00:24] [61/459] STHD
[17:00:25] [62/459] CPCL
[17:00:26] [63/459] PSMJ
[17:00:27] [64/459] MRGT
[17:00:28] [65/459] ARYH
[17:00:29] [66/459] VTRB
[17:00:29] [67/459] SCHC
[17:00:30] [68/459] MRRG
[17:00:31] [69/459] SPCB
[17:00:32] [70/459] AMCM
[17:00:33] [71/459] IVNM
[17:00:34] [72/459] TRHY
[17:00:35] [73/459] PTTH
[17:00:35] [74/459] RKMH
[17:00:36] [75/459] PRCS
[17:00:37] [76/459] VAJA
[17:00:38] [77/459] BJNG
[17:00:39] [78/459] SCVM
[17:00:40] [79/459] GNHB
[17:00:41] [80/459] TLUR
[17:00:42] [81/459] UKCC
[17:00:42] [82/459] SRKR
[17:00:44] [83/459] RMKN
[17:00:45] [84/459] SLRT
[17:00:47] [85/459] LKMT
[17:00:47] [86/459] SSRJ
[17:00:48] [87/459] SPHT
[17:00:49] [88/459] ANTT
[17:00:50] [89/459] SRCH
[17:00:51] [90/459] SRCA
[17:00:52] [91/459] ARTH
[17:00:52] [92/459] MCBH
[17:00:53] [93/459] SNIB
[17:00:54] [94/459] SART
[17:00:55] [95/459] SKTA
[17:00:57] [96/459] YAKT
[17:00:58] [97/459] MLCK
[17:00:59] [98/459] ANTS
[17:00:59] [99/459] DGCA
[17:01:00] [100/459] SGMP
[17:01:01] [101/459] ASWN
[17:01:02] [102/459] KFVU
[17:01:03] [103/459] POOR
[17:01:04] [104/459] GKDN
[17:01:05] [105/459] EOSE
[17:01:07] [106/459] GTTT
[17:01:07] [107/459] ARRO
[17:01:08] [108/459] CMMK
[17:01:10] [109/459] MSCN
[17:01:11] [110/459] GDKH
[17:01:12] [111/459] DLMT
[17:01:13] [112/459] PVMF
[17:01:14] [113/459] CPCK
[17:01:15] [114/459] VMHE
[17:01:16] [115/459] PVLC
[17:01:17] [116/459] PCVB
[17:01:18] [117/459] SNYK
[17:01:19] [118/459] KTEK
[17:01:20] [119/459] PCNM
[17:01:21] [120/459] NTTR
[17:01:22] [121/459] CPSK
[17:01:23] [122/459] JMMA
[17:01:24] [123/459] GCFK
[17:01:24] [124/459] MYCA
[17:01:25] [125/459] KSNP
[17:01:26] [126/459] PMCE
[17:01:27] [127/459] SCKI
[17:01:28] [128/459] FSMA
[17:01:29] [129/459] CETA
[17:01:29] [130/459] MCIK
[17:01:30] [131/459] MYCR
[17:01:31] [132/459] EVMP
[17:01:32] [133/459] SSGT
[17:01:33] [134/459] KCTK
[17:01:34] [135/459] ZTKC
[17:01:35] [136/459] MMTA
[17:01:36] [137/459] MAJT
[17:01:36] [138/459] ACPK
[17:01:37] [139/459] JMAX
[17:01:38] [140/459] SETK
[17:01:39] [141/459] CAIS
[17:01:39] [142/459] AGCD
[17:01:40] [143/459] URCL
[17:01:41] [144/459] VTDS
[17:01:42] [145/459] JCNM
[17:01:43] [146/459] KCAM
[17:01:44] [147/459] ADCU
[17:01:45] [148/459] GXYN
[17:01:46] [149/459] SMJG
[17:01:47] [150/459] EYCJ
[17:01:48] [151/459] CCEJ
[17:01:49] [152/459] MARS
[17:01:50] [153/459] CPVJ
[17:01:51] [154/459] INVP
[17:01:52] [155/459] CPOV
[17:01:53] [156/459] VIJK
[17:01:55] [157/459] LAIM
[17:01:56] [158/459] STHV
[17:01:56] [159/459] SVLJ
[17:01:57] [160/459] ATVJ
[17:01:58] [161/459] JTSC
[17:01:59] [162/459] RMTV
[17:02:00] [163/459] MGGG
[17:02:01] [164/459] SWTH
[17:02:02] [165/459] INVJ
[17:02:03] [166/459] PRSV
[17:02:04] [167/459] JATV
[17:02:05] [168/459] RCVD
[17:02:06] [169/459] BDMA
[17:02:07] [170/459] BLJI
[17:02:08] [171/459] SWOT
[17:02:08] [172/459] SWRN
[17:02:09] [173/459] TVRA
[17:02:10] [174/459] VCSV
[17:02:11] [175/459] NVRN
[17:02:12] [176/459] SIKC
[17:02:13] [177/459] VAKR
[17:02:14] [178/459] SYLN
[17:02:14] [179/459] KLJL
[17:02:15] [180/459] LKMY
[17:02:16] [181/459] VSLY
[17:02:17] [182/459] CIKO
[17:02:18] [183/459] GPBG
[17:02:19] [184/459] CECM
[17:02:20] [185/459] SLKB
[17:02:21] [186/459] MTBO
[17:02:21] [187/459] SSHB
[17:02:22] [188/459] VPCS
[17:02:23] [189/459] RCSR
[17:02:24] [190/459] RJRM
[17:02:25] [191/459] KPPB
[17:02:26] [192/459] SEDC
[17:02:27] [193/459] SCAI
[17:02:28] [194/459] RMTR
[17:02:29] [195/459] ASST
[17:02:29] [196/459] GCAK
[17:02:30] [197/459] ANNK
[17:02:31] [198/459] KDDF
[17:02:32] [199/459] NRDP
[17:02:32] [200/459] PLAK
[17:02:33] [201/459] GCMC
[17:02:34] [202/459] ALPY
[17:02:35] [203/459] SICE
[17:02:37] [204/459] SISR
[17:02:38] [205/459] SRPZ
[17:02:39] [206/459] SRSW
[17:02:39] [207/459] SUYA
[17:02:40] [208/459] AMMT
[17:02:41] [209/459] BHCU
[17:02:42] [210/459] KLPA
[17:02:44] [211/459] NVKH
[17:02:45] [212/459] JMRC
[17:02:47] [213/459] KTTT
[17:02:47] [214/459] MAGH
[17:02:48] [215/459] MMMX
[17:02:49] [216/459] SALJ
[17:02:50] [217/459] GTJA
[17:02:51] [218/459] MAHT
[17:02:52] [219/459] SSNN
[17:02:53] [220/459] ARRP
[17:02:55] [221/459] ATNS
[17:02:56] [222/459] SKDT
[17:02:58] [223/459] ACAT
[17:02:59] [224/459] APRC
[17:02:59] [225/459] SWAG
[17:03:00] [226/459] SDPT
[17:03:01] [227/459] STPS
[17:03:02] [228/459] WWCZ
[17:03:03] [229/459] LLCH
[17:03:04] [230/459] MZHA
[17:03:04] [231/459] CRJG
[17:03:06] [232/459] JGTK
[17:03:07] [233/459] KCSR
[17:03:08] [234/459] CHTL
[17:03:09] [235/459] EDSR
[17:03:10] [236/459] CSWO
[17:03:10] [237/459] CPVM
[17:03:11] [238/459] MXBY
[17:03:12] [239/459] FMMA
[17:03:13] [240/459] POVI
[17:03:14] [241/459] MTHB
[17:03:15] [242/459] INRC
[17:03:16] [243/459] PIPP
[17:03:17] [244/459] BMXC
[17:03:18] [245/459] PCMM
[17:03:19] [246/459] PMKM
[17:03:19] [247/459] GATY
[17:03:20] [248/459] IMCM
[17:03:21] [249/459] POPE
[17:03:22] [250/459] MTCR
[17:03:23] [251/459] PVAE
[17:03:24] [252/459] PVMI
[17:03:24] [253/459] CPNM
[17:03:25] [254/459] FMRL
[17:03:26] [255/459] MCIW
[17:03:27] [256/459] MXBO
[17:03:28] [257/459] FMKY
[17:03:29] [258/459] FMDA
[17:03:30] [259/459] THAB
[17:03:31] [260/459] PRCW
[17:03:32] [261/459] PITI
[17:03:33] [262/459] MCFF
[17:03:33] [263/459] PDDV
[17:03:34] [264/459] MCRM
[17:03:35] [265/459] KKMB
[17:03:36] [266/459] INKO
[17:03:36] [267/459] PLXP
[17:03:37] [268/459] MMHA
[17:03:39] [269/459] FMVS
[17:03:40] [270/459] POLM
[17:03:41] [271/459] STER
[17:03:42] [272/459] PVWJ
[17:03:42] [273/459] IMJW
[17:03:43] [274/459] FNAN
[17:03:44] [275/459] CAGL
[17:03:45] [276/459] IPBG
[17:03:46] [277/459] SMFV
[17:03:48] [278/459] MMMR
[17:03:49] [279/459] MMWM
[17:03:50] [280/459] FNCM
[17:03:51] [281/459] MDVA
[17:03:52] [282/459] MMET
[17:03:53] [283/459] MIDO
[17:03:54] [284/459] INNP
[17:03:54] [285/459] MIFU
[17:03:55] [286/459] MMSZ
[17:03:56] [287/459] BMXA
[17:03:57] [288/459] MCAA
[17:03:58] [289/459] SCVP
[17:03:59] [290/459] PLUS
[17:04:00] [291/459] MUCK
[17:04:00] [292/459] MTMA
[17:04:01] [293/459] HPVR
[17:04:02] [294/459] PMPK
[17:04:04] [295/459] MAJB
[17:04:04] [296/459] CTRR
[17:04:05] [297/459] MCTG
[17:04:06] [298/459] MACE
[17:04:07] [299/459] AAAS
[17:04:08] [300/459] CPVV
[17:04:09] [301/459] RCHG
[17:04:10] [302/459] MCNE
[17:04:11] [303/459] EMNC
[17:04:11] [304/459] MCAN
[17:04:13] [305/459] TCDM
[17:04:14] [306/459] IRGT
[17:04:15] [307/459] GCMG
[17:04:16] [308/459] MXSN
[17:04:16] [309/459] MXCK
[17:04:17] [310/459] MCRC
[17:04:18] [311/459] RSMI
[17:04:19] [312/459] WAML
[17:04:20] [313/459] MTSC
[17:04:21] [314/459] FMDR
[17:04:22] [315/459] LEPV
[17:04:23] [316/459] MTGD
[17:04:25] [317/459] IMOB
[17:04:26] [318/459] CLMM
[17:04:27] [319/459] PZCD
[17:04:28] [320/459] GOCS
[17:04:28] [321/459] KCMA
[17:04:29] [322/459] CCMP
[17:04:31] [323/459] MTSU
[17:04:32] [324/459] SNGL
[17:04:33] [325/459] MMMC
[17:04:35] [326/459] MMAA
[17:04:35] [327/459] GCDM
[17:04:36] [328/459] KTMV
[17:04:37] [329/459] AETE
[17:04:38] [330/459] OMCS
[17:04:39] [331/459] GDCD
[17:04:39] [332/459] NYMD
[17:04:40] [333/459] RNCV
[17:04:41] [334/459] KKMT
[17:04:42] [335/459] GDTH
[17:04:43] [336/459] KMMV
[17:04:43] [337/459] NHCG
[17:04:45] [338/459] PJDW
[17:04:46] [339/459] MMCV
[17:04:47] [340/459] FQSA
[17:04:47] [341/459] KURL
[17:04:48] [342/459] NNNX
[17:04:49] [343/459] AMAU
[17:04:50] [344/459] VVVM
[17:04:51] [345/459] VECU
[17:04:52] [346/459] WCVR
[17:04:53] [347/459] MTGG
[17:04:54] [348/459] SGTG
[17:04:55] [349/459] MNTG
[17:04:56] [350/459] JDDG
[17:04:56] [351/459] MBTK
[17:04:57] [352/459] SGCD
[17:04:58] [353/459] MCTC
[17:04:59] [354/459] JTPC
[17:04:59] [355/459] SDKT
[17:05:00] [356/459] KRCC
[17:05:01] [357/459] RMMD
[17:05:02] [358/459] AAME
[17:05:03] [359/459] TMWC
[17:05:04] [360/459] NRWY
[17:05:05] [361/459] CITD
[17:05:06] [362/459] VERD
[17:05:06] [363/459] MKSK
[17:05:07] [364/459] STSM
[17:05:08] [365/459] MJDG
[17:05:09] [366/459] RKPM
[17:05:10] [367/459] SSCE
[17:05:10] [368/459] VMAE
[17:05:11] [369/459] SBRU
[17:05:12] [370/459] AMBC
[17:05:13] [371/459] AMLU
[17:05:13] [372/459] INVZ
[17:05:14] [373/459] LGTV
[17:05:15] [374/459] SVAD
[17:05:16] [375/459] SMSA
[17:05:17] [376/459] SPCZ
[17:05:17] [377/459] GTCX
[17:05:18] [378/459] SCSL
[17:05:19] [379/459] SAHU
[17:05:20] [380/459] NCDA
[17:05:21] [381/459] SCCG
[17:05:22] [382/459] VKTL
[17:05:23] [383/459] PUUJ
[17:05:24] [384/459] STEJ
[17:05:25] [385/459] RJAL
[17:05:26] [386/459] ACJC
[17:05:27] [387/459] VTHC
[17:05:28] [388/459] ARVB
[17:05:29] [389/459] AUBB
[17:05:29] [390/459] GDBR
[17:05:30] [391/459] PVND
[17:05:32] [392/459] BGRJ
[17:05:34] [393/459] RJMM
[17:05:34] [394/459] MCSA
[17:05:35] [395/459] BODA
[17:05:36] [396/459] JAGG
[17:05:38] [397/459] SCGA
[17:05:39] [398/459] LRCM
[17:05:39] [399/459] CPCN
[17:05:40] [400/459] SSTF
[17:05:41] [401/459] SRXP
[17:05:42] [402/459] CNFX
[17:05:43] [403/459] ANDI
[17:05:44] [404/459] SYEW
[17:05:45] [405/459] RCRE
[17:05:46] [406/459] SCRW
[17:05:47] [407/459] MBKR
[17:05:47] [408/459] ASNT
[17:05:48] [409/459] JTMT
[17:05:49] [410/459] SHAY
[17:05:50] [411/459] VRTH
[17:05:52] [412/459] SPTI
[17:05:52] [413/459] DPTD
[17:05:53] [414/459] TGSN
[17:05:54] [415/459] RCWV
[17:05:55] [416/459] OCUR
[17:05:56] [417/459] KSTC
[17:05:57] [418/459] SANI
[17:05:58] [419/459] MLCA
[17:06:00] [420/459] EGCA
[17:06:00] [421/459] SYSN
[17:06:01] [422/459] PKTA
[17:06:02] [423/459] PRCC
[17:06:04] [424/459] KSTR
[17:06:05] [425/459] SNTP
[17:06:06] [426/459] RCHA
[17:06:06] [427/459] SEEA
[17:06:07] [428/459] ALAT
[17:06:08] [429/459] AATV
[17:06:10] [430/459] RJTE
[17:06:11] [431/459] AAPP
[17:06:11] [432/459] PMMH
[17:06:12] [433/459] INRJ
[17:06:13] [434/459] SARB
[17:06:14] [435/459] PCJL
[17:06:15] [436/459] PFJJ
[17:06:16] [437/459] GRDC
[17:06:17] [438/459] BCBA
[17:06:17] [439/459] VIXL
[17:06:18] [440/459] CSTL
[17:06:19] [441/459] MTDK
[17:06:20] [442/459] TDAC
[17:06:21] [443/459] GTDN
[17:06:22] [444/459] TTDE
[17:06:22] [445/459] ASTS
[17:06:23] [446/459] CPNS
[17:06:25] [447/459] PVVW
[17:06:26] [448/459] USEB
[17:06:27] [449/459] DTYN
[17:06:27] [450/459] PVLE
[17:06:28] [451/459] CIPS
[17:06:29] [452/459] PAEG
[17:06:30] [453/459] PTCW
[17:06:31] [454/459] G3SR
[17:06:32] [455/459] PGND
[17:06:34] [456/459] INVM
[17:06:34] [457/459] SPIA
[17:06:35] [458/459] PCSN
[17:06:36] [459/459] PPGV
[17:06:37] 🧹 Deduping shows
[17:06:37] ✅ DONE | Shows=42 | Movies=10
[04:58:30] 🚀 SCRIPT STARTED
[04:58:30] [1/459] FNDB
[04:58:30] 🧠 New identity created
[04:58:32] [2/459] AMBH
[04:58:32] [3/459] PRHN
[04:58:33] [4/459] ACPM
[04:58:34] [5/459] PVFS
[04:58:36] [6/459] AACN
[04:58:36] [7/459] ACAS
[04:58:38] [8/459] CTNR
[04:58:39] [9/459] MMAH
[04:58:40] [10/459] CPMH
[04:58:40] [11/459] IGMH
[04:58:41] [12/459] ABCS
[04:58:42] [13/459] CMMA
[04:58:43] [14/459] GPRH
[04:58:44] [15/459] PNNG
[04:58:45] [16/459] AMCA
[04:58:46] [17/459] ISTN
[04:58:47] [18/459] PIIC
[04:58:47] [19/459] AHMH
[04:58:48] [20/459] ASHN
[04:58:49] [21/459] INHY
[04:58:50] [22/459] SRMO
[04:58:52] [23/459] PIMH
[04:58:53] [24/459] PVTS
[04:58:54] [25/459] MMCA
[04:58:55] [26/459] AKYJ
[04:58:56] [27/459] BRKH
[04:58:56] [28/459] MAHM
[04:58:57] [29/459] CPHY
[04:58:58] [30/459] PVTP
[04:59:00] [31/459] SMMR
[04:59:01] [32/459] PVHM
[04:59:02] [33/459] SNDY
[04:59:03] [34/459] GOKU
[04:59:04] [35/459] ACEV
[04:59:05] [36/459] PVUM
[04:59:07] [37/459] VSWA
[04:59:08] [38/459] IPRS
[04:59:10] [39/459] ASGN
[04:59:10] [40/459] BKMV
[04:59:11] [41/459] PVYH
[04:59:12] [42/459] INKM
[04:59:13] [43/459] ARJU
[04:59:14] [44/459] JJPP
[04:59:14] [45/459] SSRM
[04:59:15] [46/459] HMHD
[04:59:16] [47/459] SNKH
[04:59:18] [48/459] ACHI
[04:59:18] [49/459] MRAA
[04:59:19] [50/459] INMH
[04:59:20] [51/459] ARMH
[04:59:21] [52/459] DVRR
[04:59:22] [53/459] SUDA
[04:59:22] [54/459] MCSS
[04:59:23] [55/459] VRKC
[04:59:25] [56/459] PRCX
[04:59:27] [57/459] ASJY
[04:59:28] [58/459] MTHY
[04:59:29] [59/459] SRCM
[04:59:29] [60/459] TVHY
[04:59:30] [61/459] STHD
[04:59:31] [62/459] CPCL
[04:59:32] [63/459] PSMJ
[04:59:33] [64/459] MRGT
[04:59:35] [65/459] ARYH
[04:59:36] [66/459] VTRB
[04:59:36] [67/459] SCHC
[04:59:37] [68/459] MRRG
[04:59:38] [69/459] SPCB
[04:59:40] [70/459] AMCM
[04:59:40] [71/459] IVNM
[04:59:42] [72/459] TRHY
[04:59:43] [73/459] PTTH
[04:59:44] [74/459] RKMH
[04:59:45] [75/459] PRCS
[04:59:46] [76/459] VAJA
[04:59:47] [77/459] BJNG
[04:59:48] [78/459] SCVM
[04:59:48] [79/459] GNHB
[04:59:50] [80/459] TLUR
[04:59:52] [81/459] UKCC
[04:59:52] [82/459] SRKR
[04:59:53] [83/459] RMKN
[04:59:54] [84/459] SLRT
[04:59:55] [85/459] LKMT
[04:59:57] [86/459] SSRJ
[04:59:58] [87/459] SPHT
[04:59:59] [88/459] ANTT
[05:00:00] [89/459] SRCH
[05:00:01] [90/459] SRCA
[05:00:02] [91/459] ARTH
[05:00:03] [92/459] MCBH
[05:00:04] [93/459] SNIB
[05:00:05] [94/459] SART
[05:00:07] [95/459] SKTA
[05:00:08] [96/459] YAKT
[05:00:09] [97/459] MLCK
[05:00:10] [98/459] ANTS
[05:00:11] [99/459] DGCA
[05:00:11] [100/459] SGMP
[05:00:13] [101/459] ASWN
[05:00:14] [102/459] KFVU
[05:00:15] [103/459] POOR
[05:00:16] [104/459] GKDN
[05:00:17] [105/459] EOSE
[05:00:17] [106/459] GTTT
[05:00:18] [107/459] ARRO
[05:00:20] [108/459] CMMK
[05:00:21] [109/459] MSCN
[05:00:21] [110/459] GDKH
[05:00:22] [111/459] DLMT
[05:00:23] [112/459] PVMF
[05:00:24] [113/459] CPCK
[05:00:25] [114/459] VMHE
[05:00:26] [115/459] PVLC
[05:00:27] [116/459] PCVB
[05:00:28] [117/459] SNYK
[05:00:29] [118/459] KTEK
[05:00:30] [119/459] PCNM
[05:00:31] [120/459] NTTR
[05:00:32] [121/459] CPSK
[05:00:33] [122/459] JMMA
[05:00:33] [123/459] GCFK
[05:00:34] [124/459] MYCA
[05:00:35] [125/459] KSNP
[05:00:36] [126/459] PMCE
[05:00:37] [127/459] SCKI
[05:00:38] [128/459] FSMA
[05:00:39] [129/459] CETA
[05:00:40] [130/459] MCIK
[05:00:41] [131/459] MYCR
[05:00:42] [132/459] EVMP
[05:00:43] [133/459] SSGT
[05:00:44] [134/459] KCTK
[05:00:45] [135/459] ZTKC
[05:00:46] [136/459] MMTA
[05:00:47] [137/459] MAJT
[05:00:48] [138/459] ACPK
[05:00:49] [139/459] JMAX
[05:00:50] [140/459] SETK
[05:00:52] [141/459] CAIS
[05:00:53] [142/459] AGCD
[05:00:54] [143/459] URCL
[05:00:54] [144/459] VTDS
[05:00:55] [145/459] JCNM
[05:00:56] [146/459] KCAM
[05:00:58] [147/459] ADCU
[05:00:58] [148/459] GXYN
[05:00:59] [149/459] SMJG
[05:01:00] [150/459] EYCJ
[05:01:02] [151/459] CCEJ
[05:01:04] [152/459] MARS
[05:01:05] [153/459] CPVJ
[05:01:06] [154/459] INVP
[05:01:07] [155/459] CPOV
[05:01:07] [156/459] VIJK
[05:01:09] [157/459] LAIM
[05:01:10] [158/459] STHV
[05:01:10] [159/459] SVLJ
[05:01:11] [160/459] ATVJ
[05:01:12] [161/459] JTSC
[05:01:13] [162/459] RMTV
[05:01:14] [163/459] MGGG
[05:01:15] [164/459] SWTH
[05:01:16] [165/459] INVJ
[05:01:17] [166/459] PRSV
[05:01:18] [167/459] JATV
[05:01:20] [168/459] RCVD
[05:01:21] [169/459] BDMA
[05:01:22] [170/459] BLJI
[05:01:23] [171/459] SWOT
[05:01:24] [172/459] SWRN
[05:01:25] [173/459] TVRA
[05:01:25] [174/459] VCSV
[05:01:26] [175/459] NVRN
[05:01:27] [176/459] SIKC
[05:01:28] [177/459] VAKR
[05:01:29] [178/459] SYLN
[05:01:31] [179/459] KLJL
[05:01:31] [180/459] LKMY
[05:01:32] [181/459] VSLY
[05:01:33] [182/459] CIKO
[05:01:34] [183/459] GPBG
[05:01:35] [184/459] CECM
[05:01:36] [185/459] SLKB
[05:01:37] [186/459] MTBO
[05:01:38] [187/459] SSHB
[05:01:38] [188/459] VPCS
[05:01:39] [189/459] RCSR
[05:01:40] [190/459] RJRM
[05:01:41] [191/459] KPPB
[05:01:42] [192/459] SEDC
[05:01:43] [193/459] SCAI
[05:01:44] [194/459] RMTR
[05:01:45] [195/459] ASST
[05:01:46] [196/459] GCAK
[05:01:47] [197/459] ANNK
[05:01:48] [198/459] KDDF
[05:01:49] [199/459] NRDP
[05:01:50] [200/459] PLAK
[05:01:51] [201/459] GCMC
[05:01:52] [202/459] ALPY
[05:01:53] [203/459] SICE
[05:01:54] [204/459] SISR
[05:01:54] [205/459] SRPZ
[05:01:55] [206/459] SRSW
[05:01:56] [207/459] SUYA
[05:01:57] [208/459] AMMT
[05:01:59] [209/459] BHCU
[05:02:00] [210/459] KLPA
[05:02:01] [211/459] NVKH
[05:02:01] [212/459] JMRC
[05:02:03] [213/459] KTTT
[05:02:03] [214/459] MAGH
[05:02:04] [215/459] MMMX
[05:02:06] [216/459] SALJ
[05:02:07] [217/459] GTJA
[05:02:08] [218/459] MAHT
[05:02:09] [219/459] SSNN
[05:02:10] [220/459] ARRP
[05:02:11] [221/459] ATNS
[05:02:13] [222/459] SKDT
[05:02:14] [223/459] ACAT
[05:02:15] [224/459] APRC
[05:02:16] [225/459] SWAG
[05:02:17] [226/459] SDPT
[05:02:18] [227/459] STPS
[05:02:19] [228/459] WWCZ
[05:02:20] [229/459] LLCH
[05:02:21] [230/459] MZHA
[05:02:22] [231/459] CRJG
[05:02:24] [232/459] JGTK
[05:02:25] [233/459] KCSR
[05:02:25] [234/459] CHTL
[05:02:26] [235/459] EDSR
[05:02:27] [236/459] CSWO
[05:02:28] [237/459] CPVM
[05:02:28] [238/459] MXBY
[05:02:29] [239/459] FMMA
[05:02:30] [240/459] POVI
[05:02:31] [241/459] MTHB
[05:02:32] [242/459] INRC
[05:02:33] [243/459] PIPP
[05:02:34] [244/459] BMXC
[05:02:35] [245/459] PCMM
[05:02:35] [246/459] PMKM
[05:02:37] [247/459] GATY
[05:02:38] [248/459] IMCM
[05:02:39] [249/459] POPE
[05:02:40] [250/459] MTCR
[05:02:41] [251/459] PVAE
[05:02:42] [252/459] PVMI
[05:02:42] [253/459] CPNM
[05:02:43] [254/459] FMRL
[05:02:44] [255/459] MCIW
[05:02:45] [256/459] MXBO
[05:02:46] [257/459] FMKY
[05:02:48] [258/459] FMDA
[05:02:49] [259/459] THAB
[05:02:50] [260/459] PRCW
[05:02:50] [261/459] PITI
[05:02:52] [262/459] MCFF
[05:02:53] [263/459] PDDV
[05:02:54] [264/459] MCRM
[05:02:55] [265/459] KKMB
[05:02:55] [266/459] INKO
[05:02:56] [267/459] PLXP
[05:02:57] [268/459] MMHA
[05:02:59] [269/459] FMVS
[05:03:00] [270/459] POLM
[05:03:01] [271/459] STER
[05:03:01] [272/459] PVWJ
[05:03:02] [273/459] IMJW
[05:03:03] [274/459] FNAN
[05:03:05] [275/459] CAGL
[05:03:06] [276/459] IPBG
[05:03:06] [277/459] SMFV
[05:03:08] [278/459] MMMR
[05:03:09] [279/459] MMWM
[05:03:10] [280/459] FNCM
[05:03:11] [281/459] MDVA
[05:03:12] [282/459] MMET
[05:03:13] [283/459] MIDO
[05:03:14] [284/459] INNP
[05:03:15] [285/459] MIFU
[05:03:16] [286/459] MMSZ
[05:03:17] [287/459] BMXA
[05:03:19] [288/459] MCAA
[05:03:20] [289/459] SCVP
[05:03:21] [290/459] PLUS
[05:03:22] [291/459] MUCK
[05:03:23] [292/459] MTMA
[05:03:23] [293/459] HPVR
[05:03:25] [294/459] PMPK
[05:03:26] [295/459] MAJB
[05:03:27] [296/459] CTRR
[05:03:28] [297/459] MCTG
[05:03:29] [298/459] MACE
[05:03:30] [299/459] AAAS
[05:03:31] [300/459] CPVV
[05:03:32] [301/459] RCHG
[05:03:33] [302/459] MCNE
[05:03:33] [303/459] EMNC
[05:03:34] [304/459] MCAN
[05:03:36] [305/459] TCDM
[05:03:37] [306/459] IRGT
[05:03:37] [307/459] GCMG
[05:03:38] [308/459] MXSN
[05:03:39] [309/459] MXCK
[05:03:41] [310/459] MCRC
[05:03:42] [311/459] RSMI
[05:03:42] [312/459] WAML
[05:03:43] [313/459] MTSC
[05:03:44] [314/459] FMDR
[05:03:45] [315/459] LEPV
[05:03:46] [316/459] MTGD
[05:03:48] [317/459] IMOB
[05:03:49] [318/459] CLMM
[05:03:50] [319/459] PZCD
[05:03:52] [320/459] GOCS
[05:03:53] [321/459] KCMA
[05:03:54] [322/459] CCMP
[05:03:55] [323/459] MTSU
[05:03:56] [324/459] SNGL
[05:03:57] [325/459] MMMC
[05:03:58] [326/459] MMAA
[05:03:59] [327/459] GCDM
[05:04:00] [328/459] KTMV
[05:04:01] [329/459] AETE
[05:04:02] [330/459] OMCS
[05:04:03] [331/459] GDCD
[05:04:05] [332/459] NYMD
[05:04:06] [333/459] RNCV
[05:04:07] [334/459] KKMT
[05:04:08] [335/459] GDTH
[05:04:09] [336/459] KMMV
[05:04:10] [337/459] NHCG
[05:04:11] [338/459] PJDW
[05:04:12] [339/459] MMCV
[05:04:14] [340/459] FQSA
[05:04:15] [341/459] KURL
[05:04:16] [342/459] NNNX
[05:04:18] [343/459] AMAU
[05:04:19] [344/459] VVVM
[05:04:19] [345/459] VECU
[05:04:20] [346/459] WCVR
[05:04:21] [347/459] MTGG
[05:04:22] [348/459] SGTG
[05:04:23] [349/459] MNTG
[05:04:24] [350/459] JDDG
[05:04:24] [351/459] MBTK
[05:04:26] [352/459] SGCD
[05:04:28] [353/459] MCTC
[05:04:29] [354/459] JTPC
[05:04:30] [355/459] SDKT
[05:04:30] [356/459] KRCC
[05:04:31] [357/459] RMMD
[05:04:32] [358/459] AAME
[05:04:33] [359/459] TMWC
[05:04:34] [360/459] NRWY
[05:04:35] [361/459] CITD
[05:04:36] [362/459] VERD
[05:04:37] [363/459] MKSK
[05:04:38] [364/459] STSM
[05:04:38] [365/459] MJDG
[05:04:39] [366/459] RKPM
[05:04:41] [367/459] SSCE
[05:04:42] [368/459] VMAE
[05:04:43] [369/459] SBRU
[05:04:44] [370/459] AMBC
[05:04:44] [371/459] AMLU
[05:04:45] [372/459] INVZ
[05:04:46] [373/459] LGTV
[05:04:48] [374/459] SVAD
[05:04:48] [375/459] SMSA
[05:04:49] [376/459] SPCZ
[05:04:50] [377/459] GTCX
[05:04:51] [378/459] SCSL
[05:04:52] [379/459] SAHU
[05:04:53] [380/459] NCDA
[05:04:54] [381/459] SCCG
[05:04:55] [382/459] VKTL
[05:04:56] [383/459] PUUJ
[05:04:57] [384/459] STEJ
[05:04:58] [385/459] RJAL
[05:05:00] [386/459] ACJC
[05:05:01] [387/459] VTHC
[05:05:02] [388/459] ARVB
[05:05:03] [389/459] AUBB
[05:05:05] [390/459] GDBR
[05:05:05] [391/459] PVND
[05:05:06] [392/459] BGRJ
[05:05:07] [393/459] RJMM
[05:05:08] [394/459] MCSA
[05:05:09] [395/459] BODA
[05:05:10] [396/459] JAGG
[05:05:11] [397/459] SCGA
[05:05:12] [398/459] LRCM
[05:05:13] [399/459] CPCN
[05:05:14] [400/459] SSTF
[05:05:15] [401/459] SRXP
[05:05:16] [402/459] CNFX
[05:05:16] [403/459] ANDI
[05:05:17] [404/459] SYEW
[05:05:18] [405/459] RCRE
[05:05:19] [406/459] SCRW
[05:05:20] [407/459] MBKR
[05:05:21] [408/459] ASNT
[05:05:22] [409/459] JTMT
[05:05:23] [410/459] SHAY
[05:05:25] [411/459] VRTH
[05:05:27] [412/459] SPTI
[05:05:28] [413/459] DPTD
[05:05:30] [414/459] TGSN
[05:05:31] [415/459] RCWV
[05:05:31] [416/459] OCUR
[05:05:32] [417/459] KSTC
[05:05:34] [418/459] SANI
[05:05:36] [419/459] MLCA
[05:05:37] [420/459] EGCA
[05:05:38] [421/459] SYSN
[05:05:39] [422/459] PKTA
[05:05:39] [423/459] PRCC
[05:05:41] [424/459] KSTR
[05:05:42] [425/459] SNTP
[05:05:43] [426/459] RCHA
[05:05:44] [427/459] SEEA
[05:05:45] [428/459] ALAT
[05:05:46] [429/459] AATV
[05:05:46] [430/459] RJTE
[05:05:47] [431/459] AAPP
[05:05:48] [432/459] PMMH
[05:05:49] [433/459] INRJ
[05:05:51] [434/459] SARB
[05:05:52] [435/459] PCJL
[05:05:52] [436/459] PFJJ
[05:05:53] [437/459] GRDC
[05:05:54] [438/459] BCBA
[05:05:55] [439/459] VIXL
[05:05:56] [440/459] CSTL
[05:05:56] [441/459] MTDK
[05:05:58] [442/459] TDAC
[05:05:59] [443/459] GTDN
[05:06:00] [444/459] TTDE
[05:06:01] [445/459] ASTS
[05:06:02] [446/459] CPNS
[05:06:03] [447/459] PVVW
[05:06:03] [448/459] USEB
[05:06:04] [449/459] DTYN
[05:06:05] [450/459] PVLE
[05:06:07] [451/459] CIPS
[05:06:08] [452/459] PAEG
[05:06:08] [453/459] PTCW
[05:06:09] [454/459] G3SR
[05:06:10] [455/459] PGND
[05:06:11] [456/459] INVM
[05:06:12] [457/459] SPIA
[05:06:14] [458/459] PCSN
[05:06:15] [459/459] PPGV
[05:06:15] 🧹 Deduping shows
[05:06:15] ✅ DONE | Shows=435 | Movies=17
[07:49:05] 🚀 SCRIPT STARTED
[07:49:05] [1/459] FNDB
[07:49:05] 🧠 New identity created
[07:49:06] [2/459] AMBH
[07:49:07] [3/459] PRHN
[07:49:08] [4/459] ACPM
[07:49:09] [5/459] PVFS
[07:49:09] [6/459] AACN
[07:49:10] [7/459] ACAS
[07:49:11] [8/459] CTNR
[07:49:12] [9/459] MMAH
[07:49:13] [10/459] CPMH
[07:49:13] [11/459] IGMH
[07:49:14] [12/459] ABCS
[07:49:15] [13/459] CMMA
[07:49:16] [14/459] GPRH
[07:49:17] [15/459] PNNG
[07:49:18] [16/459] AMCA
[07:49:19] [17/459] ISTN
[07:49:21] [18/459] PIIC
[07:49:21] [19/459] AHMH
[07:49:22] [20/459] ASHN
[07:49:23] [21/459] INHY
[07:49:24] [22/459] SRMO
[07:49:25] [23/459] PIMH
[07:49:25] [24/459] PVTS
[07:49:26] [25/459] MMCA
[07:49:27] [26/459] AKYJ
[07:49:28] [27/459] BRKH
[07:49:29] [28/459] MAHM
[07:49:29] [29/459] CPHY
[07:49:30] [30/459] PVTP
[07:49:32] [31/459] SMMR
[07:49:34] [32/459] PVHM
[07:49:34] [33/459] SNDY
[07:49:35] [34/459] GOKU
[07:49:36] [35/459] ACEV
[07:49:37] [36/459] PVUM
[07:49:38] [37/459] VSWA
[07:49:39] [38/459] IPRS
[07:49:40] [39/459] ASGN
[07:49:40] [40/459] BKMV
[07:49:41] [41/459] PVYH
[07:49:42] [42/459] INKM
[07:49:43] [43/459] ARJU
[07:49:43] [44/459] JJPP
[07:49:44] [45/459] SSRM
[07:49:46] [46/459] HMHD
[07:49:46] [47/459] SNKH
[07:49:48] [48/459] ACHI
[07:49:49] [49/459] MRAA
[07:49:50] [50/459] INMH
[07:49:50] [51/459] ARMH
[07:49:51] [52/459] DVRR
[07:49:52] [53/459] SUDA
[07:49:54] [54/459] MCSS
[07:49:55] [55/459] VRKC
[07:49:55] [56/459] PRCX
[07:49:56] [57/459] ASJY
[07:49:58] [58/459] MTHY
[07:49:59] [59/459] SRCM
[07:50:00] [60/459] TVHY
[07:50:00] [61/459] STHD
[07:50:02] [62/459] CPCL
[07:50:03] [63/459] PSMJ
[07:50:04] [64/459] MRGT
[07:50:05] [65/459] ARYH
[07:50:06] [66/459] VTRB
[07:50:07] [67/459] SCHC
[07:50:08] [68/459] MRRG
[07:50:08] [69/459] SPCB
[07:50:10] [70/459] AMCM
[07:50:11] [71/459] IVNM
[07:50:13] [72/459] TRHY
[07:50:13] [73/459] PTTH
[07:50:14] [74/459] RKMH
[07:50:15] [75/459] PRCS
[07:50:16] [76/459] VAJA
[07:50:16] [77/459] BJNG
[07:50:17] [78/459] SCVM
[07:50:18] [79/459] GNHB
[07:50:19] [80/459] TLUR
[07:50:19] [81/459] UKCC
[07:50:20] [82/459] SRKR
[07:50:21] [83/459] RMKN
[07:50:22] [84/459] SLRT
[07:50:23] [85/459] LKMT
[07:50:24] [86/459] SSRJ
[07:50:25] [87/459] SPHT
[07:50:26] [88/459] ANTT
[07:50:27] [89/459] SRCH
[07:50:28] [90/459] SRCA
[07:50:28] [91/459] ARTH
[07:50:29] [92/459] MCBH
[07:50:30] [93/459] SNIB
[07:50:31] [94/459] SART
[07:50:31] [95/459] SKTA
[07:50:32] [96/459] YAKT
[07:50:33] [97/459] MLCK
[07:50:34] [98/459] ANTS
[07:50:35] [99/459] DGCA
[07:50:35] [100/459] SGMP
[07:50:36] [101/459] ASWN
[07:50:37] [102/459] KFVU
[07:50:38] [103/459] POOR
[07:50:39] [104/459] GKDN
[07:50:40] [105/459] EOSE
[07:50:40] [106/459] GTTT
[07:50:41] [107/459] ARRO
[07:50:43] [108/459] CMMK
[07:50:44] [109/459] MSCN
[07:50:45] [110/459] GDKH
[07:50:45] [111/459] DLMT
[07:50:46] [112/459] PVMF
[07:50:47] [113/459] CPCK
[07:50:48] [114/459] VMHE
[07:50:49] [115/459] PVLC
[07:50:50] [116/459] PCVB
[07:50:50] [117/459] SNYK
[07:50:52] [118/459] KTEK
[07:50:53] [119/459] PCNM
[07:50:53] [120/459] NTTR
[07:50:54] [121/459] CPSK
[07:50:55] [122/459] JMMA
[07:50:56] [123/459] GCFK
[07:50:57] [124/459] MYCA
[07:50:58] [125/459] KSNP
[07:51:00] [126/459] PMCE
[07:51:02] [127/459] SCKI
[07:51:03] [128/459] FSMA
[07:51:03] [129/459] CETA
[07:51:04] [130/459] MCIK
[07:51:05] [131/459] MYCR
[07:51:06] [132/459] EVMP
[07:51:07] [133/459] SSGT
[07:51:08] [134/459] KCTK
[07:51:09] [135/459] ZTKC
[07:51:10] [136/459] MMTA
[07:51:11] [137/459] MAJT
[07:51:12] [138/459] ACPK
[07:51:13] [139/459] JMAX
[07:51:14] [140/459] SETK
[07:51:15] [141/459] CAIS
[07:51:16] [142/459] AGCD
[07:51:17] [143/459] URCL
[07:51:17] [144/459] VTDS
[07:51:18] [145/459] JCNM
[07:51:20] [146/459] KCAM
[07:51:21] [147/459] ADCU
[07:51:22] [148/459] GXYN
[07:51:23] [149/459] SMJG
[07:51:25] [150/459] EYCJ
[07:51:26] [151/459] CCEJ
[07:51:27] [152/459] MARS
[07:51:27] [153/459] CPVJ
[07:51:28] [154/459] INVP
[07:51:30] [155/459] CPOV
[07:51:31] [156/459] VIJK
[07:51:31] [157/459] LAIM
[07:51:32] [158/459] STHV
[07:51:33] [159/459] SVLJ
[07:51:35] [160/459] ATVJ
[07:51:35] [161/459] JTSC
[07:51:36] [162/459] RMTV
[07:51:37] [163/459] MGGG
[07:51:39] [164/459] SWTH
[07:51:40] [165/459] INVJ
[07:51:41] [166/459] PRSV
[07:51:42] [167/459] JATV
[07:51:44] [168/459] RCVD
[07:51:45] [169/459] BDMA
[07:51:45] [170/459] BLJI
[07:51:46] [171/459] SWOT
[07:51:47] [172/459] SWRN
[07:51:48] [173/459] TVRA
[07:51:49] [174/459] VCSV
[07:51:49] [175/459] NVRN
[07:51:50] [176/459] SIKC
[07:51:51] [177/459] VAKR
[07:51:52] [178/459] SYLN
[07:51:53] [179/459] KLJL
[07:51:55] [180/459] LKMY
[07:51:56] [181/459] VSLY
[07:51:57] [182/459] CIKO
[07:51:57] [183/459] GPBG
[07:51:58] [184/459] CECM
[07:51:59] [185/459] SLKB
[07:52:00] [186/459] MTBO
[07:52:01] [187/459] SSHB
[07:52:02] [188/459] VPCS
[07:52:03] [189/459] RCSR
[07:52:04] [190/459] RJRM
[07:52:05] [191/459] KPPB
[07:52:06] [192/459] SEDC
[07:52:07] [193/459] SCAI
[07:52:08] [194/459] RMTR
[07:52:10] [195/459] ASST
[07:52:10] [196/459] GCAK
[07:52:11] [197/459] ANNK
[07:52:12] [198/459] KDDF
[07:52:13] [199/459] NRDP
[07:52:15] [200/459] PLAK
[07:52:16] [201/459] GCMC
[07:52:17] [202/459] ALPY
[07:52:19] [203/459] SICE
[07:52:19] [204/459] SISR
[07:52:21] [205/459] SRPZ
[07:52:22] [206/459] SRSW
[07:52:23] [207/459] SUYA
[07:52:24] [208/459] AMMT
[07:52:24] [209/459] BHCU
[07:52:25] [210/459] KLPA
[07:52:26] [211/459] NVKH
[07:52:28] [212/459] JMRC
[07:52:28] [213/459] KTTT
[07:52:29] [214/459] MAGH
[07:52:30] [215/459] MMMX
[07:52:32] [216/459] SALJ
[07:52:32] [217/459] GTJA
[07:52:33] [218/459] MAHT
[07:52:34] [219/459] SSNN
[07:52:35] [220/459] ARRP
[07:52:36] [221/459] ATNS
[07:52:37] [222/459] SKDT
[07:52:38] [223/459] ACAT
[07:52:39] [224/459] APRC
[07:52:41] [225/459] SWAG
[07:52:42] [226/459] SDPT
[07:52:43] [227/459] STPS
[07:52:43] [228/459] WWCZ
[07:52:45] [229/459] LLCH
[07:52:46] [230/459] MZHA
[07:52:47] [231/459] CRJG
[07:52:49] [232/459] JGTK
[07:52:51] [233/459] KCSR
[07:52:52] [234/459] CHTL
[07:52:53] [235/459] EDSR
[07:52:55] [236/459] CSWO
[07:52:55] [237/459] CPVM
[07:52:56] [238/459] MXBY
[07:52:57] [239/459] FMMA
[07:52:58] [240/459] POVI
[07:52:59] [241/459] MTHB
[07:53:00] [242/459] INRC
[07:53:01] [243/459] PIPP
[07:53:02] [244/459] BMXC
[07:53:03] [245/459] PCMM
[07:53:04] [246/459] PMKM
[07:53:05] [247/459] GATY
[07:53:05] [248/459] IMCM
[07:53:07] [249/459] POPE
[07:53:08] [250/459] MTCR
[07:53:09] [251/459] PVAE
[07:53:09] [252/459] PVMI
[07:53:10] [253/459] CPNM
[07:53:11] [254/459] FMRL
[07:53:12] [255/459] MCIW
[07:53:13] [256/459] MXBO
[07:53:14] [257/459] FMKY
[07:53:14] [258/459] FMDA
[07:53:15] [259/459] THAB
[07:53:16] [260/459] PRCW
[07:53:17] [261/459] PITI
[07:53:18] [262/459] MCFF
[07:53:19] [263/459] PDDV
[07:53:19] [264/459] MCRM
[07:53:20] [265/459] KKMB
[07:53:21] [266/459] INKO
[07:53:22] [267/459] PLXP
[07:53:22] [268/459] MMHA
[07:53:23] [269/459] FMVS
[07:53:25] [270/459] POLM
[07:53:26] [271/459] STER
[07:53:27] [272/459] PVWJ
[07:53:27] [273/459] IMJW
[07:53:28] [274/459] FNAN
[07:53:29] [275/459] CAGL
[07:53:30] [276/459] IPBG
[07:53:31] [277/459] SMFV
[07:53:32] [278/459] MMMR
[07:53:33] [279/459] MMWM
[07:53:34] [280/459] FNCM
[07:53:34] [281/459] MDVA
[07:53:35] [282/459] MMET
[07:53:36] [283/459] MIDO
[07:53:37] [284/459] INNP
[07:53:38] [285/459] MIFU
[07:53:39] [286/459] MMSZ
[07:53:40] [287/459] BMXA
[07:53:41] [288/459] MCAA
[07:53:42] [289/459] SCVP
[07:53:44] [290/459] PLUS
[07:53:45] [291/459] MUCK
[07:53:46] [292/459] MTMA
[07:53:47] [293/459] HPVR
[07:53:49] [294/459] PMPK
[07:53:50] [295/459] MAJB
[07:53:51] [296/459] CTRR
[07:53:52] [297/459] MCTG
[07:53:53] [298/459] MACE
[07:53:53] [299/459] AAAS
[07:53:54] [300/459] CPVV
[07:53:55] [301/459] RCHG
[07:53:56] [302/459] MCNE
[07:53:57] [303/459] EMNC
[07:53:58] [304/459] MCAN
[07:53:59] [305/459] TCDM
[07:54:00] [306/459] IRGT
[07:54:01] [307/459] GCMG
[07:54:02] [308/459] MXSN
[07:54:02] [309/459] MXCK
[07:54:03] [310/459] MCRC
[07:54:04] [311/459] RSMI
[07:54:05] [312/459] WAML
[07:54:06] [313/459] MTSC
[07:54:06] [314/459] FMDR
[07:54:07] [315/459] LEPV
[07:54:08] [316/459] MTGD
[07:54:09] [317/459] IMOB
[07:54:10] [318/459] CLMM
[07:54:11] [319/459] PZCD
[07:54:12] [320/459] GOCS
[07:54:14] [321/459] KCMA
[07:54:14] [322/459] CCMP
[07:54:15] [323/459] MTSU
[07:54:16] [324/459] SNGL
[07:54:18] [325/459] MMMC
[07:54:19] [326/459] MMAA
[07:54:20] [327/459] GCDM
[07:54:21] [328/459] KTMV
[07:54:23] [329/459] AETE
[07:54:23] [330/459] OMCS
[07:54:24] [331/459] GDCD
[07:54:26] [332/459] NYMD
[07:54:27] [333/459] RNCV
[07:54:27] [334/459] KKMT
[07:54:28] [335/459] GDTH
[07:54:29] [336/459] KMMV
[07:54:30] [337/459] NHCG
[07:54:31] [338/459] PJDW
[07:54:32] [339/459] MMCV
[07:54:34] [340/459] FQSA
[07:54:35] [341/459] KURL
[07:54:36] [342/459] NNNX
[07:54:37] [343/459] AMAU
[07:54:38] [344/459] VVVM
[07:54:40] [345/459] VECU
[07:54:41] [346/459] WCVR
[07:54:41] [347/459] MTGG
[07:54:42] [348/459] SGTG
[07:54:43] [349/459] MNTG
[07:54:44] [350/459] JDDG
[07:54:45] [351/459] MBTK
[07:54:46] [352/459] SGCD
[07:54:47] [353/459] MCTC
[07:54:48] [354/459] JTPC
[07:54:49] [355/459] SDKT
[07:54:50] [356/459] KRCC
[07:54:52] [357/459] RMMD
[07:54:53] [358/459] AAME
[07:54:54] [359/459] TMWC
[07:54:54] [360/459] NRWY
[07:54:55] [361/459] CITD
[07:54:57] [362/459] VERD
[07:54:58] [363/459] MKSK
[07:55:00] [364/459] STSM
[07:55:00] [365/459] MJDG
[07:55:01] [366/459] RKPM
[07:55:02] [367/459] SSCE
[07:55:04] [368/459] VMAE
[07:55:05] [369/459] SBRU
[07:55:06] [370/459] AMBC
[07:55:07] [371/459] AMLU
[07:55:08] [372/459] INVZ
[07:55:08] [373/459] LGTV
[07:55:10] [374/459] SVAD
[07:55:11] [375/459] SMSA
[07:55:12] [376/459] SPCZ
[07:55:13] [377/459] GTCX
[07:55:14] [378/459] SCSL
[07:55:15] [379/459] SAHU
[07:55:16] [380/459] NCDA
[07:55:17] [381/459] SCCG
[07:55:18] [382/459] VKTL
[07:55:19] [383/459] PUUJ
[07:55:20] [384/459] STEJ
[07:55:22] [385/459] RJAL
[07:55:22] [386/459] ACJC
[07:55:23] [387/459] VTHC
[07:55:24] [388/459] ARVB
[07:55:25] [389/459] AUBB
[07:55:26] [390/459] GDBR
[07:55:27] [391/459] PVND
[07:55:27] [392/459] BGRJ
[07:55:28] [393/459] RJMM
[07:55:29] [394/459] MCSA
[07:55:30] [395/459] BODA
[07:55:31] [396/459] JAGG
[07:55:32] [397/459] SCGA
[07:55:33] [398/459] LRCM
[07:55:34] [399/459] CPCN
[07:55:34] [400/459] SSTF
[07:55:36] [401/459] SRXP
[07:55:37] [402/459] CNFX
[07:55:38] [403/459] ANDI
[07:55:39] [404/459] SYEW
[07:55:39] [405/459] RCRE
[07:55:40] [406/459] SCRW
[07:55:41] [407/459] MBKR
[07:55:42] [408/459] ASNT
[07:55:43] [409/459] JTMT
[07:55:44] [410/459] SHAY
[07:55:45] [411/459] VRTH
[07:55:47] [412/459] SPTI
[07:55:48] [413/459] DPTD
[07:55:49] [414/459] TGSN
[07:55:50] [415/459] RCWV
[07:55:51] [416/459] OCUR
[07:55:52] [417/459] KSTC
[07:55:53] [418/459] SANI
[07:55:54] [419/459] MLCA
[07:55:55] [420/459] EGCA
[07:55:56] [421/459] SYSN
[07:55:56] [422/459] PKTA
[07:55:57] [423/459] PRCC
[07:55:58] [424/459] KSTR
[07:55:59] [425/459] SNTP
[07:55:59] [426/459] RCHA
[07:56:00] [427/459] SEEA
[07:56:01] [428/459] ALAT
[07:56:02] [429/459] AATV
[07:56:03] [430/459] RJTE
[07:56:04] [431/459] AAPP
[07:56:05] [432/459] PMMH
[07:56:06] [433/459] INRJ
[07:56:08] [434/459] SARB
[07:56:09] [435/459] PCJL
[07:56:09] [436/459] PFJJ
[07:56:10] [437/459] GRDC
[07:56:11] [438/459] BCBA
[07:56:12] [439/459] VIXL
[07:56:13] [440/459] CSTL
[07:56:14] [441/459] MTDK
[07:56:16] [442/459] TDAC
[07:56:17] [443/459] GTDN
[07:56:18] [444/459] TTDE
[07:56:18] [445/459] ASTS
[07:56:19] [446/459] CPNS
[07:56:20] [447/459] PVVW
[07:56:22] [448/459] USEB
[07:56:23] [449/459] DTYN
[07:56:24] [450/459] PVLE
[07:56:25] [451/459] CIPS
[07:56:26] [452/459] PAEG
[07:56:27] [453/459] PTCW
[07:56:29] [454/459] G3SR
[07:56:30] [455/459] PGND
[07:56:30] [456/459] INVM
[07:56:31] [457/459] SPIA
[07:56:32] [458/459] PCSN
[07:56:34] [459/459] PPGV
[07:56:35] 🧹 Deduping shows
[07:56:35] ✅ DONE | Shows=435 | Movies=17
[12:14:15] 🚀 SCRIPT STARTED
[12:14:15] [1/459] FNDB
[12:14:15] 🧠 New identity created
[12:14:16] [2/459] AMBH
[12:14:17] [3/459] PRHN
[12:14:18] [4/459] ACPM
[12:14:19] [5/459] PVFS
[12:14:20] [6/459] AACN
[12:14:21] [7/459] ACAS
[12:14:21] [8/459] CTNR
[12:14:22] [9/459] MMAH
[12:14:23] [10/459] CPMH
[12:14:24] [11/459] IGMH
[12:14:25] [12/459] ABCS
[12:14:25] [13/459] CMMA
[12:14:26] [14/459] GPRH
[12:14:27] [15/459] PNNG
[12:14:28] [16/459] AMCA
[12:14:29] [17/459] ISTN
[12:14:30] [18/459] PIIC
[12:14:30] [19/459] AHMH
[12:14:31] [20/459] ASHN
[12:14:32] [21/459] INHY
[12:14:33] [22/459] SRMO
[12:14:34] [23/459] PIMH
[12:14:35] [24/459] PVTS
[12:14:36] [25/459] MMCA
[12:14:37] [26/459] AKYJ
[12:14:38] [27/459] BRKH
[12:14:39] [28/459] MAHM
[12:14:39] [29/459] CPHY
[12:14:40] [30/459] PVTP
[12:14:41] [31/459] SMMR
[12:14:42] [32/459] PVHM
[12:14:43] [33/459] SNDY
[12:14:44] [34/459] GOKU
[12:14:45] [35/459] ACEV
[12:14:46] [36/459] PVUM
[12:14:48] [37/459] VSWA
[12:14:49] [38/459] IPRS
[12:14:50] [39/459] ASGN
[12:14:50] [40/459] BKMV
[12:14:51] [41/459] PVYH
[12:14:52] [42/459] INKM
[12:14:53] [43/459] ARJU
[12:14:54] [44/459] JJPP
[12:14:55] [45/459] SSRM
[12:14:56] [46/459] HMHD
[12:14:57] [47/459] SNKH
[12:14:58] [48/459] ACHI
[12:14:59] [49/459] MRAA
[12:15:00] [50/459] INMH
[12:15:01] [51/459] ARMH
[12:15:02] [52/459] DVRR
[12:15:03] [53/459] SUDA
[12:15:04] [54/459] MCSS
[12:15:05] [55/459] VRKC
[12:15:06] [56/459] PRCX
[12:15:07] [57/459] ASJY
[12:15:08] [58/459] MTHY
[12:15:10] [59/459] SRCM
[12:15:11] [60/459] TVHY
[12:15:12] [61/459] STHD
[12:15:13] [62/459] CPCL
[12:15:14] [63/459] PSMJ
[12:15:15] [64/459] MRGT
[12:15:16] [65/459] ARYH
[12:15:17] [66/459] VTRB
[12:15:17] [67/459] SCHC
[12:15:18] [68/459] MRRG
[12:15:19] [69/459] SPCB
[12:15:20] [70/459] AMCM
[12:15:21] [71/459] IVNM
[12:15:22] [72/459] TRHY
[12:15:23] [73/459] PTTH
[12:15:24] [74/459] RKMH
[12:15:26] [75/459] PRCS
[12:15:27] [76/459] VAJA
[12:15:28] [77/459] BJNG
[12:15:29] [78/459] SCVM
[12:15:29] [79/459] GNHB
[12:15:30] [80/459] TLUR
[12:15:32] [81/459] UKCC
[12:15:33] [82/459] SRKR
[12:15:34] [83/459] RMKN
[12:15:35] [84/459] SLRT
[12:15:35] [85/459] LKMT
[12:15:36] [86/459] SSRJ
[12:15:38] [87/459] SPHT
[12:15:39] [88/459] ANTT
[12:15:40] [89/459] SRCH
[12:15:41] [90/459] SRCA
[12:15:42] [91/459] ARTH
[12:15:43] [92/459] MCBH
[12:15:43] [93/459] SNIB
[12:15:45] [94/459] SART
[12:15:45] [95/459] SKTA
[12:15:46] [96/459] YAKT
[12:15:47] [97/459] MLCK
[12:15:48] [98/459] ANTS
[12:15:49] [99/459] DGCA
[12:15:51] [100/459] SGMP
[12:15:51] [101/459] ASWN
[12:15:52] [102/459] KFVU
[12:15:53] [103/459] POOR
[12:15:54] [104/459] GKDN
[12:15:55] [105/459] EOSE
[12:15:56] [106/459] GTTT
[12:15:57] [107/459] ARRO
[12:15:57] [108/459] CMMK
[12:15:58] [109/459] MSCN
[12:15:59] [110/459] GDKH
[12:16:00] [111/459] DLMT
[12:16:01] [112/459] PVMF
[12:16:02] [113/459] CPCK
[12:16:03] [114/459] VMHE
[12:16:05] [115/459] PVLC
[12:16:05] [116/459] PCVB
[12:16:06] [117/459] SNYK
[12:16:07] [118/459] KTEK
[12:16:08] [119/459] PCNM
[12:16:09] [120/459] NTTR
[12:16:09] [121/459] CPSK
[12:16:10] [122/459] JMMA
[12:16:11] [123/459] GCFK
[12:16:12] [124/459] MYCA
[12:16:13] [125/459] KSNP
[12:16:15] [126/459] PMCE
[12:16:16] [127/459] SCKI
[12:16:17] [128/459] FSMA
[12:16:17] [129/459] CETA
[12:16:18] [130/459] MCIK
[12:16:19] [131/459] MYCR
[12:16:20] [132/459] EVMP
[12:16:21] [133/459] SSGT
[12:16:21] [134/459] KCTK
[12:16:22] [135/459] ZTKC
[12:16:23] [136/459] MMTA
[12:16:24] [137/459] MAJT
[12:16:26] [138/459] ACPK
[12:16:27] [139/459] JMAX
[12:16:28] [140/459] SETK
[12:16:28] [141/459] CAIS
[12:16:29] [142/459] AGCD
[12:16:30] [143/459] URCL
[12:16:31] [144/459] VTDS
[12:16:33] [145/459] JCNM
[12:16:33] [146/459] KCAM
[12:16:34] [147/459] ADCU
[12:16:35] [148/459] GXYN
[12:16:36] [149/459] SMJG
[12:16:37] [150/459] EYCJ
[12:16:38] [151/459] CCEJ
[12:16:40] [152/459] MARS
[12:16:41] [153/459] CPVJ
[12:16:41] [154/459] INVP
[12:16:42] [155/459] CPOV
[12:16:43] [156/459] VIJK
[12:16:44] [157/459] LAIM
[12:16:46] [158/459] STHV
[12:16:47] [159/459] SVLJ
[12:16:48] [160/459] ATVJ
[12:16:49] [161/459] JTSC
[12:16:50] [162/459] RMTV
[12:16:51] [163/459] MGGG
[12:16:51] [164/459] SWTH
[12:16:52] [165/459] INVJ
[12:16:54] [166/459] PRSV
[12:16:54] [167/459] JATV
[12:16:55] [168/459] RCVD
[12:16:56] [169/459] BDMA
[12:16:57] [170/459] BLJI
[12:16:58] [171/459] SWOT
[12:16:59] [172/459] SWRN
[12:16:59] [173/459] TVRA
[12:17:00] [174/459] VCSV
[12:17:01] [175/459] NVRN
[12:17:03] [176/459] SIKC
[12:17:04] [177/459] VAKR
[12:17:05] [178/459] SYLN
[12:17:05] [179/459] KLJL
[12:17:06] [180/459] LKMY
[12:17:07] [181/459] VSLY
[12:17:08] [182/459] CIKO
[12:17:09] [183/459] GPBG
[12:17:10] [184/459] CECM
[12:17:10] [185/459] SLKB
[12:17:11] [186/459] MTBO
[12:17:12] [187/459] SSHB
[12:17:13] [188/459] VPCS
[12:17:13] [189/459] RCSR
[12:17:14] [190/459] RJRM
[12:17:15] [191/459] KPPB
[12:17:16] [192/459] SEDC
[12:17:17] [193/459] SCAI
[12:17:18] [194/459] RMTR
[12:17:18] [195/459] ASST
[12:17:19] [196/459] GCAK
[12:17:21] [197/459] ANNK
[12:17:22] [198/459] KDDF
[12:17:23] [199/459] NRDP
[12:17:24] [200/459] PLAK
[12:17:25] [201/459] GCMC
[12:17:26] [202/459] ALPY
[12:17:26] [203/459] SICE
[12:17:27] [204/459] SISR
[12:17:28] [205/459] SRPZ
[12:17:29] [206/459] SRSW
[12:17:30] [207/459] SUYA
[12:17:31] [208/459] AMMT
[12:17:32] [209/459] BHCU
[12:17:32] [210/459] KLPA
[12:17:33] [211/459] NVKH
[12:17:34] [212/459] JMRC
[12:17:35] [213/459] KTTT
[12:17:36] [214/459] MAGH
[12:17:37] [215/459] MMMX
[12:17:38] [216/459] SALJ
[12:17:39] [217/459] GTJA
[12:17:40] [218/459] MAHT
[12:17:41] [219/459] SSNN
[12:17:42] [220/459] ARRP
[12:17:43] [221/459] ATNS
[12:17:44] [222/459] SKDT
[12:17:45] [223/459] ACAT
[12:17:46] [224/459] APRC
[12:17:47] [225/459] SWAG
[12:17:48] [226/459] SDPT
[12:17:49] [227/459] STPS
[12:17:50] [228/459] WWCZ
[12:17:51] [229/459] LLCH
[12:17:52] [230/459] MZHA
[12:17:53] [231/459] CRJG
[12:17:53] [232/459] JGTK
[12:17:54] [233/459] KCSR
[12:17:55] [234/459] CHTL
[12:17:56] [235/459] EDSR
[12:17:57] [236/459] CSWO
[12:17:57] [237/459] CPVM
[12:17:58] [238/459] MXBY
[12:17:59] [239/459] FMMA
[12:18:00] [240/459] POVI
[12:18:01] [241/459] MTHB
[12:18:01] [242/459] INRC
[12:18:02] [243/459] PIPP
[12:18:03] [244/459] BMXC
[12:18:04] [245/459] PCMM
[12:18:05] [246/459] PMKM
[12:18:06] [247/459] GATY
[12:18:07] [248/459] IMCM
[12:18:07] [249/459] POPE
[12:18:08] [250/459] MTCR
[12:18:09] [251/459] PVAE
[12:18:10] [252/459] PVMI
[12:18:10] [253/459] CPNM
[12:18:12] [254/459] FMRL
[12:18:13] [255/459] MCIW
[12:18:14] [256/459] MXBO
[12:18:15] [257/459] FMKY
[12:18:16] [258/459] FMDA
[12:18:17] [259/459] THAB
[12:18:18] [260/459] PRCW
[12:18:19] [261/459] PITI
[12:18:20] [262/459] MCFF
[12:18:21] [263/459] PDDV
[12:18:22] [264/459] MCRM
[12:18:22] [265/459] KKMB
[12:18:23] [266/459] INKO
[12:18:24] [267/459] PLXP
[12:18:25] [268/459] MMHA
[12:18:26] [269/459] FMVS
[12:18:27] [270/459] POLM
[12:18:28] [271/459] STER
[12:18:28] [272/459] PVWJ
[12:18:29] [273/459] IMJW
[12:18:30] [274/459] FNAN
[12:18:32] [275/459] CAGL
[12:18:33] [276/459] IPBG
[12:18:33] [277/459] SMFV
[12:18:34] [278/459] MMMR
[12:18:35] [279/459] MMWM
[12:18:36] [280/459] FNCM
[12:18:37] [281/459] MDVA
[12:18:38] [282/459] MMET
[12:18:40] [283/459] MIDO
[12:18:40] [284/459] INNP
[12:18:41] [285/459] MIFU
[12:18:42] [286/459] MMSZ
[12:18:44] [287/459] BMXA
[12:18:46] [288/459] MCAA
[12:18:47] [289/459] SCVP
[12:18:48] [290/459] PLUS
[12:18:49] [291/459] MUCK
[12:18:49] [292/459] MTMA
[12:18:50] [293/459] HPVR
[12:18:51] [294/459] PMPK
[12:18:52] [295/459] MAJB
[12:18:53] [296/459] CTRR
[12:18:54] [297/459] MCTG
[12:18:56] [298/459] MACE
[12:18:57] [299/459] AAAS
[12:18:59] [300/459] CPVV
[12:19:00] [301/459] RCHG
[12:19:01] [302/459] MCNE
[12:19:02] [303/459] EMNC
[12:19:02] [304/459] MCAN
[12:19:03] [305/459] TCDM
[12:19:05] [306/459] IRGT
[12:19:06] [307/459] GCMG
[12:19:07] [308/459] MXSN
[12:19:08] [309/459] MXCK
[12:19:09] [310/459] MCRC
[12:19:10] [311/459] RSMI
[12:19:10] [312/459] WAML
[12:19:11] [313/459] MTSC
[12:19:12] [314/459] FMDR
[12:19:14] [315/459] LEPV
[12:19:15] [316/459] MTGD
[12:19:16] [317/459] IMOB
[12:19:17] [318/459] CLMM
[12:19:18] [319/459] PZCD
[12:19:19] [320/459] GOCS
[12:19:21] [321/459] KCMA
[12:19:23] [322/459] CCMP
[12:19:24] [323/459] MTSU
[12:19:26] [324/459] SNGL
[12:19:27] [325/459] MMMC
[12:19:28] [326/459] MMAA
[12:19:29] [327/459] GCDM
[12:19:29] [328/459] KTMV
[12:19:30] [329/459] AETE
[12:19:31] [330/459] OMCS
[12:19:32] [331/459] GDCD
[12:19:33] [332/459] NYMD
[12:19:34] [333/459] RNCV
[12:19:35] [334/459] KKMT
[12:19:36] [335/459] GDTH
[12:19:37] [336/459] KMMV
[12:19:37] [337/459] NHCG
[12:19:38] [338/459] PJDW
[12:19:39] [339/459] MMCV
[12:19:40] [340/459] FQSA
[12:19:41] [341/459] KURL
[12:19:42] [342/459] NNNX
[12:19:43] [343/459] AMAU
[12:19:43] [344/459] VVVM
[12:19:44] [345/459] VECU
[12:19:45] [346/459] WCVR
[12:19:46] [347/459] MTGG
[12:19:47] [348/459] SGTG
[12:19:48] [349/459] MNTG
[12:19:49] [350/459] JDDG
[12:19:49] [351/459] MBTK
[12:19:51] [352/459] SGCD
[12:19:52] [353/459] MCTC
[12:19:53] [354/459] JTPC
[12:19:54] [355/459] SDKT
[12:19:55] [356/459] KRCC
[12:19:56] [357/459] RMMD
[12:19:58] [358/459] AAME
[12:19:59] [359/459] TMWC
[12:20:00] [360/459] NRWY
[12:20:01] [361/459] CITD
[12:20:02] [362/459] VERD
[12:20:03] [363/459] MKSK
[12:20:04] [364/459] STSM
[12:20:05] [365/459] MJDG
[12:20:06] [366/459] RKPM
[12:20:07] [367/459] SSCE
[12:20:08] [368/459] VMAE
[12:20:09] [369/459] SBRU
[12:20:09] [370/459] AMBC
[12:20:10] [371/459] AMLU
[12:20:11] [372/459] INVZ
[12:20:12] [373/459] LGTV
[12:20:12] [374/459] SVAD
[12:20:13] [375/459] SMSA
[12:20:14] [376/459] SPCZ
[12:20:15] [377/459] GTCX
[12:20:16] [378/459] SCSL
[12:20:17] [379/459] SAHU
[12:20:17] [380/459] NCDA
[12:20:18] [381/459] SCCG
[12:20:19] [382/459] VKTL
[12:20:20] [383/459] PUUJ
[12:20:21] [384/459] STEJ
[12:20:22] [385/459] RJAL
[12:20:23] [386/459] ACJC
[12:20:24] [387/459] VTHC
[12:20:25] [388/459] ARVB
[12:20:26] [389/459] AUBB
[12:20:27] [390/459] GDBR
[12:20:28] [391/459] PVND
[12:20:29] [392/459] BGRJ
[12:20:29] [393/459] RJMM
[12:20:30] [394/459] MCSA
[12:20:31] [395/459] BODA
[12:20:32] [396/459] JAGG
[12:20:33] [397/459] SCGA
[12:20:34] [398/459] LRCM
[12:20:35] [399/459] CPCN
[12:20:36] [400/459] SSTF
[12:20:36] [401/459] SRXP
[12:20:37] [402/459] CNFX
[12:20:38] [403/459] ANDI
[12:20:39] [404/459] SYEW
[12:20:40] [405/459] RCRE
[12:20:41] [406/459] SCRW
[12:20:43] [407/459] MBKR
[12:20:44] [408/459] ASNT
[12:20:45] [409/459] JTMT
[12:20:45] [410/459] SHAY
[12:20:46] [411/459] VRTH
[12:20:47] [412/459] SPTI
[12:20:49] [413/459] DPTD
[12:20:50] [414/459] TGSN
[12:20:51] [415/459] RCWV
[12:20:52] [416/459] OCUR
[12:20:53] [417/459] KSTC
[12:20:54] [418/459] SANI
[12:20:55] [419/459] MLCA
[12:20:56] [420/459] EGCA
[12:20:57] [421/459] SYSN
[12:20:57] [422/459] PKTA
[12:20:58] [423/459] PRCC
[12:20:59] [424/459] KSTR
[12:21:00] [425/459] SNTP
[12:21:01] [426/459] RCHA
[12:21:02] [427/459] SEEA
[12:21:03] [428/459] ALAT
[12:21:04] [429/459] AATV
[12:21:05] [430/459] RJTE
[12:21:06] [431/459] AAPP
[12:21:07] [432/459] PMMH
[12:21:08] [433/459] INRJ
[12:21:09] [434/459] SARB
[12:21:09] [435/459] PCJL
[12:21:11] [436/459] PFJJ
[12:21:12] [437/459] GRDC
[12:21:14] [438/459] BCBA
[12:21:15] [439/459] VIXL
[12:21:16] [440/459] CSTL
[12:21:16] [441/459] MTDK
[12:21:17] [442/459] TDAC
[12:21:18] [443/459] GTDN
[12:21:19] [444/459] TTDE
[12:21:20] [445/459] ASTS
[12:21:21] [446/459] CPNS
[12:21:22] [447/459] PVVW
[12:21:23] [448/459] USEB
[12:21:24] [449/459] DTYN
[12:21:25] [450/459] PVLE
[12:21:26] [451/459] CIPS
[12:21:26] [452/459] PAEG
[12:21:27] [453/459] PTCW
[12:21:28] [454/459] G3SR
[12:21:29] [455/459] PGND
[12:21:30] [456/459] INVM
[12:21:30] [457/459] SPIA
[12:21:31] [458/459] PCSN
[12:21:32] [459/459] PPGV
[12:21:33] 🧹 Deduping shows
[12:21:33] ✅ DONE | Shows=523 | Movies=18
[19:15:57] 🚀 SCRIPT STARTED
[19:15:57] [1/459] FNDB
[19:15:57] 🧠 New identity created
[19:15:58] [2/459] AMBH
[19:15:59] [3/459] PRHN
[19:16:00] [4/459] ACPM
[19:16:01] [5/459] PVFS
[19:16:01] [6/459] AACN
[19:16:02] [7/459] ACAS
[19:16:03] [8/459] CTNR
[19:16:04] [9/459] MMAH
[19:16:05] [10/459] CPMH
[19:16:06] [11/459] IGMH
[19:16:07] [12/459] ABCS
[19:16:08] [13/459] CMMA
[19:16:08] [14/459] GPRH
[19:16:10] [15/459] PNNG
[19:16:11] [16/459] AMCA
[19:16:12] [17/459] ISTN
[19:16:12] [18/459] PIIC
[19:16:13] [19/459] AHMH
[19:16:14] [20/459] ASHN
[19:16:15] [21/459] INHY
[19:16:16] [22/459] SRMO
[19:16:16] [23/459] PIMH
[19:16:17] [24/459] PVTS
[19:16:19] [25/459] MMCA
[19:16:20] [26/459] AKYJ
[19:16:20] [27/459] BRKH
[19:16:21] [28/459] MAHM
[19:16:22] [29/459] CPHY
[19:16:23] [30/459] PVTP
[19:16:24] [31/459] SMMR
[19:16:25] [32/459] PVHM
[19:16:26] [33/459] SNDY
[19:16:27] [34/459] GOKU
[19:16:28] [35/459] ACEV
[19:16:28] [36/459] PVUM
[19:16:29] [37/459] VSWA
[19:16:30] [38/459] IPRS
[19:16:31] [39/459] ASGN
[19:16:32] [40/459] BKMV
[19:16:33] [41/459] PVYH
[19:16:33] [42/459] INKM
[19:16:34] [43/459] ARJU
[19:16:35] [44/459] JJPP
[19:16:36] [45/459] SSRM
[19:16:36] [46/459] HMHD
[19:16:37] [47/459] SNKH
[19:16:38] [48/459] ACHI
[19:16:39] [49/459] MRAA
[19:16:40] [50/459] INMH
[19:16:41] [51/459] ARMH
[19:16:41] [52/459] DVRR
[19:16:42] [53/459] SUDA
[19:16:44] [54/459] MCSS
[19:16:44] [55/459] VRKC
[19:16:45] [56/459] PRCX
[19:16:46] [57/459] ASJY
[19:16:47] [58/459] MTHY
[19:16:48] [59/459] SRCM
[19:16:49] [60/459] TVHY
[19:16:50] [61/459] STHD
[19:16:50] [62/459] CPCL
[19:16:51] [63/459] PSMJ
[19:16:52] [64/459] MRGT
[19:16:53] [65/459] ARYH
[19:16:53] [66/459] VTRB
[19:16:54] [67/459] SCHC
[19:16:55] [68/459] MRRG
[19:16:55] [69/459] SPCB
[19:16:56] [70/459] AMCM
[19:16:57] [71/459] IVNM
[19:16:58] [72/459] TRHY
[19:16:59] [73/459] PTTH
[19:17:01] [74/459] RKMH
[19:17:02] [75/459] PRCS
[19:17:03] [76/459] VAJA
[19:17:04] [77/459] BJNG
[19:17:05] [78/459] SCVM
[19:17:06] [79/459] GNHB
[19:17:07] [80/459] TLUR
[19:17:08] [81/459] UKCC
[19:17:08] [82/459] SRKR
[19:17:09] [83/459] RMKN
[19:17:11] [84/459] SLRT
[19:17:12] [85/459] LKMT
[19:17:13] [86/459] SSRJ
[19:17:13] [87/459] SPHT
[19:17:14] [88/459] ANTT
[19:17:15] [89/459] SRCH
[19:17:16] [90/459] SRCA
[19:17:17] [91/459] ARTH
[19:17:18] [92/459] MCBH
[19:17:18] [93/459] SNIB
[19:17:20] [94/459] SART
[19:17:21] [95/459] SKTA
[19:17:21] [96/459] YAKT
[19:17:22] [97/459] MLCK
[19:17:23] [98/459] ANTS
[19:17:24] [99/459] DGCA
[19:17:25] [100/459] SGMP
[19:17:26] [101/459] ASWN
[19:17:27] [102/459] KFVU
[19:17:27] [103/459] POOR
[19:17:28] [104/459] GKDN
[19:17:29] [105/459] EOSE
[19:17:30] [106/459] GTTT
[19:17:30] [107/459] ARRO
[19:17:32] [108/459] CMMK
[19:17:33] [109/459] MSCN
[19:17:34] [110/459] GDKH
[19:17:35] [111/459] DLMT
[19:17:36] [112/459] PVMF
[19:17:37] [113/459] CPCK
[19:17:37] [114/459] VMHE
[19:17:38] [115/459] PVLC
[19:17:39] [116/459] PCVB
[19:17:40] [117/459] SNYK
[19:17:40] [118/459] KTEK
[19:17:41] [119/459] PCNM
[19:17:43] [120/459] NTTR
[19:17:43] [121/459] CPSK
[19:17:44] [122/459] JMMA
[19:17:45] [123/459] GCFK
[19:17:46] [124/459] MYCA
[19:17:47] [125/459] KSNP
[19:17:47] [126/459] PMCE
[19:17:48] [127/459] SCKI
[19:17:49] [128/459] FSMA
[19:17:51] [129/459] CETA
[19:17:52] [130/459] MCIK
[19:17:52] [131/459] MYCR
[19:17:53] [132/459] EVMP
[19:17:54] [133/459] SSGT
[19:17:55] [134/459] KCTK
[19:17:56] [135/459] ZTKC
[19:17:57] [136/459] MMTA
[19:17:58] [137/459] MAJT
[19:17:59] [138/459] ACPK
[19:17:59] [139/459] JMAX
[19:18:00] [140/459] SETK
[19:18:01] [141/459] CAIS
[19:18:02] [142/459] AGCD
[19:18:03] [143/459] URCL
[19:18:04] [144/459] VTDS
[19:18:05] [145/459] JCNM
[19:18:06] [146/459] KCAM
[19:18:07] [147/459] ADCU
[19:18:07] [148/459] GXYN
[19:18:09] [149/459] SMJG
[19:18:10] [150/459] EYCJ
[19:18:10] [151/459] CCEJ
[19:18:11] [152/459] MARS
[19:18:12] [153/459] CPVJ
[19:18:12] [154/459] INVP
[19:18:13] [155/459] CPOV
[19:18:14] [156/459] VIJK
[19:18:15] [157/459] LAIM
[19:18:16] [158/459] STHV
[19:18:17] [159/459] SVLJ
[19:18:17] [160/459] ATVJ
[19:18:19] [161/459] JTSC
[19:18:20] [162/459] RMTV
[19:18:21] [163/459] MGGG
[19:18:22] [164/459] SWTH
[19:18:23] [165/459] INVJ
[19:18:24] [166/459] PRSV
[19:18:25] [167/459] JATV
[19:18:26] [168/459] RCVD
[19:18:27] [169/459] BDMA
[19:18:28] [170/459] BLJI
[19:18:29] [171/459] SWOT
[19:18:30] [172/459] SWRN
[19:18:30] [173/459] TVRA
[19:18:31] [174/459] VCSV
[19:18:32] [175/459] NVRN
[19:18:33] [176/459] SIKC
[19:18:34] [177/459] VAKR
[19:18:35] [178/459] SYLN
[19:18:36] [179/459] KLJL
[19:18:37] [180/459] LKMY
[19:18:38] [181/459] VSLY
[19:18:39] [182/459] CIKO
[19:18:40] [183/459] GPBG
[19:18:41] [184/459] CECM
[19:18:41] [185/459] SLKB
[19:18:42] [186/459] MTBO
[19:18:43] [187/459] SSHB
[19:18:44] [188/459] VPCS
[19:18:45] [189/459] RCSR
[19:18:45] [190/459] RJRM
[19:18:46] [191/459] KPPB
[19:18:47] [192/459] SEDC
[19:18:48] [193/459] SCAI
[19:18:49] [194/459] RMTR
[19:18:49] [195/459] ASST
[19:18:51] [196/459] GCAK
[19:18:51] [197/459] ANNK
[19:18:52] [198/459] KDDF
[19:18:53] [199/459] NRDP
[19:18:54] [200/459] PLAK
[19:18:55] [201/459] GCMC
[19:18:56] [202/459] ALPY
[19:18:57] [203/459] SICE
[19:18:58] [204/459] SISR
[19:18:58] [205/459] SRPZ
[19:18:59] [206/459] SRSW
[19:19:00] [207/459] SUYA
[19:19:01] [208/459] AMMT
[19:19:02] [209/459] BHCU
[19:19:03] [210/459] KLPA
[19:19:04] [211/459] NVKH
[19:19:04] [212/459] JMRC
[19:19:05] [213/459] KTTT
[19:19:06] [214/459] MAGH
[19:19:07] [215/459] MMMX
[19:19:07] [216/459] SALJ
[19:19:09] [217/459] GTJA
[19:19:10] [218/459] MAHT
[19:19:10] [219/459] SSNN
[19:19:11] [220/459] ARRP
[19:19:12] [221/459] ATNS
[19:19:13] [222/459] SKDT
[19:19:14] [223/459] ACAT
[19:19:14] [224/459] APRC
[19:19:15] [225/459] SWAG
[19:19:16] [226/459] SDPT
[19:19:17] [227/459] STPS
[19:19:18] [228/459] WWCZ
[19:19:18] [229/459] LLCH
[19:19:19] [230/459] MZHA
[19:19:20] [231/459] CRJG
[19:19:21] [232/459] JGTK
[19:19:22] [233/459] KCSR
[19:19:23] [234/459] CHTL
[19:19:23] [235/459] EDSR
[19:19:24] [236/459] CSWO
[19:19:25] [237/459] CPVM
[19:19:26] [238/459] MXBY
[19:19:27] [239/459] FMMA
[19:19:28] [240/459] POVI
[19:19:29] [241/459] MTHB
[19:19:29] [242/459] INRC
[19:19:31] [243/459] PIPP
[19:19:32] [244/459] BMXC
[19:19:32] [245/459] PCMM
[19:19:33] [246/459] PMKM
[19:19:35] [247/459] GATY
[19:19:36] [248/459] IMCM
[19:19:37] [249/459] POPE
[19:19:38] [250/459] MTCR
[19:19:39] [251/459] PVAE
[19:19:40] [252/459] PVMI
[19:19:41] [253/459] CPNM
[19:19:42] [254/459] FMRL
[19:19:43] [255/459] MCIW
[19:19:44] [256/459] MXBO
[19:19:44] [257/459] FMKY
[19:19:46] [258/459] FMDA
[19:19:47] [259/459] THAB
[19:19:48] [260/459] PRCW
[19:19:49] [261/459] PITI
[19:19:49] [262/459] MCFF
[19:19:51] [263/459] PDDV
[19:19:52] [264/459] MCRM
[19:19:52] [265/459] KKMB
[19:19:53] [266/459] INKO
[19:19:54] [267/459] PLXP
[19:19:55] [268/459] MMHA
[19:19:56] [269/459] FMVS
[19:19:57] [270/459] POLM
[19:19:58] [271/459] STER
[19:19:59] [272/459] PVWJ
[19:20:00] [273/459] IMJW
[19:20:01] [274/459] FNAN
[19:20:02] [275/459] CAGL
[19:20:03] [276/459] IPBG
[19:20:04] [277/459] SMFV
[19:20:05] [278/459] MMMR
[19:20:06] [279/459] MMWM
[19:20:07] [280/459] FNCM
[19:20:07] [281/459] MDVA
[19:20:09] [282/459] MMET
[19:20:09] [283/459] MIDO
[19:20:10] [284/459] INNP
[19:20:11] [285/459] MIFU
[19:20:12] [286/459] MMSZ
[19:20:13] [287/459] BMXA
[19:20:13] [288/459] MCAA
[19:20:14] [289/459] SCVP
[19:20:15] [290/459] PLUS
[19:20:16] [291/459] MUCK
[19:20:17] [292/459] MTMA
[19:20:18] [293/459] HPVR
[19:20:20] [294/459] PMPK
[19:20:20] [295/459] MAJB
[19:20:21] [296/459] CTRR
[19:20:22] [297/459] MCTG
[19:20:23] [298/459] MACE
[19:20:24] [299/459] AAAS
[19:20:25] [300/459] CPVV
[19:20:26] [301/459] RCHG
[19:20:27] [302/459] MCNE
[19:20:28] [303/459] EMNC
[19:20:29] [304/459] MCAN
[19:20:30] [305/459] TCDM
[19:20:30] [306/459] IRGT
[19:20:31] [307/459] GCMG
[19:20:32] [308/459] MXSN
[19:20:33] [309/459] MXCK
[19:20:33] [310/459] MCRC
[19:20:34] [311/459] RSMI
[19:20:36] [312/459] WAML
[19:20:36] [313/459] MTSC
[19:20:37] [314/459] FMDR
[19:20:38] [315/459] LEPV
[19:20:40] [316/459] MTGD
[19:20:41] [317/459] IMOB
[19:20:42] [318/459] CLMM
[19:20:42] [319/459] PZCD
[19:20:43] [320/459] GOCS
[19:20:44] [321/459] KCMA
[19:20:45] [322/459] CCMP
[19:20:46] [323/459] MTSU
[19:20:46] [324/459] SNGL
[19:20:47] [325/459] MMMC
[19:20:49] [326/459] MMAA
[19:20:49] [327/459] GCDM
[19:20:50] [328/459] KTMV
[19:20:51] [329/459] AETE
[19:20:52] [330/459] OMCS
[19:20:53] [331/459] GDCD
[19:20:53] [332/459] NYMD
[19:20:54] [333/459] RNCV
[19:20:55] [334/459] KKMT
[19:20:57] [335/459] GDTH
[19:20:57] [336/459] KMMV
[19:20:58] [337/459] NHCG
[19:20:59] [338/459] PJDW
[19:21:00] [339/459] MMCV
[19:21:02] [340/459] FQSA
[19:21:02] [341/459] KURL
[19:21:03] [342/459] NNNX
[19:21:04] [343/459] AMAU
[19:21:05] [344/459] VVVM
[19:21:06] [345/459] VECU
[19:21:07] [346/459] WCVR
[19:21:08] [347/459] MTGG
[19:21:09] [348/459] SGTG
[19:21:09] [349/459] MNTG
[19:21:10] [350/459] JDDG
[19:21:11] [351/459] MBTK
[19:21:12] [352/459] SGCD
[19:21:13] [353/459] MCTC
[19:21:14] [354/459] JTPC
[19:21:15] [355/459] SDKT
[19:21:15] [356/459] KRCC
[19:21:16] [357/459] RMMD
[19:21:18] [358/459] AAME
[19:21:18] [359/459] TMWC
[19:21:19] [360/459] NRWY
[19:21:20] [361/459] CITD
[19:21:21] [362/459] VERD
[19:21:22] [363/459] MKSK
[19:21:23] [364/459] STSM
[19:21:23] [365/459] MJDG
[19:21:24] [366/459] RKPM
[19:21:25] [367/459] SSCE
[19:21:25] [368/459] VMAE
[19:21:26] [369/459] SBRU
[19:21:27] [370/459] AMBC
[19:21:28] [371/459] AMLU
[19:21:29] [372/459] INVZ
[19:21:31] [373/459] LGTV
[19:21:32] [374/459] SVAD
[19:21:32] [375/459] SMSA
[19:21:33] [376/459] SPCZ
[19:21:34] [377/459] GTCX
[19:21:35] [378/459] SCSL
[19:21:36] [379/459] SAHU
[19:21:37] [380/459] NCDA
[19:21:38] [381/459] SCCG
[19:21:39] [382/459] VKTL
[19:21:41] [383/459] PUUJ
[19:21:42] [384/459] STEJ
[19:21:43] [385/459] RJAL
[19:21:44] [386/459] ACJC
[19:21:45] [387/459] VTHC
[19:21:45] [388/459] ARVB
[19:21:46] [389/459] AUBB
[19:21:47] [390/459] GDBR
[19:21:48] [391/459] PVND
[19:21:49] [392/459] BGRJ
[19:21:50] [393/459] RJMM
[19:21:51] [394/459] MCSA
[19:21:51] [395/459] BODA
[19:21:52] [396/459] JAGG
[19:21:54] [397/459] SCGA
[19:21:54] [398/459] LRCM
[19:21:55] [399/459] CPCN
[19:21:56] [400/459] SSTF
[19:21:57] [401/459] SRXP
[19:21:57] [402/459] CNFX
[19:21:58] [403/459] ANDI
[19:21:59] [404/459] SYEW
[19:22:00] [405/459] RCRE
[19:22:01] [406/459] SCRW
[19:22:02] [407/459] MBKR
[19:22:03] [408/459] ASNT
[19:22:04] [409/459] JTMT
[19:22:05] [410/459] SHAY
[19:22:06] [411/459] VRTH
[19:22:07] [412/459] SPTI
[19:22:08] [413/459] DPTD
[19:22:09] [414/459] TGSN
[19:22:09] [415/459] RCWV
[19:22:11] [416/459] OCUR
[19:22:12] [417/459] KSTC
[19:22:13] [418/459] SANI
[19:22:13] [419/459] MLCA
[19:22:14] [420/459] EGCA
[19:22:15] [421/459] SYSN
[19:22:15] [422/459] PKTA
[19:22:16] [423/459] PRCC
[19:22:17] [424/459] KSTR
[19:22:18] [425/459] SNTP
[19:22:18] [426/459] RCHA
[19:22:19] [427/459] SEEA
[19:22:20] [428/459] ALAT
[19:22:21] [429/459] AATV
[19:22:22] [430/459] RJTE
[19:22:23] [431/459] AAPP
[19:22:24] [432/459] PMMH
[19:22:24] [433/459] INRJ
[19:22:25] [434/459] SARB
[19:22:26] [435/459] PCJL
[19:22:27] [436/459] PFJJ
[19:22:29] [437/459] GRDC
[19:22:30] [438/459] BCBA
[19:22:31] [439/459] VIXL
[19:22:31] [440/459] CSTL
[19:22:32] [441/459] MTDK
[19:22:33] [442/459] TDAC
[19:22:34] [443/459] GTDN
[19:22:35] [444/459] TTDE
[19:22:36] [445/459] ASTS
[19:22:37] [446/459] CPNS
[19:22:37] [447/459] PVVW
[19:22:38] [448/459] USEB
[19:22:39] [449/459] DTYN
[19:22:40] [450/459] PVLE
[19:22:41] [451/459] CIPS
[19:22:42] [452/459] PAEG
[19:22:43] [453/459] PTCW
[19:22:43] [454/459] G3SR
[19:22:44] [455/459] PGND
[19:22:45] [456/459] INVM
[19:22:46] [457/459] SPIA
[19:22:47] [458/459] PCSN
[19:22:47] [459/459] PPGV
[19:22:48] 🧹 Deduping shows
[19:22:48] ✅ DONE | Shows=1000 | Movies=39
