[09:44:45] 🚀 SCRIPT STARTED
[09:44:45] [1/459] MCCZ
[09:44:45] 🧠 New identity created
[09:44:46] [2/459] FRPU
[09:44:47] [3/459] SKSI
[09:44:48] [4/459] SSCK
[09:44:49] [5/459] SRDC
[09:44:50] [6/459] RSCZ
[09:44:50] [7/459] PRVT
[09:44:51] [8/459] GAGJ
[09:44:52] [9/459] SMHG
[09:44:53] [10/459] JTST
[09:44:54] [11/459] MYTH
[09:44:54] [12/459] JPCC
[09:44:55] [13/459] ACDC
[09:44:56] [14/459] SVFP
[09:44:58] [15/459] SFCM
[09:44:58] [16/459] RUPK
[09:44:59] [17/459] NTCR
[09:45:00] [18/459] RTCH
[09:45:01] [19/459] SCMH
[09:45:02] [20/459] SVYM
[09:45:04] [21/459] SPYM
[09:45:04] [22/459] SMMF
[09:45:05] [23/459] CLLB
[09:45:06] [24/459] FMCB
[09:45:07] [25/459] BBTC
[09:45:07] [26/459] NTHS
[09:45:08] [27/459] PKKJ
[09:45:09] [28/459] MTJA
[09:45:10] [29/459] PMSJ
[09:45:11] [30/459] JMJU
[09:45:12] [31/459] SRAD
[09:45:13] [32/459] MJMC
[09:45:14] [33/459] DFRM
[09:45:14] [34/459] PMRS
[09:45:15] [35/459] RKPP
[09:45:16] [36/459] BMBK
[09:45:17] [37/459] NEWS
[09:45:18] [38/459] SALB
[09:45:19] [39/459] SCPW
[09:45:20] [40/459] RAYL
[09:45:21] [41/459] CMGJ
[09:45:22] [42/459] JRCR
[09:45:22] [43/459] SRTB
[09:45:23] [44/459] ETPB
[09:45:24] [45/459] MXBN
[09:45:25] [46/459] TOPE
[09:45:25] [47/459] SNLJ
[09:45:26] [48/459] CDDP
[09:45:27] [49/459] APCX
[09:45:28] [50/459] TALP
[09:45:29] [51/459] RRMP
[09:45:29] [52/459] MAHB
[09:45:30] [53/459] MTKR
[09:45:31] [54/459] KSKL
[09:45:32] [55/459] RJLT
[09:45:33] [56/459] ATAS
[09:45:33] [57/459] AMHR
[09:45:34] [58/459] RSRM
[09:45:35] [59/459] GCAT
[09:45:36] [60/459] SMML
[09:45:37] [61/459] ACCD
[09:45:38] [62/459] VYDA
[09:45:39] [63/459] MSKT
[09:45:40] [64/459] AVDM
[09:45:41] [65/459] ASMH
[09:45:42] [66/459] VTMB
[09:45:42] [67/459] WVMB
[09:45:44] [68/459] PPMN
[09:45:45] [69/459] MTMD
[09:45:45] [70/459] SMMO
[09:45:46] [71/459] DLPB
[09:45:47] [72/459] AKMD
[09:45:48] [73/459] SHRR
[09:45:49] [74/459] ASCO
[09:45:50] [75/459] CZVX
[09:45:52] [76/459] GCBB
[09:45:53] [77/459] ATBM
[09:45:53] [78/459] TCGM
[09:45:54] [79/459] UMSE
[09:45:56] [80/459] NKCL
[09:45:57] [81/459] BTLR
[09:45:57] [82/459] GOCL
[09:45:59] [83/459] MIRN
[09:46:00] [84/459] THEC
[09:46:02] [85/459] SPPB
[09:46:02] [86/459] PMMM
[09:46:03] [87/459] GGMC
[09:46:04] [88/459] AVSR
[09:46:05] [89/459] RDMH
[09:46:06] [90/459] JSRS
[09:46:06] [91/459] VKGP
[09:46:07] [92/459] ACRT
[09:46:08] [93/459] GCBA
[09:46:10] [94/459] GTCP
[09:46:11] [95/459] AKFC
[09:46:11] [96/459] INCS
[09:46:12] [97/459] SMCK
[09:46:13] [98/459] BRUN
[09:46:15] [99/459] RPPC
[09:46:16] [100/459] PAYD
[09:46:18] [101/459] SVVT
[09:46:18] [102/459] RNCC
[09:46:19] [103/459] PCRC
[09:46:20] [104/459] PMRM
[09:46:21] [105/459] CCRP
[09:46:22] [106/459] INCR
[09:46:23] [107/459] ZTMP
[09:46:24] [108/459] MCNR
[09:46:25] [109/459] INRP
[09:46:26] [110/459] STRC
[09:46:27] [111/459] RATI
[09:46:28] [112/459] PBTR
[09:46:29] [113/459] CMHP
[09:46:30] [114/459] ZECJ
[09:46:31] [115/459] CCCB
[09:46:31] [116/459] BWCB
[09:46:33] [117/459] CCAT
[09:46:34] [118/459] KGCM
[09:46:34] [119/459] INPT
[09:46:35] [120/459] FNCO
[09:46:36] [121/459] SRMJ
[09:46:36] [122/459] PFSC
[09:46:37] [123/459] PBMC
[09:46:38] [124/459] KARP
[09:46:39] [125/459] KOVI
[09:46:40] [126/459] ACXL
[09:46:40] [127/459] GKCC
[09:46:41] [128/459] ASCC
[09:46:42] [129/459] SETC
[09:46:43] [130/459] KACC
[09:46:44] [131/459] KAVE
[09:46:45] [132/459] CNTC
[09:46:45] [133/459] MEEN
[09:46:46] [134/459] BMRV
[09:46:47] [135/459] SVAM
[09:46:49] [136/459] VTBP
[09:46:50] [137/459] VCKN
[09:46:50] [138/459] SGTK
[09:46:51] [139/459] RCGS
[09:46:53] [140/459] RCCB
[09:46:53] [141/459] RKSR
[09:46:54] [142/459] RKCU
[09:46:55] [143/459] GIBH
[09:46:55] [144/459] CXBS
[09:46:56] [145/459] GGCB
[09:46:57] [146/459] SCPB
[09:46:58] [147/459] AKTB
[09:46:59] [148/459] SRBU
[09:47:00] [149/459] CSSA
[09:47:01] [150/459] MYAN
[09:47:02] [151/459] EXCA
[09:47:02] [152/459] CKSA
[09:47:04] [153/459] JTNM
[09:47:05] [154/459] CXKT
[09:47:06] [155/459] NCLM
[09:47:08] [156/459] JAAD
[09:47:08] [157/459] RDCR
[09:47:10] [158/459] MEER
[09:47:11] [159/459] SIBT
[09:47:11] [160/459] PVVB
[09:47:12] [161/459] FNPN
[09:47:13] [162/459] CRPX
[09:47:14] [163/459] STET
[09:47:15] [164/459] METE
[09:47:15] [165/459] BJML
[09:47:16] [166/459] MAVT
[09:47:17] [167/459] MSRM
[09:47:18] [168/459] TJMP
[09:47:19] [169/459] MHCK
[09:47:19] [170/459] SVGP
[09:47:20] [171/459] KRRC
[09:47:21] [172/459] IMCH
[09:47:22] [173/459] CMCS
[09:47:23] [174/459] SGND
[09:47:23] [175/459] RNAT
[09:47:24] [176/459] PRTN
[09:47:25] [177/459] MPTN
[09:47:26] [178/459] ARCC
[09:47:27] [179/459] NTTE
[09:47:27] [180/459] ABND
[09:47:28] [181/459] KCSN
[09:47:29] [182/459] KCSA
[09:47:31] [183/459] DCKT
[09:47:32] [184/459] MBBR
[09:47:33] [185/459] RAMU
[09:47:33] [186/459] RACW
[09:47:34] [187/459] MCHP
[09:47:35] [188/459] TMHM
[09:47:36] [189/459] STXH
[09:47:36] [190/459] AGSG
[09:47:37] [191/459] SIRA
[09:47:38] [192/459] RCAN
[09:47:39] [193/459] CWTB
[09:47:39] [194/459] VTYM
[09:47:40] [195/459] RRPP
[09:47:41] [196/459] ASMR
[09:47:42] [197/459] RONO
[09:47:43] [198/459] MEMR
[09:47:43] [199/459] CTMR
[09:47:44] [200/459] PMTT
[09:47:45] [201/459] PSLX
[09:47:46] [202/459] IPPL
[09:47:47] [203/459] MMSG
[09:47:48] [204/459] INEL
[09:47:48] [205/459] COAC
[09:47:49] [206/459] WVLK
[09:47:50] [207/459] PPXL
[09:47:51] [208/459] PSML
[09:47:51] [209/459] FNLK
[09:47:52] [210/459] ILUM
[09:47:53] [211/459] ILCM
[09:47:54] [212/459] MSNL
[09:47:55] [213/459] VINB
[09:47:56] [214/459] SALW
[09:47:57] [215/459] PRTB
[09:47:58] [216/459] NCIL
[09:47:58] [217/459] PSUL
[09:47:59] [218/459] SCLK
[09:48:00] [219/459] ADDC
[09:48:01] [220/459] OACL
[09:48:02] [221/459] OOCF
[09:48:03] [222/459] GPMF
[09:48:03] [223/459] SSDG
[09:48:04] [224/459] SKRS
[09:48:05] [225/459] NTTP
[09:48:06] [226/459] SLTP
[09:48:07] [227/459] JTLC
[09:48:07] [228/459] POON
[09:48:08] [229/459] CCPC
[09:48:09] [230/459] DCKC
[09:48:10] [231/459] CPRT
[09:48:12] [232/459] EYHZ
[09:48:12] [233/459] ARBL
[09:48:13] [234/459] SBTB
[09:48:14] [235/459] MMCK
[09:48:15] [236/459] PLMR
[09:48:15] [237/459] BIJH
[09:48:16] [238/459] SDRT
[09:48:18] [239/459] PRDC
[09:48:18] [240/459] OMJA
[09:48:19] [241/459] VKCR
[09:48:20] [242/459] ATRT
[09:48:21] [243/459] WVRP
[09:48:21] [244/459] MVRP
[09:48:23] [245/459] FCAX
[09:48:24] [246/459] CTLC
[09:48:25] [247/459] JCHB
[09:48:26] [248/459] SELP
[09:48:27] [249/459] VCPG
[09:48:27] [250/459] ASCX
[09:48:28] [251/459] EOCS
[09:48:29] [252/459] RCPH
[09:48:30] [253/459] RJTM
[09:48:31] [254/459] SGMD
[09:48:31] [255/459] SVJT
[09:48:32] [256/459] SPPO
[09:48:33] [257/459] MNRL
[09:48:34] [258/459] KNOX
[09:48:35] [259/459] GIER
[09:48:36] [260/459] PJMS
[09:48:37] [261/459] UNSP
[09:48:38] [262/459] JETP
[09:48:39] [263/459] VTWA
[09:48:40] [264/459] SCJI
[09:48:41] [265/459] CBZZ
[09:48:42] [266/459] SDCJ
[09:48:43] [267/459] RRCC
[09:48:44] [268/459] VNKG
[09:48:44] [269/459] LKTO
[09:48:45] [270/459] PJRM
[09:48:46] [271/459] NVRM
[09:48:47] [272/459] SJCS
[09:48:48] [273/459] VIGK
[09:48:49] [274/459] ANST
[09:48:50] [275/459] JTTS
[09:48:50] [276/459] NTST
[09:48:51] [277/459] PREB
[09:48:52] [278/459] TSCZ
[09:48:53] [279/459] CDCM
[09:48:54] [280/459] ELYE
[09:48:54] [281/459] INBS
[09:48:55] [282/459] SMGC
[09:48:57] [283/459] UTMP
[09:48:57] [284/459] INTA
[09:48:58] [285/459] OMPT
[09:48:59] [286/459] SCIR
[09:49:00] [287/459] GCKJ
[09:49:01] [288/459] INOG
[09:49:02] [289/459] SMGB
[09:49:03] [290/459] MCSG
[09:49:04] [291/459] STKG
[09:49:05] [292/459] TTKG
[09:49:05] [293/459] SRTR
[09:49:06] [294/459] ETTR
[09:49:07] [295/459] GGGZ
[09:49:08] [296/459] IPGM
[09:49:08] [297/459] FCDH
[09:49:09] [298/459] DESB
[09:49:10] [299/459] VNTP
[09:49:10] [300/459] ANNT
[09:49:11] [301/459] SLTI
[09:49:12] [302/459] MAJU
[09:49:13] [303/459] JCXP
[09:49:14] [304/459] HARK
[09:49:15] [305/459] JPCJ
[09:49:16] [306/459] RXBD
[09:49:16] [307/459] PTKJ
[09:49:17] [308/459] CMTU
[09:49:18] [309/459] SWOR
[09:49:19] [310/459] JMEX
[09:49:20] [311/459] DTPT
[09:49:21] [312/459] VGMM
[09:49:22] [313/459] VCSG
[09:49:23] [314/459] CVCG
[09:49:24] [315/459] TNTT
[09:49:25] [316/459] SHRM
[09:49:27] [317/459] CGKD
[09:49:27] [318/459] EKCM
[09:49:28] [319/459] SDCX
[09:49:29] [320/459] SBTE
[09:49:30] [321/459] STKJ
[09:49:32] [322/459] TPCE
[09:49:33] [323/459] JTNP
[09:49:33] [324/459] LPCH
[09:49:34] [325/459] CPUO
[09:49:35] [326/459] APSU
[09:49:36] [327/459] RTHC
[09:49:36] [328/459] PTBU
[09:49:37] [329/459] CUCC
[09:49:38] [330/459] CPSA
[09:49:39] [331/459] SUAY
[09:49:39] [332/459] AYAA
[09:49:40] [333/459] MUCH
[09:49:41] [334/459] PCIN
[09:49:42] [335/459] JRRM
[09:49:43] [336/459] KATS
[09:49:44] [337/459] MHFF
[09:49:44] [338/459] ESYM
[09:49:45] [339/459] STYV
[09:49:46] [340/459] SDKG
[09:49:47] [341/459] SMTI
[09:49:48] [342/459] NYCS
[09:49:49] [343/459] MTBG
[09:49:50] [344/459] RHCA
[09:49:50] [345/459] PCKH
[09:49:52] [346/459] ARCR
[09:49:52] [347/459] NCMB
[09:49:53] [348/459] SHYC
[09:49:54] [349/459] LACK
[09:49:55] [350/459] MTCM
[09:49:55] [351/459] RRBN
[09:49:56] [352/459] MYDC
[09:49:57] [353/459] STCS
[09:49:58] [354/459] CONN
[09:49:59] [355/459] SIPS
[09:50:01] [356/459] SMMX
[09:50:01] [357/459] SCBY
[09:50:02] [358/459] SUAP
[09:50:03] [359/459] RSMK
[09:50:04] [360/459] STKP
[09:50:05] [361/459] CIPC
[09:50:06] [362/459] KKCI
[09:50:07] [363/459] CTNK
[09:50:08] [364/459] MMTZ
[09:50:09] [365/459] DCCO
[09:50:09] [366/459] VNMN
[09:50:10] [367/459] RLCN
[09:50:11] [368/459] CMMS
[09:50:12] [369/459] AYOU
[09:50:13] [370/459] SSCN
[09:50:13] [371/459] SMXN
[09:50:14] [372/459] ASSK
[09:50:15] [373/459] VCKM
[09:50:16] [374/459] PCPH
[09:50:17] [375/459] PADM
[09:50:18] [376/459] IESA
[09:50:19] [377/459] VCSP
[09:50:20] [378/459] AEST
[09:50:21] [379/459] VTNR
[09:50:21] [380/459] GTTA
[09:50:22] [381/459] CMMM
[09:50:23] [382/459] AHKT
[09:50:24] [383/459] SIJI
[09:50:25] [384/459] VCEI
[09:50:25] [385/459] SAKR
[09:50:26] [386/459] VSMT
[09:50:27] [387/459] SSCT
[09:50:28] [388/459] USTR
[09:50:29] [389/459] MTKT
[09:50:30] [390/459] TGMP
[09:50:30] [391/459] SIVC
[09:50:31] [392/459] KICT
[09:50:32] [393/459] DAMD
[09:50:33] [394/459] CNPT
[09:50:34] [395/459] RVTT
[09:50:35] [396/459] SNCM
[09:50:35] [397/459] GHTE
[09:50:36] [398/459] PPAM
[09:50:37] [399/459] PVAA
[09:50:38] [400/459] CPAO
[09:50:40] [401/459] HAMD
[09:50:41] [402/459] RCCA
[09:50:41] [403/459] MPCH
[09:50:42] [404/459] ARED
[09:50:43] [405/459] RRCV
[09:50:44] [406/459] MTRB
[09:50:44] [407/459] CKUA
[09:50:45] [408/459] ABMP
[09:50:46] [409/459] RCWA
[09:50:47] [410/459] CGAR
[09:50:49] [411/459] METH
[09:50:50] [412/459] WAGA
[09:50:51] [413/459] MCMA
[09:50:52] [414/459] CSMP
[09:50:53] [415/459] RCNK
[09:50:54] [416/459] PSTM
[09:50:55] [417/459] CSEP
[09:50:56] [418/459] AMGD
[09:50:57] [419/459] CSTE
[09:50:58] [420/459] CONS
[09:50:58] [421/459] APPX
[09:50:59] [422/459] MABC
[09:51:00] [423/459] CXST
[09:51:01] [424/459] MATN
[09:51:02] [425/459] MACZ
[09:51:03] [426/459] MASA
[09:51:04] [427/459] MBSX
[09:51:05] [428/459] CSST
[09:51:06] [429/459] APCL
[09:51:06] [430/459] CGOS
[09:51:07] [431/459] CPEC
[09:51:08] [432/459] MCCP
[09:51:09] [433/459] BSSO
[09:51:10] [434/459] SJKA
[09:51:11] [435/459] CGBO
[09:51:12] [436/459] MVSK
[09:51:13] [437/459] HVCA
[09:51:14] [438/459] NAMD
[09:51:14] [439/459] DEVI
[09:51:16] [440/459] SCSV
[09:51:16] [441/459] PSMA
[09:51:17] [442/459] CLDJ
[09:51:18] [443/459] NMAD
[09:51:19] [444/459] CGMO
[09:51:20] [445/459] MCNA
[09:51:21] [446/459] OCBN
[09:51:22] [447/459] CPEM
[09:51:23] [448/459] CPSM
[09:51:23] [449/459] RCAD
[09:51:24] [450/459] CPMU
[09:51:25] [451/459] DICD
[09:51:26] [452/459] CHOE
[09:51:26] [453/459] PDJM
[09:51:27] [454/459] SSTU
[09:51:28] [455/459] VNRN
[09:51:29] [456/459] PVLG
[09:51:30] [457/459] SWBL
[09:51:31] [458/459] SCAB
[09:51:32] [459/459] RDDA
[09:51:34] 🧹 Deduping shows
[09:51:34] ✅ DONE | Shows=21 | Movies=5
