[09:44:43] 🚀 SCRIPT STARTED
[09:44:43] [1/296] CDCA
[09:44:43] 🧠 New identity created
[09:44:44] [2/296] MNSR
[09:44:44] [3/296] CSSL
[09:44:45] [4/296] BGGM
[09:44:46] [5/296] MANT
[09:44:47] [6/296] SOOY
[09:44:48] [7/296] VPPK
[09:44:49] [8/296] MYHJ
[09:44:49] [9/296] KSCK
[09:44:50] [10/296] KATK
[09:44:51] [11/296] RTRT
[09:44:52] [12/296] SSTT
[09:44:53] [13/296] SSTV
[09:44:54] [14/296] LACM
[09:44:55] [15/296] SGMG
[09:44:56] [16/296] KACX
[09:44:57] [17/296] GVCP
[09:44:58] [18/296] CSNC
[09:44:58] [19/296] SXCB
[09:44:59] [20/296] BAHS
[09:45:01] [21/296] PCBI
[09:45:02] [22/296] PSSM
[09:45:03] [23/296] RCOK
[09:45:03] [24/296] SCPF
[09:45:04] [25/296] SSAS
[09:45:05] [26/296] EVMM
[09:45:06] [27/296] SYCB
[09:45:07] [28/296] GCKI
[09:45:08] [29/296] IAET
[09:45:08] [30/296] DDTD
[09:45:09] [31/296] GMDH
[09:45:10] [32/296] STLE
[09:45:11] [33/296] JTRA
[09:45:12] [34/296] RPPA
[09:45:13] [35/296] ARUT
[09:45:14] [36/296] JTVM
[09:45:15] [37/296] SWRH
[09:45:16] [38/296] DCPC
[09:45:16] [39/296] RAPR
[09:45:17] [40/296] GCRT
[09:45:18] [41/296] ATUN
[09:45:18] [42/296] LTRM
[09:45:19] [43/296] TASR
[09:45:21] [44/296] RLLC
[09:45:22] [45/296] MABI
[09:45:23] [46/296] SVHB
[09:45:24] [47/296] NVTB
[09:45:24] [48/296] KCKG
[09:45:25] [49/296] SSRN
[09:45:26] [50/296] VDDC
[09:45:27] [51/296] GKTK
[09:45:28] [52/296] YFSN
[09:45:29] [53/296] GCSG
[09:45:30] [54/296] ESSM
[09:45:30] [55/296] KRIH
[09:45:31] [56/296] GCDS
[09:45:32] [57/296] CCSH
[09:45:34] [58/296] ACSK
[09:45:35] [59/296] APRK
[09:45:36] [60/296] ADKM
[09:45:37] [61/296] SRDM
[09:45:38] [62/296] RMOG
[09:45:39] [63/296] SJMY
[09:45:39] [64/296] PGGC
[09:45:40] [65/296] INGM
[09:45:41] [66/296] LSCB
[09:45:42] [67/296] STAD
[09:45:43] [68/296] MCCR
[09:45:44] [69/296] ABCC
[09:45:45] [70/296] RKCC
[09:45:46] [71/296] RTCR
[09:45:47] [72/296] GGBC
[09:45:47] [73/296] GCSD
[09:45:48] [74/296] LPTY
[09:45:50] [75/296] MCFD
[09:45:51] [76/296] HENN
[09:45:51] [77/296] SMKU
[09:45:52] [78/296] TNZC
[09:45:53] [79/296] DRCD
[09:45:54] [80/296] DLCD
[09:45:55] [81/296] RCDA
[09:45:56] [82/296] COSM
[09:45:57] [83/296] MCMJ
[09:45:57] [84/296] CSTR
[09:45:58] [85/296] CVDK
[09:45:59] [86/296] INRR
[09:46:00] [87/296] RJRT
[09:46:01] [88/296] IRMR
[09:46:02] [89/296] SRCF
[09:46:03] [90/296] GRCR
[09:46:04] [91/296] SURC
[09:46:05] [92/296] NMNH
[09:46:06] [93/296] SVBL
[09:46:07] [94/296] KACI
[09:46:08] [95/296] TDGO
[09:46:09] [96/296] KTBR
[09:46:10] [97/296] PMAD
[09:46:10] [98/296] CCPN
[09:46:11] [99/296] SBTK
[09:46:12] [100/296] LMDK
[09:46:13] [101/296] PGDA
[09:46:14] [102/296] SRML
[09:46:15] [103/296] EVCK
[09:46:16] [104/296] RTTK
[09:46:17] [105/296] SRTU
[09:46:18] [106/296] VRSA
[09:46:19] [107/296] VARS
[09:46:20] [108/296] DSCZ
[09:46:21] [109/296] GAGA
[09:46:21] [110/296] SARV
[09:46:22] [111/296] SEEG
[09:46:23] [112/296] GLCA
[09:46:24] [113/296] APAS
[09:46:25] [114/296] VCIA
[09:46:25] [115/296] SJTA
[09:46:26] [116/296] SABM
[09:46:27] [117/296] PPAG
[09:46:28] [118/296] RVCA
[09:46:29] [119/296] CCIA
[09:46:30] [120/296] HTAG
[09:46:31] [121/296] SMBI
[09:46:31] [122/296] MCJR
[09:46:32] [123/296] CCJR
[09:46:34] [124/296] SINF
[09:46:34] [125/296] CPLX
[09:46:35] [126/296] KKTJ
[09:46:36] [127/296] GDBW
[09:46:37] [128/296] CSUB
[09:46:38] [129/296] DABA
[09:46:38] [130/296] TITR
[09:46:39] [131/296] NYCR
[09:46:40] [132/296] RTRY
[09:46:41] [133/296] JTJL
[09:46:42] [134/296] SJCP
[09:46:43] [135/296] KCCA
[09:46:43] [136/296] MLPG
[09:46:44] [137/296] VRCK
[09:46:45] [138/296] SRIN
[09:46:45] [139/296] CXMK
[09:46:46] [140/296] SKAD
[09:46:47] [141/296] AVTR
[09:46:48] [142/296] PTAJ
[09:46:49] [143/296] SCNK
[09:46:49] [144/296] STTI
[09:46:50] [145/296] KACR
[09:46:51] [146/296] SSDX
[09:46:52] [147/296] VRTJ
[09:46:53] [148/296] RAJD
[09:46:54] [149/296] SCIP
[09:46:55] [150/296] RJSL
[09:46:55] [151/296] ARRS
[09:46:56] [152/296] ASMS
[09:46:57] [153/296] RDTS
[09:46:58] [154/296] DVMY
[09:46:58] [155/296] RASA
[09:46:59] [156/296] INOM
[09:47:00] [157/296] SPRS
[09:47:01] [158/296] SGCS
[09:47:02] [159/296] SALM
[09:47:03] [160/296] PKHC
[09:47:04] [161/296] RCSV
[09:47:05] [162/296] CPKC
[09:47:06] [163/296] AACD
[09:47:07] [164/296] GGCV
[09:47:08] [165/296] SMKD
[09:47:09] [166/296] NBCH
[09:47:10] [167/296] AMCB
[09:47:10] [168/296] OPCN
[09:47:11] [169/296] DCIN
[09:47:12] [170/296] INGW
[09:47:13] [171/296] PKKW
[09:47:15] [172/296] FNGW
[09:47:15] [173/296] GCGD
[09:47:16] [174/296] MSTW
[09:47:17] [175/296] KCCG
[09:47:18] [176/296] MRSS
[09:47:19] [177/296] CLCF
[09:47:20] [178/296] EETS
[09:47:20] [179/296] AATR
[09:47:21] [180/296] CMMN
[09:47:22] [181/296] SCCJ
[09:47:23] [182/296] CDTK
[09:47:24] [183/296] AICP
[09:47:25] [184/296] FNBP
[09:47:26] [185/296] CBPB
[09:47:27] [186/296] CPAS
[09:47:28] [187/296] MAPM
[09:47:29] [188/296] PASD
[09:47:29] [189/296] JCMN
[09:47:30] [190/296] MALB
[09:47:31] [191/296] SACG
[09:47:32] [192/296] DDRX
[09:47:33] [193/296] DDXB
[09:47:34] [194/296] RAMC
[09:47:34] [195/296] SANC
[09:47:35] [196/296] BCBP
[09:47:36] [197/296] ALPC
[09:47:37] [198/296] RBAC
[09:47:37] [199/296] RAJL
[09:47:38] [200/296] MPDX
[09:47:39] [201/296] MUSC
[09:47:40] [202/296] VKMK
[09:47:41] [203/296] SKCG
[09:47:42] [204/296] ANCN
[09:47:42] [205/296] MMCJ
[09:47:43] [206/296] DCAK
[09:47:44] [207/296] SCKG
[09:47:45] [208/296] LMCK
[09:47:46] [209/296] CKKX
[09:47:47] [210/296] ANKU
[09:47:48] [211/296] CSMD
[09:47:49] [212/296] MKMP
[09:47:50] [213/296] SVBG
[09:47:50] [214/296] ROOP
[09:47:51] [215/296] GDMT
[09:47:52] [216/296] FPPF
[09:47:53] [217/296] SFUU
[09:47:53] [218/296] ANCB
[09:47:54] [219/296] SMMC
[09:47:55] [220/296] UGKT
[09:47:56] [221/296] JVRM
[09:47:58] [222/296] BATG
[09:47:58] [223/296] RATE
[09:47:59] [224/296] SKME
[09:48:00] [225/296] LMTP
[09:48:01] [226/296] TCBD
[09:48:01] [227/296] ESBD
[09:48:02] [228/296] GDCU
[09:48:03] [229/296] SNKT
[09:48:04] [230/296] SRNK
[09:48:05] [231/296] SMED
[09:48:06] [232/296] CSQS
[09:48:07] [233/296] ALCS
[09:48:08] [234/296] KCKN
[09:48:09] [235/296] VCCL
[09:48:10] [236/296] MCDA
[09:48:11] [237/296] SHMI
[09:48:12] [238/296] SKHA
[09:48:12] [239/296] SVFK
[09:48:13] [240/296] INVB
[09:48:14] [241/296] MELD
[09:48:15] [242/296] JTYS
[09:48:16] [243/296] INCM
[09:48:17] [244/296] MCDV
[09:48:18] [245/296] KSGK
[09:48:18] [246/296] ICMG
[09:48:19] [247/296] CSCV
[09:48:20] [248/296] STMD
[09:48:21] [249/296] STTR
[09:48:22] [250/296] INVC
[09:48:23] [251/296] JTBL
[09:48:24] [252/296] SRVV
[09:48:24] [253/296] MAVC
[09:48:25] [254/296] SRPP
[09:48:26] [255/296] JGDM
[09:48:27] [256/296] MBSJ
[09:48:28] [257/296] SSLL
[09:48:28] [258/296] SLKP
[09:48:29] [259/296] NSRV
[09:48:30] [260/296] UTDV
[09:48:31] [261/296] KICM
[09:48:32] [262/296] KCMD
[09:48:33] [263/296] TTPP
[09:48:34] [264/296] KMPV
[09:48:35] [265/296] SKTV
[09:48:36] [266/296] STCV
[09:48:37] [267/296] SRDA
[09:48:38] [268/296] JTSX
[09:48:38] [269/296] STBV
[09:48:39] [270/296] APVZ
[09:48:40] [271/296] GSTV
[09:48:41] [272/296] NMVS
[09:48:41] [273/296] SKRT
[09:48:42] [274/296] RMDV
[09:48:43] [275/296] RATG
[09:48:44] [276/296] SJYV
[09:48:45] [277/296] NDGP
[09:48:46] [278/296] SNDG
[09:48:47] [279/296] INSR
[09:48:48] [280/296] INSO
[09:48:49] [281/296] CCSI
[09:48:50] [282/296] RASM
[09:48:51] [283/296] NEWC
[09:48:51] [284/296] VSHL
[09:48:52] [285/296] BISW
[09:48:53] [286/296] GCNG
[09:48:54] [287/296] CWSC
[09:48:55] [288/296] SKAN
[09:48:56] [289/296] SEHP
[09:48:57] [290/296] CCOA
[09:48:58] [291/296] MCAJ
[09:48:59] [292/296] ACDE
[09:48:59] [293/296] AACM
[09:49:00] [294/296] JJCK
[09:49:01] [295/296] RCMO
[09:49:02] [296/296] GDAW
[09:49:03] 🧹 Deduping shows
[09:49:03] ✅ DONE | Shows=14 | Movies=4
