[09:44:44] 🚀 SCRIPT STARTED
[09:44:44] [1/324] GCTA
[09:44:44] 🧠 New identity created
[09:44:45] [2/324] TOPN
[09:44:45] [3/324] MCUS
[09:44:46] [4/324] SHRL
[09:44:47] [5/324] UPTP
[09:44:48] [6/324] TMMP
[09:44:49] [7/324] DNRP
[09:44:50] [8/324] SRLT
[09:44:50] [9/324] RCNS
[09:44:52] [10/324] DCBH
[09:44:53] [11/324] NAGJ
[09:44:54] [12/324] JVRC
[09:44:55] [13/324] KRJG
[09:44:56] [14/324] SRTJ
[09:44:56] [15/324] CMXM
[09:44:57] [16/324] STMI
[09:44:59] [17/324] SLST
[09:45:00] [18/324] DTCN
[09:45:01] [19/324] STYN
[09:45:02] [20/324] SZVR
[09:45:02] [21/324] SRKO
[09:45:03] [22/324] JTGT
[09:45:04] [23/324] SVFD
[09:45:05] [24/324] SISD
[09:45:06] [25/324] ABDD
[09:45:06] [26/324] DRCA
[09:45:07] [27/324] AVCS
[09:45:08] [28/324] MVKH
[09:45:09] [29/324] ACPR
[09:45:10] [30/324] STIP
[09:45:11] [31/324] MTRA
[09:45:12] [32/324] RMKH
[09:45:13] [33/324] NKRL
[09:45:13] [34/324] PCWN
[09:45:14] [35/324] BLMT
[09:45:15] [36/324] GDPG
[09:45:16] [37/324] SRMX
[09:45:17] [38/324] JACP
[09:45:18] [39/324] CPSH
[09:45:19] [40/324] MCCD
[09:45:20] [41/324] ECGH
[09:45:21] [42/324] MKCK
[09:45:22] [43/324] SRMM
[09:45:23] [44/324] SKYR
[09:45:24] [45/324] PCKC
[09:45:25] [46/324] JCMA
[09:45:25] [47/324] BSMP
[09:45:26] [48/324] VSPA
[09:45:27] [49/324] DJYA
[09:45:28] [50/324] DIMP
[09:45:29] [51/324] FXDR
[09:45:30] [52/324] SSRC
[09:45:30] [53/324] STHP
[09:45:31] [54/324] CPPD
[09:45:32] [55/324] FCLK
[09:45:33] [56/324] SCPP
[09:45:34] [57/324] DCMJ
[09:45:35] [58/324] RCCR
[09:45:36] [59/324] INMT
[09:45:38] [60/324] LXTK
[09:45:38] [61/324] SRYK
[09:45:39] [62/324] SGDK
[09:45:40] [63/324] PPKA
[09:45:41] [64/324] SPKA
[09:45:42] [65/324] CGHH
[09:45:42] [66/324] DCJN
[09:45:43] [67/324] SRKV
[09:45:44] [68/324] SAJC
[09:45:45] [69/324] SUSR
[09:45:46] [70/324] STYG
[09:45:47] [71/324] NTKP
[09:45:48] [72/324] AKTG
[09:45:48] [73/324] CGCM
[09:45:49] [74/324] TULC
[09:45:50] [75/324] NYYZ
[09:45:51] [76/324] NYBW
[09:45:52] [77/324] MACB
[09:45:53] [78/324] SLVT
[09:45:54] [79/324] SANA
[09:45:55] [80/324] ACMR
[09:45:56] [81/324] CPKN
[09:45:57] [82/324] DLGK
[09:45:58] [83/324] CWCK
[09:45:59] [84/324] FDDH
[09:46:00] [85/324] MMMD
[09:46:01] [86/324] CMEH
[09:46:02] [87/324] GGGV
[09:46:02] [88/324] SPJL
[09:46:03] [89/324] RCCD
[09:46:04] [90/324] STTZ
[09:46:04] [91/324] BTCF
[09:46:05] [92/324] TSTZ
[09:46:06] [93/324] IPMM
[09:46:07] [94/324] PMPW
[09:46:08] [95/324] PCMZ
[09:46:08] [96/324] ESEM
[09:46:09] [97/324] PIPO
[09:46:10] [98/324] MATK
[09:46:11] [99/324] PGHM
[09:46:12] [100/324] CTSR
[09:46:13] [101/324] CYKR
[09:46:13] [102/324] MSCM
[09:46:14] [103/324] RFNP
[09:46:15] [104/324] PDCP
[09:46:16] [105/324] NPSE
[09:46:16] [106/324] MKML
[09:46:17] [107/324] FTDP
[09:46:18] [108/324] MMXA
[09:46:19] [109/324] CEPO
[09:46:20] [110/324] CMVP
[09:46:21] [111/324] SGTH
[09:46:21] [112/324] SAYN
[09:46:23] [113/324] URVS
[09:46:24] [114/324] VJTN
[09:46:24] [115/324] BBYK
[09:46:25] [116/324] SHBO
[09:46:26] [117/324] VCMR
[09:46:27] [118/324] MACT
[09:46:28] [119/324] JMNP
[09:46:29] [120/324] VICS
[09:46:29] [121/324] VCDA
[09:46:30] [122/324] GCMM
[09:46:31] [123/324] INVS
[09:46:32] [124/324] SCGM
[09:46:33] [125/324] PCDA
[09:46:34] [126/324] KDCT
[09:46:36] [127/324] JACS
[09:46:36] [128/324] GMMC
[09:46:37] [129/324] AICM
[09:46:38] [130/324] TJCM
[09:46:39] [131/324] RMTI
[09:46:40] [132/324] SHAC
[09:46:41] [133/324] APJC
[09:46:42] [134/324] GCTG
[09:46:43] [135/324] SSMC
[09:46:44] [136/324] THRM
[09:46:44] [137/324] RBCT
[09:46:45] [138/324] DIKT
[09:46:46] [139/324] MIDL
[09:46:47] [140/324] VCSN
[09:46:48] [141/324] SKTG
[09:46:49] [142/324] SMWC
[09:46:50] [143/324] MNKH
[09:46:50] [144/324] PIAT
[09:46:51] [145/324] LTTP
[09:46:52] [146/324] PTPU
[09:46:53] [147/324] ACMG
[09:46:54] [148/324] SHMM
[09:46:55] [149/324] MCMN
[09:46:56] [150/324] GLDC
[09:46:56] [151/324] HOUT
[09:46:57] [152/324] SVRP
[09:46:58] [153/324] PVDN
[09:46:59] [154/324] SCPY
[09:46:59] [155/324] DTPY
[09:47:00] [156/324] GKCS
[09:47:01] [157/324] NCAM
[09:47:02] [158/324] BSRM
[09:47:03] [159/324] RCLC
[09:47:04] [160/324] SKKD
[09:47:04] [161/324] ACHU
[09:47:05] [162/324] RSCF
[09:47:06] [163/324] IMSH
[09:47:07] [164/324] MACX
[09:47:08] [165/324] HMMW
[09:47:09] [166/324] JTCP
[09:47:10] [167/324] SREN
[09:47:11] [168/324] PJRR
[09:47:12] [169/324] INAC
[09:47:12] [170/324] BMCA
[09:47:13] [171/324] SHCB
[09:47:14] [172/324] GABA
[09:47:15] [173/324] SBCT
[09:47:16] [174/324] GCMA
[09:47:18] [175/324] MYTK
[09:47:19] [176/324] INZS
[09:47:20] [177/324] RMIK
[09:47:22] [178/324] NYCH
[09:47:23] [179/324] RAVE
[09:47:24] [180/324] PSXM
[09:47:24] [181/324] MCGP
[09:47:25] [182/324] PDDK
[09:47:27] [183/324] SPCK
[09:47:27] [184/324] MCRL
[09:47:28] [185/324] MHKT
[09:47:29] [186/324] ANRR
[09:47:30] [187/324] SAPK
[09:47:30] [188/324] NCUK
[09:47:31] [189/324] JUGA
[09:47:32] [190/324] DBSC
[09:47:33] [191/324] LALK
[09:47:34] [192/324] GUCK
[09:47:35] [193/324] STSG
[09:47:36] [194/324] PPPZ
[09:47:37] [195/324] CNCY
[09:47:38] [196/324] MTAR
[09:47:38] [197/324] VNKD
[09:47:39] [198/324] KMAJ
[09:47:40] [199/324] ACXK
[09:47:41] [200/324] UTKC
[09:47:41] [201/324] PBLK
[09:47:42] [202/324] ACBX
[09:47:44] [203/324] PTGM
[09:47:44] [204/324] BTDA
[09:47:45] [205/324] PJMB
[09:47:46] [206/324] TPDA
[09:47:47] [207/324] AMOE
[09:47:48] [208/324] PRHT
[09:47:49] [209/324] PRTA
[09:47:49] [210/324] STAM
[09:47:50] [211/324] MSAA
[09:47:51] [212/324] SDLU
[09:47:52] [213/324] RCHH
[09:47:52] [214/324] KANT
[09:47:53] [215/324] FCRT
[09:47:54] [216/324] DNKM
[09:47:55] [217/324] RYCP
[09:47:56] [218/324] MYRP
[09:47:57] [219/324] PPAK
[09:47:57] [220/324] NVPK
[09:47:58] [221/324] PRMC
[09:47:59] [222/324] JBCS
[09:48:00] [223/324] GXCK
[09:48:01] [224/324] USKO
[09:48:01] [225/324] GTEM
[09:48:02] [226/324] SMBU
[09:48:03] [227/324] VETC
[09:48:04] [228/324] LCDA
[09:48:05] [229/324] MTVT
[09:48:05] [230/324] PYCP
[09:48:06] [231/324] PNSC
[09:48:07] [232/324] PPCC
[09:48:08] [233/324] TGRT
[09:48:08] [234/324] JYOT
[09:48:09] [235/324] SRCZ
[09:48:11] [236/324] SJTE
[09:48:11] [237/324] DESC
[09:48:12] [238/324] JHVN
[09:48:13] [239/324] IPSG
[09:48:14] [240/324] IPCM
[09:48:15] [241/324] PDRS
[09:48:15] [242/324] ANCV
[09:48:16] [243/324] CMVV
[09:48:17] [244/324] SHYP
[09:48:18] [245/324] DNCS
[09:48:19] [246/324] GAJK
[09:48:20] [247/324] AKTN
[09:48:21] [248/324] KAYA
[09:48:22] [249/324] SBRC
[09:48:22] [250/324] CHTP
[09:48:23] [251/324] SHRT
[09:48:25] [252/324] BCKU
[09:48:26] [253/324] FCPS
[09:48:26] [254/324] ARDD
[09:48:27] [255/324] CPCM
[09:48:28] [256/324] CGSM
[09:48:29] [257/324] PSMP
[09:48:30] [258/324] SDAL
[09:48:31] [259/324] RTNB
[09:48:32] [260/324] LMCR
[09:48:32] [261/324] CIMA
[09:48:33] [262/324] RNAS
[09:48:34] [263/324] LITH
[09:48:35] [264/324] PBOX
[09:48:36] [265/324] FRTS
[09:48:37] [266/324] RKIC
[09:48:38] [267/324] PTAI
[09:48:39] [268/324] GCIC
[09:48:39] [269/324] FNAS
[09:48:40] [270/324] SCAR
[09:48:42] [271/324] MTCA
[09:48:43] [272/324] SCTS
[09:48:44] [273/324] SYCS
[09:48:44] [274/324] RDMS
[09:48:45] [275/324] KAMP
[09:48:46] [276/324] ERSD
[09:48:47] [277/324] MJMJ
[09:48:48] [278/324] SRCJ
[09:48:49] [279/324] SCXE
[09:48:50] [280/324] SVFR
[09:48:51] [281/324] BHCS
[09:48:51] [282/324] IMCC
[09:48:52] [283/324] PCBO
[09:48:53] [284/324] PRVN
[09:48:54] [285/324] AUPM
[09:48:55] [286/324] INBW
[09:48:56] [287/324] SVCW
[09:48:57] [288/324] RKCF
[09:48:58] [289/324] UVBH
[09:48:59] [290/324] DNCY
[09:49:00] [291/324] ABCN
[09:49:01] [292/324] PRUR
[09:49:02] [293/324] PFMR
[09:49:03] [294/324] RKCN
[09:49:04] [295/324] CFEA
[09:49:05] [296/324] SDBG
[09:49:06] [297/324] SNAR
[09:49:06] [298/324] YISI
[09:49:07] [299/324] JCFF
[09:49:08] [300/324] VTRK
[09:49:09] [301/324] PCLZ
[09:49:09] [302/324] DIMY
[09:49:10] [303/324] BBTS
[09:49:11] [304/324] GATH
[09:49:12] [305/324] GTMN
[09:49:13] [306/324] VTMH
[09:49:14] [307/324] CCKP
[09:49:14] [308/324] GPKA
[09:49:15] [309/324] MHCL
[09:49:16] [310/324] ATCL
[09:49:17] [311/324] SBCK
[09:49:17] [312/324] AMMR
[09:49:18] [313/324] MADC
[09:49:19] [314/324] TMMA
[09:49:20] [315/324] CACC
[09:49:21] [316/324] CHAL
[09:49:21] [317/324] DURG
[09:49:22] [318/324] GMKU
[09:49:23] [319/324] GECA
[09:49:24] [320/324] KYRR
[09:49:25] [321/324] KSDE
[09:49:26] [322/324] LMCI
[09:49:27] [323/324] NKCP
[09:49:28] [324/324] BGTC
[09:49:29] 🧹 Deduping shows
[09:49:29] ✅ DONE | Shows=30 | Movies=5
[16:59:35] 🚀 SCRIPT STARTED
[16:59:35] [1/324] GCTA
[16:59:35] 🧠 New identity created
[16:59:36] [2/324] TOPN
[16:59:37] [3/324] MCUS
[16:59:37] [4/324] SHRL
[16:59:38] [5/324] UPTP
[16:59:39] [6/324] TMMP
[16:59:40] [7/324] DNRP
[16:59:41] [8/324] SRLT
[16:59:41] [9/324] RCNS
[16:59:43] [10/324] DCBH
[16:59:44] [11/324] NAGJ
[16:59:45] [12/324] JVRC
[16:59:45] [13/324] KRJG
[16:59:46] [14/324] SRTJ
[16:59:47] [15/324] CMXM
[16:59:48] [16/324] STMI
[16:59:49] [17/324] SLST
[16:59:50] [18/324] DTCN
[16:59:51] [19/324] STYN
[16:59:52] [20/324] SZVR
[16:59:53] [21/324] SRKO
[16:59:54] [22/324] JTGT
[16:59:55] [23/324] SVFD
[16:59:56] [24/324] SISD
[16:59:56] [25/324] ABDD
[16:59:57] [26/324] DRCA
[16:59:58] [27/324] AVCS
[16:59:59] [28/324] MVKH
[17:00:00] [29/324] ACPR
[17:00:01] [30/324] STIP
[17:00:01] [31/324] MTRA
[17:00:02] [32/324] RMKH
[17:00:03] [33/324] NKRL
[17:00:05] [34/324] PCWN
[17:00:05] [35/324] BLMT
[17:00:06] [36/324] GDPG
[17:00:07] [37/324] SRMX
[17:00:08] [38/324] JACP
[17:00:09] [39/324] CPSH
[17:00:10] [40/324] MCCD
[17:00:11] [41/324] ECGH
[17:00:12] [42/324] MKCK
[17:00:13] [43/324] SRMM
[17:00:14] [44/324] SKYR
[17:00:15] [45/324] PCKC
[17:00:15] [46/324] JCMA
[17:00:16] [47/324] BSMP
[17:00:17] [48/324] VSPA
[17:00:18] [49/324] DJYA
[17:00:19] [50/324] DIMP
[17:00:20] [51/324] FXDR
[17:00:21] [52/324] SSRC
[17:00:22] [53/324] STHP
[17:00:23] [54/324] CPPD
[17:00:23] [55/324] FCLK
[17:00:24] [56/324] SCPP
[17:00:25] [57/324] DCMJ
[17:00:26] [58/324] RCCR
[17:00:27] [59/324] INMT
[17:00:28] [60/324] LXTK
[17:00:28] [61/324] SRYK
[17:00:29] [62/324] SGDK
[17:00:30] [63/324] PPKA
[17:00:31] [64/324] SPKA
[17:00:32] [65/324] CGHH
[17:00:33] [66/324] DCJN
[17:00:34] [67/324] SRKV
[17:00:35] [68/324] SAJC
[17:00:36] [69/324] SUSR
[17:00:37] [70/324] STYG
[17:00:38] [71/324] NTKP
[17:00:38] [72/324] AKTG
[17:00:39] [73/324] CGCM
[17:00:40] [74/324] TULC
[17:00:41] [75/324] NYYZ
[17:00:42] [76/324] NYBW
[17:00:42] [77/324] MACB
[17:00:43] [78/324] SLVT
[17:00:44] [79/324] SANA
[17:00:45] [80/324] ACMR
[17:00:45] [81/324] CPKN
[17:00:46] [82/324] DLGK
[17:00:47] [83/324] CWCK
[17:00:48] [84/324] FDDH
[17:00:49] [85/324] MMMD
[17:00:49] [86/324] CMEH
[17:00:50] [87/324] GGGV
[17:00:52] [88/324] SPJL
[17:00:52] [89/324] RCCD
[17:00:53] [90/324] STTZ
[17:00:54] [91/324] BTCF
[17:00:55] [92/324] TSTZ
[17:00:55] [93/324] IPMM
[17:00:57] [94/324] PMPW
[17:00:58] [95/324] PCMZ
[17:00:59] [96/324] ESEM
[17:01:00] [97/324] PIPO
[17:01:00] [98/324] MATK
[17:01:01] [99/324] PGHM
[17:01:02] [100/324] CTSR
[17:01:03] [101/324] CYKR
[17:01:04] [102/324] MSCM
[17:01:05] [103/324] RFNP
[17:01:05] [104/324] PDCP
[17:01:06] [105/324] NPSE
[17:01:07] [106/324] MKML
[17:01:08] [107/324] FTDP
[17:01:09] [108/324] MMXA
[17:01:10] [109/324] CEPO
[17:01:11] [110/324] CMVP
[17:01:12] [111/324] SGTH
[17:01:13] [112/324] SAYN
[17:01:14] [113/324] URVS
[17:01:15] [114/324] VJTN
[17:01:16] [115/324] BBYK
[17:01:17] [116/324] SHBO
[17:01:18] [117/324] VCMR
[17:01:18] [118/324] MACT
[17:01:20] [119/324] JMNP
[17:01:21] [120/324] VICS
[17:01:21] [121/324] VCDA
[17:01:22] [122/324] GCMM
[17:01:23] [123/324] INVS
[17:01:24] [124/324] SCGM
[17:01:25] [125/324] PCDA
[17:01:26] [126/324] KDCT
[17:01:27] [127/324] JACS
[17:01:28] [128/324] GMMC
[17:01:29] [129/324] AICM
[17:01:29] [130/324] TJCM
[17:01:30] [131/324] RMTI
[17:01:31] [132/324] SHAC
[17:01:32] [133/324] APJC
[17:01:33] [134/324] GCTG
[17:01:34] [135/324] SSMC
[17:01:34] [136/324] THRM
[17:01:35] [137/324] RBCT
[17:01:36] [138/324] DIKT
[17:01:37] [139/324] MIDL
[17:01:38] [140/324] VCSN
[17:01:39] [141/324] SKTG
[17:01:41] [142/324] SMWC
[17:01:42] [143/324] MNKH
[17:01:43] [144/324] PIAT
[17:01:44] [145/324] LTTP
[17:01:44] [146/324] PTPU
[17:01:45] [147/324] ACMG
[17:01:46] [148/324] SHMM
[17:01:47] [149/324] MCMN
[17:01:48] [150/324] GLDC
[17:01:48] [151/324] HOUT
[17:01:49] [152/324] SVRP
[17:01:50] [153/324] PVDN
[17:01:51] [154/324] SCPY
[17:01:53] [155/324] DTPY
[17:01:53] [156/324] GKCS
[17:01:54] [157/324] NCAM
[17:01:55] [158/324] BSRM
[17:01:56] [159/324] RCLC
[17:01:57] [160/324] SKKD
[17:01:58] [161/324] ACHU
[17:01:59] [162/324] RSCF
[17:01:59] [163/324] IMSH
[17:02:00] [164/324] MACX
[17:02:01] [165/324] HMMW
[17:02:02] [166/324] JTCP
[17:02:02] [167/324] SREN
[17:02:03] [168/324] PJRR
[17:02:04] [169/324] INAC
[17:02:05] [170/324] BMCA
[17:02:06] [171/324] SHCB
[17:02:07] [172/324] GABA
[17:02:08] [173/324] SBCT
[17:02:08] [174/324] GCMA
[17:02:09] [175/324] MYTK
[17:02:10] [176/324] INZS
[17:02:11] [177/324] RMIK
[17:02:12] [178/324] NYCH
[17:02:13] [179/324] RAVE
[17:02:14] [180/324] PSXM
[17:02:15] [181/324] MCGP
[17:02:15] [182/324] PDDK
[17:02:16] [183/324] SPCK
[17:02:17] [184/324] MCRL
[17:02:17] [185/324] MHKT
[17:02:18] [186/324] ANRR
[17:02:19] [187/324] SAPK
[17:02:20] [188/324] NCUK
[17:02:21] [189/324] JUGA
[17:02:22] [190/324] DBSC
[17:02:23] [191/324] LALK
[17:02:24] [192/324] GUCK
[17:02:25] [193/324] STSG
[17:02:26] [194/324] PPPZ
[17:02:26] [195/324] CNCY
[17:02:27] [196/324] MTAR
[17:02:29] [197/324] VNKD
[17:02:30] [198/324] KMAJ
[17:02:30] [199/324] ACXK
[17:02:31] [200/324] UTKC
[17:02:33] [201/324] PBLK
[17:02:33] [202/324] ACBX
[17:02:35] [203/324] PTGM
[17:02:36] [204/324] BTDA
[17:02:37] [205/324] PJMB
[17:02:38] [206/324] TPDA
[17:02:39] [207/324] AMOE
[17:02:39] [208/324] PRHT
[17:02:40] [209/324] PRTA
[17:02:41] [210/324] STAM
[17:02:42] [211/324] MSAA
[17:02:42] [212/324] SDLU
[17:02:43] [213/324] RCHH
[17:02:44] [214/324] KANT
[17:02:45] [215/324] FCRT
[17:02:46] [216/324] DNKM
[17:02:47] [217/324] RYCP
[17:02:48] [218/324] MYRP
[17:02:48] [219/324] PPAK
[17:02:49] [220/324] NVPK
[17:02:50] [221/324] PRMC
[17:02:51] [222/324] JBCS
[17:02:52] [223/324] GXCK
[17:02:52] [224/324] USKO
[17:02:53] [225/324] GTEM
[17:02:54] [226/324] SMBU
[17:02:55] [227/324] VETC
[17:02:55] [228/324] LCDA
[17:02:56] [229/324] MTVT
[17:02:57] [230/324] PYCP
[17:02:58] [231/324] PNSC
[17:02:59] [232/324] PPCC
[17:02:59] [233/324] TGRT
[17:03:00] [234/324] JYOT
[17:03:01] [235/324] SRCZ
[17:03:02] [236/324] SJTE
[17:03:03] [237/324] DESC
[17:03:04] [238/324] JHVN
[17:03:05] [239/324] IPSG
[17:03:06] [240/324] IPCM
[17:03:07] [241/324] PDRS
[17:03:07] [242/324] ANCV
[17:03:08] [243/324] CMVV
[17:03:09] [244/324] SHYP
[17:03:10] [245/324] DNCS
[17:03:11] [246/324] GAJK
[17:03:11] [247/324] AKTN
[17:03:12] [248/324] KAYA
[17:03:13] [249/324] SBRC
[17:03:14] [250/324] CHTP
[17:03:15] [251/324] SHRT
[17:03:16] [252/324] BCKU
[17:03:17] [253/324] FCPS
[17:03:17] [254/324] ARDD
[17:03:18] [255/324] CPCM
[17:03:19] [256/324] CGSM
[17:03:20] [257/324] PSMP
[17:03:21] [258/324] SDAL
[17:03:22] [259/324] RTNB
[17:03:23] [260/324] LMCR
[17:03:24] [261/324] CIMA
[17:03:25] [262/324] RNAS
[17:03:27] [263/324] LITH
[17:03:27] [264/324] PBOX
[17:03:28] [265/324] FRTS
[17:03:29] [266/324] RKIC
[17:03:30] [267/324] PTAI
[17:03:31] [268/324] GCIC
[17:03:31] [269/324] FNAS
[17:03:32] [270/324] SCAR
[17:03:33] [271/324] MTCA
[17:03:34] [272/324] SCTS
[17:03:35] [273/324] SYCS
[17:03:35] [274/324] RDMS
[17:03:36] [275/324] KAMP
[17:03:37] [276/324] ERSD
[17:03:38] [277/324] MJMJ
[17:03:39] [278/324] SRCJ
[17:03:40] [279/324] SCXE
[17:03:41] [280/324] SVFR
[17:03:42] [281/324] BHCS
[17:03:43] [282/324] IMCC
[17:03:44] [283/324] PCBO
[17:03:45] [284/324] PRVN
[17:03:47] [285/324] AUPM
[17:03:47] [286/324] INBW
[17:03:49] [287/324] SVCW
[17:03:50] [288/324] RKCF
[17:03:50] [289/324] UVBH
[17:03:52] [290/324] DNCY
[17:03:53] [291/324] ABCN
[17:03:53] [292/324] PRUR
[17:03:54] [293/324] PFMR
[17:03:56] [294/324] RKCN
[17:03:57] [295/324] CFEA
[17:03:58] [296/324] SDBG
[17:03:58] [297/324] SNAR
[17:04:00] [298/324] YISI
[17:04:01] [299/324] JCFF
[17:04:02] [300/324] VTRK
[17:04:02] [301/324] PCLZ
[17:04:03] [302/324] DIMY
[17:04:04] [303/324] BBTS
[17:04:05] [304/324] GATH
[17:04:06] [305/324] GTMN
[17:04:07] [306/324] VTMH
[17:04:08] [307/324] CCKP
[17:04:08] [308/324] GPKA
[17:04:09] [309/324] MHCL
[17:04:10] [310/324] ATCL
[17:04:11] [311/324] SBCK
[17:04:12] [312/324] AMMR
[17:04:13] [313/324] MADC
[17:04:14] [314/324] TMMA
[17:04:15] [315/324] CACC
[17:04:16] [316/324] CHAL
[17:04:18] [317/324] DURG
[17:04:19] [318/324] GMKU
[17:04:19] [319/324] GECA
[17:04:21] [320/324] KYRR
[17:04:22] [321/324] KSDE
[17:04:23] [322/324] LMCI
[17:04:24] [323/324] NKCP
[17:04:25] [324/324] BGTC
[17:04:26] 🧹 Deduping shows
[17:04:26] ✅ DONE | Shows=30 | Movies=5
