[09:34:16] 🚀 SCRIPT STARTED
[09:34:16] [1/445] TGMR
[09:34:17] 🧠 New identity created
[09:34:18] [2/445] CXKR
[09:34:19] [3/445] SROP
[09:34:19] [4/445] GTSV
[09:34:20] [5/445] SNTY
[09:34:21] [6/445] SMYY
[09:34:22] [7/445] CNCS
[09:34:23] [8/445] CSTM
[09:34:24] [9/445] NUCD
[09:34:25] [10/445] SHCZ
[09:34:25] [11/445] NJCT
[09:34:26] [12/445] COPC
[09:34:27] [13/445] STVV
[09:34:28] [14/445] SKRN
[09:34:29] [15/445] APPZ
[09:34:31] [16/445] YMGN
[09:34:31] [17/445] SVTU
[09:34:32] [18/445] GTAD
[09:34:33] [19/445] PSUS
[09:34:34] [20/445] SMCD
[09:34:35] [21/445] CMCM
[09:34:36] [22/445] SYCT
[09:34:37] [23/445] STLY
[09:34:38] [24/445] CMHU
[09:34:39] [25/445] CMSA
[09:34:40] [26/445] CLCU
[09:34:41] [27/445] PPNT
[09:34:42] [28/445] JTAB
[09:34:43] [29/445] BUUC
[09:34:44] [30/445] BSVK
[09:34:45] [31/445] VVVQ
[09:34:46] [32/445] TKMU
[09:34:47] [33/445] ESYL
[09:34:48] [34/445] ACHP
[09:34:49] [35/445] BTKD
[09:34:50] [36/445] DESA
[09:34:51] [37/445] GBCT
[09:34:52] [38/445] BLLD
[09:34:53] [39/445] SKNT
[09:34:53] [40/445] SSTE
[09:34:54] [41/445] VJMR
[09:34:55] [42/445] NTPU
[09:34:56] [43/445] RDKN
[09:34:57] [44/445] ADGC
[09:34:58] [45/445] VRBP
[09:34:59] [46/445] NMNA
[09:35:00] [47/445] CMMX
[09:35:00] [48/445] PTKO
[09:35:02] [49/445] RBML
[09:35:02] [50/445] SAIC
[09:35:03] [51/445] SVTJ
[09:35:04] [52/445] MRTE
[09:35:06] [53/445] RBTP
[09:35:08] [54/445] NLPS
[09:35:10] [55/445] GTNA
[09:35:10] [56/445] DGGC
[09:35:11] [57/445] SMCR
[09:35:12] [58/445] SCGD
[09:35:13] [59/445] SRRJ
[09:35:14] [60/445] CNRY
[09:35:15] [61/445] KTDI
[09:35:15] [62/445] SNJL
[09:35:16] [63/445] RKMD
[09:35:17] [64/445] SMDC
[09:35:18] [65/445] TADG
[09:35:19] [66/445] MCGS
[09:35:20] [67/445] PETK
[09:35:20] [68/445] CHAG
[09:35:21] [69/445] KSTL
[09:35:22] [70/445] AADS
[09:35:23] [71/445] NTHZ
[09:35:24] [72/445] HCKI
[09:35:25] [73/445] SSEF
[09:35:26] [74/445] MCGX
[09:35:28] [75/445] ERRA
[09:35:28] [76/445] SDTW
[09:35:29] [77/445] RMPK
[09:35:30] [78/445] PTHK
[09:35:31] [79/445] PXCS
[09:35:31] [80/445] SVLU
[09:35:32] [81/445] STAH
[09:35:33] [82/445] JRGF
[09:35:34] [83/445] CDOK
[09:35:36] [84/445] CMSG
[09:35:37] [85/445] APTD
[09:35:37] [86/445] KMPG
[09:35:38] [87/445] MUTJ
[09:35:39] [88/445] VCCI
[09:35:40] [89/445] URBE
[09:35:41] [90/445] TCTS
[09:35:42] [91/445] STSN
[09:35:43] [92/445] AKCH
[09:35:44] [93/445] APSC
[09:35:46] [94/445] VLTB
[09:35:47] [95/445] SANU
[09:35:48] [96/445] AXAM
[09:35:49] [97/445] MGMG
[09:35:51] [98/445] HTBY
[09:35:52] [99/445] MMZS
[09:35:52] [100/445] SUDR
[09:35:53] [101/445] CCAD
[09:35:54] [102/445] SKKC
[09:35:55] [103/445] RMCD
[09:35:56] [104/445] SBCQ
[09:35:57] [105/445] DCCT
[09:35:58] [106/445] VTKP
[09:35:59] [107/445] MLAM
[09:36:00] [108/445] SAVT
[09:36:01] [109/445] GEPL
[09:36:02] [110/445] AMCD
[09:36:03] [111/445] CCXR
[09:36:04] [112/445] GRNG
[09:36:05] [113/445] EBCA
[09:36:05] [114/445] CNVG
[09:36:06] [115/445] MWSS
[09:36:08] [116/445] VBOR
[09:36:09] [117/445] NEEB
[09:36:09] [118/445] SUTH
[09:36:10] [119/445] ANDB
[09:36:11] [120/445] MMXS
[09:36:12] [121/445] CNPD
[09:36:13] [122/445] SDCE
[09:36:14] [123/445] DHCB
[09:36:15] [124/445] ODEN
[09:36:16] [125/445] TNTC
[09:36:16] [126/445] VBKM
[09:36:18] [127/445] RZYM
[09:36:19] [128/445] JEMC
[09:36:20] [129/445] CMAU
[09:36:21] [130/445] SIVP
[09:36:22] [131/445] ATAG
[09:36:24] [132/445] CHTM
[09:36:25] [133/445] AAEE
[09:36:25] [134/445] IWPM
[09:36:26] [135/445] KCMW
[09:36:27] [136/445] MCTD
[09:36:27] [137/445] SPWR
[09:36:28] [138/445] SDPO
[09:36:29] [139/445] PCSK
[09:36:30] [140/445] ACHV
[09:36:31] [141/445] SVLA
[09:36:31] [142/445] PICT
[09:36:32] [143/445] BXDR
[09:36:33] [144/445] SPWA
[09:36:34] [145/445] MCKO
[09:36:34] [146/445] RTHK
[09:36:35] [147/445] CCMF
[09:36:36] [148/445] MRGB
[09:36:37] [149/445] CPLC
[09:36:38] [150/445] RACD
[09:36:39] [151/445] ATKT
[09:36:40] [152/445] SARN
[09:36:41] [153/445] KKUI
[09:36:42] [154/445] RGCM
[09:36:43] [155/445] BRVP
[09:36:44] [156/445] HRSR
[09:36:44] [157/445] GKGM
[09:36:46] [158/445] TTCD
[09:36:47] [159/445] PTTI
[09:36:48] [160/445] MPTT
[09:36:49] [161/445] CVTT
[09:36:50] [162/445] PCXD
[09:36:51] [163/445] GCDC
[09:36:52] [164/445] CCCF
[09:36:52] [165/445] MRAD
[09:36:53] [166/445] CPLK
[09:36:54] [167/445] SATB
[09:36:55] [168/445] SNVG
[09:36:56] [169/445] JMBA
[09:36:57] [170/445] TEJA
[09:36:58] [171/445] STYO
[09:37:00] [172/445] JTBP
[09:37:00] [173/445] KRGD
[09:37:02] [174/445] SLJJ
[09:37:03] [175/445] SPTJ
[09:37:03] [176/445] SWJG
[09:37:04] [177/445] LKRT
[09:37:05] [178/445] KCKA
[09:37:06] [179/445] SNCR
[09:37:06] [180/445] SMKL
[09:37:07] [181/445] GCFA
[09:37:08] [182/445] DDCK
[09:37:09] [183/445] NCHJ
[09:37:10] [184/445] RDMA
[09:37:11] [185/445] SVSV
[09:37:12] [186/445] SCJG
[09:37:12] [187/445] VKLP
[09:37:13] [188/445] NWCC
[09:37:14] [189/445] VKNS
[09:37:15] [190/445] SDDP
[09:37:17] [191/445] ACSI
[09:37:18] [192/445] SATG
[09:37:18] [193/445] SCMW
[09:37:19] [194/445] LKTK
[09:37:20] [195/445] VCKV
[09:37:21] [196/445] KKPE
[09:37:22] [197/445] KIGH
[09:37:23] [198/445] SRPM
[09:37:24] [199/445] SCAH
[09:37:25] [200/445] MUTA
[09:37:26] [201/445] SEPU
[09:37:27] [202/445] INOA
[09:37:28] [203/445] BASK
[09:37:29] [204/445] NECB
[09:37:31] [205/445] GTTG
[09:37:31] [206/445] ASSA
[09:37:32] [207/445] ANCL
[09:37:33] [208/445] GCTI
[09:37:34] [209/445] RCTS
[09:37:34] [210/445] ACNL
[09:37:35] [211/445] MYCT
[09:37:36] [212/445] NMHT
[09:37:37] [213/445] MDIT
[09:37:38] [214/445] LATG
[09:37:38] [215/445] SMTY
[09:37:39] [216/445] CVCT
[09:37:40] [217/445] RAMB
[09:37:41] [218/445] TGMS
[09:37:42] [219/445] BHEL
[09:37:42] [220/445] SHCT
[09:37:43] [221/445] SVCT
[09:37:44] [222/445] MRIY
[09:37:45] [223/445] SARO
[09:37:47] [224/445] STCT
[09:37:48] [225/445] JKKC
[09:37:49] [226/445] PLTT
[09:37:50] [227/445] SRNT
[09:37:52] [228/445] YAST
[09:37:53] [229/445] PERL
[09:37:54] [230/445] CICM
[09:37:54] [231/445] MMTR
[09:37:55] [232/445] ABTK
[09:37:56] [233/445] ATYY
[09:37:57] [234/445] ASTK
[09:37:58] [235/445] VVCK
[09:37:59] [236/445] ATKY
[09:38:00] [237/445] GWEK
[09:38:00] [238/445] SVFH
[09:38:01] [239/445] SLTA
[09:38:02] [240/445] AASH
[09:38:03] [241/445] ACXB
[09:38:04] [242/445] SMTX
[09:38:04] [243/445] AZDH
[09:38:05] [244/445] CMMH
[09:38:06] [245/445] SCSZ
[09:38:07] [246/445] SCKP
[09:38:08] [247/445] NXTM
[09:38:08] [248/445] NWCS
[09:38:09] [249/445] CXMH
[09:38:11] [250/445] PCMA
[09:38:12] [251/445] SGCM
[09:38:12] [252/445] SDTU
[09:38:14] [253/445] MMVI
[09:38:15] [254/445] JKCM
[09:38:15] [255/445] VCMM
[09:38:16] [256/445] SYEE
[09:38:17] [257/445] VASD
[09:38:18] [258/445] BDRB
[09:38:18] [259/445] LASM
[09:38:19] [260/445] DCRL
[09:38:20] [261/445] DVPM
[09:38:22] [262/445] SBMJ
[09:38:23] [263/445] CBMU
[09:38:24] [264/445] IUBS
[09:38:25] [265/445] INAP
[09:38:26] [266/445] SRRC
[09:38:27] [267/445] SAGR
[09:38:28] [268/445] CPMJ
[09:38:29] [269/445] ATJL
[09:38:30] [270/445] NNTD
[09:38:31] [271/445] JHCJ
[09:38:32] [272/445] CMMP
[09:38:32] [273/445] RSDR
[09:38:34] [274/445] AMTI
[09:38:35] [275/445] NYSG
[09:38:36] [276/445] AVSG
[09:38:37] [277/445] SYTP
[09:38:38] [278/445] LARC
[09:38:38] [279/445] RJTP
[09:38:39] [280/445] LAKC
[09:38:40] [281/445] MCXE
[09:38:42] [282/445] CCZC
[09:38:43] [283/445] AVCH
[09:38:43] [284/445] CMBE
[09:38:44] [285/445] MRRC
[09:38:45] [286/445] PCPY
[09:38:46] [287/445] SRMH
[09:38:47] [288/445] SVGS
[09:38:48] [289/445] PCSE
[09:38:49] [290/445] SVFT
[09:38:49] [291/445] TNZP
[09:38:50] [292/445] ICTP
[09:38:51] [293/445] ACTZ
[09:38:52] [294/445] GTUR
[09:38:54] [295/445] MAFC
[09:38:55] [296/445] MINL
[09:38:56] [297/445] MRCL
[09:38:57] [298/445] RCRP
[09:38:58] [299/445] RFFG
[09:38:59] [300/445] RMAS
[09:39:00] [301/445] INVR
[09:39:01] [302/445] RMAR
[09:39:01] [303/445] CNIS
[09:39:02] [304/445] RHRJ
[09:39:03] [305/445] INXR
[09:39:04] [306/445] VALT
[09:39:05] [307/445] LCSH
[09:39:06] [308/445] CMVS
[09:39:06] [309/445] CNMS
[09:39:07] [310/445] ROOG
[09:39:08] [311/445] ISRM
[09:39:09] [312/445] RCRM
[09:39:10] [313/445] ACJA
[09:39:11] [314/445] RCVS
[09:39:12] [315/445] CPUS
[09:39:14] [316/445] TGCS
[09:39:15] [317/445] RKCJ
[09:39:15] [318/445] MKSB
[09:39:16] [319/445] TCSJ
[09:39:17] [320/445] RMGP
[09:39:18] [321/445] CLLP
[09:39:18] [322/445] RCMV
[09:39:19] [323/445] CCKS
[09:39:20] [324/445] RSRP
[09:39:21] [325/445] APLP
[09:39:22] [326/445] CNVS
[09:39:22] [327/445] RMVY
[09:39:24] [328/445] PGBD
[09:39:25] [329/445] KLMS
[09:39:25] [330/445] RUST
[09:39:26] [331/445] MASM
[09:39:27] [332/445] BACS
[09:39:28] [333/445] BWST
[09:39:30] [334/445] RRFH
[09:39:31] [335/445] SJTM
[09:39:31] [336/445] BEMR
[09:39:33] [337/445] MCGR
[09:39:34] [338/445] SDSK
[09:39:35] [339/445] VBOL
[09:39:35] [340/445] RMGM
[09:39:36] [341/445] NOPL
[09:39:37] [342/445] MKJK
[09:39:38] [343/445] CVRN
[09:39:39] [344/445] MMEN
[09:39:40] [345/445] AMNG
[09:39:41] [346/445] INTM
[09:39:42] [347/445] SLCZ
[09:39:43] [348/445] AMJN
[09:39:44] [349/445] ACJN
[09:39:44] [350/445] AMKN
[09:39:45] [351/445] BTCN
[09:39:47] [352/445] AMBT
[09:39:48] [353/445] PACN
[09:39:49] [354/445] LCNS
[09:39:50] [355/445] PPKC
[09:39:51] [356/445] JYYN
[09:39:51] [357/445] JTNR
[09:39:52] [358/445] GTEE
[09:39:53] [359/445] SRNM
[09:39:54] [360/445] SDTC
[09:39:55] [361/445] VPCA
[09:39:56] [362/445] VLRA
[09:39:57] [363/445] SHKR
[09:39:59] [364/445] SBKD
[09:40:00] [365/445] SAAD
[09:40:00] [366/445] JTGN
[09:40:01] [367/445] SLAM
[09:40:02] [368/445] VTPM
[09:40:03] [369/445] ANPT
[09:40:03] [370/445] PUNB
[09:40:04] [371/445] CPKT
[09:40:05] [372/445] CNWE
[09:40:07] [373/445] ECPP
[09:40:08] [374/445] CPAR
[09:40:08] [375/445] ESBW
[09:40:09] [376/445] PKPU
[09:40:10] [377/445] CPRP
[09:40:11] [378/445] RAHU
[09:40:11] [379/445] RHMN
[09:40:12] [380/445] FMJP
[09:40:13] [381/445] CTMP
[09:40:14] [382/445] INPN
[09:40:14] [383/445] STTG
[09:40:15] [384/445] CTRD
[09:40:17] [385/445] PUVB
[09:40:18] [386/445] ESVP
[09:40:18] [387/445] CPFT
[09:40:19] [388/445] LCPC
[09:40:20] [389/445] VBCT
[09:40:21] [390/445] FSCW
[09:40:22] [391/445] VCMP
[09:40:23] [392/445] ASHC
[09:40:23] [393/445] VLCX
[09:40:24] [394/445] SHEV
[09:40:25] [395/445] APCO
[09:40:27] [396/445] SILC
[09:40:27] [397/445] SNMR
[09:40:28] [398/445] KYBO
[09:40:29] [399/445] SATK
[09:40:31] [400/445] SSCS
[09:40:32] [401/445] CLSB
[09:40:32] [402/445] KMJR
[09:40:33] [403/445] FSCK
[09:40:34] [404/445] NNKA
[09:40:35] [405/445] CLMK
[09:40:36] [406/445] DMPZ
[09:40:37] [407/445] INQM
[09:40:38] [408/445] CAML
[09:40:39] [409/445] INRK
[09:40:40] [410/445] IMKN
[09:40:40] [411/445] SVNR
[09:40:41] [412/445] INSL
[09:40:42] [413/445] MSMA
[09:40:43] [414/445] MCKK
[09:40:44] [415/445] FCHP
[09:40:46] [416/445] SFCR
[09:40:46] [417/445] NACK
[09:40:47] [418/445] PVAK
[09:40:48] [419/445] INER
[09:40:49] [420/445] RDBK
[09:40:50] [421/445] SVFN
[09:40:51] [422/445] IFRM
[09:40:52] [423/445] ATCK
[09:40:52] [424/445] ASKO
[09:40:53] [425/445] STKT
[09:40:55] [426/445] SVFB
[09:40:56] [427/445] INKS
[09:40:57] [428/445] PCRA
[09:40:58] [429/445] ATJA
[09:40:58] [430/445] IMJN
[09:40:59] [431/445] INHD
[09:41:01] [432/445] BARA
[09:41:02] [433/445] MCSL
[09:41:02] [434/445] RTOY
[09:41:03] [435/445] MENO
[09:41:04] [436/445] PUDM
[09:41:05] [437/445] PRCN
[09:41:07] [438/445] JMJR
[09:41:08] [439/445] SSGK
[09:41:09] [440/445] SSRL
[09:41:10] [441/445] JYKL
[09:41:11] [442/445] ACNB
[09:41:12] [443/445] SONP
[09:41:13] [444/445] EMCI
[09:41:14] [445/445] MRJH
[09:41:15] 🧹 Deduping shows
[09:41:15] ✅ DONE | Shows=156 | Movies=10
