[09:34:18] 🚀 SCRIPT STARTED
[09:34:18] [1/459] NECA
[09:34:18] 🧠 New identity created
[09:34:18] [2/459] BJLC
[09:34:19] [3/459] BASU
[09:34:20] [4/459] RUPI
[09:34:21] [5/459] LCBK
[09:34:22] [6/459] PMAC
[09:34:23] [7/459] AMLC
[09:34:24] [8/459] LICL
[09:34:25] [9/459] UDMM
[09:34:26] [10/459] STBZ
[09:34:27] [11/459] UUBT
[09:34:29] [12/459] SJKC
[09:34:30] [13/459] TUAL
[09:34:31] [14/459] MRSE
[09:34:32] [15/459] RMRK
[09:34:32] [16/459] TTKP
[09:34:33] [17/459] KTKO
[09:34:35] [18/459] SDBK
[09:34:36] [19/459] MCPR
[09:34:37] [20/459] CHTI
[09:34:38] [21/459] GCCP
[09:34:39] [22/459] SRMY
[09:34:40] [23/459] NYST
[09:34:41] [24/459] NYAG
[09:34:42] [25/459] SBMT
[09:34:43] [26/459] INGA
[09:34:44] [27/459] WSIC
[09:34:46] [28/459] SCSS
[09:34:46] [29/459] COPG
[09:34:47] [30/459] RCGR
[09:34:48] [31/459] TCZA
[09:34:50] [32/459] CNLP
[09:34:50] [33/459] CLKN
[09:34:51] [34/459] LHDF
[09:34:52] [35/459] ELKC
[09:34:53] [36/459] VCEM
[09:34:54] [37/459] SSZA
[09:34:54] [38/459] KRMT
[09:34:55] [39/459] LCMV
[09:34:56] [40/459] AYCZ
[09:34:57] [41/459] CUMS
[09:34:58] [42/459] BOCK
[09:34:59] [43/459] PNMR
[09:35:01] [44/459] PJCP
[09:35:02] [45/459] JDDD
[09:35:03] [46/459] STMS
[09:35:04] [47/459] FLMB
[09:35:04] [48/459] PKCM
[09:35:05] [49/459] SPPR
[09:35:06] [50/459] EYLH
[09:35:07] [51/459] RJCC
[09:35:09] [52/459] MMPS
[09:35:10] [53/459] SHMX
[09:35:10] [54/459] CCNL
[09:35:11] [55/459] RCNV
[09:35:12] [56/459] MAAG
[09:35:13] [57/459] LXCM
[09:35:14] [58/459] RCNI
[09:35:14] [59/459] SNNI
[09:35:15] [60/459] LALC
[09:35:16] [61/459] SOCN
[09:35:17] [62/459] JHTP
[09:35:18] [63/459] PITP
[09:35:19] [64/459] CCKW
[09:35:21] [65/459] MCMC
[09:35:22] [66/459] DEES
[09:35:22] [67/459] SABT
[09:35:23] [68/459] VSPP
[09:35:24] [69/459] ABCT
[09:35:25] [70/459] JVTB
[09:35:26] [71/459] VCBD
[09:35:26] [72/459] RMGG
[09:35:27] [73/459] RNMH
[09:35:28] [74/459] SPGL
[09:35:30] [75/459] JTTR
[09:35:30] [76/459] SICS
[09:35:31] [77/459] SRMI
[09:35:32] [78/459] SSIJ
[09:35:33] [79/459] KFMT
[09:35:34] [80/459] VBIT
[09:35:35] [81/459] JKCT
[09:35:36] [82/459] GCGP
[09:35:37] [83/459] GDCS
[09:35:38] [84/459] TRBA
[09:35:39] [85/459] QUST
[09:35:40] [86/459] VSHM
[09:35:41] [87/459] SDCP
[09:35:42] [88/459] SNVS
[09:35:43] [89/459] NYTO
[09:35:44] [90/459] URWC
[09:35:45] [91/459] GTWH
[09:35:46] [92/459] PFCM
[09:35:47] [93/459] KRTA
[09:35:47] [94/459] AXMC
[09:35:48] [95/459] EVMC
[09:35:49] [96/459] HGSM
[09:35:50] [97/459] ACVM
[09:35:51] [98/459] PSKL
[09:35:52] [99/459] RDMP
[09:35:53] [100/459] RHGH
[09:35:54] [101/459] OMCM
[09:35:54] [102/459] DCCP
[09:35:55] [103/459] MCPB
[09:35:56] [104/459] ALCI
[09:35:56] [105/459] BLMX
[09:35:57] [106/459] BTMV
[09:35:58] [107/459] FVPN
[09:35:59] [108/459] CMAR
[09:36:00] [109/459] CEIM
[09:36:00] [110/459] CMVA
[09:36:01] [111/459] CPIV
[09:36:02] [112/459] CNPE
[09:36:03] [113/459] COLV
[09:36:04] [114/459] DNNV
[09:36:05] [115/459] HCAD
[09:36:06] [116/459] TAKA
[09:36:07] [117/459] INVD
[09:36:07] [118/459] IRMM
[09:36:09] [119/459] INSE
[09:36:10] [120/459] MRSW
[09:36:11] [121/459] MCVD
[09:36:11] [122/459] MCSO
[09:36:12] [123/459] PEVM
[09:36:13] [124/459] PVNL
[09:36:14] [125/459] PTCV
[09:36:15] [126/459] PRTC
[09:36:15] [127/459] RCVA
[09:36:16] [128/459] MTBN
[09:36:17] [129/459] LUCP
[09:36:18] [130/459] FMPT
[09:36:19] [131/459] JLSL
[09:36:19] [132/459] SBHA
[09:36:20] [133/459] SHRC
[09:36:21] [134/459] AVPS
[09:36:23] [135/459] STPM
[09:36:23] [136/459] ATRD
[09:36:24] [137/459] VTED
[09:36:25] [138/459] ACAI
[09:36:26] [139/459] SMAE
[09:36:26] [140/459] VMAT
[09:36:27] [141/459] LKCT
[09:36:28] [142/459] JTVK
[09:36:29] [143/459] PRTY
[09:36:30] [144/459] GETT
[09:36:30] [145/459] ESAP
[09:36:31] [146/459] NCPM
[09:36:32] [147/459] PCPA
[09:36:33] [148/459] MMOM
[09:36:35] [149/459] PHUP
[09:36:35] [150/459] CCPI
[09:36:36] [151/459] CNTD
[09:36:38] [152/459] NLJR
[09:36:38] [153/459] SRNG
[09:36:39] [154/459] MHAL
[09:36:41] [155/459] PNSM
[09:36:41] [156/459] DRMY
[09:36:43] [157/459] CCMU
[09:36:44] [158/459] SCMY
[09:36:44] [159/459] PVSY
[09:36:45] [160/459] SDLM
[09:36:46] [161/459] ICCM
[09:36:48] [162/459] PYSU
[09:36:49] [163/459] GATM
[09:36:49] [164/459] WOTM
[09:36:50] [165/459] RKTS
[09:36:51] [166/459] PMTY
[09:36:52] [167/459] LYMS
[09:36:53] [168/459] TGCA
[09:36:55] [169/459] DSTA
[09:36:55] [170/459] CNGE
[09:36:56] [171/459] VSTG
[09:36:57] [172/459] GTCK
[09:36:58] [173/459] TGNT
[09:36:59] [174/459] ASLC
[09:36:59] [175/459] SSST
[09:37:00] [176/459] KBTT
[09:37:01] [177/459] HKCP
[09:37:02] [178/459] SWLC
[09:37:04] [179/459] RTND
[09:37:05] [180/459] PKKT
[09:37:06] [181/459] HSTK
[09:37:07] [182/459] SPTT
[09:37:09] [183/459] IMPM
[09:37:10] [184/459] SCMV
[09:37:11] [185/459] SPCT
[09:37:12] [186/459] JBCA
[09:37:13] [187/459] ATTR
[09:37:14] [188/459] SPMT
[09:37:15] [189/459] LCTM
[09:37:16] [190/459] SCVL
[09:37:18] [191/459] SCVT
[09:37:18] [192/459] KRIC
[09:37:19] [193/459] CTMG
[09:37:20] [194/459] ACNC
[09:37:20] [195/459] DMCK
[09:37:22] [196/459] KMTV
[09:37:23] [197/459] PFCJ
[09:37:24] [198/459] VNMD
[09:37:25] [199/459] VPCZ
[09:37:25] [200/459] SRYR
[09:37:26] [201/459] SYTR
[09:37:28] [202/459] GATR
[09:37:29] [203/459] URTR
[09:37:30] [204/459] MKSM
[09:37:31] [205/459] VSMH
[09:37:32] [206/459] SKRJ
[09:37:33] [207/459] SSJR
[09:37:33] [208/459] SVSM
[09:37:34] [209/459] RUCM
[09:37:35] [210/459] PRKN
[09:37:36] [211/459] RROH
[09:37:36] [212/459] SCTN
[09:37:37] [213/459] RTDM
[09:37:39] [214/459] ASRM
[09:37:40] [215/459] SKMD
[09:37:41] [216/459] SUTD
[09:37:41] [217/459] SADM
[09:37:43] [218/459] WCNR
[09:37:44] [219/459] CNED
[09:37:45] [220/459] MPDB
[09:37:46] [221/459] KTBH
[09:37:47] [222/459] IDRM
[09:37:48] [223/459] PJJT
[09:37:49] [224/459] PFCV
[09:37:50] [225/459] AACT
[09:37:51] [226/459] AAAD
[09:37:51] [227/459] ANES
[09:37:52] [228/459] MNCA
[09:37:53] [229/459] RMGU
[09:37:54] [230/459] DLCN
[09:37:54] [231/459] LJWT
[09:37:55] [232/459] MCBG
[09:37:56] [233/459] MYBG
[09:37:57] [234/459] GCCA
[09:37:57] [235/459] GCGA
[09:37:58] [236/459] ECGN
[09:38:00] [237/459] PRAB
[09:38:01] [238/459] PNMP
[09:38:01] [239/459] GCPT
[09:38:02] [240/459] ROYN
[09:38:03] [241/459] VATM
[09:38:04] [242/459] KSNT
[09:38:05] [243/459] ACTC
[09:38:05] [244/459] PLTD
[09:38:06] [245/459] SKMK
[09:38:07] [246/459] CMTT
[09:38:08] [247/459] SMXP
[09:38:09] [248/459] SCMX
[09:38:10] [249/459] ACXN
[09:38:11] [250/459] ASWT
[09:38:12] [251/459] VVVL
[09:38:13] [252/459] NAGO
[09:38:14] [253/459] SNCN
[09:38:15] [254/459] MCKP
[09:38:16] [255/459] SAMO
[09:38:17] [256/459] JBTV
[09:38:18] [257/459] DCVV
[09:38:19] [258/459] KMSV
[09:38:19] [259/459] KDCN
[09:38:21] [260/459] CNCP
[09:38:22] [261/459] HAMC
[09:38:23] [262/459] CCVZ
[09:38:24] [263/459] NCCK
[09:38:25] [264/459] MCHR
[09:38:25] [265/459] SCHT
[09:38:26] [266/459] ESSH
[09:38:27] [267/459] CUJC
[09:38:28] [268/459] PECP
[09:38:29] [269/459] PMMI
[09:38:30] [270/459] PCCH
[09:38:31] [271/459] PRPM
[09:38:32] [272/459] PVKL
[09:38:33] [273/459] CBSM
[09:38:35] [274/459] PVCZ
[09:38:36] [275/459] PCVV
[09:38:36] [276/459] CTMJ
[09:38:37] [277/459] RCPS
[09:38:38] [278/459] PCIT
[09:38:40] [279/459] FNCH
[09:38:40] [280/459] INZD
[09:38:42] [281/459] INPC
[09:38:43] [282/459] LCZP
[09:38:43] [283/459] SMCB
[09:38:44] [284/459] PTSB
[09:38:45] [285/459] TPSI
[09:38:46] [286/459] KHMJ
[09:38:47] [287/459] RCCJ
[09:38:47] [288/459] NCJA
[09:38:49] [289/459] NCJN
[09:38:50] [290/459] BTDP
[09:38:51] [291/459] PADY
[09:38:52] [292/459] NYBH
[09:38:53] [293/459] MTBR
[09:38:54] [294/459] KRBC
[09:38:55] [295/459] DKTI
[09:38:56] [296/459] ANAN
[09:38:56] [297/459] INBP
[09:38:58] [298/459] PATB
[09:38:59] [299/459] RGNT
[09:39:01] [300/459] CGPM
[09:39:01] [301/459] INTN
[09:39:02] [302/459] MCMP
[09:39:03] [303/459] ASRG
[09:39:04] [304/459] CXJD
[09:39:04] [305/459] SPCP
[09:39:05] [306/459] CSTP
[09:39:06] [307/459] PKVC
[09:39:07] [308/459] ESCP
[09:39:08] [309/459] CAEP
[09:39:08] [310/459] CCSP
[09:39:09] [311/459] KTPC
[09:39:10] [312/459] DACA
[09:39:11] [313/459] NVKY
[09:39:12] [314/459] PTIN
[09:39:13] [315/459] SCIN
[09:39:14] [316/459] MCTY
[09:39:16] [317/459] PCMX
[09:39:16] [318/459] INIC
[09:39:17] [319/459] MMZM
[09:39:18] [320/459] SSLP
[09:39:19] [321/459] DTDT
[09:39:20] [322/459] FFCX
[09:39:21] [323/459] RCMM
[09:39:21] [324/459] KYID
[09:39:22] [325/459] CSCI
[09:39:23] [326/459] FCMC
[09:39:24] [327/459] MMXI
[09:39:25] [328/459] ASTC
[09:39:26] [329/459] CMRA
[09:39:27] [330/459] DICI
[09:39:28] [331/459] KDIN
[09:39:29] [332/459] PRFI
[09:39:29] [333/459] SVFC
[09:39:30] [334/459] UCPL
[09:39:31] [335/459] COOC
[09:39:32] [336/459] SCAL
[09:39:33] [337/459] SVFF
[09:39:33] [338/459] VCMG
[09:39:34] [339/459] UUCT
[09:39:36] [340/459] GCSE
[09:39:37] [341/459] SUSC
[09:39:37] [342/459] MISC
[09:39:38] [343/459] RMBL
[09:39:39] [344/459] CMXN
[09:39:40] [345/459] PVBK
[09:39:40] [346/459] HHCG
[09:39:41] [347/459] SCAG
[09:39:42] [348/459] CNPR
[09:39:43] [349/459] CSER
[09:39:43] [350/459] HLWD
[09:39:45] [351/459] BOLY
[09:39:45] [352/459] SSPG
[09:39:46] [353/459] MUPX
[09:39:47] [354/459] HAMR
[09:39:48] [355/459] SDNC
[09:39:49] [356/459] RTEN
[09:39:50] [357/459] SDTD
[09:39:51] [358/459] KAWS
[09:39:52] [359/459] CMZX
[09:39:53] [360/459] DCDD
[09:39:53] [361/459] ALSN
[09:39:54] [362/459] IMXS
[09:39:56] [363/459] PVFF
[09:39:57] [364/459] PVOO
[09:39:58] [365/459] CFBS
[09:39:59] [366/459] PVER
[09:40:00] [367/459] PPNX
[09:40:01] [368/459] CNRM
[09:40:02] [369/459] PVWW
[09:40:03] [370/459] INMB
[09:40:04] [371/459] CPJR
[09:40:05] [372/459] INRZ
[09:40:06] [373/459] PMSR
[09:40:07] [374/459] GPGM
[09:40:08] [375/459] PGWB
[09:40:08] [376/459] PMBR
[09:40:09] [377/459] GPAM
[09:40:10] [378/459] INBC
[09:40:12] [379/459] PZVK
[09:40:13] [380/459] CPEB
[09:40:14] [381/459] FMLB
[09:40:14] [382/459] INBG
[09:40:15] [383/459] GPBR
[09:40:16] [384/459] PAAS
[09:40:17] [385/459] VTBR
[09:40:17] [386/459] GPMY
[09:40:18] [387/459] GYBU
[09:40:19] [388/459] INBJ
[09:40:20] [389/459] LKTH
[09:40:21] [390/459] NSBR
[09:40:22] [391/459] PDRD
[09:40:22] [392/459] VRBL
[09:40:23] [393/459] VTGB
[09:40:24] [394/459] VTSK
[09:40:25] [395/459] BKDV
[09:40:26] [396/459] SVTB
[09:40:27] [397/459] MLDT
[09:40:28] [398/459] NRBL
[09:40:29] [399/459] SLTR
[09:40:31] [400/459] VNKA
[09:40:32] [401/459] TDCA
[09:40:32] [402/459] INBM
[09:40:33] [403/459] SSNR
[09:40:34] [404/459] BHAC
[09:40:35] [405/459] SDSD
[09:40:35] [406/459] SAMP
[09:40:37] [407/459] RATK
[09:40:39] [408/459] KCBI
[09:40:40] [409/459] URBL
[09:40:40] [410/459] MKBG
[09:40:41] [411/459] ASTB
[09:40:42] [412/459] VBWT
[09:40:43] [413/459] GPSM
[09:40:43] [414/459] ROON
[09:40:44] [415/459] CHTH
[09:40:46] [416/459] SSPA
[09:40:47] [417/459] ANBL
[09:40:48] [418/459] VTBE
[09:40:48] [419/459] SVKT
[09:40:49] [420/459] SVYK
[09:40:50] [421/459] PTBK
[09:40:51] [422/459] RKTB
[09:40:51] [423/459] BALT
[09:40:52] [424/459] STSV
[09:40:53] [425/459] VCCB
[09:40:54] [426/459] SLTB
[09:40:54] [427/459] SBCR
[09:40:55] [428/459] VDCS
[09:40:56] [429/459] MDKI
[09:40:57] [430/459] SMRN
[09:40:58] [431/459] PTBC
[09:40:58] [432/459] RADI
[09:40:59] [433/459] ADCR
[09:41:01] [434/459] SDCS
[09:41:03] [435/459] SRPJ
[09:41:04] [436/459] ARTS
[09:41:04] [437/459] SRHK
[09:41:05] [438/459] SPAY
[09:41:06] [439/459] GPTB
[09:41:07] [440/459] SNNN
[09:41:08] [441/459] BALJ
[09:41:09] [442/459] TRIG
[09:41:10] [443/459] GTYT
[09:41:11] [444/459] ATGN
[09:41:11] [445/459] ANTE
[09:41:12] [446/459] BDCG
[09:41:13] [447/459] VECI
[09:41:14] [448/459] SCPR
[09:41:15] [449/459] RTEA
[09:41:15] [450/459] JSAI
[09:41:16] [451/459] VJTP
[09:41:17] [452/459] GNDS
[09:41:18] [453/459] PAXA
[09:41:19] [454/459] CGGM
[09:41:19] [455/459] ACKZ
[09:41:21] [456/459] EMCC
[09:41:22] [457/459] KLSK
[09:41:24] [458/459] AVCK
[09:41:24] [459/459] JTCK
[09:41:25] 🧹 Deduping shows
[09:41:25] ✅ DONE | Shows=204 | Movies=18
