[09:34:17] 🚀 SCRIPT STARTED
[09:34:17] [1/459] MBDC
[09:34:17] 🧠 New identity created
[09:34:18] [2/459] CHKM
[09:34:18] [3/459] JTKZ
[09:34:19] [4/459] CMCT
[09:34:20] [5/459] ASHO
[09:34:22] [6/459] ECDG
[09:34:23] [7/459] SPAT
[09:34:23] [8/459] HILC
[09:34:24] [9/459] SPPH
[09:34:25] [10/459] SBHN
[09:34:26] [11/459] RRCA
[09:34:27] [12/459] APAA
[09:34:27] [13/459] RAME
[09:34:28] [14/459] TMMS
[09:34:29] [15/459] BATK
[09:34:31] [16/459] LKOP
[09:34:32] [17/459] AMTT
[09:34:32] [18/459] PTGK
[09:34:33] [19/459] ANRS
[09:34:34] [20/459] VWBW
[09:34:35] [21/459] SVFG
[09:34:36] [22/459] STAT
[09:34:36] [23/459] GDCV
[09:34:37] [24/459] VEBI
[09:34:38] [25/459] VDSS
[09:34:39] [26/459] NTHV
[09:34:40] [27/459] AOCH
[09:34:41] [28/459] KASR
[09:34:43] [29/459] AYCS
[09:34:43] [30/459] SHAI
[09:34:44] [31/459] SKPE
[09:34:45] [32/459] SBTA
[09:34:46] [33/459] RTTD
[09:34:47] [34/459] CCJD
[09:34:48] [35/459] RSJJ
[09:34:49] [36/459] RKND
[09:34:50] [37/459] SVTX
[09:34:52] [38/459] BAKM
[09:34:52] [39/459] SVDC
[09:34:53] [40/459] MNCV
[09:34:54] [41/459] SJGC
[09:34:55] [42/459] MTPK
[09:34:56] [43/459] GATP
[09:34:56] [44/459] ABTS
[09:34:57] [45/459] ABDE
[09:34:58] [46/459] RCNM
[09:35:00] [47/459] KTHV
[09:35:01] [48/459] MDGJ
[09:35:01] [49/459] SMLM
[09:35:02] [50/459] JTMA
[09:35:03] [51/459] ACKP
[09:35:04] [52/459] SRTA
[09:35:04] [53/459] STAY
[09:35:05] [54/459] MAVO
[09:35:06] [55/459] APTS
[09:35:07] [56/459] OMEA
[09:35:07] [57/459] TTFD
[09:35:08] [58/459] MJCU
[09:35:09] [59/459] CXTE
[09:35:11] [60/459] CTPX
[09:35:12] [61/459] ASSL
[09:35:12] [62/459] CMVB
[09:35:14] [63/459] VPUR
[09:35:15] [64/459] JJDA
[09:35:16] [65/459] INBL
[09:35:17] [66/459] BIKB
[09:35:18] [67/459] NTBB
[09:35:19] [68/459] GLOB
[09:35:20] [69/459] SNTB
[09:35:22] [70/459] CHGV
[09:35:23] [71/459] SSBZ
[09:35:23] [72/459] PRDB
[09:35:24] [73/459] ISMT
[09:35:25] [74/459] MCSD
[09:35:26] [75/459] JBTT
[09:35:27] [76/459] GEKR
[09:35:28] [77/459] PVUN
[09:35:28] [78/459] NRTB
[09:35:29] [79/459] PRAA
[09:35:31] [80/459] PCBL
[09:35:31] [81/459] PTCM
[09:35:33] [82/459] KHNN
[09:35:34] [83/459] OMJE
[09:35:34] [84/459] STGN
[09:35:35] [85/459] RPMS
[09:35:36] [86/459] NWAD
[09:35:37] [87/459] BLCK
[09:35:38] [88/459] SVAA
[09:35:39] [89/459] URVM
[09:35:40] [90/459] ANTM
[09:35:41] [91/459] VJYM
[09:35:42] [92/459] MAZZ
[09:35:42] [93/459] CSHM
[09:35:43] [94/459] WGMH
[09:35:44] [95/459] SALN
[09:35:45] [96/459] BRTP
[09:35:46] [97/459] SVTA
[09:35:46] [98/459] SBTP
[09:35:47] [99/459] VLSS
[09:35:48] [100/459] SRJA
[09:35:49] [101/459] ANCG
[09:35:50] [102/459] CGGC
[09:35:51] [103/459] CRJA
[09:35:52] [104/459] USCR
[09:35:52] [105/459] MMEF
[09:35:54] [106/459] JCRJ
[09:35:55] [107/459] ADCM
[09:35:56] [108/459] BMYK
[09:35:57] [109/459] KICS
[09:35:57] [110/459] MBBT
[09:35:59] [111/459] MACK
[09:36:00] [112/459] CLDR
[09:36:00] [113/459] JYCR
[09:36:01] [114/459] DCRP
[09:36:02] [115/459] RAHT
[09:36:03] [116/459] CSSM
[09:36:03] [117/459] ATPK
[09:36:04] [118/459] KLRT
[09:36:05] [119/459] SRDD
[09:36:06] [120/459] CKMC
[09:36:07] [121/459] KRVM
[09:36:08] [122/459] AKCP
[09:36:08] [123/459] CNCV
[09:36:09] [124/459] PACT
[09:36:10] [125/459] NATP
[09:36:12] [126/459] PCPK
[09:36:13] [127/459] SMHO
[09:36:13] [128/459] CWTK
[09:36:14] [129/459] RVKZ
[09:36:15] [130/459] ASPD
[09:36:16] [131/459] VTKZ
[09:36:16] [132/459] LCSO
[09:36:17] [133/459] PRDY
[09:36:18] [134/459] RCAP
[09:36:19] [135/459] RGAR
[09:36:20] [136/459] RCAC
[09:36:21] [137/459] PMOD
[09:36:22] [138/459] PVCN
[09:36:24] [139/459] SCRZ
[09:36:25] [140/459] PVPC
[09:36:25] [141/459] STID
[09:36:26] [142/459] NEDD
[09:36:28] [143/459] BNBA
[09:36:30] [144/459] NTCD
[09:36:30] [145/459] OCDE
[09:36:31] [146/459] CCDU
[09:36:32] [147/459] CRXH
[09:36:33] [148/459] VLVT
[09:36:34] [149/459] CICI
[09:36:35] [150/459] SUCB
[09:36:35] [151/459] TCBP
[09:36:36] [152/459] SCCY
[09:36:37] [153/459] LXCY
[09:36:38] [154/459] NCMD
[09:36:39] [155/459] PHCS
[09:36:39] [156/459] DUXR
[09:36:41] [157/459] VNKS
[09:36:42] [158/459] SEDP
[09:36:43] [159/459] SVEN
[09:36:44] [160/459] SRKM
[09:36:44] [161/459] JTLT
[09:36:45] [162/459] SVSS
[09:36:46] [163/459] AMDE
[09:36:47] [164/459] WVRN
[09:36:48] [165/459] ISMG
[09:36:49] [166/459] WVKS
[09:36:50] [167/459] USCG
[09:36:51] [168/459] IOTG
[09:36:52] [169/459] RRJM
[09:36:52] [170/459] EDMP
[09:36:53] [171/459] SCGZ
[09:36:55] [172/459] GMGX
[09:36:56] [173/459] OMTP
[09:36:56] [174/459] MITD
[09:36:57] [175/459] SMMD
[09:36:58] [176/459] STML
[09:36:59] [177/459] MCFS
[09:37:00] [178/459] FPKA
[09:37:00] [179/459] OMLR
[09:37:01] [180/459] KKSC
[09:37:02] [181/459] RVMA
[09:37:02] [182/459] SCLL
[09:37:03] [183/459] SCDK
[09:37:04] [184/459] SXMI
[09:37:05] [185/459] SHDN
[09:37:06] [186/459] PAAD
[09:37:07] [187/459] UUCB
[09:37:07] [188/459] JHOL
[09:37:09] [189/459] SGWT
[09:37:10] [190/459] SRII
[09:37:10] [191/459] SGCK
[09:37:12] [192/459] SVVB
[09:37:13] [193/459] DMHA
[09:37:13] [194/459] PPNL
[09:37:14] [195/459] CPNL
[09:37:15] [196/459] WVLD
[09:37:16] [197/459] PSLV
[09:37:16] [198/459] VTTL
[09:37:18] [199/459] NPAD
[09:37:19] [200/459] PVCS
[09:37:20] [201/459] MCHL
[09:37:21] [202/459] PPLL
[09:37:21] [203/459] MALO
[09:37:22] [204/459] SWBH
[09:37:23] [205/459] PUGB
[09:37:24] [206/459] INBB
[09:37:24] [207/459] INNS
[09:37:25] [208/459] MCPT
[09:37:26] [209/459] SCMI
[09:37:28] [210/459] OCON
[09:37:28] [211/459] SCSM
[09:37:29] [212/459] RJVN
[09:37:30] [213/459] AMDK
[09:37:31] [214/459] ISMR
[09:37:32] [215/459] SMTD
[09:37:33] [216/459] VTDD
[09:37:33] [217/459] PDDZ
[09:37:34] [218/459] PCCK
[09:37:35] [219/459] INAM
[09:37:36] [220/459] FNKT
[09:37:37] [221/459] GDKA
[09:37:37] [222/459] MAYU
[09:37:38] [223/459] TCGU
[09:37:40] [224/459] KDCA
[09:37:41] [225/459] DOMY
[09:37:41] [226/459] PDDD
[09:37:42] [227/459] BJTS
[09:37:43] [228/459] VTCA
[09:37:44] [229/459] SBTM
[09:37:45] [230/459] SEET
[09:37:46] [231/459] SSTJ
[09:37:46] [232/459] SVNT
[09:37:47] [233/459] PPPR
[09:37:48] [234/459] PVYS
[09:37:49] [235/459] IOSE
[09:37:50] [236/459] ACTV
[09:37:51] [237/459] APVE
[09:37:52] [238/459] TCCL
[09:37:52] [239/459] SCMO
[09:37:53] [240/459] SAUM
[09:37:54] [241/459] KCJS
[09:37:55] [242/459] NJCJ
[09:37:56] [243/459] NECF
[09:37:56] [244/459] CCGW
[09:37:57] [245/459] CCMG
[09:37:59] [246/459] NYRG
[09:38:00] [247/459] NCSQ
[09:38:00] [248/459] GRCG
[09:38:02] [249/459] CCBT
[09:38:03] [250/459] ACGA
[09:38:04] [251/459] INAG
[09:38:05] [252/459] FUCG
[09:38:06] [253/459] AICF
[09:38:06] [254/459] GRGA
[09:38:08] [255/459] GDCN
[09:38:09] [256/459] RRCG
[09:38:10] [257/459] SDCH
[09:38:10] [258/459] WVJM
[09:38:11] [259/459] JCCZ
[09:38:12] [260/459] CNCL
[09:38:14] [261/459] TMLV
[09:38:14] [262/459] MEMB
[09:38:15] [263/459] SGTD
[09:38:16] [264/459] CONX
[09:38:17] [265/459] CCMH
[09:38:18] [266/459] ACMC
[09:38:19] [267/459] DTPD
[09:38:19] [268/459] POJA
[09:38:20] [269/459] FNBH
[09:38:21] [270/459] CGCB
[09:38:22] [271/459] RACN
[09:38:23] [272/459] JTSM
[09:38:24] [273/459] SCDN
[09:38:25] [274/459] AACK
[09:38:25] [275/459] RMCE
[09:38:26] [276/459] BSGB
[09:38:27] [277/459] MRCB
[09:38:28] [278/459] SRVR
[09:38:29] [279/459] VTKK
[09:38:30] [280/459] AMST
[09:38:30] [281/459] APCY
[09:38:32] [282/459] LMHO
[09:38:33] [283/459] MTZH
[09:38:35] [284/459] AMZB
[09:38:36] [285/459] SUVT
[09:38:37] [286/459] RCIP
[09:38:38] [287/459] KESR
[09:38:38] [288/459] SNKC
[09:38:39] [289/459] SCED
[09:38:40] [290/459] DVCA
[09:38:41] [291/459] VCDT
[09:38:42] [292/459] RRDI
[09:38:43] [293/459] DFCH
[09:38:45] [294/459] INSC
[09:38:46] [295/459] RGTR
[09:38:47] [296/459] FMOT
[09:38:48] [297/459] SCPM
[09:38:49] [298/459] GCDT
[09:38:50] [299/459] BRKT
[09:38:50] [300/459] DEMP
[09:38:51] [301/459] SRLC
[09:38:52] [302/459] KSTT
[09:38:54] [303/459] SMMT
[09:38:55] [304/459] SILM
[09:38:55] [305/459] JCVM
[09:38:57] [306/459] KCSV
[09:38:58] [307/459] MHLK
[09:38:59] [308/459] SLVL
[09:38:59] [309/459] RJKP
[09:39:00] [310/459] BBPC
[09:39:01] [311/459] MXCB
[09:39:02] [312/459] TCPK
[09:39:03] [313/459] RTBR
[09:39:04] [314/459] GAUT
[09:39:04] [315/459] DVCF
[09:39:05] [316/459] JTSB
[09:39:07] [317/459] SBLS
[09:39:08] [318/459] UDAY
[09:39:09] [319/459] PTNP
[09:39:10] [320/459] DMKT
[09:39:11] [321/459] NTDT
[09:39:13] [322/459] SHDJ
[09:39:13] [323/459] OTNC
[09:39:14] [324/459] RNTW
[09:39:15] [325/459] GCMI
[09:39:16] [326/459] CRCM
[09:39:17] [327/459] NNCZ
[09:39:17] [328/459] OEMO
[09:39:18] [329/459] PVJM
[09:39:19] [330/459] CPJI
[09:39:20] [331/459] RMCJ
[09:39:21] [332/459] CNWJ
[09:39:22] [333/459] EPJM
[09:39:23] [334/459] FNJJ
[09:39:24] [335/459] GCMJ
[09:39:25] [336/459] INPS
[09:39:27] [337/459] BICJ
[09:39:27] [338/459] ISTJ
[09:39:29] [339/459] INJC
[09:39:30] [340/459] GLXJ
[09:39:31] [341/459] INEM
[09:39:32] [342/459] JTMN
[09:39:33] [343/459] FRCJ
[09:39:34] [344/459] DDJP
[09:39:35] [345/459] INJV
[09:39:35] [346/459] GOLC
[09:39:36] [347/459] KOCI
[09:39:38] [348/459] FSTD
[09:39:39] [349/459] PACJ
[09:39:40] [350/459] GMCN
[09:39:40] [351/459] MMDJ
[09:39:42] [352/459] GODH
[09:39:43] [353/459] SKYN
[09:39:44] [354/459] NCTH
[09:39:45] [355/459] SKVZ
[09:39:46] [356/459] SVML
[09:39:47] [357/459] ACVZ
[09:39:48] [358/459] SURA
[09:39:49] [359/459] RTRB
[09:39:50] [360/459] LLCT
[09:39:51] [361/459] ATTS
[09:39:53] [362/459] JYCM
[09:39:54] [363/459] CTKR
[09:39:54] [364/459] LCKR
[09:39:55] [365/459] NYCV
[09:39:56] [366/459] NYOH
[09:39:57] [367/459] NOVX
[09:39:58] [368/459] MRGK
[09:39:59] [369/459] MOON
[09:40:00] [370/459] SBUC
[09:40:02] [371/459] GSVA
[09:40:03] [372/459] VIAK
[09:40:04] [373/459] SMVZ
[09:40:04] [374/459] MATE
[09:40:05] [375/459] RDCN
[09:40:06] [376/459] ASBL
[09:40:07] [377/459] ASVS
[09:40:08] [378/459] ASSR
[09:40:09] [379/459] SSKN
[09:40:09] [380/459] DRPV
[09:40:10] [381/459] MRHT
[09:40:11] [382/459] BSCN
[09:40:12] [383/459] RKNX
[09:40:13] [384/459] MSMC
[09:40:14] [385/459] MSCJ
[09:40:15] [386/459] BTBJ
[09:40:15] [387/459] MJCC
[09:40:17] [388/459] IOMM
[09:40:18] [389/459] ADGR
[09:40:19] [390/459] MYCP
[09:40:20] [391/459] IGCM
[09:40:20] [392/459] PGRK
[09:40:21] [393/459] VPGO
[09:40:22] [394/459] KOMS
[09:40:24] [395/459] URGG
[09:40:25] [396/459] GOST
[09:40:25] [397/459] LACT
[09:40:26] [398/459] BWCM
[09:40:27] [399/459] NCCW
[09:40:28] [400/459] SKYC
[09:40:29] [401/459] CCPM
[09:40:29] [402/459] VCBT
[09:40:30] [403/459] SDKR
[09:40:32] [404/459] CTYB
[09:40:33] [405/459] SHCX
[09:40:33] [406/459] RCUN
[09:40:34] [407/459] CNRA
[09:40:35] [408/459] RFCA
[09:40:36] [409/459] RDCU
[09:40:38] [410/459] SARK
[09:40:38] [411/459] SPPP
[09:40:39] [412/459] ADMB
[09:40:40] [413/459] JYOE
[09:40:41] [414/459] SRMD
[09:40:42] [415/459] RJDH
[09:40:43] [416/459] SSTD
[09:40:43] [417/459] AACV
[09:40:44] [418/459] PPVD
[09:40:46] [419/459] STCP
[09:40:47] [420/459] ANJR
[09:40:47] [421/459] ANLS
[09:40:48] [422/459] BIJO
[09:40:49] [423/459] AVAB
[09:40:49] [424/459] SPMD
[09:40:50] [425/459] SVJL
[09:40:51] [426/459] SDDJ
[09:40:52] [427/459] SLTU
[09:40:52] [428/459] SAKA
[09:40:53] [429/459] PMAM
[09:40:54] [430/459] FNAM
[09:40:55] [431/459] ACAM
[09:40:55] [432/459] SCMM
[09:40:56] [433/459] PMAK
[09:40:58] [434/459] NYSA
[09:40:59] [435/459] FCPA
[09:41:00] [436/459] GDAN
[09:41:01] [437/459] RSCA
[09:41:02] [438/459] DMAN
[09:41:03] [439/459] DZCM
[09:41:03] [440/459] NSGL
[09:41:04] [441/459] CCPP
[09:41:05] [442/459] PSMG
[09:41:06] [443/459] GSER
[09:41:06] [444/459] FCCT
[09:41:07] [445/459] FCTB
[09:41:08] [446/459] LCNK
[09:41:09] [447/459] SKTY
[09:41:09] [448/459] INAA
[09:41:10] [449/459] RCWN
[09:41:11] [450/459] VAIS
[09:41:12] [451/459] CVMN
[09:41:13] [452/459] INTS
[09:41:13] [453/459] FRGS
[09:41:14] [454/459] DTCK
[09:41:15] [455/459] MCMH
[09:41:16] [456/459] ECRR
[09:41:17] [457/459] RLLP
[09:41:18] [458/459] CCSN
[09:41:18] [459/459] CCBA
[09:41:19] 🧹 Deduping shows
[09:41:19] ✅ DONE | Shows=215 | Movies=14
[17:00:04] 🚀 SCRIPT STARTED
[17:00:04] [1/459] MBDC
[17:00:04] 🧠 New identity created
[17:00:05] [2/459] CHKM
[17:00:05] [3/459] JTKZ
[17:00:06] [4/459] CMCT
[17:00:07] [5/459] ASHO
[17:00:08] [6/459] ECDG
[17:00:09] [7/459] SPAT
[17:00:10] [8/459] HILC
[17:00:11] [9/459] SPPH
[17:00:12] [10/459] SBHN
[17:00:13] [11/459] RRCA
[17:00:13] [12/459] APAA
[17:00:15] [13/459] RAME
[17:00:16] [14/459] TMMS
[17:00:16] [15/459] BATK
[17:00:17] [16/459] LKOP
[17:00:18] [17/459] AMTT
[17:00:19] [18/459] PTGK
[17:00:20] [19/459] ANRS
[17:00:21] [20/459] VWBW
[17:00:22] [21/459] SVFG
[17:00:22] [22/459] STAT
[17:00:23] [23/459] GDCV
[17:00:24] [24/459] VEBI
[17:00:25] [25/459] VDSS
[17:00:26] [26/459] NTHV
[17:00:27] [27/459] AOCH
[17:00:28] [28/459] KASR
[17:00:29] [29/459] AYCS
[17:00:29] [30/459] SHAI
[17:00:30] [31/459] SKPE
[17:00:31] [32/459] SBTA
[17:00:32] [33/459] RTTD
[17:00:33] [34/459] CCJD
[17:00:34] [35/459] RSJJ
[17:00:35] [36/459] RKND
[17:00:36] [37/459] SVTX
[17:00:37] [38/459] BAKM
[17:00:38] [39/459] SVDC
[17:00:39] [40/459] MNCV
[17:00:40] [41/459] SJGC
[17:00:41] [42/459] MTPK
[17:00:42] [43/459] GATP
[17:00:43] [44/459] ABTS
[17:00:45] [45/459] ABDE
[17:00:46] [46/459] RCNM
[17:00:46] [47/459] KTHV
[17:00:47] [48/459] MDGJ
[17:00:48] [49/459] SMLM
[17:00:48] [50/459] JTMA
[17:00:49] [51/459] ACKP
[17:00:50] [52/459] SRTA
[17:00:51] [53/459] STAY
[17:00:52] [54/459] MAVO
[17:00:53] [55/459] APTS
[17:00:54] [56/459] OMEA
[17:00:55] [57/459] TTFD
[17:00:56] [58/459] MJCU
[17:00:57] [59/459] CXTE
[17:00:57] [60/459] CTPX
[17:00:58] [61/459] ASSL
[17:00:59] [62/459] CMVB
[17:01:00] [63/459] VPUR
[17:01:01] [64/459] JJDA
[17:01:01] [65/459] INBL
[17:01:02] [66/459] BIKB
[17:01:03] [67/459] NTBB
[17:01:03] [68/459] GLOB
[17:01:04] [69/459] SNTB
[17:01:05] [70/459] CHGV
[17:01:06] [71/459] SSBZ
[17:01:07] [72/459] PRDB
[17:01:07] [73/459] ISMT
[17:01:08] [74/459] MCSD
[17:01:09] [75/459] JBTT
[17:01:10] [76/459] GEKR
[17:01:11] [77/459] PVUN
[17:01:12] [78/459] NRTB
[17:01:12] [79/459] PRAA
[17:01:14] [80/459] PCBL
[17:01:14] [81/459] PTCM
[17:01:15] [82/459] KHNN
[17:01:16] [83/459] OMJE
[17:01:17] [84/459] STGN
[17:01:18] [85/459] RPMS
[17:01:19] [86/459] NWAD
[17:01:20] [87/459] BLCK
[17:01:21] [88/459] SVAA
[17:01:22] [89/459] URVM
[17:01:22] [90/459] ANTM
[17:01:23] [91/459] VJYM
[17:01:24] [92/459] MAZZ
[17:01:25] [93/459] CSHM
[17:01:26] [94/459] WGMH
[17:01:26] [95/459] SALN
[17:01:27] [96/459] BRTP
[17:01:28] [97/459] SVTA
[17:01:29] [98/459] SBTP
[17:01:30] [99/459] VLSS
[17:01:31] [100/459] SRJA
[17:01:32] [101/459] ANCG
[17:01:33] [102/459] CGGC
[17:01:34] [103/459] CRJA
[17:01:34] [104/459] USCR
[17:01:35] [105/459] MMEF
[17:01:36] [106/459] JCRJ
[17:01:37] [107/459] ADCM
[17:01:38] [108/459] BMYK
[17:01:39] [109/459] KICS
[17:01:39] [110/459] MBBT
[17:01:40] [111/459] MACK
[17:01:41] [112/459] CLDR
[17:01:41] [113/459] JYCR
[17:01:42] [114/459] DCRP
[17:01:43] [115/459] RAHT
[17:01:44] [116/459] CSSM
[17:01:45] [117/459] ATPK
[17:01:45] [118/459] KLRT
[17:01:46] [119/459] SRDD
[17:01:47] [120/459] CKMC
[17:01:48] [121/459] KRVM
[17:01:49] [122/459] AKCP
[17:01:50] [123/459] CNCV
[17:01:50] [124/459] PACT
[17:01:51] [125/459] NATP
[17:01:52] [126/459] PCPK
[17:01:53] [127/459] SMHO
[17:01:54] [128/459] CWTK
[17:01:55] [129/459] RVKZ
[17:01:56] [130/459] ASPD
[17:01:56] [131/459] VTKZ
[17:01:57] [132/459] LCSO
[17:01:58] [133/459] PRDY
[17:01:59] [134/459] RCAP
[17:02:00] [135/459] RGAR
[17:02:01] [136/459] RCAC
[17:02:02] [137/459] PMOD
[17:02:03] [138/459] PVCN
[17:02:03] [139/459] SCRZ
[17:02:04] [140/459] PVPC
[17:02:06] [141/459] STID
[17:02:07] [142/459] NEDD
[17:02:08] [143/459] BNBA
[17:02:09] [144/459] NTCD
[17:02:09] [145/459] OCDE
[17:02:10] [146/459] CCDU
[17:02:11] [147/459] CRXH
[17:02:12] [148/459] VLVT
[17:02:13] [149/459] CICI
[17:02:13] [150/459] SUCB
[17:02:14] [151/459] TCBP
[17:02:15] [152/459] SCCY
[17:02:16] [153/459] LXCY
[17:02:16] [154/459] NCMD
[17:02:18] [155/459] PHCS
[17:02:18] [156/459] DUXR
[17:02:19] [157/459] VNKS
[17:02:20] [158/459] SEDP
[17:02:21] [159/459] SVEN
[17:02:21] [160/459] SRKM
[17:02:22] [161/459] JTLT
[17:02:23] [162/459] SVSS
[17:02:24] [163/459] AMDE
[17:02:25] [164/459] WVRN
[17:02:26] [165/459] ISMG
[17:02:27] [166/459] WVKS
[17:02:28] [167/459] USCG
[17:02:28] [168/459] IOTG
[17:02:29] [169/459] RRJM
[17:02:30] [170/459] EDMP
[17:02:31] [171/459] SCGZ
[17:02:31] [172/459] GMGX
[17:02:32] [173/459] OMTP
[17:02:33] [174/459] MITD
[17:02:34] [175/459] SMMD
[17:02:35] [176/459] STML
[17:02:36] [177/459] MCFS
[17:02:37] [178/459] FPKA
[17:02:38] [179/459] OMLR
[17:02:39] [180/459] KKSC
[17:02:40] [181/459] RVMA
[17:02:40] [182/459] SCLL
[17:02:41] [183/459] SCDK
[17:02:42] [184/459] SXMI
[17:02:43] [185/459] SHDN
[17:02:44] [186/459] PAAD
[17:02:44] [187/459] UUCB
[17:02:45] [188/459] JHOL
[17:02:46] [189/459] SGWT
[17:02:47] [190/459] SRII
[17:02:48] [191/459] SGCK
[17:02:49] [192/459] SVVB
[17:02:50] [193/459] DMHA
[17:02:50] [194/459] PPNL
[17:02:51] [195/459] CPNL
[17:02:52] [196/459] WVLD
[17:02:53] [197/459] PSLV
[17:02:54] [198/459] VTTL
[17:02:55] [199/459] NPAD
[17:02:56] [200/459] PVCS
[17:02:57] [201/459] MCHL
[17:02:57] [202/459] PPLL
[17:02:58] [203/459] MALO
[17:02:59] [204/459] SWBH
[17:03:00] [205/459] PUGB
[17:03:00] [206/459] INBB
[17:03:01] [207/459] INNS
[17:03:02] [208/459] MCPT
[17:03:03] [209/459] SCMI
[17:03:04] [210/459] OCON
[17:03:05] [211/459] SCSM
[17:03:06] [212/459] RJVN
[17:03:07] [213/459] AMDK
[17:03:08] [214/459] ISMR
[17:03:09] [215/459] SMTD
[17:03:10] [216/459] VTDD
[17:03:11] [217/459] PDDZ
[17:03:11] [218/459] PCCK
[17:03:12] [219/459] INAM
[17:03:13] [220/459] FNKT
[17:03:14] [221/459] GDKA
[17:03:14] [222/459] MAYU
[17:03:15] [223/459] TCGU
[17:03:16] [224/459] KDCA
[17:03:17] [225/459] DOMY
[17:03:17] [226/459] PDDD
[17:03:18] [227/459] BJTS
[17:03:19] [228/459] VTCA
[17:03:20] [229/459] SBTM
[17:03:21] [230/459] SEET
[17:03:21] [231/459] SSTJ
[17:03:22] [232/459] SVNT
[17:03:23] [233/459] PPPR
[17:03:24] [234/459] PVYS
[17:03:24] [235/459] IOSE
[17:03:25] [236/459] ACTV
[17:03:26] [237/459] APVE
[17:03:27] [238/459] TCCL
[17:03:27] [239/459] SCMO
[17:03:28] [240/459] SAUM
[17:03:29] [241/459] KCJS
[17:03:30] [242/459] NJCJ
[17:03:31] [243/459] NECF
[17:03:32] [244/459] CCGW
[17:03:33] [245/459] CCMG
[17:03:34] [246/459] NYRG
[17:03:35] [247/459] NCSQ
[17:03:36] [248/459] GRCG
[17:03:37] [249/459] CCBT
[17:03:37] [250/459] ACGA
[17:03:38] [251/459] INAG
[17:03:39] [252/459] FUCG
[17:03:40] [253/459] AICF
[17:03:41] [254/459] GRGA
[17:03:42] [255/459] GDCN
[17:03:42] [256/459] RRCG
[17:03:43] [257/459] SDCH
[17:03:44] [258/459] WVJM
[17:03:45] [259/459] JCCZ
[17:03:46] [260/459] CNCL
[17:03:47] [261/459] TMLV
[17:03:47] [262/459] MEMB
[17:03:48] [263/459] SGTD
[17:03:49] [264/459] CONX
[17:03:49] [265/459] CCMH
[17:03:50] [266/459] ACMC
[17:03:51] [267/459] DTPD
[17:03:52] [268/459] POJA
[17:03:53] [269/459] FNBH
[17:03:53] [270/459] CGCB
[17:03:54] [271/459] RACN
[17:03:55] [272/459] JTSM
[17:03:56] [273/459] SCDN
[17:03:57] [274/459] AACK
[17:03:58] [275/459] RMCE
[17:03:59] [276/459] BSGB
[17:04:00] [277/459] MRCB
[17:04:01] [278/459] SRVR
[17:04:02] [279/459] VTKK
[17:04:02] [280/459] AMST
[17:04:03] [281/459] APCY
[17:04:04] [282/459] LMHO
[17:04:05] [283/459] MTZH
[17:04:06] [284/459] AMZB
[17:04:07] [285/459] SUVT
[17:04:08] [286/459] RCIP
[17:04:09] [287/459] KESR
[17:04:10] [288/459] SNKC
[17:04:11] [289/459] SCED
[17:04:11] [290/459] DVCA
[17:04:13] [291/459] VCDT
[17:04:14] [292/459] RRDI
[17:04:14] [293/459] DFCH
[17:04:15] [294/459] INSC
[17:04:16] [295/459] RGTR
[17:04:18] [296/459] FMOT
[17:04:18] [297/459] SCPM
[17:04:19] [298/459] GCDT
[17:04:20] [299/459] BRKT
[17:04:21] [300/459] DEMP
[17:04:22] [301/459] SRLC
[17:04:23] [302/459] KSTT
[17:04:24] [303/459] SMMT
[17:04:25] [304/459] SILM
[17:04:26] [305/459] JCVM
[17:04:27] [306/459] KCSV
[17:04:27] [307/459] MHLK
[17:04:28] [308/459] SLVL
[17:04:29] [309/459] RJKP
[17:04:30] [310/459] BBPC
[17:04:31] [311/459] MXCB
[17:04:32] [312/459] TCPK
[17:04:33] [313/459] RTBR
[17:04:33] [314/459] GAUT
[17:04:34] [315/459] DVCF
[17:04:35] [316/459] JTSB
[17:04:36] [317/459] SBLS
[17:04:37] [318/459] UDAY
[17:04:37] [319/459] PTNP
[17:04:39] [320/459] DMKT
[17:04:39] [321/459] NTDT
[17:04:40] [322/459] SHDJ
[17:04:41] [323/459] OTNC
[17:04:42] [324/459] RNTW
[17:04:42] [325/459] GCMI
[17:04:43] [326/459] CRCM
[17:04:44] [327/459] NNCZ
[17:04:45] [328/459] OEMO
[17:04:46] [329/459] PVJM
[17:04:46] [330/459] CPJI
[17:04:47] [331/459] RMCJ
[17:04:49] [332/459] CNWJ
[17:04:49] [333/459] EPJM
[17:04:50] [334/459] FNJJ
[17:04:51] [335/459] GCMJ
[17:04:52] [336/459] INPS
[17:04:53] [337/459] BICJ
[17:04:54] [338/459] ISTJ
[17:04:54] [339/459] INJC
[17:04:55] [340/459] GLXJ
[17:04:56] [341/459] INEM
[17:04:57] [342/459] JTMN
[17:04:58] [343/459] FRCJ
[17:04:59] [344/459] DDJP
[17:05:00] [345/459] INJV
[17:05:01] [346/459] GOLC
[17:05:02] [347/459] KOCI
[17:05:03] [348/459] FSTD
[17:05:03] [349/459] PACJ
[17:05:05] [350/459] GMCN
[17:05:06] [351/459] MMDJ
[17:05:08] [352/459] GODH
[17:05:09] [353/459] SKYN
[17:05:10] [354/459] NCTH
[17:05:10] [355/459] SKVZ
[17:05:12] [356/459] SVML
[17:05:13] [357/459] ACVZ
[17:05:13] [358/459] SURA
[17:05:14] [359/459] RTRB
[17:05:15] [360/459] LLCT
[17:05:16] [361/459] ATTS
[17:05:17] [362/459] JYCM
[17:05:18] [363/459] CTKR
[17:05:19] [364/459] LCKR
[17:05:20] [365/459] NYCV
[17:05:20] [366/459] NYOH
[17:05:21] [367/459] NOVX
[17:05:22] [368/459] MRGK
[17:05:23] [369/459] MOON
[17:05:24] [370/459] SBUC
[17:05:25] [371/459] GSVA
[17:05:26] [372/459] VIAK
[17:05:27] [373/459] SMVZ
[17:05:28] [374/459] MATE
[17:05:29] [375/459] RDCN
[17:05:29] [376/459] ASBL
[17:05:31] [377/459] ASVS
[17:05:32] [378/459] ASSR
[17:05:32] [379/459] SSKN
[17:05:33] [380/459] DRPV
[17:05:34] [381/459] MRHT
[17:05:35] [382/459] BSCN
[17:05:36] [383/459] RKNX
[17:05:37] [384/459] MSMC
[17:05:39] [385/459] MSCJ
[17:05:39] [386/459] BTBJ
[17:05:40] [387/459] MJCC
[17:05:41] [388/459] IOMM
[17:05:42] [389/459] ADGR
[17:05:42] [390/459] MYCP
[17:05:43] [391/459] IGCM
[17:05:44] [392/459] PGRK
[17:05:45] [393/459] VPGO
[17:05:45] [394/459] KOMS
[17:05:46] [395/459] URGG
[17:05:47] [396/459] GOST
[17:05:47] [397/459] LACT
[17:05:48] [398/459] BWCM
[17:05:49] [399/459] NCCW
[17:05:50] [400/459] SKYC
[17:05:51] [401/459] CCPM
[17:05:52] [402/459] VCBT
[17:05:52] [403/459] SDKR
[17:05:53] [404/459] CTYB
[17:05:54] [405/459] SHCX
[17:05:55] [406/459] RCUN
[17:05:56] [407/459] CNRA
[17:05:57] [408/459] RFCA
[17:05:58] [409/459] RDCU
[17:05:59] [410/459] SARK
[17:06:00] [411/459] SPPP
[17:06:00] [412/459] ADMB
[17:06:02] [413/459] JYOE
[17:06:03] [414/459] SRMD
[17:06:04] [415/459] RJDH
[17:06:04] [416/459] SSTD
[17:06:05] [417/459] AACV
[17:06:06] [418/459] PPVD
[17:06:07] [419/459] STCP
[17:06:08] [420/459] ANJR
[17:06:09] [421/459] ANLS
[17:06:09] [422/459] BIJO
[17:06:10] [423/459] AVAB
[17:06:11] [424/459] SPMD
[17:06:12] [425/459] SVJL
[17:06:13] [426/459] SDDJ
[17:06:14] [427/459] SLTU
[17:06:14] [428/459] SAKA
[17:06:15] [429/459] PMAM
[17:06:16] [430/459] FNAM
[17:06:17] [431/459] ACAM
[17:06:18] [432/459] SCMM
[17:06:19] [433/459] PMAK
[17:06:20] [434/459] NYSA
[17:06:20] [435/459] FCPA
[17:06:21] [436/459] GDAN
[17:06:23] [437/459] RSCA
[17:06:23] [438/459] DMAN
[17:06:24] [439/459] DZCM
[17:06:25] [440/459] NSGL
[17:06:26] [441/459] CCPP
[17:06:27] [442/459] PSMG
[17:06:28] [443/459] GSER
[17:06:28] [444/459] FCCT
[17:06:29] [445/459] FCTB
[17:06:30] [446/459] LCNK
[17:06:32] [447/459] SKTY
[17:06:32] [448/459] INAA
[17:06:33] [449/459] RCWN
[17:06:34] [450/459] VAIS
[17:06:35] [451/459] CVMN
[17:06:35] [452/459] INTS
[17:06:36] [453/459] FRGS
[17:06:37] [454/459] DTCK
[17:06:37] [455/459] MCMH
[17:06:38] [456/459] ECRR
[17:06:39] [457/459] RLLP
[17:06:40] [458/459] CCSN
[17:06:40] [459/459] CCBA
[17:06:42] 🧹 Deduping shows
[17:06:42] ✅ DONE | Shows=337 | Movies=19
