[09:34:19] 🚀 SCRIPT STARTED
[09:34:19] [1/459] FNDB
[09:34:19] 🧠 New identity created
[09:34:20] [2/459] AMBH
[09:34:21] [3/459] PRHN
[09:34:22] [4/459] ACPM
[09:34:23] [5/459] PVFS
[09:34:24] [6/459] AACN
[09:34:25] [7/459] ACAS
[09:34:26] [8/459] CTNR
[09:34:27] [9/459] MMAH
[09:34:28] [10/459] CPMH
[09:34:29] [11/459] IGMH
[09:34:30] [12/459] ABCS
[09:34:32] [13/459] CMMA
[09:34:33] [14/459] GPRH
[09:34:33] [15/459] PNNG
[09:34:34] [16/459] AMCA
[09:34:35] [17/459] ISTN
[09:34:36] [18/459] PIIC
[09:34:37] [19/459] AHMH
[09:34:38] [20/459] ASHN
[09:34:39] [21/459] INHY
[09:34:40] [22/459] SRMO
[09:34:42] [23/459] PIMH
[09:34:42] [24/459] PVTS
[09:34:43] [25/459] MMCA
[09:34:44] [26/459] AKYJ
[09:34:45] [27/459] BRKH
[09:34:46] [28/459] MAHM
[09:34:47] [29/459] CPHY
[09:34:49] [30/459] PVTP
[09:34:50] [31/459] SMMR
[09:34:51] [32/459] PVHM
[09:34:52] [33/459] SNDY
[09:34:52] [34/459] GOKU
[09:34:54] [35/459] ACEV
[09:34:55] [36/459] PVUM
[09:34:57] [37/459] VSWA
[09:34:58] [38/459] IPRS
[09:34:59] [39/459] ASGN
[09:35:00] [40/459] BKMV
[09:35:02] [41/459] PVYH
[09:35:03] [42/459] INKM
[09:35:03] [43/459] ARJU
[09:35:04] [44/459] JJPP
[09:35:05] [45/459] SSRM
[09:35:06] [46/459] HMHD
[09:35:07] [47/459] SNKH
[09:35:08] [48/459] ACHI
[09:35:09] [49/459] MRAA
[09:35:09] [50/459] INMH
[09:35:10] [51/459] ARMH
[09:35:11] [52/459] DVRR
[09:35:12] [53/459] SUDA
[09:35:13] [54/459] MCSS
[09:35:14] [55/459] VRKC
[09:35:16] [56/459] PRCX
[09:35:17] [57/459] ASJY
[09:35:17] [58/459] MTHY
[09:35:19] [59/459] SRCM
[09:35:20] [60/459] TVHY
[09:35:21] [61/459] STHD
[09:35:22] [62/459] CPCL
[09:35:22] [63/459] PSMJ
[09:35:23] [64/459] MRGT
[09:35:24] [65/459] ARYH
[09:35:25] [66/459] VTRB
[09:35:26] [67/459] SCHC
[09:35:27] [68/459] MRRG
[09:35:28] [69/459] SPCB
[09:35:28] [70/459] AMCM
[09:35:29] [71/459] IVNM
[09:35:30] [72/459] TRHY
[09:35:31] [73/459] PTTH
[09:35:32] [74/459] RKMH
[09:35:33] [75/459] PRCS
[09:35:34] [76/459] VAJA
[09:35:36] [77/459] BJNG
[09:35:37] [78/459] SCVM
[09:35:37] [79/459] GNHB
[09:35:38] [80/459] TLUR
[09:35:39] [81/459] UKCC
[09:35:40] [82/459] SRKR
[09:35:41] [83/459] RMKN
[09:35:43] [84/459] SLRT
[09:35:44] [85/459] LKMT
[09:35:44] [86/459] SSRJ
[09:35:45] [87/459] SPHT
[09:35:46] [88/459] ANTT
[09:35:47] [89/459] SRCH
[09:35:47] [90/459] SRCA
[09:35:48] [91/459] ARTH
[09:35:50] [92/459] MCBH
[09:35:51] [93/459] SNIB
[09:35:52] [94/459] SART
[09:35:54] [95/459] SKTA
[09:35:55] [96/459] YAKT
[09:35:56] [97/459] MLCK
[09:35:57] [98/459] ANTS
[09:35:57] [99/459] DGCA
[09:35:58] [100/459] SGMP
[09:36:00] [101/459] ASWN
[09:36:02] [102/459] KFVU
[09:36:02] [103/459] POOR
[09:36:03] [104/459] GKDN
[09:36:04] [105/459] EOSE
[09:36:05] [106/459] GTTT
[09:36:06] [107/459] ARRO
[09:36:07] [108/459] CMMK
[09:36:09] [109/459] MSCN
[09:36:10] [110/459] GDKH
[09:36:10] [111/459] DLMT
[09:36:11] [112/459] PVMF
[09:36:13] [113/459] CPCK
[09:36:14] [114/459] VMHE
[09:36:15] [115/459] PVLC
[09:36:15] [116/459] PCVB
[09:36:16] [117/459] SNYK
[09:36:17] [118/459] KTEK
[09:36:18] [119/459] PCNM
[09:36:20] [120/459] NTTR
[09:36:21] [121/459] CPSK
[09:36:21] [122/459] JMMA
[09:36:22] [123/459] GCFK
[09:36:23] [124/459] MYCA
[09:36:24] [125/459] KSNP
[09:36:25] [126/459] PMCE
[09:36:25] [127/459] SCKI
[09:36:26] [128/459] FSMA
[09:36:27] [129/459] CETA
[09:36:28] [130/459] MCIK
[09:36:29] [131/459] MYCR
[09:36:30] [132/459] EVMP
[09:36:31] [133/459] SSGT
[09:36:31] [134/459] KCTK
[09:36:33] [135/459] ZTKC
[09:36:33] [136/459] MMTA
[09:36:34] [137/459] MAJT
[09:36:35] [138/459] ACPK
[09:36:36] [139/459] JMAX
[09:36:37] [140/459] SETK
[09:36:38] [141/459] CAIS
[09:36:39] [142/459] AGCD
[09:36:40] [143/459] URCL
[09:36:41] [144/459] VTDS
[09:36:42] [145/459] JCNM
[09:36:43] [146/459] KCAM
[09:36:45] [147/459] ADCU
[09:36:45] [148/459] GXYN
[09:36:47] [149/459] SMJG
[09:36:47] [150/459] EYCJ
[09:36:48] [151/459] CCEJ
[09:36:50] [152/459] MARS
[09:36:51] [153/459] CPVJ
[09:36:52] [154/459] INVP
[09:36:53] [155/459] CPOV
[09:36:54] [156/459] VIJK
[09:36:55] [157/459] LAIM
[09:36:56] [158/459] STHV
[09:36:57] [159/459] SVLJ
[09:36:58] [160/459] ATVJ
[09:36:59] [161/459] JTSC
[09:36:59] [162/459] RMTV
[09:37:00] [163/459] MGGG
[09:37:01] [164/459] SWTH
[09:37:02] [165/459] INVJ
[09:37:03] [166/459] PRSV
[09:37:04] [167/459] JATV
[09:37:05] [168/459] RCVD
[09:37:05] [169/459] BDMA
[09:37:06] [170/459] BLJI
[09:37:07] [171/459] SWOT
[09:37:08] [172/459] SWRN
[09:37:10] [173/459] TVRA
[09:37:11] [174/459] VCSV
[09:37:12] [175/459] NVRN
[09:37:13] [176/459] SIKC
[09:37:13] [177/459] VAKR
[09:37:14] [178/459] SYLN
[09:37:15] [179/459] KLJL
[09:37:17] [180/459] LKMY
[09:37:17] [181/459] VSLY
[09:37:18] [182/459] CIKO
[09:37:19] [183/459] GPBG
[09:37:20] [184/459] CECM
[09:37:21] [185/459] SLKB
[09:37:22] [186/459] MTBO
[09:37:23] [187/459] SSHB
[09:37:23] [188/459] VPCS
[09:37:24] [189/459] RCSR
[09:37:25] [190/459] RJRM
[09:37:26] [191/459] KPPB
[09:37:27] [192/459] SEDC
[09:37:28] [193/459] SCAI
[09:37:29] [194/459] RMTR
[09:37:29] [195/459] ASST
[09:37:30] [196/459] GCAK
[09:37:31] [197/459] ANNK
[09:37:32] [198/459] KDDF
[09:37:33] [199/459] NRDP
[09:37:35] [200/459] PLAK
[09:37:35] [201/459] GCMC
[09:37:37] [202/459] ALPY
[09:37:38] [203/459] SICE
[09:37:39] [204/459] SISR
[09:37:40] [205/459] SRPZ
[09:37:41] [206/459] SRSW
[09:37:42] [207/459] SUYA
[09:37:43] [208/459] AMMT
[09:37:45] [209/459] BHCU
[09:37:45] [210/459] KLPA
[09:37:46] [211/459] NVKH
[09:37:47] [212/459] JMRC
[09:37:48] [213/459] KTTT
[09:37:49] [214/459] MAGH
[09:37:49] [215/459] MMMX
[09:37:51] [216/459] SALJ
[09:37:52] [217/459] GTJA
[09:37:53] [218/459] MAHT
[09:37:53] [219/459] SSNN
[09:37:54] [220/459] ARRP
[09:37:55] [221/459] ATNS
[09:37:57] [222/459] SKDT
[09:37:58] [223/459] ACAT
[09:38:00] [224/459] APRC
[09:38:00] [225/459] SWAG
[09:38:01] [226/459] SDPT
[09:38:02] [227/459] STPS
[09:38:04] [228/459] WWCZ
[09:38:05] [229/459] LLCH
[09:38:07] [230/459] MZHA
[09:38:07] [231/459] CRJG
[09:38:08] [232/459] JGTK
[09:38:09] [233/459] KCSR
[09:38:10] [234/459] CHTL
[09:38:11] [235/459] EDSR
[09:38:11] [236/459] CSWO
[09:38:12] [237/459] CPVM
[09:38:13] [238/459] MXBY
[09:38:15] [239/459] FMMA
[09:38:16] [240/459] POVI
[09:38:17] [241/459] MTHB
[09:38:18] [242/459] INRC
[09:38:19] [243/459] PIPP
[09:38:20] [244/459] BMXC
[09:38:21] [245/459] PCMM
[09:38:22] [246/459] PMKM
[09:38:22] [247/459] GATY
[09:38:23] [248/459] IMCM
[09:38:24] [249/459] POPE
[09:38:25] [250/459] MTCR
[09:38:26] [251/459] PVAE
[09:38:28] [252/459] PVMI
[09:38:29] [253/459] CPNM
[09:38:30] [254/459] FMRL
[09:38:30] [255/459] MCIW
[09:38:31] [256/459] MXBO
[09:38:32] [257/459] FMKY
[09:38:33] [258/459] FMDA
[09:38:34] [259/459] THAB
[09:38:34] [260/459] PRCW
[09:38:35] [261/459] PITI
[09:38:36] [262/459] MCFF
[09:38:37] [263/459] PDDV
[09:38:38] [264/459] MCRM
[09:38:40] [265/459] KKMB
[09:38:40] [266/459] INKO
[09:38:41] [267/459] PLXP
[09:38:42] [268/459] MMHA
[09:38:44] [269/459] FMVS
[09:38:44] [270/459] POLM
[09:38:45] [271/459] STER
[09:38:46] [272/459] PVWJ
[09:38:47] [273/459] IMJW
[09:38:48] [274/459] FNAN
[09:38:49] [275/459] CAGL
[09:38:50] [276/459] IPBG
[09:38:51] [277/459] SMFV
[09:38:52] [278/459] MMMR
[09:38:54] [279/459] MMWM
[09:38:54] [280/459] FNCM
[09:38:55] [281/459] MDVA
[09:38:57] [282/459] MMET
[09:38:58] [283/459] MIDO
[09:38:59] [284/459] INNP
[09:39:00] [285/459] MIFU
[09:39:01] [286/459] MMSZ
[09:39:01] [287/459] BMXA
[09:39:02] [288/459] MCAA
[09:39:03] [289/459] SCVP
[09:39:04] [290/459] PLUS
[09:39:05] [291/459] MUCK
[09:39:05] [292/459] MTMA
[09:39:06] [293/459] HPVR
[09:39:07] [294/459] PMPK
[09:39:08] [295/459] MAJB
[09:39:09] [296/459] CTRR
[09:39:10] [297/459] MCTG
[09:39:11] [298/459] MACE
[09:39:12] [299/459] AAAS
[09:39:13] [300/459] CPVV
[09:39:14] [301/459] RCHG
[09:39:15] [302/459] MCNE
[09:39:16] [303/459] EMNC
[09:39:17] [304/459] MCAN
[09:39:17] [305/459] TCDM
[09:39:18] [306/459] IRGT
[09:39:20] [307/459] GCMG
[09:39:21] [308/459] MXSN
[09:39:22] [309/459] MXCK
[09:39:23] [310/459] MCRC
[09:39:24] [311/459] RSMI
[09:39:25] [312/459] WAML
[09:39:26] [313/459] MTSC
[09:39:27] [314/459] FMDR
[09:39:28] [315/459] LEPV
[09:39:29] [316/459] MTGD
[09:39:30] [317/459] IMOB
[09:39:31] [318/459] CLMM
[09:39:32] [319/459] PZCD
[09:39:32] [320/459] GOCS
[09:39:33] [321/459] KCMA
[09:39:34] [322/459] CCMP
[09:39:35] [323/459] MTSU
[09:39:36] [324/459] SNGL
[09:39:37] [325/459] MMMC
[09:39:38] [326/459] MMAA
[09:39:39] [327/459] GCDM
[09:39:40] [328/459] KTMV
[09:39:41] [329/459] AETE
[09:39:42] [330/459] OMCS
[09:39:43] [331/459] GDCD
[09:39:44] [332/459] NYMD
[09:39:45] [333/459] RNCV
[09:39:46] [334/459] KKMT
[09:39:47] [335/459] GDTH
[09:39:49] [336/459] KMMV
[09:39:49] [337/459] NHCG
[09:39:51] [338/459] PJDW
[09:39:52] [339/459] MMCV
[09:39:53] [340/459] FQSA
[09:39:53] [341/459] KURL
[09:39:54] [342/459] NNNX
[09:39:55] [343/459] AMAU
[09:39:56] [344/459] VVVM
[09:39:57] [345/459] VECU
[09:39:58] [346/459] WCVR
[09:39:59] [347/459] MTGG
[09:40:00] [348/459] SGTG
[09:40:01] [349/459] MNTG
[09:40:02] [350/459] JDDG
[09:40:03] [351/459] MBTK
[09:40:05] [352/459] SGCD
[09:40:06] [353/459] MCTC
[09:40:06] [354/459] JTPC
[09:40:07] [355/459] SDKT
[09:40:09] [356/459] KRCC
[09:40:11] [357/459] RMMD
[09:40:12] [358/459] AAME
[09:40:12] [359/459] TMWC
[09:40:13] [360/459] NRWY
[09:40:14] [361/459] CITD
[09:40:15] [362/459] VERD
[09:40:16] [363/459] MKSK
[09:40:17] [364/459] STSM
[09:40:18] [365/459] MJDG
[09:40:19] [366/459] RKPM
[09:40:19] [367/459] SSCE
[09:40:20] [368/459] VMAE
[09:40:21] [369/459] SBRU
[09:40:22] [370/459] AMBC
[09:40:23] [371/459] AMLU
[09:40:24] [372/459] INVZ
[09:40:24] [373/459] LGTV
[09:40:25] [374/459] SVAD
[09:40:26] [375/459] SMSA
[09:40:27] [376/459] SPCZ
[09:40:28] [377/459] GTCX
[09:40:28] [378/459] SCSL
[09:40:29] [379/459] SAHU
[09:40:30] [380/459] NCDA
[09:40:31] [381/459] SCCG
[09:40:32] [382/459] VKTL
[09:40:33] [383/459] PUUJ
[09:40:34] [384/459] STEJ
[09:40:35] [385/459] RJAL
[09:40:36] [386/459] ACJC
[09:40:36] [387/459] VTHC
[09:40:37] [388/459] ARVB
[09:40:38] [389/459] AUBB
[09:40:39] [390/459] GDBR
[09:40:41] [391/459] PVND
[09:40:42] [392/459] BGRJ
[09:40:43] [393/459] RJMM
[09:40:44] [394/459] MCSA
[09:40:45] [395/459] BODA
[09:40:45] [396/459] JAGG
[09:40:46] [397/459] SCGA
[09:40:47] [398/459] LRCM
[09:40:48] [399/459] CPCN
[09:40:49] [400/459] SSTF
[09:40:50] [401/459] SRXP
[09:40:50] [402/459] CNFX
[09:40:51] [403/459] ANDI
[09:40:52] [404/459] SYEW
[09:40:53] [405/459] RCRE
[09:40:54] [406/459] SCRW
[09:40:55] [407/459] MBKR
[09:40:56] [408/459] ASNT
[09:40:57] [409/459] JTMT
[09:40:58] [410/459] SHAY
[09:40:59] [411/459] VRTH
[09:41:00] [412/459] SPTI
[09:41:00] [413/459] DPTD
[09:41:01] [414/459] TGSN
[09:41:02] [415/459] RCWV
[09:41:03] [416/459] OCUR
[09:41:04] [417/459] KSTC
[09:41:05] [418/459] SANI
[09:41:06] [419/459] MLCA
[09:41:07] [420/459] EGCA
[09:41:09] [421/459] SYSN
[09:41:10] [422/459] PKTA
[09:41:11] [423/459] PRCC
[09:41:12] [424/459] KSTR
[09:41:12] [425/459] SNTP
[09:41:13] [426/459] RCHA
[09:41:15] [427/459] SEEA
[09:41:16] [428/459] ALAT
[09:41:17] [429/459] AATV
[09:41:18] [430/459] RJTE
[09:41:19] [431/459] AAPP
[09:41:21] [432/459] PMMH
[09:41:22] [433/459] INRJ
[09:41:23] [434/459] SARB
[09:41:24] [435/459] PCJL
[09:41:25] [436/459] PFJJ
[09:41:26] [437/459] GRDC
[09:41:27] [438/459] BCBA
[09:41:28] [439/459] VIXL
[09:41:29] [440/459] CSTL
[09:41:30] [441/459] MTDK
[09:41:31] [442/459] TDAC
[09:41:32] [443/459] GTDN
[09:41:33] [444/459] TTDE
[09:41:34] [445/459] ASTS
[09:41:35] [446/459] CPNS
[09:41:36] [447/459] PVVW
[09:41:37] [448/459] USEB
[09:41:37] [449/459] DTYN
[09:41:38] [450/459] PVLE
[09:41:39] [451/459] CIPS
[09:41:40] [452/459] PAEG
[09:41:41] [453/459] PTCW
[09:41:42] [454/459] G3SR
[09:41:44] [455/459] PGND
[09:41:44] [456/459] INVM
[09:41:45] [457/459] SPIA
[09:41:46] [458/459] PCSN
[09:41:47] [459/459] PPGV
[09:41:48] 🧹 Deduping shows
[09:41:48] ✅ DONE | Shows=445 | Movies=17
[17:02:16] 🚀 SCRIPT STARTED
[17:02:16] [1/459] FNDB
[17:02:16] 🧠 New identity created
[17:02:17] [2/459] AMBH
[17:02:18] [3/459] PRHN
[17:02:19] [4/459] ACPM
[17:02:20] [5/459] PVFS
[17:02:20] [6/459] AACN
[17:02:21] [7/459] ACAS
[17:02:23] [8/459] CTNR
[17:02:24] [9/459] MMAH
[17:02:24] [10/459] CPMH
[17:02:25] [11/459] IGMH
[17:02:26] [12/459] ABCS
[17:02:27] [13/459] CMMA
[17:02:29] [14/459] GPRH
[17:02:30] [15/459] PNNG
[17:02:31] [16/459] AMCA
[17:02:32] [17/459] ISTN
[17:02:33] [18/459] PIIC
[17:02:33] [19/459] AHMH
[17:02:34] [20/459] ASHN
[17:02:35] [21/459] INHY
[17:02:36] [22/459] SRMO
[17:02:37] [23/459] PIMH
[17:02:37] [24/459] PVTS
[17:02:39] [25/459] MMCA
[17:02:40] [26/459] AKYJ
[17:02:41] [27/459] BRKH
[17:02:42] [28/459] MAHM
[17:02:44] [29/459] CPHY
[17:02:45] [30/459] PVTP
[17:02:46] [31/459] SMMR
[17:02:46] [32/459] PVHM
[17:02:47] [33/459] SNDY
[17:02:48] [34/459] GOKU
[17:02:49] [35/459] ACEV
[17:02:50] [36/459] PVUM
[17:02:51] [37/459] VSWA
[17:02:52] [38/459] IPRS
[17:02:52] [39/459] ASGN
[17:02:53] [40/459] BKMV
[17:02:54] [41/459] PVYH
[17:02:55] [42/459] INKM
[17:02:56] [43/459] ARJU
[17:02:56] [44/459] JJPP
[17:02:58] [45/459] SSRM
[17:03:00] [46/459] HMHD
[17:03:01] [47/459] SNKH
[17:03:01] [48/459] ACHI
[17:03:02] [49/459] MRAA
[17:03:03] [50/459] INMH
[17:03:04] [51/459] ARMH
[17:03:05] [52/459] DVRR
[17:03:06] [53/459] SUDA
[17:03:07] [54/459] MCSS
[17:03:08] [55/459] VRKC
[17:03:09] [56/459] PRCX
[17:03:10] [57/459] ASJY
[17:03:11] [58/459] MTHY
[17:03:12] [59/459] SRCM
[17:03:12] [60/459] TVHY
[17:03:13] [61/459] STHD
[17:03:14] [62/459] CPCL
[17:03:15] [63/459] PSMJ
[17:03:15] [64/459] MRGT
[17:03:16] [65/459] ARYH
[17:03:18] [66/459] VTRB
[17:03:19] [67/459] SCHC
[17:03:20] [68/459] MRRG
[17:03:21] [69/459] SPCB
[17:03:21] [70/459] AMCM
[17:03:22] [71/459] IVNM
[17:03:23] [72/459] TRHY
[17:03:23] [73/459] PTTH
[17:03:24] [74/459] RKMH
[17:03:25] [75/459] PRCS
[17:03:26] [76/459] VAJA
[17:03:27] [77/459] BJNG
[17:03:28] [78/459] SCVM
[17:03:28] [79/459] GNHB
[17:03:30] [80/459] TLUR
[17:03:31] [81/459] UKCC
[17:03:31] [82/459] SRKR
[17:03:32] [83/459] RMKN
[17:03:33] [84/459] SLRT
[17:03:34] [85/459] LKMT
[17:03:35] [86/459] SSRJ
[17:03:36] [87/459] SPHT
[17:03:36] [88/459] ANTT
[17:03:37] [89/459] SRCH
[17:03:38] [90/459] SRCA
[17:03:38] [91/459] ARTH
[17:03:39] [92/459] MCBH
[17:03:41] [93/459] SNIB
[17:03:41] [94/459] SART
[17:03:42] [95/459] SKTA
[17:03:43] [96/459] YAKT
[17:03:44] [97/459] MLCK
[17:03:45] [98/459] ANTS
[17:03:46] [99/459] DGCA
[17:03:46] [100/459] SGMP
[17:03:47] [101/459] ASWN
[17:03:48] [102/459] KFVU
[17:03:49] [103/459] POOR
[17:03:50] [104/459] GKDN
[17:03:51] [105/459] EOSE
[17:03:51] [106/459] GTTT
[17:03:53] [107/459] ARRO
[17:03:54] [108/459] CMMK
[17:03:54] [109/459] MSCN
[17:03:55] [110/459] GDKH
[17:03:56] [111/459] DLMT
[17:03:57] [112/459] PVMF
[17:03:58] [113/459] CPCK
[17:03:59] [114/459] VMHE
[17:04:00] [115/459] PVLC
[17:04:01] [116/459] PCVB
[17:04:02] [117/459] SNYK
[17:04:03] [118/459] KTEK
[17:04:03] [119/459] PCNM
[17:04:05] [120/459] NTTR
[17:04:06] [121/459] CPSK
[17:04:06] [122/459] JMMA
[17:04:07] [123/459] GCFK
[17:04:08] [124/459] MYCA
[17:04:09] [125/459] KSNP
[17:04:09] [126/459] PMCE
[17:04:11] [127/459] SCKI
[17:04:12] [128/459] FSMA
[17:04:13] [129/459] CETA
[17:04:14] [130/459] MCIK
[17:04:15] [131/459] MYCR
[17:04:16] [132/459] EVMP
[17:04:17] [133/459] SSGT
[17:04:18] [134/459] KCTK
[17:04:19] [135/459] ZTKC
[17:04:20] [136/459] MMTA
[17:04:21] [137/459] MAJT
[17:04:22] [138/459] ACPK
[17:04:22] [139/459] JMAX
[17:04:23] [140/459] SETK
[17:04:24] [141/459] CAIS
[17:04:25] [142/459] AGCD
[17:04:25] [143/459] URCL
[17:04:26] [144/459] VTDS
[17:04:27] [145/459] JCNM
[17:04:28] [146/459] KCAM
[17:04:28] [147/459] ADCU
[17:04:29] [148/459] GXYN
[17:04:30] [149/459] SMJG
[17:04:31] [150/459] EYCJ
[17:04:32] [151/459] CCEJ
[17:04:33] [152/459] MARS
[17:04:33] [153/459] CPVJ
[17:04:34] [154/459] INVP
[17:04:35] [155/459] CPOV
[17:04:37] [156/459] VIJK
[17:04:37] [157/459] LAIM
[17:04:38] [158/459] STHV
[17:04:39] [159/459] SVLJ
[17:04:41] [160/459] ATVJ
[17:04:42] [161/459] JTSC
[17:04:43] [162/459] RMTV
[17:04:44] [163/459] MGGG
[17:04:45] [164/459] SWTH
[17:04:46] [165/459] INVJ
[17:04:47] [166/459] PRSV
[17:04:47] [167/459] JATV
[17:04:48] [168/459] RCVD
[17:04:49] [169/459] BDMA
[17:04:50] [170/459] BLJI
[17:04:51] [171/459] SWOT
[17:04:52] [172/459] SWRN
[17:04:52] [173/459] TVRA
[17:04:53] [174/459] VCSV
[17:04:54] [175/459] NVRN
[17:04:55] [176/459] SIKC
[17:04:56] [177/459] VAKR
[17:04:57] [178/459] SYLN
[17:04:57] [179/459] KLJL
[17:04:59] [180/459] LKMY
[17:05:00] [181/459] VSLY
[17:05:00] [182/459] CIKO
[17:05:01] [183/459] GPBG
[17:05:02] [184/459] CECM
[17:05:03] [185/459] SLKB
[17:05:04] [186/459] MTBO
[17:05:05] [187/459] SSHB
[17:05:06] [188/459] VPCS
[17:05:06] [189/459] RCSR
[17:05:07] [190/459] RJRM
[17:05:08] [191/459] KPPB
[17:05:09] [192/459] SEDC
[17:05:10] [193/459] SCAI
[17:05:11] [194/459] RMTR
[17:05:12] [195/459] ASST
[17:05:13] [196/459] GCAK
[17:05:14] [197/459] ANNK
[17:05:14] [198/459] KDDF
[17:05:15] [199/459] NRDP
[17:05:16] [200/459] PLAK
[17:05:17] [201/459] GCMC
[17:05:18] [202/459] ALPY
[17:05:18] [203/459] SICE
[17:05:19] [204/459] SISR
[17:05:20] [205/459] SRPZ
[17:05:21] [206/459] SRSW
[17:05:22] [207/459] SUYA
[17:05:23] [208/459] AMMT
[17:05:24] [209/459] BHCU
[17:05:25] [210/459] KLPA
[17:05:26] [211/459] NVKH
[17:05:27] [212/459] JMRC
[17:05:27] [213/459] KTTT
[17:05:28] [214/459] MAGH
[17:05:29] [215/459] MMMX
[17:05:30] [216/459] SALJ
[17:05:31] [217/459] GTJA
[17:05:32] [218/459] MAHT
[17:05:33] [219/459] SSNN
[17:05:34] [220/459] ARRP
[17:05:35] [221/459] ATNS
[17:05:36] [222/459] SKDT
[17:05:37] [223/459] ACAT
[17:05:38] [224/459] APRC
[17:05:39] [225/459] SWAG
[17:05:40] [226/459] SDPT
[17:05:41] [227/459] STPS
[17:05:42] [228/459] WWCZ
[17:05:42] [229/459] LLCH
[17:05:43] [230/459] MZHA
[17:05:44] [231/459] CRJG
[17:05:45] [232/459] JGTK
[17:05:46] [233/459] KCSR
[17:05:47] [234/459] CHTL
[17:05:47] [235/459] EDSR
[17:05:48] [236/459] CSWO
[17:05:49] [237/459] CPVM
[17:05:50] [238/459] MXBY
[17:05:51] [239/459] FMMA
[17:05:51] [240/459] POVI
[17:05:52] [241/459] MTHB
[17:05:53] [242/459] INRC
[17:05:54] [243/459] PIPP
[17:05:55] [244/459] BMXC
[17:05:55] [245/459] PCMM
[17:05:56] [246/459] PMKM
[17:05:57] [247/459] GATY
[17:05:59] [248/459] IMCM
[17:05:59] [249/459] POPE
[17:06:00] [250/459] MTCR
[17:06:01] [251/459] PVAE
[17:06:02] [252/459] PVMI
[17:06:04] [253/459] CPNM
[17:06:05] [254/459] FMRL
[17:06:06] [255/459] MCIW
[17:06:06] [256/459] MXBO
[17:06:07] [257/459] FMKY
[17:06:08] [258/459] FMDA
[17:06:09] [259/459] THAB
[17:06:10] [260/459] PRCW
[17:06:11] [261/459] PITI
[17:06:11] [262/459] MCFF
[17:06:12] [263/459] PDDV
[17:06:13] [264/459] MCRM
[17:06:14] [265/459] KKMB
[17:06:14] [266/459] INKO
[17:06:15] [267/459] PLXP
[17:06:17] [268/459] MMHA
[17:06:18] [269/459] FMVS
[17:06:19] [270/459] POLM
[17:06:20] [271/459] STER
[17:06:21] [272/459] PVWJ
[17:06:22] [273/459] IMJW
[17:06:22] [274/459] FNAN
[17:06:23] [275/459] CAGL
[17:06:24] [276/459] IPBG
[17:06:25] [277/459] SMFV
[17:06:26] [278/459] MMMR
[17:06:27] [279/459] MMWM
[17:06:28] [280/459] FNCM
[17:06:29] [281/459] MDVA
[17:06:30] [282/459] MMET
[17:06:30] [283/459] MIDO
[17:06:31] [284/459] INNP
[17:06:33] [285/459] MIFU
[17:06:33] [286/459] MMSZ
[17:06:34] [287/459] BMXA
[17:06:36] [288/459] MCAA
[17:06:37] [289/459] SCVP
[17:06:38] [290/459] PLUS
[17:06:39] [291/459] MUCK
[17:06:40] [292/459] MTMA
[17:06:41] [293/459] HPVR
[17:06:42] [294/459] PMPK
[17:06:43] [295/459] MAJB
[17:06:44] [296/459] CTRR
[17:06:45] [297/459] MCTG
[17:06:46] [298/459] MACE
[17:06:47] [299/459] AAAS
[17:06:48] [300/459] CPVV
[17:06:50] [301/459] RCHG
[17:06:51] [302/459] MCNE
[17:06:52] [303/459] EMNC
[17:06:53] [304/459] MCAN
[17:06:53] [305/459] TCDM
[17:06:54] [306/459] IRGT
[17:06:55] [307/459] GCMG
[17:06:56] [308/459] MXSN
[17:06:58] [309/459] MXCK
[17:06:59] [310/459] MCRC
[17:06:59] [311/459] RSMI
[17:07:00] [312/459] WAML
[17:07:02] [313/459] MTSC
[17:07:03] [314/459] FMDR
[17:07:04] [315/459] LEPV
[17:07:04] [316/459] MTGD
[17:07:05] [317/459] IMOB
[17:07:06] [318/459] CLMM
[17:07:07] [319/459] PZCD
[17:07:08] [320/459] GOCS
[17:07:09] [321/459] KCMA
[17:07:09] [322/459] CCMP
[17:07:10] [323/459] MTSU
[17:07:11] [324/459] SNGL
[17:07:12] [325/459] MMMC
[17:07:14] [326/459] MMAA
[17:07:14] [327/459] GCDM
[17:07:15] [328/459] KTMV
[17:07:16] [329/459] AETE
[17:07:18] [330/459] OMCS
[17:07:18] [331/459] GDCD
[17:07:19] [332/459] NYMD
[17:07:20] [333/459] RNCV
[17:07:21] [334/459] KKMT
[17:07:22] [335/459] GDTH
[17:07:24] [336/459] KMMV
[17:07:24] [337/459] NHCG
[17:07:25] [338/459] PJDW
[17:07:26] [339/459] MMCV
[17:07:27] [340/459] FQSA
[17:07:28] [341/459] KURL
[17:07:29] [342/459] NNNX
[17:07:29] [343/459] AMAU
[17:07:30] [344/459] VVVM
[17:07:32] [345/459] VECU
[17:07:33] [346/459] WCVR
[17:07:34] [347/459] MTGG
[17:07:34] [348/459] SGTG
[17:07:35] [349/459] MNTG
[17:07:36] [350/459] JDDG
[17:07:37] [351/459] MBTK
[17:07:38] [352/459] SGCD
[17:07:39] [353/459] MCTC
[17:07:40] [354/459] JTPC
[17:07:40] [355/459] SDKT
[17:07:41] [356/459] KRCC
[17:07:42] [357/459] RMMD
[17:07:43] [358/459] AAME
[17:07:44] [359/459] TMWC
[17:07:45] [360/459] NRWY
[17:07:46] [361/459] CITD
[17:07:46] [362/459] VERD
[17:07:47] [363/459] MKSK
[17:07:48] [364/459] STSM
[17:07:49] [365/459] MJDG
[17:07:49] [366/459] RKPM
[17:07:51] [367/459] SSCE
[17:07:52] [368/459] VMAE
[17:07:53] [369/459] SBRU
[17:07:54] [370/459] AMBC
[17:07:54] [371/459] AMLU
[17:07:55] [372/459] INVZ
[17:07:56] [373/459] LGTV
[17:07:57] [374/459] SVAD
[17:07:58] [375/459] SMSA
[17:07:59] [376/459] SPCZ
[17:07:59] [377/459] GTCX
[17:08:00] [378/459] SCSL
[17:08:01] [379/459] SAHU
[17:08:02] [380/459] NCDA
[17:08:03] [381/459] SCCG
[17:08:04] [382/459] VKTL
[17:08:05] [383/459] PUUJ
[17:08:06] [384/459] STEJ
[17:08:06] [385/459] RJAL
[17:08:07] [386/459] ACJC
[17:08:08] [387/459] VTHC
[17:08:09] [388/459] ARVB
[17:08:10] [389/459] AUBB
[17:08:10] [390/459] GDBR
[17:08:11] [391/459] PVND
[17:08:12] [392/459] BGRJ
[17:08:13] [393/459] RJMM
[17:08:14] [394/459] MCSA
[17:08:15] [395/459] BODA
[17:08:15] [396/459] JAGG
[17:08:16] [397/459] SCGA
[17:08:17] [398/459] LRCM
[17:08:18] [399/459] CPCN
[17:08:19] [400/459] SSTF
[17:08:21] [401/459] SRXP
[17:08:21] [402/459] CNFX
[17:08:22] [403/459] ANDI
[17:08:23] [404/459] SYEW
[17:08:25] [405/459] RCRE
[17:08:26] [406/459] SCRW
[17:08:27] [407/459] MBKR
[17:08:28] [408/459] ASNT
[17:08:30] [409/459] JTMT
[17:08:31] [410/459] SHAY
[17:08:31] [411/459] VRTH
[17:08:32] [412/459] SPTI
[17:08:33] [413/459] DPTD
[17:08:34] [414/459] TGSN
[17:08:35] [415/459] RCWV
[17:08:35] [416/459] OCUR
[17:08:36] [417/459] KSTC
[17:08:37] [418/459] SANI
[17:08:38] [419/459] MLCA
[17:08:39] [420/459] EGCA
[17:08:40] [421/459] SYSN
[17:08:41] [422/459] PKTA
[17:08:42] [423/459] PRCC
[17:08:44] [424/459] KSTR
[17:08:44] [425/459] SNTP
[17:08:45] [426/459] RCHA
[17:08:46] [427/459] SEEA
[17:08:48] [428/459] ALAT
[17:08:49] [429/459] AATV
[17:08:49] [430/459] RJTE
[17:08:50] [431/459] AAPP
[17:08:51] [432/459] PMMH
[17:08:52] [433/459] INRJ
[17:08:53] [434/459] SARB
[17:08:53] [435/459] PCJL
[17:08:55] [436/459] PFJJ
[17:08:56] [437/459] GRDC
[17:08:57] [438/459] BCBA
[17:08:58] [439/459] VIXL
[17:08:58] [440/459] CSTL
[17:08:59] [441/459] MTDK
[17:09:00] [442/459] TDAC
[17:09:01] [443/459] GTDN
[17:09:02] [444/459] TTDE
[17:09:03] [445/459] ASTS
[17:09:04] [446/459] CPNS
[17:09:05] [447/459] PVVW
[17:09:06] [448/459] USEB
[17:09:07] [449/459] DTYN
[17:09:07] [450/459] PVLE
[17:09:08] [451/459] CIPS
[17:09:09] [452/459] PAEG
[17:09:10] [453/459] PTCW
[17:09:11] [454/459] G3SR
[17:09:12] [455/459] PGND
[17:09:13] [456/459] INVM
[17:09:14] [457/459] SPIA
[17:09:15] [458/459] PCSN
[17:09:16] [459/459] PPGV
[17:09:17] 🧹 Deduping shows
[17:09:17] ✅ DONE | Shows=794 | Movies=29
