[09:34:17] 🚀 SCRIPT STARTED
[09:34:17] [1/459] MCCZ
[09:34:17] 🧠 New identity created
[09:34:18] [2/459] FRPU
[09:34:19] [3/459] SKSI
[09:34:20] [4/459] SSCK
[09:34:21] [5/459] SRDC
[09:34:22] [6/459] RSCZ
[09:34:23] [7/459] PRVT
[09:34:24] [8/459] GAGJ
[09:34:25] [9/459] SMHG
[09:34:26] [10/459] JTST
[09:34:27] [11/459] MYTH
[09:34:28] [12/459] JPCC
[09:34:30] [13/459] ACDC
[09:34:30] [14/459] SVFP
[09:34:31] [15/459] SFCM
[09:34:32] [16/459] RUPK
[09:34:33] [17/459] NTCR
[09:34:35] [18/459] RTCH
[09:34:35] [19/459] SCMH
[09:34:36] [20/459] SVYM
[09:34:37] [21/459] SPYM
[09:34:38] [22/459] SMMF
[09:34:40] [23/459] CLLB
[09:34:41] [24/459] FMCB
[09:34:42] [25/459] BBTC
[09:34:43] [26/459] NTHS
[09:34:43] [27/459] PKKJ
[09:34:44] [28/459] MTJA
[09:34:45] [29/459] PMSJ
[09:34:46] [30/459] JMJU
[09:34:47] [31/459] SRAD
[09:34:48] [32/459] MJMC
[09:34:48] [33/459] DFRM
[09:34:49] [34/459] PMRS
[09:34:50] [35/459] RKPP
[09:34:52] [36/459] BMBK
[09:34:53] [37/459] NEWS
[09:34:54] [38/459] SALB
[09:34:54] [39/459] SCPW
[09:34:55] [40/459] RAYL
[09:34:57] [41/459] CMGJ
[09:34:57] [42/459] JRCR
[09:34:58] [43/459] SRTB
[09:35:00] [44/459] ETPB
[09:35:01] [45/459] MXBN
[09:35:02] [46/459] TOPE
[09:35:02] [47/459] SNLJ
[09:35:03] [48/459] CDDP
[09:35:04] [49/459] APCX
[09:35:05] [50/459] TALP
[09:35:06] [51/459] RRMP
[09:35:07] [52/459] MAHB
[09:35:08] [53/459] MTKR
[09:35:09] [54/459] KSKL
[09:35:09] [55/459] RJLT
[09:35:10] [56/459] ATAS
[09:35:11] [57/459] AMHR
[09:35:12] [58/459] RSRM
[09:35:13] [59/459] GCAT
[09:35:15] [60/459] SMML
[09:35:16] [61/459] ACCD
[09:35:17] [62/459] VYDA
[09:35:18] [63/459] MSKT
[09:35:20] [64/459] AVDM
[09:35:21] [65/459] ASMH
[09:35:22] [66/459] VTMB
[09:35:23] [67/459] WVMB
[09:35:23] [68/459] PPMN
[09:35:25] [69/459] MTMD
[09:35:26] [70/459] SMMO
[09:35:27] [71/459] DLPB
[09:35:27] [72/459] AKMD
[09:35:28] [73/459] SHRR
[09:35:29] [74/459] ASCO
[09:35:30] [75/459] CZVX
[09:35:31] [76/459] GCBB
[09:35:32] [77/459] ATBM
[09:35:33] [78/459] TCGM
[09:35:34] [79/459] UMSE
[09:35:34] [80/459] NKCL
[09:35:35] [81/459] BTLR
[09:35:36] [82/459] GOCL
[09:35:37] [83/459] MIRN
[09:35:38] [84/459] THEC
[09:35:39] [85/459] SPPB
[09:35:40] [86/459] PMMM
[09:35:41] [87/459] GGMC
[09:35:42] [88/459] AVSR
[09:35:43] [89/459] RDMH
[09:35:43] [90/459] JSRS
[09:35:45] [91/459] VKGP
[09:35:46] [92/459] ACRT
[09:35:47] [93/459] GCBA
[09:35:48] [94/459] GTCP
[09:35:49] [95/459] AKFC
[09:35:50] [96/459] INCS
[09:35:50] [97/459] SMCK
[09:35:52] [98/459] BRUN
[09:35:53] [99/459] RPPC
[09:35:54] [100/459] PAYD
[09:35:55] [101/459] SVVT
[09:35:55] [102/459] RNCC
[09:35:56] [103/459] PCRC
[09:35:57] [104/459] PMRM
[09:35:58] [105/459] CCRP
[09:36:00] [106/459] INCR
[09:36:01] [107/459] ZTMP
[09:36:02] [108/459] MCNR
[09:36:03] [109/459] INRP
[09:36:04] [110/459] STRC
[09:36:05] [111/459] RATI
[09:36:06] [112/459] PBTR
[09:36:07] [113/459] CMHP
[09:36:08] [114/459] ZECJ
[09:36:09] [115/459] CCCB
[09:36:09] [116/459] BWCB
[09:36:10] [117/459] CCAT
[09:36:11] [118/459] KGCM
[09:36:12] [119/459] INPT
[09:36:13] [120/459] FNCO
[09:36:15] [121/459] SRMJ
[09:36:16] [122/459] PFSC
[09:36:17] [123/459] PBMC
[09:36:17] [124/459] KARP
[09:36:18] [125/459] KOVI
[09:36:19] [126/459] ACXL
[09:36:20] [127/459] GKCC
[09:36:21] [128/459] ASCC
[09:36:22] [129/459] SETC
[09:36:23] [130/459] KACC
[09:36:24] [131/459] KAVE
[09:36:25] [132/459] CNTC
[09:36:25] [133/459] MEEN
[09:36:27] [134/459] BMRV
[09:36:28] [135/459] SVAM
[09:36:29] [136/459] VTBP
[09:36:30] [137/459] VCKN
[09:36:31] [138/459] SGTK
[09:36:32] [139/459] RCGS
[09:36:33] [140/459] RCCB
[09:36:34] [141/459] RKSR
[09:36:36] [142/459] RKCU
[09:36:37] [143/459] GIBH
[09:36:38] [144/459] CXBS
[09:36:39] [145/459] GGCB
[09:36:40] [146/459] SCPB
[09:36:41] [147/459] AKTB
[09:36:42] [148/459] SRBU
[09:36:43] [149/459] CSSA
[09:36:44] [150/459] MYAN
[09:36:45] [151/459] EXCA
[09:36:46] [152/459] CKSA
[09:36:46] [153/459] JTNM
[09:36:47] [154/459] CXKT
[09:36:48] [155/459] NCLM
[09:36:49] [156/459] JAAD
[09:36:50] [157/459] RDCR
[09:36:50] [158/459] MEER
[09:36:52] [159/459] SIBT
[09:36:53] [160/459] PVVB
[09:36:54] [161/459] FNPN
[09:36:55] [162/459] CRPX
[09:36:55] [163/459] STET
[09:36:57] [164/459] METE
[09:36:58] [165/459] BJML
[09:36:59] [166/459] MAVT
[09:37:00] [167/459] MSRM
[09:37:01] [168/459] TJMP
[09:37:01] [169/459] MHCK
[09:37:02] [170/459] SVGP
[09:37:03] [171/459] KRRC
[09:37:04] [172/459] IMCH
[09:37:05] [173/459] CMCS
[09:37:06] [174/459] SGND
[09:37:07] [175/459] RNAT
[09:37:08] [176/459] PRTN
[09:37:08] [177/459] MPTN
[09:37:09] [178/459] ARCC
[09:37:10] [179/459] NTTE
[09:37:12] [180/459] ABND
[09:37:13] [181/459] KCSN
[09:37:14] [182/459] KCSA
[09:37:15] [183/459] DCKT
[09:37:16] [184/459] MBBR
[09:37:17] [185/459] RAMU
[09:37:18] [186/459] RACW
[09:37:19] [187/459] MCHP
[09:37:20] [188/459] TMHM
[09:37:20] [189/459] STXH
[09:37:21] [190/459] AGSG
[09:37:22] [191/459] SIRA
[09:37:23] [192/459] RCAN
[09:37:24] [193/459] CWTB
[09:37:25] [194/459] VTYM
[09:37:25] [195/459] RRPP
[09:37:26] [196/459] ASMR
[09:37:27] [197/459] RONO
[09:37:28] [198/459] MEMR
[09:37:30] [199/459] CTMR
[09:37:31] [200/459] PMTT
[09:37:32] [201/459] PSLX
[09:37:32] [202/459] IPPL
[09:37:33] [203/459] MMSG
[09:37:34] [204/459] INEL
[09:37:35] [205/459] COAC
[09:37:36] [206/459] WVLK
[09:37:37] [207/459] PPXL
[09:37:37] [208/459] PSML
[09:37:38] [209/459] FNLK
[09:37:39] [210/459] ILUM
[09:37:40] [211/459] ILCM
[09:37:41] [212/459] MSNL
[09:37:42] [213/459] VINB
[09:37:43] [214/459] SALW
[09:37:43] [215/459] PRTB
[09:37:45] [216/459] NCIL
[09:37:47] [217/459] PSUL
[09:37:48] [218/459] SCLK
[09:37:49] [219/459] ADDC
[09:37:50] [220/459] OACL
[09:37:50] [221/459] OOCF
[09:37:51] [222/459] GPMF
[09:37:52] [223/459] SSDG
[09:37:53] [224/459] SKRS
[09:37:54] [225/459] NTTP
[09:37:56] [226/459] SLTP
[09:37:57] [227/459] JTLC
[09:37:58] [228/459] POON
[09:37:58] [229/459] CCPC
[09:38:00] [230/459] DCKC
[09:38:01] [231/459] CPRT
[09:38:02] [232/459] EYHZ
[09:38:03] [233/459] ARBL
[09:38:03] [234/459] SBTB
[09:38:04] [235/459] MMCK
[09:38:05] [236/459] PLMR
[09:38:06] [237/459] BIJH
[09:38:08] [238/459] SDRT
[09:38:08] [239/459] PRDC
[09:38:10] [240/459] OMJA
[09:38:11] [241/459] VKCR
[09:38:12] [242/459] ATRT
[09:38:13] [243/459] WVRP
[09:38:15] [244/459] MVRP
[09:38:16] [245/459] FCAX
[09:38:17] [246/459] CTLC
[09:38:18] [247/459] JCHB
[09:38:19] [248/459] SELP
[09:38:19] [249/459] VCPG
[09:38:21] [250/459] ASCX
[09:38:22] [251/459] EOCS
[09:38:23] [252/459] RCPH
[09:38:24] [253/459] RJTM
[09:38:25] [254/459] SGMD
[09:38:26] [255/459] SVJT
[09:38:27] [256/459] SPPO
[09:38:28] [257/459] MNRL
[09:38:28] [258/459] KNOX
[09:38:29] [259/459] GIER
[09:38:30] [260/459] PJMS
[09:38:31] [261/459] UNSP
[09:38:32] [262/459] JETP
[09:38:33] [263/459] VTWA
[09:38:34] [264/459] SCJI
[09:38:35] [265/459] CBZZ
[09:38:36] [266/459] SDCJ
[09:38:37] [267/459] RRCC
[09:38:38] [268/459] VNKG
[09:38:39] [269/459] LKTO
[09:38:40] [270/459] PJRM
[09:38:40] [271/459] NVRM
[09:38:41] [272/459] SJCS
[09:38:42] [273/459] VIGK
[09:38:43] [274/459] ANST
[09:38:45] [275/459] JTTS
[09:38:46] [276/459] NTST
[09:38:47] [277/459] PREB
[09:38:47] [278/459] TSCZ
[09:38:48] [279/459] CDCM
[09:38:49] [280/459] ELYE
[09:38:50] [281/459] INBS
[09:38:51] [282/459] SMGC
[09:38:52] [283/459] UTMP
[09:38:53] [284/459] INTA
[09:38:53] [285/459] OMPT
[09:38:54] [286/459] SCIR
[09:38:56] [287/459] GCKJ
[09:38:57] [288/459] INOG
[09:38:58] [289/459] SMGB
[09:38:59] [290/459] MCSG
[09:38:59] [291/459] STKG
[09:39:00] [292/459] TTKG
[09:39:02] [293/459] SRTR
[09:39:04] [294/459] ETTR
[09:39:05] [295/459] GGGZ
[09:39:06] [296/459] IPGM
[09:39:07] [297/459] FCDH
[09:39:08] [298/459] DESB
[09:39:10] [299/459] VNTP
[09:39:11] [300/459] ANNT
[09:39:11] [301/459] SLTI
[09:39:12] [302/459] MAJU
[09:39:13] [303/459] JCXP
[09:39:15] [304/459] HARK
[09:39:16] [305/459] JPCJ
[09:39:17] [306/459] RXBD
[09:39:18] [307/459] PTKJ
[09:39:18] [308/459] CMTU
[09:39:20] [309/459] SWOR
[09:39:21] [310/459] JMEX
[09:39:22] [311/459] DTPT
[09:39:23] [312/459] VGMM
[09:39:25] [313/459] VCSG
[09:39:27] [314/459] CVCG
[09:39:28] [315/459] TNTT
[09:39:29] [316/459] SHRM
[09:39:30] [317/459] CGKD
[09:39:31] [318/459] EKCM
[09:39:33] [319/459] SDCX
[09:39:34] [320/459] SBTE
[09:39:34] [321/459] STKJ
[09:39:35] [322/459] TPCE
[09:39:36] [323/459] JTNP
[09:39:37] [324/459] LPCH
[09:39:38] [325/459] CPUO
[09:39:39] [326/459] APSU
[09:39:39] [327/459] RTHC
[09:39:40] [328/459] PTBU
[09:39:41] [329/459] CUCC
[09:39:42] [330/459] CPSA
[09:39:43] [331/459] SUAY
[09:39:44] [332/459] AYAA
[09:39:45] [333/459] MUCH
[09:39:46] [334/459] PCIN
[09:39:47] [335/459] JRRM
[09:39:47] [336/459] KATS
[09:39:49] [337/459] MHFF
[09:39:50] [338/459] ESYM
[09:39:50] [339/459] STYV
[09:39:51] [340/459] SDKG
[09:39:52] [341/459] SMTI
[09:39:53] [342/459] NYCS
[09:39:54] [343/459] MTBG
[09:39:55] [344/459] RHCA
[09:39:55] [345/459] PCKH
[09:39:56] [346/459] ARCR
[09:39:58] [347/459] NCMB
[09:39:59] [348/459] SHYC
[09:40:00] [349/459] LACK
[09:40:00] [350/459] MTCM
[09:40:01] [351/459] RRBN
[09:40:02] [352/459] MYDC
[09:40:03] [353/459] STCS
[09:40:04] [354/459] CONN
[09:40:04] [355/459] SIPS
[09:40:05] [356/459] SMMX
[09:40:06] [357/459] SCBY
[09:40:07] [358/459] SUAP
[09:40:08] [359/459] RSMK
[09:40:09] [360/459] STKP
[09:40:10] [361/459] CIPC
[09:40:12] [362/459] KKCI
[09:40:13] [363/459] CTNK
[09:40:13] [364/459] MMTZ
[09:40:14] [365/459] DCCO
[09:40:15] [366/459] VNMN
[09:40:16] [367/459] RLCN
[09:40:17] [368/459] CMMS
[09:40:18] [369/459] AYOU
[09:40:18] [370/459] SSCN
[09:40:19] [371/459] SMXN
[09:40:20] [372/459] ASSK
[09:40:21] [373/459] VCKM
[09:40:22] [374/459] PCPH
[09:40:23] [375/459] PADM
[09:40:24] [376/459] IESA
[09:40:26] [377/459] VCSP
[09:40:26] [378/459] AEST
[09:40:27] [379/459] VTNR
[09:40:28] [380/459] GTTA
[09:40:29] [381/459] CMMM
[09:40:30] [382/459] AHKT
[09:40:31] [383/459] SIJI
[09:40:32] [384/459] VCEI
[09:40:32] [385/459] SAKR
[09:40:33] [386/459] VSMT
[09:40:34] [387/459] SSCT
[09:40:36] [388/459] USTR
[09:40:36] [389/459] MTKT
[09:40:37] [390/459] TGMP
[09:40:38] [391/459] SIVC
[09:40:39] [392/459] KICT
[09:40:40] [393/459] DAMD
[09:40:41] [394/459] CNPT
[09:40:42] [395/459] RVTT
[09:40:42] [396/459] SNCM
[09:40:43] [397/459] GHTE
[09:40:44] [398/459] PPAM
[09:40:46] [399/459] PVAA
[09:40:46] [400/459] CPAO
[09:40:47] [401/459] HAMD
[09:40:48] [402/459] RCCA
[09:40:49] [403/459] MPCH
[09:40:50] [404/459] ARED
[09:40:50] [405/459] RRCV
[09:40:51] [406/459] MTRB
[09:40:52] [407/459] CKUA
[09:40:53] [408/459] ABMP
[09:40:54] [409/459] RCWA
[09:40:55] [410/459] CGAR
[09:40:55] [411/459] METH
[09:40:56] [412/459] WAGA
[09:40:57] [413/459] MCMA
[09:40:58] [414/459] CSMP
[09:40:59] [415/459] RCNK
[09:41:00] [416/459] PSTM
[09:41:01] [417/459] CSEP
[09:41:02] [418/459] AMGD
[09:41:03] [419/459] CSTE
[09:41:04] [420/459] CONS
[09:41:04] [421/459] APPX
[09:41:05] [422/459] MABC
[09:41:06] [423/459] CXST
[09:41:07] [424/459] MATN
[09:41:08] [425/459] MACZ
[09:41:09] [426/459] MASA
[09:41:10] [427/459] MBSX
[09:41:11] [428/459] CSST
[09:41:12] [429/459] APCL
[09:41:12] [430/459] CGOS
[09:41:13] [431/459] CPEC
[09:41:14] [432/459] MCCP
[09:41:15] [433/459] BSSO
[09:41:16] [434/459] SJKA
[09:41:17] [435/459] CGBO
[09:41:19] [436/459] MVSK
[09:41:21] [437/459] HVCA
[09:41:22] [438/459] NAMD
[09:41:22] [439/459] DEVI
[09:41:23] [440/459] SCSV
[09:41:24] [441/459] PSMA
[09:41:25] [442/459] CLDJ
[09:41:26] [443/459] NMAD
[09:41:27] [444/459] CGMO
[09:41:28] [445/459] MCNA
[09:41:28] [446/459] OCBN
[09:41:29] [447/459] CPEM
[09:41:30] [448/459] CPSM
[09:41:31] [449/459] RCAD
[09:41:32] [450/459] CPMU
[09:41:34] [451/459] DICD
[09:41:35] [452/459] CHOE
[09:41:36] [453/459] PDJM
[09:41:37] [454/459] SSTU
[09:41:37] [455/459] VNRN
[09:41:38] [456/459] PVLG
[09:41:39] [457/459] SWBL
[09:41:40] [458/459] SCAB
[09:41:41] [459/459] RDDA
[09:41:42] 🧹 Deduping shows
[09:41:42] ✅ DONE | Shows=165 | Movies=10
[16:58:39] 🚀 SCRIPT STARTED
[16:58:39] [1/459] MCCZ
[16:58:39] 🧠 New identity created
[16:58:40] [2/459] FRPU
[16:58:40] [3/459] SKSI
[16:58:41] [4/459] SSCK
[16:58:42] [5/459] SRDC
[16:58:42] [6/459] RSCZ
[16:58:43] [7/459] PRVT
[16:58:44] [8/459] GAGJ
[16:58:45] [9/459] SMHG
[16:58:46] [10/459] JTST
[16:58:48] [11/459] MYTH
[16:58:49] [12/459] JPCC
[16:58:49] [13/459] ACDC
[16:58:50] [14/459] SVFP
[16:58:52] [15/459] SFCM
[16:58:52] [16/459] RUPK
[16:58:53] [17/459] NTCR
[16:58:54] [18/459] RTCH
[16:58:55] [19/459] SCMH
[16:58:56] [20/459] SVYM
[16:58:57] [21/459] SPYM
[16:58:58] [22/459] SMMF
[16:58:59] [23/459] CLLB
[16:58:59] [24/459] FMCB
[16:59:00] [25/459] BBTC
[16:59:01] [26/459] NTHS
[16:59:02] [27/459] PKKJ
[16:59:03] [28/459] MTJA
[16:59:04] [29/459] PMSJ
[16:59:05] [30/459] JMJU
[16:59:06] [31/459] SRAD
[16:59:07] [32/459] MJMC
[16:59:08] [33/459] DFRM
[16:59:09] [34/459] PMRS
[16:59:10] [35/459] RKPP
[16:59:11] [36/459] BMBK
[16:59:12] [37/459] NEWS
[16:59:13] [38/459] SALB
[16:59:14] [39/459] SCPW
[16:59:15] [40/459] RAYL
[16:59:16] [41/459] CMGJ
[16:59:16] [42/459] JRCR
[16:59:17] [43/459] SRTB
[16:59:18] [44/459] ETPB
[16:59:19] [45/459] MXBN
[16:59:20] [46/459] TOPE
[16:59:21] [47/459] SNLJ
[16:59:22] [48/459] CDDP
[16:59:22] [49/459] APCX
[16:59:23] [50/459] TALP
[16:59:24] [51/459] RRMP
[16:59:25] [52/459] MAHB
[16:59:26] [53/459] MTKR
[16:59:27] [54/459] KSKL
[16:59:28] [55/459] RJLT
[16:59:29] [56/459] ATAS
[16:59:30] [57/459] AMHR
[16:59:31] [58/459] RSRM
[16:59:32] [59/459] GCAT
[16:59:32] [60/459] SMML
[16:59:33] [61/459] ACCD
[16:59:34] [62/459] VYDA
[16:59:36] [63/459] MSKT
[16:59:37] [64/459] AVDM
[16:59:38] [65/459] ASMH
[16:59:39] [66/459] VTMB
[16:59:39] [67/459] WVMB
[16:59:40] [68/459] PPMN
[16:59:42] [69/459] MTMD
[16:59:43] [70/459] SMMO
[16:59:44] [71/459] DLPB
[16:59:45] [72/459] AKMD
[16:59:45] [73/459] SHRR
[16:59:46] [74/459] ASCO
[16:59:47] [75/459] CZVX
[16:59:48] [76/459] GCBB
[16:59:49] [77/459] ATBM
[16:59:50] [78/459] TCGM
[16:59:51] [79/459] UMSE
[16:59:52] [80/459] NKCL
[16:59:52] [81/459] BTLR
[16:59:54] [82/459] GOCL
[16:59:55] [83/459] MIRN
[16:59:56] [84/459] THEC
[16:59:57] [85/459] SPPB
[16:59:57] [86/459] PMMM
[16:59:59] [87/459] GGMC
[16:59:59] [88/459] AVSR
[17:00:00] [89/459] RDMH
[17:00:01] [90/459] JSRS
[17:00:02] [91/459] VKGP
[17:00:03] [92/459] ACRT
[17:00:04] [93/459] GCBA
[17:00:04] [94/459] GTCP
[17:00:05] [95/459] AKFC
[17:00:06] [96/459] INCS
[17:00:07] [97/459] SMCK
[17:00:08] [98/459] BRUN
[17:00:08] [99/459] RPPC
[17:00:09] [100/459] PAYD
[17:00:10] [101/459] SVVT
[17:00:11] [102/459] RNCC
[17:00:12] [103/459] PCRC
[17:00:12] [104/459] PMRM
[17:00:13] [105/459] CCRP
[17:00:14] [106/459] INCR
[17:00:15] [107/459] ZTMP
[17:00:16] [108/459] MCNR
[17:00:17] [109/459] INRP
[17:00:17] [110/459] STRC
[17:00:18] [111/459] RATI
[17:00:19] [112/459] PBTR
[17:00:20] [113/459] CMHP
[17:00:21] [114/459] ZECJ
[17:00:23] [115/459] CCCB
[17:00:24] [116/459] BWCB
[17:00:25] [117/459] CCAT
[17:00:26] [118/459] KGCM
[17:00:27] [119/459] INPT
[17:00:28] [120/459] FNCO
[17:00:29] [121/459] SRMJ
[17:00:29] [122/459] PFSC
[17:00:30] [123/459] PBMC
[17:00:31] [124/459] KARP
[17:00:32] [125/459] KOVI
[17:00:32] [126/459] ACXL
[17:00:33] [127/459] GKCC
[17:00:34] [128/459] ASCC
[17:00:35] [129/459] SETC
[17:00:36] [130/459] KACC
[17:00:36] [131/459] KAVE
[17:00:37] [132/459] CNTC
[17:00:38] [133/459] MEEN
[17:00:39] [134/459] BMRV
[17:00:40] [135/459] SVAM
[17:00:41] [136/459] VTBP
[17:00:42] [137/459] VCKN
[17:00:42] [138/459] SGTK
[17:00:43] [139/459] RCGS
[17:00:44] [140/459] RCCB
[17:00:45] [141/459] RKSR
[17:00:46] [142/459] RKCU
[17:00:47] [143/459] GIBH
[17:00:48] [144/459] CXBS
[17:00:49] [145/459] GGCB
[17:00:50] [146/459] SCPB
[17:00:50] [147/459] AKTB
[17:00:51] [148/459] SRBU
[17:00:52] [149/459] CSSA
[17:00:54] [150/459] MYAN
[17:00:55] [151/459] EXCA
[17:00:55] [152/459] CKSA
[17:00:56] [153/459] JTNM
[17:00:57] [154/459] CXKT
[17:00:58] [155/459] NCLM
[17:00:59] [156/459] JAAD
[17:00:59] [157/459] RDCR
[17:01:00] [158/459] MEER
[17:01:01] [159/459] SIBT
[17:01:02] [160/459] PVVB
[17:01:03] [161/459] FNPN
[17:01:03] [162/459] CRPX
[17:01:05] [163/459] STET
[17:01:06] [164/459] METE
[17:01:06] [165/459] BJML
[17:01:07] [166/459] MAVT
[17:01:09] [167/459] MSRM
[17:01:10] [168/459] TJMP
[17:01:11] [169/459] MHCK
[17:01:12] [170/459] SVGP
[17:01:13] [171/459] KRRC
[17:01:14] [172/459] IMCH
[17:01:15] [173/459] CMCS
[17:01:16] [174/459] SGND
[17:01:17] [175/459] RNAT
[17:01:17] [176/459] PRTN
[17:01:18] [177/459] MPTN
[17:01:19] [178/459] ARCC
[17:01:20] [179/459] NTTE
[17:01:21] [180/459] ABND
[17:01:22] [181/459] KCSN
[17:01:23] [182/459] KCSA
[17:01:24] [183/459] DCKT
[17:01:25] [184/459] MBBR
[17:01:26] [185/459] RAMU
[17:01:27] [186/459] RACW
[17:01:27] [187/459] MCHP
[17:01:28] [188/459] TMHM
[17:01:29] [189/459] STXH
[17:01:30] [190/459] AGSG
[17:01:31] [191/459] SIRA
[17:01:32] [192/459] RCAN
[17:01:32] [193/459] CWTB
[17:01:33] [194/459] VTYM
[17:01:34] [195/459] RRPP
[17:01:35] [196/459] ASMR
[17:01:35] [197/459] RONO
[17:01:36] [198/459] MEMR
[17:01:37] [199/459] CTMR
[17:01:37] [200/459] PMTT
[17:01:38] [201/459] PSLX
[17:01:39] [202/459] IPPL
[17:01:40] [203/459] MMSG
[17:01:40] [204/459] INEL
[17:01:42] [205/459] COAC
[17:01:42] [206/459] WVLK
[17:01:43] [207/459] PPXL
[17:01:44] [208/459] PSML
[17:01:45] [209/459] FNLK
[17:01:45] [210/459] ILUM
[17:01:46] [211/459] ILCM
[17:01:47] [212/459] MSNL
[17:01:48] [213/459] VINB
[17:01:49] [214/459] SALW
[17:01:50] [215/459] PRTB
[17:01:50] [216/459] NCIL
[17:01:51] [217/459] PSUL
[17:01:52] [218/459] SCLK
[17:01:53] [219/459] ADDC
[17:01:54] [220/459] OACL
[17:01:55] [221/459] OOCF
[17:01:56] [222/459] GPMF
[17:01:56] [223/459] SSDG
[17:01:58] [224/459] SKRS
[17:01:59] [225/459] NTTP
[17:01:59] [226/459] SLTP
[17:02:00] [227/459] JTLC
[17:02:01] [228/459] POON
[17:02:02] [229/459] CCPC
[17:02:03] [230/459] DCKC
[17:02:04] [231/459] CPRT
[17:02:04] [232/459] EYHZ
[17:02:05] [233/459] ARBL
[17:02:06] [234/459] SBTB
[17:02:07] [235/459] MMCK
[17:02:08] [236/459] PLMR
[17:02:08] [237/459] BIJH
[17:02:09] [238/459] SDRT
[17:02:10] [239/459] PRDC
[17:02:11] [240/459] OMJA
[17:02:12] [241/459] VKCR
[17:02:13] [242/459] ATRT
[17:02:14] [243/459] WVRP
[17:02:14] [244/459] MVRP
[17:02:15] [245/459] FCAX
[17:02:16] [246/459] CTLC
[17:02:17] [247/459] JCHB
[17:02:18] [248/459] SELP
[17:02:19] [249/459] VCPG
[17:02:20] [250/459] ASCX
[17:02:20] [251/459] EOCS
[17:02:21] [252/459] RCPH
[17:02:22] [253/459] RJTM
[17:02:23] [254/459] SGMD
[17:02:24] [255/459] SVJT
[17:02:25] [256/459] SPPO
[17:02:26] [257/459] MNRL
[17:02:27] [258/459] KNOX
[17:02:28] [259/459] GIER
[17:02:29] [260/459] PJMS
[17:02:30] [261/459] UNSP
[17:02:31] [262/459] JETP
[17:02:32] [263/459] VTWA
[17:02:33] [264/459] SCJI
[17:02:34] [265/459] CBZZ
[17:02:35] [266/459] SDCJ
[17:02:36] [267/459] RRCC
[17:02:36] [268/459] VNKG
[17:02:37] [269/459] LKTO
[17:02:38] [270/459] PJRM
[17:02:39] [271/459] NVRM
[17:02:40] [272/459] SJCS
[17:02:41] [273/459] VIGK
[17:02:42] [274/459] ANST
[17:02:43] [275/459] JTTS
[17:02:43] [276/459] NTST
[17:02:44] [277/459] PREB
[17:02:45] [278/459] TSCZ
[17:02:46] [279/459] CDCM
[17:02:47] [280/459] ELYE
[17:02:47] [281/459] INBS
[17:02:48] [282/459] SMGC
[17:02:49] [283/459] UTMP
[17:02:50] [284/459] INTA
[17:02:50] [285/459] OMPT
[17:02:52] [286/459] SCIR
[17:02:52] [287/459] GCKJ
[17:02:53] [288/459] INOG
[17:02:54] [289/459] SMGB
[17:02:55] [290/459] MCSG
[17:02:56] [291/459] STKG
[17:02:57] [292/459] TTKG
[17:02:58] [293/459] SRTR
[17:02:59] [294/459] ETTR
[17:02:59] [295/459] GGGZ
[17:03:00] [296/459] IPGM
[17:03:01] [297/459] FCDH
[17:03:02] [298/459] DESB
[17:03:03] [299/459] VNTP
[17:03:04] [300/459] ANNT
[17:03:04] [301/459] SLTI
[17:03:05] [302/459] MAJU
[17:03:06] [303/459] JCXP
[17:03:07] [304/459] HARK
[17:03:08] [305/459] JPCJ
[17:03:08] [306/459] RXBD
[17:03:09] [307/459] PTKJ
[17:03:10] [308/459] CMTU
[17:03:11] [309/459] SWOR
[17:03:11] [310/459] JMEX
[17:03:13] [311/459] DTPT
[17:03:14] [312/459] VGMM
[17:03:14] [313/459] VCSG
[17:03:15] [314/459] CVCG
[17:03:16] [315/459] TNTT
[17:03:17] [316/459] SHRM
[17:03:18] [317/459] CGKD
[17:03:18] [318/459] EKCM
[17:03:19] [319/459] SDCX
[17:03:20] [320/459] SBTE
[17:03:21] [321/459] STKJ
[17:03:21] [322/459] TPCE
[17:03:22] [323/459] JTNP
[17:03:23] [324/459] LPCH
[17:03:24] [325/459] CPUO
[17:03:25] [326/459] APSU
[17:03:26] [327/459] RTHC
[17:03:27] [328/459] PTBU
[17:03:28] [329/459] CUCC
[17:03:29] [330/459] CPSA
[17:03:30] [331/459] SUAY
[17:03:31] [332/459] AYAA
[17:03:32] [333/459] MUCH
[17:03:33] [334/459] PCIN
[17:03:33] [335/459] JRRM
[17:03:34] [336/459] KATS
[17:03:35] [337/459] MHFF
[17:03:36] [338/459] ESYM
[17:03:37] [339/459] STYV
[17:03:38] [340/459] SDKG
[17:03:39] [341/459] SMTI
[17:03:40] [342/459] NYCS
[17:03:40] [343/459] MTBG
[17:03:42] [344/459] RHCA
[17:03:43] [345/459] PCKH
[17:03:43] [346/459] ARCR
[17:03:44] [347/459] NCMB
[17:03:45] [348/459] SHYC
[17:03:46] [349/459] LACK
[17:03:46] [350/459] MTCM
[17:03:47] [351/459] RRBN
[17:03:48] [352/459] MYDC
[17:03:49] [353/459] STCS
[17:03:50] [354/459] CONN
[17:03:50] [355/459] SIPS
[17:03:51] [356/459] SMMX
[17:03:52] [357/459] SCBY
[17:03:53] [358/459] SUAP
[17:03:53] [359/459] RSMK
[17:03:54] [360/459] STKP
[17:03:55] [361/459] CIPC
[17:03:56] [362/459] KKCI
[17:03:57] [363/459] CTNK
[17:03:58] [364/459] MMTZ
[17:03:59] [365/459] DCCO
[17:04:00] [366/459] VNMN
[17:04:01] [367/459] RLCN
[17:04:01] [368/459] CMMS
[17:04:02] [369/459] AYOU
[17:04:03] [370/459] SSCN
[17:04:04] [371/459] SMXN
[17:04:05] [372/459] ASSK
[17:04:06] [373/459] VCKM
[17:04:06] [374/459] PCPH
[17:04:07] [375/459] PADM
[17:04:08] [376/459] IESA
[17:04:09] [377/459] VCSP
[17:04:10] [378/459] AEST
[17:04:10] [379/459] VTNR
[17:04:11] [380/459] GTTA
[17:04:12] [381/459] CMMM
[17:04:13] [382/459] AHKT
[17:04:14] [383/459] SIJI
[17:04:15] [384/459] VCEI
[17:04:16] [385/459] SAKR
[17:04:16] [386/459] VSMT
[17:04:17] [387/459] SSCT
[17:04:18] [388/459] USTR
[17:04:19] [389/459] MTKT
[17:04:20] [390/459] TGMP
[17:04:20] [391/459] SIVC
[17:04:21] [392/459] KICT
[17:04:22] [393/459] DAMD
[17:04:22] [394/459] CNPT
[17:04:23] [395/459] RVTT
[17:04:24] [396/459] SNCM
[17:04:25] [397/459] GHTE
[17:04:26] [398/459] PPAM
[17:04:27] [399/459] PVAA
[17:04:27] [400/459] CPAO
[17:04:28] [401/459] HAMD
[17:04:29] [402/459] RCCA
[17:04:30] [403/459] MPCH
[17:04:31] [404/459] ARED
[17:04:31] [405/459] RRCV
[17:04:32] [406/459] MTRB
[17:04:33] [407/459] CKUA
[17:04:34] [408/459] ABMP
[17:04:35] [409/459] RCWA
[17:04:36] [410/459] CGAR
[17:04:37] [411/459] METH
[17:04:37] [412/459] WAGA
[17:04:38] [413/459] MCMA
[17:04:39] [414/459] CSMP
[17:04:40] [415/459] RCNK
[17:04:41] [416/459] PSTM
[17:04:41] [417/459] CSEP
[17:04:42] [418/459] AMGD
[17:04:43] [419/459] CSTE
[17:04:44] [420/459] CONS
[17:04:45] [421/459] APPX
[17:04:46] [422/459] MABC
[17:04:47] [423/459] CXST
[17:04:47] [424/459] MATN
[17:04:49] [425/459] MACZ
[17:04:50] [426/459] MASA
[17:04:51] [427/459] MBSX
[17:04:52] [428/459] CSST
[17:04:53] [429/459] APCL
[17:04:53] [430/459] CGOS
[17:04:54] [431/459] CPEC
[17:04:55] [432/459] MCCP
[17:04:56] [433/459] BSSO
[17:04:57] [434/459] SJKA
[17:04:57] [435/459] CGBO
[17:04:58] [436/459] MVSK
[17:04:59] [437/459] HVCA
[17:05:00] [438/459] NAMD
[17:05:01] [439/459] DEVI
[17:05:01] [440/459] SCSV
[17:05:02] [441/459] PSMA
[17:05:03] [442/459] CLDJ
[17:05:04] [443/459] NMAD
[17:05:05] [444/459] CGMO
[17:05:05] [445/459] MCNA
[17:05:06] [446/459] OCBN
[17:05:07] [447/459] CPEM
[17:05:07] [448/459] CPSM
[17:05:08] [449/459] RCAD
[17:05:09] [450/459] CPMU
[17:05:10] [451/459] DICD
[17:05:11] [452/459] CHOE
[17:05:12] [453/459] PDJM
[17:05:13] [454/459] SSTU
[17:05:13] [455/459] VNRN
[17:05:14] [456/459] PVLG
[17:05:15] [457/459] SWBL
[17:05:16] [458/459] SCAB
[17:05:17] [459/459] RDDA
[17:05:18] 🧹 Deduping shows
[17:05:18] ✅ DONE | Shows=332 | Movies=24
[04:56:18] 🚀 SCRIPT STARTED
[04:56:18] [1/459] MCCZ
[04:56:18] 🧠 New identity created
[04:56:19] [2/459] FRPU
[04:56:19] [3/459] SKSI
[04:56:20] [4/459] SSCK
[04:56:20] [5/459] SRDC
[04:56:21] [6/459] RSCZ
[04:56:21] [7/459] PRVT
[04:56:22] [8/459] GAGJ
[04:56:23] [9/459] SMHG
[04:56:23] [10/459] JTST
[04:56:24] [11/459] MYTH
[04:56:24] [12/459] JPCC
[04:56:25] [13/459] ACDC
[04:56:26] [14/459] SVFP
[04:56:26] [15/459] SFCM
[04:56:27] [16/459] RUPK
[04:56:27] [17/459] NTCR
[04:56:28] [18/459] RTCH
[04:56:28] [19/459] SCMH
[04:56:29] [20/459] SVYM
[04:56:29] [21/459] SPYM
[04:56:30] [22/459] SMMF
[04:56:31] [23/459] CLLB
[04:56:31] [24/459] FMCB
[04:56:32] [25/459] BBTC
[04:56:32] [26/459] NTHS
[04:56:33] [27/459] PKKJ
[04:56:34] [28/459] MTJA
[04:56:34] [29/459] PMSJ
[04:56:35] [30/459] JMJU
[04:56:36] [31/459] SRAD
[04:56:36] [32/459] MJMC
[04:56:37] [33/459] DFRM
[04:56:37] [34/459] PMRS
[04:56:38] [35/459] RKPP
[04:56:38] [36/459] BMBK
[04:56:39] [37/459] NEWS
[04:56:40] [38/459] SALB
[04:56:40] [39/459] SCPW
[04:56:41] [40/459] RAYL
[04:56:41] [41/459] CMGJ
[04:56:42] [42/459] JRCR
[04:56:43] [43/459] SRTB
[04:56:43] [44/459] ETPB
[04:56:44] [45/459] MXBN
[04:56:44] [46/459] TOPE
[04:56:45] [47/459] SNLJ
[04:56:46] [48/459] CDDP
[04:56:46] [49/459] APCX
[04:56:47] [50/459] TALP
[04:56:48] [51/459] RRMP
[04:56:48] [52/459] MAHB
[04:56:49] [53/459] MTKR
[04:56:50] [54/459] KSKL
[04:56:50] [55/459] RJLT
[04:56:51] [56/459] ATAS
[04:56:51] [57/459] AMHR
[04:56:52] [58/459] RSRM
[04:56:53] [59/459] GCAT
[04:56:53] [60/459] SMML
[04:56:54] [61/459] ACCD
[04:56:54] [62/459] VYDA
[04:56:55] [63/459] MSKT
[04:56:55] [64/459] AVDM
[04:56:56] [65/459] ASMH
[04:56:57] [66/459] VTMB
[04:56:57] [67/459] WVMB
[04:56:58] [68/459] PPMN
[04:56:58] [69/459] MTMD
[04:56:59] [70/459] SMMO
[04:57:00] [71/459] DLPB
[04:57:00] [72/459] AKMD
[04:57:00] [73/459] SHRR
[04:57:01] [74/459] ASCO
[04:57:02] [75/459] CZVX
[04:57:02] [76/459] GCBB
[04:57:03] [77/459] ATBM
[04:57:03] [78/459] TCGM
[04:57:04] [79/459] UMSE
[04:57:05] [80/459] NKCL
[04:57:05] [81/459] BTLR
[04:57:06] [82/459] GOCL
[04:57:06] [83/459] MIRN
[04:57:07] [84/459] THEC
[04:57:07] [85/459] SPPB
[04:57:08] [86/459] PMMM
[04:57:09] [87/459] GGMC
[04:57:09] [88/459] AVSR
[04:57:10] [89/459] RDMH
[04:57:10] [90/459] JSRS
[04:57:11] [91/459] VKGP
[04:57:11] [92/459] ACRT
[04:57:12] [93/459] GCBA
[04:57:12] [94/459] GTCP
[04:57:13] [95/459] AKFC
[04:57:14] [96/459] INCS
[04:57:14] [97/459] SMCK
[04:57:15] [98/459] BRUN
[04:57:16] [99/459] RPPC
[04:57:16] [100/459] PAYD
[04:57:17] [101/459] SVVT
[04:57:17] [102/459] RNCC
[04:57:18] [103/459] PCRC
[04:57:19] [104/459] PMRM
[04:57:19] [105/459] CCRP
[04:57:20] [106/459] INCR
[04:57:20] [107/459] ZTMP
[04:57:21] [108/459] MCNR
[04:57:21] [109/459] INRP
[04:57:22] [110/459] STRC
[04:57:22] [111/459] RATI
[04:57:23] [112/459] PBTR
[04:57:23] [113/459] CMHP
[04:57:24] [114/459] ZECJ
[04:57:24] [115/459] CCCB
[04:57:25] [116/459] BWCB
[04:57:26] [117/459] CCAT
[04:57:26] [118/459] KGCM
[04:57:27] [119/459] INPT
[04:57:27] [120/459] FNCO
[04:57:28] [121/459] SRMJ
[04:57:28] [122/459] PFSC
[04:57:29] [123/459] PBMC
[04:57:29] [124/459] KARP
[04:57:30] [125/459] KOVI
[04:57:30] [126/459] ACXL
[04:57:31] [127/459] GKCC
[04:57:31] [128/459] ASCC
[04:57:32] [129/459] SETC
[04:57:32] [130/459] KACC
[04:57:33] [131/459] KAVE
[04:57:34] [132/459] CNTC
[04:57:34] [133/459] MEEN
[04:57:35] [134/459] BMRV
[04:57:35] [135/459] SVAM
[04:57:36] [136/459] VTBP
[04:57:37] [137/459] VCKN
[04:57:37] [138/459] SGTK
[04:57:38] [139/459] RCGS
[04:57:38] [140/459] RCCB
[04:57:39] [141/459] RKSR
[04:57:40] [142/459] RKCU
[04:57:40] [143/459] GIBH
[04:57:41] [144/459] CXBS
[04:57:42] [145/459] GGCB
[04:57:42] [146/459] SCPB
[04:57:43] [147/459] AKTB
[04:57:43] [148/459] SRBU
[04:57:44] [149/459] CSSA
[04:57:44] [150/459] MYAN
[04:57:45] [151/459] EXCA
[04:57:46] [152/459] CKSA
[04:57:46] [153/459] JTNM
[04:57:47] [154/459] CXKT
[04:57:47] [155/459] NCLM
[04:57:47] [156/459] JAAD
[04:57:48] [157/459] RDCR
[04:57:49] [158/459] MEER
[04:57:49] [159/459] SIBT
[04:57:50] [160/459] PVVB
[04:57:50] [161/459] FNPN
[04:57:51] [162/459] CRPX
[04:57:52] [163/459] STET
[04:57:52] [164/459] METE
[04:57:53] [165/459] BJML
[04:57:53] [166/459] MAVT
[04:57:54] [167/459] MSRM
[04:57:54] [168/459] TJMP
[04:57:55] [169/459] MHCK
[04:57:55] [170/459] SVGP
[04:57:56] [171/459] KRRC
[04:57:57] [172/459] IMCH
[04:57:57] [173/459] CMCS
[04:57:58] [174/459] SGND
[04:57:58] [175/459] RNAT
[04:57:59] [176/459] PRTN
[04:57:59] [177/459] MPTN
[04:58:00] [178/459] ARCC
[04:58:01] [179/459] NTTE
[04:58:01] [180/459] ABND
[04:58:02] [181/459] KCSN
[04:58:02] [182/459] KCSA
[04:58:03] [183/459] DCKT
[04:58:03] [184/459] MBBR
[04:58:04] [185/459] RAMU
[04:58:05] [186/459] RACW
[04:58:05] [187/459] MCHP
[04:58:06] [188/459] TMHM
[04:58:07] [189/459] STXH
[04:58:07] [190/459] AGSG
[04:58:08] [191/459] SIRA
[04:58:08] [192/459] RCAN
[04:58:09] [193/459] CWTB
[04:58:09] [194/459] VTYM
[04:58:10] [195/459] RRPP
[04:58:10] [196/459] ASMR
[04:58:11] [197/459] RONO
[04:58:12] [198/459] MEMR
[04:58:12] [199/459] CTMR
[04:58:13] [200/459] PMTT
[04:58:13] [201/459] PSLX
[04:58:14] [202/459] IPPL
[04:58:14] [203/459] MMSG
[04:58:15] [204/459] INEL
[04:58:16] [205/459] COAC
[04:58:16] [206/459] WVLK
[04:58:17] [207/459] PPXL
[04:58:18] [208/459] PSML
[04:58:18] [209/459] FNLK
[04:58:18] [210/459] ILUM
[04:58:19] [211/459] ILCM
[04:58:20] [212/459] MSNL
[04:58:20] [213/459] VINB
[04:58:21] [214/459] SALW
[04:58:21] [215/459] PRTB
[04:58:22] [216/459] NCIL
[04:58:22] [217/459] PSUL
[04:58:23] [218/459] SCLK
[04:58:24] [219/459] ADDC
[04:58:24] [220/459] OACL
[04:58:25] [221/459] OOCF
[04:58:25] [222/459] GPMF
[04:58:26] [223/459] SSDG
[04:58:26] [224/459] SKRS
[04:58:27] [225/459] NTTP
[04:58:27] [226/459] SLTP
[04:58:28] [227/459] JTLC
[04:58:28] [228/459] POON
[04:58:29] [229/459] CCPC
[04:58:30] [230/459] DCKC
[04:58:30] [231/459] CPRT
[04:58:31] [232/459] EYHZ
[04:58:31] [233/459] ARBL
[04:58:32] [234/459] SBTB
[04:58:32] [235/459] MMCK
[04:58:33] [236/459] PLMR
[04:58:33] [237/459] BIJH
[04:58:34] [238/459] SDRT
[04:58:34] [239/459] PRDC
[04:58:35] [240/459] OMJA
[04:58:35] [241/459] VKCR
[04:58:36] [242/459] ATRT
[04:58:36] [243/459] WVRP
[04:58:37] [244/459] MVRP
[04:58:38] [245/459] FCAX
[04:58:38] [246/459] CTLC
[04:58:38] [247/459] JCHB
[04:58:39] [248/459] SELP
[04:58:40] [249/459] VCPG
[04:58:40] [250/459] ASCX
[04:58:41] [251/459] EOCS
[04:58:41] [252/459] RCPH
[04:58:42] [253/459] RJTM
[04:58:43] [254/459] SGMD
[04:58:43] [255/459] SVJT
[04:58:44] [256/459] SPPO
[04:58:45] [257/459] MNRL
[04:58:45] [258/459] KNOX
[04:58:46] [259/459] GIER
[04:58:46] [260/459] PJMS
[04:58:47] [261/459] UNSP
[04:58:47] [262/459] JETP
[04:58:48] [263/459] VTWA
[04:58:49] [264/459] SCJI
[04:58:49] [265/459] CBZZ
[04:58:50] [266/459] SDCJ
[04:58:51] [267/459] RRCC
[04:58:51] [268/459] VNKG
[04:58:52] [269/459] LKTO
[04:58:52] [270/459] PJRM
[04:58:53] [271/459] NVRM
[04:58:54] [272/459] SJCS
[04:58:54] [273/459] VIGK
[04:58:55] [274/459] ANST
[04:58:55] [275/459] JTTS
[04:58:56] [276/459] NTST
[04:58:56] [277/459] PREB
[04:58:57] [278/459] TSCZ
[04:58:57] [279/459] CDCM
[04:58:58] [280/459] ELYE
[04:58:59] [281/459] INBS
[04:58:59] [282/459] SMGC
[04:59:00] [283/459] UTMP
[04:59:00] [284/459] INTA
[04:59:01] [285/459] OMPT
[04:59:01] [286/459] SCIR
[04:59:02] [287/459] GCKJ
[04:59:02] [288/459] INOG
[04:59:03] [289/459] SMGB
[04:59:03] [290/459] MCSG
[04:59:04] [291/459] STKG
[04:59:04] [292/459] TTKG
[04:59:05] [293/459] SRTR
[04:59:05] [294/459] ETTR
[04:59:06] [295/459] GGGZ
[04:59:06] [296/459] IPGM
[04:59:07] [297/459] FCDH
[04:59:07] [298/459] DESB
[04:59:08] [299/459] VNTP
[04:59:09] [300/459] ANNT
[04:59:09] [301/459] SLTI
[04:59:10] [302/459] MAJU
[04:59:10] [303/459] JCXP
[04:59:11] [304/459] HARK
[04:59:11] [305/459] JPCJ
[04:59:12] [306/459] RXBD
[04:59:12] [307/459] PTKJ
[04:59:13] [308/459] CMTU
[04:59:14] [309/459] SWOR
[04:59:14] [310/459] JMEX
[04:59:15] [311/459] DTPT
[04:59:15] [312/459] VGMM
[04:59:16] [313/459] VCSG
[04:59:16] [314/459] CVCG
[04:59:17] [315/459] TNTT
[04:59:17] [316/459] SHRM
[04:59:18] [317/459] CGKD
[04:59:18] [318/459] EKCM
[04:59:19] [319/459] SDCX
[04:59:20] [320/459] SBTE
[04:59:20] [321/459] STKJ
[04:59:21] [322/459] TPCE
[04:59:22] [323/459] JTNP
[04:59:22] [324/459] LPCH
[04:59:23] [325/459] CPUO
[04:59:23] [326/459] APSU
[04:59:24] [327/459] RTHC
[04:59:25] [328/459] PTBU
[04:59:25] [329/459] CUCC
[04:59:26] [330/459] CPSA
[04:59:26] [331/459] SUAY
[04:59:27] [332/459] AYAA
[04:59:28] [333/459] MUCH
[04:59:28] [334/459] PCIN
[04:59:29] [335/459] JRRM
[04:59:29] [336/459] KATS
[04:59:30] [337/459] MHFF
[04:59:30] [338/459] ESYM
[04:59:30] [339/459] STYV
[04:59:31] [340/459] SDKG
[04:59:31] [341/459] SMTI
[04:59:32] [342/459] NYCS
[04:59:33] [343/459] MTBG
[04:59:33] [344/459] RHCA
[04:59:34] [345/459] PCKH
[04:59:34] [346/459] ARCR
[04:59:35] [347/459] NCMB
[04:59:36] [348/459] SHYC
[04:59:36] [349/459] LACK
[04:59:37] [350/459] MTCM
[04:59:38] [351/459] RRBN
[04:59:38] [352/459] MYDC
[04:59:39] [353/459] STCS
[04:59:39] [354/459] CONN
[04:59:40] [355/459] SIPS
[04:59:41] [356/459] SMMX
[04:59:41] [357/459] SCBY
[04:59:42] [358/459] SUAP
[04:59:43] [359/459] RSMK
[04:59:43] [360/459] STKP
[04:59:44] [361/459] CIPC
[04:59:45] [362/459] KKCI
[04:59:45] [363/459] CTNK
[04:59:46] [364/459] MMTZ
[04:59:46] [365/459] DCCO
[04:59:47] [366/459] VNMN
[04:59:48] [367/459] RLCN
[04:59:48] [368/459] CMMS
[04:59:49] [369/459] AYOU
[04:59:49] [370/459] SSCN
[04:59:50] [371/459] SMXN
[04:59:50] [372/459] ASSK
[04:59:51] [373/459] VCKM
[04:59:52] [374/459] PCPH
[04:59:52] [375/459] PADM
[04:59:53] [376/459] IESA
[04:59:54] [377/459] VCSP
[04:59:54] [378/459] AEST
[04:59:55] [379/459] VTNR
[04:59:56] [380/459] GTTA
[04:59:56] [381/459] CMMM
[04:59:56] [382/459] AHKT
[04:59:57] [383/459] SIJI
[04:59:57] [384/459] VCEI
[04:59:58] [385/459] SAKR
[04:59:58] [386/459] VSMT
[04:59:59] [387/459] SSCT
[04:59:59] [388/459] USTR
[05:00:00] [389/459] MTKT
[05:00:00] [390/459] TGMP
[05:00:01] [391/459] SIVC
[05:00:02] [392/459] KICT
[05:00:02] [393/459] DAMD
[05:00:03] [394/459] CNPT
[05:00:03] [395/459] RVTT
[05:00:04] [396/459] SNCM
[05:00:04] [397/459] GHTE
[05:00:05] [398/459] PPAM
[05:00:06] [399/459] PVAA
[05:00:06] [400/459] CPAO
[05:00:07] [401/459] HAMD
[05:00:07] [402/459] RCCA
[05:00:08] [403/459] MPCH
[05:00:09] [404/459] ARED
[05:00:09] [405/459] RRCV
[05:00:10] [406/459] MTRB
[05:00:10] [407/459] CKUA
[05:00:11] [408/459] ABMP
[05:00:11] [409/459] RCWA
[05:00:12] [410/459] CGAR
[05:00:12] [411/459] METH
[05:00:13] [412/459] WAGA
[05:00:13] [413/459] MCMA
[05:00:14] [414/459] CSMP
[05:00:15] [415/459] RCNK
[05:00:15] [416/459] PSTM
[05:00:16] [417/459] CSEP
[05:00:17] [418/459] AMGD
[05:00:17] [419/459] CSTE
[05:00:18] [420/459] CONS
[05:00:18] [421/459] APPX
[05:00:19] [422/459] MABC
[05:00:20] [423/459] CXST
[05:00:20] [424/459] MATN
[05:00:21] [425/459] MACZ
[05:00:22] [426/459] MASA
[05:00:22] [427/459] MBSX
[05:00:23] [428/459] CSST
[05:00:24] [429/459] APCL
[05:00:24] [430/459] CGOS
[05:00:24] [431/459] CPEC
[05:00:25] [432/459] MCCP
[05:00:26] [433/459] BSSO
[05:00:26] [434/459] SJKA
[05:00:27] [435/459] CGBO
[05:00:27] [436/459] MVSK
[05:00:28] [437/459] HVCA
[05:00:29] [438/459] NAMD
[05:00:29] [439/459] DEVI
[05:00:30] [440/459] SCSV
[05:00:30] [441/459] PSMA
[05:00:31] [442/459] CLDJ
[05:00:31] [443/459] NMAD
[05:00:32] [444/459] CGMO
[05:00:33] [445/459] MCNA
[05:00:33] [446/459] OCBN
[05:00:34] [447/459] CPEM
[05:00:34] [448/459] CPSM
[05:00:35] [449/459] RCAD
[05:00:36] [450/459] CPMU
[05:00:36] [451/459] DICD
[05:00:37] [452/459] CHOE
[05:00:37] [453/459] PDJM
[05:00:38] [454/459] SSTU
[05:00:39] [455/459] VNRN
[05:00:39] [456/459] PVLG
[05:00:40] [457/459] SWBL
[05:00:40] [458/459] SCAB
[05:00:41] [459/459] RDDA
[05:00:41] 🧹 Deduping shows
[05:00:41] ✅ DONE | Shows=1120 | Movies=57
[07:49:21] 🚀 SCRIPT STARTED
[07:49:21] [1/459] MCCZ
[07:49:21] 🧠 New identity created
[07:49:22] [2/459] FRPU
[07:49:23] [3/459] SKSI
[07:49:23] [4/459] SSCK
[07:49:24] [5/459] SRDC
[07:49:25] [6/459] RSCZ
[07:49:26] [7/459] PRVT
[07:49:27] [8/459] GAGJ
[07:49:28] [9/459] SMHG
[07:49:29] [10/459] JTST
[07:49:30] [11/459] MYTH
[07:49:31] [12/459] JPCC
[07:49:32] [13/459] ACDC
[07:49:33] [14/459] SVFP
[07:49:34] [15/459] SFCM
[07:49:35] [16/459] RUPK
[07:49:36] [17/459] NTCR
[07:49:36] [18/459] RTCH
[07:49:37] [19/459] SCMH
[07:49:38] [20/459] SVYM
[07:49:39] [21/459] SPYM
[07:49:40] [22/459] SMMF
[07:49:41] [23/459] CLLB
[07:49:41] [24/459] FMCB
[07:49:42] [25/459] BBTC
[07:49:43] [26/459] NTHS
[07:49:44] [27/459] PKKJ
[07:49:45] [28/459] MTJA
[07:49:46] [29/459] PMSJ
[07:49:46] [30/459] JMJU
[07:49:47] [31/459] SRAD
[07:49:48] [32/459] MJMC
[07:49:49] [33/459] DFRM
[07:49:50] [34/459] PMRS
[07:49:50] [35/459] RKPP
[07:49:51] [36/459] BMBK
[07:49:52] [37/459] NEWS
[07:49:53] [38/459] SALB
[07:49:54] [39/459] SCPW
[07:49:55] [40/459] RAYL
[07:49:56] [41/459] CMGJ
[07:49:56] [42/459] JRCR
[07:49:57] [43/459] SRTB
[07:49:58] [44/459] ETPB
[07:49:59] [45/459] MXBN
[07:49:59] [46/459] TOPE
[07:50:00] [47/459] SNLJ
[07:50:01] [48/459] CDDP
[07:50:02] [49/459] APCX
[07:50:03] [50/459] TALP
[07:50:04] [51/459] RRMP
[07:50:06] [52/459] MAHB
[07:50:06] [53/459] MTKR
[07:50:07] [54/459] KSKL
[07:50:08] [55/459] RJLT
[07:50:09] [56/459] ATAS
[07:50:10] [57/459] AMHR
[07:50:11] [58/459] RSRM
[07:50:13] [59/459] GCAT
[07:50:14] [60/459] SMML
[07:50:15] [61/459] ACCD
[07:50:16] [62/459] VYDA
[07:50:17] [63/459] MSKT
[07:50:18] [64/459] AVDM
[07:50:18] [65/459] ASMH
[07:50:19] [66/459] VTMB
[07:50:20] [67/459] WVMB
[07:50:21] [68/459] PPMN
[07:50:22] [69/459] MTMD
[07:50:23] [70/459] SMMO
[07:50:24] [71/459] DLPB
[07:50:24] [72/459] AKMD
[07:50:25] [73/459] SHRR
[07:50:26] [74/459] ASCO
[07:50:27] [75/459] CZVX
[07:50:28] [76/459] GCBB
[07:50:29] [77/459] ATBM
[07:50:30] [78/459] TCGM
[07:50:31] [79/459] UMSE
[07:50:32] [80/459] NKCL
[07:50:33] [81/459] BTLR
[07:50:34] [82/459] GOCL
[07:50:34] [83/459] MIRN
[07:50:35] [84/459] THEC
[07:50:36] [85/459] SPPB
[07:50:37] [86/459] PMMM
[07:50:38] [87/459] GGMC
[07:50:39] [88/459] AVSR
[07:50:40] [89/459] RDMH
[07:50:41] [90/459] JSRS
[07:50:42] [91/459] VKGP
[07:50:43] [92/459] ACRT
[07:50:45] [93/459] GCBA
[07:50:45] [94/459] GTCP
[07:50:46] [95/459] AKFC
[07:50:47] [96/459] INCS
[07:50:48] [97/459] SMCK
[07:50:49] [98/459] BRUN
[07:50:49] [99/459] RPPC
[07:50:50] [100/459] PAYD
[07:50:52] [101/459] SVVT
[07:50:53] [102/459] RNCC
[07:50:54] [103/459] PCRC
[07:50:54] [104/459] PMRM
[07:50:55] [105/459] CCRP
[07:50:56] [106/459] INCR
[07:50:57] [107/459] ZTMP
[07:50:58] [108/459] MCNR
[07:50:59] [109/459] INRP
[07:51:00] [110/459] STRC
[07:51:01] [111/459] RATI
[07:51:02] [112/459] PBTR
[07:51:03] [113/459] CMHP
[07:51:03] [114/459] ZECJ
[07:51:04] [115/459] CCCB
[07:51:05] [116/459] BWCB
[07:51:06] [117/459] CCAT
[07:51:07] [118/459] KGCM
[07:51:08] [119/459] INPT
[07:51:09] [120/459] FNCO
[07:51:10] [121/459] SRMJ
[07:51:11] [122/459] PFSC
[07:51:12] [123/459] PBMC
[07:51:13] [124/459] KARP
[07:51:14] [125/459] KOVI
[07:51:15] [126/459] ACXL
[07:51:16] [127/459] GKCC
[07:51:17] [128/459] ASCC
[07:51:17] [129/459] SETC
[07:51:19] [130/459] KACC
[07:51:20] [131/459] KAVE
[07:51:21] [132/459] CNTC
[07:51:22] [133/459] MEEN
[07:51:23] [134/459] BMRV
[07:51:24] [135/459] SVAM
[07:51:24] [136/459] VTBP
[07:51:25] [137/459] VCKN
[07:51:26] [138/459] SGTK
[07:51:27] [139/459] RCGS
[07:51:28] [140/459] RCCB
[07:51:29] [141/459] RKSR
[07:51:29] [142/459] RKCU
[07:51:30] [143/459] GIBH
[07:51:31] [144/459] CXBS
[07:51:32] [145/459] GGCB
[07:51:33] [146/459] SCPB
[07:51:34] [147/459] AKTB
[07:51:35] [148/459] SRBU
[07:51:36] [149/459] CSSA
[07:51:37] [150/459] MYAN
[07:51:37] [151/459] EXCA
[07:51:39] [152/459] CKSA
[07:51:40] [153/459] JTNM
[07:51:40] [154/459] CXKT
[07:51:41] [155/459] NCLM
[07:51:42] [156/459] JAAD
[07:51:43] [157/459] RDCR
[07:51:44] [158/459] MEER
[07:51:45] [159/459] SIBT
[07:51:45] [160/459] PVVB
[07:51:46] [161/459] FNPN
[07:51:47] [162/459] CRPX
[07:51:48] [163/459] STET
[07:51:49] [164/459] METE
[07:51:50] [165/459] BJML
[07:51:50] [166/459] MAVT
[07:51:51] [167/459] MSRM
[07:51:52] [168/459] TJMP
[07:51:54] [169/459] MHCK
[07:51:54] [170/459] SVGP
[07:51:55] [171/459] KRRC
[07:51:56] [172/459] IMCH
[07:51:58] [173/459] CMCS
[07:51:58] [174/459] SGND
[07:51:59] [175/459] RNAT
[07:52:00] [176/459] PRTN
[07:52:01] [177/459] MPTN
[07:52:02] [178/459] ARCC
[07:52:03] [179/459] NTTE
[07:52:04] [180/459] ABND
[07:52:05] [181/459] KCSN
[07:52:06] [182/459] KCSA
[07:52:08] [183/459] DCKT
[07:52:08] [184/459] MBBR
[07:52:09] [185/459] RAMU
[07:52:10] [186/459] RACW
[07:52:11] [187/459] MCHP
[07:52:11] [188/459] TMHM
[07:52:12] [189/459] STXH
[07:52:13] [190/459] AGSG
[07:52:14] [191/459] SIRA
[07:52:14] [192/459] RCAN
[07:52:15] [193/459] CWTB
[07:52:16] [194/459] VTYM
[07:52:17] [195/459] RRPP
[07:52:18] [196/459] ASMR
[07:52:18] [197/459] RONO
[07:52:19] [198/459] MEMR
[07:52:20] [199/459] CTMR
[07:52:21] [200/459] PMTT
[07:52:22] [201/459] PSLX
[07:52:23] [202/459] IPPL
[07:52:24] [203/459] MMSG
[07:52:24] [204/459] INEL
[07:52:25] [205/459] COAC
[07:52:26] [206/459] WVLK
[07:52:28] [207/459] PPXL
[07:52:29] [208/459] PSML
[07:52:30] [209/459] FNLK
[07:52:31] [210/459] ILUM
[07:52:31] [211/459] ILCM
[07:52:32] [212/459] MSNL
[07:52:33] [213/459] VINB
[07:52:34] [214/459] SALW
[07:52:35] [215/459] PRTB
[07:52:36] [216/459] NCIL
[07:52:37] [217/459] PSUL
[07:52:37] [218/459] SCLK
[07:52:38] [219/459] ADDC
[07:52:39] [220/459] OACL
[07:52:40] [221/459] OOCF
[07:52:41] [222/459] GPMF
[07:52:41] [223/459] SSDG
[07:52:42] [224/459] SKRS
[07:52:43] [225/459] NTTP
[07:52:44] [226/459] SLTP
[07:52:45] [227/459] JTLC
[07:52:46] [228/459] POON
[07:52:46] [229/459] CCPC
[07:52:47] [230/459] DCKC
[07:52:48] [231/459] CPRT
[07:52:49] [232/459] EYHZ
[07:52:50] [233/459] ARBL
[07:52:50] [234/459] SBTB
[07:52:51] [235/459] MMCK
[07:52:52] [236/459] PLMR
[07:52:54] [237/459] BIJH
[07:52:54] [238/459] SDRT
[07:52:55] [239/459] PRDC
[07:52:57] [240/459] OMJA
[07:52:58] [241/459] VKCR
[07:52:58] [242/459] ATRT
[07:52:59] [243/459] WVRP
[07:53:00] [244/459] MVRP
[07:53:01] [245/459] FCAX
[07:53:02] [246/459] CTLC
[07:53:03] [247/459] JCHB
[07:53:04] [248/459] SELP
[07:53:05] [249/459] VCPG
[07:53:06] [250/459] ASCX
[07:53:06] [251/459] EOCS
[07:53:08] [252/459] RCPH
[07:53:09] [253/459] RJTM
[07:53:10] [254/459] SGMD
[07:53:11] [255/459] SVJT
[07:53:11] [256/459] SPPO
[07:53:12] [257/459] MNRL
[07:53:13] [258/459] KNOX
[07:53:13] [259/459] GIER
[07:53:14] [260/459] PJMS
[07:53:15] [261/459] UNSP
[07:53:16] [262/459] JETP
[07:53:17] [263/459] VTWA
[07:53:18] [264/459] SCJI
[07:53:18] [265/459] CBZZ
[07:53:19] [266/459] SDCJ
[07:53:20] [267/459] RRCC
[07:53:21] [268/459] VNKG
[07:53:21] [269/459] LKTO
[07:53:22] [270/459] PJRM
[07:53:23] [271/459] NVRM
[07:53:24] [272/459] SJCS
[07:53:25] [273/459] VIGK
[07:53:26] [274/459] ANST
[07:53:26] [275/459] JTTS
[07:53:27] [276/459] NTST
[07:53:28] [277/459] PREB
[07:53:29] [278/459] TSCZ
[07:53:29] [279/459] CDCM
[07:53:30] [280/459] ELYE
[07:53:31] [281/459] INBS
[07:53:32] [282/459] SMGC
[07:53:33] [283/459] UTMP
[07:53:33] [284/459] INTA
[07:53:34] [285/459] OMPT
[07:53:35] [286/459] SCIR
[07:53:36] [287/459] GCKJ
[07:53:37] [288/459] INOG
[07:53:37] [289/459] SMGB
[07:53:38] [290/459] MCSG
[07:53:40] [291/459] STKG
[07:53:41] [292/459] TTKG
[07:53:41] [293/459] SRTR
[07:53:42] [294/459] ETTR
[07:53:43] [295/459] GGGZ
[07:53:44] [296/459] IPGM
[07:53:44] [297/459] FCDH
[07:53:45] [298/459] DESB
[07:53:46] [299/459] VNTP
[07:53:47] [300/459] ANNT
[07:53:48] [301/459] SLTI
[07:53:49] [302/459] MAJU
[07:53:50] [303/459] JCXP
[07:53:51] [304/459] HARK
[07:53:52] [305/459] JPCJ
[07:53:53] [306/459] RXBD
[07:53:54] [307/459] PTKJ
[07:53:55] [308/459] CMTU
[07:53:55] [309/459] SWOR
[07:53:56] [310/459] JMEX
[07:53:57] [311/459] DTPT
[07:53:58] [312/459] VGMM
[07:53:59] [313/459] VCSG
[07:54:00] [314/459] CVCG
[07:54:01] [315/459] TNTT
[07:54:02] [316/459] SHRM
[07:54:03] [317/459] CGKD
[07:54:04] [318/459] EKCM
[07:54:04] [319/459] SDCX
[07:54:05] [320/459] SBTE
[07:54:06] [321/459] STKJ
[07:54:07] [322/459] TPCE
[07:54:08] [323/459] JTNP
[07:54:09] [324/459] LPCH
[07:54:11] [325/459] CPUO
[07:54:12] [326/459] APSU
[07:54:13] [327/459] RTHC
[07:54:14] [328/459] PTBU
[07:54:14] [329/459] CUCC
[07:54:15] [330/459] CPSA
[07:54:16] [331/459] SUAY
[07:54:16] [332/459] AYAA
[07:54:17] [333/459] MUCH
[07:54:18] [334/459] PCIN
[07:54:19] [335/459] JRRM
[07:54:20] [336/459] KATS
[07:54:20] [337/459] MHFF
[07:54:21] [338/459] ESYM
[07:54:22] [339/459] STYV
[07:54:23] [340/459] SDKG
[07:54:24] [341/459] SMTI
[07:54:25] [342/459] NYCS
[07:54:25] [343/459] MTBG
[07:54:26] [344/459] RHCA
[07:54:27] [345/459] PCKH
[07:54:28] [346/459] ARCR
[07:54:29] [347/459] NCMB
[07:54:31] [348/459] SHYC
[07:54:32] [349/459] LACK
[07:54:33] [350/459] MTCM
[07:54:34] [351/459] RRBN
[07:54:35] [352/459] MYDC
[07:54:35] [353/459] STCS
[07:54:36] [354/459] CONN
[07:54:37] [355/459] SIPS
[07:54:38] [356/459] SMMX
[07:54:39] [357/459] SCBY
[07:54:40] [358/459] SUAP
[07:54:40] [359/459] RSMK
[07:54:41] [360/459] STKP
[07:54:42] [361/459] CIPC
[07:54:43] [362/459] KKCI
[07:54:45] [363/459] CTNK
[07:54:46] [364/459] MMTZ
[07:54:47] [365/459] DCCO
[07:54:47] [366/459] VNMN
[07:54:48] [367/459] RLCN
[07:54:49] [368/459] CMMS
[07:54:50] [369/459] AYOU
[07:54:51] [370/459] SSCN
[07:54:52] [371/459] SMXN
[07:54:52] [372/459] ASSK
[07:54:53] [373/459] VCKM
[07:54:54] [374/459] PCPH
[07:54:54] [375/459] PADM
[07:54:56] [376/459] IESA
[07:54:57] [377/459] VCSP
[07:54:58] [378/459] AEST
[07:54:58] [379/459] VTNR
[07:54:59] [380/459] GTTA
[07:55:00] [381/459] CMMM
[07:55:01] [382/459] AHKT
[07:55:02] [383/459] SIJI
[07:55:02] [384/459] VCEI
[07:55:03] [385/459] SAKR
[07:55:04] [386/459] VSMT
[07:55:05] [387/459] SSCT
[07:55:06] [388/459] USTR
[07:55:06] [389/459] MTKT
[07:55:07] [390/459] TGMP
[07:55:08] [391/459] SIVC
[07:55:09] [392/459] KICT
[07:55:10] [393/459] DAMD
[07:55:11] [394/459] CNPT
[07:55:11] [395/459] RVTT
[07:55:12] [396/459] SNCM
[07:55:13] [397/459] GHTE
[07:55:14] [398/459] PPAM
[07:55:15] [399/459] PVAA
[07:55:16] [400/459] CPAO
[07:55:17] [401/459] HAMD
[07:55:17] [402/459] RCCA
[07:55:18] [403/459] MPCH
[07:55:20] [404/459] ARED
[07:55:21] [405/459] RRCV
[07:55:21] [406/459] MTRB
[07:55:22] [407/459] CKUA
[07:55:23] [408/459] ABMP
[07:55:24] [409/459] RCWA
[07:55:25] [410/459] CGAR
[07:55:25] [411/459] METH
[07:55:26] [412/459] WAGA
[07:55:27] [413/459] MCMA
[07:55:28] [414/459] CSMP
[07:55:29] [415/459] RCNK
[07:55:30] [416/459] PSTM
[07:55:31] [417/459] CSEP
[07:55:32] [418/459] AMGD
[07:55:33] [419/459] CSTE
[07:55:34] [420/459] CONS
[07:55:35] [421/459] APPX
[07:55:35] [422/459] MABC
[07:55:36] [423/459] CXST
[07:55:37] [424/459] MATN
[07:55:38] [425/459] MACZ
[07:55:39] [426/459] MASA
[07:55:40] [427/459] MBSX
[07:55:41] [428/459] CSST
[07:55:42] [429/459] APCL
[07:55:42] [430/459] CGOS
[07:55:43] [431/459] CPEC
[07:55:44] [432/459] MCCP
[07:55:45] [433/459] BSSO
[07:55:45] [434/459] SJKA
[07:55:46] [435/459] CGBO
[07:55:47] [436/459] MVSK
[07:55:48] [437/459] HVCA
[07:55:49] [438/459] NAMD
[07:55:49] [439/459] DEVI
[07:55:51] [440/459] SCSV
[07:55:52] [441/459] PSMA
[07:55:53] [442/459] CLDJ
[07:55:53] [443/459] NMAD
[07:55:54] [444/459] CGMO
[07:55:55] [445/459] MCNA
[07:55:56] [446/459] OCBN
[07:55:57] [447/459] CPEM
[07:55:58] [448/459] CPSM
[07:55:58] [449/459] RCAD
[07:55:59] [450/459] CPMU
[07:56:00] [451/459] DICD
[07:56:01] [452/459] CHOE
[07:56:02] [453/459] PDJM
[07:56:03] [454/459] SSTU
[07:56:03] [455/459] VNRN
[07:56:04] [456/459] PVLG
[07:56:06] [457/459] SWBL
[07:56:07] [458/459] SCAB
[07:56:08] [459/459] RDDA
[07:56:08] 🧹 Deduping shows
[07:56:08] ✅ DONE | Shows=1120 | Movies=57
