[09:34:17] 🚀 SCRIPT STARTED
[09:34:17] [1/296] CDCA
[09:34:17] 🧠 New identity created
[09:34:18] [2/296] MNSR
[09:34:19] [3/296] CSSL
[09:34:20] [4/296] BGGM
[09:34:21] [5/296] MANT
[09:34:22] [6/296] SOOY
[09:34:23] [7/296] VPPK
[09:34:24] [8/296] MYHJ
[09:34:25] [9/296] KSCK
[09:34:25] [10/296] KATK
[09:34:26] [11/296] RTRT
[09:34:27] [12/296] SSTT
[09:34:28] [13/296] SSTV
[09:34:29] [14/296] LACM
[09:34:30] [15/296] SGMG
[09:34:30] [16/296] KACX
[09:34:31] [17/296] GVCP
[09:34:32] [18/296] CSNC
[09:34:33] [19/296] SXCB
[09:34:34] [20/296] BAHS
[09:34:34] [21/296] PCBI
[09:34:35] [22/296] PSSM
[09:34:36] [23/296] RCOK
[09:34:37] [24/296] SCPF
[09:34:38] [25/296] SSAS
[09:34:39] [26/296] EVMM
[09:34:39] [27/296] SYCB
[09:34:40] [28/296] GCKI
[09:34:41] [29/296] IAET
[09:34:42] [30/296] DDTD
[09:34:42] [31/296] GMDH
[09:34:43] [32/296] STLE
[09:34:44] [33/296] JTRA
[09:34:45] [34/296] RPPA
[09:34:46] [35/296] ARUT
[09:34:47] [36/296] JTVM
[09:34:48] [37/296] SWRH
[09:34:48] [38/296] DCPC
[09:34:49] [39/296] RAPR
[09:34:50] [40/296] GCRT
[09:34:51] [41/296] ATUN
[09:34:52] [42/296] LTRM
[09:34:53] [43/296] TASR
[09:34:54] [44/296] RLLC
[09:34:55] [45/296] MABI
[09:34:56] [46/296] SVHB
[09:34:56] [47/296] NVTB
[09:34:57] [48/296] KCKG
[09:34:58] [49/296] SSRN
[09:34:59] [50/296] VDDC
[09:35:00] [51/296] GKTK
[09:35:01] [52/296] YFSN
[09:35:02] [53/296] GCSG
[09:35:02] [54/296] ESSM
[09:35:03] [55/296] KRIH
[09:35:04] [56/296] GCDS
[09:35:05] [57/296] CCSH
[09:35:06] [58/296] ACSK
[09:35:06] [59/296] APRK
[09:35:07] [60/296] ADKM
[09:35:08] [61/296] SRDM
[09:35:09] [62/296] RMOG
[09:35:10] [63/296] SJMY
[09:35:11] [64/296] PGGC
[09:35:12] [65/296] INGM
[09:35:12] [66/296] LSCB
[09:35:13] [67/296] STAD
[09:35:15] [68/296] MCCR
[09:35:15] [69/296] ABCC
[09:35:16] [70/296] RKCC
[09:35:17] [71/296] RTCR
[09:35:18] [72/296] GGBC
[09:35:18] [73/296] GCSD
[09:35:19] [74/296] LPTY
[09:35:20] [75/296] MCFD
[09:35:21] [76/296] HENN
[09:35:22] [77/296] SMKU
[09:35:22] [78/296] TNZC
[09:35:23] [79/296] DRCD
[09:35:24] [80/296] DLCD
[09:35:25] [81/296] RCDA
[09:35:25] [82/296] COSM
[09:35:27] [83/296] MCMJ
[09:35:27] [84/296] CSTR
[09:35:28] [85/296] CVDK
[09:35:29] [86/296] INRR
[09:35:30] [87/296] RJRT
[09:35:31] [88/296] IRMR
[09:35:31] [89/296] SRCF
[09:35:32] [90/296] GRCR
[09:35:33] [91/296] SURC
[09:35:33] [92/296] NMNH
[09:35:34] [93/296] SVBL
[09:35:35] [94/296] KACI
[09:35:36] [95/296] TDGO
[09:35:37] [96/296] KTBR
[09:35:37] [97/296] PMAD
[09:35:38] [98/296] CCPN
[09:35:39] [99/296] SBTK
[09:35:40] [100/296] LMDK
[09:35:41] [101/296] PGDA
[09:35:42] [102/296] SRML
[09:35:43] [103/296] EVCK
[09:35:44] [104/296] RTTK
[09:35:46] [105/296] SRTU
[09:35:46] [106/296] VRSA
[09:35:47] [107/296] VARS
[09:35:48] [108/296] DSCZ
[09:35:49] [109/296] GAGA
[09:35:50] [110/296] SARV
[09:35:50] [111/296] SEEG
[09:35:51] [112/296] GLCA
[09:35:52] [113/296] APAS
[09:35:53] [114/296] VCIA
[09:35:54] [115/296] SJTA
[09:35:55] [116/296] SABM
[09:35:56] [117/296] PPAG
[09:35:56] [118/296] RVCA
[09:35:57] [119/296] CCIA
[09:35:58] [120/296] HTAG
[09:35:59] [121/296] SMBI
[09:36:00] [122/296] MCJR
[09:36:01] [123/296] CCJR
[09:36:02] [124/296] SINF
[09:36:02] [125/296] CPLX
[09:36:03] [126/296] KKTJ
[09:36:04] [127/296] GDBW
[09:36:05] [128/296] CSUB
[09:36:06] [129/296] DABA
[09:36:07] [130/296] TITR
[09:36:07] [131/296] NYCR
[09:36:08] [132/296] RTRY
[09:36:10] [133/296] JTJL
[09:36:11] [134/296] SJCP
[09:36:11] [135/296] KCCA
[09:36:12] [136/296] MLPG
[09:36:13] [137/296] VRCK
[09:36:14] [138/296] SRIN
[09:36:14] [139/296] CXMK
[09:36:15] [140/296] SKAD
[09:36:17] [141/296] AVTR
[09:36:18] [142/296] PTAJ
[09:36:19] [143/296] SCNK
[09:36:20] [144/296] STTI
[09:36:20] [145/296] KACR
[09:36:21] [146/296] SSDX
[09:36:22] [147/296] VRTJ
[09:36:23] [148/296] RAJD
[09:36:24] [149/296] SCIP
[09:36:26] [150/296] RJSL
[09:36:27] [151/296] ARRS
[09:36:28] [152/296] ASMS
[09:36:29] [153/296] RDTS
[09:36:30] [154/296] DVMY
[09:36:31] [155/296] RASA
[09:36:32] [156/296] INOM
[09:36:32] [157/296] SPRS
[09:36:33] [158/296] SGCS
[09:36:34] [159/296] SALM
[09:36:35] [160/296] PKHC
[09:36:36] [161/296] RCSV
[09:36:37] [162/296] CPKC
[09:36:37] [163/296] AACD
[09:36:38] [164/296] GGCV
[09:36:39] [165/296] SMKD
[09:36:40] [166/296] NBCH
[09:36:40] [167/296] AMCB
[09:36:42] [168/296] OPCN
[09:36:43] [169/296] DCIN
[09:36:43] [170/296] INGW
[09:36:44] [171/296] PKKW
[09:36:45] [172/296] FNGW
[09:36:46] [173/296] GCGD
[09:36:47] [174/296] MSTW
[09:36:48] [175/296] KCCG
[09:36:49] [176/296] MRSS
[09:36:50] [177/296] CLCF
[09:36:50] [178/296] EETS
[09:36:51] [179/296] AATR
[09:36:52] [180/296] CMMN
[09:36:53] [181/296] SCCJ
[09:36:54] [182/296] CDTK
[09:36:54] [183/296] AICP
[09:36:55] [184/296] FNBP
[09:36:56] [185/296] CBPB
[09:36:57] [186/296] CPAS
[09:36:58] [187/296] MAPM
[09:36:58] [188/296] PASD
[09:36:59] [189/296] JCMN
[09:37:00] [190/296] MALB
[09:37:01] [191/296] SACG
[09:37:02] [192/296] DDRX
[09:37:02] [193/296] DDXB
[09:37:03] [194/296] RAMC
[09:37:04] [195/296] SANC
[09:37:05] [196/296] BCBP
[09:37:06] [197/296] ALPC
[09:37:07] [198/296] RBAC
[09:37:08] [199/296] RAJL
[09:37:09] [200/296] MPDX
[09:37:10] [201/296] MUSC
[09:37:11] [202/296] VKMK
[09:37:12] [203/296] SKCG
[09:37:12] [204/296] ANCN
[09:37:13] [205/296] MMCJ
[09:37:14] [206/296] DCAK
[09:37:15] [207/296] SCKG
[09:37:16] [208/296] LMCK
[09:37:16] [209/296] CKKX
[09:37:17] [210/296] ANKU
[09:37:18] [211/296] CSMD
[09:37:19] [212/296] MKMP
[09:37:20] [213/296] SVBG
[09:37:21] [214/296] ROOP
[09:37:22] [215/296] GDMT
[09:37:22] [216/296] FPPF
[09:37:23] [217/296] SFUU
[09:37:24] [218/296] ANCB
[09:37:25] [219/296] SMMC
[09:37:26] [220/296] UGKT
[09:37:27] [221/296] JVRM
[09:37:28] [222/296] BATG
[09:37:29] [223/296] RATE
[09:37:30] [224/296] SKME
[09:37:31] [225/296] LMTP
[09:37:31] [226/296] TCBD
[09:37:32] [227/296] ESBD
[09:37:33] [228/296] GDCU
[09:37:34] [229/296] SNKT
[09:37:35] [230/296] SRNK
[09:37:36] [231/296] SMED
[09:37:37] [232/296] CSQS
[09:37:37] [233/296] ALCS
[09:37:38] [234/296] KCKN
[09:37:39] [235/296] VCCL
[09:37:40] [236/296] MCDA
[09:37:41] [237/296] SHMI
[09:37:41] [238/296] SKHA
[09:37:42] [239/296] SVFK
[09:37:43] [240/296] INVB
[09:37:44] [241/296] MELD
[09:37:45] [242/296] JTYS
[09:37:46] [243/296] INCM
[09:37:46] [244/296] MCDV
[09:37:47] [245/296] KSGK
[09:37:48] [246/296] ICMG
[09:37:49] [247/296] CSCV
[09:37:50] [248/296] STMD
[09:37:51] [249/296] STTR
[09:37:52] [250/296] INVC
[09:37:53] [251/296] JTBL
[09:37:54] [252/296] SRVV
[09:37:54] [253/296] MAVC
[09:37:56] [254/296] SRPP
[09:37:57] [255/296] JGDM
[09:37:57] [256/296] MBSJ
[09:37:59] [257/296] SSLL
[09:38:00] [258/296] SLKP
[09:38:01] [259/296] NSRV
[09:38:02] [260/296] UTDV
[09:38:02] [261/296] KICM
[09:38:03] [262/296] KCMD
[09:38:04] [263/296] TTPP
[09:38:05] [264/296] KMPV
[09:38:05] [265/296] SKTV
[09:38:06] [266/296] STCV
[09:38:08] [267/296] SRDA
[09:38:08] [268/296] JTSX
[09:38:09] [269/296] STBV
[09:38:10] [270/296] APVZ
[09:38:11] [271/296] GSTV
[09:38:12] [272/296] NMVS
[09:38:13] [273/296] SKRT
[09:38:13] [274/296] RMDV
[09:38:14] [275/296] RATG
[09:38:15] [276/296] SJYV
[09:38:16] [277/296] NDGP
[09:38:17] [278/296] SNDG
[09:38:18] [279/296] INSR
[09:38:19] [280/296] INSO
[09:38:20] [281/296] CCSI
[09:38:20] [282/296] RASM
[09:38:21] [283/296] NEWC
[09:38:23] [284/296] VSHL
[09:38:24] [285/296] BISW
[09:38:25] [286/296] GCNG
[09:38:26] [287/296] CWSC
[09:38:27] [288/296] SKAN
[09:38:28] [289/296] SEHP
[09:38:29] [290/296] CCOA
[09:38:30] [291/296] MCAJ
[09:38:31] [292/296] ACDE
[09:38:31] [293/296] AACM
[09:38:32] [294/296] JJCK
[09:38:33] [295/296] RCMO
[09:38:34] [296/296] GDAW
[09:38:35] 🧹 Deduping shows
[09:38:35] ✅ DONE | Shows=81 | Movies=8
