[09:34:17] 🚀 SCRIPT STARTED
[09:34:17] [1/324] GCTA
[09:34:17] 🧠 New identity created
[09:34:18] [2/324] TOPN
[09:34:20] [3/324] MCUS
[09:34:21] [4/324] SHRL
[09:34:21] [5/324] UPTP
[09:34:22] [6/324] TMMP
[09:34:23] [7/324] DNRP
[09:34:24] [8/324] SRLT
[09:34:25] [9/324] RCNS
[09:34:26] [10/324] DCBH
[09:34:27] [11/324] NAGJ
[09:34:28] [12/324] JVRC
[09:34:28] [13/324] KRJG
[09:34:29] [14/324] SRTJ
[09:34:30] [15/324] CMXM
[09:34:31] [16/324] STMI
[09:34:32] [17/324] SLST
[09:34:32] [18/324] DTCN
[09:34:33] [19/324] STYN
[09:34:34] [20/324] SZVR
[09:34:35] [21/324] SRKO
[09:34:36] [22/324] JTGT
[09:34:37] [23/324] SVFD
[09:34:38] [24/324] SISD
[09:34:39] [25/324] ABDD
[09:34:40] [26/324] DRCA
[09:34:41] [27/324] AVCS
[09:34:42] [28/324] MVKH
[09:34:43] [29/324] ACPR
[09:34:44] [30/324] STIP
[09:34:44] [31/324] MTRA
[09:34:46] [32/324] RMKH
[09:34:47] [33/324] NKRL
[09:34:48] [34/324] PCWN
[09:34:48] [35/324] BLMT
[09:34:49] [36/324] GDPG
[09:34:50] [37/324] SRMX
[09:34:51] [38/324] JACP
[09:34:52] [39/324] CPSH
[09:34:52] [40/324] MCCD
[09:34:53] [41/324] ECGH
[09:34:54] [42/324] MKCK
[09:34:56] [43/324] SRMM
[09:34:57] [44/324] SKYR
[09:34:58] [45/324] PCKC
[09:34:58] [46/324] JCMA
[09:34:59] [47/324] BSMP
[09:35:00] [48/324] VSPA
[09:35:01] [49/324] DJYA
[09:35:02] [50/324] DIMP
[09:35:03] [51/324] FXDR
[09:35:04] [52/324] SSRC
[09:35:04] [53/324] STHP
[09:35:05] [54/324] CPPD
[09:35:06] [55/324] FCLK
[09:35:07] [56/324] SCPP
[09:35:08] [57/324] DCMJ
[09:35:09] [58/324] RCCR
[09:35:10] [59/324] INMT
[09:35:11] [60/324] LXTK
[09:35:11] [61/324] SRYK
[09:35:12] [62/324] SGDK
[09:35:13] [63/324] PPKA
[09:35:14] [64/324] SPKA
[09:35:15] [65/324] CGHH
[09:35:15] [66/324] DCJN
[09:35:16] [67/324] SRKV
[09:35:17] [68/324] SAJC
[09:35:18] [69/324] SUSR
[09:35:19] [70/324] STYG
[09:35:20] [71/324] NTKP
[09:35:20] [72/324] AKTG
[09:35:21] [73/324] CGCM
[09:35:22] [74/324] TULC
[09:35:23] [75/324] NYYZ
[09:35:24] [76/324] NYBW
[09:35:24] [77/324] MACB
[09:35:25] [78/324] SLVT
[09:35:26] [79/324] SANA
[09:35:27] [80/324] ACMR
[09:35:28] [81/324] CPKN
[09:35:29] [82/324] DLGK
[09:35:30] [83/324] CWCK
[09:35:30] [84/324] FDDH
[09:35:31] [85/324] MMMD
[09:35:33] [86/324] CMEH
[09:35:34] [87/324] GGGV
[09:35:35] [88/324] SPJL
[09:35:36] [89/324] RCCD
[09:35:37] [90/324] STTZ
[09:35:38] [91/324] BTCF
[09:35:39] [92/324] TSTZ
[09:35:40] [93/324] IPMM
[09:35:41] [94/324] PMPW
[09:35:41] [95/324] PCMZ
[09:35:42] [96/324] ESEM
[09:35:43] [97/324] PIPO
[09:35:44] [98/324] MATK
[09:35:45] [99/324] PGHM
[09:35:46] [100/324] CTSR
[09:35:46] [101/324] CYKR
[09:35:48] [102/324] MSCM
[09:35:49] [103/324] RFNP
[09:35:49] [104/324] PDCP
[09:35:51] [105/324] NPSE
[09:35:53] [106/324] MKML
[09:35:54] [107/324] FTDP
[09:35:54] [108/324] MMXA
[09:35:55] [109/324] CEPO
[09:35:56] [110/324] CMVP
[09:35:57] [111/324] SGTH
[09:35:58] [112/324] SAYN
[09:35:59] [113/324] URVS
[09:36:00] [114/324] VJTN
[09:36:01] [115/324] BBYK
[09:36:01] [116/324] SHBO
[09:36:02] [117/324] VCMR
[09:36:03] [118/324] MACT
[09:36:04] [119/324] JMNP
[09:36:05] [120/324] VICS
[09:36:05] [121/324] VCDA
[09:36:06] [122/324] GCMM
[09:36:07] [123/324] INVS
[09:36:08] [124/324] SCGM
[09:36:08] [125/324] PCDA
[09:36:09] [126/324] KDCT
[09:36:10] [127/324] JACS
[09:36:11] [128/324] GMMC
[09:36:12] [129/324] AICM
[09:36:13] [130/324] TJCM
[09:36:13] [131/324] RMTI
[09:36:14] [132/324] SHAC
[09:36:15] [133/324] APJC
[09:36:16] [134/324] GCTG
[09:36:17] [135/324] SSMC
[09:36:17] [136/324] THRM
[09:36:18] [137/324] RBCT
[09:36:19] [138/324] DIKT
[09:36:20] [139/324] MIDL
[09:36:21] [140/324] VCSN
[09:36:21] [141/324] SKTG
[09:36:23] [142/324] SMWC
[09:36:24] [143/324] MNKH
[09:36:24] [144/324] PIAT
[09:36:25] [145/324] LTTP
[09:36:26] [146/324] PTPU
[09:36:27] [147/324] ACMG
[09:36:28] [148/324] SHMM
[09:36:29] [149/324] MCMN
[09:36:29] [150/324] GLDC
[09:36:30] [151/324] HOUT
[09:36:31] [152/324] SVRP
[09:36:32] [153/324] PVDN
[09:36:33] [154/324] SCPY
[09:36:34] [155/324] DTPY
[09:36:35] [156/324] GKCS
[09:36:35] [157/324] NCAM
[09:36:36] [158/324] BSRM
[09:36:37] [159/324] RCLC
[09:36:38] [160/324] SKKD
[09:36:38] [161/324] ACHU
[09:36:39] [162/324] RSCF
[09:36:40] [163/324] IMSH
[09:36:42] [164/324] MACX
[09:36:42] [165/324] HMMW
[09:36:43] [166/324] JTCP
[09:36:45] [167/324] SREN
[09:36:46] [168/324] PJRR
[09:36:46] [169/324] INAC
[09:36:47] [170/324] BMCA
[09:36:48] [171/324] SHCB
[09:36:50] [172/324] GABA
[09:36:51] [173/324] SBCT
[09:36:52] [174/324] GCMA
[09:36:53] [175/324] MYTK
[09:36:54] [176/324] INZS
[09:36:54] [177/324] RMIK
[09:36:55] [178/324] NYCH
[09:36:57] [179/324] RAVE
[09:36:57] [180/324] PSXM
[09:36:58] [181/324] MCGP
[09:36:59] [182/324] PDDK
[09:37:00] [183/324] SPCK
[09:37:00] [184/324] MCRL
[09:37:01] [185/324] MHKT
[09:37:02] [186/324] ANRR
[09:37:03] [187/324] SAPK
[09:37:04] [188/324] NCUK
[09:37:05] [189/324] JUGA
[09:37:06] [190/324] DBSC
[09:37:06] [191/324] LALK
[09:37:07] [192/324] GUCK
[09:37:08] [193/324] STSG
[09:37:09] [194/324] PPPZ
[09:37:09] [195/324] CNCY
[09:37:11] [196/324] MTAR
[09:37:12] [197/324] VNKD
[09:37:12] [198/324] KMAJ
[09:37:13] [199/324] ACXK
[09:37:14] [200/324] UTKC
[09:37:15] [201/324] PBLK
[09:37:15] [202/324] ACBX
[09:37:16] [203/324] PTGM
[09:37:17] [204/324] BTDA
[09:37:18] [205/324] PJMB
[09:37:19] [206/324] TPDA
[09:37:20] [207/324] AMOE
[09:37:21] [208/324] PRHT
[09:37:22] [209/324] PRTA
[09:37:23] [210/324] STAM
[09:37:23] [211/324] MSAA
[09:37:24] [212/324] SDLU
[09:37:25] [213/324] RCHH
[09:37:26] [214/324] KANT
[09:37:27] [215/324] FCRT
[09:37:28] [216/324] DNKM
[09:37:28] [217/324] RYCP
[09:37:29] [218/324] MYRP
[09:37:30] [219/324] PPAK
[09:37:32] [220/324] NVPK
[09:37:33] [221/324] PRMC
[09:37:34] [222/324] JBCS
[09:37:36] [223/324] GXCK
[09:37:37] [224/324] USKO
[09:37:38] [225/324] GTEM
[09:37:38] [226/324] SMBU
[09:37:39] [227/324] VETC
[09:37:41] [228/324] LCDA
[09:37:41] [229/324] MTVT
[09:37:42] [230/324] PYCP
[09:37:43] [231/324] PNSC
[09:37:44] [232/324] PPCC
[09:37:45] [233/324] TGRT
[09:37:46] [234/324] JYOT
[09:37:46] [235/324] SRCZ
[09:37:48] [236/324] SJTE
[09:37:49] [237/324] DESC
[09:37:50] [238/324] JHVN
[09:37:51] [239/324] IPSG
[09:37:52] [240/324] IPCM
[09:37:53] [241/324] PDRS
[09:37:54] [242/324] ANCV
[09:37:54] [243/324] CMVV
[09:37:55] [244/324] SHYP
[09:37:56] [245/324] DNCS
[09:37:57] [246/324] GAJK
[09:37:57] [247/324] AKTN
[09:37:58] [248/324] KAYA
[09:37:59] [249/324] SBRC
[09:37:59] [250/324] CHTP
[09:38:00] [251/324] SHRT
[09:38:01] [252/324] BCKU
[09:38:02] [253/324] FCPS
[09:38:03] [254/324] ARDD
[09:38:03] [255/324] CPCM
[09:38:04] [256/324] CGSM
[09:38:05] [257/324] PSMP
[09:38:06] [258/324] SDAL
[09:38:06] [259/324] RTNB
[09:38:07] [260/324] LMCR
[09:38:08] [261/324] CIMA
[09:38:10] [262/324] RNAS
[09:38:10] [263/324] LITH
[09:38:11] [264/324] PBOX
[09:38:12] [265/324] FRTS
[09:38:13] [266/324] RKIC
[09:38:14] [267/324] PTAI
[09:38:14] [268/324] GCIC
[09:38:15] [269/324] FNAS
[09:38:16] [270/324] SCAR
[09:38:17] [271/324] MTCA
[09:38:17] [272/324] SCTS
[09:38:18] [273/324] SYCS
[09:38:19] [274/324] RDMS
[09:38:20] [275/324] KAMP
[09:38:21] [276/324] ERSD
[09:38:22] [277/324] MJMJ
[09:38:23] [278/324] SRCJ
[09:38:24] [279/324] SCXE
[09:38:24] [280/324] SVFR
[09:38:25] [281/324] BHCS
[09:38:26] [282/324] IMCC
[09:38:28] [283/324] PCBO
[09:38:29] [284/324] PRVN
[09:38:30] [285/324] AUPM
[09:38:30] [286/324] INBW
[09:38:31] [287/324] SVCW
[09:38:32] [288/324] RKCF
[09:38:33] [289/324] UVBH
[09:38:34] [290/324] DNCY
[09:38:35] [291/324] ABCN
[09:38:36] [292/324] PRUR
[09:38:37] [293/324] PFMR
[09:38:38] [294/324] RKCN
[09:38:39] [295/324] CFEA
[09:38:40] [296/324] SDBG
[09:38:41] [297/324] SNAR
[09:38:42] [298/324] YISI
[09:38:43] [299/324] JCFF
[09:38:44] [300/324] VTRK
[09:38:44] [301/324] PCLZ
[09:38:45] [302/324] DIMY
[09:38:47] [303/324] BBTS
[09:38:47] [304/324] GATH
[09:38:49] [305/324] GTMN
[09:38:50] [306/324] VTMH
[09:38:51] [307/324] CCKP
[09:38:51] [308/324] GPKA
[09:38:52] [309/324] MHCL
[09:38:53] [310/324] ATCL
[09:38:54] [311/324] SBCK
[09:38:55] [312/324] AMMR
[09:38:56] [313/324] MADC
[09:38:56] [314/324] TMMA
[09:38:57] [315/324] CACC
[09:38:58] [316/324] CHAL
[09:38:59] [317/324] DURG
[09:39:00] [318/324] GMKU
[09:39:01] [319/324] GECA
[09:39:02] [320/324] KYRR
[09:39:03] [321/324] KSDE
[09:39:04] [322/324] LMCI
[09:39:04] [323/324] NKCP
[09:39:05] [324/324] BGTC
[09:39:07] 🧹 Deduping shows
[09:39:07] ✅ DONE | Shows=143 | Movies=10
