[04:56:35] 🚀 SCRIPT STARTED
[04:56:35] [1/445] TGMR
[04:56:35] 🧠 New identity created
[04:56:35] [2/445] CXKR
[04:56:36] [3/445] SROP
[04:56:37] [4/445] GTSV
[04:56:37] [5/445] SNTY
[04:56:38] [6/445] SMYY
[04:56:39] [7/445] CNCS
[04:56:39] [8/445] CSTM
[04:56:40] [9/445] NUCD
[04:56:41] [10/445] SHCZ
[04:56:41] [11/445] NJCT
[04:56:42] [12/445] COPC
[04:56:42] [13/445] STVV
[04:56:43] [14/445] SKRN
[04:56:44] [15/445] APPZ
[04:56:44] [16/445] YMGN
[04:56:45] [17/445] SVTU
[04:56:46] [18/445] GTAD
[04:56:46] [19/445] PSUS
[04:56:47] [20/445] SMCD
[04:56:47] [21/445] CMCM
[04:56:48] [22/445] SYCT
[04:56:48] [23/445] STLY
[04:56:49] [24/445] CMHU
[04:56:49] [25/445] CMSA
[04:56:50] [26/445] CLCU
[04:56:51] [27/445] PPNT
[04:56:52] [28/445] JTAB
[04:56:52] [29/445] BUUC
[04:56:53] [30/445] BSVK
[04:56:53] [31/445] VVVQ
[04:56:54] [32/445] TKMU
[04:56:54] [33/445] ESYL
[04:56:55] [34/445] ACHP
[04:56:56] [35/445] BTKD
[04:56:56] [36/445] DESA
[04:56:57] [37/445] GBCT
[04:56:58] [38/445] BLLD
[04:56:58] [39/445] SKNT
[04:56:59] [40/445] SSTE
[04:56:59] [41/445] VJMR
[04:57:00] [42/445] NTPU
[04:57:00] [43/445] RDKN
[04:57:01] [44/445] ADGC
[04:57:01] [45/445] VRBP
[04:57:02] [46/445] NMNA
[04:57:03] [47/445] CMMX
[04:57:03] [48/445] PTKO
[04:57:04] [49/445] RBML
[04:57:04] [50/445] SAIC
[04:57:05] [51/445] SVTJ
[04:57:06] [52/445] MRTE
[04:57:06] [53/445] RBTP
[04:57:07] [54/445] NLPS
[04:57:08] [55/445] GTNA
[04:57:08] [56/445] DGGC
[04:57:09] [57/445] SMCR
[04:57:09] [58/445] SCGD
[04:57:10] [59/445] SRRJ
[04:57:11] [60/445] CNRY
[04:57:11] [61/445] KTDI
[04:57:12] [62/445] SNJL
[04:57:13] [63/445] RKMD
[04:57:13] [64/445] SMDC
[04:57:14] [65/445] TADG
[04:57:14] [66/445] MCGS
[04:57:15] [67/445] PETK
[04:57:15] [68/445] CHAG
[04:57:16] [69/445] KSTL
[04:57:17] [70/445] AADS
[04:57:17] [71/445] NTHZ
[04:57:18] [72/445] HCKI
[04:57:19] [73/445] SSEF
[04:57:19] [74/445] MCGX
[04:57:20] [75/445] ERRA
[04:57:20] [76/445] SDTW
[04:57:21] [77/445] RMPK
[04:57:21] [78/445] PTHK
[04:57:22] [79/445] PXCS
[04:57:22] [80/445] SVLU
[04:57:23] [81/445] STAH
[04:57:23] [82/445] JRGF
[04:57:24] [83/445] CDOK
[04:57:25] [84/445] CMSG
[04:57:25] [85/445] APTD
[04:57:26] [86/445] KMPG
[04:57:26] [87/445] MUTJ
[04:57:27] [88/445] VCCI
[04:57:27] [89/445] URBE
[04:57:28] [90/445] TCTS
[04:57:29] [91/445] STSN
[04:57:29] [92/445] AKCH
[04:57:30] [93/445] APSC
[04:57:30] [94/445] VLTB
[04:57:31] [95/445] SANU
[04:57:31] [96/445] AXAM
[04:57:32] [97/445] MGMG
[04:57:33] [98/445] HTBY
[04:57:33] [99/445] MMZS
[04:57:34] [100/445] SUDR
[04:57:34] [101/445] CCAD
[04:57:35] [102/445] SKKC
[04:57:36] [103/445] RMCD
[04:57:36] [104/445] SBCQ
[04:57:37] [105/445] DCCT
[04:57:37] [106/445] VTKP
[04:57:38] [107/445] MLAM
[04:57:39] [108/445] SAVT
[04:57:39] [109/445] GEPL
[04:57:40] [110/445] AMCD
[04:57:41] [111/445] CCXR
[04:57:41] [112/445] GRNG
[04:57:42] [113/445] EBCA
[04:57:42] [114/445] CNVG
[04:57:43] [115/445] MWSS
[04:57:44] [116/445] VBOR
[04:57:44] [117/445] NEEB
[04:57:45] [118/445] SUTH
[04:57:45] [119/445] ANDB
[04:57:46] [120/445] MMXS
[04:57:47] [121/445] CNPD
[04:57:47] [122/445] SDCE
[04:57:48] [123/445] DHCB
[04:57:48] [124/445] ODEN
[04:57:49] [125/445] TNTC
[04:57:50] [126/445] VBKM
[04:57:50] [127/445] RZYM
[04:57:51] [128/445] JEMC
[04:57:51] [129/445] CMAU
[04:57:52] [130/445] SIVP
[04:57:53] [131/445] ATAG
[04:57:53] [132/445] CHTM
[04:57:54] [133/445] AAEE
[04:57:54] [134/445] IWPM
[04:57:55] [135/445] KCMW
[04:57:55] [136/445] MCTD
[04:57:56] [137/445] SPWR
[04:57:57] [138/445] SDPO
[04:57:57] [139/445] PCSK
[04:57:58] [140/445] ACHV
[04:57:59] [141/445] SVLA
[04:57:59] [142/445] PICT
[04:58:00] [143/445] BXDR
[04:58:00] [144/445] SPWA
[04:58:01] [145/445] MCKO
[04:58:02] [146/445] RTHK
[04:58:02] [147/445] CCMF
[04:58:03] [148/445] MRGB
[04:58:03] [149/445] CPLC
[04:58:04] [150/445] RACD
[04:58:05] [151/445] ATKT
[04:58:06] [152/445] SARN
[04:58:06] [153/445] KKUI
[04:58:07] [154/445] RGCM
[04:58:08] [155/445] BRVP
[04:58:08] [156/445] HRSR
[04:58:09] [157/445] GKGM
[04:58:09] [158/445] TTCD
[04:58:10] [159/445] PTTI
[04:58:10] [160/445] MPTT
[04:58:11] [161/445] CVTT
[04:58:12] [162/445] PCXD
[04:58:12] [163/445] GCDC
[04:58:13] [164/445] CCCF
[04:58:14] [165/445] MRAD
[04:58:14] [166/445] CPLK
[04:58:15] [167/445] SATB
[04:58:15] [168/445] SNVG
[04:58:16] [169/445] JMBA
[04:58:16] [170/445] TEJA
[04:58:17] [171/445] STYO
[04:58:18] [172/445] JTBP
[04:58:18] [173/445] KRGD
[04:58:19] [174/445] SLJJ
[04:58:19] [175/445] SPTJ
[04:58:20] [176/445] SWJG
[04:58:20] [177/445] LKRT
[04:58:21] [178/445] KCKA
[04:58:22] [179/445] SNCR
[04:58:22] [180/445] SMKL
[04:58:23] [181/445] GCFA
[04:58:23] [182/445] DDCK
[04:58:24] [183/445] NCHJ
[04:58:24] [184/445] RDMA
[04:58:25] [185/445] SVSV
[04:58:26] [186/445] SCJG
[04:58:26] [187/445] VKLP
[04:58:27] [188/445] NWCC
[04:58:27] [189/445] VKNS
[04:58:28] [190/445] SDDP
[04:58:28] [191/445] ACSI
[04:58:29] [192/445] SATG
[04:58:30] [193/445] SCMW
[04:58:30] [194/445] LKTK
[04:58:31] [195/445] VCKV
[04:58:31] [196/445] KKPE
[04:58:32] [197/445] KIGH
[04:58:33] [198/445] SRPM
[04:58:33] [199/445] SCAH
[04:58:34] [200/445] MUTA
[04:58:34] [201/445] SEPU
[04:58:35] [202/445] INOA
[04:58:36] [203/445] BASK
[04:58:36] [204/445] NECB
[04:58:37] [205/445] GTTG
[04:58:37] [206/445] ASSA
[04:58:38] [207/445] ANCL
[04:58:39] [208/445] GCTI
[04:58:39] [209/445] RCTS
[04:58:40] [210/445] ACNL
[04:58:40] [211/445] MYCT
[04:58:41] [212/445] NMHT
[04:58:41] [213/445] MDIT
[04:58:42] [214/445] LATG
[04:58:42] [215/445] SMTY
[04:58:43] [216/445] CVCT
[04:58:44] [217/445] RAMB
[04:58:45] [218/445] TGMS
[04:58:45] [219/445] BHEL
[04:58:46] [220/445] SHCT
[04:58:46] [221/445] SVCT
[04:58:47] [222/445] MRIY
[04:58:48] [223/445] SARO
[04:58:48] [224/445] STCT
[04:58:49] [225/445] JKKC
[04:58:49] [226/445] PLTT
[04:58:50] [227/445] SRNT
[04:58:50] [228/445] YAST
[04:58:51] [229/445] PERL
[04:58:52] [230/445] CICM
[04:58:52] [231/445] MMTR
[04:58:53] [232/445] ABTK
[04:58:54] [233/445] ATYY
[04:58:54] [234/445] ASTK
[04:58:55] [235/445] VVCK
[04:58:55] [236/445] ATKY
[04:58:56] [237/445] GWEK
[04:58:56] [238/445] SVFH
[04:58:57] [239/445] SLTA
[04:58:58] [240/445] AASH
[04:58:58] [241/445] ACXB
[04:58:59] [242/445] SMTX
[04:59:00] [243/445] AZDH
[04:59:01] [244/445] CMMH
[04:59:01] [245/445] SCSZ
[04:59:02] [246/445] SCKP
[04:59:02] [247/445] NXTM
[04:59:03] [248/445] NWCS
[04:59:03] [249/445] CXMH
[04:59:04] [250/445] PCMA
[04:59:05] [251/445] SGCM
[04:59:05] [252/445] SDTU
[04:59:06] [253/445] MMVI
[04:59:06] [254/445] JKCM
[04:59:07] [255/445] VCMM
[04:59:07] [256/445] SYEE
[04:59:08] [257/445] VASD
[04:59:09] [258/445] BDRB
[04:59:10] [259/445] LASM
[04:59:10] [260/445] DCRL
[04:59:11] [261/445] DVPM
[04:59:12] [262/445] SBMJ
[04:59:12] [263/445] CBMU
[04:59:13] [264/445] IUBS
[04:59:13] [265/445] INAP
[04:59:14] [266/445] SRRC
[04:59:14] [267/445] SAGR
[04:59:15] [268/445] CPMJ
[04:59:15] [269/445] ATJL
[04:59:16] [270/445] NNTD
[04:59:17] [271/445] JHCJ
[04:59:17] [272/445] CMMP
[04:59:18] [273/445] RSDR
[04:59:19] [274/445] AMTI
[04:59:19] [275/445] NYSG
[04:59:20] [276/445] AVSG
[04:59:20] [277/445] SYTP
[04:59:21] [278/445] LARC
[04:59:22] [279/445] RJTP
[04:59:22] [280/445] LAKC
[04:59:23] [281/445] MCXE
[04:59:24] [282/445] CCZC
[04:59:24] [283/445] AVCH
[04:59:25] [284/445] CMBE
[04:59:26] [285/445] MRRC
[04:59:26] [286/445] PCPY
[04:59:27] [287/445] SRMH
[04:59:27] [288/445] SVGS
[04:59:28] [289/445] PCSE
[04:59:29] [290/445] SVFT
[04:59:29] [291/445] TNZP
[04:59:30] [292/445] ICTP
[04:59:31] [293/445] ACTZ
[04:59:31] [294/445] GTUR
[04:59:32] [295/445] MAFC
[04:59:32] [296/445] MINL
[04:59:33] [297/445] MRCL
[04:59:33] [298/445] RCRP
[04:59:34] [299/445] RFFG
[04:59:35] [300/445] RMAS
[04:59:35] [301/445] INVR
[04:59:36] [302/445] RMAR
[04:59:37] [303/445] CNIS
[04:59:37] [304/445] RHRJ
[04:59:38] [305/445] INXR
[04:59:39] [306/445] VALT
[04:59:39] [307/445] LCSH
[04:59:40] [308/445] CMVS
[04:59:40] [309/445] CNMS
[04:59:41] [310/445] ROOG
[04:59:42] [311/445] ISRM
[04:59:42] [312/445] RCRM
[04:59:43] [313/445] ACJA
[04:59:43] [314/445] RCVS
[04:59:44] [315/445] CPUS
[04:59:45] [316/445] TGCS
[04:59:45] [317/445] RKCJ
[04:59:46] [318/445] MKSB
[04:59:46] [319/445] TCSJ
[04:59:47] [320/445] RMGP
[04:59:47] [321/445] CLLP
[04:59:48] [322/445] RCMV
[04:59:48] [323/445] CCKS
[04:59:49] [324/445] RSRP
[04:59:49] [325/445] APLP
[04:59:50] [326/445] CNVS
[04:59:51] [327/445] RMVY
[04:59:51] [328/445] PGBD
[04:59:52] [329/445] KLMS
[04:59:53] [330/445] RUST
[04:59:53] [331/445] MASM
[04:59:54] [332/445] BACS
[04:59:55] [333/445] BWST
[04:59:55] [334/445] RRFH
[04:59:56] [335/445] SJTM
[04:59:56] [336/445] BEMR
[04:59:56] [337/445] MCGR
[04:59:57] [338/445] SDSK
[04:59:58] [339/445] VBOL
[04:59:58] [340/445] RMGM
[04:59:59] [341/445] NOPL
[04:59:59] [342/445] MKJK
[05:00:00] [343/445] CVRN
[05:00:00] [344/445] MMEN
[05:00:01] [345/445] AMNG
[05:00:01] [346/445] INTM
[05:00:02] [347/445] SLCZ
[05:00:03] [348/445] AMJN
[05:00:03] [349/445] ACJN
[05:00:04] [350/445] AMKN
[05:00:04] [351/445] BTCN
[05:00:05] [352/445] AMBT
[05:00:05] [353/445] PACN
[05:00:06] [354/445] LCNS
[05:00:07] [355/445] PPKC
[05:00:07] [356/445] JYYN
[05:00:08] [357/445] JTNR
[05:00:09] [358/445] GTEE
[05:00:09] [359/445] SRNM
[05:00:10] [360/445] SDTC
[05:00:10] [361/445] VPCA
[05:00:11] [362/445] VLRA
[05:00:12] [363/445] SHKR
[05:00:13] [364/445] SBKD
[05:00:13] [365/445] SAAD
[05:00:14] [366/445] JTGN
[05:00:14] [367/445] SLAM
[05:00:15] [368/445] VTPM
[05:00:15] [369/445] ANPT
[05:00:16] [370/445] PUNB
[05:00:17] [371/445] CPKT
[05:00:17] [372/445] CNWE
[05:00:18] [373/445] ECPP
[05:00:19] [374/445] CPAR
[05:00:19] [375/445] ESBW
[05:00:20] [376/445] PKPU
[05:00:20] [377/445] CPRP
[05:00:21] [378/445] RAHU
[05:00:22] [379/445] RHMN
[05:00:22] [380/445] FMJP
[05:00:23] [381/445] CTMP
[05:00:23] [382/445] INPN
[05:00:24] [383/445] STTG
[05:00:25] [384/445] CTRD
[05:00:25] [385/445] PUVB
[05:00:26] [386/445] ESVP
[05:00:26] [387/445] CPFT
[05:00:27] [388/445] LCPC
[05:00:28] [389/445] VBCT
[05:00:28] [390/445] FSCW
[05:00:29] [391/445] VCMP
[05:00:29] [392/445] ASHC
[05:00:30] [393/445] VLCX
[05:00:31] [394/445] SHEV
[05:00:31] [395/445] APCO
[05:00:32] [396/445] SILC
[05:00:32] [397/445] SNMR
[05:00:33] [398/445] KYBO
[05:00:33] [399/445] SATK
[05:00:34] [400/445] SSCS
[05:00:34] [401/445] CLSB
[05:00:35] [402/445] KMJR
[05:00:36] [403/445] FSCK
[05:00:36] [404/445] NNKA
[05:00:37] [405/445] CLMK
[05:00:38] [406/445] DMPZ
[05:00:38] [407/445] INQM
[05:00:39] [408/445] CAML
[05:00:40] [409/445] INRK
[05:00:40] [410/445] IMKN
[05:00:41] [411/445] SVNR
[05:00:41] [412/445] INSL
[05:00:42] [413/445] MSMA
[05:00:42] [414/445] MCKK
[05:00:43] [415/445] FCHP
[05:00:43] [416/445] SFCR
[05:00:44] [417/445] NACK
[05:00:44] [418/445] PVAK
[05:00:45] [419/445] INER
[05:00:46] [420/445] RDBK
[05:00:46] [421/445] SVFN
[05:00:47] [422/445] IFRM
[05:00:47] [423/445] ATCK
[05:00:48] [424/445] ASKO
[05:00:48] [425/445] STKT
[05:00:49] [426/445] SVFB
[05:00:50] [427/445] INKS
[05:00:50] [428/445] PCRA
[05:00:51] [429/445] ATJA
[05:00:51] [430/445] IMJN
[05:00:52] [431/445] INHD
[05:00:52] [432/445] BARA
[05:00:53] [433/445] MCSL
[05:00:53] [434/445] RTOY
[05:00:54] [435/445] MENO
[05:00:55] [436/445] PUDM
[05:00:56] [437/445] PRCN
[05:00:56] [438/445] JMJR
[05:00:56] [439/445] SSGK
[05:00:57] [440/445] SSRL
[05:00:58] [441/445] JYKL
[05:00:58] [442/445] ACNB
[05:00:59] [443/445] SONP
[05:00:59] [444/445] EMCI
[05:01:00] [445/445] MRJH
[05:01:01] 🧹 Deduping shows
[05:01:01] ✅ DONE | Shows=657 | Movies=49
[07:59:17] 🚀 SCRIPT STARTED
[07:59:17] [1/445] TGMR
[07:59:17] 🧠 New identity created
[07:59:18] [2/445] CXKR
[07:59:18] [3/445] SROP
[07:59:19] [4/445] GTSV
[07:59:20] [5/445] SNTY
[07:59:21] [6/445] SMYY
[07:59:22] [7/445] CNCS
[07:59:23] [8/445] CSTM
[07:59:24] [9/445] NUCD
[07:59:25] [10/445] SHCZ
[07:59:25] [11/445] NJCT
[07:59:26] [12/445] COPC
[07:59:27] [13/445] STVV
[07:59:28] [14/445] SKRN
[07:59:29] [15/445] APPZ
[07:59:31] [16/445] YMGN
[07:59:32] [17/445] SVTU
[07:59:32] [18/445] GTAD
[07:59:33] [19/445] PSUS
[07:59:34] [20/445] SMCD
[07:59:35] [21/445] CMCM
[07:59:35] [22/445] SYCT
[07:59:36] [23/445] STLY
[07:59:37] [24/445] CMHU
[07:59:38] [25/445] CMSA
[07:59:39] [26/445] CLCU
[07:59:40] [27/445] PPNT
[07:59:41] [28/445] JTAB
[07:59:41] [29/445] BUUC
[07:59:42] [30/445] BSVK
[07:59:43] [31/445] VVVQ
[07:59:44] [32/445] TKMU
[07:59:45] [33/445] ESYL
[07:59:46] [34/445] ACHP
[07:59:48] [35/445] BTKD
[07:59:49] [36/445] DESA
[07:59:50] [37/445] GBCT
[07:59:51] [38/445] BLLD
[07:59:52] [39/445] SKNT
[07:59:53] [40/445] SSTE
[07:59:54] [41/445] VJMR
[07:59:54] [42/445] NTPU
[07:59:55] [43/445] RDKN
[07:59:56] [44/445] ADGC
[07:59:57] [45/445] VRBP
[07:59:58] [46/445] NMNA
[07:59:59] [47/445] CMMX
[08:00:00] [48/445] PTKO
[08:00:00] [49/445] RBML
[08:00:01] [50/445] SAIC
[08:00:02] [51/445] SVTJ
[08:00:03] [52/445] MRTE
[08:00:04] [53/445] RBTP
[08:00:05] [54/445] NLPS
[08:00:05] [55/445] GTNA
[08:00:06] [56/445] DGGC
[08:00:07] [57/445] SMCR
[08:00:08] [58/445] SCGD
[08:00:09] [59/445] SRRJ
[08:00:09] [60/445] CNRY
[08:00:10] [61/445] KTDI
[08:00:11] [62/445] SNJL
[08:00:12] [63/445] RKMD
[08:00:13] [64/445] SMDC
[08:00:14] [65/445] TADG
[08:00:15] [66/445] MCGS
[08:00:16] [67/445] PETK
[08:00:17] [68/445] CHAG
[08:00:18] [69/445] KSTL
[08:00:19] [70/445] AADS
[08:00:19] [71/445] NTHZ
[08:00:20] [72/445] HCKI
[08:00:21] [73/445] SSEF
[08:00:22] [74/445] MCGX
[08:00:23] [75/445] ERRA
[08:00:24] [76/445] SDTW
[08:00:24] [77/445] RMPK
[08:00:26] [78/445] PTHK
[08:00:27] [79/445] PXCS
[08:00:29] [80/445] SVLU
[08:00:29] [81/445] STAH
[08:00:31] [82/445] JRGF
[08:00:32] [83/445] CDOK
[08:00:33] [84/445] CMSG
[08:00:33] [85/445] APTD
[08:00:34] [86/445] KMPG
[08:00:35] [87/445] MUTJ
[08:00:36] [88/445] VCCI
[08:00:37] [89/445] URBE
[08:00:38] [90/445] TCTS
[08:00:39] [91/445] STSN
[08:00:39] [92/445] AKCH
[08:00:40] [93/445] APSC
[08:00:41] [94/445] VLTB
[08:00:42] [95/445] SANU
[08:00:43] [96/445] AXAM
[08:00:44] [97/445] MGMG
[08:00:45] [98/445] HTBY
[08:00:45] [99/445] MMZS
[08:00:46] [100/445] SUDR
[08:00:47] [101/445] CCAD
[08:00:48] [102/445] SKKC
[08:00:49] [103/445] RMCD
[08:00:49] [104/445] SBCQ
[08:00:50] [105/445] DCCT
[08:00:51] [106/445] VTKP
[08:00:52] [107/445] MLAM
[08:00:53] [108/445] SAVT
[08:00:53] [109/445] GEPL
[08:00:54] [110/445] AMCD
[08:00:55] [111/445] CCXR
[08:00:57] [112/445] GRNG
[08:00:57] [113/445] EBCA
[08:00:58] [114/445] CNVG
[08:00:59] [115/445] MWSS
[08:01:00] [116/445] VBOR
[08:01:01] [117/445] NEEB
[08:01:02] [118/445] SUTH
[08:01:03] [119/445] ANDB
[08:01:04] [120/445] MMXS
[08:01:04] [121/445] CNPD
[08:01:05] [122/445] SDCE
[08:01:06] [123/445] DHCB
[08:01:07] [124/445] ODEN
[08:01:08] [125/445] TNTC
[08:01:09] [126/445] VBKM
[08:01:10] [127/445] RZYM
[08:01:10] [128/445] JEMC
[08:01:11] [129/445] CMAU
[08:01:12] [130/445] SIVP
[08:01:13] [131/445] ATAG
[08:01:14] [132/445] CHTM
[08:01:15] [133/445] AAEE
[08:01:16] [134/445] IWPM
[08:01:16] [135/445] KCMW
[08:01:17] [136/445] MCTD
[08:01:19] [137/445] SPWR
[08:01:20] [138/445] SDPO
[08:01:21] [139/445] PCSK
[08:01:22] [140/445] ACHV
[08:01:23] [141/445] SVLA
[08:01:23] [142/445] PICT
[08:01:24] [143/445] BXDR
[08:01:25] [144/445] SPWA
[08:01:26] [145/445] MCKO
[08:01:27] [146/445] RTHK
[08:01:28] [147/445] CCMF
[08:01:29] [148/445] MRGB
[08:01:30] [149/445] CPLC
[08:01:31] [150/445] RACD
[08:01:32] [151/445] ATKT
[08:01:33] [152/445] SARN
[08:01:33] [153/445] KKUI
[08:01:34] [154/445] RGCM
[08:01:35] [155/445] BRVP
[08:01:37] [156/445] HRSR
[08:01:37] [157/445] GKGM
[08:01:38] [158/445] TTCD
[08:01:39] [159/445] PTTI
[08:01:40] [160/445] MPTT
[08:01:40] [161/445] CVTT
[08:01:41] [162/445] PCXD
[08:01:42] [163/445] GCDC
[08:01:43] [164/445] CCCF
[08:01:44] [165/445] MRAD
[08:01:45] [166/445] CPLK
[08:01:46] [167/445] SATB
[08:01:47] [168/445] SNVG
[08:01:47] [169/445] JMBA
[08:01:48] [170/445] TEJA
[08:01:49] [171/445] STYO
[08:01:50] [172/445] JTBP
[08:01:50] [173/445] KRGD
[08:01:52] [174/445] SLJJ
[08:01:52] [175/445] SPTJ
[08:01:53] [176/445] SWJG
[08:01:55] [177/445] LKRT
[08:01:56] [178/445] KCKA
[08:01:57] [179/445] SNCR
[08:01:58] [180/445] SMKL
[08:01:59] [181/445] GCFA
[08:01:59] [182/445] DDCK
[08:02:00] [183/445] NCHJ
[08:02:01] [184/445] RDMA
[08:02:03] [185/445] SVSV
[08:02:03] [186/445] SCJG
[08:02:04] [187/445] VKLP
[08:02:05] [188/445] NWCC
[08:02:06] [189/445] VKNS
[08:02:07] [190/445] SDDP
[08:02:07] [191/445] ACSI
[08:02:08] [192/445] SATG
[08:02:09] [193/445] SCMW
[08:02:10] [194/445] LKTK
[08:02:10] [195/445] VCKV
[08:02:11] [196/445] KKPE
[08:02:12] [197/445] KIGH
[08:02:13] [198/445] SRPM
[08:02:13] [199/445] SCAH
[08:02:14] [200/445] MUTA
[08:02:15] [201/445] SEPU
[08:02:16] [202/445] INOA
[08:02:17] [203/445] BASK
[08:02:19] [204/445] NECB
[08:02:19] [205/445] GTTG
[08:02:20] [206/445] ASSA
[08:02:21] [207/445] ANCL
[08:02:22] [208/445] GCTI
[08:02:23] [209/445] RCTS
[08:02:24] [210/445] ACNL
[08:02:24] [211/445] MYCT
[08:02:25] [212/445] NMHT
[08:02:26] [213/445] MDIT
[08:02:26] [214/445] LATG
[08:02:27] [215/445] SMTY
[08:02:28] [216/445] CVCT
[08:02:30] [217/445] RAMB
[08:02:31] [218/445] TGMS
[08:02:31] [219/445] BHEL
[08:02:32] [220/445] SHCT
[08:02:33] [221/445] SVCT
[08:02:34] [222/445] MRIY
[08:02:35] [223/445] SARO
[08:02:36] [224/445] STCT
[08:02:37] [225/445] JKKC
[08:02:38] [226/445] PLTT
[08:02:38] [227/445] SRNT
[08:02:39] [228/445] YAST
[08:02:40] [229/445] PERL
[08:02:40] [230/445] CICM
[08:02:41] [231/445] MMTR
[08:02:42] [232/445] ABTK
[08:02:43] [233/445] ATYY
[08:02:44] [234/445] ASTK
[08:02:45] [235/445] VVCK
[08:02:45] [236/445] ATKY
[08:02:46] [237/445] GWEK
[08:02:47] [238/445] SVFH
[08:02:48] [239/445] SLTA
[08:02:49] [240/445] AASH
[08:02:50] [241/445] ACXB
[08:02:50] [242/445] SMTX
[08:02:51] [243/445] AZDH
[08:02:52] [244/445] CMMH
[08:02:53] [245/445] SCSZ
[08:02:54] [246/445] SCKP
[08:02:55] [247/445] NXTM
[08:02:56] [248/445] NWCS
[08:02:56] [249/445] CXMH
[08:02:57] [250/445] PCMA
[08:02:58] [251/445] SGCM
[08:02:59] [252/445] SDTU
[08:03:00] [253/445] MMVI
[08:03:00] [254/445] JKCM
[08:03:01] [255/445] VCMM
[08:03:02] [256/445] SYEE
[08:03:03] [257/445] VASD
[08:03:03] [258/445] BDRB
[08:03:04] [259/445] LASM
[08:03:05] [260/445] DCRL
[08:03:06] [261/445] DVPM
[08:03:07] [262/445] SBMJ
[08:03:07] [263/445] CBMU
[08:03:08] [264/445] IUBS
[08:03:09] [265/445] INAP
[08:03:10] [266/445] SRRC
[08:03:11] [267/445] SAGR
[08:03:12] [268/445] CPMJ
[08:03:13] [269/445] ATJL
[08:03:13] [270/445] NNTD
[08:03:14] [271/445] JHCJ
[08:03:15] [272/445] CMMP
[08:03:15] [273/445] RSDR
[08:03:16] [274/445] AMTI
[08:03:17] [275/445] NYSG
[08:03:18] [276/445] AVSG
[08:03:19] [277/445] SYTP
[08:03:20] [278/445] LARC
[08:03:20] [279/445] RJTP
[08:03:21] [280/445] LAKC
[08:03:22] [281/445] MCXE
[08:03:23] [282/445] CCZC
[08:03:24] [283/445] AVCH
[08:03:25] [284/445] CMBE
[08:03:25] [285/445] MRRC
[08:03:26] [286/445] PCPY
[08:03:27] [287/445] SRMH
[08:03:28] [288/445] SVGS
[08:03:29] [289/445] PCSE
[08:03:30] [290/445] SVFT
[08:03:31] [291/445] TNZP
[08:03:31] [292/445] ICTP
[08:03:32] [293/445] ACTZ
[08:03:33] [294/445] GTUR
[08:03:34] [295/445] MAFC
[08:03:35] [296/445] MINL
[08:03:36] [297/445] MRCL
[08:03:37] [298/445] RCRP
[08:03:37] [299/445] RFFG
[08:03:38] [300/445] RMAS
[08:03:39] [301/445] INVR
[08:03:41] [302/445] RMAR
[08:03:41] [303/445] CNIS
[08:03:42] [304/445] RHRJ
[08:03:43] [305/445] INXR
[08:03:43] [306/445] VALT
[08:03:44] [307/445] LCSH
[08:03:45] [308/445] CMVS
[08:03:46] [309/445] CNMS
[08:03:47] [310/445] ROOG
[08:03:47] [311/445] ISRM
[08:03:48] [312/445] RCRM
[08:03:50] [313/445] ACJA
[08:03:51] [314/445] RCVS
[08:03:51] [315/445] CPUS
[08:03:52] [316/445] TGCS
[08:03:52] [317/445] RKCJ
[08:03:53] [318/445] MKSB
[08:03:54] [319/445] TCSJ
[08:03:55] [320/445] RMGP
[08:03:56] [321/445] CLLP
[08:03:56] [322/445] RCMV
[08:03:57] [323/445] CCKS
[08:03:58] [324/445] RSRP
[08:03:59] [325/445] APLP
[08:04:00] [326/445] CNVS
[08:04:00] [327/445] RMVY
[08:04:01] [328/445] PGBD
[08:04:02] [329/445] KLMS
[08:04:03] [330/445] RUST
[08:04:03] [331/445] MASM
[08:04:04] [332/445] BACS
[08:04:05] [333/445] BWST
[08:04:06] [334/445] RRFH
[08:04:07] [335/445] SJTM
[08:04:08] [336/445] BEMR
[08:04:08] [337/445] MCGR
[08:04:09] [338/445] SDSK
[08:04:10] [339/445] VBOL
[08:04:11] [340/445] RMGM
[08:04:12] [341/445] NOPL
[08:04:13] [342/445] MKJK
[08:04:13] [343/445] CVRN
[08:04:14] [344/445] MMEN
[08:04:15] [345/445] AMNG
[08:04:16] [346/445] INTM
[08:04:17] [347/445] SLCZ
[08:04:17] [348/445] AMJN
[08:04:18] [349/445] ACJN
[08:04:19] [350/445] AMKN
[08:04:20] [351/445] BTCN
[08:04:21] [352/445] AMBT
[08:04:22] [353/445] PACN
[08:04:23] [354/445] LCNS
[08:04:23] [355/445] PPKC
[08:04:24] [356/445] JYYN
[08:04:25] [357/445] JTNR
[08:04:26] [358/445] GTEE
[08:04:26] [359/445] SRNM
[08:04:28] [360/445] SDTC
[08:04:29] [361/445] VPCA
[08:04:29] [362/445] VLRA
[08:04:31] [363/445] SHKR
[08:04:31] [364/445] SBKD
[08:04:32] [365/445] SAAD
[08:04:33] [366/445] JTGN
[08:04:34] [367/445] SLAM
[08:04:34] [368/445] VTPM
[08:04:35] [369/445] ANPT
[08:04:36] [370/445] PUNB
[08:04:37] [371/445] CPKT
[08:04:38] [372/445] CNWE
[08:04:38] [373/445] ECPP
[08:04:39] [374/445] CPAR
[08:04:40] [375/445] ESBW
[08:04:41] [376/445] PKPU
[08:04:42] [377/445] CPRP
[08:04:42] [378/445] RAHU
[08:04:43] [379/445] RHMN
[08:04:44] [380/445] FMJP
[08:04:45] [381/445] CTMP
[08:04:46] [382/445] INPN
[08:04:47] [383/445] STTG
[08:04:48] [384/445] CTRD
[08:04:48] [385/445] PUVB
[08:04:49] [386/445] ESVP
[08:04:50] [387/445] CPFT
[08:04:51] [388/445] LCPC
[08:04:52] [389/445] VBCT
[08:04:52] [390/445] FSCW
[08:04:53] [391/445] VCMP
[08:04:54] [392/445] ASHC
[08:04:55] [393/445] VLCX
[08:04:56] [394/445] SHEV
[08:04:56] [395/445] APCO
[08:04:57] [396/445] SILC
[08:04:58] [397/445] SNMR
[08:04:59] [398/445] KYBO
[08:05:00] [399/445] SATK
[08:05:00] [400/445] SSCS
[08:05:01] [401/445] CLSB
[08:05:02] [402/445] KMJR
[08:05:03] [403/445] FSCK
[08:05:03] [404/445] NNKA
[08:05:05] [405/445] CLMK
[08:05:05] [406/445] DMPZ
[08:05:06] [407/445] INQM
[08:05:07] [408/445] CAML
[08:05:08] [409/445] INRK
[08:05:09] [410/445] IMKN
[08:05:10] [411/445] SVNR
[08:05:10] [412/445] INSL
[08:05:11] [413/445] MSMA
[08:05:12] [414/445] MCKK
[08:05:13] [415/445] FCHP
[08:05:13] [416/445] SFCR
[08:05:14] [417/445] NACK
[08:05:15] [418/445] PVAK
[08:05:16] [419/445] INER
[08:05:17] [420/445] RDBK
[08:05:18] [421/445] SVFN
[08:05:19] [422/445] IFRM
[08:05:20] [423/445] ATCK
[08:05:20] [424/445] ASKO
[08:05:21] [425/445] STKT
[08:05:22] [426/445] SVFB
[08:05:23] [427/445] INKS
[08:05:23] [428/445] PCRA
[08:05:24] [429/445] ATJA
[08:05:25] [430/445] IMJN
[08:05:26] [431/445] INHD
[08:05:26] [432/445] BARA
[08:05:27] [433/445] MCSL
[08:05:28] [434/445] RTOY
[08:05:29] [435/445] MENO
[08:05:30] [436/445] PUDM
[08:05:30] [437/445] PRCN
[08:05:31] [438/445] JMJR
[08:05:32] [439/445] SSGK
[08:05:33] [440/445] SSRL
[08:05:34] [441/445] JYKL
[08:05:35] [442/445] ACNB
[08:05:35] [443/445] SONP
[08:05:36] [444/445] EMCI
[08:05:37] [445/445] MRJH
[08:05:38] 🧹 Deduping shows
[08:05:38] ✅ DONE | Shows=657 | Movies=49
[12:11:18] 🚀 SCRIPT STARTED
[12:11:18] [1/445] TGMR
[12:11:18] 🧠 New identity created
[12:11:19] [2/445] CXKR
[12:11:20] [3/445] SROP
[12:11:21] [4/445] GTSV
[12:11:22] [5/445] SNTY
[12:11:23] [6/445] SMYY
[12:11:24] [7/445] CNCS
[12:11:25] [8/445] CSTM
[12:11:25] [9/445] NUCD
[12:11:27] [10/445] SHCZ
[12:11:28] [11/445] NJCT
[12:11:29] [12/445] COPC
[12:11:30] [13/445] STVV
[12:11:31] [14/445] SKRN
[12:11:32] [15/445] APPZ
[12:11:33] [16/445] YMGN
[12:11:34] [17/445] SVTU
[12:11:35] [18/445] GTAD
[12:11:36] [19/445] PSUS
[12:11:36] [20/445] SMCD
[12:11:38] [21/445] CMCM
[12:11:39] [22/445] SYCT
[12:11:40] [23/445] STLY
[12:11:40] [24/445] CMHU
[12:11:41] [25/445] CMSA
[12:11:42] [26/445] CLCU
[12:11:43] [27/445] PPNT
[12:11:44] [28/445] JTAB
[12:11:45] [29/445] BUUC
[12:11:46] [30/445] BSVK
[12:11:47] [31/445] VVVQ
[12:11:49] [32/445] TKMU
[12:11:50] [33/445] ESYL
[12:11:50] [34/445] ACHP
[12:11:51] [35/445] BTKD
[12:11:52] [36/445] DESA
[12:11:52] [37/445] GBCT
[12:11:53] [38/445] BLLD
[12:11:54] [39/445] SKNT
[12:11:55] [40/445] SSTE
[12:11:56] [41/445] VJMR
[12:11:56] [42/445] NTPU
[12:11:57] [43/445] RDKN
[12:11:58] [44/445] ADGC
[12:11:59] [45/445] VRBP
[12:12:00] [46/445] NMNA
[12:12:01] [47/445] CMMX
[12:12:02] [48/445] PTKO
[12:12:03] [49/445] RBML
[12:12:03] [50/445] SAIC
[12:12:04] [51/445] SVTJ
[12:12:05] [52/445] MRTE
[12:12:06] [53/445] RBTP
[12:12:07] [54/445] NLPS
[12:12:08] [55/445] GTNA
[12:12:09] [56/445] DGGC
[12:12:10] [57/445] SMCR
[12:12:10] [58/445] SCGD
[12:12:11] [59/445] SRRJ
[12:12:13] [60/445] CNRY
[12:12:15] [61/445] KTDI
[12:12:15] [62/445] SNJL
[12:12:16] [63/445] RKMD
[12:12:17] [64/445] SMDC
[12:12:18] [65/445] TADG
[12:12:19] [66/445] MCGS
[12:12:20] [67/445] PETK
[12:12:21] [68/445] CHAG
[12:12:22] [69/445] KSTL
[12:12:22] [70/445] AADS
[12:12:24] [71/445] NTHZ
[12:12:25] [72/445] HCKI
[12:12:25] [73/445] SSEF
[12:12:26] [74/445] MCGX
[12:12:27] [75/445] ERRA
[12:12:28] [76/445] SDTW
[12:12:29] [77/445] RMPK
[12:12:29] [78/445] PTHK
[12:12:30] [79/445] PXCS
[12:12:31] [80/445] SVLU
[12:12:32] [81/445] STAH
[12:12:33] [82/445] JRGF
[12:12:34] [83/445] CDOK
[12:12:35] [84/445] CMSG
[12:12:35] [85/445] APTD
[12:12:36] [86/445] KMPG
[12:12:37] [87/445] MUTJ
[12:12:38] [88/445] VCCI
[12:12:39] [89/445] URBE
[12:12:39] [90/445] TCTS
[12:12:40] [91/445] STSN
[12:12:41] [92/445] AKCH
[12:12:42] [93/445] APSC
[12:12:43] [94/445] VLTB
[12:12:44] [95/445] SANU
[12:12:45] [96/445] AXAM
[12:12:46] [97/445] MGMG
[12:12:46] [98/445] HTBY
[12:12:47] [99/445] MMZS
[12:12:48] [100/445] SUDR
[12:12:49] [101/445] CCAD
[12:12:50] [102/445] SKKC
[12:12:51] [103/445] RMCD
[12:12:52] [104/445] SBCQ
[12:12:53] [105/445] DCCT
[12:12:53] [106/445] VTKP
[12:12:54] [107/445] MLAM
[12:12:55] [108/445] SAVT
[12:12:56] [109/445] GEPL
[12:12:56] [110/445] AMCD
[12:12:57] [111/445] CCXR
[12:12:58] [112/445] GRNG
[12:12:59] [113/445] EBCA
[12:13:00] [114/445] CNVG
[12:13:00] [115/445] MWSS
[12:13:01] [116/445] VBOR
[12:13:02] [117/445] NEEB
[12:13:03] [118/445] SUTH
[12:13:04] [119/445] ANDB
[12:13:05] [120/445] MMXS
[12:13:07] [121/445] CNPD
[12:13:07] [122/445] SDCE
[12:13:08] [123/445] DHCB
[12:13:09] [124/445] ODEN
[12:13:10] [125/445] TNTC
[12:13:11] [126/445] VBKM
[12:13:12] [127/445] RZYM
[12:13:13] [128/445] JEMC
[12:13:14] [129/445] CMAU
[12:13:15] [130/445] SIVP
[12:13:16] [131/445] ATAG
[12:13:17] [132/445] CHTM
[12:13:18] [133/445] AAEE
[12:13:19] [134/445] IWPM
[12:13:20] [135/445] KCMW
[12:13:21] [136/445] MCTD
[12:13:22] [137/445] SPWR
[12:13:22] [138/445] SDPO
[12:13:23] [139/445] PCSK
[12:13:24] [140/445] ACHV
[12:13:25] [141/445] SVLA
[12:13:25] [142/445] PICT
[12:13:26] [143/445] BXDR
[12:13:27] [144/445] SPWA
[12:13:28] [145/445] MCKO
[12:13:28] [146/445] RTHK
[12:13:29] [147/445] CCMF
[12:13:30] [148/445] MRGB
[12:13:31] [149/445] CPLC
[12:13:32] [150/445] RACD
[12:13:32] [151/445] ATKT
[12:13:33] [152/445] SARN
[12:13:35] [153/445] KKUI
[12:13:36] [154/445] RGCM
[12:13:37] [155/445] BRVP
[12:13:37] [156/445] HRSR
[12:13:38] [157/445] GKGM
[12:13:40] [158/445] TTCD
[12:13:41] [159/445] PTTI
[12:13:41] [160/445] MPTT
[12:13:42] [161/445] CVTT
[12:13:43] [162/445] PCXD
[12:13:44] [163/445] GCDC
[12:13:45] [164/445] CCCF
[12:13:46] [165/445] MRAD
[12:13:46] [166/445] CPLK
[12:13:47] [167/445] SATB
[12:13:48] [168/445] SNVG
[12:13:49] [169/445] JMBA
[12:13:49] [170/445] TEJA
[12:13:50] [171/445] STYO
[12:13:51] [172/445] JTBP
[12:13:52] [173/445] KRGD
[12:13:53] [174/445] SLJJ
[12:13:55] [175/445] SPTJ
[12:13:55] [176/445] SWJG
[12:13:57] [177/445] LKRT
[12:13:58] [178/445] KCKA
[12:13:58] [179/445] SNCR
[12:14:00] [180/445] SMKL
[12:14:01] [181/445] GCFA
[12:14:02] [182/445] DDCK
[12:14:03] [183/445] NCHJ
[12:14:03] [184/445] RDMA
[12:14:04] [185/445] SVSV
[12:14:05] [186/445] SCJG
[12:14:06] [187/445] VKLP
[12:14:07] [188/445] NWCC
[12:14:08] [189/445] VKNS
[12:14:08] [190/445] SDDP
[12:14:09] [191/445] ACSI
[12:14:10] [192/445] SATG
[12:14:11] [193/445] SCMW
[12:14:12] [194/445] LKTK
[12:14:13] [195/445] VCKV
[12:14:14] [196/445] KKPE
[12:14:14] [197/445] KIGH
[12:14:15] [198/445] SRPM
[12:14:16] [199/445] SCAH
[12:14:18] [200/445] MUTA
[12:14:18] [201/445] SEPU
[12:14:19] [202/445] INOA
[12:14:20] [203/445] BASK
[12:14:21] [204/445] NECB
[12:14:22] [205/445] GTTG
[12:14:22] [206/445] ASSA
[12:14:23] [207/445] ANCL
[12:14:24] [208/445] GCTI
[12:14:25] [209/445] RCTS
[12:14:26] [210/445] ACNL
[12:14:27] [211/445] MYCT
[12:14:27] [212/445] NMHT
[12:14:28] [213/445] MDIT
[12:14:29] [214/445] LATG
[12:14:31] [215/445] SMTY
[12:14:32] [216/445] CVCT
[12:14:33] [217/445] RAMB
[12:14:34] [218/445] TGMS
[12:14:35] [219/445] BHEL
[12:14:35] [220/445] SHCT
[12:14:36] [221/445] SVCT
[12:14:37] [222/445] MRIY
[12:14:38] [223/445] SARO
[12:14:38] [224/445] STCT
[12:14:39] [225/445] JKKC
[12:14:40] [226/445] PLTT
[12:14:41] [227/445] SRNT
[12:14:42] [228/445] YAST
[12:14:42] [229/445] PERL
[12:14:43] [230/445] CICM
[12:14:44] [231/445] MMTR
[12:14:45] [232/445] ABTK
[12:14:46] [233/445] ATYY
[12:14:46] [234/445] ASTK
[12:14:47] [235/445] VVCK
[12:14:48] [236/445] ATKY
[12:14:49] [237/445] GWEK
[12:14:50] [238/445] SVFH
[12:14:51] [239/445] SLTA
[12:14:52] [240/445] AASH
[12:14:53] [241/445] ACXB
[12:14:54] [242/445] SMTX
[12:14:55] [243/445] AZDH
[12:14:56] [244/445] CMMH
[12:14:57] [245/445] SCSZ
[12:14:58] [246/445] SCKP
[12:14:58] [247/445] NXTM
[12:14:59] [248/445] NWCS
[12:15:00] [249/445] CXMH
[12:15:01] [250/445] PCMA
[12:15:02] [251/445] SGCM
[12:15:02] [252/445] SDTU
[12:15:03] [253/445] MMVI
[12:15:04] [254/445] JKCM
[12:15:05] [255/445] VCMM
[12:15:06] [256/445] SYEE
[12:15:06] [257/445] VASD
[12:15:07] [258/445] BDRB
[12:15:08] [259/445] LASM
[12:15:09] [260/445] DCRL
[12:15:09] [261/445] DVPM
[12:15:10] [262/445] SBMJ
[12:15:11] [263/445] CBMU
[12:15:12] [264/445] IUBS
[12:15:13] [265/445] INAP
[12:15:14] [266/445] SRRC
[12:15:15] [267/445] SAGR
[12:15:15] [268/445] CPMJ
[12:15:16] [269/445] ATJL
[12:15:17] [270/445] NNTD
[12:15:18] [271/445] JHCJ
[12:15:19] [272/445] CMMP
[12:15:20] [273/445] RSDR
[12:15:20] [274/445] AMTI
[12:15:21] [275/445] NYSG
[12:15:22] [276/445] AVSG
[12:15:23] [277/445] SYTP
[12:15:24] [278/445] LARC
[12:15:25] [279/445] RJTP
[12:15:25] [280/445] LAKC
[12:15:27] [281/445] MCXE
[12:15:28] [282/445] CCZC
[12:15:29] [283/445] AVCH
[12:15:29] [284/445] CMBE
[12:15:30] [285/445] MRRC
[12:15:31] [286/445] PCPY
[12:15:32] [287/445] SRMH
[12:15:33] [288/445] SVGS
[12:15:34] [289/445] PCSE
[12:15:35] [290/445] SVFT
[12:15:35] [291/445] TNZP
[12:15:36] [292/445] ICTP
[12:15:37] [293/445] ACTZ
[12:15:38] [294/445] GTUR
[12:15:38] [295/445] MAFC
[12:15:40] [296/445] MINL
[12:15:41] [297/445] MRCL
[12:15:42] [298/445] RCRP
[12:15:42] [299/445] RFFG
[12:15:43] [300/445] RMAS
[12:15:44] [301/445] INVR
[12:15:45] [302/445] RMAR
[12:15:46] [303/445] CNIS
[12:15:47] [304/445] RHRJ
[12:15:49] [305/445] INXR
[12:15:50] [306/445] VALT
[12:15:51] [307/445] LCSH
[12:15:51] [308/445] CMVS
[12:15:52] [309/445] CNMS
[12:15:53] [310/445] ROOG
[12:15:54] [311/445] ISRM
[12:15:55] [312/445] RCRM
[12:15:56] [313/445] ACJA
[12:15:56] [314/445] RCVS
[12:15:57] [315/445] CPUS
[12:15:58] [316/445] TGCS
[12:15:59] [317/445] RKCJ
[12:16:00] [318/445] MKSB
[12:16:01] [319/445] TCSJ
[12:16:02] [320/445] RMGP
[12:16:02] [321/445] CLLP
[12:16:04] [322/445] RCMV
[12:16:05] [323/445] CCKS
[12:16:06] [324/445] RSRP
[12:16:07] [325/445] APLP
[12:16:08] [326/445] CNVS
[12:16:08] [327/445] RMVY
[12:16:09] [328/445] PGBD
[12:16:10] [329/445] KLMS
[12:16:11] [330/445] RUST
[12:16:12] [331/445] MASM
[12:16:13] [332/445] BACS
[12:16:14] [333/445] BWST
[12:16:15] [334/445] RRFH
[12:16:16] [335/445] SJTM
[12:16:17] [336/445] BEMR
[12:16:18] [337/445] MCGR
[12:16:19] [338/445] SDSK
[12:16:19] [339/445] VBOL
[12:16:20] [340/445] RMGM
[12:16:21] [341/445] NOPL
[12:16:22] [342/445] MKJK
[12:16:22] [343/445] CVRN
[12:16:23] [344/445] MMEN
[12:16:25] [345/445] AMNG
[12:16:25] [346/445] INTM
[12:16:26] [347/445] SLCZ
[12:16:27] [348/445] AMJN
[12:16:28] [349/445] ACJN
[12:16:29] [350/445] AMKN
[12:16:30] [351/445] BTCN
[12:16:31] [352/445] AMBT
[12:16:32] [353/445] PACN
[12:16:33] [354/445] LCNS
[12:16:34] [355/445] PPKC
[12:16:35] [356/445] JYYN
[12:16:36] [357/445] JTNR
[12:16:37] [358/445] GTEE
[12:16:37] [359/445] SRNM
[12:16:39] [360/445] SDTC
[12:16:40] [361/445] VPCA
[12:16:40] [362/445] VLRA
[12:16:42] [363/445] SHKR
[12:16:43] [364/445] SBKD
[12:16:44] [365/445] SAAD
[12:16:44] [366/445] JTGN
[12:16:45] [367/445] SLAM
[12:16:46] [368/445] VTPM
[12:16:47] [369/445] ANPT
[12:16:48] [370/445] PUNB
[12:16:49] [371/445] CPKT
[12:16:50] [372/445] CNWE
[12:16:51] [373/445] ECPP
[12:16:52] [374/445] CPAR
[12:16:52] [375/445] ESBW
[12:16:53] [376/445] PKPU
[12:16:54] [377/445] CPRP
[12:16:55] [378/445] RAHU
[12:16:56] [379/445] RHMN
[12:16:57] [380/445] FMJP
[12:16:58] [381/445] CTMP
[12:16:59] [382/445] INPN
[12:17:00] [383/445] STTG
[12:17:01] [384/445] CTRD
[12:17:02] [385/445] PUVB
[12:17:03] [386/445] ESVP
[12:17:04] [387/445] CPFT
[12:17:04] [388/445] LCPC
[12:17:05] [389/445] VBCT
[12:17:06] [390/445] FSCW
[12:17:07] [391/445] VCMP
[12:17:07] [392/445] ASHC
[12:17:08] [393/445] VLCX
[12:17:09] [394/445] SHEV
[12:17:10] [395/445] APCO
[12:17:10] [396/445] SILC
[12:17:11] [397/445] SNMR
[12:17:12] [398/445] KYBO
[12:17:13] [399/445] SATK
[12:17:14] [400/445] SSCS
[12:17:15] [401/445] CLSB
[12:17:15] [402/445] KMJR
[12:17:16] [403/445] FSCK
[12:17:17] [404/445] NNKA
[12:17:18] [405/445] CLMK
[12:17:19] [406/445] DMPZ
[12:17:20] [407/445] INQM
[12:17:21] [408/445] CAML
[12:17:21] [409/445] INRK
[12:17:22] [410/445] IMKN
[12:17:23] [411/445] SVNR
[12:17:24] [412/445] INSL
[12:17:25] [413/445] MSMA
[12:17:26] [414/445] MCKK
[12:17:27] [415/445] FCHP
[12:17:28] [416/445] SFCR
[12:17:29] [417/445] NACK
[12:17:30] [418/445] PVAK
[12:17:31] [419/445] INER
[12:17:32] [420/445] RDBK
[12:17:33] [421/445] SVFN
[12:17:34] [422/445] IFRM
[12:17:35] [423/445] ATCK
[12:17:36] [424/445] ASKO
[12:17:37] [425/445] STKT
[12:17:38] [426/445] SVFB
[12:17:39] [427/445] INKS
[12:17:40] [428/445] PCRA
[12:17:41] [429/445] ATJA
[12:17:43] [430/445] IMJN
[12:17:43] [431/445] INHD
[12:17:44] [432/445] BARA
[12:17:45] [433/445] MCSL
[12:17:46] [434/445] RTOY
[12:17:47] [435/445] MENO
[12:17:48] [436/445] PUDM
[12:17:48] [437/445] PRCN
[12:17:49] [438/445] JMJR
[12:17:50] [439/445] SSGK
[12:17:51] [440/445] SSRL
[12:17:52] [441/445] JYKL
[12:17:53] [442/445] ACNB
[12:17:53] [443/445] SONP
[12:17:54] [444/445] EMCI
[12:17:55] [445/445] MRJH
[12:17:56] 🧹 Deduping shows
[12:17:56] ✅ DONE | Shows=684 | Movies=50
[19:07:49] 🚀 SCRIPT STARTED
[19:07:49] [1/445] TGMR
[19:07:49] 🧠 New identity created
[19:07:50] [2/445] CXKR
[19:07:51] [3/445] SROP
[19:07:52] [4/445] GTSV
[19:07:53] [5/445] SNTY
[19:07:53] [6/445] SMYY
[19:07:54] [7/445] CNCS
[19:07:56] [8/445] CSTM
[19:07:57] [9/445] NUCD
[19:07:58] [10/445] SHCZ
[19:07:59] [11/445] NJCT
[19:08:00] [12/445] COPC
[19:08:01] [13/445] STVV
[19:08:02] [14/445] SKRN
[19:08:02] [15/445] APPZ
[19:08:03] [16/445] YMGN
[19:08:05] [17/445] SVTU
[19:08:06] [18/445] GTAD
[19:08:06] [19/445] PSUS
[19:08:07] [20/445] SMCD
[19:08:08] [21/445] CMCM
[19:08:09] [22/445] SYCT
[19:08:09] [23/445] STLY
[19:08:10] [24/445] CMHU
[19:08:11] [25/445] CMSA
[19:08:12] [26/445] CLCU
[19:08:13] [27/445] PPNT
[19:08:14] [28/445] JTAB
[19:08:15] [29/445] BUUC
[19:08:16] [30/445] BSVK
[19:08:16] [31/445] VVVQ
[19:08:17] [32/445] TKMU
[19:08:18] [33/445] ESYL
[19:08:19] [34/445] ACHP
[19:08:20] [35/445] BTKD
[19:08:20] [36/445] DESA
[19:08:22] [37/445] GBCT
[19:08:23] [38/445] BLLD
[19:08:23] [39/445] SKNT
[19:08:24] [40/445] SSTE
[19:08:25] [41/445] VJMR
[19:08:26] [42/445] NTPU
[19:08:27] [43/445] RDKN
[19:08:28] [44/445] ADGC
[19:08:29] [45/445] VRBP
[19:08:30] [46/445] NMNA
[19:08:30] [47/445] CMMX
[19:08:31] [48/445] PTKO
[19:08:32] [49/445] RBML
[19:08:33] [50/445] SAIC
[19:08:33] [51/445] SVTJ
[19:08:34] [52/445] MRTE
[19:08:35] [53/445] RBTP
[19:08:36] [54/445] NLPS
[19:08:37] [55/445] GTNA
[19:08:37] [56/445] DGGC
[19:08:38] [57/445] SMCR
[19:08:39] [58/445] SCGD
[19:08:39] [59/445] SRRJ
[19:08:40] [60/445] CNRY
[19:08:41] [61/445] KTDI
[19:08:42] [62/445] SNJL
[19:08:43] [63/445] RKMD
[19:08:44] [64/445] SMDC
[19:08:44] [65/445] TADG
[19:08:45] [66/445] MCGS
[19:08:46] [67/445] PETK
[19:08:48] [68/445] CHAG
[19:08:48] [69/445] KSTL
[19:08:49] [70/445] AADS
[19:08:50] [71/445] NTHZ
[19:08:52] [72/445] HCKI
[19:08:53] [73/445] SSEF
[19:08:53] [74/445] MCGX
[19:08:54] [75/445] ERRA
[19:08:55] [76/445] SDTW
[19:08:56] [77/445] RMPK
[19:08:57] [78/445] PTHK
[19:08:58] [79/445] PXCS
[19:08:59] [80/445] SVLU
[19:08:59] [81/445] STAH
[19:09:01] [82/445] JRGF
[19:09:02] [83/445] CDOK
[19:09:03] [84/445] CMSG
[19:09:04] [85/445] APTD
[19:09:04] [86/445] KMPG
[19:09:05] [87/445] MUTJ
[19:09:07] [88/445] VCCI
[19:09:08] [89/445] URBE
[19:09:09] [90/445] TCTS
[19:09:10] [91/445] STSN
[19:09:11] [92/445] AKCH
[19:09:12] [93/445] APSC
[19:09:13] [94/445] VLTB
[19:09:14] [95/445] SANU
[19:09:15] [96/445] AXAM
[19:09:15] [97/445] MGMG
[19:09:16] [98/445] HTBY
[19:09:17] [99/445] MMZS
[19:09:18] [100/445] SUDR
[19:09:19] [101/445] CCAD
[19:09:20] [102/445] SKKC
[19:09:21] [103/445] RMCD
[19:09:22] [104/445] SBCQ
[19:09:22] [105/445] DCCT
[19:09:23] [106/445] VTKP
[19:09:24] [107/445] MLAM
[19:09:25] [108/445] SAVT
[19:09:27] [109/445] GEPL
[19:09:28] [110/445] AMCD
[19:09:29] [111/445] CCXR
[19:09:30] [112/445] GRNG
[19:09:30] [113/445] EBCA
[19:09:31] [114/445] CNVG
[19:09:32] [115/445] MWSS
[19:09:33] [116/445] VBOR
[19:09:34] [117/445] NEEB
[19:09:36] [118/445] SUTH
[19:09:36] [119/445] ANDB
[19:09:37] [120/445] MMXS
[19:09:38] [121/445] CNPD
[19:09:39] [122/445] SDCE
[19:09:39] [123/445] DHCB
[19:09:40] [124/445] ODEN
[19:09:41] [125/445] TNTC
[19:09:42] [126/445] VBKM
[19:09:43] [127/445] RZYM
[19:09:44] [128/445] JEMC
[19:09:44] [129/445] CMAU
[19:09:45] [130/445] SIVP
[19:09:46] [131/445] ATAG
[19:09:47] [132/445] CHTM
[19:09:48] [133/445] AAEE
[19:09:49] [134/445] IWPM
[19:09:50] [135/445] KCMW
[19:09:51] [136/445] MCTD
[19:09:52] [137/445] SPWR
[19:09:52] [138/445] SDPO
[19:09:53] [139/445] PCSK
[19:09:54] [140/445] ACHV
[19:09:55] [141/445] SVLA
[19:09:56] [142/445] PICT
[19:09:57] [143/445] BXDR
[19:09:58] [144/445] SPWA
[19:09:59] [145/445] MCKO
[19:10:00] [146/445] RTHK
[19:10:00] [147/445] CCMF
[19:10:01] [148/445] MRGB
[19:10:02] [149/445] CPLC
[19:10:03] [150/445] RACD
[19:10:04] [151/445] ATKT
[19:10:05] [152/445] SARN
[19:10:05] [153/445] KKUI
[19:10:06] [154/445] RGCM
[19:10:07] [155/445] BRVP
[19:10:08] [156/445] HRSR
[19:10:09] [157/445] GKGM
[19:10:10] [158/445] TTCD
[19:10:10] [159/445] PTTI
[19:10:11] [160/445] MPTT
[19:10:12] [161/445] CVTT
[19:10:13] [162/445] PCXD
[19:10:15] [163/445] GCDC
[19:10:15] [164/445] CCCF
[19:10:16] [165/445] MRAD
[19:10:17] [166/445] CPLK
[19:10:18] [167/445] SATB
[19:10:19] [168/445] SNVG
[19:10:20] [169/445] JMBA
[19:10:21] [170/445] TEJA
[19:10:22] [171/445] STYO
[19:10:23] [172/445] JTBP
[19:10:24] [173/445] KRGD
[19:10:25] [174/445] SLJJ
[19:10:26] [175/445] SPTJ
[19:10:27] [176/445] SWJG
[19:10:28] [177/445] LKRT
[19:10:30] [178/445] KCKA
[19:10:32] [179/445] SNCR
[19:10:32] [180/445] SMKL
[19:10:33] [181/445] GCFA
[19:10:34] [182/445] DDCK
[19:10:35] [183/445] NCHJ
[19:10:37] [184/445] RDMA
[19:10:38] [185/445] SVSV
[19:10:38] [186/445] SCJG
[19:10:39] [187/445] VKLP
[19:10:40] [188/445] NWCC
[19:10:41] [189/445] VKNS
[19:10:42] [190/445] SDDP
[19:10:42] [191/445] ACSI
[19:10:43] [192/445] SATG
[19:10:44] [193/445] SCMW
[19:10:45] [194/445] LKTK
[19:10:46] [195/445] VCKV
[19:10:47] [196/445] KKPE
[19:10:47] [197/445] KIGH
[19:10:48] [198/445] SRPM
[19:10:49] [199/445] SCAH
[19:10:50] [200/445] MUTA
[19:10:51] [201/445] SEPU
[19:10:51] [202/445] INOA
[19:10:52] [203/445] BASK
[19:10:54] [204/445] NECB
[19:10:56] [205/445] GTTG
[19:10:56] [206/445] ASSA
[19:10:57] [207/445] ANCL
[19:10:58] [208/445] GCTI
[19:10:59] [209/445] RCTS
[19:10:59] [210/445] ACNL
[19:11:01] [211/445] MYCT
[19:11:02] [212/445] NMHT
[19:11:03] [213/445] MDIT
[19:11:04] [214/445] LATG
[19:11:05] [215/445] SMTY
[19:11:06] [216/445] CVCT
[19:11:06] [217/445] RAMB
[19:11:07] [218/445] TGMS
[19:11:08] [219/445] BHEL
[19:11:09] [220/445] SHCT
[19:11:10] [221/445] SVCT
[19:11:11] [222/445] MRIY
[19:11:12] [223/445] SARO
[19:11:13] [224/445] STCT
[19:11:14] [225/445] JKKC
[19:11:15] [226/445] PLTT
[19:11:16] [227/445] SRNT
[19:11:17] [228/445] YAST
[19:11:17] [229/445] PERL
[19:11:18] [230/445] CICM
[19:11:19] [231/445] MMTR
[19:11:20] [232/445] ABTK
[19:11:21] [233/445] ATYY
[19:11:23] [234/445] ASTK
[19:11:24] [235/445] VVCK
[19:11:25] [236/445] ATKY
[19:11:27] [237/445] GWEK
[19:11:27] [238/445] SVFH
[19:11:28] [239/445] SLTA
[19:11:29] [240/445] AASH
[19:11:30] [241/445] ACXB
[19:11:31] [242/445] SMTX
[19:11:31] [243/445] AZDH
[19:11:32] [244/445] CMMH
[19:11:34] [245/445] SCSZ
[19:11:34] [246/445] SCKP
[19:11:35] [247/445] NXTM
[19:11:36] [248/445] NWCS
[19:11:37] [249/445] CXMH
[19:11:38] [250/445] PCMA
[19:11:39] [251/445] SGCM
[19:11:41] [252/445] SDTU
[19:11:42] [253/445] MMVI
[19:11:42] [254/445] JKCM
[19:11:43] [255/445] VCMM
[19:11:44] [256/445] SYEE
[19:11:45] [257/445] VASD
[19:11:46] [258/445] BDRB
[19:11:47] [259/445] LASM
[19:11:48] [260/445] DCRL
[19:11:49] [261/445] DVPM
[19:11:50] [262/445] SBMJ
[19:11:51] [263/445] CBMU
[19:11:52] [264/445] IUBS
[19:11:53] [265/445] INAP
[19:11:54] [266/445] SRRC
[19:11:55] [267/445] SAGR
[19:11:55] [268/445] CPMJ
[19:11:56] [269/445] ATJL
[19:11:57] [270/445] NNTD
[19:11:58] [271/445] JHCJ
[19:11:59] [272/445] CMMP
[19:11:59] [273/445] RSDR
[19:12:00] [274/445] AMTI
[19:12:01] [275/445] NYSG
[19:12:02] [276/445] AVSG
[19:12:02] [277/445] SYTP
[19:12:03] [278/445] LARC
[19:12:04] [279/445] RJTP
[19:12:05] [280/445] LAKC
[19:12:06] [281/445] MCXE
[19:12:07] [282/445] CCZC
[19:12:08] [283/445] AVCH
[19:12:09] [284/445] CMBE
[19:12:10] [285/445] MRRC
[19:12:11] [286/445] PCPY
[19:12:12] [287/445] SRMH
[19:12:13] [288/445] SVGS
[19:12:15] [289/445] PCSE
[19:12:15] [290/445] SVFT
[19:12:16] [291/445] TNZP
[19:12:17] [292/445] ICTP
[19:12:18] [293/445] ACTZ
[19:12:18] [294/445] GTUR
[19:12:19] [295/445] MAFC
[19:12:20] [296/445] MINL
[19:12:21] [297/445] MRCL
[19:12:22] [298/445] RCRP
[19:12:24] [299/445] RFFG
[19:12:24] [300/445] RMAS
[19:12:25] [301/445] INVR
[19:12:26] [302/445] RMAR
[19:12:27] [303/445] CNIS
[19:12:28] [304/445] RHRJ
[19:12:29] [305/445] INXR
[19:12:30] [306/445] VALT
[19:12:31] [307/445] LCSH
[19:12:32] [308/445] CMVS
[19:12:33] [309/445] CNMS
[19:12:34] [310/445] ROOG
[19:12:34] [311/445] ISRM
[19:12:35] [312/445] RCRM
[19:12:36] [313/445] ACJA
[19:12:37] [314/445] RCVS
[19:12:38] [315/445] CPUS
[19:12:38] [316/445] TGCS
[19:12:39] [317/445] RKCJ
[19:12:40] [318/445] MKSB
[19:12:41] [319/445] TCSJ
[19:12:42] [320/445] RMGP
[19:12:44] [321/445] CLLP
[19:12:44] [322/445] RCMV
[19:12:45] [323/445] CCKS
[19:12:46] [324/445] RSRP
[19:12:47] [325/445] APLP
[19:12:48] [326/445] CNVS
[19:12:49] [327/445] RMVY
[19:12:50] [328/445] PGBD
[19:12:50] [329/445] KLMS
[19:12:51] [330/445] RUST
[19:12:53] [331/445] MASM
[19:12:54] [332/445] BACS
[19:12:56] [333/445] BWST
[19:12:56] [334/445] RRFH
[19:12:57] [335/445] SJTM
[19:12:58] [336/445] BEMR
[19:12:59] [337/445] MCGR
[19:13:00] [338/445] SDSK
[19:13:01] [339/445] VBOL
[19:13:02] [340/445] RMGM
[19:13:03] [341/445] NOPL
[19:13:05] [342/445] MKJK
[19:13:06] [343/445] CVRN
[19:13:07] [344/445] MMEN
[19:13:08] [345/445] AMNG
[19:13:08] [346/445] INTM
[19:13:10] [347/445] SLCZ
[19:13:11] [348/445] AMJN
[19:13:11] [349/445] ACJN
[19:13:12] [350/445] AMKN
[19:13:14] [351/445] BTCN
[19:13:15] [352/445] AMBT
[19:13:15] [353/445] PACN
[19:13:16] [354/445] LCNS
[19:13:17] [355/445] PPKC
[19:13:19] [356/445] JYYN
[19:13:20] [357/445] JTNR
[19:13:20] [358/445] GTEE
[19:13:21] [359/445] SRNM
[19:13:22] [360/445] SDTC
[19:13:23] [361/445] VPCA
[19:13:24] [362/445] VLRA
[19:13:24] [363/445] SHKR
[19:13:25] [364/445] SBKD
[19:13:26] [365/445] SAAD
[19:13:27] [366/445] JTGN
[19:13:28] [367/445] SLAM
[19:13:30] [368/445] VTPM
[19:13:31] [369/445] ANPT
[19:13:32] [370/445] PUNB
[19:13:32] [371/445] CPKT
[19:13:33] [372/445] CNWE
[19:13:34] [373/445] ECPP
[19:13:35] [374/445] CPAR
[19:13:35] [375/445] ESBW
[19:13:37] [376/445] PKPU
[19:13:38] [377/445] CPRP
[19:13:39] [378/445] RAHU
[19:13:40] [379/445] RHMN
[19:13:41] [380/445] FMJP
[19:13:42] [381/445] CTMP
[19:13:42] [382/445] INPN
[19:13:44] [383/445] STTG
[19:13:45] [384/445] CTRD
[19:13:46] [385/445] PUVB
[19:13:46] [386/445] ESVP
[19:13:47] [387/445] CPFT
[19:13:48] [388/445] LCPC
[19:13:49] [389/445] VBCT
[19:13:50] [390/445] FSCW
[19:13:51] [391/445] VCMP
[19:13:52] [392/445] ASHC
[19:13:53] [393/445] VLCX
[19:13:54] [394/445] SHEV
[19:13:55] [395/445] APCO
[19:13:55] [396/445] SILC
[19:13:56] [397/445] SNMR
[19:13:57] [398/445] KYBO
[19:13:58] [399/445] SATK
[19:13:59] [400/445] SSCS
[19:14:00] [401/445] CLSB
[19:14:01] [402/445] KMJR
[19:14:02] [403/445] FSCK
[19:14:03] [404/445] NNKA
[19:14:04] [405/445] CLMK
[19:14:05] [406/445] DMPZ
[19:14:05] [407/445] INQM
[19:14:06] [408/445] CAML
[19:14:07] [409/445] INRK
[19:14:08] [410/445] IMKN
[19:14:09] [411/445] SVNR
[19:14:11] [412/445] INSL
[19:14:11] [413/445] MSMA
[19:14:12] [414/445] MCKK
[19:14:13] [415/445] FCHP
[19:14:14] [416/445] SFCR
[19:14:15] [417/445] NACK
[19:14:15] [418/445] PVAK
[19:14:16] [419/445] INER
[19:14:17] [420/445] RDBK
[19:14:18] [421/445] SVFN
[19:14:19] [422/445] IFRM
[19:14:20] [423/445] ATCK
[19:14:21] [424/445] ASKO
[19:14:22] [425/445] STKT
[19:14:23] [426/445] SVFB
[19:14:24] [427/445] INKS
[19:14:25] [428/445] PCRA
[19:14:25] [429/445] ATJA
[19:14:26] [430/445] IMJN
[19:14:27] [431/445] INHD
[19:14:28] [432/445] BARA
[19:14:29] [433/445] MCSL
[19:14:30] [434/445] RTOY
[19:14:31] [435/445] MENO
[19:14:33] [436/445] PUDM
[19:14:33] [437/445] PRCN
[19:14:34] [438/445] JMJR
[19:14:36] [439/445] SSGK
[19:14:37] [440/445] SSRL
[19:14:38] [441/445] JYKL
[19:14:39] [442/445] ACNB
[19:14:39] [443/445] SONP
[19:14:40] [444/445] EMCI
[19:14:41] [445/445] MRJH
[19:14:42] 🧹 Deduping shows
[19:14:42] ✅ DONE | Shows=761 | Movies=50
[22:04:10] 🚀 SCRIPT STARTED
[22:04:10] [1/445] TGMR
[22:04:10] 🧠 New identity created
[22:04:12] [2/445] CXKR
[22:04:14] [3/445] SROP
[22:04:15] [4/445] GTSV
[22:04:16] [5/445] SNTY
[22:04:17] [6/445] SMYY
[22:04:18] [7/445] CNCS
[22:04:19] [8/445] CSTM
[22:04:19] [9/445] NUCD
[22:04:20] [10/445] SHCZ
[22:04:21] [11/445] NJCT
[22:04:22] [12/445] COPC
[22:04:23] [13/445] STVV
[22:04:24] [14/445] SKRN
[22:04:25] [15/445] APPZ
[22:04:26] [16/445] YMGN
[22:04:27] [17/445] SVTU
[22:04:28] [18/445] GTAD
[22:04:28] [19/445] PSUS
[22:04:29] [20/445] SMCD
[22:04:30] [21/445] CMCM
[22:04:31] [22/445] SYCT
[22:04:32] [23/445] STLY
[22:04:33] [24/445] CMHU
[22:04:34] [25/445] CMSA
[22:04:35] [26/445] CLCU
[22:04:37] [27/445] PPNT
[22:04:38] [28/445] JTAB
[22:04:39] [29/445] BUUC
[22:04:39] [30/445] BSVK
[22:04:40] [31/445] VVVQ
[22:04:41] [32/445] TKMU
[22:04:43] [33/445] ESYL
[22:04:44] [34/445] ACHP
[22:04:45] [35/445] BTKD
[22:04:46] [36/445] DESA
[22:04:46] [37/445] GBCT
[22:04:47] [38/445] BLLD
[22:04:48] [39/445] SKNT
[22:04:49] [40/445] SSTE
[22:04:50] [41/445] VJMR
[22:04:50] [42/445] NTPU
[22:04:51] [43/445] RDKN
[22:04:52] [44/445] ADGC
[22:04:53] [45/445] VRBP
[22:04:54] [46/445] NMNA
[22:04:55] [47/445] CMMX
[22:04:56] [48/445] PTKO
[22:04:56] [49/445] RBML
[22:04:58] [50/445] SAIC
[22:04:59] [51/445] SVTJ
[22:05:00] [52/445] MRTE
[22:05:00] [53/445] RBTP
[22:05:01] [54/445] NLPS
[22:05:02] [55/445] GTNA
[22:05:03] [56/445] DGGC
[22:05:04] [57/445] SMCR
[22:05:05] [58/445] SCGD
[22:05:06] [59/445] SRRJ
[22:05:07] [60/445] CNRY
[22:05:08] [61/445] KTDI
[22:05:08] [62/445] SNJL
[22:05:09] [63/445] RKMD
[22:05:10] [64/445] SMDC
[22:05:11] [65/445] TADG
[22:05:12] [66/445] MCGS
[22:05:13] [67/445] PETK
[22:05:13] [68/445] CHAG
[22:05:14] [69/445] KSTL
[22:05:15] [70/445] AADS
[22:05:16] [71/445] NTHZ
[22:05:17] [72/445] HCKI
[22:05:17] [73/445] SSEF
[22:05:18] [74/445] MCGX
[22:05:19] [75/445] ERRA
[22:05:20] [76/445] SDTW
[22:05:21] [77/445] RMPK
[22:05:22] [78/445] PTHK
[22:05:23] [79/445] PXCS
[22:05:24] [80/445] SVLU
[22:05:25] [81/445] STAH
[22:05:26] [82/445] JRGF
[22:05:26] [83/445] CDOK
[22:05:28] [84/445] CMSG
[22:05:29] [85/445] APTD
[22:05:30] [86/445] KMPG
[22:05:31] [87/445] MUTJ
[22:05:32] [88/445] VCCI
[22:05:33] [89/445] URBE
[22:05:33] [90/445] TCTS
[22:05:34] [91/445] STSN
[22:05:35] [92/445] AKCH
[22:05:36] [93/445] APSC
[22:05:37] [94/445] VLTB
[22:05:39] [95/445] SANU
[22:05:40] [96/445] AXAM
[22:05:41] [97/445] MGMG
[22:05:41] [98/445] HTBY
[22:05:42] [99/445] MMZS
[22:05:43] [100/445] SUDR
[22:05:44] [101/445] CCAD
[22:05:45] [102/445] SKKC
[22:05:46] [103/445] RMCD
[22:05:47] [104/445] SBCQ
[22:05:48] [105/445] DCCT
[22:05:48] [106/445] VTKP
[22:05:49] [107/445] MLAM
[22:05:50] [108/445] SAVT
[22:05:51] [109/445] GEPL
[22:05:52] [110/445] AMCD
[22:05:53] [111/445] CCXR
[22:05:54] [112/445] GRNG
[22:05:55] [113/445] EBCA
[22:05:55] [114/445] CNVG
[22:05:57] [115/445] MWSS
[22:05:58] [116/445] VBOR
[22:05:59] [117/445] NEEB
[22:05:59] [118/445] SUTH
[22:06:00] [119/445] ANDB
[22:06:01] [120/445] MMXS
[22:06:03] [121/445] CNPD
[22:06:04] [122/445] SDCE
[22:06:05] [123/445] DHCB
[22:06:06] [124/445] ODEN
[22:06:07] [125/445] TNTC
[22:06:08] [126/445] VBKM
[22:06:09] [127/445] RZYM
[22:06:10] [128/445] JEMC
[22:06:11] [129/445] CMAU
[22:06:12] [130/445] SIVP
[22:06:13] [131/445] ATAG
[22:06:13] [132/445] CHTM
[22:06:15] [133/445] AAEE
[22:06:16] [134/445] IWPM
[22:06:17] [135/445] KCMW
[22:06:17] [136/445] MCTD
[22:06:18] [137/445] SPWR
[22:06:19] [138/445] SDPO
[22:06:20] [139/445] PCSK
[22:06:21] [140/445] ACHV
[22:06:22] [141/445] SVLA
[22:06:23] [142/445] PICT
[22:06:24] [143/445] BXDR
[22:06:24] [144/445] SPWA
[22:06:25] [145/445] MCKO
[22:06:26] [146/445] RTHK
[22:06:27] [147/445] CCMF
[22:06:28] [148/445] MRGB
[22:06:29] [149/445] CPLC
[22:06:30] [150/445] RACD
[22:06:31] [151/445] ATKT
[22:06:32] [152/445] SARN
[22:06:32] [153/445] KKUI
[22:06:34] [154/445] RGCM
[22:06:36] [155/445] BRVP
[22:06:37] [156/445] HRSR
[22:06:37] [157/445] GKGM
[22:06:38] [158/445] TTCD
[22:06:39] [159/445] PTTI
[22:06:40] [160/445] MPTT
[22:06:41] [161/445] CVTT
[22:06:42] [162/445] PCXD
[22:06:43] [163/445] GCDC
[22:06:44] [164/445] CCCF
[22:06:45] [165/445] MRAD
[22:06:45] [166/445] CPLK
[22:06:46] [167/445] SATB
[22:06:47] [168/445] SNVG
[22:06:48] [169/445] JMBA
[22:06:49] [170/445] TEJA
[22:06:50] [171/445] STYO
[22:06:51] [172/445] JTBP
[22:06:52] [173/445] KRGD
[22:06:52] [174/445] SLJJ
[22:06:53] [175/445] SPTJ
[22:06:54] [176/445] SWJG
[22:06:55] [177/445] LKRT
[22:06:56] [178/445] KCKA
[22:06:56] [179/445] SNCR
[22:06:58] [180/445] SMKL
[22:06:58] [181/445] GCFA
[22:06:59] [182/445] DDCK
[22:07:00] [183/445] NCHJ
[22:07:02] [184/445] RDMA
[22:07:03] [185/445] SVSV
[22:07:03] [186/445] SCJG
[22:07:04] [187/445] VKLP
[22:07:05] [188/445] NWCC
[22:07:06] [189/445] VKNS
[22:07:07] [190/445] SDDP
[22:07:08] [191/445] ACSI
[22:07:09] [192/445] SATG
[22:07:09] [193/445] SCMW
[22:07:10] [194/445] LKTK
[22:07:11] [195/445] VCKV
[22:07:12] [196/445] KKPE
[22:07:13] [197/445] KIGH
[22:07:13] [198/445] SRPM
[22:07:14] [199/445] SCAH
[22:07:15] [200/445] MUTA
[22:07:16] [201/445] SEPU
[22:07:17] [202/445] INOA
[22:07:18] [203/445] BASK
[22:07:19] [204/445] NECB
[22:07:20] [205/445] GTTG
[22:07:21] [206/445] ASSA
[22:07:22] [207/445] ANCL
[22:07:22] [208/445] GCTI
[22:07:24] [209/445] RCTS
[22:07:25] [210/445] ACNL
[22:07:26] [211/445] MYCT
[22:07:27] [212/445] NMHT
[22:07:27] [213/445] MDIT
[22:07:28] [214/445] LATG
[22:07:29] [215/445] SMTY
[22:07:29] [216/445] CVCT
[22:07:30] [217/445] RAMB
[22:07:31] [218/445] TGMS
[22:07:32] [219/445] BHEL
[22:07:33] [220/445] SHCT
[22:07:34] [221/445] SVCT
[22:07:34] [222/445] MRIY
[22:07:35] [223/445] SARO
[22:07:36] [224/445] STCT
[22:07:38] [225/445] JKKC
[22:07:39] [226/445] PLTT
[22:07:40] [227/445] SRNT
[22:07:40] [228/445] YAST
[22:07:41] [229/445] PERL
[22:07:42] [230/445] CICM
[22:07:43] [231/445] MMTR
[22:07:44] [232/445] ABTK
[22:07:44] [233/445] ATYY
[22:07:45] [234/445] ASTK
[22:07:46] [235/445] VVCK
[22:07:48] [236/445] ATKY
[22:07:48] [237/445] GWEK
[22:07:49] [238/445] SVFH
[22:07:51] [239/445] SLTA
[22:07:52] [240/445] AASH
[22:07:53] [241/445] ACXB
[22:07:54] [242/445] SMTX
[22:07:55] [243/445] AZDH
[22:07:56] [244/445] CMMH
[22:07:57] [245/445] SCSZ
[22:07:57] [246/445] SCKP
[22:07:59] [247/445] NXTM
[22:07:59] [248/445] NWCS
[22:08:00] [249/445] CXMH
[22:08:01] [250/445] PCMA
[22:08:02] [251/445] SGCM
[22:08:03] [252/445] SDTU
[22:08:04] [253/445] MMVI
[22:08:04] [254/445] JKCM
[22:08:05] [255/445] VCMM
[22:08:06] [256/445] SYEE
[22:08:07] [257/445] VASD
[22:08:08] [258/445] BDRB
[22:08:09] [259/445] LASM
[22:08:10] [260/445] DCRL
[22:08:11] [261/445] DVPM
[22:08:12] [262/445] SBMJ
[22:08:12] [263/445] CBMU
[22:08:13] [264/445] IUBS
[22:08:15] [265/445] INAP
[22:08:15] [266/445] SRRC
[22:08:16] [267/445] SAGR
[22:08:17] [268/445] CPMJ
[22:08:18] [269/445] ATJL
[22:08:19] [270/445] NNTD
[22:08:19] [271/445] JHCJ
[22:08:20] [272/445] CMMP
[22:08:21] [273/445] RSDR
[22:08:21] [274/445] AMTI
[22:08:22] [275/445] NYSG
[22:08:23] [276/445] AVSG
[22:08:24] [277/445] SYTP
[22:08:25] [278/445] LARC
[22:08:25] [279/445] RJTP
[22:08:26] [280/445] LAKC
[22:08:27] [281/445] MCXE
[22:08:29] [282/445] CCZC
[22:08:29] [283/445] AVCH
[22:08:30] [284/445] CMBE
[22:08:31] [285/445] MRRC
[22:08:32] [286/445] PCPY
[22:08:32] [287/445] SRMH
[22:08:33] [288/445] SVGS
[22:08:34] [289/445] PCSE
[22:08:35] [290/445] SVFT
[22:08:36] [291/445] TNZP
[22:08:37] [292/445] ICTP
[22:08:38] [293/445] ACTZ
[22:08:39] [294/445] GTUR
[22:08:39] [295/445] MAFC
[22:08:40] [296/445] MINL
[22:08:41] [297/445] MRCL
[22:08:42] [298/445] RCRP
[22:08:43] [299/445] RFFG
[22:08:44] [300/445] RMAS
[22:08:44] [301/445] INVR
[22:08:45] [302/445] RMAR
[22:08:46] [303/445] CNIS
[22:08:46] [304/445] RHRJ
[22:08:47] [305/445] INXR
[22:08:48] [306/445] VALT
[22:08:49] [307/445] LCSH
[22:08:50] [308/445] CMVS
[22:08:51] [309/445] CNMS
[22:08:52] [310/445] ROOG
[22:08:52] [311/445] ISRM
[22:08:53] [312/445] RCRM
[22:08:54] [313/445] ACJA
[22:08:56] [314/445] RCVS
[22:08:57] [315/445] CPUS
[22:08:58] [316/445] TGCS
[22:08:58] [317/445] RKCJ
[22:08:59] [318/445] MKSB
[22:09:00] [319/445] TCSJ
[22:09:01] [320/445] RMGP
[22:09:02] [321/445] CLLP
[22:09:03] [322/445] RCMV
[22:09:04] [323/445] CCKS
[22:09:04] [324/445] RSRP
[22:09:05] [325/445] APLP
[22:09:06] [326/445] CNVS
[22:09:07] [327/445] RMVY
[22:09:08] [328/445] PGBD
[22:09:09] [329/445] KLMS
[22:09:10] [330/445] RUST
[22:09:11] [331/445] MASM
[22:09:12] [332/445] BACS
[22:09:13] [333/445] BWST
[22:09:14] [334/445] RRFH
[22:09:14] [335/445] SJTM
[22:09:15] [336/445] BEMR
[22:09:16] [337/445] MCGR
[22:09:17] [338/445] SDSK
[22:09:18] [339/445] VBOL
[22:09:19] [340/445] RMGM
[22:09:19] [341/445] NOPL
[22:09:20] [342/445] MKJK
[22:09:21] [343/445] CVRN
[22:09:22] [344/445] MMEN
[22:09:23] [345/445] AMNG
[22:09:25] [346/445] INTM
[22:09:26] [347/445] SLCZ
[22:09:27] [348/445] AMJN
[22:09:27] [349/445] ACJN
[22:09:28] [350/445] AMKN
[22:09:29] [351/445] BTCN
[22:09:30] [352/445] AMBT
[22:09:30] [353/445] PACN
[22:09:31] [354/445] LCNS
[22:09:33] [355/445] PPKC
[22:09:33] [356/445] JYYN
[22:09:34] [357/445] JTNR
[22:09:35] [358/445] GTEE
[22:09:36] [359/445] SRNM
[22:09:38] [360/445] SDTC
[22:09:39] [361/445] VPCA
[22:09:40] [362/445] VLRA
[22:09:40] [363/445] SHKR
[22:09:41] [364/445] SBKD
[22:09:42] [365/445] SAAD
[22:09:43] [366/445] JTGN
[22:09:44] [367/445] SLAM
[22:09:44] [368/445] VTPM
[22:09:45] [369/445] ANPT
[22:09:46] [370/445] PUNB
[22:09:47] [371/445] CPKT
[22:09:47] [372/445] CNWE
[22:09:48] [373/445] ECPP
[22:09:49] [374/445] CPAR
[22:09:50] [375/445] ESBW
[22:09:51] [376/445] PKPU
[22:09:52] [377/445] CPRP
[22:09:53] [378/445] RAHU
[22:09:53] [379/445] RHMN
[22:09:54] [380/445] FMJP
[22:09:55] [381/445] CTMP
[22:09:56] [382/445] INPN
[22:09:57] [383/445] STTG
[22:09:57] [384/445] CTRD
[22:09:58] [385/445] PUVB
[22:09:59] [386/445] ESVP
[22:10:00] [387/445] CPFT
[22:10:01] [388/445] LCPC
[22:10:02] [389/445] VBCT
[22:10:02] [390/445] FSCW
[22:10:03] [391/445] VCMP
[22:10:04] [392/445] ASHC
[22:10:05] [393/445] VLCX
[22:10:06] [394/445] SHEV
[22:10:07] [395/445] APCO
[22:10:08] [396/445] SILC
[22:10:09] [397/445] SNMR
[22:10:09] [398/445] KYBO
[22:10:10] [399/445] SATK
[22:10:11] [400/445] SSCS
[22:10:11] [401/445] CLSB
[22:10:12] [402/445] KMJR
[22:10:13] [403/445] FSCK
[22:10:14] [404/445] NNKA
[22:10:15] [405/445] CLMK
[22:10:16] [406/445] DMPZ
[22:10:16] [407/445] INQM
[22:10:17] [408/445] CAML
[22:10:18] [409/445] INRK
[22:10:19] [410/445] IMKN
[22:10:19] [411/445] SVNR
[22:10:20] [412/445] INSL
[22:10:21] [413/445] MSMA
[22:10:22] [414/445] MCKK
[22:10:22] [415/445] FCHP
[22:10:23] [416/445] SFCR
[22:10:24] [417/445] NACK
[22:10:25] [418/445] PVAK
[22:10:26] [419/445] INER
[22:10:27] [420/445] RDBK
[22:10:28] [421/445] SVFN
[22:10:29] [422/445] IFRM
[22:10:29] [423/445] ATCK
[22:10:30] [424/445] ASKO
[22:10:31] [425/445] STKT
[22:10:31] [426/445] SVFB
[22:10:32] [427/445] INKS
[22:10:33] [428/445] PCRA
[22:10:34] [429/445] ATJA
[22:10:34] [430/445] IMJN
[22:10:35] [431/445] INHD
[22:10:36] [432/445] BARA
[22:10:37] [433/445] MCSL
[22:10:38] [434/445] RTOY
[22:10:38] [435/445] MENO
[22:10:39] [436/445] PUDM
[22:10:40] [437/445] PRCN
[22:10:41] [438/445] JMJR
[22:10:41] [439/445] SSGK
[22:10:43] [440/445] SSRL
[22:10:44] [441/445] JYKL
[22:10:46] [442/445] ACNB
[22:10:47] [443/445] SONP
[22:10:47] [444/445] EMCI
[22:10:48] [445/445] MRJH
[22:10:49] 🧹 Deduping shows
[22:10:49] ✅ DONE | Shows=805 | Movies=50
[03:58:07] 🚀 SCRIPT STARTED
[03:58:07] [1/445] TGMR
[03:58:07] 🧠 New identity created
[03:58:07] [2/445] CXKR
[03:58:08] [3/445] SROP
[03:58:09] [4/445] GTSV
[03:58:09] [5/445] SNTY
[03:58:10] [6/445] SMYY
[03:58:10] [7/445] CNCS
[03:58:11] [8/445] CSTM
[03:58:11] [9/445] NUCD
[03:58:12] [10/445] SHCZ
[03:58:12] [11/445] NJCT
[03:58:13] [12/445] COPC
[03:58:13] [13/445] STVV
[03:58:14] [14/445] SKRN
[03:58:15] [15/445] APPZ
[03:58:15] [16/445] YMGN
[03:58:16] [17/445] SVTU
[03:58:17] [18/445] GTAD
[03:58:17] [19/445] PSUS
[03:58:18] [20/445] SMCD
[03:58:18] [21/445] CMCM
[03:58:19] [22/445] SYCT
[03:58:19] [23/445] STLY
[03:58:20] [24/445] CMHU
[03:58:20] [25/445] CMSA
[03:58:21] [26/445] CLCU
[03:58:22] [27/445] PPNT
[03:58:22] [28/445] JTAB
[03:58:23] [29/445] BUUC
[03:58:24] [30/445] BSVK
[03:58:24] [31/445] VVVQ
[03:58:25] [32/445] TKMU
[03:58:25] [33/445] ESYL
[03:58:26] [34/445] ACHP
[03:58:27] [35/445] BTKD
[03:58:27] [36/445] DESA
[03:58:27] [37/445] GBCT
[03:58:28] [38/445] BLLD
[03:58:29] [39/445] SKNT
[03:58:29] [40/445] SSTE
[03:58:30] [41/445] VJMR
[03:58:30] [42/445] NTPU
[03:58:31] [43/445] RDKN
[03:58:31] [44/445] ADGC
[03:58:32] [45/445] VRBP
[03:58:33] [46/445] NMNA
[03:58:33] [47/445] CMMX
[03:58:34] [48/445] PTKO
[03:58:34] [49/445] RBML
[03:58:35] [50/445] SAIC
[03:58:36] [51/445] SVTJ
[03:58:36] [52/445] MRTE
[03:58:37] [53/445] RBTP
[03:58:38] [54/445] NLPS
[03:58:38] [55/445] GTNA
[03:58:39] [56/445] DGGC
[03:58:39] [57/445] SMCR
[03:58:40] [58/445] SCGD
[03:58:40] [59/445] SRRJ
[03:58:41] [60/445] CNRY
[03:58:42] [61/445] KTDI
[03:58:42] [62/445] SNJL
[03:58:43] [63/445] RKMD
[03:58:44] [64/445] SMDC
[03:58:44] [65/445] TADG
[03:58:44] [66/445] MCGS
[03:58:45] [67/445] PETK
[03:58:45] [68/445] CHAG
[03:58:46] [69/445] KSTL
[03:58:46] [70/445] AADS
[03:58:47] [71/445] NTHZ
[03:58:48] [72/445] HCKI
[03:58:48] [73/445] SSEF
[03:58:49] [74/445] MCGX
[03:58:50] [75/445] ERRA
[03:58:50] [76/445] SDTW
[03:58:51] [77/445] RMPK
[03:58:51] [78/445] PTHK
[03:58:52] [79/445] PXCS
[03:58:53] [80/445] SVLU
[03:58:53] [81/445] STAH
[03:58:54] [82/445] JRGF
[03:58:54] [83/445] CDOK
[03:58:55] [84/445] CMSG
[03:58:55] [85/445] APTD
[03:58:56] [86/445] KMPG
[03:58:57] [87/445] MUTJ
[03:58:57] [88/445] VCCI
[03:58:58] [89/445] URBE
[03:58:58] [90/445] TCTS
[03:58:59] [91/445] STSN
[03:58:59] [92/445] AKCH
[03:59:00] [93/445] APSC
[03:59:01] [94/445] VLTB
[03:59:01] [95/445] SANU
[03:59:02] [96/445] AXAM
[03:59:02] [97/445] MGMG
[03:59:03] [98/445] HTBY
[03:59:03] [99/445] MMZS
[03:59:04] [100/445] SUDR
[03:59:04] [101/445] CCAD
[03:59:05] [102/445] SKKC
[03:59:05] [103/445] RMCD
[03:59:06] [104/445] SBCQ
[03:59:07] [105/445] DCCT
[03:59:07] [106/445] VTKP
[03:59:08] [107/445] MLAM
[03:59:08] [108/445] SAVT
[03:59:09] [109/445] GEPL
[03:59:09] [110/445] AMCD
[03:59:10] [111/445] CCXR
[03:59:11] [112/445] GRNG
[03:59:11] [113/445] EBCA
[03:59:12] [114/445] CNVG
[03:59:13] [115/445] MWSS
[03:59:13] [116/445] VBOR
[03:59:14] [117/445] NEEB
[03:59:15] [118/445] SUTH
[03:59:15] [119/445] ANDB
[03:59:15] [120/445] MMXS
[03:59:16] [121/445] CNPD
[03:59:17] [122/445] SDCE
[03:59:17] [123/445] DHCB
[03:59:18] [124/445] ODEN
[03:59:19] [125/445] TNTC
[03:59:19] [126/445] VBKM
[03:59:20] [127/445] RZYM
[03:59:20] [128/445] JEMC
[03:59:21] [129/445] CMAU
[03:59:21] [130/445] SIVP
[03:59:22] [131/445] ATAG
[03:59:22] [132/445] CHTM
[03:59:23] [133/445] AAEE
[03:59:24] [134/445] IWPM
[03:59:24] [135/445] KCMW
[03:59:25] [136/445] MCTD
[03:59:25] [137/445] SPWR
[03:59:26] [138/445] SDPO
[03:59:27] [139/445] PCSK
[03:59:27] [140/445] ACHV
[03:59:28] [141/445] SVLA
[03:59:28] [142/445] PICT
[03:59:29] [143/445] BXDR
[03:59:30] [144/445] SPWA
[03:59:30] [145/445] MCKO
[03:59:31] [146/445] RTHK
[03:59:32] [147/445] CCMF
[03:59:32] [148/445] MRGB
[03:59:33] [149/445] CPLC
[03:59:34] [150/445] RACD
[03:59:34] [151/445] ATKT
[03:59:35] [152/445] SARN
[03:59:35] [153/445] KKUI
[03:59:36] [154/445] RGCM
[03:59:36] [155/445] BRVP
[03:59:37] [156/445] HRSR
[03:59:37] [157/445] GKGM
[03:59:38] [158/445] TTCD
[03:59:38] [159/445] PTTI
[03:59:39] [160/445] MPTT
[03:59:40] [161/445] CVTT
[03:59:40] [162/445] PCXD
[03:59:41] [163/445] GCDC
[03:59:42] [164/445] CCCF
[03:59:42] [165/445] MRAD
[03:59:43] [166/445] CPLK
[03:59:43] [167/445] SATB
[03:59:44] [168/445] SNVG
[03:59:44] [169/445] JMBA
[03:59:45] [170/445] TEJA
[03:59:46] [171/445] STYO
[03:59:46] [172/445] JTBP
[03:59:47] [173/445] KRGD
[03:59:47] [174/445] SLJJ
[03:59:48] [175/445] SPTJ
[03:59:48] [176/445] SWJG
[03:59:49] [177/445] LKRT
[03:59:50] [178/445] KCKA
[03:59:50] [179/445] SNCR
[03:59:51] [180/445] SMKL
[03:59:52] [181/445] GCFA
[03:59:52] [182/445] DDCK
[03:59:53] [183/445] NCHJ
[03:59:54] [184/445] RDMA
[03:59:54] [185/445] SVSV
[03:59:55] [186/445] SCJG
[03:59:55] [187/445] VKLP
[03:59:56] [188/445] NWCC
[03:59:56] [189/445] VKNS
[03:59:57] [190/445] SDDP
[03:59:58] [191/445] ACSI
[03:59:58] [192/445] SATG
[03:59:59] [193/445] SCMW
[04:00:00] [194/445] LKTK
[04:00:00] [195/445] VCKV
[04:00:01] [196/445] KKPE
[04:00:01] [197/445] KIGH
[04:00:02] [198/445] SRPM
[04:00:02] [199/445] SCAH
[04:00:03] [200/445] MUTA
[04:00:04] [201/445] SEPU
[04:00:04] [202/445] INOA
[04:00:05] [203/445] BASK
[04:00:05] [204/445] NECB
[04:00:06] [205/445] GTTG
[04:00:07] [206/445] ASSA
[04:00:07] [207/445] ANCL
[04:00:08] [208/445] GCTI
[04:00:08] [209/445] RCTS
[04:00:08] [210/445] ACNL
[04:00:09] [211/445] MYCT
[04:00:10] [212/445] NMHT
[04:00:10] [213/445] MDIT
[04:00:11] [214/445] LATG
[04:00:12] [215/445] SMTY
[04:00:12] [216/445] CVCT
[04:00:13] [217/445] RAMB
[04:00:13] [218/445] TGMS
[04:00:14] [219/445] BHEL
[04:00:15] [220/445] SHCT
[04:00:15] [221/445] SVCT
[04:00:16] [222/445] MRIY
[04:00:16] [223/445] SARO
[04:00:17] [224/445] STCT
[04:00:17] [225/445] JKKC
[04:00:18] [226/445] PLTT
[04:00:18] [227/445] SRNT
[04:00:19] [228/445] YAST
[04:00:20] [229/445] PERL
[04:00:20] [230/445] CICM
[04:00:21] [231/445] MMTR
[04:00:21] [232/445] ABTK
[04:00:22] [233/445] ATYY
[04:00:22] [234/445] ASTK
[04:00:23] [235/445] VVCK
[04:00:23] [236/445] ATKY
[04:00:24] [237/445] GWEK
[04:00:24] [238/445] SVFH
[04:00:25] [239/445] SLTA
[04:00:26] [240/445] AASH
[04:00:26] [241/445] ACXB
[04:00:26] [242/445] SMTX
[04:00:27] [243/445] AZDH
[04:00:27] [244/445] CMMH
[04:00:28] [245/445] SCSZ
[04:00:29] [246/445] SCKP
[04:00:29] [247/445] NXTM
[04:00:30] [248/445] NWCS
[04:00:30] [249/445] CXMH
[04:00:31] [250/445] PCMA
[04:00:31] [251/445] SGCM
[04:00:32] [252/445] SDTU
[04:00:33] [253/445] MMVI
[04:00:33] [254/445] JKCM
[04:00:34] [255/445] VCMM
[04:00:34] [256/445] SYEE
[04:00:35] [257/445] VASD
[04:00:35] [258/445] BDRB
[04:00:36] [259/445] LASM
[04:00:36] [260/445] DCRL
[04:00:37] [261/445] DVPM
[04:00:37] [262/445] SBMJ
[04:00:38] [263/445] CBMU
[04:00:39] [264/445] IUBS
[04:00:39] [265/445] INAP
[04:00:40] [266/445] SRRC
[04:00:40] [267/445] SAGR
[04:00:41] [268/445] CPMJ
[04:00:42] [269/445] ATJL
[04:00:42] [270/445] NNTD
[04:00:43] [271/445] JHCJ
[04:00:43] [272/445] CMMP
[04:00:44] [273/445] RSDR
[04:00:44] [274/445] AMTI
[04:00:45] [275/445] NYSG
[04:00:46] [276/445] AVSG
[04:00:46] [277/445] SYTP
[04:00:47] [278/445] LARC
[04:00:47] [279/445] RJTP
[04:00:48] [280/445] LAKC
[04:00:48] [281/445] MCXE
[04:00:49] [282/445] CCZC
[04:00:49] [283/445] AVCH
[04:00:50] [284/445] CMBE
[04:00:50] [285/445] MRRC
[04:00:51] [286/445] PCPY
[04:00:51] [287/445] SRMH
[04:00:52] [288/445] SVGS
[04:00:53] [289/445] PCSE
[04:00:53] [290/445] SVFT
[04:00:54] [291/445] TNZP
[04:00:54] [292/445] ICTP
[04:00:55] [293/445] ACTZ
[04:00:55] [294/445] GTUR
[04:00:56] [295/445] MAFC
[04:00:57] [296/445] MINL
[04:00:57] [297/445] MRCL
[04:00:58] [298/445] RCRP
[04:00:58] [299/445] RFFG
[04:00:59] [300/445] RMAS
[04:00:59] [301/445] INVR
[04:01:00] [302/445] RMAR
[04:01:01] [303/445] CNIS
[04:01:01] [304/445] RHRJ
[04:01:02] [305/445] INXR
[04:01:02] [306/445] VALT
[04:01:03] [307/445] LCSH
[04:01:03] [308/445] CMVS
[04:01:04] [309/445] CNMS
[04:01:04] [310/445] ROOG
[04:01:05] [311/445] ISRM
[04:01:06] [312/445] RCRM
[04:01:06] [313/445] ACJA
[04:01:07] [314/445] RCVS
[04:01:07] [315/445] CPUS
[04:01:08] [316/445] TGCS
[04:01:09] [317/445] RKCJ
[04:01:09] [318/445] MKSB
[04:01:10] [319/445] TCSJ
[04:01:10] [320/445] RMGP
[04:01:11] [321/445] CLLP
[04:01:12] [322/445] RCMV
[04:01:12] [323/445] CCKS
[04:01:13] [324/445] RSRP
[04:01:13] [325/445] APLP
[04:01:14] [326/445] CNVS
[04:01:14] [327/445] RMVY
[04:01:15] [328/445] PGBD
[04:01:16] [329/445] KLMS
[04:01:16] [330/445] RUST
[04:01:16] [331/445] MASM
[04:01:17] [332/445] BACS
[04:01:18] [333/445] BWST
[04:01:18] [334/445] RRFH
[04:01:19] [335/445] SJTM
[04:01:19] [336/445] BEMR
[04:01:20] [337/445] MCGR
[04:01:21] [338/445] SDSK
[04:01:21] [339/445] VBOL
[04:01:22] [340/445] RMGM
[04:01:22] [341/445] NOPL
[04:01:23] [342/445] MKJK
[04:01:23] [343/445] CVRN
[04:01:24] [344/445] MMEN
[04:01:24] [345/445] AMNG
[04:01:25] [346/445] INTM
[04:01:25] [347/445] SLCZ
[04:01:26] [348/445] AMJN
[04:01:26] [349/445] ACJN
[04:01:27] [350/445] AMKN
[04:01:27] [351/445] BTCN
[04:01:28] [352/445] AMBT
[04:01:29] [353/445] PACN
[04:01:29] [354/445] LCNS
[04:01:30] [355/445] PPKC
[04:01:30] [356/445] JYYN
[04:01:31] [357/445] JTNR
[04:01:31] [358/445] GTEE
[04:01:32] [359/445] SRNM
[04:01:32] [360/445] SDTC
[04:01:33] [361/445] VPCA
[04:01:34] [362/445] VLRA
[04:01:34] [363/445] SHKR
[04:01:35] [364/445] SBKD
[04:01:35] [365/445] SAAD
[04:01:36] [366/445] JTGN
[04:01:36] [367/445] SLAM
[04:01:37] [368/445] VTPM
[04:01:37] [369/445] ANPT
[04:01:38] [370/445] PUNB
[04:01:38] [371/445] CPKT
[04:01:39] [372/445] CNWE
[04:01:39] [373/445] ECPP
[04:01:40] [374/445] CPAR
[04:01:40] [375/445] ESBW
[04:01:41] [376/445] PKPU
[04:01:42] [377/445] CPRP
[04:01:42] [378/445] RAHU
[04:01:43] [379/445] RHMN
[04:01:43] [380/445] FMJP
[04:01:44] [381/445] CTMP
[04:01:44] [382/445] INPN
[04:01:45] [383/445] STTG
[04:01:45] [384/445] CTRD
[04:01:46] [385/445] PUVB
[04:01:47] [386/445] ESVP
[04:01:47] [387/445] CPFT
[04:01:48] [388/445] LCPC
[04:01:49] [389/445] VBCT
[04:01:49] [390/445] FSCW
[04:01:50] [391/445] VCMP
[04:01:50] [392/445] ASHC
[04:01:51] [393/445] VLCX
[04:01:51] [394/445] SHEV
[04:01:52] [395/445] APCO
[04:01:53] [396/445] SILC
[04:01:53] [397/445] SNMR
[04:01:54] [398/445] KYBO
[04:01:54] [399/445] SATK
[04:01:55] [400/445] SSCS
[04:01:56] [401/445] CLSB
[04:01:56] [402/445] KMJR
[04:01:57] [403/445] FSCK
[04:01:57] [404/445] NNKA
[04:01:58] [405/445] CLMK
[04:01:58] [406/445] DMPZ
[04:01:59] [407/445] INQM
[04:02:00] [408/445] CAML
[04:02:01] [409/445] INRK
[04:02:01] [410/445] IMKN
[04:02:02] [411/445] SVNR
[04:02:02] [412/445] INSL
[04:02:03] [413/445] MSMA
[04:02:04] [414/445] MCKK
[04:02:04] [415/445] FCHP
[04:02:05] [416/445] SFCR
[04:02:05] [417/445] NACK
[04:02:06] [418/445] PVAK
[04:02:06] [419/445] INER
[04:02:07] [420/445] RDBK
[04:02:08] [421/445] SVFN
[04:02:08] [422/445] IFRM
[04:02:09] [423/445] ATCK
[04:02:09] [424/445] ASKO
[04:02:10] [425/445] STKT
[04:02:10] [426/445] SVFB
[04:02:11] [427/445] INKS
[04:02:12] [428/445] PCRA
[04:02:12] [429/445] ATJA
[04:02:13] [430/445] IMJN
[04:02:13] [431/445] INHD
[04:02:13] [432/445] BARA
[04:02:14] [433/445] MCSL
[04:02:15] [434/445] RTOY
[04:02:15] [435/445] MENO
[04:02:16] [436/445] PUDM
[04:02:16] [437/445] PRCN
[04:02:17] [438/445] JMJR
[04:02:17] [439/445] SSGK
[04:02:18] [440/445] SSRL
[04:02:18] [441/445] JYKL
[04:02:19] [442/445] ACNB
[04:02:20] [443/445] SONP
[04:02:20] [444/445] EMCI
[04:02:21] [445/445] MRJH
[04:02:22] 🧹 Deduping shows
[04:02:22] ✅ DONE | Shows=839 | Movies=50
[11:07:08] 🚀 SCRIPT STARTED
[11:07:08] [1/445] TGMR
[11:07:08] 🧠 New identity created
[11:07:09] [2/445] CXKR
[11:07:10] [3/445] SROP
[11:07:11] [4/445] GTSV
[11:07:12] [5/445] SNTY
[11:07:13] [6/445] SMYY
[11:07:14] [7/445] CNCS
[11:07:14] [8/445] CSTM
[11:07:15] [9/445] NUCD
[11:07:16] [10/445] SHCZ
[11:07:17] [11/445] NJCT
[11:07:18] [12/445] COPC
[11:07:19] [13/445] STVV
[11:07:20] [14/445] SKRN
[11:07:21] [15/445] APPZ
[11:07:22] [16/445] YMGN
[11:07:23] [17/445] SVTU
[11:07:23] [18/445] GTAD
[11:07:24] [19/445] PSUS
[11:07:25] [20/445] SMCD
[11:07:26] [21/445] CMCM
[11:07:27] [22/445] SYCT
[11:07:28] [23/445] STLY
[11:07:29] [24/445] CMHU
[11:07:29] [25/445] CMSA
[11:07:31] [26/445] CLCU
[11:07:32] [27/445] PPNT
[11:07:33] [28/445] JTAB
[11:07:33] [29/445] BUUC
[11:07:34] [30/445] BSVK
[11:07:35] [31/445] VVVQ
[11:07:36] [32/445] TKMU
[11:07:37] [33/445] ESYL
[11:07:38] [34/445] ACHP
[11:07:38] [35/445] BTKD
[11:07:39] [36/445] DESA
[11:07:40] [37/445] GBCT
[11:07:41] [38/445] BLLD
[11:07:42] [39/445] SKNT
[11:07:42] [40/445] SSTE
[11:07:43] [41/445] VJMR
[11:07:44] [42/445] NTPU
[11:07:46] [43/445] RDKN
[11:07:46] [44/445] ADGC
[11:07:47] [45/445] VRBP
[11:07:48] [46/445] NMNA
[11:07:49] [47/445] CMMX
[11:07:50] [48/445] PTKO
[11:07:51] [49/445] RBML
[11:07:52] [50/445] SAIC
[11:07:53] [51/445] SVTJ
[11:07:54] [52/445] MRTE
[11:07:54] [53/445] RBTP
[11:07:55] [54/445] NLPS
[11:07:56] [55/445] GTNA
[11:07:57] [56/445] DGGC
[11:07:58] [57/445] SMCR
[11:07:58] [58/445] SCGD
[11:07:59] [59/445] SRRJ
[11:08:00] [60/445] CNRY
[11:08:01] [61/445] KTDI
[11:08:02] [62/445] SNJL
[11:08:03] [63/445] RKMD
[11:08:04] [64/445] SMDC
[11:08:05] [65/445] TADG
[11:08:06] [66/445] MCGS
[11:08:06] [67/445] PETK
[11:08:07] [68/445] CHAG
[11:08:08] [69/445] KSTL
[11:08:09] [70/445] AADS
[11:08:10] [71/445] NTHZ
[11:08:11] [72/445] HCKI
[11:08:12] [73/445] SSEF
[11:08:12] [74/445] MCGX
[11:08:14] [75/445] ERRA
[11:08:15] [76/445] SDTW
[11:08:16] [77/445] RMPK
[11:08:17] [78/445] PTHK
[11:08:18] [79/445] PXCS
[11:08:19] [80/445] SVLU
[11:08:19] [81/445] STAH
[11:08:20] [82/445] JRGF
[11:08:21] [83/445] CDOK
[11:08:22] [84/445] CMSG
[11:08:22] [85/445] APTD
[11:08:23] [86/445] KMPG
[11:08:24] [87/445] MUTJ
[11:08:25] [88/445] VCCI
[11:08:25] [89/445] URBE
[11:08:26] [90/445] TCTS
[11:08:27] [91/445] STSN
[11:08:28] [92/445] AKCH
[11:08:29] [93/445] APSC
[11:08:30] [94/445] VLTB
[11:08:31] [95/445] SANU
[11:08:32] [96/445] AXAM
[11:08:33] [97/445] MGMG
[11:08:33] [98/445] HTBY
[11:08:34] [99/445] MMZS
[11:08:35] [100/445] SUDR
[11:08:37] [101/445] CCAD
[11:08:37] [102/445] SKKC
[11:08:38] [103/445] RMCD
[11:08:39] [104/445] SBCQ
[11:08:40] [105/445] DCCT
[11:08:40] [106/445] VTKP
[11:08:41] [107/445] MLAM
[11:08:42] [108/445] SAVT
[11:08:43] [109/445] GEPL
[11:08:44] [110/445] AMCD
[11:08:45] [111/445] CCXR
[11:08:46] [112/445] GRNG
[11:08:47] [113/445] EBCA
[11:08:48] [114/445] CNVG
[11:08:48] [115/445] MWSS
[11:08:49] [116/445] VBOR
[11:08:50] [117/445] NEEB
[11:08:51] [118/445] SUTH
[11:08:52] [119/445] ANDB
[11:08:53] [120/445] MMXS
[11:08:53] [121/445] CNPD
[11:08:55] [122/445] SDCE
[11:08:56] [123/445] DHCB
[11:08:57] [124/445] ODEN
[11:08:58] [125/445] TNTC
[11:08:59] [126/445] VBKM
[11:08:59] [127/445] RZYM
[11:09:00] [128/445] JEMC
[11:09:01] [129/445] CMAU
[11:09:02] [130/445] SIVP
[11:09:04] [131/445] ATAG
[11:09:05] [132/445] CHTM
[11:09:06] [133/445] AAEE
[11:09:07] [134/445] IWPM
[11:09:08] [135/445] KCMW
[11:09:09] [136/445] MCTD
[11:09:09] [137/445] SPWR
[11:09:10] [138/445] SDPO
[11:09:11] [139/445] PCSK
[11:09:12] [140/445] ACHV
[11:09:13] [141/445] SVLA
[11:09:14] [142/445] PICT
[11:09:15] [143/445] BXDR
[11:09:15] [144/445] SPWA
[11:09:16] [145/445] MCKO
[11:09:17] [146/445] RTHK
[11:09:18] [147/445] CCMF
[11:09:19] [148/445] MRGB
[11:09:19] [149/445] CPLC
[11:09:20] [150/445] RACD
[11:09:21] [151/445] ATKT
[11:09:22] [152/445] SARN
[11:09:23] [153/445] KKUI
[11:09:23] [154/445] RGCM
[11:09:24] [155/445] BRVP
[11:09:26] [156/445] HRSR
[11:09:28] [157/445] GKGM
[11:09:28] [158/445] TTCD
[11:09:29] [159/445] PTTI
[11:09:30] [160/445] MPTT
[11:09:31] [161/445] CVTT
[11:09:31] [162/445] PCXD
[11:09:32] [163/445] GCDC
[11:09:33] [164/445] CCCF
[11:09:35] [165/445] MRAD
[11:09:36] [166/445] CPLK
[11:09:37] [167/445] SATB
[11:09:37] [168/445] SNVG
[11:09:38] [169/445] JMBA
[11:09:40] [170/445] TEJA
[11:09:40] [171/445] STYO
[11:09:41] [172/445] JTBP
[11:09:43] [173/445] KRGD
[11:09:44] [174/445] SLJJ
[11:09:44] [175/445] SPTJ
[11:09:46] [176/445] SWJG
[11:09:47] [177/445] LKRT
[11:09:48] [178/445] KCKA
[11:09:48] [179/445] SNCR
[11:09:49] [180/445] SMKL
[11:09:50] [181/445] GCFA
[11:09:51] [182/445] DDCK
[11:09:53] [183/445] NCHJ
[11:09:54] [184/445] RDMA
[11:09:55] [185/445] SVSV
[11:09:55] [186/445] SCJG
[11:09:56] [187/445] VKLP
[11:09:57] [188/445] NWCC
[11:09:58] [189/445] VKNS
[11:09:58] [190/445] SDDP
[11:09:59] [191/445] ACSI
[11:10:00] [192/445] SATG
[11:10:01] [193/445] SCMW
[11:10:02] [194/445] LKTK
[11:10:03] [195/445] VCKV
[11:10:04] [196/445] KKPE
[11:10:05] [197/445] KIGH
[11:10:05] [198/445] SRPM
[11:10:06] [199/445] SCAH
[11:10:07] [200/445] MUTA
[11:10:08] [201/445] SEPU
[11:10:08] [202/445] INOA
[11:10:09] [203/445] BASK
[11:10:10] [204/445] NECB
[11:10:11] [205/445] GTTG
[11:10:12] [206/445] ASSA
[11:10:12] [207/445] ANCL
[11:10:13] [208/445] GCTI
[11:10:14] [209/445] RCTS
[11:10:15] [210/445] ACNL
[11:10:16] [211/445] MYCT
[11:10:17] [212/445] NMHT
[11:10:17] [213/445] MDIT
[11:10:19] [214/445] LATG
[11:10:19] [215/445] SMTY
[11:10:20] [216/445] CVCT
[11:10:21] [217/445] RAMB
[11:10:22] [218/445] TGMS
[11:10:23] [219/445] BHEL
[11:10:24] [220/445] SHCT
[11:10:25] [221/445] SVCT
[11:10:26] [222/445] MRIY
[11:10:26] [223/445] SARO
[11:10:27] [224/445] STCT
[11:10:28] [225/445] JKKC
[11:10:29] [226/445] PLTT
[11:10:30] [227/445] SRNT
[11:10:31] [228/445] YAST
[11:10:31] [229/445] PERL
[11:10:32] [230/445] CICM
[11:10:33] [231/445] MMTR
[11:10:34] [232/445] ABTK
[11:10:35] [233/445] ATYY
[11:10:35] [234/445] ASTK
[11:10:37] [235/445] VVCK
[11:10:38] [236/445] ATKY
[11:10:38] [237/445] GWEK
[11:10:40] [238/445] SVFH
[11:10:40] [239/445] SLTA
[11:10:41] [240/445] AASH
[11:10:42] [241/445] ACXB
[11:10:43] [242/445] SMTX
[11:10:44] [243/445] AZDH
[11:10:45] [244/445] CMMH
[11:10:46] [245/445] SCSZ
[11:10:47] [246/445] SCKP
[11:10:48] [247/445] NXTM
[11:10:49] [248/445] NWCS
[11:10:50] [249/445] CXMH
[11:10:51] [250/445] PCMA
[11:10:52] [251/445] SGCM
[11:10:53] [252/445] SDTU
[11:10:54] [253/445] MMVI
[11:10:55] [254/445] JKCM
[11:10:56] [255/445] VCMM
[11:10:57] [256/445] SYEE
[11:10:58] [257/445] VASD
[11:10:59] [258/445] BDRB
[11:11:00] [259/445] LASM
[11:11:01] [260/445] DCRL
[11:11:02] [261/445] DVPM
[11:11:02] [262/445] SBMJ
[11:11:03] [263/445] CBMU
[11:11:04] [264/445] IUBS
[11:11:05] [265/445] INAP
[11:11:06] [266/445] SRRC
[11:11:07] [267/445] SAGR
[11:11:08] [268/445] CPMJ
[11:11:09] [269/445] ATJL
[11:11:10] [270/445] NNTD
[11:11:11] [271/445] JHCJ
[11:11:12] [272/445] CMMP
[11:11:12] [273/445] RSDR
[11:11:13] [274/445] AMTI
[11:11:14] [275/445] NYSG
[11:11:15] [276/445] AVSG
[11:11:16] [277/445] SYTP
[11:11:18] [278/445] LARC
[11:11:19] [279/445] RJTP
[11:11:19] [280/445] LAKC
[11:11:20] [281/445] MCXE
[11:11:21] [282/445] CCZC
[11:11:21] [283/445] AVCH
[11:11:22] [284/445] CMBE
[11:11:23] [285/445] MRRC
[11:11:24] [286/445] PCPY
[11:11:25] [287/445] SRMH
[11:11:25] [288/445] SVGS
[11:11:26] [289/445] PCSE
[11:11:27] [290/445] SVFT
[11:11:28] [291/445] TNZP
[11:11:29] [292/445] ICTP
[11:11:30] [293/445] ACTZ
[11:11:32] [294/445] GTUR
[11:11:33] [295/445] MAFC
[11:11:34] [296/445] MINL
[11:11:35] [297/445] MRCL
[11:11:36] [298/445] RCRP
[11:11:36] [299/445] RFFG
[11:11:37] [300/445] RMAS
[11:11:38] [301/445] INVR
[11:11:39] [302/445] RMAR
[11:11:40] [303/445] CNIS
[11:11:40] [304/445] RHRJ
[11:11:41] [305/445] INXR
[11:11:42] [306/445] VALT
[11:11:43] [307/445] LCSH
[11:11:43] [308/445] CMVS
[11:11:44] [309/445] CNMS
[11:11:45] [310/445] ROOG
[11:11:46] [311/445] ISRM
[11:11:47] [312/445] RCRM
[11:11:47] [313/445] ACJA
[11:11:48] [314/445] RCVS
[11:11:49] [315/445] CPUS
[11:11:50] [316/445] TGCS
[11:11:51] [317/445] RKCJ
[11:11:52] [318/445] MKSB
[11:11:53] [319/445] TCSJ
[11:11:54] [320/445] RMGP
[11:11:55] [321/445] CLLP
[11:11:56] [322/445] RCMV
[11:11:56] [323/445] CCKS
[11:11:57] [324/445] RSRP
[11:11:58] [325/445] APLP
[11:11:59] [326/445] CNVS
[11:12:00] [327/445] RMVY
[11:12:01] [328/445] PGBD
[11:12:01] [329/445] KLMS
[11:12:03] [330/445] RUST
[11:12:04] [331/445] MASM
[11:12:05] [332/445] BACS
[11:12:05] [333/445] BWST
[11:12:06] [334/445] RRFH
[11:12:07] [335/445] SJTM
[11:12:08] [336/445] BEMR
[11:12:09] [337/445] MCGR
[11:12:10] [338/445] SDSK
[11:12:11] [339/445] VBOL
[11:12:12] [340/445] RMGM
[11:12:12] [341/445] NOPL
[11:12:13] [342/445] MKJK
[11:12:15] [343/445] CVRN
[11:12:15] [344/445] MMEN
[11:12:16] [345/445] AMNG
[11:12:17] [346/445] INTM
[11:12:18] [347/445] SLCZ
[11:12:18] [348/445] AMJN
[11:12:19] [349/445] ACJN
[11:12:20] [350/445] AMKN
[11:12:21] [351/445] BTCN
[11:12:22] [352/445] AMBT
[11:12:22] [353/445] PACN
[11:12:24] [354/445] LCNS
[11:12:25] [355/445] PPKC
[11:12:26] [356/445] JYYN
[11:12:26] [357/445] JTNR
[11:12:27] [358/445] GTEE
[11:12:28] [359/445] SRNM
[11:12:29] [360/445] SDTC
[11:12:30] [361/445] VPCA
[11:12:32] [362/445] VLRA
[11:12:32] [363/445] SHKR
[11:12:33] [364/445] SBKD
[11:12:34] [365/445] SAAD
[11:12:35] [366/445] JTGN
[11:12:35] [367/445] SLAM
[11:12:36] [368/445] VTPM
[11:12:37] [369/445] ANPT
[11:12:38] [370/445] PUNB
[11:12:39] [371/445] CPKT
[11:12:39] [372/445] CNWE
[11:12:40] [373/445] ECPP
[11:12:41] [374/445] CPAR
[11:12:42] [375/445] ESBW
[11:12:43] [376/445] PKPU
[11:12:44] [377/445] CPRP
[11:12:44] [378/445] RAHU
[11:12:45] [379/445] RHMN
[11:12:46] [380/445] FMJP
[11:12:47] [381/445] CTMP
[11:12:48] [382/445] INPN
[11:12:48] [383/445] STTG
[11:12:49] [384/445] CTRD
[11:12:50] [385/445] PUVB
[11:12:51] [386/445] ESVP
[11:12:52] [387/445] CPFT
[11:12:52] [388/445] LCPC
[11:12:53] [389/445] VBCT
[11:12:54] [390/445] FSCW
[11:12:55] [391/445] VCMP
[11:12:56] [392/445] ASHC
[11:12:57] [393/445] VLCX
[11:12:57] [394/445] SHEV
[11:12:58] [395/445] APCO
[11:12:59] [396/445] SILC
[11:13:00] [397/445] SNMR
[11:13:01] [398/445] KYBO
[11:13:01] [399/445] SATK
[11:13:02] [400/445] SSCS
[11:13:03] [401/445] CLSB
[11:13:04] [402/445] KMJR
[11:13:05] [403/445] FSCK
[11:13:05] [404/445] NNKA
[11:13:07] [405/445] CLMK
[11:13:08] [406/445] DMPZ
[11:13:08] [407/445] INQM
[11:13:09] [408/445] CAML
[11:13:10] [409/445] INRK
[11:13:11] [410/445] IMKN
[11:13:12] [411/445] SVNR
[11:13:13] [412/445] INSL
[11:13:14] [413/445] MSMA
[11:13:15] [414/445] MCKK
[11:13:15] [415/445] FCHP
[11:13:17] [416/445] SFCR
[11:13:17] [417/445] NACK
[11:13:18] [418/445] PVAK
[11:13:19] [419/445] INER
[11:13:20] [420/445] RDBK
[11:13:20] [421/445] SVFN
[11:13:22] [422/445] IFRM
[11:13:23] [423/445] ATCK
[11:13:23] [424/445] ASKO
[11:13:24] [425/445] STKT
[11:13:25] [426/445] SVFB
[11:13:26] [427/445] INKS
[11:13:28] [428/445] PCRA
[11:13:29] [429/445] ATJA
[11:13:30] [430/445] IMJN
[11:13:31] [431/445] INHD
[11:13:32] [432/445] BARA
[11:13:33] [433/445] MCSL
[11:13:33] [434/445] RTOY
[11:13:34] [435/445] MENO
[11:13:35] [436/445] PUDM
[11:13:36] [437/445] PRCN
[11:13:36] [438/445] JMJR
[11:13:37] [439/445] SSGK
[11:13:38] [440/445] SSRL
[11:13:39] [441/445] JYKL
[11:13:40] [442/445] ACNB
[11:13:40] [443/445] SONP
[11:13:41] [444/445] EMCI
[11:13:42] [445/445] MRJH
[11:13:43] 🧹 Deduping shows
[11:13:43] ✅ DONE | Shows=889 | Movies=49
