[04:56:32] 🚀 SCRIPT STARTED
[04:56:32] [1/459] NECA
[04:56:32] 🧠 New identity created
[04:56:33] [2/459] BJLC
[04:56:34] [3/459] BASU
[04:56:35] [4/459] RUPI
[04:56:36] [5/459] LCBK
[04:56:37] [6/459] PMAC
[04:56:37] [7/459] AMLC
[04:56:38] [8/459] LICL
[04:56:39] [9/459] UDMM
[04:56:40] [10/459] STBZ
[04:56:41] [11/459] UUBT
[04:56:42] [12/459] SJKC
[04:56:43] [13/459] TUAL
[04:56:44] [14/459] MRSE
[04:56:44] [15/459] RMRK
[04:56:45] [16/459] TTKP
[04:56:46] [17/459] KTKO
[04:56:47] [18/459] SDBK
[04:56:48] [19/459] MCPR
[04:56:48] [20/459] CHTI
[04:56:50] [21/459] GCCP
[04:56:51] [22/459] SRMY
[04:56:52] [23/459] NYST
[04:56:53] [24/459] NYAG
[04:56:53] [25/459] SBMT
[04:56:54] [26/459] INGA
[04:56:55] [27/459] WSIC
[04:56:56] [28/459] SCSS
[04:56:56] [29/459] COPG
[04:56:57] [30/459] RCGR
[04:56:58] [31/459] TCZA
[04:56:59] [32/459] CNLP
[04:56:59] [33/459] CLKN
[04:57:00] [34/459] LHDF
[04:57:02] [35/459] ELKC
[04:57:03] [36/459] VCEM
[04:57:04] [37/459] SSZA
[04:57:06] [38/459] KRMT
[04:57:07] [39/459] LCMV
[04:57:07] [40/459] AYCZ
[04:57:08] [41/459] CUMS
[04:57:09] [42/459] BOCK
[04:57:10] [43/459] PNMR
[04:57:11] [44/459] PJCP
[04:57:11] [45/459] JDDD
[04:57:12] [46/459] STMS
[04:57:13] [47/459] FLMB
[04:57:14] [48/459] PKCM
[04:57:15] [49/459] SPPR
[04:57:16] [50/459] EYLH
[04:57:16] [51/459] RJCC
[04:57:17] [52/459] MMPS
[04:57:18] [53/459] SHMX
[04:57:19] [54/459] CCNL
[04:57:20] [55/459] RCNV
[04:57:21] [56/459] MAAG
[04:57:22] [57/459] LXCM
[04:57:23] [58/459] RCNI
[04:57:23] [59/459] SNNI
[04:57:24] [60/459] LALC
[04:57:25] [61/459] SOCN
[04:57:26] [62/459] JHTP
[04:57:26] [63/459] PITP
[04:57:27] [64/459] CCKW
[04:57:28] [65/459] MCMC
[04:57:29] [66/459] DEES
[04:57:30] [67/459] SABT
[04:57:31] [68/459] VSPP
[04:57:31] [69/459] ABCT
[04:57:32] [70/459] JVTB
[04:57:33] [71/459] VCBD
[04:57:34] [72/459] RMGG
[04:57:35] [73/459] RNMH
[04:57:36] [74/459] SPGL
[04:57:37] [75/459] JTTR
[04:57:38] [76/459] SICS
[04:57:39] [77/459] SRMI
[04:57:39] [78/459] SSIJ
[04:57:40] [79/459] KFMT
[04:57:41] [80/459] VBIT
[04:57:43] [81/459] JKCT
[04:57:44] [82/459] GCGP
[04:57:45] [83/459] GDCS
[04:57:45] [84/459] TRBA
[04:57:46] [85/459] QUST
[04:57:47] [86/459] VSHM
[04:57:48] [87/459] SDCP
[04:57:49] [88/459] SNVS
[04:57:49] [89/459] NYTO
[04:57:50] [90/459] URWC
[04:57:51] [91/459] GTWH
[04:57:52] [92/459] PFCM
[04:57:52] [93/459] KRTA
[04:57:53] [94/459] AXMC
[04:57:54] [95/459] EVMC
[04:57:55] [96/459] HGSM
[04:57:56] [97/459] ACVM
[04:57:56] [98/459] PSKL
[04:57:57] [99/459] RDMP
[04:57:58] [100/459] RHGH
[04:57:59] [101/459] OMCM
[04:58:00] [102/459] DCCP
[04:58:00] [103/459] MCPB
[04:58:01] [104/459] ALCI
[04:58:02] [105/459] BLMX
[04:58:03] [106/459] BTMV
[04:58:04] [107/459] FVPN
[04:58:05] [108/459] CMAR
[04:58:06] [109/459] CEIM
[04:58:07] [110/459] CMVA
[04:58:08] [111/459] CPIV
[04:58:08] [112/459] CNPE
[04:58:10] [113/459] COLV
[04:58:11] [114/459] DNNV
[04:58:11] [115/459] HCAD
[04:58:12] [116/459] TAKA
[04:58:13] [117/459] INVD
[04:58:14] [118/459] IRMM
[04:58:15] [119/459] INSE
[04:58:15] [120/459] MRSW
[04:58:16] [121/459] MCVD
[04:58:17] [122/459] MCSO
[04:58:18] [123/459] PEVM
[04:58:19] [124/459] PVNL
[04:58:19] [125/459] PTCV
[04:58:20] [126/459] PRTC
[04:58:21] [127/459] RCVA
[04:58:22] [128/459] MTBN
[04:58:23] [129/459] LUCP
[04:58:24] [130/459] FMPT
[04:58:25] [131/459] JLSL
[04:58:25] [132/459] SBHA
[04:58:26] [133/459] SHRC
[04:58:27] [134/459] AVPS
[04:58:28] [135/459] STPM
[04:58:28] [136/459] ATRD
[04:58:29] [137/459] VTED
[04:58:30] [138/459] ACAI
[04:58:31] [139/459] SMAE
[04:58:32] [140/459] VMAT
[04:58:32] [141/459] LKCT
[04:58:33] [142/459] JTVK
[04:58:34] [143/459] PRTY
[04:58:35] [144/459] GETT
[04:58:35] [145/459] ESAP
[04:58:36] [146/459] NCPM
[04:58:38] [147/459] PCPA
[04:58:39] [148/459] MMOM
[04:58:40] [149/459] PHUP
[04:58:41] [150/459] CCPI
[04:58:42] [151/459] CNTD
[04:58:43] [152/459] NLJR
[04:58:43] [153/459] SRNG
[04:58:44] [154/459] MHAL
[04:58:45] [155/459] PNSM
[04:58:46] [156/459] DRMY
[04:58:47] [157/459] CCMU
[04:58:48] [158/459] SCMY
[04:58:48] [159/459] PVSY
[04:58:49] [160/459] SDLM
[04:58:50] [161/459] ICCM
[04:58:51] [162/459] PYSU
[04:58:51] [163/459] GATM
[04:58:52] [164/459] WOTM
[04:58:53] [165/459] RKTS
[04:58:54] [166/459] PMTY
[04:58:55] [167/459] LYMS
[04:58:56] [168/459] TGCA
[04:58:56] [169/459] DSTA
[04:58:58] [170/459] CNGE
[04:58:59] [171/459] VSTG
[04:59:00] [172/459] GTCK
[04:59:01] [173/459] TGNT
[04:59:02] [174/459] ASLC
[04:59:03] [175/459] SSST
[04:59:03] [176/459] KBTT
[04:59:04] [177/459] HKCP
[04:59:05] [178/459] SWLC
[04:59:06] [179/459] RTND
[04:59:07] [180/459] PKKT
[04:59:08] [181/459] HSTK
[04:59:09] [182/459] SPTT
[04:59:09] [183/459] IMPM
[04:59:10] [184/459] SCMV
[04:59:11] [185/459] SPCT
[04:59:12] [186/459] JBCA
[04:59:13] [187/459] ATTR
[04:59:13] [188/459] SPMT
[04:59:15] [189/459] LCTM
[04:59:16] [190/459] SCVL
[04:59:16] [191/459] SCVT
[04:59:17] [192/459] KRIC
[04:59:18] [193/459] CTMG
[04:59:19] [194/459] ACNC
[04:59:20] [195/459] DMCK
[04:59:21] [196/459] KMTV
[04:59:22] [197/459] PFCJ
[04:59:23] [198/459] VNMD
[04:59:23] [199/459] VPCZ
[04:59:25] [200/459] SRYR
[04:59:26] [201/459] SYTR
[04:59:26] [202/459] GATR
[04:59:28] [203/459] URTR
[04:59:29] [204/459] MKSM
[04:59:30] [205/459] VSMH
[04:59:31] [206/459] SKRJ
[04:59:32] [207/459] SSJR
[04:59:33] [208/459] SVSM
[04:59:34] [209/459] RUCM
[04:59:35] [210/459] PRKN
[04:59:36] [211/459] RROH
[04:59:37] [212/459] SCTN
[04:59:38] [213/459] RTDM
[04:59:39] [214/459] ASRM
[04:59:40] [215/459] SKMD
[04:59:41] [216/459] SUTD
[04:59:42] [217/459] SADM
[04:59:43] [218/459] WCNR
[04:59:43] [219/459] CNED
[04:59:44] [220/459] MPDB
[04:59:45] [221/459] KTBH
[04:59:46] [222/459] IDRM
[04:59:46] [223/459] PJJT
[04:59:47] [224/459] PFCV
[04:59:48] [225/459] AACT
[04:59:49] [226/459] AAAD
[04:59:50] [227/459] ANES
[04:59:50] [228/459] MNCA
[04:59:51] [229/459] RMGU
[04:59:52] [230/459] DLCN
[04:59:53] [231/459] LJWT
[04:59:53] [232/459] MCBG
[04:59:54] [233/459] MYBG
[04:59:55] [234/459] GCCA
[04:59:56] [235/459] GCGA
[04:59:56] [236/459] ECGN
[04:59:57] [237/459] PRAB
[04:59:58] [238/459] PNMP
[04:59:59] [239/459] GCPT
[05:00:00] [240/459] ROYN
[05:00:00] [241/459] VATM
[05:00:01] [242/459] KSNT
[05:00:03] [243/459] ACTC
[05:00:03] [244/459] PLTD
[05:00:05] [245/459] SKMK
[05:00:05] [246/459] CMTT
[05:00:06] [247/459] SMXP
[05:00:07] [248/459] SCMX
[05:00:08] [249/459] ACXN
[05:00:09] [250/459] ASWT
[05:00:10] [251/459] VVVL
[05:00:11] [252/459] NAGO
[05:00:11] [253/459] SNCN
[05:00:13] [254/459] MCKP
[05:00:14] [255/459] SAMO
[05:00:14] [256/459] JBTV
[05:00:15] [257/459] DCVV
[05:00:16] [258/459] KMSV
[05:00:17] [259/459] KDCN
[05:00:18] [260/459] CNCP
[05:00:18] [261/459] HAMC
[05:00:20] [262/459] CCVZ
[05:00:21] [263/459] NCCK
[05:00:22] [264/459] MCHR
[05:00:22] [265/459] SCHT
[05:00:23] [266/459] ESSH
[05:00:25] [267/459] CUJC
[05:00:26] [268/459] PECP
[05:00:26] [269/459] PMMI
[05:00:27] [270/459] PCCH
[05:00:28] [271/459] PRPM
[05:00:29] [272/459] PVKL
[05:00:30] [273/459] CBSM
[05:00:30] [274/459] PVCZ
[05:00:32] [275/459] PCVV
[05:00:33] [276/459] CTMJ
[05:00:34] [277/459] RCPS
[05:00:34] [278/459] PCIT
[05:00:35] [279/459] FNCH
[05:00:36] [280/459] INZD
[05:00:37] [281/459] INPC
[05:00:38] [282/459] LCZP
[05:00:39] [283/459] SMCB
[05:00:40] [284/459] PTSB
[05:00:41] [285/459] TPSI
[05:00:41] [286/459] KHMJ
[05:00:42] [287/459] RCCJ
[05:00:43] [288/459] NCJA
[05:00:44] [289/459] NCJN
[05:00:44] [290/459] BTDP
[05:00:45] [291/459] PADY
[05:00:46] [292/459] NYBH
[05:00:47] [293/459] MTBR
[05:00:48] [294/459] KRBC
[05:00:49] [295/459] DKTI
[05:00:49] [296/459] ANAN
[05:00:50] [297/459] INBP
[05:00:51] [298/459] PATB
[05:00:52] [299/459] RGNT
[05:00:53] [300/459] CGPM
[05:00:54] [301/459] INTN
[05:00:56] [302/459] MCMP
[05:00:56] [303/459] ASRG
[05:00:57] [304/459] CXJD
[05:00:58] [305/459] SPCP
[05:00:59] [306/459] CSTP
[05:00:59] [307/459] PKVC
[05:01:00] [308/459] ESCP
[05:01:01] [309/459] CAEP
[05:01:01] [310/459] CCSP
[05:01:02] [311/459] KTPC
[05:01:03] [312/459] DACA
[05:01:04] [313/459] NVKY
[05:01:05] [314/459] PTIN
[05:01:06] [315/459] SCIN
[05:01:06] [316/459] MCTY
[05:01:07] [317/459] PCMX
[05:01:08] [318/459] INIC
[05:01:09] [319/459] MMZM
[05:01:09] [320/459] SSLP
[05:01:10] [321/459] DTDT
[05:01:11] [322/459] FFCX
[05:01:12] [323/459] RCMM
[05:01:13] [324/459] KYID
[05:01:14] [325/459] CSCI
[05:01:15] [326/459] FCMC
[05:01:16] [327/459] MMXI
[05:01:17] [328/459] ASTC
[05:01:17] [329/459] CMRA
[05:01:18] [330/459] DICI
[05:01:19] [331/459] KDIN
[05:01:20] [332/459] PRFI
[05:01:21] [333/459] SVFC
[05:01:22] [334/459] UCPL
[05:01:23] [335/459] COOC
[05:01:23] [336/459] SCAL
[05:01:24] [337/459] SVFF
[05:01:25] [338/459] VCMG
[05:01:26] [339/459] UUCT
[05:01:26] [340/459] GCSE
[05:01:28] [341/459] SUSC
[05:01:29] [342/459] MISC
[05:01:30] [343/459] RMBL
[05:01:31] [344/459] CMXN
[05:01:32] [345/459] PVBK
[05:01:33] [346/459] HHCG
[05:01:34] [347/459] SCAG
[05:01:35] [348/459] CNPR
[05:01:36] [349/459] CSER
[05:01:37] [350/459] HLWD
[05:01:38] [351/459] BOLY
[05:01:39] [352/459] SSPG
[05:01:40] [353/459] MUPX
[05:01:40] [354/459] HAMR
[05:01:41] [355/459] SDNC
[05:01:42] [356/459] RTEN
[05:01:43] [357/459] SDTD
[05:01:44] [358/459] KAWS
[05:01:45] [359/459] CMZX
[05:01:46] [360/459] DCDD
[05:01:47] [361/459] ALSN
[05:01:48] [362/459] IMXS
[05:01:49] [363/459] PVFF
[05:01:49] [364/459] PVOO
[05:01:50] [365/459] CFBS
[05:01:51] [366/459] PVER
[05:01:51] [367/459] PPNX
[05:01:52] [368/459] CNRM
[05:01:53] [369/459] PVWW
[05:01:54] [370/459] INMB
[05:01:55] [371/459] CPJR
[05:01:55] [372/459] INRZ
[05:01:56] [373/459] PMSR
[05:01:57] [374/459] GPGM
[05:01:58] [375/459] PGWB
[05:01:59] [376/459] PMBR
[05:02:00] [377/459] GPAM
[05:02:01] [378/459] INBC
[05:02:02] [379/459] PZVK
[05:02:03] [380/459] CPEB
[05:02:04] [381/459] FMLB
[05:02:05] [382/459] INBG
[05:02:06] [383/459] GPBR
[05:02:07] [384/459] PAAS
[05:02:08] [385/459] VTBR
[05:02:09] [386/459] GPMY
[05:02:10] [387/459] GYBU
[05:02:11] [388/459] INBJ
[05:02:12] [389/459] LKTH
[05:02:12] [390/459] NSBR
[05:02:14] [391/459] PDRD
[05:02:15] [392/459] VRBL
[05:02:15] [393/459] VTGB
[05:02:16] [394/459] VTSK
[05:02:17] [395/459] BKDV
[05:02:18] [396/459] SVTB
[05:02:19] [397/459] MLDT
[05:02:20] [398/459] NRBL
[05:02:20] [399/459] SLTR
[05:02:21] [400/459] VNKA
[05:02:23] [401/459] TDCA
[05:02:23] [402/459] INBM
[05:02:24] [403/459] SSNR
[05:02:25] [404/459] BHAC
[05:02:26] [405/459] SDSD
[05:02:27] [406/459] SAMP
[05:02:28] [407/459] RATK
[05:02:29] [408/459] KCBI
[05:02:29] [409/459] URBL
[05:02:30] [410/459] MKBG
[05:02:31] [411/459] ASTB
[05:02:32] [412/459] VBWT
[05:02:33] [413/459] GPSM
[05:02:33] [414/459] ROON
[05:02:34] [415/459] CHTH
[05:02:35] [416/459] SSPA
[05:02:36] [417/459] ANBL
[05:02:36] [418/459] VTBE
[05:02:37] [419/459] SVKT
[05:02:38] [420/459] SVYK
[05:02:39] [421/459] PTBK
[05:02:40] [422/459] RKTB
[05:02:41] [423/459] BALT
[05:02:41] [424/459] STSV
[05:02:43] [425/459] VCCB
[05:02:43] [426/459] SLTB
[05:02:44] [427/459] SBCR
[05:02:45] [428/459] VDCS
[05:02:46] [429/459] MDKI
[05:02:47] [430/459] SMRN
[05:02:47] [431/459] PTBC
[05:02:48] [432/459] RADI
[05:02:49] [433/459] ADCR
[05:02:50] [434/459] SDCS
[05:02:51] [435/459] SRPJ
[05:02:52] [436/459] ARTS
[05:02:53] [437/459] SRHK
[05:02:53] [438/459] SPAY
[05:02:54] [439/459] GPTB
[05:02:55] [440/459] SNNN
[05:02:57] [441/459] BALJ
[05:02:57] [442/459] TRIG
[05:02:59] [443/459] GTYT
[05:03:00] [444/459] ATGN
[05:03:01] [445/459] ANTE
[05:03:02] [446/459] BDCG
[05:03:03] [447/459] VECI
[05:03:03] [448/459] SCPR
[05:03:04] [449/459] RTEA
[05:03:06] [450/459] JSAI
[05:03:07] [451/459] VJTP
[05:03:07] [452/459] GNDS
[05:03:08] [453/459] PAXA
[05:03:09] [454/459] CGGM
[05:03:10] [455/459] ACKZ
[05:03:11] [456/459] EMCC
[05:03:11] [457/459] KLSK
[05:03:13] [458/459] AVCK
[05:03:14] [459/459] JTCK
[05:03:15] 🧹 Deduping shows
[05:03:15] ✅ DONE | Shows=589 | Movies=45
[07:59:18] 🚀 SCRIPT STARTED
[07:59:18] [1/459] NECA
[07:59:18] 🧠 New identity created
[07:59:18] [2/459] BJLC
[07:59:19] [3/459] BASU
[07:59:20] [4/459] RUPI
[07:59:21] [5/459] LCBK
[07:59:22] [6/459] PMAC
[07:59:23] [7/459] AMLC
[07:59:23] [8/459] LICL
[07:59:24] [9/459] UDMM
[07:59:26] [10/459] STBZ
[07:59:26] [11/459] UUBT
[07:59:27] [12/459] SJKC
[07:59:28] [13/459] TUAL
[07:59:29] [14/459] MRSE
[07:59:30] [15/459] RMRK
[07:59:31] [16/459] TTKP
[07:59:32] [17/459] KTKO
[07:59:33] [18/459] SDBK
[07:59:34] [19/459] MCPR
[07:59:35] [20/459] CHTI
[07:59:36] [21/459] GCCP
[07:59:37] [22/459] SRMY
[07:59:38] [23/459] NYST
[07:59:40] [24/459] NYAG
[07:59:40] [25/459] SBMT
[07:59:41] [26/459] INGA
[07:59:42] [27/459] WSIC
[07:59:43] [28/459] SCSS
[07:59:44] [29/459] COPG
[07:59:45] [30/459] RCGR
[07:59:46] [31/459] TCZA
[07:59:46] [32/459] CNLP
[07:59:47] [33/459] CLKN
[07:59:48] [34/459] LHDF
[07:59:49] [35/459] ELKC
[07:59:50] [36/459] VCEM
[07:59:51] [37/459] SSZA
[07:59:51] [38/459] KRMT
[07:59:52] [39/459] LCMV
[07:59:53] [40/459] AYCZ
[07:59:54] [41/459] CUMS
[07:59:55] [42/459] BOCK
[07:59:57] [43/459] PNMR
[07:59:57] [44/459] PJCP
[07:59:58] [45/459] JDDD
[07:59:59] [46/459] STMS
[08:00:00] [47/459] FLMB
[08:00:01] [48/459] PKCM
[08:00:01] [49/459] SPPR
[08:00:02] [50/459] EYLH
[08:00:03] [51/459] RJCC
[08:00:04] [52/459] MMPS
[08:00:05] [53/459] SHMX
[08:00:06] [54/459] CCNL
[08:00:07] [55/459] RCNV
[08:00:08] [56/459] MAAG
[08:00:09] [57/459] LXCM
[08:00:10] [58/459] RCNI
[08:00:10] [59/459] SNNI
[08:00:12] [60/459] LALC
[08:00:13] [61/459] SOCN
[08:00:13] [62/459] JHTP
[08:00:14] [63/459] PITP
[08:00:16] [64/459] CCKW
[08:00:17] [65/459] MCMC
[08:00:18] [66/459] DEES
[08:00:19] [67/459] SABT
[08:00:20] [68/459] VSPP
[08:00:21] [69/459] ABCT
[08:00:22] [70/459] JVTB
[08:00:23] [71/459] VCBD
[08:00:23] [72/459] RMGG
[08:00:24] [73/459] RNMH
[08:00:25] [74/459] SPGL
[08:00:26] [75/459] JTTR
[08:00:27] [76/459] SICS
[08:00:28] [77/459] SRMI
[08:00:29] [78/459] SSIJ
[08:00:30] [79/459] KFMT
[08:00:31] [80/459] VBIT
[08:00:31] [81/459] JKCT
[08:00:32] [82/459] GCGP
[08:00:33] [83/459] GDCS
[08:00:34] [84/459] TRBA
[08:00:35] [85/459] QUST
[08:00:36] [86/459] VSHM
[08:00:37] [87/459] SDCP
[08:00:37] [88/459] SNVS
[08:00:38] [89/459] NYTO
[08:00:40] [90/459] URWC
[08:00:41] [91/459] GTWH
[08:00:42] [92/459] PFCM
[08:00:42] [93/459] KRTA
[08:00:43] [94/459] AXMC
[08:00:44] [95/459] EVMC
[08:00:45] [96/459] HGSM
[08:00:46] [97/459] ACVM
[08:00:47] [98/459] PSKL
[08:00:48] [99/459] RDMP
[08:00:49] [100/459] RHGH
[08:00:50] [101/459] OMCM
[08:00:51] [102/459] DCCP
[08:00:52] [103/459] MCPB
[08:00:53] [104/459] ALCI
[08:00:54] [105/459] BLMX
[08:00:54] [106/459] BTMV
[08:00:55] [107/459] FVPN
[08:00:56] [108/459] CMAR
[08:00:57] [109/459] CEIM
[08:00:58] [110/459] CMVA
[08:00:58] [111/459] CPIV
[08:00:59] [112/459] CNPE
[08:01:00] [113/459] COLV
[08:01:01] [114/459] DNNV
[08:01:02] [115/459] HCAD
[08:01:03] [116/459] TAKA
[08:01:04] [117/459] INVD
[08:01:04] [118/459] IRMM
[08:01:05] [119/459] INSE
[08:01:06] [120/459] MRSW
[08:01:07] [121/459] MCVD
[08:01:08] [122/459] MCSO
[08:01:09] [123/459] PEVM
[08:01:10] [124/459] PVNL
[08:01:10] [125/459] PTCV
[08:01:11] [126/459] PRTC
[08:01:12] [127/459] RCVA
[08:01:13] [128/459] MTBN
[08:01:14] [129/459] LUCP
[08:01:15] [130/459] FMPT
[08:01:16] [131/459] JLSL
[08:01:17] [132/459] SBHA
[08:01:18] [133/459] SHRC
[08:01:19] [134/459] AVPS
[08:01:20] [135/459] STPM
[08:01:20] [136/459] ATRD
[08:01:21] [137/459] VTED
[08:01:22] [138/459] ACAI
[08:01:23] [139/459] SMAE
[08:01:24] [140/459] VMAT
[08:01:25] [141/459] LKCT
[08:01:25] [142/459] JTVK
[08:01:26] [143/459] PRTY
[08:01:27] [144/459] GETT
[08:01:28] [145/459] ESAP
[08:01:29] [146/459] NCPM
[08:01:30] [147/459] PCPA
[08:01:31] [148/459] MMOM
[08:01:32] [149/459] PHUP
[08:01:32] [150/459] CCPI
[08:01:33] [151/459] CNTD
[08:01:35] [152/459] NLJR
[08:01:35] [153/459] SRNG
[08:01:36] [154/459] MHAL
[08:01:37] [155/459] PNSM
[08:01:38] [156/459] DRMY
[08:01:39] [157/459] CCMU
[08:01:40] [158/459] SCMY
[08:01:41] [159/459] PVSY
[08:01:42] [160/459] SDLM
[08:01:42] [161/459] ICCM
[08:01:43] [162/459] PYSU
[08:01:44] [163/459] GATM
[08:01:45] [164/459] WOTM
[08:01:45] [165/459] RKTS
[08:01:46] [166/459] PMTY
[08:01:47] [167/459] LYMS
[08:01:48] [168/459] TGCA
[08:01:49] [169/459] DSTA
[08:01:50] [170/459] CNGE
[08:01:51] [171/459] VSTG
[08:01:52] [172/459] GTCK
[08:01:52] [173/459] TGNT
[08:01:53] [174/459] ASLC
[08:01:54] [175/459] SSST
[08:01:55] [176/459] KBTT
[08:01:56] [177/459] HKCP
[08:01:57] [178/459] SWLC
[08:01:58] [179/459] RTND
[08:01:59] [180/459] PKKT
[08:02:00] [181/459] HSTK
[08:02:00] [182/459] SPTT
[08:02:01] [183/459] IMPM
[08:02:02] [184/459] SCMV
[08:02:03] [185/459] SPCT
[08:02:04] [186/459] JBCA
[08:02:05] [187/459] ATTR
[08:02:06] [188/459] SPMT
[08:02:07] [189/459] LCTM
[08:02:08] [190/459] SCVL
[08:02:09] [191/459] SCVT
[08:02:10] [192/459] KRIC
[08:02:11] [193/459] CTMG
[08:02:12] [194/459] ACNC
[08:02:12] [195/459] DMCK
[08:02:13] [196/459] KMTV
[08:02:14] [197/459] PFCJ
[08:02:16] [198/459] VNMD
[08:02:17] [199/459] VPCZ
[08:02:18] [200/459] SRYR
[08:02:19] [201/459] SYTR
[08:02:20] [202/459] GATR
[08:02:21] [203/459] URTR
[08:02:21] [204/459] MKSM
[08:02:22] [205/459] VSMH
[08:02:23] [206/459] SKRJ
[08:02:24] [207/459] SSJR
[08:02:26] [208/459] SVSM
[08:02:26] [209/459] RUCM
[08:02:27] [210/459] PRKN
[08:02:27] [211/459] RROH
[08:02:28] [212/459] SCTN
[08:02:29] [213/459] RTDM
[08:02:30] [214/459] ASRM
[08:02:31] [215/459] SKMD
[08:02:32] [216/459] SUTD
[08:02:33] [217/459] SADM
[08:02:34] [218/459] WCNR
[08:02:35] [219/459] CNED
[08:02:36] [220/459] MPDB
[08:02:36] [221/459] KTBH
[08:02:37] [222/459] IDRM
[08:02:38] [223/459] PJJT
[08:02:39] [224/459] PFCV
[08:02:39] [225/459] AACT
[08:02:40] [226/459] AAAD
[08:02:41] [227/459] ANES
[08:02:42] [228/459] MNCA
[08:02:43] [229/459] RMGU
[08:02:44] [230/459] DLCN
[08:02:45] [231/459] LJWT
[08:02:46] [232/459] MCBG
[08:02:46] [233/459] MYBG
[08:02:47] [234/459] GCCA
[08:02:49] [235/459] GCGA
[08:02:49] [236/459] ECGN
[08:02:50] [237/459] PRAB
[08:02:51] [238/459] PNMP
[08:02:52] [239/459] GCPT
[08:02:53] [240/459] ROYN
[08:02:54] [241/459] VATM
[08:02:55] [242/459] KSNT
[08:02:55] [243/459] ACTC
[08:02:56] [244/459] PLTD
[08:02:57] [245/459] SKMK
[08:02:58] [246/459] CMTT
[08:02:58] [247/459] SMXP
[08:02:59] [248/459] SCMX
[08:03:00] [249/459] ACXN
[08:03:01] [250/459] ASWT
[08:03:01] [251/459] VVVL
[08:03:02] [252/459] NAGO
[08:03:03] [253/459] SNCN
[08:03:03] [254/459] MCKP
[08:03:04] [255/459] SAMO
[08:03:05] [256/459] JBTV
[08:03:06] [257/459] DCVV
[08:03:08] [258/459] KMSV
[08:03:08] [259/459] KDCN
[08:03:09] [260/459] CNCP
[08:03:10] [261/459] HAMC
[08:03:10] [262/459] CCVZ
[08:03:11] [263/459] NCCK
[08:03:12] [264/459] MCHR
[08:03:13] [265/459] SCHT
[08:03:14] [266/459] ESSH
[08:03:15] [267/459] CUJC
[08:03:15] [268/459] PECP
[08:03:16] [269/459] PMMI
[08:03:17] [270/459] PCCH
[08:03:18] [271/459] PRPM
[08:03:19] [272/459] PVKL
[08:03:20] [273/459] CBSM
[08:03:21] [274/459] PVCZ
[08:03:22] [275/459] PCVV
[08:03:23] [276/459] CTMJ
[08:03:23] [277/459] RCPS
[08:03:24] [278/459] PCIT
[08:03:25] [279/459] FNCH
[08:03:25] [280/459] INZD
[08:03:26] [281/459] INPC
[08:03:27] [282/459] LCZP
[08:03:28] [283/459] SMCB
[08:03:29] [284/459] PTSB
[08:03:29] [285/459] TPSI
[08:03:30] [286/459] KHMJ
[08:03:31] [287/459] RCCJ
[08:03:33] [288/459] NCJA
[08:03:33] [289/459] NCJN
[08:03:34] [290/459] BTDP
[08:03:34] [291/459] PADY
[08:03:35] [292/459] NYBH
[08:03:36] [293/459] MTBR
[08:03:36] [294/459] KRBC
[08:03:37] [295/459] DKTI
[08:03:38] [296/459] ANAN
[08:03:39] [297/459] INBP
[08:03:41] [298/459] PATB
[08:03:41] [299/459] RGNT
[08:03:42] [300/459] CGPM
[08:03:42] [301/459] INTN
[08:03:43] [302/459] MCMP
[08:03:44] [303/459] ASRG
[08:03:44] [304/459] CXJD
[08:03:45] [305/459] SPCP
[08:03:46] [306/459] CSTP
[08:03:47] [307/459] PKVC
[08:03:48] [308/459] ESCP
[08:03:48] [309/459] CAEP
[08:03:49] [310/459] CCSP
[08:03:50] [311/459] KTPC
[08:03:51] [312/459] DACA
[08:03:52] [313/459] NVKY
[08:03:53] [314/459] PTIN
[08:03:53] [315/459] SCIN
[08:03:54] [316/459] MCTY
[08:03:55] [317/459] PCMX
[08:03:56] [318/459] INIC
[08:03:56] [319/459] MMZM
[08:03:57] [320/459] SSLP
[08:03:58] [321/459] DTDT
[08:03:59] [322/459] FFCX
[08:04:00] [323/459] RCMM
[08:04:00] [324/459] KYID
[08:04:01] [325/459] CSCI
[08:04:02] [326/459] FCMC
[08:04:03] [327/459] MMXI
[08:04:03] [328/459] ASTC
[08:04:04] [329/459] CMRA
[08:04:05] [330/459] DICI
[08:04:06] [331/459] KDIN
[08:04:07] [332/459] PRFI
[08:04:07] [333/459] SVFC
[08:04:08] [334/459] UCPL
[08:04:10] [335/459] COOC
[08:04:10] [336/459] SCAL
[08:04:11] [337/459] SVFF
[08:04:12] [338/459] VCMG
[08:04:13] [339/459] UUCT
[08:04:15] [340/459] GCSE
[08:04:15] [341/459] SUSC
[08:04:16] [342/459] MISC
[08:04:17] [343/459] RMBL
[08:04:18] [344/459] CMXN
[08:04:19] [345/459] PVBK
[08:04:19] [346/459] HHCG
[08:04:20] [347/459] SCAG
[08:04:21] [348/459] CNPR
[08:04:22] [349/459] CSER
[08:04:22] [350/459] HLWD
[08:04:23] [351/459] BOLY
[08:04:24] [352/459] SSPG
[08:04:25] [353/459] MUPX
[08:04:26] [354/459] HAMR
[08:04:26] [355/459] SDNC
[08:04:28] [356/459] RTEN
[08:04:28] [357/459] SDTD
[08:04:29] [358/459] KAWS
[08:04:30] [359/459] CMZX
[08:04:30] [360/459] DCDD
[08:04:31] [361/459] ALSN
[08:04:32] [362/459] IMXS
[08:04:33] [363/459] PVFF
[08:04:34] [364/459] PVOO
[08:04:35] [365/459] CFBS
[08:04:35] [366/459] PVER
[08:04:36] [367/459] PPNX
[08:04:37] [368/459] CNRM
[08:04:38] [369/459] PVWW
[08:04:39] [370/459] INMB
[08:04:40] [371/459] CPJR
[08:04:40] [372/459] INRZ
[08:04:41] [373/459] PMSR
[08:04:42] [374/459] GPGM
[08:04:43] [375/459] PGWB
[08:04:44] [376/459] PMBR
[08:04:45] [377/459] GPAM
[08:04:46] [378/459] INBC
[08:04:47] [379/459] PZVK
[08:04:47] [380/459] CPEB
[08:04:48] [381/459] FMLB
[08:04:49] [382/459] INBG
[08:04:50] [383/459] GPBR
[08:04:51] [384/459] PAAS
[08:04:53] [385/459] VTBR
[08:04:53] [386/459] GPMY
[08:04:54] [387/459] GYBU
[08:04:55] [388/459] INBJ
[08:04:56] [389/459] LKTH
[08:04:57] [390/459] NSBR
[08:04:58] [391/459] PDRD
[08:04:58] [392/459] VRBL
[08:04:59] [393/459] VTGB
[08:05:00] [394/459] VTSK
[08:05:01] [395/459] BKDV
[08:05:02] [396/459] SVTB
[08:05:02] [397/459] MLDT
[08:05:03] [398/459] NRBL
[08:05:04] [399/459] SLTR
[08:05:06] [400/459] VNKA
[08:05:07] [401/459] TDCA
[08:05:07] [402/459] INBM
[08:05:07] [403/459] SSNR
[08:05:08] [404/459] BHAC
[08:05:09] [405/459] SDSD
[08:05:10] [406/459] SAMP
[08:05:11] [407/459] RATK
[08:05:12] [408/459] KCBI
[08:05:13] [409/459] URBL
[08:05:14] [410/459] MKBG
[08:05:15] [411/459] ASTB
[08:05:16] [412/459] VBWT
[08:05:16] [413/459] GPSM
[08:05:18] [414/459] ROON
[08:05:19] [415/459] CHTH
[08:05:20] [416/459] SSPA
[08:05:21] [417/459] ANBL
[08:05:22] [418/459] VTBE
[08:05:24] [419/459] SVKT
[08:05:24] [420/459] SVYK
[08:05:25] [421/459] PTBK
[08:05:27] [422/459] RKTB
[08:05:28] [423/459] BALT
[08:05:28] [424/459] STSV
[08:05:29] [425/459] VCCB
[08:05:30] [426/459] SLTB
[08:05:30] [427/459] SBCR
[08:05:31] [428/459] VDCS
[08:05:32] [429/459] MDKI
[08:05:33] [430/459] SMRN
[08:05:34] [431/459] PTBC
[08:05:35] [432/459] RADI
[08:05:36] [433/459] ADCR
[08:05:37] [434/459] SDCS
[08:05:37] [435/459] SRPJ
[08:05:38] [436/459] ARTS
[08:05:39] [437/459] SRHK
[08:05:39] [438/459] SPAY
[08:05:40] [439/459] GPTB
[08:05:41] [440/459] SNNN
[08:05:42] [441/459] BALJ
[08:05:42] [442/459] TRIG
[08:05:43] [443/459] GTYT
[08:05:44] [444/459] ATGN
[08:05:45] [445/459] ANTE
[08:05:46] [446/459] BDCG
[08:05:47] [447/459] VECI
[08:05:47] [448/459] SCPR
[08:05:49] [449/459] RTEA
[08:05:49] [450/459] JSAI
[08:05:50] [451/459] VJTP
[08:05:51] [452/459] GNDS
[08:05:52] [453/459] PAXA
[08:05:52] [454/459] CGGM
[08:05:53] [455/459] ACKZ
[08:05:54] [456/459] EMCC
[08:05:55] [457/459] KLSK
[08:05:56] [458/459] AVCK
[08:05:57] [459/459] JTCK
[08:05:57] 🧹 Deduping shows
[08:05:57] ✅ DONE | Shows=612 | Movies=46
