[04:56:33] 🚀 SCRIPT STARTED
[04:56:33] [1/459] MBDC
[04:56:33] 🧠 New identity created
[04:56:34] [2/459] CHKM
[04:56:34] [3/459] JTKZ
[04:56:35] [4/459] CMCT
[04:56:36] [5/459] ASHO
[04:56:36] [6/459] ECDG
[04:56:37] [7/459] SPAT
[04:56:38] [8/459] HILC
[04:56:38] [9/459] SPPH
[04:56:39] [10/459] SBHN
[04:56:39] [11/459] RRCA
[04:56:40] [12/459] APAA
[04:56:41] [13/459] RAME
[04:56:41] [14/459] TMMS
[04:56:42] [15/459] BATK
[04:56:42] [16/459] LKOP
[04:56:43] [17/459] AMTT
[04:56:44] [18/459] PTGK
[04:56:44] [19/459] ANRS
[04:56:45] [20/459] VWBW
[04:56:46] [21/459] SVFG
[04:56:46] [22/459] STAT
[04:56:47] [23/459] GDCV
[04:56:47] [24/459] VEBI
[04:56:48] [25/459] VDSS
[04:56:49] [26/459] NTHV
[04:56:49] [27/459] AOCH
[04:56:50] [28/459] KASR
[04:56:50] [29/459] AYCS
[04:56:51] [30/459] SHAI
[04:56:51] [31/459] SKPE
[04:56:52] [32/459] SBTA
[04:56:52] [33/459] RTTD
[04:56:53] [34/459] CCJD
[04:56:54] [35/459] RSJJ
[04:56:54] [36/459] RKND
[04:56:55] [37/459] SVTX
[04:56:56] [38/459] BAKM
[04:56:56] [39/459] SVDC
[04:56:57] [40/459] MNCV
[04:56:57] [41/459] SJGC
[04:56:58] [42/459] MTPK
[04:56:58] [43/459] GATP
[04:56:59] [44/459] ABTS
[04:57:00] [45/459] ABDE
[04:57:00] [46/459] RCNM
[04:57:01] [47/459] KTHV
[04:57:02] [48/459] MDGJ
[04:57:02] [49/459] SMLM
[04:57:03] [50/459] JTMA
[04:57:03] [51/459] ACKP
[04:57:04] [52/459] SRTA
[04:57:04] [53/459] STAY
[04:57:05] [54/459] MAVO
[04:57:05] [55/459] APTS
[04:57:06] [56/459] OMEA
[04:57:06] [57/459] TTFD
[04:57:07] [58/459] MJCU
[04:57:08] [59/459] CXTE
[04:57:09] [60/459] CTPX
[04:57:09] [61/459] ASSL
[04:57:10] [62/459] CMVB
[04:57:11] [63/459] VPUR
[04:57:11] [64/459] JJDA
[04:57:12] [65/459] INBL
[04:57:12] [66/459] BIKB
[04:57:13] [67/459] NTBB
[04:57:13] [68/459] GLOB
[04:57:14] [69/459] SNTB
[04:57:15] [70/459] CHGV
[04:57:15] [71/459] SSBZ
[04:57:16] [72/459] PRDB
[04:57:16] [73/459] ISMT
[04:57:17] [74/459] MCSD
[04:57:17] [75/459] JBTT
[04:57:18] [76/459] GEKR
[04:57:19] [77/459] PVUN
[04:57:19] [78/459] NRTB
[04:57:20] [79/459] PRAA
[04:57:20] [80/459] PCBL
[04:57:21] [81/459] PTCM
[04:57:22] [82/459] KHNN
[04:57:22] [83/459] OMJE
[04:57:23] [84/459] STGN
[04:57:23] [85/459] RPMS
[04:57:24] [86/459] NWAD
[04:57:25] [87/459] BLCK
[04:57:25] [88/459] SVAA
[04:57:26] [89/459] URVM
[04:57:27] [90/459] ANTM
[04:57:27] [91/459] VJYM
[04:57:28] [92/459] MAZZ
[04:57:28] [93/459] CSHM
[04:57:29] [94/459] WGMH
[04:57:29] [95/459] SALN
[04:57:30] [96/459] BRTP
[04:57:31] [97/459] SVTA
[04:57:31] [98/459] SBTP
[04:57:32] [99/459] VLSS
[04:57:32] [100/459] SRJA
[04:57:33] [101/459] ANCG
[04:57:33] [102/459] CGGC
[04:57:34] [103/459] CRJA
[04:57:34] [104/459] USCR
[04:57:35] [105/459] MMEF
[04:57:35] [106/459] JCRJ
[04:57:36] [107/459] ADCM
[04:57:37] [108/459] BMYK
[04:57:37] [109/459] KICS
[04:57:38] [110/459] MBBT
[04:57:38] [111/459] MACK
[04:57:39] [112/459] CLDR
[04:57:39] [113/459] JYCR
[04:57:40] [114/459] DCRP
[04:57:40] [115/459] RAHT
[04:57:41] [116/459] CSSM
[04:57:42] [117/459] ATPK
[04:57:42] [118/459] KLRT
[04:57:43] [119/459] SRDD
[04:57:44] [120/459] CKMC
[04:57:44] [121/459] KRVM
[04:57:45] [122/459] AKCP
[04:57:45] [123/459] CNCV
[04:57:46] [124/459] PACT
[04:57:47] [125/459] NATP
[04:57:47] [126/459] PCPK
[04:57:48] [127/459] SMHO
[04:57:48] [128/459] CWTK
[04:57:49] [129/459] RVKZ
[04:57:49] [130/459] ASPD
[04:57:50] [131/459] VTKZ
[04:57:51] [132/459] LCSO
[04:57:51] [133/459] PRDY
[04:57:52] [134/459] RCAP
[04:57:52] [135/459] RGAR
[04:57:53] [136/459] RCAC
[04:57:53] [137/459] PMOD
[04:57:54] [138/459] PVCN
[04:57:54] [139/459] SCRZ
[04:57:55] [140/459] PVPC
[04:57:55] [141/459] STID
[04:57:56] [142/459] NEDD
[04:57:56] [143/459] BNBA
[04:57:57] [144/459] NTCD
[04:57:57] [145/459] OCDE
[04:57:58] [146/459] CCDU
[04:57:58] [147/459] CRXH
[04:57:59] [148/459] VLVT
[04:57:59] [149/459] CICI
[04:58:00] [150/459] SUCB
[04:58:00] [151/459] TCBP
[04:58:01] [152/459] SCCY
[04:58:01] [153/459] LXCY
[04:58:02] [154/459] NCMD
[04:58:02] [155/459] PHCS
[04:58:03] [156/459] DUXR
[04:58:03] [157/459] VNKS
[04:58:04] [158/459] SEDP
[04:58:05] [159/459] SVEN
[04:58:05] [160/459] SRKM
[04:58:06] [161/459] JTLT
[04:58:06] [162/459] SVSS
[04:58:07] [163/459] AMDE
[04:58:07] [164/459] WVRN
[04:58:08] [165/459] ISMG
[04:58:09] [166/459] WVKS
[04:58:09] [167/459] USCG
[04:58:10] [168/459] IOTG
[04:58:10] [169/459] RRJM
[04:58:11] [170/459] EDMP
[04:58:11] [171/459] SCGZ
[04:58:12] [172/459] GMGX
[04:58:13] [173/459] OMTP
[04:58:13] [174/459] MITD
[04:58:14] [175/459] SMMD
[04:58:15] [176/459] STML
[04:58:15] [177/459] MCFS
[04:58:16] [178/459] FPKA
[04:58:16] [179/459] OMLR
[04:58:17] [180/459] KKSC
[04:58:17] [181/459] RVMA
[04:58:18] [182/459] SCLL
[04:58:18] [183/459] SCDK
[04:58:19] [184/459] SXMI
[04:58:19] [185/459] SHDN
[04:58:20] [186/459] PAAD
[04:58:20] [187/459] UUCB
[04:58:21] [188/459] JHOL
[04:58:21] [189/459] SGWT
[04:58:22] [190/459] SRII
[04:58:23] [191/459] SGCK
[04:58:23] [192/459] SVVB
[04:58:24] [193/459] DMHA
[04:58:24] [194/459] PPNL
[04:58:25] [195/459] CPNL
[04:58:25] [196/459] WVLD
[04:58:26] [197/459] PSLV
[04:58:27] [198/459] VTTL
[04:58:27] [199/459] NPAD
[04:58:28] [200/459] PVCS
[04:58:28] [201/459] MCHL
[04:58:29] [202/459] PPLL
[04:58:29] [203/459] MALO
[04:58:30] [204/459] SWBH
[04:58:30] [205/459] PUGB
[04:58:31] [206/459] INBB
[04:58:32] [207/459] INNS
[04:58:32] [208/459] MCPT
[04:58:33] [209/459] SCMI
[04:58:33] [210/459] OCON
[04:58:34] [211/459] SCSM
[04:58:35] [212/459] RJVN
[04:58:35] [213/459] AMDK
[04:58:36] [214/459] ISMR
[04:58:36] [215/459] SMTD
[04:58:37] [216/459] VTDD
[04:58:37] [217/459] PDDZ
[04:58:38] [218/459] PCCK
[04:58:38] [219/459] INAM
[04:58:39] [220/459] FNKT
[04:58:39] [221/459] GDKA
[04:58:40] [222/459] MAYU
[04:58:40] [223/459] TCGU
[04:58:41] [224/459] KDCA
[04:58:42] [225/459] DOMY
[04:58:42] [226/459] PDDD
[04:58:43] [227/459] BJTS
[04:58:43] [228/459] VTCA
[04:58:44] [229/459] SBTM
[04:58:44] [230/459] SEET
[04:58:45] [231/459] SSTJ
[04:58:45] [232/459] SVNT
[04:58:46] [233/459] PPPR
[04:58:46] [234/459] PVYS
[04:58:47] [235/459] IOSE
[04:58:47] [236/459] ACTV
[04:58:48] [237/459] APVE
[04:58:49] [238/459] TCCL
[04:58:49] [239/459] SCMO
[04:58:50] [240/459] SAUM
[04:58:50] [241/459] KCJS
[04:58:51] [242/459] NJCJ
[04:58:51] [243/459] NECF
[04:58:52] [244/459] CCGW
[04:58:52] [245/459] CCMG
[04:58:53] [246/459] NYRG
[04:58:53] [247/459] NCSQ
[04:58:54] [248/459] GRCG
[04:58:54] [249/459] CCBT
[04:58:55] [250/459] ACGA
[04:58:56] [251/459] INAG
[04:58:56] [252/459] FUCG
[04:58:57] [253/459] AICF
[04:58:57] [254/459] GRGA
[04:58:58] [255/459] GDCN
[04:58:58] [256/459] RRCG
[04:58:59] [257/459] SDCH
[04:58:59] [258/459] WVJM
[04:59:00] [259/459] JCCZ
[04:59:01] [260/459] CNCL
[04:59:01] [261/459] TMLV
[04:59:02] [262/459] MEMB
[04:59:02] [263/459] SGTD
[04:59:03] [264/459] CONX
[04:59:04] [265/459] CCMH
[04:59:04] [266/459] ACMC
[04:59:05] [267/459] DTPD
[04:59:05] [268/459] POJA
[04:59:06] [269/459] FNBH
[04:59:07] [270/459] CGCB
[04:59:07] [271/459] RACN
[04:59:08] [272/459] JTSM
[04:59:09] [273/459] SCDN
[04:59:09] [274/459] AACK
[04:59:09] [275/459] RMCE
[04:59:10] [276/459] BSGB
[04:59:11] [277/459] MRCB
[04:59:11] [278/459] SRVR
[04:59:12] [279/459] VTKK
[04:59:12] [280/459] AMST
[04:59:13] [281/459] APCY
[04:59:14] [282/459] LMHO
[04:59:14] [283/459] MTZH
[04:59:15] [284/459] AMZB
[04:59:15] [285/459] SUVT
[04:59:16] [286/459] RCIP
[04:59:16] [287/459] KESR
[04:59:17] [288/459] SNKC
[04:59:17] [289/459] SCED
[04:59:18] [290/459] DVCA
[04:59:18] [291/459] VCDT
[04:59:19] [292/459] RRDI
[04:59:20] [293/459] DFCH
[04:59:20] [294/459] INSC
[04:59:21] [295/459] RGTR
[04:59:21] [296/459] FMOT
[04:59:21] [297/459] SCPM
[04:59:22] [298/459] GCDT
[04:59:22] [299/459] BRKT
[04:59:23] [300/459] DEMP
[04:59:23] [301/459] SRLC
[04:59:24] [302/459] KSTT
[04:59:24] [303/459] SMMT
[04:59:25] [304/459] SILM
[04:59:25] [305/459] JCVM
[04:59:26] [306/459] KCSV
[04:59:26] [307/459] MHLK
[04:59:27] [308/459] SLVL
[04:59:27] [309/459] RJKP
[04:59:28] [310/459] BBPC
[04:59:29] [311/459] MXCB
[04:59:29] [312/459] TCPK
[04:59:30] [313/459] RTBR
[04:59:30] [314/459] GAUT
[04:59:31] [315/459] DVCF
[04:59:31] [316/459] JTSB
[04:59:32] [317/459] SBLS
[04:59:32] [318/459] UDAY
[04:59:33] [319/459] PTNP
[04:59:33] [320/459] DMKT
[04:59:34] [321/459] NTDT
[04:59:35] [322/459] SHDJ
[04:59:35] [323/459] OTNC
[04:59:36] [324/459] RNTW
[04:59:36] [325/459] GCMI
[04:59:37] [326/459] CRCM
[04:59:38] [327/459] NNCZ
[04:59:38] [328/459] OEMO
[04:59:39] [329/459] PVJM
[04:59:39] [330/459] CPJI
[04:59:40] [331/459] RMCJ
[04:59:41] [332/459] CNWJ
[04:59:41] [333/459] EPJM
[04:59:42] [334/459] FNJJ
[04:59:43] [335/459] GCMJ
[04:59:43] [336/459] INPS
[04:59:44] [337/459] BICJ
[04:59:44] [338/459] ISTJ
[04:59:45] [339/459] INJC
[04:59:45] [340/459] GLXJ
[04:59:46] [341/459] INEM
[04:59:46] [342/459] JTMN
[04:59:47] [343/459] FRCJ
[04:59:48] [344/459] DDJP
[04:59:49] [345/459] INJV
[04:59:49] [346/459] GOLC
[04:59:49] [347/459] KOCI
[04:59:50] [348/459] FSTD
[04:59:51] [349/459] PACJ
[04:59:51] [350/459] GMCN
[04:59:52] [351/459] MMDJ
[04:59:53] [352/459] GODH
[04:59:53] [353/459] SKYN
[04:59:54] [354/459] NCTH
[04:59:54] [355/459] SKVZ
[04:59:55] [356/459] SVML
[04:59:56] [357/459] ACVZ
[04:59:56] [358/459] SURA
[04:59:56] [359/459] RTRB
[04:59:57] [360/459] LLCT
[04:59:58] [361/459] ATTS
[04:59:58] [362/459] JYCM
[04:59:59] [363/459] CTKR
[04:59:59] [364/459] LCKR
[04:59:59] [365/459] NYCV
[05:00:00] [366/459] NYOH
[05:00:01] [367/459] NOVX
[05:00:01] [368/459] MRGK
[05:00:02] [369/459] MOON
[05:00:02] [370/459] SBUC
[05:00:03] [371/459] GSVA
[05:00:04] [372/459] VIAK
[05:00:04] [373/459] SMVZ
[05:00:05] [374/459] MATE
[05:00:05] [375/459] RDCN
[05:00:06] [376/459] ASBL
[05:00:06] [377/459] ASVS
[05:00:07] [378/459] ASSR
[05:00:07] [379/459] SSKN
[05:00:08] [380/459] DRPV
[05:00:09] [381/459] MRHT
[05:00:09] [382/459] BSCN
[05:00:10] [383/459] RKNX
[05:00:10] [384/459] MSMC
[05:00:11] [385/459] MSCJ
[05:00:11] [386/459] BTBJ
[05:00:12] [387/459] MJCC
[05:00:13] [388/459] IOMM
[05:00:13] [389/459] ADGR
[05:00:13] [390/459] MYCP
[05:00:14] [391/459] IGCM
[05:00:15] [392/459] PGRK
[05:00:15] [393/459] VPGO
[05:00:16] [394/459] KOMS
[05:00:16] [395/459] URGG
[05:00:17] [396/459] GOST
[05:00:17] [397/459] LACT
[05:00:18] [398/459] BWCM
[05:00:18] [399/459] NCCW
[05:00:19] [400/459] SKYC
[05:00:20] [401/459] CCPM
[05:00:20] [402/459] VCBT
[05:00:21] [403/459] SDKR
[05:00:21] [404/459] CTYB
[05:00:22] [405/459] SHCX
[05:00:22] [406/459] RCUN
[05:00:22] [407/459] CNRA
[05:00:23] [408/459] RFCA
[05:00:24] [409/459] RDCU
[05:00:24] [410/459] SARK
[05:00:25] [411/459] SPPP
[05:00:25] [412/459] ADMB
[05:00:26] [413/459] JYOE
[05:00:26] [414/459] SRMD
[05:00:27] [415/459] RJDH
[05:00:27] [416/459] SSTD
[05:00:28] [417/459] AACV
[05:00:28] [418/459] PPVD
[05:00:28] [419/459] STCP
[05:00:29] [420/459] ANJR
[05:00:29] [421/459] ANLS
[05:00:30] [422/459] BIJO
[05:00:31] [423/459] AVAB
[05:00:31] [424/459] SPMD
[05:00:32] [425/459] SVJL
[05:00:32] [426/459] SDDJ
[05:00:33] [427/459] SLTU
[05:00:33] [428/459] SAKA
[05:00:34] [429/459] PMAM
[05:00:35] [430/459] FNAM
[05:00:35] [431/459] ACAM
[05:00:36] [432/459] SCMM
[05:00:36] [433/459] PMAK
[05:00:37] [434/459] NYSA
[05:00:37] [435/459] FCPA
[05:00:38] [436/459] GDAN
[05:00:38] [437/459] RSCA
[05:00:39] [438/459] DMAN
[05:00:40] [439/459] DZCM
[05:00:40] [440/459] NSGL
[05:00:41] [441/459] CCPP
[05:00:41] [442/459] PSMG
[05:00:42] [443/459] GSER
[05:00:42] [444/459] FCCT
[05:00:42] [445/459] FCTB
[05:00:43] [446/459] LCNK
[05:00:44] [447/459] SKTY
[05:00:44] [448/459] INAA
[05:00:45] [449/459] RCWN
[05:00:45] [450/459] VAIS
[05:00:46] [451/459] CVMN
[05:00:46] [452/459] INTS
[05:00:47] [453/459] FRGS
[05:00:48] [454/459] DTCK
[05:00:48] [455/459] MCMH
[05:00:49] [456/459] ECRR
[05:00:49] [457/459] RLLP
[05:00:50] [458/459] CCSN
[05:00:50] [459/459] CCBA
[05:00:51] 🧹 Deduping shows
[05:00:51] ✅ DONE | Shows=691 | Movies=48
