[04:56:33] 🚀 SCRIPT STARTED
[04:56:33] [1/459] FNDB
[04:56:33] 🧠 New identity created
[04:56:33] [2/459] AMBH
[04:56:34] [3/459] PRHN
[04:56:34] [4/459] ACPM
[04:56:35] [5/459] PVFS
[04:56:36] [6/459] AACN
[04:56:36] [7/459] ACAS
[04:56:37] [8/459] CTNR
[04:56:37] [9/459] MMAH
[04:56:38] [10/459] CPMH
[04:56:38] [11/459] IGMH
[04:56:39] [12/459] ABCS
[04:56:40] [13/459] CMMA
[04:56:40] [14/459] GPRH
[04:56:41] [15/459] PNNG
[04:56:42] [16/459] AMCA
[04:56:42] [17/459] ISTN
[04:56:43] [18/459] PIIC
[04:56:43] [19/459] AHMH
[04:56:44] [20/459] ASHN
[04:56:45] [21/459] INHY
[04:56:45] [22/459] SRMO
[04:56:46] [23/459] PIMH
[04:56:46] [24/459] PVTS
[04:56:47] [25/459] MMCA
[04:56:47] [26/459] AKYJ
[04:56:48] [27/459] BRKH
[04:56:48] [28/459] MAHM
[04:56:49] [29/459] CPHY
[04:56:50] [30/459] PVTP
[04:56:50] [31/459] SMMR
[04:56:51] [32/459] PVHM
[04:56:51] [33/459] SNDY
[04:56:52] [34/459] GOKU
[04:56:52] [35/459] ACEV
[04:56:53] [36/459] PVUM
[04:56:54] [37/459] VSWA
[04:56:54] [38/459] IPRS
[04:56:55] [39/459] ASGN
[04:56:55] [40/459] BKMV
[04:56:56] [41/459] PVYH
[04:56:57] [42/459] INKM
[04:56:57] [43/459] ARJU
[04:56:58] [44/459] JJPP
[04:56:58] [45/459] SSRM
[04:56:59] [46/459] HMHD
[04:56:59] [47/459] SNKH
[04:57:00] [48/459] ACHI
[04:57:01] [49/459] MRAA
[04:57:01] [50/459] INMH
[04:57:02] [51/459] ARMH
[04:57:03] [52/459] DVRR
[04:57:03] [53/459] SUDA
[04:57:04] [54/459] MCSS
[04:57:05] [55/459] VRKC
[04:57:05] [56/459] PRCX
[04:57:06] [57/459] ASJY
[04:57:07] [58/459] MTHY
[04:57:07] [59/459] SRCM
[04:57:08] [60/459] TVHY
[04:57:08] [61/459] STHD
[04:57:09] [62/459] CPCL
[04:57:10] [63/459] PSMJ
[04:57:10] [64/459] MRGT
[04:57:11] [65/459] ARYH
[04:57:11] [66/459] VTRB
[04:57:12] [67/459] SCHC
[04:57:13] [68/459] MRRG
[04:57:13] [69/459] SPCB
[04:57:13] [70/459] AMCM
[04:57:14] [71/459] IVNM
[04:57:15] [72/459] TRHY
[04:57:15] [73/459] PTTH
[04:57:16] [74/459] RKMH
[04:57:16] [75/459] PRCS
[04:57:17] [76/459] VAJA
[04:57:17] [77/459] BJNG
[04:57:18] [78/459] SCVM
[04:57:18] [79/459] GNHB
[04:57:19] [80/459] TLUR
[04:57:19] [81/459] UKCC
[04:57:20] [82/459] SRKR
[04:57:20] [83/459] RMKN
[04:57:21] [84/459] SLRT
[04:57:21] [85/459] LKMT
[04:57:22] [86/459] SSRJ
[04:57:22] [87/459] SPHT
[04:57:23] [88/459] ANTT
[04:57:23] [89/459] SRCH
[04:57:24] [90/459] SRCA
[04:57:25] [91/459] ARTH
[04:57:25] [92/459] MCBH
[04:57:26] [93/459] SNIB
[04:57:26] [94/459] SART
[04:57:27] [95/459] SKTA
[04:57:27] [96/459] YAKT
[04:57:28] [97/459] MLCK
[04:57:28] [98/459] ANTS
[04:57:29] [99/459] DGCA
[04:57:29] [100/459] SGMP
[04:57:30] [101/459] ASWN
[04:57:30] [102/459] KFVU
[04:57:31] [103/459] POOR
[04:57:31] [104/459] GKDN
[04:57:32] [105/459] EOSE
[04:57:32] [106/459] GTTT
[04:57:33] [107/459] ARRO
[04:57:33] [108/459] CMMK
[04:57:34] [109/459] MSCN
[04:57:34] [110/459] GDKH
[04:57:35] [111/459] DLMT
[04:57:35] [112/459] PVMF
[04:57:36] [113/459] CPCK
[04:57:36] [114/459] VMHE
[04:57:37] [115/459] PVLC
[04:57:37] [116/459] PCVB
[04:57:38] [117/459] SNYK
[04:57:38] [118/459] KTEK
[04:57:39] [119/459] PCNM
[04:57:39] [120/459] NTTR
[04:57:40] [121/459] CPSK
[04:57:41] [122/459] JMMA
[04:57:41] [123/459] GCFK
[04:57:42] [124/459] MYCA
[04:57:42] [125/459] KSNP
[04:57:43] [126/459] PMCE
[04:57:44] [127/459] SCKI
[04:57:44] [128/459] FSMA
[04:57:45] [129/459] CETA
[04:57:46] [130/459] MCIK
[04:57:46] [131/459] MYCR
[04:57:47] [132/459] EVMP
[04:57:47] [133/459] SSGT
[04:57:48] [134/459] KCTK
[04:57:48] [135/459] ZTKC
[04:57:49] [136/459] MMTA
[04:57:49] [137/459] MAJT
[04:57:50] [138/459] ACPK
[04:57:50] [139/459] JMAX
[04:57:51] [140/459] SETK
[04:57:52] [141/459] CAIS
[04:57:52] [142/459] AGCD
[04:57:53] [143/459] URCL
[04:57:53] [144/459] VTDS
[04:57:54] [145/459] JCNM
[04:57:54] [146/459] KCAM
[04:57:55] [147/459] ADCU
[04:57:55] [148/459] GXYN
[04:57:56] [149/459] SMJG
[04:57:57] [150/459] EYCJ
[04:57:57] [151/459] CCEJ
[04:57:58] [152/459] MARS
[04:57:59] [153/459] CPVJ
[04:57:59] [154/459] INVP
[04:58:00] [155/459] CPOV
[04:58:00] [156/459] VIJK
[04:58:01] [157/459] LAIM
[04:58:01] [158/459] STHV
[04:58:02] [159/459] SVLJ
[04:58:02] [160/459] ATVJ
[04:58:03] [161/459] JTSC
[04:58:03] [162/459] RMTV
[04:58:04] [163/459] MGGG
[04:58:04] [164/459] SWTH
[04:58:05] [165/459] INVJ
[04:58:05] [166/459] PRSV
[04:58:06] [167/459] JATV
[04:58:07] [168/459] RCVD
[04:58:07] [169/459] BDMA
[04:58:08] [170/459] BLJI
[04:58:08] [171/459] SWOT
[04:58:09] [172/459] SWRN
[04:58:09] [173/459] TVRA
[04:58:10] [174/459] VCSV
[04:58:10] [175/459] NVRN
[04:58:11] [176/459] SIKC
[04:58:12] [177/459] VAKR
[04:58:12] [178/459] SYLN
[04:58:13] [179/459] KLJL
[04:58:13] [180/459] LKMY
[04:58:13] [181/459] VSLY
[04:58:14] [182/459] CIKO
[04:58:15] [183/459] GPBG
[04:58:15] [184/459] CECM
[04:58:16] [185/459] SLKB
[04:58:17] [186/459] MTBO
[04:58:17] [187/459] SSHB
[04:58:18] [188/459] VPCS
[04:58:18] [189/459] RCSR
[04:58:19] [190/459] RJRM
[04:58:20] [191/459] KPPB
[04:58:20] [192/459] SEDC
[04:58:21] [193/459] SCAI
[04:58:21] [194/459] RMTR
[04:58:22] [195/459] ASST
[04:58:23] [196/459] GCAK
[04:58:23] [197/459] ANNK
[04:58:24] [198/459] KDDF
[04:58:24] [199/459] NRDP
[04:58:25] [200/459] PLAK
[04:58:25] [201/459] GCMC
[04:58:26] [202/459] ALPY
[04:58:26] [203/459] SICE
[04:58:27] [204/459] SISR
[04:58:27] [205/459] SRPZ
[04:58:28] [206/459] SRSW
[04:58:28] [207/459] SUYA
[04:58:29] [208/459] AMMT
[04:58:29] [209/459] BHCU
[04:58:30] [210/459] KLPA
[04:58:30] [211/459] NVKH
[04:58:31] [212/459] JMRC
[04:58:32] [213/459] KTTT
[04:58:32] [214/459] MAGH
[04:58:33] [215/459] MMMX
[04:58:34] [216/459] SALJ
[04:58:34] [217/459] GTJA
[04:58:35] [218/459] MAHT
[04:58:36] [219/459] SSNN
[04:58:36] [220/459] ARRP
[04:58:37] [221/459] ATNS
[04:58:37] [222/459] SKDT
[04:58:38] [223/459] ACAT
[04:58:38] [224/459] APRC
[04:58:39] [225/459] SWAG
[04:58:39] [226/459] SDPT
[04:58:40] [227/459] STPS
[04:58:41] [228/459] WWCZ
[04:58:41] [229/459] LLCH
[04:58:42] [230/459] MZHA
[04:58:42] [231/459] CRJG
[04:58:43] [232/459] JGTK
[04:58:43] [233/459] KCSR
[04:58:43] [234/459] CHTL
[04:58:44] [235/459] EDSR
[04:58:44] [236/459] CSWO
[04:58:45] [237/459] CPVM
[04:58:45] [238/459] MXBY
[04:58:46] [239/459] FMMA
[04:58:47] [240/459] POVI
[04:58:47] [241/459] MTHB
[04:58:48] [242/459] INRC
[04:58:48] [243/459] PIPP
[04:58:49] [244/459] BMXC
[04:58:49] [245/459] PCMM
[04:58:50] [246/459] PMKM
[04:58:50] [247/459] GATY
[04:58:51] [248/459] IMCM
[04:58:51] [249/459] POPE
[04:58:52] [250/459] MTCR
[04:58:52] [251/459] PVAE
[04:58:53] [252/459] PVMI
[04:58:53] [253/459] CPNM
[04:58:54] [254/459] FMRL
[04:58:55] [255/459] MCIW
[04:58:55] [256/459] MXBO
[04:58:56] [257/459] FMKY
[04:58:57] [258/459] FMDA
[04:58:57] [259/459] THAB
[04:58:57] [260/459] PRCW
[04:58:58] [261/459] PITI
[04:58:59] [262/459] MCFF
[04:58:59] [263/459] PDDV
[04:59:00] [264/459] MCRM
[04:59:01] [265/459] KKMB
[04:59:01] [266/459] INKO
[04:59:02] [267/459] PLXP
[04:59:02] [268/459] MMHA
[04:59:03] [269/459] FMVS
[04:59:03] [270/459] POLM
[04:59:03] [271/459] STER
[04:59:04] [272/459] PVWJ
[04:59:04] [273/459] IMJW
[04:59:05] [274/459] FNAN
[04:59:06] [275/459] CAGL
[04:59:06] [276/459] IPBG
[04:59:07] [277/459] SMFV
[04:59:07] [278/459] MMMR
[04:59:08] [279/459] MMWM
[04:59:08] [280/459] FNCM
[04:59:09] [281/459] MDVA
[04:59:10] [282/459] MMET
[04:59:10] [283/459] MIDO
[04:59:11] [284/459] INNP
[04:59:11] [285/459] MIFU
[04:59:12] [286/459] MMSZ
[04:59:13] [287/459] BMXA
[04:59:13] [288/459] MCAA
[04:59:14] [289/459] SCVP
[04:59:14] [290/459] PLUS
[04:59:15] [291/459] MUCK
[04:59:15] [292/459] MTMA
[04:59:16] [293/459] HPVR
[04:59:16] [294/459] PMPK
[04:59:17] [295/459] MAJB
[04:59:17] [296/459] CTRR
[04:59:18] [297/459] MCTG
[04:59:19] [298/459] MACE
[04:59:19] [299/459] AAAS
[04:59:20] [300/459] CPVV
[04:59:20] [301/459] RCHG
[04:59:21] [302/459] MCNE
[04:59:21] [303/459] EMNC
[04:59:22] [304/459] MCAN
[04:59:22] [305/459] TCDM
[04:59:23] [306/459] IRGT
[04:59:23] [307/459] GCMG
[04:59:24] [308/459] MXSN
[04:59:24] [309/459] MXCK
[04:59:25] [310/459] MCRC
[04:59:25] [311/459] RSMI
[04:59:26] [312/459] WAML
[04:59:27] [313/459] MTSC
[04:59:27] [314/459] FMDR
[04:59:28] [315/459] LEPV
[04:59:29] [316/459] MTGD
[04:59:29] [317/459] IMOB
[04:59:29] [318/459] CLMM
[04:59:30] [319/459] PZCD
[04:59:30] [320/459] GOCS
[04:59:31] [321/459] KCMA
[04:59:32] [322/459] CCMP
[04:59:32] [323/459] MTSU
[04:59:33] [324/459] SNGL
[04:59:33] [325/459] MMMC
[04:59:34] [326/459] MMAA
[04:59:34] [327/459] GCDM
[04:59:35] [328/459] KTMV
[04:59:35] [329/459] AETE
[04:59:36] [330/459] OMCS
[04:59:37] [331/459] GDCD
[04:59:37] [332/459] NYMD
[04:59:38] [333/459] RNCV
[04:59:38] [334/459] KKMT
[04:59:39] [335/459] GDTH
[04:59:40] [336/459] KMMV
[04:59:40] [337/459] NHCG
[04:59:41] [338/459] PJDW
[04:59:42] [339/459] MMCV
[04:59:42] [340/459] FQSA
[04:59:43] [341/459] KURL
[04:59:43] [342/459] NNNX
[04:59:44] [343/459] AMAU
[04:59:44] [344/459] VVVM
[04:59:45] [345/459] VECU
[04:59:46] [346/459] WCVR
[04:59:46] [347/459] MTGG
[04:59:47] [348/459] SGTG
[04:59:48] [349/459] MNTG
[04:59:48] [350/459] JDDG
[04:59:49] [351/459] MBTK
[04:59:49] [352/459] SGCD
[04:59:50] [353/459] MCTC
[04:59:50] [354/459] JTPC
[04:59:51] [355/459] SDKT
[04:59:52] [356/459] KRCC
[04:59:52] [357/459] RMMD
[04:59:52] [358/459] AAME
[04:59:53] [359/459] TMWC
[04:59:53] [360/459] NRWY
[04:59:54] [361/459] CITD
[04:59:54] [362/459] VERD
[04:59:55] [363/459] MKSK
[04:59:56] [364/459] STSM
[04:59:56] [365/459] MJDG
[04:59:57] [366/459] RKPM
[04:59:58] [367/459] SSCE
[04:59:58] [368/459] VMAE
[04:59:59] [369/459] SBRU
[04:59:59] [370/459] AMBC
[05:00:00] [371/459] AMLU
[05:00:00] [372/459] INVZ
[05:00:00] [373/459] LGTV
[05:00:01] [374/459] SVAD
[05:00:02] [375/459] SMSA
[05:00:02] [376/459] SPCZ
[05:00:03] [377/459] GTCX
[05:00:03] [378/459] SCSL
[05:00:04] [379/459] SAHU
[05:00:04] [380/459] NCDA
[05:00:05] [381/459] SCCG
[05:00:06] [382/459] VKTL
[05:00:06] [383/459] PUUJ
[05:00:07] [384/459] STEJ
[05:00:07] [385/459] RJAL
[05:00:08] [386/459] ACJC
[05:00:09] [387/459] VTHC
[05:00:09] [388/459] ARVB
[05:00:10] [389/459] AUBB
[05:00:10] [390/459] GDBR
[05:00:10] [391/459] PVND
[05:00:11] [392/459] BGRJ
[05:00:12] [393/459] RJMM
[05:00:12] [394/459] MCSA
[05:00:12] [395/459] BODA
[05:00:13] [396/459] JAGG
[05:00:14] [397/459] SCGA
[05:00:14] [398/459] LRCM
[05:00:15] [399/459] CPCN
[05:00:15] [400/459] SSTF
[05:00:16] [401/459] SRXP
[05:00:17] [402/459] CNFX
[05:00:17] [403/459] ANDI
[05:00:18] [404/459] SYEW
[05:00:18] [405/459] RCRE
[05:00:19] [406/459] SCRW
[05:00:19] [407/459] MBKR
[05:00:20] [408/459] ASNT
[05:00:20] [409/459] JTMT
[05:00:21] [410/459] SHAY
[05:00:22] [411/459] VRTH
[05:00:22] [412/459] SPTI
[05:00:23] [413/459] DPTD
[05:00:23] [414/459] TGSN
[05:00:24] [415/459] RCWV
[05:00:25] [416/459] OCUR
[05:00:25] [417/459] KSTC
[05:00:26] [418/459] SANI
[05:00:26] [419/459] MLCA
[05:00:27] [420/459] EGCA
[05:00:27] [421/459] SYSN
[05:00:28] [422/459] PKTA
[05:00:28] [423/459] PRCC
[05:00:29] [424/459] KSTR
[05:00:30] [425/459] SNTP
[05:00:30] [426/459] RCHA
[05:00:31] [427/459] SEEA
[05:00:31] [428/459] ALAT
[05:00:32] [429/459] AATV
[05:00:33] [430/459] RJTE
[05:00:33] [431/459] AAPP
[05:00:34] [432/459] PMMH
[05:00:34] [433/459] INRJ
[05:00:35] [434/459] SARB
[05:00:35] [435/459] PCJL
[05:00:36] [436/459] PFJJ
[05:00:37] [437/459] GRDC
[05:00:37] [438/459] BCBA
[05:00:38] [439/459] VIXL
[05:00:38] [440/459] CSTL
[05:00:39] [441/459] MTDK
[05:00:39] [442/459] TDAC
[05:00:40] [443/459] GTDN
[05:00:40] [444/459] TTDE
[05:00:41] [445/459] ASTS
[05:00:41] [446/459] CPNS
[05:00:42] [447/459] PVVW
[05:00:42] [448/459] USEB
[05:00:43] [449/459] DTYN
[05:00:44] [450/459] PVLE
[05:00:44] [451/459] CIPS
[05:00:45] [452/459] PAEG
[05:00:46] [453/459] PTCW
[05:00:46] [454/459] G3SR
[05:00:47] [455/459] PGND
[05:00:47] [456/459] INVM
[05:00:48] [457/459] SPIA
[05:00:48] [458/459] PCSN
[05:00:49] [459/459] PPGV
[05:00:50] 🧹 Deduping shows
[05:00:50] ✅ DONE | Shows=575 | Movies=44
