[04:57:09] 🚀 SCRIPT STARTED
[04:57:09] [1/459] MCCZ
[04:57:09] 🧠 New identity created
[04:57:11] [2/459] FRPU
[04:57:12] [3/459] SKSI
[04:57:13] [4/459] SSCK
[04:57:13] [5/459] SRDC
[04:57:14] [6/459] RSCZ
[04:57:15] [7/459] PRVT
[04:57:16] [8/459] GAGJ
[04:57:16] [9/459] SMHG
[04:57:18] [10/459] JTST
[04:57:19] [11/459] MYTH
[04:57:20] [12/459] JPCC
[04:57:20] [13/459] ACDC
[04:57:21] [14/459] SVFP
[04:57:22] [15/459] SFCM
[04:57:23] [16/459] RUPK
[04:57:24] [17/459] NTCR
[04:57:25] [18/459] RTCH
[04:57:26] [19/459] SCMH
[04:57:26] [20/459] SVYM
[04:57:27] [21/459] SPYM
[04:57:28] [22/459] SMMF
[04:57:29] [23/459] CLLB
[04:57:30] [24/459] FMCB
[04:57:31] [25/459] BBTC
[04:57:32] [26/459] NTHS
[04:57:32] [27/459] PKKJ
[04:57:33] [28/459] MTJA
[04:57:34] [29/459] PMSJ
[04:57:35] [30/459] JMJU
[04:57:36] [31/459] SRAD
[04:57:37] [32/459] MJMC
[04:57:37] [33/459] DFRM
[04:57:38] [34/459] PMRS
[04:57:39] [35/459] RKPP
[04:57:40] [36/459] BMBK
[04:57:41] [37/459] NEWS
[04:57:42] [38/459] SALB
[04:57:42] [39/459] SCPW
[04:57:43] [40/459] RAYL
[04:57:44] [41/459] CMGJ
[04:57:45] [42/459] JRCR
[04:57:46] [43/459] SRTB
[04:57:47] [44/459] ETPB
[04:57:48] [45/459] MXBN
[04:57:49] [46/459] TOPE
[04:57:50] [47/459] SNLJ
[04:57:51] [48/459] CDDP
[04:57:52] [49/459] APCX
[04:57:53] [50/459] TALP
[04:57:53] [51/459] RRMP
[04:57:54] [52/459] MAHB
[04:57:55] [53/459] MTKR
[04:57:56] [54/459] KSKL
[04:57:57] [55/459] RJLT
[04:57:57] [56/459] ATAS
[04:57:58] [57/459] AMHR
[04:57:59] [58/459] RSRM
[04:58:00] [59/459] GCAT
[04:58:01] [60/459] SMML
[04:58:02] [61/459] ACCD
[04:58:04] [62/459] VYDA
[04:58:05] [63/459] MSKT
[04:58:06] [64/459] AVDM
[04:58:07] [65/459] ASMH
[04:58:08] [66/459] VTMB
[04:58:09] [67/459] WVMB
[04:58:10] [68/459] PPMN
[04:58:11] [69/459] MTMD
[04:58:11] [70/459] SMMO
[04:58:12] [71/459] DLPB
[04:58:13] [72/459] AKMD
[04:58:14] [73/459] SHRR
[04:58:15] [74/459] ASCO
[04:58:16] [75/459] CZVX
[04:58:17] [76/459] GCBB
[04:58:18] [77/459] ATBM
[04:58:19] [78/459] TCGM
[04:58:20] [79/459] UMSE
[04:58:21] [80/459] NKCL
[04:58:21] [81/459] BTLR
[04:58:22] [82/459] GOCL
[04:58:23] [83/459] MIRN
[04:58:24] [84/459] THEC
[04:58:26] [85/459] SPPB
[04:58:26] [86/459] PMMM
[04:58:27] [87/459] GGMC
[04:58:28] [88/459] AVSR
[04:58:29] [89/459] RDMH
[04:58:30] [90/459] JSRS
[04:58:31] [91/459] VKGP
[04:58:32] [92/459] ACRT
[04:58:32] [93/459] GCBA
[04:58:33] [94/459] GTCP
[04:58:34] [95/459] AKFC
[04:58:35] [96/459] INCS
[04:58:36] [97/459] SMCK
[04:58:36] [98/459] BRUN
[04:58:37] [99/459] RPPC
[04:58:38] [100/459] PAYD
[04:58:39] [101/459] SVVT
[04:58:39] [102/459] RNCC
[04:58:40] [103/459] PCRC
[04:58:41] [104/459] PMRM
[04:58:42] [105/459] CCRP
[04:58:43] [106/459] INCR
[04:58:44] [107/459] ZTMP
[04:58:45] [108/459] MCNR
[04:58:46] [109/459] INRP
[04:58:47] [110/459] STRC
[04:58:48] [111/459] RATI
[04:58:49] [112/459] PBTR
[04:58:49] [113/459] CMHP
[04:58:50] [114/459] ZECJ
[04:58:51] [115/459] CCCB
[04:58:52] [116/459] BWCB
[04:58:53] [117/459] CCAT
[04:58:54] [118/459] KGCM
[04:58:55] [119/459] INPT
[04:58:56] [120/459] FNCO
[04:58:57] [121/459] SRMJ
[04:58:58] [122/459] PFSC
[04:58:58] [123/459] PBMC
[04:58:59] [124/459] KARP
[04:59:00] [125/459] KOVI
[04:59:01] [126/459] ACXL
[04:59:02] [127/459] GKCC
[04:59:03] [128/459] ASCC
[04:59:04] [129/459] SETC
[04:59:04] [130/459] KACC
[04:59:05] [131/459] KAVE
[04:59:06] [132/459] CNTC
[04:59:07] [133/459] MEEN
[04:59:08] [134/459] BMRV
[04:59:09] [135/459] SVAM
[04:59:10] [136/459] VTBP
[04:59:11] [137/459] VCKN
[04:59:12] [138/459] SGTK
[04:59:13] [139/459] RCGS
[04:59:14] [140/459] RCCB
[04:59:15] [141/459] RKSR
[04:59:16] [142/459] RKCU
[04:59:16] [143/459] GIBH
[04:59:17] [144/459] CXBS
[04:59:18] [145/459] GGCB
[04:59:19] [146/459] SCPB
[04:59:19] [147/459] AKTB
[04:59:20] [148/459] SRBU
[04:59:21] [149/459] CSSA
[04:59:22] [150/459] MYAN
[04:59:23] [151/459] EXCA
[04:59:24] [152/459] CKSA
[04:59:24] [153/459] JTNM
[04:59:25] [154/459] CXKT
[04:59:27] [155/459] NCLM
[04:59:28] [156/459] JAAD
[04:59:29] [157/459] RDCR
[04:59:30] [158/459] MEER
[04:59:30] [159/459] SIBT
[04:59:32] [160/459] PVVB
[04:59:33] [161/459] FNPN
[04:59:34] [162/459] CRPX
[04:59:35] [163/459] STET
[04:59:35] [164/459] METE
[04:59:36] [165/459] BJML
[04:59:37] [166/459] MAVT
[04:59:38] [167/459] MSRM
[04:59:39] [168/459] TJMP
[04:59:40] [169/459] MHCK
[04:59:40] [170/459] SVGP
[04:59:41] [171/459] KRRC
[04:59:42] [172/459] IMCH
[04:59:43] [173/459] CMCS
[04:59:44] [174/459] SGND
[04:59:45] [175/459] RNAT
[04:59:45] [176/459] PRTN
[04:59:46] [177/459] MPTN
[04:59:47] [178/459] ARCC
[04:59:48] [179/459] NTTE
[04:59:48] [180/459] ABND
[04:59:49] [181/459] KCSN
[04:59:50] [182/459] KCSA
[04:59:51] [183/459] DCKT
[04:59:53] [184/459] MBBR
[04:59:54] [185/459] RAMU
[04:59:55] [186/459] RACW
[04:59:56] [187/459] MCHP
[04:59:56] [188/459] TMHM
[04:59:57] [189/459] STXH
[04:59:58] [190/459] AGSG
[04:59:59] [191/459] SIRA
[05:00:00] [192/459] RCAN
[05:00:00] [193/459] CWTB
[05:00:01] [194/459] VTYM
[05:00:02] [195/459] RRPP
[05:00:03] [196/459] ASMR
[05:00:04] [197/459] RONO
[05:00:05] [198/459] MEMR
[05:00:05] [199/459] CTMR
[05:00:06] [200/459] PMTT
[05:00:07] [201/459] PSLX
[05:00:08] [202/459] IPPL
[05:00:09] [203/459] MMSG
[05:00:09] [204/459] INEL
[05:00:10] [205/459] COAC
[05:00:11] [206/459] WVLK
[05:00:12] [207/459] PPXL
[05:00:13] [208/459] PSML
[05:00:14] [209/459] FNLK
[05:00:15] [210/459] ILUM
[05:00:16] [211/459] ILCM
[05:00:17] [212/459] MSNL
[05:00:17] [213/459] VINB
[05:00:18] [214/459] SALW
[05:00:19] [215/459] PRTB
[05:00:20] [216/459] NCIL
[05:00:21] [217/459] PSUL
[05:00:22] [218/459] SCLK
[05:00:22] [219/459] ADDC
[05:00:23] [220/459] OACL
[05:00:24] [221/459] OOCF
[05:00:24] [222/459] GPMF
[05:00:25] [223/459] SSDG
[05:00:26] [224/459] SKRS
[05:00:28] [225/459] NTTP
[05:00:29] [226/459] SLTP
[05:00:29] [227/459] JTLC
[05:00:31] [228/459] POON
[05:00:32] [229/459] CCPC
[05:00:32] [230/459] DCKC
[05:00:33] [231/459] CPRT
[05:00:34] [232/459] EYHZ
[05:00:35] [233/459] ARBL
[05:00:36] [234/459] SBTB
[05:00:36] [235/459] MMCK
[05:00:37] [236/459] PLMR
[05:00:38] [237/459] BIJH
[05:00:39] [238/459] SDRT
[05:00:40] [239/459] PRDC
[05:00:41] [240/459] OMJA
[05:00:42] [241/459] VKCR
[05:00:43] [242/459] ATRT
[05:00:44] [243/459] WVRP
[05:00:44] [244/459] MVRP
[05:00:45] [245/459] FCAX
[05:00:46] [246/459] CTLC
[05:00:47] [247/459] JCHB
[05:00:48] [248/459] SELP
[05:00:49] [249/459] VCPG
[05:00:50] [250/459] ASCX
[05:00:50] [251/459] EOCS
[05:00:51] [252/459] RCPH
[05:00:52] [253/459] RJTM
[05:00:53] [254/459] SGMD
[05:00:54] [255/459] SVJT
[05:00:55] [256/459] SPPO
[05:00:56] [257/459] MNRL
[05:00:57] [258/459] KNOX
[05:00:58] [259/459] GIER
[05:01:00] [260/459] PJMS
[05:01:00] [261/459] UNSP
[05:01:01] [262/459] JETP
[05:01:02] [263/459] VTWA
[05:01:03] [264/459] SCJI
[05:01:04] [265/459] CBZZ
[05:01:05] [266/459] SDCJ
[05:01:06] [267/459] RRCC
[05:01:07] [268/459] VNKG
[05:01:07] [269/459] LKTO
[05:01:08] [270/459] PJRM
[05:01:09] [271/459] NVRM
[05:01:10] [272/459] SJCS
[05:01:11] [273/459] VIGK
[05:01:12] [274/459] ANST
[05:01:13] [275/459] JTTS
[05:01:14] [276/459] NTST
[05:01:15] [277/459] PREB
[05:01:16] [278/459] TSCZ
[05:01:17] [279/459] CDCM
[05:01:18] [280/459] ELYE
[05:01:19] [281/459] INBS
[05:01:19] [282/459] SMGC
[05:01:20] [283/459] UTMP
[05:01:21] [284/459] INTA
[05:01:22] [285/459] OMPT
[05:01:23] [286/459] SCIR
[05:01:24] [287/459] GCKJ
[05:01:25] [288/459] INOG
[05:01:25] [289/459] SMGB
[05:01:26] [290/459] MCSG
[05:01:27] [291/459] STKG
[05:01:28] [292/459] TTKG
[05:01:29] [293/459] SRTR
[05:01:31] [294/459] ETTR
[05:01:31] [295/459] GGGZ
[05:01:32] [296/459] IPGM
[05:01:33] [297/459] FCDH
[05:01:34] [298/459] DESB
[05:01:35] [299/459] VNTP
[05:01:36] [300/459] ANNT
[05:01:36] [301/459] SLTI
[05:01:38] [302/459] MAJU
[05:01:39] [303/459] JCXP
[05:01:40] [304/459] HARK
[05:01:41] [305/459] JPCJ
[05:01:41] [306/459] RXBD
[05:01:42] [307/459] PTKJ
[05:01:44] [308/459] CMTU
[05:01:45] [309/459] SWOR
[05:01:46] [310/459] JMEX
[05:01:46] [311/459] DTPT
[05:01:47] [312/459] VGMM
[05:01:48] [313/459] VCSG
[05:01:49] [314/459] CVCG
[05:01:50] [315/459] TNTT
[05:01:51] [316/459] SHRM
[05:01:52] [317/459] CGKD
[05:01:53] [318/459] EKCM
[05:01:54] [319/459] SDCX
[05:01:55] [320/459] SBTE
[05:01:56] [321/459] STKJ
[05:01:56] [322/459] TPCE
[05:01:57] [323/459] JTNP
[05:01:58] [324/459] LPCH
[05:01:59] [325/459] CPUO
[05:02:00] [326/459] APSU
[05:02:01] [327/459] RTHC
[05:02:01] [328/459] PTBU
[05:02:02] [329/459] CUCC
[05:02:03] [330/459] CPSA
[05:02:04] [331/459] SUAY
[05:02:05] [332/459] AYAA
[05:02:06] [333/459] MUCH
[05:02:06] [334/459] PCIN
[05:02:07] [335/459] JRRM
[05:02:08] [336/459] KATS
[05:02:09] [337/459] MHFF
[05:02:10] [338/459] ESYM
[05:02:10] [339/459] STYV
[05:02:11] [340/459] SDKG
[05:02:12] [341/459] SMTI
[05:02:13] [342/459] NYCS
[05:02:14] [343/459] MTBG
[05:02:15] [344/459] RHCA
[05:02:16] [345/459] PCKH
[05:02:17] [346/459] ARCR
[05:02:18] [347/459] NCMB
[05:02:18] [348/459] SHYC
[05:02:19] [349/459] LACK
[05:02:20] [350/459] MTCM
[05:02:21] [351/459] RRBN
[05:02:21] [352/459] MYDC
[05:02:22] [353/459] STCS
[05:02:23] [354/459] CONN
[05:02:24] [355/459] SIPS
[05:02:25] [356/459] SMMX
[05:02:26] [357/459] SCBY
[05:02:27] [358/459] SUAP
[05:02:27] [359/459] RSMK
[05:02:29] [360/459] STKP
[05:02:29] [361/459] CIPC
[05:02:30] [362/459] KKCI
[05:02:31] [363/459] CTNK
[05:02:32] [364/459] MMTZ
[05:02:33] [365/459] DCCO
[05:02:34] [366/459] VNMN
[05:02:34] [367/459] RLCN
[05:02:35] [368/459] CMMS
[05:02:36] [369/459] AYOU
[05:02:37] [370/459] SSCN
[05:02:37] [371/459] SMXN
[05:02:38] [372/459] ASSK
[05:02:39] [373/459] VCKM
[05:02:40] [374/459] PCPH
[05:02:41] [375/459] PADM
[05:02:42] [376/459] IESA
[05:02:43] [377/459] VCSP
[05:02:44] [378/459] AEST
[05:02:44] [379/459] VTNR
[05:02:45] [380/459] GTTA
[05:02:46] [381/459] CMMM
[05:02:47] [382/459] AHKT
[05:02:48] [383/459] SIJI
[05:02:49] [384/459] VCEI
[05:02:50] [385/459] SAKR
[05:02:51] [386/459] VSMT
[05:02:52] [387/459] SSCT
[05:02:52] [388/459] USTR
[05:02:53] [389/459] MTKT
[05:02:54] [390/459] TGMP
[05:02:55] [391/459] SIVC
[05:02:56] [392/459] KICT
[05:02:56] [393/459] DAMD
[05:02:57] [394/459] CNPT
[05:02:58] [395/459] RVTT
[05:02:59] [396/459] SNCM
[05:02:59] [397/459] GHTE
[05:03:00] [398/459] PPAM
[05:03:01] [399/459] PVAA
[05:03:02] [400/459] CPAO
[05:03:03] [401/459] HAMD
[05:03:04] [402/459] RCCA
[05:03:04] [403/459] MPCH
[05:03:06] [404/459] ARED
[05:03:07] [405/459] RRCV
[05:03:08] [406/459] MTRB
[05:03:09] [407/459] CKUA
[05:03:09] [408/459] ABMP
[05:03:10] [409/459] RCWA
[05:03:11] [410/459] CGAR
[05:03:12] [411/459] METH
[05:03:13] [412/459] WAGA
[05:03:13] [413/459] MCMA
[05:03:14] [414/459] CSMP
[05:03:15] [415/459] RCNK
[05:03:16] [416/459] PSTM
[05:03:17] [417/459] CSEP
[05:03:18] [418/459] AMGD
[05:03:19] [419/459] CSTE
[05:03:20] [420/459] CONS
[05:03:21] [421/459] APPX
[05:03:21] [422/459] MABC
[05:03:22] [423/459] CXST
[05:03:23] [424/459] MATN
[05:03:24] [425/459] MACZ
[05:03:25] [426/459] MASA
[05:03:26] [427/459] MBSX
[05:03:27] [428/459] CSST
[05:03:27] [429/459] APCL
[05:03:28] [430/459] CGOS
[05:03:29] [431/459] CPEC
[05:03:30] [432/459] MCCP
[05:03:31] [433/459] BSSO
[05:03:32] [434/459] SJKA
[05:03:34] [435/459] CGBO
[05:03:35] [436/459] MVSK
[05:03:35] [437/459] HVCA
[05:03:36] [438/459] NAMD
[05:03:37] [439/459] DEVI
[05:03:38] [440/459] SCSV
[05:03:39] [441/459] PSMA
[05:03:40] [442/459] CLDJ
[05:03:40] [443/459] NMAD
[05:03:41] [444/459] CGMO
[05:03:42] [445/459] MCNA
[05:03:43] [446/459] OCBN
[05:03:44] [447/459] CPEM
[05:03:44] [448/459] CPSM
[05:03:45] [449/459] RCAD
[05:03:46] [450/459] CPMU
[05:03:47] [451/459] DICD
[05:03:48] [452/459] CHOE
[05:03:49] [453/459] PDJM
[05:03:49] [454/459] SSTU
[05:03:50] [455/459] VNRN
[05:03:51] [456/459] PVLG
[05:03:53] [457/459] SWBL
[05:03:54] [458/459] SCAB
[05:03:56] [459/459] RDDA
[05:03:56] 🧹 Deduping shows
[05:03:56] ✅ DONE | Shows=745 | Movies=40
