[04:56:32] 🚀 SCRIPT STARTED
[04:56:32] [1/296] CDCA
[04:56:32] 🧠 New identity created
[04:56:34] [2/296] MNSR
[04:56:35] [3/296] CSSL
[04:56:36] [4/296] BGGM
[04:56:36] [5/296] MANT
[04:56:37] [6/296] SOOY
[04:56:38] [7/296] VPPK
[04:56:39] [8/296] MYHJ
[04:56:40] [9/296] KSCK
[04:56:41] [10/296] KATK
[04:56:41] [11/296] RTRT
[04:56:42] [12/296] SSTT
[04:56:43] [13/296] SSTV
[04:56:44] [14/296] LACM
[04:56:45] [15/296] SGMG
[04:56:46] [16/296] KACX
[04:56:47] [17/296] GVCP
[04:56:48] [18/296] CSNC
[04:56:49] [19/296] SXCB
[04:56:50] [20/296] BAHS
[04:56:51] [21/296] PCBI
[04:56:52] [22/296] PSSM
[04:56:53] [23/296] RCOK
[04:56:54] [24/296] SCPF
[04:56:55] [25/296] SSAS
[04:56:55] [26/296] EVMM
[04:56:56] [27/296] SYCB
[04:56:58] [28/296] GCKI
[04:56:59] [29/296] IAET
[04:56:59] [30/296] DDTD
[04:57:00] [31/296] GMDH
[04:57:01] [32/296] STLE
[04:57:02] [33/296] JTRA
[04:57:03] [34/296] RPPA
[04:57:04] [35/296] ARUT
[04:57:05] [36/296] JTVM
[04:57:06] [37/296] SWRH
[04:57:07] [38/296] DCPC
[04:57:07] [39/296] RAPR
[04:57:08] [40/296] GCRT
[04:57:09] [41/296] ATUN
[04:57:10] [42/296] LTRM
[04:57:11] [43/296] TASR
[04:57:12] [44/296] RLLC
[04:57:12] [45/296] MABI
[04:57:13] [46/296] SVHB
[04:57:14] [47/296] NVTB
[04:57:15] [48/296] KCKG
[04:57:16] [49/296] SSRN
[04:57:16] [50/296] VDDC
[04:57:17] [51/296] GKTK
[04:57:19] [52/296] YFSN
[04:57:20] [53/296] GCSG
[04:57:21] [54/296] ESSM
[04:57:22] [55/296] KRIH
[04:57:23] [56/296] GCDS
[04:57:24] [57/296] CCSH
[04:57:25] [58/296] ACSK
[04:57:25] [59/296] APRK
[04:57:26] [60/296] ADKM
[04:57:27] [61/296] SRDM
[04:57:28] [62/296] RMOG
[04:57:29] [63/296] SJMY
[04:57:30] [64/296] PGGC
[04:57:30] [65/296] INGM
[04:57:31] [66/296] LSCB
[04:57:32] [67/296] STAD
[04:57:32] [68/296] MCCR
[04:57:34] [69/296] ABCC
[04:57:35] [70/296] RKCC
[04:57:37] [71/296] RTCR
[04:57:37] [72/296] GGBC
[04:57:38] [73/296] GCSD
[04:57:39] [74/296] LPTY
[04:57:40] [75/296] MCFD
[04:57:41] [76/296] HENN
[04:57:41] [77/296] SMKU
[04:57:42] [78/296] TNZC
[04:57:43] [79/296] DRCD
[04:57:44] [80/296] DLCD
[04:57:46] [81/296] RCDA
[04:57:47] [82/296] COSM
[04:57:48] [83/296] MCMJ
[04:57:49] [84/296] CSTR
[04:57:49] [85/296] CVDK
[04:57:50] [86/296] INRR
[04:57:51] [87/296] RJRT
[04:57:52] [88/296] IRMR
[04:57:53] [89/296] SRCF
[04:57:53] [90/296] GRCR
[04:57:54] [91/296] SURC
[04:57:55] [92/296] NMNH
[04:57:56] [93/296] SVBL
[04:57:56] [94/296] KACI
[04:57:58] [95/296] TDGO
[04:57:59] [96/296] KTBR
[04:58:00] [97/296] PMAD
[04:58:01] [98/296] CCPN
[04:58:02] [99/296] SBTK
[04:58:02] [100/296] LMDK
[04:58:03] [101/296] PGDA
[04:58:04] [102/296] SRML
[04:58:06] [103/296] EVCK
[04:58:06] [104/296] RTTK
[04:58:07] [105/296] SRTU
[04:58:08] [106/296] VRSA
[04:58:09] [107/296] VARS
[04:58:09] [108/296] DSCZ
[04:58:10] [109/296] GAGA
[04:58:11] [110/296] SARV
[04:58:12] [111/296] SEEG
[04:58:12] [112/296] GLCA
[04:58:13] [113/296] APAS
[04:58:14] [114/296] VCIA
[04:58:16] [115/296] SJTA
[04:58:16] [116/296] SABM
[04:58:17] [117/296] PPAG
[04:58:18] [118/296] RVCA
[04:58:19] [119/296] CCIA
[04:58:20] [120/296] HTAG
[04:58:20] [121/296] SMBI
[04:58:21] [122/296] MCJR
[04:58:22] [123/296] CCJR
[04:58:23] [124/296] SINF
[04:58:24] [125/296] CPLX
[04:58:25] [126/296] KKTJ
[04:58:26] [127/296] GDBW
[04:58:27] [128/296] CSUB
[04:58:27] [129/296] DABA
[04:58:28] [130/296] TITR
[04:58:29] [131/296] NYCR
[04:58:30] [132/296] RTRY
[04:58:31] [133/296] JTJL
[04:58:32] [134/296] SJCP
[04:58:32] [135/296] KCCA
[04:58:33] [136/296] MLPG
[04:58:34] [137/296] VRCK
[04:58:35] [138/296] SRIN
[04:58:35] [139/296] CXMK
[04:58:36] [140/296] SKAD
[04:58:37] [141/296] AVTR
[04:58:38] [142/296] PTAJ
[04:58:39] [143/296] SCNK
[04:58:39] [144/296] STTI
[04:58:40] [145/296] KACR
[04:58:41] [146/296] SSDX
[04:58:42] [147/296] VRTJ
[04:58:43] [148/296] RAJD
[04:58:43] [149/296] SCIP
[04:58:44] [150/296] RJSL
[04:58:45] [151/296] ARRS
[04:58:46] [152/296] ASMS
[04:58:47] [153/296] RDTS
[04:58:48] [154/296] DVMY
[04:58:49] [155/296] RASA
[04:58:49] [156/296] INOM
[04:58:50] [157/296] SPRS
[04:58:51] [158/296] SGCS
[04:58:52] [159/296] SALM
[04:58:53] [160/296] PKHC
[04:58:54] [161/296] RCSV
[04:58:56] [162/296] CPKC
[04:58:57] [163/296] AACD
[04:58:57] [164/296] GGCV
[04:58:58] [165/296] SMKD
[04:58:59] [166/296] NBCH
[04:59:00] [167/296] AMCB
[04:59:01] [168/296] OPCN
[04:59:01] [169/296] DCIN
[04:59:02] [170/296] INGW
[04:59:03] [171/296] PKKW
[04:59:04] [172/296] FNGW
[04:59:05] [173/296] GCGD
[04:59:06] [174/296] MSTW
[04:59:06] [175/296] KCCG
[04:59:07] [176/296] MRSS
[04:59:08] [177/296] CLCF
[04:59:10] [178/296] EETS
[04:59:11] [179/296] AATR
[04:59:11] [180/296] CMMN
[04:59:12] [181/296] SCCJ
[04:59:13] [182/296] CDTK
[04:59:14] [183/296] AICP
[04:59:15] [184/296] FNBP
[04:59:16] [185/296] CBPB
[04:59:17] [186/296] CPAS
[04:59:18] [187/296] MAPM
[04:59:19] [188/296] PASD
[04:59:20] [189/296] JCMN
[04:59:21] [190/296] MALB
[04:59:22] [191/296] SACG
[04:59:23] [192/296] DDRX
[04:59:23] [193/296] DDXB
[04:59:25] [194/296] RAMC
[04:59:26] [195/296] SANC
[04:59:27] [196/296] BCBP
[04:59:29] [197/296] ALPC
[04:59:30] [198/296] RBAC
[04:59:31] [199/296] RAJL
[04:59:32] [200/296] MPDX
[04:59:33] [201/296] MUSC
[04:59:34] [202/296] VKMK
[04:59:35] [203/296] SKCG
[04:59:35] [204/296] ANCN
[04:59:36] [205/296] MMCJ
[04:59:37] [206/296] DCAK
[04:59:38] [207/296] SCKG
[04:59:39] [208/296] LMCK
[04:59:40] [209/296] CKKX
[04:59:41] [210/296] ANKU
[04:59:41] [211/296] CSMD
[04:59:42] [212/296] MKMP
[04:59:43] [213/296] SVBG
[04:59:44] [214/296] ROOP
[04:59:45] [215/296] GDMT
[04:59:46] [216/296] FPPF
[04:59:47] [217/296] SFUU
[04:59:49] [218/296] ANCB
[04:59:50] [219/296] SMMC
[04:59:50] [220/296] UGKT
[04:59:51] [221/296] JVRM
[04:59:52] [222/296] BATG
[04:59:53] [223/296] RATE
[04:59:54] [224/296] SKME
[04:59:54] [225/296] LMTP
[04:59:55] [226/296] TCBD
[04:59:57] [227/296] ESBD
[04:59:58] [228/296] GDCU
[04:59:59] [229/296] SNKT
[05:00:00] [230/296] SRNK
[05:00:01] [231/296] SMED
[05:00:01] [232/296] CSQS
[05:00:02] [233/296] ALCS
[05:00:03] [234/296] KCKN
[05:00:05] [235/296] VCCL
[05:00:06] [236/296] MCDA
[05:00:07] [237/296] SHMI
[05:00:08] [238/296] SKHA
[05:00:10] [239/296] SVFK
[05:00:11] [240/296] INVB
[05:00:11] [241/296] MELD
[05:00:13] [242/296] JTYS
[05:00:14] [243/296] INCM
[05:00:15] [244/296] MCDV
[05:00:16] [245/296] KSGK
[05:00:17] [246/296] ICMG
[05:00:17] [247/296] CSCV
[05:00:18] [248/296] STMD
[05:00:19] [249/296] STTR
[05:00:20] [250/296] INVC
[05:00:21] [251/296] JTBL
[05:00:22] [252/296] SRVV
[05:00:23] [253/296] MAVC
[05:00:24] [254/296] SRPP
[05:00:24] [255/296] JGDM
[05:00:25] [256/296] MBSJ
[05:00:26] [257/296] SSLL
[05:00:27] [258/296] SLKP
[05:00:28] [259/296] NSRV
[05:00:29] [260/296] UTDV
[05:00:30] [261/296] KICM
[05:00:30] [262/296] KCMD
[05:00:31] [263/296] TTPP
[05:00:32] [264/296] KMPV
[05:00:33] [265/296] SKTV
[05:00:34] [266/296] STCV
[05:00:35] [267/296] SRDA
[05:00:35] [268/296] JTSX
[05:00:37] [269/296] STBV
[05:00:38] [270/296] APVZ
[05:00:39] [271/296] GSTV
[05:00:40] [272/296] NMVS
[05:00:40] [273/296] SKRT
[05:00:42] [274/296] RMDV
[05:00:43] [275/296] RATG
[05:00:44] [276/296] SJYV
[05:00:45] [277/296] NDGP
[05:00:45] [278/296] SNDG
[05:00:46] [279/296] INSR
[05:00:47] [280/296] INSO
[05:00:48] [281/296] CCSI
[05:00:49] [282/296] RASM
[05:00:50] [283/296] NEWC
[05:00:51] [284/296] VSHL
[05:00:52] [285/296] BISW
[05:00:53] [286/296] GCNG
[05:00:54] [287/296] CWSC
[05:00:54] [288/296] SKAN
[05:00:55] [289/296] SEHP
[05:00:56] [290/296] CCOA
[05:00:57] [291/296] MCAJ
[05:00:58] [292/296] ACDE
[05:00:58] [293/296] AACM
[05:00:59] [294/296] JJCK
[05:01:00] [295/296] RCMO
[05:01:01] [296/296] GDAW
[05:01:02] 🧹 Deduping shows
[05:01:02] ✅ DONE | Shows=493 | Movies=36
