[04:56:34] 🚀 SCRIPT STARTED
[04:56:34] [1/324] GCTA
[04:56:34] 🧠 New identity created
[04:56:35] [2/324] TOPN
[04:56:35] [3/324] MCUS
[04:56:36] [4/324] SHRL
[04:56:37] [5/324] UPTP
[04:56:38] [6/324] TMMP
[04:56:38] [7/324] DNRP
[04:56:39] [8/324] SRLT
[04:56:39] [9/324] RCNS
[04:56:40] [10/324] DCBH
[04:56:40] [11/324] NAGJ
[04:56:41] [12/324] JVRC
[04:56:41] [13/324] KRJG
[04:56:42] [14/324] SRTJ
[04:56:42] [15/324] CMXM
[04:56:43] [16/324] STMI
[04:56:44] [17/324] SLST
[04:56:44] [18/324] DTCN
[04:56:45] [19/324] STYN
[04:56:45] [20/324] SZVR
[04:56:46] [21/324] SRKO
[04:56:47] [22/324] JTGT
[04:56:47] [23/324] SVFD
[04:56:48] [24/324] SISD
[04:56:49] [25/324] ABDD
[04:56:49] [26/324] DRCA
[04:56:50] [27/324] AVCS
[04:56:51] [28/324] MVKH
[04:56:51] [29/324] ACPR
[04:56:52] [30/324] STIP
[04:56:53] [31/324] MTRA
[04:56:53] [32/324] RMKH
[04:56:54] [33/324] NKRL
[04:56:54] [34/324] PCWN
[04:56:55] [35/324] BLMT
[04:56:55] [36/324] GDPG
[04:56:56] [37/324] SRMX
[04:56:56] [38/324] JACP
[04:56:57] [39/324] CPSH
[04:56:58] [40/324] MCCD
[04:56:58] [41/324] ECGH
[04:56:59] [42/324] MKCK
[04:56:59] [43/324] SRMM
[04:57:00] [44/324] SKYR
[04:57:01] [45/324] PCKC
[04:57:01] [46/324] JCMA
[04:57:02] [47/324] BSMP
[04:57:02] [48/324] VSPA
[04:57:03] [49/324] DJYA
[04:57:04] [50/324] DIMP
[04:57:04] [51/324] FXDR
[04:57:05] [52/324] SSRC
[04:57:06] [53/324] STHP
[04:57:06] [54/324] CPPD
[04:57:07] [55/324] FCLK
[04:57:08] [56/324] SCPP
[04:57:08] [57/324] DCMJ
[04:57:09] [58/324] RCCR
[04:57:10] [59/324] INMT
[04:57:10] [60/324] LXTK
[04:57:11] [61/324] SRYK
[04:57:11] [62/324] SGDK
[04:57:12] [63/324] PPKA
[04:57:12] [64/324] SPKA
[04:57:13] [65/324] CGHH
[04:57:14] [66/324] DCJN
[04:57:14] [67/324] SRKV
[04:57:15] [68/324] SAJC
[04:57:15] [69/324] SUSR
[04:57:16] [70/324] STYG
[04:57:17] [71/324] NTKP
[04:57:17] [72/324] AKTG
[04:57:18] [73/324] CGCM
[04:57:19] [74/324] TULC
[04:57:19] [75/324] NYYZ
[04:57:20] [76/324] NYBW
[04:57:20] [77/324] MACB
[04:57:21] [78/324] SLVT
[04:57:21] [79/324] SANA
[04:57:22] [80/324] ACMR
[04:57:23] [81/324] CPKN
[04:57:23] [82/324] DLGK
[04:57:24] [83/324] CWCK
[04:57:24] [84/324] FDDH
[04:57:25] [85/324] MMMD
[04:57:26] [86/324] CMEH
[04:57:26] [87/324] GGGV
[04:57:27] [88/324] SPJL
[04:57:28] [89/324] RCCD
[04:57:28] [90/324] STTZ
[04:57:29] [91/324] BTCF
[04:57:29] [92/324] TSTZ
[04:57:30] [93/324] IPMM
[04:57:30] [94/324] PMPW
[04:57:31] [95/324] PCMZ
[04:57:32] [96/324] ESEM
[04:57:32] [97/324] PIPO
[04:57:33] [98/324] MATK
[04:57:34] [99/324] PGHM
[04:57:34] [100/324] CTSR
[04:57:35] [101/324] CYKR
[04:57:35] [102/324] MSCM
[04:57:36] [103/324] RFNP
[04:57:37] [104/324] PDCP
[04:57:37] [105/324] NPSE
[04:57:38] [106/324] MKML
[04:57:39] [107/324] FTDP
[04:57:39] [108/324] MMXA
[04:57:40] [109/324] CEPO
[04:57:41] [110/324] CMVP
[04:57:41] [111/324] SGTH
[04:57:42] [112/324] SAYN
[04:57:42] [113/324] URVS
[04:57:43] [114/324] VJTN
[04:57:44] [115/324] BBYK
[04:57:44] [116/324] SHBO
[04:57:45] [117/324] VCMR
[04:57:45] [118/324] MACT
[04:57:46] [119/324] JMNP
[04:57:47] [120/324] VICS
[04:57:47] [121/324] VCDA
[04:57:48] [122/324] GCMM
[04:57:48] [123/324] INVS
[04:57:49] [124/324] SCGM
[04:57:50] [125/324] PCDA
[04:57:50] [126/324] KDCT
[04:57:51] [127/324] JACS
[04:57:52] [128/324] GMMC
[04:57:52] [129/324] AICM
[04:57:53] [130/324] TJCM
[04:57:53] [131/324] RMTI
[04:57:54] [132/324] SHAC
[04:57:54] [133/324] APJC
[04:57:55] [134/324] GCTG
[04:57:55] [135/324] SSMC
[04:57:56] [136/324] THRM
[04:57:57] [137/324] RBCT
[04:57:57] [138/324] DIKT
[04:57:58] [139/324] MIDL
[04:57:58] [140/324] VCSN
[04:57:59] [141/324] SKTG
[04:58:00] [142/324] SMWC
[04:58:00] [143/324] MNKH
[04:58:01] [144/324] PIAT
[04:58:01] [145/324] LTTP
[04:58:02] [146/324] PTPU
[04:58:02] [147/324] ACMG
[04:58:03] [148/324] SHMM
[04:58:03] [149/324] MCMN
[04:58:04] [150/324] GLDC
[04:58:04] [151/324] HOUT
[04:58:05] [152/324] SVRP
[04:58:05] [153/324] PVDN
[04:58:06] [154/324] SCPY
[04:58:07] [155/324] DTPY
[04:58:07] [156/324] GKCS
[04:58:08] [157/324] NCAM
[04:58:09] [158/324] BSRM
[04:58:09] [159/324] RCLC
[04:58:10] [160/324] SKKD
[04:58:11] [161/324] ACHU
[04:58:11] [162/324] RSCF
[04:58:12] [163/324] IMSH
[04:58:12] [164/324] MACX
[04:58:13] [165/324] HMMW
[04:58:14] [166/324] JTCP
[04:58:14] [167/324] SREN
[04:58:15] [168/324] PJRR
[04:58:15] [169/324] INAC
[04:58:16] [170/324] BMCA
[04:58:17] [171/324] SHCB
[04:58:17] [172/324] GABA
[04:58:18] [173/324] SBCT
[04:58:18] [174/324] GCMA
[04:58:19] [175/324] MYTK
[04:58:19] [176/324] INZS
[04:58:20] [177/324] RMIK
[04:58:20] [178/324] NYCH
[04:58:21] [179/324] RAVE
[04:58:21] [180/324] PSXM
[04:58:22] [181/324] MCGP
[04:58:23] [182/324] PDDK
[04:58:23] [183/324] SPCK
[04:58:24] [184/324] MCRL
[04:58:24] [185/324] MHKT
[04:58:25] [186/324] ANRR
[04:58:26] [187/324] SAPK
[04:58:26] [188/324] NCUK
[04:58:27] [189/324] JUGA
[04:58:28] [190/324] DBSC
[04:58:28] [191/324] LALK
[04:58:29] [192/324] GUCK
[04:58:29] [193/324] STSG
[04:58:30] [194/324] PPPZ
[04:58:30] [195/324] CNCY
[04:58:31] [196/324] MTAR
[04:58:31] [197/324] VNKD
[04:58:32] [198/324] KMAJ
[04:58:32] [199/324] ACXK
[04:58:33] [200/324] UTKC
[04:58:34] [201/324] PBLK
[04:58:34] [202/324] ACBX
[04:58:35] [203/324] PTGM
[04:58:36] [204/324] BTDA
[04:58:36] [205/324] PJMB
[04:58:37] [206/324] TPDA
[04:58:38] [207/324] AMOE
[04:58:38] [208/324] PRHT
[04:58:39] [209/324] PRTA
[04:58:39] [210/324] STAM
[04:58:40] [211/324] MSAA
[04:58:40] [212/324] SDLU
[04:58:41] [213/324] RCHH
[04:58:41] [214/324] KANT
[04:58:42] [215/324] FCRT
[04:58:42] [216/324] DNKM
[04:58:43] [217/324] RYCP
[04:58:44] [218/324] MYRP
[04:58:44] [219/324] PPAK
[04:58:45] [220/324] NVPK
[04:58:46] [221/324] PRMC
[04:58:46] [222/324] JBCS
[04:58:47] [223/324] GXCK
[04:58:48] [224/324] USKO
[04:58:48] [225/324] GTEM
[04:58:49] [226/324] SMBU
[04:58:49] [227/324] VETC
[04:58:50] [228/324] LCDA
[04:58:50] [229/324] MTVT
[04:58:51] [230/324] PYCP
[04:58:51] [231/324] PNSC
[04:58:52] [232/324] PPCC
[04:58:53] [233/324] TGRT
[04:58:53] [234/324] JYOT
[04:58:54] [235/324] SRCZ
[04:58:54] [236/324] SJTE
[04:58:55] [237/324] DESC
[04:58:56] [238/324] JHVN
[04:58:56] [239/324] IPSG
[04:58:57] [240/324] IPCM
[04:58:57] [241/324] PDRS
[04:58:58] [242/324] ANCV
[04:58:58] [243/324] CMVV
[04:58:59] [244/324] SHYP
[04:58:59] [245/324] DNCS
[04:59:00] [246/324] GAJK
[04:59:01] [247/324] AKTN
[04:59:01] [248/324] KAYA
[04:59:02] [249/324] SBRC
[04:59:02] [250/324] CHTP
[04:59:03] [251/324] SHRT
[04:59:04] [252/324] BCKU
[04:59:04] [253/324] FCPS
[04:59:05] [254/324] ARDD
[04:59:05] [255/324] CPCM
[04:59:06] [256/324] CGSM
[04:59:06] [257/324] PSMP
[04:59:07] [258/324] SDAL
[04:59:08] [259/324] RTNB
[04:59:08] [260/324] LMCR
[04:59:09] [261/324] CIMA
[04:59:09] [262/324] RNAS
[04:59:10] [263/324] LITH
[04:59:11] [264/324] PBOX
[04:59:11] [265/324] FRTS
[04:59:12] [266/324] RKIC
[04:59:13] [267/324] PTAI
[04:59:13] [268/324] GCIC
[04:59:14] [269/324] FNAS
[04:59:15] [270/324] SCAR
[04:59:15] [271/324] MTCA
[04:59:16] [272/324] SCTS
[04:59:16] [273/324] SYCS
[04:59:17] [274/324] RDMS
[04:59:18] [275/324] KAMP
[04:59:18] [276/324] ERSD
[04:59:19] [277/324] MJMJ
[04:59:19] [278/324] SRCJ
[04:59:20] [279/324] SCXE
[04:59:20] [280/324] SVFR
[04:59:21] [281/324] BHCS
[04:59:21] [282/324] IMCC
[04:59:22] [283/324] PCBO
[04:59:22] [284/324] PRVN
[04:59:23] [285/324] AUPM
[04:59:24] [286/324] INBW
[04:59:24] [287/324] SVCW
[04:59:25] [288/324] RKCF
[04:59:26] [289/324] UVBH
[04:59:26] [290/324] DNCY
[04:59:27] [291/324] ABCN
[04:59:27] [292/324] PRUR
[04:59:28] [293/324] PFMR
[04:59:28] [294/324] RKCN
[04:59:29] [295/324] CFEA
[04:59:30] [296/324] SDBG
[04:59:30] [297/324] SNAR
[04:59:31] [298/324] YISI
[04:59:31] [299/324] JCFF
[04:59:32] [300/324] VTRK
[04:59:33] [301/324] PCLZ
[04:59:33] [302/324] DIMY
[04:59:34] [303/324] BBTS
[04:59:34] [304/324] GATH
[04:59:35] [305/324] GTMN
[04:59:35] [306/324] VTMH
[04:59:36] [307/324] CCKP
[04:59:37] [308/324] GPKA
[04:59:37] [309/324] MHCL
[04:59:37] [310/324] ATCL
[04:59:38] [311/324] SBCK
[04:59:39] [312/324] AMMR
[04:59:39] [313/324] MADC
[04:59:40] [314/324] TMMA
[04:59:41] [315/324] CACC
[04:59:41] [316/324] CHAL
[04:59:42] [317/324] DURG
[04:59:42] [318/324] GMKU
[04:59:43] [319/324] GECA
[04:59:44] [320/324] KYRR
[04:59:44] [321/324] KSDE
[04:59:45] [322/324] LMCI
[04:59:45] [323/324] NKCP
[04:59:46] [324/324] BGTC
[04:59:47] 🧹 Deduping shows
[04:59:47] ✅ DONE | Shows=515 | Movies=42
[07:59:18] 🚀 SCRIPT STARTED
[07:59:18] [1/324] GCTA
[07:59:18] 🧠 New identity created
[07:59:19] [2/324] TOPN
[07:59:20] [3/324] MCUS
[07:59:20] [4/324] SHRL
[07:59:21] [5/324] UPTP
[07:59:22] [6/324] TMMP
[07:59:23] [7/324] DNRP
[07:59:24] [8/324] SRLT
[07:59:25] [9/324] RCNS
[07:59:26] [10/324] DCBH
[07:59:27] [11/324] NAGJ
[07:59:27] [12/324] JVRC
[07:59:28] [13/324] KRJG
[07:59:29] [14/324] SRTJ
[07:59:30] [15/324] CMXM
[07:59:31] [16/324] STMI
[07:59:32] [17/324] SLST
[07:59:32] [18/324] DTCN
[07:59:33] [19/324] STYN
[07:59:34] [20/324] SZVR
[07:59:35] [21/324] SRKO
[07:59:36] [22/324] JTGT
[07:59:36] [23/324] SVFD
[07:59:37] [24/324] SISD
[07:59:38] [25/324] ABDD
[07:59:39] [26/324] DRCA
[07:59:40] [27/324] AVCS
[07:59:41] [28/324] MVKH
[07:59:41] [29/324] ACPR
[07:59:43] [30/324] STIP
[07:59:45] [31/324] MTRA
[07:59:45] [32/324] RMKH
[07:59:46] [33/324] NKRL
[07:59:47] [34/324] PCWN
[07:59:48] [35/324] BLMT
[07:59:48] [36/324] GDPG
[07:59:49] [37/324] SRMX
[07:59:50] [38/324] JACP
[07:59:51] [39/324] CPSH
[07:59:52] [40/324] MCCD
[07:59:53] [41/324] ECGH
[07:59:54] [42/324] MKCK
[07:59:55] [43/324] SRMM
[07:59:56] [44/324] SKYR
[07:59:57] [45/324] PCKC
[07:59:58] [46/324] JCMA
[07:59:59] [47/324] BSMP
[08:00:00] [48/324] VSPA
[08:00:01] [49/324] DJYA
[08:00:01] [50/324] DIMP
[08:00:02] [51/324] FXDR
[08:00:03] [52/324] SSRC
[08:00:04] [53/324] STHP
[08:00:05] [54/324] CPPD
[08:00:06] [55/324] FCLK
[08:00:07] [56/324] SCPP
[08:00:07] [57/324] DCMJ
[08:00:08] [58/324] RCCR
[08:00:09] [59/324] INMT
[08:00:10] [60/324] LXTK
[08:00:11] [61/324] SRYK
[08:00:12] [62/324] SGDK
[08:00:13] [63/324] PPKA
[08:00:13] [64/324] SPKA
[08:00:14] [65/324] CGHH
[08:00:15] [66/324] DCJN
[08:00:16] [67/324] SRKV
[08:00:17] [68/324] SAJC
[08:00:18] [69/324] SUSR
[08:00:18] [70/324] STYG
[08:00:19] [71/324] NTKP
[08:00:21] [72/324] AKTG
[08:00:22] [73/324] CGCM
[08:00:22] [74/324] TULC
[08:00:23] [75/324] NYYZ
[08:00:24] [76/324] NYBW
[08:00:26] [77/324] MACB
[08:00:26] [78/324] SLVT
[08:00:28] [79/324] SANA
[08:00:29] [80/324] ACMR
[08:00:30] [81/324] CPKN
[08:00:31] [82/324] DLGK
[08:00:32] [83/324] CWCK
[08:00:33] [84/324] FDDH
[08:00:33] [85/324] MMMD
[08:00:34] [86/324] CMEH
[08:00:35] [87/324] GGGV
[08:00:36] [88/324] SPJL
[08:00:37] [89/324] RCCD
[08:00:37] [90/324] STTZ
[08:00:38] [91/324] BTCF
[08:00:39] [92/324] TSTZ
[08:00:40] [93/324] IPMM
[08:00:41] [94/324] PMPW
[08:00:42] [95/324] PCMZ
[08:00:43] [96/324] ESEM
[08:00:43] [97/324] PIPO
[08:00:44] [98/324] MATK
[08:00:45] [99/324] PGHM
[08:00:46] [100/324] CTSR
[08:00:47] [101/324] CYKR
[08:00:48] [102/324] MSCM
[08:00:48] [103/324] RFNP
[08:00:49] [104/324] PDCP
[08:00:50] [105/324] NPSE
[08:00:51] [106/324] MKML
[08:00:52] [107/324] FTDP
[08:00:53] [108/324] MMXA
[08:00:54] [109/324] CEPO
[08:00:55] [110/324] CMVP
[08:00:56] [111/324] SGTH
[08:00:56] [112/324] SAYN
[08:00:57] [113/324] URVS
[08:00:58] [114/324] VJTN
[08:00:59] [115/324] BBYK
[08:01:00] [116/324] SHBO
[08:01:00] [117/324] VCMR
[08:01:01] [118/324] MACT
[08:01:02] [119/324] JMNP
[08:01:03] [120/324] VICS
[08:01:04] [121/324] VCDA
[08:01:05] [122/324] GCMM
[08:01:07] [123/324] INVS
[08:01:08] [124/324] SCGM
[08:01:08] [125/324] PCDA
[08:01:09] [126/324] KDCT
[08:01:10] [127/324] JACS
[08:01:10] [128/324] GMMC
[08:01:11] [129/324] AICM
[08:01:12] [130/324] TJCM
[08:01:13] [131/324] RMTI
[08:01:14] [132/324] SHAC
[08:01:15] [133/324] APJC
[08:01:16] [134/324] GCTG
[08:01:16] [135/324] SSMC
[08:01:17] [136/324] THRM
[08:01:18] [137/324] RBCT
[08:01:19] [138/324] DIKT
[08:01:20] [139/324] MIDL
[08:01:21] [140/324] VCSN
[08:01:22] [141/324] SKTG
[08:01:23] [142/324] SMWC
[08:01:24] [143/324] MNKH
[08:01:24] [144/324] PIAT
[08:01:25] [145/324] LTTP
[08:01:27] [146/324] PTPU
[08:01:28] [147/324] ACMG
[08:01:29] [148/324] SHMM
[08:01:29] [149/324] MCMN
[08:01:30] [150/324] GLDC
[08:01:31] [151/324] HOUT
[08:01:32] [152/324] SVRP
[08:01:32] [153/324] PVDN
[08:01:33] [154/324] SCPY
[08:01:34] [155/324] DTPY
[08:01:35] [156/324] GKCS
[08:01:36] [157/324] NCAM
[08:01:37] [158/324] BSRM
[08:01:37] [159/324] RCLC
[08:01:38] [160/324] SKKD
[08:01:39] [161/324] ACHU
[08:01:40] [162/324] RSCF
[08:01:41] [163/324] IMSH
[08:01:42] [164/324] MACX
[08:01:43] [165/324] HMMW
[08:01:44] [166/324] JTCP
[08:01:45] [167/324] SREN
[08:01:46] [168/324] PJRR
[08:01:48] [169/324] INAC
[08:01:49] [170/324] BMCA
[08:01:49] [171/324] SHCB
[08:01:50] [172/324] GABA
[08:01:51] [173/324] SBCT
[08:01:52] [174/324] GCMA
[08:01:53] [175/324] MYTK
[08:01:54] [176/324] INZS
[08:01:55] [177/324] RMIK
[08:01:56] [178/324] NYCH
[08:01:56] [179/324] RAVE
[08:01:57] [180/324] PSXM
[08:01:59] [181/324] MCGP
[08:02:00] [182/324] PDDK
[08:02:00] [183/324] SPCK
[08:02:01] [184/324] MCRL
[08:02:02] [185/324] MHKT
[08:02:03] [186/324] ANRR
[08:02:04] [187/324] SAPK
[08:02:05] [188/324] NCUK
[08:02:06] [189/324] JUGA
[08:02:07] [190/324] DBSC
[08:02:07] [191/324] LALK
[08:02:09] [192/324] GUCK
[08:02:09] [193/324] STSG
[08:02:10] [194/324] PPPZ
[08:02:12] [195/324] CNCY
[08:02:13] [196/324] MTAR
[08:02:13] [197/324] VNKD
[08:02:14] [198/324] KMAJ
[08:02:16] [199/324] ACXK
[08:02:17] [200/324] UTKC
[08:02:18] [201/324] PBLK
[08:02:18] [202/324] ACBX
[08:02:19] [203/324] PTGM
[08:02:20] [204/324] BTDA
[08:02:21] [205/324] PJMB
[08:02:22] [206/324] TPDA
[08:02:23] [207/324] AMOE
[08:02:23] [208/324] PRHT
[08:02:24] [209/324] PRTA
[08:02:25] [210/324] STAM
[08:02:26] [211/324] MSAA
[08:02:27] [212/324] SDLU
[08:02:28] [213/324] RCHH
[08:02:29] [214/324] KANT
[08:02:30] [215/324] FCRT
[08:02:31] [216/324] DNKM
[08:02:32] [217/324] RYCP
[08:02:33] [218/324] MYRP
[08:02:34] [219/324] PPAK
[08:02:34] [220/324] NVPK
[08:02:35] [221/324] PRMC
[08:02:36] [222/324] JBCS
[08:02:38] [223/324] GXCK
[08:02:38] [224/324] USKO
[08:02:40] [225/324] GTEM
[08:02:41] [226/324] SMBU
[08:02:42] [227/324] VETC
[08:02:43] [228/324] LCDA
[08:02:44] [229/324] MTVT
[08:02:46] [230/324] PYCP
[08:02:46] [231/324] PNSC
[08:02:47] [232/324] PPCC
[08:02:49] [233/324] TGRT
[08:02:50] [234/324] JYOT
[08:02:50] [235/324] SRCZ
[08:02:51] [236/324] SJTE
[08:02:52] [237/324] DESC
[08:02:53] [238/324] JHVN
[08:02:54] [239/324] IPSG
[08:02:55] [240/324] IPCM
[08:02:56] [241/324] PDRS
[08:02:57] [242/324] ANCV
[08:02:58] [243/324] CMVV
[08:02:59] [244/324] SHYP
[08:03:00] [245/324] DNCS
[08:03:01] [246/324] GAJK
[08:03:01] [247/324] AKTN
[08:03:02] [248/324] KAYA
[08:03:03] [249/324] SBRC
[08:03:04] [250/324] CHTP
[08:03:05] [251/324] SHRT
[08:03:06] [252/324] BCKU
[08:03:07] [253/324] FCPS
[08:03:08] [254/324] ARDD
[08:03:09] [255/324] CPCM
[08:03:10] [256/324] CGSM
[08:03:11] [257/324] PSMP
[08:03:11] [258/324] SDAL
[08:03:12] [259/324] RTNB
[08:03:13] [260/324] LMCR
[08:03:14] [261/324] CIMA
[08:03:15] [262/324] RNAS
[08:03:16] [263/324] LITH
[08:03:16] [264/324] PBOX
[08:03:17] [265/324] FRTS
[08:03:18] [266/324] RKIC
[08:03:19] [267/324] PTAI
[08:03:20] [268/324] GCIC
[08:03:20] [269/324] FNAS
[08:03:21] [270/324] SCAR
[08:03:22] [271/324] MTCA
[08:03:23] [272/324] SCTS
[08:03:24] [273/324] SYCS
[08:03:24] [274/324] RDMS
[08:03:25] [275/324] KAMP
[08:03:26] [276/324] ERSD
[08:03:27] [277/324] MJMJ
[08:03:28] [278/324] SRCJ
[08:03:29] [279/324] SCXE
[08:03:30] [280/324] SVFR
[08:03:31] [281/324] BHCS
[08:03:32] [282/324] IMCC
[08:03:33] [283/324] PCBO
[08:03:34] [284/324] PRVN
[08:03:34] [285/324] AUPM
[08:03:35] [286/324] INBW
[08:03:36] [287/324] SVCW
[08:03:38] [288/324] RKCF
[08:03:39] [289/324] UVBH
[08:03:40] [290/324] DNCY
[08:03:41] [291/324] ABCN
[08:03:42] [292/324] PRUR
[08:03:43] [293/324] PFMR
[08:03:44] [294/324] RKCN
[08:03:44] [295/324] CFEA
[08:03:45] [296/324] SDBG
[08:03:46] [297/324] SNAR
[08:03:46] [298/324] YISI
[08:03:47] [299/324] JCFF
[08:03:48] [300/324] VTRK
[08:03:49] [301/324] PCLZ
[08:03:50] [302/324] DIMY
[08:03:50] [303/324] BBTS
[08:03:51] [304/324] GATH
[08:03:52] [305/324] GTMN
[08:03:53] [306/324] VTMH
[08:03:54] [307/324] CCKP
[08:03:55] [308/324] GPKA
[08:03:55] [309/324] MHCL
[08:03:56] [310/324] ATCL
[08:03:57] [311/324] SBCK
[08:03:58] [312/324] AMMR
[08:03:59] [313/324] MADC
[08:03:59] [314/324] TMMA
[08:04:00] [315/324] CACC
[08:04:01] [316/324] CHAL
[08:04:02] [317/324] DURG
[08:04:03] [318/324] GMKU
[08:04:03] [319/324] GECA
[08:04:04] [320/324] KYRR
[08:04:05] [321/324] KSDE
[08:04:05] [322/324] LMCI
[08:04:06] [323/324] NKCP
[08:04:07] [324/324] BGTC
[08:04:08] 🧹 Deduping shows
[08:04:08] ✅ DONE | Shows=515 | Movies=42
[12:11:20] 🚀 SCRIPT STARTED
[12:11:20] [1/324] GCTA
[12:11:20] 🧠 New identity created
[12:11:22] [2/324] TOPN
[12:11:22] [3/324] MCUS
[12:11:23] [4/324] SHRL
[12:11:24] [5/324] UPTP
[12:11:25] [6/324] TMMP
[12:11:26] [7/324] DNRP
[12:11:28] [8/324] SRLT
[12:11:28] [9/324] RCNS
[12:11:29] [10/324] DCBH
[12:11:30] [11/324] NAGJ
[12:11:31] [12/324] JVRC
[12:11:32] [13/324] KRJG
[12:11:33] [14/324] SRTJ
[12:11:34] [15/324] CMXM
[12:11:35] [16/324] STMI
[12:11:36] [17/324] SLST
[12:11:36] [18/324] DTCN
[12:11:37] [19/324] STYN
[12:11:38] [20/324] SZVR
[12:11:39] [21/324] SRKO
[12:11:39] [22/324] JTGT
[12:11:40] [23/324] SVFD
[12:11:41] [24/324] SISD
[12:11:42] [25/324] ABDD
[12:11:43] [26/324] DRCA
[12:11:44] [27/324] AVCS
[12:11:46] [28/324] MVKH
[12:11:47] [29/324] ACPR
[12:11:48] [30/324] STIP
[12:11:48] [31/324] MTRA
[12:11:49] [32/324] RMKH
[12:11:50] [33/324] NKRL
[12:11:51] [34/324] PCWN
[12:11:52] [35/324] BLMT
[12:11:52] [36/324] GDPG
[12:11:53] [37/324] SRMX
[12:11:54] [38/324] JACP
[12:11:55] [39/324] CPSH
[12:11:56] [40/324] MCCD
[12:11:57] [41/324] ECGH
[12:11:58] [42/324] MKCK
[12:11:58] [43/324] SRMM
[12:11:59] [44/324] SKYR
[12:12:00] [45/324] PCKC
[12:12:00] [46/324] JCMA
[12:12:01] [47/324] BSMP
[12:12:02] [48/324] VSPA
[12:12:03] [49/324] DJYA
[12:12:04] [50/324] DIMP
[12:12:06] [51/324] FXDR
[12:12:06] [52/324] SSRC
[12:12:07] [53/324] STHP
[12:12:08] [54/324] CPPD
[12:12:09] [55/324] FCLK
[12:12:10] [56/324] SCPP
[12:12:11] [57/324] DCMJ
[12:12:11] [58/324] RCCR
[12:12:12] [59/324] INMT
[12:12:13] [60/324] LXTK
[12:12:15] [61/324] SRYK
[12:12:16] [62/324] SGDK
[12:12:17] [63/324] PPKA
[12:12:17] [64/324] SPKA
[12:12:18] [65/324] CGHH
[12:12:19] [66/324] DCJN
[12:12:20] [67/324] SRKV
[12:12:21] [68/324] SAJC
[12:12:22] [69/324] SUSR
[12:12:22] [70/324] STYG
[12:12:23] [71/324] NTKP
[12:12:24] [72/324] AKTG
[12:12:26] [73/324] CGCM
[12:12:28] [74/324] TULC
[12:12:29] [75/324] NYYZ
[12:12:30] [76/324] NYBW
[12:12:31] [77/324] MACB
[12:12:31] [78/324] SLVT
[12:12:32] [79/324] SANA
[12:12:33] [80/324] ACMR
[12:12:33] [81/324] CPKN
[12:12:34] [82/324] DLGK
[12:12:35] [83/324] CWCK
[12:12:36] [84/324] FDDH
[12:12:37] [85/324] MMMD
[12:12:38] [86/324] CMEH
[12:12:39] [87/324] GGGV
[12:12:40] [88/324] SPJL
[12:12:41] [89/324] RCCD
[12:12:42] [90/324] STTZ
[12:12:43] [91/324] BTCF
[12:12:43] [92/324] TSTZ
[12:12:44] [93/324] IPMM
[12:12:45] [94/324] PMPW
[12:12:46] [95/324] PCMZ
[12:12:46] [96/324] ESEM
[12:12:47] [97/324] PIPO
[12:12:49] [98/324] MATK
[12:12:50] [99/324] PGHM
[12:12:51] [100/324] CTSR
[12:12:52] [101/324] CYKR
[12:12:53] [102/324] MSCM
[12:12:54] [103/324] RFNP
[12:12:55] [104/324] PDCP
[12:12:56] [105/324] NPSE
[12:12:57] [106/324] MKML
[12:12:57] [107/324] FTDP
[12:12:58] [108/324] MMXA
[12:12:59] [109/324] CEPO
[12:13:00] [110/324] CMVP
[12:13:01] [111/324] SGTH
[12:13:02] [112/324] SAYN
[12:13:03] [113/324] URVS
[12:13:04] [114/324] VJTN
[12:13:06] [115/324] BBYK
[12:13:07] [116/324] SHBO
[12:13:08] [117/324] VCMR
[12:13:09] [118/324] MACT
[12:13:09] [119/324] JMNP
[12:13:10] [120/324] VICS
[12:13:11] [121/324] VCDA
[12:13:12] [122/324] GCMM
[12:13:12] [123/324] INVS
[12:13:13] [124/324] SCGM
[12:13:14] [125/324] PCDA
[12:13:15] [126/324] KDCT
[12:13:16] [127/324] JACS
[12:13:17] [128/324] GMMC
[12:13:18] [129/324] AICM
[12:13:19] [130/324] TJCM
[12:13:20] [131/324] RMTI
[12:13:21] [132/324] SHAC
[12:13:21] [133/324] APJC
[12:13:22] [134/324] GCTG
[12:13:23] [135/324] SSMC
[12:13:24] [136/324] THRM
[12:13:25] [137/324] RBCT
[12:13:26] [138/324] DIKT
[12:13:26] [139/324] MIDL
[12:13:27] [140/324] VCSN
[12:13:28] [141/324] SKTG
[12:13:28] [142/324] SMWC
[12:13:29] [143/324] MNKH
[12:13:30] [144/324] PIAT
[12:13:31] [145/324] LTTP
[12:13:32] [146/324] PTPU
[12:13:33] [147/324] ACMG
[12:13:34] [148/324] SHMM
[12:13:35] [149/324] MCMN
[12:13:36] [150/324] GLDC
[12:13:36] [151/324] HOUT
[12:13:37] [152/324] SVRP
[12:13:38] [153/324] PVDN
[12:13:39] [154/324] SCPY
[12:13:39] [155/324] DTPY
[12:13:40] [156/324] GKCS
[12:13:42] [157/324] NCAM
[12:13:43] [158/324] BSRM
[12:13:44] [159/324] RCLC
[12:13:44] [160/324] SKKD
[12:13:46] [161/324] ACHU
[12:13:46] [162/324] RSCF
[12:13:47] [163/324] IMSH
[12:13:48] [164/324] MACX
[12:13:49] [165/324] HMMW
[12:13:49] [166/324] JTCP
[12:13:50] [167/324] SREN
[12:13:51] [168/324] PJRR
[12:13:52] [169/324] INAC
[12:13:53] [170/324] BMCA
[12:13:54] [171/324] SHCB
[12:13:54] [172/324] GABA
[12:13:55] [173/324] SBCT
[12:13:56] [174/324] GCMA
[12:13:57] [175/324] MYTK
[12:13:58] [176/324] INZS
[12:13:59] [177/324] RMIK
[12:13:59] [178/324] NYCH
[12:14:00] [179/324] RAVE
[12:14:02] [180/324] PSXM
[12:14:02] [181/324] MCGP
[12:14:03] [182/324] PDDK
[12:14:04] [183/324] SPCK
[12:14:05] [184/324] MCRL
[12:14:05] [185/324] MHKT
[12:14:06] [186/324] ANRR
[12:14:07] [187/324] SAPK
[12:14:08] [188/324] NCUK
[12:14:09] [189/324] JUGA
[12:14:10] [190/324] DBSC
[12:14:11] [191/324] LALK
[12:14:12] [192/324] GUCK
[12:14:13] [193/324] STSG
[12:14:14] [194/324] PPPZ
[12:14:15] [195/324] CNCY
[12:14:16] [196/324] MTAR
[12:14:17] [197/324] VNKD
[12:14:18] [198/324] KMAJ
[12:14:18] [199/324] ACXK
[12:14:19] [200/324] UTKC
[12:14:20] [201/324] PBLK
[12:14:21] [202/324] ACBX
[12:14:22] [203/324] PTGM
[12:14:23] [204/324] BTDA
[12:14:24] [205/324] PJMB
[12:14:25] [206/324] TPDA
[12:14:26] [207/324] AMOE
[12:14:27] [208/324] PRHT
[12:14:28] [209/324] PRTA
[12:14:28] [210/324] STAM
[12:14:29] [211/324] MSAA
[12:14:31] [212/324] SDLU
[12:14:32] [213/324] RCHH
[12:14:32] [214/324] KANT
[12:14:33] [215/324] FCRT
[12:14:35] [216/324] DNKM
[12:14:36] [217/324] RYCP
[12:14:37] [218/324] MYRP
[12:14:38] [219/324] PPAK
[12:14:39] [220/324] NVPK
[12:14:40] [221/324] PRMC
[12:14:41] [222/324] JBCS
[12:14:43] [223/324] GXCK
[12:14:43] [224/324] USKO
[12:14:44] [225/324] GTEM
[12:14:45] [226/324] SMBU
[12:14:46] [227/324] VETC
[12:14:47] [228/324] LCDA
[12:14:47] [229/324] MTVT
[12:14:48] [230/324] PYCP
[12:14:49] [231/324] PNSC
[12:14:50] [232/324] PPCC
[12:14:51] [233/324] TGRT
[12:14:52] [234/324] JYOT
[12:14:52] [235/324] SRCZ
[12:14:53] [236/324] SJTE
[12:14:54] [237/324] DESC
[12:14:55] [238/324] JHVN
[12:14:56] [239/324] IPSG
[12:14:57] [240/324] IPCM
[12:14:57] [241/324] PDRS
[12:14:58] [242/324] ANCV
[12:14:59] [243/324] CMVV
[12:15:00] [244/324] SHYP
[12:15:02] [245/324] DNCS
[12:15:03] [246/324] GAJK
[12:15:04] [247/324] AKTN
[12:15:05] [248/324] KAYA
[12:15:05] [249/324] SBRC
[12:15:06] [250/324] CHTP
[12:15:07] [251/324] SHRT
[12:15:08] [252/324] BCKU
[12:15:09] [253/324] FCPS
[12:15:09] [254/324] ARDD
[12:15:10] [255/324] CPCM
[12:15:11] [256/324] CGSM
[12:15:12] [257/324] PSMP
[12:15:13] [258/324] SDAL
[12:15:14] [259/324] RTNB
[12:15:15] [260/324] LMCR
[12:15:16] [261/324] CIMA
[12:15:17] [262/324] RNAS
[12:15:17] [263/324] LITH
[12:15:18] [264/324] PBOX
[12:15:19] [265/324] FRTS
[12:15:20] [266/324] RKIC
[12:15:21] [267/324] PTAI
[12:15:21] [268/324] GCIC
[12:15:22] [269/324] FNAS
[12:15:23] [270/324] SCAR
[12:15:24] [271/324] MTCA
[12:15:25] [272/324] SCTS
[12:15:25] [273/324] SYCS
[12:15:26] [274/324] RDMS
[12:15:27] [275/324] KAMP
[12:15:28] [276/324] ERSD
[12:15:29] [277/324] MJMJ
[12:15:30] [278/324] SRCJ
[12:15:31] [279/324] SCXE
[12:15:32] [280/324] SVFR
[12:15:33] [281/324] BHCS
[12:15:34] [282/324] IMCC
[12:15:35] [283/324] PCBO
[12:15:35] [284/324] PRVN
[12:15:36] [285/324] AUPM
[12:15:37] [286/324] INBW
[12:15:38] [287/324] SVCW
[12:15:39] [288/324] RKCF
[12:15:39] [289/324] UVBH
[12:15:40] [290/324] DNCY
[12:15:41] [291/324] ABCN
[12:15:42] [292/324] PRUR
[12:15:43] [293/324] PFMR
[12:15:44] [294/324] RKCN
[12:15:45] [295/324] CFEA
[12:15:46] [296/324] SDBG
[12:15:47] [297/324] SNAR
[12:15:47] [298/324] YISI
[12:15:48] [299/324] JCFF
[12:15:49] [300/324] VTRK
[12:15:50] [301/324] PCLZ
[12:15:51] [302/324] DIMY
[12:15:53] [303/324] BBTS
[12:15:54] [304/324] GATH
[12:15:55] [305/324] GTMN
[12:15:56] [306/324] VTMH
[12:15:58] [307/324] CCKP
[12:15:59] [308/324] GPKA
[12:16:00] [309/324] MHCL
[12:16:00] [310/324] ATCL
[12:16:01] [311/324] SBCK
[12:16:02] [312/324] AMMR
[12:16:03] [313/324] MADC
[12:16:04] [314/324] TMMA
[12:16:05] [315/324] CACC
[12:16:06] [316/324] CHAL
[12:16:07] [317/324] DURG
[12:16:08] [318/324] GMKU
[12:16:09] [319/324] GECA
[12:16:10] [320/324] KYRR
[12:16:10] [321/324] KSDE
[12:16:11] [322/324] LMCI
[12:16:12] [323/324] NKCP
[12:16:13] [324/324] BGTC
[12:16:14] 🧹 Deduping shows
[12:16:14] ✅ DONE | Shows=515 | Movies=42
