[00:01:26] 🚀 BMS DAILY TRACKER STARTED
[00:01:26] [1/459] NECA
[00:01:26] 🧠 New identity
[00:01:27] [2/459] BJLC
[00:01:28] [3/459] BASU
[00:01:29] [4/459] RUPI
[00:01:30] [5/459] LCBK
[00:01:31] [6/459] PMAC
[00:01:31] [7/459] AMLC
[00:01:32] [8/459] LICL
[00:01:34] [9/459] UDMM
[00:01:35] [10/459] STBZ
[00:01:35] [11/459] UUBT
[00:01:36] [12/459] SJKC
[00:01:37] [13/459] TUAL
[00:01:38] [14/459] MRSE
[00:01:39] [15/459] RMRK
[00:01:40] [16/459] TTKP
[00:01:41] [17/459] KTKO
[00:01:42] [18/459] SDBK
[00:01:43] [19/459] MCPR
[00:01:44] [20/459] CHTI
[00:01:44] [21/459] GCCP
[00:01:45] [22/459] SRMY
[00:01:46] [23/459] NYST
[00:01:48] [24/459] NYAG
[00:01:49] [25/459] SBMT
[00:01:49] [26/459] INGA
[00:01:50] [27/459] WSIC
[00:01:51] [28/459] SCSS
[00:01:52] [29/459] COPG
[00:01:52] [30/459] RCGR
[00:01:53] [31/459] TCZA
[00:01:54] [32/459] CNLP
[00:01:55] [33/459] CLKN
[00:01:55] [34/459] LHDF
[00:01:56] [35/459] ELKC
[00:01:57] [36/459] VCEM
[00:01:58] [37/459] SSZA
[00:01:59] [38/459] KRMT
[00:02:00] [39/459] LCMV
[00:02:01] [40/459] AYCZ
[00:02:02] [41/459] CUMS
[00:02:03] [42/459] BOCK
[00:02:04] [43/459] PNMR
[00:02:05] [44/459] PJCP
[00:02:05] [45/459] JDDD
[00:02:06] [46/459] STMS
[00:02:07] [47/459] FLMB
[00:02:08] [48/459] PKCM
[00:02:09] [49/459] SPPR
[00:02:10] [50/459] EYLH
[00:02:10] [51/459] RJCC
[00:02:11] [52/459] MMPS
[00:02:13] [53/459] SHMX
[00:02:14] [54/459] CCNL
[00:02:15] [55/459] RCNV
[00:02:15] [56/459] MAAG
[00:02:16] [57/459] LXCM
[00:02:17] [58/459] RCNI
[00:02:18] [59/459] SNNI
[00:02:19] [60/459] LALC
[00:02:20] [61/459] SOCN
[00:02:20] [62/459] JHTP
[00:02:21] [63/459] PITP
[00:02:22] [64/459] CCKW
[00:02:23] [65/459] MCMC
[00:02:24] [66/459] DEES
[00:02:24] [67/459] SABT
[00:02:25] [68/459] VSPP
[00:02:27] [69/459] ABCT
[00:02:28] [70/459] JVTB
[00:02:29] [71/459] VCBD
[00:02:29] [72/459] RMGG
[00:02:30] [73/459] RNMH
[00:02:31] [74/459] SPGL
[00:02:32] [75/459] JTTR
[00:02:33] [76/459] SICS
[00:02:34] [77/459] SRMI
[00:02:35] [78/459] SSIJ
[00:02:35] [79/459] KFMT
[00:02:36] [80/459] VBIT
[00:02:37] [81/459] JKCT
[00:02:38] [82/459] GCGP
[00:02:38] [83/459] GDCS
[00:02:40] [84/459] TRBA
[00:02:41] [85/459] QUST
[00:02:42] [86/459] VSHM
[00:02:42] [87/459] SDCP
[00:02:43] [88/459] SNVS
[00:02:44] [89/459] NYTO
[00:02:45] [90/459] URWC
[00:02:45] [91/459] GTWH
[00:02:46] [92/459] PFCM
[00:02:47] [93/459] KRTA
[00:02:48] [94/459] AXMC
[00:02:49] [95/459] EVMC
[00:02:50] [96/459] HGSM
[00:02:50] [97/459] ACVM
[00:02:51] [98/459] PSKL
[00:02:52] [99/459] RDMP
[00:02:53] [100/459] RHGH
[00:02:54] [101/459] OMCM
[00:02:55] [102/459] DCCP
[00:02:55] [103/459] MCPB
[00:02:56] [104/459] ALCI
[00:02:57] [105/459] BLMX
[00:02:58] [106/459] BTMV
[00:02:59] [107/459] FVPN
[00:03:00] [108/459] CMAR
[00:03:01] [109/459] CEIM
[00:03:01] [110/459] CMVA
[00:03:02] [111/459] CPIV
[00:03:03] [112/459] CNPE
[00:03:04] [113/459] COLV
[00:03:05] [114/459] DNNV
[00:03:06] [115/459] HCAD
[00:03:06] [116/459] TAKA
[00:03:07] [117/459] INVD
[00:03:08] [118/459] IRMM
[00:03:09] [119/459] INSE
[00:03:10] [120/459] MRSW
[00:03:11] [121/459] MCVD
[00:03:11] [122/459] MCSO
[00:03:12] [123/459] PEVM
[00:03:13] [124/459] PVNL
[00:03:13] [125/459] PTCV
[00:03:14] [126/459] PRTC
[00:03:15] [127/459] RCVA
[00:03:15] [128/459] MTBN
[00:03:17] [129/459] LUCP
[00:03:18] [130/459] FMPT
[00:03:18] [131/459] JLSL
[00:03:19] [132/459] SBHA
[00:03:20] [133/459] SHRC
[00:03:21] [134/459] AVPS
[00:03:22] [135/459] STPM
[00:03:23] [136/459] ATRD
[00:03:24] [137/459] VTED
[00:03:24] [138/459] ACAI
[00:03:25] [139/459] SMAE
[00:03:27] [140/459] VMAT
[00:03:27] [141/459] LKCT
[00:03:28] [142/459] JTVK
[00:03:29] [143/459] PRTY
[00:03:30] [144/459] GETT
[00:03:31] [145/459] ESAP
[00:03:31] [146/459] NCPM
[00:03:32] [147/459] PCPA
[00:03:33] [148/459] MMOM
[00:03:34] [149/459] PHUP
[00:03:34] [150/459] CCPI
[00:03:35] [151/459] CNTD
[00:03:36] [152/459] NLJR
[00:03:37] [153/459] SRNG
[00:03:38] [154/459] MHAL
[00:03:39] [155/459] PNSM
[00:03:40] [156/459] DRMY
[00:03:40] [157/459] CCMU
[00:03:41] [158/459] SCMY
[00:03:42] [159/459] PVSY
[00:03:43] [160/459] SDLM
[00:03:45] [161/459] ICCM
[00:03:46] [162/459] PYSU
[00:03:46] [163/459] GATM
[00:03:47] [164/459] WOTM
[00:03:48] [165/459] RKTS
[00:03:50] [166/459] PMTY
[00:03:51] [167/459] LYMS
[00:03:51] [168/459] TGCA
[00:03:52] [169/459] DSTA
[00:03:53] [170/459] CNGE
[00:03:54] [171/459] VSTG
[00:03:55] [172/459] GTCK
[00:03:55] [173/459] TGNT
[00:03:56] [174/459] ASLC
[00:03:57] [175/459] SSST
[00:03:57] [176/459] KBTT
[00:03:58] [177/459] HKCP
[00:03:59] [178/459] SWLC
[00:04:00] [179/459] RTND
[00:04:01] [180/459] PKKT
[00:04:02] [181/459] HSTK
[00:04:03] [182/459] SPTT
[00:04:04] [183/459] IMPM
[00:04:04] [184/459] SCMV
[00:04:05] [185/459] SPCT
[00:04:06] [186/459] JBCA
[00:04:07] [187/459] ATTR
[00:04:07] [188/459] SPMT
[00:04:08] [189/459] LCTM
[00:04:09] [190/459] SCVL
[00:04:10] [191/459] SCVT
[00:04:11] [192/459] KRIC
[00:04:12] [193/459] CTMG
[00:04:12] [194/459] ACNC
[00:04:13] [195/459] DMCK
[00:04:14] [196/459] KMTV
[00:04:15] [197/459] PFCJ
[00:04:16] [198/459] VNMD
[00:04:16] [199/459] VPCZ
[00:04:17] [200/459] SRYR
[00:04:18] [201/459] SYTR
[00:04:19] [202/459] GATR
[00:04:20] [203/459] URTR
[00:04:20] [204/459] MKSM
[00:04:21] [205/459] VSMH
[00:04:22] [206/459] SKRJ
[00:04:23] [207/459] SSJR
[00:04:24] [208/459] SVSM
[00:04:25] [209/459] RUCM
[00:04:26] [210/459] PRKN
[00:04:26] [211/459] RROH
[00:04:27] [212/459] SCTN
[00:04:28] [213/459] RTDM
[00:04:29] [214/459] ASRM
[00:04:30] [215/459] SKMD
[00:04:31] [216/459] SUTD
[00:04:32] [217/459] SADM
[00:04:32] [218/459] WCNR
[00:04:33] [219/459] CNED
[00:04:34] [220/459] MPDB
[00:04:35] [221/459] KTBH
[00:04:36] [222/459] IDRM
[00:04:36] [223/459] PJJT
[00:04:37] [224/459] PFCV
[00:04:38] [225/459] AACT
[00:04:39] [226/459] AAAD
[00:04:40] [227/459] ANES
[00:04:41] [228/459] MNCA
[00:04:41] [229/459] RMGU
[00:04:42] [230/459] DLCN
[00:04:43] [231/459] LJWT
[00:04:44] [232/459] MCBG
[00:04:45] [233/459] MYBG
[00:04:46] [234/459] GCCA
[00:04:47] [235/459] GCGA
[00:04:48] [236/459] ECGN
[00:04:49] [237/459] PRAB
[00:04:50] [238/459] PNMP
[00:04:51] [239/459] GCPT
[00:04:52] [240/459] ROYN
[00:04:53] [241/459] VATM
[00:04:54] [242/459] KSNT
[00:04:54] [243/459] ACTC
[00:04:55] [244/459] PLTD
[00:04:56] [245/459] SKMK
[00:04:57] [246/459] CMTT
[00:04:59] [247/459] SMXP
[00:04:59] [248/459] SCMX
[00:05:00] [249/459] ACXN
[00:05:01] [250/459] ASWT
[00:05:02] [251/459] VVVL
[00:05:03] [252/459] NAGO
[00:05:04] [253/459] SNCN
[00:05:04] [254/459] MCKP
[00:05:05] [255/459] SAMO
[00:05:06] [256/459] JBTV
[00:05:07] [257/459] DCVV
[00:05:08] [258/459] KMSV
[00:05:09] [259/459] KDCN
[00:05:11] [260/459] CNCP
[00:05:12] [261/459] HAMC
[00:05:13] [262/459] CCVZ
[00:05:14] [263/459] NCCK
[00:05:14] [264/459] MCHR
[00:05:15] [265/459] SCHT
[00:05:16] [266/459] ESSH
[00:05:17] [267/459] CUJC
[00:05:17] [268/459] PECP
[00:05:18] [269/459] PMMI
[00:05:19] [270/459] PCCH
[00:05:19] [271/459] PRPM
[00:05:20] [272/459] PVKL
[00:05:21] [273/459] CBSM
[00:05:22] [274/459] PVCZ
[00:05:22] [275/459] PCVV
[00:05:24] [276/459] CTMJ
[00:05:24] [277/459] RCPS
[00:05:25] [278/459] PCIT
[00:05:26] [279/459] FNCH
[00:05:27] [280/459] INZD
[00:05:28] [281/459] INPC
[00:05:28] [282/459] LCZP
[00:05:29] [283/459] SMCB
[00:05:30] [284/459] PTSB
[00:05:31] [285/459] TPSI
[00:05:32] [286/459] KHMJ
[00:05:33] [287/459] RCCJ
[00:05:34] [288/459] NCJA
[00:05:35] [289/459] NCJN
[00:05:36] [290/459] BTDP
[00:05:37] [291/459] PADY
[00:05:37] [292/459] NYBH
[00:05:38] [293/459] MTBR
[00:05:39] [294/459] KRBC
[00:05:40] [295/459] DKTI
[00:05:41] [296/459] ANAN
[00:05:42] [297/459] INBP
[00:05:42] [298/459] PATB
[00:05:43] [299/459] RGNT
[00:05:44] [300/459] CGPM
[00:05:45] [301/459] INTN
[00:05:45] [302/459] MCMP
[00:05:46] [303/459] ASRG
[00:05:47] [304/459] CXJD
[00:05:48] [305/459] SPCP
[00:05:48] [306/459] CSTP
[00:05:49] [307/459] PKVC
[00:05:50] [308/459] ESCP
[00:05:51] [309/459] CAEP
[00:05:52] [310/459] CCSP
[00:05:53] [311/459] KTPC
[00:05:54] [312/459] DACA
[00:05:55] [313/459] NVKY
[00:05:56] [314/459] PTIN
[00:05:56] [315/459] SCIN
[00:05:57] [316/459] MCTY
[00:05:58] [317/459] PCMX
[00:05:59] [318/459] INIC
[00:05:59] [319/459] MMZM
[00:06:00] [320/459] SSLP
[00:06:01] [321/459] DTDT
[00:06:02] [322/459] FFCX
[00:06:02] [323/459] RCMM
[00:06:03] [324/459] KYID
[00:06:04] [325/459] CSCI
[00:06:05] [326/459] FCMC
[00:06:06] [327/459] MMXI
[00:06:06] [328/459] ASTC
[00:06:07] [329/459] CMRA
[00:06:08] [330/459] DICI
[00:06:09] [331/459] KDIN
[00:06:10] [332/459] PRFI
[00:06:12] [333/459] SVFC
[00:06:13] [334/459] UCPL
[00:06:14] [335/459] COOC
[00:06:15] [336/459] SCAL
[00:06:16] [337/459] SVFF
[00:06:17] [338/459] VCMG
[00:06:18] [339/459] UUCT
[00:06:19] [340/459] GCSE
[00:06:19] [341/459] SUSC
[00:06:20] [342/459] MISC
[00:06:21] [343/459] RMBL
[00:06:22] [344/459] CMXN
[00:06:22] [345/459] PVBK
[00:06:23] [346/459] HHCG
[00:06:24] [347/459] SCAG
[00:06:25] [348/459] CNPR
[00:06:25] [349/459] CSER
[00:06:26] [350/459] HLWD
[00:06:27] [351/459] BOLY
[00:06:29] [352/459] SSPG
[00:06:29] [353/459] MUPX
[00:06:30] [354/459] HAMR
[00:06:31] [355/459] SDNC
[00:06:31] [356/459] RTEN
[00:06:32] [357/459] SDTD
[00:06:33] [358/459] KAWS
[00:06:33] [359/459] CMZX
[00:06:34] [360/459] DCDD
[00:06:35] [361/459] ALSN
[00:06:36] [362/459] IMXS
[00:06:37] [363/459] PVFF
[00:06:37] [364/459] PVOO
[00:06:38] [365/459] CFBS
[00:06:39] [366/459] PVER
[00:06:40] [367/459] PPNX
[00:06:41] [368/459] CNRM
[00:06:42] [369/459] PVWW
[00:06:42] [370/459] INMB
[00:06:43] [371/459] CPJR
[00:06:44] [372/459] INRZ
[00:06:45] [373/459] PMSR
[00:06:46] [374/459] GPGM
[00:06:47] [375/459] PGWB
[00:06:48] [376/459] PMBR
[00:06:48] [377/459] GPAM
[00:06:49] [378/459] INBC
[00:06:50] [379/459] PZVK
[00:06:51] [380/459] CPEB
[00:06:52] [381/459] FMLB
[00:06:52] [382/459] INBG
[00:06:53] [383/459] GPBR
[00:06:55] [384/459] PAAS
[00:06:55] [385/459] VTBR
[00:06:56] [386/459] GPMY
[00:06:57] [387/459] GYBU
[00:06:58] [388/459] INBJ
[00:06:58] [389/459] LKTH
[00:06:59] [390/459] NSBR
[00:07:00] [391/459] PDRD
[00:07:01] [392/459] VRBL
[00:07:02] [393/459] VTGB
[00:07:02] [394/459] VTSK
[00:07:03] [395/459] BKDV
[00:07:04] [396/459] SVTB
[00:07:05] [397/459] MLDT
[00:07:06] [398/459] NRBL
[00:07:06] [399/459] SLTR
[00:07:07] [400/459] VNKA
[00:07:08] [401/459] TDCA
[00:07:09] [402/459] INBM
[00:07:10] [403/459] SSNR
[00:07:11] [404/459] BHAC
[00:07:12] [405/459] SDSD
[00:07:13] [406/459] SAMP
[00:07:14] [407/459] RATK
[00:07:14] [408/459] KCBI
[00:07:15] [409/459] URBL
[00:07:17] [410/459] MKBG
[00:07:17] [411/459] ASTB
[00:07:18] [412/459] VBWT
[00:07:19] [413/459] GPSM
[00:07:20] [414/459] ROON
[00:07:21] [415/459] CHTH
[00:07:22] [416/459] SSPA
[00:07:23] [417/459] ANBL
[00:07:24] [418/459] VTBE
[00:07:25] [419/459] SVKT
[00:07:26] [420/459] SVYK
[00:07:27] [421/459] PTBK
[00:07:28] [422/459] RKTB
[00:07:29] [423/459] BALT
[00:07:30] [424/459] STSV
[00:07:31] [425/459] VCCB
[00:07:32] [426/459] SLTB
[00:07:33] [427/459] SBCR
[00:07:34] [428/459] VDCS
[00:07:34] [429/459] MDKI
[00:07:35] [430/459] SMRN
[00:07:36] [431/459] PTBC
[00:07:37] [432/459] RADI
[00:07:38] [433/459] ADCR
[00:07:38] [434/459] SDCS
[00:07:39] [435/459] SRPJ
[00:07:40] [436/459] ARTS
[00:07:41] [437/459] SRHK
[00:07:42] [438/459] SPAY
[00:07:43] [439/459] GPTB
[00:07:43] [440/459] SNNN
[00:07:44] [441/459] BALJ
[00:07:45] [442/459] TRIG
[00:07:46] [443/459] GTYT
[00:07:46] [444/459] ATGN
[00:07:47] [445/459] ANTE
[00:07:48] [446/459] BDCG
[00:07:49] [447/459] VECI
[00:07:49] [448/459] SCPR
[00:07:50] [449/459] RTEA
[00:07:51] [450/459] JSAI
[00:07:52] [451/459] VJTP
[00:07:52] [452/459] GNDS
[00:07:53] [453/459] PAXA
[00:07:54] [454/459] CGGM
[00:07:55] [455/459] ACKZ
[00:07:56] [456/459] EMCC
[00:07:56] [457/459] KLSK
[00:07:57] [458/459] AVCK
[00:07:58] [459/459] JTCK
[00:07:59] ✅ DONE | Shows=1 | Movies=1
