[00:01:25] 🚀 BMS DAILY TRACKER STARTED
[00:01:25] [1/296] CDCA
[00:01:25] 🧠 New identity
[00:01:26] [2/296] MNSR
[00:01:27] [3/296] CSSL
[00:01:28] [4/296] BGGM
[00:01:29] [5/296] MANT
[00:01:29] [6/296] SOOY
[00:01:30] [7/296] VPPK
[00:01:31] [8/296] MYHJ
[00:01:33] [9/296] KSCK
[00:01:34] [10/296] KATK
[00:01:35] [11/296] RTRT
[00:01:36] [12/296] SSTT
[00:01:36] [13/296] SSTV
[00:01:38] [14/296] LACM
[00:01:39] [15/296] SGMG
[00:01:40] [16/296] KACX
[00:01:41] [17/296] GVCP
[00:01:42] [18/296] CSNC
[00:01:43] [19/296] SXCB
[00:01:44] [20/296] BAHS
[00:01:45] [21/296] PCBI
[00:01:46] [22/296] PSSM
[00:01:47] [23/296] RCOK
[00:01:48] [24/296] SCPF
[00:01:49] [25/296] SSAS
[00:01:50] [26/296] EVMM
[00:01:50] [27/296] SYCB
[00:01:51] [28/296] GCKI
[00:01:52] [29/296] IAET
[00:01:53] [30/296] DDTD
[00:01:54] [31/296] GMDH
[00:01:55] [32/296] STLE
[00:01:56] [33/296] JTRA
[00:01:57] [34/296] RPPA
[00:01:57] [35/296] ARUT
[00:01:58] [36/296] JTVM
[00:01:59] [37/296] SWRH
[00:02:00] [38/296] DCPC
[00:02:01] [39/296] RAPR
[00:02:02] [40/296] GCRT
[00:02:03] [41/296] ATUN
[00:02:04] [42/296] LTRM
[00:02:05] [43/296] TASR
[00:02:06] [44/296] RLLC
[00:02:07] [45/296] MABI
[00:02:08] [46/296] SVHB
[00:02:08] [47/296] NVTB
[00:02:09] [48/296] KCKG
[00:02:10] [49/296] SSRN
[00:02:11] [50/296] VDDC
[00:02:12] [51/296] GKTK
[00:02:12] [52/296] YFSN
[00:02:13] [53/296] GCSG
[00:02:14] [54/296] ESSM
[00:02:15] [55/296] KRIH
[00:02:16] [56/296] GCDS
[00:02:17] [57/296] CCSH
[00:02:18] [58/296] ACSK
[00:02:19] [59/296] APRK
[00:02:20] [60/296] ADKM
[00:02:20] [61/296] SRDM
[00:02:21] [62/296] RMOG
[00:02:22] [63/296] SJMY
[00:02:23] [64/296] PGGC
[00:02:24] [65/296] INGM
[00:02:25] [66/296] LSCB
[00:02:26] [67/296] STAD
[00:02:26] [68/296] MCCR
[00:02:27] [69/296] ABCC
[00:02:28] [70/296] RKCC
[00:02:29] [71/296] RTCR
[00:02:30] [72/296] GGBC
[00:02:31] [73/296] GCSD
[00:02:32] [74/296] LPTY
[00:02:33] [75/296] MCFD
[00:02:34] [76/296] HENN
[00:02:35] [77/296] SMKU
[00:02:35] [78/296] TNZC
[00:02:36] [79/296] DRCD
[00:02:37] [80/296] DLCD
[00:02:39] [81/296] RCDA
[00:02:39] [82/296] COSM
[00:02:40] [83/296] MCMJ
[00:02:41] [84/296] CSTR
[00:02:42] [85/296] CVDK
[00:02:43] [86/296] INRR
[00:02:43] [87/296] RJRT
[00:02:44] [88/296] IRMR
[00:02:45] [89/296] SRCF
[00:02:46] [90/296] GRCR
[00:02:47] [91/296] SURC
[00:02:48] [92/296] NMNH
[00:02:49] [93/296] SVBL
[00:02:49] [94/296] KACI
[00:02:50] [95/296] TDGO
[00:02:51] [96/296] KTBR
[00:02:52] [97/296] PMAD
[00:02:53] [98/296] CCPN
[00:02:54] [99/296] SBTK
[00:02:55] [100/296] LMDK
[00:02:56] [101/296] PGDA
[00:02:56] [102/296] SRML
[00:02:57] [103/296] EVCK
[00:02:59] [104/296] RTTK
[00:03:00] [105/296] SRTU
[00:03:00] [106/296] VRSA
[00:03:01] [107/296] VARS
[00:03:02] [108/296] DSCZ
[00:03:03] [109/296] GAGA
[00:03:04] [110/296] SARV
[00:03:04] [111/296] SEEG
[00:03:05] [112/296] GLCA
[00:03:06] [113/296] APAS
[00:03:07] [114/296] VCIA
[00:03:09] [115/296] SJTA
[00:03:10] [116/296] SABM
[00:03:10] [117/296] PPAG
[00:03:11] [118/296] RVCA
[00:03:12] [119/296] CCIA
[00:03:13] [120/296] HTAG
[00:03:14] [121/296] SMBI
[00:03:15] [122/296] MCJR
[00:03:16] [123/296] CCJR
[00:03:17] [124/296] SINF
[00:03:18] [125/296] CPLX
[00:03:18] [126/296] KKTJ
[00:03:20] [127/296] GDBW
[00:03:21] [128/296] CSUB
[00:03:22] [129/296] DABA
[00:03:22] [130/296] TITR
[00:03:23] [131/296] NYCR
[00:03:24] [132/296] RTRY
[00:03:25] [133/296] JTJL
[00:03:26] [134/296] SJCP
[00:03:27] [135/296] KCCA
[00:03:28] [136/296] MLPG
[00:03:29] [137/296] VRCK
[00:03:30] [138/296] SRIN
[00:03:31] [139/296] CXMK
[00:03:32] [140/296] SKAD
[00:03:34] [141/296] AVTR
[00:03:34] [142/296] PTAJ
[00:03:35] [143/296] SCNK
[00:03:36] [144/296] STTI
[00:03:37] [145/296] KACR
[00:03:38] [146/296] SSDX
[00:03:39] [147/296] VRTJ
[00:03:39] [148/296] RAJD
[00:03:40] [149/296] SCIP
[00:03:41] [150/296] RJSL
[00:03:42] [151/296] ARRS
[00:03:43] [152/296] ASMS
[00:03:44] [153/296] RDTS
[00:03:45] [154/296] DVMY
[00:03:46] [155/296] RASA
[00:03:46] [156/296] INOM
[00:03:47] [157/296] SPRS
[00:03:48] [158/296] SGCS
[00:03:49] [159/296] SALM
[00:03:51] [160/296] PKHC
[00:03:52] [161/296] RCSV
[00:03:53] [162/296] CPKC
[00:03:53] [163/296] AACD
[00:03:54] [164/296] GGCV
[00:03:55] [165/296] SMKD
[00:03:56] [166/296] NBCH
[00:03:57] [167/296] AMCB
[00:03:57] [168/296] OPCN
[00:03:58] [169/296] DCIN
[00:03:59] [170/296] INGW
[00:04:00] [171/296] PKKW
[00:04:01] [172/296] FNGW
[00:04:02] [173/296] GCGD
[00:04:03] [174/296] MSTW
[00:04:04] [175/296] KCCG
[00:04:05] [176/296] MRSS
[00:04:06] [177/296] CLCF
[00:04:07] [178/296] EETS
[00:04:08] [179/296] AATR
[00:04:09] [180/296] CMMN
[00:04:10] [181/296] SCCJ
[00:04:11] [182/296] CDTK
[00:04:11] [183/296] AICP
[00:04:12] [184/296] FNBP
[00:04:13] [185/296] CBPB
[00:04:14] [186/296] CPAS
[00:04:16] [187/296] MAPM
[00:04:17] [188/296] PASD
[00:04:17] [189/296] JCMN
[00:04:18] [190/296] MALB
[00:04:19] [191/296] SACG
[00:04:21] [192/296] DDRX
[00:04:22] [193/296] DDXB
[00:04:22] [194/296] RAMC
[00:04:23] [195/296] SANC
[00:04:24] [196/296] BCBP
[00:04:25] [197/296] ALPC
[00:04:26] [198/296] RBAC
[00:04:27] [199/296] RAJL
[00:04:28] [200/296] MPDX
[00:04:28] [201/296] MUSC
[00:04:29] [202/296] VKMK
[00:04:30] [203/296] SKCG
[00:04:31] [204/296] ANCN
[00:04:32] [205/296] MMCJ
[00:04:33] [206/296] DCAK
[00:04:34] [207/296] SCKG
[00:04:35] [208/296] LMCK
[00:04:35] [209/296] CKKX
[00:04:36] [210/296] ANKU
[00:04:38] [211/296] CSMD
[00:04:38] [212/296] MKMP
[00:04:39] [213/296] SVBG
[00:04:40] [214/296] ROOP
[00:04:41] [215/296] GDMT
[00:04:42] [216/296] FPPF
[00:04:42] [217/296] SFUU
[00:04:43] [218/296] ANCB
[00:04:44] [219/296] SMMC
[00:04:45] [220/296] UGKT
[00:04:46] [221/296] JVRM
[00:04:47] [222/296] BATG
[00:04:48] [223/296] RATE
[00:04:49] [224/296] SKME
[00:04:49] [225/296] LMTP
[00:04:51] [226/296] TCBD
[00:04:52] [227/296] ESBD
[00:04:53] [228/296] GDCU
[00:04:54] [229/296] SNKT
[00:04:55] [230/296] SRNK
[00:04:56] [231/296] SMED
[00:04:57] [232/296] CSQS
[00:04:58] [233/296] ALCS
[00:04:58] [234/296] KCKN
[00:04:59] [235/296] VCCL
[00:05:00] [236/296] MCDA
[00:05:01] [237/296] SHMI
[00:05:02] [238/296] SKHA
[00:05:03] [239/296] SVFK
[00:05:04] [240/296] INVB
[00:05:05] [241/296] MELD
[00:05:06] [242/296] JTYS
[00:05:07] [243/296] INCM
[00:05:08] [244/296] MCDV
[00:05:10] [245/296] KSGK
[00:05:10] [246/296] ICMG
[00:05:11] [247/296] CSCV
[00:05:12] [248/296] STMD
[00:05:13] [249/296] STTR
[00:05:14] [250/296] INVC
[00:05:15] [251/296] JTBL
[00:05:15] [252/296] SRVV
[00:05:16] [253/296] MAVC
[00:05:17] [254/296] SRPP
[00:05:18] [255/296] JGDM
[00:05:19] [256/296] MBSJ
[00:05:20] [257/296] SSLL
[00:05:21] [258/296] SLKP
[00:05:22] [259/296] NSRV
[00:05:23] [260/296] UTDV
[00:05:23] [261/296] KICM
[00:05:24] [262/296] KCMD
[00:05:25] [263/296] TTPP
[00:05:26] [264/296] KMPV
[00:05:27] [265/296] SKTV
[00:05:28] [266/296] STCV
[00:05:28] [267/296] SRDA
[00:05:29] [268/296] JTSX
[00:05:30] [269/296] STBV
[00:05:31] [270/296] APVZ
[00:05:32] [271/296] GSTV
[00:05:32] [272/296] NMVS
[00:05:33] [273/296] SKRT
[00:05:35] [274/296] RMDV
[00:05:35] [275/296] RATG
[00:05:36] [276/296] SJYV
[00:05:37] [277/296] NDGP
[00:05:38] [278/296] SNDG
[00:05:39] [279/296] INSR
[00:05:40] [280/296] INSO
[00:05:40] [281/296] CCSI
[00:05:41] [282/296] RASM
[00:05:42] [283/296] NEWC
[00:05:43] [284/296] VSHL
[00:05:43] [285/296] BISW
[00:05:44] [286/296] GCNG
[00:05:45] [287/296] CWSC
[00:05:46] [288/296] SKAN
[00:05:47] [289/296] SEHP
[00:05:48] [290/296] CCOA
[00:05:48] [291/296] MCAJ
[00:05:50] [292/296] ACDE
[00:05:51] [293/296] AACM
[00:05:52] [294/296] JJCK
[00:05:53] [295/296] RCMO
[00:05:54] [296/296] GDAW
[00:05:54] ✅ DONE | Shows=0 | Movies=0
