[00:01:27] 🚀 BMS DAILY TRACKER STARTED
[00:01:27] [1/324] GCTA
[00:01:27] 🧠 New identity
[00:01:28] [2/324] TOPN
[00:01:29] [3/324] MCUS
[00:01:29] [4/324] SHRL
[00:01:30] [5/324] UPTP
[00:01:32] [6/324] TMMP
[00:01:32] [7/324] DNRP
[00:01:33] [8/324] SRLT
[00:01:34] [9/324] RCNS
[00:01:35] [10/324] DCBH
[00:01:36] [11/324] NAGJ
[00:01:37] [12/324] JVRC
[00:01:37] [13/324] KRJG
[00:01:38] [14/324] SRTJ
[00:01:40] [15/324] CMXM
[00:01:41] [16/324] STMI
[00:01:41] [17/324] SLST
[00:01:42] [18/324] DTCN
[00:01:43] [19/324] STYN
[00:01:44] [20/324] SZVR
[00:01:45] [21/324] SRKO
[00:01:46] [22/324] JTGT
[00:01:47] [23/324] SVFD
[00:01:47] [24/324] SISD
[00:01:48] [25/324] ABDD
[00:01:49] [26/324] DRCA
[00:01:50] [27/324] AVCS
[00:01:51] [28/324] MVKH
[00:01:52] [29/324] ACPR
[00:01:53] [30/324] STIP
[00:01:54] [31/324] MTRA
[00:01:55] [32/324] RMKH
[00:01:56] [33/324] NKRL
[00:01:57] [34/324] PCWN
[00:01:58] [35/324] BLMT
[00:01:59] [36/324] GDPG
[00:02:00] [37/324] SRMX
[00:02:01] [38/324] JACP
[00:02:02] [39/324] CPSH
[00:02:02] [40/324] MCCD
[00:02:03] [41/324] ECGH
[00:02:05] [42/324] MKCK
[00:02:05] [43/324] SRMM
[00:02:06] [44/324] SKYR
[00:02:08] [45/324] PCKC
[00:02:09] [46/324] JCMA
[00:02:10] [47/324] BSMP
[00:02:11] [48/324] VSPA
[00:02:11] [49/324] DJYA
[00:02:12] [50/324] DIMP
[00:02:13] [51/324] FXDR
[00:02:14] [52/324] SSRC
[00:02:15] [53/324] STHP
[00:02:16] [54/324] CPPD
[00:02:17] [55/324] FCLK
[00:02:18] [56/324] SCPP
[00:02:18] [57/324] DCMJ
[00:02:19] [58/324] RCCR
[00:02:20] [59/324] INMT
[00:02:21] [60/324] LXTK
[00:02:22] [61/324] SRYK
[00:02:22] [62/324] SGDK
[00:02:23] [63/324] PPKA
[00:02:24] [64/324] SPKA
[00:02:25] [65/324] CGHH
[00:02:26] [66/324] DCJN
[00:02:27] [67/324] SRKV
[00:02:28] [68/324] SAJC
[00:02:29] [69/324] SUSR
[00:02:31] [70/324] STYG
[00:02:32] [71/324] NTKP
[00:02:32] [72/324] AKTG
[00:02:34] [73/324] CGCM
[00:02:35] [74/324] TULC
[00:02:36] [75/324] NYYZ
[00:02:37] [76/324] NYBW
[00:02:38] [77/324] MACB
[00:02:39] [78/324] SLVT
[00:02:40] [79/324] SANA
[00:02:41] [80/324] ACMR
[00:02:42] [81/324] CPKN
[00:02:43] [82/324] DLGK
[00:02:44] [83/324] CWCK
[00:02:45] [84/324] FDDH
[00:02:45] [85/324] MMMD
[00:02:46] [86/324] CMEH
[00:02:47] [87/324] GGGV
[00:02:48] [88/324] SPJL
[00:02:49] [89/324] RCCD
[00:02:49] [90/324] STTZ
[00:02:50] [91/324] BTCF
[00:02:51] [92/324] TSTZ
[00:02:52] [93/324] IPMM
[00:02:53] [94/324] PMPW
[00:02:53] [95/324] PCMZ
[00:02:54] [96/324] ESEM
[00:02:55] [97/324] PIPO
[00:02:56] [98/324] MATK
[00:02:57] [99/324] PGHM
[00:02:58] [100/324] CTSR
[00:02:58] [101/324] CYKR
[00:02:59] [102/324] MSCM
[00:03:00] [103/324] RFNP
[00:03:01] [104/324] PDCP
[00:03:02] [105/324] NPSE
[00:03:03] [106/324] MKML
[00:03:03] [107/324] FTDP
[00:03:04] [108/324] MMXA
[00:03:05] [109/324] CEPO
[00:03:06] [110/324] CMVP
[00:03:07] [111/324] SGTH
[00:03:08] [112/324] SAYN
[00:03:09] [113/324] URVS
[00:03:09] [114/324] VJTN
[00:03:10] [115/324] BBYK
[00:03:11] [116/324] SHBO
[00:03:11] [117/324] VCMR
[00:03:12] [118/324] MACT
[00:03:13] [119/324] JMNP
[00:03:14] [120/324] VICS
[00:03:15] [121/324] VCDA
[00:03:16] [122/324] GCMM
[00:03:17] [123/324] INVS
[00:03:18] [124/324] SCGM
[00:03:19] [125/324] PCDA
[00:03:19] [126/324] KDCT
[00:03:20] [127/324] JACS
[00:03:22] [128/324] GMMC
[00:03:22] [129/324] AICM
[00:03:23] [130/324] TJCM
[00:03:24] [131/324] RMTI
[00:03:25] [132/324] SHAC
[00:03:25] [133/324] APJC
[00:03:26] [134/324] GCTG
[00:03:27] [135/324] SSMC
[00:03:28] [136/324] THRM
[00:03:28] [137/324] RBCT
[00:03:29] [138/324] DIKT
[00:03:30] [139/324] MIDL
[00:03:30] [140/324] VCSN
[00:03:31] [141/324] SKTG
[00:03:32] [142/324] SMWC
[00:03:33] [143/324] MNKH
[00:03:34] [144/324] PIAT
[00:03:35] [145/324] LTTP
[00:03:36] [146/324] PTPU
[00:03:37] [147/324] ACMG
[00:03:37] [148/324] SHMM
[00:03:38] [149/324] MCMN
[00:03:39] [150/324] GLDC
[00:03:40] [151/324] HOUT
[00:03:40] [152/324] SVRP
[00:03:41] [153/324] PVDN
[00:03:42] [154/324] SCPY
[00:03:44] [155/324] DTPY
[00:03:44] [156/324] GKCS
[00:03:45] [157/324] NCAM
[00:03:46] [158/324] BSRM
[00:03:47] [159/324] RCLC
[00:03:47] [160/324] SKKD
[00:03:48] [161/324] ACHU
[00:03:50] [162/324] RSCF
[00:03:50] [163/324] IMSH
[00:03:51] [164/324] MACX
[00:03:52] [165/324] HMMW
[00:03:53] [166/324] JTCP
[00:03:53] [167/324] SREN
[00:03:54] [168/324] PJRR
[00:03:55] [169/324] INAC
[00:03:56] [170/324] BMCA
[00:03:57] [171/324] SHCB
[00:03:58] [172/324] GABA
[00:03:58] [173/324] SBCT
[00:04:00] [174/324] GCMA
[00:04:00] [175/324] MYTK
[00:04:01] [176/324] INZS
[00:04:02] [177/324] RMIK
[00:04:03] [178/324] NYCH
[00:04:04] [179/324] RAVE
[00:04:05] [180/324] PSXM
[00:04:05] [181/324] MCGP
[00:04:06] [182/324] PDDK
[00:04:07] [183/324] SPCK
[00:04:08] [184/324] MCRL
[00:04:09] [185/324] MHKT
[00:04:09] [186/324] ANRR
[00:04:10] [187/324] SAPK
[00:04:11] [188/324] NCUK
[00:04:12] [189/324] JUGA
[00:04:13] [190/324] DBSC
[00:04:14] [191/324] LALK
[00:04:15] [192/324] GUCK
[00:04:16] [193/324] STSG
[00:04:17] [194/324] PPPZ
[00:04:18] [195/324] CNCY
[00:04:18] [196/324] MTAR
[00:04:19] [197/324] VNKD
[00:04:20] [198/324] KMAJ
[00:04:21] [199/324] ACXK
[00:04:22] [200/324] UTKC
[00:04:23] [201/324] PBLK
[00:04:25] [202/324] ACBX
[00:04:26] [203/324] PTGM
[00:04:27] [204/324] BTDA
[00:04:27] [205/324] PJMB
[00:04:28] [206/324] TPDA
[00:04:30] [207/324] AMOE
[00:04:30] [208/324] PRHT
[00:04:31] [209/324] PRTA
[00:04:32] [210/324] STAM
[00:04:32] [211/324] MSAA
[00:04:33] [212/324] SDLU
[00:04:34] [213/324] RCHH
[00:04:35] [214/324] KANT
[00:04:36] [215/324] FCRT
[00:04:37] [216/324] DNKM
[00:04:38] [217/324] RYCP
[00:04:38] [218/324] MYRP
[00:04:39] [219/324] PPAK
[00:04:40] [220/324] NVPK
[00:04:41] [221/324] PRMC
[00:04:42] [222/324] JBCS
[00:04:42] [223/324] GXCK
[00:04:43] [224/324] USKO
[00:04:44] [225/324] GTEM
[00:04:45] [226/324] SMBU
[00:04:46] [227/324] VETC
[00:04:47] [228/324] LCDA
[00:04:48] [229/324] MTVT
[00:04:49] [230/324] PYCP
[00:04:50] [231/324] PNSC
[00:04:51] [232/324] PPCC
[00:04:51] [233/324] TGRT
[00:04:52] [234/324] JYOT
[00:04:54] [235/324] SRCZ
[00:04:54] [236/324] SJTE
[00:04:55] [237/324] DESC
[00:04:56] [238/324] JHVN
[00:04:58] [239/324] IPSG
[00:04:59] [240/324] IPCM
[00:04:59] [241/324] PDRS
[00:05:00] [242/324] ANCV
[00:05:01] [243/324] CMVV
[00:05:02] [244/324] SHYP
[00:05:03] [245/324] DNCS
[00:05:04] [246/324] GAJK
[00:05:05] [247/324] AKTN
[00:05:07] [248/324] KAYA
[00:05:08] [249/324] SBRC
[00:05:08] [250/324] CHTP
[00:05:09] [251/324] SHRT
[00:05:10] [252/324] BCKU
[00:05:11] [253/324] FCPS
[00:05:12] [254/324] ARDD
[00:05:12] [255/324] CPCM
[00:05:14] [256/324] CGSM
[00:05:14] [257/324] PSMP
[00:05:15] [258/324] SDAL
[00:05:16] [259/324] RTNB
[00:05:17] [260/324] LMCR
[00:05:18] [261/324] CIMA
[00:05:19] [262/324] RNAS
[00:05:19] [263/324] LITH
[00:05:20] [264/324] PBOX
[00:05:21] [265/324] FRTS
[00:05:22] [266/324] RKIC
[00:05:23] [267/324] PTAI
[00:05:24] [268/324] GCIC
[00:05:25] [269/324] FNAS
[00:05:26] [270/324] SCAR
[00:05:27] [271/324] MTCA
[00:05:28] [272/324] SCTS
[00:05:29] [273/324] SYCS
[00:05:30] [274/324] RDMS
[00:05:30] [275/324] KAMP
[00:05:31] [276/324] ERSD
[00:05:32] [277/324] MJMJ
[00:05:33] [278/324] SRCJ
[00:05:33] [279/324] SCXE
[00:05:34] [280/324] SVFR
[00:05:35] [281/324] BHCS
[00:05:35] [282/324] IMCC
[00:05:37] [283/324] PCBO
[00:05:39] [284/324] PRVN
[00:05:39] [285/324] AUPM
[00:05:40] [286/324] INBW
[00:05:41] [287/324] SVCW
[00:05:42] [288/324] RKCF
[00:05:43] [289/324] UVBH
[00:05:44] [290/324] DNCY
[00:05:44] [291/324] ABCN
[00:05:45] [292/324] PRUR
[00:05:46] [293/324] PFMR
[00:05:47] [294/324] RKCN
[00:05:48] [295/324] CFEA
[00:05:49] [296/324] SDBG
[00:05:49] [297/324] SNAR
[00:05:50] [298/324] YISI
[00:05:51] [299/324] JCFF
[00:05:53] [300/324] VTRK
[00:05:53] [301/324] PCLZ
[00:05:54] [302/324] DIMY
[00:05:56] [303/324] BBTS
[00:05:57] [304/324] GATH
[00:05:58] [305/324] GTMN
[00:05:58] [306/324] VTMH
[00:05:59] [307/324] CCKP
[00:06:00] [308/324] GPKA
[00:06:01] [309/324] MHCL
[00:06:02] [310/324] ATCL
[00:06:02] [311/324] SBCK
[00:06:03] [312/324] AMMR
[00:06:04] [313/324] MADC
[00:06:05] [314/324] TMMA
[00:06:06] [315/324] CACC
[00:06:06] [316/324] CHAL
[00:06:07] [317/324] DURG
[00:06:08] [318/324] GMKU
[00:06:09] [319/324] GECA
[00:06:10] [320/324] KYRR
[00:06:11] [321/324] KSDE
[00:06:11] [322/324] LMCI
[00:06:13] [323/324] NKCP
[00:06:13] [324/324] BGTC
[00:06:15] ✅ DONE | Shows=0 | Movies=0
[00:47:15] 🚀 BMS DAILY TRACKER STARTED
[00:47:15] [1/324] GCTA
[00:47:15] 🧠 New identity
[00:47:16] [2/324] TOPN
[00:47:17] [3/324] MCUS
[00:47:18] [4/324] SHRL
[00:47:19] [5/324] UPTP
[00:47:20] [6/324] TMMP
[00:47:20] [7/324] DNRP
[00:47:21] [8/324] SRLT
[00:47:22] [9/324] RCNS
[00:47:23] [10/324] DCBH
[00:47:24] [11/324] NAGJ
[00:47:25] [12/324] JVRC
[00:47:26] [13/324] KRJG
[00:47:27] [14/324] SRTJ
[00:47:28] [15/324] CMXM
[00:47:29] [16/324] STMI
[00:47:30] [17/324] SLST
[00:47:31] [18/324] DTCN
[00:47:32] [19/324] STYN
[00:47:33] [20/324] SZVR
[00:47:35] [21/324] SRKO
[00:47:35] [22/324] JTGT
[00:47:36] [23/324] SVFD
[00:47:37] [24/324] SISD
[00:47:38] [25/324] ABDD
[00:47:39] [26/324] DRCA
[00:47:40] [27/324] AVCS
[00:47:41] [28/324] MVKH
[00:47:41] [29/324] ACPR
[00:47:42] [30/324] STIP
[00:47:43] [31/324] MTRA
[00:47:44] [32/324] RMKH
[00:47:45] [33/324] NKRL
[00:47:45] [34/324] PCWN
[00:47:46] [35/324] BLMT
[00:47:47] [36/324] GDPG
[00:47:48] [37/324] SRMX
[00:47:49] [38/324] JACP
[00:47:50] [39/324] CPSH
[00:47:51] [40/324] MCCD
[00:47:52] [41/324] ECGH
[00:47:53] [42/324] MKCK
[00:47:54] [43/324] SRMM
[00:47:54] [44/324] SKYR
[00:47:55] [45/324] PCKC
[00:47:56] [46/324] JCMA
[00:47:57] [47/324] BSMP
[00:47:57] [48/324] VSPA
[00:47:58] [49/324] DJYA
[00:47:59] [50/324] DIMP
[00:48:00] [51/324] FXDR
[00:48:00] [52/324] SSRC
[00:48:01] [53/324] STHP
[00:48:03] [54/324] CPPD
[00:48:04] [55/324] FCLK
[00:48:05] [56/324] SCPP
[00:48:05] [57/324] DCMJ
[00:48:06] [58/324] RCCR
[00:48:07] [59/324] INMT
[00:48:08] [60/324] LXTK
[00:48:09] [61/324] SRYK
[00:48:10] [62/324] SGDK
[00:48:10] [63/324] PPKA
[00:48:11] [64/324] SPKA
[00:48:13] [65/324] CGHH
[00:48:14] [66/324] DCJN
[00:48:14] [67/324] SRKV
[00:48:15] [68/324] SAJC
[00:48:16] [69/324] SUSR
[00:48:17] [70/324] STYG
[00:48:18] [71/324] NTKP
[00:48:19] [72/324] AKTG
[00:48:20] [73/324] CGCM
[00:48:21] [74/324] TULC
[00:48:22] [75/324] NYYZ
[00:48:23] [76/324] NYBW
[00:48:24] [77/324] MACB
[00:48:24] [78/324] SLVT
[00:48:25] [79/324] SANA
[00:48:26] [80/324] ACMR
[00:48:27] [81/324] CPKN
[00:48:28] [82/324] DLGK
[00:48:28] [83/324] CWCK
[00:48:29] [84/324] FDDH
[00:48:30] [85/324] MMMD
[00:48:31] [86/324] CMEH
[00:48:32] [87/324] GGGV
[00:48:32] [88/324] SPJL
[00:48:33] [89/324] RCCD
[00:48:34] [90/324] STTZ
[00:48:35] [91/324] BTCF
[00:48:36] [92/324] TSTZ
[00:48:37] [93/324] IPMM
[00:48:38] [94/324] PMPW
[00:48:39] [95/324] PCMZ
[00:48:40] [96/324] ESEM
[00:48:41] [97/324] PIPO
[00:48:41] [98/324] MATK
[00:48:42] [99/324] PGHM
[00:48:44] [100/324] CTSR
[00:48:45] [101/324] CYKR
[00:48:46] [102/324] MSCM
[00:48:46] [103/324] RFNP
[00:48:47] [104/324] PDCP
[00:48:49] [105/324] NPSE
[00:48:50] [106/324] MKML
[00:48:51] [107/324] FTDP
[00:48:51] [108/324] MMXA
[00:48:52] [109/324] CEPO
[00:48:53] [110/324] CMVP
[00:48:54] [111/324] SGTH
[00:48:55] [112/324] SAYN
[00:48:56] [113/324] URVS
[00:48:57] [114/324] VJTN
[00:48:58] [115/324] BBYK
[00:48:59] [116/324] SHBO
[00:49:00] [117/324] VCMR
[00:49:01] [118/324] MACT
[00:49:02] [119/324] JMNP
[00:49:03] [120/324] VICS
[00:49:04] [121/324] VCDA
[00:49:05] [122/324] GCMM
[00:49:06] [123/324] INVS
[00:49:06] [124/324] SCGM
[00:49:07] [125/324] PCDA
[00:49:08] [126/324] KDCT
[00:49:09] [127/324] JACS
[00:49:10] [128/324] GMMC
[00:49:10] [129/324] AICM
[00:49:11] [130/324] TJCM
[00:49:12] [131/324] RMTI
[00:49:13] [132/324] SHAC
[00:49:14] [133/324] APJC
[00:49:14] [134/324] GCTG
[00:49:15] [135/324] SSMC
[00:49:17] [136/324] THRM
[00:49:18] [137/324] RBCT
[00:49:19] [138/324] DIKT
[00:49:19] [139/324] MIDL
[00:49:20] [140/324] VCSN
[00:49:21] [141/324] SKTG
[00:49:22] [142/324] SMWC
[00:49:23] [143/324] MNKH
[00:49:24] [144/324] PIAT
[00:49:25] [145/324] LTTP
[00:49:26] [146/324] PTPU
[00:49:27] [147/324] ACMG
[00:49:27] [148/324] SHMM
[00:49:28] [149/324] MCMN
[00:49:29] [150/324] GLDC
[00:49:30] [151/324] HOUT
[00:49:31] [152/324] SVRP
[00:49:31] [153/324] PVDN
[00:49:32] [154/324] SCPY
[00:49:33] [155/324] DTPY
[00:49:34] [156/324] GKCS
[00:49:35] [157/324] NCAM
[00:49:35] [158/324] BSRM
[00:49:36] [159/324] RCLC
[00:49:37] [160/324] SKKD
[00:49:38] [161/324] ACHU
[00:49:39] [162/324] RSCF
[00:49:40] [163/324] IMSH
[00:49:40] [164/324] MACX
[00:49:41] [165/324] HMMW
[00:49:42] [166/324] JTCP
[00:49:43] [167/324] SREN
[00:49:44] [168/324] PJRR
[00:49:44] [169/324] INAC
[00:49:45] [170/324] BMCA
[00:49:46] [171/324] SHCB
[00:49:47] [172/324] GABA
[00:49:48] [173/324] SBCT
[00:49:48] [174/324] GCMA
[00:49:49] [175/324] MYTK
[00:49:50] [176/324] INZS
[00:49:51] [177/324] RMIK
[00:49:52] [178/324] NYCH
[00:49:53] [179/324] RAVE
[00:49:53] [180/324] PSXM
[00:49:54] [181/324] MCGP
[00:49:55] [182/324] PDDK
[00:49:56] [183/324] SPCK
[00:49:57] [184/324] MCRL
[00:49:58] [185/324] MHKT
[00:49:58] [186/324] ANRR
[00:49:59] [187/324] SAPK
[00:50:00] [188/324] NCUK
[00:50:01] [189/324] JUGA
[00:50:02] [190/324] DBSC
[00:50:03] [191/324] LALK
[00:50:04] [192/324] GUCK
[00:50:05] [193/324] STSG
[00:50:06] [194/324] PPPZ
[00:50:06] [195/324] CNCY
[00:50:07] [196/324] MTAR
[00:50:08] [197/324] VNKD
[00:50:09] [198/324] KMAJ
[00:50:09] [199/324] ACXK
[00:50:10] [200/324] UTKC
[00:50:11] [201/324] PBLK
[00:50:12] [202/324] ACBX
[00:50:13] [203/324] PTGM
[00:50:14] [204/324] BTDA
[00:50:15] [205/324] PJMB
[00:50:16] [206/324] TPDA
[00:50:16] [207/324] AMOE
[00:50:17] [208/324] PRHT
[00:50:18] [209/324] PRTA
[00:50:19] [210/324] STAM
[00:50:19] [211/324] MSAA
[00:50:20] [212/324] SDLU
[00:50:21] [213/324] RCHH
[00:50:22] [214/324] KANT
[00:50:23] [215/324] FCRT
[00:50:24] [216/324] DNKM
[00:50:24] [217/324] RYCP
[00:50:25] [218/324] MYRP
[00:50:26] [219/324] PPAK
[00:50:27] [220/324] NVPK
[00:50:27] [221/324] PRMC
[00:50:28] [222/324] JBCS
[00:50:29] [223/324] GXCK
[00:50:30] [224/324] USKO
[00:50:31] [225/324] GTEM
[00:50:32] [226/324] SMBU
[00:50:32] [227/324] VETC
[00:50:33] [228/324] LCDA
[00:50:34] [229/324] MTVT
[00:50:36] [230/324] PYCP
[00:50:36] [231/324] PNSC
[00:50:37] [232/324] PPCC
[00:50:38] [233/324] TGRT
[00:50:39] [234/324] JYOT
[00:50:39] [235/324] SRCZ
[00:50:40] [236/324] SJTE
[00:50:41] [237/324] DESC
[00:50:42] [238/324] JHVN
[00:50:43] [239/324] IPSG
[00:50:44] [240/324] IPCM
[00:50:45] [241/324] PDRS
[00:50:46] [242/324] ANCV
[00:50:47] [243/324] CMVV
[00:50:48] [244/324] SHYP
[00:50:49] [245/324] DNCS
[00:50:50] [246/324] GAJK
[00:50:50] [247/324] AKTN
[00:50:51] [248/324] KAYA
[00:50:52] [249/324] SBRC
[00:50:53] [250/324] CHTP
[00:50:53] [251/324] SHRT
[00:50:54] [252/324] BCKU
[00:50:55] [253/324] FCPS
[00:50:56] [254/324] ARDD
[00:50:57] [255/324] CPCM
[00:50:57] [256/324] CGSM
[00:50:58] [257/324] PSMP
[00:50:59] [258/324] SDAL
[00:51:00] [259/324] RTNB
[00:51:01] [260/324] LMCR
[00:51:02] [261/324] CIMA
[00:51:03] [262/324] RNAS
[00:51:04] [263/324] LITH
[00:51:04] [264/324] PBOX
[00:51:05] [265/324] FRTS
[00:51:06] [266/324] RKIC
[00:51:07] [267/324] PTAI
[00:51:07] [268/324] GCIC
[00:51:08] [269/324] FNAS
[00:51:09] [270/324] SCAR
[00:51:10] [271/324] MTCA
[00:51:11] [272/324] SCTS
[00:51:12] [273/324] SYCS
[00:51:12] [274/324] RDMS
[00:51:13] [275/324] KAMP
[00:51:14] [276/324] ERSD
[00:51:15] [277/324] MJMJ
[00:51:16] [278/324] SRCJ
[00:51:17] [279/324] SCXE
[00:51:18] [280/324] SVFR
[00:51:19] [281/324] BHCS
[00:51:19] [282/324] IMCC
[00:51:20] [283/324] PCBO
[00:51:21] [284/324] PRVN
[00:51:22] [285/324] AUPM
[00:51:23] [286/324] INBW
[00:51:23] [287/324] SVCW
[00:51:24] [288/324] RKCF
[00:51:25] [289/324] UVBH
[00:51:26] [290/324] DNCY
[00:51:27] [291/324] ABCN
[00:51:28] [292/324] PRUR
[00:51:29] [293/324] PFMR
[00:51:30] [294/324] RKCN
[00:51:31] [295/324] CFEA
[00:51:31] [296/324] SDBG
[00:51:33] [297/324] SNAR
[00:51:33] [298/324] YISI
[00:51:34] [299/324] JCFF
[00:51:35] [300/324] VTRK
[00:51:36] [301/324] PCLZ
[00:51:37] [302/324] DIMY
[00:51:38] [303/324] BBTS
[00:51:39] [304/324] GATH
[00:51:40] [305/324] GTMN
[00:51:41] [306/324] VTMH
[00:51:42] [307/324] CCKP
[00:51:43] [308/324] GPKA
[00:51:44] [309/324] MHCL
[00:51:44] [310/324] ATCL
[00:51:45] [311/324] SBCK
[00:51:46] [312/324] AMMR
[00:51:47] [313/324] MADC
[00:51:48] [314/324] TMMA
[00:51:48] [315/324] CACC
[00:51:49] [316/324] CHAL
[00:51:50] [317/324] DURG
[00:51:51] [318/324] GMKU
[00:51:52] [319/324] GECA
[00:51:52] [320/324] KYRR
[00:51:53] [321/324] KSDE
[00:51:54] [322/324] LMCI
[00:51:55] [323/324] NKCP
[00:51:56] [324/324] BGTC
[00:51:57] ✅ DONE | Shows=0 | Movies=0
