[00:01:26] 🚀 BMS DAILY TRACKER STARTED
[00:01:26] [1/445] TGMR
[00:01:26] 🧠 New identity
[00:01:27] [2/445] CXKR
[00:01:28] [3/445] SROP
[00:01:29] [4/445] GTSV
[00:01:30] [5/445] SNTY
[00:01:31] [6/445] SMYY
[00:01:32] [7/445] CNCS
[00:01:32] [8/445] CSTM
[00:01:33] [9/445] NUCD
[00:01:34] [10/445] SHCZ
[00:01:35] [11/445] NJCT
[00:01:36] [12/445] COPC
[00:01:37] [13/445] STVV
[00:01:38] [14/445] SKRN
[00:01:39] [15/445] APPZ
[00:01:40] [16/445] YMGN
[00:01:41] [17/445] SVTU
[00:01:41] [18/445] GTAD
[00:01:42] [19/445] PSUS
[00:01:43] [20/445] SMCD
[00:01:44] [21/445] CMCM
[00:01:46] [22/445] SYCT
[00:01:46] [23/445] STLY
[00:01:47] [24/445] CMHU
[00:01:48] [25/445] CMSA
[00:01:49] [26/445] CLCU
[00:01:50] [27/445] PPNT
[00:01:51] [28/445] JTAB
[00:01:52] [29/445] BUUC
[00:01:53] [30/445] BSVK
[00:01:54] [31/445] VVVQ
[00:01:55] [32/445] TKMU
[00:01:56] [33/445] ESYL
[00:01:57] [34/445] ACHP
[00:01:58] [35/445] BTKD
[00:01:59] [36/445] DESA
[00:02:00] [37/445] GBCT
[00:02:01] [38/445] BLLD
[00:02:01] [39/445] SKNT
[00:02:03] [40/445] SSTE
[00:02:04] [41/445] VJMR
[00:02:05] [42/445] NTPU
[00:02:06] [43/445] RDKN
[00:02:07] [44/445] ADGC
[00:02:08] [45/445] VRBP
[00:02:09] [46/445] NMNA
[00:02:10] [47/445] CMMX
[00:02:11] [48/445] PTKO
[00:02:11] [49/445] RBML
[00:02:12] [50/445] SAIC
[00:02:13] [51/445] SVTJ
[00:02:14] [52/445] MRTE
[00:02:15] [53/445] RBTP
[00:02:16] [54/445] NLPS
[00:02:16] [55/445] GTNA
[00:02:17] [56/445] DGGC
[00:02:18] [57/445] SMCR
[00:02:19] [58/445] SCGD
[00:02:20] [59/445] SRRJ
[00:02:21] [60/445] CNRY
[00:02:22] [61/445] KTDI
[00:02:23] [62/445] SNJL
[00:02:24] [63/445] RKMD
[00:02:25] [64/445] SMDC
[00:02:25] [65/445] TADG
[00:02:26] [66/445] MCGS
[00:02:27] [67/445] PETK
[00:02:28] [68/445] CHAG
[00:02:28] [69/445] KSTL
[00:02:30] [70/445] AADS
[00:02:31] [71/445] NTHZ
[00:02:32] [72/445] HCKI
[00:02:33] [73/445] SSEF
[00:02:34] [74/445] MCGX
[00:02:35] [75/445] ERRA
[00:02:36] [76/445] SDTW
[00:02:36] [77/445] RMPK
[00:02:37] [78/445] PTHK
[00:02:38] [79/445] PXCS
[00:02:39] [80/445] SVLU
[00:02:40] [81/445] STAH
[00:02:40] [82/445] JRGF
[00:02:41] [83/445] CDOK
[00:02:42] [84/445] CMSG
[00:02:43] [85/445] APTD
[00:02:44] [86/445] KMPG
[00:02:45] [87/445] MUTJ
[00:02:45] [88/445] VCCI
[00:02:46] [89/445] URBE
[00:02:47] [90/445] TCTS
[00:02:48] [91/445] STSN
[00:02:49] [92/445] AKCH
[00:02:50] [93/445] APSC
[00:02:50] [94/445] VLTB
[00:02:51] [95/445] SANU
[00:02:52] [96/445] AXAM
[00:02:53] [97/445] MGMG
[00:02:54] [98/445] HTBY
[00:02:55] [99/445] MMZS
[00:02:55] [100/445] SUDR
[00:02:57] [101/445] CCAD
[00:02:58] [102/445] SKKC
[00:02:58] [103/445] RMCD
[00:02:59] [104/445] SBCQ
[00:03:00] [105/445] DCCT
[00:03:01] [106/445] VTKP
[00:03:02] [107/445] MLAM
[00:03:03] [108/445] SAVT
[00:03:04] [109/445] GEPL
[00:03:04] [110/445] AMCD
[00:03:05] [111/445] CCXR
[00:03:06] [112/445] GRNG
[00:03:07] [113/445] EBCA
[00:03:08] [114/445] CNVG
[00:03:09] [115/445] MWSS
[00:03:10] [116/445] VBOR
[00:03:11] [117/445] NEEB
[00:03:12] [118/445] SUTH
[00:03:12] [119/445] ANDB
[00:03:13] [120/445] MMXS
[00:03:14] [121/445] CNPD
[00:03:16] [122/445] SDCE
[00:03:17] [123/445] DHCB
[00:03:18] [124/445] ODEN
[00:03:18] [125/445] TNTC
[00:03:19] [126/445] VBKM
[00:03:20] [127/445] RZYM
[00:03:20] [128/445] JEMC
[00:03:21] [129/445] CMAU
[00:03:22] [130/445] SIVP
[00:03:23] [131/445] ATAG
[00:03:24] [132/445] CHTM
[00:03:25] [133/445] AAEE
[00:03:26] [134/445] IWPM
[00:03:27] [135/445] KCMW
[00:03:28] [136/445] MCTD
[00:03:28] [137/445] SPWR
[00:03:29] [138/445] SDPO
[00:03:30] [139/445] PCSK
[00:03:31] [140/445] ACHV
[00:03:32] [141/445] SVLA
[00:03:32] [142/445] PICT
[00:03:33] [143/445] BXDR
[00:03:34] [144/445] SPWA
[00:03:35] [145/445] MCKO
[00:03:36] [146/445] RTHK
[00:03:37] [147/445] CCMF
[00:03:38] [148/445] MRGB
[00:03:39] [149/445] CPLC
[00:03:40] [150/445] RACD
[00:03:41] [151/445] ATKT
[00:03:42] [152/445] SARN
[00:03:43] [153/445] KKUI
[00:03:44] [154/445] RGCM
[00:03:45] [155/445] BRVP
[00:03:46] [156/445] HRSR
[00:03:47] [157/445] GKGM
[00:03:48] [158/445] TTCD
[00:03:49] [159/445] PTTI
[00:03:50] [160/445] MPTT
[00:03:51] [161/445] CVTT
[00:03:52] [162/445] PCXD
[00:03:53] [163/445] GCDC
[00:03:54] [164/445] CCCF
[00:03:55] [165/445] MRAD
[00:03:56] [166/445] CPLK
[00:03:57] [167/445] SATB
[00:03:57] [168/445] SNVG
[00:03:58] [169/445] JMBA
[00:03:59] [170/445] TEJA
[00:04:00] [171/445] STYO
[00:04:00] [172/445] JTBP
[00:04:01] [173/445] KRGD
[00:04:02] [174/445] SLJJ
[00:04:04] [175/445] SPTJ
[00:04:05] [176/445] SWJG
[00:04:05] [177/445] LKRT
[00:04:06] [178/445] KCKA
[00:04:07] [179/445] SNCR
[00:04:08] [180/445] SMKL
[00:04:09] [181/445] GCFA
[00:04:10] [182/445] DDCK
[00:04:11] [183/445] NCHJ
[00:04:11] [184/445] RDMA
[00:04:12] [185/445] SVSV
[00:04:13] [186/445] SCJG
[00:04:14] [187/445] VKLP
[00:04:15] [188/445] NWCC
[00:04:16] [189/445] VKNS
[00:04:17] [190/445] SDDP
[00:04:18] [191/445] ACSI
[00:04:18] [192/445] SATG
[00:04:19] [193/445] SCMW
[00:04:20] [194/445] LKTK
[00:04:21] [195/445] VCKV
[00:04:22] [196/445] KKPE
[00:04:22] [197/445] KIGH
[00:04:23] [198/445] SRPM
[00:04:24] [199/445] SCAH
[00:04:25] [200/445] MUTA
[00:04:26] [201/445] SEPU
[00:04:27] [202/445] INOA
[00:04:27] [203/445] BASK
[00:04:28] [204/445] NECB
[00:04:29] [205/445] GTTG
[00:04:31] [206/445] ASSA
[00:04:31] [207/445] ANCL
[00:04:32] [208/445] GCTI
[00:04:33] [209/445] RCTS
[00:04:34] [210/445] ACNL
[00:04:34] [211/445] MYCT
[00:04:35] [212/445] NMHT
[00:04:36] [213/445] MDIT
[00:04:37] [214/445] LATG
[00:04:38] [215/445] SMTY
[00:04:39] [216/445] CVCT
[00:04:40] [217/445] RAMB
[00:04:41] [218/445] TGMS
[00:04:42] [219/445] BHEL
[00:04:43] [220/445] SHCT
[00:04:44] [221/445] SVCT
[00:04:45] [222/445] MRIY
[00:04:46] [223/445] SARO
[00:04:47] [224/445] STCT
[00:04:48] [225/445] JKKC
[00:04:49] [226/445] PLTT
[00:04:50] [227/445] SRNT
[00:04:50] [228/445] YAST
[00:04:51] [229/445] PERL
[00:04:52] [230/445] CICM
[00:04:53] [231/445] MMTR
[00:04:54] [232/445] ABTK
[00:04:55] [233/445] ATYY
[00:04:56] [234/445] ASTK
[00:04:57] [235/445] VVCK
[00:04:58] [236/445] ATKY
[00:04:58] [237/445] GWEK
[00:04:59] [238/445] SVFH
[00:05:00] [239/445] SLTA
[00:05:01] [240/445] AASH
[00:05:02] [241/445] ACXB
[00:05:03] [242/445] SMTX
[00:05:04] [243/445] AZDH
[00:05:05] [244/445] CMMH
[00:05:05] [245/445] SCSZ
[00:05:06] [246/445] SCKP
[00:05:07] [247/445] NXTM
[00:05:08] [248/445] NWCS
[00:05:09] [249/445] CXMH
[00:05:10] [250/445] PCMA
[00:05:10] [251/445] SGCM
[00:05:11] [252/445] SDTU
[00:05:12] [253/445] MMVI
[00:05:14] [254/445] JKCM
[00:05:14] [255/445] VCMM
[00:05:15] [256/445] SYEE
[00:05:16] [257/445] VASD
[00:05:17] [258/445] BDRB
[00:05:18] [259/445] LASM
[00:05:19] [260/445] DCRL
[00:05:19] [261/445] DVPM
[00:05:20] [262/445] SBMJ
[00:05:21] [263/445] CBMU
[00:05:22] [264/445] IUBS
[00:05:23] [265/445] INAP
[00:05:23] [266/445] SRRC
[00:05:25] [267/445] SAGR
[00:05:26] [268/445] CPMJ
[00:05:26] [269/445] ATJL
[00:05:28] [270/445] NNTD
[00:05:29] [271/445] JHCJ
[00:05:29] [272/445] CMMP
[00:05:30] [273/445] RSDR
[00:05:31] [274/445] AMTI
[00:05:32] [275/445] NYSG
[00:05:33] [276/445] AVSG
[00:05:34] [277/445] SYTP
[00:05:35] [278/445] LARC
[00:05:36] [279/445] RJTP
[00:05:37] [280/445] LAKC
[00:05:38] [281/445] MCXE
[00:05:39] [282/445] CCZC
[00:05:40] [283/445] AVCH
[00:05:41] [284/445] CMBE
[00:05:41] [285/445] MRRC
[00:05:42] [286/445] PCPY
[00:05:43] [287/445] SRMH
[00:05:44] [288/445] SVGS
[00:05:44] [289/445] PCSE
[00:05:45] [290/445] SVFT
[00:05:46] [291/445] TNZP
[00:05:47] [292/445] ICTP
[00:05:48] [293/445] ACTZ
[00:05:49] [294/445] GTUR
[00:05:50] [295/445] MAFC
[00:05:51] [296/445] MINL
[00:05:52] [297/445] MRCL
[00:05:53] [298/445] RCRP
[00:05:54] [299/445] RFFG
[00:05:55] [300/445] RMAS
[00:05:55] [301/445] INVR
[00:05:57] [302/445] RMAR
[00:05:58] [303/445] CNIS
[00:05:58] [304/445] RHRJ
[00:05:59] [305/445] INXR
[00:06:01] [306/445] VALT
[00:06:01] [307/445] LCSH
[00:06:02] [308/445] CMVS
[00:06:03] [309/445] CNMS
[00:06:05] [310/445] ROOG
[00:06:06] [311/445] ISRM
[00:06:06] [312/445] RCRM
[00:06:07] [313/445] ACJA
[00:06:08] [314/445] RCVS
[00:06:09] [315/445] CPUS
[00:06:10] [316/445] TGCS
[00:06:10] [317/445] RKCJ
[00:06:11] [318/445] MKSB
[00:06:12] [319/445] TCSJ
[00:06:13] [320/445] RMGP
[00:06:13] [321/445] CLLP
[00:06:14] [322/445] RCMV
[00:06:15] [323/445] CCKS
[00:06:16] [324/445] RSRP
[00:06:17] [325/445] APLP
[00:06:18] [326/445] CNVS
[00:06:19] [327/445] RMVY
[00:06:20] [328/445] PGBD
[00:06:21] [329/445] KLMS
[00:06:23] [330/445] RUST
[00:06:24] [331/445] MASM
[00:06:24] [332/445] BACS
[00:06:25] [333/445] BWST
[00:06:26] [334/445] RRFH
[00:06:27] [335/445] SJTM
[00:06:28] [336/445] BEMR
[00:06:28] [337/445] MCGR
[00:06:29] [338/445] SDSK
[00:06:30] [339/445] VBOL
[00:06:31] [340/445] RMGM
[00:06:32] [341/445] NOPL
[00:06:32] [342/445] MKJK
[00:06:33] [343/445] CVRN
[00:06:34] [344/445] MMEN
[00:06:35] [345/445] AMNG
[00:06:36] [346/445] INTM
[00:06:36] [347/445] SLCZ
[00:06:37] [348/445] AMJN
[00:06:38] [349/445] ACJN
[00:06:39] [350/445] AMKN
[00:06:40] [351/445] BTCN
[00:06:41] [352/445] AMBT
[00:06:42] [353/445] PACN
[00:06:43] [354/445] LCNS
[00:06:44] [355/445] PPKC
[00:06:44] [356/445] JYYN
[00:06:45] [357/445] JTNR
[00:06:46] [358/445] GTEE
[00:06:47] [359/445] SRNM
[00:06:48] [360/445] SDTC
[00:06:49] [361/445] VPCA
[00:06:49] [362/445] VLRA
[00:06:50] [363/445] SHKR
[00:06:51] [364/445] SBKD
[00:06:52] [365/445] SAAD
[00:06:52] [366/445] JTGN
[00:06:53] [367/445] SLAM
[00:06:54] [368/445] VTPM
[00:06:55] [369/445] ANPT
[00:06:56] [370/445] PUNB
[00:06:56] [371/445] CPKT
[00:06:57] [372/445] CNWE
[00:06:59] [373/445] ECPP
[00:07:00] [374/445] CPAR
[00:07:00] [375/445] ESBW
[00:07:01] [376/445] PKPU
[00:07:02] [377/445] CPRP
[00:07:03] [378/445] RAHU
[00:07:04] [379/445] RHMN
[00:07:05] [380/445] FMJP
[00:07:06] [381/445] CTMP
[00:07:06] [382/445] INPN
[00:07:07] [383/445] STTG
[00:07:08] [384/445] CTRD
[00:07:09] [385/445] PUVB
[00:07:10] [386/445] ESVP
[00:07:11] [387/445] CPFT
[00:07:12] [388/445] LCPC
[00:07:13] [389/445] VBCT
[00:07:14] [390/445] FSCW
[00:07:15] [391/445] VCMP
[00:07:16] [392/445] ASHC
[00:07:17] [393/445] VLCX
[00:07:18] [394/445] SHEV
[00:07:18] [395/445] APCO
[00:07:19] [396/445] SILC
[00:07:20] [397/445] SNMR
[00:07:21] [398/445] KYBO
[00:07:22] [399/445] SATK
[00:07:22] [400/445] SSCS
[00:07:23] [401/445] CLSB
[00:07:24] [402/445] KMJR
[00:07:25] [403/445] FSCK
[00:07:26] [404/445] NNKA
[00:07:27] [405/445] CLMK
[00:07:28] [406/445] DMPZ
[00:07:28] [407/445] INQM
[00:07:29] [408/445] CAML
[00:07:30] [409/445] INRK
[00:07:31] [410/445] IMKN
[00:07:32] [411/445] SVNR
[00:07:33] [412/445] INSL
[00:07:34] [413/445] MSMA
[00:07:35] [414/445] MCKK
[00:07:36] [415/445] FCHP
[00:07:36] [416/445] SFCR
[00:07:37] [417/445] NACK
[00:07:38] [418/445] PVAK
[00:07:38] [419/445] INER
[00:07:39] [420/445] RDBK
[00:07:40] [421/445] SVFN
[00:07:41] [422/445] IFRM
[00:07:42] [423/445] ATCK
[00:07:43] [424/445] ASKO
[00:07:44] [425/445] STKT
[00:07:45] [426/445] SVFB
[00:07:46] [427/445] INKS
[00:07:47] [428/445] PCRA
[00:07:48] [429/445] ATJA
[00:07:49] [430/445] IMJN
[00:07:50] [431/445] INHD
[00:07:51] [432/445] BARA
[00:07:51] [433/445] MCSL
[00:07:52] [434/445] RTOY
[00:07:53] [435/445] MENO
[00:07:54] [436/445] PUDM
[00:07:54] [437/445] PRCN
[00:07:55] [438/445] JMJR
[00:07:56] [439/445] SSGK
[00:07:57] [440/445] SSRL
[00:07:58] [441/445] JYKL
[00:07:58] [442/445] ACNB
[00:07:59] [443/445] SONP
[00:08:00] [444/445] EMCI
[00:08:01] [445/445] MRJH
[00:08:02] ✅ DONE | Shows=0 | Movies=0
[00:47:06] 🚀 BMS DAILY TRACKER STARTED
[00:47:06] [1/445] TGMR
[00:47:06] 🧠 New identity
[00:47:07] [2/445] CXKR
[00:47:08] [3/445] SROP
[00:47:09] [4/445] GTSV
[00:47:10] [5/445] SNTY
[00:47:11] [6/445] SMYY
[00:47:12] [7/445] CNCS
[00:47:13] [8/445] CSTM
[00:47:14] [9/445] NUCD
[00:47:15] [10/445] SHCZ
[00:47:16] [11/445] NJCT
[00:47:17] [12/445] COPC
[00:47:18] [13/445] STVV
[00:47:18] [14/445] SKRN
[00:47:19] [15/445] APPZ
[00:47:20] [16/445] YMGN
[00:47:21] [17/445] SVTU
[00:47:21] [18/445] GTAD
[00:47:22] [19/445] PSUS
[00:47:23] [20/445] SMCD
[00:47:24] [21/445] CMCM
[00:47:25] [22/445] SYCT
[00:47:26] [23/445] STLY
[00:47:26] [24/445] CMHU
[00:47:27] [25/445] CMSA
[00:47:28] [26/445] CLCU
[00:47:29] [27/445] PPNT
[00:47:30] [28/445] JTAB
[00:47:31] [29/445] BUUC
[00:47:31] [30/445] BSVK
[00:47:33] [31/445] VVVQ
[00:47:34] [32/445] TKMU
[00:47:35] [33/445] ESYL
[00:47:36] [34/445] ACHP
[00:47:36] [35/445] BTKD
[00:47:37] [36/445] DESA
[00:47:38] [37/445] GBCT
[00:47:39] [38/445] BLLD
[00:47:39] [39/445] SKNT
[00:47:40] [40/445] SSTE
[00:47:41] [41/445] VJMR
[00:47:42] [42/445] NTPU
[00:47:43] [43/445] RDKN
[00:47:44] [44/445] ADGC
[00:47:45] [45/445] VRBP
[00:47:45] [46/445] NMNA
[00:47:46] [47/445] CMMX
[00:47:47] [48/445] PTKO
[00:47:48] [49/445] RBML
[00:47:49] [50/445] SAIC
[00:47:50] [51/445] SVTJ
[00:47:51] [52/445] MRTE
[00:47:52] [53/445] RBTP
[00:47:52] [54/445] NLPS
[00:47:53] [55/445] GTNA
[00:47:55] [56/445] DGGC
[00:47:56] [57/445] SMCR
[00:47:56] [58/445] SCGD
[00:47:57] [59/445] SRRJ
[00:47:58] [60/445] CNRY
[00:47:59] [61/445] KTDI
[00:48:00] [62/445] SNJL
[00:48:01] [63/445] RKMD
[00:48:02] [64/445] SMDC
[00:48:03] [65/445] TADG
[00:48:04] [66/445] MCGS
[00:48:05] [67/445] PETK
[00:48:06] [68/445] CHAG
[00:48:07] [69/445] KSTL
[00:48:08] [70/445] AADS
[00:48:09] [71/445] NTHZ
[00:48:09] [72/445] HCKI
[00:48:10] [73/445] SSEF
[00:48:11] [74/445] MCGX
[00:48:12] [75/445] ERRA
[00:48:13] [76/445] SDTW
[00:48:14] [77/445] RMPK
[00:48:14] [78/445] PTHK
[00:48:15] [79/445] PXCS
[00:48:16] [80/445] SVLU
[00:48:17] [81/445] STAH
[00:48:18] [82/445] JRGF
[00:48:18] [83/445] CDOK
[00:48:19] [84/445] CMSG
[00:48:20] [85/445] APTD
[00:48:21] [86/445] KMPG
[00:48:22] [87/445] MUTJ
[00:48:22] [88/445] VCCI
[00:48:23] [89/445] URBE
[00:48:24] [90/445] TCTS
[00:48:25] [91/445] STSN
[00:48:26] [92/445] AKCH
[00:48:27] [93/445] APSC
[00:48:27] [94/445] VLTB
[00:48:28] [95/445] SANU
[00:48:29] [96/445] AXAM
[00:48:30] [97/445] MGMG
[00:48:31] [98/445] HTBY
[00:48:32] [99/445] MMZS
[00:48:32] [100/445] SUDR
[00:48:33] [101/445] CCAD
[00:48:34] [102/445] SKKC
[00:48:35] [103/445] RMCD
[00:48:36] [104/445] SBCQ
[00:48:37] [105/445] DCCT
[00:48:37] [106/445] VTKP
[00:48:39] [107/445] MLAM
[00:48:40] [108/445] SAVT
[00:48:41] [109/445] GEPL
[00:48:42] [110/445] AMCD
[00:48:43] [111/445] CCXR
[00:48:44] [112/445] GRNG
[00:48:45] [113/445] EBCA
[00:48:46] [114/445] CNVG
[00:48:47] [115/445] MWSS
[00:48:48] [116/445] VBOR
[00:48:49] [117/445] NEEB
[00:48:49] [118/445] SUTH
[00:48:50] [119/445] ANDB
[00:48:51] [120/445] MMXS
[00:48:52] [121/445] CNPD
[00:48:53] [122/445] SDCE
[00:48:54] [123/445] DHCB
[00:48:55] [124/445] ODEN
[00:48:55] [125/445] TNTC
[00:48:56] [126/445] VBKM
[00:48:57] [127/445] RZYM
[00:48:58] [128/445] JEMC
[00:48:59] [129/445] CMAU
[00:49:00] [130/445] SIVP
[00:49:00] [131/445] ATAG
[00:49:01] [132/445] CHTM
[00:49:02] [133/445] AAEE
[00:49:03] [134/445] IWPM
[00:49:03] [135/445] KCMW
[00:49:04] [136/445] MCTD
[00:49:05] [137/445] SPWR
[00:49:06] [138/445] SDPO
[00:49:07] [139/445] PCSK
[00:49:08] [140/445] ACHV
[00:49:09] [141/445] SVLA
[00:49:10] [142/445] PICT
[00:49:11] [143/445] BXDR
[00:49:12] [144/445] SPWA
[00:49:13] [145/445] MCKO
[00:49:14] [146/445] RTHK
[00:49:14] [147/445] CCMF
[00:49:15] [148/445] MRGB
[00:49:16] [149/445] CPLC
[00:49:18] [150/445] RACD
[00:49:19] [151/445] ATKT
[00:49:20] [152/445] SARN
[00:49:21] [153/445] KKUI
[00:49:22] [154/445] RGCM
[00:49:23] [155/445] BRVP
[00:49:24] [156/445] HRSR
[00:49:25] [157/445] GKGM
[00:49:26] [158/445] TTCD
[00:49:27] [159/445] PTTI
[00:49:28] [160/445] MPTT
[00:49:28] [161/445] CVTT
[00:49:29] [162/445] PCXD
[00:49:30] [163/445] GCDC
[00:49:31] [164/445] CCCF
[00:49:31] [165/445] MRAD
[00:49:32] [166/445] CPLK
[00:49:33] [167/445] SATB
[00:49:34] [168/445] SNVG
[00:49:35] [169/445] JMBA
[00:49:36] [170/445] TEJA
[00:49:37] [171/445] STYO
[00:49:38] [172/445] JTBP
[00:49:39] [173/445] KRGD
[00:49:39] [174/445] SLJJ
[00:49:40] [175/445] SPTJ
[00:49:41] [176/445] SWJG
[00:49:42] [177/445] LKRT
[00:49:43] [178/445] KCKA
[00:49:43] [179/445] SNCR
[00:49:44] [180/445] SMKL
[00:49:45] [181/445] GCFA
[00:49:46] [182/445] DDCK
[00:49:47] [183/445] NCHJ
[00:49:48] [184/445] RDMA
[00:49:48] [185/445] SVSV
[00:49:49] [186/445] SCJG
[00:49:50] [187/445] VKLP
[00:49:52] [188/445] NWCC
[00:49:53] [189/445] VKNS
[00:49:53] [190/445] SDDP
[00:49:54] [191/445] ACSI
[00:49:55] [192/445] SATG
[00:49:56] [193/445] SCMW
[00:49:57] [194/445] LKTK
[00:49:58] [195/445] VCKV
[00:49:59] [196/445] KKPE
[00:49:59] [197/445] KIGH
[00:50:00] [198/445] SRPM
[00:50:01] [199/445] SCAH
[00:50:02] [200/445] MUTA
[00:50:03] [201/445] SEPU
[00:50:03] [202/445] INOA
[00:50:04] [203/445] BASK
[00:50:05] [204/445] NECB
[00:50:06] [205/445] GTTG
[00:50:07] [206/445] ASSA
[00:50:08] [207/445] ANCL
[00:50:08] [208/445] GCTI
[00:50:09] [209/445] RCTS
[00:50:10] [210/445] ACNL
[00:50:11] [211/445] MYCT
[00:50:12] [212/445] NMHT
[00:50:13] [213/445] MDIT
[00:50:14] [214/445] LATG
[00:50:15] [215/445] SMTY
[00:50:15] [216/445] CVCT
[00:50:16] [217/445] RAMB
[00:50:17] [218/445] TGMS
[00:50:18] [219/445] BHEL
[00:50:18] [220/445] SHCT
[00:50:20] [221/445] SVCT
[00:50:20] [222/445] MRIY
[00:50:21] [223/445] SARO
[00:50:22] [224/445] STCT
[00:50:22] [225/445] JKKC
[00:50:23] [226/445] PLTT
[00:50:24] [227/445] SRNT
[00:50:25] [228/445] YAST
[00:50:26] [229/445] PERL
[00:50:27] [230/445] CICM
[00:50:29] [231/445] MMTR
[00:50:29] [232/445] ABTK
[00:50:31] [233/445] ATYY
[00:50:32] [234/445] ASTK
[00:50:33] [235/445] VVCK
[00:50:34] [236/445] ATKY
[00:50:34] [237/445] GWEK
[00:50:35] [238/445] SVFH
[00:50:36] [239/445] SLTA
[00:50:37] [240/445] AASH
[00:50:38] [241/445] ACXB
[00:50:39] [242/445] SMTX
[00:50:39] [243/445] AZDH
[00:50:40] [244/445] CMMH
[00:50:41] [245/445] SCSZ
[00:50:42] [246/445] SCKP
[00:50:43] [247/445] NXTM
[00:50:44] [248/445] NWCS
[00:50:46] [249/445] CXMH
[00:50:47] [250/445] PCMA
[00:50:48] [251/445] SGCM
[00:50:49] [252/445] SDTU
[00:50:50] [253/445] MMVI
[00:50:51] [254/445] JKCM
[00:50:52] [255/445] VCMM
[00:50:52] [256/445] SYEE
[00:50:53] [257/445] VASD
[00:50:54] [258/445] BDRB
[00:50:55] [259/445] LASM
[00:50:56] [260/445] DCRL
[00:50:57] [261/445] DVPM
[00:50:57] [262/445] SBMJ
[00:50:58] [263/445] CBMU
[00:50:59] [264/445] IUBS
[00:50:59] [265/445] INAP
[00:51:00] [266/445] SRRC
[00:51:01] [267/445] SAGR
[00:51:02] [268/445] CPMJ
[00:51:03] [269/445] ATJL
[00:51:03] [270/445] NNTD
[00:51:05] [271/445] JHCJ
[00:51:05] [272/445] CMMP
[00:51:07] [273/445] RSDR
[00:51:07] [274/445] AMTI
[00:51:09] [275/445] NYSG
[00:51:10] [276/445] AVSG
[00:51:10] [277/445] SYTP
[00:51:11] [278/445] LARC
[00:51:12] [279/445] RJTP
[00:51:13] [280/445] LAKC
[00:51:14] [281/445] MCXE
[00:51:14] [282/445] CCZC
[00:51:15] [283/445] AVCH
[00:51:16] [284/445] CMBE
[00:51:17] [285/445] MRRC
[00:51:18] [286/445] PCPY
[00:51:19] [287/445] SRMH
[00:51:20] [288/445] SVGS
[00:51:20] [289/445] PCSE
[00:51:21] [290/445] SVFT
[00:51:22] [291/445] TNZP
[00:51:23] [292/445] ICTP
[00:51:24] [293/445] ACTZ
[00:51:25] [294/445] GTUR
[00:51:27] [295/445] MAFC
[00:51:28] [296/445] MINL
[00:51:29] [297/445] MRCL
[00:51:30] [298/445] RCRP
[00:51:31] [299/445] RFFG
[00:51:31] [300/445] RMAS
[00:51:32] [301/445] INVR
[00:51:33] [302/445] RMAR
[00:51:34] [303/445] CNIS
[00:51:35] [304/445] RHRJ
[00:51:36] [305/445] INXR
[00:51:37] [306/445] VALT
[00:51:38] [307/445] LCSH
[00:51:39] [308/445] CMVS
[00:51:40] [309/445] CNMS
[00:51:41] [310/445] ROOG
[00:51:42] [311/445] ISRM
[00:51:42] [312/445] RCRM
[00:51:43] [313/445] ACJA
[00:51:44] [314/445] RCVS
[00:51:45] [315/445] CPUS
[00:51:46] [316/445] TGCS
[00:51:47] [317/445] RKCJ
[00:51:48] [318/445] MKSB
[00:51:49] [319/445] TCSJ
[00:51:50] [320/445] RMGP
[00:51:50] [321/445] CLLP
[00:51:51] [322/445] RCMV
[00:51:52] [323/445] CCKS
[00:51:53] [324/445] RSRP
[00:51:54] [325/445] APLP
[00:51:55] [326/445] CNVS
[00:51:55] [327/445] RMVY
[00:51:56] [328/445] PGBD
[00:51:57] [329/445] KLMS
[00:51:58] [330/445] RUST
[00:51:59] [331/445] MASM
[00:51:59] [332/445] BACS
[00:52:00] [333/445] BWST
[00:52:01] [334/445] RRFH
[00:52:02] [335/445] SJTM
[00:52:03] [336/445] BEMR
[00:52:03] [337/445] MCGR
[00:52:04] [338/445] SDSK
[00:52:05] [339/445] VBOL
[00:52:06] [340/445] RMGM
[00:52:07] [341/445] NOPL
[00:52:08] [342/445] MKJK
[00:52:09] [343/445] CVRN
[00:52:09] [344/445] MMEN
[00:52:10] [345/445] AMNG
[00:52:12] [346/445] INTM
[00:52:12] [347/445] SLCZ
[00:52:13] [348/445] AMJN
[00:52:14] [349/445] ACJN
[00:52:15] [350/445] AMKN
[00:52:15] [351/445] BTCN
[00:52:16] [352/445] AMBT
[00:52:17] [353/445] PACN
[00:52:18] [354/445] LCNS
[00:52:18] [355/445] PPKC
[00:52:19] [356/445] JYYN
[00:52:20] [357/445] JTNR
[00:52:21] [358/445] GTEE
[00:52:22] [359/445] SRNM
[00:52:23] [360/445] SDTC
[00:52:24] [361/445] VPCA
[00:52:25] [362/445] VLRA
[00:52:25] [363/445] SHKR
[00:52:27] [364/445] SBKD
[00:52:28] [365/445] SAAD
[00:52:29] [366/445] JTGN
[00:52:30] [367/445] SLAM
[00:52:31] [368/445] VTPM
[00:52:32] [369/445] ANPT
[00:52:33] [370/445] PUNB
[00:52:33] [371/445] CPKT
[00:52:34] [372/445] CNWE
[00:52:35] [373/445] ECPP
[00:52:36] [374/445] CPAR
[00:52:37] [375/445] ESBW
[00:52:38] [376/445] PKPU
[00:52:39] [377/445] CPRP
[00:52:40] [378/445] RAHU
[00:52:40] [379/445] RHMN
[00:52:41] [380/445] FMJP
[00:52:42] [381/445] CTMP
[00:52:43] [382/445] INPN
[00:52:44] [383/445] STTG
[00:52:45] [384/445] CTRD
[00:52:45] [385/445] PUVB
[00:52:46] [386/445] ESVP
[00:52:47] [387/445] CPFT
[00:52:48] [388/445] LCPC
[00:52:49] [389/445] VBCT
[00:52:50] [390/445] FSCW
[00:52:51] [391/445] VCMP
[00:52:52] [392/445] ASHC
[00:52:52] [393/445] VLCX
[00:52:54] [394/445] SHEV
[00:52:55] [395/445] APCO
[00:52:55] [396/445] SILC
[00:52:56] [397/445] SNMR
[00:52:57] [398/445] KYBO
[00:52:58] [399/445] SATK
[00:52:59] [400/445] SSCS
[00:53:00] [401/445] CLSB
[00:53:01] [402/445] KMJR
[00:53:02] [403/445] FSCK
[00:53:03] [404/445] NNKA
[00:53:04] [405/445] CLMK
[00:53:04] [406/445] DMPZ
[00:53:05] [407/445] INQM
[00:53:07] [408/445] CAML
[00:53:08] [409/445] INRK
[00:53:09] [410/445] IMKN
[00:53:09] [411/445] SVNR
[00:53:10] [412/445] INSL
[00:53:11] [413/445] MSMA
[00:53:12] [414/445] MCKK
[00:53:13] [415/445] FCHP
[00:53:14] [416/445] SFCR
[00:53:15] [417/445] NACK
[00:53:15] [418/445] PVAK
[00:53:16] [419/445] INER
[00:53:17] [420/445] RDBK
[00:53:18] [421/445] SVFN
[00:53:19] [422/445] IFRM
[00:53:19] [423/445] ATCK
[00:53:20] [424/445] ASKO
[00:53:21] [425/445] STKT
[00:53:22] [426/445] SVFB
[00:53:23] [427/445] INKS
[00:53:23] [428/445] PCRA
[00:53:24] [429/445] ATJA
[00:53:25] [430/445] IMJN
[00:53:26] [431/445] INHD
[00:53:27] [432/445] BARA
[00:53:27] [433/445] MCSL
[00:53:28] [434/445] RTOY
[00:53:29] [435/445] MENO
[00:53:30] [436/445] PUDM
[00:53:30] [437/445] PRCN
[00:53:31] [438/445] JMJR
[00:53:32] [439/445] SSGK
[00:53:33] [440/445] SSRL
[00:53:34] [441/445] JYKL
[00:53:35] [442/445] ACNB
[00:53:35] [443/445] SONP
[00:53:37] [444/445] EMCI
[00:53:38] [445/445] MRJH
[00:53:38] ✅ DONE | Shows=0 | Movies=0
[01:54:41] 🚀 BMS DAILY TRACKER STARTED
[01:54:41] [1/445] TGMR
[01:54:41] 🧠 New identity
[01:54:41] [2/445] CXKR
[01:54:42] [3/445] SROP
[01:54:43] [4/445] GTSV
[01:54:43] [5/445] SNTY
[01:54:44] [6/445] SMYY
[01:54:45] [7/445] CNCS
[01:54:45] [8/445] CSTM
[01:54:45] [9/445] NUCD
[01:54:46] [10/445] SHCZ
[01:54:47] [11/445] NJCT
[01:54:47] [12/445] COPC
[01:54:48] [13/445] STVV
[01:54:48] [14/445] SKRN
[01:54:49] [15/445] APPZ
[01:54:50] [16/445] YMGN
[01:54:50] [17/445] SVTU
[01:54:51] [18/445] GTAD
[01:54:52] [19/445] PSUS
[01:54:52] [20/445] SMCD
[01:54:53] [21/445] CMCM
[01:54:53] [22/445] SYCT
[01:54:54] [23/445] STLY
[01:54:54] [24/445] CMHU
[01:54:55] [25/445] CMSA
[01:54:55] [26/445] CLCU
[01:54:56] [27/445] PPNT
[01:54:57] [28/445] JTAB
[01:54:57] [29/445] BUUC
[01:54:58] [30/445] BSVK
[01:54:58] [31/445] VVVQ
[01:54:59] [32/445] TKMU
[01:55:00] [33/445] ESYL
[01:55:00] [34/445] ACHP
[01:55:01] [35/445] BTKD
[01:55:01] [36/445] DESA
[01:55:02] [37/445] GBCT
[01:55:02] [38/445] BLLD
[01:55:03] [39/445] SKNT
[01:55:03] [40/445] SSTE
[01:55:04] [41/445] VJMR
[01:55:04] [42/445] NTPU
[01:55:05] [43/445] RDKN
[01:55:06] [44/445] ADGC
[01:55:06] [45/445] VRBP
[01:55:07] [46/445] NMNA
[01:55:07] [47/445] CMMX
[01:55:08] [48/445] PTKO
[01:55:09] [49/445] RBML
[01:55:10] [50/445] SAIC
[01:55:10] [51/445] SVTJ
[01:55:11] [52/445] MRTE
[01:55:11] [53/445] RBTP
[01:55:11] [54/445] NLPS
[01:55:12] [55/445] GTNA
[01:55:12] [56/445] DGGC
[01:55:13] [57/445] SMCR
[01:55:13] [58/445] SCGD
[01:55:14] [59/445] SRRJ
[01:55:15] [60/445] CNRY
[01:55:15] [61/445] KTDI
[01:55:16] [62/445] SNJL
[01:55:16] [63/445] RKMD
[01:55:17] [64/445] SMDC
[01:55:18] [65/445] TADG
[01:55:18] [66/445] MCGS
[01:55:19] [67/445] PETK
[01:55:19] [68/445] CHAG
[01:55:20] [69/445] KSTL
[01:55:21] [70/445] AADS
[01:55:21] [71/445] NTHZ
[01:55:22] [72/445] HCKI
[01:55:22] [73/445] SSEF
[01:55:23] [74/445] MCGX
[01:55:23] [75/445] ERRA
[01:55:24] [76/445] SDTW
[01:55:24] [77/445] RMPK
[01:55:25] [78/445] PTHK
[01:55:26] [79/445] PXCS
[01:55:26] [80/445] SVLU
[01:55:27] [81/445] STAH
[01:55:27] [82/445] JRGF
[01:55:28] [83/445] CDOK
[01:55:29] [84/445] CMSG
[01:55:29] [85/445] APTD
[01:55:30] [86/445] KMPG
[01:55:30] [87/445] MUTJ
[01:55:31] [88/445] VCCI
[01:55:31] [89/445] URBE
[01:55:32] [90/445] TCTS
[01:55:33] [91/445] STSN
[01:55:33] [92/445] AKCH
[01:55:34] [93/445] APSC
[01:55:34] [94/445] VLTB
[01:55:35] [95/445] SANU
[01:55:35] [96/445] AXAM
[01:55:35] [97/445] MGMG
[01:55:36] [98/445] HTBY
[01:55:37] [99/445] MMZS
[01:55:37] [100/445] SUDR
[01:55:38] [101/445] CCAD
[01:55:38] [102/445] SKKC
[01:55:39] [103/445] RMCD
[01:55:40] [104/445] SBCQ
[01:55:40] [105/445] DCCT
[01:55:41] [106/445] VTKP
[01:55:41] [107/445] MLAM
[01:55:42] [108/445] SAVT
[01:55:42] [109/445] GEPL
[01:55:43] [110/445] AMCD
[01:55:43] [111/445] CCXR
[01:55:44] [112/445] GRNG
[01:55:44] [113/445] EBCA
[01:55:45] [114/445] CNVG
[01:55:45] [115/445] MWSS
[01:55:46] [116/445] VBOR
[01:55:46] [117/445] NEEB
[01:55:47] [118/445] SUTH
[01:55:47] [119/445] ANDB
[01:55:48] [120/445] MMXS
[01:55:48] [121/445] CNPD
[01:55:49] [122/445] SDCE
[01:55:50] [123/445] DHCB
[01:55:50] [124/445] ODEN
[01:55:51] [125/445] TNTC
[01:55:51] [126/445] VBKM
[01:55:52] [127/445] RZYM
[01:55:52] [128/445] JEMC
[01:55:53] [129/445] CMAU
[01:55:53] [130/445] SIVP
[01:55:54] [131/445] ATAG
[01:55:55] [132/445] CHTM
[01:55:55] [133/445] AAEE
[01:55:56] [134/445] IWPM
[01:55:57] [135/445] KCMW
[01:55:57] [136/445] MCTD
[01:55:58] [137/445] SPWR
[01:55:58] [138/445] SDPO
[01:55:59] [139/445] PCSK
[01:55:59] [140/445] ACHV
[01:56:00] [141/445] SVLA
[01:56:00] [142/445] PICT
[01:56:01] [143/445] BXDR
[01:56:01] [144/445] SPWA
[01:56:02] [145/445] MCKO
[01:56:03] [146/445] RTHK
[01:56:03] [147/445] CCMF
[01:56:04] [148/445] MRGB
[01:56:04] [149/445] CPLC
[01:56:05] [150/445] RACD
[01:56:06] [151/445] ATKT
[01:56:06] [152/445] SARN
[01:56:07] [153/445] KKUI
[01:56:08] [154/445] RGCM
[01:56:08] [155/445] BRVP
[01:56:09] [156/445] HRSR
[01:56:09] [157/445] GKGM
[01:56:10] [158/445] TTCD
[01:56:11] [159/445] PTTI
[01:56:11] [160/445] MPTT
[01:56:12] [161/445] CVTT
[01:56:13] [162/445] PCXD
[01:56:13] [163/445] GCDC
[01:56:14] [164/445] CCCF
[01:56:15] [165/445] MRAD
[01:56:15] [166/445] CPLK
[01:56:16] [167/445] SATB
[01:56:16] [168/445] SNVG
[01:56:17] [169/445] JMBA
[01:56:18] [170/445] TEJA
[01:56:18] [171/445] STYO
[01:56:19] [172/445] JTBP
[01:56:19] [173/445] KRGD
[01:56:20] [174/445] SLJJ
[01:56:20] [175/445] SPTJ
[01:56:21] [176/445] SWJG
[01:56:21] [177/445] LKRT
[01:56:22] [178/445] KCKA
[01:56:23] [179/445] SNCR
[01:56:23] [180/445] SMKL
[01:56:24] [181/445] GCFA
[01:56:24] [182/445] DDCK
[01:56:25] [183/445] NCHJ
[01:56:26] [184/445] RDMA
[01:56:26] [185/445] SVSV
[01:56:27] [186/445] SCJG
[01:56:27] [187/445] VKLP
[01:56:28] [188/445] NWCC
[01:56:28] [189/445] VKNS
[01:56:29] [190/445] SDDP
[01:56:30] [191/445] ACSI
[01:56:30] [192/445] SATG
[01:56:31] [193/445] SCMW
[01:56:32] [194/445] LKTK
[01:56:32] [195/445] VCKV
[01:56:33] [196/445] KKPE
[01:56:33] [197/445] KIGH
[01:56:34] [198/445] SRPM
[01:56:34] [199/445] SCAH
[01:56:35] [200/445] MUTA
[01:56:36] [201/445] SEPU
[01:56:36] [202/445] INOA
[01:56:37] [203/445] BASK
[01:56:37] [204/445] NECB
[01:56:38] [205/445] GTTG
[01:56:39] [206/445] ASSA
[01:56:39] [207/445] ANCL
[01:56:40] [208/445] GCTI
[01:56:40] [209/445] RCTS
[01:56:41] [210/445] ACNL
[01:56:41] [211/445] MYCT
[01:56:42] [212/445] NMHT
[01:56:42] [213/445] MDIT
[01:56:43] [214/445] LATG
[01:56:44] [215/445] SMTY
[01:56:44] [216/445] CVCT
[01:56:45] [217/445] RAMB
[01:56:45] [218/445] TGMS
[01:56:46] [219/445] BHEL
[01:56:46] [220/445] SHCT
[01:56:47] [221/445] SVCT
[01:56:48] [222/445] MRIY
[01:56:48] [223/445] SARO
[01:56:49] [224/445] STCT
[01:56:49] [225/445] JKKC
[01:56:50] [226/445] PLTT
[01:56:50] [227/445] SRNT
[01:56:51] [228/445] YAST
[01:56:51] [229/445] PERL
[01:56:52] [230/445] CICM
[01:56:53] [231/445] MMTR
[01:56:53] [232/445] ABTK
[01:56:54] [233/445] ATYY
[01:56:54] [234/445] ASTK
[01:56:55] [235/445] VVCK
[01:56:55] [236/445] ATKY
[01:56:56] [237/445] GWEK
[01:56:57] [238/445] SVFH
[01:56:57] [239/445] SLTA
[01:56:58] [240/445] AASH
[01:56:58] [241/445] ACXB
[01:56:59] [242/445] SMTX
[01:56:59] [243/445] AZDH
[01:57:00] [244/445] CMMH
[01:57:01] [245/445] SCSZ
[01:57:01] [246/445] SCKP
[01:57:02] [247/445] NXTM
[01:57:02] [248/445] NWCS
[01:57:02] [249/445] CXMH
[01:57:03] [250/445] PCMA
[01:57:04] [251/445] SGCM
[01:57:04] [252/445] SDTU
[01:57:05] [253/445] MMVI
[01:57:05] [254/445] JKCM
[01:57:06] [255/445] VCMM
[01:57:06] [256/445] SYEE
[01:57:07] [257/445] VASD
[01:57:07] [258/445] BDRB
[01:57:08] [259/445] LASM
[01:57:09] [260/445] DCRL
[01:57:09] [261/445] DVPM
[01:57:10] [262/445] SBMJ
[01:57:10] [263/445] CBMU
[01:57:11] [264/445] IUBS
[01:57:11] [265/445] INAP
[01:57:12] [266/445] SRRC
[01:57:12] [267/445] SAGR
[01:57:13] [268/445] CPMJ
[01:57:14] [269/445] ATJL
[01:57:14] [270/445] NNTD
[01:57:15] [271/445] JHCJ
[01:57:15] [272/445] CMMP
[01:57:16] [273/445] RSDR
[01:57:17] [274/445] AMTI
[01:57:17] [275/445] NYSG
[01:57:18] [276/445] AVSG
[01:57:18] [277/445] SYTP
[01:57:19] [278/445] LARC
[01:57:19] [279/445] RJTP
[01:57:20] [280/445] LAKC
[01:57:21] [281/445] MCXE
[01:57:21] [282/445] CCZC
[01:57:22] [283/445] AVCH
[01:57:22] [284/445] CMBE
[01:57:23] [285/445] MRRC
[01:57:24] [286/445] PCPY
[01:57:24] [287/445] SRMH
[01:57:25] [288/445] SVGS
[01:57:25] [289/445] PCSE
[01:57:26] [290/445] SVFT
[01:57:26] [291/445] TNZP
[01:57:27] [292/445] ICTP
[01:57:27] [293/445] ACTZ
[01:57:28] [294/445] GTUR
[01:57:29] [295/445] MAFC
[01:57:29] [296/445] MINL
[01:57:30] [297/445] MRCL
[01:57:30] [298/445] RCRP
[01:57:31] [299/445] RFFG
[01:57:31] [300/445] RMAS
[01:57:32] [301/445] INVR
[01:57:33] [302/445] RMAR
[01:57:33] [303/445] CNIS
[01:57:34] [304/445] RHRJ
[01:57:34] [305/445] INXR
[01:57:34] [306/445] VALT
[01:57:35] [307/445] LCSH
[01:57:35] [308/445] CMVS
[01:57:36] [309/445] CNMS
[01:57:37] [310/445] ROOG
[01:57:37] [311/445] ISRM
[01:57:38] [312/445] RCRM
[01:57:38] [313/445] ACJA
[01:57:39] [314/445] RCVS
[01:57:40] [315/445] CPUS
[01:57:40] [316/445] TGCS
[01:57:41] [317/445] RKCJ
[01:57:42] [318/445] MKSB
[01:57:42] [319/445] TCSJ
[01:57:43] [320/445] RMGP
[01:57:43] [321/445] CLLP
[01:57:44] [322/445] RCMV
[01:57:45] [323/445] CCKS
[01:57:45] [324/445] RSRP
[01:57:46] [325/445] APLP
[01:57:46] [326/445] CNVS
[01:57:47] [327/445] RMVY
[01:57:48] [328/445] PGBD
[01:57:48] [329/445] KLMS
[01:57:49] [330/445] RUST
[01:57:49] [331/445] MASM
[01:57:50] [332/445] BACS
[01:57:50] [333/445] BWST
[01:57:51] [334/445] RRFH
[01:57:52] [335/445] SJTM
[01:57:52] [336/445] BEMR
[01:57:53] [337/445] MCGR
[01:57:53] [338/445] SDSK
[01:57:54] [339/445] VBOL
[01:57:54] [340/445] RMGM
[01:57:55] [341/445] NOPL
[01:57:55] [342/445] MKJK
[01:57:56] [343/445] CVRN
[01:57:57] [344/445] MMEN
[01:57:57] [345/445] AMNG
[01:57:58] [346/445] INTM
[01:57:59] [347/445] SLCZ
[01:57:59] [348/445] AMJN
[01:58:00] [349/445] ACJN
[01:58:00] [350/445] AMKN
[01:58:01] [351/445] BTCN
[01:58:01] [352/445] AMBT
[01:58:02] [353/445] PACN
[01:58:02] [354/445] LCNS
[01:58:03] [355/445] PPKC
[01:58:03] [356/445] JYYN
[01:58:04] [357/445] JTNR
[01:58:04] [358/445] GTEE
[01:58:05] [359/445] SRNM
[01:58:05] [360/445] SDTC
[01:58:06] [361/445] VPCA
[01:58:06] [362/445] VLRA
[01:58:07] [363/445] SHKR
[01:58:08] [364/445] SBKD
[01:58:08] [365/445] SAAD
[01:58:09] [366/445] JTGN
[01:58:09] [367/445] SLAM
[01:58:10] [368/445] VTPM
[01:58:10] [369/445] ANPT
[01:58:11] [370/445] PUNB
[01:58:11] [371/445] CPKT
[01:58:12] [372/445] CNWE
[01:58:12] [373/445] ECPP
[01:58:13] [374/445] CPAR
[01:58:13] [375/445] ESBW
[01:58:14] [376/445] PKPU
[01:58:14] [377/445] CPRP
[01:58:15] [378/445] RAHU
[01:58:16] [379/445] RHMN
[01:58:16] [380/445] FMJP
[01:58:17] [381/445] CTMP
[01:58:17] [382/445] INPN
[01:58:18] [383/445] STTG
[01:58:18] [384/445] CTRD
[01:58:19] [385/445] PUVB
[01:58:20] [386/445] ESVP
[01:58:20] [387/445] CPFT
[01:58:21] [388/445] LCPC
[01:58:22] [389/445] VBCT
[01:58:22] [390/445] FSCW
[01:58:23] [391/445] VCMP
[01:58:23] [392/445] ASHC
[01:58:24] [393/445] VLCX
[01:58:24] [394/445] SHEV
[01:58:25] [395/445] APCO
[01:58:26] [396/445] SILC
[01:58:26] [397/445] SNMR
[01:58:27] [398/445] KYBO
[01:58:27] [399/445] SATK
[01:58:28] [400/445] SSCS
[01:58:28] [401/445] CLSB
[01:58:29] [402/445] KMJR
[01:58:29] [403/445] FSCK
[01:58:30] [404/445] NNKA
[01:58:31] [405/445] CLMK
[01:58:31] [406/445] DMPZ
[01:58:32] [407/445] INQM
[01:58:32] [408/445] CAML
[01:58:33] [409/445] INRK
[01:58:34] [410/445] IMKN
[01:58:34] [411/445] SVNR
[01:58:35] [412/445] INSL
[01:58:36] [413/445] MSMA
[01:58:36] [414/445] MCKK
[01:58:37] [415/445] FCHP
[01:58:38] [416/445] SFCR
[01:58:38] [417/445] NACK
[01:58:38] [418/445] PVAK
[01:58:39] [419/445] INER
[01:58:40] [420/445] RDBK
[01:58:40] [421/445] SVFN
[01:58:41] [422/445] IFRM
[01:58:41] [423/445] ATCK
[01:58:42] [424/445] ASKO
[01:58:42] [425/445] STKT
[01:58:43] [426/445] SVFB
[01:58:43] [427/445] INKS
[01:58:44] [428/445] PCRA
[01:58:44] [429/445] ATJA
[01:58:45] [430/445] IMJN
[01:58:45] [431/445] INHD
[01:58:46] [432/445] BARA
[01:58:46] [433/445] MCSL
[01:58:47] [434/445] RTOY
[01:58:48] [435/445] MENO
[01:58:48] [436/445] PUDM
[01:58:49] [437/445] PRCN
[01:58:49] [438/445] JMJR
[01:58:50] [439/445] SSGK
[01:58:51] [440/445] SSRL
[01:58:51] [441/445] JYKL
[01:58:52] [442/445] ACNB
[01:58:52] [443/445] SONP
[01:58:53] [444/445] EMCI
[01:58:53] [445/445] MRJH
[01:58:54] ✅ DONE | Shows=0 | Movies=0
