[00:01:52] 🚀 BMS DAILY TRACKER STARTED
[00:01:52] [1/459] FNDB
[00:01:52] 🧠 New identity
[00:01:54] [2/459] AMBH
[00:01:55] [3/459] PRHN
[00:01:55] [4/459] ACPM
[00:01:57] [5/459] PVFS
[00:01:58] [6/459] AACN
[00:01:59] [7/459] ACAS
[00:02:00] [8/459] CTNR
[00:02:01] [9/459] MMAH
[00:02:02] [10/459] CPMH
[00:02:03] [11/459] IGMH
[00:02:04] [12/459] ABCS
[00:02:04] [13/459] CMMA
[00:02:06] [14/459] GPRH
[00:02:07] [15/459] PNNG
[00:02:09] [16/459] AMCA
[00:02:10] [17/459] ISTN
[00:02:11] [18/459] PIIC
[00:02:11] [19/459] AHMH
[00:02:12] [20/459] ASHN
[00:02:13] [21/459] INHY
[00:02:14] [22/459] SRMO
[00:02:15] [23/459] PIMH
[00:02:15] [24/459] PVTS
[00:02:17] [25/459] MMCA
[00:02:17] [26/459] AKYJ
[00:02:18] [27/459] BRKH
[00:02:20] [28/459] MAHM
[00:02:21] [29/459] CPHY
[00:02:21] [30/459] PVTP
[00:02:22] [31/459] SMMR
[00:02:23] [32/459] PVHM
[00:02:24] [33/459] SNDY
[00:02:25] [34/459] GOKU
[00:02:26] [35/459] ACEV
[00:02:27] [36/459] PVUM
[00:02:27] [37/459] VSWA
[00:02:28] [38/459] IPRS
[00:02:29] [39/459] ASGN
[00:02:30] [40/459] BKMV
[00:02:31] [41/459] PVYH
[00:02:32] [42/459] INKM
[00:02:32] [43/459] ARJU
[00:02:33] [44/459] JJPP
[00:02:34] [45/459] SSRM
[00:02:35] [46/459] HMHD
[00:02:36] [47/459] SNKH
[00:02:36] [48/459] ACHI
[00:02:37] [49/459] MRAA
[00:02:38] [50/459] INMH
[00:02:39] [51/459] ARMH
[00:02:40] [52/459] DVRR
[00:02:41] [53/459] SUDA
[00:02:43] [54/459] MCSS
[00:02:44] [55/459] VRKC
[00:02:45] [56/459] PRCX
[00:02:46] [57/459] ASJY
[00:02:47] [58/459] MTHY
[00:02:48] [59/459] SRCM
[00:02:49] [60/459] TVHY
[00:02:50] [61/459] STHD
[00:02:51] [62/459] CPCL
[00:02:52] [63/459] PSMJ
[00:02:53] [64/459] MRGT
[00:02:55] [65/459] ARYH
[00:02:56] [66/459] VTRB
[00:02:57] [67/459] SCHC
[00:02:58] [68/459] MRRG
[00:02:59] [69/459] SPCB
[00:03:00] [70/459] AMCM
[00:03:01] [71/459] IVNM
[00:03:02] [72/459] TRHY
[00:03:03] [73/459] PTTH
[00:03:04] [74/459] RKMH
[00:03:05] [75/459] PRCS
[00:03:06] [76/459] VAJA
[00:03:07] [77/459] BJNG
[00:03:07] [78/459] SCVM
[00:03:08] [79/459] GNHB
[00:03:09] [80/459] TLUR
[00:03:10] [81/459] UKCC
[00:03:11] [82/459] SRKR
[00:03:12] [83/459] RMKN
[00:03:12] [84/459] SLRT
[00:03:13] [85/459] LKMT
[00:03:14] [86/459] SSRJ
[00:03:15] [87/459] SPHT
[00:03:16] [88/459] ANTT
[00:03:16] [89/459] SRCH
[00:03:17] [90/459] SRCA
[00:03:18] [91/459] ARTH
[00:03:19] [92/459] MCBH
[00:03:20] [93/459] SNIB
[00:03:21] [94/459] SART
[00:03:22] [95/459] SKTA
[00:03:22] [96/459] YAKT
[00:03:23] [97/459] MLCK
[00:03:24] [98/459] ANTS
[00:03:25] [99/459] DGCA
[00:03:26] [100/459] SGMP
[00:03:27] [101/459] ASWN
[00:03:27] [102/459] KFVU
[00:03:28] [103/459] POOR
[00:03:29] [104/459] GKDN
[00:03:30] [105/459] EOSE
[00:03:31] [106/459] GTTT
[00:03:32] [107/459] ARRO
[00:03:32] [108/459] CMMK
[00:03:33] [109/459] MSCN
[00:03:35] [110/459] GDKH
[00:03:35] [111/459] DLMT
[00:03:36] [112/459] PVMF
[00:03:37] [113/459] CPCK
[00:03:38] [114/459] VMHE
[00:03:39] [115/459] PVLC
[00:03:39] [116/459] PCVB
[00:03:40] [117/459] SNYK
[00:03:41] [118/459] KTEK
[00:03:42] [119/459] PCNM
[00:03:43] [120/459] NTTR
[00:03:44] [121/459] CPSK
[00:03:45] [122/459] JMMA
[00:03:46] [123/459] GCFK
[00:03:47] [124/459] MYCA
[00:03:49] [125/459] KSNP
[00:03:50] [126/459] PMCE
[00:03:51] [127/459] SCKI
[00:03:53] [128/459] FSMA
[00:03:54] [129/459] CETA
[00:03:54] [130/459] MCIK
[00:03:55] [131/459] MYCR
[00:03:56] [132/459] EVMP
[00:03:57] [133/459] SSGT
[00:03:58] [134/459] KCTK
[00:03:59] [135/459] ZTKC
[00:04:00] [136/459] MMTA
[00:04:01] [137/459] MAJT
[00:04:02] [138/459] ACPK
[00:04:03] [139/459] JMAX
[00:04:03] [140/459] SETK
[00:04:05] [141/459] CAIS
[00:04:06] [142/459] AGCD
[00:04:07] [143/459] URCL
[00:04:08] [144/459] VTDS
[00:04:09] [145/459] JCNM
[00:04:10] [146/459] KCAM
[00:04:11] [147/459] ADCU
[00:04:12] [148/459] GXYN
[00:04:13] [149/459] SMJG
[00:04:14] [150/459] EYCJ
[00:04:15] [151/459] CCEJ
[00:04:16] [152/459] MARS
[00:04:17] [153/459] CPVJ
[00:04:17] [154/459] INVP
[00:04:18] [155/459] CPOV
[00:04:19] [156/459] VIJK
[00:04:21] [157/459] LAIM
[00:04:22] [158/459] STHV
[00:04:22] [159/459] SVLJ
[00:04:23] [160/459] ATVJ
[00:04:24] [161/459] JTSC
[00:04:25] [162/459] RMTV
[00:04:26] [163/459] MGGG
[00:04:26] [164/459] SWTH
[00:04:27] [165/459] INVJ
[00:04:28] [166/459] PRSV
[00:04:29] [167/459] JATV
[00:04:29] [168/459] RCVD
[00:04:30] [169/459] BDMA
[00:04:31] [170/459] BLJI
[00:04:32] [171/459] SWOT
[00:04:33] [172/459] SWRN
[00:04:34] [173/459] TVRA
[00:04:35] [174/459] VCSV
[00:04:36] [175/459] NVRN
[00:04:37] [176/459] SIKC
[00:04:38] [177/459] VAKR
[00:04:39] [178/459] SYLN
[00:04:40] [179/459] KLJL
[00:04:40] [180/459] LKMY
[00:04:41] [181/459] VSLY
[00:04:42] [182/459] CIKO
[00:04:43] [183/459] GPBG
[00:04:44] [184/459] CECM
[00:04:45] [185/459] SLKB
[00:04:46] [186/459] MTBO
[00:04:47] [187/459] SSHB
[00:04:48] [188/459] VPCS
[00:04:49] [189/459] RCSR
[00:04:50] [190/459] RJRM
[00:04:51] [191/459] KPPB
[00:04:52] [192/459] SEDC
[00:04:53] [193/459] SCAI
[00:04:53] [194/459] RMTR
[00:04:54] [195/459] ASST
[00:04:55] [196/459] GCAK
[00:04:56] [197/459] ANNK
[00:04:57] [198/459] KDDF
[00:04:58] [199/459] NRDP
[00:04:59] [200/459] PLAK
[00:05:00] [201/459] GCMC
[00:05:01] [202/459] ALPY
[00:05:02] [203/459] SICE
[00:05:02] [204/459] SISR
[00:05:03] [205/459] SRPZ
[00:05:04] [206/459] SRSW
[00:05:05] [207/459] SUYA
[00:05:06] [208/459] AMMT
[00:05:07] [209/459] BHCU
[00:05:08] [210/459] KLPA
[00:05:08] [211/459] NVKH
[00:05:09] [212/459] JMRC
[00:05:10] [213/459] KTTT
[00:05:11] [214/459] MAGH
[00:05:12] [215/459] MMMX
[00:05:13] [216/459] SALJ
[00:05:13] [217/459] GTJA
[00:05:14] [218/459] MAHT
[00:05:15] [219/459] SSNN
[00:05:16] [220/459] ARRP
[00:05:17] [221/459] ATNS
[00:05:18] [222/459] SKDT
[00:05:19] [223/459] ACAT
[00:05:20] [224/459] APRC
[00:05:21] [225/459] SWAG
[00:05:22] [226/459] SDPT
[00:05:23] [227/459] STPS
[00:05:24] [228/459] WWCZ
[00:05:25] [229/459] LLCH
[00:05:26] [230/459] MZHA
[00:05:27] [231/459] CRJG
[00:05:28] [232/459] JGTK
[00:05:29] [233/459] KCSR
[00:05:29] [234/459] CHTL
[00:05:30] [235/459] EDSR
[00:05:31] [236/459] CSWO
[00:05:32] [237/459] CPVM
[00:05:33] [238/459] MXBY
[00:05:34] [239/459] FMMA
[00:05:35] [240/459] POVI
[00:05:36] [241/459] MTHB
[00:05:36] [242/459] INRC
[00:05:37] [243/459] PIPP
[00:05:38] [244/459] BMXC
[00:05:39] [245/459] PCMM
[00:05:40] [246/459] PMKM
[00:05:41] [247/459] GATY
[00:05:42] [248/459] IMCM
[00:05:43] [249/459] POPE
[00:05:43] [250/459] MTCR
[00:05:44] [251/459] PVAE
[00:05:45] [252/459] PVMI
[00:05:46] [253/459] CPNM
[00:05:47] [254/459] FMRL
[00:05:48] [255/459] MCIW
[00:05:49] [256/459] MXBO
[00:05:51] [257/459] FMKY
[00:05:52] [258/459] FMDA
[00:05:54] [259/459] THAB
[00:05:54] [260/459] PRCW
[00:05:55] [261/459] PITI
[00:05:56] [262/459] MCFF
[00:05:57] [263/459] PDDV
[00:05:58] [264/459] MCRM
[00:05:59] [265/459] KKMB
[00:06:00] [266/459] INKO
[00:06:01] [267/459] PLXP
[00:06:02] [268/459] MMHA
[00:06:02] [269/459] FMVS
[00:06:03] [270/459] POLM
[00:06:04] [271/459] STER
[00:06:05] [272/459] PVWJ
[00:06:05] [273/459] IMJW
[00:06:07] [274/459] FNAN
[00:06:07] [275/459] CAGL
[00:06:09] [276/459] IPBG
[00:06:10] [277/459] SMFV
[00:06:10] [278/459] MMMR
[00:06:11] [279/459] MMWM
[00:06:12] [280/459] FNCM
[00:06:14] [281/459] MDVA
[00:06:15] [282/459] MMET
[00:06:15] [283/459] MIDO
[00:06:16] [284/459] INNP
[00:06:17] [285/459] MIFU
[00:06:18] [286/459] MMSZ
[00:06:19] [287/459] BMXA
[00:06:20] [288/459] MCAA
[00:06:21] [289/459] SCVP
[00:06:21] [290/459] PLUS
[00:06:22] [291/459] MUCK
[00:06:23] [292/459] MTMA
[00:06:24] [293/459] HPVR
[00:06:26] [294/459] PMPK
[00:06:28] [295/459] MAJB
[00:06:28] [296/459] CTRR
[00:06:29] [297/459] MCTG
[00:06:30] [298/459] MACE
[00:06:31] [299/459] AAAS
[00:06:32] [300/459] CPVV
[00:06:34] [301/459] RCHG
[00:06:35] [302/459] MCNE
[00:06:36] [303/459] EMNC
[00:06:37] [304/459] MCAN
[00:06:38] [305/459] TCDM
[00:06:39] [306/459] IRGT
[00:06:40] [307/459] GCMG
[00:06:42] [308/459] MXSN
[00:06:43] [309/459] MXCK
[00:06:43] [310/459] MCRC
[00:06:44] [311/459] RSMI
[00:06:45] [312/459] WAML
[00:06:46] [313/459] MTSC
[00:06:47] [314/459] FMDR
[00:06:48] [315/459] LEPV
[00:06:49] [316/459] MTGD
[00:06:49] [317/459] IMOB
[00:06:50] [318/459] CLMM
[00:06:51] [319/459] PZCD
[00:06:52] [320/459] GOCS
[00:06:53] [321/459] KCMA
[00:06:54] [322/459] CCMP
[00:06:54] [323/459] MTSU
[00:06:55] [324/459] SNGL
[00:06:56] [325/459] MMMC
[00:06:57] [326/459] MMAA
[00:06:58] [327/459] GCDM
[00:06:59] [328/459] KTMV
[00:06:59] [329/459] AETE
[00:07:00] [330/459] OMCS
[00:07:01] [331/459] GDCD
[00:07:03] [332/459] NYMD
[00:07:04] [333/459] RNCV
[00:07:05] [334/459] KKMT
[00:07:06] [335/459] GDTH
[00:07:07] [336/459] KMMV
[00:07:08] [337/459] NHCG
[00:07:09] [338/459] PJDW
[00:07:10] [339/459] MMCV
[00:07:10] [340/459] FQSA
[00:07:11] [341/459] KURL
[00:07:12] [342/459] NNNX
[00:07:13] [343/459] AMAU
[00:07:14] [344/459] VVVM
[00:07:14] [345/459] VECU
[00:07:15] [346/459] WCVR
[00:07:16] [347/459] MTGG
[00:07:17] [348/459] SGTG
[00:07:18] [349/459] MNTG
[00:07:18] [350/459] JDDG
[00:07:19] [351/459] MBTK
[00:07:20] [352/459] SGCD
[00:07:22] [353/459] MCTC
[00:07:22] [354/459] JTPC
[00:07:24] [355/459] SDKT
[00:07:26] [356/459] KRCC
[00:07:27] [357/459] RMMD
[00:07:28] [358/459] AAME
[00:07:29] [359/459] TMWC
[00:07:30] [360/459] NRWY
[00:07:30] [361/459] CITD
[00:07:31] [362/459] VERD
[00:07:32] [363/459] MKSK
[00:07:33] [364/459] STSM
[00:07:34] [365/459] MJDG
[00:07:34] [366/459] RKPM
[00:07:35] [367/459] SSCE
[00:07:36] [368/459] VMAE
[00:07:37] [369/459] SBRU
[00:07:38] [370/459] AMBC
[00:07:39] [371/459] AMLU
[00:07:39] [372/459] INVZ
[00:07:40] [373/459] LGTV
[00:07:41] [374/459] SVAD
[00:07:42] [375/459] SMSA
[00:07:44] [376/459] SPCZ
[00:07:44] [377/459] GTCX
[00:07:45] [378/459] SCSL
[00:07:47] [379/459] SAHU
[00:07:48] [380/459] NCDA
[00:07:48] [381/459] SCCG
[00:07:50] [382/459] VKTL
[00:07:51] [383/459] PUUJ
[00:07:52] [384/459] STEJ
[00:07:53] [385/459] RJAL
[00:07:54] [386/459] ACJC
[00:07:55] [387/459] VTHC
[00:07:55] [388/459] ARVB
[00:07:56] [389/459] AUBB
[00:07:57] [390/459] GDBR
[00:07:58] [391/459] PVND
[00:07:59] [392/459] BGRJ
[00:08:00] [393/459] RJMM
[00:08:01] [394/459] MCSA
[00:08:02] [395/459] BODA
[00:08:03] [396/459] JAGG
[00:08:04] [397/459] SCGA
[00:08:05] [398/459] LRCM
[00:08:06] [399/459] CPCN
[00:08:08] [400/459] SSTF
[00:08:08] [401/459] SRXP
[00:08:09] [402/459] CNFX
[00:08:10] [403/459] ANDI
[00:08:12] [404/459] SYEW
[00:08:13] [405/459] RCRE
[00:08:14] [406/459] SCRW
[00:08:15] [407/459] MBKR
[00:08:16] [408/459] ASNT
[00:08:17] [409/459] JTMT
[00:08:18] [410/459] SHAY
[00:08:19] [411/459] VRTH
[00:08:20] [412/459] SPTI
[00:08:20] [413/459] DPTD
[00:08:21] [414/459] TGSN
[00:08:22] [415/459] RCWV
[00:08:23] [416/459] OCUR
[00:08:24] [417/459] KSTC
[00:08:25] [418/459] SANI
[00:08:26] [419/459] MLCA
[00:08:26] [420/459] EGCA
[00:08:27] [421/459] SYSN
[00:08:28] [422/459] PKTA
[00:08:30] [423/459] PRCC
[00:08:31] [424/459] KSTR
[00:08:32] [425/459] SNTP
[00:08:32] [426/459] RCHA
[00:08:33] [427/459] SEEA
[00:08:34] [428/459] ALAT
[00:08:35] [429/459] AATV
[00:08:36] [430/459] RJTE
[00:08:37] [431/459] AAPP
[00:08:38] [432/459] PMMH
[00:08:39] [433/459] INRJ
[00:08:40] [434/459] SARB
[00:08:40] [435/459] PCJL
[00:08:41] [436/459] PFJJ
[00:08:42] [437/459] GRDC
[00:08:43] [438/459] BCBA
[00:08:44] [439/459] VIXL
[00:08:45] [440/459] CSTL
[00:08:46] [441/459] MTDK
[00:08:47] [442/459] TDAC
[00:08:47] [443/459] GTDN
[00:08:48] [444/459] TTDE
[00:08:49] [445/459] ASTS
[00:08:50] [446/459] CPNS
[00:08:51] [447/459] PVVW
[00:08:52] [448/459] USEB
[00:08:52] [449/459] DTYN
[00:08:53] [450/459] PVLE
[00:08:54] [451/459] CIPS
[00:08:55] [452/459] PAEG
[00:08:56] [453/459] PTCW
[00:08:57] [454/459] G3SR
[00:08:58] [455/459] PGND
[00:08:59] [456/459] INVM
[00:08:59] [457/459] SPIA
[00:09:00] [458/459] PCSN
[00:09:01] [459/459] PPGV
[00:09:02] ✅ DONE | Shows=1 | Movies=1
