[00:01:24] 🚀 BMS DAILY TRACKER STARTED
[00:01:24] [1/459] MCCZ
[00:01:24] 🧠 New identity
[00:01:25] [2/459] FRPU
[00:01:26] [3/459] SKSI
[00:01:27] [4/459] SSCK
[00:01:28] [5/459] SRDC
[00:01:29] [6/459] RSCZ
[00:01:30] [7/459] PRVT
[00:01:31] [8/459] GAGJ
[00:01:31] [9/459] SMHG
[00:01:32] [10/459] JTST
[00:01:33] [11/459] MYTH
[00:01:34] [12/459] JPCC
[00:01:35] [13/459] ACDC
[00:01:35] [14/459] SVFP
[00:01:36] [15/459] SFCM
[00:01:37] [16/459] RUPK
[00:01:39] [17/459] NTCR
[00:01:39] [18/459] RTCH
[00:01:40] [19/459] SCMH
[00:01:41] [20/459] SVYM
[00:01:42] [21/459] SPYM
[00:01:43] [22/459] SMMF
[00:01:44] [23/459] CLLB
[00:01:45] [24/459] FMCB
[00:01:46] [25/459] BBTC
[00:01:46] [26/459] NTHS
[00:01:47] [27/459] PKKJ
[00:01:48] [28/459] MTJA
[00:01:49] [29/459] PMSJ
[00:01:50] [30/459] JMJU
[00:01:51] [31/459] SRAD
[00:01:52] [32/459] MJMC
[00:01:53] [33/459] DFRM
[00:01:54] [34/459] PMRS
[00:01:55] [35/459] RKPP
[00:01:56] [36/459] BMBK
[00:01:57] [37/459] NEWS
[00:01:58] [38/459] SALB
[00:01:59] [39/459] SCPW
[00:01:59] [40/459] RAYL
[00:02:00] [41/459] CMGJ
[00:02:01] [42/459] JRCR
[00:02:02] [43/459] SRTB
[00:02:03] [44/459] ETPB
[00:02:05] [45/459] MXBN
[00:02:05] [46/459] TOPE
[00:02:06] [47/459] SNLJ
[00:02:07] [48/459] CDDP
[00:02:08] [49/459] APCX
[00:02:09] [50/459] TALP
[00:02:09] [51/459] RRMP
[00:02:10] [52/459] MAHB
[00:02:12] [53/459] MTKR
[00:02:13] [54/459] KSKL
[00:02:13] [55/459] RJLT
[00:02:14] [56/459] ATAS
[00:02:15] [57/459] AMHR
[00:02:16] [58/459] RSRM
[00:02:16] [59/459] GCAT
[00:02:18] [60/459] SMML
[00:02:19] [61/459] ACCD
[00:02:20] [62/459] VYDA
[00:02:20] [63/459] MSKT
[00:02:21] [64/459] AVDM
[00:02:22] [65/459] ASMH
[00:02:23] [66/459] VTMB
[00:02:24] [67/459] WVMB
[00:02:25] [68/459] PPMN
[00:02:25] [69/459] MTMD
[00:02:26] [70/459] SMMO
[00:02:27] [71/459] DLPB
[00:02:28] [72/459] AKMD
[00:02:29] [73/459] SHRR
[00:02:30] [74/459] ASCO
[00:02:31] [75/459] CZVX
[00:02:31] [76/459] GCBB
[00:02:32] [77/459] ATBM
[00:02:33] [78/459] TCGM
[00:02:34] [79/459] UMSE
[00:02:35] [80/459] NKCL
[00:02:36] [81/459] BTLR
[00:02:37] [82/459] GOCL
[00:02:38] [83/459] MIRN
[00:02:39] [84/459] THEC
[00:02:40] [85/459] SPPB
[00:02:40] [86/459] PMMM
[00:02:41] [87/459] GGMC
[00:02:42] [88/459] AVSR
[00:02:43] [89/459] RDMH
[00:02:44] [90/459] JSRS
[00:02:45] [91/459] VKGP
[00:02:46] [92/459] ACRT
[00:02:47] [93/459] GCBA
[00:02:47] [94/459] GTCP
[00:02:48] [95/459] AKFC
[00:02:49] [96/459] INCS
[00:02:50] [97/459] SMCK
[00:02:51] [98/459] BRUN
[00:02:51] [99/459] RPPC
[00:02:52] [100/459] PAYD
[00:02:53] [101/459] SVVT
[00:02:54] [102/459] RNCC
[00:02:55] [103/459] PCRC
[00:02:55] [104/459] PMRM
[00:02:56] [105/459] CCRP
[00:02:57] [106/459] INCR
[00:02:58] [107/459] ZTMP
[00:02:59] [108/459] MCNR
[00:03:00] [109/459] INRP
[00:03:00] [110/459] STRC
[00:03:01] [111/459] RATI
[00:03:02] [112/459] PBTR
[00:03:03] [113/459] CMHP
[00:03:04] [114/459] ZECJ
[00:03:05] [115/459] CCCB
[00:03:06] [116/459] BWCB
[00:03:07] [117/459] CCAT
[00:03:08] [118/459] KGCM
[00:03:09] [119/459] INPT
[00:03:10] [120/459] FNCO
[00:03:11] [121/459] SRMJ
[00:03:11] [122/459] PFSC
[00:03:12] [123/459] PBMC
[00:03:13] [124/459] KARP
[00:03:14] [125/459] KOVI
[00:03:15] [126/459] ACXL
[00:03:16] [127/459] GKCC
[00:03:16] [128/459] ASCC
[00:03:17] [129/459] SETC
[00:03:18] [130/459] KACC
[00:03:19] [131/459] KAVE
[00:03:20] [132/459] CNTC
[00:03:20] [133/459] MEEN
[00:03:21] [134/459] BMRV
[00:03:22] [135/459] SVAM
[00:03:23] [136/459] VTBP
[00:03:24] [137/459] VCKN
[00:03:25] [138/459] SGTK
[00:03:26] [139/459] RCGS
[00:03:27] [140/459] RCCB
[00:03:27] [141/459] RKSR
[00:03:28] [142/459] RKCU
[00:03:29] [143/459] GIBH
[00:03:30] [144/459] CXBS
[00:03:31] [145/459] GGCB
[00:03:32] [146/459] SCPB
[00:03:33] [147/459] AKTB
[00:03:34] [148/459] SRBU
[00:03:35] [149/459] CSSA
[00:03:36] [150/459] MYAN
[00:03:37] [151/459] EXCA
[00:03:38] [152/459] CKSA
[00:03:38] [153/459] JTNM
[00:03:39] [154/459] CXKT
[00:03:40] [155/459] NCLM
[00:03:41] [156/459] JAAD
[00:03:41] [157/459] RDCR
[00:03:42] [158/459] MEER
[00:03:43] [159/459] SIBT
[00:03:44] [160/459] PVVB
[00:03:45] [161/459] FNPN
[00:03:46] [162/459] CRPX
[00:03:46] [163/459] STET
[00:03:47] [164/459] METE
[00:03:48] [165/459] BJML
[00:03:49] [166/459] MAVT
[00:03:49] [167/459] MSRM
[00:03:51] [168/459] TJMP
[00:03:52] [169/459] MHCK
[00:03:52] [170/459] SVGP
[00:03:53] [171/459] KRRC
[00:03:54] [172/459] IMCH
[00:03:55] [173/459] CMCS
[00:03:56] [174/459] SGND
[00:03:58] [175/459] RNAT
[00:03:59] [176/459] PRTN
[00:04:00] [177/459] MPTN
[00:04:01] [178/459] ARCC
[00:04:02] [179/459] NTTE
[00:04:03] [180/459] ABND
[00:04:04] [181/459] KCSN
[00:04:05] [182/459] KCSA
[00:04:06] [183/459] DCKT
[00:04:06] [184/459] MBBR
[00:04:07] [185/459] RAMU
[00:04:08] [186/459] RACW
[00:04:09] [187/459] MCHP
[00:04:10] [188/459] TMHM
[00:04:11] [189/459] STXH
[00:04:11] [190/459] AGSG
[00:04:12] [191/459] SIRA
[00:04:13] [192/459] RCAN
[00:04:14] [193/459] CWTB
[00:04:15] [194/459] VTYM
[00:04:16] [195/459] RRPP
[00:04:17] [196/459] ASMR
[00:04:18] [197/459] RONO
[00:04:19] [198/459] MEMR
[00:04:20] [199/459] CTMR
[00:04:20] [200/459] PMTT
[00:04:21] [201/459] PSLX
[00:04:23] [202/459] IPPL
[00:04:23] [203/459] MMSG
[00:04:24] [204/459] INEL
[00:04:26] [205/459] COAC
[00:04:27] [206/459] WVLK
[00:04:27] [207/459] PPXL
[00:04:28] [208/459] PSML
[00:04:29] [209/459] FNLK
[00:04:30] [210/459] ILUM
[00:04:31] [211/459] ILCM
[00:04:32] [212/459] MSNL
[00:04:33] [213/459] VINB
[00:04:33] [214/459] SALW
[00:04:34] [215/459] PRTB
[00:04:35] [216/459] NCIL
[00:04:36] [217/459] PSUL
[00:04:37] [218/459] SCLK
[00:04:38] [219/459] ADDC
[00:04:39] [220/459] OACL
[00:04:40] [221/459] OOCF
[00:04:41] [222/459] GPMF
[00:04:42] [223/459] SSDG
[00:04:42] [224/459] SKRS
[00:04:43] [225/459] NTTP
[00:04:44] [226/459] SLTP
[00:04:45] [227/459] JTLC
[00:04:46] [228/459] POON
[00:04:47] [229/459] CCPC
[00:04:48] [230/459] DCKC
[00:04:48] [231/459] CPRT
[00:04:49] [232/459] EYHZ
[00:04:50] [233/459] ARBL
[00:04:51] [234/459] SBTB
[00:04:52] [235/459] MMCK
[00:04:52] [236/459] PLMR
[00:04:53] [237/459] BIJH
[00:04:54] [238/459] SDRT
[00:04:55] [239/459] PRDC
[00:04:57] [240/459] OMJA
[00:04:58] [241/459] VKCR
[00:04:59] [242/459] ATRT
[00:05:00] [243/459] WVRP
[00:05:01] [244/459] MVRP
[00:05:02] [245/459] FCAX
[00:05:02] [246/459] CTLC
[00:05:03] [247/459] JCHB
[00:05:04] [248/459] SELP
[00:05:05] [249/459] VCPG
[00:05:05] [250/459] ASCX
[00:05:06] [251/459] EOCS
[00:05:07] [252/459] RCPH
[00:05:08] [253/459] RJTM
[00:05:09] [254/459] SGMD
[00:05:10] [255/459] SVJT
[00:05:11] [256/459] SPPO
[00:05:11] [257/459] MNRL
[00:05:12] [258/459] KNOX
[00:05:13] [259/459] GIER
[00:05:14] [260/459] PJMS
[00:05:15] [261/459] UNSP
[00:05:15] [262/459] JETP
[00:05:16] [263/459] VTWA
[00:05:17] [264/459] SCJI
[00:05:18] [265/459] CBZZ
[00:05:18] [266/459] SDCJ
[00:05:19] [267/459] RRCC
[00:05:20] [268/459] VNKG
[00:05:21] [269/459] LKTO
[00:05:22] [270/459] PJRM
[00:05:22] [271/459] NVRM
[00:05:24] [272/459] SJCS
[00:05:25] [273/459] VIGK
[00:05:26] [274/459] ANST
[00:05:27] [275/459] JTTS
[00:05:28] [276/459] NTST
[00:05:29] [277/459] PREB
[00:05:29] [278/459] TSCZ
[00:05:30] [279/459] CDCM
[00:05:31] [280/459] ELYE
[00:05:32] [281/459] INBS
[00:05:33] [282/459] SMGC
[00:05:33] [283/459] UTMP
[00:05:34] [284/459] INTA
[00:05:35] [285/459] OMPT
[00:05:36] [286/459] SCIR
[00:05:37] [287/459] GCKJ
[00:05:38] [288/459] INOG
[00:05:39] [289/459] SMGB
[00:05:40] [290/459] MCSG
[00:05:41] [291/459] STKG
[00:05:42] [292/459] TTKG
[00:05:42] [293/459] SRTR
[00:05:43] [294/459] ETTR
[00:05:45] [295/459] GGGZ
[00:05:45] [296/459] IPGM
[00:05:46] [297/459] FCDH
[00:05:47] [298/459] DESB
[00:05:48] [299/459] VNTP
[00:05:49] [300/459] ANNT
[00:05:50] [301/459] SLTI
[00:05:50] [302/459] MAJU
[00:05:51] [303/459] JCXP
[00:05:52] [304/459] HARK
[00:05:53] [305/459] JPCJ
[00:05:54] [306/459] RXBD
[00:05:55] [307/459] PTKJ
[00:05:55] [308/459] CMTU
[00:05:56] [309/459] SWOR
[00:05:57] [310/459] JMEX
[00:05:58] [311/459] DTPT
[00:05:58] [312/459] VGMM
[00:05:59] [313/459] VCSG
[00:06:00] [314/459] CVCG
[00:06:01] [315/459] TNTT
[00:06:01] [316/459] SHRM
[00:06:02] [317/459] CGKD
[00:06:03] [318/459] EKCM
[00:06:04] [319/459] SDCX
[00:06:04] [320/459] SBTE
[00:06:06] [321/459] STKJ
[00:06:07] [322/459] TPCE
[00:06:07] [323/459] JTNP
[00:06:08] [324/459] LPCH
[00:06:09] [325/459] CPUO
[00:06:10] [326/459] APSU
[00:06:11] [327/459] RTHC
[00:06:13] [328/459] PTBU
[00:06:14] [329/459] CUCC
[00:06:14] [330/459] CPSA
[00:06:15] [331/459] SUAY
[00:06:16] [332/459] AYAA
[00:06:17] [333/459] MUCH
[00:06:18] [334/459] PCIN
[00:06:19] [335/459] JRRM
[00:06:20] [336/459] KATS
[00:06:20] [337/459] MHFF
[00:06:21] [338/459] ESYM
[00:06:22] [339/459] STYV
[00:06:23] [340/459] SDKG
[00:06:24] [341/459] SMTI
[00:06:25] [342/459] NYCS
[00:06:25] [343/459] MTBG
[00:06:26] [344/459] RHCA
[00:06:28] [345/459] PCKH
[00:06:29] [346/459] ARCR
[00:06:30] [347/459] NCMB
[00:06:30] [348/459] SHYC
[00:06:31] [349/459] LACK
[00:06:32] [350/459] MTCM
[00:06:33] [351/459] RRBN
[00:06:33] [352/459] MYDC
[00:06:34] [353/459] STCS
[00:06:35] [354/459] CONN
[00:06:36] [355/459] SIPS
[00:06:37] [356/459] SMMX
[00:06:38] [357/459] SCBY
[00:06:38] [358/459] SUAP
[00:06:39] [359/459] RSMK
[00:06:40] [360/459] STKP
[00:06:41] [361/459] CIPC
[00:06:42] [362/459] KKCI
[00:06:43] [363/459] CTNK
[00:06:44] [364/459] MMTZ
[00:06:45] [365/459] DCCO
[00:06:45] [366/459] VNMN
[00:06:46] [367/459] RLCN
[00:06:47] [368/459] CMMS
[00:06:48] [369/459] AYOU
[00:06:49] [370/459] SSCN
[00:06:50] [371/459] SMXN
[00:06:51] [372/459] ASSK
[00:06:52] [373/459] VCKM
[00:06:52] [374/459] PCPH
[00:06:53] [375/459] PADM
[00:06:54] [376/459] IESA
[00:06:55] [377/459] VCSP
[00:06:56] [378/459] AEST
[00:06:57] [379/459] VTNR
[00:06:57] [380/459] GTTA
[00:06:58] [381/459] CMMM
[00:06:59] [382/459] AHKT
[00:07:00] [383/459] SIJI
[00:07:01] [384/459] VCEI
[00:07:02] [385/459] SAKR
[00:07:03] [386/459] VSMT
[00:07:04] [387/459] SSCT
[00:07:05] [388/459] USTR
[00:07:06] [389/459] MTKT
[00:07:07] [390/459] TGMP
[00:07:08] [391/459] SIVC
[00:07:09] [392/459] KICT
[00:07:10] [393/459] DAMD
[00:07:10] [394/459] CNPT
[00:07:11] [395/459] RVTT
[00:07:12] [396/459] SNCM
[00:07:13] [397/459] GHTE
[00:07:13] [398/459] PPAM
[00:07:14] [399/459] PVAA
[00:07:15] [400/459] CPAO
[00:07:16] [401/459] HAMD
[00:07:17] [402/459] RCCA
[00:07:18] [403/459] MPCH
[00:07:19] [404/459] ARED
[00:07:19] [405/459] RRCV
[00:07:20] [406/459] MTRB
[00:07:21] [407/459] CKUA
[00:07:22] [408/459] ABMP
[00:07:23] [409/459] RCWA
[00:07:24] [410/459] CGAR
[00:07:25] [411/459] METH
[00:07:26] [412/459] WAGA
[00:07:27] [413/459] MCMA
[00:07:28] [414/459] CSMP
[00:07:28] [415/459] RCNK
[00:07:29] [416/459] PSTM
[00:07:30] [417/459] CSEP
[00:07:31] [418/459] AMGD
[00:07:32] [419/459] CSTE
[00:07:32] [420/459] CONS
[00:07:33] [421/459] APPX
[00:07:34] [422/459] MABC
[00:07:35] [423/459] CXST
[00:07:35] [424/459] MATN
[00:07:36] [425/459] MACZ
[00:07:37] [426/459] MASA
[00:07:38] [427/459] MBSX
[00:07:39] [428/459] CSST
[00:07:40] [429/459] APCL
[00:07:41] [430/459] CGOS
[00:07:42] [431/459] CPEC
[00:07:42] [432/459] MCCP
[00:07:43] [433/459] BSSO
[00:07:45] [434/459] SJKA
[00:07:46] [435/459] CGBO
[00:07:46] [436/459] MVSK
[00:07:47] [437/459] HVCA
[00:07:48] [438/459] NAMD
[00:07:49] [439/459] DEVI
[00:07:50] [440/459] SCSV
[00:07:51] [441/459] PSMA
[00:07:52] [442/459] CLDJ
[00:07:53] [443/459] NMAD
[00:07:53] [444/459] CGMO
[00:07:54] [445/459] MCNA
[00:07:55] [446/459] OCBN
[00:07:56] [447/459] CPEM
[00:07:57] [448/459] CPSM
[00:07:58] [449/459] RCAD
[00:07:59] [450/459] CPMU
[00:08:00] [451/459] DICD
[00:08:01] [452/459] CHOE
[00:08:02] [453/459] PDJM
[00:08:03] [454/459] SSTU
[00:08:03] [455/459] VNRN
[00:08:05] [456/459] PVLG
[00:08:05] [457/459] SWBL
[00:08:06] [458/459] SCAB
[00:08:07] [459/459] RDDA
[00:08:08] ✅ DONE | Shows=0 | Movies=0
[00:47:05] 🚀 BMS DAILY TRACKER STARTED
[00:47:05] [1/459] MCCZ
[00:47:05] 🧠 New identity
[00:47:06] [2/459] FRPU
[00:47:07] [3/459] SKSI
[00:47:08] [4/459] SSCK
[00:47:08] [5/459] SRDC
[00:47:09] [6/459] RSCZ
[00:47:10] [7/459] PRVT
[00:47:11] [8/459] GAGJ
[00:47:12] [9/459] SMHG
[00:47:13] [10/459] JTST
[00:47:14] [11/459] MYTH
[00:47:15] [12/459] JPCC
[00:47:16] [13/459] ACDC
[00:47:17] [14/459] SVFP
[00:47:18] [15/459] SFCM
[00:47:20] [16/459] RUPK
[00:47:21] [17/459] NTCR
[00:47:22] [18/459] RTCH
[00:47:23] [19/459] SCMH
[00:47:24] [20/459] SVYM
[00:47:25] [21/459] SPYM
[00:47:26] [22/459] SMMF
[00:47:27] [23/459] CLLB
[00:47:28] [24/459] FMCB
[00:47:28] [25/459] BBTC
[00:47:29] [26/459] NTHS
[00:47:30] [27/459] PKKJ
[00:47:31] [28/459] MTJA
[00:47:32] [29/459] PMSJ
[00:47:33] [30/459] JMJU
[00:47:34] [31/459] SRAD
[00:47:34] [32/459] MJMC
[00:47:35] [33/459] DFRM
[00:47:36] [34/459] PMRS
[00:47:37] [35/459] RKPP
[00:47:38] [36/459] BMBK
[00:47:38] [37/459] NEWS
[00:47:39] [38/459] SALB
[00:47:40] [39/459] SCPW
[00:47:41] [40/459] RAYL
[00:47:42] [41/459] CMGJ
[00:47:43] [42/459] JRCR
[00:47:44] [43/459] SRTB
[00:47:45] [44/459] ETPB
[00:47:46] [45/459] MXBN
[00:47:46] [46/459] TOPE
[00:47:47] [47/459] SNLJ
[00:47:48] [48/459] CDDP
[00:47:49] [49/459] APCX
[00:47:50] [50/459] TALP
[00:47:50] [51/459] RRMP
[00:47:51] [52/459] MAHB
[00:47:52] [53/459] MTKR
[00:47:53] [54/459] KSKL
[00:47:54] [55/459] RJLT
[00:47:55] [56/459] ATAS
[00:47:56] [57/459] AMHR
[00:47:57] [58/459] RSRM
[00:47:57] [59/459] GCAT
[00:47:58] [60/459] SMML
[00:47:59] [61/459] ACCD
[00:48:00] [62/459] VYDA
[00:48:01] [63/459] MSKT
[00:48:02] [64/459] AVDM
[00:48:03] [65/459] ASMH
[00:48:03] [66/459] VTMB
[00:48:05] [67/459] WVMB
[00:48:06] [68/459] PPMN
[00:48:07] [69/459] MTMD
[00:48:08] [70/459] SMMO
[00:48:10] [71/459] DLPB
[00:48:11] [72/459] AKMD
[00:48:12] [73/459] SHRR
[00:48:12] [74/459] ASCO
[00:48:13] [75/459] CZVX
[00:48:14] [76/459] GCBB
[00:48:15] [77/459] ATBM
[00:48:16] [78/459] TCGM
[00:48:17] [79/459] UMSE
[00:48:18] [80/459] NKCL
[00:48:19] [81/459] BTLR
[00:48:19] [82/459] GOCL
[00:48:20] [83/459] MIRN
[00:48:21] [84/459] THEC
[00:48:23] [85/459] SPPB
[00:48:23] [86/459] PMMM
[00:48:25] [87/459] GGMC
[00:48:25] [88/459] AVSR
[00:48:26] [89/459] RDMH
[00:48:27] [90/459] JSRS
[00:48:28] [91/459] VKGP
[00:48:29] [92/459] ACRT
[00:48:30] [93/459] GCBA
[00:48:31] [94/459] GTCP
[00:48:32] [95/459] AKFC
[00:48:33] [96/459] INCS
[00:48:34] [97/459] SMCK
[00:48:35] [98/459] BRUN
[00:48:36] [99/459] RPPC
[00:48:37] [100/459] PAYD
[00:48:38] [101/459] SVVT
[00:48:39] [102/459] RNCC
[00:48:40] [103/459] PCRC
[00:48:41] [104/459] PMRM
[00:48:42] [105/459] CCRP
[00:48:42] [106/459] INCR
[00:48:43] [107/459] ZTMP
[00:48:44] [108/459] MCNR
[00:48:45] [109/459] INRP
[00:48:45] [110/459] STRC
[00:48:46] [111/459] RATI
[00:48:47] [112/459] PBTR
[00:48:48] [113/459] CMHP
[00:48:49] [114/459] ZECJ
[00:48:50] [115/459] CCCB
[00:48:50] [116/459] BWCB
[00:48:51] [117/459] CCAT
[00:48:52] [118/459] KGCM
[00:48:53] [119/459] INPT
[00:48:54] [120/459] FNCO
[00:48:55] [121/459] SRMJ
[00:48:55] [122/459] PFSC
[00:48:56] [123/459] PBMC
[00:48:57] [124/459] KARP
[00:48:58] [125/459] KOVI
[00:48:58] [126/459] ACXL
[00:48:59] [127/459] GKCC
[00:49:00] [128/459] ASCC
[00:49:01] [129/459] SETC
[00:49:02] [130/459] KACC
[00:49:03] [131/459] KAVE
[00:49:04] [132/459] CNTC
[00:49:05] [133/459] MEEN
[00:49:06] [134/459] BMRV
[00:49:06] [135/459] SVAM
[00:49:07] [136/459] VTBP
[00:49:08] [137/459] VCKN
[00:49:09] [138/459] SGTK
[00:49:10] [139/459] RCGS
[00:49:10] [140/459] RCCB
[00:49:11] [141/459] RKSR
[00:49:12] [142/459] RKCU
[00:49:13] [143/459] GIBH
[00:49:14] [144/459] CXBS
[00:49:15] [145/459] GGCB
[00:49:16] [146/459] SCPB
[00:49:17] [147/459] AKTB
[00:49:17] [148/459] SRBU
[00:49:18] [149/459] CSSA
[00:49:19] [150/459] MYAN
[00:49:20] [151/459] EXCA
[00:49:21] [152/459] CKSA
[00:49:21] [153/459] JTNM
[00:49:22] [154/459] CXKT
[00:49:23] [155/459] NCLM
[00:49:24] [156/459] JAAD
[00:49:25] [157/459] RDCR
[00:49:25] [158/459] MEER
[00:49:26] [159/459] SIBT
[00:49:28] [160/459] PVVB
[00:49:29] [161/459] FNPN
[00:49:29] [162/459] CRPX
[00:49:30] [163/459] STET
[00:49:31] [164/459] METE
[00:49:32] [165/459] BJML
[00:49:33] [166/459] MAVT
[00:49:34] [167/459] MSRM
[00:49:35] [168/459] TJMP
[00:49:35] [169/459] MHCK
[00:49:36] [170/459] SVGP
[00:49:37] [171/459] KRRC
[00:49:38] [172/459] IMCH
[00:49:39] [173/459] CMCS
[00:49:40] [174/459] SGND
[00:49:41] [175/459] RNAT
[00:49:41] [176/459] PRTN
[00:49:42] [177/459] MPTN
[00:49:43] [178/459] ARCC
[00:49:44] [179/459] NTTE
[00:49:45] [180/459] ABND
[00:49:45] [181/459] KCSN
[00:49:46] [182/459] KCSA
[00:49:47] [183/459] DCKT
[00:49:48] [184/459] MBBR
[00:49:48] [185/459] RAMU
[00:49:49] [186/459] RACW
[00:49:50] [187/459] MCHP
[00:49:51] [188/459] TMHM
[00:49:51] [189/459] STXH
[00:49:52] [190/459] AGSG
[00:49:53] [191/459] SIRA
[00:49:54] [192/459] RCAN
[00:49:55] [193/459] CWTB
[00:49:56] [194/459] VTYM
[00:49:57] [195/459] RRPP
[00:49:58] [196/459] ASMR
[00:49:59] [197/459] RONO
[00:49:59] [198/459] MEMR
[00:50:00] [199/459] CTMR
[00:50:01] [200/459] PMTT
[00:50:02] [201/459] PSLX
[00:50:02] [202/459] IPPL
[00:50:03] [203/459] MMSG
[00:50:04] [204/459] INEL
[00:50:05] [205/459] COAC
[00:50:06] [206/459] WVLK
[00:50:06] [207/459] PPXL
[00:50:07] [208/459] PSML
[00:50:08] [209/459] FNLK
[00:50:09] [210/459] ILUM
[00:50:10] [211/459] ILCM
[00:50:11] [212/459] MSNL
[00:50:12] [213/459] VINB
[00:50:13] [214/459] SALW
[00:50:14] [215/459] PRTB
[00:50:15] [216/459] NCIL
[00:50:16] [217/459] PSUL
[00:50:17] [218/459] SCLK
[00:50:17] [219/459] ADDC
[00:50:18] [220/459] OACL
[00:50:19] [221/459] OOCF
[00:50:21] [222/459] GPMF
[00:50:21] [223/459] SSDG
[00:50:22] [224/459] SKRS
[00:50:23] [225/459] NTTP
[00:50:24] [226/459] SLTP
[00:50:25] [227/459] JTLC
[00:50:26] [228/459] POON
[00:50:26] [229/459] CCPC
[00:50:27] [230/459] DCKC
[00:50:28] [231/459] CPRT
[00:50:29] [232/459] EYHZ
[00:50:30] [233/459] ARBL
[00:50:31] [234/459] SBTB
[00:50:32] [235/459] MMCK
[00:50:33] [236/459] PLMR
[00:50:34] [237/459] BIJH
[00:50:35] [238/459] SDRT
[00:50:35] [239/459] PRDC
[00:50:36] [240/459] OMJA
[00:50:37] [241/459] VKCR
[00:50:38] [242/459] ATRT
[00:50:39] [243/459] WVRP
[00:50:40] [244/459] MVRP
[00:50:41] [245/459] FCAX
[00:50:42] [246/459] CTLC
[00:50:43] [247/459] JCHB
[00:50:43] [248/459] SELP
[00:50:44] [249/459] VCPG
[00:50:46] [250/459] ASCX
[00:50:47] [251/459] EOCS
[00:50:49] [252/459] RCPH
[00:50:50] [253/459] RJTM
[00:50:51] [254/459] SGMD
[00:50:52] [255/459] SVJT
[00:50:52] [256/459] SPPO
[00:50:53] [257/459] MNRL
[00:50:54] [258/459] KNOX
[00:50:55] [259/459] GIER
[00:50:56] [260/459] PJMS
[00:50:57] [261/459] UNSP
[00:50:58] [262/459] JETP
[00:50:59] [263/459] VTWA
[00:51:00] [264/459] SCJI
[00:51:01] [265/459] CBZZ
[00:51:02] [266/459] SDCJ
[00:51:03] [267/459] RRCC
[00:51:04] [268/459] VNKG
[00:51:05] [269/459] LKTO
[00:51:05] [270/459] PJRM
[00:51:06] [271/459] NVRM
[00:51:07] [272/459] SJCS
[00:51:09] [273/459] VIGK
[00:51:09] [274/459] ANST
[00:51:10] [275/459] JTTS
[00:51:11] [276/459] NTST
[00:51:12] [277/459] PREB
[00:51:13] [278/459] TSCZ
[00:51:14] [279/459] CDCM
[00:51:14] [280/459] ELYE
[00:51:16] [281/459] INBS
[00:51:17] [282/459] SMGC
[00:51:18] [283/459] UTMP
[00:51:19] [284/459] INTA
[00:51:19] [285/459] OMPT
[00:51:20] [286/459] SCIR
[00:51:22] [287/459] GCKJ
[00:51:23] [288/459] INOG
[00:51:23] [289/459] SMGB
[00:51:24] [290/459] MCSG
[00:51:25] [291/459] STKG
[00:51:26] [292/459] TTKG
[00:51:27] [293/459] SRTR
[00:51:28] [294/459] ETTR
[00:51:28] [295/459] GGGZ
[00:51:29] [296/459] IPGM
[00:51:30] [297/459] FCDH
[00:51:31] [298/459] DESB
[00:51:32] [299/459] VNTP
[00:51:32] [300/459] ANNT
[00:51:33] [301/459] SLTI
[00:51:34] [302/459] MAJU
[00:51:35] [303/459] JCXP
[00:51:35] [304/459] HARK
[00:51:36] [305/459] JPCJ
[00:51:37] [306/459] RXBD
[00:51:38] [307/459] PTKJ
[00:51:38] [308/459] CMTU
[00:51:39] [309/459] SWOR
[00:51:40] [310/459] JMEX
[00:51:41] [311/459] DTPT
[00:51:42] [312/459] VGMM
[00:51:43] [313/459] VCSG
[00:51:44] [314/459] CVCG
[00:51:45] [315/459] TNTT
[00:51:46] [316/459] SHRM
[00:51:48] [317/459] CGKD
[00:51:48] [318/459] EKCM
[00:51:49] [319/459] SDCX
[00:51:50] [320/459] SBTE
[00:51:51] [321/459] STKJ
[00:51:52] [322/459] TPCE
[00:51:53] [323/459] JTNP
[00:51:54] [324/459] LPCH
[00:51:55] [325/459] CPUO
[00:51:56] [326/459] APSU
[00:51:57] [327/459] RTHC
[00:51:58] [328/459] PTBU
[00:51:59] [329/459] CUCC
[00:52:00] [330/459] CPSA
[00:52:01] [331/459] SUAY
[00:52:02] [332/459] AYAA
[00:52:02] [333/459] MUCH
[00:52:04] [334/459] PCIN
[00:52:05] [335/459] JRRM
[00:52:05] [336/459] KATS
[00:52:06] [337/459] MHFF
[00:52:07] [338/459] ESYM
[00:52:08] [339/459] STYV
[00:52:09] [340/459] SDKG
[00:52:10] [341/459] SMTI
[00:52:11] [342/459] NYCS
[00:52:12] [343/459] MTBG
[00:52:13] [344/459] RHCA
[00:52:14] [345/459] PCKH
[00:52:14] [346/459] ARCR
[00:52:15] [347/459] NCMB
[00:52:16] [348/459] SHYC
[00:52:17] [349/459] LACK
[00:52:17] [350/459] MTCM
[00:52:18] [351/459] RRBN
[00:52:19] [352/459] MYDC
[00:52:20] [353/459] STCS
[00:52:21] [354/459] CONN
[00:52:22] [355/459] SIPS
[00:52:22] [356/459] SMMX
[00:52:23] [357/459] SCBY
[00:52:24] [358/459] SUAP
[00:52:25] [359/459] RSMK
[00:52:26] [360/459] STKP
[00:52:27] [361/459] CIPC
[00:52:28] [362/459] KKCI
[00:52:28] [363/459] CTNK
[00:52:29] [364/459] MMTZ
[00:52:30] [365/459] DCCO
[00:52:31] [366/459] VNMN
[00:52:32] [367/459] RLCN
[00:52:32] [368/459] CMMS
[00:52:33] [369/459] AYOU
[00:52:34] [370/459] SSCN
[00:52:35] [371/459] SMXN
[00:52:36] [372/459] ASSK
[00:52:36] [373/459] VCKM
[00:52:37] [374/459] PCPH
[00:52:38] [375/459] PADM
[00:52:39] [376/459] IESA
[00:52:40] [377/459] VCSP
[00:52:41] [378/459] AEST
[00:52:41] [379/459] VTNR
[00:52:42] [380/459] GTTA
[00:52:43] [381/459] CMMM
[00:52:44] [382/459] AHKT
[00:52:45] [383/459] SIJI
[00:52:45] [384/459] VCEI
[00:52:46] [385/459] SAKR
[00:52:47] [386/459] VSMT
[00:52:48] [387/459] SSCT
[00:52:49] [388/459] USTR
[00:52:50] [389/459] MTKT
[00:52:51] [390/459] TGMP
[00:52:52] [391/459] SIVC
[00:52:53] [392/459] KICT
[00:52:53] [393/459] DAMD
[00:52:54] [394/459] CNPT
[00:52:55] [395/459] RVTT
[00:52:56] [396/459] SNCM
[00:52:57] [397/459] GHTE
[00:52:57] [398/459] PPAM
[00:52:58] [399/459] PVAA
[00:52:59] [400/459] CPAO
[00:53:00] [401/459] HAMD
[00:53:01] [402/459] RCCA
[00:53:01] [403/459] MPCH
[00:53:02] [404/459] ARED
[00:53:04] [405/459] RRCV
[00:53:04] [406/459] MTRB
[00:53:05] [407/459] CKUA
[00:53:06] [408/459] ABMP
[00:53:07] [409/459] RCWA
[00:53:09] [410/459] CGAR
[00:53:10] [411/459] METH
[00:53:11] [412/459] WAGA
[00:53:11] [413/459] MCMA
[00:53:12] [414/459] CSMP
[00:53:13] [415/459] RCNK
[00:53:14] [416/459] PSTM
[00:53:15] [417/459] CSEP
[00:53:16] [418/459] AMGD
[00:53:16] [419/459] CSTE
[00:53:18] [420/459] CONS
[00:53:18] [421/459] APPX
[00:53:19] [422/459] MABC
[00:53:20] [423/459] CXST
[00:53:21] [424/459] MATN
[00:53:22] [425/459] MACZ
[00:53:23] [426/459] MASA
[00:53:24] [427/459] MBSX
[00:53:24] [428/459] CSST
[00:53:25] [429/459] APCL
[00:53:27] [430/459] CGOS
[00:53:27] [431/459] CPEC
[00:53:28] [432/459] MCCP
[00:53:29] [433/459] BSSO
[00:53:30] [434/459] SJKA
[00:53:31] [435/459] CGBO
[00:53:31] [436/459] MVSK
[00:53:32] [437/459] HVCA
[00:53:33] [438/459] NAMD
[00:53:34] [439/459] DEVI
[00:53:35] [440/459] SCSV
[00:53:36] [441/459] PSMA
[00:53:37] [442/459] CLDJ
[00:53:38] [443/459] NMAD
[00:53:38] [444/459] CGMO
[00:53:39] [445/459] MCNA
[00:53:40] [446/459] OCBN
[00:53:40] [447/459] CPEM
[00:53:41] [448/459] CPSM
[00:53:42] [449/459] RCAD
[00:53:43] [450/459] CPMU
[00:53:44] [451/459] DICD
[00:53:45] [452/459] CHOE
[00:53:45] [453/459] PDJM
[00:53:46] [454/459] SSTU
[00:53:47] [455/459] VNRN
[00:53:48] [456/459] PVLG
[00:53:50] [457/459] SWBL
[00:53:51] [458/459] SCAB
[00:53:52] [459/459] RDDA
[00:53:53] ✅ DONE | Shows=0 | Movies=0
[01:54:41] 🚀 BMS DAILY TRACKER STARTED
[01:54:41] [1/459] MCCZ
[01:54:41] 🧠 New identity
[01:54:42] [2/459] FRPU
[01:54:43] [3/459] SKSI
[01:54:44] [4/459] SSCK
[01:54:44] [5/459] SRDC
[01:54:45] [6/459] RSCZ
[01:54:46] [7/459] PRVT
[01:54:47] [8/459] GAGJ
[01:54:48] [9/459] SMHG
[01:54:49] [10/459] JTST
[01:54:50] [11/459] MYTH
[01:54:50] [12/459] JPCC
[01:54:51] [13/459] ACDC
[01:54:53] [14/459] SVFP
[01:54:53] [15/459] SFCM
[01:54:54] [16/459] RUPK
[01:54:55] [17/459] NTCR
[01:54:56] [18/459] RTCH
[01:54:57] [19/459] SCMH
[01:54:58] [20/459] SVYM
[01:54:58] [21/459] SPYM
[01:54:59] [22/459] SMMF
[01:55:00] [23/459] CLLB
[01:55:02] [24/459] FMCB
[01:55:02] [25/459] BBTC
[01:55:03] [26/459] NTHS
[01:55:04] [27/459] PKKJ
[01:55:05] [28/459] MTJA
[01:55:06] [29/459] PMSJ
[01:55:07] [30/459] JMJU
[01:55:08] [31/459] SRAD
[01:55:09] [32/459] MJMC
[01:55:09] [33/459] DFRM
[01:55:10] [34/459] PMRS
[01:55:11] [35/459] RKPP
[01:55:13] [36/459] BMBK
[01:55:14] [37/459] NEWS
[01:55:15] [38/459] SALB
[01:55:15] [39/459] SCPW
[01:55:16] [40/459] RAYL
[01:55:17] [41/459] CMGJ
[01:55:18] [42/459] JRCR
[01:55:19] [43/459] SRTB
[01:55:20] [44/459] ETPB
[01:55:20] [45/459] MXBN
[01:55:21] [46/459] TOPE
[01:55:22] [47/459] SNLJ
[01:55:23] [48/459] CDDP
[01:55:24] [49/459] APCX
[01:55:25] [50/459] TALP
[01:55:26] [51/459] RRMP
[01:55:27] [52/459] MAHB
[01:55:28] [53/459] MTKR
[01:55:29] [54/459] KSKL
[01:55:30] [55/459] RJLT
[01:55:31] [56/459] ATAS
[01:55:32] [57/459] AMHR
[01:55:33] [58/459] RSRM
[01:55:34] [59/459] GCAT
[01:55:35] [60/459] SMML
[01:55:35] [61/459] ACCD
[01:55:36] [62/459] VYDA
[01:55:37] [63/459] MSKT
[01:55:37] [64/459] AVDM
[01:55:38] [65/459] ASMH
[01:55:39] [66/459] VTMB
[01:55:40] [67/459] WVMB
[01:55:41] [68/459] PPMN
[01:55:42] [69/459] MTMD
[01:55:43] [70/459] SMMO
[01:55:44] [71/459] DLPB
[01:55:45] [72/459] AKMD
[01:55:46] [73/459] SHRR
[01:55:47] [74/459] ASCO
[01:55:47] [75/459] CZVX
[01:55:48] [76/459] GCBB
[01:55:49] [77/459] ATBM
[01:55:50] [78/459] TCGM
[01:55:51] [79/459] UMSE
[01:55:52] [80/459] NKCL
[01:55:52] [81/459] BTLR
[01:55:53] [82/459] GOCL
[01:55:54] [83/459] MIRN
[01:55:55] [84/459] THEC
[01:55:56] [85/459] SPPB
[01:55:57] [86/459] PMMM
[01:55:58] [87/459] GGMC
[01:55:59] [88/459] AVSR
[01:56:00] [89/459] RDMH
[01:56:01] [90/459] JSRS
[01:56:01] [91/459] VKGP
[01:56:02] [92/459] ACRT
[01:56:03] [93/459] GCBA
[01:56:04] [94/459] GTCP
[01:56:05] [95/459] AKFC
[01:56:06] [96/459] INCS
[01:56:07] [97/459] SMCK
[01:56:08] [98/459] BRUN
[01:56:08] [99/459] RPPC
[01:56:09] [100/459] PAYD
[01:56:10] [101/459] SVVT
[01:56:11] [102/459] RNCC
[01:56:12] [103/459] PCRC
[01:56:13] [104/459] PMRM
[01:56:14] [105/459] CCRP
[01:56:15] [106/459] INCR
[01:56:16] [107/459] ZTMP
[01:56:17] [108/459] MCNR
[01:56:17] [109/459] INRP
[01:56:18] [110/459] STRC
[01:56:19] [111/459] RATI
[01:56:20] [112/459] PBTR
[01:56:20] [113/459] CMHP
[01:56:21] [114/459] ZECJ
[01:56:22] [115/459] CCCB
[01:56:23] [116/459] BWCB
[01:56:24] [117/459] CCAT
[01:56:25] [118/459] KGCM
[01:56:26] [119/459] INPT
[01:56:27] [120/459] FNCO
[01:56:28] [121/459] SRMJ
[01:56:28] [122/459] PFSC
[01:56:29] [123/459] PBMC
[01:56:30] [124/459] KARP
[01:56:31] [125/459] KOVI
[01:56:31] [126/459] ACXL
[01:56:33] [127/459] GKCC
[01:56:34] [128/459] ASCC
[01:56:35] [129/459] SETC
[01:56:35] [130/459] KACC
[01:56:36] [131/459] KAVE
[01:56:37] [132/459] CNTC
[01:56:37] [133/459] MEEN
[01:56:38] [134/459] BMRV
[01:56:39] [135/459] SVAM
[01:56:40] [136/459] VTBP
[01:56:41] [137/459] VCKN
[01:56:42] [138/459] SGTK
[01:56:42] [139/459] RCGS
[01:56:43] [140/459] RCCB
[01:56:44] [141/459] RKSR
[01:56:45] [142/459] RKCU
[01:56:46] [143/459] GIBH
[01:56:47] [144/459] CXBS
[01:56:48] [145/459] GGCB
[01:56:48] [146/459] SCPB
[01:56:49] [147/459] AKTB
[01:56:50] [148/459] SRBU
[01:56:51] [149/459] CSSA
[01:56:52] [150/459] MYAN
[01:56:53] [151/459] EXCA
[01:56:54] [152/459] CKSA
[01:56:54] [153/459] JTNM
[01:56:55] [154/459] CXKT
[01:56:56] [155/459] NCLM
[01:56:57] [156/459] JAAD
[01:56:58] [157/459] RDCR
[01:56:59] [158/459] MEER
[01:57:00] [159/459] SIBT
[01:57:01] [160/459] PVVB
[01:57:02] [161/459] FNPN
[01:57:03] [162/459] CRPX
[01:57:04] [163/459] STET
[01:57:04] [164/459] METE
[01:57:05] [165/459] BJML
[01:57:06] [166/459] MAVT
[01:57:07] [167/459] MSRM
[01:57:08] [168/459] TJMP
[01:57:09] [169/459] MHCK
[01:57:10] [170/459] SVGP
[01:57:11] [171/459] KRRC
[01:57:11] [172/459] IMCH
[01:57:12] [173/459] CMCS
[01:57:13] [174/459] SGND
[01:57:14] [175/459] RNAT
[01:57:15] [176/459] PRTN
[01:57:15] [177/459] MPTN
[01:57:16] [178/459] ARCC
[01:57:17] [179/459] NTTE
[01:57:18] [180/459] ABND
[01:57:19] [181/459] KCSN
[01:57:20] [182/459] KCSA
[01:57:20] [183/459] DCKT
[01:57:21] [184/459] MBBR
[01:57:22] [185/459] RAMU
[01:57:23] [186/459] RACW
[01:57:24] [187/459] MCHP
[01:57:25] [188/459] TMHM
[01:57:26] [189/459] STXH
[01:57:27] [190/459] AGSG
[01:57:27] [191/459] SIRA
[01:57:28] [192/459] RCAN
[01:57:29] [193/459] CWTB
[01:57:31] [194/459] VTYM
[01:57:32] [195/459] RRPP
[01:57:32] [196/459] ASMR
[01:57:33] [197/459] RONO
[01:57:34] [198/459] MEMR
[01:57:35] [199/459] CTMR
[01:57:36] [200/459] PMTT
[01:57:36] [201/459] PSLX
[01:57:37] [202/459] IPPL
[01:57:38] [203/459] MMSG
[01:57:40] [204/459] INEL
[01:57:41] [205/459] COAC
[01:57:41] [206/459] WVLK
[01:57:43] [207/459] PPXL
[01:57:44] [208/459] PSML
[01:57:45] [209/459] FNLK
[01:57:46] [210/459] ILUM
[01:57:47] [211/459] ILCM
[01:57:48] [212/459] MSNL
[01:57:50] [213/459] VINB
[01:57:50] [214/459] SALW
[01:57:51] [215/459] PRTB
[01:57:52] [216/459] NCIL
[01:57:53] [217/459] PSUL
[01:57:54] [218/459] SCLK
[01:57:55] [219/459] ADDC
[01:57:56] [220/459] OACL
[01:57:56] [221/459] OOCF
[01:57:57] [222/459] GPMF
[01:57:59] [223/459] SSDG
[01:58:00] [224/459] SKRS
[01:58:01] [225/459] NTTP
[01:58:02] [226/459] SLTP
[01:58:02] [227/459] JTLC
[01:58:03] [228/459] POON
[01:58:04] [229/459] CCPC
[01:58:05] [230/459] DCKC
[01:58:06] [231/459] CPRT
[01:58:06] [232/459] EYHZ
[01:58:07] [233/459] ARBL
[01:58:08] [234/459] SBTB
[01:58:09] [235/459] MMCK
[01:58:11] [236/459] PLMR
[01:58:11] [237/459] BIJH
[01:58:12] [238/459] SDRT
[01:58:13] [239/459] PRDC
[01:58:14] [240/459] OMJA
[01:58:14] [241/459] VKCR
[01:58:15] [242/459] ATRT
[01:58:16] [243/459] WVRP
[01:58:17] [244/459] MVRP
[01:58:18] [245/459] FCAX
[01:58:19] [246/459] CTLC
[01:58:20] [247/459] JCHB
[01:58:21] [248/459] SELP
[01:58:22] [249/459] VCPG
[01:58:23] [250/459] ASCX
[01:58:24] [251/459] EOCS
[01:58:25] [252/459] RCPH
[01:58:26] [253/459] RJTM
[01:58:27] [254/459] SGMD
[01:58:28] [255/459] SVJT
[01:58:30] [256/459] SPPO
[01:58:31] [257/459] MNRL
[01:58:31] [258/459] KNOX
[01:58:32] [259/459] GIER
[01:58:32] [260/459] PJMS
[01:58:33] [261/459] UNSP
[01:58:34] [262/459] JETP
[01:58:35] [263/459] VTWA
[01:58:36] [264/459] SCJI
[01:58:37] [265/459] CBZZ
[01:58:38] [266/459] SDCJ
[01:58:40] [267/459] RRCC
[01:58:40] [268/459] VNKG
[01:58:41] [269/459] LKTO
[01:58:42] [270/459] PJRM
[01:58:43] [271/459] NVRM
[01:58:44] [272/459] SJCS
[01:58:44] [273/459] VIGK
[01:58:45] [274/459] ANST
[01:58:46] [275/459] JTTS
[01:58:47] [276/459] NTST
[01:58:48] [277/459] PREB
[01:58:49] [278/459] TSCZ
[01:58:50] [279/459] CDCM
[01:58:50] [280/459] ELYE
[01:58:52] [281/459] INBS
[01:58:52] [282/459] SMGC
[01:58:53] [283/459] UTMP
[01:58:54] [284/459] INTA
[01:58:55] [285/459] OMPT
[01:58:56] [286/459] SCIR
[01:58:57] [287/459] GCKJ
[01:58:58] [288/459] INOG
[01:58:59] [289/459] SMGB
[01:59:00] [290/459] MCSG
[01:59:01] [291/459] STKG
[01:59:02] [292/459] TTKG
[01:59:02] [293/459] SRTR
[01:59:03] [294/459] ETTR
[01:59:04] [295/459] GGGZ
[01:59:05] [296/459] IPGM
[01:59:06] [297/459] FCDH
[01:59:06] [298/459] DESB
[01:59:07] [299/459] VNTP
[01:59:08] [300/459] ANNT
[01:59:09] [301/459] SLTI
[01:59:09] [302/459] MAJU
[01:59:11] [303/459] JCXP
[01:59:12] [304/459] HARK
[01:59:12] [305/459] JPCJ
[01:59:13] [306/459] RXBD
[01:59:14] [307/459] PTKJ
[01:59:15] [308/459] CMTU
[01:59:16] [309/459] SWOR
[01:59:17] [310/459] JMEX
[01:59:18] [311/459] DTPT
[01:59:18] [312/459] VGMM
[01:59:19] [313/459] VCSG
[01:59:20] [314/459] CVCG
[01:59:21] [315/459] TNTT
[01:59:22] [316/459] SHRM
[01:59:23] [317/459] CGKD
[01:59:24] [318/459] EKCM
[01:59:24] [319/459] SDCX
[01:59:25] [320/459] SBTE
[01:59:26] [321/459] STKJ
[01:59:27] [322/459] TPCE
[01:59:28] [323/459] JTNP
[01:59:29] [324/459] LPCH
[01:59:30] [325/459] CPUO
[01:59:30] [326/459] APSU
[01:59:31] [327/459] RTHC
[01:59:32] [328/459] PTBU
[01:59:33] [329/459] CUCC
[01:59:34] [330/459] CPSA
[01:59:34] [331/459] SUAY
[01:59:35] [332/459] AYAA
[01:59:36] [333/459] MUCH
[01:59:37] [334/459] PCIN
[01:59:38] [335/459] JRRM
[01:59:38] [336/459] KATS
[01:59:39] [337/459] MHFF
[01:59:40] [338/459] ESYM
[01:59:41] [339/459] STYV
[01:59:41] [340/459] SDKG
[01:59:42] [341/459] SMTI
[01:59:44] [342/459] NYCS
[01:59:45] [343/459] MTBG
[01:59:46] [344/459] RHCA
[01:59:46] [345/459] PCKH
[01:59:47] [346/459] ARCR
[01:59:48] [347/459] NCMB
[01:59:49] [348/459] SHYC
[01:59:50] [349/459] LACK
[01:59:51] [350/459] MTCM
[01:59:51] [351/459] RRBN
[01:59:52] [352/459] MYDC
[01:59:53] [353/459] STCS
[01:59:54] [354/459] CONN
[01:59:54] [355/459] SIPS
[01:59:55] [356/459] SMMX
[01:59:56] [357/459] SCBY
[01:59:57] [358/459] SUAP
[01:59:58] [359/459] RSMK
[01:59:59] [360/459] STKP
[02:00:00] [361/459] CIPC
[02:00:00] [362/459] KKCI
[02:00:01] [363/459] CTNK
[02:00:02] [364/459] MMTZ
[02:00:03] [365/459] DCCO
[02:00:03] [366/459] VNMN
[02:00:04] [367/459] RLCN
[02:00:05] [368/459] CMMS
[02:00:06] [369/459] AYOU
[02:00:07] [370/459] SSCN
[02:00:07] [371/459] SMXN
[02:00:08] [372/459] ASSK
[02:00:09] [373/459] VCKM
[02:00:10] [374/459] PCPH
[02:00:10] [375/459] PADM
[02:00:11] [376/459] IESA
[02:00:12] [377/459] VCSP
[02:00:14] [378/459] AEST
[02:00:14] [379/459] VTNR
[02:00:15] [380/459] GTTA
[02:00:16] [381/459] CMMM
[02:00:17] [382/459] AHKT
[02:00:18] [383/459] SIJI
[02:00:19] [384/459] VCEI
[02:00:19] [385/459] SAKR
[02:00:20] [386/459] VSMT
[02:00:21] [387/459] SSCT
[02:00:22] [388/459] USTR
[02:00:23] [389/459] MTKT
[02:00:23] [390/459] TGMP
[02:00:24] [391/459] SIVC
[02:00:25] [392/459] KICT
[02:00:26] [393/459] DAMD
[02:00:27] [394/459] CNPT
[02:00:28] [395/459] RVTT
[02:00:29] [396/459] SNCM
[02:00:30] [397/459] GHTE
[02:00:31] [398/459] PPAM
[02:00:31] [399/459] PVAA
[02:00:32] [400/459] CPAO
[02:00:33] [401/459] HAMD
[02:00:34] [402/459] RCCA
[02:00:35] [403/459] MPCH
[02:00:36] [404/459] ARED
[02:00:37] [405/459] RRCV
[02:00:38] [406/459] MTRB
[02:00:39] [407/459] CKUA
[02:00:39] [408/459] ABMP
[02:00:40] [409/459] RCWA
[02:00:41] [410/459] CGAR
[02:00:42] [411/459] METH
[02:00:43] [412/459] WAGA
[02:00:44] [413/459] MCMA
[02:00:45] [414/459] CSMP
[02:00:46] [415/459] RCNK
[02:00:47] [416/459] PSTM
[02:00:48] [417/459] CSEP
[02:00:49] [418/459] AMGD
[02:00:49] [419/459] CSTE
[02:00:51] [420/459] CONS
[02:00:52] [421/459] APPX
[02:00:53] [422/459] MABC
[02:00:54] [423/459] CXST
[02:00:54] [424/459] MATN
[02:00:55] [425/459] MACZ
[02:00:57] [426/459] MASA
[02:00:58] [427/459] MBSX
[02:00:59] [428/459] CSST
[02:01:00] [429/459] APCL
[02:01:01] [430/459] CGOS
[02:01:02] [431/459] CPEC
[02:01:03] [432/459] MCCP
[02:01:04] [433/459] BSSO
[02:01:05] [434/459] SJKA
[02:01:06] [435/459] CGBO
[02:01:07] [436/459] MVSK
[02:01:07] [437/459] HVCA
[02:01:08] [438/459] NAMD
[02:01:09] [439/459] DEVI
[02:01:10] [440/459] SCSV
[02:01:12] [441/459] PSMA
[02:01:13] [442/459] CLDJ
[02:01:13] [443/459] NMAD
[02:01:14] [444/459] CGMO
[02:01:15] [445/459] MCNA
[02:01:16] [446/459] OCBN
[02:01:16] [447/459] CPEM
[02:01:17] [448/459] CPSM
[02:01:18] [449/459] RCAD
[02:01:19] [450/459] CPMU
[02:01:20] [451/459] DICD
[02:01:20] [452/459] CHOE
[02:01:21] [453/459] PDJM
[02:01:22] [454/459] SSTU
[02:01:23] [455/459] VNRN
[02:01:24] [456/459] PVLG
[02:01:24] [457/459] SWBL
[02:01:25] [458/459] SCAB
[02:01:26] [459/459] RDDA
[02:01:27] ✅ DONE | Shows=0 | Movies=0
