[00:01:22] 🚀 BMS DAILY TRACKER STARTED
[00:01:22] [1/459] MBDC
[00:01:22] 🧠 New identity
[00:01:23] [2/459] CHKM
[00:01:24] [3/459] JTKZ
[00:01:25] [4/459] CMCT
[00:01:26] [5/459] ASHO
[00:01:27] [6/459] ECDG
[00:01:28] [7/459] SPAT
[00:01:28] [8/459] HILC
[00:01:29] [9/459] SPPH
[00:01:30] [10/459] SBHN
[00:01:31] [11/459] RRCA
[00:01:32] [12/459] APAA
[00:01:33] [13/459] RAME
[00:01:34] [14/459] TMMS
[00:01:34] [15/459] BATK
[00:01:36] [16/459] LKOP
[00:01:37] [17/459] AMTT
[00:01:37] [18/459] PTGK
[00:01:38] [19/459] ANRS
[00:01:39] [20/459] VWBW
[00:01:40] [21/459] SVFG
[00:01:41] [22/459] STAT
[00:01:42] [23/459] GDCV
[00:01:43] [24/459] VEBI
[00:01:43] [25/459] VDSS
[00:01:44] [26/459] NTHV
[00:01:45] [27/459] AOCH
[00:01:46] [28/459] KASR
[00:01:47] [29/459] AYCS
[00:01:47] [30/459] SHAI
[00:01:48] [31/459] SKPE
[00:01:49] [32/459] SBTA
[00:01:50] [33/459] RTTD
[00:01:51] [34/459] CCJD
[00:01:51] [35/459] RSJJ
[00:01:52] [36/459] RKND
[00:01:53] [37/459] SVTX
[00:01:54] [38/459] BAKM
[00:01:55] [39/459] SVDC
[00:01:56] [40/459] MNCV
[00:01:56] [41/459] SJGC
[00:01:57] [42/459] MTPK
[00:01:58] [43/459] GATP
[00:01:59] [44/459] ABTS
[00:02:00] [45/459] ABDE
[00:02:00] [46/459] RCNM
[00:02:01] [47/459] KTHV
[00:02:02] [48/459] MDGJ
[00:02:03] [49/459] SMLM
[00:02:04] [50/459] JTMA
[00:02:04] [51/459] ACKP
[00:02:05] [52/459] SRTA
[00:02:07] [53/459] STAY
[00:02:07] [54/459] MAVO
[00:02:08] [55/459] APTS
[00:02:09] [56/459] OMEA
[00:02:10] [57/459] TTFD
[00:02:11] [58/459] MJCU
[00:02:11] [59/459] CXTE
[00:02:12] [60/459] CTPX
[00:02:13] [61/459] ASSL
[00:02:14] [62/459] CMVB
[00:02:15] [63/459] VPUR
[00:02:16] [64/459] JJDA
[00:02:16] [65/459] INBL
[00:02:17] [66/459] BIKB
[00:02:18] [67/459] NTBB
[00:02:19] [68/459] GLOB
[00:02:20] [69/459] SNTB
[00:02:20] [70/459] CHGV
[00:02:21] [71/459] SSBZ
[00:02:22] [72/459] PRDB
[00:02:24] [73/459] ISMT
[00:02:26] [74/459] MCSD
[00:02:26] [75/459] JBTT
[00:02:27] [76/459] GEKR
[00:02:28] [77/459] PVUN
[00:02:29] [78/459] NRTB
[00:02:30] [79/459] PRAA
[00:02:30] [80/459] PCBL
[00:02:31] [81/459] PTCM
[00:02:32] [82/459] KHNN
[00:02:33] [83/459] OMJE
[00:02:34] [84/459] STGN
[00:02:34] [85/459] RPMS
[00:02:35] [86/459] NWAD
[00:02:36] [87/459] BLCK
[00:02:37] [88/459] SVAA
[00:02:38] [89/459] URVM
[00:02:38] [90/459] ANTM
[00:02:39] [91/459] VJYM
[00:02:40] [92/459] MAZZ
[00:02:41] [93/459] CSHM
[00:02:42] [94/459] WGMH
[00:02:42] [95/459] SALN
[00:02:43] [96/459] BRTP
[00:02:44] [97/459] SVTA
[00:02:46] [98/459] SBTP
[00:02:47] [99/459] VLSS
[00:02:47] [100/459] SRJA
[00:02:48] [101/459] ANCG
[00:02:49] [102/459] CGGC
[00:02:50] [103/459] CRJA
[00:02:51] [104/459] USCR
[00:02:52] [105/459] MMEF
[00:02:53] [106/459] JCRJ
[00:02:54] [107/459] ADCM
[00:02:55] [108/459] BMYK
[00:02:56] [109/459] KICS
[00:02:57] [110/459] MBBT
[00:02:57] [111/459] MACK
[00:02:58] [112/459] CLDR
[00:02:59] [113/459] JYCR
[00:03:00] [114/459] DCRP
[00:03:01] [115/459] RAHT
[00:03:02] [116/459] CSSM
[00:03:02] [117/459] ATPK
[00:03:03] [118/459] KLRT
[00:03:04] [119/459] SRDD
[00:03:05] [120/459] CKMC
[00:03:06] [121/459] KRVM
[00:03:07] [122/459] AKCP
[00:03:08] [123/459] CNCV
[00:03:08] [124/459] PACT
[00:03:09] [125/459] NATP
[00:03:10] [126/459] PCPK
[00:03:11] [127/459] SMHO
[00:03:12] [128/459] CWTK
[00:03:13] [129/459] RVKZ
[00:03:15] [130/459] ASPD
[00:03:16] [131/459] VTKZ
[00:03:17] [132/459] LCSO
[00:03:18] [133/459] PRDY
[00:03:18] [134/459] RCAP
[00:03:19] [135/459] RGAR
[00:03:20] [136/459] RCAC
[00:03:21] [137/459] PMOD
[00:03:22] [138/459] PVCN
[00:03:22] [139/459] SCRZ
[00:03:23] [140/459] PVPC
[00:03:24] [141/459] STID
[00:03:25] [142/459] NEDD
[00:03:26] [143/459] BNBA
[00:03:27] [144/459] NTCD
[00:03:28] [145/459] OCDE
[00:03:28] [146/459] CCDU
[00:03:29] [147/459] CRXH
[00:03:30] [148/459] VLVT
[00:03:31] [149/459] CICI
[00:03:31] [150/459] SUCB
[00:03:32] [151/459] TCBP
[00:03:33] [152/459] SCCY
[00:03:34] [153/459] LXCY
[00:03:35] [154/459] NCMD
[00:03:36] [155/459] PHCS
[00:03:37] [156/459] DUXR
[00:03:37] [157/459] VNKS
[00:03:38] [158/459] SEDP
[00:03:39] [159/459] SVEN
[00:03:40] [160/459] SRKM
[00:03:40] [161/459] JTLT
[00:03:41] [162/459] SVSS
[00:03:42] [163/459] AMDE
[00:03:43] [164/459] WVRN
[00:03:44] [165/459] ISMG
[00:03:45] [166/459] WVKS
[00:03:46] [167/459] USCG
[00:03:47] [168/459] IOTG
[00:03:48] [169/459] RRJM
[00:03:49] [170/459] EDMP
[00:03:50] [171/459] SCGZ
[00:03:51] [172/459] GMGX
[00:03:52] [173/459] OMTP
[00:03:53] [174/459] MITD
[00:03:54] [175/459] SMMD
[00:03:55] [176/459] STML
[00:03:56] [177/459] MCFS
[00:03:56] [178/459] FPKA
[00:03:57] [179/459] OMLR
[00:03:58] [180/459] KKSC
[00:03:59] [181/459] RVMA
[00:03:59] [182/459] SCLL
[00:04:00] [183/459] SCDK
[00:04:01] [184/459] SXMI
[00:04:02] [185/459] SHDN
[00:04:03] [186/459] PAAD
[00:04:04] [187/459] UUCB
[00:04:05] [188/459] JHOL
[00:04:06] [189/459] SGWT
[00:04:07] [190/459] SRII
[00:04:07] [191/459] SGCK
[00:04:08] [192/459] SVVB
[00:04:09] [193/459] DMHA
[00:04:10] [194/459] PPNL
[00:04:10] [195/459] CPNL
[00:04:11] [196/459] WVLD
[00:04:12] [197/459] PSLV
[00:04:13] [198/459] VTTL
[00:04:14] [199/459] NPAD
[00:04:15] [200/459] PVCS
[00:04:16] [201/459] MCHL
[00:04:16] [202/459] PPLL
[00:04:17] [203/459] MALO
[00:04:18] [204/459] SWBH
[00:04:18] [205/459] PUGB
[00:04:19] [206/459] INBB
[00:04:20] [207/459] INNS
[00:04:21] [208/459] MCPT
[00:04:22] [209/459] SCMI
[00:04:23] [210/459] OCON
[00:04:23] [211/459] SCSM
[00:04:24] [212/459] RJVN
[00:04:25] [213/459] AMDK
[00:04:26] [214/459] ISMR
[00:04:26] [215/459] SMTD
[00:04:27] [216/459] VTDD
[00:04:28] [217/459] PDDZ
[00:04:29] [218/459] PCCK
[00:04:30] [219/459] INAM
[00:04:31] [220/459] FNKT
[00:04:32] [221/459] GDKA
[00:04:33] [222/459] MAYU
[00:04:34] [223/459] TCGU
[00:04:36] [224/459] KDCA
[00:04:37] [225/459] DOMY
[00:04:38] [226/459] PDDD
[00:04:39] [227/459] BJTS
[00:04:40] [228/459] VTCA
[00:04:41] [229/459] SBTM
[00:04:43] [230/459] SEET
[00:04:43] [231/459] SSTJ
[00:04:44] [232/459] SVNT
[00:04:46] [233/459] PPPR
[00:04:47] [234/459] PVYS
[00:04:48] [235/459] IOSE
[00:04:49] [236/459] ACTV
[00:04:50] [237/459] APVE
[00:04:51] [238/459] TCCL
[00:04:51] [239/459] SCMO
[00:04:53] [240/459] SAUM
[00:04:54] [241/459] KCJS
[00:04:55] [242/459] NJCJ
[00:04:56] [243/459] NECF
[00:04:56] [244/459] CCGW
[00:04:57] [245/459] CCMG
[00:04:58] [246/459] NYRG
[00:04:59] [247/459] NCSQ
[00:05:00] [248/459] GRCG
[00:05:01] [249/459] CCBT
[00:05:01] [250/459] ACGA
[00:05:02] [251/459] INAG
[00:05:03] [252/459] FUCG
[00:05:04] [253/459] AICF
[00:05:05] [254/459] GRGA
[00:05:06] [255/459] GDCN
[00:05:07] [256/459] RRCG
[00:05:07] [257/459] SDCH
[00:05:08] [258/459] WVJM
[00:05:09] [259/459] JCCZ
[00:05:10] [260/459] CNCL
[00:05:11] [261/459] TMLV
[00:05:11] [262/459] MEMB
[00:05:12] [263/459] SGTD
[00:05:13] [264/459] CONX
[00:05:14] [265/459] CCMH
[00:05:14] [266/459] ACMC
[00:05:16] [267/459] DTPD
[00:05:17] [268/459] POJA
[00:05:18] [269/459] FNBH
[00:05:19] [270/459] CGCB
[00:05:20] [271/459] RACN
[00:05:20] [272/459] JTSM
[00:05:21] [273/459] SCDN
[00:05:22] [274/459] AACK
[00:05:23] [275/459] RMCE
[00:05:24] [276/459] BSGB
[00:05:24] [277/459] MRCB
[00:05:25] [278/459] SRVR
[00:05:26] [279/459] VTKK
[00:05:27] [280/459] AMST
[00:05:28] [281/459] APCY
[00:05:29] [282/459] LMHO
[00:05:30] [283/459] MTZH
[00:05:31] [284/459] AMZB
[00:05:32] [285/459] SUVT
[00:05:33] [286/459] RCIP
[00:05:33] [287/459] KESR
[00:05:34] [288/459] SNKC
[00:05:35] [289/459] SCED
[00:05:35] [290/459] DVCA
[00:05:37] [291/459] VCDT
[00:05:39] [292/459] RRDI
[00:05:39] [293/459] DFCH
[00:05:40] [294/459] INSC
[00:05:41] [295/459] RGTR
[00:05:42] [296/459] FMOT
[00:05:43] [297/459] SCPM
[00:05:43] [298/459] GCDT
[00:05:44] [299/459] BRKT
[00:05:46] [300/459] DEMP
[00:05:46] [301/459] SRLC
[00:05:47] [302/459] KSTT
[00:05:48] [303/459] SMMT
[00:05:49] [304/459] SILM
[00:05:50] [305/459] JCVM
[00:05:51] [306/459] KCSV
[00:05:52] [307/459] MHLK
[00:05:52] [308/459] SLVL
[00:05:53] [309/459] RJKP
[00:05:54] [310/459] BBPC
[00:05:55] [311/459] MXCB
[00:05:56] [312/459] TCPK
[00:05:56] [313/459] RTBR
[00:05:57] [314/459] GAUT
[00:05:58] [315/459] DVCF
[00:05:59] [316/459] JTSB
[00:05:59] [317/459] SBLS
[00:06:01] [318/459] UDAY
[00:06:02] [319/459] PTNP
[00:06:02] [320/459] DMKT
[00:06:03] [321/459] NTDT
[00:06:04] [322/459] SHDJ
[00:06:05] [323/459] OTNC
[00:06:06] [324/459] RNTW
[00:06:07] [325/459] GCMI
[00:06:08] [326/459] CRCM
[00:06:08] [327/459] NNCZ
[00:06:09] [328/459] OEMO
[00:06:10] [329/459] PVJM
[00:06:11] [330/459] CPJI
[00:06:12] [331/459] RMCJ
[00:06:13] [332/459] CNWJ
[00:06:14] [333/459] EPJM
[00:06:14] [334/459] FNJJ
[00:06:16] [335/459] GCMJ
[00:06:17] [336/459] INPS
[00:06:17] [337/459] BICJ
[00:06:18] [338/459] ISTJ
[00:06:20] [339/459] INJC
[00:06:21] [340/459] GLXJ
[00:06:22] [341/459] INEM
[00:06:22] [342/459] JTMN
[00:06:23] [343/459] FRCJ
[00:06:24] [344/459] DDJP
[00:06:25] [345/459] INJV
[00:06:26] [346/459] GOLC
[00:06:27] [347/459] KOCI
[00:06:28] [348/459] FSTD
[00:06:28] [349/459] PACJ
[00:06:29] [350/459] GMCN
[00:06:30] [351/459] MMDJ
[00:06:32] [352/459] GODH
[00:06:33] [353/459] SKYN
[00:06:34] [354/459] NCTH
[00:06:34] [355/459] SKVZ
[00:06:35] [356/459] SVML
[00:06:36] [357/459] ACVZ
[00:06:37] [358/459] SURA
[00:06:38] [359/459] RTRB
[00:06:39] [360/459] LLCT
[00:06:39] [361/459] ATTS
[00:06:41] [362/459] JYCM
[00:06:42] [363/459] CTKR
[00:06:43] [364/459] LCKR
[00:06:44] [365/459] NYCV
[00:06:45] [366/459] NYOH
[00:06:45] [367/459] NOVX
[00:06:46] [368/459] MRGK
[00:06:47] [369/459] MOON
[00:06:48] [370/459] SBUC
[00:06:49] [371/459] GSVA
[00:06:49] [372/459] VIAK
[00:06:50] [373/459] SMVZ
[00:06:51] [374/459] MATE
[00:06:52] [375/459] RDCN
[00:06:53] [376/459] ASBL
[00:06:54] [377/459] ASVS
[00:06:54] [378/459] ASSR
[00:06:55] [379/459] SSKN
[00:06:56] [380/459] DRPV
[00:06:57] [381/459] MRHT
[00:06:58] [382/459] BSCN
[00:06:58] [383/459] RKNX
[00:06:59] [384/459] MSMC
[00:07:00] [385/459] MSCJ
[00:07:01] [386/459] BTBJ
[00:07:02] [387/459] MJCC
[00:07:02] [388/459] IOMM
[00:07:03] [389/459] ADGR
[00:07:05] [390/459] MYCP
[00:07:05] [391/459] IGCM
[00:07:06] [392/459] PGRK
[00:07:07] [393/459] VPGO
[00:07:08] [394/459] KOMS
[00:07:09] [395/459] URGG
[00:07:09] [396/459] GOST
[00:07:10] [397/459] LACT
[00:07:11] [398/459] BWCM
[00:07:12] [399/459] NCCW
[00:07:13] [400/459] SKYC
[00:07:13] [401/459] CCPM
[00:07:14] [402/459] VCBT
[00:07:15] [403/459] SDKR
[00:07:15] [404/459] CTYB
[00:07:17] [405/459] SHCX
[00:07:18] [406/459] RCUN
[00:07:18] [407/459] CNRA
[00:07:19] [408/459] RFCA
[00:07:20] [409/459] RDCU
[00:07:21] [410/459] SARK
[00:07:22] [411/459] SPPP
[00:07:23] [412/459] ADMB
[00:07:24] [413/459] JYOE
[00:07:24] [414/459] SRMD
[00:07:25] [415/459] RJDH
[00:07:26] [416/459] SSTD
[00:07:27] [417/459] AACV
[00:07:28] [418/459] PPVD
[00:07:29] [419/459] STCP
[00:07:30] [420/459] ANJR
[00:07:30] [421/459] ANLS
[00:07:31] [422/459] BIJO
[00:07:32] [423/459] AVAB
[00:07:32] [424/459] SPMD
[00:07:33] [425/459] SVJL
[00:07:34] [426/459] SDDJ
[00:07:35] [427/459] SLTU
[00:07:36] [428/459] SAKA
[00:07:37] [429/459] PMAM
[00:07:37] [430/459] FNAM
[00:07:38] [431/459] ACAM
[00:07:39] [432/459] SCMM
[00:07:40] [433/459] PMAK
[00:07:41] [434/459] NYSA
[00:07:42] [435/459] FCPA
[00:07:43] [436/459] GDAN
[00:07:44] [437/459] RSCA
[00:07:45] [438/459] DMAN
[00:07:46] [439/459] DZCM
[00:07:46] [440/459] NSGL
[00:07:47] [441/459] CCPP
[00:07:48] [442/459] PSMG
[00:07:50] [443/459] GSER
[00:07:50] [444/459] FCCT
[00:07:51] [445/459] FCTB
[00:07:53] [446/459] LCNK
[00:07:54] [447/459] SKTY
[00:07:55] [448/459] INAA
[00:07:55] [449/459] RCWN
[00:07:56] [450/459] VAIS
[00:07:57] [451/459] CVMN
[00:07:58] [452/459] INTS
[00:07:59] [453/459] FRGS
[00:08:00] [454/459] DTCK
[00:08:00] [455/459] MCMH
[00:08:01] [456/459] ECRR
[00:08:02] [457/459] RLLP
[00:08:04] [458/459] CCSN
[00:08:04] [459/459] CCBA
[00:08:05] ✅ DONE | Shows=0 | Movies=0
