[09:33:44] 🚀 SCRIPT STARTED
[09:33:44] [1/445] TGMR
[09:33:44] 🧠 New identity created
[09:33:45] [2/445] CXKR
[09:33:46] [3/445] SROP
[09:33:47] [4/445] GTSV
[09:33:48] [5/445] SNTY
[09:33:49] [6/445] SMYY
[09:33:50] [7/445] CNCS
[09:33:51] [8/445] CSTM
[09:33:53] [9/445] NUCD
[09:33:54] [10/445] SHCZ
[09:33:54] [11/445] NJCT
[09:33:55] [12/445] COPC
[09:33:57] [13/445] STVV
[09:33:58] [14/445] SKRN
[09:34:00] [15/445] APPZ
[09:34:01] [16/445] YMGN
[09:34:02] [17/445] SVTU
[09:34:02] [18/445] GTAD
[09:34:03] [19/445] PSUS
[09:34:04] [20/445] SMCD
[09:34:05] [21/445] CMCM
[09:34:05] [22/445] SYCT
[09:34:07] [23/445] STLY
[09:34:08] [24/445] CMHU
[09:34:09] [25/445] CMSA
[09:34:10] [26/445] CLCU
[09:34:11] [27/445] PPNT
[09:34:11] [28/445] JTAB
[09:34:12] [29/445] BUUC
[09:34:13] [30/445] BSVK
[09:34:14] [31/445] VVVQ
[09:34:15] [32/445] TKMU
[09:34:16] [33/445] ESYL
[09:34:17] [34/445] ACHP
[09:34:18] [35/445] BTKD
[09:34:19] [36/445] DESA
[09:34:20] [37/445] GBCT
[09:34:22] [38/445] BLLD
[09:34:23] [39/445] SKNT
[09:34:24] [40/445] SSTE
[09:34:25] [41/445] VJMR
[09:34:26] [42/445] NTPU
[09:34:26] [43/445] RDKN
[09:34:27] [44/445] ADGC
[09:34:28] [45/445] VRBP
[09:34:29] [46/445] NMNA
[09:34:30] [47/445] CMMX
[09:34:31] [48/445] PTKO
[09:34:33] [49/445] RBML
[09:34:33] [50/445] SAIC
[09:34:34] [51/445] SVTJ
[09:34:35] [52/445] MRTE
[09:34:36] [53/445] RBTP
[09:34:36] [54/445] NLPS
[09:34:37] [55/445] GTNA
[09:34:39] [56/445] DGGC
[09:34:40] [57/445] SMCR
[09:34:41] [58/445] SCGD
[09:34:42] [59/445] SRRJ
[09:34:43] [60/445] CNRY
[09:34:43] [61/445] KTDI
[09:34:44] [62/445] SNJL
[09:34:45] [63/445] RKMD
[09:34:46] [64/445] SMDC
[09:34:48] [65/445] TADG
[09:34:50] [66/445] MCGS
[09:34:50] [67/445] PETK
[09:34:51] [68/445] CHAG
[09:34:52] [69/445] KSTL
[09:34:53] [70/445] AADS
[09:34:54] [71/445] NTHZ
[09:34:56] [72/445] HCKI
[09:34:57] [73/445] SSEF
[09:34:58] [74/445] MCGX
[09:34:58] [75/445] ERRA
[09:34:59] [76/445] SDTW
[09:35:00] [77/445] RMPK
[09:35:01] [78/445] PTHK
[09:35:02] [79/445] PXCS
[09:35:02] [80/445] SVLU
[09:35:04] [81/445] STAH
[09:35:05] [82/445] JRGF
[09:35:06] [83/445] CDOK
[09:35:07] [84/445] CMSG
[09:35:07] [85/445] APTD
[09:35:08] [86/445] KMPG
[09:35:09] [87/445] MUTJ
[09:35:10] [88/445] VCCI
[09:35:11] [89/445] URBE
[09:35:12] [90/445] TCTS
[09:35:13] [91/445] STSN
[09:35:14] [92/445] AKCH
[09:35:15] [93/445] APSC
[09:35:15] [94/445] VLTB
[09:35:16] [95/445] SANU
[09:35:18] [96/445] AXAM
[09:35:18] [97/445] MGMG
[09:35:19] [98/445] HTBY
[09:35:20] [99/445] MMZS
[09:35:21] [100/445] SUDR
[09:35:22] [101/445] CCAD
[09:35:22] [102/445] SKKC
[09:35:23] [103/445] RMCD
[09:35:25] [104/445] SBCQ
[09:35:26] [105/445] DCCT
[09:35:27] [106/445] VTKP
[09:35:27] [107/445] MLAM
[09:35:28] [108/445] SAVT
[09:35:30] [109/445] GEPL
[09:35:31] [110/445] AMCD
[09:35:32] [111/445] CCXR
[09:35:33] [112/445] GRNG
[09:35:34] [113/445] EBCA
[09:35:34] [114/445] CNVG
[09:35:35] [115/445] MWSS
[09:35:36] [116/445] VBOR
[09:35:37] [117/445] NEEB
[09:35:39] [118/445] SUTH
[09:35:39] [119/445] ANDB
[09:35:40] [120/445] MMXS
[09:35:42] [121/445] CNPD
[09:35:43] [122/445] SDCE
[09:35:44] [123/445] DHCB
[09:35:45] [124/445] ODEN
[09:35:45] [125/445] TNTC
[09:35:46] [126/445] VBKM
[09:35:47] [127/445] RZYM
[09:35:48] [128/445] JEMC
[09:35:48] [129/445] CMAU
[09:35:49] [130/445] SIVP
[09:35:50] [131/445] ATAG
[09:35:52] [132/445] CHTM
[09:35:53] [133/445] AAEE
[09:35:54] [134/445] IWPM
[09:35:55] [135/445] KCMW
[09:35:56] [136/445] MCTD
[09:35:56] [137/445] SPWR
[09:35:57] [138/445] SDPO
[09:35:58] [139/445] PCSK
[09:35:59] [140/445] ACHV
[09:36:00] [141/445] SVLA
[09:36:01] [142/445] PICT
[09:36:02] [143/445] BXDR
[09:36:02] [144/445] SPWA
[09:36:03] [145/445] MCKO
[09:36:04] [146/445] RTHK
[09:36:05] [147/445] CCMF
[09:36:06] [148/445] MRGB
[09:36:07] [149/445] CPLC
[09:36:07] [150/445] RACD
[09:36:08] [151/445] ATKT
[09:36:09] [152/445] SARN
[09:36:10] [153/445] KKUI
[09:36:11] [154/445] RGCM
[09:36:11] [155/445] BRVP
[09:36:12] [156/445] HRSR
[09:36:13] [157/445] GKGM
[09:36:15] [158/445] TTCD
[09:36:16] [159/445] PTTI
[09:36:16] [160/445] MPTT
[09:36:17] [161/445] CVTT
[09:36:18] [162/445] PCXD
[09:36:19] [163/445] GCDC
[09:36:20] [164/445] CCCF
[09:36:21] [165/445] MRAD
[09:36:23] [166/445] CPLK
[09:36:23] [167/445] SATB
[09:36:24] [168/445] SNVG
[09:36:25] [169/445] JMBA
[09:36:26] [170/445] TEJA
[09:36:27] [171/445] STYO
[09:36:28] [172/445] JTBP
[09:36:29] [173/445] KRGD
[09:36:29] [174/445] SLJJ
[09:36:30] [175/445] SPTJ
[09:36:31] [176/445] SWJG
[09:36:32] [177/445] LKRT
[09:36:33] [178/445] KCKA
[09:36:34] [179/445] SNCR
[09:36:34] [180/445] SMKL
[09:36:35] [181/445] GCFA
[09:36:36] [182/445] DDCK
[09:36:37] [183/445] NCHJ
[09:36:38] [184/445] RDMA
[09:36:39] [185/445] SVSV
[09:36:40] [186/445] SCJG
[09:36:41] [187/445] VKLP
[09:36:42] [188/445] NWCC
[09:36:43] [189/445] VKNS
[09:36:44] [190/445] SDDP
[09:36:45] [191/445] ACSI
[09:36:46] [192/445] SATG
[09:36:47] [193/445] SCMW
[09:36:48] [194/445] LKTK
[09:36:49] [195/445] VCKV
[09:36:51] [196/445] KKPE
[09:36:52] [197/445] KIGH
[09:36:52] [198/445] SRPM
[09:36:53] [199/445] SCAH
[09:36:54] [200/445] MUTA
[09:36:55] [201/445] SEPU
[09:36:56] [202/445] INOA
[09:36:57] [203/445] BASK
[09:36:59] [204/445] NECB
[09:37:00] [205/445] GTTG
[09:37:01] [206/445] ASSA
[09:37:02] [207/445] ANCL
[09:37:03] [208/445] GCTI
[09:37:04] [209/445] RCTS
[09:37:05] [210/445] ACNL
[09:37:07] [211/445] MYCT
[09:37:08] [212/445] NMHT
[09:37:09] [213/445] MDIT
[09:37:10] [214/445] LATG
[09:37:11] [215/445] SMTY
[09:37:12] [216/445] CVCT
[09:37:13] [217/445] RAMB
[09:37:14] [218/445] TGMS
[09:37:14] [219/445] BHEL
[09:37:15] [220/445] SHCT
[09:37:16] [221/445] SVCT
[09:37:17] [222/445] MRIY
[09:37:18] [223/445] SARO
[09:37:19] [224/445] STCT
[09:37:20] [225/445] JKKC
[09:37:21] [226/445] PLTT
[09:37:22] [227/445] SRNT
[09:37:23] [228/445] YAST
[09:37:23] [229/445] PERL
[09:37:24] [230/445] CICM
[09:37:25] [231/445] MMTR
[09:37:26] [232/445] ABTK
[09:37:27] [233/445] ATYY
[09:37:28] [234/445] ASTK
[09:37:29] [235/445] VVCK
[09:37:30] [236/445] ATKY
[09:37:31] [237/445] GWEK
[09:37:32] [238/445] SVFH
[09:37:33] [239/445] SLTA
[09:37:34] [240/445] AASH
[09:37:34] [241/445] ACXB
[09:37:35] [242/445] SMTX
[09:37:36] [243/445] AZDH
[09:37:37] [244/445] CMMH
[09:37:38] [245/445] SCSZ
[09:37:39] [246/445] SCKP
[09:37:39] [247/445] NXTM
[09:37:40] [248/445] NWCS
[09:37:41] [249/445] CXMH
[09:37:42] [250/445] PCMA
[09:37:43] [251/445] SGCM
[09:37:43] [252/445] SDTU
[09:37:44] [253/445] MMVI
[09:37:45] [254/445] JKCM
[09:37:46] [255/445] VCMM
[09:37:47] [256/445] SYEE
[09:37:48] [257/445] VASD
[09:37:50] [258/445] BDRB
[09:37:50] [259/445] LASM
[09:37:51] [260/445] DCRL
[09:37:53] [261/445] DVPM
[09:37:54] [262/445] SBMJ
[09:37:54] [263/445] CBMU
[09:37:55] [264/445] IUBS
[09:37:56] [265/445] INAP
[09:37:57] [266/445] SRRC
[09:37:58] [267/445] SAGR
[09:37:58] [268/445] CPMJ
[09:38:00] [269/445] ATJL
[09:38:01] [270/445] NNTD
[09:38:02] [271/445] JHCJ
[09:38:02] [272/445] CMMP
[09:38:03] [273/445] RSDR
[09:38:04] [274/445] AMTI
[09:38:06] [275/445] NYSG
[09:38:07] [276/445] AVSG
[09:38:08] [277/445] SYTP
[09:38:09] [278/445] LARC
[09:38:10] [279/445] RJTP
[09:38:11] [280/445] LAKC
[09:38:11] [281/445] MCXE
[09:38:12] [282/445] CCZC
[09:38:13] [283/445] AVCH
[09:38:14] [284/445] CMBE
[09:38:15] [285/445] MRRC
[09:38:16] [286/445] PCPY
[09:38:17] [287/445] SRMH
[09:38:18] [288/445] SVGS
[09:38:18] [289/445] PCSE
[09:38:19] [290/445] SVFT
[09:38:20] [291/445] TNZP
[09:38:21] [292/445] ICTP
[09:38:21] [293/445] ACTZ
[09:38:22] [294/445] GTUR
[09:38:23] [295/445] MAFC
[09:38:24] [296/445] MINL
[09:38:25] [297/445] MRCL
[09:38:26] [298/445] RCRP
[09:38:27] [299/445] RFFG
[09:38:27] [300/445] RMAS
[09:38:28] [301/445] INVR
[09:38:30] [302/445] RMAR
[09:38:31] [303/445] CNIS
[09:38:32] [304/445] RHRJ
[09:38:32] [305/445] INXR
[09:38:33] [306/445] VALT
[09:38:34] [307/445] LCSH
[09:38:35] [308/445] CMVS
[09:38:35] [309/445] CNMS
[09:38:36] [310/445] ROOG
[09:38:37] [311/445] ISRM
[09:38:38] [312/445] RCRM
[09:38:39] [313/445] ACJA
[09:38:40] [314/445] RCVS
[09:38:41] [315/445] CPUS
[09:38:42] [316/445] TGCS
[09:38:43] [317/445] RKCJ
[09:38:44] [318/445] MKSB
[09:38:45] [319/445] TCSJ
[09:38:46] [320/445] RMGP
[09:38:47] [321/445] CLLP
[09:38:48] [322/445] RCMV
[09:38:49] [323/445] CCKS
[09:38:50] [324/445] RSRP
[09:38:51] [325/445] APLP
[09:38:52] [326/445] CNVS
[09:38:53] [327/445] RMVY
[09:38:54] [328/445] PGBD
[09:38:55] [329/445] KLMS
[09:38:56] [330/445] RUST
[09:38:58] [331/445] MASM
[09:38:59] [332/445] BACS
[09:39:00] [333/445] BWST
[09:39:02] [334/445] RRFH
[09:39:02] [335/445] SJTM
[09:39:03] [336/445] BEMR
[09:39:04] [337/445] MCGR
[09:39:05] [338/445] SDSK
[09:39:06] [339/445] VBOL
[09:39:07] [340/445] RMGM
[09:39:08] [341/445] NOPL
[09:39:09] [342/445] MKJK
[09:39:09] [343/445] CVRN
[09:39:10] [344/445] MMEN
[09:39:12] [345/445] AMNG
[09:39:13] [346/445] INTM
[09:39:15] [347/445] SLCZ
[09:39:16] [348/445] AMJN
[09:39:17] [349/445] ACJN
[09:39:18] [350/445] AMKN
[09:39:19] [351/445] BTCN
[09:39:20] [352/445] AMBT
[09:39:21] [353/445] PACN
[09:39:23] [354/445] LCNS
[09:39:24] [355/445] PPKC
[09:39:25] [356/445] JYYN
[09:39:26] [357/445] JTNR
[09:39:27] [358/445] GTEE
[09:39:28] [359/445] SRNM
[09:39:29] [360/445] SDTC
[09:39:30] [361/445] VPCA
[09:39:31] [362/445] VLRA
[09:39:32] [363/445] SHKR
[09:39:33] [364/445] SBKD
[09:39:34] [365/445] SAAD
[09:39:35] [366/445] JTGN
[09:39:36] [367/445] SLAM
[09:39:36] [368/445] VTPM
[09:39:37] [369/445] ANPT
[09:39:39] [370/445] PUNB
[09:39:40] [371/445] CPKT
[09:39:40] [372/445] CNWE
[09:39:41] [373/445] ECPP
[09:39:42] [374/445] CPAR
[09:39:43] [375/445] ESBW
[09:39:43] [376/445] PKPU
[09:39:44] [377/445] CPRP
[09:39:45] [378/445] RAHU
[09:39:46] [379/445] RHMN
[09:39:47] [380/445] FMJP
[09:39:48] [381/445] CTMP
[09:39:49] [382/445] INPN
[09:39:50] [383/445] STTG
[09:39:50] [384/445] CTRD
[09:39:51] [385/445] PUVB
[09:39:52] [386/445] ESVP
[09:39:53] [387/445] CPFT
[09:39:53] [388/445] LCPC
[09:39:55] [389/445] VBCT
[09:39:56] [390/445] FSCW
[09:39:56] [391/445] VCMP
[09:39:57] [392/445] ASHC
[09:39:58] [393/445] VLCX
[09:39:59] [394/445] SHEV
[09:40:00] [395/445] APCO
[09:40:01] [396/445] SILC
[09:40:03] [397/445] SNMR
[09:40:03] [398/445] KYBO
[09:40:04] [399/445] SATK
[09:40:05] [400/445] SSCS
[09:40:06] [401/445] CLSB
[09:40:06] [402/445] KMJR
[09:40:07] [403/445] FSCK
[09:40:08] [404/445] NNKA
[09:40:09] [405/445] CLMK
[09:40:10] [406/445] DMPZ
[09:40:11] [407/445] INQM
[09:40:11] [408/445] CAML
[09:40:12] [409/445] INRK
[09:40:13] [410/445] IMKN
[09:40:14] [411/445] SVNR
[09:40:15] [412/445] INSL
[09:40:15] [413/445] MSMA
[09:40:16] [414/445] MCKK
[09:40:17] [415/445] FCHP
[09:40:18] [416/445] SFCR
[09:40:19] [417/445] NACK
[09:40:20] [418/445] PVAK
[09:40:21] [419/445] INER
[09:40:22] [420/445] RDBK
[09:40:23] [421/445] SVFN
[09:40:23] [422/445] IFRM
[09:40:24] [423/445] ATCK
[09:40:25] [424/445] ASKO
[09:40:26] [425/445] STKT
[09:40:27] [426/445] SVFB
[09:40:28] [427/445] INKS
[09:40:28] [428/445] PCRA
[09:40:29] [429/445] ATJA
[09:40:30] [430/445] IMJN
[09:40:31] [431/445] INHD
[09:40:32] [432/445] BARA
[09:40:33] [433/445] MCSL
[09:40:34] [434/445] RTOY
[09:40:35] [435/445] MENO
[09:40:36] [436/445] PUDM
[09:40:38] [437/445] PRCN
[09:40:38] [438/445] JMJR
[09:40:39] [439/445] SSGK
[09:40:40] [440/445] SSRL
[09:40:41] [441/445] JYKL
[09:40:42] [442/445] ACNB
[09:40:43] [443/445] SONP
[09:40:44] [444/445] EMCI
[09:40:45] [445/445] MRJH
[09:40:46] 🧹 Deduping shows
[09:40:46] ✅ DONE | Shows=116 | Movies=24
