[09:33:45] 🚀 SCRIPT STARTED
[09:33:45] [1/459] NECA
[09:33:45] 🧠 New identity created
[09:33:46] [2/459] BJLC
[09:33:47] [3/459] BASU
[09:33:48] [4/459] RUPI
[09:33:49] [5/459] LCBK
[09:33:50] [6/459] PMAC
[09:33:51] [7/459] AMLC
[09:33:52] [8/459] LICL
[09:33:53] [9/459] UDMM
[09:33:54] [10/459] STBZ
[09:33:55] [11/459] UUBT
[09:33:57] [12/459] SJKC
[09:33:57] [13/459] TUAL
[09:33:58] [14/459] MRSE
[09:33:59] [15/459] RMRK
[09:34:00] [16/459] TTKP
[09:34:01] [17/459] KTKO
[09:34:02] [18/459] SDBK
[09:34:03] [19/459] MCPR
[09:34:03] [20/459] CHTI
[09:34:04] [21/459] GCCP
[09:34:06] [22/459] SRMY
[09:34:07] [23/459] NYST
[09:34:09] [24/459] NYAG
[09:34:10] [25/459] SBMT
[09:34:11] [26/459] INGA
[09:34:11] [27/459] WSIC
[09:34:12] [28/459] SCSS
[09:34:13] [29/459] COPG
[09:34:14] [30/459] RCGR
[09:34:15] [31/459] TCZA
[09:34:16] [32/459] CNLP
[09:34:18] [33/459] CLKN
[09:34:18] [34/459] LHDF
[09:34:19] [35/459] ELKC
[09:34:20] [36/459] VCEM
[09:34:21] [37/459] SSZA
[09:34:21] [38/459] KRMT
[09:34:22] [39/459] LCMV
[09:34:23] [40/459] AYCZ
[09:34:24] [41/459] CUMS
[09:34:24] [42/459] BOCK
[09:34:26] [43/459] PNMR
[09:34:27] [44/459] PJCP
[09:34:28] [45/459] JDDD
[09:34:29] [46/459] STMS
[09:34:30] [47/459] FLMB
[09:34:31] [48/459] PKCM
[09:34:32] [49/459] SPPR
[09:34:32] [50/459] EYLH
[09:34:33] [51/459] RJCC
[09:34:35] [52/459] MMPS
[09:34:36] [53/459] SHMX
[09:34:37] [54/459] CCNL
[09:34:37] [55/459] RCNV
[09:34:38] [56/459] MAAG
[09:34:39] [57/459] LXCM
[09:34:40] [58/459] RCNI
[09:34:41] [59/459] SNNI
[09:34:41] [60/459] LALC
[09:34:42] [61/459] SOCN
[09:34:43] [62/459] JHTP
[09:34:44] [63/459] PITP
[09:34:45] [64/459] CCKW
[09:34:45] [65/459] MCMC
[09:34:46] [66/459] DEES
[09:34:47] [67/459] SABT
[09:34:49] [68/459] VSPP
[09:34:50] [69/459] ABCT
[09:34:51] [70/459] JVTB
[09:34:51] [71/459] VCBD
[09:34:52] [72/459] RMGG
[09:34:53] [73/459] RNMH
[09:34:54] [74/459] SPGL
[09:34:54] [75/459] JTTR
[09:34:56] [76/459] SICS
[09:34:58] [77/459] SRMI
[09:34:59] [78/459] SSIJ
[09:34:59] [79/459] KFMT
[09:35:00] [80/459] VBIT
[09:35:01] [81/459] JKCT
[09:35:03] [82/459] GCGP
[09:35:04] [83/459] GDCS
[09:35:05] [84/459] TRBA
[09:35:06] [85/459] QUST
[09:35:07] [86/459] VSHM
[09:35:08] [87/459] SDCP
[09:35:09] [88/459] SNVS
[09:35:10] [89/459] NYTO
[09:35:10] [90/459] URWC
[09:35:11] [91/459] GTWH
[09:35:12] [92/459] PFCM
[09:35:14] [93/459] KRTA
[09:35:15] [94/459] AXMC
[09:35:16] [95/459] EVMC
[09:35:16] [96/459] HGSM
[09:35:17] [97/459] ACVM
[09:35:18] [98/459] PSKL
[09:35:19] [99/459] RDMP
[09:35:20] [100/459] RHGH
[09:35:20] [101/459] OMCM
[09:35:21] [102/459] DCCP
[09:35:22] [103/459] MCPB
[09:35:23] [104/459] ALCI
[09:35:24] [105/459] BLMX
[09:35:25] [106/459] BTMV
[09:35:25] [107/459] FVPN
[09:35:26] [108/459] CMAR
[09:35:27] [109/459] CEIM
[09:35:28] [110/459] CMVA
[09:35:29] [111/459] CPIV
[09:35:30] [112/459] CNPE
[09:35:31] [113/459] COLV
[09:35:31] [114/459] DNNV
[09:35:32] [115/459] HCAD
[09:35:33] [116/459] TAKA
[09:35:34] [117/459] INVD
[09:35:35] [118/459] IRMM
[09:35:36] [119/459] INSE
[09:35:37] [120/459] MRSW
[09:35:38] [121/459] MCVD
[09:35:39] [122/459] MCSO
[09:35:39] [123/459] PEVM
[09:35:40] [124/459] PVNL
[09:35:41] [125/459] PTCV
[09:35:42] [126/459] PRTC
[09:35:43] [127/459] RCVA
[09:35:44] [128/459] MTBN
[09:35:45] [129/459] LUCP
[09:35:46] [130/459] FMPT
[09:35:47] [131/459] JLSL
[09:35:48] [132/459] SBHA
[09:35:49] [133/459] SHRC
[09:35:50] [134/459] AVPS
[09:35:51] [135/459] STPM
[09:35:52] [136/459] ATRD
[09:35:52] [137/459] VTED
[09:35:53] [138/459] ACAI
[09:35:54] [139/459] SMAE
[09:35:55] [140/459] VMAT
[09:35:56] [141/459] LKCT
[09:35:56] [142/459] JTVK
[09:35:57] [143/459] PRTY
[09:35:59] [144/459] GETT
[09:35:59] [145/459] ESAP
[09:36:00] [146/459] NCPM
[09:36:01] [147/459] PCPA
[09:36:02] [148/459] MMOM
[09:36:03] [149/459] PHUP
[09:36:05] [150/459] CCPI
[09:36:06] [151/459] CNTD
[09:36:07] [152/459] NLJR
[09:36:08] [153/459] SRNG
[09:36:09] [154/459] MHAL
[09:36:10] [155/459] PNSM
[09:36:11] [156/459] DRMY
[09:36:12] [157/459] CCMU
[09:36:12] [158/459] SCMY
[09:36:13] [159/459] PVSY
[09:36:15] [160/459] SDLM
[09:36:16] [161/459] ICCM
[09:36:16] [162/459] PYSU
[09:36:17] [163/459] GATM
[09:36:18] [164/459] WOTM
[09:36:18] [165/459] RKTS
[09:36:19] [166/459] PMTY
[09:36:20] [167/459] LYMS
[09:36:22] [168/459] TGCA
[09:36:23] [169/459] DSTA
[09:36:24] [170/459] CNGE
[09:36:24] [171/459] VSTG
[09:36:26] [172/459] GTCK
[09:36:27] [173/459] TGNT
[09:36:28] [174/459] ASLC
[09:36:30] [175/459] SSST
[09:36:31] [176/459] KBTT
[09:36:32] [177/459] HKCP
[09:36:33] [178/459] SWLC
[09:36:34] [179/459] RTND
[09:36:35] [180/459] PKKT
[09:36:37] [181/459] HSTK
[09:36:39] [182/459] SPTT
[09:36:40] [183/459] IMPM
[09:36:41] [184/459] SCMV
[09:36:42] [185/459] SPCT
[09:36:42] [186/459] JBCA
[09:36:43] [187/459] ATTR
[09:36:44] [188/459] SPMT
[09:36:45] [189/459] LCTM
[09:36:46] [190/459] SCVL
[09:36:47] [191/459] SCVT
[09:36:48] [192/459] KRIC
[09:36:49] [193/459] CTMG
[09:36:50] [194/459] ACNC
[09:36:51] [195/459] DMCK
[09:36:52] [196/459] KMTV
[09:36:53] [197/459] PFCJ
[09:36:54] [198/459] VNMD
[09:36:54] [199/459] VPCZ
[09:36:55] [200/459] SRYR
[09:36:56] [201/459] SYTR
[09:36:57] [202/459] GATR
[09:36:58] [203/459] URTR
[09:36:58] [204/459] MKSM
[09:36:59] [205/459] VSMH
[09:37:00] [206/459] SKRJ
[09:37:02] [207/459] SSJR
[09:37:03] [208/459] SVSM
[09:37:04] [209/459] RUCM
[09:37:05] [210/459] PRKN
[09:37:06] [211/459] RROH
[09:37:06] [212/459] SCTN
[09:37:08] [213/459] RTDM
[09:37:10] [214/459] ASRM
[09:37:11] [215/459] SKMD
[09:37:11] [216/459] SUTD
[09:37:12] [217/459] SADM
[09:37:14] [218/459] WCNR
[09:37:15] [219/459] CNED
[09:37:15] [220/459] MPDB
[09:37:16] [221/459] KTBH
[09:37:17] [222/459] IDRM
[09:37:18] [223/459] PJJT
[09:37:19] [224/459] PFCV
[09:37:20] [225/459] AACT
[09:37:21] [226/459] AAAD
[09:37:21] [227/459] ANES
[09:37:22] [228/459] MNCA
[09:37:24] [229/459] RMGU
[09:37:25] [230/459] DLCN
[09:37:26] [231/459] LJWT
[09:37:27] [232/459] MCBG
[09:37:28] [233/459] MYBG
[09:37:29] [234/459] GCCA
[09:37:30] [235/459] GCGA
[09:37:31] [236/459] ECGN
[09:37:32] [237/459] PRAB
[09:37:33] [238/459] PNMP
[09:37:34] [239/459] GCPT
[09:37:34] [240/459] ROYN
[09:37:35] [241/459] VATM
[09:37:36] [242/459] KSNT
[09:37:37] [243/459] ACTC
[09:37:38] [244/459] PLTD
[09:37:39] [245/459] SKMK
[09:37:39] [246/459] CMTT
[09:37:40] [247/459] SMXP
[09:37:41] [248/459] SCMX
[09:37:42] [249/459] ACXN
[09:37:44] [250/459] ASWT
[09:37:45] [251/459] VVVL
[09:37:46] [252/459] NAGO
[09:37:47] [253/459] SNCN
[09:37:48] [254/459] MCKP
[09:37:49] [255/459] SAMO
[09:37:50] [256/459] JBTV
[09:37:51] [257/459] DCVV
[09:37:51] [258/459] KMSV
[09:37:52] [259/459] KDCN
[09:37:53] [260/459] CNCP
[09:37:54] [261/459] HAMC
[09:37:56] [262/459] CCVZ
[09:37:56] [263/459] NCCK
[09:37:57] [264/459] MCHR
[09:37:58] [265/459] SCHT
[09:37:59] [266/459] ESSH
[09:38:00] [267/459] CUJC
[09:38:01] [268/459] PECP
[09:38:02] [269/459] PMMI
[09:38:03] [270/459] PCCH
[09:38:04] [271/459] PRPM
[09:38:05] [272/459] PVKL
[09:38:06] [273/459] CBSM
[09:38:07] [274/459] PVCZ
[09:38:08] [275/459] PCVV
[09:38:10] [276/459] CTMJ
[09:38:11] [277/459] RCPS
[09:38:12] [278/459] PCIT
[09:38:13] [279/459] FNCH
[09:38:14] [280/459] INZD
[09:38:15] [281/459] INPC
[09:38:16] [282/459] LCZP
[09:38:17] [283/459] SMCB
[09:38:18] [284/459] PTSB
[09:38:19] [285/459] TPSI
[09:38:20] [286/459] KHMJ
[09:38:21] [287/459] RCCJ
[09:38:22] [288/459] NCJA
[09:38:23] [289/459] NCJN
[09:38:25] [290/459] BTDP
[09:38:25] [291/459] PADY
[09:38:26] [292/459] NYBH
[09:38:27] [293/459] MTBR
[09:38:28] [294/459] KRBC
[09:38:29] [295/459] DKTI
[09:38:30] [296/459] ANAN
[09:38:30] [297/459] INBP
[09:38:31] [298/459] PATB
[09:38:32] [299/459] RGNT
[09:38:33] [300/459] CGPM
[09:38:34] [301/459] INTN
[09:38:36] [302/459] MCMP
[09:38:37] [303/459] ASRG
[09:38:38] [304/459] CXJD
[09:38:38] [305/459] SPCP
[09:38:39] [306/459] CSTP
[09:38:41] [307/459] PKVC
[09:38:42] [308/459] ESCP
[09:38:43] [309/459] CAEP
[09:38:45] [310/459] CCSP
[09:38:46] [311/459] KTPC
[09:38:47] [312/459] DACA
[09:38:48] [313/459] NVKY
[09:38:50] [314/459] PTIN
[09:38:51] [315/459] SCIN
[09:38:51] [316/459] MCTY
[09:38:52] [317/459] PCMX
[09:38:53] [318/459] INIC
[09:38:54] [319/459] MMZM
[09:38:55] [320/459] SSLP
[09:38:56] [321/459] DTDT
[09:38:57] [322/459] FFCX
[09:38:58] [323/459] RCMM
[09:38:59] [324/459] KYID
[09:39:00] [325/459] CSCI
[09:39:00] [326/459] FCMC
[09:39:01] [327/459] MMXI
[09:39:02] [328/459] ASTC
[09:39:03] [329/459] CMRA
[09:39:04] [330/459] DICI
[09:39:04] [331/459] KDIN
[09:39:05] [332/459] PRFI
[09:39:06] [333/459] SVFC
[09:39:07] [334/459] UCPL
[09:39:08] [335/459] COOC
[09:39:08] [336/459] SCAL
[09:39:10] [337/459] SVFF
[09:39:11] [338/459] VCMG
[09:39:11] [339/459] UUCT
[09:39:12] [340/459] GCSE
[09:39:13] [341/459] SUSC
[09:39:14] [342/459] MISC
[09:39:15] [343/459] RMBL
[09:39:16] [344/459] CMXN
[09:39:17] [345/459] PVBK
[09:39:17] [346/459] HHCG
[09:39:18] [347/459] SCAG
[09:39:19] [348/459] CNPR
[09:39:20] [349/459] CSER
[09:39:21] [350/459] HLWD
[09:39:22] [351/459] BOLY
[09:39:22] [352/459] SSPG
[09:39:24] [353/459] MUPX
[09:39:25] [354/459] HAMR
[09:39:26] [355/459] SDNC
[09:39:26] [356/459] RTEN
[09:39:27] [357/459] SDTD
[09:39:28] [358/459] KAWS
[09:39:30] [359/459] CMZX
[09:39:31] [360/459] DCDD
[09:39:31] [361/459] ALSN
[09:39:33] [362/459] IMXS
[09:39:34] [363/459] PVFF
[09:39:36] [364/459] PVOO
[09:39:36] [365/459] CFBS
[09:39:38] [366/459] PVER
[09:39:39] [367/459] PPNX
[09:39:40] [368/459] CNRM
[09:39:41] [369/459] PVWW
[09:39:41] [370/459] INMB
[09:39:42] [371/459] CPJR
[09:39:43] [372/459] INRZ
[09:39:45] [373/459] PMSR
[09:39:46] [374/459] GPGM
[09:39:47] [375/459] PGWB
[09:39:48] [376/459] PMBR
[09:39:49] [377/459] GPAM
[09:39:50] [378/459] INBC
[09:39:51] [379/459] PZVK
[09:39:51] [380/459] CPEB
[09:39:52] [381/459] FMLB
[09:39:53] [382/459] INBG
[09:39:54] [383/459] GPBR
[09:39:55] [384/459] PAAS
[09:39:56] [385/459] VTBR
[09:39:57] [386/459] GPMY
[09:39:58] [387/459] GYBU
[09:39:58] [388/459] INBJ
[09:39:59] [389/459] LKTH
[09:40:00] [390/459] NSBR
[09:40:01] [391/459] PDRD
[09:40:03] [392/459] VRBL
[09:40:04] [393/459] VTGB
[09:40:04] [394/459] VTSK
[09:40:05] [395/459] BKDV
[09:40:06] [396/459] SVTB
[09:40:07] [397/459] MLDT
[09:40:09] [398/459] NRBL
[09:40:10] [399/459] SLTR
[09:40:11] [400/459] VNKA
[09:40:12] [401/459] TDCA
[09:40:14] [402/459] INBM
[09:40:15] [403/459] SSNR
[09:40:15] [404/459] BHAC
[09:40:16] [405/459] SDSD
[09:40:17] [406/459] SAMP
[09:40:18] [407/459] RATK
[09:40:19] [408/459] KCBI
[09:40:20] [409/459] URBL
[09:40:21] [410/459] MKBG
[09:40:22] [411/459] ASTB
[09:40:24] [412/459] VBWT
[09:40:24] [413/459] GPSM
[09:40:25] [414/459] ROON
[09:40:26] [415/459] CHTH
[09:40:27] [416/459] SSPA
[09:40:28] [417/459] ANBL
[09:40:29] [418/459] VTBE
[09:40:30] [419/459] SVKT
[09:40:31] [420/459] SVYK
[09:40:32] [421/459] PTBK
[09:40:32] [422/459] RKTB
[09:40:34] [423/459] BALT
[09:40:35] [424/459] STSV
[09:40:36] [425/459] VCCB
[09:40:36] [426/459] SLTB
[09:40:37] [427/459] SBCR
[09:40:39] [428/459] VDCS
[09:40:41] [429/459] MDKI
[09:40:42] [430/459] SMRN
[09:40:42] [431/459] PTBC
[09:40:43] [432/459] RADI
[09:40:44] [433/459] ADCR
[09:40:45] [434/459] SDCS
[09:40:46] [435/459] SRPJ
[09:40:46] [436/459] ARTS
[09:40:47] [437/459] SRHK
[09:40:48] [438/459] SPAY
[09:40:50] [439/459] GPTB
[09:40:50] [440/459] SNNN
[09:40:51] [441/459] BALJ
[09:40:52] [442/459] TRIG
[09:40:53] [443/459] GTYT
[09:40:54] [444/459] ATGN
[09:40:55] [445/459] ANTE
[09:40:56] [446/459] BDCG
[09:40:57] [447/459] VECI
[09:40:58] [448/459] SCPR
[09:40:59] [449/459] RTEA
[09:41:00] [450/459] JSAI
[09:41:01] [451/459] VJTP
[09:41:01] [452/459] GNDS
[09:41:02] [453/459] PAXA
[09:41:03] [454/459] CGGM
[09:41:04] [455/459] ACKZ
[09:41:05] [456/459] EMCC
[09:41:06] [457/459] KLSK
[09:41:07] [458/459] AVCK
[09:41:07] [459/459] JTCK
[09:41:08] 🧹 Deduping shows
[09:41:08] ✅ DONE | Shows=112 | Movies=28
