[09:33:44] 🚀 SCRIPT STARTED
[09:33:44] [1/459] MBDC
[09:33:44] 🧠 New identity created
[09:33:45] [2/459] CHKM
[09:33:46] [3/459] JTKZ
[09:33:47] [4/459] CMCT
[09:33:48] [5/459] ASHO
[09:33:49] [6/459] ECDG
[09:33:50] [7/459] SPAT
[09:33:51] [8/459] HILC
[09:33:52] [9/459] SPPH
[09:33:53] [10/459] SBHN
[09:33:54] [11/459] RRCA
[09:33:55] [12/459] APAA
[09:33:56] [13/459] RAME
[09:33:57] [14/459] TMMS
[09:33:58] [15/459] BATK
[09:33:58] [16/459] LKOP
[09:33:59] [17/459] AMTT
[09:34:00] [18/459] PTGK
[09:34:01] [19/459] ANRS
[09:34:02] [20/459] VWBW
[09:34:03] [21/459] SVFG
[09:34:03] [22/459] STAT
[09:34:04] [23/459] GDCV
[09:34:05] [24/459] VEBI
[09:34:06] [25/459] VDSS
[09:34:07] [26/459] NTHV
[09:34:08] [27/459] AOCH
[09:34:08] [28/459] KASR
[09:34:10] [29/459] AYCS
[09:34:11] [30/459] SHAI
[09:34:11] [31/459] SKPE
[09:34:12] [32/459] SBTA
[09:34:13] [33/459] RTTD
[09:34:14] [34/459] CCJD
[09:34:14] [35/459] RSJJ
[09:34:15] [36/459] RKND
[09:34:16] [37/459] SVTX
[09:34:17] [38/459] BAKM
[09:34:17] [39/459] SVDC
[09:34:18] [40/459] MNCV
[09:34:19] [41/459] SJGC
[09:34:20] [42/459] MTPK
[09:34:21] [43/459] GATP
[09:34:22] [44/459] ABTS
[09:34:23] [45/459] ABDE
[09:34:23] [46/459] RCNM
[09:34:24] [47/459] KTHV
[09:34:25] [48/459] MDGJ
[09:34:26] [49/459] SMLM
[09:34:27] [50/459] JTMA
[09:34:28] [51/459] ACKP
[09:34:28] [52/459] SRTA
[09:34:30] [53/459] STAY
[09:34:31] [54/459] MAVO
[09:34:32] [55/459] APTS
[09:34:33] [56/459] OMEA
[09:34:34] [57/459] TTFD
[09:34:35] [58/459] MJCU
[09:34:36] [59/459] CXTE
[09:34:37] [60/459] CTPX
[09:34:38] [61/459] ASSL
[09:34:39] [62/459] CMVB
[09:34:40] [63/459] VPUR
[09:34:41] [64/459] JJDA
[09:34:41] [65/459] INBL
[09:34:42] [66/459] BIKB
[09:34:43] [67/459] NTBB
[09:34:44] [68/459] GLOB
[09:34:44] [69/459] SNTB
[09:34:46] [70/459] CHGV
[09:34:47] [71/459] SSBZ
[09:34:47] [72/459] PRDB
[09:34:48] [73/459] ISMT
[09:34:49] [74/459] MCSD
[09:34:50] [75/459] JBTT
[09:34:50] [76/459] GEKR
[09:34:51] [77/459] PVUN
[09:34:52] [78/459] NRTB
[09:34:53] [79/459] PRAA
[09:34:54] [80/459] PCBL
[09:34:55] [81/459] PTCM
[09:34:56] [82/459] KHNN
[09:34:57] [83/459] OMJE
[09:34:58] [84/459] STGN
[09:34:59] [85/459] RPMS
[09:35:00] [86/459] NWAD
[09:35:01] [87/459] BLCK
[09:35:01] [88/459] SVAA
[09:35:02] [89/459] URVM
[09:35:03] [90/459] ANTM
[09:35:04] [91/459] VJYM
[09:35:05] [92/459] MAZZ
[09:35:06] [93/459] CSHM
[09:35:07] [94/459] WGMH
[09:35:08] [95/459] SALN
[09:35:09] [96/459] BRTP
[09:35:10] [97/459] SVTA
[09:35:11] [98/459] SBTP
[09:35:12] [99/459] VLSS
[09:35:12] [100/459] SRJA
[09:35:13] [101/459] ANCG
[09:35:14] [102/459] CGGC
[09:35:15] [103/459] CRJA
[09:35:16] [104/459] USCR
[09:35:16] [105/459] MMEF
[09:35:17] [106/459] JCRJ
[09:35:18] [107/459] ADCM
[09:35:19] [108/459] BMYK
[09:35:20] [109/459] KICS
[09:35:21] [110/459] MBBT
[09:35:22] [111/459] MACK
[09:35:22] [112/459] CLDR
[09:35:23] [113/459] JYCR
[09:35:24] [114/459] DCRP
[09:35:25] [115/459] RAHT
[09:35:26] [116/459] CSSM
[09:35:27] [117/459] ATPK
[09:35:28] [118/459] KLRT
[09:35:29] [119/459] SRDD
[09:35:30] [120/459] CKMC
[09:35:31] [121/459] KRVM
[09:35:32] [122/459] AKCP
[09:35:33] [123/459] CNCV
[09:35:33] [124/459] PACT
[09:35:34] [125/459] NATP
[09:35:35] [126/459] PCPK
[09:35:36] [127/459] SMHO
[09:35:38] [128/459] CWTK
[09:35:39] [129/459] RVKZ
[09:35:40] [130/459] ASPD
[09:35:41] [131/459] VTKZ
[09:35:41] [132/459] LCSO
[09:35:42] [133/459] PRDY
[09:35:43] [134/459] RCAP
[09:35:44] [135/459] RGAR
[09:35:45] [136/459] RCAC
[09:35:46] [137/459] PMOD
[09:35:46] [138/459] PVCN
[09:35:47] [139/459] SCRZ
[09:35:48] [140/459] PVPC
[09:35:49] [141/459] STID
[09:35:50] [142/459] NEDD
[09:35:50] [143/459] BNBA
[09:35:51] [144/459] NTCD
[09:35:52] [145/459] OCDE
[09:35:53] [146/459] CCDU
[09:35:54] [147/459] CRXH
[09:35:55] [148/459] VLVT
[09:35:56] [149/459] CICI
[09:35:57] [150/459] SUCB
[09:35:58] [151/459] TCBP
[09:36:00] [152/459] SCCY
[09:36:00] [153/459] LXCY
[09:36:01] [154/459] NCMD
[09:36:02] [155/459] PHCS
[09:36:03] [156/459] DUXR
[09:36:04] [157/459] VNKS
[09:36:05] [158/459] SEDP
[09:36:06] [159/459] SVEN
[09:36:06] [160/459] SRKM
[09:36:07] [161/459] JTLT
[09:36:08] [162/459] SVSS
[09:36:09] [163/459] AMDE
[09:36:10] [164/459] WVRN
[09:36:11] [165/459] ISMG
[09:36:12] [166/459] WVKS
[09:36:13] [167/459] USCG
[09:36:14] [168/459] IOTG
[09:36:15] [169/459] RRJM
[09:36:16] [170/459] EDMP
[09:36:17] [171/459] SCGZ
[09:36:18] [172/459] GMGX
[09:36:19] [173/459] OMTP
[09:36:20] [174/459] MITD
[09:36:21] [175/459] SMMD
[09:36:22] [176/459] STML
[09:36:23] [177/459] MCFS
[09:36:24] [178/459] FPKA
[09:36:25] [179/459] OMLR
[09:36:25] [180/459] KKSC
[09:36:26] [181/459] RVMA
[09:36:27] [182/459] SCLL
[09:36:28] [183/459] SCDK
[09:36:29] [184/459] SXMI
[09:36:29] [185/459] SHDN
[09:36:30] [186/459] PAAD
[09:36:31] [187/459] UUCB
[09:36:31] [188/459] JHOL
[09:36:32] [189/459] SGWT
[09:36:33] [190/459] SRII
[09:36:34] [191/459] SGCK
[09:36:35] [192/459] SVVB
[09:36:36] [193/459] DMHA
[09:36:36] [194/459] PPNL
[09:36:37] [195/459] CPNL
[09:36:38] [196/459] WVLD
[09:36:39] [197/459] PSLV
[09:36:40] [198/459] VTTL
[09:36:41] [199/459] NPAD
[09:36:42] [200/459] PVCS
[09:36:43] [201/459] MCHL
[09:36:43] [202/459] PPLL
[09:36:44] [203/459] MALO
[09:36:45] [204/459] SWBH
[09:36:46] [205/459] PUGB
[09:36:47] [206/459] INBB
[09:36:48] [207/459] INNS
[09:36:48] [208/459] MCPT
[09:36:49] [209/459] SCMI
[09:36:50] [210/459] OCON
[09:36:51] [211/459] SCSM
[09:36:52] [212/459] RJVN
[09:36:53] [213/459] AMDK
[09:36:53] [214/459] ISMR
[09:36:54] [215/459] SMTD
[09:36:55] [216/459] VTDD
[09:36:56] [217/459] PDDZ
[09:36:57] [218/459] PCCK
[09:36:58] [219/459] INAM
[09:36:59] [220/459] FNKT
[09:37:00] [221/459] GDKA
[09:37:01] [222/459] MAYU
[09:37:01] [223/459] TCGU
[09:37:02] [224/459] KDCA
[09:37:03] [225/459] DOMY
[09:37:04] [226/459] PDDD
[09:37:05] [227/459] BJTS
[09:37:06] [228/459] VTCA
[09:37:07] [229/459] SBTM
[09:37:08] [230/459] SEET
[09:37:08] [231/459] SSTJ
[09:37:09] [232/459] SVNT
[09:37:10] [233/459] PPPR
[09:37:11] [234/459] PVYS
[09:37:11] [235/459] IOSE
[09:37:12] [236/459] ACTV
[09:37:13] [237/459] APVE
[09:37:14] [238/459] TCCL
[09:37:15] [239/459] SCMO
[09:37:16] [240/459] SAUM
[09:37:17] [241/459] KCJS
[09:37:18] [242/459] NJCJ
[09:37:19] [243/459] NECF
[09:37:20] [244/459] CCGW
[09:37:21] [245/459] CCMG
[09:37:22] [246/459] NYRG
[09:37:22] [247/459] NCSQ
[09:37:23] [248/459] GRCG
[09:37:24] [249/459] CCBT
[09:37:25] [250/459] ACGA
[09:37:26] [251/459] INAG
[09:37:27] [252/459] FUCG
[09:37:28] [253/459] AICF
[09:37:29] [254/459] GRGA
[09:37:29] [255/459] GDCN
[09:37:31] [256/459] RRCG
[09:37:32] [257/459] SDCH
[09:37:32] [258/459] WVJM
[09:37:33] [259/459] JCCZ
[09:37:34] [260/459] CNCL
[09:37:35] [261/459] TMLV
[09:37:36] [262/459] MEMB
[09:37:37] [263/459] SGTD
[09:37:38] [264/459] CONX
[09:37:39] [265/459] CCMH
[09:37:40] [266/459] ACMC
[09:37:41] [267/459] DTPD
[09:37:42] [268/459] POJA
[09:37:43] [269/459] FNBH
[09:37:43] [270/459] CGCB
[09:37:44] [271/459] RACN
[09:37:45] [272/459] JTSM
[09:37:46] [273/459] SCDN
[09:37:47] [274/459] AACK
[09:37:48] [275/459] RMCE
[09:37:48] [276/459] BSGB
[09:37:49] [277/459] MRCB
[09:37:50] [278/459] SRVR
[09:37:51] [279/459] VTKK
[09:37:51] [280/459] AMST
[09:37:52] [281/459] APCY
[09:37:53] [282/459] LMHO
[09:37:54] [283/459] MTZH
[09:37:55] [284/459] AMZB
[09:37:55] [285/459] SUVT
[09:37:56] [286/459] RCIP
[09:37:58] [287/459] KESR
[09:37:59] [288/459] SNKC
[09:38:00] [289/459] SCED
[09:38:01] [290/459] DVCA
[09:38:02] [291/459] VCDT
[09:38:03] [292/459] RRDI
[09:38:04] [293/459] DFCH
[09:38:05] [294/459] INSC
[09:38:05] [295/459] RGTR
[09:38:06] [296/459] FMOT
[09:38:07] [297/459] SCPM
[09:38:08] [298/459] GCDT
[09:38:09] [299/459] BRKT
[09:38:09] [300/459] DEMP
[09:38:10] [301/459] SRLC
[09:38:11] [302/459] KSTT
[09:38:12] [303/459] SMMT
[09:38:13] [304/459] SILM
[09:38:13] [305/459] JCVM
[09:38:14] [306/459] KCSV
[09:38:15] [307/459] MHLK
[09:38:16] [308/459] SLVL
[09:38:17] [309/459] RJKP
[09:38:18] [310/459] BBPC
[09:38:19] [311/459] MXCB
[09:38:20] [312/459] TCPK
[09:38:20] [313/459] RTBR
[09:38:21] [314/459] GAUT
[09:38:22] [315/459] DVCF
[09:38:23] [316/459] JTSB
[09:38:24] [317/459] SBLS
[09:38:25] [318/459] UDAY
[09:38:26] [319/459] PTNP
[09:38:27] [320/459] DMKT
[09:38:27] [321/459] NTDT
[09:38:28] [322/459] SHDJ
[09:38:29] [323/459] OTNC
[09:38:30] [324/459] RNTW
[09:38:31] [325/459] GCMI
[09:38:31] [326/459] CRCM
[09:38:33] [327/459] NNCZ
[09:38:34] [328/459] OEMO
[09:38:35] [329/459] PVJM
[09:38:36] [330/459] CPJI
[09:38:37] [331/459] RMCJ
[09:38:38] [332/459] CNWJ
[09:38:39] [333/459] EPJM
[09:38:40] [334/459] FNJJ
[09:38:41] [335/459] GCMJ
[09:38:41] [336/459] INPS
[09:38:42] [337/459] BICJ
[09:38:43] [338/459] ISTJ
[09:38:44] [339/459] INJC
[09:38:45] [340/459] GLXJ
[09:38:46] [341/459] INEM
[09:38:47] [342/459] JTMN
[09:38:48] [343/459] FRCJ
[09:38:49] [344/459] DDJP
[09:38:49] [345/459] INJV
[09:38:51] [346/459] GOLC
[09:38:52] [347/459] KOCI
[09:38:53] [348/459] FSTD
[09:38:54] [349/459] PACJ
[09:38:55] [350/459] GMCN
[09:38:56] [351/459] MMDJ
[09:38:57] [352/459] GODH
[09:38:57] [353/459] SKYN
[09:38:58] [354/459] NCTH
[09:38:59] [355/459] SKVZ
[09:39:00] [356/459] SVML
[09:39:01] [357/459] ACVZ
[09:39:02] [358/459] SURA
[09:39:02] [359/459] RTRB
[09:39:03] [360/459] LLCT
[09:39:04] [361/459] ATTS
[09:39:05] [362/459] JYCM
[09:39:05] [363/459] CTKR
[09:39:06] [364/459] LCKR
[09:39:07] [365/459] NYCV
[09:39:08] [366/459] NYOH
[09:39:09] [367/459] NOVX
[09:39:09] [368/459] MRGK
[09:39:10] [369/459] MOON
[09:39:11] [370/459] SBUC
[09:39:12] [371/459] GSVA
[09:39:12] [372/459] VIAK
[09:39:13] [373/459] SMVZ
[09:39:14] [374/459] MATE
[09:39:15] [375/459] RDCN
[09:39:15] [376/459] ASBL
[09:39:16] [377/459] ASVS
[09:39:17] [378/459] ASSR
[09:39:18] [379/459] SSKN
[09:39:19] [380/459] DRPV
[09:39:19] [381/459] MRHT
[09:39:20] [382/459] BSCN
[09:39:21] [383/459] RKNX
[09:39:22] [384/459] MSMC
[09:39:23] [385/459] MSCJ
[09:39:23] [386/459] BTBJ
[09:39:24] [387/459] MJCC
[09:39:26] [388/459] IOMM
[09:39:27] [389/459] ADGR
[09:39:28] [390/459] MYCP
[09:39:29] [391/459] IGCM
[09:39:30] [392/459] PGRK
[09:39:31] [393/459] VPGO
[09:39:32] [394/459] KOMS
[09:39:32] [395/459] URGG
[09:39:33] [396/459] GOST
[09:39:34] [397/459] LACT
[09:39:35] [398/459] BWCM
[09:39:36] [399/459] NCCW
[09:39:37] [400/459] SKYC
[09:39:38] [401/459] CCPM
[09:39:39] [402/459] VCBT
[09:39:39] [403/459] SDKR
[09:39:40] [404/459] CTYB
[09:39:41] [405/459] SHCX
[09:39:42] [406/459] RCUN
[09:39:43] [407/459] CNRA
[09:39:44] [408/459] RFCA
[09:39:44] [409/459] RDCU
[09:39:45] [410/459] SARK
[09:39:46] [411/459] SPPP
[09:39:47] [412/459] ADMB
[09:39:48] [413/459] JYOE
[09:39:49] [414/459] SRMD
[09:39:50] [415/459] RJDH
[09:39:51] [416/459] SSTD
[09:39:52] [417/459] AACV
[09:39:52] [418/459] PPVD
[09:39:54] [419/459] STCP
[09:39:55] [420/459] ANJR
[09:39:55] [421/459] ANLS
[09:39:57] [422/459] BIJO
[09:39:58] [423/459] AVAB
[09:39:58] [424/459] SPMD
[09:39:59] [425/459] SVJL
[09:40:00] [426/459] SDDJ
[09:40:01] [427/459] SLTU
[09:40:02] [428/459] SAKA
[09:40:03] [429/459] PMAM
[09:40:03] [430/459] FNAM
[09:40:04] [431/459] ACAM
[09:40:05] [432/459] SCMM
[09:40:06] [433/459] PMAK
[09:40:07] [434/459] NYSA
[09:40:07] [435/459] FCPA
[09:40:08] [436/459] GDAN
[09:40:09] [437/459] RSCA
[09:40:10] [438/459] DMAN
[09:40:11] [439/459] DZCM
[09:40:12] [440/459] NSGL
[09:40:13] [441/459] CCPP
[09:40:14] [442/459] PSMG
[09:40:15] [443/459] GSER
[09:40:15] [444/459] FCCT
[09:40:16] [445/459] FCTB
[09:40:17] [446/459] LCNK
[09:40:18] [447/459] SKTY
[09:40:19] [448/459] INAA
[09:40:20] [449/459] RCWN
[09:40:21] [450/459] VAIS
[09:40:21] [451/459] CVMN
[09:40:22] [452/459] INTS
[09:40:23] [453/459] FRGS
[09:40:24] [454/459] DTCK
[09:40:25] [455/459] MCMH
[09:40:25] [456/459] ECRR
[09:40:26] [457/459] RLLP
[09:40:27] [458/459] CCSN
[09:40:28] [459/459] CCBA
[09:40:29] 🧹 Deduping shows
[09:40:29] ✅ DONE | Shows=182 | Movies=26
