[09:33:42] 🚀 SCRIPT STARTED
[09:33:42] [1/459] FNDB
[09:33:42] 🧠 New identity created
[09:33:43] [2/459] AMBH
[09:33:44] [3/459] PRHN
[09:33:45] [4/459] ACPM
[09:33:46] [5/459] PVFS
[09:33:48] [6/459] AACN
[09:33:49] [7/459] ACAS
[09:33:50] [8/459] CTNR
[09:33:51] [9/459] MMAH
[09:33:52] [10/459] CPMH
[09:33:53] [11/459] IGMH
[09:33:53] [12/459] ABCS
[09:33:55] [13/459] CMMA
[09:33:56] [14/459] GPRH
[09:33:57] [15/459] PNNG
[09:33:58] [16/459] AMCA
[09:33:58] [17/459] ISTN
[09:33:59] [18/459] PIIC
[09:34:01] [19/459] AHMH
[09:34:02] [20/459] ASHN
[09:34:03] [21/459] INHY
[09:34:04] [22/459] SRMO
[09:34:05] [23/459] PIMH
[09:34:05] [24/459] PVTS
[09:34:06] [25/459] MMCA
[09:34:08] [26/459] AKYJ
[09:34:09] [27/459] BRKH
[09:34:10] [28/459] MAHM
[09:34:10] [29/459] CPHY
[09:34:11] [30/459] PVTP
[09:34:13] [31/459] SMMR
[09:34:13] [32/459] PVHM
[09:34:14] [33/459] SNDY
[09:34:15] [34/459] GOKU
[09:34:16] [35/459] ACEV
[09:34:17] [36/459] PVUM
[09:34:18] [37/459] VSWA
[09:34:19] [38/459] IPRS
[09:34:19] [39/459] ASGN
[09:34:20] [40/459] BKMV
[09:34:21] [41/459] PVYH
[09:34:22] [42/459] INKM
[09:34:23] [43/459] ARJU
[09:34:24] [44/459] JJPP
[09:34:24] [45/459] SSRM
[09:34:25] [46/459] HMHD
[09:34:26] [47/459] SNKH
[09:34:27] [48/459] ACHI
[09:34:28] [49/459] MRAA
[09:34:29] [50/459] INMH
[09:34:30] [51/459] ARMH
[09:34:31] [52/459] DVRR
[09:34:32] [53/459] SUDA
[09:34:34] [54/459] MCSS
[09:34:35] [55/459] VRKC
[09:34:36] [56/459] PRCX
[09:34:38] [57/459] ASJY
[09:34:38] [58/459] MTHY
[09:34:39] [59/459] SRCM
[09:34:40] [60/459] TVHY
[09:34:41] [61/459] STHD
[09:34:42] [62/459] CPCL
[09:34:43] [63/459] PSMJ
[09:34:44] [64/459] MRGT
[09:34:45] [65/459] ARYH
[09:34:45] [66/459] VTRB
[09:34:46] [67/459] SCHC
[09:34:47] [68/459] MRRG
[09:34:48] [69/459] SPCB
[09:34:48] [70/459] AMCM
[09:34:49] [71/459] IVNM
[09:34:50] [72/459] TRHY
[09:34:51] [73/459] PTTH
[09:34:52] [74/459] RKMH
[09:34:53] [75/459] PRCS
[09:34:53] [76/459] VAJA
[09:34:54] [77/459] BJNG
[09:34:55] [78/459] SCVM
[09:34:56] [79/459] GNHB
[09:34:57] [80/459] TLUR
[09:34:57] [81/459] UKCC
[09:34:58] [82/459] SRKR
[09:34:59] [83/459] RMKN
[09:35:00] [84/459] SLRT
[09:35:01] [85/459] LKMT
[09:35:02] [86/459] SSRJ
[09:35:03] [87/459] SPHT
[09:35:04] [88/459] ANTT
[09:35:05] [89/459] SRCH
[09:35:06] [90/459] SRCA
[09:35:07] [91/459] ARTH
[09:35:07] [92/459] MCBH
[09:35:08] [93/459] SNIB
[09:35:09] [94/459] SART
[09:35:11] [95/459] SKTA
[09:35:12] [96/459] YAKT
[09:35:13] [97/459] MLCK
[09:35:13] [98/459] ANTS
[09:35:14] [99/459] DGCA
[09:35:15] [100/459] SGMP
[09:35:17] [101/459] ASWN
[09:35:18] [102/459] KFVU
[09:35:18] [103/459] POOR
[09:35:19] [104/459] GKDN
[09:35:20] [105/459] EOSE
[09:35:20] [106/459] GTTT
[09:35:21] [107/459] ARRO
[09:35:22] [108/459] CMMK
[09:35:23] [109/459] MSCN
[09:35:24] [110/459] GDKH
[09:35:25] [111/459] DLMT
[09:35:26] [112/459] PVMF
[09:35:26] [113/459] CPCK
[09:35:28] [114/459] VMHE
[09:35:29] [115/459] PVLC
[09:35:30] [116/459] PCVB
[09:35:31] [117/459] SNYK
[09:35:32] [118/459] KTEK
[09:35:33] [119/459] PCNM
[09:35:33] [120/459] NTTR
[09:35:34] [121/459] CPSK
[09:35:35] [122/459] JMMA
[09:35:36] [123/459] GCFK
[09:35:37] [124/459] MYCA
[09:35:38] [125/459] KSNP
[09:35:39] [126/459] PMCE
[09:35:39] [127/459] SCKI
[09:35:40] [128/459] FSMA
[09:35:41] [129/459] CETA
[09:35:42] [130/459] MCIK
[09:35:43] [131/459] MYCR
[09:35:44] [132/459] EVMP
[09:35:46] [133/459] SSGT
[09:35:46] [134/459] KCTK
[09:35:47] [135/459] ZTKC
[09:35:48] [136/459] MMTA
[09:35:49] [137/459] MAJT
[09:35:49] [138/459] ACPK
[09:35:50] [139/459] JMAX
[09:35:51] [140/459] SETK
[09:35:52] [141/459] CAIS
[09:35:53] [142/459] AGCD
[09:35:54] [143/459] URCL
[09:35:55] [144/459] VTDS
[09:35:55] [145/459] JCNM
[09:35:56] [146/459] KCAM
[09:35:57] [147/459] ADCU
[09:35:58] [148/459] GXYN
[09:35:59] [149/459] SMJG
[09:36:00] [150/459] EYCJ
[09:36:01] [151/459] CCEJ
[09:36:01] [152/459] MARS
[09:36:02] [153/459] CPVJ
[09:36:03] [154/459] INVP
[09:36:04] [155/459] CPOV
[09:36:05] [156/459] VIJK
[09:36:06] [157/459] LAIM
[09:36:07] [158/459] STHV
[09:36:08] [159/459] SVLJ
[09:36:08] [160/459] ATVJ
[09:36:09] [161/459] JTSC
[09:36:10] [162/459] RMTV
[09:36:11] [163/459] MGGG
[09:36:12] [164/459] SWTH
[09:36:13] [165/459] INVJ
[09:36:13] [166/459] PRSV
[09:36:14] [167/459] JATV
[09:36:15] [168/459] RCVD
[09:36:16] [169/459] BDMA
[09:36:17] [170/459] BLJI
[09:36:18] [171/459] SWOT
[09:36:19] [172/459] SWRN
[09:36:20] [173/459] TVRA
[09:36:20] [174/459] VCSV
[09:36:21] [175/459] NVRN
[09:36:22] [176/459] SIKC
[09:36:23] [177/459] VAKR
[09:36:24] [178/459] SYLN
[09:36:26] [179/459] KLJL
[09:36:26] [180/459] LKMY
[09:36:27] [181/459] VSLY
[09:36:28] [182/459] CIKO
[09:36:29] [183/459] GPBG
[09:36:30] [184/459] CECM
[09:36:30] [185/459] SLKB
[09:36:32] [186/459] MTBO
[09:36:33] [187/459] SSHB
[09:36:34] [188/459] VPCS
[09:36:35] [189/459] RCSR
[09:36:36] [190/459] RJRM
[09:36:37] [191/459] KPPB
[09:36:38] [192/459] SEDC
[09:36:39] [193/459] SCAI
[09:36:39] [194/459] RMTR
[09:36:40] [195/459] ASST
[09:36:41] [196/459] GCAK
[09:36:42] [197/459] ANNK
[09:36:43] [198/459] KDDF
[09:36:44] [199/459] NRDP
[09:36:45] [200/459] PLAK
[09:36:46] [201/459] GCMC
[09:36:47] [202/459] ALPY
[09:36:47] [203/459] SICE
[09:36:48] [204/459] SISR
[09:36:49] [205/459] SRPZ
[09:36:50] [206/459] SRSW
[09:36:51] [207/459] SUYA
[09:36:52] [208/459] AMMT
[09:36:53] [209/459] BHCU
[09:36:53] [210/459] KLPA
[09:36:54] [211/459] NVKH
[09:36:55] [212/459] JMRC
[09:36:56] [213/459] KTTT
[09:36:57] [214/459] MAGH
[09:36:57] [215/459] MMMX
[09:36:58] [216/459] SALJ
[09:36:59] [217/459] GTJA
[09:37:00] [218/459] MAHT
[09:37:00] [219/459] SSNN
[09:37:01] [220/459] ARRP
[09:37:03] [221/459] ATNS
[09:37:03] [222/459] SKDT
[09:37:04] [223/459] ACAT
[09:37:05] [224/459] APRC
[09:37:06] [225/459] SWAG
[09:37:07] [226/459] SDPT
[09:37:07] [227/459] STPS
[09:37:08] [228/459] WWCZ
[09:37:09] [229/459] LLCH
[09:37:10] [230/459] MZHA
[09:37:11] [231/459] CRJG
[09:37:12] [232/459] JGTK
[09:37:12] [233/459] KCSR
[09:37:13] [234/459] CHTL
[09:37:14] [235/459] EDSR
[09:37:15] [236/459] CSWO
[09:37:16] [237/459] CPVM
[09:37:17] [238/459] MXBY
[09:37:17] [239/459] FMMA
[09:37:18] [240/459] POVI
[09:37:20] [241/459] MTHB
[09:37:20] [242/459] INRC
[09:37:21] [243/459] PIPP
[09:37:22] [244/459] BMXC
[09:37:23] [245/459] PCMM
[09:37:24] [246/459] PMKM
[09:37:24] [247/459] GATY
[09:37:25] [248/459] IMCM
[09:37:26] [249/459] POPE
[09:37:27] [250/459] MTCR
[09:37:28] [251/459] PVAE
[09:37:29] [252/459] PVMI
[09:37:29] [253/459] CPNM
[09:37:30] [254/459] FMRL
[09:37:31] [255/459] MCIW
[09:37:32] [256/459] MXBO
[09:37:33] [257/459] FMKY
[09:37:34] [258/459] FMDA
[09:37:35] [259/459] THAB
[09:37:36] [260/459] PRCW
[09:37:37] [261/459] PITI
[09:37:38] [262/459] MCFF
[09:37:39] [263/459] PDDV
[09:37:40] [264/459] MCRM
[09:37:41] [265/459] KKMB
[09:37:42] [266/459] INKO
[09:37:43] [267/459] PLXP
[09:37:44] [268/459] MMHA
[09:37:45] [269/459] FMVS
[09:37:46] [270/459] POLM
[09:37:46] [271/459] STER
[09:37:47] [272/459] PVWJ
[09:37:48] [273/459] IMJW
[09:37:49] [274/459] FNAN
[09:37:50] [275/459] CAGL
[09:37:51] [276/459] IPBG
[09:37:52] [277/459] SMFV
[09:37:53] [278/459] MMMR
[09:37:54] [279/459] MMWM
[09:37:55] [280/459] FNCM
[09:37:56] [281/459] MDVA
[09:37:56] [282/459] MMET
[09:37:57] [283/459] MIDO
[09:37:58] [284/459] INNP
[09:37:59] [285/459] MIFU
[09:37:59] [286/459] MMSZ
[09:38:00] [287/459] BMXA
[09:38:01] [288/459] MCAA
[09:38:01] [289/459] SCVP
[09:38:02] [290/459] PLUS
[09:38:03] [291/459] MUCK
[09:38:04] [292/459] MTMA
[09:38:05] [293/459] HPVR
[09:38:06] [294/459] PMPK
[09:38:06] [295/459] MAJB
[09:38:07] [296/459] CTRR
[09:38:08] [297/459] MCTG
[09:38:09] [298/459] MACE
[09:38:10] [299/459] AAAS
[09:38:11] [300/459] CPVV
[09:38:12] [301/459] RCHG
[09:38:13] [302/459] MCNE
[09:38:14] [303/459] EMNC
[09:38:15] [304/459] MCAN
[09:38:17] [305/459] TCDM
[09:38:18] [306/459] IRGT
[09:38:19] [307/459] GCMG
[09:38:19] [308/459] MXSN
[09:38:20] [309/459] MXCK
[09:38:22] [310/459] MCRC
[09:38:22] [311/459] RSMI
[09:38:23] [312/459] WAML
[09:38:24] [313/459] MTSC
[09:38:25] [314/459] FMDR
[09:38:26] [315/459] LEPV
[09:38:27] [316/459] MTGD
[09:38:28] [317/459] IMOB
[09:38:28] [318/459] CLMM
[09:38:29] [319/459] PZCD
[09:38:30] [320/459] GOCS
[09:38:31] [321/459] KCMA
[09:38:32] [322/459] CCMP
[09:38:32] [323/459] MTSU
[09:38:33] [324/459] SNGL
[09:38:34] [325/459] MMMC
[09:38:35] [326/459] MMAA
[09:38:36] [327/459] GCDM
[09:38:37] [328/459] KTMV
[09:38:38] [329/459] AETE
[09:38:39] [330/459] OMCS
[09:38:40] [331/459] GDCD
[09:38:41] [332/459] NYMD
[09:38:42] [333/459] RNCV
[09:38:42] [334/459] KKMT
[09:38:43] [335/459] GDTH
[09:38:44] [336/459] KMMV
[09:38:45] [337/459] NHCG
[09:38:45] [338/459] PJDW
[09:38:46] [339/459] MMCV
[09:38:47] [340/459] FQSA
[09:38:48] [341/459] KURL
[09:38:48] [342/459] NNNX
[09:38:50] [343/459] AMAU
[09:38:51] [344/459] VVVM
[09:38:52] [345/459] VECU
[09:38:53] [346/459] WCVR
[09:38:54] [347/459] MTGG
[09:38:55] [348/459] SGTG
[09:38:56] [349/459] MNTG
[09:38:57] [350/459] JDDG
[09:38:57] [351/459] MBTK
[09:38:58] [352/459] SGCD
[09:38:59] [353/459] MCTC
[09:39:00] [354/459] JTPC
[09:39:01] [355/459] SDKT
[09:39:02] [356/459] KRCC
[09:39:04] [357/459] RMMD
[09:39:05] [358/459] AAME
[09:39:06] [359/459] TMWC
[09:39:07] [360/459] NRWY
[09:39:07] [361/459] CITD
[09:39:08] [362/459] VERD
[09:39:09] [363/459] MKSK
[09:39:10] [364/459] STSM
[09:39:11] [365/459] MJDG
[09:39:12] [366/459] RKPM
[09:39:12] [367/459] SSCE
[09:39:13] [368/459] VMAE
[09:39:14] [369/459] SBRU
[09:39:15] [370/459] AMBC
[09:39:16] [371/459] AMLU
[09:39:17] [372/459] INVZ
[09:39:18] [373/459] LGTV
[09:39:19] [374/459] SVAD
[09:39:19] [375/459] SMSA
[09:39:20] [376/459] SPCZ
[09:39:21] [377/459] GTCX
[09:39:22] [378/459] SCSL
[09:39:23] [379/459] SAHU
[09:39:23] [380/459] NCDA
[09:39:24] [381/459] SCCG
[09:39:25] [382/459] VKTL
[09:39:26] [383/459] PUUJ
[09:39:27] [384/459] STEJ
[09:39:28] [385/459] RJAL
[09:39:29] [386/459] ACJC
[09:39:31] [387/459] VTHC
[09:39:31] [388/459] ARVB
[09:39:32] [389/459] AUBB
[09:39:34] [390/459] GDBR
[09:39:34] [391/459] PVND
[09:39:35] [392/459] BGRJ
[09:39:36] [393/459] RJMM
[09:39:37] [394/459] MCSA
[09:39:38] [395/459] BODA
[09:39:39] [396/459] JAGG
[09:39:40] [397/459] SCGA
[09:39:41] [398/459] LRCM
[09:39:41] [399/459] CPCN
[09:39:42] [400/459] SSTF
[09:39:43] [401/459] SRXP
[09:39:44] [402/459] CNFX
[09:39:45] [403/459] ANDI
[09:39:45] [404/459] SYEW
[09:39:46] [405/459] RCRE
[09:39:47] [406/459] SCRW
[09:39:48] [407/459] MBKR
[09:39:49] [408/459] ASNT
[09:39:49] [409/459] JTMT
[09:39:50] [410/459] SHAY
[09:39:51] [411/459] VRTH
[09:39:52] [412/459] SPTI
[09:39:53] [413/459] DPTD
[09:39:54] [414/459] TGSN
[09:39:55] [415/459] RCWV
[09:39:56] [416/459] OCUR
[09:39:56] [417/459] KSTC
[09:39:57] [418/459] SANI
[09:39:58] [419/459] MLCA
[09:39:58] [420/459] EGCA
[09:39:59] [421/459] SYSN
[09:40:00] [422/459] PKTA
[09:40:01] [423/459] PRCC
[09:40:02] [424/459] KSTR
[09:40:03] [425/459] SNTP
[09:40:03] [426/459] RCHA
[09:40:04] [427/459] SEEA
[09:40:05] [428/459] ALAT
[09:40:06] [429/459] AATV
[09:40:07] [430/459] RJTE
[09:40:08] [431/459] AAPP
[09:40:09] [432/459] PMMH
[09:40:10] [433/459] INRJ
[09:40:10] [434/459] SARB
[09:40:12] [435/459] PCJL
[09:40:14] [436/459] PFJJ
[09:40:15] [437/459] GRDC
[09:40:15] [438/459] BCBA
[09:40:16] [439/459] VIXL
[09:40:17] [440/459] CSTL
[09:40:18] [441/459] MTDK
[09:40:19] [442/459] TDAC
[09:40:20] [443/459] GTDN
[09:40:22] [444/459] TTDE
[09:40:23] [445/459] ASTS
[09:40:23] [446/459] CPNS
[09:40:24] [447/459] PVVW
[09:40:25] [448/459] USEB
[09:40:26] [449/459] DTYN
[09:40:27] [450/459] PVLE
[09:40:28] [451/459] CIPS
[09:40:28] [452/459] PAEG
[09:40:29] [453/459] PTCW
[09:40:30] [454/459] G3SR
[09:40:31] [455/459] PGND
[09:40:32] [456/459] INVM
[09:40:33] [457/459] SPIA
[09:40:33] [458/459] PCSN
[09:40:34] [459/459] PPGV
[09:40:35] 🧹 Deduping shows
[09:40:35] ✅ DONE | Shows=209 | Movies=28
