[09:33:45] 🚀 SCRIPT STARTED
[09:33:45] [1/459] MCCZ
[09:33:45] 🧠 New identity created
[09:33:46] [2/459] FRPU
[09:33:47] [3/459] SKSI
[09:33:48] [4/459] SSCK
[09:33:48] [5/459] SRDC
[09:33:49] [6/459] RSCZ
[09:33:50] [7/459] PRVT
[09:33:51] [8/459] GAGJ
[09:33:51] [9/459] SMHG
[09:33:52] [10/459] JTST
[09:33:53] [11/459] MYTH
[09:33:54] [12/459] JPCC
[09:33:55] [13/459] ACDC
[09:33:56] [14/459] SVFP
[09:33:57] [15/459] SFCM
[09:33:58] [16/459] RUPK
[09:33:58] [17/459] NTCR
[09:33:59] [18/459] RTCH
[09:34:00] [19/459] SCMH
[09:34:01] [20/459] SVYM
[09:34:02] [21/459] SPYM
[09:34:03] [22/459] SMMF
[09:34:04] [23/459] CLLB
[09:34:05] [24/459] FMCB
[09:34:05] [25/459] BBTC
[09:34:06] [26/459] NTHS
[09:34:07] [27/459] PKKJ
[09:34:08] [28/459] MTJA
[09:34:09] [29/459] PMSJ
[09:34:10] [30/459] JMJU
[09:34:12] [31/459] SRAD
[09:34:12] [32/459] MJMC
[09:34:13] [33/459] DFRM
[09:34:14] [34/459] PMRS
[09:34:15] [35/459] RKPP
[09:34:16] [36/459] BMBK
[09:34:16] [37/459] NEWS
[09:34:17] [38/459] SALB
[09:34:18] [39/459] SCPW
[09:34:19] [40/459] RAYL
[09:34:20] [41/459] CMGJ
[09:34:21] [42/459] JRCR
[09:34:21] [43/459] SRTB
[09:34:22] [44/459] ETPB
[09:34:23] [45/459] MXBN
[09:34:24] [46/459] TOPE
[09:34:24] [47/459] SNLJ
[09:34:25] [48/459] CDDP
[09:34:26] [49/459] APCX
[09:34:27] [50/459] TALP
[09:34:28] [51/459] RRMP
[09:34:29] [52/459] MAHB
[09:34:29] [53/459] MTKR
[09:34:30] [54/459] KSKL
[09:34:31] [55/459] RJLT
[09:34:32] [56/459] ATAS
[09:34:33] [57/459] AMHR
[09:34:34] [58/459] RSRM
[09:34:35] [59/459] GCAT
[09:34:35] [60/459] SMML
[09:34:36] [61/459] ACCD
[09:34:37] [62/459] VYDA
[09:34:38] [63/459] MSKT
[09:34:39] [64/459] AVDM
[09:34:40] [65/459] ASMH
[09:34:41] [66/459] VTMB
[09:34:42] [67/459] WVMB
[09:34:43] [68/459] PPMN
[09:34:43] [69/459] MTMD
[09:34:44] [70/459] SMMO
[09:34:45] [71/459] DLPB
[09:34:47] [72/459] AKMD
[09:34:48] [73/459] SHRR
[09:34:49] [74/459] ASCO
[09:34:50] [75/459] CZVX
[09:34:51] [76/459] GCBB
[09:34:52] [77/459] ATBM
[09:34:53] [78/459] TCGM
[09:34:53] [79/459] UMSE
[09:34:54] [80/459] NKCL
[09:34:55] [81/459] BTLR
[09:34:56] [82/459] GOCL
[09:34:57] [83/459] MIRN
[09:34:57] [84/459] THEC
[09:34:58] [85/459] SPPB
[09:34:59] [86/459] PMMM
[09:35:00] [87/459] GGMC
[09:35:01] [88/459] AVSR
[09:35:02] [89/459] RDMH
[09:35:03] [90/459] JSRS
[09:35:04] [91/459] VKGP
[09:35:05] [92/459] ACRT
[09:35:06] [93/459] GCBA
[09:35:07] [94/459] GTCP
[09:35:07] [95/459] AKFC
[09:35:08] [96/459] INCS
[09:35:09] [97/459] SMCK
[09:35:10] [98/459] BRUN
[09:35:11] [99/459] RPPC
[09:35:11] [100/459] PAYD
[09:35:12] [101/459] SVVT
[09:35:13] [102/459] RNCC
[09:35:15] [103/459] PCRC
[09:35:15] [104/459] PMRM
[09:35:16] [105/459] CCRP
[09:35:17] [106/459] INCR
[09:35:18] [107/459] ZTMP
[09:35:19] [108/459] MCNR
[09:35:19] [109/459] INRP
[09:35:20] [110/459] STRC
[09:35:21] [111/459] RATI
[09:35:22] [112/459] PBTR
[09:35:22] [113/459] CMHP
[09:35:24] [114/459] ZECJ
[09:35:24] [115/459] CCCB
[09:35:25] [116/459] BWCB
[09:35:26] [117/459] CCAT
[09:35:27] [118/459] KGCM
[09:35:28] [119/459] INPT
[09:35:29] [120/459] FNCO
[09:35:29] [121/459] SRMJ
[09:35:30] [122/459] PFSC
[09:35:32] [123/459] PBMC
[09:35:33] [124/459] KARP
[09:35:34] [125/459] KOVI
[09:35:35] [126/459] ACXL
[09:35:36] [127/459] GKCC
[09:35:36] [128/459] ASCC
[09:35:37] [129/459] SETC
[09:35:38] [130/459] KACC
[09:35:39] [131/459] KAVE
[09:35:40] [132/459] CNTC
[09:35:40] [133/459] MEEN
[09:35:41] [134/459] BMRV
[09:35:42] [135/459] SVAM
[09:35:43] [136/459] VTBP
[09:35:44] [137/459] VCKN
[09:35:44] [138/459] SGTK
[09:35:45] [139/459] RCGS
[09:35:46] [140/459] RCCB
[09:35:46] [141/459] RKSR
[09:35:47] [142/459] RKCU
[09:35:48] [143/459] GIBH
[09:35:49] [144/459] CXBS
[09:35:50] [145/459] GGCB
[09:35:51] [146/459] SCPB
[09:35:52] [147/459] AKTB
[09:35:52] [148/459] SRBU
[09:35:53] [149/459] CSSA
[09:35:54] [150/459] MYAN
[09:35:55] [151/459] EXCA
[09:35:55] [152/459] CKSA
[09:35:56] [153/459] JTNM
[09:35:57] [154/459] CXKT
[09:35:58] [155/459] NCLM
[09:35:59] [156/459] JAAD
[09:36:00] [157/459] RDCR
[09:36:00] [158/459] MEER
[09:36:01] [159/459] SIBT
[09:36:02] [160/459] PVVB
[09:36:03] [161/459] FNPN
[09:36:05] [162/459] CRPX
[09:36:06] [163/459] STET
[09:36:07] [164/459] METE
[09:36:07] [165/459] BJML
[09:36:08] [166/459] MAVT
[09:36:09] [167/459] MSRM
[09:36:11] [168/459] TJMP
[09:36:11] [169/459] MHCK
[09:36:12] [170/459] SVGP
[09:36:13] [171/459] KRRC
[09:36:14] [172/459] IMCH
[09:36:14] [173/459] CMCS
[09:36:15] [174/459] SGND
[09:36:16] [175/459] RNAT
[09:36:17] [176/459] PRTN
[09:36:18] [177/459] MPTN
[09:36:19] [178/459] ARCC
[09:36:20] [179/459] NTTE
[09:36:20] [180/459] ABND
[09:36:21] [181/459] KCSN
[09:36:22] [182/459] KCSA
[09:36:23] [183/459] DCKT
[09:36:24] [184/459] MBBR
[09:36:25] [185/459] RAMU
[09:36:26] [186/459] RACW
[09:36:26] [187/459] MCHP
[09:36:27] [188/459] TMHM
[09:36:28] [189/459] STXH
[09:36:29] [190/459] AGSG
[09:36:30] [191/459] SIRA
[09:36:31] [192/459] RCAN
[09:36:32] [193/459] CWTB
[09:36:33] [194/459] VTYM
[09:36:34] [195/459] RRPP
[09:36:34] [196/459] ASMR
[09:36:35] [197/459] RONO
[09:36:36] [198/459] MEMR
[09:36:37] [199/459] CTMR
[09:36:38] [200/459] PMTT
[09:36:39] [201/459] PSLX
[09:36:39] [202/459] IPPL
[09:36:40] [203/459] MMSG
[09:36:41] [204/459] INEL
[09:36:42] [205/459] COAC
[09:36:43] [206/459] WVLK
[09:36:44] [207/459] PPXL
[09:36:45] [208/459] PSML
[09:36:46] [209/459] FNLK
[09:36:47] [210/459] ILUM
[09:36:47] [211/459] ILCM
[09:36:48] [212/459] MSNL
[09:36:49] [213/459] VINB
[09:36:50] [214/459] SALW
[09:36:51] [215/459] PRTB
[09:36:52] [216/459] NCIL
[09:36:53] [217/459] PSUL
[09:36:54] [218/459] SCLK
[09:36:55] [219/459] ADDC
[09:36:55] [220/459] OACL
[09:36:56] [221/459] OOCF
[09:36:57] [222/459] GPMF
[09:36:58] [223/459] SSDG
[09:36:59] [224/459] SKRS
[09:36:59] [225/459] NTTP
[09:37:00] [226/459] SLTP
[09:37:01] [227/459] JTLC
[09:37:02] [228/459] POON
[09:37:03] [229/459] CCPC
[09:37:04] [230/459] DCKC
[09:37:05] [231/459] CPRT
[09:37:06] [232/459] EYHZ
[09:37:07] [233/459] ARBL
[09:37:08] [234/459] SBTB
[09:37:09] [235/459] MMCK
[09:37:10] [236/459] PLMR
[09:37:11] [237/459] BIJH
[09:37:12] [238/459] SDRT
[09:37:13] [239/459] PRDC
[09:37:13] [240/459] OMJA
[09:37:14] [241/459] VKCR
[09:37:15] [242/459] ATRT
[09:37:16] [243/459] WVRP
[09:37:17] [244/459] MVRP
[09:37:18] [245/459] FCAX
[09:37:19] [246/459] CTLC
[09:37:19] [247/459] JCHB
[09:37:20] [248/459] SELP
[09:37:21] [249/459] VCPG
[09:37:22] [250/459] ASCX
[09:37:23] [251/459] EOCS
[09:37:23] [252/459] RCPH
[09:37:25] [253/459] RJTM
[09:37:26] [254/459] SGMD
[09:37:27] [255/459] SVJT
[09:37:27] [256/459] SPPO
[09:37:28] [257/459] MNRL
[09:37:29] [258/459] KNOX
[09:37:30] [259/459] GIER
[09:37:31] [260/459] PJMS
[09:37:32] [261/459] UNSP
[09:37:33] [262/459] JETP
[09:37:33] [263/459] VTWA
[09:37:34] [264/459] SCJI
[09:37:35] [265/459] CBZZ
[09:37:36] [266/459] SDCJ
[09:37:37] [267/459] RRCC
[09:37:37] [268/459] VNKG
[09:37:38] [269/459] LKTO
[09:37:39] [270/459] PJRM
[09:37:40] [271/459] NVRM
[09:37:41] [272/459] SJCS
[09:37:41] [273/459] VIGK
[09:37:42] [274/459] ANST
[09:37:43] [275/459] JTTS
[09:37:44] [276/459] NTST
[09:37:45] [277/459] PREB
[09:37:45] [278/459] TSCZ
[09:37:46] [279/459] CDCM
[09:37:47] [280/459] ELYE
[09:37:48] [281/459] INBS
[09:37:49] [282/459] SMGC
[09:37:49] [283/459] UTMP
[09:37:50] [284/459] INTA
[09:37:51] [285/459] OMPT
[09:37:51] [286/459] SCIR
[09:37:52] [287/459] GCKJ
[09:37:53] [288/459] INOG
[09:37:54] [289/459] SMGB
[09:37:55] [290/459] MCSG
[09:37:56] [291/459] STKG
[09:37:57] [292/459] TTKG
[09:37:57] [293/459] SRTR
[09:37:58] [294/459] ETTR
[09:37:59] [295/459] GGGZ
[09:38:00] [296/459] IPGM
[09:38:01] [297/459] FCDH
[09:38:01] [298/459] DESB
[09:38:03] [299/459] VNTP
[09:38:03] [300/459] ANNT
[09:38:04] [301/459] SLTI
[09:38:05] [302/459] MAJU
[09:38:07] [303/459] JCXP
[09:38:08] [304/459] HARK
[09:38:09] [305/459] JPCJ
[09:38:10] [306/459] RXBD
[09:38:10] [307/459] PTKJ
[09:38:11] [308/459] CMTU
[09:38:12] [309/459] SWOR
[09:38:13] [310/459] JMEX
[09:38:14] [311/459] DTPT
[09:38:15] [312/459] VGMM
[09:38:16] [313/459] VCSG
[09:38:17] [314/459] CVCG
[09:38:17] [315/459] TNTT
[09:38:18] [316/459] SHRM
[09:38:19] [317/459] CGKD
[09:38:20] [318/459] EKCM
[09:38:21] [319/459] SDCX
[09:38:22] [320/459] SBTE
[09:38:23] [321/459] STKJ
[09:38:23] [322/459] TPCE
[09:38:24] [323/459] JTNP
[09:38:25] [324/459] LPCH
[09:38:26] [325/459] CPUO
[09:38:27] [326/459] APSU
[09:38:27] [327/459] RTHC
[09:38:28] [328/459] PTBU
[09:38:29] [329/459] CUCC
[09:38:30] [330/459] CPSA
[09:38:31] [331/459] SUAY
[09:38:32] [332/459] AYAA
[09:38:32] [333/459] MUCH
[09:38:33] [334/459] PCIN
[09:38:34] [335/459] JRRM
[09:38:35] [336/459] KATS
[09:38:36] [337/459] MHFF
[09:38:37] [338/459] ESYM
[09:38:38] [339/459] STYV
[09:38:39] [340/459] SDKG
[09:38:39] [341/459] SMTI
[09:38:40] [342/459] NYCS
[09:38:41] [343/459] MTBG
[09:38:42] [344/459] RHCA
[09:38:43] [345/459] PCKH
[09:38:44] [346/459] ARCR
[09:38:45] [347/459] NCMB
[09:38:46] [348/459] SHYC
[09:38:47] [349/459] LACK
[09:38:48] [350/459] MTCM
[09:38:49] [351/459] RRBN
[09:38:50] [352/459] MYDC
[09:38:51] [353/459] STCS
[09:38:51] [354/459] CONN
[09:38:52] [355/459] SIPS
[09:38:53] [356/459] SMMX
[09:38:54] [357/459] SCBY
[09:38:54] [358/459] SUAP
[09:38:56] [359/459] RSMK
[09:38:57] [360/459] STKP
[09:38:58] [361/459] CIPC
[09:38:59] [362/459] KKCI
[09:39:00] [363/459] CTNK
[09:39:01] [364/459] MMTZ
[09:39:02] [365/459] DCCO
[09:39:02] [366/459] VNMN
[09:39:03] [367/459] RLCN
[09:39:04] [368/459] CMMS
[09:39:05] [369/459] AYOU
[09:39:06] [370/459] SSCN
[09:39:07] [371/459] SMXN
[09:39:07] [372/459] ASSK
[09:39:08] [373/459] VCKM
[09:39:09] [374/459] PCPH
[09:39:10] [375/459] PADM
[09:39:11] [376/459] IESA
[09:39:11] [377/459] VCSP
[09:39:12] [378/459] AEST
[09:39:13] [379/459] VTNR
[09:39:14] [380/459] GTTA
[09:39:15] [381/459] CMMM
[09:39:15] [382/459] AHKT
[09:39:16] [383/459] SIJI
[09:39:17] [384/459] VCEI
[09:39:18] [385/459] SAKR
[09:39:18] [386/459] VSMT
[09:39:19] [387/459] SSCT
[09:39:20] [388/459] USTR
[09:39:21] [389/459] MTKT
[09:39:22] [390/459] TGMP
[09:39:23] [391/459] SIVC
[09:39:25] [392/459] KICT
[09:39:26] [393/459] DAMD
[09:39:27] [394/459] CNPT
[09:39:28] [395/459] RVTT
[09:39:29] [396/459] SNCM
[09:39:30] [397/459] GHTE
[09:39:30] [398/459] PPAM
[09:39:31] [399/459] PVAA
[09:39:33] [400/459] CPAO
[09:39:33] [401/459] HAMD
[09:39:34] [402/459] RCCA
[09:39:35] [403/459] MPCH
[09:39:35] [404/459] ARED
[09:39:36] [405/459] RRCV
[09:39:37] [406/459] MTRB
[09:39:38] [407/459] CKUA
[09:39:38] [408/459] ABMP
[09:39:39] [409/459] RCWA
[09:39:40] [410/459] CGAR
[09:39:41] [411/459] METH
[09:39:42] [412/459] WAGA
[09:39:43] [413/459] MCMA
[09:39:44] [414/459] CSMP
[09:39:44] [415/459] RCNK
[09:39:45] [416/459] PSTM
[09:39:46] [417/459] CSEP
[09:39:47] [418/459] AMGD
[09:39:48] [419/459] CSTE
[09:39:49] [420/459] CONS
[09:39:51] [421/459] APPX
[09:39:51] [422/459] MABC
[09:39:52] [423/459] CXST
[09:39:53] [424/459] MATN
[09:39:54] [425/459] MACZ
[09:39:54] [426/459] MASA
[09:39:55] [427/459] MBSX
[09:39:56] [428/459] CSST
[09:39:57] [429/459] APCL
[09:39:58] [430/459] CGOS
[09:39:59] [431/459] CPEC
[09:40:00] [432/459] MCCP
[09:40:00] [433/459] BSSO
[09:40:01] [434/459] SJKA
[09:40:02] [435/459] CGBO
[09:40:03] [436/459] MVSK
[09:40:03] [437/459] HVCA
[09:40:04] [438/459] NAMD
[09:40:05] [439/459] DEVI
[09:40:06] [440/459] SCSV
[09:40:06] [441/459] PSMA
[09:40:07] [442/459] CLDJ
[09:40:08] [443/459] NMAD
[09:40:09] [444/459] CGMO
[09:40:10] [445/459] MCNA
[09:40:11] [446/459] OCBN
[09:40:11] [447/459] CPEM
[09:40:12] [448/459] CPSM
[09:40:13] [449/459] RCAD
[09:40:14] [450/459] CPMU
[09:40:15] [451/459] DICD
[09:40:15] [452/459] CHOE
[09:40:16] [453/459] PDJM
[09:40:18] [454/459] SSTU
[09:40:19] [455/459] VNRN
[09:40:20] [456/459] PVLG
[09:40:21] [457/459] SWBL
[09:40:22] [458/459] SCAB
[09:40:23] [459/459] RDDA
[09:40:24] 🧹 Deduping shows
[09:40:24] ✅ DONE | Shows=107 | Movies=26
