[09:33:41] 🚀 SCRIPT STARTED
[09:33:41] [1/296] CDCA
[09:33:41] 🧠 New identity created
[09:33:43] [2/296] MNSR
[09:33:44] [3/296] CSSL
[09:33:45] [4/296] BGGM
[09:33:46] [5/296] MANT
[09:33:46] [6/296] SOOY
[09:33:48] [7/296] VPPK
[09:33:49] [8/296] MYHJ
[09:33:50] [9/296] KSCK
[09:33:51] [10/296] KATK
[09:33:52] [11/296] RTRT
[09:33:53] [12/296] SSTT
[09:33:54] [13/296] SSTV
[09:33:55] [14/296] LACM
[09:33:56] [15/296] SGMG
[09:33:56] [16/296] KACX
[09:33:57] [17/296] GVCP
[09:33:58] [18/296] CSNC
[09:33:59] [19/296] SXCB
[09:34:00] [20/296] BAHS
[09:34:01] [21/296] PCBI
[09:34:02] [22/296] PSSM
[09:34:03] [23/296] RCOK
[09:34:04] [24/296] SCPF
[09:34:05] [25/296] SSAS
[09:34:06] [26/296] EVMM
[09:34:07] [27/296] SYCB
[09:34:08] [28/296] GCKI
[09:34:09] [29/296] IAET
[09:34:10] [30/296] DDTD
[09:34:10] [31/296] GMDH
[09:34:11] [32/296] STLE
[09:34:12] [33/296] JTRA
[09:34:13] [34/296] RPPA
[09:34:14] [35/296] ARUT
[09:34:15] [36/296] JTVM
[09:34:16] [37/296] SWRH
[09:34:17] [38/296] DCPC
[09:34:18] [39/296] RAPR
[09:34:19] [40/296] GCRT
[09:34:20] [41/296] ATUN
[09:34:21] [42/296] LTRM
[09:34:22] [43/296] TASR
[09:34:22] [44/296] RLLC
[09:34:23] [45/296] MABI
[09:34:24] [46/296] SVHB
[09:34:25] [47/296] NVTB
[09:34:26] [48/296] KCKG
[09:34:27] [49/296] SSRN
[09:34:28] [50/296] VDDC
[09:34:29] [51/296] GKTK
[09:34:30] [52/296] YFSN
[09:34:30] [53/296] GCSG
[09:34:31] [54/296] ESSM
[09:34:32] [55/296] KRIH
[09:34:33] [56/296] GCDS
[09:34:34] [57/296] CCSH
[09:34:35] [58/296] ACSK
[09:34:36] [59/296] APRK
[09:34:36] [60/296] ADKM
[09:34:38] [61/296] SRDM
[09:34:40] [62/296] RMOG
[09:34:41] [63/296] SJMY
[09:34:41] [64/296] PGGC
[09:34:42] [65/296] INGM
[09:34:43] [66/296] LSCB
[09:34:44] [67/296] STAD
[09:34:45] [68/296] MCCR
[09:34:45] [69/296] ABCC
[09:34:46] [70/296] RKCC
[09:34:47] [71/296] RTCR
[09:34:47] [72/296] GGBC
[09:34:49] [73/296] GCSD
[09:34:50] [74/296] LPTY
[09:34:51] [75/296] MCFD
[09:34:51] [76/296] HENN
[09:34:53] [77/296] SMKU
[09:34:54] [78/296] TNZC
[09:34:54] [79/296] DRCD
[09:34:55] [80/296] DLCD
[09:34:56] [81/296] RCDA
[09:34:57] [82/296] COSM
[09:34:58] [83/296] MCMJ
[09:34:59] [84/296] CSTR
[09:34:59] [85/296] CVDK
[09:35:00] [86/296] INRR
[09:35:01] [87/296] RJRT
[09:35:02] [88/296] IRMR
[09:35:03] [89/296] SRCF
[09:35:04] [90/296] GRCR
[09:35:05] [91/296] SURC
[09:35:06] [92/296] NMNH
[09:35:07] [93/296] SVBL
[09:35:08] [94/296] KACI
[09:35:09] [95/296] TDGO
[09:35:09] [96/296] KTBR
[09:35:10] [97/296] PMAD
[09:35:11] [98/296] CCPN
[09:35:12] [99/296] SBTK
[09:35:13] [100/296] LMDK
[09:35:14] [101/296] PGDA
[09:35:15] [102/296] SRML
[09:35:15] [103/296] EVCK
[09:35:16] [104/296] RTTK
[09:35:17] [105/296] SRTU
[09:35:18] [106/296] VRSA
[09:35:18] [107/296] VARS
[09:35:19] [108/296] DSCZ
[09:35:20] [109/296] GAGA
[09:35:21] [110/296] SARV
[09:35:22] [111/296] SEEG
[09:35:22] [112/296] GLCA
[09:35:23] [113/296] APAS
[09:35:24] [114/296] VCIA
[09:35:25] [115/296] SJTA
[09:35:25] [116/296] SABM
[09:35:26] [117/296] PPAG
[09:35:28] [118/296] RVCA
[09:35:29] [119/296] CCIA
[09:35:30] [120/296] HTAG
[09:35:31] [121/296] SMBI
[09:35:32] [122/296] MCJR
[09:35:33] [123/296] CCJR
[09:35:34] [124/296] SINF
[09:35:35] [125/296] CPLX
[09:35:36] [126/296] KKTJ
[09:35:36] [127/296] GDBW
[09:35:37] [128/296] CSUB
[09:35:38] [129/296] DABA
[09:35:39] [130/296] TITR
[09:35:39] [131/296] NYCR
[09:35:40] [132/296] RTRY
[09:35:41] [133/296] JTJL
[09:35:42] [134/296] SJCP
[09:35:43] [135/296] KCCA
[09:35:43] [136/296] MLPG
[09:35:44] [137/296] VRCK
[09:35:45] [138/296] SRIN
[09:35:46] [139/296] CXMK
[09:35:47] [140/296] SKAD
[09:35:47] [141/296] AVTR
[09:35:48] [142/296] PTAJ
[09:35:49] [143/296] SCNK
[09:35:50] [144/296] STTI
[09:35:51] [145/296] KACR
[09:35:52] [146/296] SSDX
[09:35:52] [147/296] VRTJ
[09:35:53] [148/296] RAJD
[09:35:54] [149/296] SCIP
[09:35:55] [150/296] RJSL
[09:35:55] [151/296] ARRS
[09:35:56] [152/296] ASMS
[09:35:57] [153/296] RDTS
[09:35:58] [154/296] DVMY
[09:35:58] [155/296] RASA
[09:36:00] [156/296] INOM
[09:36:01] [157/296] SPRS
[09:36:02] [158/296] SGCS
[09:36:02] [159/296] SALM
[09:36:03] [160/296] PKHC
[09:36:04] [161/296] RCSV
[09:36:05] [162/296] CPKC
[09:36:06] [163/296] AACD
[09:36:07] [164/296] GGCV
[09:36:07] [165/296] SMKD
[09:36:08] [166/296] NBCH
[09:36:09] [167/296] AMCB
[09:36:10] [168/296] OPCN
[09:36:11] [169/296] DCIN
[09:36:12] [170/296] INGW
[09:36:12] [171/296] PKKW
[09:36:13] [172/296] FNGW
[09:36:14] [173/296] GCGD
[09:36:15] [174/296] MSTW
[09:36:15] [175/296] KCCG
[09:36:16] [176/296] MRSS
[09:36:17] [177/296] CLCF
[09:36:18] [178/296] EETS
[09:36:19] [179/296] AATR
[09:36:20] [180/296] CMMN
[09:36:21] [181/296] SCCJ
[09:36:22] [182/296] CDTK
[09:36:23] [183/296] AICP
[09:36:23] [184/296] FNBP
[09:36:24] [185/296] CBPB
[09:36:25] [186/296] CPAS
[09:36:26] [187/296] MAPM
[09:36:27] [188/296] PASD
[09:36:27] [189/296] JCMN
[09:36:28] [190/296] MALB
[09:36:29] [191/296] SACG
[09:36:30] [192/296] DDRX
[09:36:31] [193/296] DDXB
[09:36:31] [194/296] RAMC
[09:36:32] [195/296] SANC
[09:36:34] [196/296] BCBP
[09:36:35] [197/296] ALPC
[09:36:36] [198/296] RBAC
[09:36:37] [199/296] RAJL
[09:36:38] [200/296] MPDX
[09:36:39] [201/296] MUSC
[09:36:40] [202/296] VKMK
[09:36:41] [203/296] SKCG
[09:36:42] [204/296] ANCN
[09:36:43] [205/296] MMCJ
[09:36:44] [206/296] DCAK
[09:36:45] [207/296] SCKG
[09:36:46] [208/296] LMCK
[09:36:47] [209/296] CKKX
[09:36:47] [210/296] ANKU
[09:36:48] [211/296] CSMD
[09:36:49] [212/296] MKMP
[09:36:50] [213/296] SVBG
[09:36:51] [214/296] ROOP
[09:36:52] [215/296] GDMT
[09:36:52] [216/296] FPPF
[09:36:53] [217/296] SFUU
[09:36:54] [218/296] ANCB
[09:36:55] [219/296] SMMC
[09:36:56] [220/296] UGKT
[09:36:57] [221/296] JVRM
[09:36:58] [222/296] BATG
[09:36:58] [223/296] RATE
[09:36:59] [224/296] SKME
[09:37:00] [225/296] LMTP
[09:37:01] [226/296] TCBD
[09:37:01] [227/296] ESBD
[09:37:02] [228/296] GDCU
[09:37:03] [229/296] SNKT
[09:37:04] [230/296] SRNK
[09:37:05] [231/296] SMED
[09:37:05] [232/296] CSQS
[09:37:06] [233/296] ALCS
[09:37:07] [234/296] KCKN
[09:37:08] [235/296] VCCL
[09:37:09] [236/296] MCDA
[09:37:10] [237/296] SHMI
[09:37:11] [238/296] SKHA
[09:37:12] [239/296] SVFK
[09:37:13] [240/296] INVB
[09:37:13] [241/296] MELD
[09:37:14] [242/296] JTYS
[09:37:15] [243/296] INCM
[09:37:16] [244/296] MCDV
[09:37:17] [245/296] KSGK
[09:37:18] [246/296] ICMG
[09:37:18] [247/296] CSCV
[09:37:19] [248/296] STMD
[09:37:20] [249/296] STTR
[09:37:21] [250/296] INVC
[09:37:21] [251/296] JTBL
[09:37:22] [252/296] SRVV
[09:37:23] [253/296] MAVC
[09:37:24] [254/296] SRPP
[09:37:25] [255/296] JGDM
[09:37:26] [256/296] MBSJ
[09:37:26] [257/296] SSLL
[09:37:27] [258/296] SLKP
[09:37:28] [259/296] NSRV
[09:37:29] [260/296] UTDV
[09:37:30] [261/296] KICM
[09:37:31] [262/296] KCMD
[09:37:31] [263/296] TTPP
[09:37:32] [264/296] KMPV
[09:37:34] [265/296] SKTV
[09:37:35] [266/296] STCV
[09:37:36] [267/296] SRDA
[09:37:37] [268/296] JTSX
[09:37:38] [269/296] STBV
[09:37:39] [270/296] APVZ
[09:37:40] [271/296] GSTV
[09:37:42] [272/296] NMVS
[09:37:43] [273/296] SKRT
[09:37:43] [274/296] RMDV
[09:37:44] [275/296] RATG
[09:37:45] [276/296] SJYV
[09:37:46] [277/296] NDGP
[09:37:47] [278/296] SNDG
[09:37:48] [279/296] INSR
[09:37:49] [280/296] INSO
[09:37:49] [281/296] CCSI
[09:37:50] [282/296] RASM
[09:37:51] [283/296] NEWC
[09:37:52] [284/296] VSHL
[09:37:53] [285/296] BISW
[09:37:54] [286/296] GCNG
[09:37:54] [287/296] CWSC
[09:37:55] [288/296] SKAN
[09:37:56] [289/296] SEHP
[09:37:57] [290/296] CCOA
[09:37:57] [291/296] MCAJ
[09:37:58] [292/296] ACDE
[09:37:59] [293/296] AACM
[09:38:00] [294/296] JJCK
[09:38:01] [295/296] RCMO
[09:38:02] [296/296] GDAW
[09:38:03] 🧹 Deduping shows
[09:38:03] ✅ DONE | Shows=69 | Movies=11
