[09:33:43] 🚀 SCRIPT STARTED
[09:33:43] [1/324] GCTA
[09:33:43] 🧠 New identity created
[09:33:44] [2/324] TOPN
[09:33:45] [3/324] MCUS
[09:33:46] [4/324] SHRL
[09:33:47] [5/324] UPTP
[09:33:48] [6/324] TMMP
[09:33:48] [7/324] DNRP
[09:33:49] [8/324] SRLT
[09:33:50] [9/324] RCNS
[09:33:51] [10/324] DCBH
[09:33:53] [11/324] NAGJ
[09:33:54] [12/324] JVRC
[09:33:54] [13/324] KRJG
[09:33:55] [14/324] SRTJ
[09:33:56] [15/324] CMXM
[09:33:57] [16/324] STMI
[09:33:58] [17/324] SLST
[09:33:59] [18/324] DTCN
[09:34:00] [19/324] STYN
[09:34:01] [20/324] SZVR
[09:34:01] [21/324] SRKO
[09:34:02] [22/324] JTGT
[09:34:03] [23/324] SVFD
[09:34:04] [24/324] SISD
[09:34:05] [25/324] ABDD
[09:34:06] [26/324] DRCA
[09:34:07] [27/324] AVCS
[09:34:07] [28/324] MVKH
[09:34:08] [29/324] ACPR
[09:34:10] [30/324] STIP
[09:34:11] [31/324] MTRA
[09:34:12] [32/324] RMKH
[09:34:13] [33/324] NKRL
[09:34:14] [34/324] PCWN
[09:34:15] [35/324] BLMT
[09:34:15] [36/324] GDPG
[09:34:16] [37/324] SRMX
[09:34:17] [38/324] JACP
[09:34:18] [39/324] CPSH
[09:34:19] [40/324] MCCD
[09:34:20] [41/324] ECGH
[09:34:21] [42/324] MKCK
[09:34:22] [43/324] SRMM
[09:34:22] [44/324] SKYR
[09:34:23] [45/324] PCKC
[09:34:25] [46/324] JCMA
[09:34:25] [47/324] BSMP
[09:34:26] [48/324] VSPA
[09:34:27] [49/324] DJYA
[09:34:28] [50/324] DIMP
[09:34:29] [51/324] FXDR
[09:34:30] [52/324] SSRC
[09:34:31] [53/324] STHP
[09:34:32] [54/324] CPPD
[09:34:32] [55/324] FCLK
[09:34:33] [56/324] SCPP
[09:34:34] [57/324] DCMJ
[09:34:35] [58/324] RCCR
[09:34:36] [59/324] INMT
[09:34:37] [60/324] LXTK
[09:34:38] [61/324] SRYK
[09:34:39] [62/324] SGDK
[09:34:40] [63/324] PPKA
[09:34:41] [64/324] SPKA
[09:34:42] [65/324] CGHH
[09:34:43] [66/324] DCJN
[09:34:43] [67/324] SRKV
[09:34:44] [68/324] SAJC
[09:34:45] [69/324] SUSR
[09:34:46] [70/324] STYG
[09:34:47] [71/324] NTKP
[09:34:48] [72/324] AKTG
[09:34:49] [73/324] CGCM
[09:34:49] [74/324] TULC
[09:34:50] [75/324] NYYZ
[09:34:51] [76/324] NYBW
[09:34:52] [77/324] MACB
[09:34:52] [78/324] SLVT
[09:34:54] [79/324] SANA
[09:34:55] [80/324] ACMR
[09:34:56] [81/324] CPKN
[09:34:56] [82/324] DLGK
[09:34:57] [83/324] CWCK
[09:34:58] [84/324] FDDH
[09:34:59] [85/324] MMMD
[09:35:00] [86/324] CMEH
[09:35:01] [87/324] GGGV
[09:35:01] [88/324] SPJL
[09:35:02] [89/324] RCCD
[09:35:03] [90/324] STTZ
[09:35:04] [91/324] BTCF
[09:35:04] [92/324] TSTZ
[09:35:05] [93/324] IPMM
[09:35:06] [94/324] PMPW
[09:35:07] [95/324] PCMZ
[09:35:08] [96/324] ESEM
[09:35:08] [97/324] PIPO
[09:35:09] [98/324] MATK
[09:35:11] [99/324] PGHM
[09:35:11] [100/324] CTSR
[09:35:12] [101/324] CYKR
[09:35:13] [102/324] MSCM
[09:35:14] [103/324] RFNP
[09:35:15] [104/324] PDCP
[09:35:16] [105/324] NPSE
[09:35:17] [106/324] MKML
[09:35:18] [107/324] FTDP
[09:35:18] [108/324] MMXA
[09:35:19] [109/324] CEPO
[09:35:20] [110/324] CMVP
[09:35:21] [111/324] SGTH
[09:35:22] [112/324] SAYN
[09:35:23] [113/324] URVS
[09:35:23] [114/324] VJTN
[09:35:24] [115/324] BBYK
[09:35:25] [116/324] SHBO
[09:35:26] [117/324] VCMR
[09:35:27] [118/324] MACT
[09:35:28] [119/324] JMNP
[09:35:29] [120/324] VICS
[09:35:30] [121/324] VCDA
[09:35:30] [122/324] GCMM
[09:35:31] [123/324] INVS
[09:35:32] [124/324] SCGM
[09:35:33] [125/324] PCDA
[09:35:34] [126/324] KDCT
[09:35:35] [127/324] JACS
[09:35:36] [128/324] GMMC
[09:35:37] [129/324] AICM
[09:35:38] [130/324] TJCM
[09:35:39] [131/324] RMTI
[09:35:40] [132/324] SHAC
[09:35:41] [133/324] APJC
[09:35:41] [134/324] GCTG
[09:35:42] [135/324] SSMC
[09:35:43] [136/324] THRM
[09:35:44] [137/324] RBCT
[09:35:44] [138/324] DIKT
[09:35:45] [139/324] MIDL
[09:35:46] [140/324] VCSN
[09:35:47] [141/324] SKTG
[09:35:48] [142/324] SMWC
[09:35:49] [143/324] MNKH
[09:35:50] [144/324] PIAT
[09:35:51] [145/324] LTTP
[09:35:52] [146/324] PTPU
[09:35:53] [147/324] ACMG
[09:35:54] [148/324] SHMM
[09:35:55] [149/324] MCMN
[09:35:56] [150/324] GLDC
[09:35:56] [151/324] HOUT
[09:35:57] [152/324] SVRP
[09:35:58] [153/324] PVDN
[09:35:59] [154/324] SCPY
[09:36:00] [155/324] DTPY
[09:36:01] [156/324] GKCS
[09:36:01] [157/324] NCAM
[09:36:02] [158/324] BSRM
[09:36:03] [159/324] RCLC
[09:36:04] [160/324] SKKD
[09:36:05] [161/324] ACHU
[09:36:05] [162/324] RSCF
[09:36:06] [163/324] IMSH
[09:36:07] [164/324] MACX
[09:36:08] [165/324] HMMW
[09:36:09] [166/324] JTCP
[09:36:09] [167/324] SREN
[09:36:10] [168/324] PJRR
[09:36:11] [169/324] INAC
[09:36:12] [170/324] BMCA
[09:36:13] [171/324] SHCB
[09:36:14] [172/324] GABA
[09:36:14] [173/324] SBCT
[09:36:15] [174/324] GCMA
[09:36:16] [175/324] MYTK
[09:36:18] [176/324] INZS
[09:36:19] [177/324] RMIK
[09:36:19] [178/324] NYCH
[09:36:20] [179/324] RAVE
[09:36:21] [180/324] PSXM
[09:36:22] [181/324] MCGP
[09:36:22] [182/324] PDDK
[09:36:23] [183/324] SPCK
[09:36:24] [184/324] MCRL
[09:36:25] [185/324] MHKT
[09:36:26] [186/324] ANRR
[09:36:27] [187/324] SAPK
[09:36:28] [188/324] NCUK
[09:36:29] [189/324] JUGA
[09:36:30] [190/324] DBSC
[09:36:31] [191/324] LALK
[09:36:32] [192/324] GUCK
[09:36:32] [193/324] STSG
[09:36:33] [194/324] PPPZ
[09:36:34] [195/324] CNCY
[09:36:35] [196/324] MTAR
[09:36:36] [197/324] VNKD
[09:36:37] [198/324] KMAJ
[09:36:38] [199/324] ACXK
[09:36:38] [200/324] UTKC
[09:36:39] [201/324] PBLK
[09:36:40] [202/324] ACBX
[09:36:42] [203/324] PTGM
[09:36:43] [204/324] BTDA
[09:36:43] [205/324] PJMB
[09:36:44] [206/324] TPDA
[09:36:45] [207/324] AMOE
[09:36:46] [208/324] PRHT
[09:36:48] [209/324] PRTA
[09:36:49] [210/324] STAM
[09:36:49] [211/324] MSAA
[09:36:50] [212/324] SDLU
[09:36:51] [213/324] RCHH
[09:36:52] [214/324] KANT
[09:36:53] [215/324] FCRT
[09:36:54] [216/324] DNKM
[09:36:56] [217/324] RYCP
[09:36:56] [218/324] MYRP
[09:36:57] [219/324] PPAK
[09:36:58] [220/324] NVPK
[09:36:59] [221/324] PRMC
[09:37:00] [222/324] JBCS
[09:37:01] [223/324] GXCK
[09:37:02] [224/324] USKO
[09:37:02] [225/324] GTEM
[09:37:03] [226/324] SMBU
[09:37:04] [227/324] VETC
[09:37:05] [228/324] LCDA
[09:37:05] [229/324] MTVT
[09:37:06] [230/324] PYCP
[09:37:07] [231/324] PNSC
[09:37:08] [232/324] PPCC
[09:37:09] [233/324] TGRT
[09:37:10] [234/324] JYOT
[09:37:11] [235/324] SRCZ
[09:37:11] [236/324] SJTE
[09:37:12] [237/324] DESC
[09:37:13] [238/324] JHVN
[09:37:14] [239/324] IPSG
[09:37:14] [240/324] IPCM
[09:37:15] [241/324] PDRS
[09:37:16] [242/324] ANCV
[09:37:17] [243/324] CMVV
[09:37:18] [244/324] SHYP
[09:37:18] [245/324] DNCS
[09:37:19] [246/324] GAJK
[09:37:20] [247/324] AKTN
[09:37:21] [248/324] KAYA
[09:37:21] [249/324] SBRC
[09:37:22] [250/324] CHTP
[09:37:23] [251/324] SHRT
[09:37:24] [252/324] BCKU
[09:37:25] [253/324] FCPS
[09:37:26] [254/324] ARDD
[09:37:26] [255/324] CPCM
[09:37:27] [256/324] CGSM
[09:37:28] [257/324] PSMP
[09:37:29] [258/324] SDAL
[09:37:30] [259/324] RTNB
[09:37:30] [260/324] LMCR
[09:37:31] [261/324] CIMA
[09:37:32] [262/324] RNAS
[09:37:33] [263/324] LITH
[09:37:34] [264/324] PBOX
[09:37:35] [265/324] FRTS
[09:37:36] [266/324] RKIC
[09:37:37] [267/324] PTAI
[09:37:38] [268/324] GCIC
[09:37:38] [269/324] FNAS
[09:37:39] [270/324] SCAR
[09:37:40] [271/324] MTCA
[09:37:41] [272/324] SCTS
[09:37:42] [273/324] SYCS
[09:37:42] [274/324] RDMS
[09:37:43] [275/324] KAMP
[09:37:44] [276/324] ERSD
[09:37:45] [277/324] MJMJ
[09:37:45] [278/324] SRCJ
[09:37:46] [279/324] SCXE
[09:37:47] [280/324] SVFR
[09:37:48] [281/324] BHCS
[09:37:48] [282/324] IMCC
[09:37:49] [283/324] PCBO
[09:37:50] [284/324] PRVN
[09:37:51] [285/324] AUPM
[09:37:51] [286/324] INBW
[09:37:52] [287/324] SVCW
[09:37:53] [288/324] RKCF
[09:37:54] [289/324] UVBH
[09:37:55] [290/324] DNCY
[09:37:55] [291/324] ABCN
[09:37:56] [292/324] PRUR
[09:37:57] [293/324] PFMR
[09:37:58] [294/324] RKCN
[09:37:59] [295/324] CFEA
[09:38:00] [296/324] SDBG
[09:38:01] [297/324] SNAR
[09:38:02] [298/324] YISI
[09:38:03] [299/324] JCFF
[09:38:04] [300/324] VTRK
[09:38:05] [301/324] PCLZ
[09:38:05] [302/324] DIMY
[09:38:06] [303/324] BBTS
[09:38:08] [304/324] GATH
[09:38:09] [305/324] GTMN
[09:38:09] [306/324] VTMH
[09:38:10] [307/324] CCKP
[09:38:11] [308/324] GPKA
[09:38:12] [309/324] MHCL
[09:38:13] [310/324] ATCL
[09:38:14] [311/324] SBCK
[09:38:15] [312/324] AMMR
[09:38:16] [313/324] MADC
[09:38:17] [314/324] TMMA
[09:38:18] [315/324] CACC
[09:38:19] [316/324] CHAL
[09:38:20] [317/324] DURG
[09:38:21] [318/324] GMKU
[09:38:22] [319/324] GECA
[09:38:23] [320/324] KYRR
[09:38:23] [321/324] KSDE
[09:38:24] [322/324] LMCI
[09:38:25] [323/324] NKCP
[09:38:26] [324/324] BGTC
[09:38:27] 🧹 Deduping shows
[09:38:27] ✅ DONE | Shows=103 | Movies=18
