[19:12:51] 🚀 SCRIPT STARTED
[19:12:51] [1/445] TGMR
[19:12:51] 🧠 New identity created
[19:12:52] [2/445] CXKR
[19:12:52] [3/445] SROP
[19:12:53] [4/445] GTSV
[19:12:54] [5/445] SNTY
[19:12:55] [6/445] SMYY
[19:12:56] [7/445] CNCS
[19:12:57] [8/445] CSTM
[19:12:58] [9/445] NUCD
[19:12:59] [10/445] SHCZ
[19:13:00] [11/445] NJCT
[19:13:00] [12/445] COPC
[19:13:01] [13/445] STVV
[19:13:03] [14/445] SKRN
[19:13:03] [15/445] APPZ
[19:13:04] [16/445] YMGN
[19:13:05] [17/445] SVTU
[19:13:06] [18/445] GTAD
[19:13:07] [19/445] PSUS
[19:13:08] [20/445] SMCD
[19:13:09] [21/445] CMCM
[19:13:10] [22/445] SYCT
[19:13:11] [23/445] STLY
[19:13:11] [24/445] CMHU
[19:13:12] [25/445] CMSA
[19:13:13] [26/445] CLCU
[19:13:14] [27/445] PPNT
[19:13:15] [28/445] JTAB
[19:13:15] [29/445] BUUC
[19:13:16] [30/445] BSVK
[19:13:17] [31/445] VVVQ
[19:13:17] [32/445] TKMU
[19:13:18] [33/445] ESYL
[19:13:19] [34/445] ACHP
[19:13:20] [35/445] BTKD
[19:13:21] [36/445] DESA
[19:13:22] [37/445] GBCT
[19:13:22] [38/445] BLLD
[19:13:23] [39/445] SKNT
[19:13:24] [40/445] SSTE
[19:13:25] [41/445] VJMR
[19:13:26] [42/445] NTPU
[19:13:27] [43/445] RDKN
[19:13:28] [44/445] ADGC
[19:13:29] [45/445] VRBP
[19:13:30] [46/445] NMNA
[19:13:30] [47/445] CMMX
[19:13:31] [48/445] PTKO
[19:13:32] [49/445] RBML
[19:13:33] [50/445] SAIC
[19:13:34] [51/445] SVTJ
[19:13:34] [52/445] MRTE
[19:13:35] [53/445] RBTP
[19:13:36] [54/445] NLPS
[19:13:37] [55/445] GTNA
[19:13:38] [56/445] DGGC
[19:13:39] [57/445] SMCR
[19:13:40] [58/445] SCGD
[19:13:40] [59/445] SRRJ
[19:13:41] [60/445] CNRY
[19:13:43] [61/445] KTDI
[19:13:44] [62/445] SNJL
[19:13:45] [63/445] RKMD
[19:13:46] [64/445] SMDC
[19:13:47] [65/445] TADG
[19:13:48] [66/445] MCGS
[19:13:48] [67/445] PETK
[19:13:50] [68/445] CHAG
[19:13:51] [69/445] KSTL
[19:13:52] [70/445] AADS
[19:13:52] [71/445] NTHZ
[19:13:53] [72/445] HCKI
[19:13:54] [73/445] SSEF
[19:13:55] [74/445] MCGX
[19:13:55] [75/445] ERRA
[19:13:56] [76/445] SDTW
[19:13:57] [77/445] RMPK
[19:13:58] [78/445] PTHK
[19:13:59] [79/445] PXCS
[19:14:00] [80/445] SVLU
[19:14:01] [81/445] STAH
[19:14:02] [82/445] JRGF
[19:14:03] [83/445] CDOK
[19:14:03] [84/445] CMSG
[19:14:05] [85/445] APTD
[19:14:06] [86/445] KMPG
[19:14:06] [87/445] MUTJ
[19:14:07] [88/445] VCCI
[19:14:08] [89/445] URBE
[19:14:09] [90/445] TCTS
[19:14:10] [91/445] STSN
[19:14:10] [92/445] AKCH
[19:14:11] [93/445] APSC
[19:14:12] [94/445] VLTB
[19:14:13] [95/445] SANU
[19:14:14] [96/445] AXAM
[19:14:15] [97/445] MGMG
[19:14:15] [98/445] HTBY
[19:14:16] [99/445] MMZS
[19:14:17] [100/445] SUDR
[19:14:18] [101/445] CCAD
[19:14:19] [102/445] SKKC
[19:14:19] [103/445] RMCD
[19:14:21] [104/445] SBCQ
[19:14:22] [105/445] DCCT
[19:14:23] [106/445] VTKP
[19:14:24] [107/445] MLAM
[19:14:24] [108/445] SAVT
[19:14:25] [109/445] GEPL
[19:14:26] [110/445] AMCD
[19:14:27] [111/445] CCXR
[19:14:28] [112/445] GRNG
[19:14:30] [113/445] EBCA
[19:14:30] [114/445] CNVG
[19:14:31] [115/445] MWSS
[19:14:32] [116/445] VBOR
[19:14:33] [117/445] NEEB
[19:14:34] [118/445] SUTH
[19:14:35] [119/445] ANDB
[19:14:35] [120/445] MMXS
[19:14:36] [121/445] CNPD
[19:14:37] [122/445] SDCE
[19:14:38] [123/445] DHCB
[19:14:39] [124/445] ODEN
[19:14:40] [125/445] TNTC
[19:14:40] [126/445] VBKM
[19:14:42] [127/445] RZYM
[19:14:43] [128/445] JEMC
[19:14:43] [129/445] CMAU
[19:14:44] [130/445] SIVP
[19:14:45] [131/445] ATAG
[19:14:46] [132/445] CHTM
[19:14:46] [133/445] AAEE
[19:14:47] [134/445] IWPM
[19:14:48] [135/445] KCMW
[19:14:49] [136/445] MCTD
[19:14:50] [137/445] SPWR
[19:14:51] [138/445] SDPO
[19:14:51] [139/445] PCSK
[19:14:52] [140/445] ACHV
[19:14:53] [141/445] SVLA
[19:14:53] [142/445] PICT
[19:14:54] [143/445] BXDR
[19:14:55] [144/445] SPWA
[19:14:56] [145/445] MCKO
[19:14:57] [146/445] RTHK
[19:14:58] [147/445] CCMF
[19:14:59] [148/445] MRGB
[19:15:00] [149/445] CPLC
[19:15:00] [150/445] RACD
[19:15:01] [151/445] ATKT
[19:15:02] [152/445] SARN
[19:15:03] [153/445] KKUI
[19:15:04] [154/445] RGCM
[19:15:05] [155/445] BRVP
[19:15:06] [156/445] HRSR
[19:15:07] [157/445] GKGM
[19:15:08] [158/445] TTCD
[19:15:08] [159/445] PTTI
[19:15:09] [160/445] MPTT
[19:15:10] [161/445] CVTT
[19:15:11] [162/445] PCXD
[19:15:11] [163/445] GCDC
[19:15:12] [164/445] CCCF
[19:15:13] [165/445] MRAD
[19:15:14] [166/445] CPLK
[19:15:15] [167/445] SATB
[19:15:15] [168/445] SNVG
[19:15:17] [169/445] JMBA
[19:15:18] [170/445] TEJA
[19:15:19] [171/445] STYO
[19:15:20] [172/445] JTBP
[19:15:21] [173/445] KRGD
[19:15:21] [174/445] SLJJ
[19:15:23] [175/445] SPTJ
[19:15:24] [176/445] SWJG
[19:15:24] [177/445] LKRT
[19:15:25] [178/445] KCKA
[19:15:26] [179/445] SNCR
[19:15:27] [180/445] SMKL
[19:15:28] [181/445] GCFA
[19:15:29] [182/445] DDCK
[19:15:29] [183/445] NCHJ
[19:15:31] [184/445] RDMA
[19:15:32] [185/445] SVSV
[19:15:33] [186/445] SCJG
[19:15:34] [187/445] VKLP
[19:15:35] [188/445] NWCC
[19:15:36] [189/445] VKNS
[19:15:38] [190/445] SDDP
[19:15:38] [191/445] ACSI
[19:15:39] [192/445] SATG
[19:15:40] [193/445] SCMW
[19:15:41] [194/445] LKTK
[19:15:42] [195/445] VCKV
[19:15:43] [196/445] KKPE
[19:15:44] [197/445] KIGH
[19:15:44] [198/445] SRPM
[19:15:45] [199/445] SCAH
[19:15:46] [200/445] MUTA
[19:15:47] [201/445] SEPU
[19:15:48] [202/445] INOA
[19:15:50] [203/445] BASK
[19:15:51] [204/445] NECB
[19:15:51] [205/445] GTTG
[19:15:52] [206/445] ASSA
[19:15:54] [207/445] ANCL
[19:15:54] [208/445] GCTI
[19:15:55] [209/445] RCTS
[19:15:56] [210/445] ACNL
[19:15:57] [211/445] MYCT
[19:15:58] [212/445] NMHT
[19:15:59] [213/445] MDIT
[19:16:01] [214/445] LATG
[19:16:01] [215/445] SMTY
[19:16:02] [216/445] CVCT
[19:16:03] [217/445] RAMB
[19:16:04] [218/445] TGMS
[19:16:05] [219/445] BHEL
[19:16:06] [220/445] SHCT
[19:16:07] [221/445] SVCT
[19:16:08] [222/445] MRIY
[19:16:09] [223/445] SARO
[19:16:09] [224/445] STCT
[19:16:10] [225/445] JKKC
[19:16:11] [226/445] PLTT
[19:16:12] [227/445] SRNT
[19:16:12] [228/445] YAST
[19:16:13] [229/445] PERL
[19:16:14] [230/445] CICM
[19:16:15] [231/445] MMTR
[19:16:16] [232/445] ABTK
[19:16:16] [233/445] ATYY
[19:16:17] [234/445] ASTK
[19:16:18] [235/445] VVCK
[19:16:19] [236/445] ATKY
[19:16:20] [237/445] GWEK
[19:16:20] [238/445] SVFH
[19:16:22] [239/445] SLTA
[19:16:22] [240/445] AASH
[19:16:24] [241/445] ACXB
[19:16:25] [242/445] SMTX
[19:16:26] [243/445] AZDH
[19:16:27] [244/445] CMMH
[19:16:28] [245/445] SCSZ
[19:16:29] [246/445] SCKP
[19:16:30] [247/445] NXTM
[19:16:30] [248/445] NWCS
[19:16:31] [249/445] CXMH
[19:16:32] [250/445] PCMA
[19:16:33] [251/445] SGCM
[19:16:33] [252/445] SDTU
[19:16:35] [253/445] MMVI
[19:16:36] [254/445] JKCM
[19:16:36] [255/445] VCMM
[19:16:37] [256/445] SYEE
[19:16:38] [257/445] VASD
[19:16:39] [258/445] BDRB
[19:16:39] [259/445] LASM
[19:16:40] [260/445] DCRL
[19:16:41] [261/445] DVPM
[19:16:42] [262/445] SBMJ
[19:16:43] [263/445] CBMU
[19:16:43] [264/445] IUBS
[19:16:44] [265/445] INAP
[19:16:45] [266/445] SRRC
[19:16:46] [267/445] SAGR
[19:16:47] [268/445] CPMJ
[19:16:47] [269/445] ATJL
[19:16:48] [270/445] NNTD
[19:16:49] [271/445] JHCJ
[19:16:50] [272/445] CMMP
[19:16:51] [273/445] RSDR
[19:16:51] [274/445] AMTI
[19:16:52] [275/445] NYSG
[19:16:53] [276/445] AVSG
[19:16:54] [277/445] SYTP
[19:16:54] [278/445] LARC
[19:16:55] [279/445] RJTP
[19:16:56] [280/445] LAKC
[19:16:57] [281/445] MCXE
[19:16:58] [282/445] CCZC
[19:16:58] [283/445] AVCH
[19:16:59] [284/445] CMBE
[19:17:01] [285/445] MRRC
[19:17:02] [286/445] PCPY
[19:17:03] [287/445] SRMH
[19:17:03] [288/445] SVGS
[19:17:04] [289/445] PCSE
[19:17:05] [290/445] SVFT
[19:17:06] [291/445] TNZP
[19:17:07] [292/445] ICTP
[19:17:07] [293/445] ACTZ
[19:17:08] [294/445] GTUR
[19:17:09] [295/445] MAFC
[19:17:10] [296/445] MINL
[19:17:11] [297/445] MRCL
[19:17:12] [298/445] RCRP
[19:17:13] [299/445] RFFG
[19:17:14] [300/445] RMAS
[19:17:14] [301/445] INVR
[19:17:15] [302/445] RMAR
[19:17:16] [303/445] CNIS
[19:17:17] [304/445] RHRJ
[19:17:18] [305/445] INXR
[19:17:18] [306/445] VALT
[19:17:19] [307/445] LCSH
[19:17:20] [308/445] CMVS
[19:17:21] [309/445] CNMS
[19:17:22] [310/445] ROOG
[19:17:23] [311/445] ISRM
[19:17:23] [312/445] RCRM
[19:17:24] [313/445] ACJA
[19:17:25] [314/445] RCVS
[19:17:26] [315/445] CPUS
[19:17:27] [316/445] TGCS
[19:17:27] [317/445] RKCJ
[19:17:29] [318/445] MKSB
[19:17:30] [319/445] TCSJ
[19:17:31] [320/445] RMGP
[19:17:32] [321/445] CLLP
[19:17:32] [322/445] RCMV
[19:17:33] [323/445] CCKS
[19:17:34] [324/445] RSRP
[19:17:35] [325/445] APLP
[19:17:36] [326/445] CNVS
[19:17:37] [327/445] RMVY
[19:17:38] [328/445] PGBD
[19:17:38] [329/445] KLMS
[19:17:39] [330/445] RUST
[19:17:39] [331/445] MASM
[19:17:40] [332/445] BACS
[19:17:41] [333/445] BWST
[19:17:42] [334/445] RRFH
[19:17:43] [335/445] SJTM
[19:17:45] [336/445] BEMR
[19:17:45] [337/445] MCGR
[19:17:46] [338/445] SDSK
[19:17:47] [339/445] VBOL
[19:17:48] [340/445] RMGM
[19:17:49] [341/445] NOPL
[19:17:50] [342/445] MKJK
[19:17:51] [343/445] CVRN
[19:17:51] [344/445] MMEN
[19:17:52] [345/445] AMNG
[19:17:53] [346/445] INTM
[19:17:54] [347/445] SLCZ
[19:17:55] [348/445] AMJN
[19:17:56] [349/445] ACJN
[19:17:57] [350/445] AMKN
[19:17:57] [351/445] BTCN
[19:17:58] [352/445] AMBT
[19:17:59] [353/445] PACN
[19:18:00] [354/445] LCNS
[19:18:01] [355/445] PPKC
[19:18:02] [356/445] JYYN
[19:18:03] [357/445] JTNR
[19:18:04] [358/445] GTEE
[19:18:04] [359/445] SRNM
[19:18:05] [360/445] SDTC
[19:18:06] [361/445] VPCA
[19:18:07] [362/445] VLRA
[19:18:08] [363/445] SHKR
[19:18:09] [364/445] SBKD
[19:18:09] [365/445] SAAD
[19:18:10] [366/445] JTGN
[19:18:11] [367/445] SLAM
[19:18:12] [368/445] VTPM
[19:18:13] [369/445] ANPT
[19:18:14] [370/445] PUNB
[19:18:15] [371/445] CPKT
[19:18:16] [372/445] CNWE
[19:18:17] [373/445] ECPP
[19:18:17] [374/445] CPAR
[19:18:18] [375/445] ESBW
[19:18:19] [376/445] PKPU
[19:18:20] [377/445] CPRP
[19:18:21] [378/445] RAHU
[19:18:22] [379/445] RHMN
[19:18:22] [380/445] FMJP
[19:18:24] [381/445] CTMP
[19:18:24] [382/445] INPN
[19:18:25] [383/445] STTG
[19:18:27] [384/445] CTRD
[19:18:28] [385/445] PUVB
[19:18:29] [386/445] ESVP
[19:18:30] [387/445] CPFT
[19:18:31] [388/445] LCPC
[19:18:31] [389/445] VBCT
[19:18:32] [390/445] FSCW
[19:18:33] [391/445] VCMP
[19:18:33] [392/445] ASHC
[19:18:34] [393/445] VLCX
[19:18:35] [394/445] SHEV
[19:18:36] [395/445] APCO
[19:18:36] [396/445] SILC
[19:18:37] [397/445] SNMR
[19:18:38] [398/445] KYBO
[19:18:39] [399/445] SATK
[19:18:40] [400/445] SSCS
[19:18:41] [401/445] CLSB
[19:18:42] [402/445] KMJR
[19:18:43] [403/445] FSCK
[19:18:43] [404/445] NNKA
[19:18:44] [405/445] CLMK
[19:18:45] [406/445] DMPZ
[19:18:46] [407/445] INQM
[19:18:47] [408/445] CAML
[19:18:48] [409/445] INRK
[19:18:49] [410/445] IMKN
[19:18:50] [411/445] SVNR
[19:18:50] [412/445] INSL
[19:18:51] [413/445] MSMA
[19:18:52] [414/445] MCKK
[19:18:53] [415/445] FCHP
[19:18:54] [416/445] SFCR
[19:18:55] [417/445] NACK
[19:18:56] [418/445] PVAK
[19:18:58] [419/445] INER
[19:18:58] [420/445] RDBK
[19:18:59] [421/445] SVFN
[19:19:00] [422/445] IFRM
[19:19:01] [423/445] ATCK
[19:19:01] [424/445] ASKO
[19:19:02] [425/445] STKT
[19:19:03] [426/445] SVFB
[19:19:04] [427/445] INKS
[19:19:05] [428/445] PCRA
[19:19:05] [429/445] ATJA
[19:19:06] [430/445] IMJN
[19:19:08] [431/445] INHD
[19:19:09] [432/445] BARA
[19:19:09] [433/445] MCSL
[19:19:10] [434/445] RTOY
[19:19:11] [435/445] MENO
[19:19:12] [436/445] PUDM
[19:19:13] [437/445] PRCN
[19:19:14] [438/445] JMJR
[19:19:15] [439/445] SSGK
[19:19:15] [440/445] SSRL
[19:19:16] [441/445] JYKL
[19:19:17] [442/445] ACNB
[19:19:18] [443/445] SONP
[19:19:18] [444/445] EMCI
[19:19:19] [445/445] MRJH
[19:19:20] 🧹 Deduping shows
[19:19:20] ✅ DONE | Shows=1339 | Movies=61
[22:03:18] 🚀 SCRIPT STARTED
[22:03:18] [1/445] TGMR
[22:03:18] 🧠 New identity created
[22:03:19] [2/445] CXKR
[22:03:20] [3/445] SROP
[22:03:21] [4/445] GTSV
[22:03:22] [5/445] SNTY
[22:03:23] [6/445] SMYY
[22:03:24] [7/445] CNCS
[22:03:25] [8/445] CSTM
[22:03:26] [9/445] NUCD
[22:03:26] [10/445] SHCZ
[22:03:27] [11/445] NJCT
[22:03:28] [12/445] COPC
[22:03:29] [13/445] STVV
[22:03:30] [14/445] SKRN
[22:03:31] [15/445] APPZ
[22:03:32] [16/445] YMGN
[22:03:33] [17/445] SVTU
[22:03:34] [18/445] GTAD
[22:03:35] [19/445] PSUS
[22:03:36] [20/445] SMCD
[22:03:38] [21/445] CMCM
[22:03:39] [22/445] SYCT
[22:03:40] [23/445] STLY
[22:03:41] [24/445] CMHU
[22:03:42] [25/445] CMSA
[22:03:43] [26/445] CLCU
[22:03:44] [27/445] PPNT
[22:03:45] [28/445] JTAB
[22:03:45] [29/445] BUUC
[22:03:47] [30/445] BSVK
[22:03:48] [31/445] VVVQ
[22:03:49] [32/445] TKMU
[22:03:50] [33/445] ESYL
[22:03:50] [34/445] ACHP
[22:03:52] [35/445] BTKD
[22:03:54] [36/445] DESA
[22:03:54] [37/445] GBCT
[22:03:55] [38/445] BLLD
[22:03:56] [39/445] SKNT
[22:03:57] [40/445] SSTE
[22:03:58] [41/445] VJMR
[22:03:58] [42/445] NTPU
[22:03:59] [43/445] RDKN
[22:04:00] [44/445] ADGC
[22:04:01] [45/445] VRBP
[22:04:02] [46/445] NMNA
[22:04:03] [47/445] CMMX
[22:04:04] [48/445] PTKO
[22:04:04] [49/445] RBML
[22:04:05] [50/445] SAIC
[22:04:06] [51/445] SVTJ
[22:04:07] [52/445] MRTE
[22:04:08] [53/445] RBTP
[22:04:09] [54/445] NLPS
[22:04:09] [55/445] GTNA
[22:04:10] [56/445] DGGC
[22:04:11] [57/445] SMCR
[22:04:12] [58/445] SCGD
[22:04:13] [59/445] SRRJ
[22:04:14] [60/445] CNRY
[22:04:15] [61/445] KTDI
[22:04:16] [62/445] SNJL
[22:04:16] [63/445] RKMD
[22:04:17] [64/445] SMDC
[22:04:18] [65/445] TADG
[22:04:19] [66/445] MCGS
[22:04:20] [67/445] PETK
[22:04:21] [68/445] CHAG
[22:04:22] [69/445] KSTL
[22:04:23] [70/445] AADS
[22:04:24] [71/445] NTHZ
[22:04:25] [72/445] HCKI
[22:04:26] [73/445] SSEF
[22:04:28] [74/445] MCGX
[22:04:29] [75/445] ERRA
[22:04:30] [76/445] SDTW
[22:04:31] [77/445] RMPK
[22:04:32] [78/445] PTHK
[22:04:33] [79/445] PXCS
[22:04:35] [80/445] SVLU
[22:04:37] [81/445] STAH
[22:04:37] [82/445] JRGF
[22:04:38] [83/445] CDOK
[22:04:40] [84/445] CMSG
[22:04:41] [85/445] APTD
[22:04:42] [86/445] KMPG
[22:04:43] [87/445] MUTJ
[22:04:44] [88/445] VCCI
[22:04:45] [89/445] URBE
[22:04:46] [90/445] TCTS
[22:04:47] [91/445] STSN
[22:04:48] [92/445] AKCH
[22:04:49] [93/445] APSC
[22:04:50] [94/445] VLTB
[22:04:51] [95/445] SANU
[22:04:52] [96/445] AXAM
[22:04:53] [97/445] MGMG
[22:04:55] [98/445] HTBY
[22:04:56] [99/445] MMZS
[22:04:57] [100/445] SUDR
[22:04:58] [101/445] CCAD
[22:04:59] [102/445] SKKC
[22:05:00] [103/445] RMCD
[22:05:01] [104/445] SBCQ
[22:05:01] [105/445] DCCT
[22:05:02] [106/445] VTKP
[22:05:03] [107/445] MLAM
[22:05:05] [108/445] SAVT
[22:05:06] [109/445] GEPL
[22:05:07] [110/445] AMCD
[22:05:08] [111/445] CCXR
[22:05:09] [112/445] GRNG
[22:05:10] [113/445] EBCA
[22:05:11] [114/445] CNVG
[22:05:13] [115/445] MWSS
[22:05:14] [116/445] VBOR
[22:05:15] [117/445] NEEB
[22:05:16] [118/445] SUTH
[22:05:18] [119/445] ANDB
[22:05:19] [120/445] MMXS
[22:05:20] [121/445] CNPD
[22:05:21] [122/445] SDCE
[22:05:22] [123/445] DHCB
[22:05:23] [124/445] ODEN
[22:05:24] [125/445] TNTC
[22:05:25] [126/445] VBKM
[22:05:25] [127/445] RZYM
[22:05:26] [128/445] JEMC
[22:05:27] [129/445] CMAU
[22:05:28] [130/445] SIVP
[22:05:29] [131/445] ATAG
[22:05:30] [132/445] CHTM
[22:05:31] [133/445] AAEE
[22:05:32] [134/445] IWPM
[22:05:32] [135/445] KCMW
[22:05:33] [136/445] MCTD
[22:05:34] [137/445] SPWR
[22:05:35] [138/445] SDPO
[22:05:36] [139/445] PCSK
[22:05:37] [140/445] ACHV
[22:05:38] [141/445] SVLA
[22:05:39] [142/445] PICT
[22:05:39] [143/445] BXDR
[22:05:40] [144/445] SPWA
[22:05:41] [145/445] MCKO
[22:05:42] [146/445] RTHK
[22:05:43] [147/445] CCMF
[22:05:44] [148/445] MRGB
[22:05:46] [149/445] CPLC
[22:05:47] [150/445] RACD
[22:05:48] [151/445] ATKT
[22:05:49] [152/445] SARN
[22:05:50] [153/445] KKUI
[22:05:51] [154/445] RGCM
[22:05:52] [155/445] BRVP
[22:05:52] [156/445] HRSR
[22:05:53] [157/445] GKGM
[22:05:54] [158/445] TTCD
[22:05:56] [159/445] PTTI
[22:05:56] [160/445] MPTT
[22:05:57] [161/445] CVTT
[22:05:58] [162/445] PCXD
[22:05:59] [163/445] GCDC
[22:06:00] [164/445] CCCF
[22:06:01] [165/445] MRAD
[22:06:02] [166/445] CPLK
[22:06:03] [167/445] SATB
[22:06:04] [168/445] SNVG
[22:06:06] [169/445] JMBA
[22:06:07] [170/445] TEJA
[22:06:08] [171/445] STYO
[22:06:09] [172/445] JTBP
[22:06:10] [173/445] KRGD
[22:06:11] [174/445] SLJJ
[22:06:12] [175/445] SPTJ
[22:06:13] [176/445] SWJG
[22:06:14] [177/445] LKRT
[22:06:15] [178/445] KCKA
[22:06:15] [179/445] SNCR
[22:06:19] [180/445] SMKL
[22:06:20] [181/445] GCFA
[22:06:21] [182/445] DDCK
[22:06:23] [183/445] NCHJ
[22:06:23] [184/445] RDMA
[22:06:24] [185/445] SVSV
[22:06:25] [186/445] SCJG
[22:06:26] [187/445] VKLP
[22:06:27] [188/445] NWCC
[22:06:28] [189/445] VKNS
[22:06:29] [190/445] SDDP
[22:06:30] [191/445] ACSI
[22:06:30] [192/445] SATG
[22:06:31] [193/445] SCMW
[22:06:32] [194/445] LKTK
[22:06:33] [195/445] VCKV
[22:06:34] [196/445] KKPE
[22:06:34] [197/445] KIGH
[22:06:35] [198/445] SRPM
[22:06:36] [199/445] SCAH
[22:06:37] [200/445] MUTA
[22:06:39] [201/445] SEPU
[22:06:40] [202/445] INOA
[22:06:41] [203/445] BASK
[22:06:41] [204/445] NECB
[22:06:42] [205/445] GTTG
[22:06:43] [206/445] ASSA
[22:06:44] [207/445] ANCL
[22:06:45] [208/445] GCTI
[22:06:46] [209/445] RCTS
[22:06:48] [210/445] ACNL
[22:06:49] [211/445] MYCT
[22:06:50] [212/445] NMHT
[22:06:52] [213/445] MDIT
[22:06:53] [214/445] LATG
[22:06:53] [215/445] SMTY
[22:06:55] [216/445] CVCT
[22:06:56] [217/445] RAMB
[22:06:57] [218/445] TGMS
[22:06:58] [219/445] BHEL
[22:06:58] [220/445] SHCT
[22:06:59] [221/445] SVCT
[22:07:00] [222/445] MRIY
[22:07:01] [223/445] SARO
[22:07:02] [224/445] STCT
[22:07:03] [225/445] JKKC
[22:07:04] [226/445] PLTT
[22:07:05] [227/445] SRNT
[22:07:06] [228/445] YAST
[22:07:07] [229/445] PERL
[22:07:07] [230/445] CICM
[22:07:08] [231/445] MMTR
[22:07:09] [232/445] ABTK
[22:07:10] [233/445] ATYY
[22:07:11] [234/445] ASTK
[22:07:12] [235/445] VVCK
[22:07:12] [236/445] ATKY
[22:07:13] [237/445] GWEK
[22:07:14] [238/445] SVFH
[22:07:15] [239/445] SLTA
[22:07:17] [240/445] AASH
[22:07:19] [241/445] ACXB
[22:07:20] [242/445] SMTX
[22:07:21] [243/445] AZDH
[22:07:22] [244/445] CMMH
[22:07:22] [245/445] SCSZ
[22:07:23] [246/445] SCKP
[22:07:24] [247/445] NXTM
[22:07:25] [248/445] NWCS
[22:07:26] [249/445] CXMH
[22:07:26] [250/445] PCMA
[22:07:27] [251/445] SGCM
[22:07:28] [252/445] SDTU
[22:07:29] [253/445] MMVI
[22:07:30] [254/445] JKCM
[22:07:31] [255/445] VCMM
[22:07:32] [256/445] SYEE
[22:07:33] [257/445] VASD
[22:07:34] [258/445] BDRB
[22:07:36] [259/445] LASM
[22:07:36] [260/445] DCRL
[22:07:37] [261/445] DVPM
[22:07:38] [262/445] SBMJ
[22:07:39] [263/445] CBMU
[22:07:40] [264/445] IUBS
[22:07:41] [265/445] INAP
[22:07:42] [266/445] SRRC
[22:07:43] [267/445] SAGR
[22:07:44] [268/445] CPMJ
[22:07:45] [269/445] ATJL
[22:07:45] [270/445] NNTD
[22:07:47] [271/445] JHCJ
[22:07:48] [272/445] CMMP
[22:07:49] [273/445] RSDR
[22:07:50] [274/445] AMTI
[22:07:51] [275/445] NYSG
[22:07:51] [276/445] AVSG
[22:07:52] [277/445] SYTP
[22:07:54] [278/445] LARC
[22:07:55] [279/445] RJTP
[22:07:56] [280/445] LAKC
[22:07:57] [281/445] MCXE
[22:07:58] [282/445] CCZC
[22:07:58] [283/445] AVCH
[22:08:00] [284/445] CMBE
[22:08:00] [285/445] MRRC
[22:08:01] [286/445] PCPY
[22:08:02] [287/445] SRMH
[22:08:03] [288/445] SVGS
[22:08:04] [289/445] PCSE
[22:08:05] [290/445] SVFT
[22:08:06] [291/445] TNZP
[22:08:07] [292/445] ICTP
[22:08:08] [293/445] ACTZ
[22:08:08] [294/445] GTUR
[22:08:09] [295/445] MAFC
[22:08:10] [296/445] MINL
[22:08:11] [297/445] MRCL
[22:08:12] [298/445] RCRP
[22:08:14] [299/445] RFFG
[22:08:15] [300/445] RMAS
[22:08:16] [301/445] INVR
[22:08:16] [302/445] RMAR
[22:08:17] [303/445] CNIS
[22:08:18] [304/445] RHRJ
[22:08:19] [305/445] INXR
[22:08:21] [306/445] VALT
[22:08:21] [307/445] LCSH
[22:08:22] [308/445] CMVS
[22:08:23] [309/445] CNMS
[22:08:24] [310/445] ROOG
[22:08:25] [311/445] ISRM
[22:08:26] [312/445] RCRM
[22:08:27] [313/445] ACJA
[22:08:27] [314/445] RCVS
[22:08:28] [315/445] CPUS
[22:08:29] [316/445] TGCS
[22:08:30] [317/445] RKCJ
[22:08:31] [318/445] MKSB
[22:08:32] [319/445] TCSJ
[22:08:33] [320/445] RMGP
[22:08:34] [321/445] CLLP
[22:08:35] [322/445] RCMV
[22:08:35] [323/445] CCKS
[22:08:36] [324/445] RSRP
[22:08:37] [325/445] APLP
[22:08:38] [326/445] CNVS
[22:08:39] [327/445] RMVY
[22:08:40] [328/445] PGBD
[22:08:40] [329/445] KLMS
[22:08:41] [330/445] RUST
[22:08:42] [331/445] MASM
[22:08:43] [332/445] BACS
[22:08:45] [333/445] BWST
[22:08:46] [334/445] RRFH
[22:08:47] [335/445] SJTM
[22:08:47] [336/445] BEMR
[22:08:48] [337/445] MCGR
[22:08:49] [338/445] SDSK
[22:08:50] [339/445] VBOL
[22:08:51] [340/445] RMGM
[22:08:52] [341/445] NOPL
[22:08:52] [342/445] MKJK
[22:08:53] [343/445] CVRN
[22:08:54] [344/445] MMEN
[22:08:55] [345/445] AMNG
[22:08:57] [346/445] INTM
[22:08:58] [347/445] SLCZ
[22:08:59] [348/445] AMJN
[22:08:59] [349/445] ACJN
[22:09:00] [350/445] AMKN
[22:09:01] [351/445] BTCN
[22:09:02] [352/445] AMBT
[22:09:03] [353/445] PACN
[22:09:04] [354/445] LCNS
[22:09:05] [355/445] PPKC
[22:09:06] [356/445] JYYN
[22:09:06] [357/445] JTNR
[22:09:07] [358/445] GTEE
[22:09:08] [359/445] SRNM
[22:09:09] [360/445] SDTC
[22:09:10] [361/445] VPCA
[22:09:10] [362/445] VLRA
[22:09:11] [363/445] SHKR
[22:09:13] [364/445] SBKD
[22:09:14] [365/445] SAAD
[22:09:15] [366/445] JTGN
[22:09:15] [367/445] SLAM
[22:09:16] [368/445] VTPM
[22:09:17] [369/445] ANPT
[22:09:18] [370/445] PUNB
[22:09:19] [371/445] CPKT
[22:09:21] [372/445] CNWE
[22:09:22] [373/445] ECPP
[22:09:23] [374/445] CPAR
[22:09:24] [375/445] ESBW
[22:09:25] [376/445] PKPU
[22:09:27] [377/445] CPRP
[22:09:27] [378/445] RAHU
[22:09:29] [379/445] RHMN
[22:09:30] [380/445] FMJP
[22:09:31] [381/445] CTMP
[22:09:32] [382/445] INPN
[22:09:33] [383/445] STTG
[22:09:34] [384/445] CTRD
[22:09:35] [385/445] PUVB
[22:09:36] [386/445] ESVP
[22:09:36] [387/445] CPFT
[22:09:37] [388/445] LCPC
[22:09:38] [389/445] VBCT
[22:09:40] [390/445] FSCW
[22:09:41] [391/445] VCMP
[22:09:42] [392/445] ASHC
[22:09:43] [393/445] VLCX
[22:09:43] [394/445] SHEV
[22:09:44] [395/445] APCO
[22:09:45] [396/445] SILC
[22:09:46] [397/445] SNMR
[22:09:48] [398/445] KYBO
[22:09:49] [399/445] SATK
[22:09:50] [400/445] SSCS
[22:09:51] [401/445] CLSB
[22:09:52] [402/445] KMJR
[22:09:53] [403/445] FSCK
[22:09:54] [404/445] NNKA
[22:09:55] [405/445] CLMK
[22:09:56] [406/445] DMPZ
[22:09:57] [407/445] INQM
[22:09:58] [408/445] CAML
[22:09:58] [409/445] INRK
[22:09:59] [410/445] IMKN
[22:10:00] [411/445] SVNR
[22:10:01] [412/445] INSL
[22:10:02] [413/445] MSMA
[22:10:03] [414/445] MCKK
[22:10:04] [415/445] FCHP
[22:10:05] [416/445] SFCR
[22:10:05] [417/445] NACK
[22:10:06] [418/445] PVAK
[22:10:07] [419/445] INER
[22:10:09] [420/445] RDBK
[22:10:10] [421/445] SVFN
[22:10:10] [422/445] IFRM
[22:10:11] [423/445] ATCK
[22:10:12] [424/445] ASKO
[22:10:13] [425/445] STKT
[22:10:14] [426/445] SVFB
[22:10:15] [427/445] INKS
[22:10:16] [428/445] PCRA
[22:10:18] [429/445] ATJA
[22:10:18] [430/445] IMJN
[22:10:19] [431/445] INHD
[22:10:20] [432/445] BARA
[22:10:21] [433/445] MCSL
[22:10:22] [434/445] RTOY
[22:10:23] [435/445] MENO
[22:10:25] [436/445] PUDM
[22:10:26] [437/445] PRCN
[22:10:27] [438/445] JMJR
[22:10:27] [439/445] SSGK
[22:10:28] [440/445] SSRL
[22:10:29] [441/445] JYKL
[22:10:30] [442/445] ACNB
[22:10:30] [443/445] SONP
[22:10:31] [444/445] EMCI
[22:10:33] [445/445] MRJH
[22:10:34] 🧹 Deduping shows
[22:10:34] ✅ DONE | Shows=1599 | Movies=67
