[19:13:12] 🚀 SCRIPT STARTED
[19:13:12] [1/459] NECA
[19:13:12] 🧠 New identity created
[19:13:13] [2/459] BJLC
[19:13:14] [3/459] BASU
[19:13:15] [4/459] RUPI
[19:13:16] [5/459] LCBK
[19:13:17] [6/459] PMAC
[19:13:18] [7/459] AMLC
[19:13:19] [8/459] LICL
[19:13:20] [9/459] UDMM
[19:13:20] [10/459] STBZ
[19:13:21] [11/459] UUBT
[19:13:22] [12/459] SJKC
[19:13:23] [13/459] TUAL
[19:13:23] [14/459] MRSE
[19:13:24] [15/459] RMRK
[19:13:25] [16/459] TTKP
[19:13:26] [17/459] KTKO
[19:13:27] [18/459] SDBK
[19:13:27] [19/459] MCPR
[19:13:28] [20/459] CHTI
[19:13:29] [21/459] GCCP
[19:13:30] [22/459] SRMY
[19:13:30] [23/459] NYST
[19:13:31] [24/459] NYAG
[19:13:32] [25/459] SBMT
[19:13:33] [26/459] INGA
[19:13:34] [27/459] WSIC
[19:13:35] [28/459] SCSS
[19:13:36] [29/459] COPG
[19:13:37] [30/459] RCGR
[19:13:37] [31/459] TCZA
[19:13:39] [32/459] CNLP
[19:13:40] [33/459] CLKN
[19:13:41] [34/459] LHDF
[19:13:42] [35/459] ELKC
[19:13:43] [36/459] VCEM
[19:13:44] [37/459] SSZA
[19:13:45] [38/459] KRMT
[19:13:46] [39/459] LCMV
[19:13:46] [40/459] AYCZ
[19:13:47] [41/459] CUMS
[19:13:48] [42/459] BOCK
[19:13:49] [43/459] PNMR
[19:13:50] [44/459] PJCP
[19:13:50] [45/459] JDDD
[19:13:51] [46/459] STMS
[19:13:52] [47/459] FLMB
[19:13:53] [48/459] PKCM
[19:13:53] [49/459] SPPR
[19:13:54] [50/459] EYLH
[19:13:55] [51/459] RJCC
[19:13:56] [52/459] MMPS
[19:13:57] [53/459] SHMX
[19:13:58] [54/459] CCNL
[19:13:59] [55/459] RCNV
[19:14:00] [56/459] MAAG
[19:14:01] [57/459] LXCM
[19:14:02] [58/459] RCNI
[19:14:02] [59/459] SNNI
[19:14:03] [60/459] LALC
[19:14:04] [61/459] SOCN
[19:14:05] [62/459] JHTP
[19:14:06] [63/459] PITP
[19:14:07] [64/459] CCKW
[19:14:08] [65/459] MCMC
[19:14:09] [66/459] DEES
[19:14:10] [67/459] SABT
[19:14:11] [68/459] VSPP
[19:14:11] [69/459] ABCT
[19:14:12] [70/459] JVTB
[19:14:13] [71/459] VCBD
[19:14:14] [72/459] RMGG
[19:14:15] [73/459] RNMH
[19:14:15] [74/459] SPGL
[19:14:16] [75/459] JTTR
[19:14:17] [76/459] SICS
[19:14:18] [77/459] SRMI
[19:14:19] [78/459] SSIJ
[19:14:20] [79/459] KFMT
[19:14:21] [80/459] VBIT
[19:14:22] [81/459] JKCT
[19:14:23] [82/459] GCGP
[19:14:24] [83/459] GDCS
[19:14:24] [84/459] TRBA
[19:14:25] [85/459] QUST
[19:14:27] [86/459] VSHM
[19:14:27] [87/459] SDCP
[19:14:28] [88/459] SNVS
[19:14:29] [89/459] NYTO
[19:14:30] [90/459] URWC
[19:14:30] [91/459] GTWH
[19:14:31] [92/459] PFCM
[19:14:32] [93/459] KRTA
[19:14:33] [94/459] AXMC
[19:14:34] [95/459] EVMC
[19:14:35] [96/459] HGSM
[19:14:36] [97/459] ACVM
[19:14:37] [98/459] PSKL
[19:14:38] [99/459] RDMP
[19:14:39] [100/459] RHGH
[19:14:39] [101/459] OMCM
[19:14:40] [102/459] DCCP
[19:14:41] [103/459] MCPB
[19:14:42] [104/459] ALCI
[19:14:43] [105/459] BLMX
[19:14:44] [106/459] BTMV
[19:14:45] [107/459] FVPN
[19:14:46] [108/459] CMAR
[19:14:47] [109/459] CEIM
[19:14:48] [110/459] CMVA
[19:14:49] [111/459] CPIV
[19:14:49] [112/459] CNPE
[19:14:50] [113/459] COLV
[19:14:51] [114/459] DNNV
[19:14:52] [115/459] HCAD
[19:14:53] [116/459] TAKA
[19:14:54] [117/459] INVD
[19:14:54] [118/459] IRMM
[19:14:55] [119/459] INSE
[19:14:56] [120/459] MRSW
[19:14:57] [121/459] MCVD
[19:14:58] [122/459] MCSO
[19:14:59] [123/459] PEVM
[19:15:00] [124/459] PVNL
[19:15:01] [125/459] PTCV
[19:15:02] [126/459] PRTC
[19:15:03] [127/459] RCVA
[19:15:03] [128/459] MTBN
[19:15:04] [129/459] LUCP
[19:15:05] [130/459] FMPT
[19:15:05] [131/459] JLSL
[19:15:06] [132/459] SBHA
[19:15:07] [133/459] SHRC
[19:15:09] [134/459] AVPS
[19:15:10] [135/459] STPM
[19:15:11] [136/459] ATRD
[19:15:12] [137/459] VTED
[19:15:12] [138/459] ACAI
[19:15:13] [139/459] SMAE
[19:15:14] [140/459] VMAT
[19:15:15] [141/459] LKCT
[19:15:16] [142/459] JTVK
[19:15:17] [143/459] PRTY
[19:15:17] [144/459] GETT
[19:15:18] [145/459] ESAP
[19:15:19] [146/459] NCPM
[19:15:20] [147/459] PCPA
[19:15:21] [148/459] MMOM
[19:15:21] [149/459] PHUP
[19:15:22] [150/459] CCPI
[19:15:23] [151/459] CNTD
[19:15:24] [152/459] NLJR
[19:15:25] [153/459] SRNG
[19:15:26] [154/459] MHAL
[19:15:27] [155/459] PNSM
[19:15:28] [156/459] DRMY
[19:15:28] [157/459] CCMU
[19:15:29] [158/459] SCMY
[19:15:30] [159/459] PVSY
[19:15:31] [160/459] SDLM
[19:15:31] [161/459] ICCM
[19:15:32] [162/459] PYSU
[19:15:33] [163/459] GATM
[19:15:34] [164/459] WOTM
[19:15:35] [165/459] RKTS
[19:15:35] [166/459] PMTY
[19:15:36] [167/459] LYMS
[19:15:37] [168/459] TGCA
[19:15:38] [169/459] DSTA
[19:15:39] [170/459] CNGE
[19:15:40] [171/459] VSTG
[19:15:41] [172/459] GTCK
[19:15:41] [173/459] TGNT
[19:15:42] [174/459] ASLC
[19:15:43] [175/459] SSST
[19:15:44] [176/459] KBTT
[19:15:45] [177/459] HKCP
[19:15:46] [178/459] SWLC
[19:15:46] [179/459] RTND
[19:15:47] [180/459] PKKT
[19:15:48] [181/459] HSTK
[19:15:49] [182/459] SPTT
[19:15:50] [183/459] IMPM
[19:15:51] [184/459] SCMV
[19:15:52] [185/459] SPCT
[19:15:52] [186/459] JBCA
[19:15:53] [187/459] ATTR
[19:15:54] [188/459] SPMT
[19:15:55] [189/459] LCTM
[19:15:55] [190/459] SCVL
[19:15:56] [191/459] SCVT
[19:15:57] [192/459] KRIC
[19:15:58] [193/459] CTMG
[19:15:59] [194/459] ACNC
[19:15:59] [195/459] DMCK
[19:16:00] [196/459] KMTV
[19:16:01] [197/459] PFCJ
[19:16:03] [198/459] VNMD
[19:16:03] [199/459] VPCZ
[19:16:04] [200/459] SRYR
[19:16:05] [201/459] SYTR
[19:16:06] [202/459] GATR
[19:16:06] [203/459] URTR
[19:16:07] [204/459] MKSM
[19:16:08] [205/459] VSMH
[19:16:09] [206/459] SKRJ
[19:16:09] [207/459] SSJR
[19:16:11] [208/459] SVSM
[19:16:12] [209/459] RUCM
[19:16:13] [210/459] PRKN
[19:16:14] [211/459] RROH
[19:16:14] [212/459] SCTN
[19:16:15] [213/459] RTDM
[19:16:17] [214/459] ASRM
[19:16:18] [215/459] SKMD
[19:16:19] [216/459] SUTD
[19:16:19] [217/459] SADM
[19:16:20] [218/459] WCNR
[19:16:21] [219/459] CNED
[19:16:22] [220/459] MPDB
[19:16:23] [221/459] KTBH
[19:16:23] [222/459] IDRM
[19:16:24] [223/459] PJJT
[19:16:25] [224/459] PFCV
[19:16:26] [225/459] AACT
[19:16:26] [226/459] AAAD
[19:16:27] [227/459] ANES
[19:16:28] [228/459] MNCA
[19:16:29] [229/459] RMGU
[19:16:30] [230/459] DLCN
[19:16:31] [231/459] LJWT
[19:16:33] [232/459] MCBG
[19:16:33] [233/459] MYBG
[19:16:34] [234/459] GCCA
[19:16:35] [235/459] GCGA
[19:16:36] [236/459] ECGN
[19:16:37] [237/459] PRAB
[19:16:37] [238/459] PNMP
[19:16:39] [239/459] GCPT
[19:16:40] [240/459] ROYN
[19:16:41] [241/459] VATM
[19:16:42] [242/459] KSNT
[19:16:43] [243/459] ACTC
[19:16:43] [244/459] PLTD
[19:16:44] [245/459] SKMK
[19:16:45] [246/459] CMTT
[19:16:46] [247/459] SMXP
[19:16:46] [248/459] SCMX
[19:16:47] [249/459] ACXN
[19:16:48] [250/459] ASWT
[19:16:49] [251/459] VVVL
[19:16:49] [252/459] NAGO
[19:16:50] [253/459] SNCN
[19:16:51] [254/459] MCKP
[19:16:52] [255/459] SAMO
[19:16:53] [256/459] JBTV
[19:16:54] [257/459] DCVV
[19:16:55] [258/459] KMSV
[19:16:55] [259/459] KDCN
[19:16:56] [260/459] CNCP
[19:16:57] [261/459] HAMC
[19:16:58] [262/459] CCVZ
[19:16:59] [263/459] NCCK
[19:17:00] [264/459] MCHR
[19:17:01] [265/459] SCHT
[19:17:03] [266/459] ESSH
[19:17:03] [267/459] CUJC
[19:17:04] [268/459] PECP
[19:17:05] [269/459] PMMI
[19:17:06] [270/459] PCCH
[19:17:07] [271/459] PRPM
[19:17:08] [272/459] PVKL
[19:17:09] [273/459] CBSM
[19:17:10] [274/459] PVCZ
[19:17:10] [275/459] PCVV
[19:17:12] [276/459] CTMJ
[19:17:12] [277/459] RCPS
[19:17:13] [278/459] PCIT
[19:17:14] [279/459] FNCH
[19:17:15] [280/459] INZD
[19:17:16] [281/459] INPC
[19:17:17] [282/459] LCZP
[19:17:18] [283/459] SMCB
[19:17:18] [284/459] PTSB
[19:17:19] [285/459] TPSI
[19:17:20] [286/459] KHMJ
[19:17:21] [287/459] RCCJ
[19:17:21] [288/459] NCJA
[19:17:22] [289/459] NCJN
[19:17:23] [290/459] BTDP
[19:17:24] [291/459] PADY
[19:17:25] [292/459] NYBH
[19:17:26] [293/459] MTBR
[19:17:26] [294/459] KRBC
[19:17:27] [295/459] DKTI
[19:17:28] [296/459] ANAN
[19:17:29] [297/459] INBP
[19:17:30] [298/459] PATB
[19:17:31] [299/459] RGNT
[19:17:31] [300/459] CGPM
[19:17:32] [301/459] INTN
[19:17:33] [302/459] MCMP
[19:17:34] [303/459] ASRG
[19:17:34] [304/459] CXJD
[19:17:35] [305/459] SPCP
[19:17:36] [306/459] CSTP
[19:17:36] [307/459] PKVC
[19:17:38] [308/459] ESCP
[19:17:39] [309/459] CAEP
[19:17:40] [310/459] CCSP
[19:17:41] [311/459] KTPC
[19:17:41] [312/459] DACA
[19:17:42] [313/459] NVKY
[19:17:43] [314/459] PTIN
[19:17:44] [315/459] SCIN
[19:17:45] [316/459] MCTY
[19:17:47] [317/459] PCMX
[19:17:48] [318/459] INIC
[19:17:48] [319/459] MMZM
[19:17:49] [320/459] SSLP
[19:17:50] [321/459] DTDT
[19:17:51] [322/459] FFCX
[19:17:51] [323/459] RCMM
[19:17:52] [324/459] KYID
[19:17:53] [325/459] CSCI
[19:17:53] [326/459] FCMC
[19:17:54] [327/459] MMXI
[19:17:55] [328/459] ASTC
[19:17:56] [329/459] CMRA
[19:17:57] [330/459] DICI
[19:17:58] [331/459] KDIN
[19:17:58] [332/459] PRFI
[19:17:59] [333/459] SVFC
[19:18:00] [334/459] UCPL
[19:18:01] [335/459] COOC
[19:18:02] [336/459] SCAL
[19:18:02] [337/459] SVFF
[19:18:03] [338/459] VCMG
[19:18:04] [339/459] UUCT
[19:18:05] [340/459] GCSE
[19:18:06] [341/459] SUSC
[19:18:07] [342/459] MISC
[19:18:07] [343/459] RMBL
[19:18:08] [344/459] CMXN
[19:18:09] [345/459] PVBK
[19:18:10] [346/459] HHCG
[19:18:11] [347/459] SCAG
[19:18:12] [348/459] CNPR
[19:18:13] [349/459] CSER
[19:18:13] [350/459] HLWD
[19:18:14] [351/459] BOLY
[19:18:15] [352/459] SSPG
[19:18:17] [353/459] MUPX
[19:18:17] [354/459] HAMR
[19:18:18] [355/459] SDNC
[19:18:19] [356/459] RTEN
[19:18:20] [357/459] SDTD
[19:18:21] [358/459] KAWS
[19:18:22] [359/459] CMZX
[19:18:23] [360/459] DCDD
[19:18:24] [361/459] ALSN
[19:18:25] [362/459] IMXS
[19:18:25] [363/459] PVFF
[19:18:26] [364/459] PVOO
[19:18:27] [365/459] CFBS
[19:18:28] [366/459] PVER
[19:18:29] [367/459] PPNX
[19:18:30] [368/459] CNRM
[19:18:31] [369/459] PVWW
[19:18:31] [370/459] INMB
[19:18:32] [371/459] CPJR
[19:18:33] [372/459] INRZ
[19:18:34] [373/459] PMSR
[19:18:34] [374/459] GPGM
[19:18:35] [375/459] PGWB
[19:18:36] [376/459] PMBR
[19:18:37] [377/459] GPAM
[19:18:38] [378/459] INBC
[19:18:39] [379/459] PZVK
[19:18:39] [380/459] CPEB
[19:18:41] [381/459] FMLB
[19:18:42] [382/459] INBG
[19:18:43] [383/459] GPBR
[19:18:44] [384/459] PAAS
[19:18:44] [385/459] VTBR
[19:18:45] [386/459] GPMY
[19:18:46] [387/459] GYBU
[19:18:47] [388/459] INBJ
[19:18:48] [389/459] LKTH
[19:18:48] [390/459] NSBR
[19:18:49] [391/459] PDRD
[19:18:50] [392/459] VRBL
[19:18:51] [393/459] VTGB
[19:18:52] [394/459] VTSK
[19:18:53] [395/459] BKDV
[19:18:54] [396/459] SVTB
[19:18:55] [397/459] MLDT
[19:18:55] [398/459] NRBL
[19:18:56] [399/459] SLTR
[19:18:57] [400/459] VNKA
[19:18:58] [401/459] TDCA
[19:18:58] [402/459] INBM
[19:18:59] [403/459] SSNR
[19:19:00] [404/459] BHAC
[19:19:01] [405/459] SDSD
[19:19:02] [406/459] SAMP
[19:19:03] [407/459] RATK
[19:19:03] [408/459] KCBI
[19:19:04] [409/459] URBL
[19:19:05] [410/459] MKBG
[19:19:06] [411/459] ASTB
[19:19:07] [412/459] VBWT
[19:19:07] [413/459] GPSM
[19:19:08] [414/459] ROON
[19:19:09] [415/459] CHTH
[19:19:10] [416/459] SSPA
[19:19:11] [417/459] ANBL
[19:19:11] [418/459] VTBE
[19:19:12] [419/459] SVKT
[19:19:13] [420/459] SVYK
[19:19:14] [421/459] PTBK
[19:19:15] [422/459] RKTB
[19:19:15] [423/459] BALT
[19:19:17] [424/459] STSV
[19:19:18] [425/459] VCCB
[19:19:19] [426/459] SLTB
[19:19:19] [427/459] SBCR
[19:19:20] [428/459] VDCS
[19:19:21] [429/459] MDKI
[19:19:22] [430/459] SMRN
[19:19:23] [431/459] PTBC
[19:19:24] [432/459] RADI
[19:19:25] [433/459] ADCR
[19:19:26] [434/459] SDCS
[19:19:27] [435/459] SRPJ
[19:19:28] [436/459] ARTS
[19:19:29] [437/459] SRHK
[19:19:30] [438/459] SPAY
[19:19:31] [439/459] GPTB
[19:19:31] [440/459] SNNN
[19:19:32] [441/459] BALJ
[19:19:33] [442/459] TRIG
[19:19:34] [443/459] GTYT
[19:19:35] [444/459] ATGN
[19:19:36] [445/459] ANTE
[19:19:36] [446/459] BDCG
[19:19:37] [447/459] VECI
[19:19:38] [448/459] SCPR
[19:19:39] [449/459] RTEA
[19:19:39] [450/459] JSAI
[19:19:40] [451/459] VJTP
[19:19:41] [452/459] GNDS
[19:19:41] [453/459] PAXA
[19:19:42] [454/459] CGGM
[19:19:43] [455/459] ACKZ
[19:19:44] [456/459] EMCC
[19:19:44] [457/459] KLSK
[19:19:45] [458/459] AVCK
[19:19:46] [459/459] JTCK
[19:19:46] 🧹 Deduping shows
[19:19:47] ✅ DONE | Shows=1478 | Movies=60
