[19:11:52] 🚀 SCRIPT STARTED
[19:11:52] [1/459] MBDC
[19:11:52] 🧠 New identity created
[19:11:53] [2/459] CHKM
[19:11:54] [3/459] JTKZ
[19:11:55] [4/459] CMCT
[19:11:56] [5/459] ASHO
[19:11:57] [6/459] ECDG
[19:11:58] [7/459] SPAT
[19:11:59] [8/459] HILC
[19:12:00] [9/459] SPPH
[19:12:00] [10/459] SBHN
[19:12:01] [11/459] RRCA
[19:12:03] [12/459] APAA
[19:12:04] [13/459] RAME
[19:12:05] [14/459] TMMS
[19:12:06] [15/459] BATK
[19:12:07] [16/459] LKOP
[19:12:07] [17/459] AMTT
[19:12:08] [18/459] PTGK
[19:12:09] [19/459] ANRS
[19:12:10] [20/459] VWBW
[19:12:11] [21/459] SVFG
[19:12:12] [22/459] STAT
[19:12:12] [23/459] GDCV
[19:12:13] [24/459] VEBI
[19:12:14] [25/459] VDSS
[19:12:15] [26/459] NTHV
[19:12:16] [27/459] AOCH
[19:12:16] [28/459] KASR
[19:12:17] [29/459] AYCS
[19:12:18] [30/459] SHAI
[19:12:19] [31/459] SKPE
[19:12:20] [32/459] SBTA
[19:12:21] [33/459] RTTD
[19:12:22] [34/459] CCJD
[19:12:23] [35/459] RSJJ
[19:12:24] [36/459] RKND
[19:12:25] [37/459] SVTX
[19:12:25] [38/459] BAKM
[19:12:26] [39/459] SVDC
[19:12:27] [40/459] MNCV
[19:12:28] [41/459] SJGC
[19:12:29] [42/459] MTPK
[19:12:30] [43/459] GATP
[19:12:31] [44/459] ABTS
[19:12:32] [45/459] ABDE
[19:12:33] [46/459] RCNM
[19:12:33] [47/459] KTHV
[19:12:34] [48/459] MDGJ
[19:12:35] [49/459] SMLM
[19:12:37] [50/459] JTMA
[19:12:38] [51/459] ACKP
[19:12:39] [52/459] SRTA
[19:12:40] [53/459] STAY
[19:12:41] [54/459] MAVO
[19:12:42] [55/459] APTS
[19:12:42] [56/459] OMEA
[19:12:43] [57/459] TTFD
[19:12:44] [58/459] MJCU
[19:12:45] [59/459] CXTE
[19:12:46] [60/459] CTPX
[19:12:47] [61/459] ASSL
[19:12:47] [62/459] CMVB
[19:12:48] [63/459] VPUR
[19:12:50] [64/459] JJDA
[19:12:51] [65/459] INBL
[19:12:52] [66/459] BIKB
[19:12:53] [67/459] NTBB
[19:12:54] [68/459] GLOB
[19:12:55] [69/459] SNTB
[19:12:56] [70/459] CHGV
[19:12:57] [71/459] SSBZ
[19:12:57] [72/459] PRDB
[19:12:58] [73/459] ISMT
[19:12:59] [74/459] MCSD
[19:13:00] [75/459] JBTT
[19:13:01] [76/459] GEKR
[19:13:02] [77/459] PVUN
[19:13:02] [78/459] NRTB
[19:13:03] [79/459] PRAA
[19:13:05] [80/459] PCBL
[19:13:06] [81/459] PTCM
[19:13:07] [82/459] KHNN
[19:13:07] [83/459] OMJE
[19:13:08] [84/459] STGN
[19:13:09] [85/459] RPMS
[19:13:10] [86/459] NWAD
[19:13:10] [87/459] BLCK
[19:13:11] [88/459] SVAA
[19:13:12] [89/459] URVM
[19:13:13] [90/459] ANTM
[19:13:14] [91/459] VJYM
[19:13:14] [92/459] MAZZ
[19:13:15] [93/459] CSHM
[19:13:16] [94/459] WGMH
[19:13:17] [95/459] SALN
[19:13:18] [96/459] BRTP
[19:13:19] [97/459] SVTA
[19:13:20] [98/459] SBTP
[19:13:21] [99/459] VLSS
[19:13:21] [100/459] SRJA
[19:13:22] [101/459] ANCG
[19:13:23] [102/459] CGGC
[19:13:24] [103/459] CRJA
[19:13:25] [104/459] USCR
[19:13:27] [105/459] MMEF
[19:13:28] [106/459] JCRJ
[19:13:29] [107/459] ADCM
[19:13:30] [108/459] BMYK
[19:13:31] [109/459] KICS
[19:13:32] [110/459] MBBT
[19:13:32] [111/459] MACK
[19:13:33] [112/459] CLDR
[19:13:34] [113/459] JYCR
[19:13:35] [114/459] DCRP
[19:13:36] [115/459] RAHT
[19:13:37] [116/459] CSSM
[19:13:38] [117/459] ATPK
[19:13:39] [118/459] KLRT
[19:13:40] [119/459] SRDD
[19:13:40] [120/459] CKMC
[19:13:41] [121/459] KRVM
[19:13:42] [122/459] AKCP
[19:13:43] [123/459] CNCV
[19:13:44] [124/459] PACT
[19:13:45] [125/459] NATP
[19:13:46] [126/459] PCPK
[19:13:46] [127/459] SMHO
[19:13:47] [128/459] CWTK
[19:13:48] [129/459] RVKZ
[19:13:49] [130/459] ASPD
[19:13:51] [131/459] VTKZ
[19:13:51] [132/459] LCSO
[19:13:52] [133/459] PRDY
[19:13:53] [134/459] RCAP
[19:13:54] [135/459] RGAR
[19:13:55] [136/459] RCAC
[19:13:56] [137/459] PMOD
[19:13:56] [138/459] PVCN
[19:13:57] [139/459] SCRZ
[19:13:58] [140/459] PVPC
[19:13:59] [141/459] STID
[19:14:00] [142/459] NEDD
[19:14:00] [143/459] BNBA
[19:14:01] [144/459] NTCD
[19:14:02] [145/459] OCDE
[19:14:03] [146/459] CCDU
[19:14:04] [147/459] CRXH
[19:14:04] [148/459] VLVT
[19:14:05] [149/459] CICI
[19:14:06] [150/459] SUCB
[19:14:07] [151/459] TCBP
[19:14:08] [152/459] SCCY
[19:14:09] [153/459] LXCY
[19:14:10] [154/459] NCMD
[19:14:10] [155/459] PHCS
[19:14:11] [156/459] DUXR
[19:14:12] [157/459] VNKS
[19:14:12] [158/459] SEDP
[19:14:13] [159/459] SVEN
[19:14:14] [160/459] SRKM
[19:14:15] [161/459] JTLT
[19:14:16] [162/459] SVSS
[19:14:17] [163/459] AMDE
[19:14:17] [164/459] WVRN
[19:14:18] [165/459] ISMG
[19:14:19] [166/459] WVKS
[19:14:20] [167/459] USCG
[19:14:21] [168/459] IOTG
[19:14:21] [169/459] RRJM
[19:14:22] [170/459] EDMP
[19:14:23] [171/459] SCGZ
[19:14:24] [172/459] GMGX
[19:14:26] [173/459] OMTP
[19:14:26] [174/459] MITD
[19:14:27] [175/459] SMMD
[19:14:29] [176/459] STML
[19:14:30] [177/459] MCFS
[19:14:30] [178/459] FPKA
[19:14:31] [179/459] OMLR
[19:14:32] [180/459] KKSC
[19:14:33] [181/459] RVMA
[19:14:34] [182/459] SCLL
[19:14:36] [183/459] SCDK
[19:14:37] [184/459] SXMI
[19:14:38] [185/459] SHDN
[19:14:39] [186/459] PAAD
[19:14:40] [187/459] UUCB
[19:14:40] [188/459] JHOL
[19:14:42] [189/459] SGWT
[19:14:43] [190/459] SRII
[19:14:44] [191/459] SGCK
[19:14:44] [192/459] SVVB
[19:14:45] [193/459] DMHA
[19:14:46] [194/459] PPNL
[19:14:47] [195/459] CPNL
[19:14:48] [196/459] WVLD
[19:14:49] [197/459] PSLV
[19:14:50] [198/459] VTTL
[19:14:51] [199/459] NPAD
[19:14:52] [200/459] PVCS
[19:14:53] [201/459] MCHL
[19:14:54] [202/459] PPLL
[19:14:55] [203/459] MALO
[19:14:56] [204/459] SWBH
[19:14:57] [205/459] PUGB
[19:14:58] [206/459] INBB
[19:14:58] [207/459] INNS
[19:14:59] [208/459] MCPT
[19:15:00] [209/459] SCMI
[19:15:02] [210/459] OCON
[19:15:03] [211/459] SCSM
[19:15:04] [212/459] RJVN
[19:15:05] [213/459] AMDK
[19:15:06] [214/459] ISMR
[19:15:07] [215/459] SMTD
[19:15:07] [216/459] VTDD
[19:15:08] [217/459] PDDZ
[19:15:09] [218/459] PCCK
[19:15:10] [219/459] INAM
[19:15:11] [220/459] FNKT
[19:15:12] [221/459] GDKA
[19:15:13] [222/459] MAYU
[19:15:14] [223/459] TCGU
[19:15:15] [224/459] KDCA
[19:15:15] [225/459] DOMY
[19:15:16] [226/459] PDDD
[19:15:17] [227/459] BJTS
[19:15:18] [228/459] VTCA
[19:15:19] [229/459] SBTM
[19:15:20] [230/459] SEET
[19:15:20] [231/459] SSTJ
[19:15:21] [232/459] SVNT
[19:15:23] [233/459] PPPR
[19:15:24] [234/459] PVYS
[19:15:24] [235/459] IOSE
[19:15:26] [236/459] ACTV
[19:15:27] [237/459] APVE
[19:15:28] [238/459] TCCL
[19:15:28] [239/459] SCMO
[19:15:29] [240/459] SAUM
[19:15:31] [241/459] KCJS
[19:15:32] [242/459] NJCJ
[19:15:32] [243/459] NECF
[19:15:33] [244/459] CCGW
[19:15:34] [245/459] CCMG
[19:15:35] [246/459] NYRG
[19:15:36] [247/459] NCSQ
[19:15:37] [248/459] GRCG
[19:15:38] [249/459] CCBT
[19:15:38] [250/459] ACGA
[19:15:39] [251/459] INAG
[19:15:40] [252/459] FUCG
[19:15:41] [253/459] AICF
[19:15:42] [254/459] GRGA
[19:15:42] [255/459] GDCN
[19:15:43] [256/459] RRCG
[19:15:44] [257/459] SDCH
[19:15:45] [258/459] WVJM
[19:15:45] [259/459] JCCZ
[19:15:46] [260/459] CNCL
[19:15:47] [261/459] TMLV
[19:15:48] [262/459] MEMB
[19:15:50] [263/459] SGTD
[19:15:50] [264/459] CONX
[19:15:51] [265/459] CCMH
[19:15:52] [266/459] ACMC
[19:15:54] [267/459] DTPD
[19:15:55] [268/459] POJA
[19:15:56] [269/459] FNBH
[19:15:56] [270/459] CGCB
[19:15:58] [271/459] RACN
[19:15:59] [272/459] JTSM
[19:15:59] [273/459] SCDN
[19:16:00] [274/459] AACK
[19:16:01] [275/459] RMCE
[19:16:02] [276/459] BSGB
[19:16:03] [277/459] MRCB
[19:16:04] [278/459] SRVR
[19:16:04] [279/459] VTKK
[19:16:05] [280/459] AMST
[19:16:06] [281/459] APCY
[19:16:07] [282/459] LMHO
[19:16:08] [283/459] MTZH
[19:16:09] [284/459] AMZB
[19:16:10] [285/459] SUVT
[19:16:11] [286/459] RCIP
[19:16:12] [287/459] KESR
[19:16:13] [288/459] SNKC
[19:16:14] [289/459] SCED
[19:16:15] [290/459] DVCA
[19:16:16] [291/459] VCDT
[19:16:18] [292/459] RRDI
[19:16:19] [293/459] DFCH
[19:16:19] [294/459] INSC
[19:16:20] [295/459] RGTR
[19:16:22] [296/459] FMOT
[19:16:23] [297/459] SCPM
[19:16:23] [298/459] GCDT
[19:16:24] [299/459] BRKT
[19:16:25] [300/459] DEMP
[19:16:26] [301/459] SRLC
[19:16:27] [302/459] KSTT
[19:16:28] [303/459] SMMT
[19:16:28] [304/459] SILM
[19:16:29] [305/459] JCVM
[19:16:30] [306/459] KCSV
[19:16:31] [307/459] MHLK
[19:16:32] [308/459] SLVL
[19:16:34] [309/459] RJKP
[19:16:34] [310/459] BBPC
[19:16:35] [311/459] MXCB
[19:16:36] [312/459] TCPK
[19:16:37] [313/459] RTBR
[19:16:38] [314/459] GAUT
[19:16:38] [315/459] DVCF
[19:16:39] [316/459] JTSB
[19:16:40] [317/459] SBLS
[19:16:41] [318/459] UDAY
[19:16:42] [319/459] PTNP
[19:16:43] [320/459] DMKT
[19:16:43] [321/459] NTDT
[19:16:44] [322/459] SHDJ
[19:16:45] [323/459] OTNC
[19:16:46] [324/459] RNTW
[19:16:47] [325/459] GCMI
[19:16:48] [326/459] CRCM
[19:16:49] [327/459] NNCZ
[19:16:49] [328/459] OEMO
[19:16:50] [329/459] PVJM
[19:16:51] [330/459] CPJI
[19:16:52] [331/459] RMCJ
[19:16:52] [332/459] CNWJ
[19:16:53] [333/459] EPJM
[19:16:54] [334/459] FNJJ
[19:16:55] [335/459] GCMJ
[19:16:57] [336/459] INPS
[19:16:58] [337/459] BICJ
[19:16:58] [338/459] ISTJ
[19:16:59] [339/459] INJC
[19:17:00] [340/459] GLXJ
[19:17:01] [341/459] INEM
[19:17:02] [342/459] JTMN
[19:17:03] [343/459] FRCJ
[19:17:03] [344/459] DDJP
[19:17:04] [345/459] INJV
[19:17:05] [346/459] GOLC
[19:17:06] [347/459] KOCI
[19:17:07] [348/459] FSTD
[19:17:08] [349/459] PACJ
[19:17:08] [350/459] GMCN
[19:17:10] [351/459] MMDJ
[19:17:10] [352/459] GODH
[19:17:11] [353/459] SKYN
[19:17:12] [354/459] NCTH
[19:17:13] [355/459] SKVZ
[19:17:14] [356/459] SVML
[19:17:15] [357/459] ACVZ
[19:17:15] [358/459] SURA
[19:17:16] [359/459] RTRB
[19:17:17] [360/459] LLCT
[19:17:17] [361/459] ATTS
[19:17:18] [362/459] JYCM
[19:17:19] [363/459] CTKR
[19:17:20] [364/459] LCKR
[19:17:21] [365/459] NYCV
[19:17:21] [366/459] NYOH
[19:17:22] [367/459] NOVX
[19:17:23] [368/459] MRGK
[19:17:24] [369/459] MOON
[19:17:25] [370/459] SBUC
[19:17:25] [371/459] GSVA
[19:17:26] [372/459] VIAK
[19:17:27] [373/459] SMVZ
[19:17:28] [374/459] MATE
[19:17:29] [375/459] RDCN
[19:17:30] [376/459] ASBL
[19:17:31] [377/459] ASVS
[19:17:31] [378/459] ASSR
[19:17:32] [379/459] SSKN
[19:17:33] [380/459] DRPV
[19:17:34] [381/459] MRHT
[19:17:34] [382/459] BSCN
[19:17:35] [383/459] RKNX
[19:17:36] [384/459] MSMC
[19:17:37] [385/459] MSCJ
[19:17:37] [386/459] BTBJ
[19:17:38] [387/459] MJCC
[19:17:40] [388/459] IOMM
[19:17:41] [389/459] ADGR
[19:17:42] [390/459] MYCP
[19:17:43] [391/459] IGCM
[19:17:44] [392/459] PGRK
[19:17:45] [393/459] VPGO
[19:17:46] [394/459] KOMS
[19:17:46] [395/459] URGG
[19:17:47] [396/459] GOST
[19:17:48] [397/459] LACT
[19:17:49] [398/459] BWCM
[19:17:50] [399/459] NCCW
[19:17:50] [400/459] SKYC
[19:17:51] [401/459] CCPM
[19:17:52] [402/459] VCBT
[19:17:53] [403/459] SDKR
[19:17:54] [404/459] CTYB
[19:17:54] [405/459] SHCX
[19:17:55] [406/459] RCUN
[19:17:56] [407/459] CNRA
[19:17:57] [408/459] RFCA
[19:17:58] [409/459] RDCU
[19:17:58] [410/459] SARK
[19:17:59] [411/459] SPPP
[19:18:00] [412/459] ADMB
[19:18:01] [413/459] JYOE
[19:18:02] [414/459] SRMD
[19:18:03] [415/459] RJDH
[19:18:03] [416/459] SSTD
[19:18:04] [417/459] AACV
[19:18:05] [418/459] PPVD
[19:18:06] [419/459] STCP
[19:18:06] [420/459] ANJR
[19:18:07] [421/459] ANLS
[19:18:08] [422/459] BIJO
[19:18:09] [423/459] AVAB
[19:18:10] [424/459] SPMD
[19:18:10] [425/459] SVJL
[19:18:11] [426/459] SDDJ
[19:18:12] [427/459] SLTU
[19:18:13] [428/459] SAKA
[19:18:14] [429/459] PMAM
[19:18:14] [430/459] FNAM
[19:18:15] [431/459] ACAM
[19:18:16] [432/459] SCMM
[19:18:17] [433/459] PMAK
[19:18:18] [434/459] NYSA
[19:18:19] [435/459] FCPA
[19:18:20] [436/459] GDAN
[19:18:21] [437/459] RSCA
[19:18:22] [438/459] DMAN
[19:18:23] [439/459] DZCM
[19:18:24] [440/459] NSGL
[19:18:24] [441/459] CCPP
[19:18:25] [442/459] PSMG
[19:18:26] [443/459] GSER
[19:18:27] [444/459] FCCT
[19:18:28] [445/459] FCTB
[19:18:29] [446/459] LCNK
[19:18:30] [447/459] SKTY
[19:18:30] [448/459] INAA
[19:18:31] [449/459] RCWN
[19:18:32] [450/459] VAIS
[19:18:34] [451/459] CVMN
[19:18:34] [452/459] INTS
[19:18:35] [453/459] FRGS
[19:18:36] [454/459] DTCK
[19:18:37] [455/459] MCMH
[19:18:38] [456/459] ECRR
[19:18:39] [457/459] RLLP
[19:18:39] [458/459] CCSN
[19:18:40] [459/459] CCBA
[19:18:41] 🧹 Deduping shows
[19:18:41] ✅ DONE | Shows=1298 | Movies=56
[22:03:18] 🚀 SCRIPT STARTED
[22:03:18] [1/459] MBDC
[22:03:18] 🧠 New identity created
[22:03:19] [2/459] CHKM
[22:03:20] [3/459] JTKZ
[22:03:21] [4/459] CMCT
[22:03:21] [5/459] ASHO
[22:03:22] [6/459] ECDG
[22:03:23] [7/459] SPAT
[22:03:24] [8/459] HILC
[22:03:26] [9/459] SPPH
[22:03:26] [10/459] SBHN
[22:03:27] [11/459] RRCA
[22:03:28] [12/459] APAA
[22:03:29] [13/459] RAME
[22:03:30] [14/459] TMMS
[22:03:31] [15/459] BATK
[22:03:32] [16/459] LKOP
[22:03:34] [17/459] AMTT
[22:03:34] [18/459] PTGK
[22:03:35] [19/459] ANRS
[22:03:36] [20/459] VWBW
[22:03:37] [21/459] SVFG
[22:03:38] [22/459] STAT
[22:03:39] [23/459] GDCV
[22:03:40] [24/459] VEBI
[22:03:41] [25/459] VDSS
[22:03:41] [26/459] NTHV
[22:03:42] [27/459] AOCH
[22:03:43] [28/459] KASR
[22:03:44] [29/459] AYCS
[22:03:45] [30/459] SHAI
[22:03:46] [31/459] SKPE
[22:03:47] [32/459] SBTA
[22:03:48] [33/459] RTTD
[22:03:49] [34/459] CCJD
[22:03:50] [35/459] RSJJ
[22:03:51] [36/459] RKND
[22:03:52] [37/459] SVTX
[22:03:53] [38/459] BAKM
[22:03:54] [39/459] SVDC
[22:03:55] [40/459] MNCV
[22:03:55] [41/459] SJGC
[22:03:56] [42/459] MTPK
[22:03:57] [43/459] GATP
[22:03:59] [44/459] ABTS
[22:03:59] [45/459] ABDE
[22:04:00] [46/459] RCNM
[22:04:01] [47/459] KTHV
[22:04:02] [48/459] MDGJ
[22:04:03] [49/459] SMLM
[22:04:04] [50/459] JTMA
[22:04:05] [51/459] ACKP
[22:04:06] [52/459] SRTA
[22:04:07] [53/459] STAY
[22:04:08] [54/459] MAVO
[22:04:09] [55/459] APTS
[22:04:10] [56/459] OMEA
[22:04:11] [57/459] TTFD
[22:04:12] [58/459] MJCU
[22:04:13] [59/459] CXTE
[22:04:14] [60/459] CTPX
[22:04:14] [61/459] ASSL
[22:04:16] [62/459] CMVB
[22:04:17] [63/459] VPUR
[22:04:18] [64/459] JJDA
[22:04:18] [65/459] INBL
[22:04:19] [66/459] BIKB
[22:04:20] [67/459] NTBB
[22:04:21] [68/459] GLOB
[22:04:22] [69/459] SNTB
[22:04:22] [70/459] CHGV
[22:04:24] [71/459] SSBZ
[22:04:25] [72/459] PRDB
[22:04:26] [73/459] ISMT
[22:04:26] [74/459] MCSD
[22:04:27] [75/459] JBTT
[22:04:28] [76/459] GEKR
[22:04:29] [77/459] PVUN
[22:04:29] [78/459] NRTB
[22:04:30] [79/459] PRAA
[22:04:31] [80/459] PCBL
[22:04:32] [81/459] PTCM
[22:04:33] [82/459] KHNN
[22:04:34] [83/459] OMJE
[22:04:34] [84/459] STGN
[22:04:36] [85/459] RPMS
[22:04:37] [86/459] NWAD
[22:04:38] [87/459] BLCK
[22:04:39] [88/459] SVAA
[22:04:40] [89/459] URVM
[22:04:42] [90/459] ANTM
[22:04:43] [91/459] VJYM
[22:04:43] [92/459] MAZZ
[22:04:44] [93/459] CSHM
[22:04:45] [94/459] WGMH
[22:04:46] [95/459] SALN
[22:04:46] [96/459] BRTP
[22:04:47] [97/459] SVTA
[22:04:49] [98/459] SBTP
[22:04:49] [99/459] VLSS
[22:04:50] [100/459] SRJA
[22:04:51] [101/459] ANCG
[22:04:52] [102/459] CGGC
[22:04:53] [103/459] CRJA
[22:04:54] [104/459] USCR
[22:04:55] [105/459] MMEF
[22:04:56] [106/459] JCRJ
[22:04:56] [107/459] ADCM
[22:04:57] [108/459] BMYK
[22:04:58] [109/459] KICS
[22:04:59] [110/459] MBBT
[22:05:00] [111/459] MACK
[22:05:01] [112/459] CLDR
[22:05:02] [113/459] JYCR
[22:05:03] [114/459] DCRP
[22:05:03] [115/459] RAHT
[22:05:04] [116/459] CSSM
[22:05:05] [117/459] ATPK
[22:05:06] [118/459] KLRT
[22:05:07] [119/459] SRDD
[22:05:07] [120/459] CKMC
[22:05:08] [121/459] KRVM
[22:05:09] [122/459] AKCP
[22:05:10] [123/459] CNCV
[22:05:11] [124/459] PACT
[22:05:12] [125/459] NATP
[22:05:13] [126/459] PCPK
[22:05:13] [127/459] SMHO
[22:05:14] [128/459] CWTK
[22:05:15] [129/459] RVKZ
[22:05:16] [130/459] ASPD
[22:05:17] [131/459] VTKZ
[22:05:18] [132/459] LCSO
[22:05:19] [133/459] PRDY
[22:05:19] [134/459] RCAP
[22:05:20] [135/459] RGAR
[22:05:21] [136/459] RCAC
[22:05:22] [137/459] PMOD
[22:05:23] [138/459] PVCN
[22:05:23] [139/459] SCRZ
[22:05:24] [140/459] PVPC
[22:05:25] [141/459] STID
[22:05:26] [142/459] NEDD
[22:05:26] [143/459] BNBA
[22:05:27] [144/459] NTCD
[22:05:28] [145/459] OCDE
[22:05:30] [146/459] CCDU
[22:05:30] [147/459] CRXH
[22:05:31] [148/459] VLVT
[22:05:33] [149/459] CICI
[22:05:34] [150/459] SUCB
[22:05:34] [151/459] TCBP
[22:05:35] [152/459] SCCY
[22:05:36] [153/459] LXCY
[22:05:37] [154/459] NCMD
[22:05:38] [155/459] PHCS
[22:05:38] [156/459] DUXR
[22:05:39] [157/459] VNKS
[22:05:40] [158/459] SEDP
[22:05:41] [159/459] SVEN
[22:05:42] [160/459] SRKM
[22:05:42] [161/459] JTLT
[22:05:43] [162/459] SVSS
[22:05:44] [163/459] AMDE
[22:05:45] [164/459] WVRN
[22:05:46] [165/459] ISMG
[22:05:47] [166/459] WVKS
[22:05:47] [167/459] USCG
[22:05:48] [168/459] IOTG
[22:05:49] [169/459] RRJM
[22:05:50] [170/459] EDMP
[22:05:51] [171/459] SCGZ
[22:05:51] [172/459] GMGX
[22:05:52] [173/459] OMTP
[22:05:54] [174/459] MITD
[22:05:54] [175/459] SMMD
[22:05:55] [176/459] STML
[22:05:56] [177/459] MCFS
[22:05:57] [178/459] FPKA
[22:05:58] [179/459] OMLR
[22:05:58] [180/459] KKSC
[22:05:59] [181/459] RVMA
[22:06:00] [182/459] SCLL
[22:06:01] [183/459] SCDK
[22:06:01] [184/459] SXMI
[22:06:02] [185/459] SHDN
[22:06:03] [186/459] PAAD
[22:06:04] [187/459] UUCB
[22:06:05] [188/459] JHOL
[22:06:06] [189/459] SGWT
[22:06:07] [190/459] SRII
[22:06:07] [191/459] SGCK
[22:06:08] [192/459] SVVB
[22:06:09] [193/459] DMHA
[22:06:10] [194/459] PPNL
[22:06:11] [195/459] CPNL
[22:06:12] [196/459] WVLD
[22:06:13] [197/459] PSLV
[22:06:14] [198/459] VTTL
[22:06:14] [199/459] NPAD
[22:06:15] [200/459] PVCS
[22:06:16] [201/459] MCHL
[22:06:18] [202/459] PPLL
[22:06:19] [203/459] MALO
[22:06:19] [204/459] SWBH
[22:06:20] [205/459] PUGB
[22:06:21] [206/459] INBB
[22:06:22] [207/459] INNS
[22:06:23] [208/459] MCPT
[22:06:24] [209/459] SCMI
[22:06:25] [210/459] OCON
[22:06:26] [211/459] SCSM
[22:06:26] [212/459] RJVN
[22:06:27] [213/459] AMDK
[22:06:28] [214/459] ISMR
[22:06:29] [215/459] SMTD
[22:06:29] [216/459] VTDD
[22:06:30] [217/459] PDDZ
[22:06:31] [218/459] PCCK
[22:06:32] [219/459] INAM
[22:06:33] [220/459] FNKT
[22:06:34] [221/459] GDKA
[22:06:34] [222/459] MAYU
[22:06:35] [223/459] TCGU
[22:06:36] [224/459] KDCA
[22:06:37] [225/459] DOMY
[22:06:37] [226/459] PDDD
[22:06:38] [227/459] BJTS
[22:06:39] [228/459] VTCA
[22:06:41] [229/459] SBTM
[22:06:42] [230/459] SEET
[22:06:43] [231/459] SSTJ
[22:06:44] [232/459] SVNT
[22:06:44] [233/459] PPPR
[22:06:45] [234/459] PVYS
[22:06:46] [235/459] IOSE
[22:06:47] [236/459] ACTV
[22:06:48] [237/459] APVE
[22:06:49] [238/459] TCCL
[22:06:51] [239/459] SCMO
[22:06:52] [240/459] SAUM
[22:06:52] [241/459] KCJS
[22:06:53] [242/459] NJCJ
[22:06:54] [243/459] NECF
[22:06:55] [244/459] CCGW
[22:06:55] [245/459] CCMG
[22:06:57] [246/459] NYRG
[22:06:58] [247/459] NCSQ
[22:06:59] [248/459] GRCG
[22:06:59] [249/459] CCBT
[22:07:00] [250/459] ACGA
[22:07:01] [251/459] INAG
[22:07:02] [252/459] FUCG
[22:07:03] [253/459] AICF
[22:07:04] [254/459] GRGA
[22:07:05] [255/459] GDCN
[22:07:06] [256/459] RRCG
[22:07:07] [257/459] SDCH
[22:07:07] [258/459] WVJM
[22:07:08] [259/459] JCCZ
[22:07:09] [260/459] CNCL
[22:07:10] [261/459] TMLV
[22:07:12] [262/459] MEMB
[22:07:12] [263/459] SGTD
[22:07:13] [264/459] CONX
[22:07:14] [265/459] CCMH
[22:07:15] [266/459] ACMC
[22:07:16] [267/459] DTPD
[22:07:16] [268/459] POJA
[22:07:17] [269/459] FNBH
[22:07:18] [270/459] CGCB
[22:07:19] [271/459] RACN
[22:07:20] [272/459] JTSM
[22:07:21] [273/459] SCDN
[22:07:21] [274/459] AACK
[22:07:22] [275/459] RMCE
[22:07:23] [276/459] BSGB
[22:07:23] [277/459] MRCB
[22:07:24] [278/459] SRVR
[22:07:25] [279/459] VTKK
[22:07:26] [280/459] AMST
[22:07:27] [281/459] APCY
[22:07:27] [282/459] LMHO
[22:07:28] [283/459] MTZH
[22:07:29] [284/459] AMZB
[22:07:30] [285/459] SUVT
[22:07:31] [286/459] RCIP
[22:07:32] [287/459] KESR
[22:07:33] [288/459] SNKC
[22:07:34] [289/459] SCED
[22:07:35] [290/459] DVCA
[22:07:36] [291/459] VCDT
[22:07:36] [292/459] RRDI
[22:07:37] [293/459] DFCH
[22:07:38] [294/459] INSC
[22:07:39] [295/459] RGTR
[22:07:40] [296/459] FMOT
[22:07:41] [297/459] SCPM
[22:07:42] [298/459] GCDT
[22:07:43] [299/459] BRKT
[22:07:44] [300/459] DEMP
[22:07:45] [301/459] SRLC
[22:07:46] [302/459] KSTT
[22:07:47] [303/459] SMMT
[22:07:48] [304/459] SILM
[22:07:49] [305/459] JCVM
[22:07:49] [306/459] KCSV
[22:07:50] [307/459] MHLK
[22:07:51] [308/459] SLVL
[22:07:52] [309/459] RJKP
[22:07:54] [310/459] BBPC
[22:07:55] [311/459] MXCB
[22:07:56] [312/459] TCPK
[22:07:57] [313/459] RTBR
[22:07:58] [314/459] GAUT
[22:07:59] [315/459] DVCF
[22:08:00] [316/459] JTSB
[22:08:00] [317/459] SBLS
[22:08:01] [318/459] UDAY
[22:08:02] [319/459] PTNP
[22:08:03] [320/459] DMKT
[22:08:04] [321/459] NTDT
[22:08:05] [322/459] SHDJ
[22:08:05] [323/459] OTNC
[22:08:06] [324/459] RNTW
[22:08:07] [325/459] GCMI
[22:08:08] [326/459] CRCM
[22:08:09] [327/459] NNCZ
[22:08:09] [328/459] OEMO
[22:08:10] [329/459] PVJM
[22:08:11] [330/459] CPJI
[22:08:12] [331/459] RMCJ
[22:08:12] [332/459] CNWJ
[22:08:13] [333/459] EPJM
[22:08:14] [334/459] FNJJ
[22:08:15] [335/459] GCMJ
[22:08:15] [336/459] INPS
[22:08:16] [337/459] BICJ
[22:08:17] [338/459] ISTJ
[22:08:18] [339/459] INJC
[22:08:19] [340/459] GLXJ
[22:08:20] [341/459] INEM
[22:08:20] [342/459] JTMN
[22:08:21] [343/459] FRCJ
[22:08:22] [344/459] DDJP
[22:08:23] [345/459] INJV
[22:08:24] [346/459] GOLC
[22:08:24] [347/459] KOCI
[22:08:25] [348/459] FSTD
[22:08:26] [349/459] PACJ
[22:08:27] [350/459] GMCN
[22:08:27] [351/459] MMDJ
[22:08:29] [352/459] GODH
[22:08:30] [353/459] SKYN
[22:08:30] [354/459] NCTH
[22:08:31] [355/459] SKVZ
[22:08:32] [356/459] SVML
[22:08:33] [357/459] ACVZ
[22:08:34] [358/459] SURA
[22:08:34] [359/459] RTRB
[22:08:35] [360/459] LLCT
[22:08:36] [361/459] ATTS
[22:08:37] [362/459] JYCM
[22:08:38] [363/459] CTKR
[22:08:39] [364/459] LCKR
[22:08:41] [365/459] NYCV
[22:08:41] [366/459] NYOH
[22:08:42] [367/459] NOVX
[22:08:44] [368/459] MRGK
[22:08:44] [369/459] MOON
[22:08:45] [370/459] SBUC
[22:08:46] [371/459] GSVA
[22:08:47] [372/459] VIAK
[22:08:48] [373/459] SMVZ
[22:08:49] [374/459] MATE
[22:08:50] [375/459] RDCN
[22:08:50] [376/459] ASBL
[22:08:52] [377/459] ASVS
[22:08:53] [378/459] ASSR
[22:08:53] [379/459] SSKN
[22:08:54] [380/459] DRPV
[22:08:55] [381/459] MRHT
[22:08:57] [382/459] BSCN
[22:08:58] [383/459] RKNX
[22:08:58] [384/459] MSMC
[22:08:59] [385/459] MSCJ
[22:09:00] [386/459] BTBJ
[22:09:01] [387/459] MJCC
[22:09:01] [388/459] IOMM
[22:09:02] [389/459] ADGR
[22:09:03] [390/459] MYCP
[22:09:04] [391/459] IGCM
[22:09:05] [392/459] PGRK
[22:09:05] [393/459] VPGO
[22:09:06] [394/459] KOMS
[22:09:07] [395/459] URGG
[22:09:08] [396/459] GOST
[22:09:09] [397/459] LACT
[22:09:10] [398/459] BWCM
[22:09:11] [399/459] NCCW
[22:09:11] [400/459] SKYC
[22:09:13] [401/459] CCPM
[22:09:14] [402/459] VCBT
[22:09:15] [403/459] SDKR
[22:09:16] [404/459] CTYB
[22:09:17] [405/459] SHCX
[22:09:17] [406/459] RCUN
[22:09:18] [407/459] CNRA
[22:09:19] [408/459] RFCA
[22:09:20] [409/459] RDCU
[22:09:21] [410/459] SARK
[22:09:21] [411/459] SPPP
[22:09:22] [412/459] ADMB
[22:09:23] [413/459] JYOE
[22:09:24] [414/459] SRMD
[22:09:25] [415/459] RJDH
[22:09:25] [416/459] SSTD
[22:09:26] [417/459] AACV
[22:09:27] [418/459] PPVD
[22:09:28] [419/459] STCP
[22:09:29] [420/459] ANJR
[22:09:30] [421/459] ANLS
[22:09:30] [422/459] BIJO
[22:09:31] [423/459] AVAB
[22:09:32] [424/459] SPMD
[22:09:33] [425/459] SVJL
[22:09:34] [426/459] SDDJ
[22:09:34] [427/459] SLTU
[22:09:35] [428/459] SAKA
[22:09:36] [429/459] PMAM
[22:09:37] [430/459] FNAM
[22:09:38] [431/459] ACAM
[22:09:38] [432/459] SCMM
[22:09:39] [433/459] PMAK
[22:09:40] [434/459] NYSA
[22:09:41] [435/459] FCPA
[22:09:41] [436/459] GDAN
[22:09:42] [437/459] RSCA
[22:09:43] [438/459] DMAN
[22:09:44] [439/459] DZCM
[22:09:45] [440/459] NSGL
[22:09:46] [441/459] CCPP
[22:09:46] [442/459] PSMG
[22:09:47] [443/459] GSER
[22:09:48] [444/459] FCCT
[22:09:49] [445/459] FCTB
[22:09:50] [446/459] LCNK
[22:09:51] [447/459] SKTY
[22:09:51] [448/459] INAA
[22:09:52] [449/459] RCWN
[22:09:53] [450/459] VAIS
[22:09:54] [451/459] CVMN
[22:09:55] [452/459] INTS
[22:09:56] [453/459] FRGS
[22:09:57] [454/459] DTCK
[22:09:58] [455/459] MCMH
[22:09:58] [456/459] ECRR
[22:09:59] [457/459] RLLP
[22:10:00] [458/459] CCSN
[22:10:01] [459/459] CCBA
[22:10:02] 🧹 Deduping shows
[22:10:02] ✅ DONE | Shows=1516 | Movies=58
