[19:11:24] 🚀 SCRIPT STARTED
[19:11:24] [1/459] FNDB
[19:11:24] 🧠 New identity created
[19:11:25] [2/459] AMBH
[19:11:26] [3/459] PRHN
[19:11:27] [4/459] ACPM
[19:11:28] [5/459] PVFS
[19:11:29] [6/459] AACN
[19:11:30] [7/459] ACAS
[19:11:31] [8/459] CTNR
[19:11:31] [9/459] MMAH
[19:11:33] [10/459] CPMH
[19:11:34] [11/459] IGMH
[19:11:35] [12/459] ABCS
[19:11:35] [13/459] CMMA
[19:11:36] [14/459] GPRH
[19:11:37] [15/459] PNNG
[19:11:38] [16/459] AMCA
[19:11:39] [17/459] ISTN
[19:11:40] [18/459] PIIC
[19:11:41] [19/459] AHMH
[19:11:42] [20/459] ASHN
[19:11:43] [21/459] INHY
[19:11:44] [22/459] SRMO
[19:11:44] [23/459] PIMH
[19:11:45] [24/459] PVTS
[19:11:46] [25/459] MMCA
[19:11:47] [26/459] AKYJ
[19:11:48] [27/459] BRKH
[19:11:49] [28/459] MAHM
[19:11:50] [29/459] CPHY
[19:11:50] [30/459] PVTP
[19:11:51] [31/459] SMMR
[19:11:52] [32/459] PVHM
[19:11:53] [33/459] SNDY
[19:11:55] [34/459] GOKU
[19:11:55] [35/459] ACEV
[19:11:56] [36/459] PVUM
[19:11:58] [37/459] VSWA
[19:11:58] [38/459] IPRS
[19:11:59] [39/459] ASGN
[19:12:00] [40/459] BKMV
[19:12:01] [41/459] PVYH
[19:12:02] [42/459] INKM
[19:12:03] [43/459] ARJU
[19:12:04] [44/459] JJPP
[19:12:05] [45/459] SSRM
[19:12:06] [46/459] HMHD
[19:12:06] [47/459] SNKH
[19:12:07] [48/459] ACHI
[19:12:09] [49/459] MRAA
[19:12:10] [50/459] INMH
[19:12:10] [51/459] ARMH
[19:12:11] [52/459] DVRR
[19:12:12] [53/459] SUDA
[19:12:13] [54/459] MCSS
[19:12:14] [55/459] VRKC
[19:12:15] [56/459] PRCX
[19:12:16] [57/459] ASJY
[19:12:16] [58/459] MTHY
[19:12:17] [59/459] SRCM
[19:12:18] [60/459] TVHY
[19:12:19] [61/459] STHD
[19:12:20] [62/459] CPCL
[19:12:20] [63/459] PSMJ
[19:12:21] [64/459] MRGT
[19:12:22] [65/459] ARYH
[19:12:23] [66/459] VTRB
[19:12:24] [67/459] SCHC
[19:12:25] [68/459] MRRG
[19:12:25] [69/459] SPCB
[19:12:26] [70/459] AMCM
[19:12:27] [71/459] IVNM
[19:12:28] [72/459] TRHY
[19:12:30] [73/459] PTTH
[19:12:31] [74/459] RKMH
[19:12:31] [75/459] PRCS
[19:12:33] [76/459] VAJA
[19:12:34] [77/459] BJNG
[19:12:34] [78/459] SCVM
[19:12:35] [79/459] GNHB
[19:12:37] [80/459] TLUR
[19:12:38] [81/459] UKCC
[19:12:38] [82/459] SRKR
[19:12:40] [83/459] RMKN
[19:12:41] [84/459] SLRT
[19:12:42] [85/459] LKMT
[19:12:42] [86/459] SSRJ
[19:12:43] [87/459] SPHT
[19:12:44] [88/459] ANTT
[19:12:45] [89/459] SRCH
[19:12:46] [90/459] SRCA
[19:12:47] [91/459] ARTH
[19:12:48] [92/459] MCBH
[19:12:48] [93/459] SNIB
[19:12:49] [94/459] SART
[19:12:50] [95/459] SKTA
[19:12:50] [96/459] YAKT
[19:12:52] [97/459] MLCK
[19:12:53] [98/459] ANTS
[19:12:54] [99/459] DGCA
[19:12:55] [100/459] SGMP
[19:12:55] [101/459] ASWN
[19:12:56] [102/459] KFVU
[19:12:57] [103/459] POOR
[19:12:58] [104/459] GKDN
[19:12:59] [105/459] EOSE
[19:13:00] [106/459] GTTT
[19:13:01] [107/459] ARRO
[19:13:02] [108/459] CMMK
[19:13:02] [109/459] MSCN
[19:13:03] [110/459] GDKH
[19:13:04] [111/459] DLMT
[19:13:05] [112/459] PVMF
[19:13:06] [113/459] CPCK
[19:13:06] [114/459] VMHE
[19:13:07] [115/459] PVLC
[19:13:08] [116/459] PCVB
[19:13:09] [117/459] SNYK
[19:13:09] [118/459] KTEK
[19:13:10] [119/459] PCNM
[19:13:11] [120/459] NTTR
[19:13:12] [121/459] CPSK
[19:13:13] [122/459] JMMA
[19:13:14] [123/459] GCFK
[19:13:15] [124/459] MYCA
[19:13:15] [125/459] KSNP
[19:13:16] [126/459] PMCE
[19:13:17] [127/459] SCKI
[19:13:18] [128/459] FSMA
[19:13:19] [129/459] CETA
[19:13:20] [130/459] MCIK
[19:13:21] [131/459] MYCR
[19:13:22] [132/459] EVMP
[19:13:23] [133/459] SSGT
[19:13:24] [134/459] KCTK
[19:13:25] [135/459] ZTKC
[19:13:26] [136/459] MMTA
[19:13:27] [137/459] MAJT
[19:13:27] [138/459] ACPK
[19:13:28] [139/459] JMAX
[19:13:29] [140/459] SETK
[19:13:29] [141/459] CAIS
[19:13:30] [142/459] AGCD
[19:13:31] [143/459] URCL
[19:13:33] [144/459] VTDS
[19:13:34] [145/459] JCNM
[19:13:35] [146/459] KCAM
[19:13:36] [147/459] ADCU
[19:13:36] [148/459] GXYN
[19:13:37] [149/459] SMJG
[19:13:38] [150/459] EYCJ
[19:13:39] [151/459] CCEJ
[19:13:40] [152/459] MARS
[19:13:41] [153/459] CPVJ
[19:13:43] [154/459] INVP
[19:13:43] [155/459] CPOV
[19:13:44] [156/459] VIJK
[19:13:45] [157/459] LAIM
[19:13:46] [158/459] STHV
[19:13:47] [159/459] SVLJ
[19:13:48] [160/459] ATVJ
[19:13:49] [161/459] JTSC
[19:13:49] [162/459] RMTV
[19:13:50] [163/459] MGGG
[19:13:51] [164/459] SWTH
[19:13:52] [165/459] INVJ
[19:13:53] [166/459] PRSV
[19:13:53] [167/459] JATV
[19:13:54] [168/459] RCVD
[19:13:55] [169/459] BDMA
[19:13:56] [170/459] BLJI
[19:13:57] [171/459] SWOT
[19:13:58] [172/459] SWRN
[19:13:58] [173/459] TVRA
[19:13:59] [174/459] VCSV
[19:14:00] [175/459] NVRN
[19:14:01] [176/459] SIKC
[19:14:01] [177/459] VAKR
[19:14:02] [178/459] SYLN
[19:14:03] [179/459] KLJL
[19:14:04] [180/459] LKMY
[19:14:05] [181/459] VSLY
[19:14:05] [182/459] CIKO
[19:14:06] [183/459] GPBG
[19:14:07] [184/459] CECM
[19:14:08] [185/459] SLKB
[19:14:08] [186/459] MTBO
[19:14:09] [187/459] SSHB
[19:14:10] [188/459] VPCS
[19:14:11] [189/459] RCSR
[19:14:11] [190/459] RJRM
[19:14:12] [191/459] KPPB
[19:14:13] [192/459] SEDC
[19:14:14] [193/459] SCAI
[19:14:15] [194/459] RMTR
[19:14:15] [195/459] ASST
[19:14:16] [196/459] GCAK
[19:14:17] [197/459] ANNK
[19:14:18] [198/459] KDDF
[19:14:18] [199/459] NRDP
[19:14:19] [200/459] PLAK
[19:14:20] [201/459] GCMC
[19:14:21] [202/459] ALPY
[19:14:22] [203/459] SICE
[19:14:23] [204/459] SISR
[19:14:24] [205/459] SRPZ
[19:14:25] [206/459] SRSW
[19:14:25] [207/459] SUYA
[19:14:26] [208/459] AMMT
[19:14:27] [209/459] BHCU
[19:14:28] [210/459] KLPA
[19:14:29] [211/459] NVKH
[19:14:30] [212/459] JMRC
[19:14:31] [213/459] KTTT
[19:14:32] [214/459] MAGH
[19:14:33] [215/459] MMMX
[19:14:33] [216/459] SALJ
[19:14:34] [217/459] GTJA
[19:14:35] [218/459] MAHT
[19:14:36] [219/459] SSNN
[19:14:37] [220/459] ARRP
[19:14:38] [221/459] ATNS
[19:14:39] [222/459] SKDT
[19:14:39] [223/459] ACAT
[19:14:40] [224/459] APRC
[19:14:41] [225/459] SWAG
[19:14:42] [226/459] SDPT
[19:14:43] [227/459] STPS
[19:14:44] [228/459] WWCZ
[19:14:45] [229/459] LLCH
[19:14:45] [230/459] MZHA
[19:14:46] [231/459] CRJG
[19:14:47] [232/459] JGTK
[19:14:48] [233/459] KCSR
[19:14:48] [234/459] CHTL
[19:14:49] [235/459] EDSR
[19:14:50] [236/459] CSWO
[19:14:51] [237/459] CPVM
[19:14:52] [238/459] MXBY
[19:14:53] [239/459] FMMA
[19:14:53] [240/459] POVI
[19:14:54] [241/459] MTHB
[19:14:55] [242/459] INRC
[19:14:55] [243/459] PIPP
[19:14:57] [244/459] BMXC
[19:14:58] [245/459] PCMM
[19:14:58] [246/459] PMKM
[19:14:59] [247/459] GATY
[19:15:00] [248/459] IMCM
[19:15:01] [249/459] POPE
[19:15:02] [250/459] MTCR
[19:15:03] [251/459] PVAE
[19:15:03] [252/459] PVMI
[19:15:04] [253/459] CPNM
[19:15:05] [254/459] FMRL
[19:15:06] [255/459] MCIW
[19:15:07] [256/459] MXBO
[19:15:07] [257/459] FMKY
[19:15:08] [258/459] FMDA
[19:15:09] [259/459] THAB
[19:15:10] [260/459] PRCW
[19:15:10] [261/459] PITI
[19:15:11] [262/459] MCFF
[19:15:12] [263/459] PDDV
[19:15:13] [264/459] MCRM
[19:15:14] [265/459] KKMB
[19:15:15] [266/459] INKO
[19:15:15] [267/459] PLXP
[19:15:16] [268/459] MMHA
[19:15:17] [269/459] FMVS
[19:15:18] [270/459] POLM
[19:15:19] [271/459] STER
[19:15:20] [272/459] PVWJ
[19:15:21] [273/459] IMJW
[19:15:22] [274/459] FNAN
[19:15:23] [275/459] CAGL
[19:15:24] [276/459] IPBG
[19:15:24] [277/459] SMFV
[19:15:25] [278/459] MMMR
[19:15:26] [279/459] MMWM
[19:15:27] [280/459] FNCM
[19:15:28] [281/459] MDVA
[19:15:29] [282/459] MMET
[19:15:30] [283/459] MIDO
[19:15:30] [284/459] INNP
[19:15:31] [285/459] MIFU
[19:15:32] [286/459] MMSZ
[19:15:33] [287/459] BMXA
[19:15:34] [288/459] MCAA
[19:15:35] [289/459] SCVP
[19:15:35] [290/459] PLUS
[19:15:36] [291/459] MUCK
[19:15:37] [292/459] MTMA
[19:15:38] [293/459] HPVR
[19:15:38] [294/459] PMPK
[19:15:39] [295/459] MAJB
[19:15:40] [296/459] CTRR
[19:15:41] [297/459] MCTG
[19:15:42] [298/459] MACE
[19:15:42] [299/459] AAAS
[19:15:43] [300/459] CPVV
[19:15:44] [301/459] RCHG
[19:15:45] [302/459] MCNE
[19:15:46] [303/459] EMNC
[19:15:47] [304/459] MCAN
[19:15:47] [305/459] TCDM
[19:15:48] [306/459] IRGT
[19:15:49] [307/459] GCMG
[19:15:50] [308/459] MXSN
[19:15:50] [309/459] MXCK
[19:15:51] [310/459] MCRC
[19:15:52] [311/459] RSMI
[19:15:53] [312/459] WAML
[19:15:54] [313/459] MTSC
[19:15:54] [314/459] FMDR
[19:15:55] [315/459] LEPV
[19:15:56] [316/459] MTGD
[19:15:57] [317/459] IMOB
[19:15:58] [318/459] CLMM
[19:15:59] [319/459] PZCD
[19:16:00] [320/459] GOCS
[19:16:00] [321/459] KCMA
[19:16:01] [322/459] CCMP
[19:16:02] [323/459] MTSU
[19:16:03] [324/459] SNGL
[19:16:03] [325/459] MMMC
[19:16:04] [326/459] MMAA
[19:16:05] [327/459] GCDM
[19:16:06] [328/459] KTMV
[19:16:06] [329/459] AETE
[19:16:07] [330/459] OMCS
[19:16:08] [331/459] GDCD
[19:16:10] [332/459] NYMD
[19:16:11] [333/459] RNCV
[19:16:11] [334/459] KKMT
[19:16:12] [335/459] GDTH
[19:16:13] [336/459] KMMV
[19:16:15] [337/459] NHCG
[19:16:16] [338/459] PJDW
[19:16:17] [339/459] MMCV
[19:16:17] [340/459] FQSA
[19:16:18] [341/459] KURL
[19:16:20] [342/459] NNNX
[19:16:21] [343/459] AMAU
[19:16:21] [344/459] VVVM
[19:16:22] [345/459] VECU
[19:16:24] [346/459] WCVR
[19:16:24] [347/459] MTGG
[19:16:25] [348/459] SGTG
[19:16:27] [349/459] MNTG
[19:16:27] [350/459] JDDG
[19:16:28] [351/459] MBTK
[19:16:29] [352/459] SGCD
[19:16:30] [353/459] MCTC
[19:16:31] [354/459] JTPC
[19:16:32] [355/459] SDKT
[19:16:33] [356/459] KRCC
[19:16:34] [357/459] RMMD
[19:16:35] [358/459] AAME
[19:16:35] [359/459] TMWC
[19:16:36] [360/459] NRWY
[19:16:37] [361/459] CITD
[19:16:38] [362/459] VERD
[19:16:39] [363/459] MKSK
[19:16:40] [364/459] STSM
[19:16:41] [365/459] MJDG
[19:16:43] [366/459] RKPM
[19:16:43] [367/459] SSCE
[19:16:44] [368/459] VMAE
[19:16:45] [369/459] SBRU
[19:16:46] [370/459] AMBC
[19:16:46] [371/459] AMLU
[19:16:48] [372/459] INVZ
[19:16:49] [373/459] LGTV
[19:16:50] [374/459] SVAD
[19:16:51] [375/459] SMSA
[19:16:52] [376/459] SPCZ
[19:16:52] [377/459] GTCX
[19:16:53] [378/459] SCSL
[19:16:54] [379/459] SAHU
[19:16:55] [380/459] NCDA
[19:16:56] [381/459] SCCG
[19:16:57] [382/459] VKTL
[19:16:57] [383/459] PUUJ
[19:16:58] [384/459] STEJ
[19:16:59] [385/459] RJAL
[19:17:00] [386/459] ACJC
[19:17:01] [387/459] VTHC
[19:17:02] [388/459] ARVB
[19:17:03] [389/459] AUBB
[19:17:03] [390/459] GDBR
[19:17:04] [391/459] PVND
[19:17:05] [392/459] BGRJ
[19:17:06] [393/459] RJMM
[19:17:07] [394/459] MCSA
[19:17:08] [395/459] BODA
[19:17:09] [396/459] JAGG
[19:17:10] [397/459] SCGA
[19:17:10] [398/459] LRCM
[19:17:11] [399/459] CPCN
[19:17:12] [400/459] SSTF
[19:17:13] [401/459] SRXP
[19:17:14] [402/459] CNFX
[19:17:15] [403/459] ANDI
[19:17:15] [404/459] SYEW
[19:17:16] [405/459] RCRE
[19:17:17] [406/459] SCRW
[19:17:18] [407/459] MBKR
[19:17:19] [408/459] ASNT
[19:17:20] [409/459] JTMT
[19:17:20] [410/459] SHAY
[19:17:21] [411/459] VRTH
[19:17:22] [412/459] SPTI
[19:17:23] [413/459] DPTD
[19:17:24] [414/459] TGSN
[19:17:24] [415/459] RCWV
[19:17:25] [416/459] OCUR
[19:17:26] [417/459] KSTC
[19:17:27] [418/459] SANI
[19:17:27] [419/459] MLCA
[19:17:28] [420/459] EGCA
[19:17:29] [421/459] SYSN
[19:17:30] [422/459] PKTA
[19:17:31] [423/459] PRCC
[19:17:32] [424/459] KSTR
[19:17:33] [425/459] SNTP
[19:17:34] [426/459] RCHA
[19:17:34] [427/459] SEEA
[19:17:35] [428/459] ALAT
[19:17:36] [429/459] AATV
[19:17:37] [430/459] RJTE
[19:17:38] [431/459] AAPP
[19:17:39] [432/459] PMMH
[19:17:40] [433/459] INRJ
[19:17:41] [434/459] SARB
[19:17:42] [435/459] PCJL
[19:17:43] [436/459] PFJJ
[19:17:43] [437/459] GRDC
[19:17:44] [438/459] BCBA
[19:17:46] [439/459] VIXL
[19:17:47] [440/459] CSTL
[19:17:49] [441/459] MTDK
[19:17:50] [442/459] TDAC
[19:17:51] [443/459] GTDN
[19:17:51] [444/459] TTDE
[19:17:52] [445/459] ASTS
[19:17:53] [446/459] CPNS
[19:17:54] [447/459] PVVW
[19:17:54] [448/459] USEB
[19:17:55] [449/459] DTYN
[19:17:56] [450/459] PVLE
[19:17:57] [451/459] CIPS
[19:17:57] [452/459] PAEG
[19:17:58] [453/459] PTCW
[19:18:00] [454/459] G3SR
[19:18:01] [455/459] PGND
[19:18:02] [456/459] INVM
[19:18:02] [457/459] SPIA
[19:18:03] [458/459] PCSN
[19:18:04] [459/459] PPGV
[19:18:05] 🧹 Deduping shows
[19:18:05] ✅ DONE | Shows=2034 | Movies=67
[22:03:16] 🚀 SCRIPT STARTED
[22:03:16] [1/459] FNDB
[22:03:16] 🧠 New identity created
[22:03:17] [2/459] AMBH
[22:03:18] [3/459] PRHN
[22:03:19] [4/459] ACPM
[22:03:19] [5/459] PVFS
[22:03:20] [6/459] AACN
[22:03:21] [7/459] ACAS
[22:03:22] [8/459] CTNR
[22:03:23] [9/459] MMAH
[22:03:24] [10/459] CPMH
[22:03:25] [11/459] IGMH
[22:03:26] [12/459] ABCS
[22:03:27] [13/459] CMMA
[22:03:28] [14/459] GPRH
[22:03:29] [15/459] PNNG
[22:03:29] [16/459] AMCA
[22:03:30] [17/459] ISTN
[22:03:31] [18/459] PIIC
[22:03:32] [19/459] AHMH
[22:03:33] [20/459] ASHN
[22:03:34] [21/459] INHY
[22:03:35] [22/459] SRMO
[22:03:36] [23/459] PIMH
[22:03:37] [24/459] PVTS
[22:03:38] [25/459] MMCA
[22:03:38] [26/459] AKYJ
[22:03:39] [27/459] BRKH
[22:03:40] [28/459] MAHM
[22:03:41] [29/459] CPHY
[22:03:42] [30/459] PVTP
[22:03:43] [31/459] SMMR
[22:03:44] [32/459] PVHM
[22:03:45] [33/459] SNDY
[22:03:45] [34/459] GOKU
[22:03:46] [35/459] ACEV
[22:03:48] [36/459] PVUM
[22:03:49] [37/459] VSWA
[22:03:50] [38/459] IPRS
[22:03:51] [39/459] ASGN
[22:03:51] [40/459] BKMV
[22:03:52] [41/459] PVYH
[22:03:53] [42/459] INKM
[22:03:54] [43/459] ARJU
[22:03:55] [44/459] JJPP
[22:03:56] [45/459] SSRM
[22:03:57] [46/459] HMHD
[22:03:59] [47/459] SNKH
[22:04:00] [48/459] ACHI
[22:04:01] [49/459] MRAA
[22:04:01] [50/459] INMH
[22:04:02] [51/459] ARMH
[22:04:03] [52/459] DVRR
[22:04:05] [53/459] SUDA
[22:04:06] [54/459] MCSS
[22:04:07] [55/459] VRKC
[22:04:08] [56/459] PRCX
[22:04:09] [57/459] ASJY
[22:04:10] [58/459] MTHY
[22:04:11] [59/459] SRCM
[22:04:12] [60/459] TVHY
[22:04:13] [61/459] STHD
[22:04:14] [62/459] CPCL
[22:04:15] [63/459] PSMJ
[22:04:16] [64/459] MRGT
[22:04:17] [65/459] ARYH
[22:04:18] [66/459] VTRB
[22:04:19] [67/459] SCHC
[22:04:20] [68/459] MRRG
[22:04:21] [69/459] SPCB
[22:04:22] [70/459] AMCM
[22:04:23] [71/459] IVNM
[22:04:24] [72/459] TRHY
[22:04:25] [73/459] PTTH
[22:04:27] [74/459] RKMH
[22:04:28] [75/459] PRCS
[22:04:28] [76/459] VAJA
[22:04:29] [77/459] BJNG
[22:04:30] [78/459] SCVM
[22:04:31] [79/459] GNHB
[22:04:32] [80/459] TLUR
[22:04:33] [81/459] UKCC
[22:04:34] [82/459] SRKR
[22:04:34] [83/459] RMKN
[22:04:35] [84/459] SLRT
[22:04:36] [85/459] LKMT
[22:04:38] [86/459] SSRJ
[22:04:39] [87/459] SPHT
[22:04:40] [88/459] ANTT
[22:04:41] [89/459] SRCH
[22:04:41] [90/459] SRCA
[22:04:42] [91/459] ARTH
[22:04:43] [92/459] MCBH
[22:04:44] [93/459] SNIB
[22:04:45] [94/459] SART
[22:04:46] [95/459] SKTA
[22:04:46] [96/459] YAKT
[22:04:47] [97/459] MLCK
[22:04:48] [98/459] ANTS
[22:04:49] [99/459] DGCA
[22:04:50] [100/459] SGMP
[22:04:51] [101/459] ASWN
[22:04:52] [102/459] KFVU
[22:04:53] [103/459] POOR
[22:04:54] [104/459] GKDN
[22:04:55] [105/459] EOSE
[22:04:57] [106/459] GTTT
[22:04:58] [107/459] ARRO
[22:04:59] [108/459] CMMK
[22:05:01] [109/459] MSCN
[22:05:02] [110/459] GDKH
[22:05:02] [111/459] DLMT
[22:05:04] [112/459] PVMF
[22:05:05] [113/459] CPCK
[22:05:06] [114/459] VMHE
[22:05:07] [115/459] PVLC
[22:05:08] [116/459] PCVB
[22:05:09] [117/459] SNYK
[22:05:11] [118/459] KTEK
[22:05:12] [119/459] PCNM
[22:05:13] [120/459] NTTR
[22:05:14] [121/459] CPSK
[22:05:15] [122/459] JMMA
[22:05:16] [123/459] GCFK
[22:05:17] [124/459] MYCA
[22:05:18] [125/459] KSNP
[22:05:18] [126/459] PMCE
[22:05:19] [127/459] SCKI
[22:05:21] [128/459] FSMA
[22:05:21] [129/459] CETA
[22:05:22] [130/459] MCIK
[22:05:23] [131/459] MYCR
[22:05:23] [132/459] EVMP
[22:05:25] [133/459] SSGT
[22:05:26] [134/459] KCTK
[22:05:27] [135/459] ZTKC
[22:05:29] [136/459] MMTA
[22:05:30] [137/459] MAJT
[22:05:30] [138/459] ACPK
[22:05:32] [139/459] JMAX
[22:05:32] [140/459] SETK
[22:05:34] [141/459] CAIS
[22:05:35] [142/459] AGCD
[22:05:36] [143/459] URCL
[22:05:36] [144/459] VTDS
[22:05:37] [145/459] JCNM
[22:05:38] [146/459] KCAM
[22:05:39] [147/459] ADCU
[22:05:39] [148/459] GXYN
[22:05:40] [149/459] SMJG
[22:05:41] [150/459] EYCJ
[22:05:42] [151/459] CCEJ
[22:05:43] [152/459] MARS
[22:05:44] [153/459] CPVJ
[22:05:45] [154/459] INVP
[22:05:46] [155/459] CPOV
[22:05:46] [156/459] VIJK
[22:05:47] [157/459] LAIM
[22:05:48] [158/459] STHV
[22:05:49] [159/459] SVLJ
[22:05:50] [160/459] ATVJ
[22:05:51] [161/459] JTSC
[22:05:52] [162/459] RMTV
[22:05:53] [163/459] MGGG
[22:05:54] [164/459] SWTH
[22:05:54] [165/459] INVJ
[22:05:55] [166/459] PRSV
[22:05:56] [167/459] JATV
[22:05:57] [168/459] RCVD
[22:05:57] [169/459] BDMA
[22:05:58] [170/459] BLJI
[22:06:00] [171/459] SWOT
[22:06:01] [172/459] SWRN
[22:06:02] [173/459] TVRA
[22:06:02] [174/459] VCSV
[22:06:04] [175/459] NVRN
[22:06:05] [176/459] SIKC
[22:06:06] [177/459] VAKR
[22:06:06] [178/459] SYLN
[22:06:07] [179/459] KLJL
[22:06:08] [180/459] LKMY
[22:06:09] [181/459] VSLY
[22:06:10] [182/459] CIKO
[22:06:11] [183/459] GPBG
[22:06:11] [184/459] CECM
[22:06:12] [185/459] SLKB
[22:06:13] [186/459] MTBO
[22:06:14] [187/459] SSHB
[22:06:15] [188/459] VPCS
[22:06:15] [189/459] RCSR
[22:06:16] [190/459] RJRM
[22:06:18] [191/459] KPPB
[22:06:19] [192/459] SEDC
[22:06:21] [193/459] SCAI
[22:06:22] [194/459] RMTR
[22:06:23] [195/459] ASST
[22:06:24] [196/459] GCAK
[22:06:24] [197/459] ANNK
[22:06:25] [198/459] KDDF
[22:06:26] [199/459] NRDP
[22:06:27] [200/459] PLAK
[22:06:28] [201/459] GCMC
[22:06:30] [202/459] ALPY
[22:06:31] [203/459] SICE
[22:06:31] [204/459] SISR
[22:06:33] [205/459] SRPZ
[22:06:33] [206/459] SRSW
[22:06:34] [207/459] SUYA
[22:06:35] [208/459] AMMT
[22:06:36] [209/459] BHCU
[22:06:37] [210/459] KLPA
[22:06:37] [211/459] NVKH
[22:06:38] [212/459] JMRC
[22:06:39] [213/459] KTTT
[22:06:41] [214/459] MAGH
[22:06:41] [215/459] MMMX
[22:06:42] [216/459] SALJ
[22:06:43] [217/459] GTJA
[22:06:44] [218/459] MAHT
[22:06:44] [219/459] SSNN
[22:06:46] [220/459] ARRP
[22:06:47] [221/459] ATNS
[22:06:48] [222/459] SKDT
[22:06:49] [223/459] ACAT
[22:06:50] [224/459] APRC
[22:06:51] [225/459] SWAG
[22:06:52] [226/459] SDPT
[22:06:52] [227/459] STPS
[22:06:54] [228/459] WWCZ
[22:06:54] [229/459] LLCH
[22:06:55] [230/459] MZHA
[22:06:56] [231/459] CRJG
[22:06:57] [232/459] JGTK
[22:06:58] [233/459] KCSR
[22:06:58] [234/459] CHTL
[22:06:59] [235/459] EDSR
[22:07:01] [236/459] CSWO
[22:07:03] [237/459] CPVM
[22:07:04] [238/459] MXBY
[22:07:05] [239/459] FMMA
[22:07:05] [240/459] POVI
[22:07:06] [241/459] MTHB
[22:07:07] [242/459] INRC
[22:07:08] [243/459] PIPP
[22:07:09] [244/459] BMXC
[22:07:10] [245/459] PCMM
[22:07:11] [246/459] PMKM
[22:07:12] [247/459] GATY
[22:07:12] [248/459] IMCM
[22:07:13] [249/459] POPE
[22:07:14] [250/459] MTCR
[22:07:15] [251/459] PVAE
[22:07:16] [252/459] PVMI
[22:07:17] [253/459] CPNM
[22:07:18] [254/459] FMRL
[22:07:19] [255/459] MCIW
[22:07:20] [256/459] MXBO
[22:07:21] [257/459] FMKY
[22:07:22] [258/459] FMDA
[22:07:23] [259/459] THAB
[22:07:24] [260/459] PRCW
[22:07:25] [261/459] PITI
[22:07:26] [262/459] MCFF
[22:07:26] [263/459] PDDV
[22:07:27] [264/459] MCRM
[22:07:28] [265/459] KKMB
[22:07:28] [266/459] INKO
[22:07:29] [267/459] PLXP
[22:07:30] [268/459] MMHA
[22:07:31] [269/459] FMVS
[22:07:33] [270/459] POLM
[22:07:34] [271/459] STER
[22:07:35] [272/459] PVWJ
[22:07:36] [273/459] IMJW
[22:07:36] [274/459] FNAN
[22:07:37] [275/459] CAGL
[22:07:38] [276/459] IPBG
[22:07:39] [277/459] SMFV
[22:07:40] [278/459] MMMR
[22:07:41] [279/459] MMWM
[22:07:42] [280/459] FNCM
[22:07:43] [281/459] MDVA
[22:07:44] [282/459] MMET
[22:07:44] [283/459] MIDO
[22:07:45] [284/459] INNP
[22:07:46] [285/459] MIFU
[22:07:47] [286/459] MMSZ
[22:07:49] [287/459] BMXA
[22:07:49] [288/459] MCAA
[22:07:50] [289/459] SCVP
[22:07:51] [290/459] PLUS
[22:07:52] [291/459] MUCK
[22:07:52] [292/459] MTMA
[22:07:53] [293/459] HPVR
[22:07:56] [294/459] PMPK
[22:07:57] [295/459] MAJB
[22:07:58] [296/459] CTRR
[22:07:59] [297/459] MCTG
[22:08:00] [298/459] MACE
[22:08:02] [299/459] AAAS
[22:08:02] [300/459] CPVV
[22:08:03] [301/459] RCHG
[22:08:04] [302/459] MCNE
[22:08:05] [303/459] EMNC
[22:08:06] [304/459] MCAN
[22:08:07] [305/459] TCDM
[22:08:08] [306/459] IRGT
[22:08:09] [307/459] GCMG
[22:08:10] [308/459] MXSN
[22:08:10] [309/459] MXCK
[22:08:11] [310/459] MCRC
[22:08:12] [311/459] RSMI
[22:08:13] [312/459] WAML
[22:08:14] [313/459] MTSC
[22:08:15] [314/459] FMDR
[22:08:16] [315/459] LEPV
[22:08:16] [316/459] MTGD
[22:08:17] [317/459] IMOB
[22:08:18] [318/459] CLMM
[22:08:19] [319/459] PZCD
[22:08:20] [320/459] GOCS
[22:08:21] [321/459] KCMA
[22:08:21] [322/459] CCMP
[22:08:22] [323/459] MTSU
[22:08:23] [324/459] SNGL
[22:08:24] [325/459] MMMC
[22:08:26] [326/459] MMAA
[22:08:26] [327/459] GCDM
[22:08:27] [328/459] KTMV
[22:08:28] [329/459] AETE
[22:08:29] [330/459] OMCS
[22:08:30] [331/459] GDCD
[22:08:31] [332/459] NYMD
[22:08:32] [333/459] RNCV
[22:08:33] [334/459] KKMT
[22:08:33] [335/459] GDTH
[22:08:34] [336/459] KMMV
[22:08:35] [337/459] NHCG
[22:08:36] [338/459] PJDW
[22:08:37] [339/459] MMCV
[22:08:37] [340/459] FQSA
[22:08:38] [341/459] KURL
[22:08:39] [342/459] NNNX
[22:08:40] [343/459] AMAU
[22:08:40] [344/459] VVVM
[22:08:41] [345/459] VECU
[22:08:42] [346/459] WCVR
[22:08:43] [347/459] MTGG
[22:08:44] [348/459] SGTG
[22:08:44] [349/459] MNTG
[22:08:45] [350/459] JDDG
[22:08:46] [351/459] MBTK
[22:08:47] [352/459] SGCD
[22:08:48] [353/459] MCTC
[22:08:48] [354/459] JTPC
[22:08:49] [355/459] SDKT
[22:08:51] [356/459] KRCC
[22:08:52] [357/459] RMMD
[22:08:53] [358/459] AAME
[22:08:54] [359/459] TMWC
[22:08:54] [360/459] NRWY
[22:08:55] [361/459] CITD
[22:08:56] [362/459] VERD
[22:08:58] [363/459] MKSK
[22:08:58] [364/459] STSM
[22:08:59] [365/459] MJDG
[22:09:01] [366/459] RKPM
[22:09:02] [367/459] SSCE
[22:09:03] [368/459] VMAE
[22:09:04] [369/459] SBRU
[22:09:05] [370/459] AMBC
[22:09:06] [371/459] AMLU
[22:09:07] [372/459] INVZ
[22:09:08] [373/459] LGTV
[22:09:09] [374/459] SVAD
[22:09:09] [375/459] SMSA
[22:09:10] [376/459] SPCZ
[22:09:11] [377/459] GTCX
[22:09:13] [378/459] SCSL
[22:09:14] [379/459] SAHU
[22:09:14] [380/459] NCDA
[22:09:15] [381/459] SCCG
[22:09:16] [382/459] VKTL
[22:09:17] [383/459] PUUJ
[22:09:18] [384/459] STEJ
[22:09:19] [385/459] RJAL
[22:09:20] [386/459] ACJC
[22:09:21] [387/459] VTHC
[22:09:21] [388/459] ARVB
[22:09:22] [389/459] AUBB
[22:09:24] [390/459] GDBR
[22:09:25] [391/459] PVND
[22:09:25] [392/459] BGRJ
[22:09:26] [393/459] RJMM
[22:09:27] [394/459] MCSA
[22:09:28] [395/459] BODA
[22:09:29] [396/459] JAGG
[22:09:30] [397/459] SCGA
[22:09:31] [398/459] LRCM
[22:09:32] [399/459] CPCN
[22:09:32] [400/459] SSTF
[22:09:33] [401/459] SRXP
[22:09:34] [402/459] CNFX
[22:09:35] [403/459] ANDI
[22:09:36] [404/459] SYEW
[22:09:36] [405/459] RCRE
[22:09:37] [406/459] SCRW
[22:09:38] [407/459] MBKR
[22:09:39] [408/459] ASNT
[22:09:40] [409/459] JTMT
[22:09:40] [410/459] SHAY
[22:09:42] [411/459] VRTH
[22:09:42] [412/459] SPTI
[22:09:43] [413/459] DPTD
[22:09:44] [414/459] TGSN
[22:09:45] [415/459] RCWV
[22:09:46] [416/459] OCUR
[22:09:47] [417/459] KSTC
[22:09:48] [418/459] SANI
[22:09:49] [419/459] MLCA
[22:09:50] [420/459] EGCA
[22:09:52] [421/459] SYSN
[22:09:53] [422/459] PKTA
[22:09:54] [423/459] PRCC
[22:09:55] [424/459] KSTR
[22:09:56] [425/459] SNTP
[22:09:57] [426/459] RCHA
[22:09:58] [427/459] SEEA
[22:09:59] [428/459] ALAT
[22:09:59] [429/459] AATV
[22:10:00] [430/459] RJTE
[22:10:01] [431/459] AAPP
[22:10:02] [432/459] PMMH
[22:10:03] [433/459] INRJ
[22:10:04] [434/459] SARB
[22:10:05] [435/459] PCJL
[22:10:06] [436/459] PFJJ
[22:10:07] [437/459] GRDC
[22:10:08] [438/459] BCBA
[22:10:09] [439/459] VIXL
[22:10:10] [440/459] CSTL
[22:10:11] [441/459] MTDK
[22:10:12] [442/459] TDAC
[22:10:13] [443/459] GTDN
[22:10:15] [444/459] TTDE
[22:10:16] [445/459] ASTS
[22:10:16] [446/459] CPNS
[22:10:17] [447/459] PVVW
[22:10:18] [448/459] USEB
[22:10:19] [449/459] DTYN
[22:10:20] [450/459] PVLE
[22:10:21] [451/459] CIPS
[22:10:23] [452/459] PAEG
[22:10:24] [453/459] PTCW
[22:10:25] [454/459] G3SR
[22:10:25] [455/459] PGND
[22:10:26] [456/459] INVM
[22:10:27] [457/459] SPIA
[22:10:28] [458/459] PCSN
[22:10:29] [459/459] PPGV
[22:10:30] 🧹 Deduping shows
[22:10:30] ✅ DONE | Shows=2446 | Movies=68
