[19:14:00] 🚀 SCRIPT STARTED
[19:14:00] [1/459] MCCZ
[19:14:00] 🧠 New identity created
[19:14:01] [2/459] FRPU
[19:14:02] [3/459] SKSI
[19:14:03] [4/459] SSCK
[19:14:03] [5/459] SRDC
[19:14:04] [6/459] RSCZ
[19:14:05] [7/459] PRVT
[19:14:06] [8/459] GAGJ
[19:14:07] [9/459] SMHG
[19:14:08] [10/459] JTST
[19:14:09] [11/459] MYTH
[19:14:10] [12/459] JPCC
[19:14:10] [13/459] ACDC
[19:14:11] [14/459] SVFP
[19:14:12] [15/459] SFCM
[19:14:13] [16/459] RUPK
[19:14:14] [17/459] NTCR
[19:14:15] [18/459] RTCH
[19:14:16] [19/459] SCMH
[19:14:17] [20/459] SVYM
[19:14:17] [21/459] SPYM
[19:14:18] [22/459] SMMF
[19:14:19] [23/459] CLLB
[19:14:21] [24/459] FMCB
[19:14:22] [25/459] BBTC
[19:14:23] [26/459] NTHS
[19:14:24] [27/459] PKKJ
[19:14:24] [28/459] MTJA
[19:14:25] [29/459] PMSJ
[19:14:26] [30/459] JMJU
[19:14:27] [31/459] SRAD
[19:14:28] [32/459] MJMC
[19:14:29] [33/459] DFRM
[19:14:30] [34/459] PMRS
[19:14:31] [35/459] RKPP
[19:14:32] [36/459] BMBK
[19:14:32] [37/459] NEWS
[19:14:33] [38/459] SALB
[19:14:34] [39/459] SCPW
[19:14:35] [40/459] RAYL
[19:14:35] [41/459] CMGJ
[19:14:36] [42/459] JRCR
[19:14:37] [43/459] SRTB
[19:14:38] [44/459] ETPB
[19:14:39] [45/459] MXBN
[19:14:39] [46/459] TOPE
[19:14:40] [47/459] SNLJ
[19:14:41] [48/459] CDDP
[19:14:42] [49/459] APCX
[19:14:43] [50/459] TALP
[19:14:44] [51/459] RRMP
[19:14:44] [52/459] MAHB
[19:14:45] [53/459] MTKR
[19:14:47] [54/459] KSKL
[19:14:47] [55/459] RJLT
[19:14:48] [56/459] ATAS
[19:14:49] [57/459] AMHR
[19:14:51] [58/459] RSRM
[19:14:52] [59/459] GCAT
[19:14:53] [60/459] SMML
[19:14:54] [61/459] ACCD
[19:14:55] [62/459] VYDA
[19:14:56] [63/459] MSKT
[19:14:57] [64/459] AVDM
[19:14:57] [65/459] ASMH
[19:14:58] [66/459] VTMB
[19:14:59] [67/459] WVMB
[19:15:00] [68/459] PPMN
[19:15:01] [69/459] MTMD
[19:15:02] [70/459] SMMO
[19:15:03] [71/459] DLPB
[19:15:04] [72/459] AKMD
[19:15:04] [73/459] SHRR
[19:15:05] [74/459] ASCO
[19:15:07] [75/459] CZVX
[19:15:08] [76/459] GCBB
[19:15:09] [77/459] ATBM
[19:15:10] [78/459] TCGM
[19:15:11] [79/459] UMSE
[19:15:12] [80/459] NKCL
[19:15:12] [81/459] BTLR
[19:15:13] [82/459] GOCL
[19:15:14] [83/459] MIRN
[19:15:15] [84/459] THEC
[19:15:16] [85/459] SPPB
[19:15:17] [86/459] PMMM
[19:15:18] [87/459] GGMC
[19:15:19] [88/459] AVSR
[19:15:19] [89/459] RDMH
[19:15:20] [90/459] JSRS
[19:15:21] [91/459] VKGP
[19:15:22] [92/459] ACRT
[19:15:23] [93/459] GCBA
[19:15:23] [94/459] GTCP
[19:15:24] [95/459] AKFC
[19:15:26] [96/459] INCS
[19:15:26] [97/459] SMCK
[19:15:27] [98/459] BRUN
[19:15:28] [99/459] RPPC
[19:15:29] [100/459] PAYD
[19:15:30] [101/459] SVVT
[19:15:31] [102/459] RNCC
[19:15:32] [103/459] PCRC
[19:15:33] [104/459] PMRM
[19:15:34] [105/459] CCRP
[19:15:36] [106/459] INCR
[19:15:37] [107/459] ZTMP
[19:15:38] [108/459] MCNR
[19:15:39] [109/459] INRP
[19:15:39] [110/459] STRC
[19:15:40] [111/459] RATI
[19:15:41] [112/459] PBTR
[19:15:42] [113/459] CMHP
[19:15:43] [114/459] ZECJ
[19:15:44] [115/459] CCCB
[19:15:44] [116/459] BWCB
[19:15:46] [117/459] CCAT
[19:15:47] [118/459] KGCM
[19:15:47] [119/459] INPT
[19:15:48] [120/459] FNCO
[19:15:49] [121/459] SRMJ
[19:15:50] [122/459] PFSC
[19:15:51] [123/459] PBMC
[19:15:51] [124/459] KARP
[19:15:52] [125/459] KOVI
[19:15:53] [126/459] ACXL
[19:15:54] [127/459] GKCC
[19:15:55] [128/459] ASCC
[19:15:56] [129/459] SETC
[19:15:57] [130/459] KACC
[19:15:58] [131/459] KAVE
[19:16:00] [132/459] CNTC
[19:16:01] [133/459] MEEN
[19:16:02] [134/459] BMRV
[19:16:03] [135/459] SVAM
[19:16:04] [136/459] VTBP
[19:16:05] [137/459] VCKN
[19:16:06] [138/459] SGTK
[19:16:07] [139/459] RCGS
[19:16:08] [140/459] RCCB
[19:16:09] [141/459] RKSR
[19:16:10] [142/459] RKCU
[19:16:11] [143/459] GIBH
[19:16:11] [144/459] CXBS
[19:16:13] [145/459] GGCB
[19:16:14] [146/459] SCPB
[19:16:15] [147/459] AKTB
[19:16:15] [148/459] SRBU
[19:16:16] [149/459] CSSA
[19:16:17] [150/459] MYAN
[19:16:17] [151/459] EXCA
[19:16:18] [152/459] CKSA
[19:16:19] [153/459] JTNM
[19:16:20] [154/459] CXKT
[19:16:21] [155/459] NCLM
[19:16:21] [156/459] JAAD
[19:16:22] [157/459] RDCR
[19:16:23] [158/459] MEER
[19:16:24] [159/459] SIBT
[19:16:24] [160/459] PVVB
[19:16:25] [161/459] FNPN
[19:16:27] [162/459] CRPX
[19:16:28] [163/459] STET
[19:16:29] [164/459] METE
[19:16:30] [165/459] BJML
[19:16:30] [166/459] MAVT
[19:16:32] [167/459] MSRM
[19:16:33] [168/459] TJMP
[19:16:34] [169/459] MHCK
[19:16:34] [170/459] SVGP
[19:16:35] [171/459] KRRC
[19:16:36] [172/459] IMCH
[19:16:38] [173/459] CMCS
[19:16:38] [174/459] SGND
[19:16:39] [175/459] RNAT
[19:16:40] [176/459] PRTN
[19:16:42] [177/459] MPTN
[19:16:42] [178/459] ARCC
[19:16:43] [179/459] NTTE
[19:16:44] [180/459] ABND
[19:16:45] [181/459] KCSN
[19:16:46] [182/459] KCSA
[19:16:47] [183/459] DCKT
[19:16:47] [184/459] MBBR
[19:16:48] [185/459] RAMU
[19:16:49] [186/459] RACW
[19:16:50] [187/459] MCHP
[19:16:50] [188/459] TMHM
[19:16:51] [189/459] STXH
[19:16:52] [190/459] AGSG
[19:16:53] [191/459] SIRA
[19:16:55] [192/459] RCAN
[19:16:55] [193/459] CWTB
[19:16:56] [194/459] VTYM
[19:16:57] [195/459] RRPP
[19:16:58] [196/459] ASMR
[19:16:59] [197/459] RONO
[19:17:00] [198/459] MEMR
[19:17:01] [199/459] CTMR
[19:17:02] [200/459] PMTT
[19:17:03] [201/459] PSLX
[19:17:04] [202/459] IPPL
[19:17:05] [203/459] MMSG
[19:17:06] [204/459] INEL
[19:17:07] [205/459] COAC
[19:17:08] [206/459] WVLK
[19:17:09] [207/459] PPXL
[19:17:10] [208/459] PSML
[19:17:10] [209/459] FNLK
[19:17:11] [210/459] ILUM
[19:17:13] [211/459] ILCM
[19:17:14] [212/459] MSNL
[19:17:14] [213/459] VINB
[19:17:15] [214/459] SALW
[19:17:16] [215/459] PRTB
[19:17:17] [216/459] NCIL
[19:17:18] [217/459] PSUL
[19:17:19] [218/459] SCLK
[19:17:20] [219/459] ADDC
[19:17:21] [220/459] OACL
[19:17:21] [221/459] OOCF
[19:17:22] [222/459] GPMF
[19:17:24] [223/459] SSDG
[19:17:24] [224/459] SKRS
[19:17:25] [225/459] NTTP
[19:17:26] [226/459] SLTP
[19:17:27] [227/459] JTLC
[19:17:28] [228/459] POON
[19:17:29] [229/459] CCPC
[19:17:30] [230/459] DCKC
[19:17:31] [231/459] CPRT
[19:17:31] [232/459] EYHZ
[19:17:32] [233/459] ARBL
[19:17:33] [234/459] SBTB
[19:17:34] [235/459] MMCK
[19:17:35] [236/459] PLMR
[19:17:36] [237/459] BIJH
[19:17:37] [238/459] SDRT
[19:17:37] [239/459] PRDC
[19:17:38] [240/459] OMJA
[19:17:39] [241/459] VKCR
[19:17:40] [242/459] ATRT
[19:17:41] [243/459] WVRP
[19:17:42] [244/459] MVRP
[19:17:43] [245/459] FCAX
[19:17:44] [246/459] CTLC
[19:17:45] [247/459] JCHB
[19:17:46] [248/459] SELP
[19:17:47] [249/459] VCPG
[19:17:48] [250/459] ASCX
[19:17:48] [251/459] EOCS
[19:17:49] [252/459] RCPH
[19:17:50] [253/459] RJTM
[19:17:50] [254/459] SGMD
[19:17:51] [255/459] SVJT
[19:17:52] [256/459] SPPO
[19:17:53] [257/459] MNRL
[19:17:54] [258/459] KNOX
[19:17:54] [259/459] GIER
[19:17:55] [260/459] PJMS
[19:17:56] [261/459] UNSP
[19:17:57] [262/459] JETP
[19:17:58] [263/459] VTWA
[19:17:58] [264/459] SCJI
[19:17:59] [265/459] CBZZ
[19:18:00] [266/459] SDCJ
[19:18:02] [267/459] RRCC
[19:18:03] [268/459] VNKG
[19:18:04] [269/459] LKTO
[19:18:05] [270/459] PJRM
[19:18:06] [271/459] NVRM
[19:18:07] [272/459] SJCS
[19:18:07] [273/459] VIGK
[19:18:08] [274/459] ANST
[19:18:09] [275/459] JTTS
[19:18:10] [276/459] NTST
[19:18:11] [277/459] PREB
[19:18:12] [278/459] TSCZ
[19:18:13] [279/459] CDCM
[19:18:13] [280/459] ELYE
[19:18:14] [281/459] INBS
[19:18:15] [282/459] SMGC
[19:18:16] [283/459] UTMP
[19:18:17] [284/459] INTA
[19:18:18] [285/459] OMPT
[19:18:19] [286/459] SCIR
[19:18:20] [287/459] GCKJ
[19:18:21] [288/459] INOG
[19:18:21] [289/459] SMGB
[19:18:22] [290/459] MCSG
[19:18:23] [291/459] STKG
[19:18:24] [292/459] TTKG
[19:18:25] [293/459] SRTR
[19:18:26] [294/459] ETTR
[19:18:27] [295/459] GGGZ
[19:18:28] [296/459] IPGM
[19:18:28] [297/459] FCDH
[19:18:30] [298/459] DESB
[19:18:31] [299/459] VNTP
[19:18:32] [300/459] ANNT
[19:18:33] [301/459] SLTI
[19:18:34] [302/459] MAJU
[19:18:35] [303/459] JCXP
[19:18:36] [304/459] HARK
[19:18:37] [305/459] JPCJ
[19:18:38] [306/459] RXBD
[19:18:38] [307/459] PTKJ
[19:18:39] [308/459] CMTU
[19:18:40] [309/459] SWOR
[19:18:41] [310/459] JMEX
[19:18:42] [311/459] DTPT
[19:18:43] [312/459] VGMM
[19:18:44] [313/459] VCSG
[19:18:45] [314/459] CVCG
[19:18:45] [315/459] TNTT
[19:18:46] [316/459] SHRM
[19:18:47] [317/459] CGKD
[19:18:48] [318/459] EKCM
[19:18:48] [319/459] SDCX
[19:18:49] [320/459] SBTE
[19:18:50] [321/459] STKJ
[19:18:51] [322/459] TPCE
[19:18:52] [323/459] JTNP
[19:18:53] [324/459] LPCH
[19:18:53] [325/459] CPUO
[19:18:54] [326/459] APSU
[19:18:56] [327/459] RTHC
[19:18:57] [328/459] PTBU
[19:18:57] [329/459] CUCC
[19:18:58] [330/459] CPSA
[19:18:59] [331/459] SUAY
[19:19:00] [332/459] AYAA
[19:19:00] [333/459] MUCH
[19:19:01] [334/459] PCIN
[19:19:02] [335/459] JRRM
[19:19:03] [336/459] KATS
[19:19:04] [337/459] MHFF
[19:19:05] [338/459] ESYM
[19:19:06] [339/459] STYV
[19:19:07] [340/459] SDKG
[19:19:08] [341/459] SMTI
[19:19:09] [342/459] NYCS
[19:19:09] [343/459] MTBG
[19:19:10] [344/459] RHCA
[19:19:11] [345/459] PCKH
[19:19:12] [346/459] ARCR
[19:19:13] [347/459] NCMB
[19:19:14] [348/459] SHYC
[19:19:15] [349/459] LACK
[19:19:16] [350/459] MTCM
[19:19:17] [351/459] RRBN
[19:19:18] [352/459] MYDC
[19:19:18] [353/459] STCS
[19:19:20] [354/459] CONN
[19:19:21] [355/459] SIPS
[19:19:21] [356/459] SMMX
[19:19:22] [357/459] SCBY
[19:19:24] [358/459] SUAP
[19:19:25] [359/459] RSMK
[19:19:26] [360/459] STKP
[19:19:26] [361/459] CIPC
[19:19:27] [362/459] KKCI
[19:19:28] [363/459] CTNK
[19:19:29] [364/459] MMTZ
[19:19:29] [365/459] DCCO
[19:19:30] [366/459] VNMN
[19:19:31] [367/459] RLCN
[19:19:32] [368/459] CMMS
[19:19:33] [369/459] AYOU
[19:19:34] [370/459] SSCN
[19:19:35] [371/459] SMXN
[19:19:37] [372/459] ASSK
[19:19:38] [373/459] VCKM
[19:19:38] [374/459] PCPH
[19:19:39] [375/459] PADM
[19:19:41] [376/459] IESA
[19:19:42] [377/459] VCSP
[19:19:43] [378/459] AEST
[19:19:43] [379/459] VTNR
[19:19:44] [380/459] GTTA
[19:19:45] [381/459] CMMM
[19:19:46] [382/459] AHKT
[19:19:47] [383/459] SIJI
[19:19:48] [384/459] VCEI
[19:19:49] [385/459] SAKR
[19:19:50] [386/459] VSMT
[19:19:50] [387/459] SSCT
[19:19:51] [388/459] USTR
[19:19:52] [389/459] MTKT
[19:19:53] [390/459] TGMP
[19:19:54] [391/459] SIVC
[19:19:55] [392/459] KICT
[19:19:55] [393/459] DAMD
[19:19:57] [394/459] CNPT
[19:19:58] [395/459] RVTT
[19:19:58] [396/459] SNCM
[19:19:59] [397/459] GHTE
[19:20:00] [398/459] PPAM
[19:20:01] [399/459] PVAA
[19:20:02] [400/459] CPAO
[19:20:02] [401/459] HAMD
[19:20:03] [402/459] RCCA
[19:20:04] [403/459] MPCH
[19:20:05] [404/459] ARED
[19:20:06] [405/459] RRCV
[19:20:07] [406/459] MTRB
[19:20:07] [407/459] CKUA
[19:20:08] [408/459] ABMP
[19:20:09] [409/459] RCWA
[19:20:10] [410/459] CGAR
[19:20:11] [411/459] METH
[19:20:12] [412/459] WAGA
[19:20:13] [413/459] MCMA
[19:20:14] [414/459] CSMP
[19:20:15] [415/459] RCNK
[19:20:16] [416/459] PSTM
[19:20:17] [417/459] CSEP
[19:20:18] [418/459] AMGD
[19:20:18] [419/459] CSTE
[19:20:19] [420/459] CONS
[19:20:20] [421/459] APPX
[19:20:21] [422/459] MABC
[19:20:22] [423/459] CXST
[19:20:23] [424/459] MATN
[19:20:23] [425/459] MACZ
[19:20:24] [426/459] MASA
[19:20:25] [427/459] MBSX
[19:20:26] [428/459] CSST
[19:20:27] [429/459] APCL
[19:20:28] [430/459] CGOS
[19:20:29] [431/459] CPEC
[19:20:30] [432/459] MCCP
[19:20:31] [433/459] BSSO
[19:20:32] [434/459] SJKA
[19:20:33] [435/459] CGBO
[19:20:33] [436/459] MVSK
[19:20:34] [437/459] HVCA
[19:20:35] [438/459] NAMD
[19:20:36] [439/459] DEVI
[19:20:36] [440/459] SCSV
[19:20:37] [441/459] PSMA
[19:20:38] [442/459] CLDJ
[19:20:39] [443/459] NMAD
[19:20:40] [444/459] CGMO
[19:20:41] [445/459] MCNA
[19:20:41] [446/459] OCBN
[19:20:43] [447/459] CPEM
[19:20:44] [448/459] CPSM
[19:20:44] [449/459] RCAD
[19:20:45] [450/459] CPMU
[19:20:46] [451/459] DICD
[19:20:47] [452/459] CHOE
[19:20:48] [453/459] PDJM
[19:20:49] [454/459] SSTU
[19:20:50] [455/459] VNRN
[19:20:50] [456/459] PVLG
[19:20:51] [457/459] SWBL
[19:20:52] [458/459] SCAB
[19:20:53] [459/459] RDDA
[19:20:54] 🧹 Deduping shows
[19:20:54] ✅ DONE | Shows=1357 | Movies=52
[22:03:16] 🚀 SCRIPT STARTED
[22:03:16] [1/459] MCCZ
[22:03:16] 🧠 New identity created
[22:03:17] [2/459] FRPU
[22:03:17] [3/459] SKSI
[22:03:18] [4/459] SSCK
[22:03:19] [5/459] SRDC
[22:03:20] [6/459] RSCZ
[22:03:21] [7/459] PRVT
[22:03:22] [8/459] GAGJ
[22:03:23] [9/459] SMHG
[22:03:24] [10/459] JTST
[22:03:25] [11/459] MYTH
[22:03:26] [12/459] JPCC
[22:03:26] [13/459] ACDC
[22:03:27] [14/459] SVFP
[22:03:28] [15/459] SFCM
[22:03:29] [16/459] RUPK
[22:03:30] [17/459] NTCR
[22:03:31] [18/459] RTCH
[22:03:32] [19/459] SCMH
[22:03:34] [20/459] SVYM
[22:03:35] [21/459] SPYM
[22:03:36] [22/459] SMMF
[22:03:36] [23/459] CLLB
[22:03:37] [24/459] FMCB
[22:03:38] [25/459] BBTC
[22:03:39] [26/459] NTHS
[22:03:40] [27/459] PKKJ
[22:03:40] [28/459] MTJA
[22:03:41] [29/459] PMSJ
[22:03:42] [30/459] JMJU
[22:03:43] [31/459] SRAD
[22:03:44] [32/459] MJMC
[22:03:45] [33/459] DFRM
[22:03:45] [34/459] PMRS
[22:03:47] [35/459] RKPP
[22:03:48] [36/459] BMBK
[22:03:49] [37/459] NEWS
[22:03:50] [38/459] SALB
[22:03:50] [39/459] SCPW
[22:03:51] [40/459] RAYL
[22:03:52] [41/459] CMGJ
[22:03:53] [42/459] JRCR
[22:03:54] [43/459] SRTB
[22:03:55] [44/459] ETPB
[22:03:56] [45/459] MXBN
[22:03:57] [46/459] TOPE
[22:03:58] [47/459] SNLJ
[22:03:59] [48/459] CDDP
[22:03:59] [49/459] APCX
[22:04:00] [50/459] TALP
[22:04:01] [51/459] RRMP
[22:04:02] [52/459] MAHB
[22:04:03] [53/459] MTKR
[22:04:04] [54/459] KSKL
[22:04:04] [55/459] RJLT
[22:04:05] [56/459] ATAS
[22:04:06] [57/459] AMHR
[22:04:07] [58/459] RSRM
[22:04:08] [59/459] GCAT
[22:04:09] [60/459] SMML
[22:04:10] [61/459] ACCD
[22:04:10] [62/459] VYDA
[22:04:11] [63/459] MSKT
[22:04:12] [64/459] AVDM
[22:04:13] [65/459] ASMH
[22:04:14] [66/459] VTMB
[22:04:14] [67/459] WVMB
[22:04:15] [68/459] PPMN
[22:04:16] [69/459] MTMD
[22:04:17] [70/459] SMMO
[22:04:18] [71/459] DLPB
[22:04:19] [72/459] AKMD
[22:04:20] [73/459] SHRR
[22:04:21] [74/459] ASCO
[22:04:21] [75/459] CZVX
[22:04:22] [76/459] GCBB
[22:04:23] [77/459] ATBM
[22:04:25] [78/459] TCGM
[22:04:25] [79/459] UMSE
[22:04:27] [80/459] NKCL
[22:04:27] [81/459] BTLR
[22:04:28] [82/459] GOCL
[22:04:29] [83/459] MIRN
[22:04:31] [84/459] THEC
[22:04:32] [85/459] SPPB
[22:04:32] [86/459] PMMM
[22:04:33] [87/459] GGMC
[22:04:34] [88/459] AVSR
[22:04:35] [89/459] RDMH
[22:04:36] [90/459] JSRS
[22:04:37] [91/459] VKGP
[22:04:38] [92/459] ACRT
[22:04:38] [93/459] GCBA
[22:04:39] [94/459] GTCP
[22:04:40] [95/459] AKFC
[22:04:41] [96/459] INCS
[22:04:42] [97/459] SMCK
[22:04:43] [98/459] BRUN
[22:04:44] [99/459] RPPC
[22:04:45] [100/459] PAYD
[22:04:46] [101/459] SVVT
[22:04:47] [102/459] RNCC
[22:04:47] [103/459] PCRC
[22:04:48] [104/459] PMRM
[22:04:49] [105/459] CCRP
[22:04:50] [106/459] INCR
[22:04:51] [107/459] ZTMP
[22:04:52] [108/459] MCNR
[22:04:53] [109/459] INRP
[22:04:53] [110/459] STRC
[22:04:54] [111/459] RATI
[22:04:55] [112/459] PBTR
[22:04:55] [113/459] CMHP
[22:04:56] [114/459] ZECJ
[22:04:57] [115/459] CCCB
[22:04:58] [116/459] BWCB
[22:04:59] [117/459] CCAT
[22:04:59] [118/459] KGCM
[22:05:00] [119/459] INPT
[22:05:01] [120/459] FNCO
[22:05:02] [121/459] SRMJ
[22:05:03] [122/459] PFSC
[22:05:04] [123/459] PBMC
[22:05:04] [124/459] KARP
[22:05:05] [125/459] KOVI
[22:05:06] [126/459] ACXL
[22:05:07] [127/459] GKCC
[22:05:08] [128/459] ASCC
[22:05:08] [129/459] SETC
[22:05:09] [130/459] KACC
[22:05:10] [131/459] KAVE
[22:05:11] [132/459] CNTC
[22:05:13] [133/459] MEEN
[22:05:13] [134/459] BMRV
[22:05:14] [135/459] SVAM
[22:05:15] [136/459] VTBP
[22:05:16] [137/459] VCKN
[22:05:17] [138/459] SGTK
[22:05:18] [139/459] RCGS
[22:05:19] [140/459] RCCB
[22:05:20] [141/459] RKSR
[22:05:20] [142/459] RKCU
[22:05:21] [143/459] GIBH
[22:05:22] [144/459] CXBS
[22:05:23] [145/459] GGCB
[22:05:24] [146/459] SCPB
[22:05:25] [147/459] AKTB
[22:05:26] [148/459] SRBU
[22:05:27] [149/459] CSSA
[22:05:28] [150/459] MYAN
[22:05:29] [151/459] EXCA
[22:05:30] [152/459] CKSA
[22:05:31] [153/459] JTNM
[22:05:31] [154/459] CXKT
[22:05:32] [155/459] NCLM
[22:05:33] [156/459] JAAD
[22:05:34] [157/459] RDCR
[22:05:35] [158/459] MEER
[22:05:36] [159/459] SIBT
[22:05:36] [160/459] PVVB
[22:05:37] [161/459] FNPN
[22:05:38] [162/459] CRPX
[22:05:39] [163/459] STET
[22:05:40] [164/459] METE
[22:05:41] [165/459] BJML
[22:05:42] [166/459] MAVT
[22:05:43] [167/459] MSRM
[22:05:43] [168/459] TJMP
[22:05:44] [169/459] MHCK
[22:05:45] [170/459] SVGP
[22:05:46] [171/459] KRRC
[22:05:46] [172/459] IMCH
[22:05:47] [173/459] CMCS
[22:05:48] [174/459] SGND
[22:05:48] [175/459] RNAT
[22:05:50] [176/459] PRTN
[22:05:51] [177/459] MPTN
[22:05:52] [178/459] ARCC
[22:05:53] [179/459] NTTE
[22:05:54] [180/459] ABND
[22:05:55] [181/459] KCSN
[22:05:55] [182/459] KCSA
[22:05:56] [183/459] DCKT
[22:05:57] [184/459] MBBR
[22:05:58] [185/459] RAMU
[22:05:59] [186/459] RACW
[22:06:00] [187/459] MCHP
[22:06:01] [188/459] TMHM
[22:06:02] [189/459] STXH
[22:06:04] [190/459] AGSG
[22:06:05] [191/459] SIRA
[22:06:06] [192/459] RCAN
[22:06:06] [193/459] CWTB
[22:06:07] [194/459] VTYM
[22:06:08] [195/459] RRPP
[22:06:09] [196/459] ASMR
[22:06:10] [197/459] RONO
[22:06:11] [198/459] MEMR
[22:06:12] [199/459] CTMR
[22:06:13] [200/459] PMTT
[22:06:13] [201/459] PSLX
[22:06:14] [202/459] IPPL
[22:06:15] [203/459] MMSG
[22:06:16] [204/459] INEL
[22:06:17] [205/459] COAC
[22:06:18] [206/459] WVLK
[22:06:19] [207/459] PPXL
[22:06:20] [208/459] PSML
[22:06:21] [209/459] FNLK
[22:06:22] [210/459] ILUM
[22:06:23] [211/459] ILCM
[22:06:23] [212/459] MSNL
[22:06:24] [213/459] VINB
[22:06:25] [214/459] SALW
[22:06:25] [215/459] PRTB
[22:06:26] [216/459] NCIL
[22:06:27] [217/459] PSUL
[22:06:28] [218/459] SCLK
[22:06:29] [219/459] ADDC
[22:06:30] [220/459] OACL
[22:06:31] [221/459] OOCF
[22:06:32] [222/459] GPMF
[22:06:32] [223/459] SSDG
[22:06:33] [224/459] SKRS
[22:06:34] [225/459] NTTP
[22:06:35] [226/459] SLTP
[22:06:36] [227/459] JTLC
[22:06:36] [228/459] POON
[22:06:37] [229/459] CCPC
[22:06:38] [230/459] DCKC
[22:06:39] [231/459] CPRT
[22:06:40] [232/459] EYHZ
[22:06:40] [233/459] ARBL
[22:06:41] [234/459] SBTB
[22:06:42] [235/459] MMCK
[22:06:43] [236/459] PLMR
[22:06:44] [237/459] BIJH
[22:06:44] [238/459] SDRT
[22:06:45] [239/459] PRDC
[22:06:46] [240/459] OMJA
[22:06:47] [241/459] VKCR
[22:06:48] [242/459] ATRT
[22:06:48] [243/459] WVRP
[22:06:49] [244/459] MVRP
[22:06:50] [245/459] FCAX
[22:06:51] [246/459] CTLC
[22:06:51] [247/459] JCHB
[22:06:52] [248/459] SELP
[22:06:53] [249/459] VCPG
[22:06:54] [250/459] ASCX
[22:06:55] [251/459] EOCS
[22:06:55] [252/459] RCPH
[22:06:56] [253/459] RJTM
[22:06:57] [254/459] SGMD
[22:06:58] [255/459] SVJT
[22:06:58] [256/459] SPPO
[22:06:59] [257/459] MNRL
[22:07:00] [258/459] KNOX
[22:07:01] [259/459] GIER
[22:07:03] [260/459] PJMS
[22:07:04] [261/459] UNSP
[22:07:05] [262/459] JETP
[22:07:06] [263/459] VTWA
[22:07:06] [264/459] SCJI
[22:07:07] [265/459] CBZZ
[22:07:08] [266/459] SDCJ
[22:07:09] [267/459] RRCC
[22:07:10] [268/459] VNKG
[22:07:11] [269/459] LKTO
[22:07:12] [270/459] PJRM
[22:07:12] [271/459] NVRM
[22:07:14] [272/459] SJCS
[22:07:15] [273/459] VIGK
[22:07:15] [274/459] ANST
[22:07:16] [275/459] JTTS
[22:07:17] [276/459] NTST
[22:07:18] [277/459] PREB
[22:07:19] [278/459] TSCZ
[22:07:19] [279/459] CDCM
[22:07:20] [280/459] ELYE
[22:07:21] [281/459] INBS
[22:07:21] [282/459] SMGC
[22:07:22] [283/459] UTMP
[22:07:23] [284/459] INTA
[22:07:24] [285/459] OMPT
[22:07:25] [286/459] SCIR
[22:07:25] [287/459] GCKJ
[22:07:26] [288/459] INOG
[22:07:27] [289/459] SMGB
[22:07:28] [290/459] MCSG
[22:07:29] [291/459] STKG
[22:07:30] [292/459] TTKG
[22:07:31] [293/459] SRTR
[22:07:32] [294/459] ETTR
[22:07:33] [295/459] GGGZ
[22:07:33] [296/459] IPGM
[22:07:34] [297/459] FCDH
[22:07:35] [298/459] DESB
[22:07:37] [299/459] VNTP
[22:07:37] [300/459] ANNT
[22:07:38] [301/459] SLTI
[22:07:39] [302/459] MAJU
[22:07:40] [303/459] JCXP
[22:07:40] [304/459] HARK
[22:07:41] [305/459] JPCJ
[22:07:43] [306/459] RXBD
[22:07:44] [307/459] PTKJ
[22:07:45] [308/459] CMTU
[22:07:45] [309/459] SWOR
[22:07:46] [310/459] JMEX
[22:07:47] [311/459] DTPT
[22:07:48] [312/459] VGMM
[22:07:48] [313/459] VCSG
[22:07:49] [314/459] CVCG
[22:07:50] [315/459] TNTT
[22:07:51] [316/459] SHRM
[22:07:51] [317/459] CGKD
[22:07:52] [318/459] EKCM
[22:07:53] [319/459] SDCX
[22:07:54] [320/459] SBTE
[22:07:55] [321/459] STKJ
[22:07:56] [322/459] TPCE
[22:07:57] [323/459] JTNP
[22:07:57] [324/459] LPCH
[22:07:58] [325/459] CPUO
[22:08:00] [326/459] APSU
[22:08:01] [327/459] RTHC
[22:08:02] [328/459] PTBU
[22:08:03] [329/459] CUCC
[22:08:03] [330/459] CPSA
[22:08:04] [331/459] SUAY
[22:08:05] [332/459] AYAA
[22:08:06] [333/459] MUCH
[22:08:07] [334/459] PCIN
[22:08:07] [335/459] JRRM
[22:08:08] [336/459] KATS
[22:08:09] [337/459] MHFF
[22:08:10] [338/459] ESYM
[22:08:11] [339/459] STYV
[22:08:12] [340/459] SDKG
[22:08:13] [341/459] SMTI
[22:08:13] [342/459] NYCS
[22:08:14] [343/459] MTBG
[22:08:15] [344/459] RHCA
[22:08:16] [345/459] PCKH
[22:08:17] [346/459] ARCR
[22:08:17] [347/459] NCMB
[22:08:18] [348/459] SHYC
[22:08:19] [349/459] LACK
[22:08:20] [350/459] MTCM
[22:08:21] [351/459] RRBN
[22:08:21] [352/459] MYDC
[22:08:22] [353/459] STCS
[22:08:23] [354/459] CONN
[22:08:24] [355/459] SIPS
[22:08:25] [356/459] SMMX
[22:08:25] [357/459] SCBY
[22:08:26] [358/459] SUAP
[22:08:27] [359/459] RSMK
[22:08:28] [360/459] STKP
[22:08:29] [361/459] CIPC
[22:08:29] [362/459] KKCI
[22:08:30] [363/459] CTNK
[22:08:31] [364/459] MMTZ
[22:08:32] [365/459] DCCO
[22:08:33] [366/459] VNMN
[22:08:33] [367/459] RLCN
[22:08:34] [368/459] CMMS
[22:08:36] [369/459] AYOU
[22:08:37] [370/459] SSCN
[22:08:37] [371/459] SMXN
[22:08:38] [372/459] ASSK
[22:08:39] [373/459] VCKM
[22:08:40] [374/459] PCPH
[22:08:41] [375/459] PADM
[22:08:42] [376/459] IESA
[22:08:43] [377/459] VCSP
[22:08:43] [378/459] AEST
[22:08:44] [379/459] VTNR
[22:08:45] [380/459] GTTA
[22:08:46] [381/459] CMMM
[22:08:46] [382/459] AHKT
[22:08:47] [383/459] SIJI
[22:08:48] [384/459] VCEI
[22:08:48] [385/459] SAKR
[22:08:49] [386/459] VSMT
[22:08:50] [387/459] SSCT
[22:08:51] [388/459] USTR
[22:08:52] [389/459] MTKT
[22:08:53] [390/459] TGMP
[22:08:54] [391/459] SIVC
[22:08:54] [392/459] KICT
[22:08:55] [393/459] DAMD
[22:08:56] [394/459] CNPT
[22:08:57] [395/459] RVTT
[22:08:57] [396/459] SNCM
[22:08:58] [397/459] GHTE
[22:08:59] [398/459] PPAM
[22:09:00] [399/459] PVAA
[22:09:01] [400/459] CPAO
[22:09:01] [401/459] HAMD
[22:09:02] [402/459] RCCA
[22:09:03] [403/459] MPCH
[22:09:04] [404/459] ARED
[22:09:05] [405/459] RRCV
[22:09:05] [406/459] MTRB
[22:09:06] [407/459] CKUA
[22:09:07] [408/459] ABMP
[22:09:07] [409/459] RCWA
[22:09:08] [410/459] CGAR
[22:09:09] [411/459] METH
[22:09:10] [412/459] WAGA
[22:09:11] [413/459] MCMA
[22:09:12] [414/459] CSMP
[22:09:13] [415/459] RCNK
[22:09:14] [416/459] PSTM
[22:09:15] [417/459] CSEP
[22:09:15] [418/459] AMGD
[22:09:16] [419/459] CSTE
[22:09:18] [420/459] CONS
[22:09:18] [421/459] APPX
[22:09:19] [422/459] MABC
[22:09:20] [423/459] CXST
[22:09:21] [424/459] MATN
[22:09:22] [425/459] MACZ
[22:09:22] [426/459] MASA
[22:09:23] [427/459] MBSX
[22:09:24] [428/459] CSST
[22:09:25] [429/459] APCL
[22:09:26] [430/459] CGOS
[22:09:26] [431/459] CPEC
[22:09:27] [432/459] MCCP
[22:09:28] [433/459] BSSO
[22:09:29] [434/459] SJKA
[22:09:31] [435/459] CGBO
[22:09:31] [436/459] MVSK
[22:09:32] [437/459] HVCA
[22:09:33] [438/459] NAMD
[22:09:34] [439/459] DEVI
[22:09:35] [440/459] SCSV
[22:09:36] [441/459] PSMA
[22:09:36] [442/459] CLDJ
[22:09:37] [443/459] NMAD
[22:09:38] [444/459] CGMO
[22:09:39] [445/459] MCNA
[22:09:39] [446/459] OCBN
[22:09:40] [447/459] CPEM
[22:09:41] [448/459] CPSM
[22:09:42] [449/459] RCAD
[22:09:42] [450/459] CPMU
[22:09:43] [451/459] DICD
[22:09:44] [452/459] CHOE
[22:09:45] [453/459] PDJM
[22:09:45] [454/459] SSTU
[22:09:46] [455/459] VNRN
[22:09:47] [456/459] PVLG
[22:09:48] [457/459] SWBL
[22:09:49] [458/459] SCAB
[22:09:50] [459/459] RDDA
[22:09:51] 🧹 Deduping shows
[22:09:51] ✅ DONE | Shows=1641 | Movies=52
[03:56:38] 🚀 SCRIPT STARTED
[03:56:38] [1/459] MCCZ
[03:56:38] 🧠 New identity created
[03:56:38] [2/459] FRPU
[03:56:39] [3/459] SKSI
[03:56:40] [4/459] SSCK
[03:56:40] [5/459] SRDC
[03:56:41] [6/459] RSCZ
[03:56:41] [7/459] PRVT
[03:56:42] [8/459] GAGJ
[03:56:42] [9/459] SMHG
[03:56:43] [10/459] JTST
[03:56:44] [11/459] MYTH
[03:56:44] [12/459] JPCC
[03:56:45] [13/459] ACDC
[03:56:45] [14/459] SVFP
[03:56:46] [15/459] SFCM
[03:56:46] [16/459] RUPK
[03:56:47] [17/459] NTCR
[03:56:48] [18/459] RTCH
[03:56:48] [19/459] SCMH
[03:56:49] [20/459] SVYM
[03:56:49] [21/459] SPYM
[03:56:50] [22/459] SMMF
[03:56:51] [23/459] CLLB
[03:56:51] [24/459] FMCB
[03:56:51] [25/459] BBTC
[03:56:52] [26/459] NTHS
[03:56:53] [27/459] PKKJ
[03:56:53] [28/459] MTJA
[03:56:54] [29/459] PMSJ
[03:56:54] [30/459] JMJU
[03:56:55] [31/459] SRAD
[03:56:56] [32/459] MJMC
[03:56:56] [33/459] DFRM
[03:56:57] [34/459] PMRS
[03:56:57] [35/459] RKPP
[03:56:58] [36/459] BMBK
[03:56:59] [37/459] NEWS
[03:56:59] [38/459] SALB
[03:57:00] [39/459] SCPW
[03:57:01] [40/459] RAYL
[03:57:01] [41/459] CMGJ
[03:57:02] [42/459] JRCR
[03:57:02] [43/459] SRTB
[03:57:03] [44/459] ETPB
[03:57:04] [45/459] MXBN
[03:57:04] [46/459] TOPE
[03:57:05] [47/459] SNLJ
[03:57:05] [48/459] CDDP
[03:57:06] [49/459] APCX
[03:57:07] [50/459] TALP
[03:57:07] [51/459] RRMP
[03:57:08] [52/459] MAHB
[03:57:08] [53/459] MTKR
[03:57:09] [54/459] KSKL
[03:57:09] [55/459] RJLT
[03:57:10] [56/459] ATAS
[03:57:11] [57/459] AMHR
[03:57:11] [58/459] RSRM
[03:57:11] [59/459] GCAT
[03:57:12] [60/459] SMML
[03:57:13] [61/459] ACCD
[03:57:13] [62/459] VYDA
[03:57:14] [63/459] MSKT
[03:57:15] [64/459] AVDM
[03:57:15] [65/459] ASMH
[03:57:16] [66/459] VTMB
[03:57:16] [67/459] WVMB
[03:57:17] [68/459] PPMN
[03:57:17] [69/459] MTMD
[03:57:18] [70/459] SMMO
[03:57:19] [71/459] DLPB
[03:57:19] [72/459] AKMD
[03:57:20] [73/459] SHRR
[03:57:21] [74/459] ASCO
[03:57:21] [75/459] CZVX
[03:57:22] [76/459] GCBB
[03:57:22] [77/459] ATBM
[03:57:23] [78/459] TCGM
[03:57:23] [79/459] UMSE
[03:57:24] [80/459] NKCL
[03:57:25] [81/459] BTLR
[03:57:25] [82/459] GOCL
[03:57:26] [83/459] MIRN
[03:57:26] [84/459] THEC
[03:57:27] [85/459] SPPB
[03:57:27] [86/459] PMMM
[03:57:28] [87/459] GGMC
[03:57:28] [88/459] AVSR
[03:57:29] [89/459] RDMH
[03:57:29] [90/459] JSRS
[03:57:30] [91/459] VKGP
[03:57:30] [92/459] ACRT
[03:57:31] [93/459] GCBA
[03:57:31] [94/459] GTCP
[03:57:32] [95/459] AKFC
[03:57:33] [96/459] INCS
[03:57:33] [97/459] SMCK
[03:57:34] [98/459] BRUN
[03:57:34] [99/459] RPPC
[03:57:35] [100/459] PAYD
[03:57:35] [101/459] SVVT
[03:57:36] [102/459] RNCC
[03:57:37] [103/459] PCRC
[03:57:37] [104/459] PMRM
[03:57:38] [105/459] CCRP
[03:57:38] [106/459] INCR
[03:57:39] [107/459] ZTMP
[03:57:39] [108/459] MCNR
[03:57:40] [109/459] INRP
[03:57:41] [110/459] STRC
[03:57:41] [111/459] RATI
[03:57:42] [112/459] PBTR
[03:57:43] [113/459] CMHP
[03:57:43] [114/459] ZECJ
[03:57:44] [115/459] CCCB
[03:57:44] [116/459] BWCB
[03:57:45] [117/459] CCAT
[03:57:45] [118/459] KGCM
[03:57:46] [119/459] INPT
[03:57:47] [120/459] FNCO
[03:57:47] [121/459] SRMJ
[03:57:48] [122/459] PFSC
[03:57:48] [123/459] PBMC
[03:57:49] [124/459] KARP
[03:57:50] [125/459] KOVI
[03:57:50] [126/459] ACXL
[03:57:51] [127/459] GKCC
[03:57:52] [128/459] ASCC
[03:57:52] [129/459] SETC
[03:57:53] [130/459] KACC
[03:57:53] [131/459] KAVE
[03:57:54] [132/459] CNTC
[03:57:54] [133/459] MEEN
[03:57:55] [134/459] BMRV
[03:57:55] [135/459] SVAM
[03:57:56] [136/459] VTBP
[03:57:56] [137/459] VCKN
[03:57:57] [138/459] SGTK
[03:57:57] [139/459] RCGS
[03:57:58] [140/459] RCCB
[03:57:58] [141/459] RKSR
[03:57:59] [142/459] RKCU
[03:57:59] [143/459] GIBH
[03:58:00] [144/459] CXBS
[03:58:01] [145/459] GGCB
[03:58:01] [146/459] SCPB
[03:58:02] [147/459] AKTB
[03:58:02] [148/459] SRBU
[03:58:03] [149/459] CSSA
[03:58:03] [150/459] MYAN
[03:58:04] [151/459] EXCA
[03:58:05] [152/459] CKSA
[03:58:05] [153/459] JTNM
[03:58:06] [154/459] CXKT
[03:58:07] [155/459] NCLM
[03:58:07] [156/459] JAAD
[03:58:07] [157/459] RDCR
[03:58:08] [158/459] MEER
[03:58:09] [159/459] SIBT
[03:58:09] [160/459] PVVB
[03:58:09] [161/459] FNPN
[03:58:10] [162/459] CRPX
[03:58:10] [163/459] STET
[03:58:11] [164/459] METE
[03:58:12] [165/459] BJML
[03:58:12] [166/459] MAVT
[03:58:13] [167/459] MSRM
[03:58:13] [168/459] TJMP
[03:58:14] [169/459] MHCK
[03:58:15] [170/459] SVGP
[03:58:15] [171/459] KRRC
[03:58:16] [172/459] IMCH
[03:58:17] [173/459] CMCS
[03:58:17] [174/459] SGND
[03:58:18] [175/459] RNAT
[03:58:19] [176/459] PRTN
[03:58:19] [177/459] MPTN
[03:58:20] [178/459] ARCC
[03:58:20] [179/459] NTTE
[03:58:21] [180/459] ABND
[03:58:22] [181/459] KCSN
[03:58:22] [182/459] KCSA
[03:58:23] [183/459] DCKT
[03:58:24] [184/459] MBBR
[03:58:24] [185/459] RAMU
[03:58:25] [186/459] RACW
[03:58:25] [187/459] MCHP
[03:58:26] [188/459] TMHM
[03:58:26] [189/459] STXH
[03:58:27] [190/459] AGSG
[03:58:28] [191/459] SIRA
[03:58:28] [192/459] RCAN
[03:58:29] [193/459] CWTB
[03:58:29] [194/459] VTYM
[03:58:30] [195/459] RRPP
[03:58:31] [196/459] ASMR
[03:58:31] [197/459] RONO
[03:58:32] [198/459] MEMR
[03:58:33] [199/459] CTMR
[03:58:33] [200/459] PMTT
[03:58:34] [201/459] PSLX
[03:58:35] [202/459] IPPL
[03:58:35] [203/459] MMSG
[03:58:36] [204/459] INEL
[03:58:37] [205/459] COAC
[03:58:37] [206/459] WVLK
[03:58:38] [207/459] PPXL
[03:58:38] [208/459] PSML
[03:58:39] [209/459] FNLK
[03:58:39] [210/459] ILUM
[03:58:40] [211/459] ILCM
[03:58:41] [212/459] MSNL
[03:58:41] [213/459] VINB
[03:58:42] [214/459] SALW
[03:58:43] [215/459] PRTB
[03:58:43] [216/459] NCIL
[03:58:44] [217/459] PSUL
[03:58:45] [218/459] SCLK
[03:58:45] [219/459] ADDC
[03:58:46] [220/459] OACL
[03:58:46] [221/459] OOCF
[03:58:47] [222/459] GPMF
[03:58:47] [223/459] SSDG
[03:58:48] [224/459] SKRS
[03:58:48] [225/459] NTTP
[03:58:49] [226/459] SLTP
[03:58:50] [227/459] JTLC
[03:58:50] [228/459] POON
[03:58:51] [229/459] CCPC
[03:58:52] [230/459] DCKC
[03:58:52] [231/459] CPRT
[03:58:53] [232/459] EYHZ
[03:58:53] [233/459] ARBL
[03:58:53] [234/459] SBTB
[03:58:54] [235/459] MMCK
[03:58:54] [236/459] PLMR
[03:58:55] [237/459] BIJH
[03:58:55] [238/459] SDRT
[03:58:56] [239/459] PRDC
[03:58:57] [240/459] OMJA
[03:58:57] [241/459] VKCR
[03:58:58] [242/459] ATRT
[03:58:59] [243/459] WVRP
[03:58:59] [244/459] MVRP
[03:59:00] [245/459] FCAX
[03:59:00] [246/459] CTLC
[03:59:01] [247/459] JCHB
[03:59:01] [248/459] SELP
[03:59:02] [249/459] VCPG
[03:59:03] [250/459] ASCX
[03:59:03] [251/459] EOCS
[03:59:04] [252/459] RCPH
[03:59:04] [253/459] RJTM
[03:59:05] [254/459] SGMD
[03:59:06] [255/459] SVJT
[03:59:06] [256/459] SPPO
[03:59:07] [257/459] MNRL
[03:59:07] [258/459] KNOX
[03:59:08] [259/459] GIER
[03:59:09] [260/459] PJMS
[03:59:09] [261/459] UNSP
[03:59:10] [262/459] JETP
[03:59:10] [263/459] VTWA
[03:59:11] [264/459] SCJI
[03:59:11] [265/459] CBZZ
[03:59:12] [266/459] SDCJ
[03:59:13] [267/459] RRCC
[03:59:13] [268/459] VNKG
[03:59:14] [269/459] LKTO
[03:59:14] [270/459] PJRM
[03:59:15] [271/459] NVRM
[03:59:16] [272/459] SJCS
[03:59:16] [273/459] VIGK
[03:59:17] [274/459] ANST
[03:59:18] [275/459] JTTS
[03:59:18] [276/459] NTST
[03:59:19] [277/459] PREB
[03:59:19] [278/459] TSCZ
[03:59:20] [279/459] CDCM
[03:59:21] [280/459] ELYE
[03:59:21] [281/459] INBS
[03:59:22] [282/459] SMGC
[03:59:23] [283/459] UTMP
[03:59:23] [284/459] INTA
[03:59:24] [285/459] OMPT
[03:59:24] [286/459] SCIR
[03:59:25] [287/459] GCKJ
[03:59:26] [288/459] INOG
[03:59:26] [289/459] SMGB
[03:59:26] [290/459] MCSG
[03:59:27] [291/459] STKG
[03:59:27] [292/459] TTKG
[03:59:28] [293/459] SRTR
[03:59:28] [294/459] ETTR
[03:59:29] [295/459] GGGZ
[03:59:30] [296/459] IPGM
[03:59:30] [297/459] FCDH
[03:59:31] [298/459] DESB
[03:59:31] [299/459] VNTP
[03:59:32] [300/459] ANNT
[03:59:32] [301/459] SLTI
[03:59:33] [302/459] MAJU
[03:59:33] [303/459] JCXP
[03:59:34] [304/459] HARK
[03:59:35] [305/459] JPCJ
[03:59:35] [306/459] RXBD
[03:59:36] [307/459] PTKJ
[03:59:36] [308/459] CMTU
[03:59:37] [309/459] SWOR
[03:59:38] [310/459] JMEX
[03:59:38] [311/459] DTPT
[03:59:39] [312/459] VGMM
[03:59:39] [313/459] VCSG
[03:59:40] [314/459] CVCG
[03:59:40] [315/459] TNTT
[03:59:41] [316/459] SHRM
[03:59:42] [317/459] CGKD
[03:59:42] [318/459] EKCM
[03:59:43] [319/459] SDCX
[03:59:43] [320/459] SBTE
[03:59:44] [321/459] STKJ
[03:59:44] [322/459] TPCE
[03:59:45] [323/459] JTNP
[03:59:45] [324/459] LPCH
[03:59:46] [325/459] CPUO
[03:59:47] [326/459] APSU
[03:59:47] [327/459] RTHC
[03:59:48] [328/459] PTBU
[03:59:48] [329/459] CUCC
[03:59:49] [330/459] CPSA
[03:59:49] [331/459] SUAY
[03:59:50] [332/459] AYAA
[03:59:50] [333/459] MUCH
[03:59:51] [334/459] PCIN
[03:59:51] [335/459] JRRM
[03:59:52] [336/459] KATS
[03:59:53] [337/459] MHFF
[03:59:53] [338/459] ESYM
[03:59:54] [339/459] STYV
[03:59:54] [340/459] SDKG
[03:59:55] [341/459] SMTI
[03:59:56] [342/459] NYCS
[03:59:56] [343/459] MTBG
[03:59:57] [344/459] RHCA
[03:59:58] [345/459] PCKH
[03:59:58] [346/459] ARCR
[03:59:59] [347/459] NCMB
[03:59:59] [348/459] SHYC
[03:59:59] [349/459] LACK
[04:00:00] [350/459] MTCM
[04:00:01] [351/459] RRBN
[04:00:01] [352/459] MYDC
[04:00:02] [353/459] STCS
[04:00:02] [354/459] CONN
[04:00:03] [355/459] SIPS
[04:00:03] [356/459] SMMX
[04:00:04] [357/459] SCBY
[04:00:05] [358/459] SUAP
[04:00:06] [359/459] RSMK
[04:00:06] [360/459] STKP
[04:00:07] [361/459] CIPC
[04:00:07] [362/459] KKCI
[04:00:08] [363/459] CTNK
[04:00:08] [364/459] MMTZ
[04:00:09] [365/459] DCCO
[04:00:10] [366/459] VNMN
[04:00:10] [367/459] RLCN
[04:00:11] [368/459] CMMS
[04:00:12] [369/459] AYOU
[04:00:12] [370/459] SSCN
[04:00:13] [371/459] SMXN
[04:00:13] [372/459] ASSK
[04:00:14] [373/459] VCKM
[04:00:14] [374/459] PCPH
[04:00:15] [375/459] PADM
[04:00:15] [376/459] IESA
[04:00:16] [377/459] VCSP
[04:00:17] [378/459] AEST
[04:00:17] [379/459] VTNR
[04:00:18] [380/459] GTTA
[04:00:18] [381/459] CMMM
[04:00:19] [382/459] AHKT
[04:00:19] [383/459] SIJI
[04:00:20] [384/459] VCEI
[04:00:20] [385/459] SAKR
[04:00:21] [386/459] VSMT
[04:00:21] [387/459] SSCT
[04:00:22] [388/459] USTR
[04:00:23] [389/459] MTKT
[04:00:23] [390/459] TGMP
[04:00:24] [391/459] SIVC
[04:00:24] [392/459] KICT
[04:00:25] [393/459] DAMD
[04:00:25] [394/459] CNPT
[04:00:26] [395/459] RVTT
[04:00:27] [396/459] SNCM
[04:00:27] [397/459] GHTE
[04:00:28] [398/459] PPAM
[04:00:28] [399/459] PVAA
[04:00:29] [400/459] CPAO
[04:00:30] [401/459] HAMD
[04:00:31] [402/459] RCCA
[04:00:31] [403/459] MPCH
[04:00:32] [404/459] ARED
[04:00:32] [405/459] RRCV
[04:00:33] [406/459] MTRB
[04:00:33] [407/459] CKUA
[04:00:34] [408/459] ABMP
[04:00:34] [409/459] RCWA
[04:00:35] [410/459] CGAR
[04:00:35] [411/459] METH
[04:00:36] [412/459] WAGA
[04:00:36] [413/459] MCMA
[04:00:37] [414/459] CSMP
[04:00:38] [415/459] RCNK
[04:00:38] [416/459] PSTM
[04:00:39] [417/459] CSEP
[04:00:40] [418/459] AMGD
[04:00:40] [419/459] CSTE
[04:00:41] [420/459] CONS
[04:00:42] [421/459] APPX
[04:00:42] [422/459] MABC
[04:00:43] [423/459] CXST
[04:00:43] [424/459] MATN
[04:00:44] [425/459] MACZ
[04:00:44] [426/459] MASA
[04:00:45] [427/459] MBSX
[04:00:45] [428/459] CSST
[04:00:46] [429/459] APCL
[04:00:47] [430/459] CGOS
[04:00:47] [431/459] CPEC
[04:00:48] [432/459] MCCP
[04:00:48] [433/459] BSSO
[04:00:49] [434/459] SJKA
[04:00:50] [435/459] CGBO
[04:00:50] [436/459] MVSK
[04:00:51] [437/459] HVCA
[04:00:51] [438/459] NAMD
[04:00:52] [439/459] DEVI
[04:00:52] [440/459] SCSV
[04:00:53] [441/459] PSMA
[04:00:53] [442/459] CLDJ
[04:00:54] [443/459] NMAD
[04:00:54] [444/459] CGMO
[04:00:55] [445/459] MCNA
[04:00:56] [446/459] OCBN
[04:00:56] [447/459] CPEM
[04:00:57] [448/459] CPSM
[04:00:58] [449/459] RCAD
[04:00:58] [450/459] CPMU
[04:00:58] [451/459] DICD
[04:00:59] [452/459] CHOE
[04:01:00] [453/459] PDJM
[04:01:00] [454/459] SSTU
[04:01:00] [455/459] VNRN
[04:01:01] [456/459] PVLG
[04:01:02] [457/459] SWBL
[04:01:02] [458/459] SCAB
[04:01:03] [459/459] RDDA
[04:01:03] 🧹 Deduping shows
[04:01:03] ✅ DONE | Shows=1828 | Movies=53
