[19:11:41] 🚀 SCRIPT STARTED
[19:11:41] [1/296] CDCA
[19:11:41] 🧠 New identity created
[19:11:42] [2/296] MNSR
[19:11:43] [3/296] CSSL
[19:11:44] [4/296] BGGM
[19:11:44] [5/296] MANT
[19:11:45] [6/296] SOOY
[19:11:46] [7/296] VPPK
[19:11:47] [8/296] MYHJ
[19:11:48] [9/296] KSCK
[19:11:49] [10/296] KATK
[19:11:49] [11/296] RTRT
[19:11:51] [12/296] SSTT
[19:11:51] [13/296] SSTV
[19:11:53] [14/296] LACM
[19:11:54] [15/296] SGMG
[19:11:55] [16/296] KACX
[19:11:56] [17/296] GVCP
[19:11:57] [18/296] CSNC
[19:11:58] [19/296] SXCB
[19:11:59] [20/296] BAHS
[19:12:00] [21/296] PCBI
[19:12:01] [22/296] PSSM
[19:12:02] [23/296] RCOK
[19:12:03] [24/296] SCPF
[19:12:04] [25/296] SSAS
[19:12:05] [26/296] EVMM
[19:12:06] [27/296] SYCB
[19:12:06] [28/296] GCKI
[19:12:07] [29/296] IAET
[19:12:08] [30/296] DDTD
[19:12:09] [31/296] GMDH
[19:12:10] [32/296] STLE
[19:12:12] [33/296] JTRA
[19:12:12] [34/296] RPPA
[19:12:13] [35/296] ARUT
[19:12:15] [36/296] JTVM
[19:12:16] [37/296] SWRH
[19:12:17] [38/296] DCPC
[19:12:18] [39/296] RAPR
[19:12:19] [40/296] GCRT
[19:12:21] [41/296] ATUN
[19:12:22] [42/296] LTRM
[19:12:23] [43/296] TASR
[19:12:24] [44/296] RLLC
[19:12:25] [45/296] MABI
[19:12:27] [46/296] SVHB
[19:12:27] [47/296] NVTB
[19:12:28] [48/296] KCKG
[19:12:29] [49/296] SSRN
[19:12:30] [50/296] VDDC
[19:12:31] [51/296] GKTK
[19:12:31] [52/296] YFSN
[19:12:33] [53/296] GCSG
[19:12:34] [54/296] ESSM
[19:12:35] [55/296] KRIH
[19:12:36] [56/296] GCDS
[19:12:37] [57/296] CCSH
[19:12:37] [58/296] ACSK
[19:12:38] [59/296] APRK
[19:12:39] [60/296] ADKM
[19:12:40] [61/296] SRDM
[19:12:41] [62/296] RMOG
[19:12:42] [63/296] SJMY
[19:12:43] [64/296] PGGC
[19:12:44] [65/296] INGM
[19:12:45] [66/296] LSCB
[19:12:46] [67/296] STAD
[19:12:47] [68/296] MCCR
[19:12:48] [69/296] ABCC
[19:12:48] [70/296] RKCC
[19:12:49] [71/296] RTCR
[19:12:50] [72/296] GGBC
[19:12:51] [73/296] GCSD
[19:12:52] [74/296] LPTY
[19:12:53] [75/296] MCFD
[19:12:53] [76/296] HENN
[19:12:54] [77/296] SMKU
[19:12:55] [78/296] TNZC
[19:12:56] [79/296] DRCD
[19:12:57] [80/296] DLCD
[19:12:57] [81/296] RCDA
[19:12:58] [82/296] COSM
[19:12:59] [83/296] MCMJ
[19:13:00] [84/296] CSTR
[19:13:01] [85/296] CVDK
[19:13:02] [86/296] INRR
[19:13:03] [87/296] RJRT
[19:13:03] [88/296] IRMR
[19:13:04] [89/296] SRCF
[19:13:06] [90/296] GRCR
[19:13:07] [91/296] SURC
[19:13:08] [92/296] NMNH
[19:13:09] [93/296] SVBL
[19:13:10] [94/296] KACI
[19:13:10] [95/296] TDGO
[19:13:11] [96/296] KTBR
[19:13:12] [97/296] PMAD
[19:13:12] [98/296] CCPN
[19:13:13] [99/296] SBTK
[19:13:14] [100/296] LMDK
[19:13:15] [101/296] PGDA
[19:13:16] [102/296] SRML
[19:13:17] [103/296] EVCK
[19:13:18] [104/296] RTTK
[19:13:18] [105/296] SRTU
[19:13:19] [106/296] VRSA
[19:13:20] [107/296] VARS
[19:13:21] [108/296] DSCZ
[19:13:21] [109/296] GAGA
[19:13:22] [110/296] SARV
[19:13:23] [111/296] SEEG
[19:13:25] [112/296] GLCA
[19:13:25] [113/296] APAS
[19:13:26] [114/296] VCIA
[19:13:27] [115/296] SJTA
[19:13:28] [116/296] SABM
[19:13:29] [117/296] PPAG
[19:13:30] [118/296] RVCA
[19:13:31] [119/296] CCIA
[19:13:31] [120/296] HTAG
[19:13:32] [121/296] SMBI
[19:13:34] [122/296] MCJR
[19:13:35] [123/296] CCJR
[19:13:35] [124/296] SINF
[19:13:36] [125/296] CPLX
[19:13:37] [126/296] KKTJ
[19:13:38] [127/296] GDBW
[19:13:39] [128/296] CSUB
[19:13:39] [129/296] DABA
[19:13:40] [130/296] TITR
[19:13:41] [131/296] NYCR
[19:13:42] [132/296] RTRY
[19:13:43] [133/296] JTJL
[19:13:44] [134/296] SJCP
[19:13:45] [135/296] KCCA
[19:13:46] [136/296] MLPG
[19:13:47] [137/296] VRCK
[19:13:47] [138/296] SRIN
[19:13:48] [139/296] CXMK
[19:13:49] [140/296] SKAD
[19:13:50] [141/296] AVTR
[19:13:51] [142/296] PTAJ
[19:13:52] [143/296] SCNK
[19:13:53] [144/296] STTI
[19:13:54] [145/296] KACR
[19:13:55] [146/296] SSDX
[19:13:56] [147/296] VRTJ
[19:13:57] [148/296] RAJD
[19:13:58] [149/296] SCIP
[19:13:59] [150/296] RJSL
[19:14:00] [151/296] ARRS
[19:14:00] [152/296] ASMS
[19:14:01] [153/296] RDTS
[19:14:02] [154/296] DVMY
[19:14:03] [155/296] RASA
[19:14:04] [156/296] INOM
[19:14:05] [157/296] SPRS
[19:14:05] [158/296] SGCS
[19:14:06] [159/296] SALM
[19:14:07] [160/296] PKHC
[19:14:08] [161/296] RCSV
[19:14:09] [162/296] CPKC
[19:14:10] [163/296] AACD
[19:14:11] [164/296] GGCV
[19:14:11] [165/296] SMKD
[19:14:12] [166/296] NBCH
[19:14:13] [167/296] AMCB
[19:14:14] [168/296] OPCN
[19:14:15] [169/296] DCIN
[19:14:16] [170/296] INGW
[19:14:17] [171/296] PKKW
[19:14:18] [172/296] FNGW
[19:14:19] [173/296] GCGD
[19:14:20] [174/296] MSTW
[19:14:20] [175/296] KCCG
[19:14:21] [176/296] MRSS
[19:14:22] [177/296] CLCF
[19:14:23] [178/296] EETS
[19:14:24] [179/296] AATR
[19:14:25] [180/296] CMMN
[19:14:26] [181/296] SCCJ
[19:14:28] [182/296] CDTK
[19:14:29] [183/296] AICP
[19:14:30] [184/296] FNBP
[19:14:31] [185/296] CBPB
[19:14:32] [186/296] CPAS
[19:14:33] [187/296] MAPM
[19:14:35] [188/296] PASD
[19:14:36] [189/296] JCMN
[19:14:36] [190/296] MALB
[19:14:37] [191/296] SACG
[19:14:38] [192/296] DDRX
[19:14:39] [193/296] DDXB
[19:14:40] [194/296] RAMC
[19:14:41] [195/296] SANC
[19:14:42] [196/296] BCBP
[19:14:43] [197/296] ALPC
[19:14:44] [198/296] RBAC
[19:14:44] [199/296] RAJL
[19:14:45] [200/296] MPDX
[19:14:46] [201/296] MUSC
[19:14:47] [202/296] VKMK
[19:14:48] [203/296] SKCG
[19:14:48] [204/296] ANCN
[19:14:49] [205/296] MMCJ
[19:14:50] [206/296] DCAK
[19:14:51] [207/296] SCKG
[19:14:52] [208/296] LMCK
[19:14:53] [209/296] CKKX
[19:14:54] [210/296] ANKU
[19:14:55] [211/296] CSMD
[19:14:56] [212/296] MKMP
[19:14:56] [213/296] SVBG
[19:14:57] [214/296] ROOP
[19:14:58] [215/296] GDMT
[19:14:59] [216/296] FPPF
[19:15:00] [217/296] SFUU
[19:15:00] [218/296] ANCB
[19:15:01] [219/296] SMMC
[19:15:02] [220/296] UGKT
[19:15:03] [221/296] JVRM
[19:15:04] [222/296] BATG
[19:15:04] [223/296] RATE
[19:15:05] [224/296] SKME
[19:15:06] [225/296] LMTP
[19:15:08] [226/296] TCBD
[19:15:09] [227/296] ESBD
[19:15:10] [228/296] GDCU
[19:15:11] [229/296] SNKT
[19:15:11] [230/296] SRNK
[19:15:12] [231/296] SMED
[19:15:13] [232/296] CSQS
[19:15:14] [233/296] ALCS
[19:15:15] [234/296] KCKN
[19:15:16] [235/296] VCCL
[19:15:17] [236/296] MCDA
[19:15:18] [237/296] SHMI
[19:15:18] [238/296] SKHA
[19:15:20] [239/296] SVFK
[19:15:21] [240/296] INVB
[19:15:22] [241/296] MELD
[19:15:23] [242/296] JTYS
[19:15:23] [243/296] INCM
[19:15:25] [244/296] MCDV
[19:15:26] [245/296] KSGK
[19:15:27] [246/296] ICMG
[19:15:28] [247/296] CSCV
[19:15:29] [248/296] STMD
[19:15:30] [249/296] STTR
[19:15:31] [250/296] INVC
[19:15:32] [251/296] JTBL
[19:15:32] [252/296] SRVV
[19:15:33] [253/296] MAVC
[19:15:34] [254/296] SRPP
[19:15:35] [255/296] JGDM
[19:15:36] [256/296] MBSJ
[19:15:37] [257/296] SSLL
[19:15:38] [258/296] SLKP
[19:15:39] [259/296] NSRV
[19:15:40] [260/296] UTDV
[19:15:41] [261/296] KICM
[19:15:42] [262/296] KCMD
[19:15:43] [263/296] TTPP
[19:15:44] [264/296] KMPV
[19:15:45] [265/296] SKTV
[19:15:46] [266/296] STCV
[19:15:47] [267/296] SRDA
[19:15:48] [268/296] JTSX
[19:15:49] [269/296] STBV
[19:15:49] [270/296] APVZ
[19:15:50] [271/296] GSTV
[19:15:51] [272/296] NMVS
[19:15:51] [273/296] SKRT
[19:15:53] [274/296] RMDV
[19:15:54] [275/296] RATG
[19:15:55] [276/296] SJYV
[19:15:56] [277/296] NDGP
[19:15:57] [278/296] SNDG
[19:15:58] [279/296] INSR
[19:15:59] [280/296] INSO
[19:15:59] [281/296] CCSI
[19:16:00] [282/296] RASM
[19:16:01] [283/296] NEWC
[19:16:02] [284/296] VSHL
[19:16:03] [285/296] BISW
[19:16:04] [286/296] GCNG
[19:16:04] [287/296] CWSC
[19:16:05] [288/296] SKAN
[19:16:06] [289/296] SEHP
[19:16:07] [290/296] CCOA
[19:16:08] [291/296] MCAJ
[19:16:09] [292/296] ACDE
[19:16:10] [293/296] AACM
[19:16:11] [294/296] JJCK
[19:16:12] [295/296] RCMO
[19:16:13] [296/296] GDAW
[19:16:14] 🧹 Deduping shows
[19:16:14] ✅ DONE | Shows=769 | Movies=46
