[19:14:21] 🚀 SCRIPT STARTED
[19:14:21] [1/324] GCTA
[19:14:21] 🧠 New identity created
[19:14:22] [2/324] TOPN
[19:14:23] [3/324] MCUS
[19:14:24] [4/324] SHRL
[19:14:24] [5/324] UPTP
[19:14:25] [6/324] TMMP
[19:14:26] [7/324] DNRP
[19:14:27] [8/324] SRLT
[19:14:28] [9/324] RCNS
[19:14:29] [10/324] DCBH
[19:14:29] [11/324] NAGJ
[19:14:30] [12/324] JVRC
[19:14:31] [13/324] KRJG
[19:14:32] [14/324] SRTJ
[19:14:33] [15/324] CMXM
[19:14:33] [16/324] STMI
[19:14:34] [17/324] SLST
[19:14:35] [18/324] DTCN
[19:14:36] [19/324] STYN
[19:14:36] [20/324] SZVR
[19:14:37] [21/324] SRKO
[19:14:38] [22/324] JTGT
[19:14:39] [23/324] SVFD
[19:14:39] [24/324] SISD
[19:14:40] [25/324] ABDD
[19:14:42] [26/324] DRCA
[19:14:43] [27/324] AVCS
[19:14:44] [28/324] MVKH
[19:14:44] [29/324] ACPR
[19:14:45] [30/324] STIP
[19:14:47] [31/324] MTRA
[19:14:48] [32/324] RMKH
[19:14:48] [33/324] NKRL
[19:14:50] [34/324] PCWN
[19:14:50] [35/324] BLMT
[19:14:51] [36/324] GDPG
[19:14:53] [37/324] SRMX
[19:14:54] [38/324] JACP
[19:14:54] [39/324] CPSH
[19:14:55] [40/324] MCCD
[19:14:56] [41/324] ECGH
[19:14:57] [42/324] MKCK
[19:14:58] [43/324] SRMM
[19:14:59] [44/324] SKYR
[19:15:00] [45/324] PCKC
[19:15:01] [46/324] JCMA
[19:15:01] [47/324] BSMP
[19:15:03] [48/324] VSPA
[19:15:04] [49/324] DJYA
[19:15:05] [50/324] DIMP
[19:15:05] [51/324] FXDR
[19:15:06] [52/324] SSRC
[19:15:07] [53/324] STHP
[19:15:08] [54/324] CPPD
[19:15:09] [55/324] FCLK
[19:15:10] [56/324] SCPP
[19:15:10] [57/324] DCMJ
[19:15:11] [58/324] RCCR
[19:15:12] [59/324] INMT
[19:15:13] [60/324] LXTK
[19:15:13] [61/324] SRYK
[19:15:14] [62/324] SGDK
[19:15:15] [63/324] PPKA
[19:15:16] [64/324] SPKA
[19:15:17] [65/324] CGHH
[19:15:17] [66/324] DCJN
[19:15:18] [67/324] SRKV
[19:15:19] [68/324] SAJC
[19:15:20] [69/324] SUSR
[19:15:21] [70/324] STYG
[19:15:22] [71/324] NTKP
[19:15:23] [72/324] AKTG
[19:15:24] [73/324] CGCM
[19:15:24] [74/324] TULC
[19:15:25] [75/324] NYYZ
[19:15:26] [76/324] NYBW
[19:15:27] [77/324] MACB
[19:15:27] [78/324] SLVT
[19:15:28] [79/324] SANA
[19:15:29] [80/324] ACMR
[19:15:30] [81/324] CPKN
[19:15:31] [82/324] DLGK
[19:15:31] [83/324] CWCK
[19:15:32] [84/324] FDDH
[19:15:33] [85/324] MMMD
[19:15:34] [86/324] CMEH
[19:15:35] [87/324] GGGV
[19:15:36] [88/324] SPJL
[19:15:37] [89/324] RCCD
[19:15:38] [90/324] STTZ
[19:15:38] [91/324] BTCF
[19:15:39] [92/324] TSTZ
[19:15:40] [93/324] IPMM
[19:15:41] [94/324] PMPW
[19:15:42] [95/324] PCMZ
[19:15:43] [96/324] ESEM
[19:15:44] [97/324] PIPO
[19:15:45] [98/324] MATK
[19:15:46] [99/324] PGHM
[19:15:47] [100/324] CTSR
[19:15:48] [101/324] CYKR
[19:15:48] [102/324] MSCM
[19:15:49] [103/324] RFNP
[19:15:50] [104/324] PDCP
[19:15:51] [105/324] NPSE
[19:15:52] [106/324] MKML
[19:15:52] [107/324] FTDP
[19:15:53] [108/324] MMXA
[19:15:54] [109/324] CEPO
[19:15:55] [110/324] CMVP
[19:15:56] [111/324] SGTH
[19:15:57] [112/324] SAYN
[19:15:57] [113/324] URVS
[19:15:58] [114/324] VJTN
[19:15:59] [115/324] BBYK
[19:16:00] [116/324] SHBO
[19:16:01] [117/324] VCMR
[19:16:01] [118/324] MACT
[19:16:02] [119/324] JMNP
[19:16:03] [120/324] VICS
[19:16:04] [121/324] VCDA
[19:16:04] [122/324] GCMM
[19:16:06] [123/324] INVS
[19:16:07] [124/324] SCGM
[19:16:07] [125/324] PCDA
[19:16:08] [126/324] KDCT
[19:16:09] [127/324] JACS
[19:16:10] [128/324] GMMC
[19:16:11] [129/324] AICM
[19:16:12] [130/324] TJCM
[19:16:13] [131/324] RMTI
[19:16:14] [132/324] SHAC
[19:16:15] [133/324] APJC
[19:16:16] [134/324] GCTG
[19:16:16] [135/324] SSMC
[19:16:17] [136/324] THRM
[19:16:18] [137/324] RBCT
[19:16:19] [138/324] DIKT
[19:16:20] [139/324] MIDL
[19:16:21] [140/324] VCSN
[19:16:21] [141/324] SKTG
[19:16:22] [142/324] SMWC
[19:16:23] [143/324] MNKH
[19:16:24] [144/324] PIAT
[19:16:25] [145/324] LTTP
[19:16:26] [146/324] PTPU
[19:16:27] [147/324] ACMG
[19:16:28] [148/324] SHMM
[19:16:29] [149/324] MCMN
[19:16:29] [150/324] GLDC
[19:16:30] [151/324] HOUT
[19:16:32] [152/324] SVRP
[19:16:32] [153/324] PVDN
[19:16:33] [154/324] SCPY
[19:16:34] [155/324] DTPY
[19:16:35] [156/324] GKCS
[19:16:36] [157/324] NCAM
[19:16:37] [158/324] BSRM
[19:16:38] [159/324] RCLC
[19:16:39] [160/324] SKKD
[19:16:39] [161/324] ACHU
[19:16:40] [162/324] RSCF
[19:16:41] [163/324] IMSH
[19:16:42] [164/324] MACX
[19:16:43] [165/324] HMMW
[19:16:44] [166/324] JTCP
[19:16:45] [167/324] SREN
[19:16:46] [168/324] PJRR
[19:16:47] [169/324] INAC
[19:16:48] [170/324] BMCA
[19:16:49] [171/324] SHCB
[19:16:50] [172/324] GABA
[19:16:51] [173/324] SBCT
[19:16:51] [174/324] GCMA
[19:16:52] [175/324] MYTK
[19:16:53] [176/324] INZS
[19:16:54] [177/324] RMIK
[19:16:55] [178/324] NYCH
[19:16:55] [179/324] RAVE
[19:16:56] [180/324] PSXM
[19:16:57] [181/324] MCGP
[19:16:58] [182/324] PDDK
[19:16:59] [183/324] SPCK
[19:17:00] [184/324] MCRL
[19:17:01] [185/324] MHKT
[19:17:02] [186/324] ANRR
[19:17:03] [187/324] SAPK
[19:17:03] [188/324] NCUK
[19:17:04] [189/324] JUGA
[19:17:05] [190/324] DBSC
[19:17:06] [191/324] LALK
[19:17:06] [192/324] GUCK
[19:17:07] [193/324] STSG
[19:17:08] [194/324] PPPZ
[19:17:09] [195/324] CNCY
[19:17:10] [196/324] MTAR
[19:17:11] [197/324] VNKD
[19:17:12] [198/324] KMAJ
[19:17:12] [199/324] ACXK
[19:17:13] [200/324] UTKC
[19:17:14] [201/324] PBLK
[19:17:15] [202/324] ACBX
[19:17:15] [203/324] PTGM
[19:17:16] [204/324] BTDA
[19:17:17] [205/324] PJMB
[19:17:18] [206/324] TPDA
[19:17:18] [207/324] AMOE
[19:17:19] [208/324] PRHT
[19:17:20] [209/324] PRTA
[19:17:21] [210/324] STAM
[19:17:22] [211/324] MSAA
[19:17:23] [212/324] SDLU
[19:17:24] [213/324] RCHH
[19:17:24] [214/324] KANT
[19:17:26] [215/324] FCRT
[19:17:28] [216/324] DNKM
[19:17:28] [217/324] RYCP
[19:17:29] [218/324] MYRP
[19:17:30] [219/324] PPAK
[19:17:31] [220/324] NVPK
[19:17:31] [221/324] PRMC
[19:17:32] [222/324] JBCS
[19:17:33] [223/324] GXCK
[19:17:34] [224/324] USKO
[19:17:34] [225/324] GTEM
[19:17:35] [226/324] SMBU
[19:17:37] [227/324] VETC
[19:17:38] [228/324] LCDA
[19:17:38] [229/324] MTVT
[19:17:39] [230/324] PYCP
[19:17:40] [231/324] PNSC
[19:17:41] [232/324] PPCC
[19:17:42] [233/324] TGRT
[19:17:42] [234/324] JYOT
[19:17:43] [235/324] SRCZ
[19:17:44] [236/324] SJTE
[19:17:45] [237/324] DESC
[19:17:46] [238/324] JHVN
[19:17:46] [239/324] IPSG
[19:17:47] [240/324] IPCM
[19:17:48] [241/324] PDRS
[19:17:49] [242/324] ANCV
[19:17:50] [243/324] CMVV
[19:17:50] [244/324] SHYP
[19:17:51] [245/324] DNCS
[19:17:52] [246/324] GAJK
[19:17:53] [247/324] AKTN
[19:17:54] [248/324] KAYA
[19:17:54] [249/324] SBRC
[19:17:56] [250/324] CHTP
[19:17:57] [251/324] SHRT
[19:17:58] [252/324] BCKU
[19:17:59] [253/324] FCPS
[19:18:00] [254/324] ARDD
[19:18:00] [255/324] CPCM
[19:18:01] [256/324] CGSM
[19:18:02] [257/324] PSMP
[19:18:03] [258/324] SDAL
[19:18:04] [259/324] RTNB
[19:18:04] [260/324] LMCR
[19:18:05] [261/324] CIMA
[19:18:06] [262/324] RNAS
[19:18:07] [263/324] LITH
[19:18:08] [264/324] PBOX
[19:18:10] [265/324] FRTS
[19:18:10] [266/324] RKIC
[19:18:11] [267/324] PTAI
[19:18:12] [268/324] GCIC
[19:18:13] [269/324] FNAS
[19:18:14] [270/324] SCAR
[19:18:15] [271/324] MTCA
[19:18:16] [272/324] SCTS
[19:18:16] [273/324] SYCS
[19:18:17] [274/324] RDMS
[19:18:17] [275/324] KAMP
[19:18:18] [276/324] ERSD
[19:18:19] [277/324] MJMJ
[19:18:20] [278/324] SRCJ
[19:18:21] [279/324] SCXE
[19:18:22] [280/324] SVFR
[19:18:23] [281/324] BHCS
[19:18:24] [282/324] IMCC
[19:18:25] [283/324] PCBO
[19:18:25] [284/324] PRVN
[19:18:26] [285/324] AUPM
[19:18:27] [286/324] INBW
[19:18:28] [287/324] SVCW
[19:18:29] [288/324] RKCF
[19:18:30] [289/324] UVBH
[19:18:31] [290/324] DNCY
[19:18:32] [291/324] ABCN
[19:18:32] [292/324] PRUR
[19:18:33] [293/324] PFMR
[19:18:34] [294/324] RKCN
[19:18:35] [295/324] CFEA
[19:18:36] [296/324] SDBG
[19:18:36] [297/324] SNAR
[19:18:37] [298/324] YISI
[19:18:38] [299/324] JCFF
[19:18:39] [300/324] VTRK
[19:18:39] [301/324] PCLZ
[19:18:40] [302/324] DIMY
[19:18:41] [303/324] BBTS
[19:18:42] [304/324] GATH
[19:18:43] [305/324] GTMN
[19:18:44] [306/324] VTMH
[19:18:45] [307/324] CCKP
[19:18:46] [308/324] GPKA
[19:18:46] [309/324] MHCL
[19:18:47] [310/324] ATCL
[19:18:48] [311/324] SBCK
[19:18:49] [312/324] AMMR
[19:18:49] [313/324] MADC
[19:18:50] [314/324] TMMA
[19:18:51] [315/324] CACC
[19:18:52] [316/324] CHAL
[19:18:53] [317/324] DURG
[19:18:54] [318/324] GMKU
[19:18:54] [319/324] GECA
[19:18:55] [320/324] KYRR
[19:18:56] [321/324] KSDE
[19:18:57] [322/324] LMCI
[19:18:58] [323/324] NKCP
[19:18:59] [324/324] BGTC
[19:19:00] 🧹 Deduping shows
[19:19:00] ✅ DONE | Shows=971 | Movies=44
[22:03:19] 🚀 SCRIPT STARTED
[22:03:19] [1/324] GCTA
[22:03:19] 🧠 New identity created
[22:03:20] [2/324] TOPN
[22:03:21] [3/324] MCUS
[22:03:22] [4/324] SHRL
[22:03:23] [5/324] UPTP
[22:03:23] [6/324] TMMP
[22:03:24] [7/324] DNRP
[22:03:25] [8/324] SRLT
[22:03:26] [9/324] RCNS
[22:03:27] [10/324] DCBH
[22:03:27] [11/324] NAGJ
[22:03:28] [12/324] JVRC
[22:03:29] [13/324] KRJG
[22:03:30] [14/324] SRTJ
[22:03:31] [15/324] CMXM
[22:03:31] [16/324] STMI
[22:03:32] [17/324] SLST
[22:03:33] [18/324] DTCN
[22:03:34] [19/324] STYN
[22:03:35] [20/324] SZVR
[22:03:36] [21/324] SRKO
[22:03:36] [22/324] JTGT
[22:03:37] [23/324] SVFD
[22:03:38] [24/324] SISD
[22:03:39] [25/324] ABDD
[22:03:40] [26/324] DRCA
[22:03:41] [27/324] AVCS
[22:03:42] [28/324] MVKH
[22:03:43] [29/324] ACPR
[22:03:44] [30/324] STIP
[22:03:44] [31/324] MTRA
[22:03:45] [32/324] RMKH
[22:03:46] [33/324] NKRL
[22:03:47] [34/324] PCWN
[22:03:48] [35/324] BLMT
[22:03:49] [36/324] GDPG
[22:03:50] [37/324] SRMX
[22:03:51] [38/324] JACP
[22:03:52] [39/324] CPSH
[22:03:53] [40/324] MCCD
[22:03:54] [41/324] ECGH
[22:03:55] [42/324] MKCK
[22:03:56] [43/324] SRMM
[22:03:56] [44/324] SKYR
[22:03:57] [45/324] PCKC
[22:03:58] [46/324] JCMA
[22:03:59] [47/324] BSMP
[22:04:01] [48/324] VSPA
[22:04:01] [49/324] DJYA
[22:04:02] [50/324] DIMP
[22:04:03] [51/324] FXDR
[22:04:04] [52/324] SSRC
[22:04:05] [53/324] STHP
[22:04:06] [54/324] CPPD
[22:04:07] [55/324] FCLK
[22:04:08] [56/324] SCPP
[22:04:09] [57/324] DCMJ
[22:04:10] [58/324] RCCR
[22:04:11] [59/324] INMT
[22:04:12] [60/324] LXTK
[22:04:13] [61/324] SRYK
[22:04:14] [62/324] SGDK
[22:04:14] [63/324] PPKA
[22:04:15] [64/324] SPKA
[22:04:16] [65/324] CGHH
[22:04:17] [66/324] DCJN
[22:04:18] [67/324] SRKV
[22:04:19] [68/324] SAJC
[22:04:20] [69/324] SUSR
[22:04:20] [70/324] STYG
[22:04:22] [71/324] NTKP
[22:04:23] [72/324] AKTG
[22:04:24] [73/324] CGCM
[22:04:25] [74/324] TULC
[22:04:25] [75/324] NYYZ
[22:04:26] [76/324] NYBW
[22:04:27] [77/324] MACB
[22:04:28] [78/324] SLVT
[22:04:29] [79/324] SANA
[22:04:30] [80/324] ACMR
[22:04:31] [81/324] CPKN
[22:04:32] [82/324] DLGK
[22:04:33] [83/324] CWCK
[22:04:34] [84/324] FDDH
[22:04:35] [85/324] MMMD
[22:04:36] [86/324] CMEH
[22:04:37] [87/324] GGGV
[22:04:38] [88/324] SPJL
[22:04:39] [89/324] RCCD
[22:04:40] [90/324] STTZ
[22:04:40] [91/324] BTCF
[22:04:41] [92/324] TSTZ
[22:04:42] [93/324] IPMM
[22:04:43] [94/324] PMPW
[22:04:44] [95/324] PCMZ
[22:04:45] [96/324] ESEM
[22:04:46] [97/324] PIPO
[22:04:47] [98/324] MATK
[22:04:47] [99/324] PGHM
[22:04:48] [100/324] CTSR
[22:04:49] [101/324] CYKR
[22:04:50] [102/324] MSCM
[22:04:51] [103/324] RFNP
[22:04:52] [104/324] PDCP
[22:04:52] [105/324] NPSE
[22:04:53] [106/324] MKML
[22:04:54] [107/324] FTDP
[22:04:55] [108/324] MMXA
[22:04:56] [109/324] CEPO
[22:04:57] [110/324] CMVP
[22:04:58] [111/324] SGTH
[22:04:58] [112/324] SAYN
[22:04:59] [113/324] URVS
[22:05:01] [114/324] VJTN
[22:05:02] [115/324] BBYK
[22:05:03] [116/324] SHBO
[22:05:04] [117/324] VCMR
[22:05:05] [118/324] MACT
[22:05:06] [119/324] JMNP
[22:05:07] [120/324] VICS
[22:05:08] [121/324] VCDA
[22:05:09] [122/324] GCMM
[22:05:10] [123/324] INVS
[22:05:10] [124/324] SCGM
[22:05:12] [125/324] PCDA
[22:05:13] [126/324] KDCT
[22:05:14] [127/324] JACS
[22:05:15] [128/324] GMMC
[22:05:16] [129/324] AICM
[22:05:17] [130/324] TJCM
[22:05:18] [131/324] RMTI
[22:05:19] [132/324] SHAC
[22:05:20] [133/324] APJC
[22:05:20] [134/324] GCTG
[22:05:22] [135/324] SSMC
[22:05:23] [136/324] THRM
[22:05:24] [137/324] RBCT
[22:05:25] [138/324] DIKT
[22:05:25] [139/324] MIDL
[22:05:26] [140/324] VCSN
[22:05:27] [141/324] SKTG
[22:05:28] [142/324] SMWC
[22:05:29] [143/324] MNKH
[22:05:30] [144/324] PIAT
[22:05:31] [145/324] LTTP
[22:05:32] [146/324] PTPU
[22:05:33] [147/324] ACMG
[22:05:33] [148/324] SHMM
[22:05:34] [149/324] MCMN
[22:05:35] [150/324] GLDC
[22:05:36] [151/324] HOUT
[22:05:37] [152/324] SVRP
[22:05:38] [153/324] PVDN
[22:05:38] [154/324] SCPY
[22:05:39] [155/324] DTPY
[22:05:40] [156/324] GKCS
[22:05:41] [157/324] NCAM
[22:05:42] [158/324] BSRM
[22:05:43] [159/324] RCLC
[22:05:43] [160/324] SKKD
[22:05:44] [161/324] ACHU
[22:05:46] [162/324] RSCF
[22:05:47] [163/324] IMSH
[22:05:48] [164/324] MACX
[22:05:49] [165/324] HMMW
[22:05:49] [166/324] JTCP
[22:05:50] [167/324] SREN
[22:05:52] [168/324] PJRR
[22:05:52] [169/324] INAC
[22:05:54] [170/324] BMCA
[22:05:55] [171/324] SHCB
[22:05:56] [172/324] GABA
[22:05:57] [173/324] SBCT
[22:05:58] [174/324] GCMA
[22:05:58] [175/324] MYTK
[22:05:59] [176/324] INZS
[22:06:00] [177/324] RMIK
[22:06:01] [178/324] NYCH
[22:06:02] [179/324] RAVE
[22:06:02] [180/324] PSXM
[22:06:03] [181/324] MCGP
[22:06:04] [182/324] PDDK
[22:06:05] [183/324] SPCK
[22:06:06] [184/324] MCRL
[22:06:06] [185/324] MHKT
[22:06:08] [186/324] ANRR
[22:06:09] [187/324] SAPK
[22:06:09] [188/324] NCUK
[22:06:10] [189/324] JUGA
[22:06:11] [190/324] DBSC
[22:06:13] [191/324] LALK
[22:06:14] [192/324] GUCK
[22:06:14] [193/324] STSG
[22:06:15] [194/324] PPPZ
[22:06:16] [195/324] CNCY
[22:06:17] [196/324] MTAR
[22:06:18] [197/324] VNKD
[22:06:19] [198/324] KMAJ
[22:06:20] [199/324] ACXK
[22:06:21] [200/324] UTKC
[22:06:21] [201/324] PBLK
[22:06:22] [202/324] ACBX
[22:06:23] [203/324] PTGM
[22:06:24] [204/324] BTDA
[22:06:25] [205/324] PJMB
[22:06:25] [206/324] TPDA
[22:06:26] [207/324] AMOE
[22:06:27] [208/324] PRHT
[22:06:28] [209/324] PRTA
[22:06:29] [210/324] STAM
[22:06:30] [211/324] MSAA
[22:06:31] [212/324] SDLU
[22:06:32] [213/324] RCHH
[22:06:33] [214/324] KANT
[22:06:34] [215/324] FCRT
[22:06:35] [216/324] DNKM
[22:06:35] [217/324] RYCP
[22:06:36] [218/324] MYRP
[22:06:38] [219/324] PPAK
[22:06:39] [220/324] NVPK
[22:06:40] [221/324] PRMC
[22:06:41] [222/324] JBCS
[22:06:42] [223/324] GXCK
[22:06:43] [224/324] USKO
[22:06:44] [225/324] GTEM
[22:06:44] [226/324] SMBU
[22:06:45] [227/324] VETC
[22:06:46] [228/324] LCDA
[22:06:47] [229/324] MTVT
[22:06:48] [230/324] PYCP
[22:06:50] [231/324] PNSC
[22:06:51] [232/324] PPCC
[22:06:52] [233/324] TGRT
[22:06:53] [234/324] JYOT
[22:06:54] [235/324] SRCZ
[22:06:55] [236/324] SJTE
[22:06:56] [237/324] DESC
[22:06:56] [238/324] JHVN
[22:06:57] [239/324] IPSG
[22:06:58] [240/324] IPCM
[22:06:59] [241/324] PDRS
[22:07:00] [242/324] ANCV
[22:07:00] [243/324] CMVV
[22:07:01] [244/324] SHYP
[22:07:02] [245/324] DNCS
[22:07:03] [246/324] GAJK
[22:07:04] [247/324] AKTN
[22:07:05] [248/324] KAYA
[22:07:06] [249/324] SBRC
[22:07:06] [250/324] CHTP
[22:07:07] [251/324] SHRT
[22:07:08] [252/324] BCKU
[22:07:09] [253/324] FCPS
[22:07:10] [254/324] ARDD
[22:07:11] [255/324] CPCM
[22:07:11] [256/324] CGSM
[22:07:12] [257/324] PSMP
[22:07:13] [258/324] SDAL
[22:07:14] [259/324] RTNB
[22:07:14] [260/324] LMCR
[22:07:15] [261/324] CIMA
[22:07:16] [262/324] RNAS
[22:07:17] [263/324] LITH
[22:07:18] [264/324] PBOX
[22:07:19] [265/324] FRTS
[22:07:21] [266/324] RKIC
[22:07:21] [267/324] PTAI
[22:07:22] [268/324] GCIC
[22:07:23] [269/324] FNAS
[22:07:24] [270/324] SCAR
[22:07:25] [271/324] MTCA
[22:07:26] [272/324] SCTS
[22:07:26] [273/324] SYCS
[22:07:27] [274/324] RDMS
[22:07:28] [275/324] KAMP
[22:07:29] [276/324] ERSD
[22:07:30] [277/324] MJMJ
[22:07:31] [278/324] SRCJ
[22:07:31] [279/324] SCXE
[22:07:32] [280/324] SVFR
[22:07:33] [281/324] BHCS
[22:07:34] [282/324] IMCC
[22:07:36] [283/324] PCBO
[22:07:37] [284/324] PRVN
[22:07:38] [285/324] AUPM
[22:07:39] [286/324] INBW
[22:07:39] [287/324] SVCW
[22:07:41] [288/324] RKCF
[22:07:42] [289/324] UVBH
[22:07:43] [290/324] DNCY
[22:07:44] [291/324] ABCN
[22:07:44] [292/324] PRUR
[22:07:45] [293/324] PFMR
[22:07:46] [294/324] RKCN
[22:07:47] [295/324] CFEA
[22:07:47] [296/324] SDBG
[22:07:48] [297/324] SNAR
[22:07:49] [298/324] YISI
[22:07:49] [299/324] JCFF
[22:07:50] [300/324] VTRK
[22:07:51] [301/324] PCLZ
[22:07:52] [302/324] DIMY
[22:07:53] [303/324] BBTS
[22:07:54] [304/324] GATH
[22:07:55] [305/324] GTMN
[22:07:56] [306/324] VTMH
[22:07:56] [307/324] CCKP
[22:07:57] [308/324] GPKA
[22:07:58] [309/324] MHCL
[22:07:59] [310/324] ATCL
[22:07:59] [311/324] SBCK
[22:08:00] [312/324] AMMR
[22:08:01] [313/324] MADC
[22:08:02] [314/324] TMMA
[22:08:03] [315/324] CACC
[22:08:04] [316/324] CHAL
[22:08:04] [317/324] DURG
[22:08:05] [318/324] GMKU
[22:08:06] [319/324] GECA
[22:08:07] [320/324] KYRR
[22:08:08] [321/324] KSDE
[22:08:09] [322/324] LMCI
[22:08:09] [323/324] NKCP
[22:08:10] [324/324] BGTC
[22:08:11] 🧹 Deduping shows
[22:08:11] ✅ DONE | Shows=1139 | Movies=47
