[00:03:59] 🚀 BMS DAILY TRACKER STARTED
[00:03:59] [1/459] FNDB
[00:03:59] 🧠 New identity
[00:04:00] [2/459] AMBH
[00:04:01] [3/459] PRHN
[00:04:02] [4/459] ACPM
[00:04:03] [5/459] PVFS
[00:04:04] [6/459] AACN
[00:04:04] [7/459] ACAS
[00:04:05] [8/459] CTNR
[00:04:06] [9/459] MMAH
[00:04:07] [10/459] CPMH
[00:04:08] [11/459] IGMH
[00:04:09] [12/459] ABCS
[00:04:09] [13/459] CMMA
[00:04:10] [14/459] GPRH
[00:04:11] [15/459] PNNG
[00:04:12] [16/459] AMCA
[00:04:13] [17/459] ISTN
[00:04:14] [18/459] PIIC
[00:04:15] [19/459] AHMH
[00:04:16] [20/459] ASHN
[00:04:17] [21/459] INHY
[00:04:18] [22/459] SRMO
[00:04:19] [23/459] PIMH
[00:04:20] [24/459] PVTS
[00:04:21] [25/459] MMCA
[00:04:22] [26/459] AKYJ
[00:04:23] [27/459] BRKH
[00:04:23] [28/459] MAHM
[00:04:24] [29/459] CPHY
[00:04:25] [30/459] PVTP
[00:04:26] [31/459] SMMR
[00:04:27] [32/459] PVHM
[00:04:28] [33/459] SNDY
[00:04:28] [34/459] GOKU
[00:04:29] [35/459] ACEV
[00:04:31] [36/459] PVUM
[00:04:31] [37/459] VSWA
[00:04:32] [38/459] IPRS
[00:04:33] [39/459] ASGN
[00:04:34] [40/459] BKMV
[00:04:35] [41/459] PVYH
[00:04:35] [42/459] INKM
[00:04:37] [43/459] ARJU
[00:04:38] [44/459] JJPP
[00:04:39] [45/459] SSRM
[00:04:40] [46/459] HMHD
[00:04:40] [47/459] SNKH
[00:04:42] [48/459] ACHI
[00:04:43] [49/459] MRAA
[00:04:44] [50/459] INMH
[00:04:45] [51/459] ARMH
[00:04:46] [52/459] DVRR
[00:04:47] [53/459] SUDA
[00:04:48] [54/459] MCSS
[00:04:49] [55/459] VRKC
[00:04:50] [56/459] PRCX
[00:04:51] [57/459] ASJY
[00:04:52] [58/459] MTHY
[00:04:53] [59/459] SRCM
[00:04:54] [60/459] TVHY
[00:04:55] [61/459] STHD
[00:04:56] [62/459] CPCL
[00:04:57] [63/459] PSMJ
[00:04:58] [64/459] MRGT
[00:04:58] [65/459] ARYH
[00:04:59] [66/459] VTRB
[00:05:01] [67/459] SCHC
[00:05:01] [68/459] MRRG
[00:05:02] [69/459] SPCB
[00:05:03] [70/459] AMCM
[00:05:04] [71/459] IVNM
[00:05:05] [72/459] TRHY
[00:05:06] [73/459] PTTH
[00:05:07] [74/459] RKMH
[00:05:08] [75/459] PRCS
[00:05:08] [76/459] VAJA
[00:05:09] [77/459] BJNG
[00:05:10] [78/459] SCVM
[00:05:11] [79/459] GNHB
[00:05:12] [80/459] TLUR
[00:05:13] [81/459] UKCC
[00:05:14] [82/459] SRKR
[00:05:14] [83/459] RMKN
[00:05:15] [84/459] SLRT
[00:05:16] [85/459] LKMT
[00:05:17] [86/459] SSRJ
[00:05:19] [87/459] SPHT
[00:05:19] [88/459] ANTT
[00:05:21] [89/459] SRCH
[00:05:22] [90/459] SRCA
[00:05:22] [91/459] ARTH
[00:05:23] [92/459] MCBH
[00:05:24] [93/459] SNIB
[00:05:25] [94/459] SART
[00:05:26] [95/459] SKTA
[00:05:27] [96/459] YAKT
[00:05:28] [97/459] MLCK
[00:05:29] [98/459] ANTS
[00:05:29] [99/459] DGCA
[00:05:30] [100/459] SGMP
[00:05:31] [101/459] ASWN
[00:05:32] [102/459] KFVU
[00:05:33] [103/459] POOR
[00:05:34] [104/459] GKDN
[00:05:35] [105/459] EOSE
[00:05:36] [106/459] GTTT
[00:05:37] [107/459] ARRO
[00:05:38] [108/459] CMMK
[00:05:39] [109/459] MSCN
[00:05:40] [110/459] GDKH
[00:05:40] [111/459] DLMT
[00:05:41] [112/459] PVMF
[00:05:42] [113/459] CPCK
[00:05:43] [114/459] VMHE
[00:05:44] [115/459] PVLC
[00:05:46] [116/459] PCVB
[00:05:46] [117/459] SNYK
[00:05:47] [118/459] KTEK
[00:05:48] [119/459] PCNM
[00:05:49] [120/459] NTTR
[00:05:50] [121/459] CPSK
[00:05:51] [122/459] JMMA
[00:05:52] [123/459] GCFK
[00:05:53] [124/459] MYCA
[00:05:53] [125/459] KSNP
[00:05:55] [126/459] PMCE
[00:05:56] [127/459] SCKI
[00:05:56] [128/459] FSMA
[00:05:57] [129/459] CETA
[00:05:58] [130/459] MCIK
[00:05:59] [131/459] MYCR
[00:06:00] [132/459] EVMP
[00:06:01] [133/459] SSGT
[00:06:02] [134/459] KCTK
[00:06:03] [135/459] ZTKC
[00:06:04] [136/459] MMTA
[00:06:05] [137/459] MAJT
[00:06:06] [138/459] ACPK
[00:06:07] [139/459] JMAX
[00:06:08] [140/459] SETK
[00:06:09] [141/459] CAIS
[00:06:09] [142/459] AGCD
[00:06:10] [143/459] URCL
[00:06:11] [144/459] VTDS
[00:06:12] [145/459] JCNM
[00:06:13] [146/459] KCAM
[00:06:14] [147/459] ADCU
[00:06:14] [148/459] GXYN
[00:06:15] [149/459] SMJG
[00:06:16] [150/459] EYCJ
[00:06:17] [151/459] CCEJ
[00:06:18] [152/459] MARS
[00:06:19] [153/459] CPVJ
[00:06:20] [154/459] INVP
[00:06:21] [155/459] CPOV
[00:06:21] [156/459] VIJK
[00:06:23] [157/459] LAIM
[00:06:24] [158/459] STHV
[00:06:25] [159/459] SVLJ
[00:06:25] [160/459] ATVJ
[00:06:26] [161/459] JTSC
[00:06:27] [162/459] RMTV
[00:06:28] [163/459] MGGG
[00:06:29] [164/459] SWTH
[00:06:30] [165/459] INVJ
[00:06:30] [166/459] PRSV
[00:06:32] [167/459] JATV
[00:06:32] [168/459] RCVD
[00:06:33] [169/459] BDMA
[00:06:35] [170/459] BLJI
[00:06:36] [171/459] SWOT
[00:06:37] [172/459] SWRN
[00:06:38] [173/459] TVRA
[00:06:39] [174/459] VCSV
[00:06:40] [175/459] NVRN
[00:06:40] [176/459] SIKC
[00:06:41] [177/459] VAKR
[00:06:42] [178/459] SYLN
[00:06:43] [179/459] KLJL
[00:06:44] [180/459] LKMY
[00:06:45] [181/459] VSLY
[00:06:45] [182/459] CIKO
[00:06:46] [183/459] GPBG
[00:06:47] [184/459] CECM
[00:06:48] [185/459] SLKB
[00:06:49] [186/459] MTBO
[00:06:51] [187/459] SSHB
[00:06:51] [188/459] VPCS
[00:06:52] [189/459] RCSR
[00:06:53] [190/459] RJRM
[00:06:54] [191/459] KPPB
[00:06:55] [192/459] SEDC
[00:06:56] [193/459] SCAI
[00:06:56] [194/459] RMTR
[00:06:57] [195/459] ASST
[00:06:58] [196/459] GCAK
[00:06:59] [197/459] ANNK
[00:06:59] [198/459] KDDF
[00:07:00] [199/459] NRDP
[00:07:01] [200/459] PLAK
[00:07:02] [201/459] GCMC
[00:07:03] [202/459] ALPY
[00:07:04] [203/459] SICE
[00:07:05] [204/459] SISR
[00:07:06] [205/459] SRPZ
[00:07:06] [206/459] SRSW
[00:07:07] [207/459] SUYA
[00:07:08] [208/459] AMMT
[00:07:09] [209/459] BHCU
[00:07:10] [210/459] KLPA
[00:07:11] [211/459] NVKH
[00:07:12] [212/459] JMRC
[00:07:13] [213/459] KTTT
[00:07:14] [214/459] MAGH
[00:07:15] [215/459] MMMX
[00:07:16] [216/459] SALJ
[00:07:17] [217/459] GTJA
[00:07:18] [218/459] MAHT
[00:07:19] [219/459] SSNN
[00:07:20] [220/459] ARRP
[00:07:21] [221/459] ATNS
[00:07:22] [222/459] SKDT
[00:07:23] [223/459] ACAT
[00:07:24] [224/459] APRC
[00:07:25] [225/459] SWAG
[00:07:26] [226/459] SDPT
[00:07:26] [227/459] STPS
[00:07:27] [228/459] WWCZ
[00:07:28] [229/459] LLCH
[00:07:29] [230/459] MZHA
[00:07:29] [231/459] CRJG
[00:07:30] [232/459] JGTK
[00:07:31] [233/459] KCSR
[00:07:32] [234/459] CHTL
[00:07:33] [235/459] EDSR
[00:07:33] [236/459] CSWO
[00:07:34] [237/459] CPVM
[00:07:35] [238/459] MXBY
[00:07:36] [239/459] FMMA
[00:07:37] [240/459] POVI
[00:07:38] [241/459] MTHB
[00:07:39] [242/459] INRC
[00:07:40] [243/459] PIPP
[00:07:41] [244/459] BMXC
[00:07:42] [245/459] PCMM
[00:07:42] [246/459] PMKM
[00:07:43] [247/459] GATY
[00:07:44] [248/459] IMCM
[00:07:45] [249/459] POPE
[00:07:46] [250/459] MTCR
[00:07:47] [251/459] PVAE
[00:07:48] [252/459] PVMI
[00:07:49] [253/459] CPNM
[00:07:50] [254/459] FMRL
[00:07:51] [255/459] MCIW
[00:07:53] [256/459] MXBO
[00:07:53] [257/459] FMKY
[00:07:55] [258/459] FMDA
[00:07:56] [259/459] THAB
[00:07:57] [260/459] PRCW
[00:07:58] [261/459] PITI
[00:07:59] [262/459] MCFF
[00:08:00] [263/459] PDDV
[00:08:01] [264/459] MCRM
[00:08:02] [265/459] KKMB
[00:08:03] [266/459] INKO
[00:08:03] [267/459] PLXP
[00:08:04] [268/459] MMHA
[00:08:05] [269/459] FMVS
[00:08:06] [270/459] POLM
[00:08:07] [271/459] STER
[00:08:08] [272/459] PVWJ
[00:08:09] [273/459] IMJW
[00:08:10] [274/459] FNAN
[00:08:10] [275/459] CAGL
[00:08:11] [276/459] IPBG
[00:08:12] [277/459] SMFV
[00:08:13] [278/459] MMMR
[00:08:14] [279/459] MMWM
[00:08:15] [280/459] FNCM
[00:08:15] [281/459] MDVA
[00:08:16] [282/459] MMET
[00:08:17] [283/459] MIDO
[00:08:18] [284/459] INNP
[00:08:19] [285/459] MIFU
[00:08:20] [286/459] MMSZ
[00:08:21] [287/459] BMXA
[00:08:22] [288/459] MCAA
[00:08:23] [289/459] SCVP
[00:08:24] [290/459] PLUS
[00:08:25] [291/459] MUCK
[00:08:27] [292/459] MTMA
[00:08:27] [293/459] HPVR
[00:08:28] [294/459] PMPK
[00:08:29] [295/459] MAJB
[00:08:30] [296/459] CTRR
[00:08:31] [297/459] MCTG
[00:08:32] [298/459] MACE
[00:08:33] [299/459] AAAS
[00:08:34] [300/459] CPVV
[00:08:35] [301/459] RCHG
[00:08:36] [302/459] MCNE
[00:08:37] [303/459] EMNC
[00:08:37] [304/459] MCAN
[00:08:38] [305/459] TCDM
[00:08:39] [306/459] IRGT
[00:08:40] [307/459] GCMG
[00:08:41] [308/459] MXSN
[00:08:42] [309/459] MXCK
[00:08:43] [310/459] MCRC
[00:08:44] [311/459] RSMI
[00:08:44] [312/459] WAML
[00:08:45] [313/459] MTSC
[00:08:46] [314/459] FMDR
[00:08:47] [315/459] LEPV
[00:08:48] [316/459] MTGD
[00:08:49] [317/459] IMOB
[00:08:50] [318/459] CLMM
[00:08:51] [319/459] PZCD
[00:08:52] [320/459] GOCS
[00:08:53] [321/459] KCMA
[00:08:54] [322/459] CCMP
[00:08:54] [323/459] MTSU
[00:08:56] [324/459] SNGL
[00:08:57] [325/459] MMMC
[00:08:58] [326/459] MMAA
[00:08:59] [327/459] GCDM
[00:09:00] [328/459] KTMV
[00:09:01] [329/459] AETE
[00:09:02] [330/459] OMCS
[00:09:03] [331/459] GDCD
[00:09:04] [332/459] NYMD
[00:09:04] [333/459] RNCV
[00:09:05] [334/459] KKMT
[00:09:06] [335/459] GDTH
[00:09:07] [336/459] KMMV
[00:09:08] [337/459] NHCG
[00:09:09] [338/459] PJDW
[00:09:10] [339/459] MMCV
[00:09:11] [340/459] FQSA
[00:09:12] [341/459] KURL
[00:09:12] [342/459] NNNX
[00:09:13] [343/459] AMAU
[00:09:14] [344/459] VVVM
[00:09:15] [345/459] VECU
[00:09:16] [346/459] WCVR
[00:09:17] [347/459] MTGG
[00:09:18] [348/459] SGTG
[00:09:19] [349/459] MNTG
[00:09:20] [350/459] JDDG
[00:09:21] [351/459] MBTK
[00:09:22] [352/459] SGCD
[00:09:23] [353/459] MCTC
[00:09:24] [354/459] JTPC
[00:09:24] [355/459] SDKT
[00:09:26] [356/459] KRCC
[00:09:27] [357/459] RMMD
[00:09:28] [358/459] AAME
[00:09:29] [359/459] TMWC
[00:09:30] [360/459] NRWY
[00:09:30] [361/459] CITD
[00:09:31] [362/459] VERD
[00:09:32] [363/459] MKSK
[00:09:33] [364/459] STSM
[00:09:34] [365/459] MJDG
[00:09:34] [366/459] RKPM
[00:09:36] [367/459] SSCE
[00:09:36] [368/459] VMAE
[00:09:37] [369/459] SBRU
[00:09:38] [370/459] AMBC
[00:09:40] [371/459] AMLU
[00:09:41] [372/459] INVZ
[00:09:42] [373/459] LGTV
[00:09:42] [374/459] SVAD
[00:09:43] [375/459] SMSA
[00:09:44] [376/459] SPCZ
[00:09:45] [377/459] GTCX
[00:09:46] [378/459] SCSL
[00:09:47] [379/459] SAHU
[00:09:49] [380/459] NCDA
[00:09:50] [381/459] SCCG
[00:09:51] [382/459] VKTL
[00:09:52] [383/459] PUUJ
[00:09:53] [384/459] STEJ
[00:09:53] [385/459] RJAL
[00:09:54] [386/459] ACJC
[00:09:55] [387/459] VTHC
[00:09:56] [388/459] ARVB
[00:09:57] [389/459] AUBB
[00:09:58] [390/459] GDBR
[00:09:59] [391/459] PVND
[00:10:00] [392/459] BGRJ
[00:10:01] [393/459] RJMM
[00:10:02] [394/459] MCSA
[00:10:03] [395/459] BODA
[00:10:03] [396/459] JAGG
[00:10:04] [397/459] SCGA
[00:10:05] [398/459] LRCM
[00:10:06] [399/459] CPCN
[00:10:07] [400/459] SSTF
[00:10:08] [401/459] SRXP
[00:10:09] [402/459] CNFX
[00:10:10] [403/459] ANDI
[00:10:11] [404/459] SYEW
[00:10:11] [405/459] RCRE
[00:10:12] [406/459] SCRW
[00:10:13] [407/459] MBKR
[00:10:14] [408/459] ASNT
[00:10:15] [409/459] JTMT
[00:10:16] [410/459] SHAY
[00:10:17] [411/459] VRTH
[00:10:18] [412/459] SPTI
[00:10:18] [413/459] DPTD
[00:10:19] [414/459] TGSN
[00:10:20] [415/459] RCWV
[00:10:21] [416/459] OCUR
[00:10:22] [417/459] KSTC
[00:10:22] [418/459] SANI
[00:10:23] [419/459] MLCA
[00:10:24] [420/459] EGCA
[00:10:25] [421/459] SYSN
[00:10:26] [422/459] PKTA
[00:10:26] [423/459] PRCC
[00:10:27] [424/459] KSTR
[00:10:28] [425/459] SNTP
[00:10:29] [426/459] RCHA
[00:10:30] [427/459] SEEA
[00:10:30] [428/459] ALAT
[00:10:31] [429/459] AATV
[00:10:32] [430/459] RJTE
[00:10:33] [431/459] AAPP
[00:10:34] [432/459] PMMH
[00:10:35] [433/459] INRJ
[00:10:36] [434/459] SARB
[00:10:37] [435/459] PCJL
[00:10:38] [436/459] PFJJ
[00:10:39] [437/459] GRDC
[00:10:39] [438/459] BCBA
[00:10:40] [439/459] VIXL
[00:10:41] [440/459] CSTL
[00:10:42] [441/459] MTDK
[00:10:43] [442/459] TDAC
[00:10:44] [443/459] GTDN
[00:10:45] [444/459] TTDE
[00:10:46] [445/459] ASTS
[00:10:47] [446/459] CPNS
[00:10:48] [447/459] PVVW
[00:10:49] [448/459] USEB
[00:10:50] [449/459] DTYN
[00:10:51] [450/459] PVLE
[00:10:52] [451/459] CIPS
[00:10:52] [452/459] PAEG
[00:10:53] [453/459] PTCW
[00:10:54] [454/459] G3SR
[00:10:55] [455/459] PGND
[00:10:56] [456/459] INVM
[00:10:57] [457/459] SPIA
[00:10:58] [458/459] PCSN
[00:10:59] [459/459] PPGV
[00:11:00] ✅ DONE | Shows=0 | Movies=0
[00:48:39] 🚀 BMS DAILY TRACKER STARTED
[00:48:39] [1/459] FNDB
[00:48:39] 🧠 New identity
[00:48:40] [2/459] AMBH
[00:48:42] [3/459] PRHN
[00:48:43] [4/459] ACPM
[00:48:44] [5/459] PVFS
[00:48:44] [6/459] AACN
[00:48:45] [7/459] ACAS
[00:48:46] [8/459] CTNR
[00:48:47] [9/459] MMAH
[00:48:49] [10/459] CPMH
[00:48:49] [11/459] IGMH
[00:48:50] [12/459] ABCS
[00:48:52] [13/459] CMMA
[00:48:53] [14/459] GPRH
[00:48:54] [15/459] PNNG
[00:48:55] [16/459] AMCA
[00:48:56] [17/459] ISTN
[00:48:56] [18/459] PIIC
[00:48:58] [19/459] AHMH
[00:48:59] [20/459] ASHN
[00:49:00] [21/459] INHY
[00:49:00] [22/459] SRMO
[00:49:02] [23/459] PIMH
[00:49:04] [24/459] PVTS
[00:49:05] [25/459] MMCA
[00:49:06] [26/459] AKYJ
[00:49:07] [27/459] BRKH
[00:49:08] [28/459] MAHM
[00:49:09] [29/459] CPHY
[00:49:11] [30/459] PVTP
[00:49:13] [31/459] SMMR
[00:49:14] [32/459] PVHM
[00:49:14] [33/459] SNDY
[00:49:15] [34/459] GOKU
[00:49:17] [35/459] ACEV
[00:49:18] [36/459] PVUM
[00:49:19] [37/459] VSWA
[00:49:20] [38/459] IPRS
[00:49:20] [39/459] ASGN
[00:49:21] [40/459] BKMV
[00:49:23] [41/459] PVYH
[00:49:24] [42/459] INKM
[00:49:25] [43/459] ARJU
[00:49:26] [44/459] JJPP
[00:49:27] [45/459] SSRM
[00:49:27] [46/459] HMHD
[00:49:28] [47/459] SNKH
[00:49:30] [48/459] ACHI
[00:49:32] [49/459] MRAA
[00:49:32] [50/459] INMH
[00:49:34] [51/459] ARMH
[00:49:35] [52/459] DVRR
[00:49:36] [53/459] SUDA
[00:49:37] [54/459] MCSS
[00:49:38] [55/459] VRKC
[00:49:39] [56/459] PRCX
[00:49:40] [57/459] ASJY
[00:49:41] [58/459] MTHY
[00:49:42] [59/459] SRCM
[00:49:43] [60/459] TVHY
[00:49:44] [61/459] STHD
[00:49:45] [62/459] CPCL
[00:49:46] [63/459] PSMJ
[00:49:47] [64/459] MRGT
[00:49:48] [65/459] ARYH
[00:49:48] [66/459] VTRB
[00:49:49] [67/459] SCHC
[00:49:50] [68/459] MRRG
[00:49:51] [69/459] SPCB
[00:49:52] [70/459] AMCM
[00:49:53] [71/459] IVNM
[00:49:55] [72/459] TRHY
[00:49:56] [73/459] PTTH
[00:49:57] [74/459] RKMH
[00:49:59] [75/459] PRCS
[00:49:59] [76/459] VAJA
[00:50:00] [77/459] BJNG
[00:50:01] [78/459] SCVM
[00:50:02] [79/459] GNHB
[00:50:03] [80/459] TLUR
[00:50:04] [81/459] UKCC
[00:50:06] [82/459] SRKR
[00:50:06] [83/459] RMKN
[00:50:07] [84/459] SLRT
[00:50:08] [85/459] LKMT
[00:50:09] [86/459] SSRJ
[00:50:10] [87/459] SPHT
[00:50:11] [88/459] ANTT
[00:50:12] [89/459] SRCH
[00:50:13] [90/459] SRCA
[00:50:13] [91/459] ARTH
[00:50:14] [92/459] MCBH
[00:50:15] [93/459] SNIB
[00:50:16] [94/459] SART
[00:50:17] [95/459] SKTA
[00:50:19] [96/459] YAKT
[00:50:20] [97/459] MLCK
[00:50:21] [98/459] ANTS
[00:50:22] [99/459] DGCA
[00:50:23] [100/459] SGMP
[00:50:24] [101/459] ASWN
[00:50:25] [102/459] KFVU
[00:50:26] [103/459] POOR
[00:50:27] [104/459] GKDN
[00:50:28] [105/459] EOSE
[00:50:29] [106/459] GTTT
[00:50:30] [107/459] ARRO
[00:50:31] [108/459] CMMK
[00:50:33] [109/459] MSCN
[00:50:34] [110/459] GDKH
[00:50:35] [111/459] DLMT
[00:50:36] [112/459] PVMF
[00:50:36] [113/459] CPCK
[00:50:37] [114/459] VMHE
[00:50:38] [115/459] PVLC
[00:50:40] [116/459] PCVB
[00:50:41] [117/459] SNYK
[00:50:42] [118/459] KTEK
[00:50:43] [119/459] PCNM
[00:50:43] [120/459] NTTR
[00:50:44] [121/459] CPSK
[00:50:46] [122/459] JMMA
[00:50:47] [123/459] GCFK
[00:50:49] [124/459] MYCA
[00:50:49] [125/459] KSNP
[00:50:50] [126/459] PMCE
[00:50:52] [127/459] SCKI
[00:50:52] [128/459] FSMA
[00:50:53] [129/459] CETA
[00:50:54] [130/459] MCIK
[00:50:55] [131/459] MYCR
[00:50:57] [132/459] EVMP
[00:50:57] [133/459] SSGT
[00:50:58] [134/459] KCTK
[00:50:59] [135/459] ZTKC
[00:51:00] [136/459] MMTA
[00:51:01] [137/459] MAJT
[00:51:01] [138/459] ACPK
[00:51:02] [139/459] JMAX
[00:51:03] [140/459] SETK
[00:51:04] [141/459] CAIS
[00:51:05] [142/459] AGCD
[00:51:05] [143/459] URCL
[00:51:06] [144/459] VTDS
[00:51:08] [145/459] JCNM
[00:51:09] [146/459] KCAM
[00:51:10] [147/459] ADCU
[00:51:11] [148/459] GXYN
[00:51:12] [149/459] SMJG
[00:51:13] [150/459] EYCJ
[00:51:14] [151/459] CCEJ
[00:51:16] [152/459] MARS
[00:51:16] [153/459] CPVJ
[00:51:17] [154/459] INVP
[00:51:18] [155/459] CPOV
[00:51:19] [156/459] VIJK
[00:51:20] [157/459] LAIM
[00:51:20] [158/459] STHV
[00:51:21] [159/459] SVLJ
[00:51:22] [160/459] ATVJ
[00:51:23] [161/459] JTSC
[00:51:24] [162/459] RMTV
[00:51:25] [163/459] MGGG
[00:51:27] [164/459] SWTH
[00:51:28] [165/459] INVJ
[00:51:30] [166/459] PRSV
[00:51:30] [167/459] JATV
[00:51:32] [168/459] RCVD
[00:51:33] [169/459] BDMA
[00:51:34] [170/459] BLJI
[00:51:34] [171/459] SWOT
[00:51:35] [172/459] SWRN
[00:51:36] [173/459] TVRA
[00:51:37] [174/459] VCSV
[00:51:38] [175/459] NVRN
[00:51:39] [176/459] SIKC
[00:51:41] [177/459] VAKR
[00:51:43] [178/459] SYLN
[00:51:44] [179/459] KLJL
[00:51:45] [180/459] LKMY
[00:51:45] [181/459] VSLY
[00:51:47] [182/459] CIKO
[00:51:48] [183/459] GPBG
[00:51:49] [184/459] CECM
[00:51:49] [185/459] SLKB
[00:51:50] [186/459] MTBO
[00:51:51] [187/459] SSHB
[00:51:52] [188/459] VPCS
[00:51:53] [189/459] RCSR
[00:51:54] [190/459] RJRM
[00:51:54] [191/459] KPPB
[00:51:55] [192/459] SEDC
[00:51:57] [193/459] SCAI
[00:51:59] [194/459] RMTR
[00:52:00] [195/459] ASST
[00:52:00] [196/459] GCAK
[00:52:01] [197/459] ANNK
[00:52:02] [198/459] KDDF
[00:52:03] [199/459] NRDP
[00:52:04] [200/459] PLAK
[00:52:04] [201/459] GCMC
[00:52:06] [202/459] ALPY
[00:52:07] [203/459] SICE
[00:52:08] [204/459] SISR
[00:52:09] [205/459] SRPZ
[00:52:09] [206/459] SRSW
[00:52:11] [207/459] SUYA
[00:52:12] [208/459] AMMT
[00:52:13] [209/459] BHCU
[00:52:14] [210/459] KLPA
[00:52:15] [211/459] NVKH
[00:52:17] [212/459] JMRC
[00:52:17] [213/459] KTTT
[00:52:18] [214/459] MAGH
[00:52:20] [215/459] MMMX
[00:52:22] [216/459] SALJ
[00:52:23] [217/459] GTJA
[00:52:24] [218/459] MAHT
[00:52:25] [219/459] SSNN
[00:52:26] [220/459] ARRP
[00:52:27] [221/459] ATNS
[00:52:28] [222/459] SKDT
[00:52:29] [223/459] ACAT
[00:52:30] [224/459] APRC
[00:52:31] [225/459] SWAG
[00:52:32] [226/459] SDPT
[00:52:33] [227/459] STPS
[00:52:34] [228/459] WWCZ
[00:52:35] [229/459] LLCH
[00:52:36] [230/459] MZHA
[00:52:37] [231/459] CRJG
[00:52:37] [232/459] JGTK
[00:52:38] [233/459] KCSR
[00:52:39] [234/459] CHTL
[00:52:40] [235/459] EDSR
[00:52:41] [236/459] CSWO
[00:52:42] [237/459] CPVM
[00:52:43] [238/459] MXBY
[00:52:44] [239/459] FMMA
[00:52:44] [240/459] POVI
[00:52:45] [241/459] MTHB
[00:52:46] [242/459] INRC
[00:52:47] [243/459] PIPP
[00:52:48] [244/459] BMXC
[00:52:49] [245/459] PCMM
[00:52:50] [246/459] PMKM
[00:52:51] [247/459] GATY
[00:52:51] [248/459] IMCM
[00:52:52] [249/459] POPE
[00:52:53] [250/459] MTCR
[00:52:54] [251/459] PVAE
[00:52:55] [252/459] PVMI
[00:52:56] [253/459] CPNM
[00:52:56] [254/459] FMRL
[00:52:57] [255/459] MCIW
[00:52:58] [256/459] MXBO
[00:52:59] [257/459] FMKY
[00:53:00] [258/459] FMDA
[00:53:01] [259/459] THAB
[00:53:03] [260/459] PRCW
[00:53:04] [261/459] PITI
[00:53:05] [262/459] MCFF
[00:53:06] [263/459] PDDV
[00:53:06] [264/459] MCRM
[00:53:08] [265/459] KKMB
[00:53:09] [266/459] INKO
[00:53:10] [267/459] PLXP
[00:53:11] [268/459] MMHA
[00:53:12] [269/459] FMVS
[00:53:13] [270/459] POLM
[00:53:14] [271/459] STER
[00:53:15] [272/459] PVWJ
[00:53:16] [273/459] IMJW
[00:53:16] [274/459] FNAN
[00:53:18] [275/459] CAGL
[00:53:19] [276/459] IPBG
[00:53:19] [277/459] SMFV
[00:53:20] [278/459] MMMR
[00:53:22] [279/459] MMWM
[00:53:23] [280/459] FNCM
[00:53:24] [281/459] MDVA
[00:53:25] [282/459] MMET
[00:53:27] [283/459] MIDO
[00:53:28] [284/459] INNP
[00:53:28] [285/459] MIFU
[00:53:29] [286/459] MMSZ
[00:53:31] [287/459] BMXA
[00:53:33] [288/459] MCAA
[00:53:34] [289/459] SCVP
[00:53:35] [290/459] PLUS
[00:53:36] [291/459] MUCK
[00:53:37] [292/459] MTMA
[00:53:38] [293/459] HPVR
[00:53:40] [294/459] PMPK
[00:53:41] [295/459] MAJB
[00:53:42] [296/459] CTRR
[00:53:43] [297/459] MCTG
[00:53:44] [298/459] MACE
[00:53:45] [299/459] AAAS
[00:53:45] [300/459] CPVV
[00:53:46] [301/459] RCHG
[00:53:47] [302/459] MCNE
[00:53:49] [303/459] EMNC
[00:53:50] [304/459] MCAN
[00:53:51] [305/459] TCDM
[00:53:52] [306/459] IRGT
[00:53:53] [307/459] GCMG
[00:53:54] [308/459] MXSN
[00:53:55] [309/459] MXCK
[00:53:56] [310/459] MCRC
[00:53:56] [311/459] RSMI
[00:53:58] [312/459] WAML
[00:53:59] [313/459] MTSC
[00:54:01] [314/459] FMDR
[00:54:01] [315/459] LEPV
[00:54:02] [316/459] MTGD
[00:54:03] [317/459] IMOB
[00:54:04] [318/459] CLMM
[00:54:05] [319/459] PZCD
[00:54:07] [320/459] GOCS
[00:54:07] [321/459] KCMA
[00:54:09] [322/459] CCMP
[00:54:10] [323/459] MTSU
[00:54:11] [324/459] SNGL
[00:54:12] [325/459] MMMC
[00:54:13] [326/459] MMAA
[00:54:14] [327/459] GCDM
[00:54:15] [328/459] KTMV
[00:54:16] [329/459] AETE
[00:54:18] [330/459] OMCS
[00:54:19] [331/459] GDCD
[00:54:20] [332/459] NYMD
[00:54:21] [333/459] RNCV
[00:54:22] [334/459] KKMT
[00:54:23] [335/459] GDTH
[00:54:24] [336/459] KMMV
[00:54:25] [337/459] NHCG
[00:54:26] [338/459] PJDW
[00:54:27] [339/459] MMCV
[00:54:29] [340/459] FQSA
[00:54:30] [341/459] KURL
[00:54:31] [342/459] NNNX
[00:54:32] [343/459] AMAU
[00:54:33] [344/459] VVVM
[00:54:33] [345/459] VECU
[00:54:34] [346/459] WCVR
[00:54:35] [347/459] MTGG
[00:54:36] [348/459] SGTG
[00:54:37] [349/459] MNTG
[00:54:38] [350/459] JDDG
[00:54:38] [351/459] MBTK
[00:54:39] [352/459] SGCD
[00:54:40] [353/459] MCTC
[00:54:42] [354/459] JTPC
[00:54:44] [355/459] SDKT
[00:54:45] [356/459] KRCC
[00:54:46] [357/459] RMMD
[00:54:47] [358/459] AAME
[00:54:49] [359/459] TMWC
[00:54:50] [360/459] NRWY
[00:54:50] [361/459] CITD
[00:54:51] [362/459] VERD
[00:54:52] [363/459] MKSK
[00:54:53] [364/459] STSM
[00:54:54] [365/459] MJDG
[00:54:56] [366/459] RKPM
[00:54:57] [367/459] SSCE
[00:54:57] [368/459] VMAE
[00:54:58] [369/459] SBRU
[00:54:59] [370/459] AMBC
[00:55:00] [371/459] AMLU
[00:55:01] [372/459] INVZ
[00:55:02] [373/459] LGTV
[00:55:03] [374/459] SVAD
[00:55:04] [375/459] SMSA
[00:55:05] [376/459] SPCZ
[00:55:07] [377/459] GTCX
[00:55:08] [378/459] SCSL
[00:55:09] [379/459] SAHU
[00:55:11] [380/459] NCDA
[00:55:12] [381/459] SCCG
[00:55:14] [382/459] VKTL
[00:55:15] [383/459] PUUJ
[00:55:16] [384/459] STEJ
[00:55:18] [385/459] RJAL
[00:55:19] [386/459] ACJC
[00:55:20] [387/459] VTHC
[00:55:21] [388/459] ARVB
[00:55:22] [389/459] AUBB
[00:55:23] [390/459] GDBR
[00:55:24] [391/459] PVND
[00:55:25] [392/459] BGRJ
[00:55:27] [393/459] RJMM
[00:55:28] [394/459] MCSA
[00:55:29] [395/459] BODA
[00:55:29] [396/459] JAGG
[00:55:31] [397/459] SCGA
[00:55:32] [398/459] LRCM
[00:55:33] [399/459] CPCN
[00:55:34] [400/459] SSTF
[00:55:34] [401/459] SRXP
[00:55:35] [402/459] CNFX
[00:55:36] [403/459] ANDI
[00:55:37] [404/459] SYEW
[00:55:37] [405/459] RCRE
[00:55:38] [406/459] SCRW
[00:55:39] [407/459] MBKR
[00:55:40] [408/459] ASNT
[00:55:42] [409/459] JTMT
[00:55:43] [410/459] SHAY
[00:55:43] [411/459] VRTH
[00:55:45] [412/459] SPTI
[00:55:46] [413/459] DPTD
[00:55:48] [414/459] TGSN
[00:55:49] [415/459] RCWV
[00:55:50] [416/459] OCUR
[00:55:50] [417/459] KSTC
[00:55:52] [418/459] SANI
[00:55:53] [419/459] MLCA
[00:55:53] [420/459] EGCA
[00:55:55] [421/459] SYSN
[00:55:56] [422/459] PKTA
[00:55:57] [423/459] PRCC
[00:55:58] [424/459] KSTR
[00:55:59] [425/459] SNTP
[00:56:00] [426/459] RCHA
[00:56:01] [427/459] SEEA
[00:56:02] [428/459] ALAT
[00:56:02] [429/459] AATV
[00:56:03] [430/459] RJTE
[00:56:05] [431/459] AAPP
[00:56:06] [432/459] PMMH
[00:56:07] [433/459] INRJ
[00:56:08] [434/459] SARB
[00:56:09] [435/459] PCJL
[00:56:09] [436/459] PFJJ
[00:56:10] [437/459] GRDC
[00:56:11] [438/459] BCBA
[00:56:13] [439/459] VIXL
[00:56:15] [440/459] CSTL
[00:56:15] [441/459] MTDK
[00:56:16] [442/459] TDAC
[00:56:18] [443/459] GTDN
[00:56:19] [444/459] TTDE
[00:56:20] [445/459] ASTS
[00:56:21] [446/459] CPNS
[00:56:23] [447/459] PVVW
[00:56:23] [448/459] USEB
[00:56:24] [449/459] DTYN
[00:56:26] [450/459] PVLE
[00:56:27] [451/459] CIPS
[00:56:28] [452/459] PAEG
[00:56:29] [453/459] PTCW
[00:56:30] [454/459] G3SR
[00:56:32] [455/459] PGND
[00:56:32] [456/459] INVM
[00:56:34] [457/459] SPIA
[00:56:35] [458/459] PCSN
[00:56:36] [459/459] PPGV
[00:56:37] ✅ DONE | Shows=0 | Movies=0
