[00:03:58] 🚀 BMS DAILY TRACKER STARTED
[00:03:58] [1/445] TGMR
[00:03:58] 🧠 New identity
[00:04:00] [2/445] CXKR
[00:04:01] [3/445] SROP
[00:04:02] [4/445] GTSV
[00:04:03] [5/445] SNTY
[00:04:04] [6/445] SMYY
[00:04:05] [7/445] CNCS
[00:04:05] [8/445] CSTM
[00:04:06] [9/445] NUCD
[00:04:07] [10/445] SHCZ
[00:04:09] [11/445] NJCT
[00:04:10] [12/445] COPC
[00:04:10] [13/445] STVV
[00:04:11] [14/445] SKRN
[00:04:12] [15/445] APPZ
[00:04:13] [16/445] YMGN
[00:04:14] [17/445] SVTU
[00:04:15] [18/445] GTAD
[00:04:16] [19/445] PSUS
[00:04:17] [20/445] SMCD
[00:04:18] [21/445] CMCM
[00:04:19] [22/445] SYCT
[00:04:20] [23/445] STLY
[00:04:21] [24/445] CMHU
[00:04:22] [25/445] CMSA
[00:04:22] [26/445] CLCU
[00:04:23] [27/445] PPNT
[00:04:24] [28/445] JTAB
[00:04:25] [29/445] BUUC
[00:04:26] [30/445] BSVK
[00:04:27] [31/445] VVVQ
[00:04:28] [32/445] TKMU
[00:04:29] [33/445] ESYL
[00:04:29] [34/445] ACHP
[00:04:31] [35/445] BTKD
[00:04:32] [36/445] DESA
[00:04:33] [37/445] GBCT
[00:04:33] [38/445] BLLD
[00:04:34] [39/445] SKNT
[00:04:35] [40/445] SSTE
[00:04:36] [41/445] VJMR
[00:04:37] [42/445] NTPU
[00:04:38] [43/445] RDKN
[00:04:39] [44/445] ADGC
[00:04:39] [45/445] VRBP
[00:04:40] [46/445] NMNA
[00:04:42] [47/445] CMMX
[00:04:43] [48/445] PTKO
[00:04:44] [49/445] RBML
[00:04:44] [50/445] SAIC
[00:04:45] [51/445] SVTJ
[00:04:46] [52/445] MRTE
[00:04:47] [53/445] RBTP
[00:04:48] [54/445] NLPS
[00:04:48] [55/445] GTNA
[00:04:50] [56/445] DGGC
[00:04:51] [57/445] SMCR
[00:04:52] [58/445] SCGD
[00:04:53] [59/445] SRRJ
[00:04:54] [60/445] CNRY
[00:04:55] [61/445] KTDI
[00:04:55] [62/445] SNJL
[00:04:56] [63/445] RKMD
[00:04:57] [64/445] SMDC
[00:04:58] [65/445] TADG
[00:04:59] [66/445] MCGS
[00:05:00] [67/445] PETK
[00:05:01] [68/445] CHAG
[00:05:01] [69/445] KSTL
[00:05:02] [70/445] AADS
[00:05:03] [71/445] NTHZ
[00:05:04] [72/445] HCKI
[00:05:05] [73/445] SSEF
[00:05:07] [74/445] MCGX
[00:05:08] [75/445] ERRA
[00:05:08] [76/445] SDTW
[00:05:09] [77/445] RMPK
[00:05:10] [78/445] PTHK
[00:05:11] [79/445] PXCS
[00:05:12] [80/445] SVLU
[00:05:13] [81/445] STAH
[00:05:14] [82/445] JRGF
[00:05:15] [83/445] CDOK
[00:05:16] [84/445] CMSG
[00:05:17] [85/445] APTD
[00:05:18] [86/445] KMPG
[00:05:18] [87/445] MUTJ
[00:05:19] [88/445] VCCI
[00:05:20] [89/445] URBE
[00:05:21] [90/445] TCTS
[00:05:22] [91/445] STSN
[00:05:23] [92/445] AKCH
[00:05:24] [93/445] APSC
[00:05:25] [94/445] VLTB
[00:05:26] [95/445] SANU
[00:05:27] [96/445] AXAM
[00:05:28] [97/445] MGMG
[00:05:28] [98/445] HTBY
[00:05:29] [99/445] MMZS
[00:05:30] [100/445] SUDR
[00:05:31] [101/445] CCAD
[00:05:32] [102/445] SKKC
[00:05:33] [103/445] RMCD
[00:05:34] [104/445] SBCQ
[00:05:35] [105/445] DCCT
[00:05:35] [106/445] VTKP
[00:05:36] [107/445] MLAM
[00:05:37] [108/445] SAVT
[00:05:38] [109/445] GEPL
[00:05:38] [110/445] AMCD
[00:05:39] [111/445] CCXR
[00:05:40] [112/445] GRNG
[00:05:41] [113/445] EBCA
[00:05:42] [114/445] CNVG
[00:05:43] [115/445] MWSS
[00:05:43] [116/445] VBOR
[00:05:44] [117/445] NEEB
[00:05:45] [118/445] SUTH
[00:05:46] [119/445] ANDB
[00:05:47] [120/445] MMXS
[00:05:49] [121/445] CNPD
[00:05:49] [122/445] SDCE
[00:05:50] [123/445] DHCB
[00:05:51] [124/445] ODEN
[00:05:52] [125/445] TNTC
[00:05:53] [126/445] VBKM
[00:05:54] [127/445] RZYM
[00:05:55] [128/445] JEMC
[00:05:56] [129/445] CMAU
[00:05:56] [130/445] SIVP
[00:05:57] [131/445] ATAG
[00:05:58] [132/445] CHTM
[00:05:59] [133/445] AAEE
[00:06:00] [134/445] IWPM
[00:06:00] [135/445] KCMW
[00:06:01] [136/445] MCTD
[00:06:02] [137/445] SPWR
[00:06:03] [138/445] SDPO
[00:06:03] [139/445] PCSK
[00:06:04] [140/445] ACHV
[00:06:05] [141/445] SVLA
[00:06:06] [142/445] PICT
[00:06:07] [143/445] BXDR
[00:06:07] [144/445] SPWA
[00:06:08] [145/445] MCKO
[00:06:09] [146/445] RTHK
[00:06:10] [147/445] CCMF
[00:06:10] [148/445] MRGB
[00:06:11] [149/445] CPLC
[00:06:13] [150/445] RACD
[00:06:14] [151/445] ATKT
[00:06:15] [152/445] SARN
[00:06:16] [153/445] KKUI
[00:06:16] [154/445] RGCM
[00:06:17] [155/445] BRVP
[00:06:18] [156/445] HRSR
[00:06:19] [157/445] GKGM
[00:06:20] [158/445] TTCD
[00:06:20] [159/445] PTTI
[00:06:21] [160/445] MPTT
[00:06:23] [161/445] CVTT
[00:06:24] [162/445] PCXD
[00:06:25] [163/445] GCDC
[00:06:26] [164/445] CCCF
[00:06:26] [165/445] MRAD
[00:06:27] [166/445] CPLK
[00:06:28] [167/445] SATB
[00:06:29] [168/445] SNVG
[00:06:30] [169/445] JMBA
[00:06:30] [170/445] TEJA
[00:06:31] [171/445] STYO
[00:06:33] [172/445] JTBP
[00:06:34] [173/445] KRGD
[00:06:34] [174/445] SLJJ
[00:06:35] [175/445] SPTJ
[00:06:36] [176/445] SWJG
[00:06:37] [177/445] LKRT
[00:06:38] [178/445] KCKA
[00:06:38] [179/445] SNCR
[00:06:39] [180/445] SMKL
[00:06:40] [181/445] GCFA
[00:06:41] [182/445] DDCK
[00:06:42] [183/445] NCHJ
[00:06:42] [184/445] RDMA
[00:06:43] [185/445] SVSV
[00:06:44] [186/445] SCJG
[00:06:45] [187/445] VKLP
[00:06:45] [188/445] NWCC
[00:06:47] [189/445] VKNS
[00:06:48] [190/445] SDDP
[00:06:49] [191/445] ACSI
[00:06:49] [192/445] SATG
[00:06:50] [193/445] SCMW
[00:06:51] [194/445] LKTK
[00:06:52] [195/445] VCKV
[00:06:53] [196/445] KKPE
[00:06:54] [197/445] KIGH
[00:06:55] [198/445] SRPM
[00:06:55] [199/445] SCAH
[00:06:56] [200/445] MUTA
[00:06:57] [201/445] SEPU
[00:06:58] [202/445] INOA
[00:06:59] [203/445] BASK
[00:07:00] [204/445] NECB
[00:07:00] [205/445] GTTG
[00:07:02] [206/445] ASSA
[00:07:02] [207/445] ANCL
[00:07:03] [208/445] GCTI
[00:07:04] [209/445] RCTS
[00:07:05] [210/445] ACNL
[00:07:06] [211/445] MYCT
[00:07:07] [212/445] NMHT
[00:07:08] [213/445] MDIT
[00:07:09] [214/445] LATG
[00:07:09] [215/445] SMTY
[00:07:10] [216/445] CVCT
[00:07:11] [217/445] RAMB
[00:07:12] [218/445] TGMS
[00:07:13] [219/445] BHEL
[00:07:14] [220/445] SHCT
[00:07:15] [221/445] SVCT
[00:07:16] [222/445] MRIY
[00:07:17] [223/445] SARO
[00:07:18] [224/445] STCT
[00:07:19] [225/445] JKKC
[00:07:19] [226/445] PLTT
[00:07:20] [227/445] SRNT
[00:07:21] [228/445] YAST
[00:07:22] [229/445] PERL
[00:07:23] [230/445] CICM
[00:07:23] [231/445] MMTR
[00:07:24] [232/445] ABTK
[00:07:25] [233/445] ATYY
[00:07:26] [234/445] ASTK
[00:07:27] [235/445] VVCK
[00:07:28] [236/445] ATKY
[00:07:28] [237/445] GWEK
[00:07:29] [238/445] SVFH
[00:07:30] [239/445] SLTA
[00:07:32] [240/445] AASH
[00:07:33] [241/445] ACXB
[00:07:33] [242/445] SMTX
[00:07:34] [243/445] AZDH
[00:07:35] [244/445] CMMH
[00:07:36] [245/445] SCSZ
[00:07:37] [246/445] SCKP
[00:07:38] [247/445] NXTM
[00:07:39] [248/445] NWCS
[00:07:39] [249/445] CXMH
[00:07:41] [250/445] PCMA
[00:07:42] [251/445] SGCM
[00:07:43] [252/445] SDTU
[00:07:44] [253/445] MMVI
[00:07:45] [254/445] JKCM
[00:07:46] [255/445] VCMM
[00:07:47] [256/445] SYEE
[00:07:48] [257/445] VASD
[00:07:49] [258/445] BDRB
[00:07:50] [259/445] LASM
[00:07:51] [260/445] DCRL
[00:07:51] [261/445] DVPM
[00:07:52] [262/445] SBMJ
[00:07:53] [263/445] CBMU
[00:07:54] [264/445] IUBS
[00:07:55] [265/445] INAP
[00:07:56] [266/445] SRRC
[00:07:57] [267/445] SAGR
[00:07:58] [268/445] CPMJ
[00:07:59] [269/445] ATJL
[00:08:00] [270/445] NNTD
[00:08:01] [271/445] JHCJ
[00:08:02] [272/445] CMMP
[00:08:02] [273/445] RSDR
[00:08:03] [274/445] AMTI
[00:08:04] [275/445] NYSG
[00:08:05] [276/445] AVSG
[00:08:06] [277/445] SYTP
[00:08:07] [278/445] LARC
[00:08:07] [279/445] RJTP
[00:08:08] [280/445] LAKC
[00:08:09] [281/445] MCXE
[00:08:10] [282/445] CCZC
[00:08:11] [283/445] AVCH
[00:08:12] [284/445] CMBE
[00:08:13] [285/445] MRRC
[00:08:14] [286/445] PCPY
[00:08:15] [287/445] SRMH
[00:08:16] [288/445] SVGS
[00:08:17] [289/445] PCSE
[00:08:17] [290/445] SVFT
[00:08:18] [291/445] TNZP
[00:08:19] [292/445] ICTP
[00:08:20] [293/445] ACTZ
[00:08:21] [294/445] GTUR
[00:08:22] [295/445] MAFC
[00:08:23] [296/445] MINL
[00:08:24] [297/445] MRCL
[00:08:25] [298/445] RCRP
[00:08:26] [299/445] RFFG
[00:08:26] [300/445] RMAS
[00:08:27] [301/445] INVR
[00:08:28] [302/445] RMAR
[00:08:29] [303/445] CNIS
[00:08:30] [304/445] RHRJ
[00:08:31] [305/445] INXR
[00:08:31] [306/445] VALT
[00:08:33] [307/445] LCSH
[00:08:34] [308/445] CMVS
[00:08:35] [309/445] CNMS
[00:08:36] [310/445] ROOG
[00:08:36] [311/445] ISRM
[00:08:37] [312/445] RCRM
[00:08:38] [313/445] ACJA
[00:08:39] [314/445] RCVS
[00:08:39] [315/445] CPUS
[00:08:40] [316/445] TGCS
[00:08:41] [317/445] RKCJ
[00:08:42] [318/445] MKSB
[00:08:43] [319/445] TCSJ
[00:08:44] [320/445] RMGP
[00:08:44] [321/445] CLLP
[00:08:45] [322/445] RCMV
[00:08:46] [323/445] CCKS
[00:08:48] [324/445] RSRP
[00:08:49] [325/445] APLP
[00:08:49] [326/445] CNVS
[00:08:50] [327/445] RMVY
[00:08:51] [328/445] PGBD
[00:08:52] [329/445] KLMS
[00:08:53] [330/445] RUST
[00:08:53] [331/445] MASM
[00:08:54] [332/445] BACS
[00:08:55] [333/445] BWST
[00:08:56] [334/445] RRFH
[00:08:57] [335/445] SJTM
[00:08:58] [336/445] BEMR
[00:08:59] [337/445] MCGR
[00:09:00] [338/445] SDSK
[00:09:01] [339/445] VBOL
[00:09:02] [340/445] RMGM
[00:09:02] [341/445] NOPL
[00:09:03] [342/445] MKJK
[00:09:04] [343/445] CVRN
[00:09:05] [344/445] MMEN
[00:09:06] [345/445] AMNG
[00:09:07] [346/445] INTM
[00:09:08] [347/445] SLCZ
[00:09:08] [348/445] AMJN
[00:09:09] [349/445] ACJN
[00:09:10] [350/445] AMKN
[00:09:11] [351/445] BTCN
[00:09:12] [352/445] AMBT
[00:09:13] [353/445] PACN
[00:09:14] [354/445] LCNS
[00:09:15] [355/445] PPKC
[00:09:16] [356/445] JYYN
[00:09:16] [357/445] JTNR
[00:09:17] [358/445] GTEE
[00:09:18] [359/445] SRNM
[00:09:19] [360/445] SDTC
[00:09:20] [361/445] VPCA
[00:09:21] [362/445] VLRA
[00:09:21] [363/445] SHKR
[00:09:22] [364/445] SBKD
[00:09:23] [365/445] SAAD
[00:09:24] [366/445] JTGN
[00:09:25] [367/445] SLAM
[00:09:26] [368/445] VTPM
[00:09:27] [369/445] ANPT
[00:09:27] [370/445] PUNB
[00:09:28] [371/445] CPKT
[00:09:29] [372/445] CNWE
[00:09:30] [373/445] ECPP
[00:09:31] [374/445] CPAR
[00:09:32] [375/445] ESBW
[00:09:33] [376/445] PKPU
[00:09:33] [377/445] CPRP
[00:09:34] [378/445] RAHU
[00:09:35] [379/445] RHMN
[00:09:36] [380/445] FMJP
[00:09:37] [381/445] CTMP
[00:09:37] [382/445] INPN
[00:09:38] [383/445] STTG
[00:09:39] [384/445] CTRD
[00:09:40] [385/445] PUVB
[00:09:41] [386/445] ESVP
[00:09:42] [387/445] CPFT
[00:09:42] [388/445] LCPC
[00:09:43] [389/445] VBCT
[00:09:44] [390/445] FSCW
[00:09:45] [391/445] VCMP
[00:09:46] [392/445] ASHC
[00:09:47] [393/445] VLCX
[00:09:47] [394/445] SHEV
[00:09:49] [395/445] APCO
[00:09:50] [396/445] SILC
[00:09:51] [397/445] SNMR
[00:09:52] [398/445] KYBO
[00:09:53] [399/445] SATK
[00:09:53] [400/445] SSCS
[00:09:54] [401/445] CLSB
[00:09:55] [402/445] KMJR
[00:09:56] [403/445] FSCK
[00:09:57] [404/445] NNKA
[00:09:57] [405/445] CLMK
[00:09:59] [406/445] DMPZ
[00:10:00] [407/445] INQM
[00:10:01] [408/445] CAML
[00:10:01] [409/445] INRK
[00:10:02] [410/445] IMKN
[00:10:04] [411/445] SVNR
[00:10:04] [412/445] INSL
[00:10:05] [413/445] MSMA
[00:10:06] [414/445] MCKK
[00:10:07] [415/445] FCHP
[00:10:08] [416/445] SFCR
[00:10:09] [417/445] NACK
[00:10:10] [418/445] PVAK
[00:10:10] [419/445] INER
[00:10:11] [420/445] RDBK
[00:10:12] [421/445] SVFN
[00:10:13] [422/445] IFRM
[00:10:14] [423/445] ATCK
[00:10:15] [424/445] ASKO
[00:10:16] [425/445] STKT
[00:10:17] [426/445] SVFB
[00:10:18] [427/445] INKS
[00:10:19] [428/445] PCRA
[00:10:19] [429/445] ATJA
[00:10:20] [430/445] IMJN
[00:10:21] [431/445] INHD
[00:10:22] [432/445] BARA
[00:10:23] [433/445] MCSL
[00:10:24] [434/445] RTOY
[00:10:25] [435/445] MENO
[00:10:26] [436/445] PUDM
[00:10:27] [437/445] PRCN
[00:10:28] [438/445] JMJR
[00:10:29] [439/445] SSGK
[00:10:30] [440/445] SSRL
[00:10:31] [441/445] JYKL
[00:10:33] [442/445] ACNB
[00:10:34] [443/445] SONP
[00:10:35] [444/445] EMCI
[00:10:36] [445/445] MRJH
[00:10:37] ✅ DONE | Shows=0 | Movies=0
