[00:04:05] 🚀 BMS DAILY TRACKER STARTED
[00:04:05] [1/459] MCCZ
[00:04:05] 🧠 New identity
[00:04:07] [2/459] FRPU
[00:04:08] [3/459] SKSI
[00:04:09] [4/459] SSCK
[00:04:11] [5/459] SRDC
[00:04:13] [6/459] RSCZ
[00:04:14] [7/459] PRVT
[00:04:15] [8/459] GAGJ
[00:04:16] [9/459] SMHG
[00:04:18] [10/459] JTST
[00:04:20] [11/459] MYTH
[00:04:20] [12/459] JPCC
[00:04:22] [13/459] ACDC
[00:04:23] [14/459] SVFP
[00:04:25] [15/459] SFCM
[00:04:26] [16/459] RUPK
[00:04:26] [17/459] NTCR
[00:04:27] [18/459] RTCH
[00:04:28] [19/459] SCMH
[00:04:30] [20/459] SVYM
[00:04:31] [21/459] SPYM
[00:04:32] [22/459] SMMF
[00:04:33] [23/459] CLLB
[00:04:34] [24/459] FMCB
[00:04:35] [25/459] BBTC
[00:04:37] [26/459] NTHS
[00:04:38] [27/459] PKKJ
[00:04:39] [28/459] MTJA
[00:04:39] [29/459] PMSJ
[00:04:40] [30/459] JMJU
[00:04:42] [31/459] SRAD
[00:04:44] [32/459] MJMC
[00:04:45] [33/459] DFRM
[00:04:46] [34/459] PMRS
[00:04:47] [35/459] RKPP
[00:04:48] [36/459] BMBK
[00:04:49] [37/459] NEWS
[00:04:51] [38/459] SALB
[00:04:52] [39/459] SCPW
[00:04:53] [40/459] RAYL
[00:04:53] [41/459] CMGJ
[00:04:55] [42/459] JRCR
[00:04:56] [43/459] SRTB
[00:04:58] [44/459] ETPB
[00:04:59] [45/459] MXBN
[00:05:00] [46/459] TOPE
[00:05:01] [47/459] SNLJ
[00:05:02] [48/459] CDDP
[00:05:03] [49/459] APCX
[00:05:04] [50/459] TALP
[00:05:06] [51/459] RRMP
[00:05:06] [52/459] MAHB
[00:05:07] [53/459] MTKR
[00:05:09] [54/459] KSKL
[00:05:10] [55/459] RJLT
[00:05:12] [56/459] ATAS
[00:05:14] [57/459] AMHR
[00:05:14] [58/459] RSRM
[00:05:15] [59/459] GCAT
[00:05:16] [60/459] SMML
[00:05:17] [61/459] ACCD
[00:05:18] [62/459] VYDA
[00:05:19] [63/459] MSKT
[00:05:20] [64/459] AVDM
[00:05:22] [65/459] ASMH
[00:05:22] [66/459] VTMB
[00:05:23] [67/459] WVMB
[00:05:24] [68/459] PPMN
[00:05:25] [69/459] MTMD
[00:05:26] [70/459] SMMO
[00:05:27] [71/459] DLPB
[00:05:28] [72/459] AKMD
[00:05:29] [73/459] SHRR
[00:05:29] [74/459] ASCO
[00:05:30] [75/459] CZVX
[00:05:31] [76/459] GCBB
[00:05:32] [77/459] ATBM
[00:05:33] [78/459] TCGM
[00:05:34] [79/459] UMSE
[00:05:36] [80/459] NKCL
[00:05:38] [81/459] BTLR
[00:05:38] [82/459] GOCL
[00:05:40] [83/459] MIRN
[00:05:41] [84/459] THEC
[00:05:42] [85/459] SPPB
[00:05:43] [86/459] PMMM
[00:05:44] [87/459] GGMC
[00:05:45] [88/459] AVSR
[00:05:46] [89/459] RDMH
[00:05:48] [90/459] JSRS
[00:05:49] [91/459] VKGP
[00:05:50] [92/459] ACRT
[00:05:52] [93/459] GCBA
[00:05:52] [94/459] GTCP
[00:05:54] [95/459] AKFC
[00:05:55] [96/459] INCS
[00:05:57] [97/459] SMCK
[00:05:57] [98/459] BRUN
[00:05:58] [99/459] RPPC
[00:05:59] [100/459] PAYD
[00:06:00] [101/459] SVVT
[00:06:00] [102/459] RNCC
[00:06:01] [103/459] PCRC
[00:06:02] [104/459] PMRM
[00:06:04] [105/459] CCRP
[00:06:05] [106/459] INCR
[00:06:06] [107/459] ZTMP
[00:06:07] [108/459] MCNR
[00:06:07] [109/459] INRP
[00:06:08] [110/459] STRC
[00:06:10] [111/459] RATI
[00:06:11] [112/459] PBTR
[00:06:13] [113/459] CMHP
[00:06:14] [114/459] ZECJ
[00:06:14] [115/459] CCCB
[00:06:15] [116/459] BWCB
[00:06:16] [117/459] CCAT
[00:06:17] [118/459] KGCM
[00:06:18] [119/459] INPT
[00:06:20] [120/459] FNCO
[00:06:20] [121/459] SRMJ
[00:06:21] [122/459] PFSC
[00:06:22] [123/459] PBMC
[00:06:23] [124/459] KARP
[00:06:25] [125/459] KOVI
[00:06:26] [126/459] ACXL
[00:06:26] [127/459] GKCC
[00:06:27] [128/459] ASCC
[00:06:29] [129/459] SETC
[00:06:30] [130/459] KACC
[00:06:32] [131/459] KAVE
[00:06:33] [132/459] CNTC
[00:06:34] [133/459] MEEN
[00:06:35] [134/459] BMRV
[00:06:36] [135/459] SVAM
[00:06:37] [136/459] VTBP
[00:06:38] [137/459] VCKN
[00:06:39] [138/459] SGTK
[00:06:40] [139/459] RCGS
[00:06:41] [140/459] RCCB
[00:06:42] [141/459] RKSR
[00:06:43] [142/459] RKCU
[00:06:45] [143/459] GIBH
[00:06:46] [144/459] CXBS
[00:06:47] [145/459] GGCB
[00:06:49] [146/459] SCPB
[00:06:50] [147/459] AKTB
[00:06:52] [148/459] SRBU
[00:06:53] [149/459] CSSA
[00:06:53] [150/459] MYAN
[00:06:55] [151/459] EXCA
[00:06:56] [152/459] CKSA
[00:06:57] [153/459] JTNM
[00:06:58] [154/459] CXKT
[00:06:59] [155/459] NCLM
[00:07:01] [156/459] JAAD
[00:07:02] [157/459] RDCR
[00:07:04] [158/459] MEER
[00:07:05] [159/459] SIBT
[00:07:06] [160/459] PVVB
[00:07:07] [161/459] FNPN
[00:07:09] [162/459] CRPX
[00:07:09] [163/459] STET
[00:07:11] [164/459] METE
[00:07:12] [165/459] BJML
[00:07:13] [166/459] MAVT
[00:07:15] [167/459] MSRM
[00:07:17] [168/459] TJMP
[00:07:18] [169/459] MHCK
[00:07:19] [170/459] SVGP
[00:07:20] [171/459] KRRC
[00:07:21] [172/459] IMCH
[00:07:23] [173/459] CMCS
[00:07:24] [174/459] SGND
[00:07:25] [175/459] RNAT
[00:07:25] [176/459] PRTN
[00:07:26] [177/459] MPTN
[00:07:28] [178/459] ARCC
[00:07:30] [179/459] NTTE
[00:07:31] [180/459] ABND
[00:07:32] [181/459] KCSN
[00:07:33] [182/459] KCSA
[00:07:35] [183/459] DCKT
[00:07:36] [184/459] MBBR
[00:07:37] [185/459] RAMU
[00:07:38] [186/459] RACW
[00:07:40] [187/459] MCHP
[00:07:42] [188/459] TMHM
[00:07:44] [189/459] STXH
[00:07:44] [190/459] AGSG
[00:07:45] [191/459] SIRA
[00:07:46] [192/459] RCAN
[00:07:47] [193/459] CWTB
[00:07:48] [194/459] VTYM
[00:07:49] [195/459] RRPP
[00:07:50] [196/459] ASMR
[00:07:51] [197/459] RONO
[00:07:53] [198/459] MEMR
[00:07:54] [199/459] CTMR
[00:07:55] [200/459] PMTT
[00:07:56] [201/459] PSLX
[00:07:58] [202/459] IPPL
[00:07:59] [203/459] MMSG
[00:08:01] [204/459] INEL
[00:08:02] [205/459] COAC
[00:08:02] [206/459] WVLK
[00:08:03] [207/459] PPXL
[00:08:04] [208/459] PSML
[00:08:06] [209/459] FNLK
[00:08:06] [210/459] ILUM
[00:08:07] [211/459] ILCM
[00:08:08] [212/459] MSNL
[00:08:09] [213/459] VINB
[00:08:10] [214/459] SALW
[00:08:11] [215/459] PRTB
[00:08:13] [216/459] NCIL
[00:08:13] [217/459] PSUL
[00:08:14] [218/459] SCLK
[00:08:15] [219/459] ADDC
[00:08:16] [220/459] OACL
[00:08:17] [221/459] OOCF
[00:08:18] [222/459] GPMF
[00:08:20] [223/459] SSDG
[00:08:21] [224/459] SKRS
[00:08:22] [225/459] NTTP
[00:08:23] [226/459] SLTP
[00:08:24] [227/459] JTLC
[00:08:25] [228/459] POON
[00:08:25] [229/459] CCPC
[00:08:27] [230/459] DCKC
[00:08:28] [231/459] CPRT
[00:08:29] [232/459] EYHZ
[00:08:29] [233/459] ARBL
[00:08:30] [234/459] SBTB
[00:08:32] [235/459] MMCK
[00:08:33] [236/459] PLMR
[00:08:34] [237/459] BIJH
[00:08:36] [238/459] SDRT
[00:08:36] [239/459] PRDC
[00:08:38] [240/459] OMJA
[00:08:39] [241/459] VKCR
[00:08:39] [242/459] ATRT
[00:08:40] [243/459] WVRP
[00:08:41] [244/459] MVRP
[00:08:43] [245/459] FCAX
[00:08:44] [246/459] CTLC
[00:08:45] [247/459] JCHB
[00:08:46] [248/459] SELP
[00:08:47] [249/459] VCPG
[00:08:49] [250/459] ASCX
[00:08:51] [251/459] EOCS
[00:08:52] [252/459] RCPH
[00:08:53] [253/459] RJTM
[00:08:54] [254/459] SGMD
[00:08:55] [255/459] SVJT
[00:08:57] [256/459] SPPO
[00:08:58] [257/459] MNRL
[00:08:59] [258/459] KNOX
[00:09:00] [259/459] GIER
[00:09:02] [260/459] PJMS
[00:09:03] [261/459] UNSP
[00:09:04] [262/459] JETP
[00:09:04] [263/459] VTWA
[00:09:06] [264/459] SCJI
[00:09:07] [265/459] CBZZ
[00:09:09] [266/459] SDCJ
[00:09:11] [267/459] RRCC
[00:09:12] [268/459] VNKG
[00:09:14] [269/459] LKTO
[00:09:14] [270/459] PJRM
[00:09:16] [271/459] NVRM
[00:09:18] [272/459] SJCS
[00:09:19] [273/459] VIGK
[00:09:20] [274/459] ANST
[00:09:21] [275/459] JTTS
[00:09:22] [276/459] NTST
[00:09:23] [277/459] PREB
[00:09:24] [278/459] TSCZ
[00:09:25] [279/459] CDCM
[00:09:26] [280/459] ELYE
[00:09:27] [281/459] INBS
[00:09:28] [282/459] SMGC
[00:09:29] [283/459] UTMP
[00:09:30] [284/459] INTA
[00:09:31] [285/459] OMPT
[00:09:33] [286/459] SCIR
[00:09:34] [287/459] GCKJ
[00:09:35] [288/459] INOG
[00:09:35] [289/459] SMGB
[00:09:36] [290/459] MCSG
[00:09:38] [291/459] STKG
[00:09:39] [292/459] TTKG
[00:09:39] [293/459] SRTR
[00:09:40] [294/459] ETTR
[00:09:41] [295/459] GGGZ
[00:09:42] [296/459] IPGM
[00:09:44] [297/459] FCDH
[00:09:45] [298/459] DESB
[00:09:46] [299/459] VNTP
[00:09:48] [300/459] ANNT
[00:09:50] [301/459] SLTI
[00:09:51] [302/459] MAJU
[00:09:53] [303/459] JCXP
[00:09:54] [304/459] HARK
[00:09:55] [305/459] JPCJ
[00:09:56] [306/459] RXBD
[00:09:57] [307/459] PTKJ
[00:09:59] [308/459] CMTU
[00:10:00] [309/459] SWOR
[00:10:01] [310/459] JMEX
[00:10:02] [311/459] DTPT
[00:10:03] [312/459] VGMM
[00:10:04] [313/459] VCSG
[00:10:05] [314/459] CVCG
[00:10:06] [315/459] TNTT
[00:10:08] [316/459] SHRM
[00:10:09] [317/459] CGKD
[00:10:10] [318/459] EKCM
[00:10:11] [319/459] SDCX
[00:10:12] [320/459] SBTE
[00:10:14] [321/459] STKJ
[00:10:16] [322/459] TPCE
[00:10:17] [323/459] JTNP
[00:10:18] [324/459] LPCH
[00:10:20] [325/459] CPUO
[00:10:22] [326/459] APSU
[00:10:23] [327/459] RTHC
[00:10:24] [328/459] PTBU
[00:10:25] [329/459] CUCC
[00:10:26] [330/459] CPSA
[00:10:27] [331/459] SUAY
[00:10:27] [332/459] AYAA
[00:10:28] [333/459] MUCH
[00:10:29] [334/459] PCIN
[00:10:31] [335/459] JRRM
[00:10:32] [336/459] KATS
[00:10:34] [337/459] MHFF
[00:10:35] [338/459] ESYM
[00:10:35] [339/459] STYV
[00:10:37] [340/459] SDKG
[00:10:38] [341/459] SMTI
[00:10:39] [342/459] NYCS
[00:10:40] [343/459] MTBG
[00:10:41] [344/459] RHCA
[00:10:42] [345/459] PCKH
[00:10:43] [346/459] ARCR
[00:10:43] [347/459] NCMB
[00:10:45] [348/459] SHYC
[00:10:47] [349/459] LACK
[00:10:48] [350/459] MTCM
[00:10:50] [351/459] RRBN
[00:10:51] [352/459] MYDC
[00:10:52] [353/459] STCS
[00:10:53] [354/459] CONN
[00:10:53] [355/459] SIPS
[00:10:54] [356/459] SMMX
[00:10:55] [357/459] SCBY
[00:10:57] [358/459] SUAP
[00:10:58] [359/459] RSMK
[00:10:58] [360/459] STKP
[00:10:59] [361/459] CIPC
[00:11:00] [362/459] KKCI
[00:11:01] [363/459] CTNK
[00:11:02] [364/459] MMTZ
[00:11:02] [365/459] DCCO
[00:11:03] [366/459] VNMN
[00:11:04] [367/459] RLCN
[00:11:05] [368/459] CMMS
[00:11:06] [369/459] AYOU
[00:11:07] [370/459] SSCN
[00:11:08] [371/459] SMXN
[00:11:09] [372/459] ASSK
[00:11:09] [373/459] VCKM
[00:11:10] [374/459] PCPH
[00:11:12] [375/459] PADM
[00:11:13] [376/459] IESA
[00:11:14] [377/459] VCSP
[00:11:15] [378/459] AEST
[00:11:16] [379/459] VTNR
[00:11:17] [380/459] GTTA
[00:11:18] [381/459] CMMM
[00:11:19] [382/459] AHKT
[00:11:20] [383/459] SIJI
[00:11:21] [384/459] VCEI
[00:11:22] [385/459] SAKR
[00:11:23] [386/459] VSMT
[00:11:25] [387/459] SSCT
[00:11:26] [388/459] USTR
[00:11:27] [389/459] MTKT
[00:11:28] [390/459] TGMP
[00:11:29] [391/459] SIVC
[00:11:30] [392/459] KICT
[00:11:32] [393/459] DAMD
[00:11:33] [394/459] CNPT
[00:11:34] [395/459] RVTT
[00:11:35] [396/459] SNCM
[00:11:35] [397/459] GHTE
[00:11:36] [398/459] PPAM
[00:11:37] [399/459] PVAA
[00:11:38] [400/459] CPAO
[00:11:39] [401/459] HAMD
[00:11:40] [402/459] RCCA
[00:11:41] [403/459] MPCH
[00:11:42] [404/459] ARED
[00:11:43] [405/459] RRCV
[00:11:44] [406/459] MTRB
[00:11:45] [407/459] CKUA
[00:11:46] [408/459] ABMP
[00:11:47] [409/459] RCWA
[00:11:49] [410/459] CGAR
[00:11:50] [411/459] METH
[00:11:51] [412/459] WAGA
[00:11:52] [413/459] MCMA
[00:11:53] [414/459] CSMP
[00:11:54] [415/459] RCNK
[00:11:55] [416/459] PSTM
[00:11:56] [417/459] CSEP
[00:11:57] [418/459] AMGD
[00:11:58] [419/459] CSTE
[00:11:59] [420/459] CONS
[00:12:01] [421/459] APPX
[00:12:03] [422/459] MABC
[00:12:03] [423/459] CXST
[00:12:04] [424/459] MATN
[00:12:05] [425/459] MACZ
[00:12:06] [426/459] MASA
[00:12:07] [427/459] MBSX
[00:12:08] [428/459] CSST
[00:12:09] [429/459] APCL
[00:12:10] [430/459] CGOS
[00:12:11] [431/459] CPEC
[00:12:12] [432/459] MCCP
[00:12:13] [433/459] BSSO
[00:12:14] [434/459] SJKA
[00:12:15] [435/459] CGBO
[00:12:16] [436/459] MVSK
[00:12:17] [437/459] HVCA
[00:12:18] [438/459] NAMD
[00:12:20] [439/459] DEVI
[00:12:21] [440/459] SCSV
[00:12:21] [441/459] PSMA
[00:12:22] [442/459] CLDJ
[00:12:23] [443/459] NMAD
[00:12:24] [444/459] CGMO
[00:12:24] [445/459] MCNA
[00:12:25] [446/459] OCBN
[00:12:26] [447/459] CPEM
[00:12:27] [448/459] CPSM
[00:12:28] [449/459] RCAD
[00:12:29] [450/459] CPMU
[00:12:30] [451/459] DICD
[00:12:30] [452/459] CHOE
[00:12:31] [453/459] PDJM
[00:12:32] [454/459] SSTU
[00:12:34] [455/459] VNRN
[00:12:35] [456/459] PVLG
[00:12:36] [457/459] SWBL
[00:12:36] [458/459] SCAB
[00:12:37] [459/459] RDDA
[00:12:38] ✅ DONE | Shows=0 | Movies=0
[00:49:07] 🚀 BMS DAILY TRACKER STARTED
[00:49:07] [1/459] MCCZ
[00:49:07] 🧠 New identity
[00:49:08] [2/459] FRPU
[00:49:08] [3/459] SKSI
[00:49:09] [4/459] SSCK
[00:49:09] [5/459] SRDC
[00:49:10] [6/459] RSCZ
[00:49:11] [7/459] PRVT
[00:49:11] [8/459] GAGJ
[00:49:12] [9/459] SMHG
[00:49:12] [10/459] JTST
[00:49:13] [11/459] MYTH
[00:49:14] [12/459] JPCC
[00:49:14] [13/459] ACDC
[00:49:15] [14/459] SVFP
[00:49:16] [15/459] SFCM
[00:49:16] [16/459] RUPK
[00:49:17] [17/459] NTCR
[00:49:17] [18/459] RTCH
[00:49:18] [19/459] SCMH
[00:49:19] [20/459] SVYM
[00:49:19] [21/459] SPYM
[00:49:20] [22/459] SMMF
[00:49:20] [23/459] CLLB
[00:49:21] [24/459] FMCB
[00:49:22] [25/459] BBTC
[00:49:22] [26/459] NTHS
[00:49:23] [27/459] PKKJ
[00:49:24] [28/459] MTJA
[00:49:24] [29/459] PMSJ
[00:49:25] [30/459] JMJU
[00:49:25] [31/459] SRAD
[00:49:26] [32/459] MJMC
[00:49:26] [33/459] DFRM
[00:49:27] [34/459] PMRS
[00:49:27] [35/459] RKPP
[00:49:28] [36/459] BMBK
[00:49:29] [37/459] NEWS
[00:49:29] [38/459] SALB
[00:49:30] [39/459] SCPW
[00:49:30] [40/459] RAYL
[00:49:31] [41/459] CMGJ
[00:49:31] [42/459] JRCR
[00:49:32] [43/459] SRTB
[00:49:33] [44/459] ETPB
[00:49:33] [45/459] MXBN
[00:49:34] [46/459] TOPE
[00:49:34] [47/459] SNLJ
[00:49:35] [48/459] CDDP
[00:49:36] [49/459] APCX
[00:49:36] [50/459] TALP
[00:49:37] [51/459] RRMP
[00:49:37] [52/459] MAHB
[00:49:38] [53/459] MTKR
[00:49:39] [54/459] KSKL
[00:49:39] [55/459] RJLT
[00:49:40] [56/459] ATAS
[00:49:40] [57/459] AMHR
[00:49:41] [58/459] RSRM
[00:49:42] [59/459] GCAT
[00:49:42] [60/459] SMML
[00:49:43] [61/459] ACCD
[00:49:44] [62/459] VYDA
[00:49:44] [63/459] MSKT
[00:49:45] [64/459] AVDM
[00:49:45] [65/459] ASMH
[00:49:46] [66/459] VTMB
[00:49:47] [67/459] WVMB
[00:49:48] [68/459] PPMN
[00:49:48] [69/459] MTMD
[00:49:49] [70/459] SMMO
[00:49:50] [71/459] DLPB
[00:49:50] [72/459] AKMD
[00:49:51] [73/459] SHRR
[00:49:51] [74/459] ASCO
[00:49:52] [75/459] CZVX
[00:49:52] [76/459] GCBB
[00:49:53] [77/459] ATBM
[00:49:54] [78/459] TCGM
[00:49:54] [79/459] UMSE
[00:49:55] [80/459] NKCL
[00:49:55] [81/459] BTLR
[00:49:56] [82/459] GOCL
[00:49:56] [83/459] MIRN
[00:49:57] [84/459] THEC
[00:49:57] [85/459] SPPB
[00:49:58] [86/459] PMMM
[00:49:59] [87/459] GGMC
[00:49:59] [88/459] AVSR
[00:50:00] [89/459] RDMH
[00:50:00] [90/459] JSRS
[00:50:01] [91/459] VKGP
[00:50:01] [92/459] ACRT
[00:50:02] [93/459] GCBA
[00:50:03] [94/459] GTCP
[00:50:03] [95/459] AKFC
[00:50:04] [96/459] INCS
[00:50:04] [97/459] SMCK
[00:50:05] [98/459] BRUN
[00:50:06] [99/459] RPPC
[00:50:06] [100/459] PAYD
[00:50:07] [101/459] SVVT
[00:50:08] [102/459] RNCC
[00:50:08] [103/459] PCRC
[00:50:09] [104/459] PMRM
[00:50:09] [105/459] CCRP
[00:50:10] [106/459] INCR
[00:50:10] [107/459] ZTMP
[00:50:11] [108/459] MCNR
[00:50:12] [109/459] INRP
[00:50:12] [110/459] STRC
[00:50:13] [111/459] RATI
[00:50:14] [112/459] PBTR
[00:50:14] [113/459] CMHP
[00:50:15] [114/459] ZECJ
[00:50:15] [115/459] CCCB
[00:50:16] [116/459] BWCB
[00:50:17] [117/459] CCAT
[00:50:17] [118/459] KGCM
[00:50:18] [119/459] INPT
[00:50:18] [120/459] FNCO
[00:50:19] [121/459] SRMJ
[00:50:20] [122/459] PFSC
[00:50:20] [123/459] PBMC
[00:50:21] [124/459] KARP
[00:50:21] [125/459] KOVI
[00:50:22] [126/459] ACXL
[00:50:23] [127/459] GKCC
[00:50:23] [128/459] ASCC
[00:50:24] [129/459] SETC
[00:50:24] [130/459] KACC
[00:50:25] [131/459] KAVE
[00:50:26] [132/459] CNTC
[00:50:27] [133/459] MEEN
[00:50:27] [134/459] BMRV
[00:50:28] [135/459] SVAM
[00:50:28] [136/459] VTBP
[00:50:29] [137/459] VCKN
[00:50:30] [138/459] SGTK
[00:50:30] [139/459] RCGS
[00:50:31] [140/459] RCCB
[00:50:31] [141/459] RKSR
[00:50:32] [142/459] RKCU
[00:50:32] [143/459] GIBH
[00:50:33] [144/459] CXBS
[00:50:34] [145/459] GGCB
[00:50:34] [146/459] SCPB
[00:50:35] [147/459] AKTB
[00:50:36] [148/459] SRBU
[00:50:36] [149/459] CSSA
[00:50:37] [150/459] MYAN
[00:50:38] [151/459] EXCA
[00:50:38] [152/459] CKSA
[00:50:39] [153/459] JTNM
[00:50:39] [154/459] CXKT
[00:50:40] [155/459] NCLM
[00:50:41] [156/459] JAAD
[00:50:41] [157/459] RDCR
[00:50:42] [158/459] MEER
[00:50:42] [159/459] SIBT
[00:50:43] [160/459] PVVB
[00:50:44] [161/459] FNPN
[00:50:44] [162/459] CRPX
[00:50:45] [163/459] STET
[00:50:45] [164/459] METE
[00:50:46] [165/459] BJML
[00:50:47] [166/459] MAVT
[00:50:47] [167/459] MSRM
[00:50:48] [168/459] TJMP
[00:50:48] [169/459] MHCK
[00:50:49] [170/459] SVGP
[00:50:49] [171/459] KRRC
[00:50:50] [172/459] IMCH
[00:50:50] [173/459] CMCS
[00:50:51] [174/459] SGND
[00:50:52] [175/459] RNAT
[00:50:52] [176/459] PRTN
[00:50:53] [177/459] MPTN
[00:50:53] [178/459] ARCC
[00:50:54] [179/459] NTTE
[00:50:55] [180/459] ABND
[00:50:55] [181/459] KCSN
[00:50:56] [182/459] KCSA
[00:50:56] [183/459] DCKT
[00:50:57] [184/459] MBBR
[00:50:57] [185/459] RAMU
[00:50:58] [186/459] RACW
[00:50:58] [187/459] MCHP
[00:50:59] [188/459] TMHM
[00:50:59] [189/459] STXH
[00:51:00] [190/459] AGSG
[00:51:00] [191/459] SIRA
[00:51:01] [192/459] RCAN
[00:51:02] [193/459] CWTB
[00:51:02] [194/459] VTYM
[00:51:03] [195/459] RRPP
[00:51:04] [196/459] ASMR
[00:51:04] [197/459] RONO
[00:51:05] [198/459] MEMR
[00:51:05] [199/459] CTMR
[00:51:05] [200/459] PMTT
[00:51:06] [201/459] PSLX
[00:51:07] [202/459] IPPL
[00:51:07] [203/459] MMSG
[00:51:08] [204/459] INEL
[00:51:08] [205/459] COAC
[00:51:09] [206/459] WVLK
[00:51:09] [207/459] PPXL
[00:51:10] [208/459] PSML
[00:51:10] [209/459] FNLK
[00:51:11] [210/459] ILUM
[00:51:12] [211/459] ILCM
[00:51:12] [212/459] MSNL
[00:51:13] [213/459] VINB
[00:51:13] [214/459] SALW
[00:51:14] [215/459] PRTB
[00:51:15] [216/459] NCIL
[00:51:15] [217/459] PSUL
[00:51:16] [218/459] SCLK
[00:51:16] [219/459] ADDC
[00:51:17] [220/459] OACL
[00:51:18] [221/459] OOCF
[00:51:18] [222/459] GPMF
[00:51:18] [223/459] SSDG
[00:51:19] [224/459] SKRS
[00:51:20] [225/459] NTTP
[00:51:20] [226/459] SLTP
[00:51:21] [227/459] JTLC
[00:51:22] [228/459] POON
[00:51:22] [229/459] CCPC
[00:51:23] [230/459] DCKC
[00:51:24] [231/459] CPRT
[00:51:24] [232/459] EYHZ
[00:51:25] [233/459] ARBL
[00:51:25] [234/459] SBTB
[00:51:26] [235/459] MMCK
[00:51:26] [236/459] PLMR
[00:51:27] [237/459] BIJH
[00:51:28] [238/459] SDRT
[00:51:28] [239/459] PRDC
[00:51:29] [240/459] OMJA
[00:51:29] [241/459] VKCR
[00:51:30] [242/459] ATRT
[00:51:31] [243/459] WVRP
[00:51:31] [244/459] MVRP
[00:51:32] [245/459] FCAX
[00:51:32] [246/459] CTLC
[00:51:33] [247/459] JCHB
[00:51:33] [248/459] SELP
[00:51:34] [249/459] VCPG
[00:51:34] [250/459] ASCX
[00:51:35] [251/459] EOCS
[00:51:36] [252/459] RCPH
[00:51:36] [253/459] RJTM
[00:51:37] [254/459] SGMD
[00:51:38] [255/459] SVJT
[00:51:38] [256/459] SPPO
[00:51:39] [257/459] MNRL
[00:51:39] [258/459] KNOX
[00:51:40] [259/459] GIER
[00:51:41] [260/459] PJMS
[00:51:41] [261/459] UNSP
[00:51:42] [262/459] JETP
[00:51:42] [263/459] VTWA
[00:51:43] [264/459] SCJI
[00:51:44] [265/459] CBZZ
[00:51:44] [266/459] SDCJ
[00:51:45] [267/459] RRCC
[00:51:45] [268/459] VNKG
[00:51:46] [269/459] LKTO
[00:51:46] [270/459] PJRM
[00:51:47] [271/459] NVRM
[00:51:48] [272/459] SJCS
[00:51:48] [273/459] VIGK
[00:51:49] [274/459] ANST
[00:51:49] [275/459] JTTS
[00:51:50] [276/459] NTST
[00:51:50] [277/459] PREB
[00:51:51] [278/459] TSCZ
[00:51:52] [279/459] CDCM
[00:51:52] [280/459] ELYE
[00:51:53] [281/459] INBS
[00:51:53] [282/459] SMGC
[00:51:54] [283/459] UTMP
[00:51:54] [284/459] INTA
[00:51:55] [285/459] OMPT
[00:51:55] [286/459] SCIR
[00:51:56] [287/459] GCKJ
[00:51:56] [288/459] INOG
[00:51:57] [289/459] SMGB
[00:51:57] [290/459] MCSG
[00:51:58] [291/459] STKG
[00:51:58] [292/459] TTKG
[00:51:59] [293/459] SRTR
[00:51:59] [294/459] ETTR
[00:52:00] [295/459] GGGZ
[00:52:00] [296/459] IPGM
[00:52:01] [297/459] FCDH
[00:52:01] [298/459] DESB
[00:52:02] [299/459] VNTP
[00:52:02] [300/459] ANNT
[00:52:03] [301/459] SLTI
[00:52:04] [302/459] MAJU
[00:52:04] [303/459] JCXP
[00:52:05] [304/459] HARK
[00:52:05] [305/459] JPCJ
[00:52:06] [306/459] RXBD
[00:52:06] [307/459] PTKJ
[00:52:06] [308/459] CMTU
[00:52:07] [309/459] SWOR
[00:52:07] [310/459] JMEX
[00:52:08] [311/459] DTPT
[00:52:08] [312/459] VGMM
[00:52:09] [313/459] VCSG
[00:52:10] [314/459] CVCG
[00:52:10] [315/459] TNTT
[00:52:11] [316/459] SHRM
[00:52:12] [317/459] CGKD
[00:52:12] [318/459] EKCM
[00:52:13] [319/459] SDCX
[00:52:13] [320/459] SBTE
[00:52:14] [321/459] STKJ
[00:52:15] [322/459] TPCE
[00:52:15] [323/459] JTNP
[00:52:16] [324/459] LPCH
[00:52:17] [325/459] CPUO
[00:52:17] [326/459] APSU
[00:52:18] [327/459] RTHC
[00:52:19] [328/459] PTBU
[00:52:19] [329/459] CUCC
[00:52:20] [330/459] CPSA
[00:52:20] [331/459] SUAY
[00:52:21] [332/459] AYAA
[00:52:21] [333/459] MUCH
[00:52:22] [334/459] PCIN
[00:52:22] [335/459] JRRM
[00:52:23] [336/459] KATS
[00:52:24] [337/459] MHFF
[00:52:24] [338/459] ESYM
[00:52:25] [339/459] STYV
[00:52:25] [340/459] SDKG
[00:52:26] [341/459] SMTI
[00:52:26] [342/459] NYCS
[00:52:27] [343/459] MTBG
[00:52:27] [344/459] RHCA
[00:52:28] [345/459] PCKH
[00:52:28] [346/459] ARCR
[00:52:29] [347/459] NCMB
[00:52:29] [348/459] SHYC
[00:52:30] [349/459] LACK
[00:52:30] [350/459] MTCM
[00:52:31] [351/459] RRBN
[00:52:31] [352/459] MYDC
[00:52:32] [353/459] STCS
[00:52:33] [354/459] CONN
[00:52:33] [355/459] SIPS
[00:52:34] [356/459] SMMX
[00:52:34] [357/459] SCBY
[00:52:35] [358/459] SUAP
[00:52:36] [359/459] RSMK
[00:52:37] [360/459] STKP
[00:52:37] [361/459] CIPC
[00:52:38] [362/459] KKCI
[00:52:38] [363/459] CTNK
[00:52:39] [364/459] MMTZ
[00:52:40] [365/459] DCCO
[00:52:40] [366/459] VNMN
[00:52:41] [367/459] RLCN
[00:52:41] [368/459] CMMS
[00:52:42] [369/459] AYOU
[00:52:42] [370/459] SSCN
[00:52:43] [371/459] SMXN
[00:52:43] [372/459] ASSK
[00:52:44] [373/459] VCKM
[00:52:44] [374/459] PCPH
[00:52:45] [375/459] PADM
[00:52:45] [376/459] IESA
[00:52:46] [377/459] VCSP
[00:52:47] [378/459] AEST
[00:52:47] [379/459] VTNR
[00:52:48] [380/459] GTTA
[00:52:48] [381/459] CMMM
[00:52:49] [382/459] AHKT
[00:52:49] [383/459] SIJI
[00:52:50] [384/459] VCEI
[00:52:51] [385/459] SAKR
[00:52:51] [386/459] VSMT
[00:52:52] [387/459] SSCT
[00:52:53] [388/459] USTR
[00:52:53] [389/459] MTKT
[00:52:54] [390/459] TGMP
[00:52:54] [391/459] SIVC
[00:52:55] [392/459] KICT
[00:52:55] [393/459] DAMD
[00:52:56] [394/459] CNPT
[00:52:57] [395/459] RVTT
[00:52:57] [396/459] SNCM
[00:52:58] [397/459] GHTE
[00:52:59] [398/459] PPAM
[00:52:59] [399/459] PVAA
[00:53:00] [400/459] CPAO
[00:53:01] [401/459] HAMD
[00:53:01] [402/459] RCCA
[00:53:02] [403/459] MPCH
[00:53:02] [404/459] ARED
[00:53:03] [405/459] RRCV
[00:53:03] [406/459] MTRB
[00:53:04] [407/459] CKUA
[00:53:04] [408/459] ABMP
[00:53:05] [409/459] RCWA
[00:53:06] [410/459] CGAR
[00:53:06] [411/459] METH
[00:53:07] [412/459] WAGA
[00:53:08] [413/459] MCMA
[00:53:08] [414/459] CSMP
[00:53:09] [415/459] RCNK
[00:53:09] [416/459] PSTM
[00:53:10] [417/459] CSEP
[00:53:11] [418/459] AMGD
[00:53:11] [419/459] CSTE
[00:53:12] [420/459] CONS
[00:53:12] [421/459] APPX
[00:53:13] [422/459] MABC
[00:53:14] [423/459] CXST
[00:53:14] [424/459] MATN
[00:53:15] [425/459] MACZ
[00:53:15] [426/459] MASA
[00:53:16] [427/459] MBSX
[00:53:16] [428/459] CSST
[00:53:17] [429/459] APCL
[00:53:18] [430/459] CGOS
[00:53:18] [431/459] CPEC
[00:53:19] [432/459] MCCP
[00:53:19] [433/459] BSSO
[00:53:20] [434/459] SJKA
[00:53:20] [435/459] CGBO
[00:53:21] [436/459] MVSK
[00:53:21] [437/459] HVCA
[00:53:22] [438/459] NAMD
[00:53:22] [439/459] DEVI
[00:53:23] [440/459] SCSV
[00:53:23] [441/459] PSMA
[00:53:24] [442/459] CLDJ
[00:53:24] [443/459] NMAD
[00:53:25] [444/459] CGMO
[00:53:25] [445/459] MCNA
[00:53:26] [446/459] OCBN
[00:53:26] [447/459] CPEM
[00:53:27] [448/459] CPSM
[00:53:28] [449/459] RCAD
[00:53:28] [450/459] CPMU
[00:53:29] [451/459] DICD
[00:53:29] [452/459] CHOE
[00:53:30] [453/459] PDJM
[00:53:31] [454/459] SSTU
[00:53:31] [455/459] VNRN
[00:53:32] [456/459] PVLG
[00:53:32] [457/459] SWBL
[00:53:33] [458/459] SCAB
[00:53:33] [459/459] RDDA
[00:53:34] ✅ DONE | Shows=0 | Movies=0
