[00:03:59] 🚀 BMS DAILY TRACKER STARTED
[00:03:59] [1/459] NECA
[00:03:59] 🧠 New identity
[00:03:59] [2/459] BJLC
[00:04:00] [3/459] BASU
[00:04:01] [4/459] RUPI
[00:04:02] [5/459] LCBK
[00:04:03] [6/459] PMAC
[00:04:04] [7/459] AMLC
[00:04:04] [8/459] LICL
[00:04:05] [9/459] UDMM
[00:04:06] [10/459] STBZ
[00:04:07] [11/459] UUBT
[00:04:08] [12/459] SJKC
[00:04:09] [13/459] TUAL
[00:04:09] [14/459] MRSE
[00:04:10] [15/459] RMRK
[00:04:11] [16/459] TTKP
[00:04:12] [17/459] KTKO
[00:04:13] [18/459] SDBK
[00:04:13] [19/459] MCPR
[00:04:14] [20/459] CHTI
[00:04:15] [21/459] GCCP
[00:04:16] [22/459] SRMY
[00:04:17] [23/459] NYST
[00:04:18] [24/459] NYAG
[00:04:19] [25/459] SBMT
[00:04:20] [26/459] INGA
[00:04:21] [27/459] WSIC
[00:04:22] [28/459] SCSS
[00:04:23] [29/459] COPG
[00:04:24] [30/459] RCGR
[00:04:25] [31/459] TCZA
[00:04:27] [32/459] CNLP
[00:04:27] [33/459] CLKN
[00:04:28] [34/459] LHDF
[00:04:29] [35/459] ELKC
[00:04:30] [36/459] VCEM
[00:04:31] [37/459] SSZA
[00:04:32] [38/459] KRMT
[00:04:33] [39/459] LCMV
[00:04:34] [40/459] AYCZ
[00:04:35] [41/459] CUMS
[00:04:36] [42/459] BOCK
[00:04:37] [43/459] PNMR
[00:04:38] [44/459] PJCP
[00:04:39] [45/459] JDDD
[00:04:39] [46/459] STMS
[00:04:40] [47/459] FLMB
[00:04:41] [48/459] PKCM
[00:04:42] [49/459] SPPR
[00:04:43] [50/459] EYLH
[00:04:44] [51/459] RJCC
[00:04:45] [52/459] MMPS
[00:04:45] [53/459] SHMX
[00:04:46] [54/459] CCNL
[00:04:47] [55/459] RCNV
[00:04:48] [56/459] MAAG
[00:04:50] [57/459] LXCM
[00:04:50] [58/459] RCNI
[00:04:51] [59/459] SNNI
[00:04:52] [60/459] LALC
[00:04:53] [61/459] SOCN
[00:04:55] [62/459] JHTP
[00:04:56] [63/459] PITP
[00:04:57] [64/459] CCKW
[00:04:57] [65/459] MCMC
[00:04:58] [66/459] DEES
[00:04:59] [67/459] SABT
[00:05:00] [68/459] VSPP
[00:05:01] [69/459] ABCT
[00:05:02] [70/459] JVTB
[00:05:03] [71/459] VCBD
[00:05:04] [72/459] RMGG
[00:05:05] [73/459] RNMH
[00:05:05] [74/459] SPGL
[00:05:06] [75/459] JTTR
[00:05:07] [76/459] SICS
[00:05:08] [77/459] SRMI
[00:05:09] [78/459] SSIJ
[00:05:10] [79/459] KFMT
[00:05:12] [80/459] VBIT
[00:05:12] [81/459] JKCT
[00:05:13] [82/459] GCGP
[00:05:14] [83/459] GDCS
[00:05:15] [84/459] TRBA
[00:05:16] [85/459] QUST
[00:05:16] [86/459] VSHM
[00:05:17] [87/459] SDCP
[00:05:18] [88/459] SNVS
[00:05:19] [89/459] NYTO
[00:05:20] [90/459] URWC
[00:05:21] [91/459] GTWH
[00:05:21] [92/459] PFCM
[00:05:22] [93/459] KRTA
[00:05:23] [94/459] AXMC
[00:05:24] [95/459] EVMC
[00:05:24] [96/459] HGSM
[00:05:25] [97/459] ACVM
[00:05:26] [98/459] PSKL
[00:05:27] [99/459] RDMP
[00:05:28] [100/459] RHGH
[00:05:28] [101/459] OMCM
[00:05:29] [102/459] DCCP
[00:05:30] [103/459] MCPB
[00:05:31] [104/459] ALCI
[00:05:32] [105/459] BLMX
[00:05:33] [106/459] BTMV
[00:05:34] [107/459] FVPN
[00:05:35] [108/459] CMAR
[00:05:36] [109/459] CEIM
[00:05:38] [110/459] CMVA
[00:05:39] [111/459] CPIV
[00:05:39] [112/459] CNPE
[00:05:40] [113/459] COLV
[00:05:41] [114/459] DNNV
[00:05:42] [115/459] HCAD
[00:05:43] [116/459] TAKA
[00:05:44] [117/459] INVD
[00:05:45] [118/459] IRMM
[00:05:46] [119/459] INSE
[00:05:47] [120/459] MRSW
[00:05:48] [121/459] MCVD
[00:05:49] [122/459] MCSO
[00:05:50] [123/459] PEVM
[00:05:51] [124/459] PVNL
[00:05:52] [125/459] PTCV
[00:05:52] [126/459] PRTC
[00:05:53] [127/459] RCVA
[00:05:54] [128/459] MTBN
[00:05:55] [129/459] LUCP
[00:05:56] [130/459] FMPT
[00:05:57] [131/459] JLSL
[00:05:57] [132/459] SBHA
[00:05:58] [133/459] SHRC
[00:05:59] [134/459] AVPS
[00:06:00] [135/459] STPM
[00:06:01] [136/459] ATRD
[00:06:02] [137/459] VTED
[00:06:03] [138/459] ACAI
[00:06:04] [139/459] SMAE
[00:06:05] [140/459] VMAT
[00:06:06] [141/459] LKCT
[00:06:07] [142/459] JTVK
[00:06:08] [143/459] PRTY
[00:06:09] [144/459] GETT
[00:06:10] [145/459] ESAP
[00:06:11] [146/459] NCPM
[00:06:12] [147/459] PCPA
[00:06:13] [148/459] MMOM
[00:06:14] [149/459] PHUP
[00:06:15] [150/459] CCPI
[00:06:16] [151/459] CNTD
[00:06:17] [152/459] NLJR
[00:06:18] [153/459] SRNG
[00:06:19] [154/459] MHAL
[00:06:20] [155/459] PNSM
[00:06:20] [156/459] DRMY
[00:06:21] [157/459] CCMU
[00:06:22] [158/459] SCMY
[00:06:23] [159/459] PVSY
[00:06:24] [160/459] SDLM
[00:06:24] [161/459] ICCM
[00:06:25] [162/459] PYSU
[00:06:26] [163/459] GATM
[00:06:27] [164/459] WOTM
[00:06:28] [165/459] RKTS
[00:06:29] [166/459] PMTY
[00:06:30] [167/459] LYMS
[00:06:30] [168/459] TGCA
[00:06:31] [169/459] DSTA
[00:06:32] [170/459] CNGE
[00:06:33] [171/459] VSTG
[00:06:34] [172/459] GTCK
[00:06:35] [173/459] TGNT
[00:06:35] [174/459] ASLC
[00:06:36] [175/459] SSST
[00:06:38] [176/459] KBTT
[00:06:39] [177/459] HKCP
[00:06:40] [178/459] SWLC
[00:06:41] [179/459] RTND
[00:06:42] [180/459] PKKT
[00:06:42] [181/459] HSTK
[00:06:43] [182/459] SPTT
[00:06:44] [183/459] IMPM
[00:06:46] [184/459] SCMV
[00:06:47] [185/459] SPCT
[00:06:48] [186/459] JBCA
[00:06:49] [187/459] ATTR
[00:06:50] [188/459] SPMT
[00:06:50] [189/459] LCTM
[00:06:51] [190/459] SCVL
[00:06:52] [191/459] SCVT
[00:06:53] [192/459] KRIC
[00:06:54] [193/459] CTMG
[00:06:55] [194/459] ACNC
[00:06:56] [195/459] DMCK
[00:06:56] [196/459] KMTV
[00:06:57] [197/459] PFCJ
[00:06:58] [198/459] VNMD
[00:06:59] [199/459] VPCZ
[00:07:00] [200/459] SRYR
[00:07:00] [201/459] SYTR
[00:07:01] [202/459] GATR
[00:07:02] [203/459] URTR
[00:07:03] [204/459] MKSM
[00:07:04] [205/459] VSMH
[00:07:05] [206/459] SKRJ
[00:07:05] [207/459] SSJR
[00:07:06] [208/459] SVSM
[00:07:07] [209/459] RUCM
[00:07:08] [210/459] PRKN
[00:07:09] [211/459] RROH
[00:07:10] [212/459] SCTN
[00:07:11] [213/459] RTDM
[00:07:12] [214/459] ASRM
[00:07:13] [215/459] SKMD
[00:07:13] [216/459] SUTD
[00:07:14] [217/459] SADM
[00:07:15] [218/459] WCNR
[00:07:16] [219/459] CNED
[00:07:17] [220/459] MPDB
[00:07:18] [221/459] KTBH
[00:07:19] [222/459] IDRM
[00:07:20] [223/459] PJJT
[00:07:21] [224/459] PFCV
[00:07:22] [225/459] AACT
[00:07:24] [226/459] AAAD
[00:07:24] [227/459] ANES
[00:07:25] [228/459] MNCA
[00:07:26] [229/459] RMGU
[00:07:28] [230/459] DLCN
[00:07:29] [231/459] LJWT
[00:07:30] [232/459] MCBG
[00:07:31] [233/459] MYBG
[00:07:32] [234/459] GCCA
[00:07:32] [235/459] GCGA
[00:07:33] [236/459] ECGN
[00:07:34] [237/459] PRAB
[00:07:35] [238/459] PNMP
[00:07:36] [239/459] GCPT
[00:07:37] [240/459] ROYN
[00:07:39] [241/459] VATM
[00:07:40] [242/459] KSNT
[00:07:41] [243/459] ACTC
[00:07:41] [244/459] PLTD
[00:07:42] [245/459] SKMK
[00:07:43] [246/459] CMTT
[00:07:44] [247/459] SMXP
[00:07:45] [248/459] SCMX
[00:07:45] [249/459] ACXN
[00:07:46] [250/459] ASWT
[00:07:47] [251/459] VVVL
[00:07:48] [252/459] NAGO
[00:07:48] [253/459] SNCN
[00:07:49] [254/459] MCKP
[00:07:50] [255/459] SAMO
[00:07:51] [256/459] JBTV
[00:07:52] [257/459] DCVV
[00:07:53] [258/459] KMSV
[00:07:54] [259/459] KDCN
[00:07:54] [260/459] CNCP
[00:07:55] [261/459] HAMC
[00:07:56] [262/459] CCVZ
[00:07:57] [263/459] NCCK
[00:07:58] [264/459] MCHR
[00:07:59] [265/459] SCHT
[00:08:00] [266/459] ESSH
[00:08:01] [267/459] CUJC
[00:08:02] [268/459] PECP
[00:08:03] [269/459] PMMI
[00:08:03] [270/459] PCCH
[00:08:04] [271/459] PRPM
[00:08:05] [272/459] PVKL
[00:08:06] [273/459] CBSM
[00:08:07] [274/459] PVCZ
[00:08:07] [275/459] PCVV
[00:08:08] [276/459] CTMJ
[00:08:09] [277/459] RCPS
[00:08:10] [278/459] PCIT
[00:08:11] [279/459] FNCH
[00:08:12] [280/459] INZD
[00:08:13] [281/459] INPC
[00:08:14] [282/459] LCZP
[00:08:15] [283/459] SMCB
[00:08:16] [284/459] PTSB
[00:08:17] [285/459] TPSI
[00:08:18] [286/459] KHMJ
[00:08:18] [287/459] RCCJ
[00:08:19] [288/459] NCJA
[00:08:21] [289/459] NCJN
[00:08:21] [290/459] BTDP
[00:08:22] [291/459] PADY
[00:08:23] [292/459] NYBH
[00:08:24] [293/459] MTBR
[00:08:25] [294/459] KRBC
[00:08:26] [295/459] DKTI
[00:08:27] [296/459] ANAN
[00:08:28] [297/459] INBP
[00:08:29] [298/459] PATB
[00:08:30] [299/459] RGNT
[00:08:31] [300/459] CGPM
[00:08:32] [301/459] INTN
[00:08:33] [302/459] MCMP
[00:08:34] [303/459] ASRG
[00:08:35] [304/459] CXJD
[00:08:35] [305/459] SPCP
[00:08:36] [306/459] CSTP
[00:08:37] [307/459] PKVC
[00:08:38] [308/459] ESCP
[00:08:39] [309/459] CAEP
[00:08:40] [310/459] CCSP
[00:08:41] [311/459] KTPC
[00:08:42] [312/459] DACA
[00:08:42] [313/459] NVKY
[00:08:43] [314/459] PTIN
[00:08:44] [315/459] SCIN
[00:08:45] [316/459] MCTY
[00:08:46] [317/459] PCMX
[00:08:46] [318/459] INIC
[00:08:47] [319/459] MMZM
[00:08:48] [320/459] SSLP
[00:08:49] [321/459] DTDT
[00:08:50] [322/459] FFCX
[00:08:51] [323/459] RCMM
[00:08:52] [324/459] KYID
[00:08:53] [325/459] CSCI
[00:08:54] [326/459] FCMC
[00:08:55] [327/459] MMXI
[00:08:55] [328/459] ASTC
[00:08:56] [329/459] CMRA
[00:08:57] [330/459] DICI
[00:08:58] [331/459] KDIN
[00:08:59] [332/459] PRFI
[00:09:00] [333/459] SVFC
[00:09:01] [334/459] UCPL
[00:09:02] [335/459] COOC
[00:09:02] [336/459] SCAL
[00:09:03] [337/459] SVFF
[00:09:04] [338/459] VCMG
[00:09:05] [339/459] UUCT
[00:09:06] [340/459] GCSE
[00:09:07] [341/459] SUSC
[00:09:09] [342/459] MISC
[00:09:09] [343/459] RMBL
[00:09:10] [344/459] CMXN
[00:09:11] [345/459] PVBK
[00:09:12] [346/459] HHCG
[00:09:13] [347/459] SCAG
[00:09:14] [348/459] CNPR
[00:09:14] [349/459] CSER
[00:09:15] [350/459] HLWD
[00:09:16] [351/459] BOLY
[00:09:17] [352/459] SSPG
[00:09:18] [353/459] MUPX
[00:09:19] [354/459] HAMR
[00:09:20] [355/459] SDNC
[00:09:21] [356/459] RTEN
[00:09:21] [357/459] SDTD
[00:09:22] [358/459] KAWS
[00:09:23] [359/459] CMZX
[00:09:24] [360/459] DCDD
[00:09:25] [361/459] ALSN
[00:09:26] [362/459] IMXS
[00:09:26] [363/459] PVFF
[00:09:27] [364/459] PVOO
[00:09:28] [365/459] CFBS
[00:09:29] [366/459] PVER
[00:09:30] [367/459] PPNX
[00:09:31] [368/459] CNRM
[00:09:32] [369/459] PVWW
[00:09:33] [370/459] INMB
[00:09:34] [371/459] CPJR
[00:09:35] [372/459] INRZ
[00:09:36] [373/459] PMSR
[00:09:37] [374/459] GPGM
[00:09:38] [375/459] PGWB
[00:09:39] [376/459] PMBR
[00:09:40] [377/459] GPAM
[00:09:42] [378/459] INBC
[00:09:43] [379/459] PZVK
[00:09:43] [380/459] CPEB
[00:09:45] [381/459] FMLB
[00:09:45] [382/459] INBG
[00:09:47] [383/459] GPBR
[00:09:48] [384/459] PAAS
[00:09:48] [385/459] VTBR
[00:09:49] [386/459] GPMY
[00:09:50] [387/459] GYBU
[00:09:52] [388/459] INBJ
[00:09:53] [389/459] LKTH
[00:09:54] [390/459] NSBR
[00:09:55] [391/459] PDRD
[00:09:56] [392/459] VRBL
[00:09:57] [393/459] VTGB
[00:09:58] [394/459] VTSK
[00:09:59] [395/459] BKDV
[00:09:59] [396/459] SVTB
[00:10:00] [397/459] MLDT
[00:10:01] [398/459] NRBL
[00:10:02] [399/459] SLTR
[00:10:03] [400/459] VNKA
[00:10:04] [401/459] TDCA
[00:10:05] [402/459] INBM
[00:10:06] [403/459] SSNR
[00:10:07] [404/459] BHAC
[00:10:08] [405/459] SDSD
[00:10:09] [406/459] SAMP
[00:10:10] [407/459] RATK
[00:10:11] [408/459] KCBI
[00:10:12] [409/459] URBL
[00:10:13] [410/459] MKBG
[00:10:13] [411/459] ASTB
[00:10:14] [412/459] VBWT
[00:10:15] [413/459] GPSM
[00:10:16] [414/459] ROON
[00:10:16] [415/459] CHTH
[00:10:17] [416/459] SSPA
[00:10:18] [417/459] ANBL
[00:10:19] [418/459] VTBE
[00:10:20] [419/459] SVKT
[00:10:21] [420/459] SVYK
[00:10:22] [421/459] PTBK
[00:10:23] [422/459] RKTB
[00:10:24] [423/459] BALT
[00:10:25] [424/459] STSV
[00:10:26] [425/459] VCCB
[00:10:27] [426/459] SLTB
[00:10:28] [427/459] SBCR
[00:10:28] [428/459] VDCS
[00:10:29] [429/459] MDKI
[00:10:30] [430/459] SMRN
[00:10:31] [431/459] PTBC
[00:10:32] [432/459] RADI
[00:10:33] [433/459] ADCR
[00:10:34] [434/459] SDCS
[00:10:35] [435/459] SRPJ
[00:10:35] [436/459] ARTS
[00:10:37] [437/459] SRHK
[00:10:38] [438/459] SPAY
[00:10:38] [439/459] GPTB
[00:10:39] [440/459] SNNN
[00:10:40] [441/459] BALJ
[00:10:41] [442/459] TRIG
[00:10:42] [443/459] GTYT
[00:10:43] [444/459] ATGN
[00:10:44] [445/459] ANTE
[00:10:45] [446/459] BDCG
[00:10:45] [447/459] VECI
[00:10:46] [448/459] SCPR
[00:10:48] [449/459] RTEA
[00:10:49] [450/459] JSAI
[00:10:50] [451/459] VJTP
[00:10:51] [452/459] GNDS
[00:10:51] [453/459] PAXA
[00:10:52] [454/459] CGGM
[00:10:53] [455/459] ACKZ
[00:10:54] [456/459] EMCC
[00:10:55] [457/459] KLSK
[00:10:56] [458/459] AVCK
[00:10:56] [459/459] JTCK
[00:10:58] ✅ DONE | Shows=0 | Movies=0
