[00:04:03] 🚀 BMS DAILY TRACKER STARTED
[00:04:03] [1/459] MBDC
[00:04:03] 🧠 New identity
[00:04:04] [2/459] CHKM
[00:04:05] [3/459] JTKZ
[00:04:06] [4/459] CMCT
[00:04:07] [5/459] ASHO
[00:04:07] [6/459] ECDG
[00:04:08] [7/459] SPAT
[00:04:09] [8/459] HILC
[00:04:10] [9/459] SPPH
[00:04:11] [10/459] SBHN
[00:04:12] [11/459] RRCA
[00:04:13] [12/459] APAA
[00:04:14] [13/459] RAME
[00:04:14] [14/459] TMMS
[00:04:15] [15/459] BATK
[00:04:16] [16/459] LKOP
[00:04:17] [17/459] AMTT
[00:04:19] [18/459] PTGK
[00:04:19] [19/459] ANRS
[00:04:20] [20/459] VWBW
[00:04:21] [21/459] SVFG
[00:04:23] [22/459] STAT
[00:04:24] [23/459] GDCV
[00:04:25] [24/459] VEBI
[00:04:26] [25/459] VDSS
[00:04:27] [26/459] NTHV
[00:04:28] [27/459] AOCH
[00:04:29] [28/459] KASR
[00:04:30] [29/459] AYCS
[00:04:31] [30/459] SHAI
[00:04:32] [31/459] SKPE
[00:04:33] [32/459] SBTA
[00:04:34] [33/459] RTTD
[00:04:35] [34/459] CCJD
[00:04:35] [35/459] RSJJ
[00:04:36] [36/459] RKND
[00:04:37] [37/459] SVTX
[00:04:38] [38/459] BAKM
[00:04:39] [39/459] SVDC
[00:04:39] [40/459] MNCV
[00:04:40] [41/459] SJGC
[00:04:41] [42/459] MTPK
[00:04:42] [43/459] GATP
[00:04:43] [44/459] ABTS
[00:04:44] [45/459] ABDE
[00:04:45] [46/459] RCNM
[00:04:46] [47/459] KTHV
[00:04:46] [48/459] MDGJ
[00:04:47] [49/459] SMLM
[00:04:48] [50/459] JTMA
[00:04:49] [51/459] ACKP
[00:04:50] [52/459] SRTA
[00:04:51] [53/459] STAY
[00:04:52] [54/459] MAVO
[00:04:53] [55/459] APTS
[00:04:53] [56/459] OMEA
[00:04:55] [57/459] TTFD
[00:04:56] [58/459] MJCU
[00:04:56] [59/459] CXTE
[00:04:57] [60/459] CTPX
[00:04:58] [61/459] ASSL
[00:04:59] [62/459] CMVB
[00:05:00] [63/459] VPUR
[00:05:01] [64/459] JJDA
[00:05:01] [65/459] INBL
[00:05:02] [66/459] BIKB
[00:05:03] [67/459] NTBB
[00:05:04] [68/459] GLOB
[00:05:05] [69/459] SNTB
[00:05:06] [70/459] CHGV
[00:05:07] [71/459] SSBZ
[00:05:07] [72/459] PRDB
[00:05:08] [73/459] ISMT
[00:05:09] [74/459] MCSD
[00:05:10] [75/459] JBTT
[00:05:11] [76/459] GEKR
[00:05:12] [77/459] PVUN
[00:05:13] [78/459] NRTB
[00:05:13] [79/459] PRAA
[00:05:14] [80/459] PCBL
[00:05:15] [81/459] PTCM
[00:05:16] [82/459] KHNN
[00:05:17] [83/459] OMJE
[00:05:18] [84/459] STGN
[00:05:18] [85/459] RPMS
[00:05:19] [86/459] NWAD
[00:05:20] [87/459] BLCK
[00:05:21] [88/459] SVAA
[00:05:22] [89/459] URVM
[00:05:22] [90/459] ANTM
[00:05:23] [91/459] VJYM
[00:05:24] [92/459] MAZZ
[00:05:25] [93/459] CSHM
[00:05:26] [94/459] WGMH
[00:05:27] [95/459] SALN
[00:05:28] [96/459] BRTP
[00:05:28] [97/459] SVTA
[00:05:29] [98/459] SBTP
[00:05:30] [99/459] VLSS
[00:05:31] [100/459] SRJA
[00:05:32] [101/459] ANCG
[00:05:32] [102/459] CGGC
[00:05:33] [103/459] CRJA
[00:05:34] [104/459] USCR
[00:05:35] [105/459] MMEF
[00:05:36] [106/459] JCRJ
[00:05:37] [107/459] ADCM
[00:05:37] [108/459] BMYK
[00:05:38] [109/459] KICS
[00:05:39] [110/459] MBBT
[00:05:40] [111/459] MACK
[00:05:41] [112/459] CLDR
[00:05:42] [113/459] JYCR
[00:05:43] [114/459] DCRP
[00:05:43] [115/459] RAHT
[00:05:44] [116/459] CSSM
[00:05:45] [117/459] ATPK
[00:05:46] [118/459] KLRT
[00:05:47] [119/459] SRDD
[00:05:48] [120/459] CKMC
[00:05:49] [121/459] KRVM
[00:05:50] [122/459] AKCP
[00:05:51] [123/459] CNCV
[00:05:52] [124/459] PACT
[00:05:53] [125/459] NATP
[00:05:54] [126/459] PCPK
[00:05:55] [127/459] SMHO
[00:05:56] [128/459] CWTK
[00:05:57] [129/459] RVKZ
[00:05:58] [130/459] ASPD
[00:05:59] [131/459] VTKZ
[00:05:59] [132/459] LCSO
[00:06:00] [133/459] PRDY
[00:06:01] [134/459] RCAP
[00:06:02] [135/459] RGAR
[00:06:03] [136/459] RCAC
[00:06:04] [137/459] PMOD
[00:06:05] [138/459] PVCN
[00:06:05] [139/459] SCRZ
[00:06:06] [140/459] PVPC
[00:06:07] [141/459] STID
[00:06:08] [142/459] NEDD
[00:06:09] [143/459] BNBA
[00:06:10] [144/459] NTCD
[00:06:11] [145/459] OCDE
[00:06:12] [146/459] CCDU
[00:06:12] [147/459] CRXH
[00:06:13] [148/459] VLVT
[00:06:14] [149/459] CICI
[00:06:15] [150/459] SUCB
[00:06:16] [151/459] TCBP
[00:06:17] [152/459] SCCY
[00:06:19] [153/459] LXCY
[00:06:19] [154/459] NCMD
[00:06:20] [155/459] PHCS
[00:06:21] [156/459] DUXR
[00:06:22] [157/459] VNKS
[00:06:23] [158/459] SEDP
[00:06:25] [159/459] SVEN
[00:06:26] [160/459] SRKM
[00:06:26] [161/459] JTLT
[00:06:27] [162/459] SVSS
[00:06:28] [163/459] AMDE
[00:06:29] [164/459] WVRN
[00:06:30] [165/459] ISMG
[00:06:31] [166/459] WVKS
[00:06:32] [167/459] USCG
[00:06:32] [168/459] IOTG
[00:06:33] [169/459] RRJM
[00:06:34] [170/459] EDMP
[00:06:35] [171/459] SCGZ
[00:06:36] [172/459] GMGX
[00:06:37] [173/459] OMTP
[00:06:37] [174/459] MITD
[00:06:38] [175/459] SMMD
[00:06:39] [176/459] STML
[00:06:40] [177/459] MCFS
[00:06:41] [178/459] FPKA
[00:06:41] [179/459] OMLR
[00:06:43] [180/459] KKSC
[00:06:44] [181/459] RVMA
[00:06:45] [182/459] SCLL
[00:06:46] [183/459] SCDK
[00:06:46] [184/459] SXMI
[00:06:48] [185/459] SHDN
[00:06:49] [186/459] PAAD
[00:06:50] [187/459] UUCB
[00:06:50] [188/459] JHOL
[00:06:51] [189/459] SGWT
[00:06:52] [190/459] SRII
[00:06:53] [191/459] SGCK
[00:06:55] [192/459] SVVB
[00:06:56] [193/459] DMHA
[00:06:58] [194/459] PPNL
[00:06:58] [195/459] CPNL
[00:06:59] [196/459] WVLD
[00:07:00] [197/459] PSLV
[00:07:01] [198/459] VTTL
[00:07:02] [199/459] NPAD
[00:07:03] [200/459] PVCS
[00:07:03] [201/459] MCHL
[00:07:04] [202/459] PPLL
[00:07:05] [203/459] MALO
[00:07:06] [204/459] SWBH
[00:07:07] [205/459] PUGB
[00:07:07] [206/459] INBB
[00:07:08] [207/459] INNS
[00:07:09] [208/459] MCPT
[00:07:10] [209/459] SCMI
[00:07:11] [210/459] OCON
[00:07:12] [211/459] SCSM
[00:07:13] [212/459] RJVN
[00:07:13] [213/459] AMDK
[00:07:15] [214/459] ISMR
[00:07:15] [215/459] SMTD
[00:07:16] [216/459] VTDD
[00:07:17] [217/459] PDDZ
[00:07:18] [218/459] PCCK
[00:07:19] [219/459] INAM
[00:07:19] [220/459] FNKT
[00:07:20] [221/459] GDKA
[00:07:21] [222/459] MAYU
[00:07:22] [223/459] TCGU
[00:07:23] [224/459] KDCA
[00:07:23] [225/459] DOMY
[00:07:24] [226/459] PDDD
[00:07:25] [227/459] BJTS
[00:07:26] [228/459] VTCA
[00:07:26] [229/459] SBTM
[00:07:27] [230/459] SEET
[00:07:28] [231/459] SSTJ
[00:07:29] [232/459] SVNT
[00:07:30] [233/459] PPPR
[00:07:31] [234/459] PVYS
[00:07:32] [235/459] IOSE
[00:07:33] [236/459] ACTV
[00:07:34] [237/459] APVE
[00:07:35] [238/459] TCCL
[00:07:35] [239/459] SCMO
[00:07:36] [240/459] SAUM
[00:07:37] [241/459] KCJS
[00:07:38] [242/459] NJCJ
[00:07:39] [243/459] NECF
[00:07:40] [244/459] CCGW
[00:07:40] [245/459] CCMG
[00:07:41] [246/459] NYRG
[00:07:42] [247/459] NCSQ
[00:07:43] [248/459] GRCG
[00:07:44] [249/459] CCBT
[00:07:45] [250/459] ACGA
[00:07:46] [251/459] INAG
[00:07:47] [252/459] FUCG
[00:07:48] [253/459] AICF
[00:07:49] [254/459] GRGA
[00:07:49] [255/459] GDCN
[00:07:50] [256/459] RRCG
[00:07:51] [257/459] SDCH
[00:07:52] [258/459] WVJM
[00:07:52] [259/459] JCCZ
[00:07:53] [260/459] CNCL
[00:07:54] [261/459] TMLV
[00:07:55] [262/459] MEMB
[00:07:56] [263/459] SGTD
[00:07:57] [264/459] CONX
[00:07:58] [265/459] CCMH
[00:07:59] [266/459] ACMC
[00:08:00] [267/459] DTPD
[00:08:02] [268/459] POJA
[00:08:03] [269/459] FNBH
[00:08:04] [270/459] CGCB
[00:08:04] [271/459] RACN
[00:08:05] [272/459] JTSM
[00:08:07] [273/459] SCDN
[00:08:08] [274/459] AACK
[00:08:08] [275/459] RMCE
[00:08:10] [276/459] BSGB
[00:08:11] [277/459] MRCB
[00:08:12] [278/459] SRVR
[00:08:13] [279/459] VTKK
[00:08:13] [280/459] AMST
[00:08:14] [281/459] APCY
[00:08:15] [282/459] LMHO
[00:08:16] [283/459] MTZH
[00:08:17] [284/459] AMZB
[00:08:18] [285/459] SUVT
[00:08:18] [286/459] RCIP
[00:08:19] [287/459] KESR
[00:08:20] [288/459] SNKC
[00:08:21] [289/459] SCED
[00:08:22] [290/459] DVCA
[00:08:23] [291/459] VCDT
[00:08:24] [292/459] RRDI
[00:08:25] [293/459] DFCH
[00:08:26] [294/459] INSC
[00:08:27] [295/459] RGTR
[00:08:28] [296/459] FMOT
[00:08:28] [297/459] SCPM
[00:08:29] [298/459] GCDT
[00:08:30] [299/459] BRKT
[00:08:31] [300/459] DEMP
[00:08:32] [301/459] SRLC
[00:08:33] [302/459] KSTT
[00:08:34] [303/459] SMMT
[00:08:34] [304/459] SILM
[00:08:35] [305/459] JCVM
[00:08:36] [306/459] KCSV
[00:08:37] [307/459] MHLK
[00:08:39] [308/459] SLVL
[00:08:39] [309/459] RJKP
[00:08:40] [310/459] BBPC
[00:08:41] [311/459] MXCB
[00:08:42] [312/459] TCPK
[00:08:43] [313/459] RTBR
[00:08:44] [314/459] GAUT
[00:08:45] [315/459] DVCF
[00:08:46] [316/459] JTSB
[00:08:47] [317/459] SBLS
[00:08:48] [318/459] UDAY
[00:08:48] [319/459] PTNP
[00:08:49] [320/459] DMKT
[00:08:50] [321/459] NTDT
[00:08:51] [322/459] SHDJ
[00:08:51] [323/459] OTNC
[00:08:52] [324/459] RNTW
[00:08:53] [325/459] GCMI
[00:08:54] [326/459] CRCM
[00:08:55] [327/459] NNCZ
[00:08:56] [328/459] OEMO
[00:08:57] [329/459] PVJM
[00:08:57] [330/459] CPJI
[00:08:58] [331/459] RMCJ
[00:08:59] [332/459] CNWJ
[00:09:00] [333/459] EPJM
[00:09:01] [334/459] FNJJ
[00:09:02] [335/459] GCMJ
[00:09:03] [336/459] INPS
[00:09:04] [337/459] BICJ
[00:09:05] [338/459] ISTJ
[00:09:06] [339/459] INJC
[00:09:06] [340/459] GLXJ
[00:09:07] [341/459] INEM
[00:09:08] [342/459] JTMN
[00:09:09] [343/459] FRCJ
[00:09:09] [344/459] DDJP
[00:09:10] [345/459] INJV
[00:09:11] [346/459] GOLC
[00:09:12] [347/459] KOCI
[00:09:13] [348/459] FSTD
[00:09:14] [349/459] PACJ
[00:09:15] [350/459] GMCN
[00:09:16] [351/459] MMDJ
[00:09:17] [352/459] GODH
[00:09:18] [353/459] SKYN
[00:09:18] [354/459] NCTH
[00:09:19] [355/459] SKVZ
[00:09:20] [356/459] SVML
[00:09:21] [357/459] ACVZ
[00:09:22] [358/459] SURA
[00:09:23] [359/459] RTRB
[00:09:24] [360/459] LLCT
[00:09:24] [361/459] ATTS
[00:09:25] [362/459] JYCM
[00:09:26] [363/459] CTKR
[00:09:27] [364/459] LCKR
[00:09:28] [365/459] NYCV
[00:09:29] [366/459] NYOH
[00:09:30] [367/459] NOVX
[00:09:31] [368/459] MRGK
[00:09:32] [369/459] MOON
[00:09:32] [370/459] SBUC
[00:09:33] [371/459] GSVA
[00:09:34] [372/459] VIAK
[00:09:35] [373/459] SMVZ
[00:09:36] [374/459] MATE
[00:09:37] [375/459] RDCN
[00:09:38] [376/459] ASBL
[00:09:39] [377/459] ASVS
[00:09:40] [378/459] ASSR
[00:09:40] [379/459] SSKN
[00:09:42] [380/459] DRPV
[00:09:43] [381/459] MRHT
[00:09:44] [382/459] BSCN
[00:09:44] [383/459] RKNX
[00:09:46] [384/459] MSMC
[00:09:47] [385/459] MSCJ
[00:09:48] [386/459] BTBJ
[00:09:49] [387/459] MJCC
[00:09:49] [388/459] IOMM
[00:09:50] [389/459] ADGR
[00:09:51] [390/459] MYCP
[00:09:52] [391/459] IGCM
[00:09:53] [392/459] PGRK
[00:09:53] [393/459] VPGO
[00:09:54] [394/459] KOMS
[00:09:55] [395/459] URGG
[00:09:56] [396/459] GOST
[00:09:56] [397/459] LACT
[00:09:58] [398/459] BWCM
[00:09:59] [399/459] NCCW
[00:10:00] [400/459] SKYC
[00:10:02] [401/459] CCPM
[00:10:03] [402/459] VCBT
[00:10:04] [403/459] SDKR
[00:10:05] [404/459] CTYB
[00:10:06] [405/459] SHCX
[00:10:07] [406/459] RCUN
[00:10:08] [407/459] CNRA
[00:10:08] [408/459] RFCA
[00:10:09] [409/459] RDCU
[00:10:10] [410/459] SARK
[00:10:11] [411/459] SPPP
[00:10:12] [412/459] ADMB
[00:10:13] [413/459] JYOE
[00:10:14] [414/459] SRMD
[00:10:15] [415/459] RJDH
[00:10:16] [416/459] SSTD
[00:10:17] [417/459] AACV
[00:10:18] [418/459] PPVD
[00:10:18] [419/459] STCP
[00:10:19] [420/459] ANJR
[00:10:20] [421/459] ANLS
[00:10:21] [422/459] BIJO
[00:10:22] [423/459] AVAB
[00:10:23] [424/459] SPMD
[00:10:24] [425/459] SVJL
[00:10:25] [426/459] SDDJ
[00:10:26] [427/459] SLTU
[00:10:27] [428/459] SAKA
[00:10:27] [429/459] PMAM
[00:10:28] [430/459] FNAM
[00:10:29] [431/459] ACAM
[00:10:30] [432/459] SCMM
[00:10:30] [433/459] PMAK
[00:10:31] [434/459] NYSA
[00:10:32] [435/459] FCPA
[00:10:33] [436/459] GDAN
[00:10:34] [437/459] RSCA
[00:10:34] [438/459] DMAN
[00:10:35] [439/459] DZCM
[00:10:36] [440/459] NSGL
[00:10:37] [441/459] CCPP
[00:10:39] [442/459] PSMG
[00:10:40] [443/459] GSER
[00:10:41] [444/459] FCCT
[00:10:42] [445/459] FCTB
[00:10:43] [446/459] LCNK
[00:10:44] [447/459] SKTY
[00:10:45] [448/459] INAA
[00:10:46] [449/459] RCWN
[00:10:46] [450/459] VAIS
[00:10:47] [451/459] CVMN
[00:10:48] [452/459] INTS
[00:10:49] [453/459] FRGS
[00:10:50] [454/459] DTCK
[00:10:51] [455/459] MCMH
[00:10:52] [456/459] ECRR
[00:10:53] [457/459] RLLP
[00:10:53] [458/459] CCSN
[00:10:54] [459/459] CCBA
[00:10:55] ✅ DONE | Shows=1 | Movies=1
[00:48:35] 🚀 BMS DAILY TRACKER STARTED
[00:48:35] [1/459] MBDC
[00:48:35] 🧠 New identity
[00:48:36] [2/459] CHKM
[00:48:36] [3/459] JTKZ
[00:48:37] [4/459] CMCT
[00:48:38] [5/459] ASHO
[00:48:38] [6/459] ECDG
[00:48:39] [7/459] SPAT
[00:48:39] [8/459] HILC
[00:48:40] [9/459] SPPH
[00:48:41] [10/459] SBHN
[00:48:41] [11/459] RRCA
[00:48:42] [12/459] APAA
[00:48:43] [13/459] RAME
[00:48:44] [14/459] TMMS
[00:48:44] [15/459] BATK
[00:48:45] [16/459] LKOP
[00:48:45] [17/459] AMTT
[00:48:46] [18/459] PTGK
[00:48:47] [19/459] ANRS
[00:48:47] [20/459] VWBW
[00:48:48] [21/459] SVFG
[00:48:48] [22/459] STAT
[00:48:49] [23/459] GDCV
[00:48:49] [24/459] VEBI
[00:48:50] [25/459] VDSS
[00:48:51] [26/459] NTHV
[00:48:52] [27/459] AOCH
[00:48:52] [28/459] KASR
[00:48:53] [29/459] AYCS
[00:48:53] [30/459] SHAI
[00:48:54] [31/459] SKPE
[00:48:55] [32/459] SBTA
[00:48:55] [33/459] RTTD
[00:48:56] [34/459] CCJD
[00:48:57] [35/459] RSJJ
[00:48:57] [36/459] RKND
[00:48:58] [37/459] SVTX
[00:48:59] [38/459] BAKM
[00:48:59] [39/459] SVDC
[00:49:00] [40/459] MNCV
[00:49:01] [41/459] SJGC
[00:49:01] [42/459] MTPK
[00:49:02] [43/459] GATP
[00:49:03] [44/459] ABTS
[00:49:03] [45/459] ABDE
[00:49:04] [46/459] RCNM
[00:49:04] [47/459] KTHV
[00:49:05] [48/459] MDGJ
[00:49:06] [49/459] SMLM
[00:49:07] [50/459] JTMA
[00:49:07] [51/459] ACKP
[00:49:08] [52/459] SRTA
[00:49:08] [53/459] STAY
[00:49:09] [54/459] MAVO
[00:49:10] [55/459] APTS
[00:49:10] [56/459] OMEA
[00:49:11] [57/459] TTFD
[00:49:12] [58/459] MJCU
[00:49:13] [59/459] CXTE
[00:49:13] [60/459] CTPX
[00:49:14] [61/459] ASSL
[00:49:14] [62/459] CMVB
[00:49:15] [63/459] VPUR
[00:49:15] [64/459] JJDA
[00:49:16] [65/459] INBL
[00:49:17] [66/459] BIKB
[00:49:18] [67/459] NTBB
[00:49:18] [68/459] GLOB
[00:49:19] [69/459] SNTB
[00:49:19] [70/459] CHGV
[00:49:20] [71/459] SSBZ
[00:49:21] [72/459] PRDB
[00:49:21] [73/459] ISMT
[00:49:22] [74/459] MCSD
[00:49:22] [75/459] JBTT
[00:49:23] [76/459] GEKR
[00:49:24] [77/459] PVUN
[00:49:24] [78/459] NRTB
[00:49:25] [79/459] PRAA
[00:49:26] [80/459] PCBL
[00:49:27] [81/459] PTCM
[00:49:27] [82/459] KHNN
[00:49:28] [83/459] OMJE
[00:49:29] [84/459] STGN
[00:49:30] [85/459] RPMS
[00:49:30] [86/459] NWAD
[00:49:31] [87/459] BLCK
[00:49:31] [88/459] SVAA
[00:49:32] [89/459] URVM
[00:49:33] [90/459] ANTM
[00:49:33] [91/459] VJYM
[00:49:34] [92/459] MAZZ
[00:49:35] [93/459] CSHM
[00:49:35] [94/459] WGMH
[00:49:36] [95/459] SALN
[00:49:37] [96/459] BRTP
[00:49:38] [97/459] SVTA
[00:49:38] [98/459] SBTP
[00:49:39] [99/459] VLSS
[00:49:39] [100/459] SRJA
[00:49:40] [101/459] ANCG
[00:49:41] [102/459] CGGC
[00:49:41] [103/459] CRJA
[00:49:42] [104/459] USCR
[00:49:43] [105/459] MMEF
[00:49:43] [106/459] JCRJ
[00:49:44] [107/459] ADCM
[00:49:44] [108/459] BMYK
[00:49:45] [109/459] KICS
[00:49:45] [110/459] MBBT
[00:49:46] [111/459] MACK
[00:49:47] [112/459] CLDR
[00:49:48] [113/459] JYCR
[00:49:48] [114/459] DCRP
[00:49:49] [115/459] RAHT
[00:49:50] [116/459] CSSM
[00:49:50] [117/459] ATPK
[00:49:51] [118/459] KLRT
[00:49:51] [119/459] SRDD
[00:49:52] [120/459] CKMC
[00:49:52] [121/459] KRVM
[00:49:53] [122/459] AKCP
[00:49:54] [123/459] CNCV
[00:49:54] [124/459] PACT
[00:49:55] [125/459] NATP
[00:49:56] [126/459] PCPK
[00:49:56] [127/459] SMHO
[00:49:57] [128/459] CWTK
[00:49:58] [129/459] RVKZ
[00:49:58] [130/459] ASPD
[00:49:59] [131/459] VTKZ
[00:49:59] [132/459] LCSO
[00:50:00] [133/459] PRDY
[00:50:00] [134/459] RCAP
[00:50:01] [135/459] RGAR
[00:50:02] [136/459] RCAC
[00:50:02] [137/459] PMOD
[00:50:03] [138/459] PVCN
[00:50:04] [139/459] SCRZ
[00:50:04] [140/459] PVPC
[00:50:05] [141/459] STID
[00:50:06] [142/459] NEDD
[00:50:06] [143/459] BNBA
[00:50:07] [144/459] NTCD
[00:50:07] [145/459] OCDE
[00:50:08] [146/459] CCDU
[00:50:08] [147/459] CRXH
[00:50:09] [148/459] VLVT
[00:50:10] [149/459] CICI
[00:50:10] [150/459] SUCB
[00:50:11] [151/459] TCBP
[00:50:11] [152/459] SCCY
[00:50:12] [153/459] LXCY
[00:50:13] [154/459] NCMD
[00:50:13] [155/459] PHCS
[00:50:14] [156/459] DUXR
[00:50:15] [157/459] VNKS
[00:50:15] [158/459] SEDP
[00:50:16] [159/459] SVEN
[00:50:17] [160/459] SRKM
[00:50:18] [161/459] JTLT
[00:50:18] [162/459] SVSS
[00:50:19] [163/459] AMDE
[00:50:20] [164/459] WVRN
[00:50:20] [165/459] ISMG
[00:50:21] [166/459] WVKS
[00:50:21] [167/459] USCG
[00:50:22] [168/459] IOTG
[00:50:23] [169/459] RRJM
[00:50:23] [170/459] EDMP
[00:50:24] [171/459] SCGZ
[00:50:24] [172/459] GMGX
[00:50:25] [173/459] OMTP
[00:50:25] [174/459] MITD
[00:50:26] [175/459] SMMD
[00:50:27] [176/459] STML
[00:50:27] [177/459] MCFS
[00:50:28] [178/459] FPKA
[00:50:28] [179/459] OMLR
[00:50:29] [180/459] KKSC
[00:50:29] [181/459] RVMA
[00:50:30] [182/459] SCLL
[00:50:31] [183/459] SCDK
[00:50:31] [184/459] SXMI
[00:50:32] [185/459] SHDN
[00:50:33] [186/459] PAAD
[00:50:33] [187/459] UUCB
[00:50:34] [188/459] JHOL
[00:50:35] [189/459] SGWT
[00:50:35] [190/459] SRII
[00:50:36] [191/459] SGCK
[00:50:37] [192/459] SVVB
[00:50:38] [193/459] DMHA
[00:50:38] [194/459] PPNL
[00:50:39] [195/459] CPNL
[00:50:39] [196/459] WVLD
[00:50:40] [197/459] PSLV
[00:50:41] [198/459] VTTL
[00:50:41] [199/459] NPAD
[00:50:42] [200/459] PVCS
[00:50:43] [201/459] MCHL
[00:50:43] [202/459] PPLL
[00:50:44] [203/459] MALO
[00:50:45] [204/459] SWBH
[00:50:45] [205/459] PUGB
[00:50:46] [206/459] INBB
[00:50:46] [207/459] INNS
[00:50:47] [208/459] MCPT
[00:50:48] [209/459] SCMI
[00:50:48] [210/459] OCON
[00:50:49] [211/459] SCSM
[00:50:49] [212/459] RJVN
[00:50:50] [213/459] AMDK
[00:50:50] [214/459] ISMR
[00:50:51] [215/459] SMTD
[00:50:52] [216/459] VTDD
[00:50:52] [217/459] PDDZ
[00:50:53] [218/459] PCCK
[00:50:53] [219/459] INAM
[00:50:54] [220/459] FNKT
[00:50:55] [221/459] GDKA
[00:50:55] [222/459] MAYU
[00:50:56] [223/459] TCGU
[00:50:57] [224/459] KDCA
[00:50:57] [225/459] DOMY
[00:50:58] [226/459] PDDD
[00:50:59] [227/459] BJTS
[00:50:59] [228/459] VTCA
[00:51:00] [229/459] SBTM
[00:51:00] [230/459] SEET
[00:51:01] [231/459] SSTJ
[00:51:02] [232/459] SVNT
[00:51:02] [233/459] PPPR
[00:51:03] [234/459] PVYS
[00:51:04] [235/459] IOSE
[00:51:04] [236/459] ACTV
[00:51:05] [237/459] APVE
[00:51:05] [238/459] TCCL
[00:51:06] [239/459] SCMO
[00:51:07] [240/459] SAUM
[00:51:07] [241/459] KCJS
[00:51:08] [242/459] NJCJ
[00:51:09] [243/459] NECF
[00:51:09] [244/459] CCGW
[00:51:10] [245/459] CCMG
[00:51:10] [246/459] NYRG
[00:51:11] [247/459] NCSQ
[00:51:12] [248/459] GRCG
[00:51:13] [249/459] CCBT
[00:51:13] [250/459] ACGA
[00:51:14] [251/459] INAG
[00:51:14] [252/459] FUCG
[00:51:15] [253/459] AICF
[00:51:16] [254/459] GRGA
[00:51:17] [255/459] GDCN
[00:51:17] [256/459] RRCG
[00:51:18] [257/459] SDCH
[00:51:19] [258/459] WVJM
[00:51:19] [259/459] JCCZ
[00:51:20] [260/459] CNCL
[00:51:20] [261/459] TMLV
[00:51:21] [262/459] MEMB
[00:51:22] [263/459] SGTD
[00:51:22] [264/459] CONX
[00:51:23] [265/459] CCMH
[00:51:24] [266/459] ACMC
[00:51:24] [267/459] DTPD
[00:51:25] [268/459] POJA
[00:51:25] [269/459] FNBH
[00:51:26] [270/459] CGCB
[00:51:27] [271/459] RACN
[00:51:27] [272/459] JTSM
[00:51:28] [273/459] SCDN
[00:51:29] [274/459] AACK
[00:51:29] [275/459] RMCE
[00:51:30] [276/459] BSGB
[00:51:31] [277/459] MRCB
[00:51:32] [278/459] SRVR
[00:51:32] [279/459] VTKK
[00:51:33] [280/459] AMST
[00:51:33] [281/459] APCY
[00:51:34] [282/459] LMHO
[00:51:34] [283/459] MTZH
[00:51:35] [284/459] AMZB
[00:51:36] [285/459] SUVT
[00:51:36] [286/459] RCIP
[00:51:37] [287/459] KESR
[00:51:37] [288/459] SNKC
[00:51:38] [289/459] SCED
[00:51:38] [290/459] DVCA
[00:51:39] [291/459] VCDT
[00:51:40] [292/459] RRDI
[00:51:40] [293/459] DFCH
[00:51:41] [294/459] INSC
[00:51:41] [295/459] RGTR
[00:51:42] [296/459] FMOT
[00:51:42] [297/459] SCPM
[00:51:43] [298/459] GCDT
[00:51:44] [299/459] BRKT
[00:51:44] [300/459] DEMP
[00:51:45] [301/459] SRLC
[00:51:46] [302/459] KSTT
[00:51:46] [303/459] SMMT
[00:51:47] [304/459] SILM
[00:51:48] [305/459] JCVM
[00:51:48] [306/459] KCSV
[00:51:49] [307/459] MHLK
[00:51:49] [308/459] SLVL
[00:51:50] [309/459] RJKP
[00:51:51] [310/459] BBPC
[00:51:51] [311/459] MXCB
[00:51:52] [312/459] TCPK
[00:51:53] [313/459] RTBR
[00:51:54] [314/459] GAUT
[00:51:54] [315/459] DVCF
[00:51:55] [316/459] JTSB
[00:51:56] [317/459] SBLS
[00:51:56] [318/459] UDAY
[00:51:57] [319/459] PTNP
[00:51:57] [320/459] DMKT
[00:51:58] [321/459] NTDT
[00:51:59] [322/459] SHDJ
[00:51:59] [323/459] OTNC
[00:52:00] [324/459] RNTW
[00:52:01] [325/459] GCMI
[00:52:01] [326/459] CRCM
[00:52:02] [327/459] NNCZ
[00:52:03] [328/459] OEMO
[00:52:03] [329/459] PVJM
[00:52:04] [330/459] CPJI
[00:52:04] [331/459] RMCJ
[00:52:05] [332/459] CNWJ
[00:52:05] [333/459] EPJM
[00:52:06] [334/459] FNJJ
[00:52:07] [335/459] GCMJ
[00:52:07] [336/459] INPS
[00:52:08] [337/459] BICJ
[00:52:09] [338/459] ISTJ
[00:52:09] [339/459] INJC
[00:52:10] [340/459] GLXJ
[00:52:10] [341/459] INEM
[00:52:11] [342/459] JTMN
[00:52:12] [343/459] FRCJ
[00:52:12] [344/459] DDJP
[00:52:13] [345/459] INJV
[00:52:13] [346/459] GOLC
[00:52:14] [347/459] KOCI
[00:52:15] [348/459] FSTD
[00:52:15] [349/459] PACJ
[00:52:16] [350/459] GMCN
[00:52:16] [351/459] MMDJ
[00:52:17] [352/459] GODH
[00:52:18] [353/459] SKYN
[00:52:18] [354/459] NCTH
[00:52:19] [355/459] SKVZ
[00:52:19] [356/459] SVML
[00:52:20] [357/459] ACVZ
[00:52:21] [358/459] SURA
[00:52:21] [359/459] RTRB
[00:52:22] [360/459] LLCT
[00:52:22] [361/459] ATTS
[00:52:23] [362/459] JYCM
[00:52:23] [363/459] CTKR
[00:52:24] [364/459] LCKR
[00:52:24] [365/459] NYCV
[00:52:25] [366/459] NYOH
[00:52:25] [367/459] NOVX
[00:52:26] [368/459] MRGK
[00:52:27] [369/459] MOON
[00:52:27] [370/459] SBUC
[00:52:28] [371/459] GSVA
[00:52:29] [372/459] VIAK
[00:52:29] [373/459] SMVZ
[00:52:30] [374/459] MATE
[00:52:30] [375/459] RDCN
[00:52:31] [376/459] ASBL
[00:52:31] [377/459] ASVS
[00:52:32] [378/459] ASSR
[00:52:33] [379/459] SSKN
[00:52:33] [380/459] DRPV
[00:52:34] [381/459] MRHT
[00:52:34] [382/459] BSCN
[00:52:35] [383/459] RKNX
[00:52:36] [384/459] MSMC
[00:52:36] [385/459] MSCJ
[00:52:37] [386/459] BTBJ
[00:52:37] [387/459] MJCC
[00:52:38] [388/459] IOMM
[00:52:38] [389/459] ADGR
[00:52:39] [390/459] MYCP
[00:52:39] [391/459] IGCM
[00:52:40] [392/459] PGRK
[00:52:41] [393/459] VPGO
[00:52:41] [394/459] KOMS
[00:52:42] [395/459] URGG
[00:52:42] [396/459] GOST
[00:52:43] [397/459] LACT
[00:52:43] [398/459] BWCM
[00:52:44] [399/459] NCCW
[00:52:45] [400/459] SKYC
[00:52:45] [401/459] CCPM
[00:52:46] [402/459] VCBT
[00:52:46] [403/459] SDKR
[00:52:47] [404/459] CTYB
[00:52:48] [405/459] SHCX
[00:52:48] [406/459] RCUN
[00:52:49] [407/459] CNRA
[00:52:50] [408/459] RFCA
[00:52:50] [409/459] RDCU
[00:52:51] [410/459] SARK
[00:52:51] [411/459] SPPP
[00:52:52] [412/459] ADMB
[00:52:53] [413/459] JYOE
[00:52:53] [414/459] SRMD
[00:52:54] [415/459] RJDH
[00:52:54] [416/459] SSTD
[00:52:55] [417/459] AACV
[00:52:56] [418/459] PPVD
[00:52:56] [419/459] STCP
[00:52:57] [420/459] ANJR
[00:52:57] [421/459] ANLS
[00:52:58] [422/459] BIJO
[00:52:59] [423/459] AVAB
[00:52:59] [424/459] SPMD
[00:53:00] [425/459] SVJL
[00:53:00] [426/459] SDDJ
[00:53:01] [427/459] SLTU
[00:53:02] [428/459] SAKA
[00:53:02] [429/459] PMAM
[00:53:03] [430/459] FNAM
[00:53:04] [431/459] ACAM
[00:53:04] [432/459] SCMM
[00:53:05] [433/459] PMAK
[00:53:06] [434/459] NYSA
[00:53:06] [435/459] FCPA
[00:53:07] [436/459] GDAN
[00:53:07] [437/459] RSCA
[00:53:08] [438/459] DMAN
[00:53:09] [439/459] DZCM
[00:53:09] [440/459] NSGL
[00:53:10] [441/459] CCPP
[00:53:11] [442/459] PSMG
[00:53:11] [443/459] GSER
[00:53:12] [444/459] FCCT
[00:53:13] [445/459] FCTB
[00:53:13] [446/459] LCNK
[00:53:14] [447/459] SKTY
[00:53:14] [448/459] INAA
[00:53:15] [449/459] RCWN
[00:53:16] [450/459] VAIS
[00:53:16] [451/459] CVMN
[00:53:17] [452/459] INTS
[00:53:18] [453/459] FRGS
[00:53:18] [454/459] DTCK
[00:53:19] [455/459] MCMH
[00:53:19] [456/459] ECRR
[00:53:20] [457/459] RLLP
[00:53:21] [458/459] CCSN
[00:53:21] [459/459] CCBA
[00:53:22] ✅ DONE | Shows=1 | Movies=1
[01:55:48] 🚀 BMS DAILY TRACKER STARTED
[01:55:48] [1/459] MBDC
[01:55:48] 🧠 New identity
[01:55:49] [2/459] CHKM
[01:55:49] [3/459] JTKZ
[01:55:50] [4/459] CMCT
[01:55:51] [5/459] ASHO
[01:55:51] [6/459] ECDG
[01:55:52] [7/459] SPAT
[01:55:53] [8/459] HILC
[01:55:53] [9/459] SPPH
[01:55:54] [10/459] SBHN
[01:55:54] [11/459] RRCA
[01:55:55] [12/459] APAA
[01:55:56] [13/459] RAME
[01:55:56] [14/459] TMMS
[01:55:57] [15/459] BATK
[01:55:57] [16/459] LKOP
[01:55:58] [17/459] AMTT
[01:55:59] [18/459] PTGK
[01:56:00] [19/459] ANRS
[01:56:00] [20/459] VWBW
[01:56:01] [21/459] SVFG
[01:56:01] [22/459] STAT
[01:56:02] [23/459] GDCV
[01:56:03] [24/459] VEBI
[01:56:03] [25/459] VDSS
[01:56:04] [26/459] NTHV
[01:56:04] [27/459] AOCH
[01:56:05] [28/459] KASR
[01:56:06] [29/459] AYCS
[01:56:06] [30/459] SHAI
[01:56:07] [31/459] SKPE
[01:56:07] [32/459] SBTA
[01:56:08] [33/459] RTTD
[01:56:09] [34/459] CCJD
[01:56:10] [35/459] RSJJ
[01:56:10] [36/459] RKND
[01:56:10] [37/459] SVTX
[01:56:11] [38/459] BAKM
[01:56:12] [39/459] SVDC
[01:56:12] [40/459] MNCV
[01:56:13] [41/459] SJGC
[01:56:14] [42/459] MTPK
[01:56:14] [43/459] GATP
[01:56:15] [44/459] ABTS
[01:56:16] [45/459] ABDE
[01:56:16] [46/459] RCNM
[01:56:17] [47/459] KTHV
[01:56:17] [48/459] MDGJ
[01:56:18] [49/459] SMLM
[01:56:18] [50/459] JTMA
[01:56:19] [51/459] ACKP
[01:56:19] [52/459] SRTA
[01:56:20] [53/459] STAY
[01:56:21] [54/459] MAVO
[01:56:21] [55/459] APTS
[01:56:22] [56/459] OMEA
[01:56:23] [57/459] TTFD
[01:56:23] [58/459] MJCU
[01:56:24] [59/459] CXTE
[01:56:24] [60/459] CTPX
[01:56:25] [61/459] ASSL
[01:56:25] [62/459] CMVB
[01:56:26] [63/459] VPUR
[01:56:27] [64/459] JJDA
[01:56:27] [65/459] INBL
[01:56:28] [66/459] BIKB
[01:56:28] [67/459] NTBB
[01:56:29] [68/459] GLOB
[01:56:30] [69/459] SNTB
[01:56:30] [70/459] CHGV
[01:56:31] [71/459] SSBZ
[01:56:31] [72/459] PRDB
[01:56:32] [73/459] ISMT
[01:56:33] [74/459] MCSD
[01:56:33] [75/459] JBTT
[01:56:34] [76/459] GEKR
[01:56:34] [77/459] PVUN
[01:56:35] [78/459] NRTB
[01:56:36] [79/459] PRAA
[01:56:36] [80/459] PCBL
[01:56:37] [81/459] PTCM
[01:56:38] [82/459] KHNN
[01:56:38] [83/459] OMJE
[01:56:39] [84/459] STGN
[01:56:39] [85/459] RPMS
[01:56:40] [86/459] NWAD
[01:56:40] [87/459] BLCK
[01:56:41] [88/459] SVAA
[01:56:42] [89/459] URVM
[01:56:42] [90/459] ANTM
[01:56:43] [91/459] VJYM
[01:56:44] [92/459] MAZZ
[01:56:44] [93/459] CSHM
[01:56:45] [94/459] WGMH
[01:56:45] [95/459] SALN
[01:56:46] [96/459] BRTP
[01:56:47] [97/459] SVTA
[01:56:47] [98/459] SBTP
[01:56:48] [99/459] VLSS
[01:56:48] [100/459] SRJA
[01:56:49] [101/459] ANCG
[01:56:49] [102/459] CGGC
[01:56:50] [103/459] CRJA
[01:56:50] [104/459] USCR
[01:56:51] [105/459] MMEF
[01:56:52] [106/459] JCRJ
[01:56:52] [107/459] ADCM
[01:56:53] [108/459] BMYK
[01:56:53] [109/459] KICS
[01:56:54] [110/459] MBBT
[01:56:54] [111/459] MACK
[01:56:55] [112/459] CLDR
[01:56:55] [113/459] JYCR
[01:56:56] [114/459] DCRP
[01:56:56] [115/459] RAHT
[01:56:57] [116/459] CSSM
[01:56:58] [117/459] ATPK
[01:56:59] [118/459] KLRT
[01:56:59] [119/459] SRDD
[01:57:00] [120/459] CKMC
[01:57:00] [121/459] KRVM
[01:57:01] [122/459] AKCP
[01:57:01] [123/459] CNCV
[01:57:02] [124/459] PACT
[01:57:02] [125/459] NATP
[01:57:03] [126/459] PCPK
[01:57:04] [127/459] SMHO
[01:57:04] [128/459] CWTK
[01:57:05] [129/459] RVKZ
[01:57:05] [130/459] ASPD
[01:57:06] [131/459] VTKZ
[01:57:06] [132/459] LCSO
[01:57:07] [133/459] PRDY
[01:57:08] [134/459] RCAP
[01:57:08] [135/459] RGAR
[01:57:09] [136/459] RCAC
[01:57:10] [137/459] PMOD
[01:57:10] [138/459] PVCN
[01:57:11] [139/459] SCRZ
[01:57:12] [140/459] PVPC
[01:57:12] [141/459] STID
[01:57:13] [142/459] NEDD
[01:57:13] [143/459] BNBA
[01:57:14] [144/459] NTCD
[01:57:15] [145/459] OCDE
[01:57:15] [146/459] CCDU
[01:57:16] [147/459] CRXH
[01:57:16] [148/459] VLVT
[01:57:17] [149/459] CICI
[01:57:18] [150/459] SUCB
[01:57:18] [151/459] TCBP
[01:57:19] [152/459] SCCY
[01:57:20] [153/459] LXCY
[01:57:20] [154/459] NCMD
[01:57:21] [155/459] PHCS
[01:57:21] [156/459] DUXR
[01:57:22] [157/459] VNKS
[01:57:23] [158/459] SEDP
[01:57:23] [159/459] SVEN
[01:57:24] [160/459] SRKM
[01:57:24] [161/459] JTLT
[01:57:25] [162/459] SVSS
[01:57:26] [163/459] AMDE
[01:57:26] [164/459] WVRN
[01:57:27] [165/459] ISMG
[01:57:27] [166/459] WVKS
[01:57:28] [167/459] USCG
[01:57:29] [168/459] IOTG
[01:57:29] [169/459] RRJM
[01:57:30] [170/459] EDMP
[01:57:30] [171/459] SCGZ
[01:57:31] [172/459] GMGX
[01:57:31] [173/459] OMTP
[01:57:32] [174/459] MITD
[01:57:33] [175/459] SMMD
[01:57:33] [176/459] STML
[01:57:34] [177/459] MCFS
[01:57:34] [178/459] FPKA
[01:57:35] [179/459] OMLR
[01:57:35] [180/459] KKSC
[01:57:36] [181/459] RVMA
[01:57:37] [182/459] SCLL
[01:57:37] [183/459] SCDK
[01:57:38] [184/459] SXMI
[01:57:38] [185/459] SHDN
[01:57:39] [186/459] PAAD
[01:57:40] [187/459] UUCB
[01:57:40] [188/459] JHOL
[01:57:41] [189/459] SGWT
[01:57:42] [190/459] SRII
[01:57:42] [191/459] SGCK
[01:57:43] [192/459] SVVB
[01:57:43] [193/459] DMHA
[01:57:44] [194/459] PPNL
[01:57:45] [195/459] CPNL
[01:57:45] [196/459] WVLD
[01:57:46] [197/459] PSLV
[01:57:46] [198/459] VTTL
[01:57:47] [199/459] NPAD
[01:57:48] [200/459] PVCS
[01:57:48] [201/459] MCHL
[01:57:49] [202/459] PPLL
[01:57:49] [203/459] MALO
[01:57:50] [204/459] SWBH
[01:57:50] [205/459] PUGB
[01:57:51] [206/459] INBB
[01:57:52] [207/459] INNS
[01:57:52] [208/459] MCPT
[01:57:53] [209/459] SCMI
[01:57:53] [210/459] OCON
[01:57:54] [211/459] SCSM
[01:57:55] [212/459] RJVN
[01:57:55] [213/459] AMDK
[01:57:56] [214/459] ISMR
[01:57:56] [215/459] SMTD
[01:57:57] [216/459] VTDD
[01:57:58] [217/459] PDDZ
[01:57:58] [218/459] PCCK
[01:57:59] [219/459] INAM
[01:57:59] [220/459] FNKT
[01:58:00] [221/459] GDKA
[01:58:00] [222/459] MAYU
[01:58:01] [223/459] TCGU
[01:58:01] [224/459] KDCA
[01:58:02] [225/459] DOMY
[01:58:02] [226/459] PDDD
[01:58:03] [227/459] BJTS
[01:58:03] [228/459] VTCA
[01:58:04] [229/459] SBTM
[01:58:04] [230/459] SEET
[01:58:05] [231/459] SSTJ
[01:58:06] [232/459] SVNT
[01:58:06] [233/459] PPPR
[01:58:07] [234/459] PVYS
[01:58:07] [235/459] IOSE
[01:58:08] [236/459] ACTV
[01:58:09] [237/459] APVE
[01:58:09] [238/459] TCCL
[01:58:10] [239/459] SCMO
[01:58:10] [240/459] SAUM
[01:58:11] [241/459] KCJS
[01:58:11] [242/459] NJCJ
[01:58:12] [243/459] NECF
[01:58:12] [244/459] CCGW
[01:58:13] [245/459] CCMG
[01:58:14] [246/459] NYRG
[01:58:14] [247/459] NCSQ
[01:58:15] [248/459] GRCG
[01:58:15] [249/459] CCBT
[01:58:16] [250/459] ACGA
[01:58:16] [251/459] INAG
[01:58:17] [252/459] FUCG
[01:58:17] [253/459] AICF
[01:58:18] [254/459] GRGA
[01:58:18] [255/459] GDCN
[01:58:19] [256/459] RRCG
[01:58:19] [257/459] SDCH
[01:58:20] [258/459] WVJM
[01:58:21] [259/459] JCCZ
[01:58:21] [260/459] CNCL
[01:58:22] [261/459] TMLV
[01:58:22] [262/459] MEMB
[01:58:23] [263/459] SGTD
[01:58:23] [264/459] CONX
[01:58:24] [265/459] CCMH
[01:58:25] [266/459] ACMC
[01:58:26] [267/459] DTPD
[01:58:26] [268/459] POJA
[01:58:27] [269/459] FNBH
[01:58:28] [270/459] CGCB
[01:58:28] [271/459] RACN
[01:58:29] [272/459] JTSM
[01:58:30] [273/459] SCDN
[01:58:30] [274/459] AACK
[01:58:31] [275/459] RMCE
[01:58:31] [276/459] BSGB
[01:58:32] [277/459] MRCB
[01:58:33] [278/459] SRVR
[01:58:33] [279/459] VTKK
[01:58:34] [280/459] AMST
[01:58:35] [281/459] APCY
[01:58:35] [282/459] LMHO
[01:58:36] [283/459] MTZH
[01:58:36] [284/459] AMZB
[01:58:37] [285/459] SUVT
[01:58:38] [286/459] RCIP
[01:58:38] [287/459] KESR
[01:58:39] [288/459] SNKC
[01:58:39] [289/459] SCED
[01:58:40] [290/459] DVCA
[01:58:40] [291/459] VCDT
[01:58:41] [292/459] RRDI
[01:58:41] [293/459] DFCH
[01:58:42] [294/459] INSC
[01:58:43] [295/459] RGTR
[01:58:43] [296/459] FMOT
[01:58:44] [297/459] SCPM
[01:58:45] [298/459] GCDT
[01:58:45] [299/459] BRKT
[01:58:46] [300/459] DEMP
[01:58:46] [301/459] SRLC
[01:58:47] [302/459] KSTT
[01:58:48] [303/459] SMMT
[01:58:48] [304/459] SILM
[01:58:49] [305/459] JCVM
[01:58:50] [306/459] KCSV
[01:58:50] [307/459] MHLK
[01:58:51] [308/459] SLVL
[01:58:51] [309/459] RJKP
[01:58:52] [310/459] BBPC
[01:58:53] [311/459] MXCB
[01:58:53] [312/459] TCPK
[01:58:54] [313/459] RTBR
[01:58:54] [314/459] GAUT
[01:58:55] [315/459] DVCF
[01:58:55] [316/459] JTSB
[01:58:56] [317/459] SBLS
[01:58:57] [318/459] UDAY
[01:58:57] [319/459] PTNP
[01:58:58] [320/459] DMKT
[01:58:58] [321/459] NTDT
[01:58:59] [322/459] SHDJ
[01:59:00] [323/459] OTNC
[01:59:00] [324/459] RNTW
[01:59:01] [325/459] GCMI
[01:59:02] [326/459] CRCM
[01:59:02] [327/459] NNCZ
[01:59:03] [328/459] OEMO
[01:59:03] [329/459] PVJM
[01:59:04] [330/459] CPJI
[01:59:04] [331/459] RMCJ
[01:59:05] [332/459] CNWJ
[01:59:06] [333/459] EPJM
[01:59:06] [334/459] FNJJ
[01:59:07] [335/459] GCMJ
[01:59:08] [336/459] INPS
[01:59:08] [337/459] BICJ
[01:59:09] [338/459] ISTJ
[01:59:10] [339/459] INJC
[01:59:10] [340/459] GLXJ
[01:59:11] [341/459] INEM
[01:59:11] [342/459] JTMN
[01:59:12] [343/459] FRCJ
[01:59:13] [344/459] DDJP
[01:59:13] [345/459] INJV
[01:59:14] [346/459] GOLC
[01:59:14] [347/459] KOCI
[01:59:15] [348/459] FSTD
[01:59:15] [349/459] PACJ
[01:59:16] [350/459] GMCN
[01:59:17] [351/459] MMDJ
[01:59:17] [352/459] GODH
[01:59:18] [353/459] SKYN
[01:59:18] [354/459] NCTH
[01:59:19] [355/459] SKVZ
[01:59:19] [356/459] SVML
[01:59:20] [357/459] ACVZ
[01:59:21] [358/459] SURA
[01:59:21] [359/459] RTRB
[01:59:22] [360/459] LLCT
[01:59:23] [361/459] ATTS
[01:59:23] [362/459] JYCM
[01:59:24] [363/459] CTKR
[01:59:24] [364/459] LCKR
[01:59:25] [365/459] NYCV
[01:59:25] [366/459] NYOH
[01:59:26] [367/459] NOVX
[01:59:26] [368/459] MRGK
[01:59:27] [369/459] MOON
[01:59:28] [370/459] SBUC
[01:59:28] [371/459] GSVA
[01:59:29] [372/459] VIAK
[01:59:29] [373/459] SMVZ
[01:59:30] [374/459] MATE
[01:59:31] [375/459] RDCN
[01:59:31] [376/459] ASBL
[01:59:32] [377/459] ASVS
[01:59:32] [378/459] ASSR
[01:59:33] [379/459] SSKN
[01:59:33] [380/459] DRPV
[01:59:34] [381/459] MRHT
[01:59:34] [382/459] BSCN
[01:59:35] [383/459] RKNX
[01:59:36] [384/459] MSMC
[01:59:36] [385/459] MSCJ
[01:59:37] [386/459] BTBJ
[01:59:37] [387/459] MJCC
[01:59:38] [388/459] IOMM
[01:59:39] [389/459] ADGR
[01:59:39] [390/459] MYCP
[01:59:40] [391/459] IGCM
[01:59:40] [392/459] PGRK
[01:59:41] [393/459] VPGO
[01:59:41] [394/459] KOMS
[01:59:42] [395/459] URGG
[01:59:42] [396/459] GOST
[01:59:43] [397/459] LACT
[01:59:44] [398/459] BWCM
[01:59:44] [399/459] NCCW
[01:59:45] [400/459] SKYC
[01:59:45] [401/459] CCPM
[01:59:46] [402/459] VCBT
[01:59:47] [403/459] SDKR
[01:59:47] [404/459] CTYB
[01:59:48] [405/459] SHCX
[01:59:48] [406/459] RCUN
[01:59:49] [407/459] CNRA
[01:59:50] [408/459] RFCA
[01:59:50] [409/459] RDCU
[01:59:51] [410/459] SARK
[01:59:51] [411/459] SPPP
[01:59:52] [412/459] ADMB
[01:59:53] [413/459] JYOE
[01:59:53] [414/459] SRMD
[01:59:54] [415/459] RJDH
[01:59:55] [416/459] SSTD
[01:59:55] [417/459] AACV
[01:59:56] [418/459] PPVD
[01:59:57] [419/459] STCP
[01:59:57] [420/459] ANJR
[01:59:58] [421/459] ANLS
[01:59:58] [422/459] BIJO
[01:59:59] [423/459] AVAB
[01:59:59] [424/459] SPMD
[02:00:00] [425/459] SVJL
[02:00:00] [426/459] SDDJ
[02:00:01] [427/459] SLTU
[02:00:02] [428/459] SAKA
[02:00:02] [429/459] PMAM
[02:00:03] [430/459] FNAM
[02:00:04] [431/459] ACAM
[02:00:04] [432/459] SCMM
[02:00:05] [433/459] PMAK
[02:00:05] [434/459] NYSA
[02:00:06] [435/459] FCPA
[02:00:07] [436/459] GDAN
[02:00:07] [437/459] RSCA
[02:00:08] [438/459] DMAN
[02:00:08] [439/459] DZCM
[02:00:09] [440/459] NSGL
[02:00:10] [441/459] CCPP
[02:00:10] [442/459] PSMG
[02:00:11] [443/459] GSER
[02:00:11] [444/459] FCCT
[02:00:12] [445/459] FCTB
[02:00:12] [446/459] LCNK
[02:00:13] [447/459] SKTY
[02:00:13] [448/459] INAA
[02:00:14] [449/459] RCWN
[02:00:15] [450/459] VAIS
[02:00:15] [451/459] CVMN
[02:00:16] [452/459] INTS
[02:00:16] [453/459] FRGS
[02:00:17] [454/459] DTCK
[02:00:18] [455/459] MCMH
[02:00:18] [456/459] ECRR
[02:00:19] [457/459] RLLP
[02:00:19] [458/459] CCSN
[02:00:20] [459/459] CCBA
[02:00:20] ✅ DONE | Shows=1 | Movies=1
