[00:03:58] 🚀 BMS DAILY TRACKER STARTED
[00:03:58] [1/324] GCTA
[00:03:58] 🧠 New identity
[00:03:59] [2/324] TOPN
[00:04:00] [3/324] MCUS
[00:04:00] [4/324] SHRL
[00:04:01] [5/324] UPTP
[00:04:02] [6/324] TMMP
[00:04:03] [7/324] DNRP
[00:04:04] [8/324] SRLT
[00:04:05] [9/324] RCNS
[00:04:05] [10/324] DCBH
[00:04:06] [11/324] NAGJ
[00:04:07] [12/324] JVRC
[00:04:08] [13/324] KRJG
[00:04:09] [14/324] SRTJ
[00:04:10] [15/324] CMXM
[00:04:12] [16/324] STMI
[00:04:12] [17/324] SLST
[00:04:13] [18/324] DTCN
[00:04:14] [19/324] STYN
[00:04:15] [20/324] SZVR
[00:04:16] [21/324] SRKO
[00:04:17] [22/324] JTGT
[00:04:18] [23/324] SVFD
[00:04:19] [24/324] SISD
[00:04:20] [25/324] ABDD
[00:04:21] [26/324] DRCA
[00:04:22] [27/324] AVCS
[00:04:22] [28/324] MVKH
[00:04:23] [29/324] ACPR
[00:04:24] [30/324] STIP
[00:04:25] [31/324] MTRA
[00:04:26] [32/324] RMKH
[00:04:27] [33/324] NKRL
[00:04:28] [34/324] PCWN
[00:04:29] [35/324] BLMT
[00:04:30] [36/324] GDPG
[00:04:30] [37/324] SRMX
[00:04:31] [38/324] JACP
[00:04:32] [39/324] CPSH
[00:04:33] [40/324] MCCD
[00:04:34] [41/324] ECGH
[00:04:35] [42/324] MKCK
[00:04:36] [43/324] SRMM
[00:04:37] [44/324] SKYR
[00:04:38] [45/324] PCKC
[00:04:39] [46/324] JCMA
[00:04:40] [47/324] BSMP
[00:04:41] [48/324] VSPA
[00:04:42] [49/324] DJYA
[00:04:43] [50/324] DIMP
[00:04:44] [51/324] FXDR
[00:04:44] [52/324] SSRC
[00:04:45] [53/324] STHP
[00:04:46] [54/324] CPPD
[00:04:48] [55/324] FCLK
[00:04:49] [56/324] SCPP
[00:04:50] [57/324] DCMJ
[00:04:51] [58/324] RCCR
[00:04:51] [59/324] INMT
[00:04:52] [60/324] LXTK
[00:04:53] [61/324] SRYK
[00:04:54] [62/324] SGDK
[00:04:55] [63/324] PPKA
[00:04:56] [64/324] SPKA
[00:04:57] [65/324] CGHH
[00:04:58] [66/324] DCJN
[00:04:59] [67/324] SRKV
[00:05:00] [68/324] SAJC
[00:05:01] [69/324] SUSR
[00:05:02] [70/324] STYG
[00:05:03] [71/324] NTKP
[00:05:04] [72/324] AKTG
[00:05:05] [73/324] CGCM
[00:05:06] [74/324] TULC
[00:05:08] [75/324] NYYZ
[00:05:08] [76/324] NYBW
[00:05:09] [77/324] MACB
[00:05:10] [78/324] SLVT
[00:05:11] [79/324] SANA
[00:05:12] [80/324] ACMR
[00:05:13] [81/324] CPKN
[00:05:15] [82/324] DLGK
[00:05:16] [83/324] CWCK
[00:05:17] [84/324] FDDH
[00:05:18] [85/324] MMMD
[00:05:18] [86/324] CMEH
[00:05:19] [87/324] GGGV
[00:05:20] [88/324] SPJL
[00:05:22] [89/324] RCCD
[00:05:23] [90/324] STTZ
[00:05:24] [91/324] BTCF
[00:05:24] [92/324] TSTZ
[00:05:25] [93/324] IPMM
[00:05:26] [94/324] PMPW
[00:05:27] [95/324] PCMZ
[00:05:28] [96/324] ESEM
[00:05:29] [97/324] PIPO
[00:05:29] [98/324] MATK
[00:05:30] [99/324] PGHM
[00:05:31] [100/324] CTSR
[00:05:32] [101/324] CYKR
[00:05:33] [102/324] MSCM
[00:05:34] [103/324] RFNP
[00:05:35] [104/324] PDCP
[00:05:35] [105/324] NPSE
[00:05:36] [106/324] MKML
[00:05:37] [107/324] FTDP
[00:05:38] [108/324] MMXA
[00:05:39] [109/324] CEPO
[00:05:39] [110/324] CMVP
[00:05:40] [111/324] SGTH
[00:05:41] [112/324] SAYN
[00:05:42] [113/324] URVS
[00:05:43] [114/324] VJTN
[00:05:43] [115/324] BBYK
[00:05:44] [116/324] SHBO
[00:05:45] [117/324] VCMR
[00:05:46] [118/324] MACT
[00:05:47] [119/324] JMNP
[00:05:47] [120/324] VICS
[00:05:48] [121/324] VCDA
[00:05:49] [122/324] GCMM
[00:05:50] [123/324] INVS
[00:05:51] [124/324] SCGM
[00:05:52] [125/324] PCDA
[00:05:53] [126/324] KDCT
[00:05:53] [127/324] JACS
[00:05:54] [128/324] GMMC
[00:05:55] [129/324] AICM
[00:05:56] [130/324] TJCM
[00:05:57] [131/324] RMTI
[00:05:58] [132/324] SHAC
[00:05:58] [133/324] APJC
[00:05:59] [134/324] GCTG
[00:06:00] [135/324] SSMC
[00:06:01] [136/324] THRM
[00:06:02] [137/324] RBCT
[00:06:03] [138/324] DIKT
[00:06:04] [139/324] MIDL
[00:06:04] [140/324] VCSN
[00:06:05] [141/324] SKTG
[00:06:06] [142/324] SMWC
[00:06:07] [143/324] MNKH
[00:06:08] [144/324] PIAT
[00:06:10] [145/324] LTTP
[00:06:11] [146/324] PTPU
[00:06:12] [147/324] ACMG
[00:06:13] [148/324] SHMM
[00:06:13] [149/324] MCMN
[00:06:14] [150/324] GLDC
[00:06:15] [151/324] HOUT
[00:06:16] [152/324] SVRP
[00:06:18] [153/324] PVDN
[00:06:19] [154/324] SCPY
[00:06:20] [155/324] DTPY
[00:06:21] [156/324] GKCS
[00:06:22] [157/324] NCAM
[00:06:23] [158/324] BSRM
[00:06:24] [159/324] RCLC
[00:06:24] [160/324] SKKD
[00:06:25] [161/324] ACHU
[00:06:27] [162/324] RSCF
[00:06:28] [163/324] IMSH
[00:06:29] [164/324] MACX
[00:06:30] [165/324] HMMW
[00:06:31] [166/324] JTCP
[00:06:32] [167/324] SREN
[00:06:33] [168/324] PJRR
[00:06:34] [169/324] INAC
[00:06:35] [170/324] BMCA
[00:06:36] [171/324] SHCB
[00:06:37] [172/324] GABA
[00:06:38] [173/324] SBCT
[00:06:39] [174/324] GCMA
[00:06:40] [175/324] MYTK
[00:06:40] [176/324] INZS
[00:06:41] [177/324] RMIK
[00:06:42] [178/324] NYCH
[00:06:43] [179/324] RAVE
[00:06:44] [180/324] PSXM
[00:06:45] [181/324] MCGP
[00:06:45] [182/324] PDDK
[00:06:47] [183/324] SPCK
[00:06:47] [184/324] MCRL
[00:06:49] [185/324] MHKT
[00:06:50] [186/324] ANRR
[00:06:51] [187/324] SAPK
[00:06:51] [188/324] NCUK
[00:06:52] [189/324] JUGA
[00:06:53] [190/324] DBSC
[00:06:55] [191/324] LALK
[00:06:55] [192/324] GUCK
[00:06:56] [193/324] STSG
[00:06:57] [194/324] PPPZ
[00:06:58] [195/324] CNCY
[00:06:59] [196/324] MTAR
[00:07:00] [197/324] VNKD
[00:07:01] [198/324] KMAJ
[00:07:02] [199/324] ACXK
[00:07:04] [200/324] UTKC
[00:07:05] [201/324] PBLK
[00:07:05] [202/324] ACBX
[00:07:06] [203/324] PTGM
[00:07:07] [204/324] BTDA
[00:07:08] [205/324] PJMB
[00:07:09] [206/324] TPDA
[00:07:09] [207/324] AMOE
[00:07:11] [208/324] PRHT
[00:07:12] [209/324] PRTA
[00:07:14] [210/324] STAM
[00:07:15] [211/324] MSAA
[00:07:16] [212/324] SDLU
[00:07:17] [213/324] RCHH
[00:07:18] [214/324] KANT
[00:07:19] [215/324] FCRT
[00:07:20] [216/324] DNKM
[00:07:20] [217/324] RYCP
[00:07:21] [218/324] MYRP
[00:07:22] [219/324] PPAK
[00:07:23] [220/324] NVPK
[00:07:24] [221/324] PRMC
[00:07:26] [222/324] JBCS
[00:07:26] [223/324] GXCK
[00:07:27] [224/324] USKO
[00:07:28] [225/324] GTEM
[00:07:29] [226/324] SMBU
[00:07:30] [227/324] VETC
[00:07:31] [228/324] LCDA
[00:07:32] [229/324] MTVT
[00:07:33] [230/324] PYCP
[00:07:34] [231/324] PNSC
[00:07:35] [232/324] PPCC
[00:07:36] [233/324] TGRT
[00:07:37] [234/324] JYOT
[00:07:37] [235/324] SRCZ
[00:07:38] [236/324] SJTE
[00:07:39] [237/324] DESC
[00:07:40] [238/324] JHVN
[00:07:42] [239/324] IPSG
[00:07:43] [240/324] IPCM
[00:07:44] [241/324] PDRS
[00:07:44] [242/324] ANCV
[00:07:45] [243/324] CMVV
[00:07:46] [244/324] SHYP
[00:07:47] [245/324] DNCS
[00:07:48] [246/324] GAJK
[00:07:49] [247/324] AKTN
[00:07:50] [248/324] KAYA
[00:07:51] [249/324] SBRC
[00:07:51] [250/324] CHTP
[00:07:52] [251/324] SHRT
[00:07:53] [252/324] BCKU
[00:07:54] [253/324] FCPS
[00:07:55] [254/324] ARDD
[00:07:56] [255/324] CPCM
[00:07:57] [256/324] CGSM
[00:07:57] [257/324] PSMP
[00:07:58] [258/324] SDAL
[00:07:59] [259/324] RTNB
[00:08:00] [260/324] LMCR
[00:08:01] [261/324] CIMA
[00:08:02] [262/324] RNAS
[00:08:03] [263/324] LITH
[00:08:05] [264/324] PBOX
[00:08:06] [265/324] FRTS
[00:08:06] [266/324] RKIC
[00:08:07] [267/324] PTAI
[00:08:08] [268/324] GCIC
[00:08:08] [269/324] FNAS
[00:08:09] [270/324] SCAR
[00:08:10] [271/324] MTCA
[00:08:11] [272/324] SCTS
[00:08:12] [273/324] SYCS
[00:08:13] [274/324] RDMS
[00:08:14] [275/324] KAMP
[00:08:15] [276/324] ERSD
[00:08:16] [277/324] MJMJ
[00:08:17] [278/324] SRCJ
[00:08:18] [279/324] SCXE
[00:08:19] [280/324] SVFR
[00:08:20] [281/324] BHCS
[00:08:21] [282/324] IMCC
[00:08:22] [283/324] PCBO
[00:08:23] [284/324] PRVN
[00:08:24] [285/324] AUPM
[00:08:24] [286/324] INBW
[00:08:26] [287/324] SVCW
[00:08:27] [288/324] RKCF
[00:08:28] [289/324] UVBH
[00:08:28] [290/324] DNCY
[00:08:29] [291/324] ABCN
[00:08:30] [292/324] PRUR
[00:08:31] [293/324] PFMR
[00:08:32] [294/324] RKCN
[00:08:32] [295/324] CFEA
[00:08:33] [296/324] SDBG
[00:08:34] [297/324] SNAR
[00:08:35] [298/324] YISI
[00:08:36] [299/324] JCFF
[00:08:36] [300/324] VTRK
[00:08:37] [301/324] PCLZ
[00:08:38] [302/324] DIMY
[00:08:39] [303/324] BBTS
[00:08:40] [304/324] GATH
[00:08:41] [305/324] GTMN
[00:08:42] [306/324] VTMH
[00:08:43] [307/324] CCKP
[00:08:44] [308/324] GPKA
[00:08:45] [309/324] MHCL
[00:08:46] [310/324] ATCL
[00:08:46] [311/324] SBCK
[00:08:47] [312/324] AMMR
[00:08:48] [313/324] MADC
[00:08:49] [314/324] TMMA
[00:08:50] [315/324] CACC
[00:08:51] [316/324] CHAL
[00:08:52] [317/324] DURG
[00:08:53] [318/324] GMKU
[00:08:54] [319/324] GECA
[00:08:55] [320/324] KYRR
[00:08:56] [321/324] KSDE
[00:08:57] [322/324] LMCI
[00:08:58] [323/324] NKCP
[00:08:59] [324/324] BGTC
[00:08:59] ✅ DONE | Shows=0 | Movies=0
[00:48:35] 🚀 BMS DAILY TRACKER STARTED
[00:48:35] [1/324] GCTA
[00:48:35] 🧠 New identity
[00:48:35] [2/324] TOPN
[00:48:36] [3/324] MCUS
[00:48:36] [4/324] SHRL
[00:48:37] [5/324] UPTP
[00:48:38] [6/324] TMMP
[00:48:38] [7/324] DNRP
[00:48:39] [8/324] SRLT
[00:48:40] [9/324] RCNS
[00:48:40] [10/324] DCBH
[00:48:41] [11/324] NAGJ
[00:48:41] [12/324] JVRC
[00:48:42] [13/324] KRJG
[00:48:42] [14/324] SRTJ
[00:48:43] [15/324] CMXM
[00:48:44] [16/324] STMI
[00:48:44] [17/324] SLST
[00:48:45] [18/324] DTCN
[00:48:45] [19/324] STYN
[00:48:46] [20/324] SZVR
[00:48:47] [21/324] SRKO
[00:48:47] [22/324] JTGT
[00:48:48] [23/324] SVFD
[00:48:49] [24/324] SISD
[00:48:49] [25/324] ABDD
[00:48:50] [26/324] DRCA
[00:48:50] [27/324] AVCS
[00:48:51] [28/324] MVKH
[00:48:51] [29/324] ACPR
[00:48:52] [30/324] STIP
[00:48:53] [31/324] MTRA
[00:48:53] [32/324] RMKH
[00:48:54] [33/324] NKRL
[00:48:54] [34/324] PCWN
[00:48:55] [35/324] BLMT
[00:48:56] [36/324] GDPG
[00:48:56] [37/324] SRMX
[00:48:57] [38/324] JACP
[00:48:57] [39/324] CPSH
[00:48:58] [40/324] MCCD
[00:48:59] [41/324] ECGH
[00:48:59] [42/324] MKCK
[00:49:00] [43/324] SRMM
[00:49:00] [44/324] SKYR
[00:49:01] [45/324] PCKC
[00:49:01] [46/324] JCMA
[00:49:02] [47/324] BSMP
[00:49:03] [48/324] VSPA
[00:49:03] [49/324] DJYA
[00:49:04] [50/324] DIMP
[00:49:04] [51/324] FXDR
[00:49:05] [52/324] SSRC
[00:49:06] [53/324] STHP
[00:49:06] [54/324] CPPD
[00:49:07] [55/324] FCLK
[00:49:07] [56/324] SCPP
[00:49:08] [57/324] DCMJ
[00:49:09] [58/324] RCCR
[00:49:09] [59/324] INMT
[00:49:09] [60/324] LXTK
[00:49:10] [61/324] SRYK
[00:49:11] [62/324] SGDK
[00:49:11] [63/324] PPKA
[00:49:11] [64/324] SPKA
[00:49:12] [65/324] CGHH
[00:49:12] [66/324] DCJN
[00:49:13] [67/324] SRKV
[00:49:14] [68/324] SAJC
[00:49:14] [69/324] SUSR
[00:49:15] [70/324] STYG
[00:49:15] [71/324] NTKP
[00:49:16] [72/324] AKTG
[00:49:16] [73/324] CGCM
[00:49:17] [74/324] TULC
[00:49:17] [75/324] NYYZ
[00:49:18] [76/324] NYBW
[00:49:18] [77/324] MACB
[00:49:19] [78/324] SLVT
[00:49:20] [79/324] SANA
[00:49:20] [80/324] ACMR
[00:49:21] [81/324] CPKN
[00:49:21] [82/324] DLGK
[00:49:22] [83/324] CWCK
[00:49:23] [84/324] FDDH
[00:49:23] [85/324] MMMD
[00:49:24] [86/324] CMEH
[00:49:24] [87/324] GGGV
[00:49:25] [88/324] SPJL
[00:49:26] [89/324] RCCD
[00:49:26] [90/324] STTZ
[00:49:27] [91/324] BTCF
[00:49:27] [92/324] TSTZ
[00:49:28] [93/324] IPMM
[00:49:29] [94/324] PMPW
[00:49:29] [95/324] PCMZ
[00:49:30] [96/324] ESEM
[00:49:31] [97/324] PIPO
[00:49:31] [98/324] MATK
[00:49:32] [99/324] PGHM
[00:49:32] [100/324] CTSR
[00:49:33] [101/324] CYKR
[00:49:33] [102/324] MSCM
[00:49:34] [103/324] RFNP
[00:49:35] [104/324] PDCP
[00:49:35] [105/324] NPSE
[00:49:36] [106/324] MKML
[00:49:36] [107/324] FTDP
[00:49:37] [108/324] MMXA
[00:49:38] [109/324] CEPO
[00:49:38] [110/324] CMVP
[00:49:39] [111/324] SGTH
[00:49:39] [112/324] SAYN
[00:49:40] [113/324] URVS
[00:49:41] [114/324] VJTN
[00:49:41] [115/324] BBYK
[00:49:42] [116/324] SHBO
[00:49:43] [117/324] VCMR
[00:49:43] [118/324] MACT
[00:49:44] [119/324] JMNP
[00:49:45] [120/324] VICS
[00:49:45] [121/324] VCDA
[00:49:45] [122/324] GCMM
[00:49:46] [123/324] INVS
[00:49:47] [124/324] SCGM
[00:49:47] [125/324] PCDA
[00:49:48] [126/324] KDCT
[00:49:48] [127/324] JACS
[00:49:49] [128/324] GMMC
[00:49:49] [129/324] AICM
[00:49:50] [130/324] TJCM
[00:49:51] [131/324] RMTI
[00:49:51] [132/324] SHAC
[00:49:52] [133/324] APJC
[00:49:52] [134/324] GCTG
[00:49:53] [135/324] SSMC
[00:49:53] [136/324] THRM
[00:49:54] [137/324] RBCT
[00:49:55] [138/324] DIKT
[00:49:55] [139/324] MIDL
[00:49:56] [140/324] VCSN
[00:49:56] [141/324] SKTG
[00:49:57] [142/324] SMWC
[00:49:58] [143/324] MNKH
[00:49:58] [144/324] PIAT
[00:49:59] [145/324] LTTP
[00:49:59] [146/324] PTPU
[00:50:00] [147/324] ACMG
[00:50:00] [148/324] SHMM
[00:50:01] [149/324] MCMN
[00:50:02] [150/324] GLDC
[00:50:02] [151/324] HOUT
[00:50:03] [152/324] SVRP
[00:50:03] [153/324] PVDN
[00:50:04] [154/324] SCPY
[00:50:05] [155/324] DTPY
[00:50:05] [156/324] GKCS
[00:50:06] [157/324] NCAM
[00:50:07] [158/324] BSRM
[00:50:07] [159/324] RCLC
[00:50:08] [160/324] SKKD
[00:50:08] [161/324] ACHU
[00:50:09] [162/324] RSCF
[00:50:10] [163/324] IMSH
[00:50:10] [164/324] MACX
[00:50:11] [165/324] HMMW
[00:50:11] [166/324] JTCP
[00:50:12] [167/324] SREN
[00:50:12] [168/324] PJRR
[00:50:13] [169/324] INAC
[00:50:13] [170/324] BMCA
[00:50:14] [171/324] SHCB
[00:50:15] [172/324] GABA
[00:50:15] [173/324] SBCT
[00:50:16] [174/324] GCMA
[00:50:16] [175/324] MYTK
[00:50:17] [176/324] INZS
[00:50:17] [177/324] RMIK
[00:50:18] [178/324] NYCH
[00:50:18] [179/324] RAVE
[00:50:19] [180/324] PSXM
[00:50:19] [181/324] MCGP
[00:50:20] [182/324] PDDK
[00:50:20] [183/324] SPCK
[00:50:21] [184/324] MCRL
[00:50:21] [185/324] MHKT
[00:50:22] [186/324] ANRR
[00:50:22] [187/324] SAPK
[00:50:23] [188/324] NCUK
[00:50:24] [189/324] JUGA
[00:50:24] [190/324] DBSC
[00:50:25] [191/324] LALK
[00:50:25] [192/324] GUCK
[00:50:26] [193/324] STSG
[00:50:27] [194/324] PPPZ
[00:50:27] [195/324] CNCY
[00:50:28] [196/324] MTAR
[00:50:28] [197/324] VNKD
[00:50:29] [198/324] KMAJ
[00:50:30] [199/324] ACXK
[00:50:30] [200/324] UTKC
[00:50:31] [201/324] PBLK
[00:50:31] [202/324] ACBX
[00:50:32] [203/324] PTGM
[00:50:32] [204/324] BTDA
[00:50:33] [205/324] PJMB
[00:50:33] [206/324] TPDA
[00:50:34] [207/324] AMOE
[00:50:34] [208/324] PRHT
[00:50:35] [209/324] PRTA
[00:50:35] [210/324] STAM
[00:50:36] [211/324] MSAA
[00:50:36] [212/324] SDLU
[00:50:37] [213/324] RCHH
[00:50:38] [214/324] KANT
[00:50:38] [215/324] FCRT
[00:50:39] [216/324] DNKM
[00:50:39] [217/324] RYCP
[00:50:40] [218/324] MYRP
[00:50:41] [219/324] PPAK
[00:50:41] [220/324] NVPK
[00:50:42] [221/324] PRMC
[00:50:42] [222/324] JBCS
[00:50:43] [223/324] GXCK
[00:50:44] [224/324] USKO
[00:50:44] [225/324] GTEM
[00:50:45] [226/324] SMBU
[00:50:45] [227/324] VETC
[00:50:46] [228/324] LCDA
[00:50:46] [229/324] MTVT
[00:50:47] [230/324] PYCP
[00:50:48] [231/324] PNSC
[00:50:48] [232/324] PPCC
[00:50:49] [233/324] TGRT
[00:50:50] [234/324] JYOT
[00:50:50] [235/324] SRCZ
[00:50:51] [236/324] SJTE
[00:50:52] [237/324] DESC
[00:50:52] [238/324] JHVN
[00:50:53] [239/324] IPSG
[00:50:54] [240/324] IPCM
[00:50:54] [241/324] PDRS
[00:50:54] [242/324] ANCV
[00:50:55] [243/324] CMVV
[00:50:56] [244/324] SHYP
[00:50:56] [245/324] DNCS
[00:50:57] [246/324] GAJK
[00:50:57] [247/324] AKTN
[00:50:58] [248/324] KAYA
[00:50:58] [249/324] SBRC
[00:50:59] [250/324] CHTP
[00:50:59] [251/324] SHRT
[00:51:00] [252/324] BCKU
[00:51:01] [253/324] FCPS
[00:51:01] [254/324] ARDD
[00:51:02] [255/324] CPCM
[00:51:03] [256/324] CGSM
[00:51:03] [257/324] PSMP
[00:51:04] [258/324] SDAL
[00:51:04] [259/324] RTNB
[00:51:05] [260/324] LMCR
[00:51:06] [261/324] CIMA
[00:51:06] [262/324] RNAS
[00:51:07] [263/324] LITH
[00:51:08] [264/324] PBOX
[00:51:08] [265/324] FRTS
[00:51:09] [266/324] RKIC
[00:51:10] [267/324] PTAI
[00:51:10] [268/324] GCIC
[00:51:11] [269/324] FNAS
[00:51:12] [270/324] SCAR
[00:51:12] [271/324] MTCA
[00:51:13] [272/324] SCTS
[00:51:14] [273/324] SYCS
[00:51:14] [274/324] RDMS
[00:51:15] [275/324] KAMP
[00:51:15] [276/324] ERSD
[00:51:16] [277/324] MJMJ
[00:51:16] [278/324] SRCJ
[00:51:17] [279/324] SCXE
[00:51:17] [280/324] SVFR
[00:51:18] [281/324] BHCS
[00:51:18] [282/324] IMCC
[00:51:19] [283/324] PCBO
[00:51:20] [284/324] PRVN
[00:51:20] [285/324] AUPM
[00:51:21] [286/324] INBW
[00:51:21] [287/324] SVCW
[00:51:22] [288/324] RKCF
[00:51:22] [289/324] UVBH
[00:51:23] [290/324] DNCY
[00:51:24] [291/324] ABCN
[00:51:24] [292/324] PRUR
[00:51:25] [293/324] PFMR
[00:51:25] [294/324] RKCN
[00:51:26] [295/324] CFEA
[00:51:26] [296/324] SDBG
[00:51:27] [297/324] SNAR
[00:51:27] [298/324] YISI
[00:51:28] [299/324] JCFF
[00:51:28] [300/324] VTRK
[00:51:29] [301/324] PCLZ
[00:51:29] [302/324] DIMY
[00:51:30] [303/324] BBTS
[00:51:31] [304/324] GATH
[00:51:31] [305/324] GTMN
[00:51:32] [306/324] VTMH
[00:51:33] [307/324] CCKP
[00:51:33] [308/324] GPKA
[00:51:34] [309/324] MHCL
[00:51:34] [310/324] ATCL
[00:51:35] [311/324] SBCK
[00:51:35] [312/324] AMMR
[00:51:36] [313/324] MADC
[00:51:37] [314/324] TMMA
[00:51:37] [315/324] CACC
[00:51:38] [316/324] CHAL
[00:51:39] [317/324] DURG
[00:51:39] [318/324] GMKU
[00:51:40] [319/324] GECA
[00:51:40] [320/324] KYRR
[00:51:41] [321/324] KSDE
[00:51:42] [322/324] LMCI
[00:51:42] [323/324] NKCP
[00:51:43] [324/324] BGTC
[00:51:44] ✅ DONE | Shows=0 | Movies=0
