[00:03:58] 🚀 BMS DAILY TRACKER STARTED
[00:03:58] [1/296] CDCA
[00:03:58] 🧠 New identity
[00:03:59] [2/296] MNSR
[00:04:00] [3/296] CSSL
[00:04:01] [4/296] BGGM
[00:04:02] [5/296] MANT
[00:04:03] [6/296] SOOY
[00:04:04] [7/296] VPPK
[00:04:06] [8/296] MYHJ
[00:04:07] [9/296] KSCK
[00:04:08] [10/296] KATK
[00:04:09] [11/296] RTRT
[00:04:10] [12/296] SSTT
[00:04:10] [13/296] SSTV
[00:04:11] [14/296] LACM
[00:04:12] [15/296] SGMG
[00:04:13] [16/296] KACX
[00:04:14] [17/296] GVCP
[00:04:15] [18/296] CSNC
[00:04:16] [19/296] SXCB
[00:04:17] [20/296] BAHS
[00:04:18] [21/296] PCBI
[00:04:19] [22/296] PSSM
[00:04:20] [23/296] RCOK
[00:04:20] [24/296] SCPF
[00:04:22] [25/296] SSAS
[00:04:23] [26/296] EVMM
[00:04:24] [27/296] SYCB
[00:04:25] [28/296] GCKI
[00:04:26] [29/296] IAET
[00:04:26] [30/296] DDTD
[00:04:28] [31/296] GMDH
[00:04:29] [32/296] STLE
[00:04:29] [33/296] JTRA
[00:04:31] [34/296] RPPA
[00:04:31] [35/296] ARUT
[00:04:32] [36/296] JTVM
[00:04:33] [37/296] SWRH
[00:04:34] [38/296] DCPC
[00:04:35] [39/296] RAPR
[00:04:36] [40/296] GCRT
[00:04:37] [41/296] ATUN
[00:04:37] [42/296] LTRM
[00:04:38] [43/296] TASR
[00:04:40] [44/296] RLLC
[00:04:41] [45/296] MABI
[00:04:42] [46/296] SVHB
[00:04:42] [47/296] NVTB
[00:04:43] [48/296] KCKG
[00:04:44] [49/296] SSRN
[00:04:45] [50/296] VDDC
[00:04:47] [51/296] GKTK
[00:04:48] [52/296] YFSN
[00:04:49] [53/296] GCSG
[00:04:49] [54/296] ESSM
[00:04:50] [55/296] KRIH
[00:04:51] [56/296] GCDS
[00:04:52] [57/296] CCSH
[00:04:53] [58/296] ACSK
[00:04:54] [59/296] APRK
[00:04:55] [60/296] ADKM
[00:04:55] [61/296] SRDM
[00:04:56] [62/296] RMOG
[00:04:58] [63/296] SJMY
[00:04:59] [64/296] PGGC
[00:05:00] [65/296] INGM
[00:05:02] [66/296] LSCB
[00:05:02] [67/296] STAD
[00:05:03] [68/296] MCCR
[00:05:04] [69/296] ABCC
[00:05:05] [70/296] RKCC
[00:05:06] [71/296] RTCR
[00:05:07] [72/296] GGBC
[00:05:08] [73/296] GCSD
[00:05:09] [74/296] LPTY
[00:05:09] [75/296] MCFD
[00:05:10] [76/296] HENN
[00:05:11] [77/296] SMKU
[00:05:12] [78/296] TNZC
[00:05:13] [79/296] DRCD
[00:05:14] [80/296] DLCD
[00:05:15] [81/296] RCDA
[00:05:16] [82/296] COSM
[00:05:16] [83/296] MCMJ
[00:05:17] [84/296] CSTR
[00:05:18] [85/296] CVDK
[00:05:19] [86/296] INRR
[00:05:21] [87/296] RJRT
[00:05:22] [88/296] IRMR
[00:05:22] [89/296] SRCF
[00:05:23] [90/296] GRCR
[00:05:24] [91/296] SURC
[00:05:25] [92/296] NMNH
[00:05:26] [93/296] SVBL
[00:05:27] [94/296] KACI
[00:05:28] [95/296] TDGO
[00:05:29] [96/296] KTBR
[00:05:29] [97/296] PMAD
[00:05:30] [98/296] CCPN
[00:05:31] [99/296] SBTK
[00:05:32] [100/296] LMDK
[00:05:33] [101/296] PGDA
[00:05:34] [102/296] SRML
[00:05:34] [103/296] EVCK
[00:05:35] [104/296] RTTK
[00:05:36] [105/296] SRTU
[00:05:37] [106/296] VRSA
[00:05:38] [107/296] VARS
[00:05:39] [108/296] DSCZ
[00:05:40] [109/296] GAGA
[00:05:41] [110/296] SARV
[00:05:42] [111/296] SEEG
[00:05:43] [112/296] GLCA
[00:05:44] [113/296] APAS
[00:05:45] [114/296] VCIA
[00:05:46] [115/296] SJTA
[00:05:46] [116/296] SABM
[00:05:47] [117/296] PPAG
[00:05:48] [118/296] RVCA
[00:05:49] [119/296] CCIA
[00:05:50] [120/296] HTAG
[00:05:51] [121/296] SMBI
[00:05:52] [122/296] MCJR
[00:05:53] [123/296] CCJR
[00:05:54] [124/296] SINF
[00:05:55] [125/296] CPLX
[00:05:56] [126/296] KKTJ
[00:05:57] [127/296] GDBW
[00:05:57] [128/296] CSUB
[00:05:58] [129/296] DABA
[00:05:59] [130/296] TITR
[00:06:00] [131/296] NYCR
[00:06:01] [132/296] RTRY
[00:06:02] [133/296] JTJL
[00:06:02] [134/296] SJCP
[00:06:03] [135/296] KCCA
[00:06:04] [136/296] MLPG
[00:06:05] [137/296] VRCK
[00:06:06] [138/296] SRIN
[00:06:07] [139/296] CXMK
[00:06:08] [140/296] SKAD
[00:06:08] [141/296] AVTR
[00:06:09] [142/296] PTAJ
[00:06:10] [143/296] SCNK
[00:06:11] [144/296] STTI
[00:06:12] [145/296] KACR
[00:06:13] [146/296] SSDX
[00:06:14] [147/296] VRTJ
[00:06:15] [148/296] RAJD
[00:06:16] [149/296] SCIP
[00:06:17] [150/296] RJSL
[00:06:18] [151/296] ARRS
[00:06:18] [152/296] ASMS
[00:06:19] [153/296] RDTS
[00:06:20] [154/296] DVMY
[00:06:21] [155/296] RASA
[00:06:22] [156/296] INOM
[00:06:23] [157/296] SPRS
[00:06:24] [158/296] SGCS
[00:06:25] [159/296] SALM
[00:06:26] [160/296] PKHC
[00:06:26] [161/296] RCSV
[00:06:27] [162/296] CPKC
[00:06:28] [163/296] AACD
[00:06:30] [164/296] GGCV
[00:06:30] [165/296] SMKD
[00:06:31] [166/296] NBCH
[00:06:32] [167/296] AMCB
[00:06:33] [168/296] OPCN
[00:06:34] [169/296] DCIN
[00:06:35] [170/296] INGW
[00:06:36] [171/296] PKKW
[00:06:37] [172/296] FNGW
[00:06:38] [173/296] GCGD
[00:06:39] [174/296] MSTW
[00:06:41] [175/296] KCCG
[00:06:42] [176/296] MRSS
[00:06:43] [177/296] CLCF
[00:06:43] [178/296] EETS
[00:06:44] [179/296] AATR
[00:06:45] [180/296] CMMN
[00:06:46] [181/296] SCCJ
[00:06:46] [182/296] CDTK
[00:06:47] [183/296] AICP
[00:06:48] [184/296] FNBP
[00:06:49] [185/296] CBPB
[00:06:50] [186/296] CPAS
[00:06:50] [187/296] MAPM
[00:06:51] [188/296] PASD
[00:06:52] [189/296] JCMN
[00:06:53] [190/296] MALB
[00:06:54] [191/296] SACG
[00:06:54] [192/296] DDRX
[00:06:55] [193/296] DDXB
[00:06:56] [194/296] RAMC
[00:06:57] [195/296] SANC
[00:06:58] [196/296] BCBP
[00:06:59] [197/296] ALPC
[00:07:00] [198/296] RBAC
[00:07:01] [199/296] RAJL
[00:07:01] [200/296] MPDX
[00:07:02] [201/296] MUSC
[00:07:04] [202/296] VKMK
[00:07:05] [203/296] SKCG
[00:07:06] [204/296] ANCN
[00:07:08] [205/296] MMCJ
[00:07:09] [206/296] DCAK
[00:07:10] [207/296] SCKG
[00:07:11] [208/296] LMCK
[00:07:11] [209/296] CKKX
[00:07:13] [210/296] ANKU
[00:07:14] [211/296] CSMD
[00:07:15] [212/296] MKMP
[00:07:15] [213/296] SVBG
[00:07:16] [214/296] ROOP
[00:07:17] [215/296] GDMT
[00:07:18] [216/296] FPPF
[00:07:19] [217/296] SFUU
[00:07:20] [218/296] ANCB
[00:07:21] [219/296] SMMC
[00:07:22] [220/296] UGKT
[00:07:23] [221/296] JVRM
[00:07:24] [222/296] BATG
[00:07:25] [223/296] RATE
[00:07:26] [224/296] SKME
[00:07:27] [225/296] LMTP
[00:07:28] [226/296] TCBD
[00:07:29] [227/296] ESBD
[00:07:30] [228/296] GDCU
[00:07:30] [229/296] SNKT
[00:07:31] [230/296] SRNK
[00:07:32] [231/296] SMED
[00:07:33] [232/296] CSQS
[00:07:34] [233/296] ALCS
[00:07:35] [234/296] KCKN
[00:07:36] [235/296] VCCL
[00:07:37] [236/296] MCDA
[00:07:38] [237/296] SHMI
[00:07:38] [238/296] SKHA
[00:07:40] [239/296] SVFK
[00:07:40] [240/296] INVB
[00:07:41] [241/296] MELD
[00:07:42] [242/296] JTYS
[00:07:43] [243/296] INCM
[00:07:44] [244/296] MCDV
[00:07:45] [245/296] KSGK
[00:07:46] [246/296] ICMG
[00:07:47] [247/296] CSCV
[00:07:47] [248/296] STMD
[00:07:48] [249/296] STTR
[00:07:49] [250/296] INVC
[00:07:51] [251/296] JTBL
[00:07:52] [252/296] SRVV
[00:07:52] [253/296] MAVC
[00:07:54] [254/296] SRPP
[00:07:54] [255/296] JGDM
[00:07:55] [256/296] MBSJ
[00:07:56] [257/296] SSLL
[00:07:57] [258/296] SLKP
[00:07:58] [259/296] NSRV
[00:07:59] [260/296] UTDV
[00:08:00] [261/296] KICM
[00:08:00] [262/296] KCMD
[00:08:01] [263/296] TTPP
[00:08:02] [264/296] KMPV
[00:08:03] [265/296] SKTV
[00:08:04] [266/296] STCV
[00:08:05] [267/296] SRDA
[00:08:07] [268/296] JTSX
[00:08:08] [269/296] STBV
[00:08:08] [270/296] APVZ
[00:08:09] [271/296] GSTV
[00:08:10] [272/296] NMVS
[00:08:11] [273/296] SKRT
[00:08:12] [274/296] RMDV
[00:08:13] [275/296] RATG
[00:08:14] [276/296] SJYV
[00:08:15] [277/296] NDGP
[00:08:16] [278/296] SNDG
[00:08:17] [279/296] INSR
[00:08:18] [280/296] INSO
[00:08:19] [281/296] CCSI
[00:08:20] [282/296] RASM
[00:08:21] [283/296] NEWC
[00:08:22] [284/296] VSHL
[00:08:22] [285/296] BISW
[00:08:24] [286/296] GCNG
[00:08:25] [287/296] CWSC
[00:08:26] [288/296] SKAN
[00:08:27] [289/296] SEHP
[00:08:28] [290/296] CCOA
[00:08:29] [291/296] MCAJ
[00:08:31] [292/296] ACDE
[00:08:32] [293/296] AACM
[00:08:33] [294/296] JJCK
[00:08:34] [295/296] RCMO
[00:08:35] [296/296] GDAW
[00:08:36] ✅ DONE | Shows=0 | Movies=0
[00:48:35] 🚀 BMS DAILY TRACKER STARTED
[00:48:35] [1/296] CDCA
[00:48:35] 🧠 New identity
[00:48:36] [2/296] MNSR
[00:48:36] [3/296] CSSL
[00:48:37] [4/296] BGGM
[00:48:38] [5/296] MANT
[00:48:38] [6/296] SOOY
[00:48:39] [7/296] VPPK
[00:48:39] [8/296] MYHJ
[00:48:40] [9/296] KSCK
[00:48:41] [10/296] KATK
[00:48:41] [11/296] RTRT
[00:48:42] [12/296] SSTT
[00:48:42] [13/296] SSTV
[00:48:43] [14/296] LACM
[00:48:43] [15/296] SGMG
[00:48:44] [16/296] KACX
[00:48:45] [17/296] GVCP
[00:48:45] [18/296] CSNC
[00:48:46] [19/296] SXCB
[00:48:46] [20/296] BAHS
[00:48:47] [21/296] PCBI
[00:48:48] [22/296] PSSM
[00:48:48] [23/296] RCOK
[00:48:49] [24/296] SCPF
[00:48:50] [25/296] SSAS
[00:48:50] [26/296] EVMM
[00:48:51] [27/296] SYCB
[00:48:52] [28/296] GCKI
[00:48:52] [29/296] IAET
[00:48:53] [30/296] DDTD
[00:48:54] [31/296] GMDH
[00:48:54] [32/296] STLE
[00:48:54] [33/296] JTRA
[00:48:55] [34/296] RPPA
[00:48:56] [35/296] ARUT
[00:48:56] [36/296] JTVM
[00:48:57] [37/296] SWRH
[00:48:57] [38/296] DCPC
[00:48:58] [39/296] RAPR
[00:48:59] [40/296] GCRT
[00:48:59] [41/296] ATUN
[00:49:00] [42/296] LTRM
[00:49:01] [43/296] TASR
[00:49:01] [44/296] RLLC
[00:49:02] [45/296] MABI
[00:49:02] [46/296] SVHB
[00:49:03] [47/296] NVTB
[00:49:03] [48/296] KCKG
[00:49:04] [49/296] SSRN
[00:49:04] [50/296] VDDC
[00:49:05] [51/296] GKTK
[00:49:06] [52/296] YFSN
[00:49:06] [53/296] GCSG
[00:49:07] [54/296] ESSM
[00:49:08] [55/296] KRIH
[00:49:08] [56/296] GCDS
[00:49:09] [57/296] CCSH
[00:49:09] [58/296] ACSK
[00:49:10] [59/296] APRK
[00:49:11] [60/296] ADKM
[00:49:11] [61/296] SRDM
[00:49:12] [62/296] RMOG
[00:49:12] [63/296] SJMY
[00:49:13] [64/296] PGGC
[00:49:13] [65/296] INGM
[00:49:14] [66/296] LSCB
[00:49:14] [67/296] STAD
[00:49:15] [68/296] MCCR
[00:49:16] [69/296] ABCC
[00:49:16] [70/296] RKCC
[00:49:17] [71/296] RTCR
[00:49:17] [72/296] GGBC
[00:49:18] [73/296] GCSD
[00:49:18] [74/296] LPTY
[00:49:19] [75/296] MCFD
[00:49:19] [76/296] HENN
[00:49:20] [77/296] SMKU
[00:49:20] [78/296] TNZC
[00:49:21] [79/296] DRCD
[00:49:21] [80/296] DLCD
[00:49:22] [81/296] RCDA
[00:49:23] [82/296] COSM
[00:49:23] [83/296] MCMJ
[00:49:24] [84/296] CSTR
[00:49:25] [85/296] CVDK
[00:49:25] [86/296] INRR
[00:49:26] [87/296] RJRT
[00:49:26] [88/296] IRMR
[00:49:27] [89/296] SRCF
[00:49:28] [90/296] GRCR
[00:49:28] [91/296] SURC
[00:49:29] [92/296] NMNH
[00:49:29] [93/296] SVBL
[00:49:30] [94/296] KACI
[00:49:31] [95/296] TDGO
[00:49:31] [96/296] KTBR
[00:49:32] [97/296] PMAD
[00:49:32] [98/296] CCPN
[00:49:33] [99/296] SBTK
[00:49:33] [100/296] LMDK
[00:49:34] [101/296] PGDA
[00:49:35] [102/296] SRML
[00:49:35] [103/296] EVCK
[00:49:36] [104/296] RTTK
[00:49:36] [105/296] SRTU
[00:49:37] [106/296] VRSA
[00:49:38] [107/296] VARS
[00:49:38] [108/296] DSCZ
[00:49:39] [109/296] GAGA
[00:49:39] [110/296] SARV
[00:49:40] [111/296] SEEG
[00:49:40] [112/296] GLCA
[00:49:41] [113/296] APAS
[00:49:41] [114/296] VCIA
[00:49:42] [115/296] SJTA
[00:49:42] [116/296] SABM
[00:49:43] [117/296] PPAG
[00:49:44] [118/296] RVCA
[00:49:44] [119/296] CCIA
[00:49:45] [120/296] HTAG
[00:49:45] [121/296] SMBI
[00:49:46] [122/296] MCJR
[00:49:47] [123/296] CCJR
[00:49:47] [124/296] SINF
[00:49:48] [125/296] CPLX
[00:49:49] [126/296] KKTJ
[00:49:49] [127/296] GDBW
[00:49:50] [128/296] CSUB
[00:49:51] [129/296] DABA
[00:49:51] [130/296] TITR
[00:49:52] [131/296] NYCR
[00:49:52] [132/296] RTRY
[00:49:53] [133/296] JTJL
[00:49:53] [134/296] SJCP
[00:49:54] [135/296] KCCA
[00:49:54] [136/296] MLPG
[00:49:55] [137/296] VRCK
[00:49:55] [138/296] SRIN
[00:49:56] [139/296] CXMK
[00:49:57] [140/296] SKAD
[00:49:57] [141/296] AVTR
[00:49:58] [142/296] PTAJ
[00:49:58] [143/296] SCNK
[00:49:59] [144/296] STTI
[00:50:00] [145/296] KACR
[00:50:00] [146/296] SSDX
[00:50:01] [147/296] VRTJ
[00:50:01] [148/296] RAJD
[00:50:02] [149/296] SCIP
[00:50:02] [150/296] RJSL
[00:50:03] [151/296] ARRS
[00:50:04] [152/296] ASMS
[00:50:04] [153/296] RDTS
[00:50:05] [154/296] DVMY
[00:50:05] [155/296] RASA
[00:50:06] [156/296] INOM
[00:50:07] [157/296] SPRS
[00:50:07] [158/296] SGCS
[00:50:08] [159/296] SALM
[00:50:08] [160/296] PKHC
[00:50:09] [161/296] RCSV
[00:50:09] [162/296] CPKC
[00:50:10] [163/296] AACD
[00:50:10] [164/296] GGCV
[00:50:11] [165/296] SMKD
[00:50:11] [166/296] NBCH
[00:50:12] [167/296] AMCB
[00:50:13] [168/296] OPCN
[00:50:13] [169/296] DCIN
[00:50:14] [170/296] INGW
[00:50:14] [171/296] PKKW
[00:50:15] [172/296] FNGW
[00:50:15] [173/296] GCGD
[00:50:16] [174/296] MSTW
[00:50:17] [175/296] KCCG
[00:50:17] [176/296] MRSS
[00:50:18] [177/296] CLCF
[00:50:19] [178/296] EETS
[00:50:19] [179/296] AATR
[00:50:20] [180/296] CMMN
[00:50:20] [181/296] SCCJ
[00:50:21] [182/296] CDTK
[00:50:21] [183/296] AICP
[00:50:22] [184/296] FNBP
[00:50:22] [185/296] CBPB
[00:50:23] [186/296] CPAS
[00:50:24] [187/296] MAPM
[00:50:24] [188/296] PASD
[00:50:25] [189/296] JCMN
[00:50:26] [190/296] MALB
[00:50:26] [191/296] SACG
[00:50:27] [192/296] DDRX
[00:50:27] [193/296] DDXB
[00:50:28] [194/296] RAMC
[00:50:28] [195/296] SANC
[00:50:28] [196/296] BCBP
[00:50:29] [197/296] ALPC
[00:50:30] [198/296] RBAC
[00:50:30] [199/296] RAJL
[00:50:31] [200/296] MPDX
[00:50:32] [201/296] MUSC
[00:50:32] [202/296] VKMK
[00:50:33] [203/296] SKCG
[00:50:34] [204/296] ANCN
[00:50:34] [205/296] MMCJ
[00:50:35] [206/296] DCAK
[00:50:35] [207/296] SCKG
[00:50:36] [208/296] LMCK
[00:50:37] [209/296] CKKX
[00:50:37] [210/296] ANKU
[00:50:38] [211/296] CSMD
[00:50:38] [212/296] MKMP
[00:50:39] [213/296] SVBG
[00:50:39] [214/296] ROOP
[00:50:40] [215/296] GDMT
[00:50:40] [216/296] FPPF
[00:50:41] [217/296] SFUU
[00:50:41] [218/296] ANCB
[00:50:42] [219/296] SMMC
[00:50:43] [220/296] UGKT
[00:50:43] [221/296] JVRM
[00:50:44] [222/296] BATG
[00:50:44] [223/296] RATE
[00:50:45] [224/296] SKME
[00:50:45] [225/296] LMTP
[00:50:46] [226/296] TCBD
[00:50:46] [227/296] ESBD
[00:50:47] [228/296] GDCU
[00:50:47] [229/296] SNKT
[00:50:48] [230/296] SRNK
[00:50:48] [231/296] SMED
[00:50:49] [232/296] CSQS
[00:50:49] [233/296] ALCS
[00:50:50] [234/296] KCKN
[00:50:51] [235/296] VCCL
[00:50:51] [236/296] MCDA
[00:50:52] [237/296] SHMI
[00:50:52] [238/296] SKHA
[00:50:53] [239/296] SVFK
[00:50:54] [240/296] INVB
[00:50:54] [241/296] MELD
[00:50:55] [242/296] JTYS
[00:50:55] [243/296] INCM
[00:50:56] [244/296] MCDV
[00:50:56] [245/296] KSGK
[00:50:57] [246/296] ICMG
[00:50:58] [247/296] CSCV
[00:50:58] [248/296] STMD
[00:50:59] [249/296] STTR
[00:51:00] [250/296] INVC
[00:51:00] [251/296] JTBL
[00:51:01] [252/296] SRVV
[00:51:01] [253/296] MAVC
[00:51:02] [254/296] SRPP
[00:51:03] [255/296] JGDM
[00:51:03] [256/296] MBSJ
[00:51:04] [257/296] SSLL
[00:51:05] [258/296] SLKP
[00:51:06] [259/296] NSRV
[00:51:06] [260/296] UTDV
[00:51:07] [261/296] KICM
[00:51:07] [262/296] KCMD
[00:51:08] [263/296] TTPP
[00:51:08] [264/296] KMPV
[00:51:09] [265/296] SKTV
[00:51:09] [266/296] STCV
[00:51:10] [267/296] SRDA
[00:51:10] [268/296] JTSX
[00:51:11] [269/296] STBV
[00:51:12] [270/296] APVZ
[00:51:12] [271/296] GSTV
[00:51:13] [272/296] NMVS
[00:51:13] [273/296] SKRT
[00:51:14] [274/296] RMDV
[00:51:14] [275/296] RATG
[00:51:15] [276/296] SJYV
[00:51:15] [277/296] NDGP
[00:51:16] [278/296] SNDG
[00:51:17] [279/296] INSR
[00:51:17] [280/296] INSO
[00:51:18] [281/296] CCSI
[00:51:18] [282/296] RASM
[00:51:19] [283/296] NEWC
[00:51:19] [284/296] VSHL
[00:51:20] [285/296] BISW
[00:51:21] [286/296] GCNG
[00:51:21] [287/296] CWSC
[00:51:22] [288/296] SKAN
[00:51:22] [289/296] SEHP
[00:51:23] [290/296] CCOA
[00:51:23] [291/296] MCAJ
[00:51:24] [292/296] ACDE
[00:51:25] [293/296] AACM
[00:51:25] [294/296] JJCK
[00:51:26] [295/296] RCMO
[00:51:27] [296/296] GDAW
[00:51:27] ✅ DONE | Shows=0 | Movies=0
[01:55:40] 🚀 BMS DAILY TRACKER STARTED
[01:55:40] [1/296] CDCA
[01:55:40] 🧠 New identity
[01:55:41] [2/296] MNSR
[01:55:41] [3/296] CSSL
[01:55:42] [4/296] BGGM
[01:55:43] [5/296] MANT
[01:55:43] [6/296] SOOY
[01:55:44] [7/296] VPPK
[01:55:45] [8/296] MYHJ
[01:55:45] [9/296] KSCK
[01:55:46] [10/296] KATK
[01:55:46] [11/296] RTRT
[01:55:47] [12/296] SSTT
[01:55:48] [13/296] SSTV
[01:55:48] [14/296] LACM
[01:55:49] [15/296] SGMG
[01:55:49] [16/296] KACX
[01:55:50] [17/296] GVCP
[01:55:51] [18/296] CSNC
[01:55:51] [19/296] SXCB
[01:55:52] [20/296] BAHS
[01:55:53] [21/296] PCBI
[01:55:53] [22/296] PSSM
[01:55:54] [23/296] RCOK
[01:55:55] [24/296] SCPF
[01:55:55] [25/296] SSAS
[01:55:56] [26/296] EVMM
[01:55:56] [27/296] SYCB
[01:55:57] [28/296] GCKI
[01:55:57] [29/296] IAET
[01:55:58] [30/296] DDTD
[01:55:59] [31/296] GMDH
[01:55:59] [32/296] STLE
[01:56:00] [33/296] JTRA
[01:56:00] [34/296] RPPA
[01:56:01] [35/296] ARUT
[01:56:02] [36/296] JTVM
[01:56:02] [37/296] SWRH
[01:56:03] [38/296] DCPC
[01:56:03] [39/296] RAPR
[01:56:04] [40/296] GCRT
[01:56:05] [41/296] ATUN
[01:56:05] [42/296] LTRM
[01:56:06] [43/296] TASR
[01:56:06] [44/296] RLLC
[01:56:07] [45/296] MABI
[01:56:08] [46/296] SVHB
[01:56:08] [47/296] NVTB
[01:56:09] [48/296] KCKG
[01:56:09] [49/296] SSRN
[01:56:10] [50/296] VDDC
[01:56:11] [51/296] GKTK
[01:56:12] [52/296] YFSN
[01:56:12] [53/296] GCSG
[01:56:13] [54/296] ESSM
[01:56:13] [55/296] KRIH
[01:56:14] [56/296] GCDS
[01:56:15] [57/296] CCSH
[01:56:15] [58/296] ACSK
[01:56:16] [59/296] APRK
[01:56:16] [60/296] ADKM
[01:56:17] [61/296] SRDM
[01:56:17] [62/296] RMOG
[01:56:18] [63/296] SJMY
[01:56:19] [64/296] PGGC
[01:56:19] [65/296] INGM
[01:56:20] [66/296] LSCB
[01:56:21] [67/296] STAD
[01:56:21] [68/296] MCCR
[01:56:22] [69/296] ABCC
[01:56:22] [70/296] RKCC
[01:56:23] [71/296] RTCR
[01:56:23] [72/296] GGBC
[01:56:24] [73/296] GCSD
[01:56:25] [74/296] LPTY
[01:56:25] [75/296] MCFD
[01:56:26] [76/296] HENN
[01:56:26] [77/296] SMKU
[01:56:27] [78/296] TNZC
[01:56:28] [79/296] DRCD
[01:56:28] [80/296] DLCD
[01:56:29] [81/296] RCDA
[01:56:29] [82/296] COSM
[01:56:30] [83/296] MCMJ
[01:56:31] [84/296] CSTR
[01:56:31] [85/296] CVDK
[01:56:32] [86/296] INRR
[01:56:33] [87/296] RJRT
[01:56:33] [88/296] IRMR
[01:56:34] [89/296] SRCF
[01:56:34] [90/296] GRCR
[01:56:35] [91/296] SURC
[01:56:35] [92/296] NMNH
[01:56:36] [93/296] SVBL
[01:56:37] [94/296] KACI
[01:56:37] [95/296] TDGO
[01:56:38] [96/296] KTBR
[01:56:38] [97/296] PMAD
[01:56:39] [98/296] CCPN
[01:56:39] [99/296] SBTK
[01:56:40] [100/296] LMDK
[01:56:41] [101/296] PGDA
[01:56:41] [102/296] SRML
[01:56:42] [103/296] EVCK
[01:56:42] [104/296] RTTK
[01:56:43] [105/296] SRTU
[01:56:43] [106/296] VRSA
[01:56:44] [107/296] VARS
[01:56:44] [108/296] DSCZ
[01:56:45] [109/296] GAGA
[01:56:46] [110/296] SARV
[01:56:46] [111/296] SEEG
[01:56:46] [112/296] GLCA
[01:56:47] [113/296] APAS
[01:56:47] [114/296] VCIA
[01:56:48] [115/296] SJTA
[01:56:49] [116/296] SABM
[01:56:50] [117/296] PPAG
[01:56:50] [118/296] RVCA
[01:56:51] [119/296] CCIA
[01:56:52] [120/296] HTAG
[01:56:52] [121/296] SMBI
[01:56:53] [122/296] MCJR
[01:56:53] [123/296] CCJR
[01:56:54] [124/296] SINF
[01:56:55] [125/296] CPLX
[01:56:55] [126/296] KKTJ
[01:56:56] [127/296] GDBW
[01:56:57] [128/296] CSUB
[01:56:57] [129/296] DABA
[01:56:58] [130/296] TITR
[01:56:58] [131/296] NYCR
[01:56:59] [132/296] RTRY
[01:56:59] [133/296] JTJL
[01:57:00] [134/296] SJCP
[01:57:00] [135/296] KCCA
[01:57:01] [136/296] MLPG
[01:57:02] [137/296] VRCK
[01:57:02] [138/296] SRIN
[01:57:03] [139/296] CXMK
[01:57:03] [140/296] SKAD
[01:57:04] [141/296] AVTR
[01:57:05] [142/296] PTAJ
[01:57:05] [143/296] SCNK
[01:57:06] [144/296] STTI
[01:57:07] [145/296] KACR
[01:57:07] [146/296] SSDX
[01:57:08] [147/296] VRTJ
[01:57:08] [148/296] RAJD
[01:57:09] [149/296] SCIP
[01:57:09] [150/296] RJSL
[01:57:10] [151/296] ARRS
[01:57:11] [152/296] ASMS
[01:57:11] [153/296] RDTS
[01:57:12] [154/296] DVMY
[01:57:12] [155/296] RASA
[01:57:13] [156/296] INOM
[01:57:13] [157/296] SPRS
[01:57:14] [158/296] SGCS
[01:57:14] [159/296] SALM
[01:57:15] [160/296] PKHC
[01:57:16] [161/296] RCSV
[01:57:16] [162/296] CPKC
[01:57:17] [163/296] AACD
[01:57:17] [164/296] GGCV
[01:57:18] [165/296] SMKD
[01:57:18] [166/296] NBCH
[01:57:19] [167/296] AMCB
[01:57:19] [168/296] OPCN
[01:57:20] [169/296] DCIN
[01:57:21] [170/296] INGW
[01:57:22] [171/296] PKKW
[01:57:22] [172/296] FNGW
[01:57:23] [173/296] GCGD
[01:57:23] [174/296] MSTW
[01:57:24] [175/296] KCCG
[01:57:24] [176/296] MRSS
[01:57:25] [177/296] CLCF
[01:57:26] [178/296] EETS
[01:57:26] [179/296] AATR
[01:57:27] [180/296] CMMN
[01:57:28] [181/296] SCCJ
[01:57:28] [182/296] CDTK
[01:57:29] [183/296] AICP
[01:57:29] [184/296] FNBP
[01:57:30] [185/296] CBPB
[01:57:31] [186/296] CPAS
[01:57:31] [187/296] MAPM
[01:57:32] [188/296] PASD
[01:57:32] [189/296] JCMN
[01:57:33] [190/296] MALB
[01:57:33] [191/296] SACG
[01:57:34] [192/296] DDRX
[01:57:34] [193/296] DDXB
[01:57:35] [194/296] RAMC
[01:57:36] [195/296] SANC
[01:57:36] [196/296] BCBP
[01:57:37] [197/296] ALPC
[01:57:37] [198/296] RBAC
[01:57:38] [199/296] RAJL
[01:57:38] [200/296] MPDX
[01:57:39] [201/296] MUSC
[01:57:40] [202/296] VKMK
[01:57:40] [203/296] SKCG
[01:57:41] [204/296] ANCN
[01:57:41] [205/296] MMCJ
[01:57:42] [206/296] DCAK
[01:57:43] [207/296] SCKG
[01:57:43] [208/296] LMCK
[01:57:43] [209/296] CKKX
[01:57:44] [210/296] ANKU
[01:57:45] [211/296] CSMD
[01:57:45] [212/296] MKMP
[01:57:46] [213/296] SVBG
[01:57:46] [214/296] ROOP
[01:57:47] [215/296] GDMT
[01:57:47] [216/296] FPPF
[01:57:48] [217/296] SFUU
[01:57:48] [218/296] ANCB
[01:57:49] [219/296] SMMC
[01:57:49] [220/296] UGKT
[01:57:50] [221/296] JVRM
[01:57:51] [222/296] BATG
[01:57:51] [223/296] RATE
[01:57:52] [224/296] SKME
[01:57:52] [225/296] LMTP
[01:57:53] [226/296] TCBD
[01:57:54] [227/296] ESBD
[01:57:54] [228/296] GDCU
[01:57:55] [229/296] SNKT
[01:57:56] [230/296] SRNK
[01:57:56] [231/296] SMED
[01:57:57] [232/296] CSQS
[01:57:57] [233/296] ALCS
[01:57:58] [234/296] KCKN
[01:57:59] [235/296] VCCL
[01:57:59] [236/296] MCDA
[01:58:00] [237/296] SHMI
[01:58:00] [238/296] SKHA
[01:58:01] [239/296] SVFK
[01:58:02] [240/296] INVB
[01:58:02] [241/296] MELD
[01:58:02] [242/296] JTYS
[01:58:03] [243/296] INCM
[01:58:04] [244/296] MCDV
[01:58:04] [245/296] KSGK
[01:58:05] [246/296] ICMG
[01:58:05] [247/296] CSCV
[01:58:06] [248/296] STMD
[01:58:06] [249/296] STTR
[01:58:07] [250/296] INVC
[01:58:07] [251/296] JTBL
[01:58:08] [252/296] SRVV
[01:58:09] [253/296] MAVC
[01:58:09] [254/296] SRPP
[01:58:10] [255/296] JGDM
[01:58:11] [256/296] MBSJ
[01:58:11] [257/296] SSLL
[01:58:12] [258/296] SLKP
[01:58:12] [259/296] NSRV
[01:58:13] [260/296] UTDV
[01:58:13] [261/296] KICM
[01:58:14] [262/296] KCMD
[01:58:14] [263/296] TTPP
[01:58:15] [264/296] KMPV
[01:58:15] [265/296] SKTV
[01:58:16] [266/296] STCV
[01:58:16] [267/296] SRDA
[01:58:17] [268/296] JTSX
[01:58:18] [269/296] STBV
[01:58:18] [270/296] APVZ
[01:58:19] [271/296] GSTV
[01:58:19] [272/296] NMVS
[01:58:20] [273/296] SKRT
[01:58:20] [274/296] RMDV
[01:58:21] [275/296] RATG
[01:58:22] [276/296] SJYV
[01:58:22] [277/296] NDGP
[01:58:23] [278/296] SNDG
[01:58:24] [279/296] INSR
[01:58:24] [280/296] INSO
[01:58:25] [281/296] CCSI
[01:58:25] [282/296] RASM
[01:58:26] [283/296] NEWC
[01:58:26] [284/296] VSHL
[01:58:27] [285/296] BISW
[01:58:28] [286/296] GCNG
[01:58:28] [287/296] CWSC
[01:58:29] [288/296] SKAN
[01:58:29] [289/296] SEHP
[01:58:30] [290/296] CCOA
[01:58:31] [291/296] MCAJ
[01:58:31] [292/296] ACDE
[01:58:32] [293/296] AACM
[01:58:32] [294/296] JJCK
[01:58:33] [295/296] RCMO
[01:58:34] [296/296] GDAW
[01:58:34] ✅ DONE | Shows=0 | Movies=0
