[15:44:12] 🚀 SCRIPT STARTED
[15:44:12] [1/435] NJCT
[15:44:12] 🧠 New identity created
[15:44:13] [2/435] COPC
[15:44:14] [3/435] STVV
[15:44:14] [4/435] SKRN
[15:44:15] [5/435] APPZ
[15:44:16] [6/435] YMGN
[15:44:17] [7/435] SVTU
[15:44:18] [8/435] GTAD
[15:44:19] [9/435] PSUS
[15:44:20] [10/435] SMCD
[15:44:20] [11/435] CMCM
[15:44:21] [12/435] SYCT
[15:44:22] [13/435] STLY
[15:44:23] [14/435] CMHU
[15:44:24] [15/435] CMSA
[15:44:25] [16/435] CLCU
[15:44:26] [17/435] PPNT
[15:44:27] [18/435] JTAB
[15:44:28] [19/435] BUUC
[15:44:29] [20/435] BSVK
[15:44:30] [21/435] VVVQ
[15:44:31] [22/435] TKMU
[15:44:32] [23/435] ESYL
[15:44:32] [24/435] ACHP
[15:44:34] [25/435] BTKD
[15:44:35] [26/435] DESA
[15:44:36] [27/435] GBCT
[15:44:37] [28/435] BLLD
[15:44:38] [29/435] SKNT
[15:44:39] [30/435] SSTE
[15:44:40] [31/435] VJMR
[15:44:41] [32/435] NTPU
[15:44:41] [33/435] RDKN
[15:44:42] [34/435] ADGC
[15:44:43] [35/435] VRBP
[15:44:44] [36/435] NMNA
[15:44:46] [37/435] CMMX
[15:44:48] [38/435] PTKO
[15:44:48] [39/435] RBML
[15:44:49] [40/435] SAIC
[15:44:50] [41/435] SVTJ
[15:44:51] [42/435] MRTE
[15:44:52] [43/435] RBTP
[15:44:52] [44/435] NLPS
[15:44:53] [45/435] GTNA
[15:44:54] [46/435] DGGC
[15:44:55] [47/435] SMCR
[15:44:55] [48/435] SCGD
[15:44:56] [49/435] SRRJ
[15:44:57] [50/435] CNRY
[15:44:58] [51/435] KTDI
[15:44:59] [52/435] SNJL
[15:45:00] [53/435] RKMD
[15:45:01] [54/435] SMDC
[15:45:02] [55/435] TADG
[15:45:03] [56/435] MCGS
[15:45:03] [57/435] PETK
[15:45:04] [58/435] CHAG
[15:45:05] [59/435] KSTL
[15:45:06] [60/435] AADS
[15:45:07] [61/435] NTHZ
[15:45:07] [62/435] HCKI
[15:45:08] [63/435] SSEF
[15:45:09] [64/435] MCGX
[15:45:11] [65/435] ERRA
[15:45:12] [66/435] SDTW
[15:45:12] [67/435] RMPK
[15:45:14] [68/435] PTHK
[15:45:15] [69/435] PXCS
[15:45:16] [70/435] SVLU
[15:45:16] [71/435] STAH
[15:45:17] [72/435] JRGF
[15:45:19] [73/435] CDOK
[15:45:20] [74/435] CMSG
[15:45:21] [75/435] APTD
[15:45:22] [76/435] KMPG
[15:45:24] [77/435] MUTJ
[15:45:24] [78/435] VCCI
[15:45:25] [79/435] URBE
[15:45:26] [80/435] TCTS
[15:45:27] [81/435] STSN
[15:45:28] [82/435] AKCH
[15:45:29] [83/435] APSC
[15:45:30] [84/435] VLTB
[15:45:30] [85/435] SANU
[15:45:31] [86/435] AXAM
[15:45:32] [87/435] MGMG
[15:45:33] [88/435] HTBY
[15:45:34] [89/435] MMZS
[15:45:35] [90/435] SUDR
[15:45:35] [91/435] CCAD
[15:45:36] [92/435] SKKC
[15:45:37] [93/435] RMCD
[15:45:38] [94/435] SBCQ
[15:45:39] [95/435] DCCT
[15:45:40] [96/435] VTKP
[15:45:41] [97/435] MLAM
[15:45:42] [98/435] SAVT
[15:45:43] [99/435] GEPL
[15:45:44] [100/435] AMCD
[15:45:46] [101/435] CCXR
[15:45:47] [102/435] GRNG
[15:45:47] [103/435] EBCA
[15:45:48] [104/435] CNVG
[15:45:49] [105/435] MWSS
[15:45:51] [106/435] VBOR
[15:45:51] [107/435] NEEB
[15:45:53] [108/435] SUTH
[15:45:54] [109/435] ANDB
[15:45:55] [110/435] MMXS
[15:45:56] [111/435] CNPD
[15:45:56] [112/435] SDCE
[15:45:57] [113/435] DHCB
[15:45:58] [114/435] ODEN
[15:45:59] [115/435] TNTC
[15:46:00] [116/435] VBKM
[15:46:01] [117/435] RZYM
[15:46:01] [118/435] JEMC
[15:46:02] [119/435] CMAU
[15:46:04] [120/435] SIVP
[15:46:05] [121/435] ATAG
[15:46:06] [122/435] CHTM
[15:46:07] [123/435] AAEE
[15:46:08] [124/435] IWPM
[15:46:08] [125/435] KCMW
[15:46:09] [126/435] MCTD
[15:46:10] [127/435] SPWR
[15:46:11] [128/435] SDPO
[15:46:11] [129/435] PCSK
[15:46:12] [130/435] ACHV
[15:46:13] [131/435] SVLA
[15:46:14] [132/435] PICT
[15:46:15] [133/435] BXDR
[15:46:16] [134/435] SPWA
[15:46:16] [135/435] MCKO
[15:46:17] [136/435] RTHK
[15:46:18] [137/435] CCMF
[15:46:19] [138/435] MRGB
[15:46:20] [139/435] CPLC
[15:46:21] [140/435] RACD
[15:46:22] [141/435] ATKT
[15:46:23] [142/435] SARN
[15:46:24] [143/435] KKUI
[15:46:25] [144/435] RGCM
[15:46:26] [145/435] BRVP
[15:46:26] [146/435] HRSR
[15:46:27] [147/435] GKGM
[15:46:28] [148/435] TTCD
[15:46:29] [149/435] PTTI
[15:46:30] [150/435] MPTT
[15:46:32] [151/435] CVTT
[15:46:32] [152/435] PCXD
[15:46:33] [153/435] GCDC
[15:46:34] [154/435] CCCF
[15:46:35] [155/435] MRAD
[15:46:36] [156/435] CPLK
[15:46:37] [157/435] SATB
[15:46:38] [158/435] SNVG
[15:46:40] [159/435] JMBA
[15:46:41] [160/435] TEJA
[15:46:43] [161/435] STYO
[15:46:43] [162/435] JTBP
[15:46:44] [163/435] KRGD
[15:46:45] [164/435] SLJJ
[15:46:46] [165/435] SPTJ
[15:46:46] [166/435] SWJG
[15:46:47] [167/435] LKRT
[15:46:48] [168/435] KCKA
[15:46:50] [169/435] SNCR
[15:46:50] [170/435] SMKL
[15:46:52] [171/435] GCFA
[15:46:53] [172/435] DDCK
[15:46:54] [173/435] NCHJ
[15:46:54] [174/435] RDMA
[15:46:55] [175/435] SVSV
[15:46:56] [176/435] SCJG
[15:46:57] [177/435] VKLP
[15:46:58] [178/435] NWCC
[15:46:58] [179/435] VKNS
[15:46:59] [180/435] SDDP
[15:47:00] [181/435] ACSI
[15:47:01] [182/435] SATG
[15:47:02] [183/435] SCMW
[15:47:02] [184/435] LKTK
[15:47:04] [185/435] VCKV
[15:47:05] [186/435] KKPE
[15:47:06] [187/435] KIGH
[15:47:07] [188/435] SRPM
[15:47:07] [189/435] SCAH
[15:47:08] [190/435] MUTA
[15:47:09] [191/435] SEPU
[15:47:10] [192/435] INOA
[15:47:11] [193/435] BASK
[15:47:12] [194/435] NECB
[15:47:13] [195/435] GTTG
[15:47:13] [196/435] ASSA
[15:47:14] [197/435] ANCL
[15:47:15] [198/435] GCTI
[15:47:16] [199/435] RCTS
[15:47:17] [200/435] ACNL
[15:47:17] [201/435] MYCT
[15:47:18] [202/435] NMHT
[15:47:19] [203/435] MDIT
[15:47:20] [204/435] LATG
[15:47:21] [205/435] SMTY
[15:47:22] [206/435] CVCT
[15:47:23] [207/435] RAMB
[15:47:24] [208/435] TGMS
[15:47:25] [209/435] BHEL
[15:47:26] [210/435] SHCT
[15:47:26] [211/435] SVCT
[15:47:27] [212/435] MRIY
[15:47:28] [213/435] SARO
[15:47:29] [214/435] STCT
[15:47:29] [215/435] JKKC
[15:47:30] [216/435] PLTT
[15:47:31] [217/435] SRNT
[15:47:32] [218/435] YAST
[15:47:33] [219/435] PERL
[15:47:34] [220/435] CICM
[15:47:35] [221/435] MMTR
[15:47:36] [222/435] ABTK
[15:47:37] [223/435] ATYY
[15:47:38] [224/435] ASTK
[15:47:39] [225/435] VVCK
[15:47:40] [226/435] ATKY
[15:47:41] [227/435] GWEK
[15:47:41] [228/435] SVFH
[15:47:42] [229/435] SLTA
[15:47:43] [230/435] AASH
[15:47:44] [231/435] ACXB
[15:47:45] [232/435] SMTX
[15:47:46] [233/435] AZDH
[15:47:47] [234/435] CMMH
[15:47:48] [235/435] SCSZ
[15:47:48] [236/435] SCKP
[15:47:49] [237/435] NXTM
[15:47:50] [238/435] NWCS
[15:47:51] [239/435] CXMH
[15:47:51] [240/435] PCMA
[15:47:52] [241/435] SGCM
[15:47:53] [242/435] SDTU
[15:47:54] [243/435] MMVI
[15:47:55] [244/435] JKCM
[15:47:56] [245/435] VCMM
[15:47:57] [246/435] SYEE
[15:47:58] [247/435] VASD
[15:48:00] [248/435] BDRB
[15:48:00] [249/435] LASM
[15:48:02] [250/435] DCRL
[15:48:03] [251/435] DVPM
[15:48:04] [252/435] SBMJ
[15:48:05] [253/435] CBMU
[15:48:05] [254/435] IUBS
[15:48:06] [255/435] INAP
[15:48:07] [256/435] SRRC
[15:48:08] [257/435] SAGR
[15:48:09] [258/435] CPMJ
[15:48:09] [259/435] ATJL
[15:48:10] [260/435] NNTD
[15:48:11] [261/435] JHCJ
[15:48:12] [262/435] CMMP
[15:48:13] [263/435] RSDR
[15:48:14] [264/435] AMTI
[15:48:14] [265/435] NYSG
[15:48:15] [266/435] AVSG
[15:48:16] [267/435] SYTP
[15:48:18] [268/435] LARC
[15:48:18] [269/435] RJTP
[15:48:20] [270/435] LAKC
[15:48:21] [271/435] MCXE
[15:48:22] [272/435] CCZC
[15:48:23] [273/435] AVCH
[15:48:23] [274/435] CMBE
[15:48:24] [275/435] MRRC
[15:48:25] [276/435] PCPY
[15:48:26] [277/435] SRMH
[15:48:27] [278/435] SVGS
[15:48:27] [279/435] PCSE
[15:48:28] [280/435] SVFT
[15:48:29] [281/435] TNZP
[15:48:30] [282/435] ICTP
[15:48:31] [283/435] ACTZ
[15:48:31] [284/435] GTUR
[15:48:32] [285/435] MAFC
[15:48:33] [286/435] MINL
[15:48:34] [287/435] MRCL
[15:48:35] [288/435] RCRP
[15:48:35] [289/435] RFFG
[15:48:36] [290/435] RMAS
[15:48:37] [291/435] INVR
[15:48:38] [292/435] RMAR
[15:48:39] [293/435] CNIS
[15:48:40] [294/435] RHRJ
[15:48:41] [295/435] INXR
[15:48:42] [296/435] VALT
[15:48:43] [297/435] LCSH
[15:48:44] [298/435] CMVS
[15:48:44] [299/435] CNMS
[15:48:45] [300/435] ROOG
[15:48:46] [301/435] ISRM
[15:48:47] [302/435] RCRM
[15:48:48] [303/435] ACJA
[15:48:48] [304/435] RCVS
[15:48:49] [305/435] CPUS
[15:48:50] [306/435] TGCS
[15:48:51] [307/435] RKCJ
[15:48:52] [308/435] MKSB
[15:48:52] [309/435] TCSJ
[15:48:53] [310/435] RMGP
[15:48:54] [311/435] CLLP
[15:48:55] [312/435] RCMV
[15:48:56] [313/435] CCKS
[15:48:56] [314/435] RSRP
[15:48:57] [315/435] APLP
[15:48:58] [316/435] CNVS
[15:49:00] [317/435] RMVY
[15:49:00] [318/435] PGBD
[15:49:01] [319/435] KLMS
[15:49:02] [320/435] RUST
[15:49:03] [321/435] MASM
[15:49:04] [322/435] BACS
[15:49:05] [323/435] BWST
[15:49:06] [324/435] RRFH
[15:49:07] [325/435] SJTM
[15:49:08] [326/435] BEMR
[15:49:09] [327/435] MCGR
[15:49:10] [328/435] SDSK
[15:49:10] [329/435] VBOL
[15:49:11] [330/435] RMGM
[15:49:12] [331/435] NOPL
[15:49:13] [332/435] MKJK
[15:49:14] [333/435] CVRN
[15:49:15] [334/435] MMEN
[15:49:16] [335/435] AMNG
[15:49:17] [336/435] INTM
[15:49:18] [337/435] SLCZ
[15:49:19] [338/435] AMJN
[15:49:20] [339/435] ACJN
[15:49:20] [340/435] AMKN
[15:49:21] [341/435] BTCN
[15:49:23] [342/435] AMBT
[15:49:24] [343/435] PACN
[15:49:24] [344/435] LCNS
[15:49:25] [345/435] PPKC
[15:49:26] [346/435] JYYN
[15:49:27] [347/435] JTNR
[15:49:29] [348/435] GTEE
[15:49:30] [349/435] SRNM
[15:49:30] [350/435] SDTC
[15:49:31] [351/435] VPCA
[15:49:32] [352/435] VLRA
[15:49:33] [353/435] SHKR
[15:49:33] [354/435] SBKD
[15:49:34] [355/435] SAAD
[15:49:35] [356/435] JTGN
[15:49:36] [357/435] SLAM
[15:49:37] [358/435] VTPM
[15:49:37] [359/435] ANPT
[15:49:39] [360/435] PUNB
[15:49:40] [361/435] CPKT
[15:49:41] [362/435] CNWE
[15:49:42] [363/435] ECPP
[15:49:43] [364/435] CPAR
[15:49:44] [365/435] ESBW
[15:49:45] [366/435] PKPU
[15:49:46] [367/435] CPRP
[15:49:47] [368/435] RAHU
[15:49:48] [369/435] RHMN
[15:49:49] [370/435] FMJP
[15:49:49] [371/435] CTMP
[15:49:50] [372/435] INPN
[15:49:51] [373/435] STTG
[15:49:52] [374/435] CTRD
[15:49:53] [375/435] PUVB
[15:49:53] [376/435] ESVP
[15:49:54] [377/435] CPFT
[15:49:55] [378/435] LCPC
[15:49:56] [379/435] VBCT
[15:49:57] [380/435] FSCW
[15:49:58] [381/435] VCMP
[15:50:00] [382/435] ASHC
[15:50:00] [383/435] VLCX
[15:50:01] [384/435] SHEV
[15:50:02] [385/435] APCO
[15:50:03] [386/435] SILC
[15:50:04] [387/435] SNMR
[15:50:05] [388/435] KYBO
[15:50:06] [389/435] SATK
[15:50:07] [390/435] SSCS
[15:50:08] [391/435] CLSB
[15:50:09] [392/435] KMJR
[15:50:10] [393/435] FSCK
[15:50:11] [394/435] NNKA
[15:50:11] [395/435] CLMK
[15:50:12] [396/435] DMPZ
[15:50:13] [397/435] INQM
[15:50:15] [398/435] CAML
[15:50:16] [399/435] INRK
[15:50:17] [400/435] IMKN
[15:50:19] [401/435] SVNR
[15:50:19] [402/435] INSL
[15:50:20] [403/435] MSMA
[15:50:22] [404/435] MCKK
[15:50:23] [405/435] FCHP
[15:50:23] [406/435] SFCR
[15:50:24] [407/435] NACK
[15:50:26] [408/435] PVAK
[15:50:27] [409/435] INER
[15:50:28] [410/435] RDBK
[15:50:29] [411/435] SVFN
[15:50:30] [412/435] IFRM
[15:50:30] [413/435] ATCK
[15:50:31] [414/435] ASKO
[15:50:32] [415/435] STKT
[15:50:33] [416/435] SVFB
[15:50:35] [417/435] INKS
[15:50:35] [418/435] PCRA
[15:50:36] [419/435] ATJA
[15:50:37] [420/435] IMJN
[15:50:38] [421/435] INHD
[15:50:39] [422/435] BARA
[15:50:39] [423/435] MCSL
[15:50:40] [424/435] RTOY
[15:50:41] [425/435] MENO
[15:50:42] [426/435] PUDM
[15:50:42] [427/435] PRCN
[15:50:43] [428/435] JMJR
[15:50:44] [429/435] SSGK
[15:50:46] [430/435] SSRL
[15:50:46] [431/435] JYKL
[15:50:47] [432/435] ACNB
[15:50:48] [433/435] SONP
[15:50:49] [434/435] EMCI
[15:50:50] [435/435] MRJH
[15:50:50] 🧹 Deduping shows
[15:50:50] ✅ DONE | Shows=1 | Movies=1
