[15:44:14] 🚀 SCRIPT STARTED
[15:44:14] [1/459] NECA
[15:44:14] 🧠 New identity created
[15:44:15] [2/459] BJLC
[15:44:15] [3/459] BASU
[15:44:16] [4/459] RUPI
[15:44:17] [5/459] LCBK
[15:44:18] [6/459] PMAC
[15:44:19] [7/459] AMLC
[15:44:20] [8/459] LICL
[15:44:21] [9/459] UDMM
[15:44:22] [10/459] STBZ
[15:44:22] [11/459] UUBT
[15:44:23] [12/459] SJKC
[15:44:24] [13/459] TUAL
[15:44:25] [14/459] MRSE
[15:44:26] [15/459] RMRK
[15:44:26] [16/459] TTKP
[15:44:27] [17/459] KTKO
[15:44:28] [18/459] SDBK
[15:44:29] [19/459] MCPR
[15:44:30] [20/459] CHTI
[15:44:30] [21/459] GCCP
[15:44:31] [22/459] SRMY
[15:44:32] [23/459] NYST
[15:44:33] [24/459] NYAG
[15:44:34] [25/459] SBMT
[15:44:35] [26/459] INGA
[15:44:36] [27/459] WSIC
[15:44:37] [28/459] SCSS
[15:44:38] [29/459] COPG
[15:44:39] [30/459] RCGR
[15:44:40] [31/459] TCZA
[15:44:41] [32/459] CNLP
[15:44:42] [33/459] CLKN
[15:44:42] [34/459] LHDF
[15:44:43] [35/459] ELKC
[15:44:44] [36/459] VCEM
[15:44:45] [37/459] SSZA
[15:44:46] [38/459] KRMT
[15:44:47] [39/459] LCMV
[15:44:48] [40/459] AYCZ
[15:44:49] [41/459] CUMS
[15:44:49] [42/459] BOCK
[15:44:50] [43/459] PNMR
[15:44:51] [44/459] PJCP
[15:44:52] [45/459] JDDD
[15:44:53] [46/459] STMS
[15:44:54] [47/459] FLMB
[15:44:55] [48/459] PKCM
[15:44:56] [49/459] SPPR
[15:44:57] [50/459] EYLH
[15:44:58] [51/459] RJCC
[15:44:59] [52/459] MMPS
[15:44:59] [53/459] SHMX
[15:45:00] [54/459] CCNL
[15:45:01] [55/459] RCNV
[15:45:02] [56/459] MAAG
[15:45:02] [57/459] LXCM
[15:45:03] [58/459] RCNI
[15:45:04] [59/459] SNNI
[15:45:05] [60/459] LALC
[15:45:06] [61/459] SOCN
[15:45:07] [62/459] JHTP
[15:45:08] [63/459] PITP
[15:45:09] [64/459] CCKW
[15:45:10] [65/459] MCMC
[15:45:11] [66/459] DEES
[15:45:12] [67/459] SABT
[15:45:13] [68/459] VSPP
[15:45:14] [69/459] ABCT
[15:45:15] [70/459] JVTB
[15:45:16] [71/459] VCBD
[15:45:16] [72/459] RMGG
[15:45:17] [73/459] RNMH
[15:45:19] [74/459] SPGL
[15:45:20] [75/459] JTTR
[15:45:21] [76/459] SICS
[15:45:21] [77/459] SRMI
[15:45:22] [78/459] SSIJ
[15:45:23] [79/459] KFMT
[15:45:24] [80/459] VBIT
[15:45:26] [81/459] JKCT
[15:45:27] [82/459] GCGP
[15:45:28] [83/459] GDCS
[15:45:29] [84/459] TRBA
[15:45:30] [85/459] QUST
[15:45:31] [86/459] VSHM
[15:45:33] [87/459] SDCP
[15:45:33] [88/459] SNVS
[15:45:34] [89/459] NYTO
[15:45:35] [90/459] URWC
[15:45:36] [91/459] GTWH
[15:45:37] [92/459] PFCM
[15:45:39] [93/459] KRTA
[15:45:39] [94/459] AXMC
[15:45:40] [95/459] EVMC
[15:45:41] [96/459] HGSM
[15:45:42] [97/459] ACVM
[15:45:43] [98/459] PSKL
[15:45:44] [99/459] RDMP
[15:45:44] [100/459] RHGH
[15:45:45] [101/459] OMCM
[15:45:46] [102/459] DCCP
[15:45:47] [103/459] MCPB
[15:45:48] [104/459] ALCI
[15:45:49] [105/459] BLMX
[15:45:50] [106/459] BTMV
[15:45:51] [107/459] FVPN
[15:45:52] [108/459] CMAR
[15:45:52] [109/459] CEIM
[15:45:53] [110/459] CMVA
[15:45:54] [111/459] CPIV
[15:45:55] [112/459] CNPE
[15:45:55] [113/459] COLV
[15:45:56] [114/459] DNNV
[15:45:57] [115/459] HCAD
[15:45:58] [116/459] TAKA
[15:45:59] [117/459] INVD
[15:46:00] [118/459] IRMM
[15:46:00] [119/459] INSE
[15:46:01] [120/459] MRSW
[15:46:02] [121/459] MCVD
[15:46:03] [122/459] MCSO
[15:46:04] [123/459] PEVM
[15:46:05] [124/459] PVNL
[15:46:06] [125/459] PTCV
[15:46:07] [126/459] PRTC
[15:46:08] [127/459] RCVA
[15:46:09] [128/459] MTBN
[15:46:10] [129/459] LUCP
[15:46:10] [130/459] FMPT
[15:46:11] [131/459] JLSL
[15:46:12] [132/459] SBHA
[15:46:13] [133/459] SHRC
[15:46:14] [134/459] AVPS
[15:46:15] [135/459] STPM
[15:46:16] [136/459] ATRD
[15:46:17] [137/459] VTED
[15:46:19] [138/459] ACAI
[15:46:20] [139/459] SMAE
[15:46:20] [140/459] VMAT
[15:46:21] [141/459] LKCT
[15:46:22] [142/459] JTVK
[15:46:23] [143/459] PRTY
[15:46:24] [144/459] GETT
[15:46:25] [145/459] ESAP
[15:46:26] [146/459] NCPM
[15:46:27] [147/459] PCPA
[15:46:27] [148/459] MMOM
[15:46:28] [149/459] PHUP
[15:46:29] [150/459] CCPI
[15:46:30] [151/459] CNTD
[15:46:31] [152/459] NLJR
[15:46:32] [153/459] SRNG
[15:46:33] [154/459] MHAL
[15:46:34] [155/459] PNSM
[15:46:35] [156/459] DRMY
[15:46:36] [157/459] CCMU
[15:46:37] [158/459] SCMY
[15:46:37] [159/459] PVSY
[15:46:38] [160/459] SDLM
[15:46:40] [161/459] ICCM
[15:46:41] [162/459] PYSU
[15:46:42] [163/459] GATM
[15:46:44] [164/459] WOTM
[15:46:44] [165/459] RKTS
[15:46:45] [166/459] PMTY
[15:46:46] [167/459] LYMS
[15:46:47] [168/459] TGCA
[15:46:47] [169/459] DSTA
[15:46:49] [170/459] CNGE
[15:46:50] [171/459] VSTG
[15:46:51] [172/459] GTCK
[15:46:51] [173/459] TGNT
[15:46:52] [174/459] ASLC
[15:46:53] [175/459] SSST
[15:46:54] [176/459] KBTT
[15:46:55] [177/459] HKCP
[15:46:56] [178/459] SWLC
[15:46:57] [179/459] RTND
[15:46:58] [180/459] PKKT
[15:46:58] [181/459] HSTK
[15:46:59] [182/459] SPTT
[15:47:00] [183/459] IMPM
[15:47:01] [184/459] SCMV
[15:47:01] [185/459] SPCT
[15:47:02] [186/459] JBCA
[15:47:03] [187/459] ATTR
[15:47:04] [188/459] SPMT
[15:47:05] [189/459] LCTM
[15:47:06] [190/459] SCVL
[15:47:07] [191/459] SCVT
[15:47:07] [192/459] KRIC
[15:47:08] [193/459] CTMG
[15:47:09] [194/459] ACNC
[15:47:10] [195/459] DMCK
[15:47:11] [196/459] KMTV
[15:47:12] [197/459] PFCJ
[15:47:13] [198/459] VNMD
[15:47:15] [199/459] VPCZ
[15:47:15] [200/459] SRYR
[15:47:17] [201/459] SYTR
[15:47:18] [202/459] GATR
[15:47:18] [203/459] URTR
[15:47:19] [204/459] MKSM
[15:47:20] [205/459] VSMH
[15:47:21] [206/459] SKRJ
[15:47:22] [207/459] SSJR
[15:47:23] [208/459] SVSM
[15:47:24] [209/459] RUCM
[15:47:25] [210/459] PRKN
[15:47:26] [211/459] RROH
[15:47:27] [212/459] SCTN
[15:47:28] [213/459] RTDM
[15:47:29] [214/459] ASRM
[15:47:30] [215/459] SKMD
[15:47:31] [216/459] SUTD
[15:47:31] [217/459] SADM
[15:47:32] [218/459] WCNR
[15:47:33] [219/459] CNED
[15:47:34] [220/459] MPDB
[15:47:34] [221/459] KTBH
[15:47:36] [222/459] IDRM
[15:47:37] [223/459] PJJT
[15:47:38] [224/459] PFCV
[15:47:38] [225/459] AACT
[15:47:39] [226/459] AAAD
[15:47:40] [227/459] ANES
[15:47:41] [228/459] MNCA
[15:47:42] [229/459] RMGU
[15:47:43] [230/459] DLCN
[15:47:45] [231/459] LJWT
[15:47:46] [232/459] MCBG
[15:47:46] [233/459] MYBG
[15:47:47] [234/459] GCCA
[15:47:48] [235/459] GCGA
[15:47:49] [236/459] ECGN
[15:47:50] [237/459] PRAB
[15:47:51] [238/459] PNMP
[15:47:51] [239/459] GCPT
[15:47:52] [240/459] ROYN
[15:47:53] [241/459] VATM
[15:47:54] [242/459] KSNT
[15:47:56] [243/459] ACTC
[15:47:56] [244/459] PLTD
[15:47:57] [245/459] SKMK
[15:47:58] [246/459] CMTT
[15:47:59] [247/459] SMXP
[15:48:00] [248/459] SCMX
[15:48:01] [249/459] ACXN
[15:48:02] [250/459] ASWT
[15:48:02] [251/459] VVVL
[15:48:03] [252/459] NAGO
[15:48:04] [253/459] SNCN
[15:48:05] [254/459] MCKP
[15:48:06] [255/459] SAMO
[15:48:07] [256/459] JBTV
[15:48:08] [257/459] DCVV
[15:48:09] [258/459] KMSV
[15:48:09] [259/459] KDCN
[15:48:11] [260/459] CNCP
[15:48:12] [261/459] HAMC
[15:48:13] [262/459] CCVZ
[15:48:14] [263/459] NCCK
[15:48:14] [264/459] MCHR
[15:48:15] [265/459] SCHT
[15:48:16] [266/459] ESSH
[15:48:17] [267/459] CUJC
[15:48:18] [268/459] PECP
[15:48:19] [269/459] PMMI
[15:48:20] [270/459] PCCH
[15:48:21] [271/459] PRPM
[15:48:22] [272/459] PVKL
[15:48:22] [273/459] CBSM
[15:48:23] [274/459] PVCZ
[15:48:24] [275/459] PCVV
[15:48:25] [276/459] CTMJ
[15:48:26] [277/459] RCPS
[15:48:27] [278/459] PCIT
[15:48:27] [279/459] FNCH
[15:48:28] [280/459] INZD
[15:48:29] [281/459] INPC
[15:48:30] [282/459] LCZP
[15:48:31] [283/459] SMCB
[15:48:32] [284/459] PTSB
[15:48:33] [285/459] TPSI
[15:48:34] [286/459] KHMJ
[15:48:35] [287/459] RCCJ
[15:48:36] [288/459] NCJA
[15:48:37] [289/459] NCJN
[15:48:38] [290/459] BTDP
[15:48:38] [291/459] PADY
[15:48:39] [292/459] NYBH
[15:48:40] [293/459] MTBR
[15:48:41] [294/459] KRBC
[15:48:42] [295/459] DKTI
[15:48:42] [296/459] ANAN
[15:48:43] [297/459] INBP
[15:48:44] [298/459] PATB
[15:48:45] [299/459] RGNT
[15:48:46] [300/459] CGPM
[15:48:47] [301/459] INTN
[15:48:47] [302/459] MCMP
[15:48:48] [303/459] ASRG
[15:48:49] [304/459] CXJD
[15:48:50] [305/459] SPCP
[15:48:50] [306/459] CSTP
[15:48:51] [307/459] PKVC
[15:48:52] [308/459] ESCP
[15:48:53] [309/459] CAEP
[15:48:53] [310/459] CCSP
[15:48:54] [311/459] KTPC
[15:48:55] [312/459] DACA
[15:48:57] [313/459] NVKY
[15:48:57] [314/459] PTIN
[15:48:58] [315/459] SCIN
[15:48:59] [316/459] MCTY
[15:49:00] [317/459] PCMX
[15:49:01] [318/459] INIC
[15:49:02] [319/459] MMZM
[15:49:02] [320/459] SSLP
[15:49:03] [321/459] DTDT
[15:49:04] [322/459] FFCX
[15:49:05] [323/459] RCMM
[15:49:06] [324/459] KYID
[15:49:07] [325/459] CSCI
[15:49:08] [326/459] FCMC
[15:49:09] [327/459] MMXI
[15:49:09] [328/459] ASTC
[15:49:10] [329/459] CMRA
[15:49:11] [330/459] DICI
[15:49:12] [331/459] KDIN
[15:49:13] [332/459] PRFI
[15:49:14] [333/459] SVFC
[15:49:15] [334/459] UCPL
[15:49:16] [335/459] COOC
[15:49:16] [336/459] SCAL
[15:49:18] [337/459] SVFF
[15:49:19] [338/459] VCMG
[15:49:21] [339/459] UUCT
[15:49:22] [340/459] GCSE
[15:49:23] [341/459] SUSC
[15:49:23] [342/459] MISC
[15:49:24] [343/459] RMBL
[15:49:25] [344/459] CMXN
[15:49:26] [345/459] PVBK
[15:49:27] [346/459] HHCG
[15:49:28] [347/459] SCAG
[15:49:29] [348/459] CNPR
[15:49:29] [349/459] CSER
[15:49:30] [350/459] HLWD
[15:49:31] [351/459] BOLY
[15:49:32] [352/459] SSPG
[15:49:32] [353/459] MUPX
[15:49:33] [354/459] HAMR
[15:49:34] [355/459] SDNC
[15:49:35] [356/459] RTEN
[15:49:36] [357/459] SDTD
[15:49:37] [358/459] KAWS
[15:49:38] [359/459] CMZX
[15:49:38] [360/459] DCDD
[15:49:39] [361/459] ALSN
[15:49:40] [362/459] IMXS
[15:49:41] [363/459] PVFF
[15:49:42] [364/459] PVOO
[15:49:43] [365/459] CFBS
[15:49:44] [366/459] PVER
[15:49:45] [367/459] PPNX
[15:49:46] [368/459] CNRM
[15:49:47] [369/459] PVWW
[15:49:48] [370/459] INMB
[15:49:49] [371/459] CPJR
[15:49:49] [372/459] INRZ
[15:49:50] [373/459] PMSR
[15:49:51] [374/459] GPGM
[15:49:52] [375/459] PGWB
[15:49:54] [376/459] PMBR
[15:49:54] [377/459] GPAM
[15:49:55] [378/459] INBC
[15:49:56] [379/459] PZVK
[15:49:57] [380/459] CPEB
[15:49:58] [381/459] FMLB
[15:49:59] [382/459] INBG
[15:50:00] [383/459] GPBR
[15:50:02] [384/459] PAAS
[15:50:02] [385/459] VTBR
[15:50:03] [386/459] GPMY
[15:50:04] [387/459] GYBU
[15:50:06] [388/459] INBJ
[15:50:08] [389/459] LKTH
[15:50:08] [390/459] NSBR
[15:50:09] [391/459] PDRD
[15:50:11] [392/459] VRBL
[15:50:12] [393/459] VTGB
[15:50:12] [394/459] VTSK
[15:50:13] [395/459] BKDV
[15:50:14] [396/459] SVTB
[15:50:16] [397/459] MLDT
[15:50:17] [398/459] NRBL
[15:50:19] [399/459] SLTR
[15:50:20] [400/459] VNKA
[15:50:20] [401/459] TDCA
[15:50:21] [402/459] INBM
[15:50:22] [403/459] SSNR
[15:50:23] [404/459] BHAC
[15:50:24] [405/459] SDSD
[15:50:24] [406/459] SAMP
[15:50:25] [407/459] RATK
[15:50:26] [408/459] KCBI
[15:50:27] [409/459] URBL
[15:50:28] [410/459] MKBG
[15:50:29] [411/459] ASTB
[15:50:30] [412/459] VBWT
[15:50:31] [413/459] GPSM
[15:50:32] [414/459] ROON
[15:50:33] [415/459] CHTH
[15:50:34] [416/459] SSPA
[15:50:34] [417/459] ANBL
[15:50:35] [418/459] VTBE
[15:50:36] [419/459] SVKT
[15:50:37] [420/459] SVYK
[15:50:38] [421/459] PTBK
[15:50:39] [422/459] RKTB
[15:50:40] [423/459] BALT
[15:50:42] [424/459] STSV
[15:50:43] [425/459] VCCB
[15:50:43] [426/459] SLTB
[15:50:44] [427/459] SBCR
[15:50:45] [428/459] VDCS
[15:50:46] [429/459] MDKI
[15:50:47] [430/459] SMRN
[15:50:48] [431/459] PTBC
[15:50:48] [432/459] RADI
[15:50:49] [433/459] ADCR
[15:50:50] [434/459] SDCS
[15:50:51] [435/459] SRPJ
[15:50:52] [436/459] ARTS
[15:50:53] [437/459] SRHK
[15:50:55] [438/459] SPAY
[15:50:56] [439/459] GPTB
[15:50:56] [440/459] SNNN
[15:50:57] [441/459] BALJ
[15:50:58] [442/459] TRIG
[15:50:59] [443/459] GTYT
[15:51:00] [444/459] ATGN
[15:51:01] [445/459] ANTE
[15:51:01] [446/459] BDCG
[15:51:02] [447/459] VECI
[15:51:04] [448/459] SCPR
[15:51:05] [449/459] RTEA
[15:51:06] [450/459] JSAI
[15:51:07] [451/459] VJTP
[15:51:08] [452/459] GNDS
[15:51:09] [453/459] PAXA
[15:51:10] [454/459] CGGM
[15:51:11] [455/459] ACKZ
[15:51:12] [456/459] EMCC
[15:51:13] [457/459] KLSK
[15:51:14] [458/459] AVCK
[15:51:14] [459/459] JTCK
[15:51:15] 🧹 Deduping shows
[15:51:15] ✅ DONE | Shows=28 | Movies=1
[15:58:08] 🚀 SCRIPT STARTED
[15:58:08] [1/459] NECA
[15:58:08] 🧠 New identity created
[15:58:09] [2/459] BJLC
[15:58:10] [3/459] BASU
[15:58:11] [4/459] RUPI
[15:58:11] [5/459] LCBK
[15:58:12] [6/459] PMAC
[15:58:14] [7/459] AMLC
[15:58:14] [8/459] LICL
[15:58:15] [9/459] UDMM
[15:58:16] [10/459] STBZ
[15:58:17] [11/459] UUBT
[15:58:18] [12/459] SJKC
[15:58:19] [13/459] TUAL
[15:58:20] [14/459] MRSE
[15:58:21] [15/459] RMRK
[15:58:22] [16/459] TTKP
[15:58:22] [17/459] KTKO
[15:58:24] [18/459] SDBK
[15:58:25] [19/459] MCPR
[15:58:25] [20/459] CHTI
[15:58:26] [21/459] GCCP
[15:58:27] [22/459] SRMY
[15:58:28] [23/459] NYST
[15:58:29] [24/459] NYAG
[15:58:31] [25/459] SBMT
[15:58:32] [26/459] INGA
[15:58:33] [27/459] WSIC
[15:58:34] [28/459] SCSS
[15:58:34] [29/459] COPG
[15:58:36] [30/459] RCGR
[15:58:37] [31/459] TCZA
[15:58:38] [32/459] CNLP
[15:58:39] [33/459] CLKN
[15:58:39] [34/459] LHDF
[15:58:40] [35/459] ELKC
[15:58:41] [36/459] VCEM
[15:58:42] [37/459] SSZA
[15:58:43] [38/459] KRMT
[15:58:44] [39/459] LCMV
[15:58:45] [40/459] AYCZ
[15:58:45] [41/459] CUMS
[15:58:46] [42/459] BOCK
[15:58:47] [43/459] PNMR
[15:58:48] [44/459] PJCP
[15:58:50] [45/459] JDDD
[15:58:51] [46/459] STMS
[15:58:52] [47/459] FLMB
[15:58:53] [48/459] PKCM
[15:58:54] [49/459] SPPR
[15:58:55] [50/459] EYLH
[15:58:55] [51/459] RJCC
[15:58:56] [52/459] MMPS
[15:58:57] [53/459] SHMX
[15:58:58] [54/459] CCNL
[15:58:59] [55/459] RCNV
[15:59:00] [56/459] MAAG
[15:59:00] [57/459] LXCM
[15:59:01] [58/459] RCNI
[15:59:03] [59/459] SNNI
[15:59:03] [60/459] LALC
[15:59:04] [61/459] SOCN
[15:59:05] [62/459] JHTP
[15:59:06] [63/459] PITP
[15:59:07] [64/459] CCKW
[15:59:07] [65/459] MCMC
[15:59:08] [66/459] DEES
[15:59:10] [67/459] SABT
[15:59:11] [68/459] VSPP
[15:59:12] [69/459] ABCT
[15:59:12] [70/459] JVTB
[15:59:13] [71/459] VCBD
[15:59:15] [72/459] RMGG
[15:59:15] [73/459] RNMH
[15:59:16] [74/459] SPGL
[15:59:17] [75/459] JTTR
[15:59:18] [76/459] SICS
[15:59:18] [77/459] SRMI
[15:59:19] [78/459] SSIJ
[15:59:20] [79/459] KFMT
[15:59:21] [80/459] VBIT
[15:59:22] [81/459] JKCT
[15:59:23] [82/459] GCGP
[15:59:24] [83/459] GDCS
[15:59:25] [84/459] TRBA
[15:59:25] [85/459] QUST
[15:59:26] [86/459] VSHM
[15:59:27] [87/459] SDCP
[15:59:28] [88/459] SNVS
[15:59:29] [89/459] NYTO
[15:59:30] [90/459] URWC
[15:59:30] [91/459] GTWH
[15:59:31] [92/459] PFCM
[15:59:32] [93/459] KRTA
[15:59:33] [94/459] AXMC
[15:59:34] [95/459] EVMC
[15:59:34] [96/459] HGSM
[15:59:35] [97/459] ACVM
[15:59:37] [98/459] PSKL
[15:59:37] [99/459] RDMP
[15:59:38] [100/459] RHGH
[15:59:39] [101/459] OMCM
[15:59:40] [102/459] DCCP
[15:59:41] [103/459] MCPB
[15:59:42] [104/459] ALCI
[15:59:42] [105/459] BLMX
[15:59:43] [106/459] BTMV
[15:59:44] [107/459] FVPN
[15:59:46] [108/459] CMAR
[15:59:46] [109/459] CEIM
[15:59:48] [110/459] CMVA
[15:59:49] [111/459] CPIV
[15:59:49] [112/459] CNPE
[15:59:51] [113/459] COLV
[15:59:52] [114/459] DNNV
[15:59:52] [115/459] HCAD
[15:59:53] [116/459] TAKA
[15:59:54] [117/459] INVD
[15:59:55] [118/459] IRMM
[15:59:56] [119/459] INSE
[15:59:57] [120/459] MRSW
[15:59:58] [121/459] MCVD
[15:59:59] [122/459] MCSO
[16:00:00] [123/459] PEVM
[16:00:01] [124/459] PVNL
[16:00:02] [125/459] PTCV
[16:00:02] [126/459] PRTC
[16:00:03] [127/459] RCVA
[16:00:04] [128/459] MTBN
[16:00:05] [129/459] LUCP
[16:00:05] [130/459] FMPT
[16:00:06] [131/459] JLSL
[16:00:07] [132/459] SBHA
[16:00:08] [133/459] SHRC
[16:00:09] [134/459] AVPS
[16:00:10] [135/459] STPM
[16:00:10] [136/459] ATRD
[16:00:11] [137/459] VTED
[16:00:12] [138/459] ACAI
[16:00:13] [139/459] SMAE
[16:00:14] [140/459] VMAT
[16:00:15] [141/459] LKCT
[16:00:16] [142/459] JTVK
[16:00:16] [143/459] PRTY
[16:00:17] [144/459] GETT
[16:00:18] [145/459] ESAP
[16:00:19] [146/459] NCPM
[16:00:19] [147/459] PCPA
[16:00:20] [148/459] MMOM
[16:00:21] [149/459] PHUP
[16:00:22] [150/459] CCPI
[16:00:23] [151/459] CNTD
[16:00:24] [152/459] NLJR
[16:00:25] [153/459] SRNG
[16:00:25] [154/459] MHAL
[16:00:27] [155/459] PNSM
[16:00:28] [156/459] DRMY
[16:00:28] [157/459] CCMU
[16:00:29] [158/459] SCMY
[16:00:30] [159/459] PVSY
[16:00:31] [160/459] SDLM
[16:00:32] [161/459] ICCM
[16:00:33] [162/459] PYSU
[16:00:33] [163/459] GATM
[16:00:34] [164/459] WOTM
[16:00:36] [165/459] RKTS
[16:00:37] [166/459] PMTY
[16:00:37] [167/459] LYMS
[16:00:39] [168/459] TGCA
[16:00:40] [169/459] DSTA
[16:00:40] [170/459] CNGE
[16:00:42] [171/459] VSTG
[16:00:43] [172/459] GTCK
[16:00:43] [173/459] TGNT
[16:00:44] [174/459] ASLC
[16:00:45] [175/459] SSST
[16:00:46] [176/459] KBTT
[16:00:46] [177/459] HKCP
[16:00:47] [178/459] SWLC
[16:00:48] [179/459] RTND
[16:00:49] [180/459] PKKT
[16:00:50] [181/459] HSTK
[16:00:50] [182/459] SPTT
[16:00:51] [183/459] IMPM
[16:00:52] [184/459] SCMV
[16:00:53] [185/459] SPCT
[16:00:54] [186/459] JBCA
[16:00:55] [187/459] ATTR
[16:00:55] [188/459] SPMT
[16:00:56] [189/459] LCTM
[16:00:57] [190/459] SCVL
[16:00:58] [191/459] SCVT
[16:00:59] [192/459] KRIC
[16:01:00] [193/459] CTMG
[16:01:00] [194/459] ACNC
[16:01:01] [195/459] DMCK
[16:01:02] [196/459] KMTV
[16:01:03] [197/459] PFCJ
[16:01:04] [198/459] VNMD
[16:01:05] [199/459] VPCZ
[16:01:06] [200/459] SRYR
[16:01:06] [201/459] SYTR
[16:01:07] [202/459] GATR
[16:01:08] [203/459] URTR
[16:01:09] [204/459] MKSM
[16:01:10] [205/459] VSMH
[16:01:11] [206/459] SKRJ
[16:01:11] [207/459] SSJR
[16:01:12] [208/459] SVSM
[16:01:13] [209/459] RUCM
[16:01:14] [210/459] PRKN
[16:01:14] [211/459] RROH
[16:01:15] [212/459] SCTN
[16:01:17] [213/459] RTDM
[16:01:17] [214/459] ASRM
[16:01:18] [215/459] SKMD
[16:01:19] [216/459] SUTD
[16:01:20] [217/459] SADM
[16:01:21] [218/459] WCNR
[16:01:22] [219/459] CNED
[16:01:23] [220/459] MPDB
[16:01:25] [221/459] KTBH
[16:01:25] [222/459] IDRM
[16:01:26] [223/459] PJJT
[16:01:27] [224/459] PFCV
[16:01:27] [225/459] AACT
[16:01:28] [226/459] AAAD
[16:01:29] [227/459] ANES
[16:01:30] [228/459] MNCA
[16:01:31] [229/459] RMGU
[16:01:32] [230/459] DLCN
[16:01:33] [231/459] LJWT
[16:01:33] [232/459] MCBG
[16:01:34] [233/459] MYBG
[16:01:35] [234/459] GCCA
[16:01:36] [235/459] GCGA
[16:01:36] [236/459] ECGN
[16:01:37] [237/459] PRAB
[16:01:38] [238/459] PNMP
[16:01:39] [239/459] GCPT
[16:01:40] [240/459] ROYN
[16:01:41] [241/459] VATM
[16:01:42] [242/459] KSNT
[16:01:43] [243/459] ACTC
[16:01:43] [244/459] PLTD
[16:01:45] [245/459] SKMK
[16:01:45] [246/459] CMTT
[16:01:46] [247/459] SMXP
[16:01:47] [248/459] SCMX
[16:01:48] [249/459] ACXN
[16:01:49] [250/459] ASWT
[16:01:49] [251/459] VVVL
[16:01:50] [252/459] NAGO
[16:01:51] [253/459] SNCN
[16:01:52] [254/459] MCKP
[16:01:53] [255/459] SAMO
[16:01:54] [256/459] JBTV
[16:01:55] [257/459] DCVV
[16:01:56] [258/459] KMSV
[16:01:57] [259/459] KDCN
[16:01:58] [260/459] CNCP
[16:01:59] [261/459] HAMC
[16:01:59] [262/459] CCVZ
[16:02:00] [263/459] NCCK
[16:02:01] [264/459] MCHR
[16:02:02] [265/459] SCHT
[16:02:03] [266/459] ESSH
[16:02:03] [267/459] CUJC
[16:02:04] [268/459] PECP
[16:02:05] [269/459] PMMI
[16:02:06] [270/459] PCCH
[16:02:07] [271/459] PRPM
[16:02:08] [272/459] PVKL
[16:02:08] [273/459] CBSM
[16:02:09] [274/459] PVCZ
[16:02:10] [275/459] PCVV
[16:02:11] [276/459] CTMJ
[16:02:12] [277/459] RCPS
[16:02:12] [278/459] PCIT
[16:02:13] [279/459] FNCH
[16:02:14] [280/459] INZD
[16:02:15] [281/459] INPC
[16:02:16] [282/459] LCZP
[16:02:17] [283/459] SMCB
[16:02:18] [284/459] PTSB
[16:02:19] [285/459] TPSI
[16:02:20] [286/459] KHMJ
[16:02:21] [287/459] RCCJ
[16:02:22] [288/459] NCJA
[16:02:23] [289/459] NCJN
[16:02:23] [290/459] BTDP
[16:02:24] [291/459] PADY
[16:02:25] [292/459] NYBH
[16:02:26] [293/459] MTBR
[16:02:27] [294/459] KRBC
[16:02:28] [295/459] DKTI
[16:02:28] [296/459] ANAN
[16:02:29] [297/459] INBP
[16:02:30] [298/459] PATB
[16:02:31] [299/459] RGNT
[16:02:33] [300/459] CGPM
[16:02:33] [301/459] INTN
[16:02:34] [302/459] MCMP
[16:02:35] [303/459] ASRG
[16:02:36] [304/459] CXJD
[16:02:37] [305/459] SPCP
[16:02:37] [306/459] CSTP
[16:02:38] [307/459] PKVC
[16:02:39] [308/459] ESCP
[16:02:40] [309/459] CAEP
[16:02:40] [310/459] CCSP
[16:02:41] [311/459] KTPC
[16:02:42] [312/459] DACA
[16:02:43] [313/459] NVKY
[16:02:43] [314/459] PTIN
[16:02:44] [315/459] SCIN
[16:02:45] [316/459] MCTY
[16:02:45] [317/459] PCMX
[16:02:46] [318/459] INIC
[16:02:47] [319/459] MMZM
[16:02:48] [320/459] SSLP
[16:02:49] [321/459] DTDT
[16:02:50] [322/459] FFCX
[16:02:51] [323/459] RCMM
[16:02:53] [324/459] KYID
[16:02:54] [325/459] CSCI
[16:02:55] [326/459] FCMC
[16:02:56] [327/459] MMXI
[16:02:56] [328/459] ASTC
[16:02:57] [329/459] CMRA
[16:02:58] [330/459] DICI
[16:02:59] [331/459] KDIN
[16:02:59] [332/459] PRFI
[16:03:00] [333/459] SVFC
[16:03:02] [334/459] UCPL
[16:03:03] [335/459] COOC
[16:03:03] [336/459] SCAL
[16:03:04] [337/459] SVFF
[16:03:06] [338/459] VCMG
[16:03:07] [339/459] UUCT
[16:03:07] [340/459] GCSE
[16:03:08] [341/459] SUSC
[16:03:09] [342/459] MISC
[16:03:10] [343/459] RMBL
[16:03:11] [344/459] CMXN
[16:03:12] [345/459] PVBK
[16:03:13] [346/459] HHCG
[16:03:13] [347/459] SCAG
[16:03:14] [348/459] CNPR
[16:03:15] [349/459] CSER
[16:03:16] [350/459] HLWD
[16:03:17] [351/459] BOLY
[16:03:18] [352/459] SSPG
[16:03:19] [353/459] MUPX
[16:03:19] [354/459] HAMR
[16:03:20] [355/459] SDNC
[16:03:21] [356/459] RTEN
[16:03:22] [357/459] SDTD
[16:03:23] [358/459] KAWS
[16:03:24] [359/459] CMZX
[16:03:24] [360/459] DCDD
[16:03:25] [361/459] ALSN
[16:03:26] [362/459] IMXS
[16:03:27] [363/459] PVFF
[16:03:27] [364/459] PVOO
[16:03:28] [365/459] CFBS
[16:03:29] [366/459] PVER
[16:03:30] [367/459] PPNX
[16:03:32] [368/459] CNRM
[16:03:32] [369/459] PVWW
[16:03:33] [370/459] INMB
[16:03:34] [371/459] CPJR
[16:03:35] [372/459] INRZ
[16:03:35] [373/459] PMSR
[16:03:36] [374/459] GPGM
[16:03:37] [375/459] PGWB
[16:03:38] [376/459] PMBR
[16:03:39] [377/459] GPAM
[16:03:40] [378/459] INBC
[16:03:41] [379/459] PZVK
[16:03:41] [380/459] CPEB
[16:03:42] [381/459] FMLB
[16:03:43] [382/459] INBG
[16:03:44] [383/459] GPBR
[16:03:45] [384/459] PAAS
[16:03:46] [385/459] VTBR
[16:03:47] [386/459] GPMY
[16:03:48] [387/459] GYBU
[16:03:48] [388/459] INBJ
[16:03:49] [389/459] LKTH
[16:03:50] [390/459] NSBR
[16:03:51] [391/459] PDRD
[16:03:52] [392/459] VRBL
[16:03:53] [393/459] VTGB
[16:03:53] [394/459] VTSK
[16:03:54] [395/459] BKDV
[16:03:55] [396/459] SVTB
[16:03:56] [397/459] MLDT
[16:03:57] [398/459] NRBL
[16:03:58] [399/459] SLTR
[16:03:58] [400/459] VNKA
[16:03:59] [401/459] TDCA
[16:04:00] [402/459] INBM
[16:04:01] [403/459] SSNR
[16:04:01] [404/459] BHAC
[16:04:02] [405/459] SDSD
[16:04:03] [406/459] SAMP
[16:04:04] [407/459] RATK
[16:04:06] [408/459] KCBI
[16:04:07] [409/459] URBL
[16:04:07] [410/459] MKBG
[16:04:08] [411/459] ASTB
[16:04:09] [412/459] VBWT
[16:04:11] [413/459] GPSM
[16:04:11] [414/459] ROON
[16:04:12] [415/459] CHTH
[16:04:13] [416/459] SSPA
[16:04:14] [417/459] ANBL
[16:04:15] [418/459] VTBE
[16:04:16] [419/459] SVKT
[16:04:17] [420/459] SVYK
[16:04:18] [421/459] PTBK
[16:04:19] [422/459] RKTB
[16:04:19] [423/459] BALT
[16:04:20] [424/459] STSV
[16:04:21] [425/459] VCCB
[16:04:22] [426/459] SLTB
[16:04:22] [427/459] SBCR
[16:04:23] [428/459] VDCS
[16:04:24] [429/459] MDKI
[16:04:25] [430/459] SMRN
[16:04:25] [431/459] PTBC
[16:04:26] [432/459] RADI
[16:04:27] [433/459] ADCR
[16:04:28] [434/459] SDCS
[16:04:29] [435/459] SRPJ
[16:04:30] [436/459] ARTS
[16:04:30] [437/459] SRHK
[16:04:31] [438/459] SPAY
[16:04:32] [439/459] GPTB
[16:04:33] [440/459] SNNN
[16:04:34] [441/459] BALJ
[16:04:35] [442/459] TRIG
[16:04:36] [443/459] GTYT
[16:04:36] [444/459] ATGN
[16:04:37] [445/459] ANTE
[16:04:38] [446/459] BDCG
[16:04:39] [447/459] VECI
[16:04:40] [448/459] SCPR
[16:04:40] [449/459] RTEA
[16:04:41] [450/459] JSAI
[16:04:42] [451/459] VJTP
[16:04:43] [452/459] GNDS
[16:04:44] [453/459] PAXA
[16:04:44] [454/459] CGGM
[16:04:45] [455/459] ACKZ
[16:04:46] [456/459] EMCC
[16:04:47] [457/459] KLSK
[16:04:48] [458/459] AVCK
[16:04:49] [459/459] JTCK
[16:04:50] 🧹 Deduping shows
[16:04:50] ✅ DONE | Shows=29 | Movies=1
