[15:44:14] 🚀 SCRIPT STARTED
[15:44:14] [1/459] MBDC
[15:44:14] 🧠 New identity created
[15:44:15] [2/459] CHKM
[15:44:16] [3/459] JTKZ
[15:44:17] [4/459] CMCT
[15:44:18] [5/459] ASHO
[15:44:19] [6/459] ECDG
[15:44:20] [7/459] SPAT
[15:44:20] [8/459] HILC
[15:44:21] [9/459] SPPH
[15:44:22] [10/459] SBHN
[15:44:23] [11/459] RRCA
[15:44:24] [12/459] APAA
[15:44:25] [13/459] RAME
[15:44:26] [14/459] TMMS
[15:44:27] [15/459] BATK
[15:44:29] [16/459] LKOP
[15:44:30] [17/459] AMTT
[15:44:31] [18/459] PTGK
[15:44:32] [19/459] ANRS
[15:44:33] [20/459] VWBW
[15:44:33] [21/459] SVFG
[15:44:34] [22/459] STAT
[15:44:35] [23/459] GDCV
[15:44:37] [24/459] VEBI
[15:44:38] [25/459] VDSS
[15:44:39] [26/459] NTHV
[15:44:40] [27/459] AOCH
[15:44:41] [28/459] KASR
[15:44:42] [29/459] AYCS
[15:44:43] [30/459] SHAI
[15:44:44] [31/459] SKPE
[15:44:45] [32/459] SBTA
[15:44:46] [33/459] RTTD
[15:44:46] [34/459] CCJD
[15:44:47] [35/459] RSJJ
[15:44:48] [36/459] RKND
[15:44:50] [37/459] SVTX
[15:44:51] [38/459] BAKM
[15:44:52] [39/459] SVDC
[15:44:52] [40/459] MNCV
[15:44:53] [41/459] SJGC
[15:44:54] [42/459] MTPK
[15:44:56] [43/459] GATP
[15:44:57] [44/459] ABTS
[15:44:58] [45/459] ABDE
[15:44:59] [46/459] RCNM
[15:45:00] [47/459] KTHV
[15:45:01] [48/459] MDGJ
[15:45:02] [49/459] SMLM
[15:45:03] [50/459] JTMA
[15:45:04] [51/459] ACKP
[15:45:05] [52/459] SRTA
[15:45:07] [53/459] STAY
[15:45:07] [54/459] MAVO
[15:45:08] [55/459] APTS
[15:45:10] [56/459] OMEA
[15:45:11] [57/459] TTFD
[15:45:11] [58/459] MJCU
[15:45:12] [59/459] CXTE
[15:45:14] [60/459] CTPX
[15:45:16] [61/459] ASSL
[15:45:18] [62/459] CMVB
[15:45:19] [63/459] VPUR
[15:45:20] [64/459] JJDA
[15:45:20] [65/459] INBL
[15:45:21] [66/459] BIKB
[15:45:22] [67/459] NTBB
[15:45:23] [68/459] GLOB
[15:45:24] [69/459] SNTB
[15:45:26] [70/459] CHGV
[15:45:27] [71/459] SSBZ
[15:45:28] [72/459] PRDB
[15:45:29] [73/459] ISMT
[15:45:30] [74/459] MCSD
[15:45:30] [75/459] JBTT
[15:45:31] [76/459] GEKR
[15:45:32] [77/459] PVUN
[15:45:33] [78/459] NRTB
[15:45:34] [79/459] PRAA
[15:45:35] [80/459] PCBL
[15:45:36] [81/459] PTCM
[15:45:37] [82/459] KHNN
[15:45:38] [83/459] OMJE
[15:45:39] [84/459] STGN
[15:45:39] [85/459] RPMS
[15:45:40] [86/459] NWAD
[15:45:41] [87/459] BLCK
[15:45:42] [88/459] SVAA
[15:45:42] [89/459] URVM
[15:45:43] [90/459] ANTM
[15:45:45] [91/459] VJYM
[15:45:46] [92/459] MAZZ
[15:45:47] [93/459] CSHM
[15:45:47] [94/459] WGMH
[15:45:48] [95/459] SALN
[15:45:49] [96/459] BRTP
[15:45:50] [97/459] SVTA
[15:45:51] [98/459] SBTP
[15:45:52] [99/459] VLSS
[15:45:53] [100/459] SRJA
[15:45:53] [101/459] ANCG
[15:45:55] [102/459] CGGC
[15:45:56] [103/459] CRJA
[15:45:57] [104/459] USCR
[15:45:57] [105/459] MMEF
[15:45:58] [106/459] JCRJ
[15:45:59] [107/459] ADCM
[15:46:00] [108/459] BMYK
[15:46:01] [109/459] KICS
[15:46:02] [110/459] MBBT
[15:46:03] [111/459] MACK
[15:46:04] [112/459] CLDR
[15:46:06] [113/459] JYCR
[15:46:07] [114/459] DCRP
[15:46:07] [115/459] RAHT
[15:46:08] [116/459] CSSM
[15:46:09] [117/459] ATPK
[15:46:10] [118/459] KLRT
[15:46:11] [119/459] SRDD
[15:46:12] [120/459] CKMC
[15:46:13] [121/459] KRVM
[15:46:14] [122/459] AKCP
[15:46:15] [123/459] CNCV
[15:46:16] [124/459] PACT
[15:46:17] [125/459] NATP
[15:46:18] [126/459] PCPK
[15:46:19] [127/459] SMHO
[15:46:20] [128/459] CWTK
[15:46:20] [129/459] RVKZ
[15:46:21] [130/459] ASPD
[15:46:22] [131/459] VTKZ
[15:46:23] [132/459] LCSO
[15:46:25] [133/459] PRDY
[15:46:26] [134/459] RCAP
[15:46:26] [135/459] RGAR
[15:46:27] [136/459] RCAC
[15:46:28] [137/459] PMOD
[15:46:29] [138/459] PVCN
[15:46:30] [139/459] SCRZ
[15:46:31] [140/459] PVPC
[15:46:31] [141/459] STID
[15:46:32] [142/459] NEDD
[15:46:34] [143/459] BNBA
[15:46:35] [144/459] NTCD
[15:46:36] [145/459] OCDE
[15:46:36] [146/459] CCDU
[15:46:37] [147/459] CRXH
[15:46:39] [148/459] VLVT
[15:46:40] [149/459] CICI
[15:46:40] [150/459] SUCB
[15:46:41] [151/459] TCBP
[15:46:42] [152/459] SCCY
[15:46:43] [153/459] LXCY
[15:46:43] [154/459] NCMD
[15:46:45] [155/459] PHCS
[15:46:46] [156/459] DUXR
[15:46:47] [157/459] VNKS
[15:46:47] [158/459] SEDP
[15:46:48] [159/459] SVEN
[15:46:49] [160/459] SRKM
[15:46:50] [161/459] JTLT
[15:46:51] [162/459] SVSS
[15:46:52] [163/459] AMDE
[15:46:53] [164/459] WVRN
[15:46:54] [165/459] ISMG
[15:46:55] [166/459] WVKS
[15:46:56] [167/459] USCG
[15:46:56] [168/459] IOTG
[15:46:57] [169/459] RRJM
[15:46:58] [170/459] EDMP
[15:46:59] [171/459] SCGZ
[15:47:00] [172/459] GMGX
[15:47:02] [173/459] OMTP
[15:47:03] [174/459] MITD
[15:47:04] [175/459] SMMD
[15:47:05] [176/459] STML
[15:47:06] [177/459] MCFS
[15:47:07] [178/459] FPKA
[15:47:08] [179/459] OMLR
[15:47:09] [180/459] KKSC
[15:47:10] [181/459] RVMA
[15:47:11] [182/459] SCLL
[15:47:12] [183/459] SCDK
[15:47:13] [184/459] SXMI
[15:47:13] [185/459] SHDN
[15:47:14] [186/459] PAAD
[15:47:15] [187/459] UUCB
[15:47:16] [188/459] JHOL
[15:47:18] [189/459] SGWT
[15:47:19] [190/459] SRII
[15:47:20] [191/459] SGCK
[15:47:21] [192/459] SVVB
[15:47:22] [193/459] DMHA
[15:47:23] [194/459] PPNL
[15:47:24] [195/459] CPNL
[15:47:25] [196/459] WVLD
[15:47:26] [197/459] PSLV
[15:47:26] [198/459] VTTL
[15:47:27] [199/459] NPAD
[15:47:28] [200/459] PVCS
[15:47:29] [201/459] MCHL
[15:47:30] [202/459] PPLL
[15:47:31] [203/459] MALO
[15:47:32] [204/459] SWBH
[15:47:33] [205/459] PUGB
[15:47:33] [206/459] INBB
[15:47:34] [207/459] INNS
[15:47:35] [208/459] MCPT
[15:47:36] [209/459] SCMI
[15:47:37] [210/459] OCON
[15:47:38] [211/459] SCSM
[15:47:38] [212/459] RJVN
[15:47:40] [213/459] AMDK
[15:47:41] [214/459] ISMR
[15:47:42] [215/459] SMTD
[15:47:43] [216/459] VTDD
[15:47:43] [217/459] PDDZ
[15:47:44] [218/459] PCCK
[15:47:45] [219/459] INAM
[15:47:46] [220/459] FNKT
[15:47:46] [221/459] GDKA
[15:47:48] [222/459] MAYU
[15:47:49] [223/459] TCGU
[15:47:50] [224/459] KDCA
[15:47:50] [225/459] DOMY
[15:47:51] [226/459] PDDD
[15:47:52] [227/459] BJTS
[15:47:53] [228/459] VTCA
[15:47:54] [229/459] SBTM
[15:47:55] [230/459] SEET
[15:47:56] [231/459] SSTJ
[15:47:57] [232/459] SVNT
[15:47:58] [233/459] PPPR
[15:47:59] [234/459] PVYS
[15:48:00] [235/459] IOSE
[15:48:01] [236/459] ACTV
[15:48:02] [237/459] APVE
[15:48:03] [238/459] TCCL
[15:48:04] [239/459] SCMO
[15:48:05] [240/459] SAUM
[15:48:06] [241/459] KCJS
[15:48:07] [242/459] NJCJ
[15:48:08] [243/459] NECF
[15:48:09] [244/459] CCGW
[15:48:09] [245/459] CCMG
[15:48:10] [246/459] NYRG
[15:48:11] [247/459] NCSQ
[15:48:12] [248/459] GRCG
[15:48:13] [249/459] CCBT
[15:48:13] [250/459] ACGA
[15:48:14] [251/459] INAG
[15:48:15] [252/459] FUCG
[15:48:16] [253/459] AICF
[15:48:17] [254/459] GRGA
[15:48:18] [255/459] GDCN
[15:48:19] [256/459] RRCG
[15:48:20] [257/459] SDCH
[15:48:20] [258/459] WVJM
[15:48:21] [259/459] JCCZ
[15:48:22] [260/459] CNCL
[15:48:23] [261/459] TMLV
[15:48:24] [262/459] MEMB
[15:48:26] [263/459] SGTD
[15:48:26] [264/459] CONX
[15:48:27] [265/459] CCMH
[15:48:28] [266/459] ACMC
[15:48:29] [267/459] DTPD
[15:48:30] [268/459] POJA
[15:48:30] [269/459] FNBH
[15:48:32] [270/459] CGCB
[15:48:33] [271/459] RACN
[15:48:34] [272/459] JTSM
[15:48:35] [273/459] SCDN
[15:48:36] [274/459] AACK
[15:48:37] [275/459] RMCE
[15:48:38] [276/459] BSGB
[15:48:39] [277/459] MRCB
[15:48:40] [278/459] SRVR
[15:48:41] [279/459] VTKK
[15:48:42] [280/459] AMST
[15:48:43] [281/459] APCY
[15:48:44] [282/459] LMHO
[15:48:45] [283/459] MTZH
[15:48:46] [284/459] AMZB
[15:48:46] [285/459] SUVT
[15:48:47] [286/459] RCIP
[15:48:48] [287/459] KESR
[15:48:49] [288/459] SNKC
[15:48:50] [289/459] SCED
[15:48:52] [290/459] DVCA
[15:48:53] [291/459] VCDT
[15:48:53] [292/459] RRDI
[15:48:54] [293/459] DFCH
[15:48:55] [294/459] INSC
[15:48:56] [295/459] RGTR
[15:48:57] [296/459] FMOT
[15:48:58] [297/459] SCPM
[15:48:58] [298/459] GCDT
[15:48:59] [299/459] BRKT
[15:49:01] [300/459] DEMP
[15:49:02] [301/459] SRLC
[15:49:03] [302/459] KSTT
[15:49:04] [303/459] SMMT
[15:49:05] [304/459] SILM
[15:49:07] [305/459] JCVM
[15:49:07] [306/459] KCSV
[15:49:09] [307/459] MHLK
[15:49:10] [308/459] SLVL
[15:49:11] [309/459] RJKP
[15:49:12] [310/459] BBPC
[15:49:12] [311/459] MXCB
[15:49:13] [312/459] TCPK
[15:49:14] [313/459] RTBR
[15:49:15] [314/459] GAUT
[15:49:15] [315/459] DVCF
[15:49:16] [316/459] JTSB
[15:49:17] [317/459] SBLS
[15:49:18] [318/459] UDAY
[15:49:19] [319/459] PTNP
[15:49:20] [320/459] DMKT
[15:49:20] [321/459] NTDT
[15:49:21] [322/459] SHDJ
[15:49:22] [323/459] OTNC
[15:49:23] [324/459] RNTW
[15:49:24] [325/459] GCMI
[15:49:25] [326/459] CRCM
[15:49:26] [327/459] NNCZ
[15:49:27] [328/459] OEMO
[15:49:27] [329/459] PVJM
[15:49:28] [330/459] CPJI
[15:49:29] [331/459] RMCJ
[15:49:30] [332/459] CNWJ
[15:49:31] [333/459] EPJM
[15:49:32] [334/459] FNJJ
[15:49:33] [335/459] GCMJ
[15:49:34] [336/459] INPS
[15:49:35] [337/459] BICJ
[15:49:36] [338/459] ISTJ
[15:49:37] [339/459] INJC
[15:49:38] [340/459] GLXJ
[15:49:38] [341/459] INEM
[15:49:39] [342/459] JTMN
[15:49:40] [343/459] FRCJ
[15:49:41] [344/459] DDJP
[15:49:42] [345/459] INJV
[15:49:43] [346/459] GOLC
[15:49:43] [347/459] KOCI
[15:49:44] [348/459] FSTD
[15:49:45] [349/459] PACJ
[15:49:46] [350/459] GMCN
[15:49:47] [351/459] MMDJ
[15:49:48] [352/459] GODH
[15:49:48] [353/459] SKYN
[15:49:49] [354/459] NCTH
[15:49:51] [355/459] SKVZ
[15:49:51] [356/459] SVML
[15:49:52] [357/459] ACVZ
[15:49:53] [358/459] SURA
[15:49:54] [359/459] RTRB
[15:49:55] [360/459] LLCT
[15:49:56] [361/459] ATTS
[15:49:57] [362/459] JYCM
[15:49:58] [363/459] CTKR
[15:49:59] [364/459] LCKR
[15:50:00] [365/459] NYCV
[15:50:01] [366/459] NYOH
[15:50:02] [367/459] NOVX
[15:50:03] [368/459] MRGK
[15:50:04] [369/459] MOON
[15:50:05] [370/459] SBUC
[15:50:06] [371/459] GSVA
[15:50:06] [372/459] VIAK
[15:50:07] [373/459] SMVZ
[15:50:08] [374/459] MATE
[15:50:09] [375/459] RDCN
[15:50:10] [376/459] ASBL
[15:50:12] [377/459] ASVS
[15:50:13] [378/459] ASSR
[15:50:14] [379/459] SSKN
[15:50:15] [380/459] DRPV
[15:50:15] [381/459] MRHT
[15:50:16] [382/459] BSCN
[15:50:18] [383/459] RKNX
[15:50:19] [384/459] MSMC
[15:50:21] [385/459] MSCJ
[15:50:22] [386/459] BTBJ
[15:50:24] [387/459] MJCC
[15:50:24] [388/459] IOMM
[15:50:25] [389/459] ADGR
[15:50:26] [390/459] MYCP
[15:50:28] [391/459] IGCM
[15:50:28] [392/459] PGRK
[15:50:29] [393/459] VPGO
[15:50:30] [394/459] KOMS
[15:50:31] [395/459] URGG
[15:50:32] [396/459] GOST
[15:50:33] [397/459] LACT
[15:50:34] [398/459] BWCM
[15:50:35] [399/459] NCCW
[15:50:36] [400/459] SKYC
[15:50:37] [401/459] CCPM
[15:50:37] [402/459] VCBT
[15:50:39] [403/459] SDKR
[15:50:40] [404/459] CTYB
[15:50:41] [405/459] SHCX
[15:50:41] [406/459] RCUN
[15:50:42] [407/459] CNRA
[15:50:43] [408/459] RFCA
[15:50:45] [409/459] RDCU
[15:50:46] [410/459] SARK
[15:50:47] [411/459] SPPP
[15:50:48] [412/459] ADMB
[15:50:49] [413/459] JYOE
[15:50:50] [414/459] SRMD
[15:50:51] [415/459] RJDH
[15:50:52] [416/459] SSTD
[15:50:53] [417/459] AACV
[15:50:54] [418/459] PPVD
[15:50:55] [419/459] STCP
[15:50:56] [420/459] ANJR
[15:50:57] [421/459] ANLS
[15:50:58] [422/459] BIJO
[15:50:59] [423/459] AVAB
[15:51:00] [424/459] SPMD
[15:51:01] [425/459] SVJL
[15:51:02] [426/459] SDDJ
[15:51:03] [427/459] SLTU
[15:51:03] [428/459] SAKA
[15:51:04] [429/459] PMAM
[15:51:05] [430/459] FNAM
[15:51:06] [431/459] ACAM
[15:51:07] [432/459] SCMM
[15:51:08] [433/459] PMAK
[15:51:09] [434/459] NYSA
[15:51:09] [435/459] FCPA
[15:51:10] [436/459] GDAN
[15:51:11] [437/459] RSCA
[15:51:12] [438/459] DMAN
[15:51:13] [439/459] DZCM
[15:51:14] [440/459] NSGL
[15:51:15] [441/459] CCPP
[15:51:16] [442/459] PSMG
[15:51:16] [443/459] GSER
[15:51:17] [444/459] FCCT
[15:51:18] [445/459] FCTB
[15:51:19] [446/459] LCNK
[15:51:20] [447/459] SKTY
[15:51:21] [448/459] INAA
[15:51:22] [449/459] RCWN
[15:51:24] [450/459] VAIS
[15:51:24] [451/459] CVMN
[15:51:25] [452/459] INTS
[15:51:26] [453/459] FRGS
[15:51:27] [454/459] DTCK
[15:51:28] [455/459] MCMH
[15:51:28] [456/459] ECRR
[15:51:29] [457/459] RLLP
[15:51:30] [458/459] CCSN
[15:51:31] [459/459] CCBA
[15:51:32] 🧹 Deduping shows
[15:51:32] ✅ DONE | Shows=30 | Movies=5
[15:58:05] 🚀 SCRIPT STARTED
[15:58:05] [1/459] MBDC
[15:58:05] 🧠 New identity created
[15:58:06] [2/459] CHKM
[15:58:07] [3/459] JTKZ
[15:58:08] [4/459] CMCT
[15:58:08] [5/459] ASHO
[15:58:09] [6/459] ECDG
[15:58:10] [7/459] SPAT
[15:58:11] [8/459] HILC
[15:58:12] [9/459] SPPH
[15:58:13] [10/459] SBHN
[15:58:14] [11/459] RRCA
[15:58:14] [12/459] APAA
[15:58:15] [13/459] RAME
[15:58:16] [14/459] TMMS
[15:58:17] [15/459] BATK
[15:58:18] [16/459] LKOP
[15:58:19] [17/459] AMTT
[15:58:19] [18/459] PTGK
[15:58:20] [19/459] ANRS
[15:58:21] [20/459] VWBW
[15:58:22] [21/459] SVFG
[15:58:23] [22/459] STAT
[15:58:24] [23/459] GDCV
[15:58:25] [24/459] VEBI
[15:58:26] [25/459] VDSS
[15:58:26] [26/459] NTHV
[15:58:27] [27/459] AOCH
[15:58:28] [28/459] KASR
[15:58:29] [29/459] AYCS
[15:58:30] [30/459] SHAI
[15:58:31] [31/459] SKPE
[15:58:32] [32/459] SBTA
[15:58:33] [33/459] RTTD
[15:58:34] [34/459] CCJD
[15:58:34] [35/459] RSJJ
[15:58:35] [36/459] RKND
[15:58:37] [37/459] SVTX
[15:58:38] [38/459] BAKM
[15:58:39] [39/459] SVDC
[15:58:40] [40/459] MNCV
[15:58:40] [41/459] SJGC
[15:58:41] [42/459] MTPK
[15:58:42] [43/459] GATP
[15:58:43] [44/459] ABTS
[15:58:44] [45/459] ABDE
[15:58:45] [46/459] RCNM
[15:58:45] [47/459] KTHV
[15:58:46] [48/459] MDGJ
[15:58:47] [49/459] SMLM
[15:58:48] [50/459] JTMA
[15:58:49] [51/459] ACKP
[15:58:50] [52/459] SRTA
[15:58:50] [53/459] STAY
[15:58:51] [54/459] MAVO
[15:58:52] [55/459] APTS
[15:58:52] [56/459] OMEA
[15:58:53] [57/459] TTFD
[15:58:54] [58/459] MJCU
[15:58:55] [59/459] CXTE
[15:58:55] [60/459] CTPX
[15:58:56] [61/459] ASSL
[15:58:57] [62/459] CMVB
[15:58:58] [63/459] VPUR
[15:58:59] [64/459] JJDA
[15:59:00] [65/459] INBL
[15:59:01] [66/459] BIKB
[15:59:02] [67/459] NTBB
[15:59:03] [68/459] GLOB
[15:59:04] [69/459] SNTB
[15:59:06] [70/459] CHGV
[15:59:07] [71/459] SSBZ
[15:59:08] [72/459] PRDB
[15:59:09] [73/459] ISMT
[15:59:10] [74/459] MCSD
[15:59:11] [75/459] JBTT
[15:59:11] [76/459] GEKR
[15:59:12] [77/459] PVUN
[15:59:14] [78/459] NRTB
[15:59:15] [79/459] PRAA
[15:59:15] [80/459] PCBL
[15:59:17] [81/459] PTCM
[15:59:18] [82/459] KHNN
[15:59:19] [83/459] OMJE
[15:59:20] [84/459] STGN
[15:59:20] [85/459] RPMS
[15:59:21] [86/459] NWAD
[15:59:22] [87/459] BLCK
[15:59:23] [88/459] SVAA
[15:59:24] [89/459] URVM
[15:59:25] [90/459] ANTM
[15:59:26] [91/459] VJYM
[15:59:27] [92/459] MAZZ
[15:59:28] [93/459] CSHM
[15:59:29] [94/459] WGMH
[15:59:30] [95/459] SALN
[15:59:30] [96/459] BRTP
[15:59:31] [97/459] SVTA
[15:59:32] [98/459] SBTP
[15:59:33] [99/459] VLSS
[15:59:33] [100/459] SRJA
[15:59:34] [101/459] ANCG
[15:59:35] [102/459] CGGC
[15:59:36] [103/459] CRJA
[15:59:36] [104/459] USCR
[15:59:37] [105/459] MMEF
[15:59:38] [106/459] JCRJ
[15:59:39] [107/459] ADCM
[15:59:40] [108/459] BMYK
[15:59:41] [109/459] KICS
[15:59:42] [110/459] MBBT
[15:59:42] [111/459] MACK
[15:59:43] [112/459] CLDR
[15:59:44] [113/459] JYCR
[15:59:45] [114/459] DCRP
[15:59:46] [115/459] RAHT
[15:59:47] [116/459] CSSM
[15:59:48] [117/459] ATPK
[15:59:49] [118/459] KLRT
[15:59:49] [119/459] SRDD
[15:59:50] [120/459] CKMC
[15:59:52] [121/459] KRVM
[15:59:53] [122/459] AKCP
[15:59:54] [123/459] CNCV
[15:59:54] [124/459] PACT
[15:59:55] [125/459] NATP
[15:59:56] [126/459] PCPK
[15:59:57] [127/459] SMHO
[15:59:58] [128/459] CWTK
[15:59:59] [129/459] RVKZ
[16:00:00] [130/459] ASPD
[16:00:00] [131/459] VTKZ
[16:00:01] [132/459] LCSO
[16:00:02] [133/459] PRDY
[16:00:03] [134/459] RCAP
[16:00:04] [135/459] RGAR
[16:00:05] [136/459] RCAC
[16:00:06] [137/459] PMOD
[16:00:07] [138/459] PVCN
[16:00:08] [139/459] SCRZ
[16:00:09] [140/459] PVPC
[16:00:10] [141/459] STID
[16:00:10] [142/459] NEDD
[16:00:11] [143/459] BNBA
[16:00:12] [144/459] NTCD
[16:00:13] [145/459] OCDE
[16:00:14] [146/459] CCDU
[16:00:15] [147/459] CRXH
[16:00:16] [148/459] VLVT
[16:00:17] [149/459] CICI
[16:00:18] [150/459] SUCB
[16:00:19] [151/459] TCBP
[16:00:19] [152/459] SCCY
[16:00:20] [153/459] LXCY
[16:00:21] [154/459] NCMD
[16:00:21] [155/459] PHCS
[16:00:22] [156/459] DUXR
[16:00:23] [157/459] VNKS
[16:00:24] [158/459] SEDP
[16:00:25] [159/459] SVEN
[16:00:26] [160/459] SRKM
[16:00:27] [161/459] JTLT
[16:00:27] [162/459] SVSS
[16:00:28] [163/459] AMDE
[16:00:29] [164/459] WVRN
[16:00:30] [165/459] ISMG
[16:00:31] [166/459] WVKS
[16:00:31] [167/459] USCG
[16:00:32] [168/459] IOTG
[16:00:33] [169/459] RRJM
[16:00:34] [170/459] EDMP
[16:00:34] [171/459] SCGZ
[16:00:36] [172/459] GMGX
[16:00:37] [173/459] OMTP
[16:00:37] [174/459] MITD
[16:00:38] [175/459] SMMD
[16:00:40] [176/459] STML
[16:00:41] [177/459] MCFS
[16:00:41] [178/459] FPKA
[16:00:42] [179/459] OMLR
[16:00:43] [180/459] KKSC
[16:00:43] [181/459] RVMA
[16:00:44] [182/459] SCLL
[16:00:45] [183/459] SCDK
[16:00:46] [184/459] SXMI
[16:00:47] [185/459] SHDN
[16:00:48] [186/459] PAAD
[16:00:48] [187/459] UUCB
[16:00:49] [188/459] JHOL
[16:00:50] [189/459] SGWT
[16:00:51] [190/459] SRII
[16:00:51] [191/459] SGCK
[16:00:52] [192/459] SVVB
[16:00:53] [193/459] DMHA
[16:00:54] [194/459] PPNL
[16:00:55] [195/459] CPNL
[16:00:56] [196/459] WVLD
[16:00:57] [197/459] PSLV
[16:00:57] [198/459] VTTL
[16:00:58] [199/459] NPAD
[16:00:59] [200/459] PVCS
[16:01:00] [201/459] MCHL
[16:01:00] [202/459] PPLL
[16:01:01] [203/459] MALO
[16:01:02] [204/459] SWBH
[16:01:02] [205/459] PUGB
[16:01:03] [206/459] INBB
[16:01:04] [207/459] INNS
[16:01:05] [208/459] MCPT
[16:01:06] [209/459] SCMI
[16:01:06] [210/459] OCON
[16:01:07] [211/459] SCSM
[16:01:08] [212/459] RJVN
[16:01:09] [213/459] AMDK
[16:01:10] [214/459] ISMR
[16:01:11] [215/459] SMTD
[16:01:12] [216/459] VTDD
[16:01:14] [217/459] PDDZ
[16:01:15] [218/459] PCCK
[16:01:16] [219/459] INAM
[16:01:17] [220/459] FNKT
[16:01:17] [221/459] GDKA
[16:01:18] [222/459] MAYU
[16:01:19] [223/459] TCGU
[16:01:20] [224/459] KDCA
[16:01:21] [225/459] DOMY
[16:01:21] [226/459] PDDD
[16:01:22] [227/459] BJTS
[16:01:23] [228/459] VTCA
[16:01:24] [229/459] SBTM
[16:01:25] [230/459] SEET
[16:01:26] [231/459] SSTJ
[16:01:26] [232/459] SVNT
[16:01:27] [233/459] PPPR
[16:01:28] [234/459] PVYS
[16:01:29] [235/459] IOSE
[16:01:29] [236/459] ACTV
[16:01:30] [237/459] APVE
[16:01:31] [238/459] TCCL
[16:01:32] [239/459] SCMO
[16:01:33] [240/459] SAUM
[16:01:33] [241/459] KCJS
[16:01:34] [242/459] NJCJ
[16:01:35] [243/459] NECF
[16:01:36] [244/459] CCGW
[16:01:37] [245/459] CCMG
[16:01:38] [246/459] NYRG
[16:01:39] [247/459] NCSQ
[16:01:40] [248/459] GRCG
[16:01:41] [249/459] CCBT
[16:01:41] [250/459] ACGA
[16:01:42] [251/459] INAG
[16:01:43] [252/459] FUCG
[16:01:44] [253/459] AICF
[16:01:45] [254/459] GRGA
[16:01:46] [255/459] GDCN
[16:01:47] [256/459] RRCG
[16:01:48] [257/459] SDCH
[16:01:49] [258/459] WVJM
[16:01:50] [259/459] JCCZ
[16:01:50] [260/459] CNCL
[16:01:51] [261/459] TMLV
[16:01:52] [262/459] MEMB
[16:01:53] [263/459] SGTD
[16:01:54] [264/459] CONX
[16:01:54] [265/459] CCMH
[16:01:55] [266/459] ACMC
[16:01:56] [267/459] DTPD
[16:01:57] [268/459] POJA
[16:01:58] [269/459] FNBH
[16:01:59] [270/459] CGCB
[16:02:00] [271/459] RACN
[16:02:01] [272/459] JTSM
[16:02:02] [273/459] SCDN
[16:02:02] [274/459] AACK
[16:02:03] [275/459] RMCE
[16:02:05] [276/459] BSGB
[16:02:06] [277/459] MRCB
[16:02:07] [278/459] SRVR
[16:02:08] [279/459] VTKK
[16:02:09] [280/459] AMST
[16:02:10] [281/459] APCY
[16:02:11] [282/459] LMHO
[16:02:12] [283/459] MTZH
[16:02:13] [284/459] AMZB
[16:02:14] [285/459] SUVT
[16:02:14] [286/459] RCIP
[16:02:15] [287/459] KESR
[16:02:16] [288/459] SNKC
[16:02:17] [289/459] SCED
[16:02:17] [290/459] DVCA
[16:02:18] [291/459] VCDT
[16:02:19] [292/459] RRDI
[16:02:20] [293/459] DFCH
[16:02:21] [294/459] INSC
[16:02:21] [295/459] RGTR
[16:02:22] [296/459] FMOT
[16:02:23] [297/459] SCPM
[16:02:24] [298/459] GCDT
[16:02:25] [299/459] BRKT
[16:02:26] [300/459] DEMP
[16:02:27] [301/459] SRLC
[16:02:28] [302/459] KSTT
[16:02:29] [303/459] SMMT
[16:02:30] [304/459] SILM
[16:02:30] [305/459] JCVM
[16:02:31] [306/459] KCSV
[16:02:32] [307/459] MHLK
[16:02:33] [308/459] SLVL
[16:02:34] [309/459] RJKP
[16:02:35] [310/459] BBPC
[16:02:36] [311/459] MXCB
[16:02:37] [312/459] TCPK
[16:02:39] [313/459] RTBR
[16:02:39] [314/459] GAUT
[16:02:40] [315/459] DVCF
[16:02:41] [316/459] JTSB
[16:02:42] [317/459] SBLS
[16:02:43] [318/459] UDAY
[16:02:43] [319/459] PTNP
[16:02:44] [320/459] DMKT
[16:02:45] [321/459] NTDT
[16:02:46] [322/459] SHDJ
[16:02:47] [323/459] OTNC
[16:02:48] [324/459] RNTW
[16:02:48] [325/459] GCMI
[16:02:49] [326/459] CRCM
[16:02:50] [327/459] NNCZ
[16:02:51] [328/459] OEMO
[16:02:51] [329/459] PVJM
[16:02:52] [330/459] CPJI
[16:02:53] [331/459] RMCJ
[16:02:54] [332/459] CNWJ
[16:02:55] [333/459] EPJM
[16:02:56] [334/459] FNJJ
[16:02:57] [335/459] GCMJ
[16:02:58] [336/459] INPS
[16:02:59] [337/459] BICJ
[16:02:59] [338/459] ISTJ
[16:03:00] [339/459] INJC
[16:03:01] [340/459] GLXJ
[16:03:02] [341/459] INEM
[16:03:02] [342/459] JTMN
[16:03:03] [343/459] FRCJ
[16:03:04] [344/459] DDJP
[16:03:04] [345/459] INJV
[16:03:05] [346/459] GOLC
[16:03:06] [347/459] KOCI
[16:03:06] [348/459] FSTD
[16:03:08] [349/459] PACJ
[16:03:09] [350/459] GMCN
[16:03:10] [351/459] MMDJ
[16:03:11] [352/459] GODH
[16:03:11] [353/459] SKYN
[16:03:12] [354/459] NCTH
[16:03:13] [355/459] SKVZ
[16:03:14] [356/459] SVML
[16:03:15] [357/459] ACVZ
[16:03:15] [358/459] SURA
[16:03:16] [359/459] RTRB
[16:03:18] [360/459] LLCT
[16:03:18] [361/459] ATTS
[16:03:19] [362/459] JYCM
[16:03:20] [363/459] CTKR
[16:03:21] [364/459] LCKR
[16:03:21] [365/459] NYCV
[16:03:22] [366/459] NYOH
[16:03:23] [367/459] NOVX
[16:03:24] [368/459] MRGK
[16:03:25] [369/459] MOON
[16:03:25] [370/459] SBUC
[16:03:26] [371/459] GSVA
[16:03:27] [372/459] VIAK
[16:03:28] [373/459] SMVZ
[16:03:29] [374/459] MATE
[16:03:30] [375/459] RDCN
[16:03:31] [376/459] ASBL
[16:03:31] [377/459] ASVS
[16:03:32] [378/459] ASSR
[16:03:33] [379/459] SSKN
[16:03:34] [380/459] DRPV
[16:03:35] [381/459] MRHT
[16:03:36] [382/459] BSCN
[16:03:36] [383/459] RKNX
[16:03:37] [384/459] MSMC
[16:03:38] [385/459] MSCJ
[16:03:39] [386/459] BTBJ
[16:03:40] [387/459] MJCC
[16:03:40] [388/459] IOMM
[16:03:41] [389/459] ADGR
[16:03:42] [390/459] MYCP
[16:03:43] [391/459] IGCM
[16:03:43] [392/459] PGRK
[16:03:44] [393/459] VPGO
[16:03:45] [394/459] KOMS
[16:03:46] [395/459] URGG
[16:03:47] [396/459] GOST
[16:03:47] [397/459] LACT
[16:03:48] [398/459] BWCM
[16:03:49] [399/459] NCCW
[16:03:50] [400/459] SKYC
[16:03:51] [401/459] CCPM
[16:03:52] [402/459] VCBT
[16:03:53] [403/459] SDKR
[16:03:54] [404/459] CTYB
[16:03:54] [405/459] SHCX
[16:03:55] [406/459] RCUN
[16:03:56] [407/459] CNRA
[16:03:57] [408/459] RFCA
[16:03:57] [409/459] RDCU
[16:03:58] [410/459] SARK
[16:03:59] [411/459] SPPP
[16:04:00] [412/459] ADMB
[16:04:00] [413/459] JYOE
[16:04:01] [414/459] SRMD
[16:04:02] [415/459] RJDH
[16:04:04] [416/459] SSTD
[16:04:04] [417/459] AACV
[16:04:05] [418/459] PPVD
[16:04:07] [419/459] STCP
[16:04:07] [420/459] ANJR
[16:04:08] [421/459] ANLS
[16:04:09] [422/459] BIJO
[16:04:10] [423/459] AVAB
[16:04:11] [424/459] SPMD
[16:04:12] [425/459] SVJL
[16:04:13] [426/459] SDDJ
[16:04:14] [427/459] SLTU
[16:04:15] [428/459] SAKA
[16:04:16] [429/459] PMAM
[16:04:16] [430/459] FNAM
[16:04:17] [431/459] ACAM
[16:04:18] [432/459] SCMM
[16:04:19] [433/459] PMAK
[16:04:19] [434/459] NYSA
[16:04:20] [435/459] FCPA
[16:04:21] [436/459] GDAN
[16:04:22] [437/459] RSCA
[16:04:23] [438/459] DMAN
[16:04:23] [439/459] DZCM
[16:04:24] [440/459] NSGL
[16:04:25] [441/459] CCPP
[16:04:26] [442/459] PSMG
[16:04:27] [443/459] GSER
[16:04:28] [444/459] FCCT
[16:04:29] [445/459] FCTB
[16:04:30] [446/459] LCNK
[16:04:31] [447/459] SKTY
[16:04:32] [448/459] INAA
[16:04:32] [449/459] RCWN
[16:04:33] [450/459] VAIS
[16:04:34] [451/459] CVMN
[16:04:35] [452/459] INTS
[16:04:36] [453/459] FRGS
[16:04:37] [454/459] DTCK
[16:04:38] [455/459] MCMH
[16:04:38] [456/459] ECRR
[16:04:39] [457/459] RLLP
[16:04:40] [458/459] CCSN
[16:04:41] [459/459] CCBA
[16:04:42] 🧹 Deduping shows
[16:04:42] ✅ DONE | Shows=30 | Movies=5
