[15:44:13] 🚀 SCRIPT STARTED
[15:44:13] [1/459] FNDB
[15:44:13] 🧠 New identity created
[15:44:14] [2/459] AMBH
[15:44:15] [3/459] PRHN
[15:44:17] [4/459] ACPM
[15:44:18] [5/459] PVFS
[15:44:19] [6/459] AACN
[15:44:20] [7/459] ACAS
[15:44:21] [8/459] CTNR
[15:44:21] [9/459] MMAH
[15:44:23] [10/459] CPMH
[15:44:25] [11/459] IGMH
[15:44:26] [12/459] ABCS
[15:44:26] [13/459] CMMA
[15:44:27] [14/459] GPRH
[15:44:28] [15/459] PNNG
[15:44:29] [16/459] AMCA
[15:44:30] [17/459] ISTN
[15:44:31] [18/459] PIIC
[15:44:32] [19/459] AHMH
[15:44:33] [20/459] ASHN
[15:44:34] [21/459] INHY
[15:44:34] [22/459] SRMO
[15:44:35] [23/459] PIMH
[15:44:36] [24/459] PVTS
[15:44:38] [25/459] MMCA
[15:44:39] [26/459] AKYJ
[15:44:40] [27/459] BRKH
[15:44:40] [28/459] MAHM
[15:44:41] [29/459] CPHY
[15:44:42] [30/459] PVTP
[15:44:43] [31/459] SMMR
[15:44:44] [32/459] PVHM
[15:44:45] [33/459] SNDY
[15:44:47] [34/459] GOKU
[15:44:48] [35/459] ACEV
[15:44:48] [36/459] PVUM
[15:44:49] [37/459] VSWA
[15:44:50] [38/459] IPRS
[15:44:51] [39/459] ASGN
[15:44:52] [40/459] BKMV
[15:44:53] [41/459] PVYH
[15:44:54] [42/459] INKM
[15:44:54] [43/459] ARJU
[15:44:55] [44/459] JJPP
[15:44:56] [45/459] SSRM
[15:44:57] [46/459] HMHD
[15:44:58] [47/459] SNKH
[15:44:59] [48/459] ACHI
[15:45:00] [49/459] MRAA
[15:45:01] [50/459] INMH
[15:45:01] [51/459] ARMH
[15:45:03] [52/459] DVRR
[15:45:03] [53/459] SUDA
[15:45:05] [54/459] MCSS
[15:45:06] [55/459] VRKC
[15:45:08] [56/459] PRCX
[15:45:09] [57/459] ASJY
[15:45:09] [58/459] MTHY
[15:45:10] [59/459] SRCM
[15:45:12] [60/459] TVHY
[15:45:13] [61/459] STHD
[15:45:14] [62/459] CPCL
[15:45:15] [63/459] PSMJ
[15:45:16] [64/459] MRGT
[15:45:17] [65/459] ARYH
[15:45:18] [66/459] VTRB
[15:45:18] [67/459] SCHC
[15:45:20] [68/459] MRRG
[15:45:20] [69/459] SPCB
[15:45:21] [70/459] AMCM
[15:45:22] [71/459] IVNM
[15:45:24] [72/459] TRHY
[15:45:24] [73/459] PTTH
[15:45:25] [74/459] RKMH
[15:45:26] [75/459] PRCS
[15:45:27] [76/459] VAJA
[15:45:29] [77/459] BJNG
[15:45:30] [78/459] SCVM
[15:45:31] [79/459] GNHB
[15:45:32] [80/459] TLUR
[15:45:32] [81/459] UKCC
[15:45:33] [82/459] SRKR
[15:45:34] [83/459] RMKN
[15:45:35] [84/459] SLRT
[15:45:37] [85/459] LKMT
[15:45:37] [86/459] SSRJ
[15:45:38] [87/459] SPHT
[15:45:39] [88/459] ANTT
[15:45:40] [89/459] SRCH
[15:45:41] [90/459] SRCA
[15:45:42] [91/459] ARTH
[15:45:43] [92/459] MCBH
[15:45:44] [93/459] SNIB
[15:45:45] [94/459] SART
[15:45:46] [95/459] SKTA
[15:45:47] [96/459] YAKT
[15:45:48] [97/459] MLCK
[15:45:49] [98/459] ANTS
[15:45:50] [99/459] DGCA
[15:45:51] [100/459] SGMP
[15:45:51] [101/459] ASWN
[15:45:52] [102/459] KFVU
[15:45:53] [103/459] POOR
[15:45:54] [104/459] GKDN
[15:45:55] [105/459] EOSE
[15:45:56] [106/459] GTTT
[15:45:58] [107/459] ARRO
[15:45:58] [108/459] CMMK
[15:45:59] [109/459] MSCN
[15:46:00] [110/459] GDKH
[15:46:01] [111/459] DLMT
[15:46:02] [112/459] PVMF
[15:46:03] [113/459] CPCK
[15:46:05] [114/459] VMHE
[15:46:06] [115/459] PVLC
[15:46:07] [116/459] PCVB
[15:46:09] [117/459] SNYK
[15:46:09] [118/459] KTEK
[15:46:10] [119/459] PCNM
[15:46:11] [120/459] NTTR
[15:46:12] [121/459] CPSK
[15:46:12] [122/459] JMMA
[15:46:13] [123/459] GCFK
[15:46:14] [124/459] MYCA
[15:46:15] [125/459] KSNP
[15:46:16] [126/459] PMCE
[15:46:17] [127/459] SCKI
[15:46:18] [128/459] FSMA
[15:46:20] [129/459] CETA
[15:46:21] [130/459] MCIK
[15:46:22] [131/459] MYCR
[15:46:23] [132/459] EVMP
[15:46:24] [133/459] SSGT
[15:46:24] [134/459] KCTK
[15:46:25] [135/459] ZTKC
[15:46:26] [136/459] MMTA
[15:46:27] [137/459] MAJT
[15:46:28] [138/459] ACPK
[15:46:29] [139/459] JMAX
[15:46:30] [140/459] SETK
[15:46:31] [141/459] CAIS
[15:46:32] [142/459] AGCD
[15:46:33] [143/459] URCL
[15:46:34] [144/459] VTDS
[15:46:34] [145/459] JCNM
[15:46:35] [146/459] KCAM
[15:46:36] [147/459] ADCU
[15:46:37] [148/459] GXYN
[15:46:38] [149/459] SMJG
[15:46:39] [150/459] EYCJ
[15:46:40] [151/459] CCEJ
[15:46:41] [152/459] MARS
[15:46:42] [153/459] CPVJ
[15:46:43] [154/459] INVP
[15:46:44] [155/459] CPOV
[15:46:45] [156/459] VIJK
[15:46:45] [157/459] LAIM
[15:46:46] [158/459] STHV
[15:46:47] [159/459] SVLJ
[15:46:48] [160/459] ATVJ
[15:46:49] [161/459] JTSC
[15:46:50] [162/459] RMTV
[15:46:51] [163/459] MGGG
[15:46:52] [164/459] SWTH
[15:46:53] [165/459] INVJ
[15:46:54] [166/459] PRSV
[15:46:55] [167/459] JATV
[15:46:56] [168/459] RCVD
[15:46:57] [169/459] BDMA
[15:46:58] [170/459] BLJI
[15:46:59] [171/459] SWOT
[15:47:00] [172/459] SWRN
[15:47:02] [173/459] TVRA
[15:47:03] [174/459] VCSV
[15:47:04] [175/459] NVRN
[15:47:05] [176/459] SIKC
[15:47:05] [177/459] VAKR
[15:47:06] [178/459] SYLN
[15:47:07] [179/459] KLJL
[15:47:08] [180/459] LKMY
[15:47:09] [181/459] VSLY
[15:47:10] [182/459] CIKO
[15:47:10] [183/459] GPBG
[15:47:12] [184/459] CECM
[15:47:13] [185/459] SLKB
[15:47:14] [186/459] MTBO
[15:47:15] [187/459] SSHB
[15:47:15] [188/459] VPCS
[15:47:17] [189/459] RCSR
[15:47:18] [190/459] RJRM
[15:47:19] [191/459] KPPB
[15:47:20] [192/459] SEDC
[15:47:22] [193/459] SCAI
[15:47:22] [194/459] RMTR
[15:47:23] [195/459] ASST
[15:47:24] [196/459] GCAK
[15:47:25] [197/459] ANNK
[15:47:26] [198/459] KDDF
[15:47:27] [199/459] NRDP
[15:47:28] [200/459] PLAK
[15:47:29] [201/459] GCMC
[15:47:30] [202/459] ALPY
[15:47:30] [203/459] SICE
[15:47:31] [204/459] SISR
[15:47:32] [205/459] SRPZ
[15:47:33] [206/459] SRSW
[15:47:34] [207/459] SUYA
[15:47:35] [208/459] AMMT
[15:47:36] [209/459] BHCU
[15:47:37] [210/459] KLPA
[15:47:38] [211/459] NVKH
[15:47:39] [212/459] JMRC
[15:47:40] [213/459] KTTT
[15:47:41] [214/459] MAGH
[15:47:42] [215/459] MMMX
[15:47:43] [216/459] SALJ
[15:47:44] [217/459] GTJA
[15:47:46] [218/459] MAHT
[15:47:46] [219/459] SSNN
[15:47:47] [220/459] ARRP
[15:47:48] [221/459] ATNS
[15:47:49] [222/459] SKDT
[15:47:50] [223/459] ACAT
[15:47:50] [224/459] APRC
[15:47:51] [225/459] SWAG
[15:47:52] [226/459] SDPT
[15:47:53] [227/459] STPS
[15:47:54] [228/459] WWCZ
[15:47:55] [229/459] LLCH
[15:47:56] [230/459] MZHA
[15:47:57] [231/459] CRJG
[15:47:59] [232/459] JGTK
[15:48:00] [233/459] KCSR
[15:48:00] [234/459] CHTL
[15:48:01] [235/459] EDSR
[15:48:02] [236/459] CSWO
[15:48:03] [237/459] CPVM
[15:48:04] [238/459] MXBY
[15:48:05] [239/459] FMMA
[15:48:06] [240/459] POVI
[15:48:08] [241/459] MTHB
[15:48:09] [242/459] INRC
[15:48:09] [243/459] PIPP
[15:48:10] [244/459] BMXC
[15:48:11] [245/459] PCMM
[15:48:12] [246/459] PMKM
[15:48:13] [247/459] GATY
[15:48:13] [248/459] IMCM
[15:48:14] [249/459] POPE
[15:48:16] [250/459] MTCR
[15:48:17] [251/459] PVAE
[15:48:19] [252/459] PVMI
[15:48:20] [253/459] CPNM
[15:48:21] [254/459] FMRL
[15:48:22] [255/459] MCIW
[15:48:23] [256/459] MXBO
[15:48:24] [257/459] FMKY
[15:48:26] [258/459] FMDA
[15:48:26] [259/459] THAB
[15:48:27] [260/459] PRCW
[15:48:28] [261/459] PITI
[15:48:29] [262/459] MCFF
[15:48:31] [263/459] PDDV
[15:48:32] [264/459] MCRM
[15:48:32] [265/459] KKMB
[15:48:33] [266/459] INKO
[15:48:35] [267/459] PLXP
[15:48:36] [268/459] MMHA
[15:48:37] [269/459] FMVS
[15:48:38] [270/459] POLM
[15:48:39] [271/459] STER
[15:48:39] [272/459] PVWJ
[15:48:40] [273/459] IMJW
[15:48:41] [274/459] FNAN
[15:48:42] [275/459] CAGL
[15:48:43] [276/459] IPBG
[15:48:44] [277/459] SMFV
[15:48:45] [278/459] MMMR
[15:48:46] [279/459] MMWM
[15:48:47] [280/459] FNCM
[15:48:48] [281/459] MDVA
[15:48:49] [282/459] MMET
[15:48:50] [283/459] MIDO
[15:48:51] [284/459] INNP
[15:48:51] [285/459] MIFU
[15:48:52] [286/459] MMSZ
[15:48:53] [287/459] BMXA
[15:48:54] [288/459] MCAA
[15:48:54] [289/459] SCVP
[15:48:55] [290/459] PLUS
[15:48:56] [291/459] MUCK
[15:48:57] [292/459] MTMA
[15:48:58] [293/459] HPVR
[15:48:59] [294/459] PMPK
[15:49:00] [295/459] MAJB
[15:49:01] [296/459] CTRR
[15:49:01] [297/459] MCTG
[15:49:03] [298/459] MACE
[15:49:04] [299/459] AAAS
[15:49:05] [300/459] CPVV
[15:49:06] [301/459] RCHG
[15:49:07] [302/459] MCNE
[15:49:08] [303/459] EMNC
[15:49:09] [304/459] MCAN
[15:49:10] [305/459] TCDM
[15:49:11] [306/459] IRGT
[15:49:12] [307/459] GCMG
[15:49:13] [308/459] MXSN
[15:49:13] [309/459] MXCK
[15:49:14] [310/459] MCRC
[15:49:15] [311/459] RSMI
[15:49:16] [312/459] WAML
[15:49:17] [313/459] MTSC
[15:49:19] [314/459] FMDR
[15:49:19] [315/459] LEPV
[15:49:20] [316/459] MTGD
[15:49:21] [317/459] IMOB
[15:49:22] [318/459] CLMM
[15:49:23] [319/459] PZCD
[15:49:24] [320/459] GOCS
[15:49:25] [321/459] KCMA
[15:49:26] [322/459] CCMP
[15:49:27] [323/459] MTSU
[15:49:28] [324/459] SNGL
[15:49:29] [325/459] MMMC
[15:49:30] [326/459] MMAA
[15:49:31] [327/459] GCDM
[15:49:33] [328/459] KTMV
[15:49:33] [329/459] AETE
[15:49:34] [330/459] OMCS
[15:49:35] [331/459] GDCD
[15:49:36] [332/459] NYMD
[15:49:36] [333/459] RNCV
[15:49:38] [334/459] KKMT
[15:49:40] [335/459] GDTH
[15:49:41] [336/459] KMMV
[15:49:42] [337/459] NHCG
[15:49:42] [338/459] PJDW
[15:49:43] [339/459] MMCV
[15:49:45] [340/459] FQSA
[15:49:46] [341/459] KURL
[15:49:48] [342/459] NNNX
[15:49:49] [343/459] AMAU
[15:49:50] [344/459] VVVM
[15:49:52] [345/459] VECU
[15:49:53] [346/459] WCVR
[15:49:54] [347/459] MTGG
[15:49:54] [348/459] SGTG
[15:49:55] [349/459] MNTG
[15:49:56] [350/459] JDDG
[15:49:58] [351/459] MBTK
[15:49:59] [352/459] SGCD
[15:49:59] [353/459] MCTC
[15:50:00] [354/459] JTPC
[15:50:01] [355/459] SDKT
[15:50:02] [356/459] KRCC
[15:50:03] [357/459] RMMD
[15:50:04] [358/459] AAME
[15:50:05] [359/459] TMWC
[15:50:06] [360/459] NRWY
[15:50:08] [361/459] CITD
[15:50:09] [362/459] VERD
[15:50:10] [363/459] MKSK
[15:50:11] [364/459] STSM
[15:50:12] [365/459] MJDG
[15:50:13] [366/459] RKPM
[15:50:14] [367/459] SSCE
[15:50:14] [368/459] VMAE
[15:50:16] [369/459] SBRU
[15:50:17] [370/459] AMBC
[15:50:18] [371/459] AMLU
[15:50:19] [372/459] INVZ
[15:50:20] [373/459] LGTV
[15:50:21] [374/459] SVAD
[15:50:22] [375/459] SMSA
[15:50:24] [376/459] SPCZ
[15:50:25] [377/459] GTCX
[15:50:26] [378/459] SCSL
[15:50:27] [379/459] SAHU
[15:50:28] [380/459] NCDA
[15:50:29] [381/459] SCCG
[15:50:31] [382/459] VKTL
[15:50:32] [383/459] PUUJ
[15:50:33] [384/459] STEJ
[15:50:34] [385/459] RJAL
[15:50:34] [386/459] ACJC
[15:50:35] [387/459] VTHC
[15:50:36] [388/459] ARVB
[15:50:37] [389/459] AUBB
[15:50:38] [390/459] GDBR
[15:50:40] [391/459] PVND
[15:50:41] [392/459] BGRJ
[15:50:42] [393/459] RJMM
[15:50:42] [394/459] MCSA
[15:50:43] [395/459] BODA
[15:50:44] [396/459] JAGG
[15:50:45] [397/459] SCGA
[15:50:46] [398/459] LRCM
[15:50:47] [399/459] CPCN
[15:50:48] [400/459] SSTF
[15:50:49] [401/459] SRXP
[15:50:49] [402/459] CNFX
[15:50:50] [403/459] ANDI
[15:50:52] [404/459] SYEW
[15:50:53] [405/459] RCRE
[15:50:54] [406/459] SCRW
[15:50:55] [407/459] MBKR
[15:50:56] [408/459] ASNT
[15:50:57] [409/459] JTMT
[15:50:59] [410/459] SHAY
[15:50:59] [411/459] VRTH
[15:51:00] [412/459] SPTI
[15:51:02] [413/459] DPTD
[15:51:03] [414/459] TGSN
[15:51:04] [415/459] RCWV
[15:51:05] [416/459] OCUR
[15:51:06] [417/459] KSTC
[15:51:07] [418/459] SANI
[15:51:08] [419/459] MLCA
[15:51:09] [420/459] EGCA
[15:51:10] [421/459] SYSN
[15:51:11] [422/459] PKTA
[15:51:12] [423/459] PRCC
[15:51:13] [424/459] KSTR
[15:51:14] [425/459] SNTP
[15:51:14] [426/459] RCHA
[15:51:15] [427/459] SEEA
[15:51:16] [428/459] ALAT
[15:51:17] [429/459] AATV
[15:51:18] [430/459] RJTE
[15:51:19] [431/459] AAPP
[15:51:21] [432/459] PMMH
[15:51:22] [433/459] INRJ
[15:51:24] [434/459] SARB
[15:51:24] [435/459] PCJL
[15:51:25] [436/459] PFJJ
[15:51:26] [437/459] GRDC
[15:51:28] [438/459] BCBA
[15:51:29] [439/459] VIXL
[15:51:30] [440/459] CSTL
[15:51:31] [441/459] MTDK
[15:51:32] [442/459] TDAC
[15:51:32] [443/459] GTDN
[15:51:33] [444/459] TTDE
[15:51:34] [445/459] ASTS
[15:51:35] [446/459] CPNS
[15:51:36] [447/459] PVVW
[15:51:37] [448/459] USEB
[15:51:38] [449/459] DTYN
[15:51:39] [450/459] PVLE
[15:51:40] [451/459] CIPS
[15:51:41] [452/459] PAEG
[15:51:42] [453/459] PTCW
[15:51:43] [454/459] G3SR
[15:51:44] [455/459] PGND
[15:51:45] [456/459] INVM
[15:51:46] [457/459] SPIA
[15:51:47] [458/459] PCSN
[15:51:48] [459/459] PPGV
[15:51:49] 🧹 Deduping shows
[15:51:49] ✅ DONE | Shows=2 | Movies=2
[15:58:09] 🚀 SCRIPT STARTED
[15:58:09] [1/459] FNDB
[15:58:09] 🧠 New identity created
[15:58:10] [2/459] AMBH
[15:58:11] [3/459] PRHN
[15:58:12] [4/459] ACPM
[15:58:13] [5/459] PVFS
[15:58:13] [6/459] AACN
[15:58:14] [7/459] ACAS
[15:58:15] [8/459] CTNR
[15:58:16] [9/459] MMAH
[15:58:17] [10/459] CPMH
[15:58:17] [11/459] IGMH
[15:58:18] [12/459] ABCS
[15:58:19] [13/459] CMMA
[15:58:20] [14/459] GPRH
[15:58:21] [15/459] PNNG
[15:58:22] [16/459] AMCA
[15:58:22] [17/459] ISTN
[15:58:23] [18/459] PIIC
[15:58:24] [19/459] AHMH
[15:58:25] [20/459] ASHN
[15:58:26] [21/459] INHY
[15:58:26] [22/459] SRMO
[15:58:27] [23/459] PIMH
[15:58:28] [24/459] PVTS
[15:58:29] [25/459] MMCA
[15:58:30] [26/459] AKYJ
[15:58:31] [27/459] BRKH
[15:58:32] [28/459] MAHM
[15:58:32] [29/459] CPHY
[15:58:33] [30/459] PVTP
[15:58:34] [31/459] SMMR
[15:58:35] [32/459] PVHM
[15:58:36] [33/459] SNDY
[15:58:37] [34/459] GOKU
[15:58:37] [35/459] ACEV
[15:58:38] [36/459] PVUM
[15:58:39] [37/459] VSWA
[15:58:40] [38/459] IPRS
[15:58:41] [39/459] ASGN
[15:58:41] [40/459] BKMV
[15:58:42] [41/459] PVYH
[15:58:43] [42/459] INKM
[15:58:45] [43/459] ARJU
[15:58:45] [44/459] JJPP
[15:58:46] [45/459] SSRM
[15:58:47] [46/459] HMHD
[15:58:48] [47/459] SNKH
[15:58:48] [48/459] ACHI
[15:58:49] [49/459] MRAA
[15:58:50] [50/459] INMH
[15:58:51] [51/459] ARMH
[15:58:52] [52/459] DVRR
[15:58:53] [53/459] SUDA
[15:58:54] [54/459] MCSS
[15:58:55] [55/459] VRKC
[15:58:56] [56/459] PRCX
[15:58:57] [57/459] ASJY
[15:58:58] [58/459] MTHY
[15:58:59] [59/459] SRCM
[15:58:59] [60/459] TVHY
[15:59:00] [61/459] STHD
[15:59:01] [62/459] CPCL
[15:59:03] [63/459] PSMJ
[15:59:04] [64/459] MRGT
[15:59:05] [65/459] ARYH
[15:59:07] [66/459] VTRB
[15:59:08] [67/459] SCHC
[15:59:09] [68/459] MRRG
[15:59:09] [69/459] SPCB
[15:59:10] [70/459] AMCM
[15:59:11] [71/459] IVNM
[15:59:12] [72/459] TRHY
[15:59:13] [73/459] PTTH
[15:59:13] [74/459] RKMH
[15:59:14] [75/459] PRCS
[15:59:15] [76/459] VAJA
[15:59:16] [77/459] BJNG
[15:59:17] [78/459] SCVM
[15:59:18] [79/459] GNHB
[15:59:18] [80/459] TLUR
[15:59:19] [81/459] UKCC
[15:59:20] [82/459] SRKR
[15:59:21] [83/459] RMKN
[15:59:22] [84/459] SLRT
[15:59:23] [85/459] LKMT
[15:59:24] [86/459] SSRJ
[15:59:24] [87/459] SPHT
[15:59:25] [88/459] ANTT
[15:59:26] [89/459] SRCH
[15:59:27] [90/459] SRCA
[15:59:28] [91/459] ARTH
[15:59:28] [92/459] MCBH
[15:59:29] [93/459] SNIB
[15:59:30] [94/459] SART
[15:59:32] [95/459] SKTA
[15:59:33] [96/459] YAKT
[15:59:34] [97/459] MLCK
[15:59:35] [98/459] ANTS
[15:59:35] [99/459] DGCA
[15:59:36] [100/459] SGMP
[15:59:38] [101/459] ASWN
[15:59:39] [102/459] KFVU
[15:59:39] [103/459] POOR
[15:59:40] [104/459] GKDN
[15:59:41] [105/459] EOSE
[15:59:42] [106/459] GTTT
[15:59:43] [107/459] ARRO
[15:59:43] [108/459] CMMK
[15:59:44] [109/459] MSCN
[15:59:45] [110/459] GDKH
[15:59:46] [111/459] DLMT
[15:59:48] [112/459] PVMF
[15:59:48] [113/459] CPCK
[15:59:49] [114/459] VMHE
[15:59:50] [115/459] PVLC
[15:59:51] [116/459] PCVB
[15:59:52] [117/459] SNYK
[15:59:52] [118/459] KTEK
[15:59:53] [119/459] PCNM
[15:59:54] [120/459] NTTR
[15:59:55] [121/459] CPSK
[15:59:55] [122/459] JMMA
[15:59:56] [123/459] GCFK
[15:59:57] [124/459] MYCA
[15:59:58] [125/459] KSNP
[15:59:59] [126/459] PMCE
[16:00:00] [127/459] SCKI
[16:00:00] [128/459] FSMA
[16:00:01] [129/459] CETA
[16:00:02] [130/459] MCIK
[16:00:03] [131/459] MYCR
[16:00:04] [132/459] EVMP
[16:00:05] [133/459] SSGT
[16:00:06] [134/459] KCTK
[16:00:07] [135/459] ZTKC
[16:00:07] [136/459] MMTA
[16:00:08] [137/459] MAJT
[16:00:09] [138/459] ACPK
[16:00:10] [139/459] JMAX
[16:00:11] [140/459] SETK
[16:00:12] [141/459] CAIS
[16:00:13] [142/459] AGCD
[16:00:14] [143/459] URCL
[16:00:15] [144/459] VTDS
[16:00:16] [145/459] JCNM
[16:00:17] [146/459] KCAM
[16:00:18] [147/459] ADCU
[16:00:19] [148/459] GXYN
[16:00:19] [149/459] SMJG
[16:00:20] [150/459] EYCJ
[16:00:21] [151/459] CCEJ
[16:00:22] [152/459] MARS
[16:00:23] [153/459] CPVJ
[16:00:24] [154/459] INVP
[16:00:25] [155/459] CPOV
[16:00:26] [156/459] VIJK
[16:00:26] [157/459] LAIM
[16:00:28] [158/459] STHV
[16:00:29] [159/459] SVLJ
[16:00:30] [160/459] ATVJ
[16:00:31] [161/459] JTSC
[16:00:31] [162/459] RMTV
[16:00:32] [163/459] MGGG
[16:00:33] [164/459] SWTH
[16:00:35] [165/459] INVJ
[16:00:36] [166/459] PRSV
[16:00:36] [167/459] JATV
[16:00:37] [168/459] RCVD
[16:00:38] [169/459] BDMA
[16:00:39] [170/459] BLJI
[16:00:41] [171/459] SWOT
[16:00:41] [172/459] SWRN
[16:00:42] [173/459] TVRA
[16:00:44] [174/459] VCSV
[16:00:45] [175/459] NVRN
[16:00:46] [176/459] SIKC
[16:00:46] [177/459] VAKR
[16:00:47] [178/459] SYLN
[16:00:48] [179/459] KLJL
[16:00:49] [180/459] LKMY
[16:00:50] [181/459] VSLY
[16:00:50] [182/459] CIKO
[16:00:52] [183/459] GPBG
[16:00:53] [184/459] CECM
[16:00:54] [185/459] SLKB
[16:00:56] [186/459] MTBO
[16:00:57] [187/459] SSHB
[16:00:58] [188/459] VPCS
[16:00:59] [189/459] RCSR
[16:01:00] [190/459] RJRM
[16:01:01] [191/459] KPPB
[16:01:02] [192/459] SEDC
[16:01:03] [193/459] SCAI
[16:01:04] [194/459] RMTR
[16:01:05] [195/459] ASST
[16:01:06] [196/459] GCAK
[16:01:07] [197/459] ANNK
[16:01:08] [198/459] KDDF
[16:01:08] [199/459] NRDP
[16:01:10] [200/459] PLAK
[16:01:11] [201/459] GCMC
[16:01:12] [202/459] ALPY
[16:01:12] [203/459] SICE
[16:01:13] [204/459] SISR
[16:01:14] [205/459] SRPZ
[16:01:16] [206/459] SRSW
[16:01:17] [207/459] SUYA
[16:01:18] [208/459] AMMT
[16:01:18] [209/459] BHCU
[16:01:19] [210/459] KLPA
[16:01:20] [211/459] NVKH
[16:01:21] [212/459] JMRC
[16:01:22] [213/459] KTTT
[16:01:22] [214/459] MAGH
[16:01:23] [215/459] MMMX
[16:01:24] [216/459] SALJ
[16:01:25] [217/459] GTJA
[16:01:26] [218/459] MAHT
[16:01:27] [219/459] SSNN
[16:01:27] [220/459] ARRP
[16:01:28] [221/459] ATNS
[16:01:29] [222/459] SKDT
[16:01:31] [223/459] ACAT
[16:01:32] [224/459] APRC
[16:01:33] [225/459] SWAG
[16:01:33] [226/459] SDPT
[16:01:34] [227/459] STPS
[16:01:35] [228/459] WWCZ
[16:01:36] [229/459] LLCH
[16:01:37] [230/459] MZHA
[16:01:38] [231/459] CRJG
[16:01:38] [232/459] JGTK
[16:01:39] [233/459] KCSR
[16:01:40] [234/459] CHTL
[16:01:41] [235/459] EDSR
[16:01:42] [236/459] CSWO
[16:01:43] [237/459] CPVM
[16:01:44] [238/459] MXBY
[16:01:45] [239/459] FMMA
[16:01:46] [240/459] POVI
[16:01:46] [241/459] MTHB
[16:01:47] [242/459] INRC
[16:01:48] [243/459] PIPP
[16:01:49] [244/459] BMXC
[16:01:49] [245/459] PCMM
[16:01:50] [246/459] PMKM
[16:01:51] [247/459] GATY
[16:01:52] [248/459] IMCM
[16:01:52] [249/459] POPE
[16:01:53] [250/459] MTCR
[16:01:55] [251/459] PVAE
[16:01:56] [252/459] PVMI
[16:01:57] [253/459] CPNM
[16:01:58] [254/459] FMRL
[16:01:58] [255/459] MCIW
[16:02:00] [256/459] MXBO
[16:02:00] [257/459] FMKY
[16:02:01] [258/459] FMDA
[16:02:02] [259/459] THAB
[16:02:03] [260/459] PRCW
[16:02:04] [261/459] PITI
[16:02:05] [262/459] MCFF
[16:02:05] [263/459] PDDV
[16:02:06] [264/459] MCRM
[16:02:07] [265/459] KKMB
[16:02:08] [266/459] INKO
[16:02:08] [267/459] PLXP
[16:02:09] [268/459] MMHA
[16:02:10] [269/459] FMVS
[16:02:11] [270/459] POLM
[16:02:12] [271/459] STER
[16:02:12] [272/459] PVWJ
[16:02:14] [273/459] IMJW
[16:02:15] [274/459] FNAN
[16:02:16] [275/459] CAGL
[16:02:17] [276/459] IPBG
[16:02:18] [277/459] SMFV
[16:02:18] [278/459] MMMR
[16:02:19] [279/459] MMWM
[16:02:20] [280/459] FNCM
[16:02:20] [281/459] MDVA
[16:02:21] [282/459] MMET
[16:02:22] [283/459] MIDO
[16:02:23] [284/459] INNP
[16:02:24] [285/459] MIFU
[16:02:25] [286/459] MMSZ
[16:02:26] [287/459] BMXA
[16:02:28] [288/459] MCAA
[16:02:28] [289/459] SCVP
[16:02:29] [290/459] PLUS
[16:02:30] [291/459] MUCK
[16:02:31] [292/459] MTMA
[16:02:32] [293/459] HPVR
[16:02:33] [294/459] PMPK
[16:02:34] [295/459] MAJB
[16:02:34] [296/459] CTRR
[16:02:35] [297/459] MCTG
[16:02:37] [298/459] MACE
[16:02:38] [299/459] AAAS
[16:02:39] [300/459] CPVV
[16:02:39] [301/459] RCHG
[16:02:40] [302/459] MCNE
[16:02:41] [303/459] EMNC
[16:02:42] [304/459] MCAN
[16:02:43] [305/459] TCDM
[16:02:44] [306/459] IRGT
[16:02:45] [307/459] GCMG
[16:02:46] [308/459] MXSN
[16:02:47] [309/459] MXCK
[16:02:48] [310/459] MCRC
[16:02:49] [311/459] RSMI
[16:02:50] [312/459] WAML
[16:02:50] [313/459] MTSC
[16:02:51] [314/459] FMDR
[16:02:53] [315/459] LEPV
[16:02:53] [316/459] MTGD
[16:02:54] [317/459] IMOB
[16:02:55] [318/459] CLMM
[16:02:56] [319/459] PZCD
[16:02:57] [320/459] GOCS
[16:02:58] [321/459] KCMA
[16:02:58] [322/459] CCMP
[16:02:59] [323/459] MTSU
[16:03:00] [324/459] SNGL
[16:03:01] [325/459] MMMC
[16:03:02] [326/459] MMAA
[16:03:03] [327/459] GCDM
[16:03:04] [328/459] KTMV
[16:03:04] [329/459] AETE
[16:03:05] [330/459] OMCS
[16:03:06] [331/459] GDCD
[16:03:07] [332/459] NYMD
[16:03:08] [333/459] RNCV
[16:03:09] [334/459] KKMT
[16:03:10] [335/459] GDTH
[16:03:11] [336/459] KMMV
[16:03:13] [337/459] NHCG
[16:03:13] [338/459] PJDW
[16:03:14] [339/459] MMCV
[16:03:15] [340/459] FQSA
[16:03:16] [341/459] KURL
[16:03:16] [342/459] NNNX
[16:03:17] [343/459] AMAU
[16:03:18] [344/459] VVVM
[16:03:19] [345/459] VECU
[16:03:20] [346/459] WCVR
[16:03:21] [347/459] MTGG
[16:03:22] [348/459] SGTG
[16:03:23] [349/459] MNTG
[16:03:24] [350/459] JDDG
[16:03:25] [351/459] MBTK
[16:03:26] [352/459] SGCD
[16:03:27] [353/459] MCTC
[16:03:27] [354/459] JTPC
[16:03:28] [355/459] SDKT
[16:03:29] [356/459] KRCC
[16:03:30] [357/459] RMMD
[16:03:30] [358/459] AAME
[16:03:31] [359/459] TMWC
[16:03:32] [360/459] NRWY
[16:03:33] [361/459] CITD
[16:03:34] [362/459] VERD
[16:03:35] [363/459] MKSK
[16:03:36] [364/459] STSM
[16:03:37] [365/459] MJDG
[16:03:37] [366/459] RKPM
[16:03:39] [367/459] SSCE
[16:03:40] [368/459] VMAE
[16:03:41] [369/459] SBRU
[16:03:41] [370/459] AMBC
[16:03:43] [371/459] AMLU
[16:03:45] [372/459] INVZ
[16:03:46] [373/459] LGTV
[16:03:47] [374/459] SVAD
[16:03:47] [375/459] SMSA
[16:03:48] [376/459] SPCZ
[16:03:49] [377/459] GTCX
[16:03:50] [378/459] SCSL
[16:03:51] [379/459] SAHU
[16:03:52] [380/459] NCDA
[16:03:53] [381/459] SCCG
[16:03:54] [382/459] VKTL
[16:03:55] [383/459] PUUJ
[16:03:57] [384/459] STEJ
[16:03:58] [385/459] RJAL
[16:03:59] [386/459] ACJC
[16:04:00] [387/459] VTHC
[16:04:00] [388/459] ARVB
[16:04:01] [389/459] AUBB
[16:04:02] [390/459] GDBR
[16:04:03] [391/459] PVND
[16:04:04] [392/459] BGRJ
[16:04:05] [393/459] RJMM
[16:04:05] [394/459] MCSA
[16:04:06] [395/459] BODA
[16:04:07] [396/459] JAGG
[16:04:08] [397/459] SCGA
[16:04:09] [398/459] LRCM
[16:04:09] [399/459] CPCN
[16:04:11] [400/459] SSTF
[16:04:12] [401/459] SRXP
[16:04:13] [402/459] CNFX
[16:04:14] [403/459] ANDI
[16:04:15] [404/459] SYEW
[16:04:17] [405/459] RCRE
[16:04:18] [406/459] SCRW
[16:04:19] [407/459] MBKR
[16:04:21] [408/459] ASNT
[16:04:22] [409/459] JTMT
[16:04:22] [410/459] SHAY
[16:04:23] [411/459] VRTH
[16:04:24] [412/459] SPTI
[16:04:25] [413/459] DPTD
[16:04:26] [414/459] TGSN
[16:04:27] [415/459] RCWV
[16:04:29] [416/459] OCUR
[16:04:29] [417/459] KSTC
[16:04:30] [418/459] SANI
[16:04:31] [419/459] MLCA
[16:04:32] [420/459] EGCA
[16:04:33] [421/459] SYSN
[16:04:33] [422/459] PKTA
[16:04:34] [423/459] PRCC
[16:04:35] [424/459] KSTR
[16:04:36] [425/459] SNTP
[16:04:37] [426/459] RCHA
[16:04:37] [427/459] SEEA
[16:04:39] [428/459] ALAT
[16:04:39] [429/459] AATV
[16:04:40] [430/459] RJTE
[16:04:42] [431/459] AAPP
[16:04:43] [432/459] PMMH
[16:04:44] [433/459] INRJ
[16:04:44] [434/459] SARB
[16:04:45] [435/459] PCJL
[16:04:47] [436/459] PFJJ
[16:04:48] [437/459] GRDC
[16:04:49] [438/459] BCBA
[16:04:49] [439/459] VIXL
[16:04:51] [440/459] CSTL
[16:04:52] [441/459] MTDK
[16:04:53] [442/459] TDAC
[16:04:54] [443/459] GTDN
[16:04:54] [444/459] TTDE
[16:04:55] [445/459] ASTS
[16:04:56] [446/459] CPNS
[16:04:57] [447/459] PVVW
[16:04:58] [448/459] USEB
[16:04:58] [449/459] DTYN
[16:04:59] [450/459] PVLE
[16:05:00] [451/459] CIPS
[16:05:01] [452/459] PAEG
[16:05:02] [453/459] PTCW
[16:05:03] [454/459] G3SR
[16:05:04] [455/459] PGND
[16:05:05] [456/459] INVM
[16:05:06] [457/459] SPIA
[16:05:07] [458/459] PCSN
[16:05:07] [459/459] PPGV
[16:05:08] 🧹 Deduping shows
[16:05:08] ✅ DONE | Shows=2 | Movies=2
