[18:45:57] 🚀 SCRIPT STARTED
[18:45:57] [1/459] MCCZ
[18:45:57] 🧠 New identity created
[18:45:58] [2/459] FRPU
[18:45:59] [3/459] SKSI
[18:46:00] [4/459] SSCK
[18:46:01] [5/459] SRDC
[18:46:02] [6/459] RSCZ
[18:46:03] [7/459] PRVT
[18:46:03] [8/459] GAGJ
[18:46:04] [9/459] SMHG
[18:46:05] [10/459] JTST
[18:46:06] [11/459] MYTH
[18:46:07] [12/459] JPCC
[18:46:08] [13/459] ACDC
[18:46:08] [14/459] SVFP
[18:46:09] [15/459] SFCM
[18:46:10] [16/459] RUPK
[18:46:11] [17/459] NTCR
[18:46:12] [18/459] RTCH
[18:46:13] [19/459] SCMH
[18:46:14] [20/459] SVYM
[18:46:15] [21/459] SPYM
[18:46:16] [22/459] SMMF
[18:46:16] [23/459] CLLB
[18:46:17] [24/459] FMCB
[18:46:18] [25/459] BBTC
[18:46:19] [26/459] NTHS
[18:46:20] [27/459] PKKJ
[18:46:21] [28/459] MTJA
[18:46:22] [29/459] PMSJ
[18:46:23] [30/459] JMJU
[18:46:24] [31/459] SRAD
[18:46:24] [32/459] MJMC
[18:46:25] [33/459] DFRM
[18:46:27] [34/459] PMRS
[18:46:28] [35/459] RKPP
[18:46:29] [36/459] BMBK
[18:46:29] [37/459] NEWS
[18:46:30] [38/459] SALB
[18:46:32] [39/459] SCPW
[18:46:32] [40/459] RAYL
[18:46:33] [41/459] CMGJ
[18:46:34] [42/459] JRCR
[18:46:35] [43/459] SRTB
[18:46:36] [44/459] ETPB
[18:46:37] [45/459] MXBN
[18:46:38] [46/459] TOPE
[18:46:39] [47/459] SNLJ
[18:46:39] [48/459] CDDP
[18:46:41] [49/459] APCX
[18:46:42] [50/459] TALP
[18:46:42] [51/459] RRMP
[18:46:43] [52/459] MAHB
[18:46:44] [53/459] MTKR
[18:46:45] [54/459] KSKL
[18:46:46] [55/459] RJLT
[18:46:47] [56/459] ATAS
[18:46:48] [57/459] AMHR
[18:46:49] [58/459] RSRM
[18:46:49] [59/459] GCAT
[18:46:50] [60/459] SMML
[18:46:51] [61/459] ACCD
[18:46:52] [62/459] VYDA
[18:46:53] [63/459] MSKT
[18:46:55] [64/459] AVDM
[18:46:55] [65/459] ASMH
[18:46:56] [66/459] VTMB
[18:46:57] [67/459] WVMB
[18:46:58] [68/459] PPMN
[18:46:59] [69/459] MTMD
[18:47:00] [70/459] SMMO
[18:47:01] [71/459] DLPB
[18:47:01] [72/459] AKMD
[18:47:02] [73/459] SHRR
[18:47:03] [74/459] ASCO
[18:47:04] [75/459] CZVX
[18:47:05] [76/459] GCBB
[18:47:06] [77/459] ATBM
[18:47:07] [78/459] TCGM
[18:47:08] [79/459] UMSE
[18:47:09] [80/459] NKCL
[18:47:09] [81/459] BTLR
[18:47:10] [82/459] GOCL
[18:47:11] [83/459] MIRN
[18:47:12] [84/459] THEC
[18:47:12] [85/459] SPPB
[18:47:13] [86/459] PMMM
[18:47:14] [87/459] GGMC
[18:47:15] [88/459] AVSR
[18:47:16] [89/459] RDMH
[18:47:16] [90/459] JSRS
[18:47:17] [91/459] VKGP
[18:47:18] [92/459] ACRT
[18:47:19] [93/459] GCBA
[18:47:20] [94/459] GTCP
[18:47:21] [95/459] AKFC
[18:47:22] [96/459] INCS
[18:47:22] [97/459] SMCK
[18:47:23] [98/459] BRUN
[18:47:25] [99/459] RPPC
[18:47:25] [100/459] PAYD
[18:47:26] [101/459] SVVT
[18:47:27] [102/459] RNCC
[18:47:28] [103/459] PCRC
[18:47:29] [104/459] PMRM
[18:47:30] [105/459] CCRP
[18:47:31] [106/459] INCR
[18:47:31] [107/459] ZTMP
[18:47:32] [108/459] MCNR
[18:47:33] [109/459] INRP
[18:47:33] [110/459] STRC
[18:47:34] [111/459] RATI
[18:47:35] [112/459] PBTR
[18:47:37] [113/459] CMHP
[18:47:38] [114/459] ZECJ
[18:47:40] [115/459] CCCB
[18:47:40] [116/459] BWCB
[18:47:41] [117/459] CCAT
[18:47:42] [118/459] KGCM
[18:47:43] [119/459] INPT
[18:47:44] [120/459] FNCO
[18:47:45] [121/459] SRMJ
[18:47:46] [122/459] PFSC
[18:47:46] [123/459] PBMC
[18:47:47] [124/459] KARP
[18:47:48] [125/459] KOVI
[18:47:49] [126/459] ACXL
[18:47:50] [127/459] GKCC
[18:47:51] [128/459] ASCC
[18:47:52] [129/459] SETC
[18:47:53] [130/459] KACC
[18:47:54] [131/459] KAVE
[18:47:55] [132/459] CNTC
[18:47:56] [133/459] MEEN
[18:47:57] [134/459] BMRV
[18:47:58] [135/459] SVAM
[18:47:59] [136/459] VTBP
[18:48:00] [137/459] VCKN
[18:48:01] [138/459] SGTK
[18:48:02] [139/459] RCGS
[18:48:03] [140/459] RCCB
[18:48:04] [141/459] RKSR
[18:48:05] [142/459] RKCU
[18:48:05] [143/459] GIBH
[18:48:06] [144/459] CXBS
[18:48:07] [145/459] GGCB
[18:48:08] [146/459] SCPB
[18:48:09] [147/459] AKTB
[18:48:10] [148/459] SRBU
[18:48:11] [149/459] CSSA
[18:48:12] [150/459] MYAN
[18:48:12] [151/459] EXCA
[18:48:14] [152/459] CKSA
[18:48:15] [153/459] JTNM
[18:48:16] [154/459] CXKT
[18:48:17] [155/459] NCLM
[18:48:18] [156/459] JAAD
[18:48:19] [157/459] RDCR
[18:48:20] [158/459] MEER
[18:48:20] [159/459] SIBT
[18:48:21] [160/459] PVVB
[18:48:22] [161/459] FNPN
[18:48:23] [162/459] CRPX
[18:48:24] [163/459] STET
[18:48:25] [164/459] METE
[18:48:26] [165/459] BJML
[18:48:27] [166/459] MAVT
[18:48:28] [167/459] MSRM
[18:48:29] [168/459] TJMP
[18:48:31] [169/459] MHCK
[18:48:31] [170/459] SVGP
[18:48:32] [171/459] KRRC
[18:48:33] [172/459] IMCH
[18:48:34] [173/459] CMCS
[18:48:35] [174/459] SGND
[18:48:37] [175/459] RNAT
[18:48:38] [176/459] PRTN
[18:48:39] [177/459] MPTN
[18:48:40] [178/459] ARCC
[18:48:40] [179/459] NTTE
[18:48:41] [180/459] ABND
[18:48:42] [181/459] KCSN
[18:48:43] [182/459] KCSA
[18:48:43] [183/459] DCKT
[18:48:44] [184/459] MBBR
[18:48:45] [185/459] RAMU
[18:48:46] [186/459] RACW
[18:48:47] [187/459] MCHP
[18:48:47] [188/459] TMHM
[18:48:48] [189/459] STXH
[18:48:49] [190/459] AGSG
[18:48:49] [191/459] SIRA
[18:48:50] [192/459] RCAN
[18:48:51] [193/459] CWTB
[18:48:52] [194/459] VTYM
[18:48:53] [195/459] RRPP
[18:48:54] [196/459] ASMR
[18:48:55] [197/459] RONO
[18:48:56] [198/459] MEMR
[18:48:57] [199/459] CTMR
[18:48:58] [200/459] PMTT
[18:48:58] [201/459] PSLX
[18:49:00] [202/459] IPPL
[18:49:01] [203/459] MMSG
[18:49:02] [204/459] INEL
[18:49:03] [205/459] COAC
[18:49:04] [206/459] WVLK
[18:49:05] [207/459] PPXL
[18:49:06] [208/459] PSML
[18:49:06] [209/459] FNLK
[18:49:07] [210/459] ILUM
[18:49:08] [211/459] ILCM
[18:49:09] [212/459] MSNL
[18:49:10] [213/459] VINB
[18:49:10] [214/459] SALW
[18:49:11] [215/459] PRTB
[18:49:12] [216/459] NCIL
[18:49:13] [217/459] PSUL
[18:49:14] [218/459] SCLK
[18:49:14] [219/459] ADDC
[18:49:15] [220/459] OACL
[18:49:16] [221/459] OOCF
[18:49:17] [222/459] GPMF
[18:49:18] [223/459] SSDG
[18:49:19] [224/459] SKRS
[18:49:20] [225/459] NTTP
[18:49:21] [226/459] SLTP
[18:49:21] [227/459] JTLC
[18:49:22] [228/459] POON
[18:49:23] [229/459] CCPC
[18:49:24] [230/459] DCKC
[18:49:24] [231/459] CPRT
[18:49:25] [232/459] EYHZ
[18:49:26] [233/459] ARBL
[18:49:27] [234/459] SBTB
[18:49:27] [235/459] MMCK
[18:49:28] [236/459] PLMR
[18:49:29] [237/459] BIJH
[18:49:30] [238/459] SDRT
[18:49:31] [239/459] PRDC
[18:49:32] [240/459] OMJA
[18:49:33] [241/459] VKCR
[18:49:34] [242/459] ATRT
[18:49:35] [243/459] WVRP
[18:49:36] [244/459] MVRP
[18:49:37] [245/459] FCAX
[18:49:38] [246/459] CTLC
[18:49:39] [247/459] JCHB
[18:49:40] [248/459] SELP
[18:49:40] [249/459] VCPG
[18:49:41] [250/459] ASCX
[18:49:42] [251/459] EOCS
[18:49:43] [252/459] RCPH
[18:49:45] [253/459] RJTM
[18:49:45] [254/459] SGMD
[18:49:46] [255/459] SVJT
[18:49:47] [256/459] SPPO
[18:49:48] [257/459] MNRL
[18:49:49] [258/459] KNOX
[18:49:49] [259/459] GIER
[18:49:51] [260/459] PJMS
[18:49:52] [261/459] UNSP
[18:49:52] [262/459] JETP
[18:49:53] [263/459] VTWA
[18:49:54] [264/459] SCJI
[18:49:56] [265/459] CBZZ
[18:49:57] [266/459] SDCJ
[18:49:58] [267/459] RRCC
[18:49:59] [268/459] VNKG
[18:49:59] [269/459] LKTO
[18:50:00] [270/459] PJRM
[18:50:01] [271/459] NVRM
[18:50:02] [272/459] SJCS
[18:50:03] [273/459] VIGK
[18:50:04] [274/459] ANST
[18:50:04] [275/459] JTTS
[18:50:05] [276/459] NTST
[18:50:06] [277/459] PREB
[18:50:07] [278/459] TSCZ
[18:50:08] [279/459] CDCM
[18:50:09] [280/459] ELYE
[18:50:09] [281/459] INBS
[18:50:10] [282/459] SMGC
[18:50:11] [283/459] UTMP
[18:50:12] [284/459] INTA
[18:50:13] [285/459] OMPT
[18:50:14] [286/459] SCIR
[18:50:14] [287/459] GCKJ
[18:50:15] [288/459] INOG
[18:50:16] [289/459] SMGB
[18:50:17] [290/459] MCSG
[18:50:18] [291/459] STKG
[18:50:19] [292/459] TTKG
[18:50:20] [293/459] SRTR
[18:50:21] [294/459] ETTR
[18:50:21] [295/459] GGGZ
[18:50:22] [296/459] IPGM
[18:50:23] [297/459] FCDH
[18:50:24] [298/459] DESB
[18:50:25] [299/459] VNTP
[18:50:26] [300/459] ANNT
[18:50:27] [301/459] SLTI
[18:50:28] [302/459] MAJU
[18:50:28] [303/459] JCXP
[18:50:29] [304/459] HARK
[18:50:30] [305/459] JPCJ
[18:50:31] [306/459] RXBD
[18:50:32] [307/459] PTKJ
[18:50:33] [308/459] CMTU
[18:50:34] [309/459] SWOR
[18:50:34] [310/459] JMEX
[18:50:35] [311/459] DTPT
[18:50:36] [312/459] VGMM
[18:50:37] [313/459] VCSG
[18:50:38] [314/459] CVCG
[18:50:38] [315/459] TNTT
[18:50:39] [316/459] SHRM
[18:50:40] [317/459] CGKD
[18:50:41] [318/459] EKCM
[18:50:42] [319/459] SDCX
[18:50:43] [320/459] SBTE
[18:50:44] [321/459] STKJ
[18:50:45] [322/459] TPCE
[18:50:46] [323/459] JTNP
[18:50:47] [324/459] LPCH
[18:50:47] [325/459] CPUO
[18:50:48] [326/459] APSU
[18:50:49] [327/459] RTHC
[18:50:50] [328/459] PTBU
[18:50:51] [329/459] CUCC
[18:50:52] [330/459] CPSA
[18:50:52] [331/459] SUAY
[18:50:53] [332/459] AYAA
[18:50:54] [333/459] MUCH
[18:50:55] [334/459] PCIN
[18:50:56] [335/459] JRRM
[18:50:57] [336/459] KATS
[18:50:57] [337/459] MHFF
[18:50:58] [338/459] ESYM
[18:50:59] [339/459] STYV
[18:51:00] [340/459] SDKG
[18:51:01] [341/459] SMTI
[18:51:02] [342/459] NYCS
[18:51:02] [343/459] MTBG
[18:51:03] [344/459] RHCA
[18:51:04] [345/459] PCKH
[18:51:05] [346/459] ARCR
[18:51:06] [347/459] NCMB
[18:51:07] [348/459] SHYC
[18:51:08] [349/459] LACK
[18:51:09] [350/459] MTCM
[18:51:10] [351/459] RRBN
[18:51:11] [352/459] MYDC
[18:51:11] [353/459] STCS
[18:51:12] [354/459] CONN
[18:51:13] [355/459] SIPS
[18:51:14] [356/459] SMMX
[18:51:15] [357/459] SCBY
[18:51:16] [358/459] SUAP
[18:51:17] [359/459] RSMK
[18:51:17] [360/459] STKP
[18:51:18] [361/459] CIPC
[18:51:19] [362/459] KKCI
[18:51:20] [363/459] CTNK
[18:51:21] [364/459] MMTZ
[18:51:23] [365/459] DCCO
[18:51:23] [366/459] VNMN
[18:51:24] [367/459] RLCN
[18:51:25] [368/459] CMMS
[18:51:26] [369/459] AYOU
[18:51:27] [370/459] SSCN
[18:51:28] [371/459] SMXN
[18:51:29] [372/459] ASSK
[18:51:30] [373/459] VCKM
[18:51:31] [374/459] PCPH
[18:51:32] [375/459] PADM
[18:51:33] [376/459] IESA
[18:51:34] [377/459] VCSP
[18:51:35] [378/459] AEST
[18:51:35] [379/459] VTNR
[18:51:36] [380/459] GTTA
[18:51:38] [381/459] CMMM
[18:51:38] [382/459] AHKT
[18:51:39] [383/459] SIJI
[18:51:40] [384/459] VCEI
[18:51:41] [385/459] SAKR
[18:51:41] [386/459] VSMT
[18:51:42] [387/459] SSCT
[18:51:43] [388/459] USTR
[18:51:44] [389/459] MTKT
[18:51:45] [390/459] TGMP
[18:51:45] [391/459] SIVC
[18:51:46] [392/459] KICT
[18:51:47] [393/459] DAMD
[18:51:48] [394/459] CNPT
[18:51:49] [395/459] RVTT
[18:51:50] [396/459] SNCM
[18:51:51] [397/459] GHTE
[18:51:51] [398/459] PPAM
[18:51:53] [399/459] PVAA
[18:51:54] [400/459] CPAO
[18:51:55] [401/459] HAMD
[18:51:55] [402/459] RCCA
[18:51:56] [403/459] MPCH
[18:51:57] [404/459] ARED
[18:51:58] [405/459] RRCV
[18:51:59] [406/459] MTRB
[18:51:59] [407/459] CKUA
[18:52:01] [408/459] ABMP
[18:52:02] [409/459] RCWA
[18:52:03] [410/459] CGAR
[18:52:04] [411/459] METH
[18:52:04] [412/459] WAGA
[18:52:06] [413/459] MCMA
[18:52:07] [414/459] CSMP
[18:52:07] [415/459] RCNK
[18:52:08] [416/459] PSTM
[18:52:09] [417/459] CSEP
[18:52:10] [418/459] AMGD
[18:52:10] [419/459] CSTE
[18:52:12] [420/459] CONS
[18:52:13] [421/459] APPX
[18:52:14] [422/459] MABC
[18:52:15] [423/459] CXST
[18:52:16] [424/459] MATN
[18:52:17] [425/459] MACZ
[18:52:18] [426/459] MASA
[18:52:19] [427/459] MBSX
[18:52:20] [428/459] CSST
[18:52:20] [429/459] APCL
[18:52:21] [430/459] CGOS
[18:52:22] [431/459] CPEC
[18:52:23] [432/459] MCCP
[18:52:24] [433/459] BSSO
[18:52:25] [434/459] SJKA
[18:52:26] [435/459] CGBO
[18:52:27] [436/459] MVSK
[18:52:27] [437/459] HVCA
[18:52:28] [438/459] NAMD
[18:52:29] [439/459] DEVI
[18:52:30] [440/459] SCSV
[18:52:31] [441/459] PSMA
[18:52:32] [442/459] CLDJ
[18:52:32] [443/459] NMAD
[18:52:33] [444/459] CGMO
[18:52:34] [445/459] MCNA
[18:52:36] [446/459] OCBN
[18:52:37] [447/459] CPEM
[18:52:38] [448/459] CPSM
[18:52:38] [449/459] RCAD
[18:52:39] [450/459] CPMU
[18:52:40] [451/459] DICD
[18:52:41] [452/459] CHOE
[18:52:42] [453/459] PDJM
[18:52:43] [454/459] SSTU
[18:52:43] [455/459] VNRN
[18:52:45] [456/459] PVLG
[18:52:46] [457/459] SWBL
[18:52:46] [458/459] SCAB
[18:52:47] [459/459] RDDA
[18:52:48] 🧹 Deduping shows
[18:52:48] ✅ DONE | Shows=1 | Movies=1
