[15:44:11] 🚀 SCRIPT STARTED
[15:44:11] [1/296] CDCA
[15:44:11] 🧠 New identity created
[15:44:12] [2/296] MNSR
[15:44:13] [3/296] CSSL
[15:44:14] [4/296] BGGM
[15:44:14] [5/296] MANT
[15:44:15] [6/296] SOOY
[15:44:16] [7/296] VPPK
[15:44:17] [8/296] MYHJ
[15:44:18] [9/296] KSCK
[15:44:19] [10/296] KATK
[15:44:19] [11/296] RTRT
[15:44:20] [12/296] SSTT
[15:44:21] [13/296] SSTV
[15:44:22] [14/296] LACM
[15:44:23] [15/296] SGMG
[15:44:23] [16/296] KACX
[15:44:24] [17/296] GVCP
[15:44:25] [18/296] CSNC
[15:44:26] [19/296] SXCB
[15:44:26] [20/296] BAHS
[15:44:28] [21/296] PCBI
[15:44:29] [22/296] PSSM
[15:44:31] [23/296] RCOK
[15:44:32] [24/296] SCPF
[15:44:33] [25/296] SSAS
[15:44:34] [26/296] EVMM
[15:44:35] [27/296] SYCB
[15:44:36] [28/296] GCKI
[15:44:37] [29/296] IAET
[15:44:37] [30/296] DDTD
[15:44:38] [31/296] GMDH
[15:44:39] [32/296] STLE
[15:44:40] [33/296] JTRA
[15:44:41] [34/296] RPPA
[15:44:42] [35/296] ARUT
[15:44:43] [36/296] JTVM
[15:44:44] [37/296] SWRH
[15:44:45] [38/296] DCPC
[15:44:46] [39/296] RAPR
[15:44:47] [40/296] GCRT
[15:44:48] [41/296] ATUN
[15:44:50] [42/296] LTRM
[15:44:50] [43/296] TASR
[15:44:52] [44/296] RLLC
[15:44:53] [45/296] MABI
[15:44:54] [46/296] SVHB
[15:44:55] [47/296] NVTB
[15:44:55] [48/296] KCKG
[15:44:56] [49/296] SSRN
[15:44:57] [50/296] VDDC
[15:44:58] [51/296] GKTK
[15:44:59] [52/296] YFSN
[15:45:00] [53/296] GCSG
[15:45:01] [54/296] ESSM
[15:45:01] [55/296] KRIH
[15:45:02] [56/296] GCDS
[15:45:03] [57/296] CCSH
[15:45:04] [58/296] ACSK
[15:45:05] [59/296] APRK
[15:45:05] [60/296] ADKM
[15:45:06] [61/296] SRDM
[15:45:07] [62/296] RMOG
[15:45:08] [63/296] SJMY
[15:45:09] [64/296] PGGC
[15:45:10] [65/296] INGM
[15:45:10] [66/296] LSCB
[15:45:11] [67/296] STAD
[15:45:12] [68/296] MCCR
[15:45:12] [69/296] ABCC
[15:45:13] [70/296] RKCC
[15:45:14] [71/296] RTCR
[15:45:15] [72/296] GGBC
[15:45:16] [73/296] GCSD
[15:45:17] [74/296] LPTY
[15:45:18] [75/296] MCFD
[15:45:19] [76/296] HENN
[15:45:20] [77/296] SMKU
[15:45:21] [78/296] TNZC
[15:45:22] [79/296] DRCD
[15:45:24] [80/296] DLCD
[15:45:24] [81/296] RCDA
[15:45:25] [82/296] COSM
[15:45:26] [83/296] MCMJ
[15:45:27] [84/296] CSTR
[15:45:27] [85/296] CVDK
[15:45:28] [86/296] INRR
[15:45:29] [87/296] RJRT
[15:45:30] [88/296] IRMR
[15:45:31] [89/296] SRCF
[15:45:31] [90/296] GRCR
[15:45:32] [91/296] SURC
[15:45:33] [92/296] NMNH
[15:45:34] [93/296] SVBL
[15:45:35] [94/296] KACI
[15:45:35] [95/296] TDGO
[15:45:36] [96/296] KTBR
[15:45:37] [97/296] PMAD
[15:45:38] [98/296] CCPN
[15:45:39] [99/296] SBTK
[15:45:40] [100/296] LMDK
[15:45:40] [101/296] PGDA
[15:45:41] [102/296] SRML
[15:45:42] [103/296] EVCK
[15:45:43] [104/296] RTTK
[15:45:43] [105/296] SRTU
[15:45:44] [106/296] VRSA
[15:45:45] [107/296] VARS
[15:45:46] [108/296] DSCZ
[15:45:47] [109/296] GAGA
[15:45:47] [110/296] SARV
[15:45:48] [111/296] SEEG
[15:45:49] [112/296] GLCA
[15:45:50] [113/296] APAS
[15:45:50] [114/296] VCIA
[15:45:51] [115/296] SJTA
[15:45:52] [116/296] SABM
[15:45:53] [117/296] PPAG
[15:45:53] [118/296] RVCA
[15:45:54] [119/296] CCIA
[15:45:56] [120/296] HTAG
[15:45:56] [121/296] SMBI
[15:45:57] [122/296] MCJR
[15:45:58] [123/296] CCJR
[15:45:59] [124/296] SINF
[15:46:00] [125/296] CPLX
[15:46:00] [126/296] KKTJ
[15:46:01] [127/296] GDBW
[15:46:02] [128/296] CSUB
[15:46:03] [129/296] DABA
[15:46:03] [130/296] TITR
[15:46:04] [131/296] NYCR
[15:46:05] [132/296] RTRY
[15:46:06] [133/296] JTJL
[15:46:07] [134/296] SJCP
[15:46:08] [135/296] KCCA
[15:46:09] [136/296] MLPG
[15:46:09] [137/296] VRCK
[15:46:10] [138/296] SRIN
[15:46:12] [139/296] CXMK
[15:46:12] [140/296] SKAD
[15:46:13] [141/296] AVTR
[15:46:14] [142/296] PTAJ
[15:46:15] [143/296] SCNK
[15:46:16] [144/296] STTI
[15:46:16] [145/296] KACR
[15:46:17] [146/296] SSDX
[15:46:18] [147/296] VRTJ
[15:46:20] [148/296] RAJD
[15:46:21] [149/296] SCIP
[15:46:22] [150/296] RJSL
[15:46:23] [151/296] ARRS
[15:46:23] [152/296] ASMS
[15:46:24] [153/296] RDTS
[15:46:25] [154/296] DVMY
[15:46:26] [155/296] RASA
[15:46:27] [156/296] INOM
[15:46:28] [157/296] SPRS
[15:46:28] [158/296] SGCS
[15:46:29] [159/296] SALM
[15:46:30] [160/296] PKHC
[15:46:31] [161/296] RCSV
[15:46:32] [162/296] CPKC
[15:46:33] [163/296] AACD
[15:46:34] [164/296] GGCV
[15:46:34] [165/296] SMKD
[15:46:35] [166/296] NBCH
[15:46:36] [167/296] AMCB
[15:46:38] [168/296] OPCN
[15:46:39] [169/296] DCIN
[15:46:39] [170/296] INGW
[15:46:40] [171/296] PKKW
[15:46:41] [172/296] FNGW
[15:46:42] [173/296] GCGD
[15:46:42] [174/296] MSTW
[15:46:43] [175/296] KCCG
[15:46:44] [176/296] MRSS
[15:46:45] [177/296] CLCF
[15:46:46] [178/296] EETS
[15:46:46] [179/296] AATR
[15:46:47] [180/296] CMMN
[15:46:48] [181/296] SCCJ
[15:46:49] [182/296] CDTK
[15:46:49] [183/296] AICP
[15:46:50] [184/296] FNBP
[15:46:51] [185/296] CBPB
[15:46:52] [186/296] CPAS
[15:46:52] [187/296] MAPM
[15:46:53] [188/296] PASD
[15:46:55] [189/296] JCMN
[15:46:56] [190/296] MALB
[15:46:56] [191/296] SACG
[15:46:57] [192/296] DDRX
[15:46:58] [193/296] DDXB
[15:47:00] [194/296] RAMC
[15:47:00] [195/296] SANC
[15:47:01] [196/296] BCBP
[15:47:02] [197/296] ALPC
[15:47:03] [198/296] RBAC
[15:47:03] [199/296] RAJL
[15:47:04] [200/296] MPDX
[15:47:05] [201/296] MUSC
[15:47:06] [202/296] VKMK
[15:47:07] [203/296] SKCG
[15:47:07] [204/296] ANCN
[15:47:08] [205/296] MMCJ
[15:47:09] [206/296] DCAK
[15:47:10] [207/296] SCKG
[15:47:11] [208/296] LMCK
[15:47:11] [209/296] CKKX
[15:47:12] [210/296] ANKU
[15:47:13] [211/296] CSMD
[15:47:14] [212/296] MKMP
[15:47:15] [213/296] SVBG
[15:47:15] [214/296] ROOP
[15:47:16] [215/296] GDMT
[15:47:17] [216/296] FPPF
[15:47:17] [217/296] SFUU
[15:47:18] [218/296] ANCB
[15:47:19] [219/296] SMMC
[15:47:20] [220/296] UGKT
[15:47:21] [221/296] JVRM
[15:47:21] [222/296] BATG
[15:47:22] [223/296] RATE
[15:47:23] [224/296] SKME
[15:47:25] [225/296] LMTP
[15:47:25] [226/296] TCBD
[15:47:26] [227/296] ESBD
[15:47:27] [228/296] GDCU
[15:47:28] [229/296] SNKT
[15:47:29] [230/296] SRNK
[15:47:30] [231/296] SMED
[15:47:31] [232/296] CSQS
[15:47:32] [233/296] ALCS
[15:47:33] [234/296] KCKN
[15:47:34] [235/296] VCCL
[15:47:35] [236/296] MCDA
[15:47:35] [237/296] SHMI
[15:47:36] [238/296] SKHA
[15:47:37] [239/296] SVFK
[15:47:38] [240/296] INVB
[15:47:38] [241/296] MELD
[15:47:39] [242/296] JTYS
[15:47:40] [243/296] INCM
[15:47:41] [244/296] MCDV
[15:47:42] [245/296] KSGK
[15:47:42] [246/296] ICMG
[15:47:43] [247/296] CSCV
[15:47:44] [248/296] STMD
[15:47:45] [249/296] STTR
[15:47:46] [250/296] INVC
[15:47:47] [251/296] JTBL
[15:47:48] [252/296] SRVV
[15:47:48] [253/296] MAVC
[15:47:49] [254/296] SRPP
[15:47:50] [255/296] JGDM
[15:47:50] [256/296] MBSJ
[15:47:51] [257/296] SSLL
[15:47:52] [258/296] SLKP
[15:47:53] [259/296] NSRV
[15:47:53] [260/296] UTDV
[15:47:54] [261/296] KICM
[15:47:55] [262/296] KCMD
[15:47:56] [263/296] TTPP
[15:47:56] [264/296] KMPV
[15:47:57] [265/296] SKTV
[15:47:58] [266/296] STCV
[15:47:59] [267/296] SRDA
[15:48:00] [268/296] JTSX
[15:48:01] [269/296] STBV
[15:48:02] [270/296] APVZ
[15:48:03] [271/296] GSTV
[15:48:04] [272/296] NMVS
[15:48:05] [273/296] SKRT
[15:48:06] [274/296] RMDV
[15:48:07] [275/296] RATG
[15:48:08] [276/296] SJYV
[15:48:09] [277/296] NDGP
[15:48:10] [278/296] SNDG
[15:48:11] [279/296] INSR
[15:48:11] [280/296] INSO
[15:48:12] [281/296] CCSI
[15:48:13] [282/296] RASM
[15:48:14] [283/296] NEWC
[15:48:15] [284/296] VSHL
[15:48:16] [285/296] BISW
[15:48:17] [286/296] GCNG
[15:48:18] [287/296] CWSC
[15:48:18] [288/296] SKAN
[15:48:19] [289/296] SEHP
[15:48:20] [290/296] CCOA
[15:48:21] [291/296] MCAJ
[15:48:22] [292/296] ACDE
[15:48:23] [293/296] AACM
[15:48:24] [294/296] JJCK
[15:48:25] [295/296] RCMO
[15:48:25] [296/296] GDAW
[15:48:26] 🧹 Deduping shows
[15:48:26] ✅ DONE | Shows=4 | Movies=1
[15:58:07] 🚀 SCRIPT STARTED
[15:58:07] [1/296] CDCA
[15:58:07] 🧠 New identity created
[15:58:08] [2/296] MNSR
[15:58:08] [3/296] CSSL
[15:58:09] [4/296] BGGM
[15:58:10] [5/296] MANT
[15:58:11] [6/296] SOOY
[15:58:12] [7/296] VPPK
[15:58:13] [8/296] MYHJ
[15:58:14] [9/296] KSCK
[15:58:15] [10/296] KATK
[15:58:16] [11/296] RTRT
[15:58:16] [12/296] SSTT
[15:58:17] [13/296] SSTV
[15:58:18] [14/296] LACM
[15:58:19] [15/296] SGMG
[15:58:20] [16/296] KACX
[15:58:20] [17/296] GVCP
[15:58:21] [18/296] CSNC
[15:58:22] [19/296] SXCB
[15:58:23] [20/296] BAHS
[15:58:24] [21/296] PCBI
[15:58:24] [22/296] PSSM
[15:58:25] [23/296] RCOK
[15:58:26] [24/296] SCPF
[15:58:27] [25/296] SSAS
[15:58:28] [26/296] EVMM
[15:58:28] [27/296] SYCB
[15:58:29] [28/296] GCKI
[15:58:30] [29/296] IAET
[15:58:31] [30/296] DDTD
[15:58:32] [31/296] GMDH
[15:58:33] [32/296] STLE
[15:58:33] [33/296] JTRA
[15:58:34] [34/296] RPPA
[15:58:35] [35/296] ARUT
[15:58:36] [36/296] JTVM
[15:58:36] [37/296] SWRH
[15:58:37] [38/296] DCPC
[15:58:38] [39/296] RAPR
[15:58:39] [40/296] GCRT
[15:58:40] [41/296] ATUN
[15:58:41] [42/296] LTRM
[15:58:42] [43/296] TASR
[15:58:43] [44/296] RLLC
[15:58:43] [45/296] MABI
[15:58:44] [46/296] SVHB
[15:58:45] [47/296] NVTB
[15:58:47] [48/296] KCKG
[15:58:48] [49/296] SSRN
[15:58:48] [50/296] VDDC
[15:58:49] [51/296] GKTK
[15:58:50] [52/296] YFSN
[15:58:51] [53/296] GCSG
[15:58:52] [54/296] ESSM
[15:58:53] [55/296] KRIH
[15:58:54] [56/296] GCDS
[15:58:55] [57/296] CCSH
[15:58:56] [58/296] ACSK
[15:58:56] [59/296] APRK
[15:58:57] [60/296] ADKM
[15:58:58] [61/296] SRDM
[15:58:59] [62/296] RMOG
[15:58:59] [63/296] SJMY
[15:59:00] [64/296] PGGC
[15:59:01] [65/296] INGM
[15:59:02] [66/296] LSCB
[15:59:03] [67/296] STAD
[15:59:04] [68/296] MCCR
[15:59:04] [69/296] ABCC
[15:59:05] [70/296] RKCC
[15:59:06] [71/296] RTCR
[15:59:07] [72/296] GGBC
[15:59:08] [73/296] GCSD
[15:59:09] [74/296] LPTY
[15:59:10] [75/296] MCFD
[15:59:10] [76/296] HENN
[15:59:11] [77/296] SMKU
[15:59:13] [78/296] TNZC
[15:59:13] [79/296] DRCD
[15:59:14] [80/296] DLCD
[15:59:15] [81/296] RCDA
[15:59:16] [82/296] COSM
[15:59:17] [83/296] MCMJ
[15:59:17] [84/296] CSTR
[15:59:18] [85/296] CVDK
[15:59:19] [86/296] INRR
[15:59:20] [87/296] RJRT
[15:59:21] [88/296] IRMR
[15:59:22] [89/296] SRCF
[15:59:23] [90/296] GRCR
[15:59:24] [91/296] SURC
[15:59:25] [92/296] NMNH
[15:59:26] [93/296] SVBL
[15:59:26] [94/296] KACI
[15:59:27] [95/296] TDGO
[15:59:28] [96/296] KTBR
[15:59:29] [97/296] PMAD
[15:59:30] [98/296] CCPN
[15:59:32] [99/296] SBTK
[15:59:33] [100/296] LMDK
[15:59:33] [101/296] PGDA
[15:59:35] [102/296] SRML
[15:59:36] [103/296] EVCK
[15:59:37] [104/296] RTTK
[15:59:38] [105/296] SRTU
[15:59:39] [106/296] VRSA
[15:59:40] [107/296] VARS
[15:59:41] [108/296] DSCZ
[15:59:42] [109/296] GAGA
[15:59:43] [110/296] SARV
[15:59:44] [111/296] SEEG
[15:59:45] [112/296] GLCA
[15:59:46] [113/296] APAS
[15:59:47] [114/296] VCIA
[15:59:47] [115/296] SJTA
[15:59:48] [116/296] SABM
[15:59:49] [117/296] PPAG
[15:59:50] [118/296] RVCA
[15:59:51] [119/296] CCIA
[15:59:52] [120/296] HTAG
[15:59:52] [121/296] SMBI
[15:59:53] [122/296] MCJR
[15:59:55] [123/296] CCJR
[15:59:56] [124/296] SINF
[15:59:56] [125/296] CPLX
[15:59:57] [126/296] KKTJ
[15:59:58] [127/296] GDBW
[15:59:59] [128/296] CSUB
[16:00:00] [129/296] DABA
[16:00:01] [130/296] TITR
[16:00:01] [131/296] NYCR
[16:00:02] [132/296] RTRY
[16:00:03] [133/296] JTJL
[16:00:04] [134/296] SJCP
[16:00:05] [135/296] KCCA
[16:00:06] [136/296] MLPG
[16:00:06] [137/296] VRCK
[16:00:07] [138/296] SRIN
[16:00:08] [139/296] CXMK
[16:00:09] [140/296] SKAD
[16:00:10] [141/296] AVTR
[16:00:10] [142/296] PTAJ
[16:00:11] [143/296] SCNK
[16:00:12] [144/296] STTI
[16:00:13] [145/296] KACR
[16:00:14] [146/296] SSDX
[16:00:14] [147/296] VRTJ
[16:00:15] [148/296] RAJD
[16:00:16] [149/296] SCIP
[16:00:17] [150/296] RJSL
[16:00:18] [151/296] ARRS
[16:00:18] [152/296] ASMS
[16:00:19] [153/296] RDTS
[16:00:20] [154/296] DVMY
[16:00:21] [155/296] RASA
[16:00:22] [156/296] INOM
[16:00:23] [157/296] SPRS
[16:00:23] [158/296] SGCS
[16:00:24] [159/296] SALM
[16:00:25] [160/296] PKHC
[16:00:26] [161/296] RCSV
[16:00:26] [162/296] CPKC
[16:00:27] [163/296] AACD
[16:00:28] [164/296] GGCV
[16:00:29] [165/296] SMKD
[16:00:30] [166/296] NBCH
[16:00:30] [167/296] AMCB
[16:00:31] [168/296] OPCN
[16:00:33] [169/296] DCIN
[16:00:34] [170/296] INGW
[16:00:35] [171/296] PKKW
[16:00:35] [172/296] FNGW
[16:00:36] [173/296] GCGD
[16:00:37] [174/296] MSTW
[16:00:38] [175/296] KCCG
[16:00:39] [176/296] MRSS
[16:00:39] [177/296] CLCF
[16:00:40] [178/296] EETS
[16:00:41] [179/296] AATR
[16:00:42] [180/296] CMMN
[16:00:42] [181/296] SCCJ
[16:00:43] [182/296] CDTK
[16:00:44] [183/296] AICP
[16:00:45] [184/296] FNBP
[16:00:46] [185/296] CBPB
[16:00:46] [186/296] CPAS
[16:00:47] [187/296] MAPM
[16:00:48] [188/296] PASD
[16:00:49] [189/296] JCMN
[16:00:49] [190/296] MALB
[16:00:51] [191/296] SACG
[16:00:51] [192/296] DDRX
[16:00:52] [193/296] DDXB
[16:00:53] [194/296] RAMC
[16:00:54] [195/296] SANC
[16:00:55] [196/296] BCBP
[16:00:56] [197/296] ALPC
[16:00:57] [198/296] RBAC
[16:00:58] [199/296] RAJL
[16:00:58] [200/296] MPDX
[16:00:59] [201/296] MUSC
[16:01:00] [202/296] VKMK
[16:01:01] [203/296] SKCG
[16:01:02] [204/296] ANCN
[16:01:02] [205/296] MMCJ
[16:01:03] [206/296] DCAK
[16:01:04] [207/296] SCKG
[16:01:05] [208/296] LMCK
[16:01:06] [209/296] CKKX
[16:01:07] [210/296] ANKU
[16:01:07] [211/296] CSMD
[16:01:08] [212/296] MKMP
[16:01:09] [213/296] SVBG
[16:01:10] [214/296] ROOP
[16:01:11] [215/296] GDMT
[16:01:12] [216/296] FPPF
[16:01:13] [217/296] SFUU
[16:01:13] [218/296] ANCB
[16:01:14] [219/296] SMMC
[16:01:15] [220/296] UGKT
[16:01:16] [221/296] JVRM
[16:01:16] [222/296] BATG
[16:01:17] [223/296] RATE
[16:01:18] [224/296] SKME
[16:01:19] [225/296] LMTP
[16:01:20] [226/296] TCBD
[16:01:21] [227/296] ESBD
[16:01:22] [228/296] GDCU
[16:01:23] [229/296] SNKT
[16:01:24] [230/296] SRNK
[16:01:26] [231/296] SMED
[16:01:27] [232/296] CSQS
[16:01:28] [233/296] ALCS
[16:01:28] [234/296] KCKN
[16:01:29] [235/296] VCCL
[16:01:30] [236/296] MCDA
[16:01:30] [237/296] SHMI
[16:01:31] [238/296] SKHA
[16:01:32] [239/296] SVFK
[16:01:33] [240/296] INVB
[16:01:34] [241/296] MELD
[16:01:35] [242/296] JTYS
[16:01:36] [243/296] INCM
[16:01:37] [244/296] MCDV
[16:01:38] [245/296] KSGK
[16:01:39] [246/296] ICMG
[16:01:40] [247/296] CSCV
[16:01:41] [248/296] STMD
[16:01:42] [249/296] STTR
[16:01:43] [250/296] INVC
[16:01:44] [251/296] JTBL
[16:01:44] [252/296] SRVV
[16:01:45] [253/296] MAVC
[16:01:46] [254/296] SRPP
[16:01:47] [255/296] JGDM
[16:01:48] [256/296] MBSJ
[16:01:49] [257/296] SSLL
[16:01:49] [258/296] SLKP
[16:01:50] [259/296] NSRV
[16:01:51] [260/296] UTDV
[16:01:52] [261/296] KICM
[16:01:53] [262/296] KCMD
[16:01:54] [263/296] TTPP
[16:01:54] [264/296] KMPV
[16:01:55] [265/296] SKTV
[16:01:56] [266/296] STCV
[16:01:57] [267/296] SRDA
[16:01:58] [268/296] JTSX
[16:01:59] [269/296] STBV
[16:02:00] [270/296] APVZ
[16:02:01] [271/296] GSTV
[16:02:02] [272/296] NMVS
[16:02:03] [273/296] SKRT
[16:02:04] [274/296] RMDV
[16:02:05] [275/296] RATG
[16:02:06] [276/296] SJYV
[16:02:07] [277/296] NDGP
[16:02:08] [278/296] SNDG
[16:02:08] [279/296] INSR
[16:02:09] [280/296] INSO
[16:02:10] [281/296] CCSI
[16:02:12] [282/296] RASM
[16:02:13] [283/296] NEWC
[16:02:14] [284/296] VSHL
[16:02:14] [285/296] BISW
[16:02:15] [286/296] GCNG
[16:02:16] [287/296] CWSC
[16:02:17] [288/296] SKAN
[16:02:18] [289/296] SEHP
[16:02:18] [290/296] CCOA
[16:02:19] [291/296] MCAJ
[16:02:20] [292/296] ACDE
[16:02:21] [293/296] AACM
[16:02:22] [294/296] JJCK
[16:02:22] [295/296] RCMO
[16:02:23] [296/296] GDAW
[16:02:24] 🧹 Deduping shows
[16:02:24] ✅ DONE | Shows=4 | Movies=1
