[15:16:13] 🚀 SCRIPT STARTED
[15:16:13] [1/324] GCTA
[15:16:13] 🧠 New identity created
[15:16:14] [2/324] TOPN
[15:16:14] [3/324] MCUS
[15:16:15] [4/324] SHRL
[15:16:16] [5/324] UPTP
[15:16:18] [6/324] TMMP
[15:16:18] [7/324] DNRP
[15:16:19] [8/324] SRLT
[15:16:20] [9/324] RCNS
[15:16:21] [10/324] DCBH
[15:16:22] [11/324] NAGJ
[15:16:23] [12/324] JVRC
[15:16:24] [13/324] KRJG
[15:16:24] [14/324] SRTJ
[15:16:25] [15/324] CMXM
[15:16:26] [16/324] STMI
[15:16:27] [17/324] SLST
[15:16:28] [18/324] DTCN
[15:16:29] [19/324] STYN
[15:16:29] [20/324] SZVR
[15:16:30] [21/324] SRKO
[15:16:32] [22/324] JTGT
[15:16:33] [23/324] SVFD
[15:16:33] [24/324] SISD
[15:16:34] [25/324] ABDD
[15:16:35] [26/324] DRCA
[15:16:36] [27/324] AVCS
[15:16:37] [28/324] MVKH
[15:16:38] [29/324] ACPR
[15:16:38] [30/324] STIP
[15:16:39] [31/324] MTRA
[15:16:40] [32/324] RMKH
[15:16:41] [33/324] NKRL
[15:16:42] [34/324] PCWN
[15:16:43] [35/324] BLMT
[15:16:43] [36/324] GDPG
[15:16:44] [37/324] SRMX
[15:16:45] [38/324] JACP
[15:16:46] [39/324] CPSH
[15:16:47] [40/324] MCCD
[15:16:48] [41/324] ECGH
[15:16:49] [42/324] MKCK
[15:16:49] [43/324] SRMM
[15:16:50] [44/324] SKYR
[15:16:51] [45/324] PCKC
[15:16:52] [46/324] JCMA
[15:16:52] [47/324] BSMP
[15:16:53] [48/324] VSPA
[15:16:54] [49/324] DJYA
[15:16:55] [50/324] DIMP
[15:16:56] [51/324] FXDR
[15:16:56] [52/324] SSRC
[15:16:57] [53/324] STHP
[15:16:58] [54/324] CPPD
[15:16:59] [55/324] FCLK
[15:17:00] [56/324] SCPP
[15:17:01] [57/324] DCMJ
[15:17:01] [58/324] RCCR
[15:17:02] [59/324] INMT
[15:17:03] [60/324] LXTK
[15:17:04] [61/324] SRYK
[15:17:05] [62/324] SGDK
[15:17:06] [63/324] PPKA
[15:17:07] [64/324] SPKA
[15:17:09] [65/324] CGHH
[15:17:09] [66/324] DCJN
[15:17:10] [67/324] SRKV
[15:17:11] [68/324] SAJC
[15:17:12] [69/324] SUSR
[15:17:13] [70/324] STYG
[15:17:13] [71/324] NTKP
[15:17:14] [72/324] AKTG
[15:17:15] [73/324] CGCM
[15:17:16] [74/324] TULC
[15:17:18] [75/324] NYYZ
[15:17:18] [76/324] NYBW
[15:17:19] [77/324] MACB
[15:17:20] [78/324] SLVT
[15:17:21] [79/324] SANA
[15:17:22] [80/324] ACMR
[15:17:22] [81/324] CPKN
[15:17:23] [82/324] DLGK
[15:17:24] [83/324] CWCK
[15:17:25] [84/324] FDDH
[15:17:26] [85/324] MMMD
[15:17:27] [86/324] CMEH
[15:17:27] [87/324] GGGV
[15:17:28] [88/324] SPJL
[15:17:29] [89/324] RCCD
[15:17:30] [90/324] STTZ
[15:17:31] [91/324] BTCF
[15:17:32] [92/324] TSTZ
[15:17:33] [93/324] IPMM
[15:17:34] [94/324] PMPW
[15:17:35] [95/324] PCMZ
[15:17:36] [96/324] ESEM
[15:17:36] [97/324] PIPO
[15:17:38] [98/324] MATK
[15:17:39] [99/324] PGHM
[15:17:40] [100/324] CTSR
[15:17:40] [101/324] CYKR
[15:17:41] [102/324] MSCM
[15:17:42] [103/324] RFNP
[15:17:43] [104/324] PDCP
[15:17:43] [105/324] NPSE
[15:17:44] [106/324] MKML
[15:17:45] [107/324] FTDP
[15:17:46] [108/324] MMXA
[15:17:46] [109/324] CEPO
[15:17:47] [110/324] CMVP
[15:17:48] [111/324] SGTH
[15:17:49] [112/324] SAYN
[15:17:50] [113/324] URVS
[15:17:51] [114/324] VJTN
[15:17:51] [115/324] BBYK
[15:17:52] [116/324] SHBO
[15:17:53] [117/324] VCMR
[15:17:54] [118/324] MACT
[15:17:54] [119/324] JMNP
[15:17:55] [120/324] VICS
[15:17:56] [121/324] VCDA
[15:17:57] [122/324] GCMM
[15:17:58] [123/324] INVS
[15:17:59] [124/324] SCGM
[15:17:59] [125/324] PCDA
[15:18:00] [126/324] KDCT
[15:18:01] [127/324] JACS
[15:18:02] [128/324] GMMC
[15:18:03] [129/324] AICM
[15:18:04] [130/324] TJCM
[15:18:05] [131/324] RMTI
[15:18:06] [132/324] SHAC
[15:18:06] [133/324] APJC
[15:18:07] [134/324] GCTG
[15:18:08] [135/324] SSMC
[15:18:09] [136/324] THRM
[15:18:10] [137/324] RBCT
[15:18:11] [138/324] DIKT
[15:18:12] [139/324] MIDL
[15:18:13] [140/324] VCSN
[15:18:14] [141/324] SKTG
[15:18:14] [142/324] SMWC
[15:18:15] [143/324] MNKH
[15:18:16] [144/324] PIAT
[15:18:17] [145/324] LTTP
[15:18:18] [146/324] PTPU
[15:18:19] [147/324] ACMG
[15:18:19] [148/324] SHMM
[15:18:20] [149/324] MCMN
[15:18:21] [150/324] GLDC
[15:18:22] [151/324] HOUT
[15:18:23] [152/324] SVRP
[15:18:24] [153/324] PVDN
[15:18:25] [154/324] SCPY
[15:18:26] [155/324] DTPY
[15:18:27] [156/324] GKCS
[15:18:28] [157/324] NCAM
[15:18:29] [158/324] BSRM
[15:18:29] [159/324] RCLC
[15:18:30] [160/324] SKKD
[15:18:31] [161/324] ACHU
[15:18:32] [162/324] RSCF
[15:18:32] [163/324] IMSH
[15:18:33] [164/324] MACX
[15:18:34] [165/324] HMMW
[15:18:35] [166/324] JTCP
[15:18:35] [167/324] SREN
[15:18:36] [168/324] PJRR
[15:18:37] [169/324] INAC
[15:18:38] [170/324] BMCA
[15:18:39] [171/324] SHCB
[15:18:39] [172/324] GABA
[15:18:41] [173/324] SBCT
[15:18:41] [174/324] GCMA
[15:18:42] [175/324] MYTK
[15:18:43] [176/324] INZS
[15:18:44] [177/324] RMIK
[15:18:45] [178/324] NYCH
[15:18:46] [179/324] RAVE
[15:18:47] [180/324] PSXM
[15:18:48] [181/324] MCGP
[15:18:49] [182/324] PDDK
[15:18:50] [183/324] SPCK
[15:18:50] [184/324] MCRL
[15:18:51] [185/324] MHKT
[15:18:52] [186/324] ANRR
[15:18:53] [187/324] SAPK
[15:18:54] [188/324] NCUK
[15:18:54] [189/324] JUGA
[15:18:55] [190/324] DBSC
[15:18:56] [191/324] LALK
[15:18:57] [192/324] GUCK
[15:18:58] [193/324] STSG
[15:19:00] [194/324] PPPZ
[15:19:01] [195/324] CNCY
[15:19:02] [196/324] MTAR
[15:19:02] [197/324] VNKD
[15:19:04] [198/324] KMAJ
[15:19:05] [199/324] ACXK
[15:19:06] [200/324] UTKC
[15:19:07] [201/324] PBLK
[15:19:08] [202/324] ACBX
[15:19:08] [203/324] PTGM
[15:19:09] [204/324] BTDA
[15:19:10] [205/324] PJMB
[15:19:11] [206/324] TPDA
[15:19:12] [207/324] AMOE
[15:19:12] [208/324] PRHT
[15:19:13] [209/324] PRTA
[15:19:14] [210/324] STAM
[15:19:15] [211/324] MSAA
[15:19:16] [212/324] SDLU
[15:19:17] [213/324] RCHH
[15:19:17] [214/324] KANT
[15:19:18] [215/324] FCRT
[15:19:19] [216/324] DNKM
[15:19:20] [217/324] RYCP
[15:19:21] [218/324] MYRP
[15:19:21] [219/324] PPAK
[15:19:22] [220/324] NVPK
[15:19:24] [221/324] PRMC
[15:19:24] [222/324] JBCS
[15:19:25] [223/324] GXCK
[15:19:26] [224/324] USKO
[15:19:26] [225/324] GTEM
[15:19:27] [226/324] SMBU
[15:19:28] [227/324] VETC
[15:19:30] [228/324] LCDA
[15:19:31] [229/324] MTVT
[15:19:32] [230/324] PYCP
[15:19:33] [231/324] PNSC
[15:19:33] [232/324] PPCC
[15:19:34] [233/324] TGRT
[15:19:36] [234/324] JYOT
[15:19:37] [235/324] SRCZ
[15:19:38] [236/324] SJTE
[15:19:39] [237/324] DESC
[15:19:39] [238/324] JHVN
[15:19:40] [239/324] IPSG
[15:19:41] [240/324] IPCM
[15:19:42] [241/324] PDRS
[15:19:43] [242/324] ANCV
[15:19:44] [243/324] CMVV
[15:19:44] [244/324] SHYP
[15:19:45] [245/324] DNCS
[15:19:46] [246/324] GAJK
[15:19:47] [247/324] AKTN
[15:19:48] [248/324] KAYA
[15:19:48] [249/324] SBRC
[15:19:50] [250/324] CHTP
[15:19:51] [251/324] SHRT
[15:19:52] [252/324] BCKU
[15:19:53] [253/324] FCPS
[15:19:54] [254/324] ARDD
[15:19:55] [255/324] CPCM
[15:19:56] [256/324] CGSM
[15:19:56] [257/324] PSMP
[15:19:57] [258/324] SDAL
[15:19:58] [259/324] RTNB
[15:19:59] [260/324] LMCR
[15:19:59] [261/324] CIMA
[15:20:00] [262/324] RNAS
[15:20:01] [263/324] LITH
[15:20:02] [264/324] PBOX
[15:20:02] [265/324] FRTS
[15:20:03] [266/324] RKIC
[15:20:04] [267/324] PTAI
[15:20:04] [268/324] GCIC
[15:20:06] [269/324] FNAS
[15:20:07] [270/324] SCAR
[15:20:07] [271/324] MTCA
[15:20:08] [272/324] SCTS
[15:20:09] [273/324] SYCS
[15:20:10] [274/324] RDMS
[15:20:11] [275/324] KAMP
[15:20:12] [276/324] ERSD
[15:20:13] [277/324] MJMJ
[15:20:14] [278/324] SRCJ
[15:20:14] [279/324] SCXE
[15:20:15] [280/324] SVFR
[15:20:16] [281/324] BHCS
[15:20:17] [282/324] IMCC
[15:20:18] [283/324] PCBO
[15:20:18] [284/324] PRVN
[15:20:19] [285/324] AUPM
[15:20:20] [286/324] INBW
[15:20:21] [287/324] SVCW
[15:20:21] [288/324] RKCF
[15:20:22] [289/324] UVBH
[15:20:23] [290/324] DNCY
[15:20:24] [291/324] ABCN
[15:20:25] [292/324] PRUR
[15:20:25] [293/324] PFMR
[15:20:26] [294/324] RKCN
[15:20:27] [295/324] CFEA
[15:20:28] [296/324] SDBG
[15:20:28] [297/324] SNAR
[15:20:29] [298/324] YISI
[15:20:30] [299/324] JCFF
[15:20:31] [300/324] VTRK
[15:20:32] [301/324] PCLZ
[15:20:33] [302/324] DIMY
[15:20:33] [303/324] BBTS
[15:20:34] [304/324] GATH
[15:20:35] [305/324] GTMN
[15:20:36] [306/324] VTMH
[15:20:37] [307/324] CCKP
[15:20:38] [308/324] GPKA
[15:20:39] [309/324] MHCL
[15:20:40] [310/324] ATCL
[15:20:40] [311/324] SBCK
[15:20:42] [312/324] AMMR
[15:20:42] [313/324] MADC
[15:20:43] [314/324] TMMA
[15:20:44] [315/324] CACC
[15:20:45] [316/324] CHAL
[15:20:46] [317/324] DURG
[15:20:47] [318/324] GMKU
[15:20:47] [319/324] GECA
[15:20:48] [320/324] KYRR
[15:20:49] [321/324] KSDE
[15:20:50] [322/324] LMCI
[15:20:51] [323/324] NKCP
[15:20:51] [324/324] BGTC
[15:20:52] 🧹 Deduping shows
[15:20:52] ✅ DONE | Shows=22 | Movies=3
