[20:39:32] 📍 Loaded 563 district venues
[20:39:32] 🚀 DISTRICT SCRAPER STARTED
[20:39:35] ⚠ 1044503 status 401
[20:39:36] ⚠ 1037496 status 401
[20:39:36] ⚠ 1093265 status 401
[20:39:36] ⚠ 1030389 status 401
[20:39:36] ⚠ 1024804 status 401
[20:39:36] ⚠ 1074151 status 401
[20:39:36] ⚠ 1049243 status 401
[20:39:36] ⚠ 1008705 status 401
[20:39:36] ⚠ 1078025 status 401
[20:39:36] ⚠ 1094334 status 401
[20:39:36] ⚠ 1065383 status 401
[20:39:36] ⚠ 29998 status 401
[20:39:36] ⚠ 1031638 status 401
[20:39:36] ⚠ 50915 status 401
[20:39:36] ⚠ 1041688 status 401
[20:39:36] ⚠ 7714 status 401
[20:39:36] ⚠ 1039878 status 401
[20:39:36] ⚠ 1051040 status 401
[20:39:36] ⚠ 11264 status 401
[20:39:36] ⚠ 1040891 status 401
[20:39:37] ⚠ 1037228 status 401
[20:39:37] ⚠ 1076602 status 401
[20:39:37] ⚠ 1039847 status 401
[20:39:37] ⚠ 1039846 status 401
[20:39:37] ⚠ 4106 status 401
[20:39:37] ⚠ 1027478 status 401
[20:39:37] ⚠ 1047659 status 401
[20:39:37] ⚠ 1039860 status 401
[20:39:37] ⚠ 1031636 status 401
[20:39:37] ⚠ 28206 status 401
[20:39:37] ⚠ 1039875 status 401
[20:39:37] ⚠ 1041672 status 401
[20:39:37] ⚠ 1009194 status 401
[20:39:37] ⚠ 2855 status 401
[20:39:37] ⚠ 1041687 status 401
[20:39:37] ⚠ 1039862 status 401
[20:39:37] ⚠ 1024343 status 401
[20:39:37] ⚠ 1096733 status 401
[20:39:37] ⚠ 25805 status 401
[20:39:37] ⚠ 9292 status 401
[20:39:37] ⚠ 1097120 status 401
[20:39:37] ⚠ 1001773 status 401
[20:39:37] ⚠ 1036959 status 401
[20:39:37] ⚠ 7258 status 401
[20:39:37] ⚠ 1039864 status 401
[20:39:37] ⚠ 1040466 status 401
[20:39:37] ⚠ 1039850 status 401
[20:39:37] ⚠ 1088822 status 401
[20:39:37] ⚠ 1018795 status 401
[20:39:37] ⚠ 4097 status 401
[20:39:37] ⚠ 9242 status 401
[20:39:37] ⚠ 1039865 status 401
[20:39:37] ⚠ 1041685 status 401
[20:39:37] ⚠ 1089130 status 401
[20:39:37] ⚠ 27151 status 401
[20:39:37] ⚠ 9365 status 401
[20:39:37] ⚠ 36376 status 401
[20:39:37] ⚠ 25803 status 401
[20:39:37] ⚠ 1098929 status 401
[20:39:37] ⚠ 1039849 status 401
[20:39:37] ⚠ 1046654 status 401
[20:39:37] ⚠ 1041244 status 401
[20:39:37] ⚠ 44361 status 401
[20:39:37] ⚠ 1039851 status 401
[20:39:37] ⚠ 7543 status 401
[20:39:37] ⚠ 4693 status 401
[20:39:37] ⚠ 56048 status 401
[20:39:37] ⚠ 7813 status 401
[20:39:37] ⚠ 7301 status 401
[20:39:37] ⚠ 1041449 status 401
[20:39:37] ⚠ 1039848 status 401
[20:39:37] ⚠ 9920 status 401
[20:39:37] ⚠ 13958 status 401
[20:39:37] ⚠ 7841 status 401
[20:39:37] ⚠ 14120 status 401
[20:39:37] ⚠ 4380 status 401
[20:39:37] ⚠ 1016089 status 401
[20:39:37] ⚠ 1080239 status 401
[20:39:37] ⚠ 1056572 status 401
[20:39:37] ⚠ 28968 status 401
[20:39:37] ⚠ 27373 status 401
[20:39:37] ⚠ 1022965 status 401
[20:39:37] ⚠ 1041394 status 401
[20:39:37] ⚠ 4189 status 401
[20:39:38] ⚠ 1018799 status 401
[20:39:38] ⚠ 1030438 status 401
[20:39:38] ⚠ 4171 status 401
[20:39:38] ⚠ 55733 status 401
[20:39:38] ⚠ 1037518 status 401
[20:39:38] ⚠ 24521 status 401
[20:39:38] ⚠ 1075746 status 401
[20:39:38] ⚠ 1008456 status 401
[20:39:38] ⚠ 4178 status 401
[20:39:38] ⚠ 60085 status 401
[20:39:38] ⚠ 1053400 status 401
[20:39:38] ⚠ 1041743 status 401
[20:39:38] ⚠ 1008418 status 401
[20:39:38] ⚠ 1018652 status 401
[20:39:38] ⚠ 1041728 status 401
[20:39:38] ⚠ 1016053 status 401
[20:39:38] ⚠ 17069 status 401
[20:39:38] ⚠ 10940 status 401
[20:39:38] ⚠ 1037525 status 401
[20:39:38] ⚠ 1037961 status 401
[20:39:38] ⚠ 25804 status 401
[20:39:38] ⚠ 1016133 status 401
[20:39:38] ⚠ 9487 status 401
[20:39:38] ⚠ 55272 status 401
[20:39:38] ⚠ 1050791 status 401
[20:39:38] ⚠ 60083 status 401
[20:39:38] ⚠ 1053618 status 401
[20:39:38] ⚠ 5059 status 401
[20:39:38] ⚠ 1049666 status 401
[20:39:38] ⚠ 1016088 status 401
[20:39:38] ⚠ 1042640 status 401
[20:39:38] ⚠ 1036962 status 401
[20:39:38] ⚠ 1030504 status 401
[20:39:38] ⚠ 1042635 status 401
[20:39:38] ⚠ 1024343 status 401
[20:39:38] ⚠ 1007054 status 401
[20:39:38] ⚠ 1037502 status 401
[20:39:38] ⚠ 4248 status 401
[20:39:38] ⚠ 1011174 status 401
[20:39:38] ⚠ 1042615 status 401
[20:39:38] ⚠ 4891 status 401
[20:39:38] ⚠ 28925 status 401
[20:39:38] ⚠ 3960 status 401
[20:39:38] ⚠ 1037511 status 401
[20:39:38] ⚠ 3981 status 401
[20:39:38] ⚠ 1042453 status 401
[20:39:59] 📍 Loaded 563 district venues
[20:39:59] 🚀 DISTRICT SCRAPER STARTED
[20:40:00] ⚠ 1094334 status 401 Unauthorized
[20:40:00] ⚠ 1039878 status 401 Unauthorized
[20:40:00] ⚠ 1030389 status 401 Unauthorized
[20:40:00] ⚠ 1037496 status 401 Unauthorized
[20:40:00] ⚠ 1044503 status 401 Unauthorized
[20:40:00] ⚠ 29998 status 401 Unauthorized
[20:40:00] ⚠ 50915 status 401 Unauthorized
[20:40:00] ⚠ 1031638 status 401 Unauthorized
[20:40:00] ⚠ 1008705 status 401 Unauthorized
[20:40:00] ⚠ 11264 status 401 Unauthorized
[20:40:00] ⚠ 1049243 status 401 Unauthorized
[20:40:00] ⚠ 1065383 status 401 Unauthorized
[20:40:00] ⚠ 7714 status 401 Unauthorized
[20:40:00] ⚠ 1024804 status 401 Unauthorized
[20:40:00] ⚠ 1051040 status 401 Unauthorized
[20:40:00] ⚠ 1074151 status 401 Unauthorized
[20:40:00] ⚠ 1078025 status 401 Unauthorized
[20:40:00] ⚠ 1039847 status 401 Unauthorized
[20:40:00] ⚠ 1040891 status 401 Unauthorized
[20:40:00] ⚠ 1093265 status 401 Unauthorized
[20:40:00] ⚠ 1037228 status 401 Unauthorized
[20:40:00] ⚠ 1039860 status 401 Unauthorized
[20:40:00] ⚠ 1041688 status 401 Unauthorized
[20:40:00] ⚠ 1076602 status 401 Unauthorized
[20:40:00] ⚠ 1027478 status 401 Unauthorized
[20:40:00] ⚠ 1031636 status 401 Unauthorized
[20:40:00] ⚠ 1041687 status 401 Unauthorized
[20:40:00] ⚠ 1096733 status 401 Unauthorized
[20:40:00] ⚠ 1041672 status 401 Unauthorized
[20:40:00] ⚠ 2855 status 401 Unauthorized
[20:40:00] ⚠ 4106 status 401 Unauthorized
[20:40:00] ⚠ 1039875 status 401 Unauthorized
[20:40:00] ⚠ 28206 status 401 Unauthorized
[20:40:00] ⚠ 1047659 status 401 Unauthorized
[20:40:00] ⚠ 1039846 status 401 Unauthorized
[20:40:00] ⚠ 1039862 status 401 Unauthorized
[20:40:00] ⚠ 1009194 status 401 Unauthorized
[20:40:00] ⚠ 9292 status 401 Unauthorized
[20:40:00] ⚠ 25805 status 401 Unauthorized
[20:40:00] ⚠ 1024343 status 401 Unauthorized
[20:40:00] ⚠ 1001773 status 401 Unauthorized
[20:40:00] ⚠ 1097120 status 401 Unauthorized
[20:40:00] ⚠ 1039864 status 401 Unauthorized
[20:40:00] ⚠ 1036959 status 401 Unauthorized
[20:40:00] ⚠ 1039850 status 401 Unauthorized
[20:40:00] ⚠ 1089130 status 401 Unauthorized
[20:40:00] ⚠ 1088822 status 401 Unauthorized
[20:40:00] ⚠ 4097 status 401 Unauthorized
[20:40:00] ⚠ 9242 status 401 Unauthorized
[20:40:00] ⚠ 7258 status 401 Unauthorized
[20:40:00] ⚠ 1039865 status 401 Unauthorized
[20:40:00] ⚠ 1018795 status 401 Unauthorized
[20:40:00] ⚠ 27151 status 401 Unauthorized
[20:40:00] ⚠ 1041685 status 401 Unauthorized
[20:40:00] ⚠ 1098929 status 401 Unauthorized
[20:40:00] ⚠ 1039849 status 401 Unauthorized
[20:40:00] ⚠ 36376 status 401 Unauthorized
[20:40:00] ⚠ 44361 status 401 Unauthorized
[20:40:00] ⚠ 9365 status 401 Unauthorized
[20:40:00] ⚠ 7543 status 401 Unauthorized
[20:40:00] ⚠ 1046654 status 401 Unauthorized
[20:40:00] ⚠ 1041244 status 401 Unauthorized
[20:40:00] ⚠ 4693 status 401 Unauthorized
[20:40:00] ⚠ 1041449 status 401 Unauthorized
[20:40:00] ⚠ 56048 status 401 Unauthorized
[20:40:00] ⚠ 25803 status 401 Unauthorized
[20:40:00] ⚠ 13958 status 401 Unauthorized
[20:40:00] ⚠ 7813 status 401 Unauthorized
[20:40:00] ⚠ 1040466 status 401 Unauthorized
[20:40:00] ⚠ 1039851 status 401 Unauthorized
[20:40:00] ⚠ 1039848 status 401 Unauthorized
[20:40:00] ⚠ 1080239 status 401 Unauthorized
[20:40:00] ⚠ 9920 status 401 Unauthorized
[20:40:00] ⚠ 1056572 status 401 Unauthorized
[20:40:00] ⚠ 1041394 status 401 Unauthorized
[20:40:00] ⚠ 28968 status 401 Unauthorized
[20:40:00] ⚠ 14120 status 401 Unauthorized
[20:40:00] ⚠ 27373 status 401 Unauthorized
[20:40:00] ⚠ 7301 status 401 Unauthorized
[20:40:00] ⚠ 1016089 status 401 Unauthorized
[20:40:00] ⚠ 7841 status 401 Unauthorized
[20:40:00] ⚠ 4189 status 401 Unauthorized
[20:40:01] ⚠ 4380 status 401 Unauthorized
[20:40:01] ⚠ 1030438 status 401 Unauthorized
[20:40:01] ⚠ 1022965 status 401 Unauthorized
[20:40:01] ⚠ 4178 status 401 Unauthorized
[20:40:01] ⚠ 1037525 status 401 Unauthorized
[20:40:01] ⚠ 1008456 status 401 Unauthorized
[20:40:01] ⚠ 60085 status 401 Unauthorized
[20:40:01] ⚠ 1075746 status 401 Unauthorized
[20:40:01] ⚠ 55733 status 401 Unauthorized
[20:40:01] ⚠ 1037518 status 401 Unauthorized
[20:40:01] ⚠ 1016053 status 401 Unauthorized
[20:40:01] ⚠ 4171 status 401 Unauthorized
[20:40:01] ⚠ 1053400 status 401 Unauthorized
[20:40:01] ⚠ 24521 status 401 Unauthorized
[20:40:01] ⚠ 1018652 status 401 Unauthorized
[20:40:01] ⚠ 17069 status 401 Unauthorized
[20:40:01] ⚠ 1041743 status 401 Unauthorized
[20:40:01] ⚠ 60083 status 401 Unauthorized
[20:40:01] ⚠ 9487 status 401 Unauthorized
[20:40:01] ⚠ 10940 status 401 Unauthorized
[20:40:01] ⚠ 1008418 status 401 Unauthorized
[20:40:01] ⚠ 1037961 status 401 Unauthorized
[20:40:01] ⚠ 25804 status 401 Unauthorized
[20:40:01] ⚠ 1041728 status 401 Unauthorized
[20:40:01] ⚠ 1050791 status 401 Unauthorized
[20:40:01] ⚠ 1016133 status 401 Unauthorized
[20:40:01] ⚠ 55272 status 401 Unauthorized
[20:40:01] ⚠ 1016088 status 401 Unauthorized
[20:40:01] ⚠ 1018799 status 401 Unauthorized
[20:40:01] ⚠ 1030504 status 401 Unauthorized
[20:40:01] ⚠ 1049666 status 401 Unauthorized
[20:40:01] ⚠ 1042615 status 401 Unauthorized
[20:40:01] ⚠ 5059 status 401 Unauthorized
[20:40:01] ⚠ 1036962 status 401 Unauthorized
[20:40:01] ⚠ 1042635 status 401 Unauthorized
[20:40:01] ⚠ 1053618 status 401 Unauthorized
[20:40:01] ⚠ 1011174 status 401 Unauthorized
[20:40:01] ⚠ 1024343 status 401 Unauthorized
[20:40:01] ⚠ 1007054 status 401 Unauthorized
[20:40:01] ⚠ 1042640 status 401 Unauthorized
[20:40:01] ⚠ 4891 status 401 Unauthorized
[20:40:01] ⚠ 4248 status 401 Unauthorized
[20:40:01] ⚠ 1037502 status 401 Unauthorized
[20:40:01] ⚠ 3910 status 401 Unauthorized
[20:40:01] ⚠ 3960 status 401 Unauthorized
[20:40:01] ⚠ 1042453 status 401 Unauthorized
[20:40:01] ⚠ 3981 status 401 Unauthorized
[20:40:01] ⚠ 1041504 status 401 Unauthorized
[20:40:01] ⚠ 4232 status 401 Unauthorized
[20:40:01] ⚠ 22684 status 401 Unauthorized
[20:40:01] ⚠ 1037526 status 401 Unauthorized
[20:40:01] ⚠ 7881 status 401 Unauthorized
[20:40:01] ⚠ 14702 status 401 Unauthorized
[20:40:01] ⚠ 19528 status 401 Unauthorized
[20:40:01] ⚠ 6044 status 401 Unauthorized
[20:40:01] ⚠ 1012595 status 401 Unauthorized
[20:40:01] ⚠ 14694 status 401 Unauthorized
[20:40:01] ⚠ 28925 status 401 Unauthorized
[20:40:01] ⚠ 4028 status 401 Unauthorized
[20:40:01] ⚠ 1037511 status 401 Unauthorized
[20:40:01] ⚠ 58633 status 401 Unauthorized
[20:40:01] ⚠ 1067946 status 401 Unauthorized
[20:40:01] ⚠ 6057 status 401 Unauthorized
[20:40:01] ⚠ 1091219 status 401 Unauthorized
[20:40:01] ⚠ 10250 status 401 Unauthorized
[20:40:01] ⚠ 1050645 status 401 Unauthorized
[20:40:01] ⚠ 32194 status 401 Unauthorized
[20:40:01] ⚠ 7534 status 401 Unauthorized
[20:40:01] ⚠ 4008 status 401 Unauthorized
[20:40:01] ⚠ 4067 status 401 Unauthorized
[20:40:01] ⚠ 25860 status 401 Unauthorized
[20:40:01] ⚠ 1092958 status 401 Unauthorized
[20:40:01] ⚠ 43348 status 401 Unauthorized
[20:40:01] ⚠ 1019166 status 401 Unauthorized
[20:40:01] ⚠ 1005798 status 401 Unauthorized
[20:40:01] ⚠ 1005799 status 401 Unauthorized
[20:40:01] ⚠ 1018798 status 401 Unauthorized
[20:40:01] ⚠ 1037530 status 401 Unauthorized
[20:40:01] ⚠ 9135 status 401 Unauthorized
[20:42:35] 📍 Loaded 563 district venues
[20:42:35] 🚀 DISTRICT SCRAPER STARTED
[20:42:36] ⚠ 7714 status 401 Unauthorized
[20:42:37] ⚠ 1031638 status 401 Unauthorized
[20:42:37] ⚠ 1049243 status 401 Unauthorized
[20:42:37] ⚠ 11264 status 401 Unauthorized
[20:42:37] ⚠ 29998 status 401 Unauthorized
[20:42:37] ⚠ 50915 status 401 Unauthorized
[20:42:37] ⚠ 1030389 status 401 Unauthorized
[20:42:37] ⚠ 1008705 status 401 Unauthorized
[20:42:37] ⚠ 1041688 status 401 Unauthorized
[20:42:37] ⚠ 1037228 status 401 Unauthorized
[20:42:37] ⚠ 1039847 status 401 Unauthorized
[20:42:37] ⚠ 1039860 status 401 Unauthorized
[20:42:37] ⚠ 1076602 status 401 Unauthorized
[20:42:37] ⚠ 1093265 status 401 Unauthorized
[20:42:37] ⚠ 1039846 status 401 Unauthorized
[20:42:37] ⚠ 1040891 status 401 Unauthorized
[20:42:37] ⚠ 1027478 status 401 Unauthorized
[20:42:37] ⚠ 1031636 status 401 Unauthorized
[20:42:37] ⚠ 1009194 status 401 Unauthorized
[20:42:37] ⚠ 1041672 status 401 Unauthorized
[20:42:37] ⚠ 1047659 status 401 Unauthorized
[20:42:37] ⚠ 4106 status 401 Unauthorized
[20:42:37] ⚠ 1039875 status 401 Unauthorized
[20:42:37] ⚠ 28206 status 401 Unauthorized
[20:42:37] ⚠ 2855 status 401 Unauthorized
[20:42:37] ⚠ 1041687 status 401 Unauthorized
[20:42:37] ⚠ 1024804 status 401 Unauthorized
[20:42:37] ⚠ 1024343 status 401 Unauthorized
[20:42:37] ⚠ 1074151 status 401 Unauthorized
[20:42:37] ⚠ 1096733 status 401 Unauthorized
[20:42:37] ⚠ 1039862 status 401 Unauthorized
[20:42:37] ⚠ 9292 status 401 Unauthorized
[20:42:37] ⚠ 1039864 status 401 Unauthorized
[20:42:37] ⚠ 1001773 status 401 Unauthorized
[20:42:37] ⚠ 7258 status 401 Unauthorized
[20:42:37] ⚠ 1036959 status 401 Unauthorized
[20:42:37] ⚠ 1097120 status 401 Unauthorized
[20:42:38] ⚠ 1039850 status 401 Unauthorized
[20:42:38] ⚠ 25805 status 401 Unauthorized
[20:42:38] ⚠ 1088822 status 401 Unauthorized
[20:42:38] ⚠ 1040466 status 401 Unauthorized
[20:42:38] ⚠ 1018795 status 401 Unauthorized
[20:42:38] ⚠ 4097 status 401 Unauthorized
[20:42:38] ⚠ 1089130 status 401 Unauthorized
[20:42:38] ⚠ 1041685 status 401 Unauthorized
[20:42:38] ⚠ 9242 status 401 Unauthorized
[20:42:38] ⚠ 1039865 status 401 Unauthorized
[20:42:38] ⚠ 27151 status 401 Unauthorized
[20:42:38] ⚠ 36376 status 401 Unauthorized
[20:42:38] ⚠ 9365 status 401 Unauthorized
[20:42:38] ⚠ 25803 status 401 Unauthorized
[20:42:38] ⚠ 44361 status 401 Unauthorized
[20:42:38] ⚠ 1078025 status 401 Unauthorized
[20:42:38] ⚠ 1039849 status 401 Unauthorized
[20:42:38] ⚠ 1098929 status 401 Unauthorized
[20:42:38] ⚠ 1065383 status 401 Unauthorized
[20:42:38] ⚠ 1046654 status 401 Unauthorized
[20:42:38] ⚠ 1051040 status 401 Unauthorized
[20:42:38] ⚠ 1041244 status 401 Unauthorized
[20:42:38] ⚠ 7543 status 401 Unauthorized
[20:42:38] ⚠ 1094334 status 401 Unauthorized
[20:42:38] ⚠ 1037496 status 401 Unauthorized
[20:42:38] ⚠ 1039851 status 401 Unauthorized
[20:42:38] ⚠ 4693 status 401 Unauthorized
[20:42:38] ⚠ 1044503 status 401 Unauthorized
[20:42:38] ⚠ 56048 status 401 Unauthorized
[20:42:38] ⚠ 1039878 status 401 Unauthorized
[20:42:38] ⚠ 1041449 status 401 Unauthorized
[20:42:38] ⚠ 13958 status 401 Unauthorized
[20:42:38] ⚠ 7813 status 401 Unauthorized
[20:42:38] ⚠ 1039848 status 401 Unauthorized
[20:42:38] ⚠ 7301 status 401 Unauthorized
[20:42:38] ⚠ 7841 status 401 Unauthorized
[20:42:38] ⚠ 9920 status 401 Unauthorized
[20:42:38] ⚠ 4380 status 401 Unauthorized
[20:42:38] ⚠ 1056572 status 401 Unauthorized
[20:42:38] ⚠ 14120 status 401 Unauthorized
[20:42:38] ⚠ 28968 status 401 Unauthorized
[20:42:38] ⚠ 1016089 status 401 Unauthorized
[20:42:38] ⚠ 1041394 status 401 Unauthorized
[20:42:38] ⚠ 1080239 status 401 Unauthorized
[20:42:38] ⚠ 1022965 status 401 Unauthorized
[20:42:38] ⚠ 1018799 status 401 Unauthorized
[20:42:38] ⚠ 27373 status 401 Unauthorized
[20:42:38] ⚠ 55733 status 401 Unauthorized
[20:42:38] ⚠ 1030438 status 401 Unauthorized
[20:42:38] ⚠ 4171 status 401 Unauthorized
[20:42:38] ⚠ 1075746 status 401 Unauthorized
[20:42:38] ⚠ 4178 status 401 Unauthorized
[20:42:38] ⚠ 60083 status 401 Unauthorized
[20:42:38] ⚠ 4189 status 401 Unauthorized
[20:42:39] ⚠ 1037518 status 401 Unauthorized
[20:42:39] ⚠ 60085 status 401 Unauthorized
[20:42:39] ⚠ 1037525 status 401 Unauthorized
[20:42:39] ⚠ 24521 status 401 Unauthorized
[20:42:39] ⚠ 1053400 status 401 Unauthorized
[20:42:39] ⚠ 1008418 status 401 Unauthorized
[20:42:39] ⚠ 1008456 status 401 Unauthorized
[20:42:39] ⚠ 17069 status 401 Unauthorized
[20:42:39] ⚠ 1041743 status 401 Unauthorized
[20:42:39] ⚠ 1016053 status 401 Unauthorized
[20:42:39] ⚠ 1018652 status 401 Unauthorized
[20:42:39] ⚠ 10940 status 401 Unauthorized
[20:42:39] ⚠ 1041728 status 401 Unauthorized
[20:42:39] ⚠ 9487 status 401 Unauthorized
[20:42:39] ⚠ 25804 status 401 Unauthorized
[20:42:39] ⚠ 1050791 status 401 Unauthorized
[20:42:39] ⚠ 1016133 status 401 Unauthorized
[20:42:39] ⚠ 1037961 status 401 Unauthorized
[20:42:39] ⚠ 1030504 status 401 Unauthorized
[20:42:39] ⚠ 55272 status 401 Unauthorized
[20:42:39] ⚠ 1053618 status 401 Unauthorized
[20:42:39] ⚠ 1049666 status 401 Unauthorized
[20:42:39] ⚠ 5059 status 401 Unauthorized
[20:42:39] ⚠ 1036962 status 401 Unauthorized
[20:42:39] ⚠ 1016088 status 401 Unauthorized
[20:42:39] ⚠ 1007054 status 401 Unauthorized
[20:42:39] ⚠ 1042635 status 401 Unauthorized
[20:42:39] ⚠ 1042615 status 401 Unauthorized
[20:42:39] ⚠ 1024343 status 401 Unauthorized
[20:42:39] ⚠ 1011174 status 401 Unauthorized
[20:42:39] ⚠ 4891 status 401 Unauthorized
[20:42:39] ⚠ 1037511 status 401 Unauthorized
[20:42:39] ⚠ 1037502 status 401 Unauthorized
[20:42:39] ⚠ 4248 status 401 Unauthorized
[20:42:39] ⚠ 3960 status 401 Unauthorized
[20:42:39] ⚠ 1042453 status 401 Unauthorized
[20:42:39] ⚠ 28925 status 401 Unauthorized
[20:42:39] ⚠ 1042640 status 401 Unauthorized
[20:42:39] ⚠ 4232 status 401 Unauthorized
[20:42:39] ⚠ 3910 status 401 Unauthorized
[20:42:39] ⚠ 3981 status 401 Unauthorized
[20:42:39] ⚠ 1041504 status 401 Unauthorized
[20:42:39] ⚠ 1037526 status 401 Unauthorized
[20:42:39] ⚠ 22684 status 401 Unauthorized
[20:42:39] ⚠ 1012595 status 401 Unauthorized
[20:42:39] ⚠ 19528 status 401 Unauthorized
[20:42:39] ⚠ 14702 status 401 Unauthorized
[20:42:39] ⚠ 6044 status 401 Unauthorized
[20:42:39] ⚠ 7881 status 401 Unauthorized
[20:45:00] 📍 Loaded 563 district venues
[20:45:00] 🚀 DISTRICT SCRAPER STARTED
[20:45:00] ⚠ 1037496 status 401 Unauthorized
[20:45:00] ⚠ 1074151 status 401 Unauthorized
[20:45:00] ⚠ 1031638 status 401 Unauthorized
[20:45:00] ⚠ 1044503 status 401 Unauthorized
[20:45:00] ⚠ 1008705 status 401 Unauthorized
[20:45:00] ⚠ 29998 status 401 Unauthorized
[20:45:00] ⚠ 1078025 status 401 Unauthorized
[20:45:00] ⚠ 50915 status 401 Unauthorized
[20:45:01] ⚠ 1041688 status 401 Unauthorized
[20:45:01] ⚠ 1093265 status 401 Unauthorized
[20:45:01] ⚠ 1040891 status 401 Unauthorized
[20:45:01] ⚠ 7714 status 401 Unauthorized
[20:45:01] ⚠ 1094334 status 401 Unauthorized
[20:45:01] ⚠ 1065383 status 401 Unauthorized
[20:45:01] ⚠ 1039878 status 401 Unauthorized
[20:45:01] ⚠ 11264 status 401 Unauthorized
[20:45:01] ⚠ 1039860 status 401 Unauthorized
[20:45:01] ⚠ 1037228 status 401 Unauthorized
[20:45:01] ⚠ 1024804 status 401 Unauthorized
[20:45:01] ⚠ 1039846 status 401 Unauthorized
[20:45:01] ⚠ 1049243 status 401 Unauthorized
[20:45:01] ⚠ 1031636 status 401 Unauthorized
[20:45:01] ⚠ 1051040 status 401 Unauthorized
[20:45:01] ⚠ 1041672 status 401 Unauthorized
[20:45:01] ⚠ 4106 status 401 Unauthorized
[20:45:01] ⚠ 28206 status 401 Unauthorized
[20:45:01] ⚠ 1039875 status 401 Unauthorized
[20:45:01] ⚠ 1009194 status 401 Unauthorized
[20:45:01] ⚠ 1030389 status 401 Unauthorized
[20:45:01] ⚠ 1027478 status 401 Unauthorized
[20:45:01] ⚠ 1024343 status 401 Unauthorized
[20:45:01] ⚠ 1041687 status 401 Unauthorized
[20:45:01] ⚠ 1039847 status 401 Unauthorized
[20:45:01] ⚠ 1096733 status 401 Unauthorized
[20:45:01] ⚠ 1047659 status 401 Unauthorized
[20:45:01] ⚠ 2855 status 401 Unauthorized
[20:45:01] ⚠ 1039864 status 401 Unauthorized
[20:45:01] ⚠ 1039862 status 401 Unauthorized
[20:45:01] ⚠ 9292 status 401 Unauthorized
[20:45:01] ⚠ 1076602 status 401 Unauthorized
[20:45:01] ⚠ 25805 status 401 Unauthorized
[20:50:40] 📍 Loaded 563 district venues
[20:50:40] 🚀 DISTRICT SCRAPER STARTED
[20:50:41] ⚠ 1008705 status 401 Unauthorized
[20:50:41] ⚠ 1074151 status 401 Unauthorized
[20:50:41] ⚠ 1030389 status 401 Unauthorized
[20:50:41] ⚠ 29998 status 401 Unauthorized
[20:50:41] ⚠ 1031638 status 401 Unauthorized
[20:50:41] ⚠ 1093265 status 401 Unauthorized
[20:50:41] ⚠ 1094334 status 401 Unauthorized
[20:50:41] ⚠ 1024804 status 401 Unauthorized
[20:50:41] ⚠ 1041688 status 401 Unauthorized
[20:50:41] ⚠ 1039878 status 401 Unauthorized
[20:50:41] ⚠ 50915 status 401 Unauthorized
[20:50:41] ⚠ 1044503 status 401 Unauthorized
[20:50:41] ⚠ 1065383 status 401 Unauthorized
[20:50:41] ⚠ 7714 status 401 Unauthorized
[20:50:41] ⚠ 1078025 status 401 Unauthorized
[20:50:41] ⚠ 1049243 status 401 Unauthorized
[20:50:41] ⚠ 1040891 status 401 Unauthorized
[20:50:41] ⚠ 1037496 status 401 Unauthorized
[20:50:41] ⚠ 1076602 status 401 Unauthorized
[20:50:41] ⚠ 1037228 status 401 Unauthorized
[20:50:41] ⚠ 1039847 status 401 Unauthorized
[20:50:41] ⚠ 1039846 status 401 Unauthorized
[20:50:41] ⚠ 1051040 status 401 Unauthorized
[20:50:41] ⚠ 1027478 status 401 Unauthorized
[20:50:41] ⚠ 1039860 status 401 Unauthorized
[20:50:41] ⚠ 1041672 status 401 Unauthorized
[20:50:41] ⚠ 1031636 status 401 Unauthorized
[20:50:41] ⚠ 4106 status 401 Unauthorized
[20:50:41] ⚠ 1009194 status 401 Unauthorized
[20:50:41] ⚠ 1039875 status 401 Unauthorized
[20:50:41] ⚠ 1024343 status 401 Unauthorized
[20:50:41] ⚠ 28206 status 401 Unauthorized
[20:50:41] ⚠ 1041687 status 401 Unauthorized
[20:50:41] ⚠ 11264 status 401 Unauthorized
[20:50:41] ⚠ 9292 status 401 Unauthorized
[20:50:41] ⚠ 1039864 status 401 Unauthorized
[20:50:41] ⚠ 2855 status 401 Unauthorized
[20:50:41] ⚠ 1096733 status 401 Unauthorized
[20:50:41] ⚠ 1039862 status 401 Unauthorized
[20:50:41] ⚠ 1039850 status 401 Unauthorized
[20:50:41] ⚠ 1047659 status 401 Unauthorized
[20:50:41] ⚠ 1036959 status 401 Unauthorized
[20:50:41] ⚠ 1089130 status 401 Unauthorized
[20:50:41] ⚠ 25805 status 401 Unauthorized
[20:50:41] ⚠ 1097120 status 401 Unauthorized
[20:50:41] ⚠ 1001773 status 401 Unauthorized
[20:50:41] ⚠ 1040466 status 401 Unauthorized
[20:50:41] ⚠ 4097 status 401 Unauthorized
[20:50:41] ⚠ 7258 status 401 Unauthorized
[20:50:41] ⚠ 1018795 status 401 Unauthorized
[20:50:41] ⚠ 9242 status 401 Unauthorized
[20:50:41] ⚠ 9365 status 401 Unauthorized
[20:50:41] ⚠ 1041685 status 401 Unauthorized
[20:50:41] ⚠ 1088822 status 401 Unauthorized
[20:50:41] ⚠ 27151 status 401 Unauthorized
[20:50:41] ⚠ 1041244 status 401 Unauthorized
[20:50:41] ⚠ 1046654 status 401 Unauthorized
[20:50:41] ⚠ 44361 status 401 Unauthorized
[20:50:41] ⚠ 1039865 status 401 Unauthorized
[20:50:41] ⚠ 1039849 status 401 Unauthorized
[20:50:41] ⚠ 4693 status 401 Unauthorized
[20:50:41] ⚠ 25803 status 401 Unauthorized
[20:50:41] ⚠ 36376 status 401 Unauthorized
[20:50:41] ⚠ 1098929 status 401 Unauthorized
[20:50:41] ⚠ 7543 status 401 Unauthorized
[20:50:41] ⚠ 56048 status 401 Unauthorized
[20:50:41] ⚠ 1039851 status 401 Unauthorized
[20:51:57] 📍 Loaded 563 district venues
[20:51:57] 🚀 DISTRICT SCRAPER STARTED
[20:51:58] ⚠ 1094334 status 401 Unauthorized
[20:51:58] ⚠ 1037496 status 401 Unauthorized
[20:51:58] ⚠ 1039878 status 401 Unauthorized
[20:51:58] ⚠ 7714 status 401 Unauthorized
[20:51:58] ⚠ 1040891 status 401 Unauthorized
[20:51:58] ⚠ 1078025 status 401 Unauthorized
[20:51:58] ⚠ 1051040 status 401 Unauthorized
[20:51:58] ⚠ 1044503 status 401 Unauthorized
[20:51:58] ⚠ 1074151 status 401 Unauthorized
[20:51:58] ⚠ 1065383 status 401 Unauthorized
[20:51:58] ⚠ 1024804 status 401 Unauthorized
[20:51:58] ⚠ 1008705 status 401 Unauthorized
[20:51:58] ⚠ 29998 status 401 Unauthorized
[20:51:58] ⚠ 1030389 status 401 Unauthorized
[20:51:58] ⚠ 1093265 status 401 Unauthorized
[20:51:58] ⚠ 1076602 status 401 Unauthorized
[20:51:59] ⚠ 1031638 status 401 Unauthorized
[20:51:59] ⚠ 1037228 status 401 Unauthorized
[20:51:59] ⚠ 1039860 status 401 Unauthorized
[20:51:59] ⚠ 1027478 status 401 Unauthorized
[20:51:59] ⚠ 1031636 status 401 Unauthorized
[20:51:59] ⚠ 1009194 status 401 Unauthorized
[20:51:59] ⚠ 1041672 status 401 Unauthorized
[20:51:59] ⚠ 1047659 status 401 Unauthorized
[20:51:59] ⚠ 1039846 status 401 Unauthorized
[20:51:59] ⚠ 1039847 status 401 Unauthorized
[20:51:59] ⚠ 1096733 status 401 Unauthorized
[20:51:59] ⚠ 1049243 status 401 Unauthorized
[20:51:59] ⚠ 50915 status 401 Unauthorized
[20:51:59] ⚠ 11264 status 401 Unauthorized
[20:51:59] ⚠ 1039875 status 401 Unauthorized
[20:51:59] ⚠ 1041688 status 401 Unauthorized
[20:51:59] ⚠ 4106 status 401 Unauthorized
[20:51:59] ⚠ 28206 status 401 Unauthorized
[20:51:59] ⚠ 2855 status 401 Unauthorized
[20:51:59] ⚠ 1041687 status 401 Unauthorized
[20:51:59] ⚠ 1036959 status 401 Unauthorized
[20:51:59] ⚠ 25805 status 401 Unauthorized
[20:51:59] ⚠ 1097120 status 401 Unauthorized
[20:51:59] ⚠ 1001773 status 401 Unauthorized
[20:51:59] ⚠ 1039864 status 401 Unauthorized
[20:51:59] ⚠ 1089130 status 401 Unauthorized
[20:51:59] ⚠ 1024343 status 401 Unauthorized
[20:51:59] ⚠ 9292 status 401 Unauthorized
[20:51:59] ⚠ 1039865 status 401 Unauthorized
[20:51:59] ⚠ 27151 status 401 Unauthorized
[20:51:59] ⚠ 4097 status 401 Unauthorized
[20:51:59] ⚠ 9365 status 401 Unauthorized
[20:51:59] ⚠ 9242 status 401 Unauthorized
[20:51:59] ⚠ 1088822 status 401 Unauthorized
[20:51:59] ⚠ 1040466 status 401 Unauthorized
[20:51:59] ⚠ 1018795 status 401 Unauthorized
[20:51:59] ⚠ 1041685 status 401 Unauthorized
[20:51:59] ⚠ 1039850 status 401 Unauthorized
[20:51:59] ⚠ 1039862 status 401 Unauthorized
[20:51:59] ⚠ 7258 status 401 Unauthorized
[20:51:59] ⚠ 25803 status 401 Unauthorized
[20:51:59] ⚠ 44361 status 401 Unauthorized
[20:51:59] ⚠ 1039849 status 401 Unauthorized
[20:51:59] ⚠ 1098929 status 401 Unauthorized
[20:51:59] ⚠ 1046654 status 401 Unauthorized
[20:51:59] ⚠ 1041244 status 401 Unauthorized
[20:51:59] ⚠ 36376 status 401 Unauthorized
[20:51:59] ⚠ 7841 status 401 Unauthorized
[20:51:59] ⚠ 4693 status 401 Unauthorized
[20:51:59] ⚠ 1039851 status 401 Unauthorized
[20:51:59] ⚠ 56048 status 401 Unauthorized
[20:51:59] ⚠ 13958 status 401 Unauthorized
[20:51:59] ⚠ 1039848 status 401 Unauthorized
[20:51:59] ⚠ 7813 status 401 Unauthorized
[20:51:59] ⚠ 1041449 status 401 Unauthorized
[20:51:59] ⚠ 7301 status 401 Unauthorized
[20:51:59] ⚠ 7543 status 401 Unauthorized
[20:51:59] ⚠ 14120 status 401 Unauthorized
[20:51:59] ⚠ 9920 status 401 Unauthorized
[20:51:59] ⚠ 1080239 status 401 Unauthorized
[20:51:59] ⚠ 1016089 status 401 Unauthorized
[20:51:59] ⚠ 1056572 status 401 Unauthorized
[20:51:59] ⚠ 4189 status 401 Unauthorized
[20:51:59] ⚠ 28968 status 401 Unauthorized
[20:51:59] ⚠ 1018799 status 401 Unauthorized
[20:51:59] ⚠ 4380 status 401 Unauthorized
[20:51:59] ⚠ 1041394 status 401 Unauthorized
[20:51:59] ⚠ 4171 status 401 Unauthorized
[20:51:59] ⚠ 1030438 status 401 Unauthorized
[20:51:59] ⚠ 60083 status 401 Unauthorized
[20:51:59] ⚠ 1037525 status 401 Unauthorized
[20:51:59] ⚠ 4178 status 401 Unauthorized
[20:51:59] ⚠ 1075746 status 401 Unauthorized
[20:51:59] ⚠ 55733 status 401 Unauthorized
[20:51:59] ⚠ 1022965 status 401 Unauthorized
[20:51:59] ⚠ 1037518 status 401 Unauthorized
[20:51:59] ⚠ 27373 status 401 Unauthorized
[21:06:30] 📍 Loaded 563 district venues
[21:06:30] 🚀 DISTRICT SCRAPER STARTED
[21:06:31] ⚠ 1008705 status 401 Unauthorized
[21:06:31] ⚠ 7714 status 401 Unauthorized
[21:06:31] ⚠ 1039878 status 401 Unauthorized
[21:06:31] ⚠ 1074151 status 401 Unauthorized
[21:06:31] ⚠ 1037496 status 401 Unauthorized
[21:06:31] ⚠ 1049243 status 401 Unauthorized
[21:06:31] ⚠ 1024804 status 401 Unauthorized
[21:06:31] ⚠ 1044503 status 401 Unauthorized
[21:06:31] ⚠ 1040891 status 401 Unauthorized
[21:06:31] ⚠ 1094334 status 401 Unauthorized
[21:06:31] ⚠ 1051040 status 401 Unauthorized
[21:06:31] ⚠ 1065383 status 401 Unauthorized
[21:06:31] ⚠ 1078025 status 401 Unauthorized
[21:06:31] ⚠ 1039847 status 401 Unauthorized
[21:06:31] ⚠ 1041688 status 401 Unauthorized
[21:06:31] ⚠ 1093265 status 401 Unauthorized
[21:06:31] ⚠ 29998 status 401 Unauthorized
[21:06:31] ⚠ 1039846 status 401 Unauthorized
[21:06:31] ⚠ 1031638 status 401 Unauthorized
[21:06:31] ⚠ 50915 status 401 Unauthorized
[21:06:31] ⚠ 1030389 status 401 Unauthorized
[21:06:31] ⚠ 1037228 status 401 Unauthorized
[21:06:31] ⚠ 11264 status 401 Unauthorized
[21:06:31] ⚠ 1076602 status 401 Unauthorized
[21:06:31] ⚠ 1039860 status 401 Unauthorized
[21:06:31] ⚠ 1027478 status 401 Unauthorized
[21:06:31] ⚠ 1009194 status 401 Unauthorized
[21:06:31] ⚠ 1031636 status 401 Unauthorized
[21:06:31] ⚠ 1041672 status 401 Unauthorized
[21:06:31] ⚠ 1047659 status 401 Unauthorized
[21:06:31] ⚠ 1041687 status 401 Unauthorized
[21:06:31] ⚠ 1039875 status 401 Unauthorized
[21:06:31] ⚠ 1096733 status 401 Unauthorized
[21:06:31] ⚠ 28206 status 401 Unauthorized
[21:06:31] ⚠ 4106 status 401 Unauthorized
[21:06:31] ⚠ 1039862 status 401 Unauthorized
[21:06:31] ⚠ 1001773 status 401 Unauthorized
[21:06:31] ⚠ 2855 status 401 Unauthorized
[21:06:31] ⚠ 1024343 status 401 Unauthorized
[21:06:31] ⚠ 1036959 status 401 Unauthorized
[21:06:31] ⚠ 1097120 status 401 Unauthorized
[21:06:31] ⚠ 1088822 status 401 Unauthorized
[21:06:31] ⚠ 1089130 status 401 Unauthorized
[21:06:31] ⚠ 1039850 status 401 Unauthorized
[21:06:31] ⚠ 25805 status 401 Unauthorized
[21:06:31] ⚠ 1039864 status 401 Unauthorized
[21:06:31] ⚠ 7258 status 401 Unauthorized
[21:06:31] ⚠ 1040466 status 401 Unauthorized
[21:06:31] ⚠ 9292 status 401 Unauthorized
[21:06:31] ⚠ 9242 status 401 Unauthorized
[21:06:31] ⚠ 25803 status 401 Unauthorized
[21:06:31] ⚠ 1018795 status 401 Unauthorized
[21:06:31] ⚠ 27151 status 401 Unauthorized
[21:06:31] ⚠ 1039865 status 401 Unauthorized
[21:06:31] ⚠ 9365 status 401 Unauthorized
[21:06:31] ⚠ 1041685 status 401 Unauthorized
[21:06:31] ⚠ 44361 status 401 Unauthorized
[21:06:31] ⚠ 4097 status 401 Unauthorized
[21:06:31] ⚠ 36376 status 401 Unauthorized
[21:06:31] ⚠ 1098929 status 401 Unauthorized
[21:06:31] ⚠ 1046654 status 401 Unauthorized
[21:06:32] ⚠ 1039849 status 401 Unauthorized
[21:06:32] ⚠ 1041244 status 401 Unauthorized
[21:06:32] ⚠ 7543 status 401 Unauthorized
[21:06:32] ⚠ 56048 status 401 Unauthorized
[21:06:32] ⚠ 4693 status 401 Unauthorized
[21:06:32] ⚠ 1039851 status 401 Unauthorized
[21:06:32] ⚠ 7813 status 401 Unauthorized
[21:06:32] ⚠ 1041449 status 401 Unauthorized
[21:06:32] ⚠ 1039848 status 401 Unauthorized
[21:06:32] ⚠ 13958 status 401 Unauthorized
[21:06:32] ⚠ 7301 status 401 Unauthorized
[21:06:32] ⚠ 4380 status 401 Unauthorized
[21:06:32] ⚠ 1056572 status 401 Unauthorized
[21:06:32] ⚠ 7841 status 401 Unauthorized
[21:06:32] ⚠ 9920 status 401 Unauthorized
[21:06:32] ⚠ 1080239 status 401 Unauthorized
[21:06:32] ⚠ 1041394 status 401 Unauthorized
[21:06:32] ⚠ 28968 status 401 Unauthorized
[21:06:32] ⚠ 1016089 status 401 Unauthorized
[21:06:32] ⚠ 4189 status 401 Unauthorized
[21:06:32] ⚠ 1018799 status 401 Unauthorized
[21:06:32] ⚠ 1022965 status 401 Unauthorized
[21:06:32] ⚠ 1075746 status 401 Unauthorized
[21:06:32] ⚠ 1030438 status 401 Unauthorized
[21:06:32] ⚠ 4171 status 401 Unauthorized
[21:06:32] ⚠ 14120 status 401 Unauthorized
[21:06:32] ⚠ 55733 status 401 Unauthorized
[21:06:32] ⚠ 4178 status 401 Unauthorized
[21:06:32] ⚠ 1016053 status 401 Unauthorized
[21:06:32] ⚠ 1037518 status 401 Unauthorized
[21:06:32] ⚠ 60083 status 401 Unauthorized
[21:06:32] ⚠ 60085 status 401 Unauthorized
[21:06:32] ⚠ 24521 status 401 Unauthorized
[21:06:32] ⚠ 27373 status 401 Unauthorized
[21:06:32] ⚠ 1037525 status 401 Unauthorized
[21:06:32] ⚠ 1008456 status 401 Unauthorized
[21:06:32] ⚠ 1053400 status 401 Unauthorized
[21:06:32] ⚠ 1041743 status 401 Unauthorized
[21:06:32] ⚠ 1008418 status 401 Unauthorized
[21:06:32] ⚠ 1018652 status 401 Unauthorized
[21:06:32] ⚠ 17069 status 401 Unauthorized
[21:06:32] ⚠ 10940 status 401 Unauthorized
[21:06:32] ⚠ 25804 status 401 Unauthorized
[21:06:32] ⚠ 9487 status 401 Unauthorized
[21:06:32] ⚠ 1016133 status 401 Unauthorized
[21:06:32] ⚠ 1050791 status 401 Unauthorized
[21:06:32] ⚠ 1037961 status 401 Unauthorized
[21:06:32] ⚠ 1041728 status 401 Unauthorized
[21:06:32] ⚠ 5059 status 401 Unauthorized
[21:06:32] ⚠ 1053618 status 401 Unauthorized
[21:06:32] ⚠ 1036962 status 401 Unauthorized
[21:06:32] ⚠ 1016088 status 401 Unauthorized
[21:06:32] ⚠ 1030504 status 401 Unauthorized
[21:06:32] ⚠ 55272 status 401 Unauthorized
[21:06:32] ⚠ 1049666 status 401 Unauthorized
[21:06:32] ⚠ 1042615 status 401 Unauthorized
[21:06:32] ⚠ 1042640 status 401 Unauthorized
[21:06:32] ⚠ 1042635 status 401 Unauthorized
[21:06:32] ⚠ 1011174 status 401 Unauthorized
[21:06:32] ⚠ 1007054 status 401 Unauthorized
[21:06:32] ⚠ 1024343 status 401 Unauthorized
[21:06:32] ⚠ 4891 status 401 Unauthorized
[21:06:32] ⚠ 1037511 status 401 Unauthorized
[21:06:32] ⚠ 4248 status 401 Unauthorized
[21:06:32] ⚠ 1042453 status 401 Unauthorized
[21:06:32] ⚠ 28925 status 401 Unauthorized
[21:06:32] ⚠ 3910 status 401 Unauthorized
[21:06:32] ⚠ 3981 status 401 Unauthorized
[21:06:32] ⚠ 3960 status 401 Unauthorized
[21:06:32] ⚠ 1037502 status 401 Unauthorized
[21:06:32] ⚠ 4232 status 401 Unauthorized
[21:06:32] ⚠ 1037526 status 401 Unauthorized
[21:06:32] ⚠ 22684 status 401 Unauthorized
[21:06:32] ⚠ 1041504 status 401 Unauthorized
[21:06:32] ⚠ 14702 status 401 Unauthorized
[21:06:32] ⚠ 19528 status 401 Unauthorized
[21:06:32] ⚠ 7881 status 401 Unauthorized
[21:06:32] ⚠ 14694 status 401 Unauthorized
[21:06:32] ⚠ 32194 status 401 Unauthorized
[21:06:32] ⚠ 1012595 status 401 Unauthorized
[21:06:32] ⚠ 6044 status 401 Unauthorized
[21:06:32] ⚠ 4028 status 401 Unauthorized
[21:06:32] ⚠ 7534 status 401 Unauthorized
[21:06:32] ⚠ 4008 status 401 Unauthorized
[21:06:32] ⚠ 1067946 status 401 Unauthorized
[21:06:32] ⚠ 43348 status 401 Unauthorized
[21:06:32] ⚠ 9135 status 401 Unauthorized
[21:06:32] ⚠ 4067 status 401 Unauthorized
[21:06:32] ⚠ 58633 status 401 Unauthorized
[21:06:32] ⚠ 6057 status 401 Unauthorized
[21:06:32] ⚠ 25860 status 401 Unauthorized
[21:06:32] ⚠ 1019166 status 401 Unauthorized
[21:06:32] ⚠ 10250 status 401 Unauthorized
[21:06:32] ⚠ 1018798 status 401 Unauthorized
[21:06:32] ⚠ 1050645 status 401 Unauthorized
[21:06:32] ⚠ 1037530 status 401 Unauthorized
[21:06:32] ⚠ 1091219 status 401 Unauthorized
[21:06:32] ⚠ 1092958 status 401 Unauthorized
[21:06:32] ⚠ 1005798 status 401 Unauthorized
[21:06:32] ⚠ 1005799 status 401 Unauthorized
[21:06:32] ⚠ 1020333 status 401 Unauthorized
[21:06:32] ⚠ 1015289 status 401 Unauthorized
[21:06:32] ⚠ 1089067 status 401 Unauthorized
[21:06:32] ⚠ 1034375 status 401 Unauthorized
[21:06:32] ⚠ 1025291 status 401 Unauthorized
[21:06:33] ⚠ 4608 status 401 Unauthorized
[21:06:33] ⚠ 1044095 status 401 Unauthorized
[21:06:33] ⚠ 1034383 status 401 Unauthorized
[21:06:33] ⚠ 1019593 status 401 Unauthorized
[21:06:33] ⚠ 1041725 status 401 Unauthorized
[21:06:33] ⚠ 1033632 status 401 Unauthorized
[21:06:33] ⚠ 1058794 status 401 Unauthorized
[21:06:33] ⚠ 1058533 status 401 Unauthorized
[21:06:33] ⚠ 1039768 status 401 Unauthorized
[21:06:33] ⚠ 27150 status 401 Unauthorized
[21:06:33] ⚠ 1023626 status 401 Unauthorized
[21:06:33] ⚠ 1034186 status 401 Unauthorized
[21:06:33] ⚠ 1015291 status 401 Unauthorized
[21:06:33] ⚠ 1034254 status 401 Unauthorized
[21:06:33] ⚠ 44966 status 401 Unauthorized
[21:06:33] ⚠ 4042 status 401 Unauthorized
[21:06:33] ⚠ 27715 status 401 Unauthorized
[21:06:33] ⚠ 1039751 status 401 Unauthorized
[21:06:33] ⚠ 1013208 status 401 Unauthorized
[21:06:33] ⚠ 27716 status 401 Unauthorized
[21:06:33] ⚠ 7747 status 401 Unauthorized
[21:06:33] ⚠ 24929 status 401 Unauthorized
[21:06:33] ⚠ 1063761 status 401 Unauthorized
[21:07:43] 📍 Loaded 563 district venues
[21:07:43] 🚀 DISTRICT SCRAPER STARTED
[21:07:44] ⚠ 1040891 status 401 Unauthorized
[21:07:44] ⚠ 1094334 status 401 Unauthorized
[21:07:44] ⚠ 1065383 status 401 Unauthorized
[21:07:44] ⚠ 1074151 status 401 Unauthorized
[21:07:44] ⚠ 1030389 status 401 Unauthorized
[21:07:44] ⚠ 1049243 status 401 Unauthorized
[21:07:44] ⚠ 1051040 status 401 Unauthorized
[21:07:44] ⚠ 1031638 status 401 Unauthorized
[21:07:44] ⚠ 29998 status 401 Unauthorized
[21:07:44] ⚠ 11264 status 401 Unauthorized
[21:07:44] ⚠ 1008705 status 401 Unauthorized
[21:07:44] ⚠ 1041688 status 401 Unauthorized
[21:07:44] ⚠ 50915 status 401 Unauthorized
[21:07:44] ⚠ 1093265 status 401 Unauthorized
[21:07:44] ⚠ 7714 status 401 Unauthorized
[21:07:44] ⚠ 1039878 status 401 Unauthorized
[21:07:44] ⚠ 1078025 status 401 Unauthorized
[21:07:44] ⚠ 1037496 status 401 Unauthorized
[21:07:44] ⚠ 1024804 status 401 Unauthorized
[21:07:44] ⚠ 1076602 status 401 Unauthorized
[21:07:44] ⚠ 1044503 status 401 Unauthorized
[21:07:44] ⚠ 1039847 status 401 Unauthorized
[21:07:44] ⚠ 1037228 status 401 Unauthorized
[21:07:44] ⚠ 1027478 status 401 Unauthorized
[21:07:44] ⚠ 1039846 status 401 Unauthorized
[21:07:44] ⚠ 1031636 status 401 Unauthorized
[21:07:44] ⚠ 1009194 status 401 Unauthorized
[21:07:44] ⚠ 1039860 status 401 Unauthorized
[21:07:44] ⚠ 1039875 status 401 Unauthorized
[21:07:44] ⚠ 1041687 status 401 Unauthorized
[21:07:44] ⚠ 28206 status 401 Unauthorized
[21:07:44] ⚠ 4106 status 401 Unauthorized
[21:07:44] ⚠ 1047659 status 401 Unauthorized
[21:07:44] ⚠ 1096733 status 401 Unauthorized
[21:07:44] ⚠ 2855 status 401 Unauthorized
[21:07:44] ⚠ 1024343 status 401 Unauthorized
[21:07:44] ⚠ 1039862 status 401 Unauthorized
[21:07:44] ⚠ 25805 status 401 Unauthorized
[21:07:44] ⚠ 1041672 status 401 Unauthorized
[21:07:44] ⚠ 1097120 status 401 Unauthorized
[21:07:44] ⚠ 9292 status 401 Unauthorized
[21:07:44] ⚠ 1001773 status 401 Unauthorized
[21:07:44] ⚠ 1039864 status 401 Unauthorized
[21:07:44] ⚠ 1036959 status 401 Unauthorized
[21:07:44] ⚠ 1039850 status 401 Unauthorized
[21:07:44] ⚠ 1040466 status 401 Unauthorized
[21:07:44] ⚠ 4097 status 401 Unauthorized
[21:07:44] ⚠ 1098929 status 401 Unauthorized
[21:07:44] ⚠ 1041685 status 401 Unauthorized
[21:07:44] ⚠ 1018795 status 401 Unauthorized
[21:07:44] ⚠ 7258 status 401 Unauthorized
[21:07:44] ⚠ 9242 status 401 Unauthorized
[21:07:44] ⚠ 36376 status 401 Unauthorized
[21:07:44] ⚠ 1088822 status 401 Unauthorized
[21:07:44] ⚠ 1089130 status 401 Unauthorized
[21:07:44] ⚠ 44361 status 401 Unauthorized
[21:07:44] ⚠ 25803 status 401 Unauthorized
[21:07:44] ⚠ 1039865 status 401 Unauthorized
[21:07:44] ⚠ 27151 status 401 Unauthorized
[21:07:44] ⚠ 9365 status 401 Unauthorized
[21:07:44] ⚠ 1046654 status 401 Unauthorized
[21:07:44] ⚠ 1039849 status 401 Unauthorized
[21:07:44] ⚠ 1041244 status 401 Unauthorized
[21:07:44] ⚠ 1039851 status 401 Unauthorized
[21:07:44] ⚠ 7543 status 401 Unauthorized
[21:07:44] ⚠ 4693 status 401 Unauthorized
[21:07:44] ⚠ 7813 status 401 Unauthorized
[21:07:44] ⚠ 7301 status 401 Unauthorized
[21:07:44] ⚠ 56048 status 401 Unauthorized
[21:07:44] ⚠ 1039848 status 401 Unauthorized
[21:07:44] ⚠ 1041449 status 401 Unauthorized
[21:07:44] ⚠ 1016089 status 401 Unauthorized
[21:07:44] ⚠ 4380 status 401 Unauthorized
[21:07:44] ⚠ 28968 status 401 Unauthorized
[21:07:44] ⚠ 7841 status 401 Unauthorized
[21:07:44] ⚠ 1080239 status 401 Unauthorized
[21:07:44] ⚠ 1056572 status 401 Unauthorized
[21:07:44] ⚠ 14120 status 401 Unauthorized
[21:07:44] ⚠ 13958 status 401 Unauthorized
[21:07:44] ⚠ 4189 status 401 Unauthorized
[21:07:44] ⚠ 27373 status 401 Unauthorized
[21:07:44] ⚠ 1041394 status 401 Unauthorized
[21:07:44] ⚠ 9920 status 401 Unauthorized
[21:07:44] ⚠ 1018799 status 401 Unauthorized
[21:07:45] ⚠ 1022965 status 401 Unauthorized
[21:07:45] ⚠ 55733 status 401 Unauthorized
[21:07:45] ⚠ 60083 status 401 Unauthorized
[21:07:45] ⚠ 1030438 status 401 Unauthorized
[21:07:45] ⚠ 1075746 status 401 Unauthorized
[21:07:45] ⚠ 4178 status 401 Unauthorized
[21:07:45] ⚠ 1053400 status 401 Unauthorized
[21:07:45] ⚠ 1037525 status 401 Unauthorized
[21:07:45] ⚠ 60085 status 401 Unauthorized
[21:07:45] ⚠ 24521 status 401 Unauthorized
[21:07:45] ⚠ 1037518 status 401 Unauthorized
[21:07:45] ⚠ 1008456 status 401 Unauthorized
[21:07:45] ⚠ 4171 status 401 Unauthorized
[21:07:45] ⚠ 1016053 status 401 Unauthorized
[21:07:45] ⚠ 1008418 status 401 Unauthorized
[21:07:45] ⚠ 17069 status 401 Unauthorized
[21:07:45] ⚠ 1041743 status 401 Unauthorized
[21:07:45] ⚠ 1041728 status 401 Unauthorized
[21:07:45] ⚠ 10940 status 401 Unauthorized
[21:07:45] ⚠ 1018652 status 401 Unauthorized
[21:07:45] ⚠ 25804 status 401 Unauthorized
[21:07:45] ⚠ 9487 status 401 Unauthorized
[21:07:45] ⚠ 1037961 status 401 Unauthorized
[21:07:45] ⚠ 1042615 status 401 Unauthorized
[21:07:45] ⚠ 1016088 status 401 Unauthorized
[21:07:45] ⚠ 1030504 status 401 Unauthorized
[21:07:45] ⚠ 5059 status 401 Unauthorized
[21:07:45] ⚠ 1053618 status 401 Unauthorized
[21:07:45] ⚠ 1016133 status 401 Unauthorized
[21:07:45] ⚠ 1050791 status 401 Unauthorized
[21:07:45] ⚠ 55272 status 401 Unauthorized
[21:07:45] ⚠ 1042640 status 401 Unauthorized
[21:07:45] ⚠ 1036962 status 401 Unauthorized
[21:07:45] ⚠ 1049666 status 401 Unauthorized
[21:07:45] ⚠ 1042635 status 401 Unauthorized
[21:07:45] ⚠ 1037511 status 401 Unauthorized
[21:07:45] ⚠ 1011174 status 401 Unauthorized
[21:07:45] ⚠ 1007054 status 401 Unauthorized
[21:07:45] ⚠ 4891 status 401 Unauthorized
[21:07:45] ⚠ 1024343 status 401 Unauthorized
[21:07:45] ⚠ 4248 status 401 Unauthorized
[21:07:45] ⚠ 3960 status 401 Unauthorized
[21:07:45] ⚠ 1037502 status 401 Unauthorized
[21:07:45] ⚠ 28925 status 401 Unauthorized
[21:07:45] ⚠ 1042453 status 401 Unauthorized
[21:07:45] ⚠ 3981 status 401 Unauthorized
[21:07:45] ⚠ 3910 status 401 Unauthorized
[21:07:45] ⚠ 22684 status 401 Unauthorized
[21:07:45] ⚠ 1037526 status 401 Unauthorized
[21:07:45] ⚠ 6044 status 401 Unauthorized
[21:07:45] ⚠ 1041504 status 401 Unauthorized
[21:07:45] ⚠ 4232 status 401 Unauthorized
[21:07:45] ⚠ 14694 status 401 Unauthorized
[21:07:45] ⚠ 19528 status 401 Unauthorized
[21:07:45] ⚠ 14702 status 401 Unauthorized
[21:07:45] ⚠ 7881 status 401 Unauthorized
[21:07:45] ⚠ 32194 status 401 Unauthorized
[21:07:45] ⚠ 1012595 status 401 Unauthorized
[21:07:45] ⚠ 4028 status 401 Unauthorized
[21:07:45] ⚠ 7534 status 401 Unauthorized
[21:07:45] ⚠ 4008 status 401 Unauthorized
[21:07:45] ⚠ 4067 status 401 Unauthorized
[21:07:45] ⚠ 1067946 status 401 Unauthorized
[21:07:45] ⚠ 58633 status 401 Unauthorized
[21:07:45] ⚠ 9135 status 401 Unauthorized
[21:07:45] ⚠ 25860 status 401 Unauthorized
[21:07:45] ⚠ 1019166 status 401 Unauthorized
[21:07:45] ⚠ 43348 status 401 Unauthorized
[21:07:45] ⚠ 6057 status 401 Unauthorized
[21:07:45] ⚠ 10250 status 401 Unauthorized
[21:07:45] ⚠ 1091219 status 401 Unauthorized
[21:07:45] ⚠ 1018798 status 401 Unauthorized
[21:07:45] ⚠ 1005799 status 401 Unauthorized
[21:07:45] ⚠ 1092958 status 401 Unauthorized
[21:07:45] ⚠ 1005798 status 401 Unauthorized
[21:07:45] ⚠ 1034375 status 401 Unauthorized
[21:07:45] ⚠ 1037530 status 401 Unauthorized
[21:07:45] ⚠ 1050645 status 401 Unauthorized
[21:07:45] ⚠ 1089067 status 401 Unauthorized
[21:07:45] ⚠ 1020333 status 401 Unauthorized
[21:07:45] ⚠ 1015289 status 401 Unauthorized
[21:07:45] ⚠ 1034383 status 401 Unauthorized
[21:07:45] ⚠ 1025291 status 401 Unauthorized
[21:07:45] ⚠ 1023626 status 401 Unauthorized
[21:07:45] ⚠ 1058794 status 401 Unauthorized
[21:07:45] ⚠ 1033632 status 401 Unauthorized
[21:07:45] ⚠ 4608 status 401 Unauthorized
[21:07:45] ⚠ 1058533 status 401 Unauthorized
[21:07:45] ⚠ 1041725 status 401 Unauthorized
[21:07:45] ⚠ 1044095 status 401 Unauthorized
[21:07:45] ⚠ 27150 status 401 Unauthorized
[21:07:46] ⚠ 1015291 status 401 Unauthorized
[21:07:46] ⚠ 27715 status 401 Unauthorized
[21:07:46] ⚠ 1039768 status 401 Unauthorized
[21:07:46] ⚠ 1019593 status 401 Unauthorized
[21:07:46] ⚠ 1034186 status 401 Unauthorized
[21:07:46] ⚠ 1034254 status 401 Unauthorized
[21:07:46] ⚠ 27716 status 401 Unauthorized
[21:07:46] ⚠ 4306 status 401 Unauthorized
[21:07:46] ⚠ 24351 status 401 Unauthorized
[21:07:46] ⚠ 1013208 status 401 Unauthorized
[21:07:46] ⚠ 1088790 status 401 Unauthorized
[21:07:46] ⚠ 1016986 status 401 Unauthorized
[21:07:46] ⚠ 28214 status 401 Unauthorized
[21:07:46] ⚠ 44966 status 401 Unauthorized
[21:07:46] ⚠ 24929 status 401 Unauthorized
[21:07:46] ⚠ 1063761 status 401 Unauthorized
[21:07:46] ⚠ 4042 status 401 Unauthorized
[21:07:46] ⚠ 496 status 401 Unauthorized
[21:07:46] ⚠ 7747 status 401 Unauthorized
[21:07:46] ⚠ 1039751 status 401 Unauthorized
[21:07:46] ⚠ 1037520 status 401 Unauthorized
[21:07:46] ⚠ 9373 status 401 Unauthorized
[21:07:46] ⚠ 1037142 status 401 Unauthorized
[21:07:46] ⚠ 4217 status 401 Unauthorized
[21:07:46] ⚠ 1088803 status 401 Unauthorized
[21:07:46] ⚠ 1083399 status 401 Unauthorized
[21:07:46] ⚠ 1053939 status 401 Unauthorized
[21:07:46] ⚠ 52996 status 401 Unauthorized
[21:07:46] ⚠ 1039424 status 401 Unauthorized
[21:07:46] ⚠ 1067686 status 401 Unauthorized
[21:07:46] ⚠ 7752 status 401 Unauthorized
[21:07:46] ⚠ 1041692 status 401 Unauthorized
[21:07:46] ⚠ 1036961 status 401 Unauthorized
[21:07:46] ⚠ 1020288 status 401 Unauthorized
[21:07:46] ⚠ 15527 status 401 Unauthorized
[21:07:46] ⚠ 31987 status 401 Unauthorized
[21:07:46] ⚠ 1015795 status 401 Unauthorized
[21:07:46] ⚠ 26401 status 401 Unauthorized
[21:07:46] ⚠ 7222 status 401 Unauthorized
[21:07:46] ⚠ 16791 status 401 Unauthorized
[21:07:46] ⚠ 44366 status 401 Unauthorized
[21:07:46] ⚠ 509 status 401 Unauthorized
[21:07:46] ⚠ 1063452 status 401 Unauthorized
[21:07:46] ⚠ 1020190 status 401 Unauthorized
[21:07:46] ⚠ 4332 status 401 Unauthorized
[21:07:46] ⚠ 22305 status 401 Unauthorized
[21:07:46] ⚠ 1008409 status 401 Unauthorized
[21:07:46] ⚠ 1003802 status 401 Unauthorized
[21:07:46] ⚠ 1003773 status 401 Unauthorized
[21:07:46] ⚠ 6093 status 401 Unauthorized
[21:07:46] ⚠ 9420 status 401 Unauthorized
[21:07:46] ⚠ 30524 status 401 Unauthorized
[21:07:46] ⚠ 5041 status 401 Unauthorized
[21:07:46] ⚠ 1030422 status 401 Unauthorized
[21:07:46] ⚠ 25938 status 401 Unauthorized
[21:07:46] ⚠ 32294 status 401 Unauthorized
[21:07:46] ⚠ 1008335 status 401 Unauthorized
