[18:59:21] 🚀 BMS DAILY TRACKER STARTED
[18:59:21] [1/296] CDCA
[18:59:21] 🧠 New identity
[18:59:22] [2/296] MNSR
[18:59:23] [3/296] CSSL
[18:59:23] [4/296] BGGM
[18:59:24] [5/296] MANT
[18:59:25] [6/296] SOOY
[18:59:26] [7/296] VPPK
[18:59:28] [8/296] MYHJ
[18:59:28] [9/296] KSCK
[18:59:29] [10/296] KATK
[18:59:30] [11/296] RTRT
[18:59:31] [12/296] SSTT
[18:59:32] [13/296] SSTV
[18:59:33] [14/296] LACM
[18:59:34] [15/296] SGMG
[18:59:35] [16/296] KACX
[18:59:35] [17/296] GVCP
[18:59:36] [18/296] CSNC
[18:59:37] [19/296] SXCB
[18:59:38] [20/296] BAHS
[18:59:39] [21/296] PCBI
[18:59:40] [22/296] PSSM
[18:59:41] [23/296] RCOK
[18:59:42] [24/296] SCPF
[18:59:42] [25/296] SSAS
[18:59:43] [26/296] EVMM
[18:59:44] [27/296] SYCB
[18:59:45] [28/296] GCKI
[18:59:47] [29/296] IAET
[18:59:48] [30/296] DDTD
[18:59:49] [31/296] GMDH
[18:59:50] [32/296] STLE
[18:59:51] [33/296] JTRA
[18:59:51] [34/296] RPPA
[18:59:52] [35/296] ARUT
[18:59:53] [36/296] JTVM
[18:59:54] [37/296] SWRH
[18:59:55] [38/296] DCPC
[18:59:56] [39/296] RAPR
[18:59:57] [40/296] GCRT
[18:59:58] [41/296] ATUN
[18:59:59] [42/296] LTRM
[19:00:00] [43/296] TASR
[19:00:00] [44/296] RLLC
[19:00:01] [45/296] MABI
[19:00:02] [46/296] SVHB
[19:00:03] [47/296] NVTB
[19:00:04] [48/296] KCKG
[19:00:05] [49/296] SSRN
[19:00:06] [50/296] VDDC
[19:00:06] [51/296] GKTK
[19:00:07] [52/296] YFSN
[19:00:08] [53/296] GCSG
[19:00:09] [54/296] ESSM
[19:00:10] [55/296] KRIH
[19:00:11] [56/296] GCDS
[19:00:12] [57/296] CCSH
[19:00:13] [58/296] ACSK
[19:00:14] [59/296] APRK
[19:00:15] [60/296] ADKM
[19:00:16] [61/296] SRDM
[19:00:16] [62/296] RMOG
[19:00:17] [63/296] SJMY
[19:00:18] [64/296] PGGC
[19:00:19] [65/296] INGM
[19:00:21] [66/296] LSCB
[19:00:21] [67/296] STAD
[19:00:22] [68/296] MCCR
[19:00:24] [69/296] ABCC
[19:00:25] [70/296] RKCC
[19:00:26] [71/296] RTCR
[19:00:27] [72/296] GGBC
[19:00:27] [73/296] GCSD
[19:00:28] [74/296] LPTY
[19:00:29] [75/296] MCFD
[19:00:30] [76/296] HENN
[19:00:31] [77/296] SMKU
[19:00:32] [78/296] TNZC
[19:00:32] [79/296] DRCD
[19:00:33] [80/296] DLCD
[19:00:34] [81/296] RCDA
[19:00:35] [82/296] COSM
[19:00:36] [83/296] MCMJ
[19:00:37] [84/296] CSTR
[19:00:38] [85/296] CVDK
[19:00:39] [86/296] INRR
[19:00:40] [87/296] RJRT
[19:00:40] [88/296] IRMR
[19:00:41] [89/296] SRCF
[19:00:42] [90/296] GRCR
[19:00:43] [91/296] SURC
[19:00:44] [92/296] NMNH
[19:00:45] [93/296] SVBL
[19:00:46] [94/296] KACI
[19:00:47] [95/296] TDGO
[19:00:48] [96/296] KTBR
[19:00:49] [97/296] PMAD
[19:00:50] [98/296] CCPN
[19:00:51] [99/296] SBTK
[19:00:52] [100/296] LMDK
[19:00:53] [101/296] PGDA
[19:00:54] [102/296] SRML
[19:00:55] [103/296] EVCK
[19:00:57] [104/296] RTTK
[19:00:58] [105/296] SRTU
[19:00:59] [106/296] VRSA
[19:01:00] [107/296] VARS
[19:01:00] [108/296] DSCZ
[19:01:02] [109/296] GAGA
[19:01:03] [110/296] SARV
[19:01:04] [111/296] SEEG
[19:01:05] [112/296] GLCA
[19:01:06] [113/296] APAS
[19:01:07] [114/296] VCIA
[19:01:08] [115/296] SJTA
[19:01:09] [116/296] SABM
[19:01:09] [117/296] PPAG
[19:01:11] [118/296] RVCA
[19:01:12] [119/296] CCIA
[19:01:13] [120/296] HTAG
[19:01:13] [121/296] SMBI
[19:01:14] [122/296] MCJR
[19:01:15] [123/296] CCJR
[19:01:16] [124/296] SINF
[19:01:17] [125/296] CPLX
[19:01:18] [126/296] KKTJ
[19:01:20] [127/296] GDBW
[19:01:21] [128/296] CSUB
[19:01:22] [129/296] DABA
[19:01:23] [130/296] TITR
[19:01:23] [131/296] NYCR
[19:01:24] [132/296] RTRY
[19:01:25] [133/296] JTJL
[19:01:26] [134/296] SJCP
[19:01:27] [135/296] KCCA
[19:01:28] [136/296] MLPG
[19:01:29] [137/296] VRCK
[19:01:29] [138/296] SRIN
[19:01:30] [139/296] CXMK
[19:01:31] [140/296] SKAD
[19:01:32] [141/296] AVTR
[19:01:33] [142/296] PTAJ
[19:01:34] [143/296] SCNK
[19:01:35] [144/296] STTI
[19:01:36] [145/296] KACR
[19:01:37] [146/296] SSDX
[19:01:38] [147/296] VRTJ
[19:01:38] [148/296] RAJD
[19:01:39] [149/296] SCIP
[19:01:40] [150/296] RJSL
[19:01:41] [151/296] ARRS
[19:01:43] [152/296] ASMS
[19:01:44] [153/296] RDTS
[19:01:45] [154/296] DVMY
[19:01:46] [155/296] RASA
[19:01:47] [156/296] INOM
[19:01:48] [157/296] SPRS
[19:01:48] [158/296] SGCS
[19:01:49] [159/296] SALM
[19:01:50] [160/296] PKHC
[19:01:51] [161/296] RCSV
[19:01:52] [162/296] CPKC
[19:01:54] [163/296] AACD
[19:01:54] [164/296] GGCV
[19:01:55] [165/296] SMKD
[19:01:56] [166/296] NBCH
[19:01:57] [167/296] AMCB
[19:01:58] [168/296] OPCN
[19:01:59] [169/296] DCIN
[19:02:00] [170/296] INGW
[19:02:01] [171/296] PKKW
[19:02:02] [172/296] FNGW
[19:02:02] [173/296] GCGD
[19:02:03] [174/296] MSTW
[19:02:04] [175/296] KCCG
[19:02:05] [176/296] MRSS
[19:02:06] [177/296] CLCF
[19:02:07] [178/296] EETS
[19:02:08] [179/296] AATR
[19:02:09] [180/296] CMMN
[19:02:09] [181/296] SCCJ
[19:02:10] [182/296] CDTK
[19:02:11] [183/296] AICP
[19:02:12] [184/296] FNBP
[19:02:13] [185/296] CBPB
[19:02:14] [186/296] CPAS
[19:02:15] [187/296] MAPM
[19:02:16] [188/296] PASD
[19:02:17] [189/296] JCMN
[19:02:17] [190/296] MALB
[19:02:18] [191/296] SACG
[19:02:19] [192/296] DDRX
[19:02:20] [193/296] DDXB
[19:02:21] [194/296] RAMC
[19:02:22] [195/296] SANC
[19:02:23] [196/296] BCBP
[19:02:23] [197/296] ALPC
[19:02:24] [198/296] RBAC
[19:02:25] [199/296] RAJL
[19:02:26] [200/296] MPDX
[19:02:27] [201/296] MUSC
[19:02:29] [202/296] VKMK
[19:02:29] [203/296] SKCG
[19:02:30] [204/296] ANCN
[19:02:31] [205/296] MMCJ
[19:02:32] [206/296] DCAK
[19:02:33] [207/296] SCKG
[19:02:34] [208/296] LMCK
[19:02:35] [209/296] CKKX
[19:02:36] [210/296] ANKU
[19:02:37] [211/296] CSMD
[19:02:38] [212/296] MKMP
[19:02:39] [213/296] SVBG
[19:02:39] [214/296] ROOP
[19:02:40] [215/296] GDMT
[19:02:41] [216/296] FPPF
[19:02:42] [217/296] SFUU
[19:02:43] [218/296] ANCB
[19:02:44] [219/296] SMMC
[19:02:45] [220/296] UGKT
[19:02:46] [221/296] JVRM
[19:02:47] [222/296] BATG
[19:02:48] [223/296] RATE
[19:02:48] [224/296] SKME
[19:02:49] [225/296] LMTP
[19:02:51] [226/296] TCBD
[19:02:52] [227/296] ESBD
[19:02:53] [228/296] GDCU
[19:02:54] [229/296] SNKT
[19:02:55] [230/296] SRNK
[19:02:56] [231/296] SMED
[19:02:57] [232/296] CSQS
[19:02:58] [233/296] ALCS
[19:02:59] [234/296] KCKN
[19:03:01] [235/296] VCCL
[19:03:02] [236/296] MCDA
[19:03:03] [237/296] SHMI
[19:03:04] [238/296] SKHA
[19:03:05] [239/296] SVFK
[19:03:06] [240/296] INVB
[19:03:07] [241/296] MELD
[19:03:08] [242/296] JTYS
[19:03:09] [243/296] INCM
[19:03:10] [244/296] MCDV
[19:03:11] [245/296] KSGK
[19:03:12] [246/296] ICMG
[19:03:13] [247/296] CSCV
[19:03:14] [248/296] STMD
[19:03:15] [249/296] STTR
[19:03:16] [250/296] INVC
[19:03:16] [251/296] JTBL
[19:03:17] [252/296] SRVV
[19:03:18] [253/296] MAVC
[19:03:19] [254/296] SRPP
[19:03:20] [255/296] JGDM
[19:03:21] [256/296] MBSJ
[19:03:22] [257/296] SSLL
[19:03:23] [258/296] SLKP
[19:03:24] [259/296] NSRV
[19:03:25] [260/296] UTDV
[19:03:26] [261/296] KICM
[19:03:27] [262/296] KCMD
[19:03:27] [263/296] TTPP
[19:03:28] [264/296] KMPV
[19:03:29] [265/296] SKTV
[19:03:30] [266/296] STCV
[19:03:31] [267/296] SRDA
[19:03:31] [268/296] JTSX
[19:03:32] [269/296] STBV
[19:03:33] [270/296] APVZ
[19:03:34] [271/296] GSTV
[19:03:35] [272/296] NMVS
[19:03:36] [273/296] SKRT
[19:03:36] [274/296] RMDV
[19:03:37] [275/296] RATG
[19:03:38] [276/296] SJYV
[19:03:39] [277/296] NDGP
[19:03:40] [278/296] SNDG
[19:03:41] [279/296] INSR
[19:03:42] [280/296] INSO
[19:03:43] [281/296] CCSI
[19:03:44] [282/296] RASM
[19:03:45] [283/296] NEWC
[19:03:46] [284/296] VSHL
[19:03:46] [285/296] BISW
[19:03:47] [286/296] GCNG
[19:03:48] [287/296] CWSC
[19:03:49] [288/296] SKAN
[19:03:50] [289/296] SEHP
[19:03:51] [290/296] CCOA
[19:03:52] [291/296] MCAJ
[19:03:53] [292/296] ACDE
[19:03:54] [293/296] AACM
[19:03:55] [294/296] JJCK
[19:03:55] [295/296] RCMO
[19:03:57] [296/296] GDAW
[19:03:58] ✅ DONE | Shows=549 | Movies=43
