[18:59:22] 🚀 BMS DAILY TRACKER STARTED
[18:59:22] [1/459] MBDC
[18:59:22] 🧠 New identity
[18:59:23] [2/459] CHKM
[18:59:24] [3/459] JTKZ
[18:59:25] [4/459] CMCT
[18:59:25] [5/459] ASHO
[18:59:26] [6/459] ECDG
[18:59:27] [7/459] SPAT
[18:59:28] [8/459] HILC
[18:59:28] [9/459] SPPH
[18:59:29] [10/459] SBHN
[18:59:30] [11/459] RRCA
[18:59:31] [12/459] APAA
[18:59:31] [13/459] RAME
[18:59:32] [14/459] TMMS
[18:59:33] [15/459] BATK
[18:59:34] [16/459] LKOP
[18:59:35] [17/459] AMTT
[18:59:36] [18/459] PTGK
[18:59:38] [19/459] ANRS
[18:59:39] [20/459] VWBW
[18:59:40] [21/459] SVFG
[18:59:40] [22/459] STAT
[18:59:41] [23/459] GDCV
[18:59:42] [24/459] VEBI
[18:59:43] [25/459] VDSS
[18:59:44] [26/459] NTHV
[18:59:44] [27/459] AOCH
[18:59:45] [28/459] KASR
[18:59:46] [29/459] AYCS
[18:59:47] [30/459] SHAI
[18:59:48] [31/459] SKPE
[18:59:48] [32/459] SBTA
[18:59:49] [33/459] RTTD
[18:59:51] [34/459] CCJD
[18:59:51] [35/459] RSJJ
[18:59:52] [36/459] RKND
[18:59:53] [37/459] SVTX
[18:59:54] [38/459] BAKM
[18:59:55] [39/459] SVDC
[18:59:56] [40/459] MNCV
[18:59:56] [41/459] SJGC
[18:59:57] [42/459] MTPK
[18:59:58] [43/459] GATP
[18:59:58] [44/459] ABTS
[18:59:59] [45/459] ABDE
[19:00:00] [46/459] RCNM
[19:00:01] [47/459] KTHV
[19:00:02] [48/459] MDGJ
[19:00:03] [49/459] SMLM
[19:00:04] [50/459] JTMA
[19:00:04] [51/459] ACKP
[19:00:05] [52/459] SRTA
[19:00:06] [53/459] STAY
[19:00:06] [54/459] MAVO
[19:00:07] [55/459] APTS
[19:00:08] [56/459] OMEA
[19:00:09] [57/459] TTFD
[19:00:10] [58/459] MJCU
[19:00:11] [59/459] CXTE
[19:00:12] [60/459] CTPX
[19:00:13] [61/459] ASSL
[19:00:14] [62/459] CMVB
[19:00:14] [63/459] VPUR
[19:00:15] [64/459] JJDA
[19:00:16] [65/459] INBL
[19:00:17] [66/459] BIKB
[19:00:17] [67/459] NTBB
[19:00:18] [68/459] GLOB
[19:00:19] [69/459] SNTB
[19:00:21] [70/459] CHGV
[19:00:21] [71/459] SSBZ
[19:00:22] [72/459] PRDB
[19:00:23] [73/459] ISMT
[19:00:24] [74/459] MCSD
[19:00:25] [75/459] JBTT
[19:00:26] [76/459] GEKR
[19:00:27] [77/459] PVUN
[19:00:28] [78/459] NRTB
[19:00:28] [79/459] PRAA
[19:00:29] [80/459] PCBL
[19:00:30] [81/459] PTCM
[19:00:31] [82/459] KHNN
[19:00:32] [83/459] OMJE
[19:00:33] [84/459] STGN
[19:00:33] [85/459] RPMS
[19:00:34] [86/459] NWAD
[19:00:35] [87/459] BLCK
[19:00:35] [88/459] SVAA
[19:00:37] [89/459] URVM
[19:00:37] [90/459] ANTM
[19:00:38] [91/459] VJYM
[19:00:39] [92/459] MAZZ
[19:00:40] [93/459] CSHM
[19:00:40] [94/459] WGMH
[19:00:41] [95/459] SALN
[19:00:42] [96/459] BRTP
[19:00:43] [97/459] SVTA
[19:00:44] [98/459] SBTP
[19:00:45] [99/459] VLSS
[19:00:45] [100/459] SRJA
[19:00:46] [101/459] ANCG
[19:00:47] [102/459] CGGC
[19:00:48] [103/459] CRJA
[19:00:49] [104/459] USCR
[19:00:50] [105/459] MMEF
[19:00:51] [106/459] JCRJ
[19:00:51] [107/459] ADCM
[19:00:52] [108/459] BMYK
[19:00:53] [109/459] KICS
[19:00:54] [110/459] MBBT
[19:00:55] [111/459] MACK
[19:00:56] [112/459] CLDR
[19:00:57] [113/459] JYCR
[19:00:58] [114/459] DCRP
[19:00:59] [115/459] RAHT
[19:00:59] [116/459] CSSM
[19:01:00] [117/459] ATPK
[19:01:02] [118/459] KLRT
[19:01:03] [119/459] SRDD
[19:01:03] [120/459] CKMC
[19:01:04] [121/459] KRVM
[19:01:05] [122/459] AKCP
[19:01:06] [123/459] CNCV
[19:01:06] [124/459] PACT
[19:01:07] [125/459] NATP
[19:01:08] [126/459] PCPK
[19:01:09] [127/459] SMHO
[19:01:09] [128/459] CWTK
[19:01:10] [129/459] RVKZ
[19:01:11] [130/459] ASPD
[19:01:11] [131/459] VTKZ
[19:01:12] [132/459] LCSO
[19:01:13] [133/459] PRDY
[19:01:14] [134/459] RCAP
[19:01:15] [135/459] RGAR
[19:01:16] [136/459] RCAC
[19:01:18] [137/459] PMOD
[19:01:18] [138/459] PVCN
[19:01:19] [139/459] SCRZ
[19:01:20] [140/459] PVPC
[19:01:20] [141/459] STID
[19:01:22] [142/459] NEDD
[19:01:23] [143/459] BNBA
[19:01:23] [144/459] NTCD
[19:01:24] [145/459] OCDE
[19:01:25] [146/459] CCDU
[19:01:26] [147/459] CRXH
[19:01:27] [148/459] VLVT
[19:01:27] [149/459] CICI
[19:01:28] [150/459] SUCB
[19:01:29] [151/459] TCBP
[19:01:30] [152/459] SCCY
[19:01:31] [153/459] LXCY
[19:01:31] [154/459] NCMD
[19:01:32] [155/459] PHCS
[19:01:34] [156/459] DUXR
[19:01:34] [157/459] VNKS
[19:01:35] [158/459] SEDP
[19:01:36] [159/459] SVEN
[19:01:37] [160/459] SRKM
[19:01:38] [161/459] JTLT
[19:01:38] [162/459] SVSS
[19:01:39] [163/459] AMDE
[19:01:40] [164/459] WVRN
[19:01:41] [165/459] ISMG
[19:01:42] [166/459] WVKS
[19:01:43] [167/459] USCG
[19:01:43] [168/459] IOTG
[19:01:44] [169/459] RRJM
[19:01:45] [170/459] EDMP
[19:01:46] [171/459] SCGZ
[19:01:46] [172/459] GMGX
[19:01:47] [173/459] OMTP
[19:01:48] [174/459] MITD
[19:01:49] [175/459] SMMD
[19:01:50] [176/459] STML
[19:01:51] [177/459] MCFS
[19:01:52] [178/459] FPKA
[19:01:53] [179/459] OMLR
[19:01:53] [180/459] KKSC
[19:01:54] [181/459] RVMA
[19:01:55] [182/459] SCLL
[19:01:56] [183/459] SCDK
[19:01:57] [184/459] SXMI
[19:01:57] [185/459] SHDN
[19:01:58] [186/459] PAAD
[19:01:59] [187/459] UUCB
[19:02:00] [188/459] JHOL
[19:02:00] [189/459] SGWT
[19:02:01] [190/459] SRII
[19:02:02] [191/459] SGCK
[19:02:03] [192/459] SVVB
[19:02:04] [193/459] DMHA
[19:02:05] [194/459] PPNL
[19:02:06] [195/459] CPNL
[19:02:06] [196/459] WVLD
[19:02:07] [197/459] PSLV
[19:02:08] [198/459] VTTL
[19:02:09] [199/459] NPAD
[19:02:09] [200/459] PVCS
[19:02:10] [201/459] MCHL
[19:02:11] [202/459] PPLL
[19:02:12] [203/459] MALO
[19:02:13] [204/459] SWBH
[19:02:14] [205/459] PUGB
[19:02:15] [206/459] INBB
[19:02:15] [207/459] INNS
[19:02:17] [208/459] MCPT
[19:02:17] [209/459] SCMI
[19:02:18] [210/459] OCON
[19:02:20] [211/459] SCSM
[19:02:20] [212/459] RJVN
[19:02:21] [213/459] AMDK
[19:02:22] [214/459] ISMR
[19:02:22] [215/459] SMTD
[19:02:23] [216/459] VTDD
[19:02:24] [217/459] PDDZ
[19:02:25] [218/459] PCCK
[19:02:26] [219/459] INAM
[19:02:27] [220/459] FNKT
[19:02:28] [221/459] GDKA
[19:02:28] [222/459] MAYU
[19:02:29] [223/459] TCGU
[19:02:30] [224/459] KDCA
[19:02:31] [225/459] DOMY
[19:02:32] [226/459] PDDD
[19:02:33] [227/459] BJTS
[19:02:35] [228/459] VTCA
[19:02:35] [229/459] SBTM
[19:02:36] [230/459] SEET
[19:02:37] [231/459] SSTJ
[19:02:39] [232/459] SVNT
[19:02:39] [233/459] PPPR
[19:02:40] [234/459] PVYS
[19:02:41] [235/459] IOSE
[19:02:42] [236/459] ACTV
[19:02:43] [237/459] APVE
[19:02:43] [238/459] TCCL
[19:02:44] [239/459] SCMO
[19:02:46] [240/459] SAUM
[19:02:46] [241/459] KCJS
[19:02:47] [242/459] NJCJ
[19:02:48] [243/459] NECF
[19:02:49] [244/459] CCGW
[19:02:50] [245/459] CCMG
[19:02:51] [246/459] NYRG
[19:02:52] [247/459] NCSQ
[19:02:53] [248/459] GRCG
[19:02:54] [249/459] CCBT
[19:02:55] [250/459] ACGA
[19:02:55] [251/459] INAG
[19:02:56] [252/459] FUCG
[19:02:57] [253/459] AICF
[19:02:58] [254/459] GRGA
[19:02:59] [255/459] GDCN
[19:03:00] [256/459] RRCG
[19:03:00] [257/459] SDCH
[19:03:01] [258/459] WVJM
[19:03:02] [259/459] JCCZ
[19:03:03] [260/459] CNCL
[19:03:03] [261/459] TMLV
[19:03:04] [262/459] MEMB
[19:03:05] [263/459] SGTD
[19:03:06] [264/459] CONX
[19:03:07] [265/459] CCMH
[19:03:08] [266/459] ACMC
[19:03:10] [267/459] DTPD
[19:03:11] [268/459] POJA
[19:03:11] [269/459] FNBH
[19:03:13] [270/459] CGCB
[19:03:14] [271/459] RACN
[19:03:15] [272/459] JTSM
[19:03:15] [273/459] SCDN
[19:03:16] [274/459] AACK
[19:03:17] [275/459] RMCE
[19:03:18] [276/459] BSGB
[19:03:19] [277/459] MRCB
[19:03:19] [278/459] SRVR
[19:03:20] [279/459] VTKK
[19:03:21] [280/459] AMST
[19:03:22] [281/459] APCY
[19:03:22] [282/459] LMHO
[19:03:23] [283/459] MTZH
[19:03:24] [284/459] AMZB
[19:03:25] [285/459] SUVT
[19:03:26] [286/459] RCIP
[19:03:28] [287/459] KESR
[19:03:28] [288/459] SNKC
[19:03:29] [289/459] SCED
[19:03:30] [290/459] DVCA
[19:03:31] [291/459] VCDT
[19:03:32] [292/459] RRDI
[19:03:32] [293/459] DFCH
[19:03:33] [294/459] INSC
[19:03:34] [295/459] RGTR
[19:03:35] [296/459] FMOT
[19:03:36] [297/459] SCPM
[19:03:37] [298/459] GCDT
[19:03:37] [299/459] BRKT
[19:03:38] [300/459] DEMP
[19:03:39] [301/459] SRLC
[19:03:40] [302/459] KSTT
[19:03:41] [303/459] SMMT
[19:03:42] [304/459] SILM
[19:03:43] [305/459] JCVM
[19:03:44] [306/459] KCSV
[19:03:45] [307/459] MHLK
[19:03:46] [308/459] SLVL
[19:03:46] [309/459] RJKP
[19:03:47] [310/459] BBPC
[19:03:48] [311/459] MXCB
[19:03:49] [312/459] TCPK
[19:03:50] [313/459] RTBR
[19:03:51] [314/459] GAUT
[19:03:52] [315/459] DVCF
[19:03:53] [316/459] JTSB
[19:03:54] [317/459] SBLS
[19:03:54] [318/459] UDAY
[19:03:55] [319/459] PTNP
[19:03:56] [320/459] DMKT
[19:03:57] [321/459] NTDT
[19:03:58] [322/459] SHDJ
[19:03:59] [323/459] OTNC
[19:03:59] [324/459] RNTW
[19:04:00] [325/459] GCMI
[19:04:01] [326/459] CRCM
[19:04:02] [327/459] NNCZ
[19:04:03] [328/459] OEMO
[19:04:04] [329/459] PVJM
[19:04:05] [330/459] CPJI
[19:04:06] [331/459] RMCJ
[19:04:07] [332/459] CNWJ
[19:04:08] [333/459] EPJM
[19:04:08] [334/459] FNJJ
[19:04:09] [335/459] GCMJ
[19:04:10] [336/459] INPS
[19:04:11] [337/459] BICJ
[19:04:11] [338/459] ISTJ
[19:04:12] [339/459] INJC
[19:04:13] [340/459] GLXJ
[19:04:13] [341/459] INEM
[19:04:14] [342/459] JTMN
[19:04:15] [343/459] FRCJ
[19:04:16] [344/459] DDJP
[19:04:17] [345/459] INJV
[19:04:18] [346/459] GOLC
[19:04:19] [347/459] KOCI
[19:04:20] [348/459] FSTD
[19:04:21] [349/459] PACJ
[19:04:22] [350/459] GMCN
[19:04:22] [351/459] MMDJ
[19:04:23] [352/459] GODH
[19:04:24] [353/459] SKYN
[19:04:24] [354/459] NCTH
[19:04:25] [355/459] SKVZ
[19:04:26] [356/459] SVML
[19:04:27] [357/459] ACVZ
[19:04:28] [358/459] SURA
[19:04:29] [359/459] RTRB
[19:04:30] [360/459] LLCT
[19:04:31] [361/459] ATTS
[19:04:31] [362/459] JYCM
[19:04:33] [363/459] CTKR
[19:04:33] [364/459] LCKR
[19:04:34] [365/459] NYCV
[19:04:35] [366/459] NYOH
[19:04:35] [367/459] NOVX
[19:04:36] [368/459] MRGK
[19:04:37] [369/459] MOON
[19:04:38] [370/459] SBUC
[19:04:39] [371/459] GSVA
[19:04:39] [372/459] VIAK
[19:04:40] [373/459] SMVZ
[19:04:41] [374/459] MATE
[19:04:43] [375/459] RDCN
[19:04:43] [376/459] ASBL
[19:04:45] [377/459] ASVS
[19:04:46] [378/459] ASSR
[19:04:47] [379/459] SSKN
[19:04:48] [380/459] DRPV
[19:04:49] [381/459] MRHT
[19:04:50] [382/459] BSCN
[19:04:50] [383/459] RKNX
[19:04:51] [384/459] MSMC
[19:04:52] [385/459] MSCJ
[19:04:53] [386/459] BTBJ
[19:04:53] [387/459] MJCC
[19:04:54] [388/459] IOMM
[19:04:55] [389/459] ADGR
[19:04:56] [390/459] MYCP
[19:04:57] [391/459] IGCM
[19:04:58] [392/459] PGRK
[19:04:59] [393/459] VPGO
[19:05:00] [394/459] KOMS
[19:05:00] [395/459] URGG
[19:05:01] [396/459] GOST
[19:05:02] [397/459] LACT
[19:05:03] [398/459] BWCM
[19:05:04] [399/459] NCCW
[19:05:05] [400/459] SKYC
[19:05:06] [401/459] CCPM
[19:05:07] [402/459] VCBT
[19:05:08] [403/459] SDKR
[19:05:08] [404/459] CTYB
[19:05:09] [405/459] SHCX
[19:05:10] [406/459] RCUN
[19:05:11] [407/459] CNRA
[19:05:12] [408/459] RFCA
[19:05:13] [409/459] RDCU
[19:05:14] [410/459] SARK
[19:05:15] [411/459] SPPP
[19:05:16] [412/459] ADMB
[19:05:17] [413/459] JYOE
[19:05:18] [414/459] SRMD
[19:05:19] [415/459] RJDH
[19:05:20] [416/459] SSTD
[19:05:21] [417/459] AACV
[19:05:22] [418/459] PPVD
[19:05:23] [419/459] STCP
[19:05:24] [420/459] ANJR
[19:05:24] [421/459] ANLS
[19:05:25] [422/459] BIJO
[19:05:26] [423/459] AVAB
[19:05:27] [424/459] SPMD
[19:05:27] [425/459] SVJL
[19:05:28] [426/459] SDDJ
[19:05:29] [427/459] SLTU
[19:05:30] [428/459] SAKA
[19:05:31] [429/459] PMAM
[19:05:32] [430/459] FNAM
[19:05:33] [431/459] ACAM
[19:05:34] [432/459] SCMM
[19:05:35] [433/459] PMAK
[19:05:36] [434/459] NYSA
[19:05:37] [435/459] FCPA
[19:05:38] [436/459] GDAN
[19:05:38] [437/459] RSCA
[19:05:39] [438/459] DMAN
[19:05:41] [439/459] DZCM
[19:05:42] [440/459] NSGL
[19:05:43] [441/459] CCPP
[19:05:44] [442/459] PSMG
[19:05:45] [443/459] GSER
[19:05:45] [444/459] FCCT
[19:05:46] [445/459] FCTB
[19:05:47] [446/459] LCNK
[19:05:47] [447/459] SKTY
[19:05:48] [448/459] INAA
[19:05:49] [449/459] RCWN
[19:05:49] [450/459] VAIS
[19:05:50] [451/459] CVMN
[19:05:51] [452/459] INTS
[19:05:52] [453/459] FRGS
[19:05:53] [454/459] DTCK
[19:05:53] [455/459] MCMH
[19:05:54] [456/459] ECRR
[19:05:56] [457/459] RLLP
[19:05:56] [458/459] CCSN
[19:05:57] [459/459] CCBA
[19:05:58] ✅ DONE | Shows=872 | Movies=53
