[19:00:03] 🚀 BMS DAILY TRACKER STARTED
[19:00:03] [1/324] GCTA
[19:00:03] 🧠 New identity
[19:00:04] [2/324] TOPN
[19:00:05] [3/324] MCUS
[19:00:06] [4/324] SHRL
[19:00:06] [5/324] UPTP
[19:00:07] [6/324] TMMP
[19:00:08] [7/324] DNRP
[19:00:09] [8/324] SRLT
[19:00:10] [9/324] RCNS
[19:00:11] [10/324] DCBH
[19:00:11] [11/324] NAGJ
[19:00:12] [12/324] JVRC
[19:00:13] [13/324] KRJG
[19:00:14] [14/324] SRTJ
[19:00:15] [15/324] CMXM
[19:00:16] [16/324] STMI
[19:00:17] [17/324] SLST
[19:00:18] [18/324] DTCN
[19:00:19] [19/324] STYN
[19:00:20] [20/324] SZVR
[19:00:21] [21/324] SRKO
[19:00:22] [22/324] JTGT
[19:00:23] [23/324] SVFD
[19:00:24] [24/324] SISD
[19:00:25] [25/324] ABDD
[19:00:26] [26/324] DRCA
[19:00:27] [27/324] AVCS
[19:00:28] [28/324] MVKH
[19:00:28] [29/324] ACPR
[19:00:29] [30/324] STIP
[19:00:30] [31/324] MTRA
[19:00:32] [32/324] RMKH
[19:00:33] [33/324] NKRL
[19:00:33] [34/324] PCWN
[19:00:34] [35/324] BLMT
[19:00:35] [36/324] GDPG
[19:00:36] [37/324] SRMX
[19:00:37] [38/324] JACP
[19:00:38] [39/324] CPSH
[19:00:39] [40/324] MCCD
[19:00:41] [41/324] ECGH
[19:00:41] [42/324] MKCK
[19:00:42] [43/324] SRMM
[19:00:43] [44/324] SKYR
[19:00:44] [45/324] PCKC
[19:00:45] [46/324] JCMA
[19:00:45] [47/324] BSMP
[19:00:47] [48/324] VSPA
[19:00:48] [49/324] DJYA
[19:00:49] [50/324] DIMP
[19:00:50] [51/324] FXDR
[19:00:50] [52/324] SSRC
[19:00:51] [53/324] STHP
[19:00:52] [54/324] CPPD
[19:00:53] [55/324] FCLK
[19:00:54] [56/324] SCPP
[19:00:55] [57/324] DCMJ
[19:00:55] [58/324] RCCR
[19:00:56] [59/324] INMT
[19:00:57] [60/324] LXTK
[19:00:58] [61/324] SRYK
[19:00:59] [62/324] SGDK
[19:01:00] [63/324] PPKA
[19:01:00] [64/324] SPKA
[19:01:01] [65/324] CGHH
[19:01:02] [66/324] DCJN
[19:01:03] [67/324] SRKV
[19:01:04] [68/324] SAJC
[19:01:05] [69/324] SUSR
[19:01:07] [70/324] STYG
[19:01:08] [71/324] NTKP
[19:01:08] [72/324] AKTG
[19:01:09] [73/324] CGCM
[19:01:10] [74/324] TULC
[19:01:11] [75/324] NYYZ
[19:01:11] [76/324] NYBW
[19:01:12] [77/324] MACB
[19:01:13] [78/324] SLVT
[19:01:14] [79/324] SANA
[19:01:15] [80/324] ACMR
[19:01:15] [81/324] CPKN
[19:01:16] [82/324] DLGK
[19:01:17] [83/324] CWCK
[19:01:18] [84/324] FDDH
[19:01:18] [85/324] MMMD
[19:01:19] [86/324] CMEH
[19:01:20] [87/324] GGGV
[19:01:21] [88/324] SPJL
[19:01:21] [89/324] RCCD
[19:01:22] [90/324] STTZ
[19:01:24] [91/324] BTCF
[19:01:25] [92/324] TSTZ
[19:01:26] [93/324] IPMM
[19:01:26] [94/324] PMPW
[19:01:27] [95/324] PCMZ
[19:01:28] [96/324] ESEM
[19:01:29] [97/324] PIPO
[19:01:30] [98/324] MATK
[19:01:31] [99/324] PGHM
[19:01:31] [100/324] CTSR
[19:01:32] [101/324] CYKR
[19:01:33] [102/324] MSCM
[19:01:34] [103/324] RFNP
[19:01:35] [104/324] PDCP
[19:01:36] [105/324] NPSE
[19:01:37] [106/324] MKML
[19:01:38] [107/324] FTDP
[19:01:39] [108/324] MMXA
[19:01:40] [109/324] CEPO
[19:01:40] [110/324] CMVP
[19:01:41] [111/324] SGTH
[19:01:42] [112/324] SAYN
[19:01:43] [113/324] URVS
[19:01:44] [114/324] VJTN
[19:01:45] [115/324] BBYK
[19:01:45] [116/324] SHBO
[19:01:46] [117/324] VCMR
[19:01:47] [118/324] MACT
[19:01:48] [119/324] JMNP
[19:01:49] [120/324] VICS
[19:01:50] [121/324] VCDA
[19:01:50] [122/324] GCMM
[19:01:51] [123/324] INVS
[19:01:52] [124/324] SCGM
[19:01:53] [125/324] PCDA
[19:01:54] [126/324] KDCT
[19:01:54] [127/324] JACS
[19:01:55] [128/324] GMMC
[19:01:56] [129/324] AICM
[19:01:57] [130/324] TJCM
[19:01:58] [131/324] RMTI
[19:01:59] [132/324] SHAC
[19:01:59] [133/324] APJC
[19:02:00] [134/324] GCTG
[19:02:01] [135/324] SSMC
[19:02:02] [136/324] THRM
[19:02:03] [137/324] RBCT
[19:02:04] [138/324] DIKT
[19:02:05] [139/324] MIDL
[19:02:05] [140/324] VCSN
[19:02:07] [141/324] SKTG
[19:02:08] [142/324] SMWC
[19:02:09] [143/324] MNKH
[19:02:10] [144/324] PIAT
[19:02:11] [145/324] LTTP
[19:02:11] [146/324] PTPU
[19:02:12] [147/324] ACMG
[19:02:13] [148/324] SHMM
[19:02:14] [149/324] MCMN
[19:02:14] [150/324] GLDC
[19:02:15] [151/324] HOUT
[19:02:17] [152/324] SVRP
[19:02:18] [153/324] PVDN
[19:02:19] [154/324] SCPY
[19:02:19] [155/324] DTPY
[19:02:20] [156/324] GKCS
[19:02:21] [157/324] NCAM
[19:02:22] [158/324] BSRM
[19:02:23] [159/324] RCLC
[19:02:23] [160/324] SKKD
[19:02:24] [161/324] ACHU
[19:02:25] [162/324] RSCF
[19:02:26] [163/324] IMSH
[19:02:27] [164/324] MACX
[19:02:28] [165/324] HMMW
[19:02:29] [166/324] JTCP
[19:02:30] [167/324] SREN
[19:02:31] [168/324] PJRR
[19:02:31] [169/324] INAC
[19:02:32] [170/324] BMCA
[19:02:33] [171/324] SHCB
[19:02:34] [172/324] GABA
[19:02:35] [173/324] SBCT
[19:02:36] [174/324] GCMA
[19:02:37] [175/324] MYTK
[19:02:39] [176/324] INZS
[19:02:40] [177/324] RMIK
[19:02:40] [178/324] NYCH
[19:02:41] [179/324] RAVE
[19:02:42] [180/324] PSXM
[19:02:44] [181/324] MCGP
[19:02:45] [182/324] PDDK
[19:02:46] [183/324] SPCK
[19:02:46] [184/324] MCRL
[19:02:47] [185/324] MHKT
[19:02:48] [186/324] ANRR
[19:02:49] [187/324] SAPK
[19:02:50] [188/324] NCUK
[19:02:51] [189/324] JUGA
[19:02:51] [190/324] DBSC
[19:02:52] [191/324] LALK
[19:02:53] [192/324] GUCK
[19:02:54] [193/324] STSG
[19:02:54] [194/324] PPPZ
[19:02:55] [195/324] CNCY
[19:02:56] [196/324] MTAR
[19:02:56] [197/324] VNKD
[19:02:57] [198/324] KMAJ
[19:02:58] [199/324] ACXK
[19:03:00] [200/324] UTKC
[19:03:01] [201/324] PBLK
[19:03:02] [202/324] ACBX
[19:03:03] [203/324] PTGM
[19:03:04] [204/324] BTDA
[19:03:05] [205/324] PJMB
[19:03:06] [206/324] TPDA
[19:03:07] [207/324] AMOE
[19:03:08] [208/324] PRHT
[19:03:09] [209/324] PRTA
[19:03:09] [210/324] STAM
[19:03:10] [211/324] MSAA
[19:03:11] [212/324] SDLU
[19:03:12] [213/324] RCHH
[19:03:13] [214/324] KANT
[19:03:14] [215/324] FCRT
[19:03:15] [216/324] DNKM
[19:03:16] [217/324] RYCP
[19:03:16] [218/324] MYRP
[19:03:17] [219/324] PPAK
[19:03:18] [220/324] NVPK
[19:03:19] [221/324] PRMC
[19:03:20] [222/324] JBCS
[19:03:20] [223/324] GXCK
[19:03:21] [224/324] USKO
[19:03:22] [225/324] GTEM
[19:03:23] [226/324] SMBU
[19:03:24] [227/324] VETC
[19:03:25] [228/324] LCDA
[19:03:26] [229/324] MTVT
[19:03:26] [230/324] PYCP
[19:03:27] [231/324] PNSC
[19:03:29] [232/324] PPCC
[19:03:29] [233/324] TGRT
[19:03:30] [234/324] JYOT
[19:03:31] [235/324] SRCZ
[19:03:32] [236/324] SJTE
[19:03:33] [237/324] DESC
[19:03:33] [238/324] JHVN
[19:03:34] [239/324] IPSG
[19:03:36] [240/324] IPCM
[19:03:37] [241/324] PDRS
[19:03:38] [242/324] ANCV
[19:03:38] [243/324] CMVV
[19:03:40] [244/324] SHYP
[19:03:42] [245/324] DNCS
[19:03:42] [246/324] GAJK
[19:03:43] [247/324] AKTN
[19:03:44] [248/324] KAYA
[19:03:45] [249/324] SBRC
[19:03:46] [250/324] CHTP
[19:03:47] [251/324] SHRT
[19:03:47] [252/324] BCKU
[19:03:48] [253/324] FCPS
[19:03:50] [254/324] ARDD
[19:03:51] [255/324] CPCM
[19:03:52] [256/324] CGSM
[19:03:52] [257/324] PSMP
[19:03:53] [258/324] SDAL
[19:03:54] [259/324] RTNB
[19:03:55] [260/324] LMCR
[19:03:56] [261/324] CIMA
[19:03:56] [262/324] RNAS
[19:03:57] [263/324] LITH
[19:03:58] [264/324] PBOX
[19:03:59] [265/324] FRTS
[19:04:00] [266/324] RKIC
[19:04:00] [267/324] PTAI
[19:04:01] [268/324] GCIC
[19:04:02] [269/324] FNAS
[19:04:04] [270/324] SCAR
[19:04:04] [271/324] MTCA
[19:04:05] [272/324] SCTS
[19:04:06] [273/324] SYCS
[19:04:07] [274/324] RDMS
[19:04:08] [275/324] KAMP
[19:04:09] [276/324] ERSD
[19:04:09] [277/324] MJMJ
[19:04:10] [278/324] SRCJ
[19:04:11] [279/324] SCXE
[19:04:12] [280/324] SVFR
[19:04:13] [281/324] BHCS
[19:04:14] [282/324] IMCC
[19:04:15] [283/324] PCBO
[19:04:16] [284/324] PRVN
[19:04:16] [285/324] AUPM
[19:04:17] [286/324] INBW
[19:04:18] [287/324] SVCW
[19:04:19] [288/324] RKCF
[19:04:20] [289/324] UVBH
[19:04:21] [290/324] DNCY
[19:04:22] [291/324] ABCN
[19:04:23] [292/324] PRUR
[19:04:24] [293/324] PFMR
[19:04:24] [294/324] RKCN
[19:04:25] [295/324] CFEA
[19:04:26] [296/324] SDBG
[19:04:27] [297/324] SNAR
[19:04:28] [298/324] YISI
[19:04:29] [299/324] JCFF
[19:04:30] [300/324] VTRK
[19:04:30] [301/324] PCLZ
[19:04:31] [302/324] DIMY
[19:04:32] [303/324] BBTS
[19:04:33] [304/324] GATH
[19:04:34] [305/324] GTMN
[19:04:34] [306/324] VTMH
[19:04:35] [307/324] CCKP
[19:04:37] [308/324] GPKA
[19:04:38] [309/324] MHCL
[19:04:38] [310/324] ATCL
[19:04:39] [311/324] SBCK
[19:04:40] [312/324] AMMR
[19:04:41] [313/324] MADC
[19:04:42] [314/324] TMMA
[19:04:43] [315/324] CACC
[19:04:44] [316/324] CHAL
[19:04:45] [317/324] DURG
[19:04:45] [318/324] GMKU
[19:04:46] [319/324] GECA
[19:04:47] [320/324] KYRR
[19:04:48] [321/324] KSDE
[19:04:49] [322/324] LMCI
[19:04:50] [323/324] NKCP
[19:04:50] [324/324] BGTC
[19:04:52] ✅ DONE | Shows=636 | Movies=53
[19:50:09] 🚀 BMS DAILY TRACKER STARTED
[19:50:09] [1/324] GCTA
[19:50:09] 🧠 New identity
[19:50:10] [2/324] TOPN
[19:50:11] [3/324] MCUS
[19:50:12] [4/324] SHRL
[19:50:13] [5/324] UPTP
[19:50:14] [6/324] TMMP
[19:50:15] [7/324] DNRP
[19:50:16] [8/324] SRLT
[19:50:17] [9/324] RCNS
[19:50:18] [10/324] DCBH
[19:50:19] [11/324] NAGJ
[19:50:20] [12/324] JVRC
[19:50:21] [13/324] KRJG
[19:50:22] [14/324] SRTJ
[19:50:23] [15/324] CMXM
[19:50:25] [16/324] STMI
[19:50:26] [17/324] SLST
[19:50:27] [18/324] DTCN
[19:50:28] [19/324] STYN
[19:50:29] [20/324] SZVR
[19:50:30] [21/324] SRKO
[19:50:30] [22/324] JTGT
[19:50:31] [23/324] SVFD
[19:50:32] [24/324] SISD
[19:50:33] [25/324] ABDD
[19:50:35] [26/324] DRCA
[19:50:36] [27/324] AVCS
[19:50:36] [28/324] MVKH
[19:50:37] [29/324] ACPR
[19:50:38] [30/324] STIP
[19:50:39] [31/324] MTRA
[19:50:40] [32/324] RMKH
[19:50:42] [33/324] NKRL
[19:50:43] [34/324] PCWN
[19:50:44] [35/324] BLMT
[19:50:45] [36/324] GDPG
[19:50:45] [37/324] SRMX
[19:50:46] [38/324] JACP
[19:50:47] [39/324] CPSH
[19:50:48] [40/324] MCCD
[19:50:49] [41/324] ECGH
[19:50:50] [42/324] MKCK
[19:50:51] [43/324] SRMM
[19:50:52] [44/324] SKYR
[19:50:52] [45/324] PCKC
[19:50:54] [46/324] JCMA
[19:50:55] [47/324] BSMP
[19:50:56] [48/324] VSPA
[19:50:57] [49/324] DJYA
[19:50:58] [50/324] DIMP
[19:50:59] [51/324] FXDR
[19:51:00] [52/324] SSRC
[19:51:01] [53/324] STHP
[19:51:02] [54/324] CPPD
[19:51:02] [55/324] FCLK
[19:51:04] [56/324] SCPP
[19:51:05] [57/324] DCMJ
[19:51:05] [58/324] RCCR
[19:51:07] [59/324] INMT
[19:51:07] [60/324] LXTK
[19:51:08] [61/324] SRYK
[19:51:09] [62/324] SGDK
[19:51:10] [63/324] PPKA
[19:51:11] [64/324] SPKA
[19:51:12] [65/324] CGHH
[19:51:13] [66/324] DCJN
[19:51:14] [67/324] SRKV
[19:51:15] [68/324] SAJC
[19:51:16] [69/324] SUSR
[19:51:17] [70/324] STYG
[19:51:18] [71/324] NTKP
[19:51:19] [72/324] AKTG
[19:51:20] [73/324] CGCM
[19:51:20] [74/324] TULC
[19:51:21] [75/324] NYYZ
[19:51:22] [76/324] NYBW
[19:51:23] [77/324] MACB
[19:51:24] [78/324] SLVT
[19:51:26] [79/324] SANA
[19:51:26] [80/324] ACMR
[19:51:27] [81/324] CPKN
[19:51:28] [82/324] DLGK
[19:51:29] [83/324] CWCK
[19:51:30] [84/324] FDDH
[19:51:31] [85/324] MMMD
[19:51:31] [86/324] CMEH
[19:51:32] [87/324] GGGV
[19:51:33] [88/324] SPJL
[19:51:34] [89/324] RCCD
[19:51:35] [90/324] STTZ
[19:51:36] [91/324] BTCF
[19:51:37] [92/324] TSTZ
[19:51:38] [93/324] IPMM
[19:51:38] [94/324] PMPW
[19:51:39] [95/324] PCMZ
[19:51:40] [96/324] ESEM
[19:51:42] [97/324] PIPO
[19:51:43] [98/324] MATK
[19:51:43] [99/324] PGHM
[19:51:44] [100/324] CTSR
[19:51:45] [101/324] CYKR
[19:51:46] [102/324] MSCM
[19:51:47] [103/324] RFNP
[19:51:48] [104/324] PDCP
[19:51:50] [105/324] NPSE
[19:51:51] [106/324] MKML
[19:51:52] [107/324] FTDP
[19:51:53] [108/324] MMXA
[19:51:54] [109/324] CEPO
[19:51:56] [110/324] CMVP
[19:51:57] [111/324] SGTH
[19:51:58] [112/324] SAYN
[19:51:59] [113/324] URVS
[19:52:00] [114/324] VJTN
[19:52:01] [115/324] BBYK
[19:52:01] [116/324] SHBO
[19:52:02] [117/324] VCMR
[19:52:03] [118/324] MACT
[19:52:04] [119/324] JMNP
[19:52:05] [120/324] VICS
[19:52:06] [121/324] VCDA
[19:52:07] [122/324] GCMM
[19:52:08] [123/324] INVS
[19:52:08] [124/324] SCGM
[19:52:09] [125/324] PCDA
[19:52:10] [126/324] KDCT
[19:52:12] [127/324] JACS
[19:52:12] [128/324] GMMC
[19:52:13] [129/324] AICM
[19:52:14] [130/324] TJCM
[19:52:15] [131/324] RMTI
[19:52:16] [132/324] SHAC
[19:52:17] [133/324] APJC
[19:52:18] [134/324] GCTG
[19:52:19] [135/324] SSMC
[19:52:20] [136/324] THRM
[19:52:21] [137/324] RBCT
[19:52:22] [138/324] DIKT
[19:52:22] [139/324] MIDL
[19:52:23] [140/324] VCSN
[19:52:24] [141/324] SKTG
[19:52:25] [142/324] SMWC
[19:52:26] [143/324] MNKH
[19:52:28] [144/324] PIAT
[19:52:28] [145/324] LTTP
[19:52:29] [146/324] PTPU
[19:52:30] [147/324] ACMG
[19:52:31] [148/324] SHMM
[19:52:32] [149/324] MCMN
[19:52:33] [150/324] GLDC
[19:52:33] [151/324] HOUT
[19:52:34] [152/324] SVRP
[19:52:35] [153/324] PVDN
[19:52:36] [154/324] SCPY
[19:52:37] [155/324] DTPY
[19:52:38] [156/324] GKCS
[19:52:39] [157/324] NCAM
[19:52:39] [158/324] BSRM
[19:52:40] [159/324] RCLC
[19:52:41] [160/324] SKKD
[19:52:42] [161/324] ACHU
[19:52:43] [162/324] RSCF
[19:52:44] [163/324] IMSH
[19:52:45] [164/324] MACX
[19:52:46] [165/324] HMMW
[19:52:46] [166/324] JTCP
[19:52:47] [167/324] SREN
[19:52:48] [168/324] PJRR
[19:52:49] [169/324] INAC
[19:52:50] [170/324] BMCA
[19:52:52] [171/324] SHCB
[19:52:53] [172/324] GABA
[19:52:54] [173/324] SBCT
[19:52:56] [174/324] GCMA
[19:52:57] [175/324] MYTK
[19:52:57] [176/324] INZS
[19:52:59] [177/324] RMIK
[19:53:00] [178/324] NYCH
[19:53:01] [179/324] RAVE
[19:53:01] [180/324] PSXM
[19:53:03] [181/324] MCGP
[19:53:04] [182/324] PDDK
[19:53:05] [183/324] SPCK
[19:53:06] [184/324] MCRL
[19:53:07] [185/324] MHKT
[19:53:07] [186/324] ANRR
[19:53:08] [187/324] SAPK
[19:53:09] [188/324] NCUK
[19:53:10] [189/324] JUGA
[19:53:11] [190/324] DBSC
[19:53:12] [191/324] LALK
[19:53:12] [192/324] GUCK
[19:53:13] [193/324] STSG
[19:53:14] [194/324] PPPZ
[19:53:15] [195/324] CNCY
[19:53:17] [196/324] MTAR
[19:53:17] [197/324] VNKD
[19:53:18] [198/324] KMAJ
[19:53:19] [199/324] ACXK
[19:53:20] [200/324] UTKC
[19:53:21] [201/324] PBLK
[19:53:22] [202/324] ACBX
[19:53:23] [203/324] PTGM
[19:53:23] [204/324] BTDA
[19:53:24] [205/324] PJMB
[19:53:25] [206/324] TPDA
[19:53:26] [207/324] AMOE
[19:53:27] [208/324] PRHT
[19:53:28] [209/324] PRTA
[19:53:29] [210/324] STAM
[19:53:30] [211/324] MSAA
[19:53:31] [212/324] SDLU
[19:53:32] [213/324] RCHH
[19:53:33] [214/324] KANT
[19:53:33] [215/324] FCRT
[19:53:34] [216/324] DNKM
[19:53:35] [217/324] RYCP
[19:53:36] [218/324] MYRP
[19:53:37] [219/324] PPAK
[19:53:38] [220/324] NVPK
[19:53:39] [221/324] PRMC
[19:53:40] [222/324] JBCS
[19:53:42] [223/324] GXCK
[19:53:43] [224/324] USKO
[19:53:43] [225/324] GTEM
[19:53:44] [226/324] SMBU
[19:53:45] [227/324] VETC
[19:53:46] [228/324] LCDA
[19:53:47] [229/324] MTVT
[19:53:48] [230/324] PYCP
[19:53:49] [231/324] PNSC
[19:53:50] [232/324] PPCC
[19:53:51] [233/324] TGRT
[19:53:52] [234/324] JYOT
[19:53:53] [235/324] SRCZ
[19:53:54] [236/324] SJTE
[19:53:55] [237/324] DESC
[19:53:56] [238/324] JHVN
[19:53:57] [239/324] IPSG
[19:53:58] [240/324] IPCM
[19:53:59] [241/324] PDRS
[19:53:59] [242/324] ANCV
[19:54:00] [243/324] CMVV
[19:54:01] [244/324] SHYP
[19:54:02] [245/324] DNCS
[19:54:03] [246/324] GAJK
[19:54:03] [247/324] AKTN
[19:54:04] [248/324] KAYA
[19:54:05] [249/324] SBRC
[19:54:06] [250/324] CHTP
[19:54:07] [251/324] SHRT
[19:54:08] [252/324] BCKU
[19:54:08] [253/324] FCPS
[19:54:09] [254/324] ARDD
[19:54:10] [255/324] CPCM
[19:54:11] [256/324] CGSM
[19:54:11] [257/324] PSMP
[19:54:12] [258/324] SDAL
[19:54:13] [259/324] RTNB
[19:54:14] [260/324] LMCR
[19:54:15] [261/324] CIMA
[19:54:16] [262/324] RNAS
[19:54:17] [263/324] LITH
[19:54:18] [264/324] PBOX
[19:54:19] [265/324] FRTS
[19:54:20] [266/324] RKIC
[19:54:21] [267/324] PTAI
[19:54:21] [268/324] GCIC
[19:54:22] [269/324] FNAS
[19:54:23] [270/324] SCAR
[19:54:24] [271/324] MTCA
[19:54:25] [272/324] SCTS
[19:54:25] [273/324] SYCS
[19:54:27] [274/324] RDMS
[19:54:27] [275/324] KAMP
[19:54:28] [276/324] ERSD
[19:54:29] [277/324] MJMJ
[19:54:31] [278/324] SRCJ
[19:54:32] [279/324] SCXE
[19:54:33] [280/324] SVFR
[19:54:34] [281/324] BHCS
[19:54:34] [282/324] IMCC
[19:54:35] [283/324] PCBO
[19:54:36] [284/324] PRVN
[19:54:37] [285/324] AUPM
[19:54:38] [286/324] INBW
[19:54:39] [287/324] SVCW
[19:54:40] [288/324] RKCF
[19:54:40] [289/324] UVBH
[19:54:41] [290/324] DNCY
[19:54:43] [291/324] ABCN
[19:54:44] [292/324] PRUR
[19:54:45] [293/324] PFMR
[19:54:46] [294/324] RKCN
[19:54:46] [295/324] CFEA
[19:54:47] [296/324] SDBG
[19:54:48] [297/324] SNAR
[19:54:49] [298/324] YISI
[19:54:50] [299/324] JCFF
[19:54:51] [300/324] VTRK
[19:54:52] [301/324] PCLZ
[19:54:53] [302/324] DIMY
[19:54:54] [303/324] BBTS
[19:54:55] [304/324] GATH
[19:54:56] [305/324] GTMN
[19:54:57] [306/324] VTMH
[19:54:58] [307/324] CCKP
[19:54:59] [308/324] GPKA
[19:54:59] [309/324] MHCL
[19:55:00] [310/324] ATCL
[19:55:01] [311/324] SBCK
[19:55:02] [312/324] AMMR
[19:55:03] [313/324] MADC
[19:55:03] [314/324] TMMA
[19:55:05] [315/324] CACC
[19:55:06] [316/324] CHAL
[19:55:06] [317/324] DURG
[19:55:08] [318/324] GMKU
[19:55:09] [319/324] GECA
[19:55:10] [320/324] KYRR
[19:55:11] [321/324] KSDE
[19:55:13] [322/324] LMCI
[19:55:13] [323/324] NKCP
[19:55:15] [324/324] BGTC
[19:55:17] ✅ DONE | Shows=809 | Movies=55
