[18:38:35] 🚀 BMS DAILY TRACKER STARTED
[18:38:35] [1/445] TGMR
[18:38:35] 🧠 New identity
[18:38:36] [2/445] CXKR
[18:38:37] [3/445] SROP
[18:38:38] [4/445] GTSV
[18:38:39] [5/445] SNTY
[18:38:40] [6/445] SMYY
[18:38:40] [7/445] CNCS
[18:38:41] [8/445] CSTM
[18:38:42] [9/445] NUCD
[18:38:43] [10/445] SHCZ
[18:38:44] [11/445] NJCT
[18:38:45] [12/445] COPC
[18:38:46] [13/445] STVV
[18:38:46] [14/445] SKRN
[18:38:47] [15/445] APPZ
[18:38:48] [16/445] YMGN
[18:38:49] [17/445] SVTU
[18:38:50] [18/445] GTAD
[18:38:51] [19/445] PSUS
[18:38:52] [20/445] SMCD
[18:38:53] [21/445] CMCM
[18:38:54] [22/445] SYCT
[18:38:55] [23/445] STLY
[18:38:56] [24/445] CMHU
[18:38:57] [25/445] CMSA
[18:38:58] [26/445] CLCU
[18:38:59] [27/445] PPNT
[18:39:00] [28/445] JTAB
[18:39:02] [29/445] BUUC
[18:39:02] [30/445] BSVK
[18:39:03] [31/445] VVVQ
[18:39:04] [32/445] TKMU
[18:39:05] [33/445] ESYL
[18:39:06] [34/445] ACHP
[18:39:06] [35/445] BTKD
[18:39:07] [36/445] DESA
[18:39:08] [37/445] GBCT
[18:39:09] [38/445] BLLD
[18:39:11] [39/445] SKNT
[18:39:11] [40/445] SSTE
[18:39:12] [41/445] VJMR
[18:39:13] [42/445] NTPU
[18:39:14] [43/445] RDKN
[18:39:15] [44/445] ADGC
[18:39:16] [45/445] VRBP
[18:39:17] [46/445] NMNA
[18:39:18] [47/445] CMMX
[18:39:18] [48/445] PTKO
[18:39:19] [49/445] RBML
[18:39:20] [50/445] SAIC
[18:39:21] [51/445] SVTJ
[18:39:22] [52/445] MRTE
[18:39:22] [53/445] RBTP
[18:39:23] [54/445] NLPS
[18:39:25] [55/445] GTNA
[18:39:26] [56/445] DGGC
[18:39:27] [57/445] SMCR
[18:39:28] [58/445] SCGD
[18:39:29] [59/445] SRRJ
[18:39:29] [60/445] CNRY
[18:39:31] [61/445] KTDI
[18:39:32] [62/445] SNJL
[18:39:33] [63/445] RKMD
[18:39:34] [64/445] SMDC
[18:39:35] [65/445] TADG
[18:39:36] [66/445] MCGS
[18:39:36] [67/445] PETK
[18:39:37] [68/445] CHAG
[18:39:38] [69/445] KSTL
[18:39:39] [70/445] AADS
[18:39:40] [71/445] NTHZ
[18:39:41] [72/445] HCKI
[18:39:42] [73/445] SSEF
[18:39:43] [74/445] MCGX
[18:39:44] [75/445] ERRA
[18:39:45] [76/445] SDTW
[18:39:45] [77/445] RMPK
[18:39:46] [78/445] PTHK
[18:39:47] [79/445] PXCS
[18:39:48] [80/445] SVLU
[18:39:49] [81/445] STAH
[18:39:50] [82/445] JRGF
[18:39:50] [83/445] CDOK
[18:39:51] [84/445] CMSG
[18:39:52] [85/445] APTD
[18:39:53] [86/445] KMPG
[18:39:54] [87/445] MUTJ
[18:39:55] [88/445] VCCI
[18:39:56] [89/445] URBE
[18:39:56] [90/445] TCTS
[18:39:57] [91/445] STSN
[18:39:58] [92/445] AKCH
[18:39:59] [93/445] APSC
[18:40:00] [94/445] VLTB
[18:40:01] [95/445] SANU
[18:40:02] [96/445] AXAM
[18:40:03] [97/445] MGMG
[18:40:04] [98/445] HTBY
[18:40:04] [99/445] MMZS
[18:40:05] [100/445] SUDR
[18:40:06] [101/445] CCAD
[18:40:07] [102/445] SKKC
[18:40:08] [103/445] RMCD
[18:40:09] [104/445] SBCQ
[18:40:09] [105/445] DCCT
[18:40:11] [106/445] VTKP
[18:40:12] [107/445] MLAM
[18:40:13] [108/445] SAVT
[18:40:14] [109/445] GEPL
[18:40:14] [110/445] AMCD
[18:40:15] [111/445] CCXR
[18:40:16] [112/445] GRNG
[18:40:17] [113/445] EBCA
[18:40:18] [114/445] CNVG
[18:40:18] [115/445] MWSS
[18:40:19] [116/445] VBOR
[18:40:21] [117/445] NEEB
[18:40:22] [118/445] SUTH
[18:40:22] [119/445] ANDB
[18:40:23] [120/445] MMXS
[18:40:24] [121/445] CNPD
[18:40:25] [122/445] SDCE
[18:40:26] [123/445] DHCB
[18:40:27] [124/445] ODEN
[18:40:27] [125/445] TNTC
[18:40:28] [126/445] VBKM
[18:40:29] [127/445] RZYM
[18:40:30] [128/445] JEMC
[18:40:30] [129/445] CMAU
[18:40:31] [130/445] SIVP
[18:40:32] [131/445] ATAG
[18:40:33] [132/445] CHTM
[18:40:33] [133/445] AAEE
[18:40:34] [134/445] IWPM
[18:40:35] [135/445] KCMW
[18:40:36] [136/445] MCTD
[18:40:37] [137/445] SPWR
[18:40:38] [138/445] SDPO
[18:40:39] [139/445] PCSK
[18:40:40] [140/445] ACHV
[18:40:41] [141/445] SVLA
[18:40:42] [142/445] PICT
[18:40:42] [143/445] BXDR
[18:40:44] [144/445] SPWA
[18:40:45] [145/445] MCKO
[18:40:46] [146/445] RTHK
[18:40:46] [147/445] CCMF
[18:40:47] [148/445] MRGB
[18:40:48] [149/445] CPLC
[18:40:49] [150/445] RACD
[18:40:49] [151/445] ATKT
[18:40:50] [152/445] SARN
[18:40:51] [153/445] KKUI
[18:40:52] [154/445] RGCM
[18:40:53] [155/445] BRVP
[18:40:53] [156/445] HRSR
[18:40:54] [157/445] GKGM
[18:40:55] [158/445] TTCD
[18:40:56] [159/445] PTTI
[18:40:57] [160/445] MPTT
[18:40:58] [161/445] CVTT
[18:40:59] [162/445] PCXD
[18:40:59] [163/445] GCDC
[18:41:00] [164/445] CCCF
[18:41:01] [165/445] MRAD
[18:41:03] [166/445] CPLK
[18:41:03] [167/445] SATB
[18:41:04] [168/445] SNVG
[18:41:05] [169/445] JMBA
[18:41:06] [170/445] TEJA
[18:41:06] [171/445] STYO
[18:41:07] [172/445] JTBP
[18:41:08] [173/445] KRGD
[18:41:09] [174/445] SLJJ
[18:41:10] [175/445] SPTJ
[18:41:10] [176/445] SWJG
[18:41:11] [177/445] LKRT
[18:41:12] [178/445] KCKA
[18:41:13] [179/445] SNCR
[18:41:13] [180/445] SMKL
[18:41:14] [181/445] GCFA
[18:41:15] [182/445] DDCK
[18:41:16] [183/445] NCHJ
[18:41:17] [184/445] RDMA
[18:41:18] [185/445] SVSV
[18:41:20] [186/445] SCJG
[18:41:21] [187/445] VKLP
[18:41:21] [188/445] NWCC
[18:41:22] [189/445] VKNS
[18:41:23] [190/445] SDDP
[18:41:24] [191/445] ACSI
[18:41:24] [192/445] SATG
[18:41:25] [193/445] SCMW
[18:41:26] [194/445] LKTK
[18:41:27] [195/445] VCKV
[18:41:28] [196/445] KKPE
[18:41:28] [197/445] KIGH
[18:41:29] [198/445] SRPM
[18:41:30] [199/445] SCAH
[18:41:31] [200/445] MUTA
[18:41:32] [201/445] SEPU
[18:41:33] [202/445] INOA
[18:41:33] [203/445] BASK
[18:41:34] [204/445] NECB
[18:41:35] [205/445] GTTG
[18:41:36] [206/445] ASSA
[18:41:36] [207/445] ANCL
[18:41:37] [208/445] GCTI
[18:41:38] [209/445] RCTS
[18:41:40] [210/445] ACNL
[18:41:41] [211/445] MYCT
[18:41:41] [212/445] NMHT
[18:41:42] [213/445] MDIT
[18:41:43] [214/445] LATG
[18:41:44] [215/445] SMTY
[18:41:45] [216/445] CVCT
[18:41:46] [217/445] RAMB
[18:41:46] [218/445] TGMS
[18:41:47] [219/445] BHEL
[18:41:48] [220/445] SHCT
[18:41:49] [221/445] SVCT
[18:41:49] [222/445] MRIY
[18:41:50] [223/445] SARO
[18:41:51] [224/445] STCT
[18:41:52] [225/445] JKKC
[18:41:53] [226/445] PLTT
[18:41:54] [227/445] SRNT
[18:41:55] [228/445] YAST
[18:41:56] [229/445] PERL
[18:41:57] [230/445] CICM
[18:41:58] [231/445] MMTR
[18:41:59] [232/445] ABTK
[18:41:59] [233/445] ATYY
[18:42:00] [234/445] ASTK
[18:42:01] [235/445] VVCK
[18:42:02] [236/445] ATKY
[18:42:02] [237/445] GWEK
[18:42:03] [238/445] SVFH
[18:42:04] [239/445] SLTA
[18:42:05] [240/445] AASH
[18:42:06] [241/445] ACXB
[18:42:07] [242/445] SMTX
[18:42:08] [243/445] AZDH
[18:42:08] [244/445] CMMH
[18:42:09] [245/445] SCSZ
[18:42:10] [246/445] SCKP
[18:42:11] [247/445] NXTM
[18:42:12] [248/445] NWCS
[18:42:12] [249/445] CXMH
[18:42:13] [250/445] PCMA
[18:42:14] [251/445] SGCM
[18:42:15] [252/445] SDTU
[18:42:15] [253/445] MMVI
[18:42:16] [254/445] JKCM
[18:42:17] [255/445] VCMM
[18:42:18] [256/445] SYEE
[18:42:19] [257/445] VASD
[18:42:20] [258/445] BDRB
[18:42:22] [259/445] LASM
[18:42:22] [260/445] DCRL
[18:42:23] [261/445] DVPM
[18:42:24] [262/445] SBMJ
[18:42:25] [263/445] CBMU
[18:42:26] [264/445] IUBS
[18:42:27] [265/445] INAP
[18:42:28] [266/445] SRRC
[18:42:29] [267/445] SAGR
[18:42:29] [268/445] CPMJ
[18:42:30] [269/445] ATJL
[18:42:31] [270/445] NNTD
[18:42:32] [271/445] JHCJ
[18:42:33] [272/445] CMMP
[18:42:34] [273/445] RSDR
[18:42:35] [274/445] AMTI
[18:42:35] [275/445] NYSG
[18:42:36] [276/445] AVSG
[18:42:37] [277/445] SYTP
[18:42:37] [278/445] LARC
[18:42:38] [279/445] RJTP
[18:42:39] [280/445] LAKC
[18:42:40] [281/445] MCXE
[18:42:41] [282/445] CCZC
[18:42:42] [283/445] AVCH
[18:42:42] [284/445] CMBE
[18:42:43] [285/445] MRRC
[18:42:44] [286/445] PCPY
[18:42:45] [287/445] SRMH
[18:42:45] [288/445] SVGS
[18:42:46] [289/445] PCSE
[18:42:47] [290/445] SVFT
[18:42:48] [291/445] TNZP
[18:42:49] [292/445] ICTP
[18:42:49] [293/445] ACTZ
[18:42:50] [294/445] GTUR
[18:42:51] [295/445] MAFC
[18:42:52] [296/445] MINL
[18:42:53] [297/445] MRCL
[18:42:54] [298/445] RCRP
[18:42:56] [299/445] RFFG
[18:42:56] [300/445] RMAS
[18:42:57] [301/445] INVR
[18:42:58] [302/445] RMAR
[18:42:59] [303/445] CNIS
[18:42:59] [304/445] RHRJ
[18:43:00] [305/445] INXR
[18:43:01] [306/445] VALT
[18:43:03] [307/445] LCSH
[18:43:04] [308/445] CMVS
[18:43:04] [309/445] CNMS
[18:43:05] [310/445] ROOG
[18:43:06] [311/445] ISRM
[18:43:07] [312/445] RCRM
[18:43:08] [313/445] ACJA
[18:43:09] [314/445] RCVS
[18:43:09] [315/445] CPUS
[18:43:10] [316/445] TGCS
[18:43:11] [317/445] RKCJ
[18:43:13] [318/445] MKSB
[18:43:13] [319/445] TCSJ
[18:43:14] [320/445] RMGP
[18:43:15] [321/445] CLLP
[18:43:16] [322/445] RCMV
[18:43:17] [323/445] CCKS
[18:43:17] [324/445] RSRP
[18:43:18] [325/445] APLP
[18:43:19] [326/445] CNVS
[18:43:20] [327/445] RMVY
[18:43:21] [328/445] PGBD
[18:43:22] [329/445] KLMS
[18:43:23] [330/445] RUST
[18:43:24] [331/445] MASM
[18:43:25] [332/445] BACS
[18:43:26] [333/445] BWST
[18:43:27] [334/445] RRFH
[18:43:27] [335/445] SJTM
[18:43:28] [336/445] BEMR
[18:43:29] [337/445] MCGR
[18:43:30] [338/445] SDSK
[18:43:31] [339/445] VBOL
[18:43:32] [340/445] RMGM
[18:43:33] [341/445] NOPL
[18:43:34] [342/445] MKJK
[18:43:35] [343/445] CVRN
[18:43:37] [344/445] MMEN
[18:43:37] [345/445] AMNG
[18:43:38] [346/445] INTM
[18:43:39] [347/445] SLCZ
[18:43:40] [348/445] AMJN
[18:43:41] [349/445] ACJN
[18:43:41] [350/445] AMKN
[18:43:42] [351/445] BTCN
[18:43:43] [352/445] AMBT
[18:43:44] [353/445] PACN
[18:43:45] [354/445] LCNS
[18:43:46] [355/445] PPKC
[18:43:46] [356/445] JYYN
[18:43:47] [357/445] JTNR
[18:43:48] [358/445] GTEE
[18:43:49] [359/445] SRNM
[18:43:50] [360/445] SDTC
[18:43:52] [361/445] VPCA
[18:43:53] [362/445] VLRA
[18:43:54] [363/445] SHKR
[18:43:55] [364/445] SBKD
[18:43:55] [365/445] SAAD
[18:43:56] [366/445] JTGN
[18:43:57] [367/445] SLAM
[18:43:59] [368/445] VTPM
[18:44:00] [369/445] ANPT
[18:44:02] [370/445] PUNB
[18:44:03] [371/445] CPKT
[18:44:03] [372/445] CNWE
[18:44:04] [373/445] ECPP
[18:44:05] [374/445] CPAR
[18:44:06] [375/445] ESBW
[18:44:07] [376/445] PKPU
[18:44:08] [377/445] CPRP
[18:44:09] [378/445] RAHU
[18:44:09] [379/445] RHMN
[18:44:10] [380/445] FMJP
[18:44:11] [381/445] CTMP
[18:44:13] [382/445] INPN
[18:44:14] [383/445] STTG
[18:44:16] [384/445] CTRD
[18:44:17] [385/445] PUVB
[18:44:18] [386/445] ESVP
[18:44:19] [387/445] CPFT
[18:44:19] [388/445] LCPC
[18:44:20] [389/445] VBCT
[18:44:21] [390/445] FSCW
[18:44:22] [391/445] VCMP
[18:44:22] [392/445] ASHC
[18:44:23] [393/445] VLCX
[18:44:24] [394/445] SHEV
[18:44:25] [395/445] APCO
[18:44:26] [396/445] SILC
[18:44:27] [397/445] SNMR
[18:44:27] [398/445] KYBO
[18:44:28] [399/445] SATK
[18:44:30] [400/445] SSCS
[18:44:31] [401/445] CLSB
[18:44:32] [402/445] KMJR
[18:44:32] [403/445] FSCK
[18:44:33] [404/445] NNKA
[18:44:34] [405/445] CLMK
[18:44:35] [406/445] DMPZ
[18:44:36] [407/445] INQM
[18:44:37] [408/445] CAML
[18:44:38] [409/445] INRK
[18:44:39] [410/445] IMKN
[18:44:40] [411/445] SVNR
[18:44:40] [412/445] INSL
[18:44:42] [413/445] MSMA
[18:44:43] [414/445] MCKK
[18:44:44] [415/445] FCHP
[18:44:45] [416/445] SFCR
[18:44:46] [417/445] NACK
[18:44:47] [418/445] PVAK
[18:44:48] [419/445] INER
[18:44:49] [420/445] RDBK
[18:44:50] [421/445] SVFN
[18:44:51] [422/445] IFRM
[18:44:53] [423/445] ATCK
[18:44:54] [424/445] ASKO
[18:44:55] [425/445] STKT
[18:44:57] [426/445] SVFB
[18:44:58] [427/445] INKS
[18:44:58] [428/445] PCRA
[18:44:59] [429/445] ATJA
[18:45:00] [430/445] IMJN
[18:45:01] [431/445] INHD
[18:45:02] [432/445] BARA
[18:45:03] [433/445] MCSL
[18:45:03] [434/445] RTOY
[18:45:04] [435/445] MENO
[18:45:05] [436/445] PUDM
[18:45:06] [437/445] PRCN
[18:45:07] [438/445] JMJR
[18:45:08] [439/445] SSGK
[18:45:08] [440/445] SSRL
[18:45:09] [441/445] JYKL
[18:45:10] [442/445] ACNB
[18:45:11] [443/445] SONP
[18:45:12] [444/445] EMCI
[18:45:13] [445/445] MRJH
[18:45:14] ✅ DONE | Shows=911 | Movies=56
