[18:59:16] 🚀 BMS DAILY TRACKER STARTED
[18:59:16] [1/459] FNDB
[18:59:16] 🧠 New identity
[18:59:16] [2/459] AMBH
[18:59:18] [3/459] PRHN
[18:59:18] [4/459] ACPM
[18:59:19] [5/459] PVFS
[18:59:21] [6/459] AACN
[18:59:22] [7/459] ACAS
[18:59:23] [8/459] CTNR
[18:59:25] [9/459] MMAH
[18:59:26] [10/459] CPMH
[18:59:27] [11/459] IGMH
[18:59:27] [12/459] ABCS
[18:59:28] [13/459] CMMA
[18:59:29] [14/459] GPRH
[18:59:30] [15/459] PNNG
[18:59:31] [16/459] AMCA
[18:59:32] [17/459] ISTN
[18:59:33] [18/459] PIIC
[18:59:34] [19/459] AHMH
[18:59:35] [20/459] ASHN
[18:59:35] [21/459] INHY
[18:59:36] [22/459] SRMO
[18:59:37] [23/459] PIMH
[18:59:38] [24/459] PVTS
[18:59:38] [25/459] MMCA
[18:59:39] [26/459] AKYJ
[18:59:40] [27/459] BRKH
[18:59:41] [28/459] MAHM
[18:59:42] [29/459] CPHY
[18:59:43] [30/459] PVTP
[18:59:43] [31/459] SMMR
[18:59:44] [32/459] PVHM
[18:59:45] [33/459] SNDY
[18:59:46] [34/459] GOKU
[18:59:48] [35/459] ACEV
[18:59:49] [36/459] PVUM
[18:59:50] [37/459] VSWA
[18:59:51] [38/459] IPRS
[18:59:52] [39/459] ASGN
[18:59:52] [40/459] BKMV
[18:59:53] [41/459] PVYH
[18:59:54] [42/459] INKM
[18:59:55] [43/459] ARJU
[18:59:56] [44/459] JJPP
[18:59:56] [45/459] SSRM
[18:59:57] [46/459] HMHD
[18:59:58] [47/459] SNKH
[18:59:59] [48/459] ACHI
[19:00:00] [49/459] MRAA
[19:00:00] [50/459] INMH
[19:00:01] [51/459] ARMH
[19:00:02] [52/459] DVRR
[19:00:03] [53/459] SUDA
[19:00:04] [54/459] MCSS
[19:00:05] [55/459] VRKC
[19:00:06] [56/459] PRCX
[19:00:07] [57/459] ASJY
[19:00:08] [58/459] MTHY
[19:00:09] [59/459] SRCM
[19:00:09] [60/459] TVHY
[19:00:10] [61/459] STHD
[19:00:12] [62/459] CPCL
[19:00:13] [63/459] PSMJ
[19:00:13] [64/459] MRGT
[19:00:14] [65/459] ARYH
[19:00:15] [66/459] VTRB
[19:00:16] [67/459] SCHC
[19:00:17] [68/459] MRRG
[19:00:17] [69/459] SPCB
[19:00:19] [70/459] AMCM
[19:00:20] [71/459] IVNM
[19:00:20] [72/459] TRHY
[19:00:21] [73/459] PTTH
[19:00:22] [74/459] RKMH
[19:00:23] [75/459] PRCS
[19:00:24] [76/459] VAJA
[19:00:25] [77/459] BJNG
[19:00:25] [78/459] SCVM
[19:00:26] [79/459] GNHB
[19:00:27] [80/459] TLUR
[19:00:28] [81/459] UKCC
[19:00:28] [82/459] SRKR
[19:00:29] [83/459] RMKN
[19:00:30] [84/459] SLRT
[19:00:31] [85/459] LKMT
[19:00:31] [86/459] SSRJ
[19:00:32] [87/459] SPHT
[19:00:33] [88/459] ANTT
[19:00:34] [89/459] SRCH
[19:00:35] [90/459] SRCA
[19:00:36] [91/459] ARTH
[19:00:36] [92/459] MCBH
[19:00:37] [93/459] SNIB
[19:00:38] [94/459] SART
[19:00:39] [95/459] SKTA
[19:00:40] [96/459] YAKT
[19:00:40] [97/459] MLCK
[19:00:41] [98/459] ANTS
[19:00:42] [99/459] DGCA
[19:00:42] [100/459] SGMP
[19:00:43] [101/459] ASWN
[19:00:45] [102/459] KFVU
[19:00:46] [103/459] POOR
[19:00:47] [104/459] GKDN
[19:00:47] [105/459] EOSE
[19:00:48] [106/459] GTTT
[19:00:49] [107/459] ARRO
[19:00:50] [108/459] CMMK
[19:00:52] [109/459] MSCN
[19:00:53] [110/459] GDKH
[19:00:53] [111/459] DLMT
[19:00:55] [112/459] PVMF
[19:00:55] [113/459] CPCK
[19:00:56] [114/459] VMHE
[19:00:58] [115/459] PVLC
[19:00:58] [116/459] PCVB
[19:00:59] [117/459] SNYK
[19:01:00] [118/459] KTEK
[19:01:01] [119/459] PCNM
[19:01:01] [120/459] NTTR
[19:01:02] [121/459] CPSK
[19:01:03] [122/459] JMMA
[19:01:04] [123/459] GCFK
[19:01:05] [124/459] MYCA
[19:01:06] [125/459] KSNP
[19:01:07] [126/459] PMCE
[19:01:07] [127/459] SCKI
[19:01:08] [128/459] FSMA
[19:01:09] [129/459] CETA
[19:01:10] [130/459] MCIK
[19:01:10] [131/459] MYCR
[19:01:11] [132/459] EVMP
[19:01:12] [133/459] SSGT
[19:01:13] [134/459] KCTK
[19:01:14] [135/459] ZTKC
[19:01:14] [136/459] MMTA
[19:01:15] [137/459] MAJT
[19:01:16] [138/459] ACPK
[19:01:17] [139/459] JMAX
[19:01:18] [140/459] SETK
[19:01:18] [141/459] CAIS
[19:01:19] [142/459] AGCD
[19:01:20] [143/459] URCL
[19:01:21] [144/459] VTDS
[19:01:22] [145/459] JCNM
[19:01:23] [146/459] KCAM
[19:01:23] [147/459] ADCU
[19:01:24] [148/459] GXYN
[19:01:26] [149/459] SMJG
[19:01:27] [150/459] EYCJ
[19:01:27] [151/459] CCEJ
[19:01:28] [152/459] MARS
[19:01:29] [153/459] CPVJ
[19:01:30] [154/459] INVP
[19:01:31] [155/459] CPOV
[19:01:31] [156/459] VIJK
[19:01:32] [157/459] LAIM
[19:01:34] [158/459] STHV
[19:01:35] [159/459] SVLJ
[19:01:36] [160/459] ATVJ
[19:01:36] [161/459] JTSC
[19:01:37] [162/459] RMTV
[19:01:38] [163/459] MGGG
[19:01:39] [164/459] SWTH
[19:01:40] [165/459] INVJ
[19:01:40] [166/459] PRSV
[19:01:42] [167/459] JATV
[19:01:42] [168/459] RCVD
[19:01:44] [169/459] BDMA
[19:01:45] [170/459] BLJI
[19:01:46] [171/459] SWOT
[19:01:46] [172/459] SWRN
[19:01:47] [173/459] TVRA
[19:01:48] [174/459] VCSV
[19:01:49] [175/459] NVRN
[19:01:49] [176/459] SIKC
[19:01:50] [177/459] VAKR
[19:01:51] [178/459] SYLN
[19:01:52] [179/459] KLJL
[19:01:53] [180/459] LKMY
[19:01:53] [181/459] VSLY
[19:01:54] [182/459] CIKO
[19:01:55] [183/459] GPBG
[19:01:57] [184/459] CECM
[19:01:57] [185/459] SLKB
[19:01:58] [186/459] MTBO
[19:01:59] [187/459] SSHB
[19:02:00] [188/459] VPCS
[19:02:01] [189/459] RCSR
[19:02:02] [190/459] RJRM
[19:02:03] [191/459] KPPB
[19:02:03] [192/459] SEDC
[19:02:04] [193/459] SCAI
[19:02:05] [194/459] RMTR
[19:02:06] [195/459] ASST
[19:02:06] [196/459] GCAK
[19:02:08] [197/459] ANNK
[19:02:09] [198/459] KDDF
[19:02:09] [199/459] NRDP
[19:02:10] [200/459] PLAK
[19:02:11] [201/459] GCMC
[19:02:12] [202/459] ALPY
[19:02:13] [203/459] SICE
[19:02:14] [204/459] SISR
[19:02:15] [205/459] SRPZ
[19:02:15] [206/459] SRSW
[19:02:16] [207/459] SUYA
[19:02:17] [208/459] AMMT
[19:02:18] [209/459] BHCU
[19:02:19] [210/459] KLPA
[19:02:20] [211/459] NVKH
[19:02:21] [212/459] JMRC
[19:02:22] [213/459] KTTT
[19:02:23] [214/459] MAGH
[19:02:23] [215/459] MMMX
[19:02:24] [216/459] SALJ
[19:02:25] [217/459] GTJA
[19:02:26] [218/459] MAHT
[19:02:27] [219/459] SSNN
[19:02:28] [220/459] ARRP
[19:02:29] [221/459] ATNS
[19:02:29] [222/459] SKDT
[19:02:30] [223/459] ACAT
[19:02:31] [224/459] APRC
[19:02:32] [225/459] SWAG
[19:02:33] [226/459] SDPT
[19:02:34] [227/459] STPS
[19:02:35] [228/459] WWCZ
[19:02:36] [229/459] LLCH
[19:02:36] [230/459] MZHA
[19:02:37] [231/459] CRJG
[19:02:38] [232/459] JGTK
[19:02:39] [233/459] KCSR
[19:02:40] [234/459] CHTL
[19:02:41] [235/459] EDSR
[19:02:41] [236/459] CSWO
[19:02:42] [237/459] CPVM
[19:02:43] [238/459] MXBY
[19:02:44] [239/459] FMMA
[19:02:45] [240/459] POVI
[19:02:46] [241/459] MTHB
[19:02:47] [242/459] INRC
[19:02:48] [243/459] PIPP
[19:02:49] [244/459] BMXC
[19:02:49] [245/459] PCMM
[19:02:50] [246/459] PMKM
[19:02:51] [247/459] GATY
[19:02:52] [248/459] IMCM
[19:02:53] [249/459] POPE
[19:02:53] [250/459] MTCR
[19:02:54] [251/459] PVAE
[19:02:55] [252/459] PVMI
[19:02:56] [253/459] CPNM
[19:02:56] [254/459] FMRL
[19:02:57] [255/459] MCIW
[19:02:58] [256/459] MXBO
[19:02:59] [257/459] FMKY
[19:03:00] [258/459] FMDA
[19:03:01] [259/459] THAB
[19:03:02] [260/459] PRCW
[19:03:02] [261/459] PITI
[19:03:03] [262/459] MCFF
[19:03:04] [263/459] PDDV
[19:03:05] [264/459] MCRM
[19:03:06] [265/459] KKMB
[19:03:06] [266/459] INKO
[19:03:07] [267/459] PLXP
[19:03:08] [268/459] MMHA
[19:03:09] [269/459] FMVS
[19:03:09] [270/459] POLM
[19:03:10] [271/459] STER
[19:03:11] [272/459] PVWJ
[19:03:12] [273/459] IMJW
[19:03:13] [274/459] FNAN
[19:03:14] [275/459] CAGL
[19:03:15] [276/459] IPBG
[19:03:16] [277/459] SMFV
[19:03:16] [278/459] MMMR
[19:03:18] [279/459] MMWM
[19:03:19] [280/459] FNCM
[19:03:19] [281/459] MDVA
[19:03:20] [282/459] MMET
[19:03:21] [283/459] MIDO
[19:03:22] [284/459] INNP
[19:03:23] [285/459] MIFU
[19:03:24] [286/459] MMSZ
[19:03:24] [287/459] BMXA
[19:03:25] [288/459] MCAA
[19:03:26] [289/459] SCVP
[19:03:27] [290/459] PLUS
[19:03:27] [291/459] MUCK
[19:03:29] [292/459] MTMA
[19:03:29] [293/459] HPVR
[19:03:30] [294/459] PMPK
[19:03:31] [295/459] MAJB
[19:03:32] [296/459] CTRR
[19:03:33] [297/459] MCTG
[19:03:34] [298/459] MACE
[19:03:34] [299/459] AAAS
[19:03:35] [300/459] CPVV
[19:03:36] [301/459] RCHG
[19:03:37] [302/459] MCNE
[19:03:38] [303/459] EMNC
[19:03:39] [304/459] MCAN
[19:03:39] [305/459] TCDM
[19:03:41] [306/459] IRGT
[19:03:42] [307/459] GCMG
[19:03:43] [308/459] MXSN
[19:03:44] [309/459] MXCK
[19:03:44] [310/459] MCRC
[19:03:45] [311/459] RSMI
[19:03:46] [312/459] WAML
[19:03:47] [313/459] MTSC
[19:03:48] [314/459] FMDR
[19:03:49] [315/459] LEPV
[19:03:50] [316/459] MTGD
[19:03:51] [317/459] IMOB
[19:03:52] [318/459] CLMM
[19:03:53] [319/459] PZCD
[19:03:54] [320/459] GOCS
[19:03:55] [321/459] KCMA
[19:03:55] [322/459] CCMP
[19:03:57] [323/459] MTSU
[19:03:57] [324/459] SNGL
[19:03:58] [325/459] MMMC
[19:03:59] [326/459] MMAA
[19:04:01] [327/459] GCDM
[19:04:02] [328/459] KTMV
[19:04:03] [329/459] AETE
[19:04:04] [330/459] OMCS
[19:04:05] [331/459] GDCD
[19:04:06] [332/459] NYMD
[19:04:06] [333/459] RNCV
[19:04:07] [334/459] KKMT
[19:04:08] [335/459] GDTH
[19:04:09] [336/459] KMMV
[19:04:10] [337/459] NHCG
[19:04:11] [338/459] PJDW
[19:04:12] [339/459] MMCV
[19:04:12] [340/459] FQSA
[19:04:13] [341/459] KURL
[19:04:14] [342/459] NNNX
[19:04:15] [343/459] AMAU
[19:04:16] [344/459] VVVM
[19:04:16] [345/459] VECU
[19:04:17] [346/459] WCVR
[19:04:18] [347/459] MTGG
[19:04:19] [348/459] SGTG
[19:04:19] [349/459] MNTG
[19:04:20] [350/459] JDDG
[19:04:22] [351/459] MBTK
[19:04:23] [352/459] SGCD
[19:04:23] [353/459] MCTC
[19:04:24] [354/459] JTPC
[19:04:25] [355/459] SDKT
[19:04:26] [356/459] KRCC
[19:04:26] [357/459] RMMD
[19:04:27] [358/459] AAME
[19:04:28] [359/459] TMWC
[19:04:29] [360/459] NRWY
[19:04:30] [361/459] CITD
[19:04:30] [362/459] VERD
[19:04:31] [363/459] MKSK
[19:04:32] [364/459] STSM
[19:04:33] [365/459] MJDG
[19:04:34] [366/459] RKPM
[19:04:34] [367/459] SSCE
[19:04:35] [368/459] VMAE
[19:04:36] [369/459] SBRU
[19:04:37] [370/459] AMBC
[19:04:39] [371/459] AMLU
[19:04:39] [372/459] INVZ
[19:04:40] [373/459] LGTV
[19:04:41] [374/459] SVAD
[19:04:42] [375/459] SMSA
[19:04:42] [376/459] SPCZ
[19:04:43] [377/459] GTCX
[19:04:44] [378/459] SCSL
[19:04:45] [379/459] SAHU
[19:04:46] [380/459] NCDA
[19:04:47] [381/459] SCCG
[19:04:48] [382/459] VKTL
[19:04:49] [383/459] PUUJ
[19:04:50] [384/459] STEJ
[19:04:51] [385/459] RJAL
[19:04:51] [386/459] ACJC
[19:04:52] [387/459] VTHC
[19:04:53] [388/459] ARVB
[19:04:54] [389/459] AUBB
[19:04:54] [390/459] GDBR
[19:04:56] [391/459] PVND
[19:04:57] [392/459] BGRJ
[19:04:58] [393/459] RJMM
[19:04:58] [394/459] MCSA
[19:04:59] [395/459] BODA
[19:05:00] [396/459] JAGG
[19:05:01] [397/459] SCGA
[19:05:02] [398/459] LRCM
[19:05:02] [399/459] CPCN
[19:05:03] [400/459] SSTF
[19:05:04] [401/459] SRXP
[19:05:05] [402/459] CNFX
[19:05:06] [403/459] ANDI
[19:05:07] [404/459] SYEW
[19:05:07] [405/459] RCRE
[19:05:08] [406/459] SCRW
[19:05:09] [407/459] MBKR
[19:05:10] [408/459] ASNT
[19:05:10] [409/459] JTMT
[19:05:11] [410/459] SHAY
[19:05:12] [411/459] VRTH
[19:05:13] [412/459] SPTI
[19:05:14] [413/459] DPTD
[19:05:15] [414/459] TGSN
[19:05:16] [415/459] RCWV
[19:05:16] [416/459] OCUR
[19:05:17] [417/459] KSTC
[19:05:18] [418/459] SANI
[19:05:19] [419/459] MLCA
[19:05:20] [420/459] EGCA
[19:05:21] [421/459] SYSN
[19:05:22] [422/459] PKTA
[19:05:23] [423/459] PRCC
[19:05:24] [424/459] KSTR
[19:05:24] [425/459] SNTP
[19:05:25] [426/459] RCHA
[19:05:26] [427/459] SEEA
[19:05:27] [428/459] ALAT
[19:05:28] [429/459] AATV
[19:05:29] [430/459] RJTE
[19:05:31] [431/459] AAPP
[19:05:31] [432/459] PMMH
[19:05:32] [433/459] INRJ
[19:05:33] [434/459] SARB
[19:05:34] [435/459] PCJL
[19:05:35] [436/459] PFJJ
[19:05:36] [437/459] GRDC
[19:05:36] [438/459] BCBA
[19:05:37] [439/459] VIXL
[19:05:38] [440/459] CSTL
[19:05:39] [441/459] MTDK
[19:05:40] [442/459] TDAC
[19:05:41] [443/459] GTDN
[19:05:42] [444/459] TTDE
[19:05:43] [445/459] ASTS
[19:05:45] [446/459] CPNS
[19:05:46] [447/459] PVVW
[19:05:46] [448/459] USEB
[19:05:47] [449/459] DTYN
[19:05:49] [450/459] PVLE
[19:05:50] [451/459] CIPS
[19:05:50] [452/459] PAEG
[19:05:51] [453/459] PTCW
[19:05:52] [454/459] G3SR
[19:05:53] [455/459] PGND
[19:05:53] [456/459] INVM
[19:05:54] [457/459] SPIA
[19:05:55] [458/459] PCSN
[19:05:56] [459/459] PPGV
[19:05:57] ✅ DONE | Shows=1338 | Movies=59
