[18:59:19] 🚀 BMS DAILY TRACKER STARTED
[18:59:19] [1/459] NECA
[18:59:19] 🧠 New identity
[18:59:20] [2/459] BJLC
[18:59:21] [3/459] BASU
[18:59:22] [4/459] RUPI
[18:59:23] [5/459] LCBK
[18:59:24] [6/459] PMAC
[18:59:25] [7/459] AMLC
[18:59:26] [8/459] LICL
[18:59:27] [9/459] UDMM
[18:59:27] [10/459] STBZ
[18:59:28] [11/459] UUBT
[18:59:29] [12/459] SJKC
[18:59:30] [13/459] TUAL
[18:59:31] [14/459] MRSE
[18:59:32] [15/459] RMRK
[18:59:32] [16/459] TTKP
[18:59:33] [17/459] KTKO
[18:59:34] [18/459] SDBK
[18:59:35] [19/459] MCPR
[18:59:36] [20/459] CHTI
[18:59:36] [21/459] GCCP
[18:59:38] [22/459] SRMY
[18:59:39] [23/459] NYST
[18:59:40] [24/459] NYAG
[18:59:40] [25/459] SBMT
[18:59:41] [26/459] INGA
[18:59:43] [27/459] WSIC
[18:59:43] [28/459] SCSS
[18:59:44] [29/459] COPG
[18:59:45] [30/459] RCGR
[18:59:46] [31/459] TCZA
[18:59:46] [32/459] CNLP
[18:59:48] [33/459] CLKN
[18:59:49] [34/459] LHDF
[18:59:50] [35/459] ELKC
[18:59:51] [36/459] VCEM
[18:59:52] [37/459] SSZA
[18:59:53] [38/459] KRMT
[18:59:54] [39/459] LCMV
[18:59:54] [40/459] AYCZ
[18:59:55] [41/459] CUMS
[18:59:56] [42/459] BOCK
[18:59:57] [43/459] PNMR
[18:59:58] [44/459] PJCP
[18:59:58] [45/459] JDDD
[18:59:59] [46/459] STMS
[19:00:01] [47/459] FLMB
[19:00:01] [48/459] PKCM
[19:00:02] [49/459] SPPR
[19:00:03] [50/459] EYLH
[19:00:05] [51/459] RJCC
[19:00:05] [52/459] MMPS
[19:00:07] [53/459] SHMX
[19:00:08] [54/459] CCNL
[19:00:09] [55/459] RCNV
[19:00:09] [56/459] MAAG
[19:00:10] [57/459] LXCM
[19:00:11] [58/459] RCNI
[19:00:11] [59/459] SNNI
[19:00:12] [60/459] LALC
[19:00:14] [61/459] SOCN
[19:00:14] [62/459] JHTP
[19:00:15] [63/459] PITP
[19:00:16] [64/459] CCKW
[19:00:17] [65/459] MCMC
[19:00:18] [66/459] DEES
[19:00:19] [67/459] SABT
[19:00:20] [68/459] VSPP
[19:00:20] [69/459] ABCT
[19:00:21] [70/459] JVTB
[19:00:22] [71/459] VCBD
[19:00:23] [72/459] RMGG
[19:00:24] [73/459] RNMH
[19:00:25] [74/459] SPGL
[19:00:26] [75/459] JTTR
[19:00:28] [76/459] SICS
[19:00:29] [77/459] SRMI
[19:00:29] [78/459] SSIJ
[19:00:30] [79/459] KFMT
[19:00:31] [80/459] VBIT
[19:00:32] [81/459] JKCT
[19:00:33] [82/459] GCGP
[19:00:34] [83/459] GDCS
[19:00:35] [84/459] TRBA
[19:00:35] [85/459] QUST
[19:00:36] [86/459] VSHM
[19:00:37] [87/459] SDCP
[19:00:38] [88/459] SNVS
[19:00:39] [89/459] NYTO
[19:00:40] [90/459] URWC
[19:00:41] [91/459] GTWH
[19:00:41] [92/459] PFCM
[19:00:42] [93/459] KRTA
[19:00:43] [94/459] AXMC
[19:00:44] [95/459] EVMC
[19:00:45] [96/459] HGSM
[19:00:45] [97/459] ACVM
[19:00:46] [98/459] PSKL
[19:00:47] [99/459] RDMP
[19:00:48] [100/459] RHGH
[19:00:49] [101/459] OMCM
[19:00:50] [102/459] DCCP
[19:00:51] [103/459] MCPB
[19:00:51] [104/459] ALCI
[19:00:52] [105/459] BLMX
[19:00:53] [106/459] BTMV
[19:00:54] [107/459] FVPN
[19:00:55] [108/459] CMAR
[19:00:55] [109/459] CEIM
[19:00:56] [110/459] CMVA
[19:00:58] [111/459] CPIV
[19:00:58] [112/459] CNPE
[19:00:59] [113/459] COLV
[19:01:00] [114/459] DNNV
[19:01:01] [115/459] HCAD
[19:01:02] [116/459] TAKA
[19:01:03] [117/459] INVD
[19:01:03] [118/459] IRMM
[19:01:04] [119/459] INSE
[19:01:05] [120/459] MRSW
[19:01:06] [121/459] MCVD
[19:01:07] [122/459] MCSO
[19:01:08] [123/459] PEVM
[19:01:08] [124/459] PVNL
[19:01:09] [125/459] PTCV
[19:01:10] [126/459] PRTC
[19:01:11] [127/459] RCVA
[19:01:12] [128/459] MTBN
[19:01:12] [129/459] LUCP
[19:01:13] [130/459] FMPT
[19:01:14] [131/459] JLSL
[19:01:15] [132/459] SBHA
[19:01:16] [133/459] SHRC
[19:01:16] [134/459] AVPS
[19:01:17] [135/459] STPM
[19:01:18] [136/459] ATRD
[19:01:19] [137/459] VTED
[19:01:19] [138/459] ACAI
[19:01:20] [139/459] SMAE
[19:01:21] [140/459] VMAT
[19:01:21] [141/459] LKCT
[19:01:22] [142/459] JTVK
[19:01:23] [143/459] PRTY
[19:01:24] [144/459] GETT
[19:01:25] [145/459] ESAP
[19:01:26] [146/459] NCPM
[19:01:27] [147/459] PCPA
[19:01:28] [148/459] MMOM
[19:01:29] [149/459] PHUP
[19:01:30] [150/459] CCPI
[19:01:31] [151/459] CNTD
[19:01:32] [152/459] NLJR
[19:01:32] [153/459] SRNG
[19:01:33] [154/459] MHAL
[19:01:34] [155/459] PNSM
[19:01:35] [156/459] DRMY
[19:01:36] [157/459] CCMU
[19:01:36] [158/459] SCMY
[19:01:38] [159/459] PVSY
[19:01:38] [160/459] SDLM
[19:01:39] [161/459] ICCM
[19:01:40] [162/459] PYSU
[19:01:41] [163/459] GATM
[19:01:42] [164/459] WOTM
[19:01:42] [165/459] RKTS
[19:01:43] [166/459] PMTY
[19:01:44] [167/459] LYMS
[19:01:45] [168/459] TGCA
[19:01:46] [169/459] DSTA
[19:01:46] [170/459] CNGE
[19:01:47] [171/459] VSTG
[19:01:48] [172/459] GTCK
[19:01:49] [173/459] TGNT
[19:01:50] [174/459] ASLC
[19:01:50] [175/459] SSST
[19:01:51] [176/459] KBTT
[19:01:51] [177/459] HKCP
[19:01:52] [178/459] SWLC
[19:01:53] [179/459] RTND
[19:01:54] [180/459] PKKT
[19:01:55] [181/459] HSTK
[19:01:56] [182/459] SPTT
[19:01:57] [183/459] IMPM
[19:01:57] [184/459] SCMV
[19:01:58] [185/459] SPCT
[19:01:59] [186/459] JBCA
[19:02:00] [187/459] ATTR
[19:02:01] [188/459] SPMT
[19:02:02] [189/459] LCTM
[19:02:02] [190/459] SCVL
[19:02:03] [191/459] SCVT
[19:02:04] [192/459] KRIC
[19:02:05] [193/459] CTMG
[19:02:06] [194/459] ACNC
[19:02:07] [195/459] DMCK
[19:02:08] [196/459] KMTV
[19:02:09] [197/459] PFCJ
[19:02:10] [198/459] VNMD
[19:02:11] [199/459] VPCZ
[19:02:11] [200/459] SRYR
[19:02:13] [201/459] SYTR
[19:02:14] [202/459] GATR
[19:02:15] [203/459] URTR
[19:02:15] [204/459] MKSM
[19:02:16] [205/459] VSMH
[19:02:17] [206/459] SKRJ
[19:02:18] [207/459] SSJR
[19:02:19] [208/459] SVSM
[19:02:20] [209/459] RUCM
[19:02:20] [210/459] PRKN
[19:02:21] [211/459] RROH
[19:02:22] [212/459] SCTN
[19:02:23] [213/459] RTDM
[19:02:24] [214/459] ASRM
[19:02:24] [215/459] SKMD
[19:02:25] [216/459] SUTD
[19:02:26] [217/459] SADM
[19:02:27] [218/459] WCNR
[19:02:27] [219/459] CNED
[19:02:28] [220/459] MPDB
[19:02:29] [221/459] KTBH
[19:02:30] [222/459] IDRM
[19:02:30] [223/459] PJJT
[19:02:31] [224/459] PFCV
[19:02:32] [225/459] AACT
[19:02:33] [226/459] AAAD
[19:02:34] [227/459] ANES
[19:02:35] [228/459] MNCA
[19:02:36] [229/459] RMGU
[19:02:37] [230/459] DLCN
[19:02:37] [231/459] LJWT
[19:02:39] [232/459] MCBG
[19:02:40] [233/459] MYBG
[19:02:41] [234/459] GCCA
[19:02:42] [235/459] GCGA
[19:02:43] [236/459] ECGN
[19:02:44] [237/459] PRAB
[19:02:45] [238/459] PNMP
[19:02:46] [239/459] GCPT
[19:02:46] [240/459] ROYN
[19:02:48] [241/459] VATM
[19:02:49] [242/459] KSNT
[19:02:50] [243/459] ACTC
[19:02:51] [244/459] PLTD
[19:02:51] [245/459] SKMK
[19:02:52] [246/459] CMTT
[19:02:53] [247/459] SMXP
[19:02:53] [248/459] SCMX
[19:02:54] [249/459] ACXN
[19:02:55] [250/459] ASWT
[19:02:56] [251/459] VVVL
[19:02:57] [252/459] NAGO
[19:02:58] [253/459] SNCN
[19:02:59] [254/459] MCKP
[19:02:59] [255/459] SAMO
[19:03:00] [256/459] JBTV
[19:03:01] [257/459] DCVV
[19:03:02] [258/459] KMSV
[19:03:03] [259/459] KDCN
[19:03:04] [260/459] CNCP
[19:03:06] [261/459] HAMC
[19:03:07] [262/459] CCVZ
[19:03:08] [263/459] NCCK
[19:03:09] [264/459] MCHR
[19:03:09] [265/459] SCHT
[19:03:10] [266/459] ESSH
[19:03:11] [267/459] CUJC
[19:03:11] [268/459] PECP
[19:03:12] [269/459] PMMI
[19:03:13] [270/459] PCCH
[19:03:14] [271/459] PRPM
[19:03:15] [272/459] PVKL
[19:03:16] [273/459] CBSM
[19:03:16] [274/459] PVCZ
[19:03:17] [275/459] PCVV
[19:03:18] [276/459] CTMJ
[19:03:19] [277/459] RCPS
[19:03:20] [278/459] PCIT
[19:03:20] [279/459] FNCH
[19:03:21] [280/459] INZD
[19:03:23] [281/459] INPC
[19:03:24] [282/459] LCZP
[19:03:24] [283/459] SMCB
[19:03:26] [284/459] PTSB
[19:03:26] [285/459] TPSI
[19:03:27] [286/459] KHMJ
[19:03:28] [287/459] RCCJ
[19:03:29] [288/459] NCJA
[19:03:30] [289/459] NCJN
[19:03:30] [290/459] BTDP
[19:03:31] [291/459] PADY
[19:03:32] [292/459] NYBH
[19:03:33] [293/459] MTBR
[19:03:34] [294/459] KRBC
[19:03:35] [295/459] DKTI
[19:03:36] [296/459] ANAN
[19:03:37] [297/459] INBP
[19:03:37] [298/459] PATB
[19:03:38] [299/459] RGNT
[19:03:39] [300/459] CGPM
[19:03:40] [301/459] INTN
[19:03:41] [302/459] MCMP
[19:03:42] [303/459] ASRG
[19:03:42] [304/459] CXJD
[19:03:43] [305/459] SPCP
[19:03:44] [306/459] CSTP
[19:03:45] [307/459] PKVC
[19:03:45] [308/459] ESCP
[19:03:46] [309/459] CAEP
[19:03:47] [310/459] CCSP
[19:03:48] [311/459] KTPC
[19:03:49] [312/459] DACA
[19:03:50] [313/459] NVKY
[19:03:51] [314/459] PTIN
[19:03:52] [315/459] SCIN
[19:03:53] [316/459] MCTY
[19:03:54] [317/459] PCMX
[19:03:55] [318/459] INIC
[19:03:56] [319/459] MMZM
[19:03:57] [320/459] SSLP
[19:03:58] [321/459] DTDT
[19:04:00] [322/459] FFCX
[19:04:00] [323/459] RCMM
[19:04:01] [324/459] KYID
[19:04:02] [325/459] CSCI
[19:04:03] [326/459] FCMC
[19:04:04] [327/459] MMXI
[19:04:05] [328/459] ASTC
[19:04:06] [329/459] CMRA
[19:04:06] [330/459] DICI
[19:04:07] [331/459] KDIN
[19:04:08] [332/459] PRFI
[19:04:09] [333/459] SVFC
[19:04:10] [334/459] UCPL
[19:04:11] [335/459] COOC
[19:04:11] [336/459] SCAL
[19:04:12] [337/459] SVFF
[19:04:13] [338/459] VCMG
[19:04:14] [339/459] UUCT
[19:04:15] [340/459] GCSE
[19:04:16] [341/459] SUSC
[19:04:16] [342/459] MISC
[19:04:18] [343/459] RMBL
[19:04:19] [344/459] CMXN
[19:04:20] [345/459] PVBK
[19:04:20] [346/459] HHCG
[19:04:21] [347/459] SCAG
[19:04:22] [348/459] CNPR
[19:04:23] [349/459] CSER
[19:04:24] [350/459] HLWD
[19:04:24] [351/459] BOLY
[19:04:25] [352/459] SSPG
[19:04:26] [353/459] MUPX
[19:04:27] [354/459] HAMR
[19:04:27] [355/459] SDNC
[19:04:28] [356/459] RTEN
[19:04:29] [357/459] SDTD
[19:04:30] [358/459] KAWS
[19:04:31] [359/459] CMZX
[19:04:32] [360/459] DCDD
[19:04:32] [361/459] ALSN
[19:04:33] [362/459] IMXS
[19:04:34] [363/459] PVFF
[19:04:35] [364/459] PVOO
[19:04:36] [365/459] CFBS
[19:04:37] [366/459] PVER
[19:04:38] [367/459] PPNX
[19:04:39] [368/459] CNRM
[19:04:40] [369/459] PVWW
[19:04:41] [370/459] INMB
[19:04:41] [371/459] CPJR
[19:04:42] [372/459] INRZ
[19:04:43] [373/459] PMSR
[19:04:43] [374/459] GPGM
[19:04:44] [375/459] PGWB
[19:04:45] [376/459] PMBR
[19:04:46] [377/459] GPAM
[19:04:47] [378/459] INBC
[19:04:48] [379/459] PZVK
[19:04:49] [380/459] CPEB
[19:04:50] [381/459] FMLB
[19:04:51] [382/459] INBG
[19:04:52] [383/459] GPBR
[19:04:52] [384/459] PAAS
[19:04:53] [385/459] VTBR
[19:04:54] [386/459] GPMY
[19:04:54] [387/459] GYBU
[19:04:55] [388/459] INBJ
[19:04:56] [389/459] LKTH
[19:04:57] [390/459] NSBR
[19:04:58] [391/459] PDRD
[19:04:58] [392/459] VRBL
[19:04:59] [393/459] VTGB
[19:05:00] [394/459] VTSK
[19:05:01] [395/459] BKDV
[19:05:01] [396/459] SVTB
[19:05:02] [397/459] MLDT
[19:05:03] [398/459] NRBL
[19:05:04] [399/459] SLTR
[19:05:05] [400/459] VNKA
[19:05:06] [401/459] TDCA
[19:05:07] [402/459] INBM
[19:05:08] [403/459] SSNR
[19:05:09] [404/459] BHAC
[19:05:10] [405/459] SDSD
[19:05:12] [406/459] SAMP
[19:05:12] [407/459] RATK
[19:05:13] [408/459] KCBI
[19:05:14] [409/459] URBL
[19:05:15] [410/459] MKBG
[19:05:15] [411/459] ASTB
[19:05:16] [412/459] VBWT
[19:05:17] [413/459] GPSM
[19:05:18] [414/459] ROON
[19:05:19] [415/459] CHTH
[19:05:19] [416/459] SSPA
[19:05:20] [417/459] ANBL
[19:05:21] [418/459] VTBE
[19:05:22] [419/459] SVKT
[19:05:23] [420/459] SVYK
[19:05:24] [421/459] PTBK
[19:05:24] [422/459] RKTB
[19:05:25] [423/459] BALT
[19:05:26] [424/459] STSV
[19:05:27] [425/459] VCCB
[19:05:28] [426/459] SLTB
[19:05:29] [427/459] SBCR
[19:05:30] [428/459] VDCS
[19:05:31] [429/459] MDKI
[19:05:32] [430/459] SMRN
[19:05:33] [431/459] PTBC
[19:05:33] [432/459] RADI
[19:05:34] [433/459] ADCR
[19:05:35] [434/459] SDCS
[19:05:36] [435/459] SRPJ
[19:05:37] [436/459] ARTS
[19:05:37] [437/459] SRHK
[19:05:38] [438/459] SPAY
[19:05:39] [439/459] GPTB
[19:05:40] [440/459] SNNN
[19:05:41] [441/459] BALJ
[19:05:42] [442/459] TRIG
[19:05:43] [443/459] GTYT
[19:05:44] [444/459] ATGN
[19:05:44] [445/459] ANTE
[19:05:45] [446/459] BDCG
[19:05:46] [447/459] VECI
[19:05:47] [448/459] SCPR
[19:05:47] [449/459] RTEA
[19:05:48] [450/459] JSAI
[19:05:49] [451/459] VJTP
[19:05:50] [452/459] GNDS
[19:05:51] [453/459] PAXA
[19:05:52] [454/459] CGGM
[19:05:52] [455/459] ACKZ
[19:05:53] [456/459] EMCC
[19:05:54] [457/459] KLSK
[19:05:55] [458/459] AVCK
[19:05:55] [459/459] JTCK
[19:05:56] ✅ DONE | Shows=1240 | Movies=59
