[19:00:03] 🚀 BMS DAILY TRACKER STARTED
[19:00:03] [1/459] MCCZ
[19:00:04] 🧠 New identity
[19:00:04] [2/459] FRPU
[19:00:05] [3/459] SKSI
[19:00:06] [4/459] SSCK
[19:00:07] [5/459] SRDC
[19:00:08] [6/459] RSCZ
[19:00:09] [7/459] PRVT
[19:00:10] [8/459] GAGJ
[19:00:11] [9/459] SMHG
[19:00:11] [10/459] JTST
[19:00:12] [11/459] MYTH
[19:00:13] [12/459] JPCC
[19:00:14] [13/459] ACDC
[19:00:15] [14/459] SVFP
[19:00:15] [15/459] SFCM
[19:00:16] [16/459] RUPK
[19:00:17] [17/459] NTCR
[19:00:18] [18/459] RTCH
[19:00:19] [19/459] SCMH
[19:00:20] [20/459] SVYM
[19:00:21] [21/459] SPYM
[19:00:22] [22/459] SMMF
[19:00:22] [23/459] CLLB
[19:00:23] [24/459] FMCB
[19:00:24] [25/459] BBTC
[19:00:25] [26/459] NTHS
[19:00:26] [27/459] PKKJ
[19:00:27] [28/459] MTJA
[19:00:28] [29/459] PMSJ
[19:00:29] [30/459] JMJU
[19:00:30] [31/459] SRAD
[19:00:31] [32/459] MJMC
[19:00:31] [33/459] DFRM
[19:00:32] [34/459] PMRS
[19:00:33] [35/459] RKPP
[19:00:34] [36/459] BMBK
[19:00:35] [37/459] NEWS
[19:00:36] [38/459] SALB
[19:00:36] [39/459] SCPW
[19:00:37] [40/459] RAYL
[19:00:38] [41/459] CMGJ
[19:00:39] [42/459] JRCR
[19:00:40] [43/459] SRTB
[19:00:40] [44/459] ETPB
[19:00:41] [45/459] MXBN
[19:00:42] [46/459] TOPE
[19:00:43] [47/459] SNLJ
[19:00:44] [48/459] CDDP
[19:00:45] [49/459] APCX
[19:00:46] [50/459] TALP
[19:00:47] [51/459] RRMP
[19:00:48] [52/459] MAHB
[19:00:49] [53/459] MTKR
[19:00:50] [54/459] KSKL
[19:00:50] [55/459] RJLT
[19:00:51] [56/459] ATAS
[19:00:52] [57/459] AMHR
[19:00:53] [58/459] RSRM
[19:00:54] [59/459] GCAT
[19:00:55] [60/459] SMML
[19:00:56] [61/459] ACCD
[19:00:56] [62/459] VYDA
[19:00:57] [63/459] MSKT
[19:00:58] [64/459] AVDM
[19:00:59] [65/459] ASMH
[19:01:00] [66/459] VTMB
[19:01:00] [67/459] WVMB
[19:01:01] [68/459] PPMN
[19:01:03] [69/459] MTMD
[19:01:04] [70/459] SMMO
[19:01:05] [71/459] DLPB
[19:01:06] [72/459] AKMD
[19:01:06] [73/459] SHRR
[19:01:08] [74/459] ASCO
[19:01:08] [75/459] CZVX
[19:01:09] [76/459] GCBB
[19:01:10] [77/459] ATBM
[19:01:11] [78/459] TCGM
[19:01:12] [79/459] UMSE
[19:01:12] [80/459] NKCL
[19:01:13] [81/459] BTLR
[19:01:15] [82/459] GOCL
[19:01:16] [83/459] MIRN
[19:01:16] [84/459] THEC
[19:01:17] [85/459] SPPB
[19:01:18] [86/459] PMMM
[19:01:20] [87/459] GGMC
[19:01:20] [88/459] AVSR
[19:01:21] [89/459] RDMH
[19:01:23] [90/459] JSRS
[19:01:24] [91/459] VKGP
[19:01:25] [92/459] ACRT
[19:01:26] [93/459] GCBA
[19:01:26] [94/459] GTCP
[19:01:27] [95/459] AKFC
[19:01:29] [96/459] INCS
[19:01:30] [97/459] SMCK
[19:01:31] [98/459] BRUN
[19:01:32] [99/459] RPPC
[19:01:33] [100/459] PAYD
[19:01:34] [101/459] SVVT
[19:01:34] [102/459] RNCC
[19:01:35] [103/459] PCRC
[19:01:36] [104/459] PMRM
[19:01:37] [105/459] CCRP
[19:01:38] [106/459] INCR
[19:01:38] [107/459] ZTMP
[19:01:39] [108/459] MCNR
[19:01:40] [109/459] INRP
[19:01:41] [110/459] STRC
[19:01:42] [111/459] RATI
[19:01:43] [112/459] PBTR
[19:01:43] [113/459] CMHP
[19:01:44] [114/459] ZECJ
[19:01:45] [115/459] CCCB
[19:01:46] [116/459] BWCB
[19:01:47] [117/459] CCAT
[19:01:47] [118/459] KGCM
[19:01:49] [119/459] INPT
[19:01:50] [120/459] FNCO
[19:01:50] [121/459] SRMJ
[19:01:51] [122/459] PFSC
[19:01:52] [123/459] PBMC
[19:01:53] [124/459] KARP
[19:01:54] [125/459] KOVI
[19:01:55] [126/459] ACXL
[19:01:56] [127/459] GKCC
[19:01:57] [128/459] ASCC
[19:01:58] [129/459] SETC
[19:01:59] [130/459] KACC
[19:02:00] [131/459] KAVE
[19:02:00] [132/459] CNTC
[19:02:01] [133/459] MEEN
[19:02:02] [134/459] BMRV
[19:02:03] [135/459] SVAM
[19:02:04] [136/459] VTBP
[19:02:05] [137/459] VCKN
[19:02:06] [138/459] SGTK
[19:02:07] [139/459] RCGS
[19:02:08] [140/459] RCCB
[19:02:08] [141/459] RKSR
[19:02:09] [142/459] RKCU
[19:02:10] [143/459] GIBH
[19:02:11] [144/459] CXBS
[19:02:12] [145/459] GGCB
[19:02:12] [146/459] SCPB
[19:02:13] [147/459] AKTB
[19:02:14] [148/459] SRBU
[19:02:15] [149/459] CSSA
[19:02:16] [150/459] MYAN
[19:02:17] [151/459] EXCA
[19:02:18] [152/459] CKSA
[19:02:19] [153/459] JTNM
[19:02:20] [154/459] CXKT
[19:02:21] [155/459] NCLM
[19:02:22] [156/459] JAAD
[19:02:23] [157/459] RDCR
[19:02:23] [158/459] MEER
[19:02:24] [159/459] SIBT
[19:02:25] [160/459] PVVB
[19:02:26] [161/459] FNPN
[19:02:27] [162/459] CRPX
[19:02:28] [163/459] STET
[19:02:28] [164/459] METE
[19:02:29] [165/459] BJML
[19:02:30] [166/459] MAVT
[19:02:32] [167/459] MSRM
[19:02:33] [168/459] TJMP
[19:02:33] [169/459] MHCK
[19:02:35] [170/459] SVGP
[19:02:36] [171/459] KRRC
[19:02:37] [172/459] IMCH
[19:02:37] [173/459] CMCS
[19:02:38] [174/459] SGND
[19:02:39] [175/459] RNAT
[19:02:40] [176/459] PRTN
[19:02:42] [177/459] MPTN
[19:02:42] [178/459] ARCC
[19:02:43] [179/459] NTTE
[19:02:44] [180/459] ABND
[19:02:44] [181/459] KCSN
[19:02:45] [182/459] KCSA
[19:02:46] [183/459] DCKT
[19:02:47] [184/459] MBBR
[19:02:48] [185/459] RAMU
[19:02:48] [186/459] RACW
[19:02:49] [187/459] MCHP
[19:02:50] [188/459] TMHM
[19:02:51] [189/459] STXH
[19:02:52] [190/459] AGSG
[19:02:53] [191/459] SIRA
[19:02:54] [192/459] RCAN
[19:02:55] [193/459] CWTB
[19:02:56] [194/459] VTYM
[19:02:57] [195/459] RRPP
[19:02:58] [196/459] ASMR
[19:02:59] [197/459] RONO
[19:02:59] [198/459] MEMR
[19:03:00] [199/459] CTMR
[19:03:01] [200/459] PMTT
[19:03:02] [201/459] PSLX
[19:03:03] [202/459] IPPL
[19:03:04] [203/459] MMSG
[19:03:04] [204/459] INEL
[19:03:05] [205/459] COAC
[19:03:06] [206/459] WVLK
[19:03:08] [207/459] PPXL
[19:03:08] [208/459] PSML
[19:03:09] [209/459] FNLK
[19:03:10] [210/459] ILUM
[19:03:11] [211/459] ILCM
[19:03:12] [212/459] MSNL
[19:03:12] [213/459] VINB
[19:03:13] [214/459] SALW
[19:03:14] [215/459] PRTB
[19:03:15] [216/459] NCIL
[19:03:16] [217/459] PSUL
[19:03:17] [218/459] SCLK
[19:03:17] [219/459] ADDC
[19:03:18] [220/459] OACL
[19:03:19] [221/459] OOCF
[19:03:20] [222/459] GPMF
[19:03:21] [223/459] SSDG
[19:03:21] [224/459] SKRS
[19:03:22] [225/459] NTTP
[19:03:23] [226/459] SLTP
[19:03:24] [227/459] JTLC
[19:03:25] [228/459] POON
[19:03:26] [229/459] CCPC
[19:03:27] [230/459] DCKC
[19:03:29] [231/459] CPRT
[19:03:29] [232/459] EYHZ
[19:03:30] [233/459] ARBL
[19:03:31] [234/459] SBTB
[19:03:32] [235/459] MMCK
[19:03:32] [236/459] PLMR
[19:03:33] [237/459] BIJH
[19:03:34] [238/459] SDRT
[19:03:35] [239/459] PRDC
[19:03:36] [240/459] OMJA
[19:03:37] [241/459] VKCR
[19:03:38] [242/459] ATRT
[19:03:38] [243/459] WVRP
[19:03:39] [244/459] MVRP
[19:03:40] [245/459] FCAX
[19:03:40] [246/459] CTLC
[19:03:41] [247/459] JCHB
[19:03:42] [248/459] SELP
[19:03:43] [249/459] VCPG
[19:03:44] [250/459] ASCX
[19:03:45] [251/459] EOCS
[19:03:46] [252/459] RCPH
[19:03:47] [253/459] RJTM
[19:03:47] [254/459] SGMD
[19:03:48] [255/459] SVJT
[19:03:49] [256/459] SPPO
[19:03:50] [257/459] MNRL
[19:03:50] [258/459] KNOX
[19:03:51] [259/459] GIER
[19:03:52] [260/459] PJMS
[19:03:53] [261/459] UNSP
[19:03:53] [262/459] JETP
[19:03:54] [263/459] VTWA
[19:03:56] [264/459] SCJI
[19:03:56] [265/459] CBZZ
[19:03:57] [266/459] SDCJ
[19:03:58] [267/459] RRCC
[19:03:59] [268/459] VNKG
[19:04:00] [269/459] LKTO
[19:04:01] [270/459] PJRM
[19:04:02] [271/459] NVRM
[19:04:02] [272/459] SJCS
[19:04:03] [273/459] VIGK
[19:04:05] [274/459] ANST
[19:04:06] [275/459] JTTS
[19:04:07] [276/459] NTST
[19:04:08] [277/459] PREB
[19:04:09] [278/459] TSCZ
[19:04:10] [279/459] CDCM
[19:04:11] [280/459] ELYE
[19:04:12] [281/459] INBS
[19:04:13] [282/459] SMGC
[19:04:14] [283/459] UTMP
[19:04:14] [284/459] INTA
[19:04:15] [285/459] OMPT
[19:04:16] [286/459] SCIR
[19:04:17] [287/459] GCKJ
[19:04:18] [288/459] INOG
[19:04:19] [289/459] SMGB
[19:04:19] [290/459] MCSG
[19:04:20] [291/459] STKG
[19:04:21] [292/459] TTKG
[19:04:22] [293/459] SRTR
[19:04:22] [294/459] ETTR
[19:04:23] [295/459] GGGZ
[19:04:24] [296/459] IPGM
[19:04:25] [297/459] FCDH
[19:04:26] [298/459] DESB
[19:04:26] [299/459] VNTP
[19:04:28] [300/459] ANNT
[19:04:29] [301/459] SLTI
[19:04:29] [302/459] MAJU
[19:04:30] [303/459] JCXP
[19:04:31] [304/459] HARK
[19:04:32] [305/459] JPCJ
[19:04:33] [306/459] RXBD
[19:04:34] [307/459] PTKJ
[19:04:34] [308/459] CMTU
[19:04:35] [309/459] SWOR
[19:04:37] [310/459] JMEX
[19:04:38] [311/459] DTPT
[19:04:38] [312/459] VGMM
[19:04:39] [313/459] VCSG
[19:04:40] [314/459] CVCG
[19:04:42] [315/459] TNTT
[19:04:43] [316/459] SHRM
[19:04:44] [317/459] CGKD
[19:04:44] [318/459] EKCM
[19:04:45] [319/459] SDCX
[19:04:46] [320/459] SBTE
[19:04:47] [321/459] STKJ
[19:04:48] [322/459] TPCE
[19:04:49] [323/459] JTNP
[19:04:50] [324/459] LPCH
[19:04:50] [325/459] CPUO
[19:04:51] [326/459] APSU
[19:04:52] [327/459] RTHC
[19:04:53] [328/459] PTBU
[19:04:54] [329/459] CUCC
[19:04:54] [330/459] CPSA
[19:04:55] [331/459] SUAY
[19:04:56] [332/459] AYAA
[19:04:57] [333/459] MUCH
[19:04:58] [334/459] PCIN
[19:04:59] [335/459] JRRM
[19:05:00] [336/459] KATS
[19:05:01] [337/459] MHFF
[19:05:02] [338/459] ESYM
[19:05:03] [339/459] STYV
[19:05:03] [340/459] SDKG
[19:05:04] [341/459] SMTI
[19:05:05] [342/459] NYCS
[19:05:06] [343/459] MTBG
[19:05:07] [344/459] RHCA
[19:05:08] [345/459] PCKH
[19:05:09] [346/459] ARCR
[19:05:09] [347/459] NCMB
[19:05:10] [348/459] SHYC
[19:05:11] [349/459] LACK
[19:05:12] [350/459] MTCM
[19:05:13] [351/459] RRBN
[19:05:14] [352/459] MYDC
[19:05:15] [353/459] STCS
[19:05:15] [354/459] CONN
[19:05:16] [355/459] SIPS
[19:05:17] [356/459] SMMX
[19:05:18] [357/459] SCBY
[19:05:19] [358/459] SUAP
[19:05:20] [359/459] RSMK
[19:05:20] [360/459] STKP
[19:05:21] [361/459] CIPC
[19:05:22] [362/459] KKCI
[19:05:23] [363/459] CTNK
[19:05:25] [364/459] MMTZ
[19:05:25] [365/459] DCCO
[19:05:26] [366/459] VNMN
[19:05:27] [367/459] RLCN
[19:05:28] [368/459] CMMS
[19:05:29] [369/459] AYOU
[19:05:30] [370/459] SSCN
[19:05:31] [371/459] SMXN
[19:05:32] [372/459] ASSK
[19:05:33] [373/459] VCKM
[19:05:34] [374/459] PCPH
[19:05:35] [375/459] PADM
[19:05:36] [376/459] IESA
[19:05:36] [377/459] VCSP
[19:05:37] [378/459] AEST
[19:05:38] [379/459] VTNR
[19:05:39] [380/459] GTTA
[19:05:40] [381/459] CMMM
[19:05:41] [382/459] AHKT
[19:05:42] [383/459] SIJI
[19:05:43] [384/459] VCEI
[19:05:44] [385/459] SAKR
[19:05:45] [386/459] VSMT
[19:05:45] [387/459] SSCT
[19:05:46] [388/459] USTR
[19:05:47] [389/459] MTKT
[19:05:47] [390/459] TGMP
[19:05:49] [391/459] SIVC
[19:05:49] [392/459] KICT
[19:05:50] [393/459] DAMD
[19:05:51] [394/459] CNPT
[19:05:52] [395/459] RVTT
[19:05:53] [396/459] SNCM
[19:05:54] [397/459] GHTE
[19:05:54] [398/459] PPAM
[19:05:55] [399/459] PVAA
[19:05:56] [400/459] CPAO
[19:05:57] [401/459] HAMD
[19:05:57] [402/459] RCCA
[19:05:58] [403/459] MPCH
[19:05:59] [404/459] ARED
[19:05:59] [405/459] RRCV
[19:06:01] [406/459] MTRB
[19:06:02] [407/459] CKUA
[19:06:03] [408/459] ABMP
[19:06:04] [409/459] RCWA
[19:06:05] [410/459] CGAR
[19:06:05] [411/459] METH
[19:06:06] [412/459] WAGA
[19:06:07] [413/459] MCMA
[19:06:08] [414/459] CSMP
[19:06:09] [415/459] RCNK
[19:06:10] [416/459] PSTM
[19:06:11] [417/459] CSEP
[19:06:12] [418/459] AMGD
[19:06:13] [419/459] CSTE
[19:06:14] [420/459] CONS
[19:06:15] [421/459] APPX
[19:06:16] [422/459] MABC
[19:06:16] [423/459] CXST
[19:06:17] [424/459] MATN
[19:06:18] [425/459] MACZ
[19:06:19] [426/459] MASA
[19:06:20] [427/459] MBSX
[19:06:20] [428/459] CSST
[19:06:21] [429/459] APCL
[19:06:22] [430/459] CGOS
[19:06:22] [431/459] CPEC
[19:06:23] [432/459] MCCP
[19:06:24] [433/459] BSSO
[19:06:25] [434/459] SJKA
[19:06:26] [435/459] CGBO
[19:06:26] [436/459] MVSK
[19:06:27] [437/459] HVCA
[19:06:28] [438/459] NAMD
[19:06:29] [439/459] DEVI
[19:06:30] [440/459] SCSV
[19:06:31] [441/459] PSMA
[19:06:31] [442/459] CLDJ
[19:06:33] [443/459] NMAD
[19:06:33] [444/459] CGMO
[19:06:34] [445/459] MCNA
[19:06:35] [446/459] OCBN
[19:06:36] [447/459] CPEM
[19:06:37] [448/459] CPSM
[19:06:38] [449/459] RCAD
[19:06:38] [450/459] CPMU
[19:06:39] [451/459] DICD
[19:06:40] [452/459] CHOE
[19:06:42] [453/459] PDJM
[19:06:43] [454/459] SSTU
[19:06:43] [455/459] VNRN
[19:06:45] [456/459] PVLG
[19:06:45] [457/459] SWBL
[19:06:47] [458/459] SCAB
[19:06:48] [459/459] RDDA
[19:06:49] ✅ DONE | Shows=1048 | Movies=51
