[17:56:50] 🚀 SCRIPT STARTED
[17:56:50] [1/445] TGMR
[17:56:50] 🧠 New identity created
[17:56:51] [2/445] CXKR
[17:56:52] [3/445] SROP
[17:56:53] [4/445] GTSV
[17:56:53] [5/445] SNTY
[17:56:54] [6/445] SMYY
[17:56:55] [7/445] CNCS
[17:56:56] [8/445] CSTM
[17:56:57] [9/445] NUCD
[17:56:57] [10/445] SHCZ
[17:56:58] [11/445] NJCT
[17:57:00] [12/445] COPC
[17:57:01] [13/445] STVV
[17:57:02] [14/445] SKRN
[17:57:03] [15/445] APPZ
[17:57:04] [16/445] YMGN
[17:57:05] [17/445] SVTU
[17:57:06] [18/445] GTAD
[17:57:07] [19/445] PSUS
[17:57:08] [20/445] SMCD
[17:57:08] [21/445] CMCM
[17:57:09] [22/445] SYCT
[17:57:11] [23/445] STLY
[17:57:12] [24/445] CMHU
[17:57:13] [25/445] CMSA
[17:57:14] [26/445] CLCU
[17:57:15] [27/445] PPNT
[17:57:16] [28/445] JTAB
[17:57:17] [29/445] BUUC
[17:57:18] [30/445] BSVK
[17:57:19] [31/445] VVVQ
[17:57:20] [32/445] TKMU
[17:57:21] [33/445] ESYL
[17:57:22] [34/445] ACHP
[17:57:23] [35/445] BTKD
[17:57:24] [36/445] DESA
[17:57:25] [37/445] GBCT
[17:57:25] [38/445] BLLD
[17:57:26] [39/445] SKNT
[17:57:27] [40/445] SSTE
[17:57:28] [41/445] VJMR
[17:57:30] [42/445] NTPU
[17:57:31] [43/445] RDKN
[17:57:32] [44/445] ADGC
[17:57:32] [45/445] VRBP
[17:57:33] [46/445] NMNA
[17:57:34] [47/445] CMMX
[17:57:35] [48/445] PTKO
[17:57:36] [49/445] RBML
[17:57:37] [50/445] SAIC
[17:57:38] [51/445] SVTJ
[17:57:38] [52/445] MRTE
[17:57:39] [53/445] RBTP
[17:57:40] [54/445] NLPS
[17:57:42] [55/445] GTNA
[17:57:43] [56/445] DGGC
[17:57:44] [57/445] SMCR
[17:57:44] [58/445] SCGD
[17:57:45] [59/445] SRRJ
[17:57:46] [60/445] CNRY
[17:57:47] [61/445] KTDI
[17:57:47] [62/445] SNJL
[17:57:48] [63/445] RKMD
[17:57:49] [64/445] SMDC
[17:57:51] [65/445] TADG
[17:57:52] [66/445] MCGS
[17:57:52] [67/445] PETK
[17:57:53] [68/445] CHAG
[17:57:54] [69/445] KSTL
[17:57:55] [70/445] AADS
[17:57:57] [71/445] NTHZ
[17:57:57] [72/445] HCKI
[17:57:58] [73/445] SSEF
[17:57:59] [74/445] MCGX
[17:58:00] [75/445] ERRA
[17:58:01] [76/445] SDTW
[17:58:02] [77/445] RMPK
[17:58:03] [78/445] PTHK
[17:58:04] [79/445] PXCS
[17:58:04] [80/445] SVLU
[17:58:05] [81/445] STAH
[17:58:06] [82/445] JRGF
[17:58:07] [83/445] CDOK
[17:58:08] [84/445] CMSG
[17:58:09] [85/445] APTD
[17:58:10] [86/445] KMPG
[17:58:11] [87/445] MUTJ
[17:58:12] [88/445] VCCI
[17:58:14] [89/445] URBE
[17:58:15] [90/445] TCTS
[17:58:15] [91/445] STSN
[17:58:16] [92/445] AKCH
[17:58:17] [93/445] APSC
[17:58:18] [94/445] VLTB
[17:58:19] [95/445] SANU
[17:58:20] [96/445] AXAM
[17:58:21] [97/445] MGMG
[17:58:22] [98/445] HTBY
[17:58:22] [99/445] MMZS
[17:58:23] [100/445] SUDR
[17:58:24] [101/445] CCAD
[17:58:25] [102/445] SKKC
[17:58:25] [103/445] RMCD
[17:58:26] [104/445] SBCQ
[17:58:28] [105/445] DCCT
[17:58:28] [106/445] VTKP
[17:58:29] [107/445] MLAM
[17:58:30] [108/445] SAVT
[17:58:30] [109/445] GEPL
[17:58:31] [110/445] AMCD
[17:58:32] [111/445] CCXR
[17:58:33] [112/445] GRNG
[17:58:34] [113/445] EBCA
[17:58:35] [114/445] CNVG
[17:58:36] [115/445] MWSS
[17:58:37] [116/445] VBOR
[17:58:37] [117/445] NEEB
[17:58:38] [118/445] SUTH
[17:58:39] [119/445] ANDB
[17:58:40] [120/445] MMXS
[17:58:41] [121/445] CNPD
[17:58:42] [122/445] SDCE
[17:58:43] [123/445] DHCB
[17:58:43] [124/445] ODEN
[17:58:45] [125/445] TNTC
[17:58:46] [126/445] VBKM
[17:58:48] [127/445] RZYM
[17:58:48] [128/445] JEMC
[17:58:49] [129/445] CMAU
[17:58:50] [130/445] SIVP
[17:58:51] [131/445] ATAG
[17:58:52] [132/445] CHTM
[17:58:52] [133/445] AAEE
[17:58:53] [134/445] IWPM
[17:58:54] [135/445] KCMW
[17:58:55] [136/445] MCTD
[17:58:55] [137/445] SPWR
[17:58:57] [138/445] SDPO
[17:58:58] [139/445] PCSK
[17:58:59] [140/445] ACHV
[17:59:00] [141/445] SVLA
[17:59:00] [142/445] PICT
[17:59:01] [143/445] BXDR
[17:59:02] [144/445] SPWA
[17:59:03] [145/445] MCKO
[17:59:04] [146/445] RTHK
[17:59:05] [147/445] CCMF
[17:59:06] [148/445] MRGB
[17:59:07] [149/445] CPLC
[17:59:09] [150/445] RACD
[17:59:09] [151/445] ATKT
[17:59:10] [152/445] SARN
[17:59:11] [153/445] KKUI
[17:59:12] [154/445] RGCM
[17:59:12] [155/445] BRVP
[17:59:14] [156/445] HRSR
[17:59:14] [157/445] GKGM
[17:59:15] [158/445] TTCD
[17:59:16] [159/445] PTTI
[17:59:18] [160/445] MPTT
[17:59:18] [161/445] CVTT
[17:59:19] [162/445] PCXD
[17:59:20] [163/445] GCDC
[17:59:21] [164/445] CCCF
[17:59:22] [165/445] MRAD
[17:59:23] [166/445] CPLK
[17:59:24] [167/445] SATB
[17:59:25] [168/445] SNVG
[17:59:26] [169/445] JMBA
[17:59:27] [170/445] TEJA
[17:59:27] [171/445] STYO
[17:59:28] [172/445] JTBP
[17:59:30] [173/445] KRGD
[17:59:30] [174/445] SLJJ
[17:59:31] [175/445] SPTJ
[17:59:32] [176/445] SWJG
[17:59:33] [177/445] LKRT
[17:59:33] [178/445] KCKA
[17:59:35] [179/445] SNCR
[17:59:35] [180/445] SMKL
[17:59:36] [181/445] GCFA
[17:59:37] [182/445] DDCK
[17:59:38] [183/445] NCHJ
[17:59:40] [184/445] RDMA
[17:59:41] [185/445] SVSV
[17:59:42] [186/445] SCJG
[17:59:43] [187/445] VKLP
[17:59:43] [188/445] NWCC
[17:59:44] [189/445] VKNS
[17:59:45] [190/445] SDDP
[17:59:46] [191/445] ACSI
[17:59:47] [192/445] SATG
[17:59:47] [193/445] SCMW
[17:59:48] [194/445] LKTK
[17:59:49] [195/445] VCKV
[17:59:50] [196/445] KKPE
[17:59:51] [197/445] KIGH
[17:59:51] [198/445] SRPM
[17:59:52] [199/445] SCAH
[17:59:54] [200/445] MUTA
[17:59:55] [201/445] SEPU
[17:59:56] [202/445] INOA
[17:59:57] [203/445] BASK
[17:59:57] [204/445] NECB
[17:59:58] [205/445] GTTG
[17:59:59] [206/445] ASSA
[18:00:00] [207/445] ANCL
[18:00:01] [208/445] GCTI
[18:00:02] [209/445] RCTS
[18:00:03] [210/445] ACNL
[18:00:04] [211/445] MYCT
[18:00:05] [212/445] NMHT
[18:00:06] [213/445] MDIT
[18:00:06] [214/445] LATG
[18:00:07] [215/445] SMTY
[18:00:08] [216/445] CVCT
[18:00:08] [217/445] RAMB
[18:00:09] [218/445] TGMS
[18:00:10] [219/445] BHEL
[18:00:11] [220/445] SHCT
[18:00:11] [221/445] SVCT
[18:00:12] [222/445] MRIY
[18:00:13] [223/445] SARO
[18:00:14] [224/445] STCT
[18:00:15] [225/445] JKKC
[18:00:16] [226/445] PLTT
[18:00:17] [227/445] SRNT
[18:00:18] [228/445] YAST
[18:00:19] [229/445] PERL
[18:00:20] [230/445] CICM
[18:00:21] [231/445] MMTR
[18:00:22] [232/445] ABTK
[18:00:22] [233/445] ATYY
[18:00:24] [234/445] ASTK
[18:00:25] [235/445] VVCK
[18:00:26] [236/445] ATKY
[18:00:27] [237/445] GWEK
[18:00:27] [238/445] SVFH
[18:00:28] [239/445] SLTA
[18:00:29] [240/445] AASH
[18:00:30] [241/445] ACXB
[18:00:32] [242/445] SMTX
[18:00:33] [243/445] AZDH
[18:00:33] [244/445] CMMH
[18:00:34] [245/445] SCSZ
[18:00:35] [246/445] SCKP
[18:00:36] [247/445] NXTM
[18:00:37] [248/445] NWCS
[18:00:38] [249/445] CXMH
[18:00:39] [250/445] PCMA
[18:00:40] [251/445] SGCM
[18:00:41] [252/445] SDTU
[18:00:41] [253/445] MMVI
[18:00:43] [254/445] JKCM
[18:00:44] [255/445] VCMM
[18:00:45] [256/445] SYEE
[18:00:46] [257/445] VASD
[18:00:46] [258/445] BDRB
[18:00:47] [259/445] LASM
[18:00:48] [260/445] DCRL
[18:00:49] [261/445] DVPM
[18:00:50] [262/445] SBMJ
[18:00:51] [263/445] CBMU
[18:00:52] [264/445] IUBS
[18:00:53] [265/445] INAP
[18:00:54] [266/445] SRRC
[18:00:55] [267/445] SAGR
[18:00:56] [268/445] CPMJ
[18:00:57] [269/445] ATJL
[18:00:58] [270/445] NNTD
[18:00:59] [271/445] JHCJ
[18:01:00] [272/445] CMMP
[18:01:01] [273/445] RSDR
[18:01:02] [274/445] AMTI
[18:01:03] [275/445] NYSG
[18:01:04] [276/445] AVSG
[18:01:05] [277/445] SYTP
[18:01:06] [278/445] LARC
[18:01:06] [279/445] RJTP
[18:01:08] [280/445] LAKC
[18:01:09] [281/445] MCXE
[18:01:10] [282/445] CCZC
[18:01:11] [283/445] AVCH
[18:01:12] [284/445] CMBE
[18:01:13] [285/445] MRRC
[18:01:14] [286/445] PCPY
[18:01:15] [287/445] SRMH
[18:01:15] [288/445] SVGS
[18:01:16] [289/445] PCSE
[18:01:17] [290/445] SVFT
[18:01:18] [291/445] TNZP
[18:01:19] [292/445] ICTP
[18:01:20] [293/445] ACTZ
[18:01:20] [294/445] GTUR
[18:01:21] [295/445] MAFC
[18:01:22] [296/445] MINL
[18:01:23] [297/445] MRCL
[18:01:24] [298/445] RCRP
[18:01:25] [299/445] RFFG
[18:01:26] [300/445] RMAS
[18:01:26] [301/445] INVR
[18:01:27] [302/445] RMAR
[18:01:28] [303/445] CNIS
[18:01:29] [304/445] RHRJ
[18:01:30] [305/445] INXR
[18:01:31] [306/445] VALT
[18:01:31] [307/445] LCSH
[18:01:32] [308/445] CMVS
[18:01:33] [309/445] CNMS
[18:01:34] [310/445] ROOG
[18:01:34] [311/445] ISRM
[18:01:35] [312/445] RCRM
[18:01:37] [313/445] ACJA
[18:01:38] [314/445] RCVS
[18:01:38] [315/445] CPUS
[18:01:39] [316/445] TGCS
[18:01:40] [317/445] RKCJ
[18:01:41] [318/445] MKSB
[18:01:42] [319/445] TCSJ
[18:01:42] [320/445] RMGP
[18:01:43] [321/445] CLLP
[18:01:44] [322/445] RCMV
[18:01:45] [323/445] CCKS
[18:01:46] [324/445] RSRP
[18:01:46] [325/445] APLP
[18:01:47] [326/445] CNVS
[18:01:48] [327/445] RMVY
[18:01:49] [328/445] PGBD
[18:01:50] [329/445] KLMS
[18:01:51] [330/445] RUST
[18:01:52] [331/445] MASM
[18:01:53] [332/445] BACS
[18:01:54] [333/445] BWST
[18:01:55] [334/445] RRFH
[18:01:56] [335/445] SJTM
[18:01:57] [336/445] BEMR
[18:01:58] [337/445] MCGR
[18:01:59] [338/445] SDSK
[18:02:00] [339/445] VBOL
[18:02:01] [340/445] RMGM
[18:02:02] [341/445] NOPL
[18:02:03] [342/445] MKJK
[18:02:04] [343/445] CVRN
[18:02:06] [344/445] MMEN
[18:02:07] [345/445] AMNG
[18:02:08] [346/445] INTM
[18:02:09] [347/445] SLCZ
[18:02:09] [348/445] AMJN
[18:02:10] [349/445] ACJN
[18:02:11] [350/445] AMKN
[18:02:12] [351/445] BTCN
[18:02:13] [352/445] AMBT
[18:02:14] [353/445] PACN
[18:02:15] [354/445] LCNS
[18:02:16] [355/445] PPKC
[18:02:16] [356/445] JYYN
[18:02:17] [357/445] JTNR
[18:02:19] [358/445] GTEE
[18:02:20] [359/445] SRNM
[18:02:20] [360/445] SDTC
[18:02:21] [361/445] VPCA
[18:02:22] [362/445] VLRA
[18:02:23] [363/445] SHKR
[18:02:25] [364/445] SBKD
[18:02:26] [365/445] SAAD
[18:02:26] [366/445] JTGN
[18:02:27] [367/445] SLAM
[18:02:28] [368/445] VTPM
[18:02:29] [369/445] ANPT
[18:02:29] [370/445] PUNB
[18:02:31] [371/445] CPKT
[18:02:32] [372/445] CNWE
[18:02:33] [373/445] ECPP
[18:02:34] [374/445] CPAR
[18:02:35] [375/445] ESBW
[18:02:36] [376/445] PKPU
[18:02:37] [377/445] CPRP
[18:02:37] [378/445] RAHU
[18:02:38] [379/445] RHMN
[18:02:39] [380/445] FMJP
[18:02:40] [381/445] CTMP
[18:02:41] [382/445] INPN
[18:02:42] [383/445] STTG
[18:02:43] [384/445] CTRD
[18:02:45] [385/445] PUVB
[18:02:45] [386/445] ESVP
[18:02:46] [387/445] CPFT
[18:02:47] [388/445] LCPC
[18:02:48] [389/445] VBCT
[18:02:49] [390/445] FSCW
[18:02:50] [391/445] VCMP
[18:02:51] [392/445] ASHC
[18:02:52] [393/445] VLCX
[18:02:53] [394/445] SHEV
[18:02:54] [395/445] APCO
[18:02:55] [396/445] SILC
[18:02:56] [397/445] SNMR
[18:02:57] [398/445] KYBO
[18:02:57] [399/445] SATK
[18:02:58] [400/445] SSCS
[18:02:59] [401/445] CLSB
[18:03:00] [402/445] KMJR
[18:03:00] [403/445] FSCK
[18:03:01] [404/445] NNKA
[18:03:02] [405/445] CLMK
[18:03:03] [406/445] DMPZ
[18:03:04] [407/445] INQM
[18:03:05] [408/445] CAML
[18:03:06] [409/445] INRK
[18:03:06] [410/445] IMKN
[18:03:07] [411/445] SVNR
[18:03:08] [412/445] INSL
[18:03:09] [413/445] MSMA
[18:03:10] [414/445] MCKK
[18:03:11] [415/445] FCHP
[18:03:12] [416/445] SFCR
[18:03:12] [417/445] NACK
[18:03:13] [418/445] PVAK
[18:03:14] [419/445] INER
[18:03:15] [420/445] RDBK
[18:03:16] [421/445] SVFN
[18:03:16] [422/445] IFRM
[18:03:17] [423/445] ATCK
[18:03:18] [424/445] ASKO
[18:03:20] [425/445] STKT
[18:03:20] [426/445] SVFB
[18:03:21] [427/445] INKS
[18:03:22] [428/445] PCRA
[18:03:23] [429/445] ATJA
[18:03:24] [430/445] IMJN
[18:03:25] [431/445] INHD
[18:03:26] [432/445] BARA
[18:03:27] [433/445] MCSL
[18:03:28] [434/445] RTOY
[18:03:29] [435/445] MENO
[18:03:30] [436/445] PUDM
[18:03:31] [437/445] PRCN
[18:03:32] [438/445] JMJR
[18:03:32] [439/445] SSGK
[18:03:33] [440/445] SSRL
[18:03:34] [441/445] JYKL
[18:03:35] [442/445] ACNB
[18:03:36] [443/445] SONP
[18:03:37] [444/445] EMCI
[18:03:37] [445/445] MRJH
[18:03:38] 🧹 Deduping shows
[18:03:38] ✅ DONE | Shows=22 | Movies=3
[18:09:30] 🚀 SCRIPT STARTED
[18:09:30] [1/445] TGMR
[18:09:30] 🧠 New identity created
[18:09:32] [2/445] CXKR
[18:09:33] [3/445] SROP
[18:09:34] [4/445] GTSV
[18:09:35] [5/445] SNTY
[18:09:36] [6/445] SMYY
[18:09:37] [7/445] CNCS
[18:09:38] [8/445] CSTM
[18:09:39] [9/445] NUCD
[18:09:40] [10/445] SHCZ
[18:09:41] [11/445] NJCT
[18:09:42] [12/445] COPC
[18:09:43] [13/445] STVV
[18:09:44] [14/445] SKRN
[18:09:45] [15/445] APPZ
[18:09:46] [16/445] YMGN
[18:09:47] [17/445] SVTU
[18:09:49] [18/445] GTAD
[18:09:50] [19/445] PSUS
[18:09:51] [20/445] SMCD
[18:09:52] [21/445] CMCM
[18:09:53] [22/445] SYCT
[18:09:53] [23/445] STLY
[18:09:54] [24/445] CMHU
[18:09:55] [25/445] CMSA
[18:09:56] [26/445] CLCU
[18:09:57] [27/445] PPNT
[18:09:58] [28/445] JTAB
[18:09:58] [29/445] BUUC
[18:10:00] [30/445] BSVK
[18:10:01] [31/445] VVVQ
[18:10:01] [32/445] TKMU
[18:10:02] [33/445] ESYL
[18:10:03] [34/445] ACHP
[18:10:04] [35/445] BTKD
[18:10:05] [36/445] DESA
[18:10:06] [37/445] GBCT
[18:10:07] [38/445] BLLD
[18:10:07] [39/445] SKNT
[18:10:08] [40/445] SSTE
[18:10:09] [41/445] VJMR
[18:10:10] [42/445] NTPU
[18:10:10] [43/445] RDKN
[18:10:11] [44/445] ADGC
[18:10:12] [45/445] VRBP
[18:10:13] [46/445] NMNA
[18:10:14] [47/445] CMMX
[18:10:14] [48/445] PTKO
[18:10:15] [49/445] RBML
[18:10:16] [50/445] SAIC
[18:10:17] [51/445] SVTJ
[18:10:17] [52/445] MRTE
[18:10:18] [53/445] RBTP
[18:10:19] [54/445] NLPS
[18:10:20] [55/445] GTNA
[18:10:22] [56/445] DGGC
[18:10:24] [57/445] SMCR
[18:10:24] [58/445] SCGD
[18:10:26] [59/445] SRRJ
[18:10:27] [60/445] CNRY
[18:10:28] [61/445] KTDI
[18:10:29] [62/445] SNJL
[18:10:30] [63/445] RKMD
[18:10:30] [64/445] SMDC
[18:10:31] [65/445] TADG
[18:10:32] [66/445] MCGS
[18:10:33] [67/445] PETK
[18:10:34] [68/445] CHAG
[18:10:35] [69/445] KSTL
[18:10:35] [70/445] AADS
[18:10:36] [71/445] NTHZ
[18:10:37] [72/445] HCKI
[18:10:38] [73/445] SSEF
[18:10:39] [74/445] MCGX
[18:10:40] [75/445] ERRA
[18:10:41] [76/445] SDTW
[18:10:41] [77/445] RMPK
[18:10:42] [78/445] PTHK
[18:10:43] [79/445] PXCS
[18:10:44] [80/445] SVLU
[18:10:45] [81/445] STAH
[18:10:45] [82/445] JRGF
[18:10:46] [83/445] CDOK
[18:10:48] [84/445] CMSG
[18:10:49] [85/445] APTD
[18:10:50] [86/445] KMPG
[18:10:50] [87/445] MUTJ
[18:10:51] [88/445] VCCI
[18:10:52] [89/445] URBE
[18:10:52] [90/445] TCTS
[18:10:53] [91/445] STSN
[18:10:54] [92/445] AKCH
[18:10:54] [93/445] APSC
[18:10:55] [94/445] VLTB
[18:10:56] [95/445] SANU
[18:10:57] [96/445] AXAM
[18:10:58] [97/445] MGMG
[18:10:58] [98/445] HTBY
[18:10:59] [99/445] MMZS
[18:11:00] [100/445] SUDR
[18:11:01] [101/445] CCAD
[18:11:02] [102/445] SKKC
[18:11:02] [103/445] RMCD
[18:11:03] [104/445] SBCQ
[18:11:04] [105/445] DCCT
[18:11:05] [106/445] VTKP
[18:11:05] [107/445] MLAM
[18:11:06] [108/445] SAVT
[18:11:07] [109/445] GEPL
[18:11:08] [110/445] AMCD
[18:11:09] [111/445] CCXR
[18:11:10] [112/445] GRNG
[18:11:10] [113/445] EBCA
[18:11:11] [114/445] CNVG
[18:11:12] [115/445] MWSS
[18:11:13] [116/445] VBOR
[18:11:14] [117/445] NEEB
[18:11:14] [118/445] SUTH
[18:11:16] [119/445] ANDB
[18:11:17] [120/445] MMXS
[18:11:18] [121/445] CNPD
[18:11:19] [122/445] SDCE
[18:11:20] [123/445] DHCB
[18:11:20] [124/445] ODEN
[18:11:21] [125/445] TNTC
[18:11:22] [126/445] VBKM
[18:11:24] [127/445] RZYM
[18:11:25] [128/445] JEMC
[18:11:26] [129/445] CMAU
[18:11:26] [130/445] SIVP
[18:11:28] [131/445] ATAG
[18:11:28] [132/445] CHTM
[18:11:29] [133/445] AAEE
[18:11:30] [134/445] IWPM
[18:11:31] [135/445] KCMW
[18:11:32] [136/445] MCTD
[18:11:33] [137/445] SPWR
[18:11:34] [138/445] SDPO
[18:11:35] [139/445] PCSK
[18:11:35] [140/445] ACHV
[18:11:37] [141/445] SVLA
[18:11:38] [142/445] PICT
[18:11:39] [143/445] BXDR
[18:11:39] [144/445] SPWA
[18:11:41] [145/445] MCKO
[18:11:43] [146/445] RTHK
[18:11:43] [147/445] CCMF
[18:11:44] [148/445] MRGB
[18:11:45] [149/445] CPLC
[18:11:46] [150/445] RACD
[18:11:47] [151/445] ATKT
[18:11:48] [152/445] SARN
[18:11:48] [153/445] KKUI
[18:11:49] [154/445] RGCM
[18:11:51] [155/445] BRVP
[18:11:52] [156/445] HRSR
[18:11:52] [157/445] GKGM
[18:11:53] [158/445] TTCD
[18:11:54] [159/445] PTTI
[18:11:55] [160/445] MPTT
[18:11:56] [161/445] CVTT
[18:11:57] [162/445] PCXD
[18:11:58] [163/445] GCDC
[18:11:59] [164/445] CCCF
[18:12:00] [165/445] MRAD
[18:12:01] [166/445] CPLK
[18:12:02] [167/445] SATB
[18:12:03] [168/445] SNVG
[18:12:04] [169/445] JMBA
[18:12:05] [170/445] TEJA
[18:12:06] [171/445] STYO
[18:12:07] [172/445] JTBP
[18:12:08] [173/445] KRGD
[18:12:09] [174/445] SLJJ
[18:12:10] [175/445] SPTJ
[18:12:11] [176/445] SWJG
[18:12:12] [177/445] LKRT
[18:12:13] [178/445] KCKA
[18:12:13] [179/445] SNCR
[18:12:14] [180/445] SMKL
[18:12:15] [181/445] GCFA
[18:12:16] [182/445] DDCK
[18:12:17] [183/445] NCHJ
[18:12:18] [184/445] RDMA
[18:12:19] [185/445] SVSV
[18:12:20] [186/445] SCJG
[18:12:21] [187/445] VKLP
[18:12:21] [188/445] NWCC
[18:12:22] [189/445] VKNS
[18:12:23] [190/445] SDDP
[18:12:24] [191/445] ACSI
[18:12:25] [192/445] SATG
[18:12:26] [193/445] SCMW
[18:12:26] [194/445] LKTK
[18:12:27] [195/445] VCKV
[18:12:28] [196/445] KKPE
[18:12:29] [197/445] KIGH
[18:12:30] [198/445] SRPM
[18:12:30] [199/445] SCAH
[18:12:31] [200/445] MUTA
[18:12:33] [201/445] SEPU
[18:12:33] [202/445] INOA
[18:12:35] [203/445] BASK
[18:12:36] [204/445] NECB
[18:12:36] [205/445] GTTG
[18:12:37] [206/445] ASSA
[18:12:38] [207/445] ANCL
[18:12:39] [208/445] GCTI
[18:12:40] [209/445] RCTS
[18:12:41] [210/445] ACNL
[18:12:42] [211/445] MYCT
[18:12:43] [212/445] NMHT
[18:12:44] [213/445] MDIT
[18:12:45] [214/445] LATG
[18:12:47] [215/445] SMTY
[18:12:48] [216/445] CVCT
[18:12:48] [217/445] RAMB
[18:12:49] [218/445] TGMS
[18:12:50] [219/445] BHEL
[18:12:51] [220/445] SHCT
[18:12:51] [221/445] SVCT
[18:12:52] [222/445] MRIY
[18:12:53] [223/445] SARO
[18:12:54] [224/445] STCT
[18:12:55] [225/445] JKKC
[18:12:57] [226/445] PLTT
[18:12:57] [227/445] SRNT
[18:12:58] [228/445] YAST
[18:13:00] [229/445] PERL
[18:13:00] [230/445] CICM
[18:13:01] [231/445] MMTR
[18:13:02] [232/445] ABTK
[18:13:03] [233/445] ATYY
[18:13:04] [234/445] ASTK
[18:13:05] [235/445] VVCK
[18:13:05] [236/445] ATKY
[18:13:06] [237/445] GWEK
[18:13:07] [238/445] SVFH
[18:13:08] [239/445] SLTA
[18:13:09] [240/445] AASH
[18:13:10] [241/445] ACXB
[18:13:12] [242/445] SMTX
[18:13:12] [243/445] AZDH
[18:13:13] [244/445] CMMH
[18:13:14] [245/445] SCSZ
[18:13:15] [246/445] SCKP
[18:13:16] [247/445] NXTM
[18:13:17] [248/445] NWCS
[18:13:17] [249/445] CXMH
[18:13:18] [250/445] PCMA
[18:13:19] [251/445] SGCM
[18:13:20] [252/445] SDTU
[18:13:22] [253/445] MMVI
[18:13:23] [254/445] JKCM
[18:13:24] [255/445] VCMM
[18:13:25] [256/445] SYEE
[18:13:26] [257/445] VASD
[18:13:27] [258/445] BDRB
[18:13:28] [259/445] LASM
[18:13:29] [260/445] DCRL
[18:13:29] [261/445] DVPM
[18:13:30] [262/445] SBMJ
[18:13:31] [263/445] CBMU
[18:13:32] [264/445] IUBS
[18:13:33] [265/445] INAP
[18:13:34] [266/445] SRRC
[18:13:35] [267/445] SAGR
[18:13:37] [268/445] CPMJ
[18:13:39] [269/445] ATJL
[18:13:40] [270/445] NNTD
[18:13:41] [271/445] JHCJ
[18:13:42] [272/445] CMMP
[18:13:43] [273/445] RSDR
[18:13:44] [274/445] AMTI
[18:13:45] [275/445] NYSG
[18:13:45] [276/445] AVSG
[18:13:46] [277/445] SYTP
[18:13:47] [278/445] LARC
[18:13:48] [279/445] RJTP
[18:13:48] [280/445] LAKC
[18:13:49] [281/445] MCXE
[18:13:50] [282/445] CCZC
[18:13:51] [283/445] AVCH
[18:13:52] [284/445] CMBE
[18:13:53] [285/445] MRRC
[18:13:54] [286/445] PCPY
[18:13:54] [287/445] SRMH
[18:13:55] [288/445] SVGS
[18:13:56] [289/445] PCSE
[18:13:57] [290/445] SVFT
[18:13:58] [291/445] TNZP
[18:13:59] [292/445] ICTP
[18:13:59] [293/445] ACTZ
[18:14:00] [294/445] GTUR
[18:14:01] [295/445] MAFC
[18:14:03] [296/445] MINL
[18:14:04] [297/445] MRCL
[18:14:04] [298/445] RCRP
[18:14:05] [299/445] RFFG
[18:14:06] [300/445] RMAS
[18:14:07] [301/445] INVR
[18:14:07] [302/445] RMAR
[18:14:08] [303/445] CNIS
[18:14:09] [304/445] RHRJ
[18:14:10] [305/445] INXR
[18:14:11] [306/445] VALT
[18:14:12] [307/445] LCSH
[18:14:13] [308/445] CMVS
[18:14:14] [309/445] CNMS
[18:14:15] [310/445] ROOG
[18:14:15] [311/445] ISRM
[18:14:16] [312/445] RCRM
[18:14:18] [313/445] ACJA
[18:14:19] [314/445] RCVS
[18:14:19] [315/445] CPUS
[18:14:20] [316/445] TGCS
[18:14:21] [317/445] RKCJ
[18:14:22] [318/445] MKSB
[18:14:23] [319/445] TCSJ
[18:14:24] [320/445] RMGP
[18:14:25] [321/445] CLLP
[18:14:26] [322/445] RCMV
[18:14:27] [323/445] CCKS
[18:14:28] [324/445] RSRP
[18:14:29] [325/445] APLP
[18:14:29] [326/445] CNVS
[18:14:31] [327/445] RMVY
[18:14:32] [328/445] PGBD
[18:14:33] [329/445] KLMS
[18:14:34] [330/445] RUST
[18:14:35] [331/445] MASM
[18:14:36] [332/445] BACS
[18:14:37] [333/445] BWST
[18:14:38] [334/445] RRFH
[18:14:39] [335/445] SJTM
[18:14:40] [336/445] BEMR
[18:14:41] [337/445] MCGR
[18:14:42] [338/445] SDSK
[18:14:42] [339/445] VBOL
[18:14:43] [340/445] RMGM
[18:14:44] [341/445] NOPL
[18:14:45] [342/445] MKJK
[18:14:46] [343/445] CVRN
[18:14:48] [344/445] MMEN
[18:14:49] [345/445] AMNG
[18:14:49] [346/445] INTM
[18:14:50] [347/445] SLCZ
[18:14:51] [348/445] AMJN
[18:14:52] [349/445] ACJN
[18:14:53] [350/445] AMKN
[18:14:55] [351/445] BTCN
[18:14:55] [352/445] AMBT
[18:14:56] [353/445] PACN
[18:14:57] [354/445] LCNS
[18:14:58] [355/445] PPKC
[18:14:59] [356/445] JYYN
[18:15:00] [357/445] JTNR
[18:15:00] [358/445] GTEE
[18:15:01] [359/445] SRNM
[18:15:02] [360/445] SDTC
[18:15:02] [361/445] VPCA
[18:15:03] [362/445] VLRA
[18:15:04] [363/445] SHKR
[18:15:05] [364/445] SBKD
[18:15:06] [365/445] SAAD
[18:15:07] [366/445] JTGN
[18:15:07] [367/445] SLAM
[18:15:08] [368/445] VTPM
[18:15:09] [369/445] ANPT
[18:15:10] [370/445] PUNB
[18:15:11] [371/445] CPKT
[18:15:12] [372/445] CNWE
[18:15:12] [373/445] ECPP
[18:15:13] [374/445] CPAR
[18:15:14] [375/445] ESBW
[18:15:15] [376/445] PKPU
[18:15:16] [377/445] CPRP
[18:15:17] [378/445] RAHU
[18:15:17] [379/445] RHMN
[18:15:18] [380/445] FMJP
[18:15:19] [381/445] CTMP
[18:15:20] [382/445] INPN
[18:15:21] [383/445] STTG
[18:15:22] [384/445] CTRD
[18:15:22] [385/445] PUVB
[18:15:23] [386/445] ESVP
[18:15:24] [387/445] CPFT
[18:15:25] [388/445] LCPC
[18:15:26] [389/445] VBCT
[18:15:27] [390/445] FSCW
[18:15:27] [391/445] VCMP
[18:15:28] [392/445] ASHC
[18:15:29] [393/445] VLCX
[18:15:30] [394/445] SHEV
[18:15:30] [395/445] APCO
[18:15:31] [396/445] SILC
[18:15:32] [397/445] SNMR
[18:15:33] [398/445] KYBO
[18:15:35] [399/445] SATK
[18:15:35] [400/445] SSCS
[18:15:36] [401/445] CLSB
[18:15:37] [402/445] KMJR
[18:15:38] [403/445] FSCK
[18:15:40] [404/445] NNKA
[18:15:41] [405/445] CLMK
[18:15:42] [406/445] DMPZ
[18:15:43] [407/445] INQM
[18:15:43] [408/445] CAML
[18:15:44] [409/445] INRK
[18:15:45] [410/445] IMKN
[18:15:47] [411/445] SVNR
[18:15:48] [412/445] INSL
[18:15:49] [413/445] MSMA
[18:15:50] [414/445] MCKK
[18:15:50] [415/445] FCHP
[18:15:51] [416/445] SFCR
[18:15:52] [417/445] NACK
[18:15:53] [418/445] PVAK
[18:15:53] [419/445] INER
[18:15:54] [420/445] RDBK
[18:15:55] [421/445] SVFN
[18:15:56] [422/445] IFRM
[18:15:57] [423/445] ATCK
[18:15:58] [424/445] ASKO
[18:15:58] [425/445] STKT
[18:15:59] [426/445] SVFB
[18:16:00] [427/445] INKS
[18:16:01] [428/445] PCRA
[18:16:02] [429/445] ATJA
[18:16:03] [430/445] IMJN
[18:16:04] [431/445] INHD
[18:16:05] [432/445] BARA
[18:16:06] [433/445] MCSL
[18:16:08] [434/445] RTOY
[18:16:08] [435/445] MENO
[18:16:09] [436/445] PUDM
[18:16:10] [437/445] PRCN
[18:16:11] [438/445] JMJR
[18:16:12] [439/445] SSGK
[18:16:13] [440/445] SSRL
[18:16:14] [441/445] JYKL
[18:16:15] [442/445] ACNB
[18:16:16] [443/445] SONP
[18:16:16] [444/445] EMCI
[18:16:17] [445/445] MRJH
[18:16:18] 🧹 Deduping shows
[18:16:18] ✅ DONE | Shows=22 | Movies=3
