[17:56:52] 🚀 SCRIPT STARTED
[17:56:52] [1/459] NECA
[17:56:52] 🧠 New identity created
[17:56:53] [2/459] BJLC
[17:56:54] [3/459] BASU
[17:56:55] [4/459] RUPI
[17:56:56] [5/459] LCBK
[17:56:56] [6/459] PMAC
[17:56:57] [7/459] AMLC
[17:56:58] [8/459] LICL
[17:56:59] [9/459] UDMM
[17:57:00] [10/459] STBZ
[17:57:01] [11/459] UUBT
[17:57:02] [12/459] SJKC
[17:57:03] [13/459] TUAL
[17:57:05] [14/459] MRSE
[17:57:06] [15/459] RMRK
[17:57:07] [16/459] TTKP
[17:57:08] [17/459] KTKO
[17:57:08] [18/459] SDBK
[17:57:09] [19/459] MCPR
[17:57:10] [20/459] CHTI
[17:57:11] [21/459] GCCP
[17:57:12] [22/459] SRMY
[17:57:13] [23/459] NYST
[17:57:13] [24/459] NYAG
[17:57:14] [25/459] SBMT
[17:57:15] [26/459] INGA
[17:57:16] [27/459] WSIC
[17:57:17] [28/459] SCSS
[17:57:18] [29/459] COPG
[17:57:19] [30/459] RCGR
[17:57:20] [31/459] TCZA
[17:57:21] [32/459] CNLP
[17:57:22] [33/459] CLKN
[17:57:23] [34/459] LHDF
[17:57:24] [35/459] ELKC
[17:57:24] [36/459] VCEM
[17:57:25] [37/459] SSZA
[17:57:26] [38/459] KRMT
[17:57:28] [39/459] LCMV
[17:57:29] [40/459] AYCZ
[17:57:30] [41/459] CUMS
[17:57:30] [42/459] BOCK
[17:57:31] [43/459] PNMR
[17:57:32] [44/459] PJCP
[17:57:33] [45/459] JDDD
[17:57:34] [46/459] STMS
[17:57:34] [47/459] FLMB
[17:57:35] [48/459] PKCM
[17:57:36] [49/459] SPPR
[17:57:37] [50/459] EYLH
[17:57:37] [51/459] RJCC
[17:57:38] [52/459] MMPS
[17:57:39] [53/459] SHMX
[17:57:40] [54/459] CCNL
[17:57:41] [55/459] RCNV
[17:57:42] [56/459] MAAG
[17:57:43] [57/459] LXCM
[17:57:43] [58/459] RCNI
[17:57:44] [59/459] SNNI
[17:57:45] [60/459] LALC
[17:57:46] [61/459] SOCN
[17:57:48] [62/459] JHTP
[17:57:48] [63/459] PITP
[17:57:49] [64/459] CCKW
[17:57:50] [65/459] MCMC
[17:57:51] [66/459] DEES
[17:57:51] [67/459] SABT
[17:57:52] [68/459] VSPP
[17:57:54] [69/459] ABCT
[17:57:55] [70/459] JVTB
[17:57:56] [71/459] VCBD
[17:57:57] [72/459] RMGG
[17:57:58] [73/459] RNMH
[17:57:59] [74/459] SPGL
[17:58:00] [75/459] JTTR
[17:58:01] [76/459] SICS
[17:58:02] [77/459] SRMI
[17:58:03] [78/459] SSIJ
[17:58:04] [79/459] KFMT
[17:58:05] [80/459] VBIT
[17:58:05] [81/459] JKCT
[17:58:06] [82/459] GCGP
[17:58:07] [83/459] GDCS
[17:58:08] [84/459] TRBA
[17:58:09] [85/459] QUST
[17:58:09] [86/459] VSHM
[17:58:10] [87/459] SDCP
[17:58:11] [88/459] SNVS
[17:58:11] [89/459] NYTO
[17:58:12] [90/459] URWC
[17:58:13] [91/459] GTWH
[17:58:14] [92/459] PFCM
[17:58:15] [93/459] KRTA
[17:58:16] [94/459] AXMC
[17:58:17] [95/459] EVMC
[17:58:17] [96/459] HGSM
[17:58:18] [97/459] ACVM
[17:58:19] [98/459] PSKL
[17:58:20] [99/459] RDMP
[17:58:21] [100/459] RHGH
[17:58:21] [101/459] OMCM
[17:58:22] [102/459] DCCP
[17:58:23] [103/459] MCPB
[17:58:25] [104/459] ALCI
[17:58:25] [105/459] BLMX
[17:58:26] [106/459] BTMV
[17:58:27] [107/459] FVPN
[17:58:28] [108/459] CMAR
[17:58:29] [109/459] CEIM
[17:58:29] [110/459] CMVA
[17:58:30] [111/459] CPIV
[17:58:31] [112/459] CNPE
[17:58:32] [113/459] COLV
[17:58:33] [114/459] DNNV
[17:58:34] [115/459] HCAD
[17:58:34] [116/459] TAKA
[17:58:35] [117/459] INVD
[17:58:36] [118/459] IRMM
[17:58:37] [119/459] INSE
[17:58:38] [120/459] MRSW
[17:58:38] [121/459] MCVD
[17:58:39] [122/459] MCSO
[17:58:40] [123/459] PEVM
[17:58:41] [124/459] PVNL
[17:58:42] [125/459] PTCV
[17:58:43] [126/459] PRTC
[17:58:44] [127/459] RCVA
[17:58:44] [128/459] MTBN
[17:58:45] [129/459] LUCP
[17:58:46] [130/459] FMPT
[17:58:47] [131/459] JLSL
[17:58:48] [132/459] SBHA
[17:58:49] [133/459] SHRC
[17:58:49] [134/459] AVPS
[17:58:50] [135/459] STPM
[17:58:52] [136/459] ATRD
[17:58:53] [137/459] VTED
[17:58:54] [138/459] ACAI
[17:58:55] [139/459] SMAE
[17:58:56] [140/459] VMAT
[17:58:57] [141/459] LKCT
[17:58:58] [142/459] JTVK
[17:58:59] [143/459] PRTY
[17:59:00] [144/459] GETT
[17:59:00] [145/459] ESAP
[17:59:01] [146/459] NCPM
[17:59:02] [147/459] PCPA
[17:59:03] [148/459] MMOM
[17:59:04] [149/459] PHUP
[17:59:05] [150/459] CCPI
[17:59:05] [151/459] CNTD
[17:59:06] [152/459] NLJR
[17:59:07] [153/459] SRNG
[17:59:08] [154/459] MHAL
[17:59:08] [155/459] PNSM
[17:59:09] [156/459] DRMY
[17:59:10] [157/459] CCMU
[17:59:11] [158/459] SCMY
[17:59:12] [159/459] PVSY
[17:59:13] [160/459] SDLM
[17:59:14] [161/459] ICCM
[17:59:14] [162/459] PYSU
[17:59:15] [163/459] GATM
[17:59:16] [164/459] WOTM
[17:59:17] [165/459] RKTS
[17:59:18] [166/459] PMTY
[17:59:19] [167/459] LYMS
[17:59:20] [168/459] TGCA
[17:59:21] [169/459] DSTA
[17:59:21] [170/459] CNGE
[17:59:22] [171/459] VSTG
[17:59:23] [172/459] GTCK
[17:59:23] [173/459] TGNT
[17:59:25] [174/459] ASLC
[17:59:26] [175/459] SSST
[17:59:27] [176/459] KBTT
[17:59:27] [177/459] HKCP
[17:59:28] [178/459] SWLC
[17:59:29] [179/459] RTND
[17:59:30] [180/459] PKKT
[17:59:31] [181/459] HSTK
[17:59:32] [182/459] SPTT
[17:59:32] [183/459] IMPM
[17:59:33] [184/459] SCMV
[17:59:34] [185/459] SPCT
[17:59:35] [186/459] JBCA
[17:59:36] [187/459] ATTR
[17:59:37] [188/459] SPMT
[17:59:38] [189/459] LCTM
[17:59:39] [190/459] SCVL
[17:59:41] [191/459] SCVT
[17:59:41] [192/459] KRIC
[17:59:42] [193/459] CTMG
[17:59:43] [194/459] ACNC
[17:59:44] [195/459] DMCK
[17:59:45] [196/459] KMTV
[17:59:46] [197/459] PFCJ
[17:59:46] [198/459] VNMD
[17:59:47] [199/459] VPCZ
[17:59:48] [200/459] SRYR
[17:59:49] [201/459] SYTR
[17:59:49] [202/459] GATR
[17:59:50] [203/459] URTR
[17:59:51] [204/459] MKSM
[17:59:52] [205/459] VSMH
[17:59:53] [206/459] SKRJ
[17:59:54] [207/459] SSJR
[17:59:55] [208/459] SVSM
[17:59:55] [209/459] RUCM
[17:59:57] [210/459] PRKN
[17:59:59] [211/459] RROH
[18:00:00] [212/459] SCTN
[18:00:00] [213/459] RTDM
[18:00:01] [214/459] ASRM
[18:00:03] [215/459] SKMD
[18:00:05] [216/459] SUTD
[18:00:06] [217/459] SADM
[18:00:06] [218/459] WCNR
[18:00:07] [219/459] CNED
[18:00:08] [220/459] MPDB
[18:00:09] [221/459] KTBH
[18:00:10] [222/459] IDRM
[18:00:10] [223/459] PJJT
[18:00:11] [224/459] PFCV
[18:00:12] [225/459] AACT
[18:00:13] [226/459] AAAD
[18:00:14] [227/459] ANES
[18:00:15] [228/459] MNCA
[18:00:16] [229/459] RMGU
[18:00:17] [230/459] DLCN
[18:00:18] [231/459] LJWT
[18:00:18] [232/459] MCBG
[18:00:19] [233/459] MYBG
[18:00:20] [234/459] GCCA
[18:00:21] [235/459] GCGA
[18:00:22] [236/459] ECGN
[18:00:22] [237/459] PRAB
[18:00:23] [238/459] PNMP
[18:00:24] [239/459] GCPT
[18:00:25] [240/459] ROYN
[18:00:26] [241/459] VATM
[18:00:26] [242/459] KSNT
[18:00:27] [243/459] ACTC
[18:00:28] [244/459] PLTD
[18:00:29] [245/459] SKMK
[18:00:30] [246/459] CMTT
[18:00:31] [247/459] SMXP
[18:00:31] [248/459] SCMX
[18:00:32] [249/459] ACXN
[18:00:33] [250/459] ASWT
[18:00:34] [251/459] VVVL
[18:00:35] [252/459] NAGO
[18:00:36] [253/459] SNCN
[18:00:37] [254/459] MCKP
[18:00:37] [255/459] SAMO
[18:00:39] [256/459] JBTV
[18:00:40] [257/459] DCVV
[18:00:41] [258/459] KMSV
[18:00:42] [259/459] KDCN
[18:00:42] [260/459] CNCP
[18:00:43] [261/459] HAMC
[18:00:44] [262/459] CCVZ
[18:00:45] [263/459] NCCK
[18:00:46] [264/459] MCHR
[18:00:47] [265/459] SCHT
[18:00:49] [266/459] ESSH
[18:00:50] [267/459] CUJC
[18:00:51] [268/459] PECP
[18:00:51] [269/459] PMMI
[18:00:52] [270/459] PCCH
[18:00:53] [271/459] PRPM
[18:00:54] [272/459] PVKL
[18:00:55] [273/459] CBSM
[18:00:56] [274/459] PVCZ
[18:00:57] [275/459] PCVV
[18:00:57] [276/459] CTMJ
[18:00:58] [277/459] RCPS
[18:00:59] [278/459] PCIT
[18:01:00] [279/459] FNCH
[18:01:01] [280/459] INZD
[18:01:02] [281/459] INPC
[18:01:03] [282/459] LCZP
[18:01:03] [283/459] SMCB
[18:01:04] [284/459] PTSB
[18:01:06] [285/459] TPSI
[18:01:07] [286/459] KHMJ
[18:01:07] [287/459] RCCJ
[18:01:08] [288/459] NCJA
[18:01:09] [289/459] NCJN
[18:01:10] [290/459] BTDP
[18:01:10] [291/459] PADY
[18:01:11] [292/459] NYBH
[18:01:12] [293/459] MTBR
[18:01:13] [294/459] KRBC
[18:01:14] [295/459] DKTI
[18:01:15] [296/459] ANAN
[18:01:16] [297/459] INBP
[18:01:17] [298/459] PATB
[18:01:17] [299/459] RGNT
[18:01:18] [300/459] CGPM
[18:01:19] [301/459] INTN
[18:01:20] [302/459] MCMP
[18:01:21] [303/459] ASRG
[18:01:22] [304/459] CXJD
[18:01:23] [305/459] SPCP
[18:01:24] [306/459] CSTP
[18:01:24] [307/459] PKVC
[18:01:26] [308/459] ESCP
[18:01:27] [309/459] CAEP
[18:01:28] [310/459] CCSP
[18:01:28] [311/459] KTPC
[18:01:29] [312/459] DACA
[18:01:30] [313/459] NVKY
[18:01:31] [314/459] PTIN
[18:01:32] [315/459] SCIN
[18:01:32] [316/459] MCTY
[18:01:33] [317/459] PCMX
[18:01:34] [318/459] INIC
[18:01:35] [319/459] MMZM
[18:01:36] [320/459] SSLP
[18:01:37] [321/459] DTDT
[18:01:38] [322/459] FFCX
[18:01:38] [323/459] RCMM
[18:01:39] [324/459] KYID
[18:01:40] [325/459] CSCI
[18:01:41] [326/459] FCMC
[18:01:42] [327/459] MMXI
[18:01:43] [328/459] ASTC
[18:01:44] [329/459] CMRA
[18:01:44] [330/459] DICI
[18:01:45] [331/459] KDIN
[18:01:46] [332/459] PRFI
[18:01:47] [333/459] SVFC
[18:01:48] [334/459] UCPL
[18:01:49] [335/459] COOC
[18:01:50] [336/459] SCAL
[18:01:51] [337/459] SVFF
[18:01:52] [338/459] VCMG
[18:01:52] [339/459] UUCT
[18:01:53] [340/459] GCSE
[18:01:54] [341/459] SUSC
[18:01:55] [342/459] MISC
[18:01:56] [343/459] RMBL
[18:01:56] [344/459] CMXN
[18:01:57] [345/459] PVBK
[18:01:58] [346/459] HHCG
[18:01:59] [347/459] SCAG
[18:02:00] [348/459] CNPR
[18:02:01] [349/459] CSER
[18:02:02] [350/459] HLWD
[18:02:03] [351/459] BOLY
[18:02:03] [352/459] SSPG
[18:02:04] [353/459] MUPX
[18:02:05] [354/459] HAMR
[18:02:06] [355/459] SDNC
[18:02:07] [356/459] RTEN
[18:02:08] [357/459] SDTD
[18:02:09] [358/459] KAWS
[18:02:09] [359/459] CMZX
[18:02:10] [360/459] DCDD
[18:02:11] [361/459] ALSN
[18:02:12] [362/459] IMXS
[18:02:12] [363/459] PVFF
[18:02:13] [364/459] PVOO
[18:02:14] [365/459] CFBS
[18:02:15] [366/459] PVER
[18:02:16] [367/459] PPNX
[18:02:17] [368/459] CNRM
[18:02:17] [369/459] PVWW
[18:02:18] [370/459] INMB
[18:02:19] [371/459] CPJR
[18:02:20] [372/459] INRZ
[18:02:21] [373/459] PMSR
[18:02:21] [374/459] GPGM
[18:02:22] [375/459] PGWB
[18:02:23] [376/459] PMBR
[18:02:24] [377/459] GPAM
[18:02:25] [378/459] INBC
[18:02:25] [379/459] PZVK
[18:02:26] [380/459] CPEB
[18:02:27] [381/459] FMLB
[18:02:29] [382/459] INBG
[18:02:30] [383/459] GPBR
[18:02:30] [384/459] PAAS
[18:02:31] [385/459] VTBR
[18:02:32] [386/459] GPMY
[18:02:33] [387/459] GYBU
[18:02:33] [388/459] INBJ
[18:02:34] [389/459] LKTH
[18:02:35] [390/459] NSBR
[18:02:37] [391/459] PDRD
[18:02:38] [392/459] VRBL
[18:02:38] [393/459] VTGB
[18:02:40] [394/459] VTSK
[18:02:41] [395/459] BKDV
[18:02:42] [396/459] SVTB
[18:02:43] [397/459] MLDT
[18:02:44] [398/459] NRBL
[18:02:44] [399/459] SLTR
[18:02:45] [400/459] VNKA
[18:02:46] [401/459] TDCA
[18:02:47] [402/459] INBM
[18:02:48] [403/459] SSNR
[18:02:48] [404/459] BHAC
[18:02:49] [405/459] SDSD
[18:02:50] [406/459] SAMP
[18:02:51] [407/459] RATK
[18:02:52] [408/459] KCBI
[18:02:53] [409/459] URBL
[18:02:54] [410/459] MKBG
[18:02:55] [411/459] ASTB
[18:02:56] [412/459] VBWT
[18:02:56] [413/459] GPSM
[18:02:57] [414/459] ROON
[18:02:58] [415/459] CHTH
[18:02:59] [416/459] SSPA
[18:03:00] [417/459] ANBL
[18:03:01] [418/459] VTBE
[18:03:01] [419/459] SVKT
[18:03:02] [420/459] SVYK
[18:03:03] [421/459] PTBK
[18:03:04] [422/459] RKTB
[18:03:05] [423/459] BALT
[18:03:06] [424/459] STSV
[18:03:06] [425/459] VCCB
[18:03:07] [426/459] SLTB
[18:03:08] [427/459] SBCR
[18:03:09] [428/459] VDCS
[18:03:09] [429/459] MDKI
[18:03:10] [430/459] SMRN
[18:03:11] [431/459] PTBC
[18:03:12] [432/459] RADI
[18:03:13] [433/459] ADCR
[18:03:13] [434/459] SDCS
[18:03:14] [435/459] SRPJ
[18:03:15] [436/459] ARTS
[18:03:16] [437/459] SRHK
[18:03:17] [438/459] SPAY
[18:03:18] [439/459] GPTB
[18:03:19] [440/459] SNNN
[18:03:20] [441/459] BALJ
[18:03:21] [442/459] TRIG
[18:03:22] [443/459] GTYT
[18:03:23] [444/459] ATGN
[18:03:24] [445/459] ANTE
[18:03:25] [446/459] BDCG
[18:03:25] [447/459] VECI
[18:03:26] [448/459] SCPR
[18:03:27] [449/459] RTEA
[18:03:28] [450/459] JSAI
[18:03:29] [451/459] VJTP
[18:03:31] [452/459] GNDS
[18:03:31] [453/459] PAXA
[18:03:32] [454/459] CGGM
[18:03:34] [455/459] ACKZ
[18:03:35] [456/459] EMCC
[18:03:35] [457/459] KLSK
[18:03:36] [458/459] AVCK
[18:03:37] [459/459] JTCK
[18:03:38] 🧹 Deduping shows
[18:03:38] ✅ DONE | Shows=0 | Movies=0
[18:09:32] 🚀 SCRIPT STARTED
[18:09:32] [1/459] NECA
[18:09:32] 🧠 New identity created
[18:09:33] [2/459] BJLC
[18:09:34] [3/459] BASU
[18:09:35] [4/459] RUPI
[18:09:36] [5/459] LCBK
[18:09:37] [6/459] PMAC
[18:09:38] [7/459] AMLC
[18:09:39] [8/459] LICL
[18:09:40] [9/459] UDMM
[18:09:41] [10/459] STBZ
[18:09:41] [11/459] UUBT
[18:09:42] [12/459] SJKC
[18:09:43] [13/459] TUAL
[18:09:44] [14/459] MRSE
[18:09:45] [15/459] RMRK
[18:09:45] [16/459] TTKP
[18:09:46] [17/459] KTKO
[18:09:47] [18/459] SDBK
[18:09:48] [19/459] MCPR
[18:09:49] [20/459] CHTI
[18:09:50] [21/459] GCCP
[18:09:50] [22/459] SRMY
[18:09:51] [23/459] NYST
[18:09:52] [24/459] NYAG
[18:09:53] [25/459] SBMT
[18:09:54] [26/459] INGA
[18:09:55] [27/459] WSIC
[18:09:56] [28/459] SCSS
[18:09:57] [29/459] COPG
[18:09:57] [30/459] RCGR
[18:09:58] [31/459] TCZA
[18:09:59] [32/459] CNLP
[18:10:00] [33/459] CLKN
[18:10:01] [34/459] LHDF
[18:10:02] [35/459] ELKC
[18:10:03] [36/459] VCEM
[18:10:03] [37/459] SSZA
[18:10:04] [38/459] KRMT
[18:10:06] [39/459] LCMV
[18:10:06] [40/459] AYCZ
[18:10:07] [41/459] CUMS
[18:10:08] [42/459] BOCK
[18:10:09] [43/459] PNMR
[18:10:09] [44/459] PJCP
[18:10:10] [45/459] JDDD
[18:10:11] [46/459] STMS
[18:10:13] [47/459] FLMB
[18:10:14] [48/459] PKCM
[18:10:15] [49/459] SPPR
[18:10:15] [50/459] EYLH
[18:10:17] [51/459] RJCC
[18:10:19] [52/459] MMPS
[18:10:20] [53/459] SHMX
[18:10:21] [54/459] CCNL
[18:10:22] [55/459] RCNV
[18:10:23] [56/459] MAAG
[18:10:24] [57/459] LXCM
[18:10:25] [58/459] RCNI
[18:10:26] [59/459] SNNI
[18:10:27] [60/459] LALC
[18:10:28] [61/459] SOCN
[18:10:29] [62/459] JHTP
[18:10:30] [63/459] PITP
[18:10:30] [64/459] CCKW
[18:10:31] [65/459] MCMC
[18:10:33] [66/459] DEES
[18:10:34] [67/459] SABT
[18:10:35] [68/459] VSPP
[18:10:36] [69/459] ABCT
[18:10:37] [70/459] JVTB
[18:10:38] [71/459] VCBD
[18:10:39] [72/459] RMGG
[18:10:40] [73/459] RNMH
[18:10:40] [74/459] SPGL
[18:10:41] [75/459] JTTR
[18:10:42] [76/459] SICS
[18:10:43] [77/459] SRMI
[18:10:44] [78/459] SSIJ
[18:10:45] [79/459] KFMT
[18:10:46] [80/459] VBIT
[18:10:48] [81/459] JKCT
[18:10:48] [82/459] GCGP
[18:10:49] [83/459] GDCS
[18:10:50] [84/459] TRBA
[18:10:51] [85/459] QUST
[18:10:52] [86/459] VSHM
[18:10:53] [87/459] SDCP
[18:10:54] [88/459] SNVS
[18:10:54] [89/459] NYTO
[18:10:55] [90/459] URWC
[18:10:57] [91/459] GTWH
[18:10:58] [92/459] PFCM
[18:10:59] [93/459] KRTA
[18:11:01] [94/459] AXMC
[18:11:02] [95/459] EVMC
[18:11:03] [96/459] HGSM
[18:11:05] [97/459] ACVM
[18:11:06] [98/459] PSKL
[18:11:07] [99/459] RDMP
[18:11:08] [100/459] RHGH
[18:11:09] [101/459] OMCM
[18:11:09] [102/459] DCCP
[18:11:10] [103/459] MCPB
[18:11:12] [104/459] ALCI
[18:11:13] [105/459] BLMX
[18:11:14] [106/459] BTMV
[18:11:14] [107/459] FVPN
[18:11:15] [108/459] CMAR
[18:11:16] [109/459] CEIM
[18:11:17] [110/459] CMVA
[18:11:18] [111/459] CPIV
[18:11:19] [112/459] CNPE
[18:11:20] [113/459] COLV
[18:11:20] [114/459] DNNV
[18:11:22] [115/459] HCAD
[18:11:23] [116/459] TAKA
[18:11:24] [117/459] INVD
[18:11:24] [118/459] IRMM
[18:11:26] [119/459] INSE
[18:11:28] [120/459] MRSW
[18:11:28] [121/459] MCVD
[18:11:29] [122/459] MCSO
[18:11:30] [123/459] PEVM
[18:11:31] [124/459] PVNL
[18:11:32] [125/459] PTCV
[18:11:33] [126/459] PRTC
[18:11:34] [127/459] RCVA
[18:11:36] [128/459] MTBN
[18:11:37] [129/459] LUCP
[18:11:38] [130/459] FMPT
[18:11:39] [131/459] JLSL
[18:11:40] [132/459] SBHA
[18:11:41] [133/459] SHRC
[18:11:42] [134/459] AVPS
[18:11:43] [135/459] STPM
[18:11:45] [136/459] ATRD
[18:11:46] [137/459] VTED
[18:11:46] [138/459] ACAI
[18:11:47] [139/459] SMAE
[18:11:48] [140/459] VMAT
[18:11:49] [141/459] LKCT
[18:11:50] [142/459] JTVK
[18:11:51] [143/459] PRTY
[18:11:51] [144/459] GETT
[18:11:52] [145/459] ESAP
[18:11:53] [146/459] NCPM
[18:11:54] [147/459] PCPA
[18:11:55] [148/459] MMOM
[18:11:56] [149/459] PHUP
[18:11:57] [150/459] CCPI
[18:11:58] [151/459] CNTD
[18:11:59] [152/459] NLJR
[18:12:00] [153/459] SRNG
[18:12:01] [154/459] MHAL
[18:12:02] [155/459] PNSM
[18:12:03] [156/459] DRMY
[18:12:05] [157/459] CCMU
[18:12:06] [158/459] SCMY
[18:12:07] [159/459] PVSY
[18:12:07] [160/459] SDLM
[18:12:08] [161/459] ICCM
[18:12:09] [162/459] PYSU
[18:12:10] [163/459] GATM
[18:12:11] [164/459] WOTM
[18:12:11] [165/459] RKTS
[18:12:12] [166/459] PMTY
[18:12:13] [167/459] LYMS
[18:12:14] [168/459] TGCA
[18:12:15] [169/459] DSTA
[18:12:16] [170/459] CNGE
[18:12:17] [171/459] VSTG
[18:12:19] [172/459] GTCK
[18:12:19] [173/459] TGNT
[18:12:21] [174/459] ASLC
[18:12:23] [175/459] SSST
[18:12:24] [176/459] KBTT
[18:12:25] [177/459] HKCP
[18:12:25] [178/459] SWLC
[18:12:26] [179/459] RTND
[18:12:27] [180/459] PKKT
[18:12:28] [181/459] HSTK
[18:12:29] [182/459] SPTT
[18:12:29] [183/459] IMPM
[18:12:31] [184/459] SCMV
[18:12:31] [185/459] SPCT
[18:12:32] [186/459] JBCA
[18:12:33] [187/459] ATTR
[18:12:34] [188/459] SPMT
[18:12:35] [189/459] LCTM
[18:12:36] [190/459] SCVL
[18:12:37] [191/459] SCVT
[18:12:38] [192/459] KRIC
[18:12:39] [193/459] CTMG
[18:12:39] [194/459] ACNC
[18:12:41] [195/459] DMCK
[18:12:42] [196/459] KMTV
[18:12:43] [197/459] PFCJ
[18:12:44] [198/459] VNMD
[18:12:45] [199/459] VPCZ
[18:12:46] [200/459] SRYR
[18:12:47] [201/459] SYTR
[18:12:48] [202/459] GATR
[18:12:49] [203/459] URTR
[18:12:50] [204/459] MKSM
[18:12:51] [205/459] VSMH
[18:12:52] [206/459] SKRJ
[18:12:53] [207/459] SSJR
[18:12:53] [208/459] SVSM
[18:12:54] [209/459] RUCM
[18:12:56] [210/459] PRKN
[18:12:57] [211/459] RROH
[18:12:58] [212/459] SCTN
[18:12:59] [213/459] RTDM
[18:13:00] [214/459] ASRM
[18:13:01] [215/459] SKMD
[18:13:02] [216/459] SUTD
[18:13:03] [217/459] SADM
[18:13:04] [218/459] WCNR
[18:13:05] [219/459] CNED
[18:13:06] [220/459] MPDB
[18:13:07] [221/459] KTBH
[18:13:08] [222/459] IDRM
[18:13:09] [223/459] PJJT
[18:13:10] [224/459] PFCV
[18:13:11] [225/459] AACT
[18:13:12] [226/459] AAAD
[18:13:13] [227/459] ANES
[18:13:13] [228/459] MNCA
[18:13:14] [229/459] RMGU
[18:13:15] [230/459] DLCN
[18:13:16] [231/459] LJWT
[18:13:17] [232/459] MCBG
[18:13:18] [233/459] MYBG
[18:13:19] [234/459] GCCA
[18:13:20] [235/459] GCGA
[18:13:21] [236/459] ECGN
[18:13:22] [237/459] PRAB
[18:13:23] [238/459] PNMP
[18:13:24] [239/459] GCPT
[18:13:24] [240/459] ROYN
[18:13:26] [241/459] VATM
[18:13:27] [242/459] KSNT
[18:13:28] [243/459] ACTC
[18:13:29] [244/459] PLTD
[18:13:30] [245/459] SKMK
[18:13:30] [246/459] CMTT
[18:13:31] [247/459] SMXP
[18:13:32] [248/459] SCMX
[18:13:33] [249/459] ACXN
[18:13:34] [250/459] ASWT
[18:13:34] [251/459] VVVL
[18:13:35] [252/459] NAGO
[18:13:36] [253/459] SNCN
[18:13:37] [254/459] MCKP
[18:13:38] [255/459] SAMO
[18:13:39] [256/459] JBTV
[18:13:40] [257/459] DCVV
[18:13:40] [258/459] KMSV
[18:13:41] [259/459] KDCN
[18:13:42] [260/459] CNCP
[18:13:43] [261/459] HAMC
[18:13:43] [262/459] CCVZ
[18:13:44] [263/459] NCCK
[18:13:45] [264/459] MCHR
[18:13:46] [265/459] SCHT
[18:13:46] [266/459] ESSH
[18:13:47] [267/459] CUJC
[18:13:48] [268/459] PECP
[18:13:49] [269/459] PMMI
[18:13:50] [270/459] PCCH
[18:13:51] [271/459] PRPM
[18:13:52] [272/459] PVKL
[18:13:53] [273/459] CBSM
[18:13:54] [274/459] PVCZ
[18:13:55] [275/459] PCVV
[18:13:56] [276/459] CTMJ
[18:13:57] [277/459] RCPS
[18:13:58] [278/459] PCIT
[18:13:58] [279/459] FNCH
[18:13:59] [280/459] INZD
[18:14:00] [281/459] INPC
[18:14:02] [282/459] LCZP
[18:14:03] [283/459] SMCB
[18:14:04] [284/459] PTSB
[18:14:05] [285/459] TPSI
[18:14:05] [286/459] KHMJ
[18:14:06] [287/459] RCCJ
[18:14:07] [288/459] NCJA
[18:14:08] [289/459] NCJN
[18:14:09] [290/459] BTDP
[18:14:09] [291/459] PADY
[18:14:10] [292/459] NYBH
[18:14:11] [293/459] MTBR
[18:14:12] [294/459] KRBC
[18:14:13] [295/459] DKTI
[18:14:14] [296/459] ANAN
[18:14:15] [297/459] INBP
[18:14:16] [298/459] PATB
[18:14:16] [299/459] RGNT
[18:14:18] [300/459] CGPM
[18:14:19] [301/459] INTN
[18:14:20] [302/459] MCMP
[18:14:21] [303/459] ASRG
[18:14:22] [304/459] CXJD
[18:14:22] [305/459] SPCP
[18:14:23] [306/459] CSTP
[18:14:25] [307/459] PKVC
[18:14:26] [308/459] ESCP
[18:14:26] [309/459] CAEP
[18:14:27] [310/459] CCSP
[18:14:28] [311/459] KTPC
[18:14:30] [312/459] DACA
[18:14:30] [313/459] NVKY
[18:14:31] [314/459] PTIN
[18:14:32] [315/459] SCIN
[18:14:33] [316/459] MCTY
[18:14:33] [317/459] PCMX
[18:14:35] [318/459] INIC
[18:14:36] [319/459] MMZM
[18:14:36] [320/459] SSLP
[18:14:37] [321/459] DTDT
[18:14:38] [322/459] FFCX
[18:14:39] [323/459] RCMM
[18:14:41] [324/459] KYID
[18:14:41] [325/459] CSCI
[18:14:42] [326/459] FCMC
[18:14:43] [327/459] MMXI
[18:14:44] [328/459] ASTC
[18:14:46] [329/459] CMRA
[18:14:46] [330/459] DICI
[18:14:47] [331/459] KDIN
[18:14:48] [332/459] PRFI
[18:14:49] [333/459] SVFC
[18:14:50] [334/459] UCPL
[18:14:50] [335/459] COOC
[18:14:51] [336/459] SCAL
[18:14:52] [337/459] SVFF
[18:14:53] [338/459] VCMG
[18:14:54] [339/459] UUCT
[18:14:55] [340/459] GCSE
[18:14:55] [341/459] SUSC
[18:14:56] [342/459] MISC
[18:14:58] [343/459] RMBL
[18:14:59] [344/459] CMXN
[18:15:00] [345/459] PVBK
[18:15:01] [346/459] HHCG
[18:15:01] [347/459] SCAG
[18:15:03] [348/459] CNPR
[18:15:04] [349/459] CSER
[18:15:05] [350/459] HLWD
[18:15:06] [351/459] BOLY
[18:15:07] [352/459] SSPG
[18:15:10] [353/459] MUPX
[18:15:10] [354/459] HAMR
[18:15:11] [355/459] SDNC
[18:15:12] [356/459] RTEN
[18:15:13] [357/459] SDTD
[18:15:14] [358/459] KAWS
[18:15:15] [359/459] CMZX
[18:15:16] [360/459] DCDD
[18:15:17] [361/459] ALSN
[18:15:18] [362/459] IMXS
[18:15:18] [363/459] PVFF
[18:15:19] [364/459] PVOO
[18:15:20] [365/459] CFBS
[18:15:21] [366/459] PVER
[18:15:22] [367/459] PPNX
[18:15:22] [368/459] CNRM
[18:15:23] [369/459] PVWW
[18:15:24] [370/459] INMB
[18:15:25] [371/459] CPJR
[18:15:26] [372/459] INRZ
[18:15:27] [373/459] PMSR
[18:15:27] [374/459] GPGM
[18:15:28] [375/459] PGWB
[18:15:29] [376/459] PMBR
[18:15:31] [377/459] GPAM
[18:15:32] [378/459] INBC
[18:15:33] [379/459] PZVK
[18:15:34] [380/459] CPEB
[18:15:35] [381/459] FMLB
[18:15:36] [382/459] INBG
[18:15:38] [383/459] GPBR
[18:15:38] [384/459] PAAS
[18:15:39] [385/459] VTBR
[18:15:41] [386/459] GPMY
[18:15:42] [387/459] GYBU
[18:15:43] [388/459] INBJ
[18:15:43] [389/459] LKTH
[18:15:44] [390/459] NSBR
[18:15:45] [391/459] PDRD
[18:15:46] [392/459] VRBL
[18:15:47] [393/459] VTGB
[18:15:47] [394/459] VTSK
[18:15:49] [395/459] BKDV
[18:15:49] [396/459] SVTB
[18:15:50] [397/459] MLDT
[18:15:51] [398/459] NRBL
[18:15:52] [399/459] SLTR
[18:15:53] [400/459] VNKA
[18:15:54] [401/459] TDCA
[18:15:55] [402/459] INBM
[18:15:56] [403/459] SSNR
[18:15:57] [404/459] BHAC
[18:15:58] [405/459] SDSD
[18:15:59] [406/459] SAMP
[18:16:00] [407/459] RATK
[18:16:00] [408/459] KCBI
[18:16:01] [409/459] URBL
[18:16:02] [410/459] MKBG
[18:16:03] [411/459] ASTB
[18:16:04] [412/459] VBWT
[18:16:05] [413/459] GPSM
[18:16:06] [414/459] ROON
[18:16:07] [415/459] CHTH
[18:16:08] [416/459] SSPA
[18:16:09] [417/459] ANBL
[18:16:10] [418/459] VTBE
[18:16:11] [419/459] SVKT
[18:16:12] [420/459] SVYK
[18:16:13] [421/459] PTBK
[18:16:14] [422/459] RKTB
[18:16:14] [423/459] BALT
[18:16:15] [424/459] STSV
[18:16:16] [425/459] VCCB
[18:16:17] [426/459] SLTB
[18:16:18] [427/459] SBCR
[18:16:19] [428/459] VDCS
[18:16:19] [429/459] MDKI
[18:16:20] [430/459] SMRN
[18:16:21] [431/459] PTBC
[18:16:22] [432/459] RADI
[18:16:23] [433/459] ADCR
[18:16:24] [434/459] SDCS
[18:16:25] [435/459] SRPJ
[18:16:25] [436/459] ARTS
[18:16:26] [437/459] SRHK
[18:16:27] [438/459] SPAY
[18:16:28] [439/459] GPTB
[18:16:29] [440/459] SNNN
[18:16:30] [441/459] BALJ
[18:16:31] [442/459] TRIG
[18:16:32] [443/459] GTYT
[18:16:33] [444/459] ATGN
[18:16:33] [445/459] ANTE
[18:16:34] [446/459] BDCG
[18:16:35] [447/459] VECI
[18:16:36] [448/459] SCPR
[18:16:37] [449/459] RTEA
[18:16:38] [450/459] JSAI
[18:16:38] [451/459] VJTP
[18:16:39] [452/459] GNDS
[18:16:40] [453/459] PAXA
[18:16:41] [454/459] CGGM
[18:16:42] [455/459] ACKZ
[18:16:43] [456/459] EMCC
[18:16:44] [457/459] KLSK
[18:16:45] [458/459] AVCK
[18:16:46] [459/459] JTCK
[18:16:46] 🧹 Deduping shows
[18:16:46] ✅ DONE | Shows=0 | Movies=0
