[17:56:50] 🚀 SCRIPT STARTED
[17:56:50] [1/459] MBDC
[17:56:50] 🧠 New identity created
[17:56:51] [2/459] CHKM
[17:56:52] [3/459] JTKZ
[17:56:53] [4/459] CMCT
[17:56:54] [5/459] ASHO
[17:56:55] [6/459] ECDG
[17:56:56] [7/459] SPAT
[17:56:56] [8/459] HILC
[17:56:57] [9/459] SPPH
[17:56:58] [10/459] SBHN
[17:56:59] [11/459] RRCA
[17:57:00] [12/459] APAA
[17:57:01] [13/459] RAME
[17:57:02] [14/459] TMMS
[17:57:02] [15/459] BATK
[17:57:03] [16/459] LKOP
[17:57:04] [17/459] AMTT
[17:57:05] [18/459] PTGK
[17:57:06] [19/459] ANRS
[17:57:07] [20/459] VWBW
[17:57:07] [21/459] SVFG
[17:57:09] [22/459] STAT
[17:57:10] [23/459] GDCV
[17:57:11] [24/459] VEBI
[17:57:11] [25/459] VDSS
[17:57:13] [26/459] NTHV
[17:57:13] [27/459] AOCH
[17:57:14] [28/459] KASR
[17:57:15] [29/459] AYCS
[17:57:16] [30/459] SHAI
[17:57:17] [31/459] SKPE
[17:57:17] [32/459] SBTA
[17:57:18] [33/459] RTTD
[17:57:19] [34/459] CCJD
[17:57:20] [35/459] RSJJ
[17:57:20] [36/459] RKND
[17:57:22] [37/459] SVTX
[17:57:23] [38/459] BAKM
[17:57:23] [39/459] SVDC
[17:57:24] [40/459] MNCV
[17:57:25] [41/459] SJGC
[17:57:26] [42/459] MTPK
[17:57:27] [43/459] GATP
[17:57:28] [44/459] ABTS
[17:57:29] [45/459] ABDE
[17:57:30] [46/459] RCNM
[17:57:31] [47/459] KTHV
[17:57:32] [48/459] MDGJ
[17:57:32] [49/459] SMLM
[17:57:33] [50/459] JTMA
[17:57:34] [51/459] ACKP
[17:57:34] [52/459] SRTA
[17:57:35] [53/459] STAY
[17:57:36] [54/459] MAVO
[17:57:37] [55/459] APTS
[17:57:38] [56/459] OMEA
[17:57:39] [57/459] TTFD
[17:57:40] [58/459] MJCU
[17:57:41] [59/459] CXTE
[17:57:42] [60/459] CTPX
[17:57:43] [61/459] ASSL
[17:57:44] [62/459] CMVB
[17:57:45] [63/459] VPUR
[17:57:47] [64/459] JJDA
[17:57:47] [65/459] INBL
[17:57:48] [66/459] BIKB
[17:57:49] [67/459] NTBB
[17:57:49] [68/459] GLOB
[17:57:50] [69/459] SNTB
[17:57:51] [70/459] CHGV
[17:57:53] [71/459] SSBZ
[17:57:54] [72/459] PRDB
[17:57:54] [73/459] ISMT
[17:57:55] [74/459] MCSD
[17:57:56] [75/459] JBTT
[17:57:57] [76/459] GEKR
[17:57:58] [77/459] PVUN
[17:57:58] [78/459] NRTB
[17:57:59] [79/459] PRAA
[17:58:00] [80/459] PCBL
[17:58:01] [81/459] PTCM
[17:58:01] [82/459] KHNN
[17:58:02] [83/459] OMJE
[17:58:03] [84/459] STGN
[17:58:04] [85/459] RPMS
[17:58:05] [86/459] NWAD
[17:58:06] [87/459] BLCK
[17:58:07] [88/459] SVAA
[17:58:08] [89/459] URVM
[17:58:09] [90/459] ANTM
[17:58:10] [91/459] VJYM
[17:58:11] [92/459] MAZZ
[17:58:12] [93/459] CSHM
[17:58:13] [94/459] WGMH
[17:58:14] [95/459] SALN
[17:58:14] [96/459] BRTP
[17:58:15] [97/459] SVTA
[17:58:16] [98/459] SBTP
[17:58:17] [99/459] VLSS
[17:58:18] [100/459] SRJA
[17:58:18] [101/459] ANCG
[17:58:19] [102/459] CGGC
[17:58:20] [103/459] CRJA
[17:58:21] [104/459] USCR
[17:58:21] [105/459] MMEF
[17:58:22] [106/459] JCRJ
[17:58:23] [107/459] ADCM
[17:58:24] [108/459] BMYK
[17:58:25] [109/459] KICS
[17:58:26] [110/459] MBBT
[17:58:27] [111/459] MACK
[17:58:27] [112/459] CLDR
[17:58:29] [113/459] JYCR
[17:58:30] [114/459] DCRP
[17:58:31] [115/459] RAHT
[17:58:32] [116/459] CSSM
[17:58:33] [117/459] ATPK
[17:58:33] [118/459] KLRT
[17:58:35] [119/459] SRDD
[17:58:37] [120/459] CKMC
[17:58:37] [121/459] KRVM
[17:58:38] [122/459] AKCP
[17:58:39] [123/459] CNCV
[17:58:40] [124/459] PACT
[17:58:41] [125/459] NATP
[17:58:42] [126/459] PCPK
[17:58:43] [127/459] SMHO
[17:58:44] [128/459] CWTK
[17:58:45] [129/459] RVKZ
[17:58:46] [130/459] ASPD
[17:58:46] [131/459] VTKZ
[17:58:47] [132/459] LCSO
[17:58:48] [133/459] PRDY
[17:58:49] [134/459] RCAP
[17:58:50] [135/459] RGAR
[17:58:51] [136/459] RCAC
[17:58:52] [137/459] PMOD
[17:58:53] [138/459] PVCN
[17:58:53] [139/459] SCRZ
[17:58:54] [140/459] PVPC
[17:58:55] [141/459] STID
[17:58:56] [142/459] NEDD
[17:58:56] [143/459] BNBA
[17:58:57] [144/459] NTCD
[17:58:58] [145/459] OCDE
[17:58:59] [146/459] CCDU
[17:59:00] [147/459] CRXH
[17:59:01] [148/459] VLVT
[17:59:01] [149/459] CICI
[17:59:03] [150/459] SUCB
[17:59:03] [151/459] TCBP
[17:59:04] [152/459] SCCY
[17:59:05] [153/459] LXCY
[17:59:06] [154/459] NCMD
[17:59:07] [155/459] PHCS
[17:59:08] [156/459] DUXR
[17:59:09] [157/459] VNKS
[17:59:10] [158/459] SEDP
[17:59:11] [159/459] SVEN
[17:59:12] [160/459] SRKM
[17:59:12] [161/459] JTLT
[17:59:13] [162/459] SVSS
[17:59:14] [163/459] AMDE
[17:59:15] [164/459] WVRN
[17:59:16] [165/459] ISMG
[17:59:16] [166/459] WVKS
[17:59:17] [167/459] USCG
[17:59:18] [168/459] IOTG
[17:59:19] [169/459] RRJM
[17:59:20] [170/459] EDMP
[17:59:21] [171/459] SCGZ
[17:59:21] [172/459] GMGX
[17:59:23] [173/459] OMTP
[17:59:24] [174/459] MITD
[17:59:25] [175/459] SMMD
[17:59:26] [176/459] STML
[17:59:27] [177/459] MCFS
[17:59:28] [178/459] FPKA
[17:59:29] [179/459] OMLR
[17:59:29] [180/459] KKSC
[17:59:30] [181/459] RVMA
[17:59:31] [182/459] SCLL
[17:59:32] [183/459] SCDK
[17:59:32] [184/459] SXMI
[17:59:33] [185/459] SHDN
[17:59:34] [186/459] PAAD
[17:59:35] [187/459] UUCB
[17:59:36] [188/459] JHOL
[17:59:36] [189/459] SGWT
[17:59:37] [190/459] SRII
[17:59:38] [191/459] SGCK
[17:59:39] [192/459] SVVB
[17:59:39] [193/459] DMHA
[17:59:40] [194/459] PPNL
[17:59:41] [195/459] CPNL
[17:59:42] [196/459] WVLD
[17:59:43] [197/459] PSLV
[17:59:44] [198/459] VTTL
[17:59:44] [199/459] NPAD
[17:59:45] [200/459] PVCS
[17:59:46] [201/459] MCHL
[17:59:47] [202/459] PPLL
[17:59:48] [203/459] MALO
[17:59:49] [204/459] SWBH
[17:59:50] [205/459] PUGB
[17:59:51] [206/459] INBB
[17:59:52] [207/459] INNS
[17:59:53] [208/459] MCPT
[17:59:53] [209/459] SCMI
[17:59:54] [210/459] OCON
[17:59:55] [211/459] SCSM
[17:59:56] [212/459] RJVN
[17:59:56] [213/459] AMDK
[17:59:58] [214/459] ISMR
[17:59:59] [215/459] SMTD
[18:00:00] [216/459] VTDD
[18:00:00] [217/459] PDDZ
[18:00:01] [218/459] PCCK
[18:00:02] [219/459] INAM
[18:00:03] [220/459] FNKT
[18:00:04] [221/459] GDKA
[18:00:04] [222/459] MAYU
[18:00:05] [223/459] TCGU
[18:00:06] [224/459] KDCA
[18:00:07] [225/459] DOMY
[18:00:08] [226/459] PDDD
[18:00:08] [227/459] BJTS
[18:00:09] [228/459] VTCA
[18:00:10] [229/459] SBTM
[18:00:11] [230/459] SEET
[18:00:12] [231/459] SSTJ
[18:00:13] [232/459] SVNT
[18:00:14] [233/459] PPPR
[18:00:14] [234/459] PVYS
[18:00:15] [235/459] IOSE
[18:00:16] [236/459] ACTV
[18:00:17] [237/459] APVE
[18:00:17] [238/459] TCCL
[18:00:18] [239/459] SCMO
[18:00:19] [240/459] SAUM
[18:00:20] [241/459] KCJS
[18:00:21] [242/459] NJCJ
[18:00:22] [243/459] NECF
[18:00:22] [244/459] CCGW
[18:00:23] [245/459] CCMG
[18:00:24] [246/459] NYRG
[18:00:25] [247/459] NCSQ
[18:00:25] [248/459] GRCG
[18:00:26] [249/459] CCBT
[18:00:27] [250/459] ACGA
[18:00:28] [251/459] INAG
[18:00:29] [252/459] FUCG
[18:00:30] [253/459] AICF
[18:00:31] [254/459] GRGA
[18:00:32] [255/459] GDCN
[18:00:33] [256/459] RRCG
[18:00:34] [257/459] SDCH
[18:00:35] [258/459] WVJM
[18:00:35] [259/459] JCCZ
[18:00:36] [260/459] CNCL
[18:00:37] [261/459] TMLV
[18:00:38] [262/459] MEMB
[18:00:39] [263/459] SGTD
[18:00:40] [264/459] CONX
[18:00:41] [265/459] CCMH
[18:00:42] [266/459] ACMC
[18:00:43] [267/459] DTPD
[18:00:44] [268/459] POJA
[18:00:45] [269/459] FNBH
[18:00:46] [270/459] CGCB
[18:00:47] [271/459] RACN
[18:00:48] [272/459] JTSM
[18:00:49] [273/459] SCDN
[18:00:49] [274/459] AACK
[18:00:50] [275/459] RMCE
[18:00:51] [276/459] BSGB
[18:00:52] [277/459] MRCB
[18:00:53] [278/459] SRVR
[18:00:54] [279/459] VTKK
[18:00:55] [280/459] AMST
[18:00:56] [281/459] APCY
[18:00:58] [282/459] LMHO
[18:00:58] [283/459] MTZH
[18:00:59] [284/459] AMZB
[18:01:01] [285/459] SUVT
[18:01:02] [286/459] RCIP
[18:01:03] [287/459] KESR
[18:01:03] [288/459] SNKC
[18:01:04] [289/459] SCED
[18:01:05] [290/459] DVCA
[18:01:06] [291/459] VCDT
[18:01:07] [292/459] RRDI
[18:01:08] [293/459] DFCH
[18:01:09] [294/459] INSC
[18:01:09] [295/459] RGTR
[18:01:10] [296/459] FMOT
[18:01:11] [297/459] SCPM
[18:01:12] [298/459] GCDT
[18:01:12] [299/459] BRKT
[18:01:13] [300/459] DEMP
[18:01:14] [301/459] SRLC
[18:01:15] [302/459] KSTT
[18:01:16] [303/459] SMMT
[18:01:17] [304/459] SILM
[18:01:18] [305/459] JCVM
[18:01:19] [306/459] KCSV
[18:01:19] [307/459] MHLK
[18:01:20] [308/459] SLVL
[18:01:21] [309/459] RJKP
[18:01:22] [310/459] BBPC
[18:01:23] [311/459] MXCB
[18:01:23] [312/459] TCPK
[18:01:24] [313/459] RTBR
[18:01:26] [314/459] GAUT
[18:01:26] [315/459] DVCF
[18:01:27] [316/459] JTSB
[18:01:28] [317/459] SBLS
[18:01:29] [318/459] UDAY
[18:01:30] [319/459] PTNP
[18:01:31] [320/459] DMKT
[18:01:32] [321/459] NTDT
[18:01:34] [322/459] SHDJ
[18:01:35] [323/459] OTNC
[18:01:35] [324/459] RNTW
[18:01:36] [325/459] GCMI
[18:01:37] [326/459] CRCM
[18:01:38] [327/459] NNCZ
[18:01:39] [328/459] OEMO
[18:01:39] [329/459] PVJM
[18:01:41] [330/459] CPJI
[18:01:42] [331/459] RMCJ
[18:01:43] [332/459] CNWJ
[18:01:44] [333/459] EPJM
[18:01:44] [334/459] FNJJ
[18:01:45] [335/459] GCMJ
[18:01:46] [336/459] INPS
[18:01:47] [337/459] BICJ
[18:01:47] [338/459] ISTJ
[18:01:48] [339/459] INJC
[18:01:49] [340/459] GLXJ
[18:01:50] [341/459] INEM
[18:01:51] [342/459] JTMN
[18:01:52] [343/459] FRCJ
[18:01:52] [344/459] DDJP
[18:01:53] [345/459] INJV
[18:01:55] [346/459] GOLC
[18:01:56] [347/459] KOCI
[18:01:56] [348/459] FSTD
[18:01:57] [349/459] PACJ
[18:01:58] [350/459] GMCN
[18:02:00] [351/459] MMDJ
[18:02:01] [352/459] GODH
[18:02:02] [353/459] SKYN
[18:02:02] [354/459] NCTH
[18:02:03] [355/459] SKVZ
[18:02:04] [356/459] SVML
[18:02:05] [357/459] ACVZ
[18:02:06] [358/459] SURA
[18:02:06] [359/459] RTRB
[18:02:07] [360/459] LLCT
[18:02:08] [361/459] ATTS
[18:02:09] [362/459] JYCM
[18:02:10] [363/459] CTKR
[18:02:11] [364/459] LCKR
[18:02:13] [365/459] NYCV
[18:02:14] [366/459] NYOH
[18:02:14] [367/459] NOVX
[18:02:15] [368/459] MRGK
[18:02:16] [369/459] MOON
[18:02:17] [370/459] SBUC
[18:02:18] [371/459] GSVA
[18:02:18] [372/459] VIAK
[18:02:19] [373/459] SMVZ
[18:02:20] [374/459] MATE
[18:02:21] [375/459] RDCN
[18:02:21] [376/459] ASBL
[18:02:22] [377/459] ASVS
[18:02:23] [378/459] ASSR
[18:02:24] [379/459] SSKN
[18:02:25] [380/459] DRPV
[18:02:25] [381/459] MRHT
[18:02:27] [382/459] BSCN
[18:02:28] [383/459] RKNX
[18:02:29] [384/459] MSMC
[18:02:29] [385/459] MSCJ
[18:02:30] [386/459] BTBJ
[18:02:31] [387/459] MJCC
[18:02:32] [388/459] IOMM
[18:02:33] [389/459] ADGR
[18:02:34] [390/459] MYCP
[18:02:35] [391/459] IGCM
[18:02:36] [392/459] PGRK
[18:02:36] [393/459] VPGO
[18:02:37] [394/459] KOMS
[18:02:38] [395/459] URGG
[18:02:39] [396/459] GOST
[18:02:40] [397/459] LACT
[18:02:41] [398/459] BWCM
[18:02:41] [399/459] NCCW
[18:02:43] [400/459] SKYC
[18:02:44] [401/459] CCPM
[18:02:44] [402/459] VCBT
[18:02:45] [403/459] SDKR
[18:02:46] [404/459] CTYB
[18:02:47] [405/459] SHCX
[18:02:47] [406/459] RCUN
[18:02:48] [407/459] CNRA
[18:02:49] [408/459] RFCA
[18:02:50] [409/459] RDCU
[18:02:51] [410/459] SARK
[18:02:52] [411/459] SPPP
[18:02:53] [412/459] ADMB
[18:02:54] [413/459] JYOE
[18:02:55] [414/459] SRMD
[18:02:56] [415/459] RJDH
[18:02:56] [416/459] SSTD
[18:02:57] [417/459] AACV
[18:02:59] [418/459] PPVD
[18:02:59] [419/459] STCP
[18:03:00] [420/459] ANJR
[18:03:01] [421/459] ANLS
[18:03:02] [422/459] BIJO
[18:03:03] [423/459] AVAB
[18:03:03] [424/459] SPMD
[18:03:04] [425/459] SVJL
[18:03:05] [426/459] SDDJ
[18:03:07] [427/459] SLTU
[18:03:07] [428/459] SAKA
[18:03:08] [429/459] PMAM
[18:03:09] [430/459] FNAM
[18:03:10] [431/459] ACAM
[18:03:11] [432/459] SCMM
[18:03:12] [433/459] PMAK
[18:03:12] [434/459] NYSA
[18:03:13] [435/459] FCPA
[18:03:14] [436/459] GDAN
[18:03:15] [437/459] RSCA
[18:03:16] [438/459] DMAN
[18:03:17] [439/459] DZCM
[18:03:18] [440/459] NSGL
[18:03:18] [441/459] CCPP
[18:03:19] [442/459] PSMG
[18:03:20] [443/459] GSER
[18:03:21] [444/459] FCCT
[18:03:22] [445/459] FCTB
[18:03:23] [446/459] LCNK
[18:03:24] [447/459] SKTY
[18:03:25] [448/459] INAA
[18:03:25] [449/459] RCWN
[18:03:26] [450/459] VAIS
[18:03:27] [451/459] CVMN
[18:03:28] [452/459] INTS
[18:03:29] [453/459] FRGS
[18:03:29] [454/459] DTCK
[18:03:30] [455/459] MCMH
[18:03:31] [456/459] ECRR
[18:03:32] [457/459] RLLP
[18:03:32] [458/459] CCSN
[18:03:34] [459/459] CCBA
[18:03:35] 🧹 Deduping shows
[18:03:35] ✅ DONE | Shows=22 | Movies=3
[18:09:29] 🚀 SCRIPT STARTED
[18:09:29] [1/459] MBDC
[18:09:29] 🧠 New identity created
[18:09:30] [2/459] CHKM
[18:09:31] [3/459] JTKZ
[18:09:31] [4/459] CMCT
[18:09:32] [5/459] ASHO
[18:09:33] [6/459] ECDG
[18:09:35] [7/459] SPAT
[18:09:36] [8/459] HILC
[18:09:37] [9/459] SPPH
[18:09:37] [10/459] SBHN
[18:09:38] [11/459] RRCA
[18:09:40] [12/459] APAA
[18:09:41] [13/459] RAME
[18:09:41] [14/459] TMMS
[18:09:42] [15/459] BATK
[18:09:43] [16/459] LKOP
[18:09:44] [17/459] AMTT
[18:09:45] [18/459] PTGK
[18:09:46] [19/459] ANRS
[18:09:47] [20/459] VWBW
[18:09:47] [21/459] SVFG
[18:09:48] [22/459] STAT
[18:09:49] [23/459] GDCV
[18:09:50] [24/459] VEBI
[18:09:50] [25/459] VDSS
[18:09:51] [26/459] NTHV
[18:09:52] [27/459] AOCH
[18:09:53] [28/459] KASR
[18:09:54] [29/459] AYCS
[18:09:55] [30/459] SHAI
[18:09:56] [31/459] SKPE
[18:09:57] [32/459] SBTA
[18:09:58] [33/459] RTTD
[18:09:58] [34/459] CCJD
[18:09:59] [35/459] RSJJ
[18:10:00] [36/459] RKND
[18:10:01] [37/459] SVTX
[18:10:02] [38/459] BAKM
[18:10:03] [39/459] SVDC
[18:10:04] [40/459] MNCV
[18:10:05] [41/459] SJGC
[18:10:06] [42/459] MTPK
[18:10:07] [43/459] GATP
[18:10:08] [44/459] ABTS
[18:10:09] [45/459] ABDE
[18:10:10] [46/459] RCNM
[18:10:11] [47/459] KTHV
[18:10:12] [48/459] MDGJ
[18:10:13] [49/459] SMLM
[18:10:14] [50/459] JTMA
[18:10:15] [51/459] ACKP
[18:10:16] [52/459] SRTA
[18:10:17] [53/459] STAY
[18:10:18] [54/459] MAVO
[18:10:19] [55/459] APTS
[18:10:19] [56/459] OMEA
[18:10:20] [57/459] TTFD
[18:10:21] [58/459] MJCU
[18:10:22] [59/459] CXTE
[18:10:22] [60/459] CTPX
[18:10:23] [61/459] ASSL
[18:10:24] [62/459] CMVB
[18:10:25] [63/459] VPUR
[18:10:26] [64/459] JJDA
[18:10:27] [65/459] INBL
[18:10:28] [66/459] BIKB
[18:10:29] [67/459] NTBB
[18:10:30] [68/459] GLOB
[18:10:30] [69/459] SNTB
[18:10:31] [70/459] CHGV
[18:10:32] [71/459] SSBZ
[18:10:33] [72/459] PRDB
[18:10:34] [73/459] ISMT
[18:10:34] [74/459] MCSD
[18:10:35] [75/459] JBTT
[18:10:36] [76/459] GEKR
[18:10:37] [77/459] PVUN
[18:10:38] [78/459] NRTB
[18:10:39] [79/459] PRAA
[18:10:40] [80/459] PCBL
[18:10:41] [81/459] PTCM
[18:10:42] [82/459] KHNN
[18:10:42] [83/459] OMJE
[18:10:43] [84/459] STGN
[18:10:44] [85/459] RPMS
[18:10:46] [86/459] NWAD
[18:10:47] [87/459] BLCK
[18:10:47] [88/459] SVAA
[18:10:48] [89/459] URVM
[18:10:49] [90/459] ANTM
[18:10:50] [91/459] VJYM
[18:10:51] [92/459] MAZZ
[18:10:52] [93/459] CSHM
[18:10:52] [94/459] WGMH
[18:10:53] [95/459] SALN
[18:10:54] [96/459] BRTP
[18:10:55] [97/459] SVTA
[18:10:56] [98/459] SBTP
[18:10:57] [99/459] VLSS
[18:10:57] [100/459] SRJA
[18:10:58] [101/459] ANCG
[18:10:59] [102/459] CGGC
[18:11:00] [103/459] CRJA
[18:11:01] [104/459] USCR
[18:11:01] [105/459] MMEF
[18:11:02] [106/459] JCRJ
[18:11:03] [107/459] ADCM
[18:11:04] [108/459] BMYK
[18:11:05] [109/459] KICS
[18:11:06] [110/459] MBBT
[18:11:07] [111/459] MACK
[18:11:08] [112/459] CLDR
[18:11:09] [113/459] JYCR
[18:11:10] [114/459] DCRP
[18:11:11] [115/459] RAHT
[18:11:12] [116/459] CSSM
[18:11:13] [117/459] ATPK
[18:11:14] [118/459] KLRT
[18:11:15] [119/459] SRDD
[18:11:16] [120/459] CKMC
[18:11:17] [121/459] KRVM
[18:11:18] [122/459] AKCP
[18:11:18] [123/459] CNCV
[18:11:19] [124/459] PACT
[18:11:20] [125/459] NATP
[18:11:21] [126/459] PCPK
[18:11:21] [127/459] SMHO
[18:11:22] [128/459] CWTK
[18:11:23] [129/459] RVKZ
[18:11:24] [130/459] ASPD
[18:11:25] [131/459] VTKZ
[18:11:26] [132/459] LCSO
[18:11:27] [133/459] PRDY
[18:11:28] [134/459] RCAP
[18:11:28] [135/459] RGAR
[18:11:29] [136/459] RCAC
[18:11:30] [137/459] PMOD
[18:11:31] [138/459] PVCN
[18:11:31] [139/459] SCRZ
[18:11:32] [140/459] PVPC
[18:11:34] [141/459] STID
[18:11:34] [142/459] NEDD
[18:11:35] [143/459] BNBA
[18:11:36] [144/459] NTCD
[18:11:37] [145/459] OCDE
[18:11:38] [146/459] CCDU
[18:11:39] [147/459] CRXH
[18:11:39] [148/459] VLVT
[18:11:40] [149/459] CICI
[18:11:41] [150/459] SUCB
[18:11:42] [151/459] TCBP
[18:11:42] [152/459] SCCY
[18:11:43] [153/459] LXCY
[18:11:44] [154/459] NCMD
[18:11:44] [155/459] PHCS
[18:11:45] [156/459] DUXR
[18:11:47] [157/459] VNKS
[18:11:47] [158/459] SEDP
[18:11:48] [159/459] SVEN
[18:11:49] [160/459] SRKM
[18:11:49] [161/459] JTLT
[18:11:50] [162/459] SVSS
[18:11:51] [163/459] AMDE
[18:11:52] [164/459] WVRN
[18:11:53] [165/459] ISMG
[18:11:54] [166/459] WVKS
[18:11:55] [167/459] USCG
[18:11:56] [168/459] IOTG
[18:11:57] [169/459] RRJM
[18:11:58] [170/459] EDMP
[18:11:59] [171/459] SCGZ
[18:12:00] [172/459] GMGX
[18:12:01] [173/459] OMTP
[18:12:01] [174/459] MITD
[18:12:02] [175/459] SMMD
[18:12:03] [176/459] STML
[18:12:04] [177/459] MCFS
[18:12:04] [178/459] FPKA
[18:12:05] [179/459] OMLR
[18:12:07] [180/459] KKSC
[18:12:08] [181/459] RVMA
[18:12:09] [182/459] SCLL
[18:12:10] [183/459] SCDK
[18:12:11] [184/459] SXMI
[18:12:12] [185/459] SHDN
[18:12:13] [186/459] PAAD
[18:12:14] [187/459] UUCB
[18:12:15] [188/459] JHOL
[18:12:16] [189/459] SGWT
[18:12:17] [190/459] SRII
[18:12:17] [191/459] SGCK
[18:12:18] [192/459] SVVB
[18:12:19] [193/459] DMHA
[18:12:20] [194/459] PPNL
[18:12:21] [195/459] CPNL
[18:12:22] [196/459] WVLD
[18:12:23] [197/459] PSLV
[18:12:23] [198/459] VTTL
[18:12:24] [199/459] NPAD
[18:12:25] [200/459] PVCS
[18:12:26] [201/459] MCHL
[18:12:26] [202/459] PPLL
[18:12:27] [203/459] MALO
[18:12:28] [204/459] SWBH
[18:12:29] [205/459] PUGB
[18:12:29] [206/459] INBB
[18:12:30] [207/459] INNS
[18:12:31] [208/459] MCPT
[18:12:32] [209/459] SCMI
[18:12:33] [210/459] OCON
[18:12:34] [211/459] SCSM
[18:12:35] [212/459] RJVN
[18:12:35] [213/459] AMDK
[18:12:36] [214/459] ISMR
[18:12:37] [215/459] SMTD
[18:12:38] [216/459] VTDD
[18:12:38] [217/459] PDDZ
[18:12:39] [218/459] PCCK
[18:12:40] [219/459] INAM
[18:12:40] [220/459] FNKT
[18:12:41] [221/459] GDKA
[18:12:42] [222/459] MAYU
[18:12:43] [223/459] TCGU
[18:12:44] [224/459] KDCA
[18:12:45] [225/459] DOMY
[18:12:46] [226/459] PDDD
[18:12:47] [227/459] BJTS
[18:12:48] [228/459] VTCA
[18:12:48] [229/459] SBTM
[18:12:49] [230/459] SEET
[18:12:50] [231/459] SSTJ
[18:12:51] [232/459] SVNT
[18:12:51] [233/459] PPPR
[18:12:52] [234/459] PVYS
[18:12:53] [235/459] IOSE
[18:12:54] [236/459] ACTV
[18:12:55] [237/459] APVE
[18:12:56] [238/459] TCCL
[18:12:56] [239/459] SCMO
[18:12:57] [240/459] SAUM
[18:12:58] [241/459] KCJS
[18:12:59] [242/459] NJCJ
[18:12:59] [243/459] NECF
[18:13:00] [244/459] CCGW
[18:13:01] [245/459] CCMG
[18:13:02] [246/459] NYRG
[18:13:03] [247/459] NCSQ
[18:13:03] [248/459] GRCG
[18:13:04] [249/459] CCBT
[18:13:05] [250/459] ACGA
[18:13:06] [251/459] INAG
[18:13:07] [252/459] FUCG
[18:13:08] [253/459] AICF
[18:13:09] [254/459] GRGA
[18:13:10] [255/459] GDCN
[18:13:10] [256/459] RRCG
[18:13:11] [257/459] SDCH
[18:13:12] [258/459] WVJM
[18:13:13] [259/459] JCCZ
[18:13:14] [260/459] CNCL
[18:13:14] [261/459] TMLV
[18:13:15] [262/459] MEMB
[18:13:16] [263/459] SGTD
[18:13:17] [264/459] CONX
[18:13:17] [265/459] CCMH
[18:13:18] [266/459] ACMC
[18:13:19] [267/459] DTPD
[18:13:20] [268/459] POJA
[18:13:20] [269/459] FNBH
[18:13:21] [270/459] CGCB
[18:13:22] [271/459] RACN
[18:13:23] [272/459] JTSM
[18:13:23] [273/459] SCDN
[18:13:24] [274/459] AACK
[18:13:25] [275/459] RMCE
[18:13:26] [276/459] BSGB
[18:13:26] [277/459] MRCB
[18:13:27] [278/459] SRVR
[18:13:28] [279/459] VTKK
[18:13:28] [280/459] AMST
[18:13:29] [281/459] APCY
[18:13:30] [282/459] LMHO
[18:13:31] [283/459] MTZH
[18:13:32] [284/459] AMZB
[18:13:33] [285/459] SUVT
[18:13:33] [286/459] RCIP
[18:13:34] [287/459] KESR
[18:13:35] [288/459] SNKC
[18:13:36] [289/459] SCED
[18:13:37] [290/459] DVCA
[18:13:38] [291/459] VCDT
[18:13:38] [292/459] RRDI
[18:13:39] [293/459] DFCH
[18:13:41] [294/459] INSC
[18:13:42] [295/459] RGTR
[18:13:42] [296/459] FMOT
[18:13:43] [297/459] SCPM
[18:13:44] [298/459] GCDT
[18:13:44] [299/459] BRKT
[18:13:46] [300/459] DEMP
[18:13:47] [301/459] SRLC
[18:13:48] [302/459] KSTT
[18:13:49] [303/459] SMMT
[18:13:50] [304/459] SILM
[18:13:50] [305/459] JCVM
[18:13:51] [306/459] KCSV
[18:13:52] [307/459] MHLK
[18:13:53] [308/459] SLVL
[18:13:54] [309/459] RJKP
[18:13:55] [310/459] BBPC
[18:13:55] [311/459] MXCB
[18:13:56] [312/459] TCPK
[18:13:57] [313/459] RTBR
[18:13:58] [314/459] GAUT
[18:13:59] [315/459] DVCF
[18:13:59] [316/459] JTSB
[18:14:00] [317/459] SBLS
[18:14:01] [318/459] UDAY
[18:14:02] [319/459] PTNP
[18:14:03] [320/459] DMKT
[18:14:04] [321/459] NTDT
[18:14:06] [322/459] SHDJ
[18:14:07] [323/459] OTNC
[18:14:08] [324/459] RNTW
[18:14:09] [325/459] GCMI
[18:14:10] [326/459] CRCM
[18:14:11] [327/459] NNCZ
[18:14:12] [328/459] OEMO
[18:14:12] [329/459] PVJM
[18:14:14] [330/459] CPJI
[18:14:15] [331/459] RMCJ
[18:14:15] [332/459] CNWJ
[18:14:16] [333/459] EPJM
[18:14:18] [334/459] FNJJ
[18:14:18] [335/459] GCMJ
[18:14:19] [336/459] INPS
[18:14:20] [337/459] BICJ
[18:14:21] [338/459] ISTJ
[18:14:22] [339/459] INJC
[18:14:23] [340/459] GLXJ
[18:14:23] [341/459] INEM
[18:14:24] [342/459] JTMN
[18:14:25] [343/459] FRCJ
[18:14:26] [344/459] DDJP
[18:14:27] [345/459] INJV
[18:14:28] [346/459] GOLC
[18:14:28] [347/459] KOCI
[18:14:29] [348/459] FSTD
[18:14:30] [349/459] PACJ
[18:14:30] [350/459] GMCN
[18:14:31] [351/459] MMDJ
[18:14:32] [352/459] GODH
[18:14:33] [353/459] SKYN
[18:14:34] [354/459] NCTH
[18:14:34] [355/459] SKVZ
[18:14:35] [356/459] SVML
[18:14:36] [357/459] ACVZ
[18:14:37] [358/459] SURA
[18:14:37] [359/459] RTRB
[18:14:39] [360/459] LLCT
[18:14:40] [361/459] ATTS
[18:14:41] [362/459] JYCM
[18:14:42] [363/459] CTKR
[18:14:42] [364/459] LCKR
[18:14:43] [365/459] NYCV
[18:14:44] [366/459] NYOH
[18:14:45] [367/459] NOVX
[18:14:46] [368/459] MRGK
[18:14:46] [369/459] MOON
[18:14:47] [370/459] SBUC
[18:14:48] [371/459] GSVA
[18:14:49] [372/459] VIAK
[18:14:50] [373/459] SMVZ
[18:14:51] [374/459] MATE
[18:14:52] [375/459] RDCN
[18:14:52] [376/459] ASBL
[18:14:53] [377/459] ASVS
[18:14:54] [378/459] ASSR
[18:14:55] [379/459] SSKN
[18:14:56] [380/459] DRPV
[18:14:56] [381/459] MRHT
[18:14:57] [382/459] BSCN
[18:14:58] [383/459] RKNX
[18:14:59] [384/459] MSMC
[18:15:00] [385/459] MSCJ
[18:15:00] [386/459] BTBJ
[18:15:01] [387/459] MJCC
[18:15:02] [388/459] IOMM
[18:15:03] [389/459] ADGR
[18:15:04] [390/459] MYCP
[18:15:05] [391/459] IGCM
[18:15:06] [392/459] PGRK
[18:15:07] [393/459] VPGO
[18:15:08] [394/459] KOMS
[18:15:10] [395/459] URGG
[18:15:11] [396/459] GOST
[18:15:12] [397/459] LACT
[18:15:13] [398/459] BWCM
[18:15:14] [399/459] NCCW
[18:15:14] [400/459] SKYC
[18:15:15] [401/459] CCPM
[18:15:17] [402/459] VCBT
[18:15:18] [403/459] SDKR
[18:15:19] [404/459] CTYB
[18:15:20] [405/459] SHCX
[18:15:20] [406/459] RCUN
[18:15:21] [407/459] CNRA
[18:15:22] [408/459] RFCA
[18:15:23] [409/459] RDCU
[18:15:23] [410/459] SARK
[18:15:24] [411/459] SPPP
[18:15:25] [412/459] ADMB
[18:15:26] [413/459] JYOE
[18:15:27] [414/459] SRMD
[18:15:28] [415/459] RJDH
[18:15:28] [416/459] SSTD
[18:15:29] [417/459] AACV
[18:15:30] [418/459] PPVD
[18:15:31] [419/459] STCP
[18:15:32] [420/459] ANJR
[18:15:32] [421/459] ANLS
[18:15:33] [422/459] BIJO
[18:15:34] [423/459] AVAB
[18:15:34] [424/459] SPMD
[18:15:35] [425/459] SVJL
[18:15:36] [426/459] SDDJ
[18:15:38] [427/459] SLTU
[18:15:38] [428/459] SAKA
[18:15:40] [429/459] PMAM
[18:15:41] [430/459] FNAM
[18:15:42] [431/459] ACAM
[18:15:42] [432/459] SCMM
[18:15:43] [433/459] PMAK
[18:15:44] [434/459] NYSA
[18:15:45] [435/459] FCPA
[18:15:46] [436/459] GDAN
[18:15:47] [437/459] RSCA
[18:15:48] [438/459] DMAN
[18:15:48] [439/459] DZCM
[18:15:49] [440/459] NSGL
[18:15:50] [441/459] CCPP
[18:15:51] [442/459] PSMG
[18:15:52] [443/459] GSER
[18:15:53] [444/459] FCCT
[18:15:54] [445/459] FCTB
[18:15:55] [446/459] LCNK
[18:15:56] [447/459] SKTY
[18:15:57] [448/459] INAA
[18:15:58] [449/459] RCWN
[18:15:59] [450/459] VAIS
[18:16:00] [451/459] CVMN
[18:16:01] [452/459] INTS
[18:16:02] [453/459] FRGS
[18:16:03] [454/459] DTCK
[18:16:04] [455/459] MCMH
[18:16:04] [456/459] ECRR
[18:16:05] [457/459] RLLP
[18:16:06] [458/459] CCSN
[18:16:07] [459/459] CCBA
[18:16:08] 🧹 Deduping shows
[18:16:08] ✅ DONE | Shows=22 | Movies=3
