[17:56:53] 🚀 SCRIPT STARTED
[17:56:53] [1/459] FNDB
[17:56:53] 🧠 New identity created
[17:56:54] [2/459] AMBH
[17:56:55] [3/459] PRHN
[17:56:56] [4/459] ACPM
[17:56:57] [5/459] PVFS
[17:56:58] [6/459] AACN
[17:56:59] [7/459] ACAS
[17:56:59] [8/459] CTNR
[17:57:00] [9/459] MMAH
[17:57:01] [10/459] CPMH
[17:57:02] [11/459] IGMH
[17:57:03] [12/459] ABCS
[17:57:03] [13/459] CMMA
[17:57:04] [14/459] GPRH
[17:57:05] [15/459] PNNG
[17:57:06] [16/459] AMCA
[17:57:07] [17/459] ISTN
[17:57:08] [18/459] PIIC
[17:57:09] [19/459] AHMH
[17:57:10] [20/459] ASHN
[17:57:11] [21/459] INHY
[17:57:12] [22/459] SRMO
[17:57:13] [23/459] PIMH
[17:57:14] [24/459] PVTS
[17:57:15] [25/459] MMCA
[17:57:15] [26/459] AKYJ
[17:57:16] [27/459] BRKH
[17:57:17] [28/459] MAHM
[17:57:18] [29/459] CPHY
[17:57:19] [30/459] PVTP
[17:57:20] [31/459] SMMR
[17:57:20] [32/459] PVHM
[17:57:21] [33/459] SNDY
[17:57:22] [34/459] GOKU
[17:57:23] [35/459] ACEV
[17:57:24] [36/459] PVUM
[17:57:25] [37/459] VSWA
[17:57:26] [38/459] IPRS
[17:57:26] [39/459] ASGN
[17:57:28] [40/459] BKMV
[17:57:29] [41/459] PVYH
[17:57:30] [42/459] INKM
[17:57:30] [43/459] ARJU
[17:57:31] [44/459] JJPP
[17:57:32] [45/459] SSRM
[17:57:33] [46/459] HMHD
[17:57:34] [47/459] SNKH
[17:57:35] [48/459] ACHI
[17:57:36] [49/459] MRAA
[17:57:37] [50/459] INMH
[17:57:37] [51/459] ARMH
[17:57:38] [52/459] DVRR
[17:57:39] [53/459] SUDA
[17:57:41] [54/459] MCSS
[17:57:41] [55/459] VRKC
[17:57:42] [56/459] PRCX
[17:57:43] [57/459] ASJY
[17:57:44] [58/459] MTHY
[17:57:44] [59/459] SRCM
[17:57:45] [60/459] TVHY
[17:57:46] [61/459] STHD
[17:57:47] [62/459] CPCL
[17:57:48] [63/459] PSMJ
[17:57:49] [64/459] MRGT
[17:57:50] [65/459] ARYH
[17:57:51] [66/459] VTRB
[17:57:51] [67/459] SCHC
[17:57:52] [68/459] MRRG
[17:57:53] [69/459] SPCB
[17:57:54] [70/459] AMCM
[17:57:55] [71/459] IVNM
[17:57:55] [72/459] TRHY
[17:57:56] [73/459] PTTH
[17:57:57] [74/459] RKMH
[17:57:58] [75/459] PRCS
[17:57:59] [76/459] VAJA
[17:57:59] [77/459] BJNG
[17:58:01] [78/459] SCVM
[17:58:02] [79/459] GNHB
[17:58:03] [80/459] TLUR
[17:58:03] [81/459] UKCC
[17:58:04] [82/459] SRKR
[17:58:05] [83/459] RMKN
[17:58:06] [84/459] SLRT
[17:58:07] [85/459] LKMT
[17:58:08] [86/459] SSRJ
[17:58:09] [87/459] SPHT
[17:58:09] [88/459] ANTT
[17:58:10] [89/459] SRCH
[17:58:11] [90/459] SRCA
[17:58:12] [91/459] ARTH
[17:58:13] [92/459] MCBH
[17:58:13] [93/459] SNIB
[17:58:15] [94/459] SART
[17:58:16] [95/459] SKTA
[17:58:18] [96/459] YAKT
[17:58:19] [97/459] MLCK
[17:58:20] [98/459] ANTS
[17:58:21] [99/459] DGCA
[17:58:22] [100/459] SGMP
[17:58:23] [101/459] ASWN
[17:58:24] [102/459] KFVU
[17:58:25] [103/459] POOR
[17:58:26] [104/459] GKDN
[17:58:26] [105/459] EOSE
[17:58:27] [106/459] GTTT
[17:58:28] [107/459] ARRO
[17:58:29] [108/459] CMMK
[17:58:29] [109/459] MSCN
[17:58:30] [110/459] GDKH
[17:58:31] [111/459] DLMT
[17:58:33] [112/459] PVMF
[17:58:34] [113/459] CPCK
[17:58:35] [114/459] VMHE
[17:58:35] [115/459] PVLC
[17:58:36] [116/459] PCVB
[17:58:37] [117/459] SNYK
[17:58:38] [118/459] KTEK
[17:58:39] [119/459] PCNM
[17:58:39] [120/459] NTTR
[17:58:40] [121/459] CPSK
[17:58:41] [122/459] JMMA
[17:58:42] [123/459] GCFK
[17:58:42] [124/459] MYCA
[17:58:43] [125/459] KSNP
[17:58:44] [126/459] PMCE
[17:58:45] [127/459] SCKI
[17:58:46] [128/459] FSMA
[17:58:47] [129/459] CETA
[17:58:48] [130/459] MCIK
[17:58:49] [131/459] MYCR
[17:58:49] [132/459] EVMP
[17:58:50] [133/459] SSGT
[17:58:51] [134/459] KCTK
[17:58:52] [135/459] ZTKC
[17:58:53] [136/459] MMTA
[17:58:54] [137/459] MAJT
[17:58:54] [138/459] ACPK
[17:58:55] [139/459] JMAX
[17:58:56] [140/459] SETK
[17:58:57] [141/459] CAIS
[17:58:58] [142/459] AGCD
[17:58:58] [143/459] URCL
[17:58:59] [144/459] VTDS
[17:59:00] [145/459] JCNM
[17:59:01] [146/459] KCAM
[17:59:02] [147/459] ADCU
[17:59:03] [148/459] GXYN
[17:59:05] [149/459] SMJG
[17:59:05] [150/459] EYCJ
[17:59:06] [151/459] CCEJ
[17:59:07] [152/459] MARS
[17:59:08] [153/459] CPVJ
[17:59:09] [154/459] INVP
[17:59:09] [155/459] CPOV
[17:59:10] [156/459] VIJK
[17:59:11] [157/459] LAIM
[17:59:12] [158/459] STHV
[17:59:13] [159/459] SVLJ
[17:59:14] [160/459] ATVJ
[17:59:15] [161/459] JTSC
[17:59:15] [162/459] RMTV
[17:59:16] [163/459] MGGG
[17:59:18] [164/459] SWTH
[17:59:19] [165/459] INVJ
[17:59:20] [166/459] PRSV
[17:59:22] [167/459] JATV
[17:59:23] [168/459] RCVD
[17:59:24] [169/459] BDMA
[17:59:25] [170/459] BLJI
[17:59:26] [171/459] SWOT
[17:59:27] [172/459] SWRN
[17:59:28] [173/459] TVRA
[17:59:29] [174/459] VCSV
[17:59:29] [175/459] NVRN
[17:59:30] [176/459] SIKC
[17:59:31] [177/459] VAKR
[17:59:32] [178/459] SYLN
[17:59:33] [179/459] KLJL
[17:59:35] [180/459] LKMY
[17:59:35] [181/459] VSLY
[17:59:36] [182/459] CIKO
[17:59:37] [183/459] GPBG
[17:59:38] [184/459] CECM
[17:59:39] [185/459] SLKB
[17:59:40] [186/459] MTBO
[17:59:40] [187/459] SSHB
[17:59:41] [188/459] VPCS
[17:59:42] [189/459] RCSR
[17:59:43] [190/459] RJRM
[17:59:44] [191/459] KPPB
[17:59:45] [192/459] SEDC
[17:59:46] [193/459] SCAI
[17:59:47] [194/459] RMTR
[17:59:47] [195/459] ASST
[17:59:49] [196/459] GCAK
[17:59:50] [197/459] ANNK
[17:59:51] [198/459] KDDF
[17:59:51] [199/459] NRDP
[17:59:52] [200/459] PLAK
[17:59:53] [201/459] GCMC
[17:59:54] [202/459] ALPY
[17:59:55] [203/459] SICE
[17:59:55] [204/459] SISR
[17:59:56] [205/459] SRPZ
[17:59:58] [206/459] SRSW
[17:59:59] [207/459] SUYA
[18:00:00] [208/459] AMMT
[18:00:00] [209/459] BHCU
[18:00:01] [210/459] KLPA
[18:00:02] [211/459] NVKH
[18:00:03] [212/459] JMRC
[18:00:04] [213/459] KTTT
[18:00:05] [214/459] MAGH
[18:00:06] [215/459] MMMX
[18:00:06] [216/459] SALJ
[18:00:07] [217/459] GTJA
[18:00:08] [218/459] MAHT
[18:00:09] [219/459] SSNN
[18:00:10] [220/459] ARRP
[18:00:11] [221/459] ATNS
[18:00:12] [222/459] SKDT
[18:00:12] [223/459] ACAT
[18:00:13] [224/459] APRC
[18:00:14] [225/459] SWAG
[18:00:15] [226/459] SDPT
[18:00:15] [227/459] STPS
[18:00:16] [228/459] WWCZ
[18:00:17] [229/459] LLCH
[18:00:18] [230/459] MZHA
[18:00:19] [231/459] CRJG
[18:00:20] [232/459] JGTK
[18:00:20] [233/459] KCSR
[18:00:21] [234/459] CHTL
[18:00:22] [235/459] EDSR
[18:00:23] [236/459] CSWO
[18:00:24] [237/459] CPVM
[18:00:24] [238/459] MXBY
[18:00:25] [239/459] FMMA
[18:00:26] [240/459] POVI
[18:00:27] [241/459] MTHB
[18:00:28] [242/459] INRC
[18:00:28] [243/459] PIPP
[18:00:29] [244/459] BMXC
[18:00:30] [245/459] PCMM
[18:00:31] [246/459] PMKM
[18:00:32] [247/459] GATY
[18:00:33] [248/459] IMCM
[18:00:33] [249/459] POPE
[18:00:34] [250/459] MTCR
[18:00:35] [251/459] PVAE
[18:00:36] [252/459] PVMI
[18:00:37] [253/459] CPNM
[18:00:38] [254/459] FMRL
[18:00:38] [255/459] MCIW
[18:00:39] [256/459] MXBO
[18:00:40] [257/459] FMKY
[18:00:41] [258/459] FMDA
[18:00:42] [259/459] THAB
[18:00:43] [260/459] PRCW
[18:00:44] [261/459] PITI
[18:00:44] [262/459] MCFF
[18:00:45] [263/459] PDDV
[18:00:46] [264/459] MCRM
[18:00:47] [265/459] KKMB
[18:00:48] [266/459] INKO
[18:00:48] [267/459] PLXP
[18:00:49] [268/459] MMHA
[18:00:50] [269/459] FMVS
[18:00:51] [270/459] POLM
[18:00:52] [271/459] STER
[18:00:53] [272/459] PVWJ
[18:00:54] [273/459] IMJW
[18:00:55] [274/459] FNAN
[18:00:56] [275/459] CAGL
[18:00:57] [276/459] IPBG
[18:00:58] [277/459] SMFV
[18:00:59] [278/459] MMMR
[18:01:00] [279/459] MMWM
[18:01:01] [280/459] FNCM
[18:01:02] [281/459] MDVA
[18:01:02] [282/459] MMET
[18:01:03] [283/459] MIDO
[18:01:04] [284/459] INNP
[18:01:05] [285/459] MIFU
[18:01:06] [286/459] MMSZ
[18:01:07] [287/459] BMXA
[18:01:07] [288/459] MCAA
[18:01:08] [289/459] SCVP
[18:01:09] [290/459] PLUS
[18:01:09] [291/459] MUCK
[18:01:10] [292/459] MTMA
[18:01:12] [293/459] HPVR
[18:01:14] [294/459] PMPK
[18:01:14] [295/459] MAJB
[18:01:16] [296/459] CTRR
[18:01:17] [297/459] MCTG
[18:01:18] [298/459] MACE
[18:01:19] [299/459] AAAS
[18:01:20] [300/459] CPVV
[18:01:21] [301/459] RCHG
[18:01:22] [302/459] MCNE
[18:01:23] [303/459] EMNC
[18:01:24] [304/459] MCAN
[18:01:25] [305/459] TCDM
[18:01:26] [306/459] IRGT
[18:01:27] [307/459] GCMG
[18:01:28] [308/459] MXSN
[18:01:29] [309/459] MXCK
[18:01:30] [310/459] MCRC
[18:01:31] [311/459] RSMI
[18:01:31] [312/459] WAML
[18:01:32] [313/459] MTSC
[18:01:33] [314/459] FMDR
[18:01:34] [315/459] LEPV
[18:01:35] [316/459] MTGD
[18:01:36] [317/459] IMOB
[18:01:37] [318/459] CLMM
[18:01:38] [319/459] PZCD
[18:01:39] [320/459] GOCS
[18:01:41] [321/459] KCMA
[18:01:41] [322/459] CCMP
[18:01:42] [323/459] MTSU
[18:01:43] [324/459] SNGL
[18:01:44] [325/459] MMMC
[18:01:45] [326/459] MMAA
[18:01:46] [327/459] GCDM
[18:01:47] [328/459] KTMV
[18:01:48] [329/459] AETE
[18:01:48] [330/459] OMCS
[18:01:49] [331/459] GDCD
[18:01:50] [332/459] NYMD
[18:01:51] [333/459] RNCV
[18:01:52] [334/459] KKMT
[18:01:53] [335/459] GDTH
[18:01:54] [336/459] KMMV
[18:01:55] [337/459] NHCG
[18:01:55] [338/459] PJDW
[18:01:56] [339/459] MMCV
[18:01:57] [340/459] FQSA
[18:01:58] [341/459] KURL
[18:01:59] [342/459] NNNX
[18:02:00] [343/459] AMAU
[18:02:00] [344/459] VVVM
[18:02:02] [345/459] VECU
[18:02:03] [346/459] WCVR
[18:02:03] [347/459] MTGG
[18:02:04] [348/459] SGTG
[18:02:05] [349/459] MNTG
[18:02:06] [350/459] JDDG
[18:02:07] [351/459] MBTK
[18:02:08] [352/459] SGCD
[18:02:08] [353/459] MCTC
[18:02:09] [354/459] JTPC
[18:02:10] [355/459] SDKT
[18:02:11] [356/459] KRCC
[18:02:12] [357/459] RMMD
[18:02:13] [358/459] AAME
[18:02:13] [359/459] TMWC
[18:02:14] [360/459] NRWY
[18:02:15] [361/459] CITD
[18:02:16] [362/459] VERD
[18:02:17] [363/459] MKSK
[18:02:18] [364/459] STSM
[18:02:20] [365/459] MJDG
[18:02:21] [366/459] RKPM
[18:02:22] [367/459] SSCE
[18:02:23] [368/459] VMAE
[18:02:25] [369/459] SBRU
[18:02:26] [370/459] AMBC
[18:02:27] [371/459] AMLU
[18:02:28] [372/459] INVZ
[18:02:29] [373/459] LGTV
[18:02:30] [374/459] SVAD
[18:02:30] [375/459] SMSA
[18:02:31] [376/459] SPCZ
[18:02:32] [377/459] GTCX
[18:02:33] [378/459] SCSL
[18:02:34] [379/459] SAHU
[18:02:35] [380/459] NCDA
[18:02:36] [381/459] SCCG
[18:02:37] [382/459] VKTL
[18:02:38] [383/459] PUUJ
[18:02:39] [384/459] STEJ
[18:02:40] [385/459] RJAL
[18:02:40] [386/459] ACJC
[18:02:41] [387/459] VTHC
[18:02:43] [388/459] ARVB
[18:02:44] [389/459] AUBB
[18:02:45] [390/459] GDBR
[18:02:46] [391/459] PVND
[18:02:46] [392/459] BGRJ
[18:02:47] [393/459] RJMM
[18:02:48] [394/459] MCSA
[18:02:49] [395/459] BODA
[18:02:50] [396/459] JAGG
[18:02:51] [397/459] SCGA
[18:02:52] [398/459] LRCM
[18:02:53] [399/459] CPCN
[18:02:54] [400/459] SSTF
[18:02:55] [401/459] SRXP
[18:02:55] [402/459] CNFX
[18:02:56] [403/459] ANDI
[18:02:57] [404/459] SYEW
[18:02:58] [405/459] RCRE
[18:02:59] [406/459] SCRW
[18:03:00] [407/459] MBKR
[18:03:01] [408/459] ASNT
[18:03:02] [409/459] JTMT
[18:03:02] [410/459] SHAY
[18:03:03] [411/459] VRTH
[18:03:04] [412/459] SPTI
[18:03:05] [413/459] DPTD
[18:03:06] [414/459] TGSN
[18:03:07] [415/459] RCWV
[18:03:07] [416/459] OCUR
[18:03:08] [417/459] KSTC
[18:03:09] [418/459] SANI
[18:03:09] [419/459] MLCA
[18:03:10] [420/459] EGCA
[18:03:11] [421/459] SYSN
[18:03:12] [422/459] PKTA
[18:03:13] [423/459] PRCC
[18:03:14] [424/459] KSTR
[18:03:15] [425/459] SNTP
[18:03:15] [426/459] RCHA
[18:03:16] [427/459] SEEA
[18:03:17] [428/459] ALAT
[18:03:18] [429/459] AATV
[18:03:19] [430/459] RJTE
[18:03:20] [431/459] AAPP
[18:03:21] [432/459] PMMH
[18:03:21] [433/459] INRJ
[18:03:22] [434/459] SARB
[18:03:24] [435/459] PCJL
[18:03:24] [436/459] PFJJ
[18:03:25] [437/459] GRDC
[18:03:26] [438/459] BCBA
[18:03:27] [439/459] VIXL
[18:03:27] [440/459] CSTL
[18:03:29] [441/459] MTDK
[18:03:30] [442/459] TDAC
[18:03:30] [443/459] GTDN
[18:03:32] [444/459] TTDE
[18:03:33] [445/459] ASTS
[18:03:34] [446/459] CPNS
[18:03:34] [447/459] PVVW
[18:03:35] [448/459] USEB
[18:03:36] [449/459] DTYN
[18:03:37] [450/459] PVLE
[18:03:38] [451/459] CIPS
[18:03:38] [452/459] PAEG
[18:03:39] [453/459] PTCW
[18:03:40] [454/459] G3SR
[18:03:40] [455/459] PGND
[18:03:41] [456/459] INVM
[18:03:42] [457/459] SPIA
[18:03:43] [458/459] PCSN
[18:03:43] [459/459] PPGV
[18:03:44] 🧹 Deduping shows
[18:03:44] ✅ DONE | Shows=19 | Movies=6
[18:09:32] 🚀 SCRIPT STARTED
[18:09:32] [1/459] FNDB
[18:09:32] 🧠 New identity created
[18:09:33] [2/459] AMBH
[18:09:33] [3/459] PRHN
[18:09:34] [4/459] ACPM
[18:09:35] [5/459] PVFS
[18:09:35] [6/459] AACN
[18:09:36] [7/459] ACAS
[18:09:37] [8/459] CTNR
[18:09:38] [9/459] MMAH
[18:09:39] [10/459] CPMH
[18:09:40] [11/459] IGMH
[18:09:41] [12/459] ABCS
[18:09:42] [13/459] CMMA
[18:09:43] [14/459] GPRH
[18:09:43] [15/459] PNNG
[18:09:44] [16/459] AMCA
[18:09:45] [17/459] ISTN
[18:09:46] [18/459] PIIC
[18:09:47] [19/459] AHMH
[18:09:48] [20/459] ASHN
[18:09:49] [21/459] INHY
[18:09:49] [22/459] SRMO
[18:09:50] [23/459] PIMH
[18:09:51] [24/459] PVTS
[18:09:53] [25/459] MMCA
[18:09:53] [26/459] AKYJ
[18:09:54] [27/459] BRKH
[18:09:55] [28/459] MAHM
[18:09:55] [29/459] CPHY
[18:09:56] [30/459] PVTP
[18:09:57] [31/459] SMMR
[18:09:58] [32/459] PVHM
[18:09:59] [33/459] SNDY
[18:10:00] [34/459] GOKU
[18:10:01] [35/459] ACEV
[18:10:01] [36/459] PVUM
[18:10:02] [37/459] VSWA
[18:10:03] [38/459] IPRS
[18:10:04] [39/459] ASGN
[18:10:04] [40/459] BKMV
[18:10:05] [41/459] PVYH
[18:10:06] [42/459] INKM
[18:10:07] [43/459] ARJU
[18:10:07] [44/459] JJPP
[18:10:08] [45/459] SSRM
[18:10:09] [46/459] HMHD
[18:10:09] [47/459] SNKH
[18:10:10] [48/459] ACHI
[18:10:11] [49/459] MRAA
[18:10:12] [50/459] INMH
[18:10:13] [51/459] ARMH
[18:10:14] [52/459] DVRR
[18:10:14] [53/459] SUDA
[18:10:15] [54/459] MCSS
[18:10:16] [55/459] VRKC
[18:10:18] [56/459] PRCX
[18:10:19] [57/459] ASJY
[18:10:19] [58/459] MTHY
[18:10:21] [59/459] SRCM
[18:10:22] [60/459] TVHY
[18:10:22] [61/459] STHD
[18:10:23] [62/459] CPCL
[18:10:23] [63/459] PSMJ
[18:10:24] [64/459] MRGT
[18:10:25] [65/459] ARYH
[18:10:26] [66/459] VTRB
[18:10:27] [67/459] SCHC
[18:10:27] [68/459] MRRG
[18:10:28] [69/459] SPCB
[18:10:29] [70/459] AMCM
[18:10:30] [71/459] IVNM
[18:10:31] [72/459] TRHY
[18:10:32] [73/459] PTTH
[18:10:33] [74/459] RKMH
[18:10:34] [75/459] PRCS
[18:10:35] [76/459] VAJA
[18:10:36] [77/459] BJNG
[18:10:37] [78/459] SCVM
[18:10:38] [79/459] GNHB
[18:10:38] [80/459] TLUR
[18:10:39] [81/459] UKCC
[18:10:41] [82/459] SRKR
[18:10:41] [83/459] RMKN
[18:10:42] [84/459] SLRT
[18:10:43] [85/459] LKMT
[18:10:44] [86/459] SSRJ
[18:10:45] [87/459] SPHT
[18:10:46] [88/459] ANTT
[18:10:47] [89/459] SRCH
[18:10:47] [90/459] SRCA
[18:10:48] [91/459] ARTH
[18:10:49] [92/459] MCBH
[18:10:50] [93/459] SNIB
[18:10:50] [94/459] SART
[18:10:51] [95/459] SKTA
[18:10:52] [96/459] YAKT
[18:10:53] [97/459] MLCK
[18:10:54] [98/459] ANTS
[18:10:54] [99/459] DGCA
[18:10:55] [100/459] SGMP
[18:10:56] [101/459] ASWN
[18:10:57] [102/459] KFVU
[18:10:57] [103/459] POOR
[18:10:58] [104/459] GKDN
[18:10:59] [105/459] EOSE
[18:11:00] [106/459] GTTT
[18:11:01] [107/459] ARRO
[18:11:01] [108/459] CMMK
[18:11:02] [109/459] MSCN
[18:11:03] [110/459] GDKH
[18:11:04] [111/459] DLMT
[18:11:05] [112/459] PVMF
[18:11:05] [113/459] CPCK
[18:11:06] [114/459] VMHE
[18:11:07] [115/459] PVLC
[18:11:08] [116/459] PCVB
[18:11:09] [117/459] SNYK
[18:11:10] [118/459] KTEK
[18:11:11] [119/459] PCNM
[18:11:11] [120/459] NTTR
[18:11:12] [121/459] CPSK
[18:11:13] [122/459] JMMA
[18:11:14] [123/459] GCFK
[18:11:15] [124/459] MYCA
[18:11:15] [125/459] KSNP
[18:11:16] [126/459] PMCE
[18:11:17] [127/459] SCKI
[18:11:18] [128/459] FSMA
[18:11:19] [129/459] CETA
[18:11:19] [130/459] MCIK
[18:11:20] [131/459] MYCR
[18:11:21] [132/459] EVMP
[18:11:22] [133/459] SSGT
[18:11:23] [134/459] KCTK
[18:11:24] [135/459] ZTKC
[18:11:25] [136/459] MMTA
[18:11:26] [137/459] MAJT
[18:11:27] [138/459] ACPK
[18:11:27] [139/459] JMAX
[18:11:28] [140/459] SETK
[18:11:29] [141/459] CAIS
[18:11:30] [142/459] AGCD
[18:11:31] [143/459] URCL
[18:11:33] [144/459] VTDS
[18:11:33] [145/459] JCNM
[18:11:34] [146/459] KCAM
[18:11:35] [147/459] ADCU
[18:11:36] [148/459] GXYN
[18:11:36] [149/459] SMJG
[18:11:38] [150/459] EYCJ
[18:11:39] [151/459] CCEJ
[18:11:40] [152/459] MARS
[18:11:41] [153/459] CPVJ
[18:11:41] [154/459] INVP
[18:11:42] [155/459] CPOV
[18:11:43] [156/459] VIJK
[18:11:44] [157/459] LAIM
[18:11:45] [158/459] STHV
[18:11:46] [159/459] SVLJ
[18:11:47] [160/459] ATVJ
[18:11:48] [161/459] JTSC
[18:11:48] [162/459] RMTV
[18:11:49] [163/459] MGGG
[18:11:50] [164/459] SWTH
[18:11:51] [165/459] INVJ
[18:11:51] [166/459] PRSV
[18:11:52] [167/459] JATV
[18:11:53] [168/459] RCVD
[18:11:54] [169/459] BDMA
[18:11:55] [170/459] BLJI
[18:11:56] [171/459] SWOT
[18:11:57] [172/459] SWRN
[18:11:57] [173/459] TVRA
[18:11:58] [174/459] VCSV
[18:11:59] [175/459] NVRN
[18:12:00] [176/459] SIKC
[18:12:01] [177/459] VAKR
[18:12:02] [178/459] SYLN
[18:12:02] [179/459] KLJL
[18:12:03] [180/459] LKMY
[18:12:04] [181/459] VSLY
[18:12:05] [182/459] CIKO
[18:12:06] [183/459] GPBG
[18:12:06] [184/459] CECM
[18:12:07] [185/459] SLKB
[18:12:08] [186/459] MTBO
[18:12:09] [187/459] SSHB
[18:12:10] [188/459] VPCS
[18:12:11] [189/459] RCSR
[18:12:11] [190/459] RJRM
[18:12:12] [191/459] KPPB
[18:12:14] [192/459] SEDC
[18:12:15] [193/459] SCAI
[18:12:16] [194/459] RMTR
[18:12:17] [195/459] ASST
[18:12:18] [196/459] GCAK
[18:12:18] [197/459] ANNK
[18:12:19] [198/459] KDDF
[18:12:20] [199/459] NRDP
[18:12:21] [200/459] PLAK
[18:12:22] [201/459] GCMC
[18:12:23] [202/459] ALPY
[18:12:23] [203/459] SICE
[18:12:24] [204/459] SISR
[18:12:25] [205/459] SRPZ
[18:12:25] [206/459] SRSW
[18:12:26] [207/459] SUYA
[18:12:27] [208/459] AMMT
[18:12:28] [209/459] BHCU
[18:12:28] [210/459] KLPA
[18:12:29] [211/459] NVKH
[18:12:31] [212/459] JMRC
[18:12:31] [213/459] KTTT
[18:12:32] [214/459] MAGH
[18:12:33] [215/459] MMMX
[18:12:33] [216/459] SALJ
[18:12:34] [217/459] GTJA
[18:12:35] [218/459] MAHT
[18:12:36] [219/459] SSNN
[18:12:37] [220/459] ARRP
[18:12:37] [221/459] ATNS
[18:12:38] [222/459] SKDT
[18:12:39] [223/459] ACAT
[18:12:41] [224/459] APRC
[18:12:42] [225/459] SWAG
[18:12:42] [226/459] SDPT
[18:12:43] [227/459] STPS
[18:12:44] [228/459] WWCZ
[18:12:45] [229/459] LLCH
[18:12:46] [230/459] MZHA
[18:12:46] [231/459] CRJG
[18:12:47] [232/459] JGTK
[18:12:48] [233/459] KCSR
[18:12:49] [234/459] CHTL
[18:12:50] [235/459] EDSR
[18:12:51] [236/459] CSWO
[18:12:52] [237/459] CPVM
[18:12:52] [238/459] MXBY
[18:12:53] [239/459] FMMA
[18:12:54] [240/459] POVI
[18:12:55] [241/459] MTHB
[18:12:56] [242/459] INRC
[18:12:57] [243/459] PIPP
[18:12:57] [244/459] BMXC
[18:12:58] [245/459] PCMM
[18:12:59] [246/459] PMKM
[18:13:00] [247/459] GATY
[18:13:00] [248/459] IMCM
[18:13:01] [249/459] POPE
[18:13:02] [250/459] MTCR
[18:13:03] [251/459] PVAE
[18:13:03] [252/459] PVMI
[18:13:04] [253/459] CPNM
[18:13:05] [254/459] FMRL
[18:13:06] [255/459] MCIW
[18:13:07] [256/459] MXBO
[18:13:07] [257/459] FMKY
[18:13:08] [258/459] FMDA
[18:13:09] [259/459] THAB
[18:13:10] [260/459] PRCW
[18:13:10] [261/459] PITI
[18:13:11] [262/459] MCFF
[18:13:12] [263/459] PDDV
[18:13:13] [264/459] MCRM
[18:13:13] [265/459] KKMB
[18:13:14] [266/459] INKO
[18:13:15] [267/459] PLXP
[18:13:16] [268/459] MMHA
[18:13:16] [269/459] FMVS
[18:13:17] [270/459] POLM
[18:13:18] [271/459] STER
[18:13:18] [272/459] PVWJ
[18:13:19] [273/459] IMJW
[18:13:20] [274/459] FNAN
[18:13:21] [275/459] CAGL
[18:13:22] [276/459] IPBG
[18:13:23] [277/459] SMFV
[18:13:24] [278/459] MMMR
[18:13:24] [279/459] MMWM
[18:13:25] [280/459] FNCM
[18:13:26] [281/459] MDVA
[18:13:27] [282/459] MMET
[18:13:27] [283/459] MIDO
[18:13:28] [284/459] INNP
[18:13:29] [285/459] MIFU
[18:13:30] [286/459] MMSZ
[18:13:31] [287/459] BMXA
[18:13:32] [288/459] MCAA
[18:13:32] [289/459] SCVP
[18:13:33] [290/459] PLUS
[18:13:34] [291/459] MUCK
[18:13:35] [292/459] MTMA
[18:13:35] [293/459] HPVR
[18:13:36] [294/459] PMPK
[18:13:37] [295/459] MAJB
[18:13:38] [296/459] CTRR
[18:13:39] [297/459] MCTG
[18:13:39] [298/459] MACE
[18:13:40] [299/459] AAAS
[18:13:41] [300/459] CPVV
[18:13:42] [301/459] RCHG
[18:13:42] [302/459] MCNE
[18:13:43] [303/459] EMNC
[18:13:44] [304/459] MCAN
[18:13:45] [305/459] TCDM
[18:13:47] [306/459] IRGT
[18:13:47] [307/459] GCMG
[18:13:48] [308/459] MXSN
[18:13:49] [309/459] MXCK
[18:13:50] [310/459] MCRC
[18:13:51] [311/459] RSMI
[18:13:51] [312/459] WAML
[18:13:52] [313/459] MTSC
[18:13:53] [314/459] FMDR
[18:13:54] [315/459] LEPV
[18:13:55] [316/459] MTGD
[18:13:55] [317/459] IMOB
[18:13:56] [318/459] CLMM
[18:13:57] [319/459] PZCD
[18:13:58] [320/459] GOCS
[18:13:58] [321/459] KCMA
[18:13:59] [322/459] CCMP
[18:14:00] [323/459] MTSU
[18:14:01] [324/459] SNGL
[18:14:02] [325/459] MMMC
[18:14:03] [326/459] MMAA
[18:14:03] [327/459] GCDM
[18:14:04] [328/459] KTMV
[18:14:05] [329/459] AETE
[18:14:06] [330/459] OMCS
[18:14:07] [331/459] GDCD
[18:14:07] [332/459] NYMD
[18:14:09] [333/459] RNCV
[18:14:10] [334/459] KKMT
[18:14:10] [335/459] GDTH
[18:14:11] [336/459] KMMV
[18:14:12] [337/459] NHCG
[18:14:13] [338/459] PJDW
[18:14:14] [339/459] MMCV
[18:14:15] [340/459] FQSA
[18:14:16] [341/459] KURL
[18:14:17] [342/459] NNNX
[18:14:17] [343/459] AMAU
[18:14:18] [344/459] VVVM
[18:14:19] [345/459] VECU
[18:14:20] [346/459] WCVR
[18:14:21] [347/459] MTGG
[18:14:21] [348/459] SGTG
[18:14:23] [349/459] MNTG
[18:14:24] [350/459] JDDG
[18:14:25] [351/459] MBTK
[18:14:26] [352/459] SGCD
[18:14:27] [353/459] MCTC
[18:14:27] [354/459] JTPC
[18:14:28] [355/459] SDKT
[18:14:29] [356/459] KRCC
[18:14:29] [357/459] RMMD
[18:14:31] [358/459] AAME
[18:14:32] [359/459] TMWC
[18:14:32] [360/459] NRWY
[18:14:33] [361/459] CITD
[18:14:34] [362/459] VERD
[18:14:35] [363/459] MKSK
[18:14:36] [364/459] STSM
[18:14:37] [365/459] MJDG
[18:14:38] [366/459] RKPM
[18:14:39] [367/459] SSCE
[18:14:40] [368/459] VMAE
[18:14:41] [369/459] SBRU
[18:14:42] [370/459] AMBC
[18:14:43] [371/459] AMLU
[18:14:44] [372/459] INVZ
[18:14:44] [373/459] LGTV
[18:14:45] [374/459] SVAD
[18:14:46] [375/459] SMSA
[18:14:47] [376/459] SPCZ
[18:14:48] [377/459] GTCX
[18:14:48] [378/459] SCSL
[18:14:49] [379/459] SAHU
[18:14:50] [380/459] NCDA
[18:14:51] [381/459] SCCG
[18:14:51] [382/459] VKTL
[18:14:52] [383/459] PUUJ
[18:14:53] [384/459] STEJ
[18:14:55] [385/459] RJAL
[18:14:55] [386/459] ACJC
[18:14:56] [387/459] VTHC
[18:14:58] [388/459] ARVB
[18:14:59] [389/459] AUBB
[18:14:59] [390/459] GDBR
[18:15:00] [391/459] PVND
[18:15:01] [392/459] BGRJ
[18:15:01] [393/459] RJMM
[18:15:02] [394/459] MCSA
[18:15:03] [395/459] BODA
[18:15:04] [396/459] JAGG
[18:15:05] [397/459] SCGA
[18:15:06] [398/459] LRCM
[18:15:07] [399/459] CPCN
[18:15:07] [400/459] SSTF
[18:15:08] [401/459] SRXP
[18:15:09] [402/459] CNFX
[18:15:10] [403/459] ANDI
[18:15:11] [404/459] SYEW
[18:15:12] [405/459] RCRE
[18:15:12] [406/459] SCRW
[18:15:13] [407/459] MBKR
[18:15:15] [408/459] ASNT
[18:15:15] [409/459] JTMT
[18:15:17] [410/459] SHAY
[18:15:18] [411/459] VRTH
[18:15:19] [412/459] SPTI
[18:15:20] [413/459] DPTD
[18:15:20] [414/459] TGSN
[18:15:21] [415/459] RCWV
[18:15:22] [416/459] OCUR
[18:15:23] [417/459] KSTC
[18:15:24] [418/459] SANI
[18:15:25] [419/459] MLCA
[18:15:26] [420/459] EGCA
[18:15:27] [421/459] SYSN
[18:15:28] [422/459] PKTA
[18:15:29] [423/459] PRCC
[18:15:29] [424/459] KSTR
[18:15:30] [425/459] SNTP
[18:15:31] [426/459] RCHA
[18:15:32] [427/459] SEEA
[18:15:33] [428/459] ALAT
[18:15:34] [429/459] AATV
[18:15:35] [430/459] RJTE
[18:15:36] [431/459] AAPP
[18:15:37] [432/459] PMMH
[18:15:38] [433/459] INRJ
[18:15:38] [434/459] SARB
[18:15:39] [435/459] PCJL
[18:15:40] [436/459] PFJJ
[18:15:41] [437/459] GRDC
[18:15:42] [438/459] BCBA
[18:15:43] [439/459] VIXL
[18:15:44] [440/459] CSTL
[18:15:44] [441/459] MTDK
[18:15:46] [442/459] TDAC
[18:15:47] [443/459] GTDN
[18:15:48] [444/459] TTDE
[18:15:48] [445/459] ASTS
[18:15:49] [446/459] CPNS
[18:15:50] [447/459] PVVW
[18:15:51] [448/459] USEB
[18:15:52] [449/459] DTYN
[18:15:53] [450/459] PVLE
[18:15:54] [451/459] CIPS
[18:15:55] [452/459] PAEG
[18:15:56] [453/459] PTCW
[18:15:56] [454/459] G3SR
[18:15:57] [455/459] PGND
[18:15:58] [456/459] INVM
[18:15:59] [457/459] SPIA
[18:16:01] [458/459] PCSN
[18:16:02] [459/459] PPGV
[18:16:03] 🧹 Deduping shows
[18:16:03] ✅ DONE | Shows=19 | Movies=6
