[17:56:54] 🚀 SCRIPT STARTED
[17:56:54] [1/459] MCCZ
[17:56:54] 🧠 New identity created
[17:56:55] [2/459] FRPU
[17:56:56] [3/459] SKSI
[17:56:57] [4/459] SSCK
[17:56:58] [5/459] SRDC
[17:56:58] [6/459] RSCZ
[17:56:59] [7/459] PRVT
[17:57:00] [8/459] GAGJ
[17:57:01] [9/459] SMHG
[17:57:02] [10/459] JTST
[17:57:03] [11/459] MYTH
[17:57:04] [12/459] JPCC
[17:57:05] [13/459] ACDC
[17:57:05] [14/459] SVFP
[17:57:06] [15/459] SFCM
[17:57:08] [16/459] RUPK
[17:57:10] [17/459] NTCR
[17:57:10] [18/459] RTCH
[17:57:11] [19/459] SCMH
[17:57:12] [20/459] SVYM
[17:57:13] [21/459] SPYM
[17:57:14] [22/459] SMMF
[17:57:15] [23/459] CLLB
[17:57:16] [24/459] FMCB
[17:57:17] [25/459] BBTC
[17:57:18] [26/459] NTHS
[17:57:18] [27/459] PKKJ
[17:57:19] [28/459] MTJA
[17:57:20] [29/459] PMSJ
[17:57:21] [30/459] JMJU
[17:57:22] [31/459] SRAD
[17:57:23] [32/459] MJMC
[17:57:23] [33/459] DFRM
[17:57:25] [34/459] PMRS
[17:57:26] [35/459] RKPP
[17:57:27] [36/459] BMBK
[17:57:28] [37/459] NEWS
[17:57:28] [38/459] SALB
[17:57:29] [39/459] SCPW
[17:57:30] [40/459] RAYL
[17:57:31] [41/459] CMGJ
[17:57:32] [42/459] JRCR
[17:57:33] [43/459] SRTB
[17:57:33] [44/459] ETPB
[17:57:34] [45/459] MXBN
[17:57:36] [46/459] TOPE
[17:57:37] [47/459] SNLJ
[17:57:38] [48/459] CDDP
[17:57:39] [49/459] APCX
[17:57:40] [50/459] TALP
[17:57:41] [51/459] RRMP
[17:57:42] [52/459] MAHB
[17:57:43] [53/459] MTKR
[17:57:44] [54/459] KSKL
[17:57:45] [55/459] RJLT
[17:57:46] [56/459] ATAS
[17:57:47] [57/459] AMHR
[17:57:48] [58/459] RSRM
[17:57:49] [59/459] GCAT
[17:57:50] [60/459] SMML
[17:57:51] [61/459] ACCD
[17:57:52] [62/459] VYDA
[17:57:52] [63/459] MSKT
[17:57:53] [64/459] AVDM
[17:57:54] [65/459] ASMH
[17:57:56] [66/459] VTMB
[17:57:57] [67/459] WVMB
[17:57:58] [68/459] PPMN
[17:57:59] [69/459] MTMD
[17:58:00] [70/459] SMMO
[17:58:01] [71/459] DLPB
[17:58:02] [72/459] AKMD
[17:58:03] [73/459] SHRR
[17:58:04] [74/459] ASCO
[17:58:05] [75/459] CZVX
[17:58:05] [76/459] GCBB
[17:58:07] [77/459] ATBM
[17:58:09] [78/459] TCGM
[17:58:10] [79/459] UMSE
[17:58:11] [80/459] NKCL
[17:58:11] [81/459] BTLR
[17:58:13] [82/459] GOCL
[17:58:14] [83/459] MIRN
[17:58:15] [84/459] THEC
[17:58:16] [85/459] SPPB
[17:58:17] [86/459] PMMM
[17:58:18] [87/459] GGMC
[17:58:19] [88/459] AVSR
[17:58:20] [89/459] RDMH
[17:58:21] [90/459] JSRS
[17:58:22] [91/459] VKGP
[17:58:24] [92/459] ACRT
[17:58:24] [93/459] GCBA
[17:58:25] [94/459] GTCP
[17:58:27] [95/459] AKFC
[17:58:28] [96/459] INCS
[17:58:29] [97/459] SMCK
[17:58:30] [98/459] BRUN
[17:58:31] [99/459] RPPC
[17:58:32] [100/459] PAYD
[17:58:32] [101/459] SVVT
[17:58:34] [102/459] RNCC
[17:58:34] [103/459] PCRC
[17:58:35] [104/459] PMRM
[17:58:36] [105/459] CCRP
[17:58:38] [106/459] INCR
[17:58:39] [107/459] ZTMP
[17:58:40] [108/459] MCNR
[17:58:41] [109/459] INRP
[17:58:43] [110/459] STRC
[17:58:43] [111/459] RATI
[17:58:44] [112/459] PBTR
[17:58:45] [113/459] CMHP
[17:58:45] [114/459] ZECJ
[17:58:47] [115/459] CCCB
[17:58:48] [116/459] BWCB
[17:58:49] [117/459] CCAT
[17:58:50] [118/459] KGCM
[17:58:50] [119/459] INPT
[17:58:51] [120/459] FNCO
[17:58:52] [121/459] SRMJ
[17:58:53] [122/459] PFSC
[17:58:54] [123/459] PBMC
[17:58:55] [124/459] KARP
[17:58:55] [125/459] KOVI
[17:58:57] [126/459] ACXL
[17:58:57] [127/459] GKCC
[17:58:58] [128/459] ASCC
[17:59:00] [129/459] SETC
[17:59:00] [130/459] KACC
[17:59:01] [131/459] KAVE
[17:59:03] [132/459] CNTC
[17:59:04] [133/459] MEEN
[17:59:05] [134/459] BMRV
[17:59:06] [135/459] SVAM
[17:59:07] [136/459] VTBP
[17:59:08] [137/459] VCKN
[17:59:10] [138/459] SGTK
[17:59:12] [139/459] RCGS
[17:59:12] [140/459] RCCB
[17:59:13] [141/459] RKSR
[17:59:14] [142/459] RKCU
[17:59:15] [143/459] GIBH
[17:59:16] [144/459] CXBS
[17:59:17] [145/459] GGCB
[17:59:18] [146/459] SCPB
[17:59:19] [147/459] AKTB
[17:59:20] [148/459] SRBU
[17:59:22] [149/459] CSSA
[17:59:23] [150/459] MYAN
[17:59:23] [151/459] EXCA
[17:59:24] [152/459] CKSA
[17:59:25] [153/459] JTNM
[17:59:26] [154/459] CXKT
[17:59:27] [155/459] NCLM
[17:59:28] [156/459] JAAD
[17:59:29] [157/459] RDCR
[17:59:29] [158/459] MEER
[17:59:30] [159/459] SIBT
[17:59:31] [160/459] PVVB
[17:59:32] [161/459] FNPN
[17:59:33] [162/459] CRPX
[17:59:34] [163/459] STET
[17:59:34] [164/459] METE
[17:59:35] [165/459] BJML
[17:59:36] [166/459] MAVT
[17:59:37] [167/459] MSRM
[17:59:38] [168/459] TJMP
[17:59:39] [169/459] MHCK
[17:59:40] [170/459] SVGP
[17:59:41] [171/459] KRRC
[17:59:42] [172/459] IMCH
[17:59:43] [173/459] CMCS
[17:59:44] [174/459] SGND
[17:59:45] [175/459] RNAT
[17:59:46] [176/459] PRTN
[17:59:47] [177/459] MPTN
[17:59:48] [178/459] ARCC
[17:59:49] [179/459] NTTE
[17:59:49] [180/459] ABND
[17:59:50] [181/459] KCSN
[17:59:51] [182/459] KCSA
[17:59:52] [183/459] DCKT
[17:59:53] [184/459] MBBR
[17:59:54] [185/459] RAMU
[17:59:55] [186/459] RACW
[17:59:56] [187/459] MCHP
[17:59:57] [188/459] TMHM
[17:59:58] [189/459] STXH
[17:59:59] [190/459] AGSG
[17:59:59] [191/459] SIRA
[18:00:00] [192/459] RCAN
[18:00:01] [193/459] CWTB
[18:00:02] [194/459] VTYM
[18:00:03] [195/459] RRPP
[18:00:04] [196/459] ASMR
[18:00:05] [197/459] RONO
[18:00:06] [198/459] MEMR
[18:00:07] [199/459] CTMR
[18:00:08] [200/459] PMTT
[18:00:09] [201/459] PSLX
[18:00:10] [202/459] IPPL
[18:00:11] [203/459] MMSG
[18:00:12] [204/459] INEL
[18:00:13] [205/459] COAC
[18:00:14] [206/459] WVLK
[18:00:15] [207/459] PPXL
[18:00:16] [208/459] PSML
[18:00:17] [209/459] FNLK
[18:00:18] [210/459] ILUM
[18:00:19] [211/459] ILCM
[18:00:20] [212/459] MSNL
[18:00:21] [213/459] VINB
[18:00:22] [214/459] SALW
[18:00:23] [215/459] PRTB
[18:00:24] [216/459] NCIL
[18:00:25] [217/459] PSUL
[18:00:26] [218/459] SCLK
[18:00:27] [219/459] ADDC
[18:00:28] [220/459] OACL
[18:00:29] [221/459] OOCF
[18:00:29] [222/459] GPMF
[18:00:30] [223/459] SSDG
[18:00:31] [224/459] SKRS
[18:00:32] [225/459] NTTP
[18:00:32] [226/459] SLTP
[18:00:33] [227/459] JTLC
[18:00:35] [228/459] POON
[18:00:36] [229/459] CCPC
[18:00:37] [230/459] DCKC
[18:00:37] [231/459] CPRT
[18:00:38] [232/459] EYHZ
[18:00:39] [233/459] ARBL
[18:00:40] [234/459] SBTB
[18:00:41] [235/459] MMCK
[18:00:42] [236/459] PLMR
[18:00:42] [237/459] BIJH
[18:00:43] [238/459] SDRT
[18:00:44] [239/459] PRDC
[18:00:45] [240/459] OMJA
[18:00:45] [241/459] VKCR
[18:00:46] [242/459] ATRT
[18:00:47] [243/459] WVRP
[18:00:48] [244/459] MVRP
[18:00:49] [245/459] FCAX
[18:00:50] [246/459] CTLC
[18:00:51] [247/459] JCHB
[18:00:52] [248/459] SELP
[18:00:53] [249/459] VCPG
[18:00:53] [250/459] ASCX
[18:00:54] [251/459] EOCS
[18:00:55] [252/459] RCPH
[18:00:56] [253/459] RJTM
[18:00:58] [254/459] SGMD
[18:00:59] [255/459] SVJT
[18:01:00] [256/459] SPPO
[18:01:00] [257/459] MNRL
[18:01:01] [258/459] KNOX
[18:01:02] [259/459] GIER
[18:01:03] [260/459] PJMS
[18:01:04] [261/459] UNSP
[18:01:05] [262/459] JETP
[18:01:06] [263/459] VTWA
[18:01:07] [264/459] SCJI
[18:01:07] [265/459] CBZZ
[18:01:09] [266/459] SDCJ
[18:01:10] [267/459] RRCC
[18:01:10] [268/459] VNKG
[18:01:11] [269/459] LKTO
[18:01:12] [270/459] PJRM
[18:01:13] [271/459] NVRM
[18:01:14] [272/459] SJCS
[18:01:15] [273/459] VIGK
[18:01:16] [274/459] ANST
[18:01:16] [275/459] JTTS
[18:01:17] [276/459] NTST
[18:01:18] [277/459] PREB
[18:01:19] [278/459] TSCZ
[18:01:20] [279/459] CDCM
[18:01:21] [280/459] ELYE
[18:01:22] [281/459] INBS
[18:01:23] [282/459] SMGC
[18:01:24] [283/459] UTMP
[18:01:25] [284/459] INTA
[18:01:26] [285/459] OMPT
[18:01:27] [286/459] SCIR
[18:01:28] [287/459] GCKJ
[18:01:29] [288/459] INOG
[18:01:29] [289/459] SMGB
[18:01:30] [290/459] MCSG
[18:01:31] [291/459] STKG
[18:01:32] [292/459] TTKG
[18:01:33] [293/459] SRTR
[18:01:33] [294/459] ETTR
[18:01:35] [295/459] GGGZ
[18:01:36] [296/459] IPGM
[18:01:37] [297/459] FCDH
[18:01:38] [298/459] DESB
[18:01:39] [299/459] VNTP
[18:01:39] [300/459] ANNT
[18:01:41] [301/459] SLTI
[18:01:42] [302/459] MAJU
[18:01:43] [303/459] JCXP
[18:01:43] [304/459] HARK
[18:01:44] [305/459] JPCJ
[18:01:45] [306/459] RXBD
[18:01:46] [307/459] PTKJ
[18:01:46] [308/459] CMTU
[18:01:47] [309/459] SWOR
[18:01:48] [310/459] JMEX
[18:01:49] [311/459] DTPT
[18:01:50] [312/459] VGMM
[18:01:51] [313/459] VCSG
[18:01:52] [314/459] CVCG
[18:01:53] [315/459] TNTT
[18:01:54] [316/459] SHRM
[18:01:55] [317/459] CGKD
[18:01:56] [318/459] EKCM
[18:01:57] [319/459] SDCX
[18:01:58] [320/459] SBTE
[18:01:59] [321/459] STKJ
[18:02:00] [322/459] TPCE
[18:02:01] [323/459] JTNP
[18:02:01] [324/459] LPCH
[18:02:02] [325/459] CPUO
[18:02:03] [326/459] APSU
[18:02:04] [327/459] RTHC
[18:02:05] [328/459] PTBU
[18:02:05] [329/459] CUCC
[18:02:06] [330/459] CPSA
[18:02:08] [331/459] SUAY
[18:02:09] [332/459] AYAA
[18:02:10] [333/459] MUCH
[18:02:11] [334/459] PCIN
[18:02:11] [335/459] JRRM
[18:02:13] [336/459] KATS
[18:02:13] [337/459] MHFF
[18:02:14] [338/459] ESYM
[18:02:15] [339/459] STYV
[18:02:16] [340/459] SDKG
[18:02:16] [341/459] SMTI
[18:02:17] [342/459] NYCS
[18:02:18] [343/459] MTBG
[18:02:19] [344/459] RHCA
[18:02:20] [345/459] PCKH
[18:02:20] [346/459] ARCR
[18:02:21] [347/459] NCMB
[18:02:23] [348/459] SHYC
[18:02:25] [349/459] LACK
[18:02:25] [350/459] MTCM
[18:02:26] [351/459] RRBN
[18:02:28] [352/459] MYDC
[18:02:29] [353/459] STCS
[18:02:30] [354/459] CONN
[18:02:30] [355/459] SIPS
[18:02:31] [356/459] SMMX
[18:02:32] [357/459] SCBY
[18:02:33] [358/459] SUAP
[18:02:34] [359/459] RSMK
[18:02:35] [360/459] STKP
[18:02:36] [361/459] CIPC
[18:02:37] [362/459] KKCI
[18:02:38] [363/459] CTNK
[18:02:38] [364/459] MMTZ
[18:02:39] [365/459] DCCO
[18:02:40] [366/459] VNMN
[18:02:41] [367/459] RLCN
[18:02:42] [368/459] CMMS
[18:02:43] [369/459] AYOU
[18:02:43] [370/459] SSCN
[18:02:44] [371/459] SMXN
[18:02:45] [372/459] ASSK
[18:02:46] [373/459] VCKM
[18:02:46] [374/459] PCPH
[18:02:47] [375/459] PADM
[18:02:48] [376/459] IESA
[18:02:49] [377/459] VCSP
[18:02:50] [378/459] AEST
[18:02:51] [379/459] VTNR
[18:02:52] [380/459] GTTA
[18:02:53] [381/459] CMMM
[18:02:54] [382/459] AHKT
[18:02:55] [383/459] SIJI
[18:02:55] [384/459] VCEI
[18:02:56] [385/459] SAKR
[18:02:57] [386/459] VSMT
[18:02:58] [387/459] SSCT
[18:02:59] [388/459] USTR
[18:02:59] [389/459] MTKT
[18:03:01] [390/459] TGMP
[18:03:03] [391/459] SIVC
[18:03:04] [392/459] KICT
[18:03:05] [393/459] DAMD
[18:03:06] [394/459] CNPT
[18:03:06] [395/459] RVTT
[18:03:07] [396/459] SNCM
[18:03:09] [397/459] GHTE
[18:03:10] [398/459] PPAM
[18:03:10] [399/459] PVAA
[18:03:11] [400/459] CPAO
[18:03:12] [401/459] HAMD
[18:03:14] [402/459] RCCA
[18:03:15] [403/459] MPCH
[18:03:16] [404/459] ARED
[18:03:17] [405/459] RRCV
[18:03:18] [406/459] MTRB
[18:03:19] [407/459] CKUA
[18:03:20] [408/459] ABMP
[18:03:20] [409/459] RCWA
[18:03:22] [410/459] CGAR
[18:03:23] [411/459] METH
[18:03:23] [412/459] WAGA
[18:03:24] [413/459] MCMA
[18:03:25] [414/459] CSMP
[18:03:26] [415/459] RCNK
[18:03:27] [416/459] PSTM
[18:03:28] [417/459] CSEP
[18:03:29] [418/459] AMGD
[18:03:30] [419/459] CSTE
[18:03:30] [420/459] CONS
[18:03:31] [421/459] APPX
[18:03:32] [422/459] MABC
[18:03:33] [423/459] CXST
[18:03:34] [424/459] MATN
[18:03:34] [425/459] MACZ
[18:03:35] [426/459] MASA
[18:03:36] [427/459] MBSX
[18:03:37] [428/459] CSST
[18:03:38] [429/459] APCL
[18:03:39] [430/459] CGOS
[18:03:39] [431/459] CPEC
[18:03:40] [432/459] MCCP
[18:03:41] [433/459] BSSO
[18:03:42] [434/459] SJKA
[18:03:43] [435/459] CGBO
[18:03:44] [436/459] MVSK
[18:03:45] [437/459] HVCA
[18:03:46] [438/459] NAMD
[18:03:48] [439/459] DEVI
[18:03:48] [440/459] SCSV
[18:03:49] [441/459] PSMA
[18:03:50] [442/459] CLDJ
[18:03:51] [443/459] NMAD
[18:03:52] [444/459] CGMO
[18:03:53] [445/459] MCNA
[18:03:54] [446/459] OCBN
[18:03:55] [447/459] CPEM
[18:03:56] [448/459] CPSM
[18:03:56] [449/459] RCAD
[18:03:57] [450/459] CPMU
[18:03:58] [451/459] DICD
[18:03:59] [452/459] CHOE
[18:04:00] [453/459] PDJM
[18:04:01] [454/459] SSTU
[18:04:02] [455/459] VNRN
[18:04:02] [456/459] PVLG
[18:04:03] [457/459] SWBL
[18:04:04] [458/459] SCAB
[18:04:06] [459/459] RDDA
[18:04:07] 🧹 Deduping shows
[18:04:07] ✅ DONE | Shows=0 | Movies=0
