[17:56:52] 🚀 SCRIPT STARTED
[17:56:52] [1/296] CDCA
[17:56:53] 🧠 New identity created
[17:56:53] [2/296] MNSR
[17:56:54] [3/296] CSSL
[17:56:56] [4/296] BGGM
[17:56:57] [5/296] MANT
[17:56:58] [6/296] SOOY
[17:56:59] [7/296] VPPK
[17:56:59] [8/296] MYHJ
[17:57:00] [9/296] KSCK
[17:57:01] [10/296] KATK
[17:57:02] [11/296] RTRT
[17:57:03] [12/296] SSTT
[17:57:04] [13/296] SSTV
[17:57:05] [14/296] LACM
[17:57:05] [15/296] SGMG
[17:57:06] [16/296] KACX
[17:57:07] [17/296] GVCP
[17:57:08] [18/296] CSNC
[17:57:09] [19/296] SXCB
[17:57:10] [20/296] BAHS
[17:57:11] [21/296] PCBI
[17:57:12] [22/296] PSSM
[17:57:13] [23/296] RCOK
[17:57:14] [24/296] SCPF
[17:57:14] [25/296] SSAS
[17:57:16] [26/296] EVMM
[17:57:17] [27/296] SYCB
[17:57:18] [28/296] GCKI
[17:57:19] [29/296] IAET
[17:57:20] [30/296] DDTD
[17:57:21] [31/296] GMDH
[17:57:22] [32/296] STLE
[17:57:23] [33/296] JTRA
[17:57:24] [34/296] RPPA
[17:57:24] [35/296] ARUT
[17:57:25] [36/296] JTVM
[17:57:26] [37/296] SWRH
[17:57:27] [38/296] DCPC
[17:57:28] [39/296] RAPR
[17:57:29] [40/296] GCRT
[17:57:29] [41/296] ATUN
[17:57:30] [42/296] LTRM
[17:57:31] [43/296] TASR
[17:57:32] [44/296] RLLC
[17:57:33] [45/296] MABI
[17:57:34] [46/296] SVHB
[17:57:34] [47/296] NVTB
[17:57:35] [48/296] KCKG
[17:57:36] [49/296] SSRN
[17:57:37] [50/296] VDDC
[17:57:38] [51/296] GKTK
[17:57:38] [52/296] YFSN
[17:57:39] [53/296] GCSG
[17:57:40] [54/296] ESSM
[17:57:40] [55/296] KRIH
[17:57:41] [56/296] GCDS
[17:57:42] [57/296] CCSH
[17:57:43] [58/296] ACSK
[17:57:44] [59/296] APRK
[17:57:45] [60/296] ADKM
[17:57:46] [61/296] SRDM
[17:57:46] [62/296] RMOG
[17:57:47] [63/296] SJMY
[17:57:48] [64/296] PGGC
[17:57:49] [65/296] INGM
[17:57:50] [66/296] LSCB
[17:57:51] [67/296] STAD
[17:57:52] [68/296] MCCR
[17:57:53] [69/296] ABCC
[17:57:53] [70/296] RKCC
[17:57:54] [71/296] RTCR
[17:57:55] [72/296] GGBC
[17:57:56] [73/296] GCSD
[17:57:57] [74/296] LPTY
[17:57:58] [75/296] MCFD
[17:57:58] [76/296] HENN
[17:58:00] [77/296] SMKU
[17:58:01] [78/296] TNZC
[17:58:02] [79/296] DRCD
[17:58:03] [80/296] DLCD
[17:58:04] [81/296] RCDA
[17:58:05] [82/296] COSM
[17:58:06] [83/296] MCMJ
[17:58:07] [84/296] CSTR
[17:58:07] [85/296] CVDK
[17:58:09] [86/296] INRR
[17:58:09] [87/296] RJRT
[17:58:10] [88/296] IRMR
[17:58:11] [89/296] SRCF
[17:58:12] [90/296] GRCR
[17:58:13] [91/296] SURC
[17:58:13] [92/296] NMNH
[17:58:14] [93/296] SVBL
[17:58:15] [94/296] KACI
[17:58:16] [95/296] TDGO
[17:58:17] [96/296] KTBR
[17:58:17] [97/296] PMAD
[17:58:18] [98/296] CCPN
[17:58:19] [99/296] SBTK
[17:58:20] [100/296] LMDK
[17:58:20] [101/296] PGDA
[17:58:21] [102/296] SRML
[17:58:22] [103/296] EVCK
[17:58:22] [104/296] RTTK
[17:58:23] [105/296] SRTU
[17:58:24] [106/296] VRSA
[17:58:25] [107/296] VARS
[17:58:26] [108/296] DSCZ
[17:58:26] [109/296] GAGA
[17:58:27] [110/296] SARV
[17:58:29] [111/296] SEEG
[17:58:30] [112/296] GLCA
[17:58:30] [113/296] APAS
[17:58:31] [114/296] VCIA
[17:58:32] [115/296] SJTA
[17:58:33] [116/296] SABM
[17:58:34] [117/296] PPAG
[17:58:35] [118/296] RVCA
[17:58:36] [119/296] CCIA
[17:58:37] [120/296] HTAG
[17:58:37] [121/296] SMBI
[17:58:39] [122/296] MCJR
[17:58:40] [123/296] CCJR
[17:58:41] [124/296] SINF
[17:58:41] [125/296] CPLX
[17:58:42] [126/296] KKTJ
[17:58:43] [127/296] GDBW
[17:58:44] [128/296] CSUB
[17:58:44] [129/296] DABA
[17:58:45] [130/296] TITR
[17:58:46] [131/296] NYCR
[17:58:46] [132/296] RTRY
[17:58:47] [133/296] JTJL
[17:58:48] [134/296] SJCP
[17:58:49] [135/296] KCCA
[17:58:50] [136/296] MLPG
[17:58:51] [137/296] VRCK
[17:58:52] [138/296] SRIN
[17:58:53] [139/296] CXMK
[17:58:53] [140/296] SKAD
[17:58:54] [141/296] AVTR
[17:58:56] [142/296] PTAJ
[17:58:57] [143/296] SCNK
[17:58:57] [144/296] STTI
[17:58:58] [145/296] KACR
[17:58:59] [146/296] SSDX
[17:59:00] [147/296] VRTJ
[17:59:01] [148/296] RAJD
[17:59:02] [149/296] SCIP
[17:59:03] [150/296] RJSL
[17:59:03] [151/296] ARRS
[17:59:04] [152/296] ASMS
[17:59:05] [153/296] RDTS
[17:59:05] [154/296] DVMY
[17:59:06] [155/296] RASA
[17:59:07] [156/296] INOM
[17:59:08] [157/296] SPRS
[17:59:10] [158/296] SGCS
[17:59:10] [159/296] SALM
[17:59:11] [160/296] PKHC
[17:59:12] [161/296] RCSV
[17:59:13] [162/296] CPKC
[17:59:13] [163/296] AACD
[17:59:14] [164/296] GGCV
[17:59:15] [165/296] SMKD
[17:59:16] [166/296] NBCH
[17:59:16] [167/296] AMCB
[17:59:17] [168/296] OPCN
[17:59:18] [169/296] DCIN
[17:59:19] [170/296] INGW
[17:59:20] [171/296] PKKW
[17:59:21] [172/296] FNGW
[17:59:23] [173/296] GCGD
[17:59:24] [174/296] MSTW
[17:59:24] [175/296] KCCG
[17:59:25] [176/296] MRSS
[17:59:26] [177/296] CLCF
[17:59:27] [178/296] EETS
[17:59:28] [179/296] AATR
[17:59:29] [180/296] CMMN
[17:59:29] [181/296] SCCJ
[17:59:30] [182/296] CDTK
[17:59:31] [183/296] AICP
[17:59:32] [184/296] FNBP
[17:59:33] [185/296] CBPB
[17:59:33] [186/296] CPAS
[17:59:34] [187/296] MAPM
[17:59:35] [188/296] PASD
[17:59:36] [189/296] JCMN
[17:59:37] [190/296] MALB
[17:59:38] [191/296] SACG
[17:59:39] [192/296] DDRX
[17:59:40] [193/296] DDXB
[17:59:41] [194/296] RAMC
[17:59:42] [195/296] SANC
[17:59:42] [196/296] BCBP
[17:59:43] [197/296] ALPC
[17:59:44] [198/296] RBAC
[17:59:45] [199/296] RAJL
[17:59:46] [200/296] MPDX
[17:59:47] [201/296] MUSC
[17:59:48] [202/296] VKMK
[17:59:48] [203/296] SKCG
[17:59:49] [204/296] ANCN
[17:59:50] [205/296] MMCJ
[17:59:51] [206/296] DCAK
[17:59:52] [207/296] SCKG
[17:59:53] [208/296] LMCK
[17:59:54] [209/296] CKKX
[17:59:55] [210/296] ANKU
[17:59:56] [211/296] CSMD
[17:59:57] [212/296] MKMP
[17:59:58] [213/296] SVBG
[17:59:59] [214/296] ROOP
[18:00:00] [215/296] GDMT
[18:00:01] [216/296] FPPF
[18:00:02] [217/296] SFUU
[18:00:02] [218/296] ANCB
[18:00:03] [219/296] SMMC
[18:00:04] [220/296] UGKT
[18:00:05] [221/296] JVRM
[18:00:06] [222/296] BATG
[18:00:06] [223/296] RATE
[18:00:07] [224/296] SKME
[18:00:08] [225/296] LMTP
[18:00:09] [226/296] TCBD
[18:00:10] [227/296] ESBD
[18:00:11] [228/296] GDCU
[18:00:11] [229/296] SNKT
[18:00:12] [230/296] SRNK
[18:00:13] [231/296] SMED
[18:00:14] [232/296] CSQS
[18:00:15] [233/296] ALCS
[18:00:15] [234/296] KCKN
[18:00:17] [235/296] VCCL
[18:00:17] [236/296] MCDA
[18:00:18] [237/296] SHMI
[18:00:19] [238/296] SKHA
[18:00:20] [239/296] SVFK
[18:00:21] [240/296] INVB
[18:00:21] [241/296] MELD
[18:00:22] [242/296] JTYS
[18:00:23] [243/296] INCM
[18:00:24] [244/296] MCDV
[18:00:25] [245/296] KSGK
[18:00:26] [246/296] ICMG
[18:00:27] [247/296] CSCV
[18:00:28] [248/296] STMD
[18:00:28] [249/296] STTR
[18:00:29] [250/296] INVC
[18:00:30] [251/296] JTBL
[18:00:31] [252/296] SRVV
[18:00:31] [253/296] MAVC
[18:00:32] [254/296] SRPP
[18:00:34] [255/296] JGDM
[18:00:35] [256/296] MBSJ
[18:00:36] [257/296] SSLL
[18:00:36] [258/296] SLKP
[18:00:37] [259/296] NSRV
[18:00:38] [260/296] UTDV
[18:00:39] [261/296] KICM
[18:00:39] [262/296] KCMD
[18:00:41] [263/296] TTPP
[18:00:42] [264/296] KMPV
[18:00:42] [265/296] SKTV
[18:00:43] [266/296] STCV
[18:00:44] [267/296] SRDA
[18:00:45] [268/296] JTSX
[18:00:45] [269/296] STBV
[18:00:46] [270/296] APVZ
[18:00:48] [271/296] GSTV
[18:00:49] [272/296] NMVS
[18:00:49] [273/296] SKRT
[18:00:50] [274/296] RMDV
[18:00:51] [275/296] RATG
[18:00:51] [276/296] SJYV
[18:00:52] [277/296] NDGP
[18:00:53] [278/296] SNDG
[18:00:54] [279/296] INSR
[18:00:55] [280/296] INSO
[18:00:56] [281/296] CCSI
[18:00:56] [282/296] RASM
[18:00:58] [283/296] NEWC
[18:00:59] [284/296] VSHL
[18:01:00] [285/296] BISW
[18:01:01] [286/296] GCNG
[18:01:02] [287/296] CWSC
[18:01:02] [288/296] SKAN
[18:01:03] [289/296] SEHP
[18:01:04] [290/296] CCOA
[18:01:05] [291/296] MCAJ
[18:01:05] [292/296] ACDE
[18:01:06] [293/296] AACM
[18:01:07] [294/296] JJCK
[18:01:08] [295/296] RCMO
[18:01:09] [296/296] GDAW
[18:01:09] 🧹 Deduping shows
[18:01:09] ✅ DONE | Shows=7 | Movies=2
[18:09:33] 🚀 SCRIPT STARTED
[18:09:33] [1/296] CDCA
[18:09:33] 🧠 New identity created
[18:09:35] [2/296] MNSR
[18:09:36] [3/296] CSSL
[18:09:37] [4/296] BGGM
[18:09:38] [5/296] MANT
[18:09:39] [6/296] SOOY
[18:09:40] [7/296] VPPK
[18:09:41] [8/296] MYHJ
[18:09:42] [9/296] KSCK
[18:09:43] [10/296] KATK
[18:09:43] [11/296] RTRT
[18:09:44] [12/296] SSTT
[18:09:45] [13/296] SSTV
[18:09:46] [14/296] LACM
[18:09:47] [15/296] SGMG
[18:09:48] [16/296] KACX
[18:09:49] [17/296] GVCP
[18:09:49] [18/296] CSNC
[18:09:50] [19/296] SXCB
[18:09:51] [20/296] BAHS
[18:09:52] [21/296] PCBI
[18:09:53] [22/296] PSSM
[18:09:53] [23/296] RCOK
[18:09:54] [24/296] SCPF
[18:09:55] [25/296] SSAS
[18:09:56] [26/296] EVMM
[18:09:57] [27/296] SYCB
[18:09:58] [28/296] GCKI
[18:09:58] [29/296] IAET
[18:09:59] [30/296] DDTD
[18:10:00] [31/296] GMDH
[18:10:01] [32/296] STLE
[18:10:02] [33/296] JTRA
[18:10:03] [34/296] RPPA
[18:10:03] [35/296] ARUT
[18:10:04] [36/296] JTVM
[18:10:05] [37/296] SWRH
[18:10:06] [38/296] DCPC
[18:10:07] [39/296] RAPR
[18:10:07] [40/296] GCRT
[18:10:08] [41/296] ATUN
[18:10:09] [42/296] LTRM
[18:10:10] [43/296] TASR
[18:10:11] [44/296] RLLC
[18:10:12] [45/296] MABI
[18:10:13] [46/296] SVHB
[18:10:14] [47/296] NVTB
[18:10:14] [48/296] KCKG
[18:10:15] [49/296] SSRN
[18:10:16] [50/296] VDDC
[18:10:17] [51/296] GKTK
[18:10:18] [52/296] YFSN
[18:10:19] [53/296] GCSG
[18:10:20] [54/296] ESSM
[18:10:21] [55/296] KRIH
[18:10:22] [56/296] GCDS
[18:10:23] [57/296] CCSH
[18:10:23] [58/296] ACSK
[18:10:24] [59/296] APRK
[18:10:25] [60/296] ADKM
[18:10:26] [61/296] SRDM
[18:10:27] [62/296] RMOG
[18:10:28] [63/296] SJMY
[18:10:29] [64/296] PGGC
[18:10:30] [65/296] INGM
[18:10:30] [66/296] LSCB
[18:10:31] [67/296] STAD
[18:10:32] [68/296] MCCR
[18:10:33] [69/296] ABCC
[18:10:34] [70/296] RKCC
[18:10:35] [71/296] RTCR
[18:10:36] [72/296] GGBC
[18:10:36] [73/296] GCSD
[18:10:37] [74/296] LPTY
[18:10:38] [75/296] MCFD
[18:10:39] [76/296] HENN
[18:10:40] [77/296] SMKU
[18:10:41] [78/296] TNZC
[18:10:41] [79/296] DRCD
[18:10:42] [80/296] DLCD
[18:10:43] [81/296] RCDA
[18:10:44] [82/296] COSM
[18:10:45] [83/296] MCMJ
[18:10:45] [84/296] CSTR
[18:10:46] [85/296] CVDK
[18:10:47] [86/296] INRR
[18:10:48] [87/296] RJRT
[18:10:49] [88/296] IRMR
[18:10:50] [89/296] SRCF
[18:10:50] [90/296] GRCR
[18:10:51] [91/296] SURC
[18:10:52] [92/296] NMNH
[18:10:53] [93/296] SVBL
[18:10:53] [94/296] KACI
[18:10:54] [95/296] TDGO
[18:10:55] [96/296] KTBR
[18:10:56] [97/296] PMAD
[18:10:57] [98/296] CCPN
[18:10:58] [99/296] SBTK
[18:10:58] [100/296] LMDK
[18:10:59] [101/296] PGDA
[18:11:00] [102/296] SRML
[18:11:01] [103/296] EVCK
[18:11:02] [104/296] RTTK
[18:11:02] [105/296] SRTU
[18:11:03] [106/296] VRSA
[18:11:04] [107/296] VARS
[18:11:05] [108/296] DSCZ
[18:11:06] [109/296] GAGA
[18:11:07] [110/296] SARV
[18:11:08] [111/296] SEEG
[18:11:08] [112/296] GLCA
[18:11:09] [113/296] APAS
[18:11:10] [114/296] VCIA
[18:11:11] [115/296] SJTA
[18:11:12] [116/296] SABM
[18:11:13] [117/296] PPAG
[18:11:14] [118/296] RVCA
[18:11:14] [119/296] CCIA
[18:11:15] [120/296] HTAG
[18:11:16] [121/296] SMBI
[18:11:17] [122/296] MCJR
[18:11:18] [123/296] CCJR
[18:11:19] [124/296] SINF
[18:11:20] [125/296] CPLX
[18:11:20] [126/296] KKTJ
[18:11:21] [127/296] GDBW
[18:11:22] [128/296] CSUB
[18:11:23] [129/296] DABA
[18:11:23] [130/296] TITR
[18:11:24] [131/296] NYCR
[18:11:25] [132/296] RTRY
[18:11:26] [133/296] JTJL
[18:11:27] [134/296] SJCP
[18:11:28] [135/296] KCCA
[18:11:29] [136/296] MLPG
[18:11:30] [137/296] VRCK
[18:11:31] [138/296] SRIN
[18:11:31] [139/296] CXMK
[18:11:32] [140/296] SKAD
[18:11:33] [141/296] AVTR
[18:11:34] [142/296] PTAJ
[18:11:34] [143/296] SCNK
[18:11:35] [144/296] STTI
[18:11:36] [145/296] KACR
[18:11:37] [146/296] SSDX
[18:11:38] [147/296] VRTJ
[18:11:39] [148/296] RAJD
[18:11:40] [149/296] SCIP
[18:11:40] [150/296] RJSL
[18:11:41] [151/296] ARRS
[18:11:42] [152/296] ASMS
[18:11:43] [153/296] RDTS
[18:11:43] [154/296] DVMY
[18:11:44] [155/296] RASA
[18:11:45] [156/296] INOM
[18:11:46] [157/296] SPRS
[18:11:47] [158/296] SGCS
[18:11:48] [159/296] SALM
[18:11:48] [160/296] PKHC
[18:11:49] [161/296] RCSV
[18:11:50] [162/296] CPKC
[18:11:51] [163/296] AACD
[18:11:52] [164/296] GGCV
[18:11:53] [165/296] SMKD
[18:11:54] [166/296] NBCH
[18:11:54] [167/296] AMCB
[18:11:55] [168/296] OPCN
[18:11:56] [169/296] DCIN
[18:11:57] [170/296] INGW
[18:11:58] [171/296] PKKW
[18:11:59] [172/296] FNGW
[18:12:00] [173/296] GCGD
[18:12:01] [174/296] MSTW
[18:12:01] [175/296] KCCG
[18:12:02] [176/296] MRSS
[18:12:04] [177/296] CLCF
[18:12:04] [178/296] EETS
[18:12:05] [179/296] AATR
[18:12:06] [180/296] CMMN
[18:12:07] [181/296] SCCJ
[18:12:08] [182/296] CDTK
[18:12:09] [183/296] AICP
[18:12:10] [184/296] FNBP
[18:12:11] [185/296] CBPB
[18:12:12] [186/296] CPAS
[18:12:13] [187/296] MAPM
[18:12:14] [188/296] PASD
[18:12:15] [189/296] JCMN
[18:12:16] [190/296] MALB
[18:12:16] [191/296] SACG
[18:12:18] [192/296] DDRX
[18:12:19] [193/296] DDXB
[18:12:20] [194/296] RAMC
[18:12:20] [195/296] SANC
[18:12:21] [196/296] BCBP
[18:12:22] [197/296] ALPC
[18:12:24] [198/296] RBAC
[18:12:24] [199/296] RAJL
[18:12:25] [200/296] MPDX
[18:12:26] [201/296] MUSC
[18:12:27] [202/296] VKMK
[18:12:28] [203/296] SKCG
[18:12:29] [204/296] ANCN
[18:12:30] [205/296] MMCJ
[18:12:31] [206/296] DCAK
[18:12:31] [207/296] SCKG
[18:12:32] [208/296] LMCK
[18:12:33] [209/296] CKKX
[18:12:34] [210/296] ANKU
[18:12:35] [211/296] CSMD
[18:12:36] [212/296] MKMP
[18:12:37] [213/296] SVBG
[18:12:38] [214/296] ROOP
[18:12:38] [215/296] GDMT
[18:12:39] [216/296] FPPF
[18:12:40] [217/296] SFUU
[18:12:41] [218/296] ANCB
[18:12:42] [219/296] SMMC
[18:12:43] [220/296] UGKT
[18:12:44] [221/296] JVRM
[18:12:45] [222/296] BATG
[18:12:45] [223/296] RATE
[18:12:46] [224/296] SKME
[18:12:47] [225/296] LMTP
[18:12:48] [226/296] TCBD
[18:12:49] [227/296] ESBD
[18:12:50] [228/296] GDCU
[18:12:51] [229/296] SNKT
[18:12:52] [230/296] SRNK
[18:12:53] [231/296] SMED
[18:12:53] [232/296] CSQS
[18:12:54] [233/296] ALCS
[18:12:55] [234/296] KCKN
[18:12:55] [235/296] VCCL
[18:12:56] [236/296] MCDA
[18:12:57] [237/296] SHMI
[18:12:58] [238/296] SKHA
[18:12:59] [239/296] SVFK
[18:13:01] [240/296] INVB
[18:13:02] [241/296] MELD
[18:13:03] [242/296] JTYS
[18:13:03] [243/296] INCM
[18:13:04] [244/296] MCDV
[18:13:05] [245/296] KSGK
[18:13:06] [246/296] ICMG
[18:13:07] [247/296] CSCV
[18:13:08] [248/296] STMD
[18:13:09] [249/296] STTR
[18:13:10] [250/296] INVC
[18:13:10] [251/296] JTBL
[18:13:11] [252/296] SRVV
[18:13:12] [253/296] MAVC
[18:13:14] [254/296] SRPP
[18:13:15] [255/296] JGDM
[18:13:16] [256/296] MBSJ
[18:13:16] [257/296] SSLL
[18:13:17] [258/296] SLKP
[18:13:18] [259/296] NSRV
[18:13:20] [260/296] UTDV
[18:13:21] [261/296] KICM
[18:13:21] [262/296] KCMD
[18:13:22] [263/296] TTPP
[18:13:23] [264/296] KMPV
[18:13:24] [265/296] SKTV
[18:13:25] [266/296] STCV
[18:13:26] [267/296] SRDA
[18:13:27] [268/296] JTSX
[18:13:28] [269/296] STBV
[18:13:29] [270/296] APVZ
[18:13:30] [271/296] GSTV
[18:13:31] [272/296] NMVS
[18:13:32] [273/296] SKRT
[18:13:33] [274/296] RMDV
[18:13:33] [275/296] RATG
[18:13:34] [276/296] SJYV
[18:13:35] [277/296] NDGP
[18:13:36] [278/296] SNDG
[18:13:37] [279/296] INSR
[18:13:37] [280/296] INSO
[18:13:38] [281/296] CCSI
[18:13:39] [282/296] RASM
[18:13:40] [283/296] NEWC
[18:13:40] [284/296] VSHL
[18:13:41] [285/296] BISW
[18:13:42] [286/296] GCNG
[18:13:43] [287/296] CWSC
[18:13:45] [288/296] SKAN
[18:13:45] [289/296] SEHP
[18:13:46] [290/296] CCOA
[18:13:47] [291/296] MCAJ
[18:13:48] [292/296] ACDE
[18:13:49] [293/296] AACM
[18:13:50] [294/296] JJCK
[18:13:51] [295/296] RCMO
[18:13:51] [296/296] GDAW
[18:13:52] 🧹 Deduping shows
[18:13:52] ✅ DONE | Shows=7 | Movies=2
