[17:56:55] 🚀 SCRIPT STARTED
[17:56:55] [1/324] GCTA
[17:56:55] 🧠 New identity created
[17:56:56] [2/324] TOPN
[17:56:57] [3/324] MCUS
[17:56:58] [4/324] SHRL
[17:56:59] [5/324] UPTP
[17:57:00] [6/324] TMMP
[17:57:00] [7/324] DNRP
[17:57:01] [8/324] SRLT
[17:57:02] [9/324] RCNS
[17:57:03] [10/324] DCBH
[17:57:04] [11/324] NAGJ
[17:57:05] [12/324] JVRC
[17:57:07] [13/324] KRJG
[17:57:08] [14/324] SRTJ
[17:57:08] [15/324] CMXM
[17:57:10] [16/324] STMI
[17:57:10] [17/324] SLST
[17:57:11] [18/324] DTCN
[17:57:13] [19/324] STYN
[17:57:14] [20/324] SZVR
[17:57:14] [21/324] SRKO
[17:57:15] [22/324] JTGT
[17:57:16] [23/324] SVFD
[17:57:17] [24/324] SISD
[17:57:18] [25/324] ABDD
[17:57:19] [26/324] DRCA
[17:57:19] [27/324] AVCS
[17:57:20] [28/324] MVKH
[17:57:21] [29/324] ACPR
[17:57:22] [30/324] STIP
[17:57:23] [31/324] MTRA
[17:57:24] [32/324] RMKH
[17:57:25] [33/324] NKRL
[17:57:26] [34/324] PCWN
[17:57:27] [35/324] BLMT
[17:57:28] [36/324] GDPG
[17:57:29] [37/324] SRMX
[17:57:30] [38/324] JACP
[17:57:31] [39/324] CPSH
[17:57:32] [40/324] MCCD
[17:57:33] [41/324] ECGH
[17:57:34] [42/324] MKCK
[17:57:35] [43/324] SRMM
[17:57:35] [44/324] SKYR
[17:57:37] [45/324] PCKC
[17:57:38] [46/324] JCMA
[17:57:39] [47/324] BSMP
[17:57:40] [48/324] VSPA
[17:57:41] [49/324] DJYA
[17:57:42] [50/324] DIMP
[17:57:43] [51/324] FXDR
[17:57:44] [52/324] SSRC
[17:57:44] [53/324] STHP
[17:57:45] [54/324] CPPD
[17:57:47] [55/324] FCLK
[17:57:48] [56/324] SCPP
[17:57:49] [57/324] DCMJ
[17:57:49] [58/324] RCCR
[17:57:50] [59/324] INMT
[17:57:51] [60/324] LXTK
[17:57:52] [61/324] SRYK
[17:57:54] [62/324] SGDK
[17:57:54] [63/324] PPKA
[17:57:55] [64/324] SPKA
[17:57:56] [65/324] CGHH
[17:57:57] [66/324] DCJN
[17:57:58] [67/324] SRKV
[17:57:59] [68/324] SAJC
[17:58:00] [69/324] SUSR
[17:58:02] [70/324] STYG
[17:58:03] [71/324] NTKP
[17:58:04] [72/324] AKTG
[17:58:05] [73/324] CGCM
[17:58:06] [74/324] TULC
[17:58:07] [75/324] NYYZ
[17:58:08] [76/324] NYBW
[17:58:09] [77/324] MACB
[17:58:09] [78/324] SLVT
[17:58:10] [79/324] SANA
[17:58:11] [80/324] ACMR
[17:58:12] [81/324] CPKN
[17:58:13] [82/324] DLGK
[17:58:15] [83/324] CWCK
[17:58:15] [84/324] FDDH
[17:58:16] [85/324] MMMD
[17:58:17] [86/324] CMEH
[17:58:18] [87/324] GGGV
[17:58:18] [88/324] SPJL
[17:58:19] [89/324] RCCD
[17:58:20] [90/324] STTZ
[17:58:21] [91/324] BTCF
[17:58:22] [92/324] TSTZ
[17:58:22] [93/324] IPMM
[17:58:23] [94/324] PMPW
[17:58:24] [95/324] PCMZ
[17:58:25] [96/324] ESEM
[17:58:26] [97/324] PIPO
[17:58:27] [98/324] MATK
[17:58:27] [99/324] PGHM
[17:58:28] [100/324] CTSR
[17:58:29] [101/324] CYKR
[17:58:30] [102/324] MSCM
[17:58:31] [103/324] RFNP
[17:58:32] [104/324] PDCP
[17:58:33] [105/324] NPSE
[17:58:34] [106/324] MKML
[17:58:35] [107/324] FTDP
[17:58:35] [108/324] MMXA
[17:58:36] [109/324] CEPO
[17:58:37] [110/324] CMVP
[17:58:38] [111/324] SGTH
[17:58:39] [112/324] SAYN
[17:58:40] [113/324] URVS
[17:58:40] [114/324] VJTN
[17:58:41] [115/324] BBYK
[17:58:42] [116/324] SHBO
[17:58:42] [117/324] VCMR
[17:58:44] [118/324] MACT
[17:58:45] [119/324] JMNP
[17:58:46] [120/324] VICS
[17:58:47] [121/324] VCDA
[17:58:47] [122/324] GCMM
[17:58:48] [123/324] INVS
[17:58:49] [124/324] SCGM
[17:58:50] [125/324] PCDA
[17:58:51] [126/324] KDCT
[17:58:51] [127/324] JACS
[17:58:52] [128/324] GMMC
[17:58:53] [129/324] AICM
[17:58:54] [130/324] TJCM
[17:58:54] [131/324] RMTI
[17:58:55] [132/324] SHAC
[17:58:56] [133/324] APJC
[17:58:57] [134/324] GCTG
[17:58:58] [135/324] SSMC
[17:58:59] [136/324] THRM
[17:58:59] [137/324] RBCT
[17:59:01] [138/324] DIKT
[17:59:02] [139/324] MIDL
[17:59:02] [140/324] VCSN
[17:59:04] [141/324] SKTG
[17:59:04] [142/324] SMWC
[17:59:05] [143/324] MNKH
[17:59:06] [144/324] PIAT
[17:59:07] [145/324] LTTP
[17:59:08] [146/324] PTPU
[17:59:08] [147/324] ACMG
[17:59:10] [148/324] SHMM
[17:59:11] [149/324] MCMN
[17:59:12] [150/324] GLDC
[17:59:13] [151/324] HOUT
[17:59:14] [152/324] SVRP
[17:59:14] [153/324] PVDN
[17:59:15] [154/324] SCPY
[17:59:16] [155/324] DTPY
[17:59:17] [156/324] GKCS
[17:59:18] [157/324] NCAM
[17:59:19] [158/324] BSRM
[17:59:20] [159/324] RCLC
[17:59:20] [160/324] SKKD
[17:59:21] [161/324] ACHU
[17:59:22] [162/324] RSCF
[17:59:23] [163/324] IMSH
[17:59:24] [164/324] MACX
[17:59:25] [165/324] HMMW
[17:59:26] [166/324] JTCP
[17:59:27] [167/324] SREN
[17:59:28] [168/324] PJRR
[17:59:28] [169/324] INAC
[17:59:29] [170/324] BMCA
[17:59:30] [171/324] SHCB
[17:59:31] [172/324] GABA
[17:59:32] [173/324] SBCT
[17:59:32] [174/324] GCMA
[17:59:33] [175/324] MYTK
[17:59:34] [176/324] INZS
[17:59:35] [177/324] RMIK
[17:59:35] [178/324] NYCH
[17:59:36] [179/324] RAVE
[17:59:37] [180/324] PSXM
[17:59:38] [181/324] MCGP
[17:59:38] [182/324] PDDK
[17:59:39] [183/324] SPCK
[17:59:40] [184/324] MCRL
[17:59:41] [185/324] MHKT
[17:59:42] [186/324] ANRR
[17:59:43] [187/324] SAPK
[17:59:44] [188/324] NCUK
[17:59:45] [189/324] JUGA
[17:59:46] [190/324] DBSC
[17:59:47] [191/324] LALK
[17:59:48] [192/324] GUCK
[17:59:49] [193/324] STSG
[17:59:50] [194/324] PPPZ
[17:59:51] [195/324] CNCY
[17:59:51] [196/324] MTAR
[17:59:52] [197/324] VNKD
[17:59:53] [198/324] KMAJ
[17:59:53] [199/324] ACXK
[17:59:55] [200/324] UTKC
[17:59:57] [201/324] PBLK
[17:59:57] [202/324] ACBX
[17:59:58] [203/324] PTGM
[17:59:59] [204/324] BTDA
[18:00:00] [205/324] PJMB
[18:00:01] [206/324] TPDA
[18:00:02] [207/324] AMOE
[18:00:03] [208/324] PRHT
[18:00:04] [209/324] PRTA
[18:00:06] [210/324] STAM
[18:00:07] [211/324] MSAA
[18:00:08] [212/324] SDLU
[18:00:09] [213/324] RCHH
[18:00:09] [214/324] KANT
[18:00:10] [215/324] FCRT
[18:00:11] [216/324] DNKM
[18:00:12] [217/324] RYCP
[18:00:13] [218/324] MYRP
[18:00:14] [219/324] PPAK
[18:00:14] [220/324] NVPK
[18:00:16] [221/324] PRMC
[18:00:17] [222/324] JBCS
[18:00:18] [223/324] GXCK
[18:00:19] [224/324] USKO
[18:00:20] [225/324] GTEM
[18:00:20] [226/324] SMBU
[18:00:21] [227/324] VETC
[18:00:22] [228/324] LCDA
[18:00:23] [229/324] MTVT
[18:00:24] [230/324] PYCP
[18:00:25] [231/324] PNSC
[18:00:26] [232/324] PPCC
[18:00:27] [233/324] TGRT
[18:00:28] [234/324] JYOT
[18:00:28] [235/324] SRCZ
[18:00:29] [236/324] SJTE
[18:00:30] [237/324] DESC
[18:00:31] [238/324] JHVN
[18:00:32] [239/324] IPSG
[18:00:33] [240/324] IPCM
[18:00:35] [241/324] PDRS
[18:00:36] [242/324] ANCV
[18:00:36] [243/324] CMVV
[18:00:37] [244/324] SHYP
[18:00:38] [245/324] DNCS
[18:00:39] [246/324] GAJK
[18:00:40] [247/324] AKTN
[18:00:40] [248/324] KAYA
[18:00:41] [249/324] SBRC
[18:00:42] [250/324] CHTP
[18:00:43] [251/324] SHRT
[18:00:44] [252/324] BCKU
[18:00:45] [253/324] FCPS
[18:00:46] [254/324] ARDD
[18:00:46] [255/324] CPCM
[18:00:47] [256/324] CGSM
[18:00:48] [257/324] PSMP
[18:00:49] [258/324] SDAL
[18:00:50] [259/324] RTNB
[18:00:50] [260/324] LMCR
[18:00:51] [261/324] CIMA
[18:00:52] [262/324] RNAS
[18:00:53] [263/324] LITH
[18:00:54] [264/324] PBOX
[18:00:54] [265/324] FRTS
[18:00:55] [266/324] RKIC
[18:00:56] [267/324] PTAI
[18:00:57] [268/324] GCIC
[18:00:58] [269/324] FNAS
[18:00:58] [270/324] SCAR
[18:00:59] [271/324] MTCA
[18:01:00] [272/324] SCTS
[18:01:01] [273/324] SYCS
[18:01:01] [274/324] RDMS
[18:01:02] [275/324] KAMP
[18:01:03] [276/324] ERSD
[18:01:04] [277/324] MJMJ
[18:01:05] [278/324] SRCJ
[18:01:06] [279/324] SCXE
[18:01:07] [280/324] SVFR
[18:01:07] [281/324] BHCS
[18:01:09] [282/324] IMCC
[18:01:10] [283/324] PCBO
[18:01:11] [284/324] PRVN
[18:01:12] [285/324] AUPM
[18:01:12] [286/324] INBW
[18:01:13] [287/324] SVCW
[18:01:14] [288/324] RKCF
[18:01:15] [289/324] UVBH
[18:01:16] [290/324] DNCY
[18:01:16] [291/324] ABCN
[18:01:17] [292/324] PRUR
[18:01:18] [293/324] PFMR
[18:01:19] [294/324] RKCN
[18:01:21] [295/324] CFEA
[18:01:22] [296/324] SDBG
[18:01:22] [297/324] SNAR
[18:01:23] [298/324] YISI
[18:01:24] [299/324] JCFF
[18:01:25] [300/324] VTRK
[18:01:26] [301/324] PCLZ
[18:01:27] [302/324] DIMY
[18:01:28] [303/324] BBTS
[18:01:28] [304/324] GATH
[18:01:29] [305/324] GTMN
[18:01:30] [306/324] VTMH
[18:01:31] [307/324] CCKP
[18:01:32] [308/324] GPKA
[18:01:33] [309/324] MHCL
[18:01:34] [310/324] ATCL
[18:01:35] [311/324] SBCK
[18:01:36] [312/324] AMMR
[18:01:36] [313/324] MADC
[18:01:38] [314/324] TMMA
[18:01:39] [315/324] CACC
[18:01:40] [316/324] CHAL
[18:01:41] [317/324] DURG
[18:01:41] [318/324] GMKU
[18:01:42] [319/324] GECA
[18:01:43] [320/324] KYRR
[18:01:44] [321/324] KSDE
[18:01:45] [322/324] LMCI
[18:01:46] [323/324] NKCP
[18:01:47] [324/324] BGTC
[18:01:48] 🧹 Deduping shows
[18:01:48] ✅ DONE | Shows=26 | Movies=4
[18:09:32] 🚀 SCRIPT STARTED
[18:09:32] [1/324] GCTA
[18:09:32] 🧠 New identity created
[18:09:33] [2/324] TOPN
[18:09:34] [3/324] MCUS
[18:09:35] [4/324] SHRL
[18:09:36] [5/324] UPTP
[18:09:37] [6/324] TMMP
[18:09:38] [7/324] DNRP
[18:09:39] [8/324] SRLT
[18:09:40] [9/324] RCNS
[18:09:41] [10/324] DCBH
[18:09:42] [11/324] NAGJ
[18:09:43] [12/324] JVRC
[18:09:44] [13/324] KRJG
[18:09:45] [14/324] SRTJ
[18:09:46] [15/324] CMXM
[18:09:47] [16/324] STMI
[18:09:48] [17/324] SLST
[18:09:49] [18/324] DTCN
[18:09:50] [19/324] STYN
[18:09:51] [20/324] SZVR
[18:09:51] [21/324] SRKO
[18:09:52] [22/324] JTGT
[18:09:53] [23/324] SVFD
[18:09:54] [24/324] SISD
[18:09:55] [25/324] ABDD
[18:09:56] [26/324] DRCA
[18:09:56] [27/324] AVCS
[18:09:57] [28/324] MVKH
[18:09:58] [29/324] ACPR
[18:09:59] [30/324] STIP
[18:10:00] [31/324] MTRA
[18:10:01] [32/324] RMKH
[18:10:02] [33/324] NKRL
[18:10:02] [34/324] PCWN
[18:10:03] [35/324] BLMT
[18:10:05] [36/324] GDPG
[18:10:06] [37/324] SRMX
[18:10:07] [38/324] JACP
[18:10:08] [39/324] CPSH
[18:10:08] [40/324] MCCD
[18:10:09] [41/324] ECGH
[18:10:10] [42/324] MKCK
[18:10:11] [43/324] SRMM
[18:10:12] [44/324] SKYR
[18:10:13] [45/324] PCKC
[18:10:15] [46/324] JCMA
[18:10:16] [47/324] BSMP
[18:10:17] [48/324] VSPA
[18:10:18] [49/324] DJYA
[18:10:19] [50/324] DIMP
[18:10:21] [51/324] FXDR
[18:10:22] [52/324] SSRC
[18:10:23] [53/324] STHP
[18:10:23] [54/324] CPPD
[18:10:24] [55/324] FCLK
[18:10:26] [56/324] SCPP
[18:10:27] [57/324] DCMJ
[18:10:27] [58/324] RCCR
[18:10:28] [59/324] INMT
[18:10:29] [60/324] LXTK
[18:10:30] [61/324] SRYK
[18:10:31] [62/324] SGDK
[18:10:32] [63/324] PPKA
[18:10:33] [64/324] SPKA
[18:10:33] [65/324] CGHH
[18:10:34] [66/324] DCJN
[18:10:35] [67/324] SRKV
[18:10:37] [68/324] SAJC
[18:10:37] [69/324] SUSR
[18:10:39] [70/324] STYG
[18:10:40] [71/324] NTKP
[18:10:40] [72/324] AKTG
[18:10:41] [73/324] CGCM
[18:10:42] [74/324] TULC
[18:10:43] [75/324] NYYZ
[18:10:43] [76/324] NYBW
[18:10:44] [77/324] MACB
[18:10:45] [78/324] SLVT
[18:10:46] [79/324] SANA
[18:10:47] [80/324] ACMR
[18:10:48] [81/324] CPKN
[18:10:49] [82/324] DLGK
[18:10:50] [83/324] CWCK
[18:10:51] [84/324] FDDH
[18:10:51] [85/324] MMMD
[18:10:52] [86/324] CMEH
[18:10:53] [87/324] GGGV
[18:10:54] [88/324] SPJL
[18:10:55] [89/324] RCCD
[18:10:55] [90/324] STTZ
[18:10:56] [91/324] BTCF
[18:10:57] [92/324] TSTZ
[18:10:58] [93/324] IPMM
[18:10:59] [94/324] PMPW
[18:11:01] [95/324] PCMZ
[18:11:03] [96/324] ESEM
[18:11:04] [97/324] PIPO
[18:11:04] [98/324] MATK
[18:11:05] [99/324] PGHM
[18:11:07] [100/324] CTSR
[18:11:07] [101/324] CYKR
[18:11:09] [102/324] MSCM
[18:11:10] [103/324] RFNP
[18:11:11] [104/324] PDCP
[18:11:12] [105/324] NPSE
[18:11:12] [106/324] MKML
[18:11:13] [107/324] FTDP
[18:11:15] [108/324] MMXA
[18:11:16] [109/324] CEPO
[18:11:16] [110/324] CMVP
[18:11:17] [111/324] SGTH
[18:11:18] [112/324] SAYN
[18:11:20] [113/324] URVS
[18:11:22] [114/324] VJTN
[18:11:22] [115/324] BBYK
[18:11:24] [116/324] SHBO
[18:11:25] [117/324] VCMR
[18:11:27] [118/324] MACT
[18:11:28] [119/324] JMNP
[18:11:29] [120/324] VICS
[18:11:29] [121/324] VCDA
[18:11:30] [122/324] GCMM
[18:11:31] [123/324] INVS
[18:11:32] [124/324] SCGM
[18:11:33] [125/324] PCDA
[18:11:33] [126/324] KDCT
[18:11:34] [127/324] JACS
[18:11:35] [128/324] GMMC
[18:11:36] [129/324] AICM
[18:11:37] [130/324] TJCM
[18:11:38] [131/324] RMTI
[18:11:39] [132/324] SHAC
[18:11:40] [133/324] APJC
[18:11:40] [134/324] GCTG
[18:11:41] [135/324] SSMC
[18:11:42] [136/324] THRM
[18:11:43] [137/324] RBCT
[18:11:44] [138/324] DIKT
[18:11:45] [139/324] MIDL
[18:11:45] [140/324] VCSN
[18:11:46] [141/324] SKTG
[18:11:47] [142/324] SMWC
[18:11:47] [143/324] MNKH
[18:11:48] [144/324] PIAT
[18:11:49] [145/324] LTTP
[18:11:50] [146/324] PTPU
[18:11:51] [147/324] ACMG
[18:11:52] [148/324] SHMM
[18:11:53] [149/324] MCMN
[18:11:54] [150/324] GLDC
[18:11:55] [151/324] HOUT
[18:11:56] [152/324] SVRP
[18:11:56] [153/324] PVDN
[18:11:57] [154/324] SCPY
[18:11:58] [155/324] DTPY
[18:11:59] [156/324] GKCS
[18:12:01] [157/324] NCAM
[18:12:01] [158/324] BSRM
[18:12:03] [159/324] RCLC
[18:12:04] [160/324] SKKD
[18:12:05] [161/324] ACHU
[18:12:06] [162/324] RSCF
[18:12:07] [163/324] IMSH
[18:12:08] [164/324] MACX
[18:12:09] [165/324] HMMW
[18:12:09] [166/324] JTCP
[18:12:10] [167/324] SREN
[18:12:11] [168/324] PJRR
[18:12:12] [169/324] INAC
[18:12:13] [170/324] BMCA
[18:12:14] [171/324] SHCB
[18:12:15] [172/324] GABA
[18:12:16] [173/324] SBCT
[18:12:17] [174/324] GCMA
[18:12:18] [175/324] MYTK
[18:12:18] [176/324] INZS
[18:12:19] [177/324] RMIK
[18:12:21] [178/324] NYCH
[18:12:22] [179/324] RAVE
[18:12:22] [180/324] PSXM
[18:12:24] [181/324] MCGP
[18:12:24] [182/324] PDDK
[18:12:25] [183/324] SPCK
[18:12:26] [184/324] MCRL
[18:12:27] [185/324] MHKT
[18:12:28] [186/324] ANRR
[18:12:29] [187/324] SAPK
[18:12:29] [188/324] NCUK
[18:12:30] [189/324] JUGA
[18:12:31] [190/324] DBSC
[18:12:32] [191/324] LALK
[18:12:33] [192/324] GUCK
[18:12:33] [193/324] STSG
[18:12:34] [194/324] PPPZ
[18:12:35] [195/324] CNCY
[18:12:36] [196/324] MTAR
[18:12:37] [197/324] VNKD
[18:12:37] [198/324] KMAJ
[18:12:39] [199/324] ACXK
[18:12:41] [200/324] UTKC
[18:12:41] [201/324] PBLK
[18:12:42] [202/324] ACBX
[18:12:43] [203/324] PTGM
[18:12:44] [204/324] BTDA
[18:12:45] [205/324] PJMB
[18:12:46] [206/324] TPDA
[18:12:47] [207/324] AMOE
[18:12:48] [208/324] PRHT
[18:12:48] [209/324] PRTA
[18:12:49] [210/324] STAM
[18:12:50] [211/324] MSAA
[18:12:51] [212/324] SDLU
[18:12:53] [213/324] RCHH
[18:12:53] [214/324] KANT
[18:12:54] [215/324] FCRT
[18:12:55] [216/324] DNKM
[18:12:56] [217/324] RYCP
[18:12:57] [218/324] MYRP
[18:12:58] [219/324] PPAK
[18:12:58] [220/324] NVPK
[18:13:00] [221/324] PRMC
[18:13:02] [222/324] JBCS
[18:13:02] [223/324] GXCK
[18:13:03] [224/324] USKO
[18:13:04] [225/324] GTEM
[18:13:05] [226/324] SMBU
[18:13:06] [227/324] VETC
[18:13:06] [228/324] LCDA
[18:13:07] [229/324] MTVT
[18:13:08] [230/324] PYCP
[18:13:09] [231/324] PNSC
[18:13:10] [232/324] PPCC
[18:13:12] [233/324] TGRT
[18:13:12] [234/324] JYOT
[18:13:13] [235/324] SRCZ
[18:13:14] [236/324] SJTE
[18:13:15] [237/324] DESC
[18:13:16] [238/324] JHVN
[18:13:17] [239/324] IPSG
[18:13:18] [240/324] IPCM
[18:13:19] [241/324] PDRS
[18:13:20] [242/324] ANCV
[18:13:21] [243/324] CMVV
[18:13:21] [244/324] SHYP
[18:13:22] [245/324] DNCS
[18:13:23] [246/324] GAJK
[18:13:24] [247/324] AKTN
[18:13:25] [248/324] KAYA
[18:13:26] [249/324] SBRC
[18:13:26] [250/324] CHTP
[18:13:27] [251/324] SHRT
[18:13:29] [252/324] BCKU
[18:13:30] [253/324] FCPS
[18:13:32] [254/324] ARDD
[18:13:32] [255/324] CPCM
[18:13:34] [256/324] CGSM
[18:13:34] [257/324] PSMP
[18:13:36] [258/324] SDAL
[18:13:37] [259/324] RTNB
[18:13:38] [260/324] LMCR
[18:13:38] [261/324] CIMA
[18:13:40] [262/324] RNAS
[18:13:41] [263/324] LITH
[18:13:42] [264/324] PBOX
[18:13:43] [265/324] FRTS
[18:13:44] [266/324] RKIC
[18:13:44] [267/324] PTAI
[18:13:45] [268/324] GCIC
[18:13:46] [269/324] FNAS
[18:13:48] [270/324] SCAR
[18:13:49] [271/324] MTCA
[18:13:50] [272/324] SCTS
[18:13:52] [273/324] SYCS
[18:13:53] [274/324] RDMS
[18:13:53] [275/324] KAMP
[18:13:54] [276/324] ERSD
[18:13:55] [277/324] MJMJ
[18:13:56] [278/324] SRCJ
[18:13:57] [279/324] SCXE
[18:13:58] [280/324] SVFR
[18:13:59] [281/324] BHCS
[18:13:59] [282/324] IMCC
[18:14:00] [283/324] PCBO
[18:14:01] [284/324] PRVN
[18:14:02] [285/324] AUPM
[18:14:03] [286/324] INBW
[18:14:04] [287/324] SVCW
[18:14:04] [288/324] RKCF
[18:14:05] [289/324] UVBH
[18:14:07] [290/324] DNCY
[18:14:08] [291/324] ABCN
[18:14:09] [292/324] PRUR
[18:14:10] [293/324] PFMR
[18:14:10] [294/324] RKCN
[18:14:11] [295/324] CFEA
[18:14:12] [296/324] SDBG
[18:14:13] [297/324] SNAR
[18:14:14] [298/324] YISI
[18:14:15] [299/324] JCFF
[18:14:15] [300/324] VTRK
[18:14:17] [301/324] PCLZ
[18:14:18] [302/324] DIMY
[18:14:19] [303/324] BBTS
[18:14:20] [304/324] GATH
[18:14:21] [305/324] GTMN
[18:14:23] [306/324] VTMH
[18:14:24] [307/324] CCKP
[18:14:25] [308/324] GPKA
[18:14:25] [309/324] MHCL
[18:14:27] [310/324] ATCL
[18:14:27] [311/324] SBCK
[18:14:28] [312/324] AMMR
[18:14:29] [313/324] MADC
[18:14:29] [314/324] TMMA
[18:14:30] [315/324] CACC
[18:14:31] [316/324] CHAL
[18:14:32] [317/324] DURG
[18:14:33] [318/324] GMKU
[18:14:34] [319/324] GECA
[18:14:35] [320/324] KYRR
[18:14:35] [321/324] KSDE
[18:14:36] [322/324] LMCI
[18:14:37] [323/324] NKCP
[18:14:38] [324/324] BGTC
[18:14:39] 🧹 Deduping shows
[18:14:39] ✅ DONE | Shows=26 | Movies=4
