[00:00:20] 🚀 BMS DAILY TRACKER STARTED
[00:00:20] [1/445] TGMR
[00:00:20] 🧠 New identity
[00:00:21] [2/445] CXKR
[00:00:22] [3/445] SROP
[00:00:22] [4/445] GTSV
[00:00:23] [5/445] SNTY
[00:00:25] [6/445] SMYY
[00:00:26] [7/445] CNCS
[00:00:27] [8/445] CSTM
[00:00:28] [9/445] NUCD
[00:00:30] [10/445] SHCZ
[00:00:31] [11/445] NJCT
[00:00:32] [12/445] COPC
[00:00:33] [13/445] STVV
[00:00:34] [14/445] SKRN
[00:00:35] [15/445] APPZ
[00:00:36] [16/445] YMGN
[00:00:36] [17/445] SVTU
[00:00:37] [18/445] GTAD
[00:00:38] [19/445] PSUS
[00:00:39] [20/445] SMCD
[00:00:40] [21/445] CMCM
[00:00:41] [22/445] SYCT
[00:00:41] [23/445] STLY
[00:00:42] [24/445] CMHU
[00:00:43] [25/445] CMSA
[00:00:44] [26/445] CLCU
[00:00:45] [27/445] PPNT
[00:00:46] [28/445] JTAB
[00:00:47] [29/445] BUUC
[00:00:49] [30/445] BSVK
[00:00:50] [31/445] VVVQ
[00:00:51] [32/445] TKMU
[00:00:52] [33/445] ESYL
[00:00:53] [34/445] ACHP
[00:00:54] [35/445] BTKD
[00:00:54] [36/445] DESA
[00:00:55] [37/445] GBCT
[00:00:56] [38/445] BLLD
[00:00:57] [39/445] SKNT
[00:00:58] [40/445] SSTE
[00:00:58] [41/445] VJMR
[00:00:59] [42/445] NTPU
[00:01:01] [43/445] RDKN
[00:01:02] [44/445] ADGC
[00:01:03] [45/445] VRBP
[00:01:04] [46/445] NMNA
[00:01:05] [47/445] CMMX
[00:01:06] [48/445] PTKO
[00:01:06] [49/445] RBML
[00:01:07] [50/445] SAIC
[00:01:08] [51/445] SVTJ
[00:01:09] [52/445] MRTE
[00:01:10] [53/445] RBTP
[00:01:10] [54/445] NLPS
[00:01:11] [55/445] GTNA
[00:01:12] [56/445] DGGC
[00:01:13] [57/445] SMCR
[00:01:13] [58/445] SCGD
[00:01:14] [59/445] SRRJ
[00:01:15] [60/445] CNRY
[00:01:16] [61/445] KTDI
[00:01:17] [62/445] SNJL
[00:01:18] [63/445] RKMD
[00:01:19] [64/445] SMDC
[00:01:20] [65/445] TADG
[00:01:21] [66/445] MCGS
[00:01:22] [67/445] PETK
[00:01:22] [68/445] CHAG
[00:01:23] [69/445] KSTL
[00:01:24] [70/445] AADS
[00:01:25] [71/445] NTHZ
[00:01:26] [72/445] HCKI
[00:01:27] [73/445] SSEF
[00:01:28] [74/445] MCGX
[00:01:29] [75/445] ERRA
[00:01:30] [76/445] SDTW
[00:01:31] [77/445] RMPK
[00:01:31] [78/445] PTHK
[00:01:32] [79/445] PXCS
[00:01:33] [80/445] SVLU
[00:01:34] [81/445] STAH
[00:01:34] [82/445] JRGF
[00:01:36] [83/445] CDOK
[00:01:37] [84/445] CMSG
[00:01:38] [85/445] APTD
[00:01:39] [86/445] KMPG
[00:01:39] [87/445] MUTJ
[00:01:41] [88/445] VCCI
[00:01:42] [89/445] URBE
[00:01:43] [90/445] TCTS
[00:01:43] [91/445] STSN
[00:01:44] [92/445] AKCH
[00:01:45] [93/445] APSC
[00:01:46] [94/445] VLTB
[00:01:47] [95/445] SANU
[00:01:48] [96/445] AXAM
[00:01:49] [97/445] MGMG
[00:01:50] [98/445] HTBY
[00:01:51] [99/445] MMZS
[00:01:52] [100/445] SUDR
[00:01:53] [101/445] CCAD
[00:01:53] [102/445] SKKC
[00:01:54] [103/445] RMCD
[00:01:55] [104/445] SBCQ
[00:01:56] [105/445] DCCT
[00:01:57] [106/445] VTKP
[00:01:57] [107/445] MLAM
[00:01:58] [108/445] SAVT
[00:01:59] [109/445] GEPL
[00:02:00] [110/445] AMCD
[00:02:01] [111/445] CCXR
[00:02:02] [112/445] GRNG
[00:02:03] [113/445] EBCA
[00:02:04] [114/445] CNVG
[00:02:05] [115/445] MWSS
[00:02:06] [116/445] VBOR
[00:02:07] [117/445] NEEB
[00:02:08] [118/445] SUTH
[00:02:09] [119/445] ANDB
[00:02:10] [120/445] MMXS
[00:02:11] [121/445] CNPD
[00:02:12] [122/445] SDCE
[00:02:13] [123/445] DHCB
[00:02:14] [124/445] ODEN
[00:02:14] [125/445] TNTC
[00:02:15] [126/445] VBKM
[00:02:16] [127/445] RZYM
[00:02:17] [128/445] JEMC
[00:02:18] [129/445] CMAU
[00:02:19] [130/445] SIVP
[00:02:19] [131/445] ATAG
[00:02:20] [132/445] CHTM
[00:02:21] [133/445] AAEE
[00:02:22] [134/445] IWPM
[00:02:23] [135/445] KCMW
[00:02:24] [136/445] MCTD
[00:02:24] [137/445] SPWR
[00:02:25] [138/445] SDPO
[00:02:26] [139/445] PCSK
[00:02:28] [140/445] ACHV
[00:02:29] [141/445] SVLA
[00:02:30] [142/445] PICT
[00:02:31] [143/445] BXDR
[00:02:32] [144/445] SPWA
[00:02:33] [145/445] MCKO
[00:02:34] [146/445] RTHK
[00:02:34] [147/445] CCMF
[00:02:35] [148/445] MRGB
[00:02:36] [149/445] CPLC
[00:02:37] [150/445] RACD
[00:02:38] [151/445] ATKT
[00:02:39] [152/445] SARN
[00:02:39] [153/445] KKUI
[00:02:40] [154/445] RGCM
[00:02:41] [155/445] BRVP
[00:02:42] [156/445] HRSR
[00:02:43] [157/445] GKGM
[00:02:44] [158/445] TTCD
[00:02:44] [159/445] PTTI
[00:02:45] [160/445] MPTT
[00:02:46] [161/445] CVTT
[00:02:47] [162/445] PCXD
[00:02:48] [163/445] GCDC
[00:02:49] [164/445] CCCF
[00:02:50] [165/445] MRAD
[00:02:51] [166/445] CPLK
[00:02:51] [167/445] SATB
[00:02:52] [168/445] SNVG
[00:02:53] [169/445] JMBA
[00:02:54] [170/445] TEJA
[00:02:55] [171/445] STYO
[00:02:56] [172/445] JTBP
[00:02:56] [173/445] KRGD
[00:02:57] [174/445] SLJJ
[00:02:58] [175/445] SPTJ
[00:02:59] [176/445] SWJG
[00:03:00] [177/445] LKRT
[00:03:00] [178/445] KCKA
[00:03:01] [179/445] SNCR
[00:03:02] [180/445] SMKL
[00:03:04] [181/445] GCFA
[00:03:05] [182/445] DDCK
[00:03:05] [183/445] NCHJ
[00:03:06] [184/445] RDMA
[00:03:07] [185/445] SVSV
[00:03:08] [186/445] SCJG
[00:03:08] [187/445] VKLP
[00:03:09] [188/445] NWCC
[00:03:10] [189/445] VKNS
[00:03:11] [190/445] SDDP
[00:03:11] [191/445] ACSI
[00:03:12] [192/445] SATG
[00:03:13] [193/445] SCMW
[00:03:14] [194/445] LKTK
[00:03:15] [195/445] VCKV
[00:03:16] [196/445] KKPE
[00:03:17] [197/445] KIGH
[00:03:17] [198/445] SRPM
[00:03:18] [199/445] SCAH
[00:03:19] [200/445] MUTA
[00:03:20] [201/445] SEPU
[00:03:20] [202/445] INOA
[00:03:21] [203/445] BASK
[00:03:22] [204/445] NECB
[00:03:23] [205/445] GTTG
[00:03:24] [206/445] ASSA
[00:03:25] [207/445] ANCL
[00:03:26] [208/445] GCTI
[00:03:26] [209/445] RCTS
[00:03:27] [210/445] ACNL
[00:03:28] [211/445] MYCT
[00:03:29] [212/445] NMHT
[00:03:30] [213/445] MDIT
[00:03:31] [214/445] LATG
[00:03:32] [215/445] SMTY
[00:03:32] [216/445] CVCT
[00:03:33] [217/445] RAMB
[00:03:34] [218/445] TGMS
[00:03:35] [219/445] BHEL
[00:03:35] [220/445] SHCT
[00:03:36] [221/445] SVCT
[00:03:37] [222/445] MRIY
[00:03:38] [223/445] SARO
[00:03:39] [224/445] STCT
[00:03:40] [225/445] JKKC
[00:03:40] [226/445] PLTT
[00:03:41] [227/445] SRNT
[00:03:42] [228/445] YAST
[00:03:44] [229/445] PERL
[00:03:45] [230/445] CICM
[00:03:46] [231/445] MMTR
[00:03:48] [232/445] ABTK
[00:03:48] [233/445] ATYY
[00:03:49] [234/445] ASTK
[00:03:50] [235/445] VVCK
[00:03:51] [236/445] ATKY
[00:03:52] [237/445] GWEK
[00:03:53] [238/445] SVFH
[00:03:54] [239/445] SLTA
[00:03:54] [240/445] AASH
[00:03:55] [241/445] ACXB
[00:03:56] [242/445] SMTX
[00:03:57] [243/445] AZDH
[00:03:58] [244/445] CMMH
[00:03:59] [245/445] SCSZ
[00:03:59] [246/445] SCKP
[00:04:00] [247/445] NXTM
[00:04:01] [248/445] NWCS
[00:04:02] [249/445] CXMH
[00:04:03] [250/445] PCMA
[00:04:03] [251/445] SGCM
[00:04:04] [252/445] SDTU
[00:04:06] [253/445] MMVI
[00:04:07] [254/445] JKCM
[00:04:07] [255/445] VCMM
[00:04:08] [256/445] SYEE
[00:04:09] [257/445] VASD
[00:04:10] [258/445] BDRB
[00:04:11] [259/445] LASM
[00:04:12] [260/445] DCRL
[00:04:13] [261/445] DVPM
[00:04:13] [262/445] SBMJ
[00:04:14] [263/445] CBMU
[00:04:15] [264/445] IUBS
[00:04:16] [265/445] INAP
[00:04:17] [266/445] SRRC
[00:04:18] [267/445] SAGR
[00:04:19] [268/445] CPMJ
[00:04:19] [269/445] ATJL
[00:04:20] [270/445] NNTD
[00:04:21] [271/445] JHCJ
[00:04:22] [272/445] CMMP
[00:04:23] [273/445] RSDR
[00:04:24] [274/445] AMTI
[00:04:24] [275/445] NYSG
[00:04:26] [276/445] AVSG
[00:04:27] [277/445] SYTP
[00:04:28] [278/445] LARC
[00:04:29] [279/445] RJTP
[00:04:29] [280/445] LAKC
[00:04:30] [281/445] MCXE
[00:04:31] [282/445] CCZC
[00:04:32] [283/445] AVCH
[00:04:33] [284/445] CMBE
[00:04:34] [285/445] MRRC
[00:04:36] [286/445] PCPY
[00:04:37] [287/445] SRMH
[00:04:37] [288/445] SVGS
[00:04:38] [289/445] PCSE
[00:04:39] [290/445] SVFT
[00:04:40] [291/445] TNZP
[00:04:41] [292/445] ICTP
[00:04:42] [293/445] ACTZ
[00:04:42] [294/445] GTUR
[00:04:43] [295/445] MAFC
[00:04:45] [296/445] MINL
[00:04:46] [297/445] MRCL
[00:04:47] [298/445] RCRP
[00:04:48] [299/445] RFFG
[00:04:48] [300/445] RMAS
[00:04:49] [301/445] INVR
[00:04:50] [302/445] RMAR
[00:04:51] [303/445] CNIS
[00:04:52] [304/445] RHRJ
[00:04:54] [305/445] INXR
[00:04:55] [306/445] VALT
[00:04:55] [307/445] LCSH
[00:04:56] [308/445] CMVS
[00:04:57] [309/445] CNMS
[00:04:58] [310/445] ROOG
[00:04:59] [311/445] ISRM
[00:04:59] [312/445] RCRM
[00:05:00] [313/445] ACJA
[00:05:01] [314/445] RCVS
[00:05:02] [315/445] CPUS
[00:05:03] [316/445] TGCS
[00:05:04] [317/445] RKCJ
[00:05:05] [318/445] MKSB
[00:05:06] [319/445] TCSJ
[00:05:06] [320/445] RMGP
[00:05:07] [321/445] CLLP
[00:05:08] [322/445] RCMV
[00:05:09] [323/445] CCKS
[00:05:10] [324/445] RSRP
[00:05:11] [325/445] APLP
[00:05:12] [326/445] CNVS
[00:05:13] [327/445] RMVY
[00:05:14] [328/445] PGBD
[00:05:15] [329/445] KLMS
[00:05:16] [330/445] RUST
[00:05:16] [331/445] MASM
[00:05:17] [332/445] BACS
[00:05:18] [333/445] BWST
[00:05:19] [334/445] RRFH
[00:05:20] [335/445] SJTM
[00:05:21] [336/445] BEMR
[00:05:22] [337/445] MCGR
[00:05:23] [338/445] SDSK
[00:05:24] [339/445] VBOL
[00:05:25] [340/445] RMGM
[00:05:26] [341/445] NOPL
[00:05:27] [342/445] MKJK
[00:05:28] [343/445] CVRN
[00:05:28] [344/445] MMEN
[00:05:29] [345/445] AMNG
[00:05:30] [346/445] INTM
[00:05:31] [347/445] SLCZ
[00:05:31] [348/445] AMJN
[00:05:32] [349/445] ACJN
[00:05:33] [350/445] AMKN
[00:05:34] [351/445] BTCN
[00:05:35] [352/445] AMBT
[00:05:35] [353/445] PACN
[00:05:36] [354/445] LCNS
[00:05:37] [355/445] PPKC
[00:05:38] [356/445] JYYN
[00:05:38] [357/445] JTNR
[00:05:39] [358/445] GTEE
[00:05:40] [359/445] SRNM
[00:05:41] [360/445] SDTC
[00:05:42] [361/445] VPCA
[00:05:43] [362/445] VLRA
[00:05:43] [363/445] SHKR
[00:05:44] [364/445] SBKD
[00:05:45] [365/445] SAAD
[00:05:46] [366/445] JTGN
[00:05:46] [367/445] SLAM
[00:05:47] [368/445] VTPM
[00:05:48] [369/445] ANPT
[00:05:49] [370/445] PUNB
[00:05:50] [371/445] CPKT
[00:05:50] [372/445] CNWE
[00:05:51] [373/445] ECPP
[00:05:52] [374/445] CPAR
[00:05:53] [375/445] ESBW
[00:05:54] [376/445] PKPU
[00:05:55] [377/445] CPRP
[00:05:55] [378/445] RAHU
[00:05:56] [379/445] RHMN
[00:05:57] [380/445] FMJP
[00:05:58] [381/445] CTMP
[00:06:00] [382/445] INPN
[00:06:01] [383/445] STTG
[00:06:02] [384/445] CTRD
[00:06:03] [385/445] PUVB
[00:06:03] [386/445] ESVP
[00:06:04] [387/445] CPFT
[00:06:05] [388/445] LCPC
[00:06:05] [389/445] VBCT
[00:06:07] [390/445] FSCW
[00:06:08] [391/445] VCMP
[00:06:09] [392/445] ASHC
[00:06:10] [393/445] VLCX
[00:06:11] [394/445] SHEV
[00:06:12] [395/445] APCO
[00:06:12] [396/445] SILC
[00:06:13] [397/445] SNMR
[00:06:14] [398/445] KYBO
[00:06:15] [399/445] SATK
[00:06:17] [400/445] SSCS
[00:06:17] [401/445] CLSB
[00:06:18] [402/445] KMJR
[00:06:19] [403/445] FSCK
[00:06:20] [404/445] NNKA
[00:06:21] [405/445] CLMK
[00:06:22] [406/445] DMPZ
[00:06:23] [407/445] INQM
[00:06:24] [408/445] CAML
[00:06:25] [409/445] INRK
[00:06:25] [410/445] IMKN
[00:06:26] [411/445] SVNR
[00:06:27] [412/445] INSL
[00:06:28] [413/445] MSMA
[00:06:29] [414/445] MCKK
[00:06:30] [415/445] FCHP
[00:06:30] [416/445] SFCR
[00:06:31] [417/445] NACK
[00:06:32] [418/445] PVAK
[00:06:33] [419/445] INER
[00:06:34] [420/445] RDBK
[00:06:34] [421/445] SVFN
[00:06:35] [422/445] IFRM
[00:06:36] [423/445] ATCK
[00:06:37] [424/445] ASKO
[00:06:39] [425/445] STKT
[00:06:40] [426/445] SVFB
[00:06:40] [427/445] INKS
[00:06:41] [428/445] PCRA
[00:06:42] [429/445] ATJA
[00:06:43] [430/445] IMJN
[00:06:44] [431/445] INHD
[00:06:45] [432/445] BARA
[00:06:46] [433/445] MCSL
[00:06:46] [434/445] RTOY
[00:06:47] [435/445] MENO
[00:06:48] [436/445] PUDM
[00:06:49] [437/445] PRCN
[00:06:50] [438/445] JMJR
[00:06:51] [439/445] SSGK
[00:06:51] [440/445] SSRL
[00:06:52] [441/445] JYKL
[00:06:53] [442/445] ACNB
[00:06:54] [443/445] SONP
[00:06:55] [444/445] EMCI
[00:06:56] [445/445] MRJH
[00:06:56] ✅ DONE | Shows=0 | Movies=0
[00:46:52] 🚀 BMS DAILY TRACKER STARTED
[00:46:52] [1/445] TGMR
[00:46:53] 🧠 New identity
[00:46:53] [2/445] CXKR
[00:46:54] [3/445] SROP
[00:46:55] [4/445] GTSV
[00:46:56] [5/445] SNTY
[00:46:57] [6/445] SMYY
[00:46:58] [7/445] CNCS
[00:46:58] [8/445] CSTM
[00:46:59] [9/445] NUCD
[00:47:00] [10/445] SHCZ
[00:47:01] [11/445] NJCT
[00:47:01] [12/445] COPC
[00:47:03] [13/445] STVV
[00:47:04] [14/445] SKRN
[00:47:05] [15/445] APPZ
[00:47:06] [16/445] YMGN
[00:47:06] [17/445] SVTU
[00:47:07] [18/445] GTAD
[00:47:08] [19/445] PSUS
[00:47:09] [20/445] SMCD
[00:47:10] [21/445] CMCM
[00:47:11] [22/445] SYCT
[00:47:12] [23/445] STLY
[00:47:13] [24/445] CMHU
[00:47:14] [25/445] CMSA
[00:47:15] [26/445] CLCU
[00:47:16] [27/445] PPNT
[00:47:17] [28/445] JTAB
[00:47:18] [29/445] BUUC
[00:47:18] [30/445] BSVK
[00:47:19] [31/445] VVVQ
[00:47:20] [32/445] TKMU
[00:47:21] [33/445] ESYL
[00:47:22] [34/445] ACHP
[00:47:22] [35/445] BTKD
[00:47:23] [36/445] DESA
[00:47:24] [37/445] GBCT
[00:47:25] [38/445] BLLD
[00:47:25] [39/445] SKNT
[00:47:26] [40/445] SSTE
[00:47:27] [41/445] VJMR
[00:47:28] [42/445] NTPU
[00:47:29] [43/445] RDKN
[00:47:30] [44/445] ADGC
[00:47:31] [45/445] VRBP
[00:47:31] [46/445] NMNA
[00:47:32] [47/445] CMMX
[00:47:33] [48/445] PTKO
[00:47:34] [49/445] RBML
[00:47:35] [50/445] SAIC
[00:47:36] [51/445] SVTJ
[00:47:36] [52/445] MRTE
[00:47:37] [53/445] RBTP
[00:47:38] [54/445] NLPS
[00:47:39] [55/445] GTNA
[00:47:40] [56/445] DGGC
[00:47:40] [57/445] SMCR
[00:47:41] [58/445] SCGD
[00:47:42] [59/445] SRRJ
[00:47:44] [60/445] CNRY
[00:47:45] [61/445] KTDI
[00:47:46] [62/445] SNJL
[00:47:47] [63/445] RKMD
[00:47:48] [64/445] SMDC
[00:47:49] [65/445] TADG
[00:47:50] [66/445] MCGS
[00:47:51] [67/445] PETK
[00:47:52] [68/445] CHAG
[00:47:54] [69/445] KSTL
[00:47:54] [70/445] AADS
[00:47:55] [71/445] NTHZ
[00:47:56] [72/445] HCKI
[00:47:57] [73/445] SSEF
[00:47:58] [74/445] MCGX
[00:47:59] [75/445] ERRA
[00:48:00] [76/445] SDTW
[00:48:01] [77/445] RMPK
[00:48:02] [78/445] PTHK
[00:48:03] [79/445] PXCS
[00:48:03] [80/445] SVLU
[00:48:04] [81/445] STAH
[00:48:05] [82/445] JRGF
[00:48:06] [83/445] CDOK
[00:48:07] [84/445] CMSG
[00:48:07] [85/445] APTD
[00:48:08] [86/445] KMPG
[00:48:09] [87/445] MUTJ
[00:48:10] [88/445] VCCI
[00:48:11] [89/445] URBE
[00:48:12] [90/445] TCTS
[00:48:13] [91/445] STSN
[00:48:14] [92/445] AKCH
[00:48:15] [93/445] APSC
[00:48:15] [94/445] VLTB
[00:48:16] [95/445] SANU
[00:48:17] [96/445] AXAM
[00:48:18] [97/445] MGMG
[00:48:19] [98/445] HTBY
[00:48:20] [99/445] MMZS
[00:48:21] [100/445] SUDR
[00:48:21] [101/445] CCAD
[00:48:22] [102/445] SKKC
[00:48:23] [103/445] RMCD
[00:48:24] [104/445] SBCQ
[00:48:25] [105/445] DCCT
[00:48:26] [106/445] VTKP
[00:48:27] [107/445] MLAM
[00:48:28] [108/445] SAVT
[00:48:28] [109/445] GEPL
[00:48:29] [110/445] AMCD
[00:48:30] [111/445] CCXR
[00:48:31] [112/445] GRNG
[00:48:32] [113/445] EBCA
[00:48:33] [114/445] CNVG
[00:48:33] [115/445] MWSS
[00:48:34] [116/445] VBOR
[00:48:35] [117/445] NEEB
[00:48:36] [118/445] SUTH
[00:48:37] [119/445] ANDB
[00:48:38] [120/445] MMXS
[00:48:38] [121/445] CNPD
[00:48:40] [122/445] SDCE
[00:48:41] [123/445] DHCB
[00:48:42] [124/445] ODEN
[00:48:43] [125/445] TNTC
[00:48:44] [126/445] VBKM
[00:48:45] [127/445] RZYM
[00:48:45] [128/445] JEMC
[00:48:46] [129/445] CMAU
[00:48:47] [130/445] SIVP
[00:48:48] [131/445] ATAG
[00:48:49] [132/445] CHTM
[00:48:51] [133/445] AAEE
[00:48:51] [134/445] IWPM
[00:48:52] [135/445] KCMW
[00:48:53] [136/445] MCTD
[00:48:53] [137/445] SPWR
[00:48:54] [138/445] SDPO
[00:48:55] [139/445] PCSK
[00:48:56] [140/445] ACHV
[00:48:57] [141/445] SVLA
[00:48:58] [142/445] PICT
[00:48:58] [143/445] BXDR
[00:49:00] [144/445] SPWA
[00:49:01] [145/445] MCKO
[00:49:01] [146/445] RTHK
[00:49:02] [147/445] CCMF
[00:49:03] [148/445] MRGB
[00:49:04] [149/445] CPLC
[00:49:04] [150/445] RACD
[00:49:05] [151/445] ATKT
[00:49:06] [152/445] SARN
[00:49:07] [153/445] KKUI
[00:49:08] [154/445] RGCM
[00:49:09] [155/445] BRVP
[00:49:10] [156/445] HRSR
[00:49:10] [157/445] GKGM
[00:49:11] [158/445] TTCD
[00:49:12] [159/445] PTTI
[00:49:13] [160/445] MPTT
[00:49:14] [161/445] CVTT
[00:49:16] [162/445] PCXD
[00:49:17] [163/445] GCDC
[00:49:18] [164/445] CCCF
[00:49:19] [165/445] MRAD
[00:49:20] [166/445] CPLK
[00:49:20] [167/445] SATB
[00:49:21] [168/445] SNVG
[00:49:22] [169/445] JMBA
[00:49:23] [170/445] TEJA
[00:49:24] [171/445] STYO
[00:49:26] [172/445] JTBP
[00:49:26] [173/445] KRGD
[00:49:27] [174/445] SLJJ
[00:49:28] [175/445] SPTJ
[00:49:28] [176/445] SWJG
[00:49:29] [177/445] LKRT
[00:49:30] [178/445] KCKA
[00:49:31] [179/445] SNCR
[00:49:32] [180/445] SMKL
[00:49:33] [181/445] GCFA
[00:49:33] [182/445] DDCK
[00:49:34] [183/445] NCHJ
[00:49:35] [184/445] RDMA
[00:49:36] [185/445] SVSV
[00:49:36] [186/445] SCJG
[00:49:37] [187/445] VKLP
[00:49:38] [188/445] NWCC
[00:49:39] [189/445] VKNS
[00:49:40] [190/445] SDDP
[00:49:41] [191/445] ACSI
[00:49:42] [192/445] SATG
[00:49:43] [193/445] SCMW
[00:49:43] [194/445] LKTK
[00:49:44] [195/445] VCKV
[00:49:46] [196/445] KKPE
[00:49:47] [197/445] KIGH
[00:49:47] [198/445] SRPM
[00:49:48] [199/445] SCAH
[00:49:49] [200/445] MUTA
[00:49:50] [201/445] SEPU
[00:49:51] [202/445] INOA
[00:49:51] [203/445] BASK
[00:49:52] [204/445] NECB
[00:49:53] [205/445] GTTG
[00:49:54] [206/445] ASSA
[00:49:55] [207/445] ANCL
[00:49:55] [208/445] GCTI
[00:49:56] [209/445] RCTS
[00:49:57] [210/445] ACNL
[00:49:58] [211/445] MYCT
[00:49:59] [212/445] NMHT
[00:50:00] [213/445] MDIT
[00:50:00] [214/445] LATG
[00:50:01] [215/445] SMTY
[00:50:02] [216/445] CVCT
[00:50:03] [217/445] RAMB
[00:50:04] [218/445] TGMS
[00:50:05] [219/445] BHEL
[00:50:06] [220/445] SHCT
[00:50:06] [221/445] SVCT
[00:50:07] [222/445] MRIY
[00:50:08] [223/445] SARO
[00:50:09] [224/445] STCT
[00:50:10] [225/445] JKKC
[00:50:10] [226/445] PLTT
[00:50:12] [227/445] SRNT
[00:50:12] [228/445] YAST
[00:50:13] [229/445] PERL
[00:50:14] [230/445] CICM
[00:50:15] [231/445] MMTR
[00:50:17] [232/445] ABTK
[00:50:17] [233/445] ATYY
[00:50:18] [234/445] ASTK
[00:50:19] [235/445] VVCK
[00:50:20] [236/445] ATKY
[00:50:21] [237/445] GWEK
[00:50:21] [238/445] SVFH
[00:50:22] [239/445] SLTA
[00:50:23] [240/445] AASH
[00:50:24] [241/445] ACXB
[00:50:25] [242/445] SMTX
[00:50:26] [243/445] AZDH
[00:50:27] [244/445] CMMH
[00:50:28] [245/445] SCSZ
[00:50:29] [246/445] SCKP
[00:50:29] [247/445] NXTM
[00:50:30] [248/445] NWCS
[00:50:31] [249/445] CXMH
[00:50:32] [250/445] PCMA
[00:50:33] [251/445] SGCM
[00:50:33] [252/445] SDTU
[00:50:34] [253/445] MMVI
[00:50:35] [254/445] JKCM
[00:50:36] [255/445] VCMM
[00:50:36] [256/445] SYEE
[00:50:37] [257/445] VASD
[00:50:38] [258/445] BDRB
[00:50:39] [259/445] LASM
[00:50:40] [260/445] DCRL
[00:50:41] [261/445] DVPM
[00:50:41] [262/445] SBMJ
[00:50:42] [263/445] CBMU
[00:50:43] [264/445] IUBS
[00:50:44] [265/445] INAP
[00:50:45] [266/445] SRRC
[00:50:45] [267/445] SAGR
[00:50:46] [268/445] CPMJ
[00:50:47] [269/445] ATJL
[00:50:48] [270/445] NNTD
[00:50:49] [271/445] JHCJ
[00:50:49] [272/445] CMMP
[00:50:51] [273/445] RSDR
[00:50:52] [274/445] AMTI
[00:50:52] [275/445] NYSG
[00:50:54] [276/445] AVSG
[00:50:55] [277/445] SYTP
[00:50:55] [278/445] LARC
[00:50:56] [279/445] RJTP
[00:50:57] [280/445] LAKC
[00:50:58] [281/445] MCXE
[00:50:59] [282/445] CCZC
[00:51:00] [283/445] AVCH
[00:51:01] [284/445] CMBE
[00:51:01] [285/445] MRRC
[00:51:02] [286/445] PCPY
[00:51:03] [287/445] SRMH
[00:51:04] [288/445] SVGS
[00:51:05] [289/445] PCSE
[00:51:06] [290/445] SVFT
[00:51:07] [291/445] TNZP
[00:51:08] [292/445] ICTP
[00:51:09] [293/445] ACTZ
[00:51:10] [294/445] GTUR
[00:51:10] [295/445] MAFC
[00:51:11] [296/445] MINL
[00:51:12] [297/445] MRCL
[00:51:13] [298/445] RCRP
[00:51:14] [299/445] RFFG
[00:51:15] [300/445] RMAS
[00:51:16] [301/445] INVR
[00:51:17] [302/445] RMAR
[00:51:18] [303/445] CNIS
[00:51:18] [304/445] RHRJ
[00:51:19] [305/445] INXR
[00:51:20] [306/445] VALT
[00:51:21] [307/445] LCSH
[00:51:22] [308/445] CMVS
[00:51:23] [309/445] CNMS
[00:51:24] [310/445] ROOG
[00:51:24] [311/445] ISRM
[00:51:25] [312/445] RCRM
[00:51:26] [313/445] ACJA
[00:51:27] [314/445] RCVS
[00:51:28] [315/445] CPUS
[00:51:28] [316/445] TGCS
[00:51:30] [317/445] RKCJ
[00:51:31] [318/445] MKSB
[00:51:31] [319/445] TCSJ
[00:51:32] [320/445] RMGP
[00:51:33] [321/445] CLLP
[00:51:34] [322/445] RCMV
[00:51:35] [323/445] CCKS
[00:51:35] [324/445] RSRP
[00:51:36] [325/445] APLP
[00:51:37] [326/445] CNVS
[00:51:38] [327/445] RMVY
[00:51:39] [328/445] PGBD
[00:51:40] [329/445] KLMS
[00:51:41] [330/445] RUST
[00:51:41] [331/445] MASM
[00:51:42] [332/445] BACS
[00:51:43] [333/445] BWST
[00:51:44] [334/445] RRFH
[00:51:45] [335/445] SJTM
[00:51:46] [336/445] BEMR
[00:51:46] [337/445] MCGR
[00:51:47] [338/445] SDSK
[00:51:48] [339/445] VBOL
[00:51:49] [340/445] RMGM
[00:51:50] [341/445] NOPL
[00:51:51] [342/445] MKJK
[00:51:52] [343/445] CVRN
[00:51:54] [344/445] MMEN
[00:51:55] [345/445] AMNG
[00:51:56] [346/445] INTM
[00:51:57] [347/445] SLCZ
[00:51:57] [348/445] AMJN
[00:51:58] [349/445] ACJN
[00:51:59] [350/445] AMKN
[00:52:00] [351/445] BTCN
[00:52:01] [352/445] AMBT
[00:52:02] [353/445] PACN
[00:52:03] [354/445] LCNS
[00:52:03] [355/445] PPKC
[00:52:04] [356/445] JYYN
[00:52:05] [357/445] JTNR
[00:52:06] [358/445] GTEE
[00:52:07] [359/445] SRNM
[00:52:08] [360/445] SDTC
[00:52:09] [361/445] VPCA
[00:52:10] [362/445] VLRA
[00:52:11] [363/445] SHKR
[00:52:11] [364/445] SBKD
[00:52:12] [365/445] SAAD
[00:52:13] [366/445] JTGN
[00:52:14] [367/445] SLAM
[00:52:15] [368/445] VTPM
[00:52:15] [369/445] ANPT
[00:52:16] [370/445] PUNB
[00:52:17] [371/445] CPKT
[00:52:18] [372/445] CNWE
[00:52:19] [373/445] ECPP
[00:52:20] [374/445] CPAR
[00:52:21] [375/445] ESBW
[00:52:22] [376/445] PKPU
[00:52:23] [377/445] CPRP
[00:52:24] [378/445] RAHU
[00:52:25] [379/445] RHMN
[00:52:26] [380/445] FMJP
[00:52:26] [381/445] CTMP
[00:52:27] [382/445] INPN
[00:52:28] [383/445] STTG
[00:52:29] [384/445] CTRD
[00:52:31] [385/445] PUVB
[00:52:32] [386/445] ESVP
[00:52:32] [387/445] CPFT
[00:52:33] [388/445] LCPC
[00:52:34] [389/445] VBCT
[00:52:35] [390/445] FSCW
[00:52:36] [391/445] VCMP
[00:52:37] [392/445] ASHC
[00:52:38] [393/445] VLCX
[00:52:39] [394/445] SHEV
[00:52:39] [395/445] APCO
[00:52:40] [396/445] SILC
[00:52:41] [397/445] SNMR
[00:52:42] [398/445] KYBO
[00:52:43] [399/445] SATK
[00:52:44] [400/445] SSCS
[00:52:45] [401/445] CLSB
[00:52:46] [402/445] KMJR
[00:52:47] [403/445] FSCK
[00:52:48] [404/445] NNKA
[00:52:49] [405/445] CLMK
[00:52:50] [406/445] DMPZ
[00:52:51] [407/445] INQM
[00:52:52] [408/445] CAML
[00:52:52] [409/445] INRK
[00:52:53] [410/445] IMKN
[00:52:54] [411/445] SVNR
[00:52:55] [412/445] INSL
[00:52:56] [413/445] MSMA
[00:52:56] [414/445] MCKK
[00:52:57] [415/445] FCHP
[00:52:58] [416/445] SFCR
[00:52:59] [417/445] NACK
[00:53:00] [418/445] PVAK
[00:53:01] [419/445] INER
[00:53:02] [420/445] RDBK
[00:53:03] [421/445] SVFN
[00:53:03] [422/445] IFRM
[00:53:04] [423/445] ATCK
[00:53:05] [424/445] ASKO
[00:53:06] [425/445] STKT
[00:53:08] [426/445] SVFB
[00:53:08] [427/445] INKS
[00:53:09] [428/445] PCRA
[00:53:10] [429/445] ATJA
[00:53:11] [430/445] IMJN
[00:53:12] [431/445] INHD
[00:53:12] [432/445] BARA
[00:53:14] [433/445] MCSL
[00:53:15] [434/445] RTOY
[00:53:16] [435/445] MENO
[00:53:17] [436/445] PUDM
[00:53:17] [437/445] PRCN
[00:53:18] [438/445] JMJR
[00:53:19] [439/445] SSGK
[00:53:20] [440/445] SSRL
[00:53:21] [441/445] JYKL
[00:53:21] [442/445] ACNB
[00:53:22] [443/445] SONP
[00:53:23] [444/445] EMCI
[00:53:24] [445/445] MRJH
[00:53:25] ✅ DONE | Shows=0 | Movies=0
