[00:00:23] 🚀 BMS DAILY TRACKER STARTED
[00:00:23] [1/296] CDCA
[00:00:23] 🧠 New identity
[00:00:24] [2/296] MNSR
[00:00:25] [3/296] CSSL
[00:00:26] [4/296] BGGM
[00:00:27] [5/296] MANT
[00:00:28] [6/296] SOOY
[00:00:29] [7/296] VPPK
[00:00:30] [8/296] MYHJ
[00:00:31] [9/296] KSCK
[00:00:32] [10/296] KATK
[00:00:33] [11/296] RTRT
[00:00:34] [12/296] SSTT
[00:00:35] [13/296] SSTV
[00:00:37] [14/296] LACM
[00:00:38] [15/296] SGMG
[00:00:39] [16/296] KACX
[00:00:40] [17/296] GVCP
[00:00:41] [18/296] CSNC
[00:00:42] [19/296] SXCB
[00:00:43] [20/296] BAHS
[00:00:44] [21/296] PCBI
[00:00:45] [22/296] PSSM
[00:00:46] [23/296] RCOK
[00:00:46] [24/296] SCPF
[00:00:47] [25/296] SSAS
[00:00:48] [26/296] EVMM
[00:00:49] [27/296] SYCB
[00:00:50] [28/296] GCKI
[00:00:51] [29/296] IAET
[00:00:52] [30/296] DDTD
[00:00:52] [31/296] GMDH
[00:00:53] [32/296] STLE
[00:00:54] [33/296] JTRA
[00:00:55] [34/296] RPPA
[00:00:57] [35/296] ARUT
[00:00:57] [36/296] JTVM
[00:00:58] [37/296] SWRH
[00:00:59] [38/296] DCPC
[00:01:00] [39/296] RAPR
[00:01:01] [40/296] GCRT
[00:01:02] [41/296] ATUN
[00:01:03] [42/296] LTRM
[00:01:04] [43/296] TASR
[00:01:04] [44/296] RLLC
[00:01:05] [45/296] MABI
[00:01:07] [46/296] SVHB
[00:01:08] [47/296] NVTB
[00:01:09] [48/296] KCKG
[00:01:10] [49/296] SSRN
[00:01:10] [50/296] VDDC
[00:01:11] [51/296] GKTK
[00:01:12] [52/296] YFSN
[00:01:13] [53/296] GCSG
[00:01:14] [54/296] ESSM
[00:01:15] [55/296] KRIH
[00:01:15] [56/296] GCDS
[00:01:16] [57/296] CCSH
[00:01:17] [58/296] ACSK
[00:01:18] [59/296] APRK
[00:01:19] [60/296] ADKM
[00:01:20] [61/296] SRDM
[00:01:21] [62/296] RMOG
[00:01:21] [63/296] SJMY
[00:01:22] [64/296] PGGC
[00:01:23] [65/296] INGM
[00:01:24] [66/296] LSCB
[00:01:25] [67/296] STAD
[00:01:26] [68/296] MCCR
[00:01:28] [69/296] ABCC
[00:01:29] [70/296] RKCC
[00:01:30] [71/296] RTCR
[00:01:32] [72/296] GGBC
[00:01:33] [73/296] GCSD
[00:01:35] [74/296] LPTY
[00:01:36] [75/296] MCFD
[00:01:37] [76/296] HENN
[00:01:38] [77/296] SMKU
[00:01:39] [78/296] TNZC
[00:01:40] [79/296] DRCD
[00:01:41] [80/296] DLCD
[00:01:42] [81/296] RCDA
[00:01:43] [82/296] COSM
[00:01:44] [83/296] MCMJ
[00:01:45] [84/296] CSTR
[00:01:46] [85/296] CVDK
[00:01:47] [86/296] INRR
[00:01:48] [87/296] RJRT
[00:01:49] [88/296] IRMR
[00:01:49] [89/296] SRCF
[00:01:50] [90/296] GRCR
[00:01:51] [91/296] SURC
[00:01:52] [92/296] NMNH
[00:01:53] [93/296] SVBL
[00:01:54] [94/296] KACI
[00:01:55] [95/296] TDGO
[00:01:56] [96/296] KTBR
[00:01:57] [97/296] PMAD
[00:01:57] [98/296] CCPN
[00:01:59] [99/296] SBTK
[00:02:00] [100/296] LMDK
[00:02:02] [101/296] PGDA
[00:02:03] [102/296] SRML
[00:02:03] [103/296] EVCK
[00:02:04] [104/296] RTTK
[00:02:05] [105/296] SRTU
[00:02:06] [106/296] VRSA
[00:02:07] [107/296] VARS
[00:02:08] [108/296] DSCZ
[00:02:09] [109/296] GAGA
[00:02:09] [110/296] SARV
[00:02:11] [111/296] SEEG
[00:02:11] [112/296] GLCA
[00:02:12] [113/296] APAS
[00:02:13] [114/296] VCIA
[00:02:14] [115/296] SJTA
[00:02:15] [116/296] SABM
[00:02:16] [117/296] PPAG
[00:02:17] [118/296] RVCA
[00:02:18] [119/296] CCIA
[00:02:20] [120/296] HTAG
[00:02:21] [121/296] SMBI
[00:02:22] [122/296] MCJR
[00:02:22] [123/296] CCJR
[00:02:23] [124/296] SINF
[00:02:24] [125/296] CPLX
[00:02:25] [126/296] KKTJ
[00:02:26] [127/296] GDBW
[00:02:27] [128/296] CSUB
[00:02:28] [129/296] DABA
[00:02:28] [130/296] TITR
[00:02:29] [131/296] NYCR
[00:02:31] [132/296] RTRY
[00:02:31] [133/296] JTJL
[00:02:32] [134/296] SJCP
[00:02:33] [135/296] KCCA
[00:02:34] [136/296] MLPG
[00:02:35] [137/296] VRCK
[00:02:36] [138/296] SRIN
[00:02:36] [139/296] CXMK
[00:02:37] [140/296] SKAD
[00:02:38] [141/296] AVTR
[00:02:39] [142/296] PTAJ
[00:02:40] [143/296] SCNK
[00:02:41] [144/296] STTI
[00:02:42] [145/296] KACR
[00:02:43] [146/296] SSDX
[00:02:43] [147/296] VRTJ
[00:02:44] [148/296] RAJD
[00:02:45] [149/296] SCIP
[00:02:46] [150/296] RJSL
[00:02:47] [151/296] ARRS
[00:02:49] [152/296] ASMS
[00:02:50] [153/296] RDTS
[00:02:50] [154/296] DVMY
[00:02:51] [155/296] RASA
[00:02:52] [156/296] INOM
[00:02:53] [157/296] SPRS
[00:02:54] [158/296] SGCS
[00:02:55] [159/296] SALM
[00:02:56] [160/296] PKHC
[00:02:56] [161/296] RCSV
[00:02:57] [162/296] CPKC
[00:02:58] [163/296] AACD
[00:02:59] [164/296] GGCV
[00:03:00] [165/296] SMKD
[00:03:01] [166/296] NBCH
[00:03:01] [167/296] AMCB
[00:03:02] [168/296] OPCN
[00:03:03] [169/296] DCIN
[00:03:04] [170/296] INGW
[00:03:05] [171/296] PKKW
[00:03:06] [172/296] FNGW
[00:03:06] [173/296] GCGD
[00:03:08] [174/296] MSTW
[00:03:09] [175/296] KCCG
[00:03:11] [176/296] MRSS
[00:03:11] [177/296] CLCF
[00:03:12] [178/296] EETS
[00:03:13] [179/296] AATR
[00:03:14] [180/296] CMMN
[00:03:15] [181/296] SCCJ
[00:03:16] [182/296] CDTK
[00:03:17] [183/296] AICP
[00:03:17] [184/296] FNBP
[00:03:18] [185/296] CBPB
[00:03:19] [186/296] CPAS
[00:03:20] [187/296] MAPM
[00:03:21] [188/296] PASD
[00:03:22] [189/296] JCMN
[00:03:23] [190/296] MALB
[00:03:23] [191/296] SACG
[00:03:24] [192/296] DDRX
[00:03:25] [193/296] DDXB
[00:03:26] [194/296] RAMC
[00:03:27] [195/296] SANC
[00:03:28] [196/296] BCBP
[00:03:28] [197/296] ALPC
[00:03:29] [198/296] RBAC
[00:03:30] [199/296] RAJL
[00:03:31] [200/296] MPDX
[00:03:32] [201/296] MUSC
[00:03:33] [202/296] VKMK
[00:03:34] [203/296] SKCG
[00:03:35] [204/296] ANCN
[00:03:36] [205/296] MMCJ
[00:03:37] [206/296] DCAK
[00:03:37] [207/296] SCKG
[00:03:38] [208/296] LMCK
[00:03:39] [209/296] CKKX
[00:03:40] [210/296] ANKU
[00:03:41] [211/296] CSMD
[00:03:42] [212/296] MKMP
[00:03:43] [213/296] SVBG
[00:03:44] [214/296] ROOP
[00:03:45] [215/296] GDMT
[00:03:46] [216/296] FPPF
[00:03:46] [217/296] SFUU
[00:03:48] [218/296] ANCB
[00:03:49] [219/296] SMMC
[00:03:50] [220/296] UGKT
[00:03:51] [221/296] JVRM
[00:03:52] [222/296] BATG
[00:03:53] [223/296] RATE
[00:03:54] [224/296] SKME
[00:03:55] [225/296] LMTP
[00:03:56] [226/296] TCBD
[00:03:57] [227/296] ESBD
[00:03:58] [228/296] GDCU
[00:03:59] [229/296] SNKT
[00:04:00] [230/296] SRNK
[00:04:01] [231/296] SMED
[00:04:02] [232/296] CSQS
[00:04:02] [233/296] ALCS
[00:04:03] [234/296] KCKN
[00:04:04] [235/296] VCCL
[00:04:05] [236/296] MCDA
[00:04:06] [237/296] SHMI
[00:04:07] [238/296] SKHA
[00:04:08] [239/296] SVFK
[00:04:09] [240/296] INVB
[00:04:10] [241/296] MELD
[00:04:12] [242/296] JTYS
[00:04:13] [243/296] INCM
[00:04:14] [244/296] MCDV
[00:04:15] [245/296] KSGK
[00:04:16] [246/296] ICMG
[00:04:17] [247/296] CSCV
[00:04:17] [248/296] STMD
[00:04:18] [249/296] STTR
[00:04:19] [250/296] INVC
[00:04:20] [251/296] JTBL
[00:04:21] [252/296] SRVV
[00:04:22] [253/296] MAVC
[00:04:23] [254/296] SRPP
[00:04:24] [255/296] JGDM
[00:04:25] [256/296] MBSJ
[00:04:25] [257/296] SSLL
[00:04:26] [258/296] SLKP
[00:04:27] [259/296] NSRV
[00:04:28] [260/296] UTDV
[00:04:29] [261/296] KICM
[00:04:30] [262/296] KCMD
[00:04:31] [263/296] TTPP
[00:04:32] [264/296] KMPV
[00:04:33] [265/296] SKTV
[00:04:35] [266/296] STCV
[00:04:35] [267/296] SRDA
[00:04:36] [268/296] JTSX
[00:04:37] [269/296] STBV
[00:04:38] [270/296] APVZ
[00:04:39] [271/296] GSTV
[00:04:40] [272/296] NMVS
[00:04:41] [273/296] SKRT
[00:04:42] [274/296] RMDV
[00:04:43] [275/296] RATG
[00:04:44] [276/296] SJYV
[00:04:45] [277/296] NDGP
[00:04:46] [278/296] SNDG
[00:04:46] [279/296] INSR
[00:04:47] [280/296] INSO
[00:04:48] [281/296] CCSI
[00:04:49] [282/296] RASM
[00:04:50] [283/296] NEWC
[00:04:51] [284/296] VSHL
[00:04:52] [285/296] BISW
[00:04:53] [286/296] GCNG
[00:04:54] [287/296] CWSC
[00:04:54] [288/296] SKAN
[00:04:55] [289/296] SEHP
[00:04:56] [290/296] CCOA
[00:04:57] [291/296] MCAJ
[00:04:58] [292/296] ACDE
[00:04:59] [293/296] AACM
[00:05:00] [294/296] JJCK
[00:05:00] [295/296] RCMO
[00:05:02] [296/296] GDAW
[00:05:03] ✅ DONE | Shows=0 | Movies=0
