[00:00:20] 🚀 BMS DAILY TRACKER STARTED
[00:00:20] [1/459] MBDC
[00:00:20] 🧠 New identity
[00:00:21] [2/459] CHKM
[00:00:22] [3/459] JTKZ
[00:00:24] [4/459] CMCT
[00:00:25] [5/459] ASHO
[00:00:26] [6/459] ECDG
[00:00:27] [7/459] SPAT
[00:00:28] [8/459] HILC
[00:00:29] [9/459] SPPH
[00:00:30] [10/459] SBHN
[00:00:32] [11/459] RRCA
[00:00:32] [12/459] APAA
[00:00:33] [13/459] RAME
[00:00:35] [14/459] TMMS
[00:00:36] [15/459] BATK
[00:00:37] [16/459] LKOP
[00:00:38] [17/459] AMTT
[00:00:38] [18/459] PTGK
[00:00:39] [19/459] ANRS
[00:00:41] [20/459] VWBW
[00:00:42] [21/459] SVFG
[00:00:43] [22/459] STAT
[00:00:44] [23/459] GDCV
[00:00:45] [24/459] VEBI
[00:00:46] [25/459] VDSS
[00:00:47] [26/459] NTHV
[00:00:48] [27/459] AOCH
[00:00:49] [28/459] KASR
[00:00:49] [29/459] AYCS
[00:00:50] [30/459] SHAI
[00:00:51] [31/459] SKPE
[00:00:53] [32/459] SBTA
[00:00:54] [33/459] RTTD
[00:00:55] [34/459] CCJD
[00:00:55] [35/459] RSJJ
[00:00:56] [36/459] RKND
[00:00:57] [37/459] SVTX
[00:00:58] [38/459] BAKM
[00:00:59] [39/459] SVDC
[00:01:00] [40/459] MNCV
[00:01:00] [41/459] SJGC
[00:01:01] [42/459] MTPK
[00:01:02] [43/459] GATP
[00:01:03] [44/459] ABTS
[00:01:03] [45/459] ABDE
[00:01:04] [46/459] RCNM
[00:01:05] [47/459] KTHV
[00:01:07] [48/459] MDGJ
[00:01:08] [49/459] SMLM
[00:01:09] [50/459] JTMA
[00:01:10] [51/459] ACKP
[00:01:10] [52/459] SRTA
[00:01:11] [53/459] STAY
[00:01:12] [54/459] MAVO
[00:01:13] [55/459] APTS
[00:01:14] [56/459] OMEA
[00:01:15] [57/459] TTFD
[00:01:16] [58/459] MJCU
[00:01:17] [59/459] CXTE
[00:01:17] [60/459] CTPX
[00:01:18] [61/459] ASSL
[00:01:19] [62/459] CMVB
[00:01:21] [63/459] VPUR
[00:01:22] [64/459] JJDA
[00:01:23] [65/459] INBL
[00:01:24] [66/459] BIKB
[00:01:25] [67/459] NTBB
[00:01:26] [68/459] GLOB
[00:01:27] [69/459] SNTB
[00:01:28] [70/459] CHGV
[00:01:28] [71/459] SSBZ
[00:01:30] [72/459] PRDB
[00:01:31] [73/459] ISMT
[00:01:32] [74/459] MCSD
[00:01:33] [75/459] JBTT
[00:01:34] [76/459] GEKR
[00:01:35] [77/459] PVUN
[00:01:36] [78/459] NRTB
[00:01:37] [79/459] PRAA
[00:01:38] [80/459] PCBL
[00:01:39] [81/459] PTCM
[00:01:40] [82/459] KHNN
[00:01:41] [83/459] OMJE
[00:01:42] [84/459] STGN
[00:01:43] [85/459] RPMS
[00:01:44] [86/459] NWAD
[00:01:45] [87/459] BLCK
[00:01:46] [88/459] SVAA
[00:01:47] [89/459] URVM
[00:01:48] [90/459] ANTM
[00:01:49] [91/459] VJYM
[00:01:50] [92/459] MAZZ
[00:01:52] [93/459] CSHM
[00:01:52] [94/459] WGMH
[00:01:53] [95/459] SALN
[00:01:54] [96/459] BRTP
[00:01:55] [97/459] SVTA
[00:01:55] [98/459] SBTP
[00:01:56] [99/459] VLSS
[00:01:57] [100/459] SRJA
[00:01:58] [101/459] ANCG
[00:01:59] [102/459] CGGC
[00:02:00] [103/459] CRJA
[00:02:00] [104/459] USCR
[00:02:01] [105/459] MMEF
[00:02:02] [106/459] JCRJ
[00:02:03] [107/459] ADCM
[00:02:04] [108/459] BMYK
[00:02:05] [109/459] KICS
[00:02:06] [110/459] MBBT
[00:02:07] [111/459] MACK
[00:02:08] [112/459] CLDR
[00:02:09] [113/459] JYCR
[00:02:09] [114/459] DCRP
[00:02:10] [115/459] RAHT
[00:02:11] [116/459] CSSM
[00:02:12] [117/459] ATPK
[00:02:13] [118/459] KLRT
[00:02:14] [119/459] SRDD
[00:02:15] [120/459] CKMC
[00:02:15] [121/459] KRVM
[00:02:16] [122/459] AKCP
[00:02:17] [123/459] CNCV
[00:02:18] [124/459] PACT
[00:02:19] [125/459] NATP
[00:02:19] [126/459] PCPK
[00:02:20] [127/459] SMHO
[00:02:21] [128/459] CWTK
[00:02:22] [129/459] RVKZ
[00:02:23] [130/459] ASPD
[00:02:24] [131/459] VTKZ
[00:02:24] [132/459] LCSO
[00:02:25] [133/459] PRDY
[00:02:26] [134/459] RCAP
[00:02:27] [135/459] RGAR
[00:02:28] [136/459] RCAC
[00:02:29] [137/459] PMOD
[00:02:30] [138/459] PVCN
[00:02:30] [139/459] SCRZ
[00:02:31] [140/459] PVPC
[00:02:32] [141/459] STID
[00:02:33] [142/459] NEDD
[00:02:34] [143/459] BNBA
[00:02:35] [144/459] NTCD
[00:02:35] [145/459] OCDE
[00:02:36] [146/459] CCDU
[00:02:37] [147/459] CRXH
[00:02:38] [148/459] VLVT
[00:02:39] [149/459] CICI
[00:02:40] [150/459] SUCB
[00:02:41] [151/459] TCBP
[00:02:42] [152/459] SCCY
[00:02:42] [153/459] LXCY
[00:02:43] [154/459] NCMD
[00:02:44] [155/459] PHCS
[00:02:45] [156/459] DUXR
[00:02:46] [157/459] VNKS
[00:02:47] [158/459] SEDP
[00:02:48] [159/459] SVEN
[00:02:48] [160/459] SRKM
[00:02:49] [161/459] JTLT
[00:02:50] [162/459] SVSS
[00:02:51] [163/459] AMDE
[00:02:51] [164/459] WVRN
[00:02:52] [165/459] ISMG
[00:02:53] [166/459] WVKS
[00:02:54] [167/459] USCG
[00:02:55] [168/459] IOTG
[00:02:56] [169/459] RRJM
[00:02:57] [170/459] EDMP
[00:02:57] [171/459] SCGZ
[00:02:58] [172/459] GMGX
[00:02:59] [173/459] OMTP
[00:03:00] [174/459] MITD
[00:03:01] [175/459] SMMD
[00:03:02] [176/459] STML
[00:03:02] [177/459] MCFS
[00:03:03] [178/459] FPKA
[00:03:04] [179/459] OMLR
[00:03:05] [180/459] KKSC
[00:03:06] [181/459] RVMA
[00:03:07] [182/459] SCLL
[00:03:07] [183/459] SCDK
[00:03:08] [184/459] SXMI
[00:03:09] [185/459] SHDN
[00:03:10] [186/459] PAAD
[00:03:11] [187/459] UUCB
[00:03:11] [188/459] JHOL
[00:03:12] [189/459] SGWT
[00:03:13] [190/459] SRII
[00:03:14] [191/459] SGCK
[00:03:15] [192/459] SVVB
[00:03:16] [193/459] DMHA
[00:03:16] [194/459] PPNL
[00:03:17] [195/459] CPNL
[00:03:18] [196/459] WVLD
[00:03:19] [197/459] PSLV
[00:03:20] [198/459] VTTL
[00:03:21] [199/459] NPAD
[00:03:22] [200/459] PVCS
[00:03:22] [201/459] MCHL
[00:03:23] [202/459] PPLL
[00:03:24] [203/459] MALO
[00:03:25] [204/459] SWBH
[00:03:26] [205/459] PUGB
[00:03:26] [206/459] INBB
[00:03:27] [207/459] INNS
[00:03:29] [208/459] MCPT
[00:03:29] [209/459] SCMI
[00:03:30] [210/459] OCON
[00:03:31] [211/459] SCSM
[00:03:33] [212/459] RJVN
[00:03:34] [213/459] AMDK
[00:03:35] [214/459] ISMR
[00:03:36] [215/459] SMTD
[00:03:37] [216/459] VTDD
[00:03:38] [217/459] PDDZ
[00:03:40] [218/459] PCCK
[00:03:41] [219/459] INAM
[00:03:42] [220/459] FNKT
[00:03:43] [221/459] GDKA
[00:03:43] [222/459] MAYU
[00:03:45] [223/459] TCGU
[00:03:46] [224/459] KDCA
[00:03:48] [225/459] DOMY
[00:03:48] [226/459] PDDD
[00:03:50] [227/459] BJTS
[00:03:51] [228/459] VTCA
[00:03:52] [229/459] SBTM
[00:03:53] [230/459] SEET
[00:03:53] [231/459] SSTJ
[00:03:54] [232/459] SVNT
[00:03:55] [233/459] PPPR
[00:03:56] [234/459] PVYS
[00:03:58] [235/459] IOSE
[00:03:59] [236/459] ACTV
[00:03:59] [237/459] APVE
[00:04:00] [238/459] TCCL
[00:04:01] [239/459] SCMO
[00:04:02] [240/459] SAUM
[00:04:03] [241/459] KCJS
[00:04:04] [242/459] NJCJ
[00:04:05] [243/459] NECF
[00:04:06] [244/459] CCGW
[00:04:07] [245/459] CCMG
[00:04:08] [246/459] NYRG
[00:04:09] [247/459] NCSQ
[00:04:09] [248/459] GRCG
[00:04:10] [249/459] CCBT
[00:04:11] [250/459] ACGA
[00:04:12] [251/459] INAG
[00:04:12] [252/459] FUCG
[00:04:14] [253/459] AICF
[00:04:15] [254/459] GRGA
[00:04:16] [255/459] GDCN
[00:04:16] [256/459] RRCG
[00:04:17] [257/459] SDCH
[00:04:18] [258/459] WVJM
[00:04:19] [259/459] JCCZ
[00:04:20] [260/459] CNCL
[00:04:21] [261/459] TMLV
[00:04:22] [262/459] MEMB
[00:04:23] [263/459] SGTD
[00:04:24] [264/459] CONX
[00:04:25] [265/459] CCMH
[00:04:25] [266/459] ACMC
[00:04:26] [267/459] DTPD
[00:04:27] [268/459] POJA
[00:04:28] [269/459] FNBH
[00:04:29] [270/459] CGCB
[00:04:30] [271/459] RACN
[00:04:31] [272/459] JTSM
[00:04:31] [273/459] SCDN
[00:04:32] [274/459] AACK
[00:04:33] [275/459] RMCE
[00:04:34] [276/459] BSGB
[00:04:35] [277/459] MRCB
[00:04:36] [278/459] SRVR
[00:04:36] [279/459] VTKK
[00:04:37] [280/459] AMST
[00:04:38] [281/459] APCY
[00:04:39] [282/459] LMHO
[00:04:40] [283/459] MTZH
[00:04:41] [284/459] AMZB
[00:04:42] [285/459] SUVT
[00:04:42] [286/459] RCIP
[00:04:43] [287/459] KESR
[00:04:44] [288/459] SNKC
[00:04:45] [289/459] SCED
[00:04:46] [290/459] DVCA
[00:04:47] [291/459] VCDT
[00:04:48] [292/459] RRDI
[00:04:48] [293/459] DFCH
[00:04:49] [294/459] INSC
[00:04:50] [295/459] RGTR
[00:04:51] [296/459] FMOT
[00:04:52] [297/459] SCPM
[00:04:53] [298/459] GCDT
[00:04:54] [299/459] BRKT
[00:04:55] [300/459] DEMP
[00:04:55] [301/459] SRLC
[00:04:56] [302/459] KSTT
[00:04:57] [303/459] SMMT
[00:04:58] [304/459] SILM
[00:04:59] [305/459] JCVM
[00:05:00] [306/459] KCSV
[00:05:01] [307/459] MHLK
[00:05:02] [308/459] SLVL
[00:05:02] [309/459] RJKP
[00:05:03] [310/459] BBPC
[00:05:04] [311/459] MXCB
[00:05:05] [312/459] TCPK
[00:05:06] [313/459] RTBR
[00:05:07] [314/459] GAUT
[00:05:08] [315/459] DVCF
[00:05:09] [316/459] JTSB
[00:05:10] [317/459] SBLS
[00:05:11] [318/459] UDAY
[00:05:12] [319/459] PTNP
[00:05:13] [320/459] DMKT
[00:05:14] [321/459] NTDT
[00:05:14] [322/459] SHDJ
[00:05:15] [323/459] OTNC
[00:05:16] [324/459] RNTW
[00:05:17] [325/459] GCMI
[00:05:18] [326/459] CRCM
[00:05:19] [327/459] NNCZ
[00:05:20] [328/459] OEMO
[00:05:21] [329/459] PVJM
[00:05:22] [330/459] CPJI
[00:05:22] [331/459] RMCJ
[00:05:23] [332/459] CNWJ
[00:05:24] [333/459] EPJM
[00:05:25] [334/459] FNJJ
[00:05:26] [335/459] GCMJ
[00:05:27] [336/459] INPS
[00:05:29] [337/459] BICJ
[00:05:30] [338/459] ISTJ
[00:05:31] [339/459] INJC
[00:05:31] [340/459] GLXJ
[00:05:32] [341/459] INEM
[00:05:33] [342/459] JTMN
[00:05:34] [343/459] FRCJ
[00:05:35] [344/459] DDJP
[00:05:36] [345/459] INJV
[00:05:37] [346/459] GOLC
[00:05:38] [347/459] KOCI
[00:05:39] [348/459] FSTD
[00:05:40] [349/459] PACJ
[00:05:41] [350/459] GMCN
[00:05:41] [351/459] MMDJ
[00:05:42] [352/459] GODH
[00:05:43] [353/459] SKYN
[00:05:44] [354/459] NCTH
[00:05:45] [355/459] SKVZ
[00:05:45] [356/459] SVML
[00:05:46] [357/459] ACVZ
[00:05:47] [358/459] SURA
[00:05:49] [359/459] RTRB
[00:05:50] [360/459] LLCT
[00:05:51] [361/459] ATTS
[00:05:51] [362/459] JYCM
[00:05:52] [363/459] CTKR
[00:05:53] [364/459] LCKR
[00:05:54] [365/459] NYCV
[00:05:54] [366/459] NYOH
[00:05:55] [367/459] NOVX
[00:05:56] [368/459] MRGK
[00:05:57] [369/459] MOON
[00:05:58] [370/459] SBUC
[00:05:59] [371/459] GSVA
[00:06:00] [372/459] VIAK
[00:06:01] [373/459] SMVZ
[00:06:02] [374/459] MATE
[00:06:02] [375/459] RDCN
[00:06:03] [376/459] ASBL
[00:06:04] [377/459] ASVS
[00:06:05] [378/459] ASSR
[00:06:06] [379/459] SSKN
[00:06:07] [380/459] DRPV
[00:06:08] [381/459] MRHT
[00:06:09] [382/459] BSCN
[00:06:09] [383/459] RKNX
[00:06:10] [384/459] MSMC
[00:06:12] [385/459] MSCJ
[00:06:13] [386/459] BTBJ
[00:06:14] [387/459] MJCC
[00:06:15] [388/459] IOMM
[00:06:15] [389/459] ADGR
[00:06:16] [390/459] MYCP
[00:06:17] [391/459] IGCM
[00:06:18] [392/459] PGRK
[00:06:19] [393/459] VPGO
[00:06:19] [394/459] KOMS
[00:06:20] [395/459] URGG
[00:06:21] [396/459] GOST
[00:06:22] [397/459] LACT
[00:06:23] [398/459] BWCM
[00:06:23] [399/459] NCCW
[00:06:24] [400/459] SKYC
[00:06:25] [401/459] CCPM
[00:06:26] [402/459] VCBT
[00:06:27] [403/459] SDKR
[00:06:28] [404/459] CTYB
[00:06:29] [405/459] SHCX
[00:06:29] [406/459] RCUN
[00:06:30] [407/459] CNRA
[00:06:31] [408/459] RFCA
[00:06:32] [409/459] RDCU
[00:06:34] [410/459] SARK
[00:06:34] [411/459] SPPP
[00:06:35] [412/459] ADMB
[00:06:36] [413/459] JYOE
[00:06:38] [414/459] SRMD
[00:06:39] [415/459] RJDH
[00:06:40] [416/459] SSTD
[00:06:41] [417/459] AACV
[00:06:42] [418/459] PPVD
[00:06:43] [419/459] STCP
[00:06:44] [420/459] ANJR
[00:06:44] [421/459] ANLS
[00:06:45] [422/459] BIJO
[00:06:47] [423/459] AVAB
[00:06:48] [424/459] SPMD
[00:06:48] [425/459] SVJL
[00:06:49] [426/459] SDDJ
[00:06:50] [427/459] SLTU
[00:06:51] [428/459] SAKA
[00:06:53] [429/459] PMAM
[00:06:54] [430/459] FNAM
[00:06:55] [431/459] ACAM
[00:06:56] [432/459] SCMM
[00:06:57] [433/459] PMAK
[00:06:58] [434/459] NYSA
[00:06:59] [435/459] FCPA
[00:07:00] [436/459] GDAN
[00:07:01] [437/459] RSCA
[00:07:02] [438/459] DMAN
[00:07:03] [439/459] DZCM
[00:07:04] [440/459] NSGL
[00:07:05] [441/459] CCPP
[00:07:06] [442/459] PSMG
[00:07:07] [443/459] GSER
[00:07:08] [444/459] FCCT
[00:07:08] [445/459] FCTB
[00:07:09] [446/459] LCNK
[00:07:10] [447/459] SKTY
[00:07:12] [448/459] INAA
[00:07:13] [449/459] RCWN
[00:07:13] [450/459] VAIS
[00:07:14] [451/459] CVMN
[00:07:15] [452/459] INTS
[00:07:16] [453/459] FRGS
[00:07:16] [454/459] DTCK
[00:07:17] [455/459] MCMH
[00:07:18] [456/459] ECRR
[00:07:19] [457/459] RLLP
[00:07:20] [458/459] CCSN
[00:07:21] [459/459] CCBA
[00:07:21] ✅ DONE | Shows=1 | Movies=1
