[00:00:19] 🚀 BMS DAILY TRACKER STARTED
[00:00:19] [1/459] MCCZ
[00:00:19] 🧠 New identity
[00:00:20] [2/459] FRPU
[00:00:22] [3/459] SKSI
[00:00:23] [4/459] SSCK
[00:00:23] [5/459] SRDC
[00:00:24] [6/459] RSCZ
[00:00:25] [7/459] PRVT
[00:00:26] [8/459] GAGJ
[00:00:27] [9/459] SMHG
[00:00:28] [10/459] JTST
[00:00:28] [11/459] MYTH
[00:00:29] [12/459] JPCC
[00:00:30] [13/459] ACDC
[00:00:30] [14/459] SVFP
[00:00:31] [15/459] SFCM
[00:00:32] [16/459] RUPK
[00:00:33] [17/459] NTCR
[00:00:34] [18/459] RTCH
[00:00:35] [19/459] SCMH
[00:00:36] [20/459] SVYM
[00:00:36] [21/459] SPYM
[00:00:37] [22/459] SMMF
[00:00:38] [23/459] CLLB
[00:00:40] [24/459] FMCB
[00:00:41] [25/459] BBTC
[00:00:42] [26/459] NTHS
[00:00:42] [27/459] PKKJ
[00:00:43] [28/459] MTJA
[00:00:44] [29/459] PMSJ
[00:00:45] [30/459] JMJU
[00:00:46] [31/459] SRAD
[00:00:47] [32/459] MJMC
[00:00:48] [33/459] DFRM
[00:00:48] [34/459] PMRS
[00:00:49] [35/459] RKPP
[00:00:50] [36/459] BMBK
[00:00:51] [37/459] NEWS
[00:00:52] [38/459] SALB
[00:00:53] [39/459] SCPW
[00:00:54] [40/459] RAYL
[00:00:54] [41/459] CMGJ
[00:00:55] [42/459] JRCR
[00:00:56] [43/459] SRTB
[00:00:57] [44/459] ETPB
[00:00:58] [45/459] MXBN
[00:00:59] [46/459] TOPE
[00:01:00] [47/459] SNLJ
[00:01:01] [48/459] CDDP
[00:01:02] [49/459] APCX
[00:01:02] [50/459] TALP
[00:01:03] [51/459] RRMP
[00:01:04] [52/459] MAHB
[00:01:05] [53/459] MTKR
[00:01:06] [54/459] KSKL
[00:01:06] [55/459] RJLT
[00:01:07] [56/459] ATAS
[00:01:08] [57/459] AMHR
[00:01:09] [58/459] RSRM
[00:01:10] [59/459] GCAT
[00:01:10] [60/459] SMML
[00:01:11] [61/459] ACCD
[00:01:12] [62/459] VYDA
[00:01:14] [63/459] MSKT
[00:01:15] [64/459] AVDM
[00:01:16] [65/459] ASMH
[00:01:16] [66/459] VTMB
[00:01:17] [67/459] WVMB
[00:01:18] [68/459] PPMN
[00:01:19] [69/459] MTMD
[00:01:19] [70/459] SMMO
[00:01:20] [71/459] DLPB
[00:01:21] [72/459] AKMD
[00:01:22] [73/459] SHRR
[00:01:22] [74/459] ASCO
[00:01:23] [75/459] CZVX
[00:01:24] [76/459] GCBB
[00:01:25] [77/459] ATBM
[00:01:25] [78/459] TCGM
[00:01:26] [79/459] UMSE
[00:01:27] [80/459] NKCL
[00:01:28] [81/459] BTLR
[00:01:29] [82/459] GOCL
[00:01:30] [83/459] MIRN
[00:01:30] [84/459] THEC
[00:01:31] [85/459] SPPB
[00:01:32] [86/459] PMMM
[00:01:33] [87/459] GGMC
[00:01:35] [88/459] AVSR
[00:01:35] [89/459] RDMH
[00:01:36] [90/459] JSRS
[00:01:37] [91/459] VKGP
[00:01:38] [92/459] ACRT
[00:01:39] [93/459] GCBA
[00:01:39] [94/459] GTCP
[00:01:40] [95/459] AKFC
[00:01:41] [96/459] INCS
[00:01:42] [97/459] SMCK
[00:01:42] [98/459] BRUN
[00:01:43] [99/459] RPPC
[00:01:44] [100/459] PAYD
[00:01:45] [101/459] SVVT
[00:01:46] [102/459] RNCC
[00:01:46] [103/459] PCRC
[00:01:47] [104/459] PMRM
[00:01:48] [105/459] CCRP
[00:01:49] [106/459] INCR
[00:01:50] [107/459] ZTMP
[00:01:51] [108/459] MCNR
[00:01:52] [109/459] INRP
[00:01:53] [110/459] STRC
[00:01:55] [111/459] RATI
[00:01:56] [112/459] PBTR
[00:01:57] [113/459] CMHP
[00:01:57] [114/459] ZECJ
[00:01:59] [115/459] CCCB
[00:02:00] [116/459] BWCB
[00:02:01] [117/459] CCAT
[00:02:01] [118/459] KGCM
[00:02:02] [119/459] INPT
[00:02:03] [120/459] FNCO
[00:02:04] [121/459] SRMJ
[00:02:05] [122/459] PFSC
[00:02:05] [123/459] PBMC
[00:02:06] [124/459] KARP
[00:02:07] [125/459] KOVI
[00:02:08] [126/459] ACXL
[00:02:09] [127/459] GKCC
[00:02:10] [128/459] ASCC
[00:02:10] [129/459] SETC
[00:02:11] [130/459] KACC
[00:02:12] [131/459] KAVE
[00:02:13] [132/459] CNTC
[00:02:14] [133/459] MEEN
[00:02:15] [134/459] BMRV
[00:02:15] [135/459] SVAM
[00:02:16] [136/459] VTBP
[00:02:17] [137/459] VCKN
[00:02:18] [138/459] SGTK
[00:02:19] [139/459] RCGS
[00:02:19] [140/459] RCCB
[00:02:21] [141/459] RKSR
[00:02:22] [142/459] RKCU
[00:02:23] [143/459] GIBH
[00:02:23] [144/459] CXBS
[00:02:24] [145/459] GGCB
[00:02:25] [146/459] SCPB
[00:02:26] [147/459] AKTB
[00:02:26] [148/459] SRBU
[00:02:27] [149/459] CSSA
[00:02:28] [150/459] MYAN
[00:02:29] [151/459] EXCA
[00:02:29] [152/459] CKSA
[00:02:30] [153/459] JTNM
[00:02:31] [154/459] CXKT
[00:02:32] [155/459] NCLM
[00:02:33] [156/459] JAAD
[00:02:34] [157/459] RDCR
[00:02:35] [158/459] MEER
[00:02:35] [159/459] SIBT
[00:02:36] [160/459] PVVB
[00:02:37] [161/459] FNPN
[00:02:38] [162/459] CRPX
[00:02:38] [163/459] STET
[00:02:39] [164/459] METE
[00:02:40] [165/459] BJML
[00:02:40] [166/459] MAVT
[00:02:41] [167/459] MSRM
[00:02:42] [168/459] TJMP
[00:02:43] [169/459] MHCK
[00:02:44] [170/459] SVGP
[00:02:45] [171/459] KRRC
[00:02:46] [172/459] IMCH
[00:02:47] [173/459] CMCS
[00:02:48] [174/459] SGND
[00:02:48] [175/459] RNAT
[00:02:49] [176/459] PRTN
[00:02:50] [177/459] MPTN
[00:02:51] [178/459] ARCC
[00:02:52] [179/459] NTTE
[00:02:52] [180/459] ABND
[00:02:53] [181/459] KCSN
[00:02:55] [182/459] KCSA
[00:02:55] [183/459] DCKT
[00:02:56] [184/459] MBBR
[00:02:57] [185/459] RAMU
[00:02:58] [186/459] RACW
[00:02:59] [187/459] MCHP
[00:03:00] [188/459] TMHM
[00:03:01] [189/459] STXH
[00:03:02] [190/459] AGSG
[00:03:03] [191/459] SIRA
[00:03:04] [192/459] RCAN
[00:03:05] [193/459] CWTB
[00:03:05] [194/459] VTYM
[00:03:07] [195/459] RRPP
[00:03:08] [196/459] ASMR
[00:03:08] [197/459] RONO
[00:03:09] [198/459] MEMR
[00:03:10] [199/459] CTMR
[00:03:11] [200/459] PMTT
[00:03:11] [201/459] PSLX
[00:03:12] [202/459] IPPL
[00:03:13] [203/459] MMSG
[00:03:14] [204/459] INEL
[00:03:15] [205/459] COAC
[00:03:16] [206/459] WVLK
[00:03:17] [207/459] PPXL
[00:03:18] [208/459] PSML
[00:03:19] [209/459] FNLK
[00:03:20] [210/459] ILUM
[00:03:21] [211/459] ILCM
[00:03:22] [212/459] MSNL
[00:03:22] [213/459] VINB
[00:03:23] [214/459] SALW
[00:03:24] [215/459] PRTB
[00:03:25] [216/459] NCIL
[00:03:25] [217/459] PSUL
[00:03:26] [218/459] SCLK
[00:03:27] [219/459] ADDC
[00:03:28] [220/459] OACL
[00:03:29] [221/459] OOCF
[00:03:30] [222/459] GPMF
[00:03:31] [223/459] SSDG
[00:03:32] [224/459] SKRS
[00:03:33] [225/459] NTTP
[00:03:33] [226/459] SLTP
[00:03:35] [227/459] JTLC
[00:03:36] [228/459] POON
[00:03:37] [229/459] CCPC
[00:03:38] [230/459] DCKC
[00:03:38] [231/459] CPRT
[00:03:39] [232/459] EYHZ
[00:03:40] [233/459] ARBL
[00:03:41] [234/459] SBTB
[00:03:42] [235/459] MMCK
[00:03:43] [236/459] PLMR
[00:03:44] [237/459] BIJH
[00:03:45] [238/459] SDRT
[00:03:47] [239/459] PRDC
[00:03:47] [240/459] OMJA
[00:03:48] [241/459] VKCR
[00:03:49] [242/459] ATRT
[00:03:50] [243/459] WVRP
[00:03:51] [244/459] MVRP
[00:03:51] [245/459] FCAX
[00:03:52] [246/459] CTLC
[00:03:53] [247/459] JCHB
[00:03:54] [248/459] SELP
[00:03:55] [249/459] VCPG
[00:03:55] [250/459] ASCX
[00:03:56] [251/459] EOCS
[00:03:57] [252/459] RCPH
[00:03:57] [253/459] RJTM
[00:03:59] [254/459] SGMD
[00:04:00] [255/459] SVJT
[00:04:01] [256/459] SPPO
[00:04:02] [257/459] MNRL
[00:04:02] [258/459] KNOX
[00:04:03] [259/459] GIER
[00:04:04] [260/459] PJMS
[00:04:05] [261/459] UNSP
[00:04:06] [262/459] JETP
[00:04:07] [263/459] VTWA
[00:04:08] [264/459] SCJI
[00:04:09] [265/459] CBZZ
[00:04:10] [266/459] SDCJ
[00:04:11] [267/459] RRCC
[00:04:12] [268/459] VNKG
[00:04:13] [269/459] LKTO
[00:04:13] [270/459] PJRM
[00:04:14] [271/459] NVRM
[00:04:15] [272/459] SJCS
[00:04:16] [273/459] VIGK
[00:04:17] [274/459] ANST
[00:04:18] [275/459] JTTS
[00:04:19] [276/459] NTST
[00:04:19] [277/459] PREB
[00:04:20] [278/459] TSCZ
[00:04:21] [279/459] CDCM
[00:04:22] [280/459] ELYE
[00:04:23] [281/459] INBS
[00:04:24] [282/459] SMGC
[00:04:25] [283/459] UTMP
[00:04:25] [284/459] INTA
[00:04:26] [285/459] OMPT
[00:04:28] [286/459] SCIR
[00:04:29] [287/459] GCKJ
[00:04:30] [288/459] INOG
[00:04:31] [289/459] SMGB
[00:04:32] [290/459] MCSG
[00:04:32] [291/459] STKG
[00:04:34] [292/459] TTKG
[00:04:35] [293/459] SRTR
[00:04:36] [294/459] ETTR
[00:04:36] [295/459] GGGZ
[00:04:37] [296/459] IPGM
[00:04:38] [297/459] FCDH
[00:04:38] [298/459] DESB
[00:04:39] [299/459] VNTP
[00:04:40] [300/459] ANNT
[00:04:41] [301/459] SLTI
[00:04:42] [302/459] MAJU
[00:04:43] [303/459] JCXP
[00:04:44] [304/459] HARK
[00:04:45] [305/459] JPCJ
[00:04:46] [306/459] RXBD
[00:04:46] [307/459] PTKJ
[00:04:48] [308/459] CMTU
[00:04:49] [309/459] SWOR
[00:04:49] [310/459] JMEX
[00:04:50] [311/459] DTPT
[00:04:51] [312/459] VGMM
[00:04:52] [313/459] VCSG
[00:04:53] [314/459] CVCG
[00:04:54] [315/459] TNTT
[00:04:54] [316/459] SHRM
[00:04:55] [317/459] CGKD
[00:04:56] [318/459] EKCM
[00:04:57] [319/459] SDCX
[00:04:58] [320/459] SBTE
[00:04:59] [321/459] STKJ
[00:05:00] [322/459] TPCE
[00:05:01] [323/459] JTNP
[00:05:02] [324/459] LPCH
[00:05:03] [325/459] CPUO
[00:05:04] [326/459] APSU
[00:05:05] [327/459] RTHC
[00:05:05] [328/459] PTBU
[00:05:06] [329/459] CUCC
[00:05:07] [330/459] CPSA
[00:05:08] [331/459] SUAY
[00:05:09] [332/459] AYAA
[00:05:10] [333/459] MUCH
[00:05:11] [334/459] PCIN
[00:05:12] [335/459] JRRM
[00:05:13] [336/459] KATS
[00:05:14] [337/459] MHFF
[00:05:16] [338/459] ESYM
[00:05:17] [339/459] STYV
[00:05:17] [340/459] SDKG
[00:05:19] [341/459] SMTI
[00:05:20] [342/459] NYCS
[00:05:21] [343/459] MTBG
[00:05:23] [344/459] RHCA
[00:05:24] [345/459] PCKH
[00:05:24] [346/459] ARCR
[00:05:25] [347/459] NCMB
[00:05:26] [348/459] SHYC
[00:05:28] [349/459] LACK
[00:05:28] [350/459] MTCM
[00:05:29] [351/459] RRBN
[00:05:30] [352/459] MYDC
[00:05:31] [353/459] STCS
[00:05:31] [354/459] CONN
[00:05:32] [355/459] SIPS
[00:05:33] [356/459] SMMX
[00:05:34] [357/459] SCBY
[00:05:34] [358/459] SUAP
[00:05:36] [359/459] RSMK
[00:05:37] [360/459] STKP
[00:05:38] [361/459] CIPC
[00:05:38] [362/459] KKCI
[00:05:40] [363/459] CTNK
[00:05:41] [364/459] MMTZ
[00:05:41] [365/459] DCCO
[00:05:42] [366/459] VNMN
[00:05:43] [367/459] RLCN
[00:05:44] [368/459] CMMS
[00:05:45] [369/459] AYOU
[00:05:46] [370/459] SSCN
[00:05:47] [371/459] SMXN
[00:05:48] [372/459] ASSK
[00:05:48] [373/459] VCKM
[00:05:49] [374/459] PCPH
[00:05:50] [375/459] PADM
[00:05:51] [376/459] IESA
[00:05:52] [377/459] VCSP
[00:05:52] [378/459] AEST
[00:05:53] [379/459] VTNR
[00:05:54] [380/459] GTTA
[00:05:55] [381/459] CMMM
[00:05:56] [382/459] AHKT
[00:05:57] [383/459] SIJI
[00:05:58] [384/459] VCEI
[00:05:59] [385/459] SAKR
[00:05:59] [386/459] VSMT
[00:06:00] [387/459] SSCT
[00:06:01] [388/459] USTR
[00:06:02] [389/459] MTKT
[00:06:04] [390/459] TGMP
[00:06:05] [391/459] SIVC
[00:06:05] [392/459] KICT
[00:06:06] [393/459] DAMD
[00:06:07] [394/459] CNPT
[00:06:08] [395/459] RVTT
[00:06:09] [396/459] SNCM
[00:06:10] [397/459] GHTE
[00:06:11] [398/459] PPAM
[00:06:11] [399/459] PVAA
[00:06:13] [400/459] CPAO
[00:06:14] [401/459] HAMD
[00:06:16] [402/459] RCCA
[00:06:16] [403/459] MPCH
[00:06:17] [404/459] ARED
[00:06:18] [405/459] RRCV
[00:06:19] [406/459] MTRB
[00:06:20] [407/459] CKUA
[00:06:21] [408/459] ABMP
[00:06:22] [409/459] RCWA
[00:06:23] [410/459] CGAR
[00:06:23] [411/459] METH
[00:06:24] [412/459] WAGA
[00:06:26] [413/459] MCMA
[00:06:27] [414/459] CSMP
[00:06:28] [415/459] RCNK
[00:06:29] [416/459] PSTM
[00:06:30] [417/459] CSEP
[00:06:30] [418/459] AMGD
[00:06:31] [419/459] CSTE
[00:06:32] [420/459] CONS
[00:06:33] [421/459] APPX
[00:06:34] [422/459] MABC
[00:06:35] [423/459] CXST
[00:06:36] [424/459] MATN
[00:06:36] [425/459] MACZ
[00:06:38] [426/459] MASA
[00:06:39] [427/459] MBSX
[00:06:40] [428/459] CSST
[00:06:41] [429/459] APCL
[00:06:42] [430/459] CGOS
[00:06:42] [431/459] CPEC
[00:06:43] [432/459] MCCP
[00:06:44] [433/459] BSSO
[00:06:45] [434/459] SJKA
[00:06:46] [435/459] CGBO
[00:06:46] [436/459] MVSK
[00:06:47] [437/459] HVCA
[00:06:48] [438/459] NAMD
[00:06:49] [439/459] DEVI
[00:06:50] [440/459] SCSV
[00:06:50] [441/459] PSMA
[00:06:51] [442/459] CLDJ
[00:06:52] [443/459] NMAD
[00:06:52] [444/459] CGMO
[00:06:53] [445/459] MCNA
[00:06:54] [446/459] OCBN
[00:06:55] [447/459] CPEM
[00:06:55] [448/459] CPSM
[00:06:56] [449/459] RCAD
[00:06:57] [450/459] CPMU
[00:06:58] [451/459] DICD
[00:06:59] [452/459] CHOE
[00:07:00] [453/459] PDJM
[00:07:00] [454/459] SSTU
[00:07:01] [455/459] VNRN
[00:07:02] [456/459] PVLG
[00:07:03] [457/459] SWBL
[00:07:04] [458/459] SCAB
[00:07:05] [459/459] RDDA
[00:07:06] ✅ DONE | Shows=0 | Movies=0
