[00:00:22] 🚀 BMS DAILY TRACKER STARTED
[00:00:22] [1/324] GCTA
[00:00:22] 🧠 New identity
[00:00:23] [2/324] TOPN
[00:00:25] [3/324] MCUS
[00:00:26] [4/324] SHRL
[00:00:27] [5/324] UPTP
[00:00:27] [6/324] TMMP
[00:00:28] [7/324] DNRP
[00:00:29] [8/324] SRLT
[00:00:30] [9/324] RCNS
[00:00:31] [10/324] DCBH
[00:00:31] [11/324] NAGJ
[00:00:32] [12/324] JVRC
[00:00:33] [13/324] KRJG
[00:00:34] [14/324] SRTJ
[00:00:36] [15/324] CMXM
[00:00:36] [16/324] STMI
[00:00:37] [17/324] SLST
[00:00:38] [18/324] DTCN
[00:00:39] [19/324] STYN
[00:00:40] [20/324] SZVR
[00:00:40] [21/324] SRKO
[00:00:42] [22/324] JTGT
[00:00:43] [23/324] SVFD
[00:00:44] [24/324] SISD
[00:00:45] [25/324] ABDD
[00:00:46] [26/324] DRCA
[00:00:47] [27/324] AVCS
[00:00:48] [28/324] MVKH
[00:00:49] [29/324] ACPR
[00:00:50] [30/324] STIP
[00:00:50] [31/324] MTRA
[00:00:52] [32/324] RMKH
[00:00:53] [33/324] NKRL
[00:00:54] [34/324] PCWN
[00:00:54] [35/324] BLMT
[00:00:56] [36/324] GDPG
[00:00:56] [37/324] SRMX
[00:00:57] [38/324] JACP
[00:00:58] [39/324] CPSH
[00:00:59] [40/324] MCCD
[00:01:00] [41/324] ECGH
[00:01:01] [42/324] MKCK
[00:01:02] [43/324] SRMM
[00:01:03] [44/324] SKYR
[00:01:04] [45/324] PCKC
[00:01:05] [46/324] JCMA
[00:01:06] [47/324] BSMP
[00:01:06] [48/324] VSPA
[00:01:08] [49/324] DJYA
[00:01:09] [50/324] DIMP
[00:01:10] [51/324] FXDR
[00:01:10] [52/324] SSRC
[00:01:12] [53/324] STHP
[00:01:13] [54/324] CPPD
[00:01:14] [55/324] FCLK
[00:01:15] [56/324] SCPP
[00:01:16] [57/324] DCMJ
[00:01:17] [58/324] RCCR
[00:01:18] [59/324] INMT
[00:01:18] [60/324] LXTK
[00:01:19] [61/324] SRYK
[00:01:20] [62/324] SGDK
[00:01:21] [63/324] PPKA
[00:01:22] [64/324] SPKA
[00:01:23] [65/324] CGHH
[00:01:24] [66/324] DCJN
[00:01:25] [67/324] SRKV
[00:01:26] [68/324] SAJC
[00:01:27] [69/324] SUSR
[00:01:28] [70/324] STYG
[00:01:28] [71/324] NTKP
[00:01:29] [72/324] AKTG
[00:01:30] [73/324] CGCM
[00:01:31] [74/324] TULC
[00:01:32] [75/324] NYYZ
[00:01:33] [76/324] NYBW
[00:01:34] [77/324] MACB
[00:01:34] [78/324] SLVT
[00:01:35] [79/324] SANA
[00:01:36] [80/324] ACMR
[00:01:37] [81/324] CPKN
[00:01:38] [82/324] DLGK
[00:01:39] [83/324] CWCK
[00:01:40] [84/324] FDDH
[00:01:40] [85/324] MMMD
[00:01:41] [86/324] CMEH
[00:01:42] [87/324] GGGV
[00:01:43] [88/324] SPJL
[00:01:44] [89/324] RCCD
[00:01:45] [90/324] STTZ
[00:01:46] [91/324] BTCF
[00:01:47] [92/324] TSTZ
[00:01:48] [93/324] IPMM
[00:01:49] [94/324] PMPW
[00:01:50] [95/324] PCMZ
[00:01:51] [96/324] ESEM
[00:01:53] [97/324] PIPO
[00:01:53] [98/324] MATK
[00:01:54] [99/324] PGHM
[00:01:55] [100/324] CTSR
[00:01:56] [101/324] CYKR
[00:01:57] [102/324] MSCM
[00:01:58] [103/324] RFNP
[00:01:59] [104/324] PDCP
[00:02:00] [105/324] NPSE
[00:02:00] [106/324] MKML
[00:02:01] [107/324] FTDP
[00:02:02] [108/324] MMXA
[00:02:03] [109/324] CEPO
[00:02:04] [110/324] CMVP
[00:02:05] [111/324] SGTH
[00:02:06] [112/324] SAYN
[00:02:07] [113/324] URVS
[00:02:08] [114/324] VJTN
[00:02:09] [115/324] BBYK
[00:02:10] [116/324] SHBO
[00:02:11] [117/324] VCMR
[00:02:12] [118/324] MACT
[00:02:13] [119/324] JMNP
[00:02:13] [120/324] VICS
[00:02:14] [121/324] VCDA
[00:02:15] [122/324] GCMM
[00:02:16] [123/324] INVS
[00:02:17] [124/324] SCGM
[00:02:18] [125/324] PCDA
[00:02:19] [126/324] KDCT
[00:02:20] [127/324] JACS
[00:02:21] [128/324] GMMC
[00:02:22] [129/324] AICM
[00:02:23] [130/324] TJCM
[00:02:23] [131/324] RMTI
[00:02:24] [132/324] SHAC
[00:02:25] [133/324] APJC
[00:02:26] [134/324] GCTG
[00:02:26] [135/324] SSMC
[00:02:27] [136/324] THRM
[00:02:28] [137/324] RBCT
[00:02:29] [138/324] DIKT
[00:02:30] [139/324] MIDL
[00:02:31] [140/324] VCSN
[00:02:32] [141/324] SKTG
[00:02:33] [142/324] SMWC
[00:02:33] [143/324] MNKH
[00:02:34] [144/324] PIAT
[00:02:35] [145/324] LTTP
[00:02:36] [146/324] PTPU
[00:02:37] [147/324] ACMG
[00:02:37] [148/324] SHMM
[00:02:38] [149/324] MCMN
[00:02:39] [150/324] GLDC
[00:02:40] [151/324] HOUT
[00:02:41] [152/324] SVRP
[00:02:42] [153/324] PVDN
[00:02:43] [154/324] SCPY
[00:02:44] [155/324] DTPY
[00:02:44] [156/324] GKCS
[00:02:45] [157/324] NCAM
[00:02:46] [158/324] BSRM
[00:02:47] [159/324] RCLC
[00:02:48] [160/324] SKKD
[00:02:49] [161/324] ACHU
[00:02:50] [162/324] RSCF
[00:02:51] [163/324] IMSH
[00:02:52] [164/324] MACX
[00:02:53] [165/324] HMMW
[00:02:54] [166/324] JTCP
[00:02:55] [167/324] SREN
[00:02:56] [168/324] PJRR
[00:02:56] [169/324] INAC
[00:02:57] [170/324] BMCA
[00:02:58] [171/324] SHCB
[00:02:59] [172/324] GABA
[00:03:00] [173/324] SBCT
[00:03:00] [174/324] GCMA
[00:03:01] [175/324] MYTK
[00:03:03] [176/324] INZS
[00:03:03] [177/324] RMIK
[00:03:04] [178/324] NYCH
[00:03:05] [179/324] RAVE
[00:03:06] [180/324] PSXM
[00:03:07] [181/324] MCGP
[00:03:07] [182/324] PDDK
[00:03:08] [183/324] SPCK
[00:03:09] [184/324] MCRL
[00:03:10] [185/324] MHKT
[00:03:11] [186/324] ANRR
[00:03:13] [187/324] SAPK
[00:03:14] [188/324] NCUK
[00:03:15] [189/324] JUGA
[00:03:15] [190/324] DBSC
[00:03:16] [191/324] LALK
[00:03:17] [192/324] GUCK
[00:03:18] [193/324] STSG
[00:03:19] [194/324] PPPZ
[00:03:20] [195/324] CNCY
[00:03:21] [196/324] MTAR
[00:03:22] [197/324] VNKD
[00:03:22] [198/324] KMAJ
[00:03:23] [199/324] ACXK
[00:03:24] [200/324] UTKC
[00:03:25] [201/324] PBLK
[00:03:25] [202/324] ACBX
[00:03:26] [203/324] PTGM
[00:03:27] [204/324] BTDA
[00:03:28] [205/324] PJMB
[00:03:29] [206/324] TPDA
[00:03:30] [207/324] AMOE
[00:03:31] [208/324] PRHT
[00:03:32] [209/324] PRTA
[00:03:32] [210/324] STAM
[00:03:33] [211/324] MSAA
[00:03:34] [212/324] SDLU
[00:03:35] [213/324] RCHH
[00:03:36] [214/324] KANT
[00:03:36] [215/324] FCRT
[00:03:37] [216/324] DNKM
[00:03:38] [217/324] RYCP
[00:03:39] [218/324] MYRP
[00:03:39] [219/324] PPAK
[00:03:40] [220/324] NVPK
[00:03:41] [221/324] PRMC
[00:03:42] [222/324] JBCS
[00:03:43] [223/324] GXCK
[00:03:44] [224/324] USKO
[00:03:44] [225/324] GTEM
[00:03:46] [226/324] SMBU
[00:03:47] [227/324] VETC
[00:03:47] [228/324] LCDA
[00:03:49] [229/324] MTVT
[00:03:50] [230/324] PYCP
[00:03:50] [231/324] PNSC
[00:03:51] [232/324] PPCC
[00:03:52] [233/324] TGRT
[00:03:53] [234/324] JYOT
[00:03:54] [235/324] SRCZ
[00:03:54] [236/324] SJTE
[00:03:55] [237/324] DESC
[00:03:56] [238/324] JHVN
[00:03:57] [239/324] IPSG
[00:03:58] [240/324] IPCM
[00:03:58] [241/324] PDRS
[00:04:00] [242/324] ANCV
[00:04:01] [243/324] CMVV
[00:04:01] [244/324] SHYP
[00:04:02] [245/324] DNCS
[00:04:03] [246/324] GAJK
[00:04:04] [247/324] AKTN
[00:04:05] [248/324] KAYA
[00:04:06] [249/324] SBRC
[00:04:07] [250/324] CHTP
[00:04:08] [251/324] SHRT
[00:04:09] [252/324] BCKU
[00:04:10] [253/324] FCPS
[00:04:11] [254/324] ARDD
[00:04:12] [255/324] CPCM
[00:04:13] [256/324] CGSM
[00:04:14] [257/324] PSMP
[00:04:15] [258/324] SDAL
[00:04:15] [259/324] RTNB
[00:04:16] [260/324] LMCR
[00:04:17] [261/324] CIMA
[00:04:18] [262/324] RNAS
[00:04:18] [263/324] LITH
[00:04:19] [264/324] PBOX
[00:04:20] [265/324] FRTS
[00:04:21] [266/324] RKIC
[00:04:22] [267/324] PTAI
[00:04:23] [268/324] GCIC
[00:04:24] [269/324] FNAS
[00:04:24] [270/324] SCAR
[00:04:25] [271/324] MTCA
[00:04:26] [272/324] SCTS
[00:04:27] [273/324] SYCS
[00:04:27] [274/324] RDMS
[00:04:28] [275/324] KAMP
[00:04:29] [276/324] ERSD
[00:04:30] [277/324] MJMJ
[00:04:31] [278/324] SRCJ
[00:04:32] [279/324] SCXE
[00:04:33] [280/324] SVFR
[00:04:33] [281/324] BHCS
[00:04:34] [282/324] IMCC
[00:04:35] [283/324] PCBO
[00:04:36] [284/324] PRVN
[00:04:37] [285/324] AUPM
[00:04:38] [286/324] INBW
[00:04:39] [287/324] SVCW
[00:04:40] [288/324] RKCF
[00:04:41] [289/324] UVBH
[00:04:41] [290/324] DNCY
[00:04:43] [291/324] ABCN
[00:04:43] [292/324] PRUR
[00:04:44] [293/324] PFMR
[00:04:45] [294/324] RKCN
[00:04:46] [295/324] CFEA
[00:04:47] [296/324] SDBG
[00:04:48] [297/324] SNAR
[00:04:49] [298/324] YISI
[00:04:50] [299/324] JCFF
[00:04:50] [300/324] VTRK
[00:04:51] [301/324] PCLZ
[00:04:52] [302/324] DIMY
[00:04:53] [303/324] BBTS
[00:04:54] [304/324] GATH
[00:04:55] [305/324] GTMN
[00:04:56] [306/324] VTMH
[00:04:56] [307/324] CCKP
[00:04:57] [308/324] GPKA
[00:04:58] [309/324] MHCL
[00:04:59] [310/324] ATCL
[00:05:00] [311/324] SBCK
[00:05:01] [312/324] AMMR
[00:05:02] [313/324] MADC
[00:05:03] [314/324] TMMA
[00:05:03] [315/324] CACC
[00:05:04] [316/324] CHAL
[00:05:05] [317/324] DURG
[00:05:06] [318/324] GMKU
[00:05:07] [319/324] GECA
[00:05:08] [320/324] KYRR
[00:05:09] [321/324] KSDE
[00:05:10] [322/324] LMCI
[00:05:10] [323/324] NKCP
[00:05:11] [324/324] BGTC
[00:05:12] ✅ DONE | Shows=0 | Movies=0
[00:46:55] 🚀 BMS DAILY TRACKER STARTED
[00:46:55] [1/324] GCTA
[00:46:55] 🧠 New identity
[00:46:56] [2/324] TOPN
[00:46:56] [3/324] MCUS
[00:46:57] [4/324] SHRL
[00:46:58] [5/324] UPTP
[00:46:59] [6/324] TMMP
[00:47:00] [7/324] DNRP
[00:47:01] [8/324] SRLT
[00:47:02] [9/324] RCNS
[00:47:03] [10/324] DCBH
[00:47:04] [11/324] NAGJ
[00:47:05] [12/324] JVRC
[00:47:06] [13/324] KRJG
[00:47:07] [14/324] SRTJ
[00:47:08] [15/324] CMXM
[00:47:09] [16/324] STMI
[00:47:09] [17/324] SLST
[00:47:10] [18/324] DTCN
[00:47:11] [19/324] STYN
[00:47:12] [20/324] SZVR
[00:47:14] [21/324] SRKO
[00:47:14] [22/324] JTGT
[00:47:15] [23/324] SVFD
[00:47:16] [24/324] SISD
[00:47:17] [25/324] ABDD
[00:47:18] [26/324] DRCA
[00:47:19] [27/324] AVCS
[00:47:20] [28/324] MVKH
[00:47:20] [29/324] ACPR
[00:47:21] [30/324] STIP
[00:47:22] [31/324] MTRA
[00:47:23] [32/324] RMKH
[00:47:24] [33/324] NKRL
[00:47:25] [34/324] PCWN
[00:47:26] [35/324] BLMT
[00:47:26] [36/324] GDPG
[00:47:27] [37/324] SRMX
[00:47:28] [38/324] JACP
[00:47:28] [39/324] CPSH
[00:47:30] [40/324] MCCD
[00:47:31] [41/324] ECGH
[00:47:31] [42/324] MKCK
[00:47:32] [43/324] SRMM
[00:47:34] [44/324] SKYR
[00:47:35] [45/324] PCKC
[00:47:36] [46/324] JCMA
[00:47:37] [47/324] BSMP
[00:47:37] [48/324] VSPA
[00:47:39] [49/324] DJYA
[00:47:40] [50/324] DIMP
[00:47:41] [51/324] FXDR
[00:47:42] [52/324] SSRC
[00:47:42] [53/324] STHP
[00:47:43] [54/324] CPPD
[00:47:44] [55/324] FCLK
[00:47:45] [56/324] SCPP
[00:47:46] [57/324] DCMJ
[00:47:47] [58/324] RCCR
[00:47:47] [59/324] INMT
[00:47:48] [60/324] LXTK
[00:47:49] [61/324] SRYK
[00:47:50] [62/324] SGDK
[00:47:51] [63/324] PPKA
[00:47:52] [64/324] SPKA
[00:47:52] [65/324] CGHH
[00:47:54] [66/324] DCJN
[00:47:55] [67/324] SRKV
[00:47:56] [68/324] SAJC
[00:47:57] [69/324] SUSR
[00:47:58] [70/324] STYG
[00:47:59] [71/324] NTKP
[00:47:59] [72/324] AKTG
[00:48:00] [73/324] CGCM
[00:48:01] [74/324] TULC
[00:48:02] [75/324] NYYZ
[00:48:04] [76/324] NYBW
[00:48:04] [77/324] MACB
[00:48:06] [78/324] SLVT
[00:48:07] [79/324] SANA
[00:48:07] [80/324] ACMR
[00:48:08] [81/324] CPKN
[00:48:09] [82/324] DLGK
[00:48:10] [83/324] CWCK
[00:48:11] [84/324] FDDH
[00:48:12] [85/324] MMMD
[00:48:13] [86/324] CMEH
[00:48:14] [87/324] GGGV
[00:48:14] [88/324] SPJL
[00:48:15] [89/324] RCCD
[00:48:16] [90/324] STTZ
[00:48:17] [91/324] BTCF
[00:48:18] [92/324] TSTZ
[00:48:19] [93/324] IPMM
[00:48:19] [94/324] PMPW
[00:48:21] [95/324] PCMZ
[00:48:22] [96/324] ESEM
[00:48:22] [97/324] PIPO
[00:48:23] [98/324] MATK
[00:48:24] [99/324] PGHM
[00:48:25] [100/324] CTSR
[00:48:26] [101/324] CYKR
[00:48:27] [102/324] MSCM
[00:48:28] [103/324] RFNP
[00:48:29] [104/324] PDCP
[00:48:30] [105/324] NPSE
[00:48:31] [106/324] MKML
[00:48:32] [107/324] FTDP
[00:48:32] [108/324] MMXA
[00:48:33] [109/324] CEPO
[00:48:34] [110/324] CMVP
[00:48:35] [111/324] SGTH
[00:48:36] [112/324] SAYN
[00:48:37] [113/324] URVS
[00:48:38] [114/324] VJTN
[00:48:38] [115/324] BBYK
[00:48:39] [116/324] SHBO
[00:48:40] [117/324] VCMR
[00:48:41] [118/324] MACT
[00:48:42] [119/324] JMNP
[00:48:42] [120/324] VICS
[00:48:43] [121/324] VCDA
[00:48:44] [122/324] GCMM
[00:48:45] [123/324] INVS
[00:48:46] [124/324] SCGM
[00:48:47] [125/324] PCDA
[00:48:47] [126/324] KDCT
[00:48:48] [127/324] JACS
[00:48:49] [128/324] GMMC
[00:48:51] [129/324] AICM
[00:48:52] [130/324] TJCM
[00:48:53] [131/324] RMTI
[00:48:54] [132/324] SHAC
[00:48:55] [133/324] APJC
[00:48:55] [134/324] GCTG
[00:48:56] [135/324] SSMC
[00:48:57] [136/324] THRM
[00:48:58] [137/324] RBCT
[00:48:59] [138/324] DIKT
[00:49:00] [139/324] MIDL
[00:49:01] [140/324] VCSN
[00:49:02] [141/324] SKTG
[00:49:03] [142/324] SMWC
[00:49:04] [143/324] MNKH
[00:49:05] [144/324] PIAT
[00:49:06] [145/324] LTTP
[00:49:07] [146/324] PTPU
[00:49:07] [147/324] ACMG
[00:49:08] [148/324] SHMM
[00:49:09] [149/324] MCMN
[00:49:10] [150/324] GLDC
[00:49:11] [151/324] HOUT
[00:49:12] [152/324] SVRP
[00:49:13] [153/324] PVDN
[00:49:15] [154/324] SCPY
[00:49:16] [155/324] DTPY
[00:49:17] [156/324] GKCS
[00:49:17] [157/324] NCAM
[00:49:18] [158/324] BSRM
[00:49:19] [159/324] RCLC
[00:49:20] [160/324] SKKD
[00:49:21] [161/324] ACHU
[00:49:22] [162/324] RSCF
[00:49:22] [163/324] IMSH
[00:49:23] [164/324] MACX
[00:49:24] [165/324] HMMW
[00:49:25] [166/324] JTCP
[00:49:26] [167/324] SREN
[00:49:27] [168/324] PJRR
[00:49:28] [169/324] INAC
[00:49:29] [170/324] BMCA
[00:49:30] [171/324] SHCB
[00:49:30] [172/324] GABA
[00:49:32] [173/324] SBCT
[00:49:33] [174/324] GCMA
[00:49:34] [175/324] MYTK
[00:49:35] [176/324] INZS
[00:49:36] [177/324] RMIK
[00:49:37] [178/324] NYCH
[00:49:38] [179/324] RAVE
[00:49:39] [180/324] PSXM
[00:49:40] [181/324] MCGP
[00:49:40] [182/324] PDDK
[00:49:41] [183/324] SPCK
[00:49:42] [184/324] MCRL
[00:49:43] [185/324] MHKT
[00:49:44] [186/324] ANRR
[00:49:45] [187/324] SAPK
[00:49:46] [188/324] NCUK
[00:49:47] [189/324] JUGA
[00:49:48] [190/324] DBSC
[00:49:49] [191/324] LALK
[00:49:49] [192/324] GUCK
[00:49:51] [193/324] STSG
[00:49:52] [194/324] PPPZ
[00:49:53] [195/324] CNCY
[00:49:54] [196/324] MTAR
[00:49:55] [197/324] VNKD
[00:49:56] [198/324] KMAJ
[00:49:57] [199/324] ACXK
[00:49:58] [200/324] UTKC
[00:49:58] [201/324] PBLK
[00:49:59] [202/324] ACBX
[00:50:00] [203/324] PTGM
[00:50:01] [204/324] BTDA
[00:50:02] [205/324] PJMB
[00:50:03] [206/324] TPDA
[00:50:04] [207/324] AMOE
[00:50:05] [208/324] PRHT
[00:50:06] [209/324] PRTA
[00:50:06] [210/324] STAM
[00:50:07] [211/324] MSAA
[00:50:08] [212/324] SDLU
[00:50:09] [213/324] RCHH
[00:50:10] [214/324] KANT
[00:50:10] [215/324] FCRT
[00:50:11] [216/324] DNKM
[00:50:12] [217/324] RYCP
[00:50:13] [218/324] MYRP
[00:50:14] [219/324] PPAK
[00:50:15] [220/324] NVPK
[00:50:16] [221/324] PRMC
[00:50:17] [222/324] JBCS
[00:50:18] [223/324] GXCK
[00:50:19] [224/324] USKO
[00:50:20] [225/324] GTEM
[00:50:20] [226/324] SMBU
[00:50:21] [227/324] VETC
[00:50:23] [228/324] LCDA
[00:50:24] [229/324] MTVT
[00:50:25] [230/324] PYCP
[00:50:26] [231/324] PNSC
[00:50:27] [232/324] PPCC
[00:50:27] [233/324] TGRT
[00:50:28] [234/324] JYOT
[00:50:29] [235/324] SRCZ
[00:50:30] [236/324] SJTE
[00:50:31] [237/324] DESC
[00:50:32] [238/324] JHVN
[00:50:33] [239/324] IPSG
[00:50:34] [240/324] IPCM
[00:50:35] [241/324] PDRS
[00:50:35] [242/324] ANCV
[00:50:36] [243/324] CMVV
[00:50:37] [244/324] SHYP
[00:50:38] [245/324] DNCS
[00:50:39] [246/324] GAJK
[00:50:39] [247/324] AKTN
[00:50:40] [248/324] KAYA
[00:50:41] [249/324] SBRC
[00:50:42] [250/324] CHTP
[00:50:42] [251/324] SHRT
[00:50:43] [252/324] BCKU
[00:50:44] [253/324] FCPS
[00:50:45] [254/324] ARDD
[00:50:46] [255/324] CPCM
[00:50:46] [256/324] CGSM
[00:50:47] [257/324] PSMP
[00:50:48] [258/324] SDAL
[00:50:49] [259/324] RTNB
[00:50:50] [260/324] LMCR
[00:50:51] [261/324] CIMA
[00:50:51] [262/324] RNAS
[00:50:52] [263/324] LITH
[00:50:53] [264/324] PBOX
[00:50:54] [265/324] FRTS
[00:50:56] [266/324] RKIC
[00:50:56] [267/324] PTAI
[00:50:57] [268/324] GCIC
[00:50:58] [269/324] FNAS
[00:50:59] [270/324] SCAR
[00:51:00] [271/324] MTCA
[00:51:01] [272/324] SCTS
[00:51:02] [273/324] SYCS
[00:51:02] [274/324] RDMS
[00:51:03] [275/324] KAMP
[00:51:04] [276/324] ERSD
[00:51:05] [277/324] MJMJ
[00:51:05] [278/324] SRCJ
[00:51:06] [279/324] SCXE
[00:51:07] [280/324] SVFR
[00:51:08] [281/324] BHCS
[00:51:09] [282/324] IMCC
[00:51:09] [283/324] PCBO
[00:51:10] [284/324] PRVN
[00:51:11] [285/324] AUPM
[00:51:12] [286/324] INBW
[00:51:13] [287/324] SVCW
[00:51:14] [288/324] RKCF
[00:51:15] [289/324] UVBH
[00:51:16] [290/324] DNCY
[00:51:17] [291/324] ABCN
[00:51:18] [292/324] PRUR
[00:51:19] [293/324] PFMR
[00:51:20] [294/324] RKCN
[00:51:21] [295/324] CFEA
[00:51:22] [296/324] SDBG
[00:51:22] [297/324] SNAR
[00:51:23] [298/324] YISI
[00:51:24] [299/324] JCFF
[00:51:25] [300/324] VTRK
[00:51:26] [301/324] PCLZ
[00:51:27] [302/324] DIMY
[00:51:28] [303/324] BBTS
[00:51:28] [304/324] GATH
[00:51:29] [305/324] GTMN
[00:51:30] [306/324] VTMH
[00:51:31] [307/324] CCKP
[00:51:31] [308/324] GPKA
[00:51:32] [309/324] MHCL
[00:51:33] [310/324] ATCL
[00:51:34] [311/324] SBCK
[00:51:35] [312/324] AMMR
[00:51:35] [313/324] MADC
[00:51:37] [314/324] TMMA
[00:51:37] [315/324] CACC
[00:51:39] [316/324] CHAL
[00:51:40] [317/324] DURG
[00:51:41] [318/324] GMKU
[00:51:42] [319/324] GECA
[00:51:43] [320/324] KYRR
[00:51:44] [321/324] KSDE
[00:51:45] [322/324] LMCI
[00:51:46] [323/324] NKCP
[00:51:47] [324/324] BGTC
[00:51:47] ✅ DONE | Shows=0 | Movies=0
