[00:00:21] 🚀 BMS DAILY TRACKER STARTED
[00:00:21] [1/459] NECA
[00:00:21] 🧠 New identity
[00:00:22] [2/459] BJLC
[00:00:22] [3/459] BASU
[00:00:23] [4/459] RUPI
[00:00:24] [5/459] LCBK
[00:00:25] [6/459] PMAC
[00:00:26] [7/459] AMLC
[00:00:27] [8/459] LICL
[00:00:27] [9/459] UDMM
[00:00:28] [10/459] STBZ
[00:00:29] [11/459] UUBT
[00:00:31] [12/459] SJKC
[00:00:32] [13/459] TUAL
[00:00:33] [14/459] MRSE
[00:00:34] [15/459] RMRK
[00:00:35] [16/459] TTKP
[00:00:35] [17/459] KTKO
[00:00:36] [18/459] SDBK
[00:00:37] [19/459] MCPR
[00:00:38] [20/459] CHTI
[00:00:39] [21/459] GCCP
[00:00:40] [22/459] SRMY
[00:00:40] [23/459] NYST
[00:00:41] [24/459] NYAG
[00:00:42] [25/459] SBMT
[00:00:43] [26/459] INGA
[00:00:45] [27/459] WSIC
[00:00:45] [28/459] SCSS
[00:00:46] [29/459] COPG
[00:00:47] [30/459] RCGR
[00:00:48] [31/459] TCZA
[00:00:50] [32/459] CNLP
[00:00:51] [33/459] CLKN
[00:00:52] [34/459] LHDF
[00:00:53] [35/459] ELKC
[00:00:54] [36/459] VCEM
[00:00:55] [37/459] SSZA
[00:00:56] [38/459] KRMT
[00:00:57] [39/459] LCMV
[00:00:58] [40/459] AYCZ
[00:00:59] [41/459] CUMS
[00:00:59] [42/459] BOCK
[00:01:00] [43/459] PNMR
[00:01:01] [44/459] PJCP
[00:01:02] [45/459] JDDD
[00:01:04] [46/459] STMS
[00:01:04] [47/459] FLMB
[00:01:05] [48/459] PKCM
[00:01:06] [49/459] SPPR
[00:01:07] [50/459] EYLH
[00:01:08] [51/459] RJCC
[00:01:09] [52/459] MMPS
[00:01:09] [53/459] SHMX
[00:01:10] [54/459] CCNL
[00:01:11] [55/459] RCNV
[00:01:13] [56/459] MAAG
[00:01:14] [57/459] LXCM
[00:01:15] [58/459] RCNI
[00:01:16] [59/459] SNNI
[00:01:16] [60/459] LALC
[00:01:17] [61/459] SOCN
[00:01:19] [62/459] JHTP
[00:01:20] [63/459] PITP
[00:01:20] [64/459] CCKW
[00:01:21] [65/459] MCMC
[00:01:22] [66/459] DEES
[00:01:23] [67/459] SABT
[00:01:24] [68/459] VSPP
[00:01:24] [69/459] ABCT
[00:01:25] [70/459] JVTB
[00:01:26] [71/459] VCBD
[00:01:27] [72/459] RMGG
[00:01:27] [73/459] RNMH
[00:01:28] [74/459] SPGL
[00:01:29] [75/459] JTTR
[00:01:30] [76/459] SICS
[00:01:30] [77/459] SRMI
[00:01:32] [78/459] SSIJ
[00:01:33] [79/459] KFMT
[00:01:34] [80/459] VBIT
[00:01:36] [81/459] JKCT
[00:01:36] [82/459] GCGP
[00:01:37] [83/459] GDCS
[00:01:39] [84/459] TRBA
[00:01:39] [85/459] QUST
[00:01:40] [86/459] VSHM
[00:01:41] [87/459] SDCP
[00:01:42] [88/459] SNVS
[00:01:44] [89/459] NYTO
[00:01:45] [90/459] URWC
[00:01:46] [91/459] GTWH
[00:01:47] [92/459] PFCM
[00:01:48] [93/459] KRTA
[00:01:49] [94/459] AXMC
[00:01:51] [95/459] EVMC
[00:01:51] [96/459] HGSM
[00:01:53] [97/459] ACVM
[00:01:54] [98/459] PSKL
[00:01:55] [99/459] RDMP
[00:01:56] [100/459] RHGH
[00:01:56] [101/459] OMCM
[00:01:57] [102/459] DCCP
[00:01:58] [103/459] MCPB
[00:01:59] [104/459] ALCI
[00:02:01] [105/459] BLMX
[00:02:01] [106/459] BTMV
[00:02:02] [107/459] FVPN
[00:02:04] [108/459] CMAR
[00:02:05] [109/459] CEIM
[00:02:07] [110/459] CMVA
[00:02:08] [111/459] CPIV
[00:02:08] [112/459] CNPE
[00:02:10] [113/459] COLV
[00:02:11] [114/459] DNNV
[00:02:12] [115/459] HCAD
[00:02:13] [116/459] TAKA
[00:02:14] [117/459] INVD
[00:02:15] [118/459] IRMM
[00:02:15] [119/459] INSE
[00:02:16] [120/459] MRSW
[00:02:18] [121/459] MCVD
[00:02:18] [122/459] MCSO
[00:02:19] [123/459] PEVM
[00:02:20] [124/459] PVNL
[00:02:21] [125/459] PTCV
[00:02:22] [126/459] PRTC
[00:02:23] [127/459] RCVA
[00:02:24] [128/459] MTBN
[00:02:24] [129/459] LUCP
[00:02:25] [130/459] FMPT
[00:02:27] [131/459] JLSL
[00:02:27] [132/459] SBHA
[00:02:28] [133/459] SHRC
[00:02:29] [134/459] AVPS
[00:02:30] [135/459] STPM
[00:02:30] [136/459] ATRD
[00:02:32] [137/459] VTED
[00:02:33] [138/459] ACAI
[00:02:33] [139/459] SMAE
[00:02:34] [140/459] VMAT
[00:02:35] [141/459] LKCT
[00:02:36] [142/459] JTVK
[00:02:37] [143/459] PRTY
[00:02:38] [144/459] GETT
[00:02:39] [145/459] ESAP
[00:02:40] [146/459] NCPM
[00:02:41] [147/459] PCPA
[00:02:42] [148/459] MMOM
[00:02:43] [149/459] PHUP
[00:02:44] [150/459] CCPI
[00:02:45] [151/459] CNTD
[00:02:45] [152/459] NLJR
[00:02:46] [153/459] SRNG
[00:02:47] [154/459] MHAL
[00:02:47] [155/459] PNSM
[00:02:48] [156/459] DRMY
[00:02:49] [157/459] CCMU
[00:02:50] [158/459] SCMY
[00:02:51] [159/459] PVSY
[00:02:53] [160/459] SDLM
[00:02:54] [161/459] ICCM
[00:02:54] [162/459] PYSU
[00:02:55] [163/459] GATM
[00:02:56] [164/459] WOTM
[00:02:57] [165/459] RKTS
[00:02:58] [166/459] PMTY
[00:02:59] [167/459] LYMS
[00:02:59] [168/459] TGCA
[00:03:00] [169/459] DSTA
[00:03:01] [170/459] CNGE
[00:03:02] [171/459] VSTG
[00:03:03] [172/459] GTCK
[00:03:04] [173/459] TGNT
[00:03:05] [174/459] ASLC
[00:03:06] [175/459] SSST
[00:03:06] [176/459] KBTT
[00:03:08] [177/459] HKCP
[00:03:09] [178/459] SWLC
[00:03:09] [179/459] RTND
[00:03:10] [180/459] PKKT
[00:03:11] [181/459] HSTK
[00:03:12] [182/459] SPTT
[00:03:13] [183/459] IMPM
[00:03:13] [184/459] SCMV
[00:03:15] [185/459] SPCT
[00:03:16] [186/459] JBCA
[00:03:17] [187/459] ATTR
[00:03:18] [188/459] SPMT
[00:03:20] [189/459] LCTM
[00:03:21] [190/459] SCVL
[00:03:21] [191/459] SCVT
[00:03:22] [192/459] KRIC
[00:03:23] [193/459] CTMG
[00:03:24] [194/459] ACNC
[00:03:25] [195/459] DMCK
[00:03:26] [196/459] KMTV
[00:03:26] [197/459] PFCJ
[00:03:27] [198/459] VNMD
[00:03:28] [199/459] VPCZ
[00:03:29] [200/459] SRYR
[00:03:30] [201/459] SYTR
[00:03:31] [202/459] GATR
[00:03:32] [203/459] URTR
[00:03:33] [204/459] MKSM
[00:03:34] [205/459] VSMH
[00:03:34] [206/459] SKRJ
[00:03:35] [207/459] SSJR
[00:03:36] [208/459] SVSM
[00:03:37] [209/459] RUCM
[00:03:38] [210/459] PRKN
[00:03:39] [211/459] RROH
[00:03:40] [212/459] SCTN
[00:03:41] [213/459] RTDM
[00:03:42] [214/459] ASRM
[00:03:43] [215/459] SKMD
[00:03:44] [216/459] SUTD
[00:03:44] [217/459] SADM
[00:03:46] [218/459] WCNR
[00:03:47] [219/459] CNED
[00:03:48] [220/459] MPDB
[00:03:48] [221/459] KTBH
[00:03:49] [222/459] IDRM
[00:03:50] [223/459] PJJT
[00:03:51] [224/459] PFCV
[00:03:52] [225/459] AACT
[00:03:53] [226/459] AAAD
[00:03:53] [227/459] ANES
[00:03:54] [228/459] MNCA
[00:03:55] [229/459] RMGU
[00:03:56] [230/459] DLCN
[00:03:57] [231/459] LJWT
[00:03:57] [232/459] MCBG
[00:03:58] [233/459] MYBG
[00:03:59] [234/459] GCCA
[00:04:00] [235/459] GCGA
[00:04:01] [236/459] ECGN
[00:04:03] [237/459] PRAB
[00:04:04] [238/459] PNMP
[00:04:05] [239/459] GCPT
[00:04:06] [240/459] ROYN
[00:04:07] [241/459] VATM
[00:04:07] [242/459] KSNT
[00:04:08] [243/459] ACTC
[00:04:09] [244/459] PLTD
[00:04:10] [245/459] SKMK
[00:04:11] [246/459] CMTT
[00:04:12] [247/459] SMXP
[00:04:13] [248/459] SCMX
[00:04:13] [249/459] ACXN
[00:04:14] [250/459] ASWT
[00:04:15] [251/459] VVVL
[00:04:16] [252/459] NAGO
[00:04:18] [253/459] SNCN
[00:04:19] [254/459] MCKP
[00:04:20] [255/459] SAMO
[00:04:20] [256/459] JBTV
[00:04:22] [257/459] DCVV
[00:04:23] [258/459] KMSV
[00:04:23] [259/459] KDCN
[00:04:24] [260/459] CNCP
[00:04:25] [261/459] HAMC
[00:04:26] [262/459] CCVZ
[00:04:26] [263/459] NCCK
[00:04:27] [264/459] MCHR
[00:04:28] [265/459] SCHT
[00:04:29] [266/459] ESSH
[00:04:30] [267/459] CUJC
[00:04:31] [268/459] PECP
[00:04:32] [269/459] PMMI
[00:04:33] [270/459] PCCH
[00:04:33] [271/459] PRPM
[00:04:35] [272/459] PVKL
[00:04:36] [273/459] CBSM
[00:04:36] [274/459] PVCZ
[00:04:38] [275/459] PCVV
[00:04:39] [276/459] CTMJ
[00:04:40] [277/459] RCPS
[00:04:41] [278/459] PCIT
[00:04:42] [279/459] FNCH
[00:04:42] [280/459] INZD
[00:04:43] [281/459] INPC
[00:04:44] [282/459] LCZP
[00:04:45] [283/459] SMCB
[00:04:46] [284/459] PTSB
[00:04:46] [285/459] TPSI
[00:04:47] [286/459] KHMJ
[00:04:48] [287/459] RCCJ
[00:04:49] [288/459] NCJA
[00:04:50] [289/459] NCJN
[00:04:51] [290/459] BTDP
[00:04:52] [291/459] PADY
[00:04:52] [292/459] NYBH
[00:04:53] [293/459] MTBR
[00:04:54] [294/459] KRBC
[00:04:55] [295/459] DKTI
[00:04:56] [296/459] ANAN
[00:04:57] [297/459] INBP
[00:04:58] [298/459] PATB
[00:04:59] [299/459] RGNT
[00:05:00] [300/459] CGPM
[00:05:01] [301/459] INTN
[00:05:02] [302/459] MCMP
[00:05:02] [303/459] ASRG
[00:05:04] [304/459] CXJD
[00:05:05] [305/459] SPCP
[00:05:06] [306/459] CSTP
[00:05:07] [307/459] PKVC
[00:05:08] [308/459] ESCP
[00:05:09] [309/459] CAEP
[00:05:10] [310/459] CCSP
[00:05:11] [311/459] KTPC
[00:05:12] [312/459] DACA
[00:05:12] [313/459] NVKY
[00:05:13] [314/459] PTIN
[00:05:14] [315/459] SCIN
[00:05:15] [316/459] MCTY
[00:05:16] [317/459] PCMX
[00:05:16] [318/459] INIC
[00:05:17] [319/459] MMZM
[00:05:19] [320/459] SSLP
[00:05:20] [321/459] DTDT
[00:05:20] [322/459] FFCX
[00:05:21] [323/459] RCMM
[00:05:22] [324/459] KYID
[00:05:23] [325/459] CSCI
[00:05:24] [326/459] FCMC
[00:05:26] [327/459] MMXI
[00:05:26] [328/459] ASTC
[00:05:27] [329/459] CMRA
[00:05:28] [330/459] DICI
[00:05:29] [331/459] KDIN
[00:05:30] [332/459] PRFI
[00:05:31] [333/459] SVFC
[00:05:32] [334/459] UCPL
[00:05:33] [335/459] COOC
[00:05:34] [336/459] SCAL
[00:05:34] [337/459] SVFF
[00:05:35] [338/459] VCMG
[00:05:36] [339/459] UUCT
[00:05:37] [340/459] GCSE
[00:05:38] [341/459] SUSC
[00:05:38] [342/459] MISC
[00:05:39] [343/459] RMBL
[00:05:40] [344/459] CMXN
[00:05:41] [345/459] PVBK
[00:05:42] [346/459] HHCG
[00:05:43] [347/459] SCAG
[00:05:44] [348/459] CNPR
[00:05:45] [349/459] CSER
[00:05:45] [350/459] HLWD
[00:05:46] [351/459] BOLY
[00:05:47] [352/459] SSPG
[00:05:48] [353/459] MUPX
[00:05:48] [354/459] HAMR
[00:05:49] [355/459] SDNC
[00:05:50] [356/459] RTEN
[00:05:52] [357/459] SDTD
[00:05:53] [358/459] KAWS
[00:05:54] [359/459] CMZX
[00:05:55] [360/459] DCDD
[00:05:55] [361/459] ALSN
[00:05:56] [362/459] IMXS
[00:05:57] [363/459] PVFF
[00:05:58] [364/459] PVOO
[00:05:58] [365/459] CFBS
[00:05:59] [366/459] PVER
[00:06:00] [367/459] PPNX
[00:06:01] [368/459] CNRM
[00:06:02] [369/459] PVWW
[00:06:03] [370/459] INMB
[00:06:04] [371/459] CPJR
[00:06:04] [372/459] INRZ
[00:06:05] [373/459] PMSR
[00:06:06] [374/459] GPGM
[00:06:07] [375/459] PGWB
[00:06:08] [376/459] PMBR
[00:06:09] [377/459] GPAM
[00:06:10] [378/459] INBC
[00:06:11] [379/459] PZVK
[00:06:11] [380/459] CPEB
[00:06:12] [381/459] FMLB
[00:06:13] [382/459] INBG
[00:06:15] [383/459] GPBR
[00:06:16] [384/459] PAAS
[00:06:16] [385/459] VTBR
[00:06:17] [386/459] GPMY
[00:06:18] [387/459] GYBU
[00:06:19] [388/459] INBJ
[00:06:20] [389/459] LKTH
[00:06:20] [390/459] NSBR
[00:06:21] [391/459] PDRD
[00:06:22] [392/459] VRBL
[00:06:23] [393/459] VTGB
[00:06:24] [394/459] VTSK
[00:06:24] [395/459] BKDV
[00:06:25] [396/459] SVTB
[00:06:26] [397/459] MLDT
[00:06:26] [398/459] NRBL
[00:06:27] [399/459] SLTR
[00:06:28] [400/459] VNKA
[00:06:29] [401/459] TDCA
[00:06:30] [402/459] INBM
[00:06:31] [403/459] SSNR
[00:06:32] [404/459] BHAC
[00:06:32] [405/459] SDSD
[00:06:33] [406/459] SAMP
[00:06:34] [407/459] RATK
[00:06:35] [408/459] KCBI
[00:06:36] [409/459] URBL
[00:06:37] [410/459] MKBG
[00:06:37] [411/459] ASTB
[00:06:38] [412/459] VBWT
[00:06:39] [413/459] GPSM
[00:06:39] [414/459] ROON
[00:06:40] [415/459] CHTH
[00:06:41] [416/459] SSPA
[00:06:42] [417/459] ANBL
[00:06:43] [418/459] VTBE
[00:06:45] [419/459] SVKT
[00:06:46] [420/459] SVYK
[00:06:46] [421/459] PTBK
[00:06:48] [422/459] RKTB
[00:06:49] [423/459] BALT
[00:06:49] [424/459] STSV
[00:06:50] [425/459] VCCB
[00:06:51] [426/459] SLTB
[00:06:52] [427/459] SBCR
[00:06:53] [428/459] VDCS
[00:06:54] [429/459] MDKI
[00:06:55] [430/459] SMRN
[00:06:55] [431/459] PTBC
[00:06:56] [432/459] RADI
[00:06:57] [433/459] ADCR
[00:06:58] [434/459] SDCS
[00:06:59] [435/459] SRPJ
[00:06:59] [436/459] ARTS
[00:07:00] [437/459] SRHK
[00:07:01] [438/459] SPAY
[00:07:02] [439/459] GPTB
[00:07:03] [440/459] SNNN
[00:07:04] [441/459] BALJ
[00:07:05] [442/459] TRIG
[00:07:06] [443/459] GTYT
[00:07:06] [444/459] ATGN
[00:07:07] [445/459] ANTE
[00:07:08] [446/459] BDCG
[00:07:08] [447/459] VECI
[00:07:09] [448/459] SCPR
[00:07:10] [449/459] RTEA
[00:07:12] [450/459] JSAI
[00:07:12] [451/459] VJTP
[00:07:13] [452/459] GNDS
[00:07:14] [453/459] PAXA
[00:07:15] [454/459] CGGM
[00:07:16] [455/459] ACKZ
[00:07:17] [456/459] EMCC
[00:07:18] [457/459] KLSK
[00:07:18] [458/459] AVCK
[00:07:19] [459/459] JTCK
[00:07:20] ✅ DONE | Shows=1 | Movies=1
