[00:00:19] 🚀 BMS DAILY TRACKER STARTED
[00:00:19] [1/459] FNDB
[00:00:19] 🧠 New identity
[00:00:20] [2/459] AMBH
[00:00:21] [3/459] PRHN
[00:00:22] [4/459] ACPM
[00:00:22] [5/459] PVFS
[00:00:24] [6/459] AACN
[00:00:25] [7/459] ACAS
[00:00:25] [8/459] CTNR
[00:00:26] [9/459] MMAH
[00:00:27] [10/459] CPMH
[00:00:28] [11/459] IGMH
[00:00:28] [12/459] ABCS
[00:00:29] [13/459] CMMA
[00:00:31] [14/459] GPRH
[00:00:32] [15/459] PNNG
[00:00:33] [16/459] AMCA
[00:00:33] [17/459] ISTN
[00:00:35] [18/459] PIIC
[00:00:36] [19/459] AHMH
[00:00:37] [20/459] ASHN
[00:00:37] [21/459] INHY
[00:00:39] [22/459] SRMO
[00:00:39] [23/459] PIMH
[00:00:40] [24/459] PVTS
[00:00:41] [25/459] MMCA
[00:00:42] [26/459] AKYJ
[00:00:43] [27/459] BRKH
[00:00:44] [28/459] MAHM
[00:00:45] [29/459] CPHY
[00:00:46] [30/459] PVTP
[00:00:47] [31/459] SMMR
[00:00:48] [32/459] PVHM
[00:00:49] [33/459] SNDY
[00:00:50] [34/459] GOKU
[00:00:51] [35/459] ACEV
[00:00:52] [36/459] PVUM
[00:00:53] [37/459] VSWA
[00:00:54] [38/459] IPRS
[00:00:55] [39/459] ASGN
[00:00:56] [40/459] BKMV
[00:00:57] [41/459] PVYH
[00:00:57] [42/459] INKM
[00:00:59] [43/459] ARJU
[00:00:59] [44/459] JJPP
[00:01:01] [45/459] SSRM
[00:01:02] [46/459] HMHD
[00:01:03] [47/459] SNKH
[00:01:04] [48/459] ACHI
[00:01:05] [49/459] MRAA
[00:01:06] [50/459] INMH
[00:01:06] [51/459] ARMH
[00:01:07] [52/459] DVRR
[00:01:08] [53/459] SUDA
[00:01:09] [54/459] MCSS
[00:01:09] [55/459] VRKC
[00:01:10] [56/459] PRCX
[00:01:11] [57/459] ASJY
[00:01:12] [58/459] MTHY
[00:01:13] [59/459] SRCM
[00:01:14] [60/459] TVHY
[00:01:15] [61/459] STHD
[00:01:16] [62/459] CPCL
[00:01:17] [63/459] PSMJ
[00:01:18] [64/459] MRGT
[00:01:19] [65/459] ARYH
[00:01:21] [66/459] VTRB
[00:01:22] [67/459] SCHC
[00:01:22] [68/459] MRRG
[00:01:23] [69/459] SPCB
[00:01:25] [70/459] AMCM
[00:01:26] [71/459] IVNM
[00:01:27] [72/459] TRHY
[00:01:28] [73/459] PTTH
[00:01:29] [74/459] RKMH
[00:01:30] [75/459] PRCS
[00:01:31] [76/459] VAJA
[00:01:31] [77/459] BJNG
[00:01:32] [78/459] SCVM
[00:01:33] [79/459] GNHB
[00:01:34] [80/459] TLUR
[00:01:35] [81/459] UKCC
[00:01:36] [82/459] SRKR
[00:01:36] [83/459] RMKN
[00:01:37] [84/459] SLRT
[00:01:38] [85/459] LKMT
[00:01:39] [86/459] SSRJ
[00:01:40] [87/459] SPHT
[00:01:41] [88/459] ANTT
[00:01:42] [89/459] SRCH
[00:01:43] [90/459] SRCA
[00:01:45] [91/459] ARTH
[00:01:46] [92/459] MCBH
[00:01:48] [93/459] SNIB
[00:01:48] [94/459] SART
[00:01:49] [95/459] SKTA
[00:01:50] [96/459] YAKT
[00:01:52] [97/459] MLCK
[00:01:52] [98/459] ANTS
[00:01:53] [99/459] DGCA
[00:01:54] [100/459] SGMP
[00:01:56] [101/459] ASWN
[00:01:57] [102/459] KFVU
[00:01:58] [103/459] POOR
[00:01:59] [104/459] GKDN
[00:02:00] [105/459] EOSE
[00:02:01] [106/459] GTTT
[00:02:01] [107/459] ARRO
[00:02:02] [108/459] CMMK
[00:02:03] [109/459] MSCN
[00:02:04] [110/459] GDKH
[00:02:04] [111/459] DLMT
[00:02:05] [112/459] PVMF
[00:02:06] [113/459] CPCK
[00:02:07] [114/459] VMHE
[00:02:07] [115/459] PVLC
[00:02:08] [116/459] PCVB
[00:02:09] [117/459] SNYK
[00:02:10] [118/459] KTEK
[00:02:11] [119/459] PCNM
[00:02:12] [120/459] NTTR
[00:02:13] [121/459] CPSK
[00:02:13] [122/459] JMMA
[00:02:14] [123/459] GCFK
[00:02:15] [124/459] MYCA
[00:02:16] [125/459] KSNP
[00:02:17] [126/459] PMCE
[00:02:18] [127/459] SCKI
[00:02:18] [128/459] FSMA
[00:02:19] [129/459] CETA
[00:02:20] [130/459] MCIK
[00:02:21] [131/459] MYCR
[00:02:22] [132/459] EVMP
[00:02:23] [133/459] SSGT
[00:02:24] [134/459] KCTK
[00:02:25] [135/459] ZTKC
[00:02:26] [136/459] MMTA
[00:02:26] [137/459] MAJT
[00:02:27] [138/459] ACPK
[00:02:28] [139/459] JMAX
[00:02:29] [140/459] SETK
[00:02:30] [141/459] CAIS
[00:02:31] [142/459] AGCD
[00:02:32] [143/459] URCL
[00:02:33] [144/459] VTDS
[00:02:34] [145/459] JCNM
[00:02:35] [146/459] KCAM
[00:02:36] [147/459] ADCU
[00:02:37] [148/459] GXYN
[00:02:37] [149/459] SMJG
[00:02:38] [150/459] EYCJ
[00:02:39] [151/459] CCEJ
[00:02:40] [152/459] MARS
[00:02:40] [153/459] CPVJ
[00:02:41] [154/459] INVP
[00:02:42] [155/459] CPOV
[00:02:43] [156/459] VIJK
[00:02:44] [157/459] LAIM
[00:02:45] [158/459] STHV
[00:02:45] [159/459] SVLJ
[00:02:46] [160/459] ATVJ
[00:02:48] [161/459] JTSC
[00:02:49] [162/459] RMTV
[00:02:49] [163/459] MGGG
[00:02:50] [164/459] SWTH
[00:02:51] [165/459] INVJ
[00:02:52] [166/459] PRSV
[00:02:53] [167/459] JATV
[00:02:53] [168/459] RCVD
[00:02:54] [169/459] BDMA
[00:02:55] [170/459] BLJI
[00:02:56] [171/459] SWOT
[00:02:57] [172/459] SWRN
[00:02:57] [173/459] TVRA
[00:02:58] [174/459] VCSV
[00:03:00] [175/459] NVRN
[00:03:01] [176/459] SIKC
[00:03:01] [177/459] VAKR
[00:03:02] [178/459] SYLN
[00:03:03] [179/459] KLJL
[00:03:05] [180/459] LKMY
[00:03:05] [181/459] VSLY
[00:03:06] [182/459] CIKO
[00:03:07] [183/459] GPBG
[00:03:08] [184/459] CECM
[00:03:09] [185/459] SLKB
[00:03:10] [186/459] MTBO
[00:03:11] [187/459] SSHB
[00:03:12] [188/459] VPCS
[00:03:13] [189/459] RCSR
[00:03:14] [190/459] RJRM
[00:03:14] [191/459] KPPB
[00:03:15] [192/459] SEDC
[00:03:16] [193/459] SCAI
[00:03:17] [194/459] RMTR
[00:03:18] [195/459] ASST
[00:03:18] [196/459] GCAK
[00:03:19] [197/459] ANNK
[00:03:21] [198/459] KDDF
[00:03:22] [199/459] NRDP
[00:03:22] [200/459] PLAK
[00:03:24] [201/459] GCMC
[00:03:24] [202/459] ALPY
[00:03:25] [203/459] SICE
[00:03:26] [204/459] SISR
[00:03:27] [205/459] SRPZ
[00:03:28] [206/459] SRSW
[00:03:29] [207/459] SUYA
[00:03:30] [208/459] AMMT
[00:03:30] [209/459] BHCU
[00:03:31] [210/459] KLPA
[00:03:32] [211/459] NVKH
[00:03:33] [212/459] JMRC
[00:03:33] [213/459] KTTT
[00:03:34] [214/459] MAGH
[00:03:35] [215/459] MMMX
[00:03:36] [216/459] SALJ
[00:03:36] [217/459] GTJA
[00:03:37] [218/459] MAHT
[00:03:38] [219/459] SSNN
[00:03:39] [220/459] ARRP
[00:03:40] [221/459] ATNS
[00:03:41] [222/459] SKDT
[00:03:42] [223/459] ACAT
[00:03:43] [224/459] APRC
[00:03:44] [225/459] SWAG
[00:03:45] [226/459] SDPT
[00:03:45] [227/459] STPS
[00:03:46] [228/459] WWCZ
[00:03:47] [229/459] LLCH
[00:03:48] [230/459] MZHA
[00:03:49] [231/459] CRJG
[00:03:50] [232/459] JGTK
[00:03:51] [233/459] KCSR
[00:03:51] [234/459] CHTL
[00:03:52] [235/459] EDSR
[00:03:53] [236/459] CSWO
[00:03:54] [237/459] CPVM
[00:03:55] [238/459] MXBY
[00:03:56] [239/459] FMMA
[00:03:56] [240/459] POVI
[00:03:57] [241/459] MTHB
[00:03:58] [242/459] INRC
[00:03:59] [243/459] PIPP
[00:03:59] [244/459] BMXC
[00:04:00] [245/459] PCMM
[00:04:01] [246/459] PMKM
[00:04:02] [247/459] GATY
[00:04:03] [248/459] IMCM
[00:04:04] [249/459] POPE
[00:04:05] [250/459] MTCR
[00:04:06] [251/459] PVAE
[00:04:07] [252/459] PVMI
[00:04:08] [253/459] CPNM
[00:04:09] [254/459] FMRL
[00:04:10] [255/459] MCIW
[00:04:11] [256/459] MXBO
[00:04:12] [257/459] FMKY
[00:04:13] [258/459] FMDA
[00:04:13] [259/459] THAB
[00:04:14] [260/459] PRCW
[00:04:15] [261/459] PITI
[00:04:16] [262/459] MCFF
[00:04:17] [263/459] PDDV
[00:04:18] [264/459] MCRM
[00:04:18] [265/459] KKMB
[00:04:19] [266/459] INKO
[00:04:20] [267/459] PLXP
[00:04:21] [268/459] MMHA
[00:04:22] [269/459] FMVS
[00:04:23] [270/459] POLM
[00:04:24] [271/459] STER
[00:04:25] [272/459] PVWJ
[00:04:26] [273/459] IMJW
[00:04:27] [274/459] FNAN
[00:04:28] [275/459] CAGL
[00:04:28] [276/459] IPBG
[00:04:29] [277/459] SMFV
[00:04:30] [278/459] MMMR
[00:04:32] [279/459] MMWM
[00:04:32] [280/459] FNCM
[00:04:33] [281/459] MDVA
[00:04:35] [282/459] MMET
[00:04:36] [283/459] MIDO
[00:04:36] [284/459] INNP
[00:04:37] [285/459] MIFU
[00:04:38] [286/459] MMSZ
[00:04:39] [287/459] BMXA
[00:04:40] [288/459] MCAA
[00:04:41] [289/459] SCVP
[00:04:42] [290/459] PLUS
[00:04:43] [291/459] MUCK
[00:04:44] [292/459] MTMA
[00:04:45] [293/459] HPVR
[00:04:47] [294/459] PMPK
[00:04:47] [295/459] MAJB
[00:04:48] [296/459] CTRR
[00:04:49] [297/459] MCTG
[00:04:50] [298/459] MACE
[00:04:51] [299/459] AAAS
[00:04:52] [300/459] CPVV
[00:04:53] [301/459] RCHG
[00:04:53] [302/459] MCNE
[00:04:54] [303/459] EMNC
[00:04:55] [304/459] MCAN
[00:04:56] [305/459] TCDM
[00:04:57] [306/459] IRGT
[00:04:57] [307/459] GCMG
[00:04:58] [308/459] MXSN
[00:05:00] [309/459] MXCK
[00:05:00] [310/459] MCRC
[00:05:01] [311/459] RSMI
[00:05:02] [312/459] WAML
[00:05:04] [313/459] MTSC
[00:05:04] [314/459] FMDR
[00:05:05] [315/459] LEPV
[00:05:06] [316/459] MTGD
[00:05:07] [317/459] IMOB
[00:05:07] [318/459] CLMM
[00:05:08] [319/459] PZCD
[00:05:09] [320/459] GOCS
[00:05:10] [321/459] KCMA
[00:05:11] [322/459] CCMP
[00:05:12] [323/459] MTSU
[00:05:13] [324/459] SNGL
[00:05:14] [325/459] MMMC
[00:05:14] [326/459] MMAA
[00:05:16] [327/459] GCDM
[00:05:17] [328/459] KTMV
[00:05:19] [329/459] AETE
[00:05:20] [330/459] OMCS
[00:05:20] [331/459] GDCD
[00:05:21] [332/459] NYMD
[00:05:22] [333/459] RNCV
[00:05:23] [334/459] KKMT
[00:05:23] [335/459] GDTH
[00:05:24] [336/459] KMMV
[00:05:25] [337/459] NHCG
[00:05:26] [338/459] PJDW
[00:05:27] [339/459] MMCV
[00:05:28] [340/459] FQSA
[00:05:29] [341/459] KURL
[00:05:30] [342/459] NNNX
[00:05:31] [343/459] AMAU
[00:05:32] [344/459] VVVM
[00:05:32] [345/459] VECU
[00:05:33] [346/459] WCVR
[00:05:34] [347/459] MTGG
[00:05:34] [348/459] SGTG
[00:05:35] [349/459] MNTG
[00:05:36] [350/459] JDDG
[00:05:37] [351/459] MBTK
[00:05:38] [352/459] SGCD
[00:05:39] [353/459] MCTC
[00:05:40] [354/459] JTPC
[00:05:41] [355/459] SDKT
[00:05:41] [356/459] KRCC
[00:05:42] [357/459] RMMD
[00:05:43] [358/459] AAME
[00:05:44] [359/459] TMWC
[00:05:45] [360/459] NRWY
[00:05:46] [361/459] CITD
[00:05:47] [362/459] VERD
[00:05:47] [363/459] MKSK
[00:05:48] [364/459] STSM
[00:05:49] [365/459] MJDG
[00:05:50] [366/459] RKPM
[00:05:51] [367/459] SSCE
[00:05:52] [368/459] VMAE
[00:05:53] [369/459] SBRU
[00:05:54] [370/459] AMBC
[00:05:54] [371/459] AMLU
[00:05:55] [372/459] INVZ
[00:05:56] [373/459] LGTV
[00:05:57] [374/459] SVAD
[00:05:58] [375/459] SMSA
[00:05:59] [376/459] SPCZ
[00:05:59] [377/459] GTCX
[00:06:00] [378/459] SCSL
[00:06:01] [379/459] SAHU
[00:06:02] [380/459] NCDA
[00:06:03] [381/459] SCCG
[00:06:04] [382/459] VKTL
[00:06:05] [383/459] PUUJ
[00:06:05] [384/459] STEJ
[00:06:06] [385/459] RJAL
[00:06:07] [386/459] ACJC
[00:06:08] [387/459] VTHC
[00:06:09] [388/459] ARVB
[00:06:09] [389/459] AUBB
[00:06:10] [390/459] GDBR
[00:06:11] [391/459] PVND
[00:06:12] [392/459] BGRJ
[00:06:12] [393/459] RJMM
[00:06:13] [394/459] MCSA
[00:06:14] [395/459] BODA
[00:06:15] [396/459] JAGG
[00:06:16] [397/459] SCGA
[00:06:17] [398/459] LRCM
[00:06:18] [399/459] CPCN
[00:06:18] [400/459] SSTF
[00:06:19] [401/459] SRXP
[00:06:20] [402/459] CNFX
[00:06:21] [403/459] ANDI
[00:06:22] [404/459] SYEW
[00:06:23] [405/459] RCRE
[00:06:23] [406/459] SCRW
[00:06:25] [407/459] MBKR
[00:06:26] [408/459] ASNT
[00:06:27] [409/459] JTMT
[00:06:27] [410/459] SHAY
[00:06:28] [411/459] VRTH
[00:06:29] [412/459] SPTI
[00:06:30] [413/459] DPTD
[00:06:31] [414/459] TGSN
[00:06:31] [415/459] RCWV
[00:06:32] [416/459] OCUR
[00:06:33] [417/459] KSTC
[00:06:34] [418/459] SANI
[00:06:35] [419/459] MLCA
[00:06:36] [420/459] EGCA
[00:06:37] [421/459] SYSN
[00:06:38] [422/459] PKTA
[00:06:38] [423/459] PRCC
[00:06:39] [424/459] KSTR
[00:06:40] [425/459] SNTP
[00:06:41] [426/459] RCHA
[00:06:42] [427/459] SEEA
[00:06:43] [428/459] ALAT
[00:06:44] [429/459] AATV
[00:06:45] [430/459] RJTE
[00:06:45] [431/459] AAPP
[00:06:46] [432/459] PMMH
[00:06:47] [433/459] INRJ
[00:06:48] [434/459] SARB
[00:06:48] [435/459] PCJL
[00:06:49] [436/459] PFJJ
[00:06:50] [437/459] GRDC
[00:06:51] [438/459] BCBA
[00:06:52] [439/459] VIXL
[00:06:53] [440/459] CSTL
[00:06:53] [441/459] MTDK
[00:06:54] [442/459] TDAC
[00:06:55] [443/459] GTDN
[00:06:56] [444/459] TTDE
[00:06:57] [445/459] ASTS
[00:06:58] [446/459] CPNS
[00:06:59] [447/459] PVVW
[00:07:00] [448/459] USEB
[00:07:01] [449/459] DTYN
[00:07:02] [450/459] PVLE
[00:07:03] [451/459] CIPS
[00:07:04] [452/459] PAEG
[00:07:04] [453/459] PTCW
[00:07:05] [454/459] G3SR
[00:07:06] [455/459] PGND
[00:07:07] [456/459] INVM
[00:07:08] [457/459] SPIA
[00:07:09] [458/459] PCSN
[00:07:09] [459/459] PPGV
[00:07:10] ✅ DONE | Shows=4 | Movies=1
[00:46:53] 🚀 BMS DAILY TRACKER STARTED
[00:46:53] [1/459] FNDB
[00:46:53] 🧠 New identity
[00:46:54] [2/459] AMBH
[00:46:55] [3/459] PRHN
[00:46:56] [4/459] ACPM
[00:46:56] [5/459] PVFS
[00:46:58] [6/459] AACN
[00:46:59] [7/459] ACAS
[00:47:00] [8/459] CTNR
[00:47:00] [9/459] MMAH
[00:47:01] [10/459] CPMH
[00:47:02] [11/459] IGMH
[00:47:03] [12/459] ABCS
[00:47:04] [13/459] CMMA
[00:47:05] [14/459] GPRH
[00:47:05] [15/459] PNNG
[00:47:06] [16/459] AMCA
[00:47:07] [17/459] ISTN
[00:47:08] [18/459] PIIC
[00:47:08] [19/459] AHMH
[00:47:09] [20/459] ASHN
[00:47:10] [21/459] INHY
[00:47:11] [22/459] SRMO
[00:47:12] [23/459] PIMH
[00:47:13] [24/459] PVTS
[00:47:13] [25/459] MMCA
[00:47:14] [26/459] AKYJ
[00:47:15] [27/459] BRKH
[00:47:16] [28/459] MAHM
[00:47:17] [29/459] CPHY
[00:47:18] [30/459] PVTP
[00:47:19] [31/459] SMMR
[00:47:20] [32/459] PVHM
[00:47:21] [33/459] SNDY
[00:47:22] [34/459] GOKU
[00:47:23] [35/459] ACEV
[00:47:23] [36/459] PVUM
[00:47:24] [37/459] VSWA
[00:47:25] [38/459] IPRS
[00:47:26] [39/459] ASGN
[00:47:27] [40/459] BKMV
[00:47:28] [41/459] PVYH
[00:47:29] [42/459] INKM
[00:47:30] [43/459] ARJU
[00:47:32] [44/459] JJPP
[00:47:32] [45/459] SSRM
[00:47:33] [46/459] HMHD
[00:47:34] [47/459] SNKH
[00:47:35] [48/459] ACHI
[00:47:35] [49/459] MRAA
[00:47:36] [50/459] INMH
[00:47:37] [51/459] ARMH
[00:47:38] [52/459] DVRR
[00:47:39] [53/459] SUDA
[00:47:39] [54/459] MCSS
[00:47:40] [55/459] VRKC
[00:47:41] [56/459] PRCX
[00:47:42] [57/459] ASJY
[00:47:43] [58/459] MTHY
[00:47:44] [59/459] SRCM
[00:47:45] [60/459] TVHY
[00:47:45] [61/459] STHD
[00:47:46] [62/459] CPCL
[00:47:47] [63/459] PSMJ
[00:47:48] [64/459] MRGT
[00:47:48] [65/459] ARYH
[00:47:49] [66/459] VTRB
[00:47:51] [67/459] SCHC
[00:47:52] [68/459] MRRG
[00:47:53] [69/459] SPCB
[00:47:54] [70/459] AMCM
[00:47:55] [71/459] IVNM
[00:47:56] [72/459] TRHY
[00:47:57] [73/459] PTTH
[00:47:57] [74/459] RKMH
[00:47:58] [75/459] PRCS
[00:47:59] [76/459] VAJA
[00:48:00] [77/459] BJNG
[00:48:01] [78/459] SCVM
[00:48:02] [79/459] GNHB
[00:48:03] [80/459] TLUR
[00:48:04] [81/459] UKCC
[00:48:05] [82/459] SRKR
[00:48:06] [83/459] RMKN
[00:48:06] [84/459] SLRT
[00:48:08] [85/459] LKMT
[00:48:09] [86/459] SSRJ
[00:48:10] [87/459] SPHT
[00:48:11] [88/459] ANTT
[00:48:11] [89/459] SRCH
[00:48:12] [90/459] SRCA
[00:48:13] [91/459] ARTH
[00:48:14] [92/459] MCBH
[00:48:15] [93/459] SNIB
[00:48:16] [94/459] SART
[00:48:16] [95/459] SKTA
[00:48:17] [96/459] YAKT
[00:48:18] [97/459] MLCK
[00:48:19] [98/459] ANTS
[00:48:20] [99/459] DGCA
[00:48:20] [100/459] SGMP
[00:48:21] [101/459] ASWN
[00:48:22] [102/459] KFVU
[00:48:23] [103/459] POOR
[00:48:23] [104/459] GKDN
[00:48:24] [105/459] EOSE
[00:48:25] [106/459] GTTT
[00:48:26] [107/459] ARRO
[00:48:27] [108/459] CMMK
[00:48:27] [109/459] MSCN
[00:48:29] [110/459] GDKH
[00:48:30] [111/459] DLMT
[00:48:30] [112/459] PVMF
[00:48:32] [113/459] CPCK
[00:48:32] [114/459] VMHE
[00:48:33] [115/459] PVLC
[00:48:34] [116/459] PCVB
[00:48:35] [117/459] SNYK
[00:48:36] [118/459] KTEK
[00:48:37] [119/459] PCNM
[00:48:37] [120/459] NTTR
[00:48:38] [121/459] CPSK
[00:48:39] [122/459] JMMA
[00:48:40] [123/459] GCFK
[00:48:41] [124/459] MYCA
[00:48:42] [125/459] KSNP
[00:48:43] [126/459] PMCE
[00:48:44] [127/459] SCKI
[00:48:45] [128/459] FSMA
[00:48:46] [129/459] CETA
[00:48:47] [130/459] MCIK
[00:48:48] [131/459] MYCR
[00:48:49] [132/459] EVMP
[00:48:49] [133/459] SSGT
[00:48:50] [134/459] KCTK
[00:48:51] [135/459] ZTKC
[00:48:52] [136/459] MMTA
[00:48:53] [137/459] MAJT
[00:48:54] [138/459] ACPK
[00:48:55] [139/459] JMAX
[00:48:56] [140/459] SETK
[00:48:57] [141/459] CAIS
[00:48:58] [142/459] AGCD
[00:48:59] [143/459] URCL
[00:48:59] [144/459] VTDS
[00:49:00] [145/459] JCNM
[00:49:02] [146/459] KCAM
[00:49:02] [147/459] ADCU
[00:49:03] [148/459] GXYN
[00:49:04] [149/459] SMJG
[00:49:05] [150/459] EYCJ
[00:49:06] [151/459] CCEJ
[00:49:07] [152/459] MARS
[00:49:08] [153/459] CPVJ
[00:49:08] [154/459] INVP
[00:49:09] [155/459] CPOV
[00:49:10] [156/459] VIJK
[00:49:10] [157/459] LAIM
[00:49:12] [158/459] STHV
[00:49:12] [159/459] SVLJ
[00:49:13] [160/459] ATVJ
[00:49:14] [161/459] JTSC
[00:49:15] [162/459] RMTV
[00:49:15] [163/459] MGGG
[00:49:16] [164/459] SWTH
[00:49:17] [165/459] INVJ
[00:49:18] [166/459] PRSV
[00:49:19] [167/459] JATV
[00:49:20] [168/459] RCVD
[00:49:21] [169/459] BDMA
[00:49:21] [170/459] BLJI
[00:49:22] [171/459] SWOT
[00:49:23] [172/459] SWRN
[00:49:24] [173/459] TVRA
[00:49:25] [174/459] VCSV
[00:49:25] [175/459] NVRN
[00:49:26] [176/459] SIKC
[00:49:27] [177/459] VAKR
[00:49:28] [178/459] SYLN
[00:49:29] [179/459] KLJL
[00:49:29] [180/459] LKMY
[00:49:30] [181/459] VSLY
[00:49:31] [182/459] CIKO
[00:49:32] [183/459] GPBG
[00:49:33] [184/459] CECM
[00:49:34] [185/459] SLKB
[00:49:34] [186/459] MTBO
[00:49:35] [187/459] SSHB
[00:49:36] [188/459] VPCS
[00:49:37] [189/459] RCSR
[00:49:38] [190/459] RJRM
[00:49:38] [191/459] KPPB
[00:49:39] [192/459] SEDC
[00:49:40] [193/459] SCAI
[00:49:41] [194/459] RMTR
[00:49:41] [195/459] ASST
[00:49:42] [196/459] GCAK
[00:49:43] [197/459] ANNK
[00:49:44] [198/459] KDDF
[00:49:45] [199/459] NRDP
[00:49:45] [200/459] PLAK
[00:49:46] [201/459] GCMC
[00:49:47] [202/459] ALPY
[00:49:48] [203/459] SICE
[00:49:49] [204/459] SISR
[00:49:50] [205/459] SRPZ
[00:49:50] [206/459] SRSW
[00:49:51] [207/459] SUYA
[00:49:52] [208/459] AMMT
[00:49:53] [209/459] BHCU
[00:49:54] [210/459] KLPA
[00:49:55] [211/459] NVKH
[00:49:56] [212/459] JMRC
[00:49:57] [213/459] KTTT
[00:49:58] [214/459] MAGH
[00:49:59] [215/459] MMMX
[00:50:00] [216/459] SALJ
[00:50:01] [217/459] GTJA
[00:50:01] [218/459] MAHT
[00:50:02] [219/459] SSNN
[00:50:03] [220/459] ARRP
[00:50:04] [221/459] ATNS
[00:50:05] [222/459] SKDT
[00:50:05] [223/459] ACAT
[00:50:06] [224/459] APRC
[00:50:07] [225/459] SWAG
[00:50:08] [226/459] SDPT
[00:50:09] [227/459] STPS
[00:50:10] [228/459] WWCZ
[00:50:11] [229/459] LLCH
[00:50:12] [230/459] MZHA
[00:50:13] [231/459] CRJG
[00:50:14] [232/459] JGTK
[00:50:15] [233/459] KCSR
[00:50:16] [234/459] CHTL
[00:50:17] [235/459] EDSR
[00:50:18] [236/459] CSWO
[00:50:19] [237/459] CPVM
[00:50:21] [238/459] MXBY
[00:50:22] [239/459] FMMA
[00:50:23] [240/459] POVI
[00:50:23] [241/459] MTHB
[00:50:24] [242/459] INRC
[00:50:25] [243/459] PIPP
[00:50:26] [244/459] BMXC
[00:50:27] [245/459] PCMM
[00:50:28] [246/459] PMKM
[00:50:29] [247/459] GATY
[00:50:29] [248/459] IMCM
[00:50:30] [249/459] POPE
[00:50:31] [250/459] MTCR
[00:50:32] [251/459] PVAE
[00:50:33] [252/459] PVMI
[00:50:34] [253/459] CPNM
[00:50:35] [254/459] FMRL
[00:50:36] [255/459] MCIW
[00:50:36] [256/459] MXBO
[00:50:37] [257/459] FMKY
[00:50:38] [258/459] FMDA
[00:50:39] [259/459] THAB
[00:50:39] [260/459] PRCW
[00:50:41] [261/459] PITI
[00:50:42] [262/459] MCFF
[00:50:43] [263/459] PDDV
[00:50:43] [264/459] MCRM
[00:50:44] [265/459] KKMB
[00:50:45] [266/459] INKO
[00:50:46] [267/459] PLXP
[00:50:47] [268/459] MMHA
[00:50:48] [269/459] FMVS
[00:50:49] [270/459] POLM
[00:50:50] [271/459] STER
[00:50:50] [272/459] PVWJ
[00:50:51] [273/459] IMJW
[00:50:52] [274/459] FNAN
[00:50:53] [275/459] CAGL
[00:50:54] [276/459] IPBG
[00:50:55] [277/459] SMFV
[00:50:56] [278/459] MMMR
[00:50:57] [279/459] MMWM
[00:50:58] [280/459] FNCM
[00:50:59] [281/459] MDVA
[00:51:00] [282/459] MMET
[00:51:01] [283/459] MIDO
[00:51:02] [284/459] INNP
[00:51:03] [285/459] MIFU
[00:51:03] [286/459] MMSZ
[00:51:04] [287/459] BMXA
[00:51:05] [288/459] MCAA
[00:51:06] [289/459] SCVP
[00:51:07] [290/459] PLUS
[00:51:07] [291/459] MUCK
[00:51:08] [292/459] MTMA
[00:51:09] [293/459] HPVR
[00:51:10] [294/459] PMPK
[00:51:11] [295/459] MAJB
[00:51:12] [296/459] CTRR
[00:51:13] [297/459] MCTG
[00:51:14] [298/459] MACE
[00:51:15] [299/459] AAAS
[00:51:16] [300/459] CPVV
[00:51:16] [301/459] RCHG
[00:51:18] [302/459] MCNE
[00:51:19] [303/459] EMNC
[00:51:19] [304/459] MCAN
[00:51:20] [305/459] TCDM
[00:51:21] [306/459] IRGT
[00:51:22] [307/459] GCMG
[00:51:23] [308/459] MXSN
[00:51:24] [309/459] MXCK
[00:51:24] [310/459] MCRC
[00:51:26] [311/459] RSMI
[00:51:27] [312/459] WAML
[00:51:28] [313/459] MTSC
[00:51:29] [314/459] FMDR
[00:51:29] [315/459] LEPV
[00:51:31] [316/459] MTGD
[00:51:32] [317/459] IMOB
[00:51:32] [318/459] CLMM
[00:51:33] [319/459] PZCD
[00:51:34] [320/459] GOCS
[00:51:35] [321/459] KCMA
[00:51:36] [322/459] CCMP
[00:51:37] [323/459] MTSU
[00:51:38] [324/459] SNGL
[00:51:39] [325/459] MMMC
[00:51:39] [326/459] MMAA
[00:51:40] [327/459] GCDM
[00:51:41] [328/459] KTMV
[00:51:43] [329/459] AETE
[00:51:44] [330/459] OMCS
[00:51:44] [331/459] GDCD
[00:51:45] [332/459] NYMD
[00:51:46] [333/459] RNCV
[00:51:47] [334/459] KKMT
[00:51:48] [335/459] GDTH
[00:51:48] [336/459] KMMV
[00:51:49] [337/459] NHCG
[00:51:50] [338/459] PJDW
[00:51:51] [339/459] MMCV
[00:51:52] [340/459] FQSA
[00:51:53] [341/459] KURL
[00:51:54] [342/459] NNNX
[00:51:55] [343/459] AMAU
[00:51:56] [344/459] VVVM
[00:51:57] [345/459] VECU
[00:51:57] [346/459] WCVR
[00:51:59] [347/459] MTGG
[00:52:00] [348/459] SGTG
[00:52:01] [349/459] MNTG
[00:52:01] [350/459] JDDG
[00:52:02] [351/459] MBTK
[00:52:03] [352/459] SGCD
[00:52:04] [353/459] MCTC
[00:52:05] [354/459] JTPC
[00:52:05] [355/459] SDKT
[00:52:06] [356/459] KRCC
[00:52:07] [357/459] RMMD
[00:52:08] [358/459] AAME
[00:52:09] [359/459] TMWC
[00:52:09] [360/459] NRWY
[00:52:10] [361/459] CITD
[00:52:11] [362/459] VERD
[00:52:12] [363/459] MKSK
[00:52:13] [364/459] STSM
[00:52:14] [365/459] MJDG
[00:52:15] [366/459] RKPM
[00:52:16] [367/459] SSCE
[00:52:16] [368/459] VMAE
[00:52:17] [369/459] SBRU
[00:52:18] [370/459] AMBC
[00:52:20] [371/459] AMLU
[00:52:21] [372/459] INVZ
[00:52:22] [373/459] LGTV
[00:52:23] [374/459] SVAD
[00:52:23] [375/459] SMSA
[00:52:24] [376/459] SPCZ
[00:52:25] [377/459] GTCX
[00:52:25] [378/459] SCSL
[00:52:26] [379/459] SAHU
[00:52:27] [380/459] NCDA
[00:52:28] [381/459] SCCG
[00:52:29] [382/459] VKTL
[00:52:30] [383/459] PUUJ
[00:52:31] [384/459] STEJ
[00:52:31] [385/459] RJAL
[00:52:32] [386/459] ACJC
[00:52:33] [387/459] VTHC
[00:52:34] [388/459] ARVB
[00:52:35] [389/459] AUBB
[00:52:36] [390/459] GDBR
[00:52:36] [391/459] PVND
[00:52:37] [392/459] BGRJ
[00:52:38] [393/459] RJMM
[00:52:39] [394/459] MCSA
[00:52:40] [395/459] BODA
[00:52:40] [396/459] JAGG
[00:52:41] [397/459] SCGA
[00:52:42] [398/459] LRCM
[00:52:44] [399/459] CPCN
[00:52:45] [400/459] SSTF
[00:52:46] [401/459] SRXP
[00:52:46] [402/459] CNFX
[00:52:47] [403/459] ANDI
[00:52:48] [404/459] SYEW
[00:52:49] [405/459] RCRE
[00:52:50] [406/459] SCRW
[00:52:51] [407/459] MBKR
[00:52:52] [408/459] ASNT
[00:52:53] [409/459] JTMT
[00:52:53] [410/459] SHAY
[00:52:54] [411/459] VRTH
[00:52:55] [412/459] SPTI
[00:52:56] [413/459] DPTD
[00:52:57] [414/459] TGSN
[00:52:57] [415/459] RCWV
[00:52:58] [416/459] OCUR
[00:53:00] [417/459] KSTC
[00:53:01] [418/459] SANI
[00:53:02] [419/459] MLCA
[00:53:03] [420/459] EGCA
[00:53:04] [421/459] SYSN
[00:53:05] [422/459] PKTA
[00:53:06] [423/459] PRCC
[00:53:07] [424/459] KSTR
[00:53:08] [425/459] SNTP
[00:53:09] [426/459] RCHA
[00:53:10] [427/459] SEEA
[00:53:10] [428/459] ALAT
[00:53:11] [429/459] AATV
[00:53:12] [430/459] RJTE
[00:53:14] [431/459] AAPP
[00:53:14] [432/459] PMMH
[00:53:15] [433/459] INRJ
[00:53:16] [434/459] SARB
[00:53:17] [435/459] PCJL
[00:53:18] [436/459] PFJJ
[00:53:19] [437/459] GRDC
[00:53:19] [438/459] BCBA
[00:53:20] [439/459] VIXL
[00:53:21] [440/459] CSTL
[00:53:22] [441/459] MTDK
[00:53:23] [442/459] TDAC
[00:53:24] [443/459] GTDN
[00:53:25] [444/459] TTDE
[00:53:25] [445/459] ASTS
[00:53:26] [446/459] CPNS
[00:53:27] [447/459] PVVW
[00:53:28] [448/459] USEB
[00:53:29] [449/459] DTYN
[00:53:30] [450/459] PVLE
[00:53:31] [451/459] CIPS
[00:53:32] [452/459] PAEG
[00:53:33] [453/459] PTCW
[00:53:34] [454/459] G3SR
[00:53:35] [455/459] PGND
[00:53:35] [456/459] INVM
[00:53:36] [457/459] SPIA
[00:53:37] [458/459] PCSN
[00:53:38] [459/459] PPGV
[00:53:39] ✅ DONE | Shows=4 | Movies=1
[01:53:39] 🚀 BMS DAILY TRACKER STARTED
[01:53:39] [1/459] FNDB
[01:53:39] 🧠 New identity
[01:53:40] [2/459] AMBH
[01:53:41] [3/459] PRHN
[01:53:41] [4/459] ACPM
[01:53:42] [5/459] PVFS
[01:53:43] [6/459] AACN
[01:53:43] [7/459] ACAS
[01:53:44] [8/459] CTNR
[01:53:45] [9/459] MMAH
[01:53:46] [10/459] CPMH
[01:53:46] [11/459] IGMH
[01:53:47] [12/459] ABCS
[01:53:48] [13/459] CMMA
[01:53:49] [14/459] GPRH
[01:53:50] [15/459] PNNG
[01:53:51] [16/459] AMCA
[01:53:52] [17/459] ISTN
[01:53:53] [18/459] PIIC
[01:53:53] [19/459] AHMH
[01:53:54] [20/459] ASHN
[01:53:55] [21/459] INHY
[01:53:56] [22/459] SRMO
[01:53:57] [23/459] PIMH
[01:53:58] [24/459] PVTS
[01:53:58] [25/459] MMCA
[01:53:59] [26/459] AKYJ
[01:54:00] [27/459] BRKH
[01:54:01] [28/459] MAHM
[01:54:02] [29/459] CPHY
[01:54:03] [30/459] PVTP
[01:54:04] [31/459] SMMR
[01:54:06] [32/459] PVHM
[01:54:07] [33/459] SNDY
[01:54:08] [34/459] GOKU
[01:54:10] [35/459] ACEV
[01:54:10] [36/459] PVUM
[01:54:11] [37/459] VSWA
[01:54:13] [38/459] IPRS
[01:54:14] [39/459] ASGN
[01:54:14] [40/459] BKMV
[01:54:15] [41/459] PVYH
[01:54:16] [42/459] INKM
[01:54:17] [43/459] ARJU
[01:54:18] [44/459] JJPP
[01:54:19] [45/459] SSRM
[01:54:19] [46/459] HMHD
[01:54:20] [47/459] SNKH
[01:54:22] [48/459] ACHI
[01:54:23] [49/459] MRAA
[01:54:24] [50/459] INMH
[01:54:24] [51/459] ARMH
[01:54:25] [52/459] DVRR
[01:54:26] [53/459] SUDA
[01:54:27] [54/459] MCSS
[01:54:28] [55/459] VRKC
[01:54:29] [56/459] PRCX
[01:54:29] [57/459] ASJY
[01:54:30] [58/459] MTHY
[01:54:31] [59/459] SRCM
[01:54:32] [60/459] TVHY
[01:54:33] [61/459] STHD
[01:54:34] [62/459] CPCL
[01:54:35] [63/459] PSMJ
[01:54:36] [64/459] MRGT
[01:54:37] [65/459] ARYH
[01:54:38] [66/459] VTRB
[01:54:39] [67/459] SCHC
[01:54:40] [68/459] MRRG
[01:54:42] [69/459] SPCB
[01:54:43] [70/459] AMCM
[01:54:44] [71/459] IVNM
[01:54:45] [72/459] TRHY
[01:54:46] [73/459] PTTH
[01:54:47] [74/459] RKMH
[01:54:47] [75/459] PRCS
[01:54:48] [76/459] VAJA
[01:54:49] [77/459] BJNG
[01:54:50] [78/459] SCVM
[01:54:51] [79/459] GNHB
[01:54:52] [80/459] TLUR
[01:54:52] [81/459] UKCC
[01:54:53] [82/459] SRKR
[01:54:54] [83/459] RMKN
[01:54:55] [84/459] SLRT
[01:54:55] [85/459] LKMT
[01:54:56] [86/459] SSRJ
[01:54:57] [87/459] SPHT
[01:54:58] [88/459] ANTT
[01:54:58] [89/459] SRCH
[01:54:59] [90/459] SRCA
[01:55:00] [91/459] ARTH
[01:55:01] [92/459] MCBH
[01:55:02] [93/459] SNIB
[01:55:03] [94/459] SART
[01:55:04] [95/459] SKTA
[01:55:05] [96/459] YAKT
[01:55:05] [97/459] MLCK
[01:55:06] [98/459] ANTS
[01:55:07] [99/459] DGCA
[01:55:08] [100/459] SGMP
[01:55:09] [101/459] ASWN
[01:55:10] [102/459] KFVU
[01:55:10] [103/459] POOR
[01:55:11] [104/459] GKDN
[01:55:12] [105/459] EOSE
[01:55:13] [106/459] GTTT
[01:55:14] [107/459] ARRO
[01:55:15] [108/459] CMMK
[01:55:16] [109/459] MSCN
[01:55:16] [110/459] GDKH
[01:55:17] [111/459] DLMT
[01:55:18] [112/459] PVMF
[01:55:20] [113/459] CPCK
[01:55:20] [114/459] VMHE
[01:55:21] [115/459] PVLC
[01:55:22] [116/459] PCVB
[01:55:23] [117/459] SNYK
[01:55:24] [118/459] KTEK
[01:55:25] [119/459] PCNM
[01:55:26] [120/459] NTTR
[01:55:27] [121/459] CPSK
[01:55:27] [122/459] JMMA
[01:55:28] [123/459] GCFK
[01:55:29] [124/459] MYCA
[01:55:30] [125/459] KSNP
[01:55:30] [126/459] PMCE
[01:55:31] [127/459] SCKI
[01:55:32] [128/459] FSMA
[01:55:33] [129/459] CETA
[01:55:33] [130/459] MCIK
[01:55:34] [131/459] MYCR
[01:55:35] [132/459] EVMP
[01:55:36] [133/459] SSGT
[01:55:37] [134/459] KCTK
[01:55:37] [135/459] ZTKC
[01:55:39] [136/459] MMTA
[01:55:40] [137/459] MAJT
[01:55:40] [138/459] ACPK
[01:55:42] [139/459] JMAX
[01:55:43] [140/459] SETK
[01:55:43] [141/459] CAIS
[01:55:44] [142/459] AGCD
[01:55:46] [143/459] URCL
[01:55:47] [144/459] VTDS
[01:55:47] [145/459] JCNM
[01:55:49] [146/459] KCAM
[01:55:50] [147/459] ADCU
[01:55:51] [148/459] GXYN
[01:55:51] [149/459] SMJG
[01:55:52] [150/459] EYCJ
[01:55:53] [151/459] CCEJ
[01:55:54] [152/459] MARS
[01:55:55] [153/459] CPVJ
[01:55:56] [154/459] INVP
[01:55:56] [155/459] CPOV
[01:55:57] [156/459] VIJK
[01:55:58] [157/459] LAIM
[01:55:59] [158/459] STHV
[01:55:59] [159/459] SVLJ
[01:56:01] [160/459] ATVJ
[01:56:02] [161/459] JTSC
[01:56:03] [162/459] RMTV
[01:56:04] [163/459] MGGG
[01:56:05] [164/459] SWTH
[01:56:06] [165/459] INVJ
[01:56:07] [166/459] PRSV
[01:56:07] [167/459] JATV
[01:56:09] [168/459] RCVD
[01:56:10] [169/459] BDMA
[01:56:11] [170/459] BLJI
[01:56:11] [171/459] SWOT
[01:56:12] [172/459] SWRN
[01:56:13] [173/459] TVRA
[01:56:14] [174/459] VCSV
[01:56:15] [175/459] NVRN
[01:56:15] [176/459] SIKC
[01:56:16] [177/459] VAKR
[01:56:17] [178/459] SYLN
[01:56:18] [179/459] KLJL
[01:56:19] [180/459] LKMY
[01:56:20] [181/459] VSLY
[01:56:21] [182/459] CIKO
[01:56:21] [183/459] GPBG
[01:56:22] [184/459] CECM
[01:56:23] [185/459] SLKB
[01:56:24] [186/459] MTBO
[01:56:25] [187/459] SSHB
[01:56:26] [188/459] VPCS
[01:56:27] [189/459] RCSR
[01:56:27] [190/459] RJRM
[01:56:28] [191/459] KPPB
[01:56:29] [192/459] SEDC
[01:56:30] [193/459] SCAI
[01:56:32] [194/459] RMTR
[01:56:33] [195/459] ASST
[01:56:34] [196/459] GCAK
[01:56:35] [197/459] ANNK
[01:56:36] [198/459] KDDF
[01:56:37] [199/459] NRDP
[01:56:38] [200/459] PLAK
[01:56:38] [201/459] GCMC
[01:56:39] [202/459] ALPY
[01:56:40] [203/459] SICE
[01:56:41] [204/459] SISR
[01:56:42] [205/459] SRPZ
[01:56:43] [206/459] SRSW
[01:56:43] [207/459] SUYA
[01:56:44] [208/459] AMMT
[01:56:45] [209/459] BHCU
[01:56:46] [210/459] KLPA
[01:56:47] [211/459] NVKH
[01:56:47] [212/459] JMRC
[01:56:48] [213/459] KTTT
[01:56:49] [214/459] MAGH
[01:56:50] [215/459] MMMX
[01:56:51] [216/459] SALJ
[01:56:51] [217/459] GTJA
[01:56:52] [218/459] MAHT
[01:56:53] [219/459] SSNN
[01:56:54] [220/459] ARRP
[01:56:55] [221/459] ATNS
[01:56:56] [222/459] SKDT
[01:56:56] [223/459] ACAT
[01:56:57] [224/459] APRC
[01:56:58] [225/459] SWAG
[01:56:59] [226/459] SDPT
[01:56:59] [227/459] STPS
[01:57:00] [228/459] WWCZ
[01:57:01] [229/459] LLCH
[01:57:02] [230/459] MZHA
[01:57:04] [231/459] CRJG
[01:57:05] [232/459] JGTK
[01:57:05] [233/459] KCSR
[01:57:06] [234/459] CHTL
[01:57:07] [235/459] EDSR
[01:57:08] [236/459] CSWO
[01:57:08] [237/459] CPVM
[01:57:09] [238/459] MXBY
[01:57:10] [239/459] FMMA
[01:57:11] [240/459] POVI
[01:57:11] [241/459] MTHB
[01:57:12] [242/459] INRC
[01:57:13] [243/459] PIPP
[01:57:14] [244/459] BMXC
[01:57:14] [245/459] PCMM
[01:57:15] [246/459] PMKM
[01:57:17] [247/459] GATY
[01:57:18] [248/459] IMCM
[01:57:19] [249/459] POPE
[01:57:20] [250/459] MTCR
[01:57:21] [251/459] PVAE
[01:57:22] [252/459] PVMI
[01:57:23] [253/459] CPNM
[01:57:24] [254/459] FMRL
[01:57:25] [255/459] MCIW
[01:57:26] [256/459] MXBO
[01:57:27] [257/459] FMKY
[01:57:27] [258/459] FMDA
[01:57:28] [259/459] THAB
[01:57:29] [260/459] PRCW
[01:57:30] [261/459] PITI
[01:57:30] [262/459] MCFF
[01:57:31] [263/459] PDDV
[01:57:32] [264/459] MCRM
[01:57:33] [265/459] KKMB
[01:57:33] [266/459] INKO
[01:57:34] [267/459] PLXP
[01:57:35] [268/459] MMHA
[01:57:36] [269/459] FMVS
[01:57:37] [270/459] POLM
[01:57:38] [271/459] STER
[01:57:38] [272/459] PVWJ
[01:57:39] [273/459] IMJW
[01:57:40] [274/459] FNAN
[01:57:40] [275/459] CAGL
[01:57:41] [276/459] IPBG
[01:57:42] [277/459] SMFV
[01:57:43] [278/459] MMMR
[01:57:44] [279/459] MMWM
[01:57:45] [280/459] FNCM
[01:57:47] [281/459] MDVA
[01:57:47] [282/459] MMET
[01:57:48] [283/459] MIDO
[01:57:49] [284/459] INNP
[01:57:50] [285/459] MIFU
[01:57:51] [286/459] MMSZ
[01:57:51] [287/459] BMXA
[01:57:52] [288/459] MCAA
[01:57:53] [289/459] SCVP
[01:57:54] [290/459] PLUS
[01:57:54] [291/459] MUCK
[01:57:55] [292/459] MTMA
[01:57:56] [293/459] HPVR
[01:57:57] [294/459] PMPK
[01:57:57] [295/459] MAJB
[01:57:59] [296/459] CTRR
[01:58:00] [297/459] MCTG
[01:58:01] [298/459] MACE
[01:58:02] [299/459] AAAS
[01:58:03] [300/459] CPVV
[01:58:03] [301/459] RCHG
[01:58:05] [302/459] MCNE
[01:58:06] [303/459] EMNC
[01:58:07] [304/459] MCAN
[01:58:09] [305/459] TCDM
[01:58:10] [306/459] IRGT
[01:58:11] [307/459] GCMG
[01:58:11] [308/459] MXSN
[01:58:12] [309/459] MXCK
[01:58:13] [310/459] MCRC
[01:58:14] [311/459] RSMI
[01:58:15] [312/459] WAML
[01:58:15] [313/459] MTSC
[01:58:16] [314/459] FMDR
[01:58:17] [315/459] LEPV
[01:58:18] [316/459] MTGD
[01:58:18] [317/459] IMOB
[01:58:19] [318/459] CLMM
[01:58:20] [319/459] PZCD
[01:58:21] [320/459] GOCS
[01:58:22] [321/459] KCMA
[01:58:22] [322/459] CCMP
[01:58:23] [323/459] MTSU
[01:58:24] [324/459] SNGL
[01:58:25] [325/459] MMMC
[01:58:26] [326/459] MMAA
[01:58:27] [327/459] GCDM
[01:58:28] [328/459] KTMV
[01:58:29] [329/459] AETE
[01:58:29] [330/459] OMCS
[01:58:30] [331/459] GDCD
[01:58:31] [332/459] NYMD
[01:58:32] [333/459] RNCV
[01:58:33] [334/459] KKMT
[01:58:33] [335/459] GDTH
[01:58:34] [336/459] KMMV
[01:58:35] [337/459] NHCG
[01:58:36] [338/459] PJDW
[01:58:38] [339/459] MMCV
[01:58:38] [340/459] FQSA
[01:58:39] [341/459] KURL
[01:58:40] [342/459] NNNX
[01:58:40] [343/459] AMAU
[01:58:41] [344/459] VVVM
[01:58:42] [345/459] VECU
[01:58:43] [346/459] WCVR
[01:58:44] [347/459] MTGG
[01:58:45] [348/459] SGTG
[01:58:46] [349/459] MNTG
[01:58:46] [350/459] JDDG
[01:58:47] [351/459] MBTK
[01:58:48] [352/459] SGCD
[01:58:49] [353/459] MCTC
[01:58:49] [354/459] JTPC
[01:58:50] [355/459] SDKT
[01:58:52] [356/459] KRCC
[01:58:53] [357/459] RMMD
[01:58:54] [358/459] AAME
[01:58:55] [359/459] TMWC
[01:58:55] [360/459] NRWY
[01:58:56] [361/459] CITD
[01:58:57] [362/459] VERD
[01:58:59] [363/459] MKSK
[01:59:00] [364/459] STSM
[01:59:01] [365/459] MJDG
[01:59:01] [366/459] RKPM
[01:59:02] [367/459] SSCE
[01:59:03] [368/459] VMAE
[01:59:04] [369/459] SBRU
[01:59:04] [370/459] AMBC
[01:59:05] [371/459] AMLU
[01:59:06] [372/459] INVZ
[01:59:07] [373/459] LGTV
[01:59:08] [374/459] SVAD
[01:59:09] [375/459] SMSA
[01:59:10] [376/459] SPCZ
[01:59:11] [377/459] GTCX
[01:59:12] [378/459] SCSL
[01:59:13] [379/459] SAHU
[01:59:14] [380/459] NCDA
[01:59:15] [381/459] SCCG
[01:59:16] [382/459] VKTL
[01:59:17] [383/459] PUUJ
[01:59:18] [384/459] STEJ
[01:59:19] [385/459] RJAL
[01:59:20] [386/459] ACJC
[01:59:20] [387/459] VTHC
[01:59:21] [388/459] ARVB
[01:59:22] [389/459] AUBB
[01:59:23] [390/459] GDBR
[01:59:23] [391/459] PVND
[01:59:24] [392/459] BGRJ
[01:59:25] [393/459] RJMM
[01:59:26] [394/459] MCSA
[01:59:27] [395/459] BODA
[01:59:28] [396/459] JAGG
[01:59:29] [397/459] SCGA
[01:59:30] [398/459] LRCM
[01:59:31] [399/459] CPCN
[01:59:31] [400/459] SSTF
[01:59:32] [401/459] SRXP
[01:59:33] [402/459] CNFX
[01:59:34] [403/459] ANDI
[01:59:35] [404/459] SYEW
[01:59:35] [405/459] RCRE
[01:59:36] [406/459] SCRW
[01:59:37] [407/459] MBKR
[01:59:38] [408/459] ASNT
[01:59:39] [409/459] JTMT
[01:59:40] [410/459] SHAY
[01:59:41] [411/459] VRTH
[01:59:42] [412/459] SPTI
[01:59:42] [413/459] DPTD
[01:59:43] [414/459] TGSN
[01:59:45] [415/459] RCWV
[01:59:46] [416/459] OCUR
[01:59:47] [417/459] KSTC
[01:59:47] [418/459] SANI
[01:59:48] [419/459] MLCA
[01:59:49] [420/459] EGCA
[01:59:50] [421/459] SYSN
[01:59:51] [422/459] PKTA
[01:59:51] [423/459] PRCC
[01:59:52] [424/459] KSTR
[01:59:53] [425/459] SNTP
[01:59:54] [426/459] RCHA
[01:59:55] [427/459] SEEA
[01:59:55] [428/459] ALAT
[01:59:56] [429/459] AATV
[01:59:57] [430/459] RJTE
[01:59:59] [431/459] AAPP
[02:00:00] [432/459] PMMH
[02:00:01] [433/459] INRJ
[02:00:02] [434/459] SARB
[02:00:03] [435/459] PCJL
[02:00:03] [436/459] PFJJ
[02:00:04] [437/459] GRDC
[02:00:05] [438/459] BCBA
[02:00:06] [439/459] VIXL
[02:00:07] [440/459] CSTL
[02:00:08] [441/459] MTDK
[02:00:09] [442/459] TDAC
[02:00:09] [443/459] GTDN
[02:00:10] [444/459] TTDE
[02:00:11] [445/459] ASTS
[02:00:13] [446/459] CPNS
[02:00:14] [447/459] PVVW
[02:00:14] [448/459] USEB
[02:00:16] [449/459] DTYN
[02:00:17] [450/459] PVLE
[02:00:18] [451/459] CIPS
[02:00:20] [452/459] PAEG
[02:00:21] [453/459] PTCW
[02:00:22] [454/459] G3SR
[02:00:23] [455/459] PGND
[02:00:23] [456/459] INVM
[02:00:24] [457/459] SPIA
[02:00:25] [458/459] PCSN
[02:00:26] [459/459] PPGV
[02:00:27] ✅ DONE | Shows=4 | Movies=1
[02:49:05] 🚀 BMS DAILY TRACKER STARTED
[02:49:05] [1/459] FNDB
[02:49:05] 🧠 New identity
[02:49:06] [2/459] AMBH
[02:49:07] [3/459] PRHN
[02:49:08] [4/459] ACPM
[02:49:09] [5/459] PVFS
[02:49:10] [6/459] AACN
[02:49:11] [7/459] ACAS
[02:49:12] [8/459] CTNR
[02:49:13] [9/459] MMAH
[02:49:14] [10/459] CPMH
[02:49:14] [11/459] IGMH
[02:49:15] [12/459] ABCS
[02:49:16] [13/459] CMMA
[02:49:17] [14/459] GPRH
[02:49:18] [15/459] PNNG
[02:49:19] [16/459] AMCA
[02:49:20] [17/459] ISTN
[02:49:21] [18/459] PIIC
[02:49:22] [19/459] AHMH
[02:49:23] [20/459] ASHN
[02:49:24] [21/459] INHY
[02:49:24] [22/459] SRMO
[02:49:25] [23/459] PIMH
[02:49:26] [24/459] PVTS
[02:49:27] [25/459] MMCA
[02:49:28] [26/459] AKYJ
[02:49:29] [27/459] BRKH
[02:49:30] [28/459] MAHM
[02:49:30] [29/459] CPHY
[02:49:32] [30/459] PVTP
[02:49:33] [31/459] SMMR
[02:49:34] [32/459] PVHM
[02:49:36] [33/459] SNDY
[02:49:37] [34/459] GOKU
[02:49:38] [35/459] ACEV
[02:49:39] [36/459] PVUM
[02:49:40] [37/459] VSWA
[02:49:40] [38/459] IPRS
[02:49:41] [39/459] ASGN
[02:49:42] [40/459] BKMV
[02:49:43] [41/459] PVYH
[02:49:45] [42/459] INKM
[02:49:46] [43/459] ARJU
[02:49:47] [44/459] JJPP
[02:49:48] [45/459] SSRM
[02:49:48] [46/459] HMHD
[02:49:49] [47/459] SNKH
[02:49:50] [48/459] ACHI
[02:49:51] [49/459] MRAA
[02:49:52] [50/459] INMH
[02:49:53] [51/459] ARMH
[02:49:54] [52/459] DVRR
[02:49:55] [53/459] SUDA
[02:49:56] [54/459] MCSS
[02:49:57] [55/459] VRKC
[02:49:58] [56/459] PRCX
[02:49:59] [57/459] ASJY
[02:50:00] [58/459] MTHY
[02:50:02] [59/459] SRCM
[02:50:03] [60/459] TVHY
[02:50:03] [61/459] STHD
[02:50:04] [62/459] CPCL
[02:50:05] [63/459] PSMJ
[02:50:06] [64/459] MRGT
[02:50:07] [65/459] ARYH
[02:50:08] [66/459] VTRB
[02:50:09] [67/459] SCHC
[02:50:10] [68/459] MRRG
[02:50:10] [69/459] SPCB
[02:50:11] [70/459] AMCM
[02:50:13] [71/459] IVNM
[02:50:14] [72/459] TRHY
[02:50:15] [73/459] PTTH
[02:50:16] [74/459] RKMH
[02:50:17] [75/459] PRCS
[02:50:18] [76/459] VAJA
[02:50:19] [77/459] BJNG
[02:50:19] [78/459] SCVM
[02:50:20] [79/459] GNHB
[02:50:21] [80/459] TLUR
[02:50:22] [81/459] UKCC
[02:50:23] [82/459] SRKR
[02:50:24] [83/459] RMKN
[02:50:25] [84/459] SLRT
[02:50:26] [85/459] LKMT
[02:50:26] [86/459] SSRJ
[02:50:27] [87/459] SPHT
[02:50:28] [88/459] ANTT
[02:50:29] [89/459] SRCH
[02:50:31] [90/459] SRCA
[02:50:32] [91/459] ARTH
[02:50:33] [92/459] MCBH
[02:50:33] [93/459] SNIB
[02:50:34] [94/459] SART
[02:50:36] [95/459] SKTA
[02:50:38] [96/459] YAKT
[02:50:38] [97/459] MLCK
[02:50:39] [98/459] ANTS
[02:50:40] [99/459] DGCA
[02:50:42] [100/459] SGMP
[02:50:43] [101/459] ASWN
[02:50:44] [102/459] KFVU
[02:50:45] [103/459] POOR
[02:50:46] [104/459] GKDN
[02:50:46] [105/459] EOSE
[02:50:47] [106/459] GTTT
[02:50:48] [107/459] ARRO
[02:50:49] [108/459] CMMK
[02:50:49] [109/459] MSCN
[02:50:50] [110/459] GDKH
[02:50:51] [111/459] DLMT
[02:50:52] [112/459] PVMF
[02:50:53] [113/459] CPCK
[02:50:54] [114/459] VMHE
[02:50:55] [115/459] PVLC
[02:50:55] [116/459] PCVB
[02:50:56] [117/459] SNYK
[02:50:57] [118/459] KTEK
[02:50:58] [119/459] PCNM
[02:50:59] [120/459] NTTR
[02:51:01] [121/459] CPSK
[02:51:01] [122/459] JMMA
[02:51:02] [123/459] GCFK
[02:51:04] [124/459] MYCA
[02:51:05] [125/459] KSNP
[02:51:06] [126/459] PMCE
[02:51:07] [127/459] SCKI
[02:51:08] [128/459] FSMA
[02:51:08] [129/459] CETA
[02:51:09] [130/459] MCIK
[02:51:10] [131/459] MYCR
[02:51:11] [132/459] EVMP
[02:51:12] [133/459] SSGT
[02:51:13] [134/459] KCTK
[02:51:13] [135/459] ZTKC
[02:51:14] [136/459] MMTA
[02:51:15] [137/459] MAJT
[02:51:16] [138/459] ACPK
[02:51:17] [139/459] JMAX
[02:51:18] [140/459] SETK
[02:51:19] [141/459] CAIS
[02:51:20] [142/459] AGCD
[02:51:21] [143/459] URCL
[02:51:22] [144/459] VTDS
[02:51:22] [145/459] JCNM
[02:51:23] [146/459] KCAM
[02:51:25] [147/459] ADCU
[02:51:26] [148/459] GXYN
[02:51:27] [149/459] SMJG
[02:51:27] [150/459] EYCJ
[02:51:28] [151/459] CCEJ
[02:51:29] [152/459] MARS
[02:51:30] [153/459] CPVJ
[02:51:31] [154/459] INVP
[02:51:32] [155/459] CPOV
[02:51:33] [156/459] VIJK
[02:51:34] [157/459] LAIM
[02:51:34] [158/459] STHV
[02:51:35] [159/459] SVLJ
[02:51:36] [160/459] ATVJ
[02:51:37] [161/459] JTSC
[02:51:38] [162/459] RMTV
[02:51:39] [163/459] MGGG
[02:51:40] [164/459] SWTH
[02:51:41] [165/459] INVJ
[02:51:42] [166/459] PRSV
[02:51:43] [167/459] JATV
[02:51:43] [168/459] RCVD
[02:51:44] [169/459] BDMA
[02:51:45] [170/459] BLJI
[02:51:47] [171/459] SWOT
[02:51:48] [172/459] SWRN
[02:51:49] [173/459] TVRA
[02:51:50] [174/459] VCSV
[02:51:51] [175/459] NVRN
[02:51:51] [176/459] SIKC
[02:51:52] [177/459] VAKR
[02:51:53] [178/459] SYLN
[02:51:54] [179/459] KLJL
[02:51:55] [180/459] LKMY
[02:51:56] [181/459] VSLY
[02:51:57] [182/459] CIKO
[02:51:59] [183/459] GPBG
[02:52:00] [184/459] CECM
[02:52:01] [185/459] SLKB
[02:52:01] [186/459] MTBO
[02:52:02] [187/459] SSHB
[02:52:04] [188/459] VPCS
[02:52:04] [189/459] RCSR
[02:52:05] [190/459] RJRM
[02:52:06] [191/459] KPPB
[02:52:07] [192/459] SEDC
[02:52:08] [193/459] SCAI
[02:52:09] [194/459] RMTR
[02:52:10] [195/459] ASST
[02:52:11] [196/459] GCAK
[02:52:11] [197/459] ANNK
[02:52:12] [198/459] KDDF
[02:52:13] [199/459] NRDP
[02:52:14] [200/459] PLAK
[02:52:16] [201/459] GCMC
[02:52:16] [202/459] ALPY
[02:52:17] [203/459] SICE
[02:52:18] [204/459] SISR
[02:52:19] [205/459] SRPZ
[02:52:20] [206/459] SRSW
[02:52:21] [207/459] SUYA
[02:52:22] [208/459] AMMT
[02:52:23] [209/459] BHCU
[02:52:23] [210/459] KLPA
[02:52:24] [211/459] NVKH
[02:52:25] [212/459] JMRC
[02:52:26] [213/459] KTTT
[02:52:27] [214/459] MAGH
[02:52:28] [215/459] MMMX
[02:52:28] [216/459] SALJ
[02:52:29] [217/459] GTJA
[02:52:30] [218/459] MAHT
[02:52:31] [219/459] SSNN
[02:52:32] [220/459] ARRP
[02:52:33] [221/459] ATNS
[02:52:33] [222/459] SKDT
[02:52:34] [223/459] ACAT
[02:52:35] [224/459] APRC
[02:52:36] [225/459] SWAG
[02:52:37] [226/459] SDPT
[02:52:37] [227/459] STPS
[02:52:39] [228/459] WWCZ
[02:52:40] [229/459] LLCH
[02:52:41] [230/459] MZHA
[02:52:42] [231/459] CRJG
[02:52:43] [232/459] JGTK
[02:52:43] [233/459] KCSR
[02:52:44] [234/459] CHTL
[02:52:45] [235/459] EDSR
[02:52:46] [236/459] CSWO
[02:52:48] [237/459] CPVM
[02:52:48] [238/459] MXBY
[02:52:49] [239/459] FMMA
[02:52:50] [240/459] POVI
[02:52:51] [241/459] MTHB
[02:52:52] [242/459] INRC
[02:52:53] [243/459] PIPP
[02:52:54] [244/459] BMXC
[02:52:54] [245/459] PCMM
[02:52:55] [246/459] PMKM
[02:52:57] [247/459] GATY
[02:52:58] [248/459] IMCM
[02:52:59] [249/459] POPE
[02:53:00] [250/459] MTCR
[02:53:01] [251/459] PVAE
[02:53:02] [252/459] PVMI
[02:53:02] [253/459] CPNM
[02:53:03] [254/459] FMRL
[02:53:04] [255/459] MCIW
[02:53:05] [256/459] MXBO
[02:53:06] [257/459] FMKY
[02:53:07] [258/459] FMDA
[02:53:08] [259/459] THAB
[02:53:09] [260/459] PRCW
[02:53:09] [261/459] PITI
[02:53:11] [262/459] MCFF
[02:53:12] [263/459] PDDV
[02:53:13] [264/459] MCRM
[02:53:14] [265/459] KKMB
[02:53:15] [266/459] INKO
[02:53:16] [267/459] PLXP
[02:53:17] [268/459] MMHA
[02:53:17] [269/459] FMVS
[02:53:18] [270/459] POLM
[02:53:19] [271/459] STER
[02:53:20] [272/459] PVWJ
[02:53:21] [273/459] IMJW
[02:53:21] [274/459] FNAN
[02:53:22] [275/459] CAGL
[02:53:23] [276/459] IPBG
[02:53:24] [277/459] SMFV
[02:53:25] [278/459] MMMR
[02:53:26] [279/459] MMWM
[02:53:27] [280/459] FNCM
[02:53:27] [281/459] MDVA
[02:53:28] [282/459] MMET
[02:53:30] [283/459] MIDO
[02:53:32] [284/459] INNP
[02:53:33] [285/459] MIFU
[02:53:33] [286/459] MMSZ
[02:53:34] [287/459] BMXA
[02:53:35] [288/459] MCAA
[02:53:37] [289/459] SCVP
[02:53:37] [290/459] PLUS
[02:53:38] [291/459] MUCK
[02:53:39] [292/459] MTMA
[02:53:40] [293/459] HPVR
[02:53:41] [294/459] PMPK
[02:53:42] [295/459] MAJB
[02:53:43] [296/459] CTRR
[02:53:44] [297/459] MCTG
[02:53:45] [298/459] MACE
[02:53:46] [299/459] AAAS
[02:53:46] [300/459] CPVV
[02:53:47] [301/459] RCHG
[02:53:48] [302/459] MCNE
[02:53:49] [303/459] EMNC
[02:53:50] [304/459] MCAN
[02:53:50] [305/459] TCDM
[02:53:51] [306/459] IRGT
[02:53:52] [307/459] GCMG
[02:53:53] [308/459] MXSN
[02:53:54] [309/459] MXCK
[02:53:55] [310/459] MCRC
[02:53:56] [311/459] RSMI
[02:53:57] [312/459] WAML
[02:53:58] [313/459] MTSC
[02:53:59] [314/459] FMDR
[02:53:59] [315/459] LEPV
[02:54:00] [316/459] MTGD
[02:54:02] [317/459] IMOB
[02:54:03] [318/459] CLMM
[02:54:04] [319/459] PZCD
[02:54:04] [320/459] GOCS
[02:54:05] [321/459] KCMA
[02:54:06] [322/459] CCMP
[02:54:08] [323/459] MTSU
[02:54:08] [324/459] SNGL
[02:54:09] [325/459] MMMC
[02:54:11] [326/459] MMAA
[02:54:12] [327/459] GCDM
[02:54:12] [328/459] KTMV
[02:54:13] [329/459] AETE
[02:54:14] [330/459] OMCS
[02:54:15] [331/459] GDCD
[02:54:16] [332/459] NYMD
[02:54:16] [333/459] RNCV
[02:54:17] [334/459] KKMT
[02:54:18] [335/459] GDTH
[02:54:20] [336/459] KMMV
[02:54:21] [337/459] NHCG
[02:54:22] [338/459] PJDW
[02:54:23] [339/459] MMCV
[02:54:23] [340/459] FQSA
[02:54:24] [341/459] KURL
[02:54:25] [342/459] NNNX
[02:54:26] [343/459] AMAU
[02:54:27] [344/459] VVVM
[02:54:28] [345/459] VECU
[02:54:29] [346/459] WCVR
[02:54:30] [347/459] MTGG
[02:54:31] [348/459] SGTG
[02:54:31] [349/459] MNTG
[02:54:32] [350/459] JDDG
[02:54:33] [351/459] MBTK
[02:54:34] [352/459] SGCD
[02:54:35] [353/459] MCTC
[02:54:36] [354/459] JTPC
[02:54:37] [355/459] SDKT
[02:54:38] [356/459] KRCC
[02:54:39] [357/459] RMMD
[02:54:39] [358/459] AAME
[02:54:40] [359/459] TMWC
[02:54:41] [360/459] NRWY
[02:54:42] [361/459] CITD
[02:54:43] [362/459] VERD
[02:54:44] [363/459] MKSK
[02:54:44] [364/459] STSM
[02:54:45] [365/459] MJDG
[02:54:46] [366/459] RKPM
[02:54:47] [367/459] SSCE
[02:54:48] [368/459] VMAE
[02:54:49] [369/459] SBRU
[02:54:50] [370/459] AMBC
[02:54:51] [371/459] AMLU
[02:54:51] [372/459] INVZ
[02:54:52] [373/459] LGTV
[02:54:53] [374/459] SVAD
[02:54:54] [375/459] SMSA
[02:54:55] [376/459] SPCZ
[02:54:56] [377/459] GTCX
[02:54:57] [378/459] SCSL
[02:54:58] [379/459] SAHU
[02:54:59] [380/459] NCDA
[02:55:00] [381/459] SCCG
[02:55:01] [382/459] VKTL
[02:55:02] [383/459] PUUJ
[02:55:03] [384/459] STEJ
[02:55:05] [385/459] RJAL
[02:55:06] [386/459] ACJC
[02:55:06] [387/459] VTHC
[02:55:07] [388/459] ARVB
[02:55:09] [389/459] AUBB
[02:55:10] [390/459] GDBR
[02:55:11] [391/459] PVND
[02:55:12] [392/459] BGRJ
[02:55:13] [393/459] RJMM
[02:55:15] [394/459] MCSA
[02:55:16] [395/459] BODA
[02:55:17] [396/459] JAGG
[02:55:18] [397/459] SCGA
[02:55:20] [398/459] LRCM
[02:55:20] [399/459] CPCN
[02:55:21] [400/459] SSTF
[02:55:23] [401/459] SRXP
[02:55:25] [402/459] CNFX
[02:55:26] [403/459] ANDI
[02:55:26] [404/459] SYEW
[02:55:27] [405/459] RCRE
[02:55:29] [406/459] SCRW
[02:55:30] [407/459] MBKR
[02:55:30] [408/459] ASNT
[02:55:31] [409/459] JTMT
[02:55:32] [410/459] SHAY
[02:55:33] [411/459] VRTH
[02:55:34] [412/459] SPTI
[02:55:35] [413/459] DPTD
[02:55:36] [414/459] TGSN
[02:55:36] [415/459] RCWV
[02:55:37] [416/459] OCUR
[02:55:38] [417/459] KSTC
[02:55:39] [418/459] SANI
[02:55:39] [419/459] MLCA
[02:55:40] [420/459] EGCA
[02:55:41] [421/459] SYSN
[02:55:42] [422/459] PKTA
[02:55:43] [423/459] PRCC
[02:55:44] [424/459] KSTR
[02:55:45] [425/459] SNTP
[02:55:46] [426/459] RCHA
[02:55:47] [427/459] SEEA
[02:55:48] [428/459] ALAT
[02:55:49] [429/459] AATV
[02:55:50] [430/459] RJTE
[02:55:52] [431/459] AAPP
[02:55:53] [432/459] PMMH
[02:55:54] [433/459] INRJ
[02:55:55] [434/459] SARB
[02:55:56] [435/459] PCJL
[02:55:57] [436/459] PFJJ
[02:55:58] [437/459] GRDC
[02:55:59] [438/459] BCBA
[02:55:59] [439/459] VIXL
[02:56:00] [440/459] CSTL
[02:56:01] [441/459] MTDK
[02:56:02] [442/459] TDAC
[02:56:03] [443/459] GTDN
[02:56:04] [444/459] TTDE
[02:56:04] [445/459] ASTS
[02:56:06] [446/459] CPNS
[02:56:08] [447/459] PVVW
[02:56:09] [448/459] USEB
[02:56:10] [449/459] DTYN
[02:56:11] [450/459] PVLE
[02:56:12] [451/459] CIPS
[02:56:13] [452/459] PAEG
[02:56:14] [453/459] PTCW
[02:56:15] [454/459] G3SR
[02:56:15] [455/459] PGND
[02:56:16] [456/459] INVM
[02:56:17] [457/459] SPIA
[02:56:19] [458/459] PCSN
[02:56:19] [459/459] PPGV
[02:56:20] ✅ DONE | Shows=4 | Movies=1
