[16:00:43] 🚀 SCRIPT STARTED
[16:00:43] [1/435] NJCT
[16:00:43] 🧠 New identity created
[16:00:44] [2/435] COPC
[16:00:45] [3/435] STVV
[16:00:45] [4/435] SKRN
[16:00:47] [5/435] APPZ
[16:00:47] [6/435] YMGN
[16:00:48] [7/435] SVTU
[16:00:49] [8/435] GTAD
[16:00:50] [9/435] PSUS
[16:00:51] [10/435] SMCD
[16:00:51] [11/435] CMCM
[16:00:52] [12/435] SYCT
[16:00:53] [13/435] STLY
[16:00:54] [14/435] CMHU
[16:00:55] [15/435] CMSA
[16:00:56] [16/435] CLCU
[16:00:57] [17/435] PPNT
[16:00:58] [18/435] JTAB
[16:00:59] [19/435] BUUC
[16:00:59] [20/435] BSVK
[16:01:00] [21/435] VVVQ
[16:01:01] [22/435] TKMU
[16:01:02] [23/435] ESYL
[16:01:03] [24/435] ACHP
[16:01:03] [25/435] BTKD
[16:01:04] [26/435] DESA
[16:01:05] [27/435] GBCT
[16:01:06] [28/435] BLLD
[16:01:07] [29/435] SKNT
[16:01:08] [30/435] SSTE
[16:01:08] [31/435] VJMR
[16:01:09] [32/435] NTPU
[16:01:10] [33/435] RDKN
[16:01:11] [34/435] ADGC
[16:01:12] [35/435] VRBP
[16:01:12] [36/435] NMNA
[16:01:13] [37/435] CMMX
[16:01:14] [38/435] PTKO
[16:01:15] [39/435] RBML
[16:01:16] [40/435] SAIC
[16:01:17] [41/435] SVTJ
[16:01:18] [42/435] MRTE
[16:01:19] [43/435] RBTP
[16:01:20] [44/435] NLPS
[16:01:20] [45/435] GTNA
[16:01:21] [46/435] DGGC
[16:01:22] [47/435] SMCR
[16:01:23] [48/435] SCGD
[16:01:24] [49/435] SRRJ
[16:01:24] [50/435] CNRY
[16:01:25] [51/435] KTDI
[16:01:26] [52/435] SNJL
[16:01:27] [53/435] RKMD
[16:01:28] [54/435] SMDC
[16:01:29] [55/435] TADG
[16:01:30] [56/435] MCGS
[16:01:31] [57/435] PETK
[16:01:32] [58/435] CHAG
[16:01:32] [59/435] KSTL
[16:01:33] [60/435] AADS
[16:01:34] [61/435] NTHZ
[16:01:35] [62/435] HCKI
[16:01:36] [63/435] SSEF
[16:01:37] [64/435] MCGX
[16:01:38] [65/435] ERRA
[16:01:39] [66/435] SDTW
[16:01:40] [67/435] RMPK
[16:01:40] [68/435] PTHK
[16:01:41] [69/435] PXCS
[16:01:42] [70/435] SVLU
[16:01:43] [71/435] STAH
[16:01:44] [72/435] JRGF
[16:01:45] [73/435] CDOK
[16:01:45] [74/435] CMSG
[16:01:46] [75/435] APTD
[16:01:47] [76/435] KMPG
[16:01:48] [77/435] MUTJ
[16:01:49] [78/435] VCCI
[16:01:50] [79/435] URBE
[16:01:50] [80/435] TCTS
[16:01:51] [81/435] STSN
[16:01:52] [82/435] AKCH
[16:01:53] [83/435] APSC
[16:01:54] [84/435] VLTB
[16:01:55] [85/435] SANU
[16:01:56] [86/435] AXAM
[16:01:57] [87/435] MGMG
[16:01:58] [88/435] HTBY
[16:01:59] [89/435] MMZS
[16:01:59] [90/435] SUDR
[16:02:01] [91/435] CCAD
[16:02:02] [92/435] SKKC
[16:02:04] [93/435] RMCD
[16:02:05] [94/435] SBCQ
[16:02:06] [95/435] DCCT
[16:02:07] [96/435] VTKP
[16:02:08] [97/435] MLAM
[16:02:08] [98/435] SAVT
[16:02:09] [99/435] GEPL
[16:02:10] [100/435] AMCD
[16:02:11] [101/435] CCXR
[16:02:12] [102/435] GRNG
[16:02:12] [103/435] EBCA
[16:02:13] [104/435] CNVG
[16:02:14] [105/435] MWSS
[16:02:15] [106/435] VBOR
[16:02:16] [107/435] NEEB
[16:02:17] [108/435] SUTH
[16:02:17] [109/435] ANDB
[16:02:18] [110/435] MMXS
[16:02:19] [111/435] CNPD
[16:02:20] [112/435] SDCE
[16:02:21] [113/435] DHCB
[16:02:22] [114/435] ODEN
[16:02:23] [115/435] TNTC
[16:02:24] [116/435] VBKM
[16:02:24] [117/435] RZYM
[16:02:25] [118/435] JEMC
[16:02:26] [119/435] CMAU
[16:02:27] [120/435] SIVP
[16:02:27] [121/435] ATAG
[16:02:28] [122/435] CHTM
[16:02:29] [123/435] AAEE
[16:02:30] [124/435] IWPM
[16:02:31] [125/435] KCMW
[16:02:32] [126/435] MCTD
[16:02:32] [127/435] SPWR
[16:02:33] [128/435] SDPO
[16:02:34] [129/435] PCSK
[16:02:35] [130/435] ACHV
[16:02:36] [131/435] SVLA
[16:02:36] [132/435] PICT
[16:02:37] [133/435] BXDR
[16:02:38] [134/435] SPWA
[16:02:39] [135/435] MCKO
[16:02:39] [136/435] RTHK
[16:02:40] [137/435] CCMF
[16:02:41] [138/435] MRGB
[16:02:42] [139/435] CPLC
[16:02:43] [140/435] RACD
[16:02:44] [141/435] ATKT
[16:02:44] [142/435] SARN
[16:02:45] [143/435] KKUI
[16:02:46] [144/435] RGCM
[16:02:47] [145/435] BRVP
[16:02:48] [146/435] HRSR
[16:02:48] [147/435] GKGM
[16:02:49] [148/435] TTCD
[16:02:50] [149/435] PTTI
[16:02:51] [150/435] MPTT
[16:02:52] [151/435] CVTT
[16:02:53] [152/435] PCXD
[16:02:54] [153/435] GCDC
[16:02:55] [154/435] CCCF
[16:02:55] [155/435] MRAD
[16:02:57] [156/435] CPLK
[16:02:58] [157/435] SATB
[16:02:59] [158/435] SNVG
[16:02:59] [159/435] JMBA
[16:03:00] [160/435] TEJA
[16:03:01] [161/435] STYO
[16:03:02] [162/435] JTBP
[16:03:03] [163/435] KRGD
[16:03:04] [164/435] SLJJ
[16:03:05] [165/435] SPTJ
[16:03:05] [166/435] SWJG
[16:03:06] [167/435] LKRT
[16:03:07] [168/435] KCKA
[16:03:08] [169/435] SNCR
[16:03:09] [170/435] SMKL
[16:03:10] [171/435] GCFA
[16:03:10] [172/435] DDCK
[16:03:11] [173/435] NCHJ
[16:03:12] [174/435] RDMA
[16:03:13] [175/435] SVSV
[16:03:14] [176/435] SCJG
[16:03:14] [177/435] VKLP
[16:03:15] [178/435] NWCC
[16:03:16] [179/435] VKNS
[16:03:17] [180/435] SDDP
[16:03:17] [181/435] ACSI
[16:03:18] [182/435] SATG
[16:03:19] [183/435] SCMW
[16:03:20] [184/435] LKTK
[16:03:21] [185/435] VCKV
[16:03:23] [186/435] KKPE
[16:03:23] [187/435] KIGH
[16:03:24] [188/435] SRPM
[16:03:25] [189/435] SCAH
[16:03:26] [190/435] MUTA
[16:03:27] [191/435] SEPU
[16:03:28] [192/435] INOA
[16:03:29] [193/435] BASK
[16:03:29] [194/435] NECB
[16:03:30] [195/435] GTTG
[16:03:31] [196/435] ASSA
[16:03:32] [197/435] ANCL
[16:03:33] [198/435] GCTI
[16:03:34] [199/435] RCTS
[16:03:35] [200/435] ACNL
[16:03:36] [201/435] MYCT
[16:03:37] [202/435] NMHT
[16:03:38] [203/435] MDIT
[16:03:39] [204/435] LATG
[16:03:40] [205/435] SMTY
[16:03:41] [206/435] CVCT
[16:03:42] [207/435] RAMB
[16:03:43] [208/435] TGMS
[16:03:44] [209/435] BHEL
[16:03:44] [210/435] SHCT
[16:03:45] [211/435] SVCT
[16:03:46] [212/435] MRIY
[16:03:47] [213/435] SARO
[16:03:48] [214/435] STCT
[16:03:49] [215/435] JKKC
[16:03:50] [216/435] PLTT
[16:03:51] [217/435] SRNT
[16:03:52] [218/435] YAST
[16:03:52] [219/435] PERL
[16:03:53] [220/435] CICM
[16:03:54] [221/435] MMTR
[16:03:55] [222/435] ABTK
[16:03:56] [223/435] ATYY
[16:03:57] [224/435] ASTK
[16:03:57] [225/435] VVCK
[16:03:58] [226/435] ATKY
[16:04:00] [227/435] GWEK
[16:04:01] [228/435] SVFH
[16:04:01] [229/435] SLTA
[16:04:02] [230/435] AASH
[16:04:03] [231/435] ACXB
[16:04:03] [232/435] SMTX
[16:04:04] [233/435] AZDH
[16:04:05] [234/435] CMMH
[16:04:06] [235/435] SCSZ
[16:04:06] [236/435] SCKP
[16:04:07] [237/435] NXTM
[16:04:08] [238/435] NWCS
[16:04:09] [239/435] CXMH
[16:04:10] [240/435] PCMA
[16:04:12] [241/435] SGCM
[16:04:12] [242/435] SDTU
[16:04:13] [243/435] MMVI
[16:04:14] [244/435] JKCM
[16:04:15] [245/435] VCMM
[16:04:15] [246/435] SYEE
[16:04:16] [247/435] VASD
[16:04:17] [248/435] BDRB
[16:04:18] [249/435] LASM
[16:04:19] [250/435] DCRL
[16:04:20] [251/435] DVPM
[16:04:21] [252/435] SBMJ
[16:04:22] [253/435] CBMU
[16:04:23] [254/435] IUBS
[16:04:23] [255/435] INAP
[16:04:24] [256/435] SRRC
[16:04:25] [257/435] SAGR
[16:04:26] [258/435] CPMJ
[16:04:27] [259/435] ATJL
[16:04:28] [260/435] NNTD
[16:04:29] [261/435] JHCJ
[16:04:29] [262/435] CMMP
[16:04:30] [263/435] RSDR
[16:04:31] [264/435] AMTI
[16:04:33] [265/435] NYSG
[16:04:34] [266/435] AVSG
[16:04:35] [267/435] SYTP
[16:04:36] [268/435] LARC
[16:04:37] [269/435] RJTP
[16:04:37] [270/435] LAKC
[16:04:38] [271/435] MCXE
[16:04:40] [272/435] CCZC
[16:04:40] [273/435] AVCH
[16:04:41] [274/435] CMBE
[16:04:42] [275/435] MRRC
[16:04:43] [276/435] PCPY
[16:04:43] [277/435] SRMH
[16:04:45] [278/435] SVGS
[16:04:46] [279/435] PCSE
[16:04:47] [280/435] SVFT
[16:04:48] [281/435] TNZP
[16:04:49] [282/435] ICTP
[16:04:50] [283/435] ACTZ
[16:04:51] [284/435] GTUR
[16:04:52] [285/435] MAFC
[16:04:53] [286/435] MINL
[16:04:54] [287/435] MRCL
[16:04:54] [288/435] RCRP
[16:04:55] [289/435] RFFG
[16:04:56] [290/435] RMAS
[16:04:57] [291/435] INVR
[16:04:58] [292/435] RMAR
[16:04:59] [293/435] CNIS
[16:05:00] [294/435] RHRJ
[16:05:01] [295/435] INXR
[16:05:01] [296/435] VALT
[16:05:02] [297/435] LCSH
[16:05:03] [298/435] CMVS
[16:05:04] [299/435] CNMS
[16:05:05] [300/435] ROOG
[16:05:05] [301/435] ISRM
[16:05:06] [302/435] RCRM
[16:05:07] [303/435] ACJA
[16:05:08] [304/435] RCVS
[16:05:09] [305/435] CPUS
[16:05:09] [306/435] TGCS
[16:05:10] [307/435] RKCJ
[16:05:11] [308/435] MKSB
[16:05:12] [309/435] TCSJ
[16:05:13] [310/435] RMGP
[16:05:14] [311/435] CLLP
[16:05:14] [312/435] RCMV
[16:05:15] [313/435] CCKS
[16:05:16] [314/435] RSRP
[16:05:17] [315/435] APLP
[16:05:18] [316/435] CNVS
[16:05:19] [317/435] RMVY
[16:05:19] [318/435] PGBD
[16:05:20] [319/435] KLMS
[16:05:21] [320/435] RUST
[16:05:22] [321/435] MASM
[16:05:23] [322/435] BACS
[16:05:24] [323/435] BWST
[16:05:25] [324/435] RRFH
[16:05:26] [325/435] SJTM
[16:05:27] [326/435] BEMR
[16:05:28] [327/435] MCGR
[16:05:30] [328/435] SDSK
[16:05:31] [329/435] VBOL
[16:05:32] [330/435] RMGM
[16:05:32] [331/435] NOPL
[16:05:33] [332/435] MKJK
[16:05:34] [333/435] CVRN
[16:05:35] [334/435] MMEN
[16:05:36] [335/435] AMNG
[16:05:37] [336/435] INTM
[16:05:37] [337/435] SLCZ
[16:05:38] [338/435] AMJN
[16:05:39] [339/435] ACJN
[16:05:40] [340/435] AMKN
[16:05:41] [341/435] BTCN
[16:05:42] [342/435] AMBT
[16:05:43] [343/435] PACN
[16:05:44] [344/435] LCNS
[16:05:45] [345/435] PPKC
[16:05:46] [346/435] JYYN
[16:05:46] [347/435] JTNR
[16:05:47] [348/435] GTEE
[16:05:48] [349/435] SRNM
[16:05:48] [350/435] SDTC
[16:05:49] [351/435] VPCA
[16:05:50] [352/435] VLRA
[16:05:51] [353/435] SHKR
[16:05:52] [354/435] SBKD
[16:05:53] [355/435] SAAD
[16:05:54] [356/435] JTGN
[16:05:54] [357/435] SLAM
[16:05:56] [358/435] VTPM
[16:05:57] [359/435] ANPT
[16:05:58] [360/435] PUNB
[16:05:59] [361/435] CPKT
[16:05:59] [362/435] CNWE
[16:06:00] [363/435] ECPP
[16:06:01] [364/435] CPAR
[16:06:02] [365/435] ESBW
[16:06:03] [366/435] PKPU
[16:06:04] [367/435] CPRP
[16:06:05] [368/435] RAHU
[16:06:05] [369/435] RHMN
[16:06:06] [370/435] FMJP
[16:06:07] [371/435] CTMP
[16:06:08] [372/435] INPN
[16:06:08] [373/435] STTG
[16:06:09] [374/435] CTRD
[16:06:10] [375/435] PUVB
[16:06:10] [376/435] ESVP
[16:06:11] [377/435] CPFT
[16:06:13] [378/435] LCPC
[16:06:14] [379/435] VBCT
[16:06:14] [380/435] FSCW
[16:06:16] [381/435] VCMP
[16:06:17] [382/435] ASHC
[16:06:17] [383/435] VLCX
[16:06:18] [384/435] SHEV
[16:06:19] [385/435] APCO
[16:06:20] [386/435] SILC
[16:06:20] [387/435] SNMR
[16:06:21] [388/435] KYBO
[16:06:22] [389/435] SATK
[16:06:23] [390/435] SSCS
[16:06:24] [391/435] CLSB
[16:06:24] [392/435] KMJR
[16:06:25] [393/435] FSCK
[16:06:26] [394/435] NNKA
[16:06:27] [395/435] CLMK
[16:06:28] [396/435] DMPZ
[16:06:29] [397/435] INQM
[16:06:30] [398/435] CAML
[16:06:31] [399/435] INRK
[16:06:31] [400/435] IMKN
[16:06:32] [401/435] SVNR
[16:06:33] [402/435] INSL
[16:06:34] [403/435] MSMA
[16:06:34] [404/435] MCKK
[16:06:35] [405/435] FCHP
[16:06:36] [406/435] SFCR
[16:06:37] [407/435] NACK
[16:06:38] [408/435] PVAK
[16:06:38] [409/435] INER
[16:06:40] [410/435] RDBK
[16:06:41] [411/435] SVFN
[16:06:42] [412/435] IFRM
[16:06:43] [413/435] ATCK
[16:06:44] [414/435] ASKO
[16:06:45] [415/435] STKT
[16:06:46] [416/435] SVFB
[16:06:47] [417/435] INKS
[16:06:47] [418/435] PCRA
[16:06:49] [419/435] ATJA
[16:06:50] [420/435] IMJN
[16:06:51] [421/435] INHD
[16:06:52] [422/435] BARA
[16:06:53] [423/435] MCSL
[16:06:54] [424/435] RTOY
[16:06:55] [425/435] MENO
[16:06:55] [426/435] PUDM
[16:06:56] [427/435] PRCN
[16:06:57] [428/435] JMJR
[16:06:58] [429/435] SSGK
[16:06:59] [430/435] SSRL
[16:07:00] [431/435] JYKL
[16:07:00] [432/435] ACNB
[16:07:01] [433/435] SONP
[16:07:03] [434/435] EMCI
[16:07:04] [435/435] MRJH
[16:07:04] 🧹 Deduping shows
[16:07:04] ✅ DONE | Shows=1823 | Movies=69
