[09:42:26] 🚀 SCRIPT STARTED
[09:42:26] [1/459] NECA
[09:42:26] 🧠 New identity created
[09:42:27] [2/459] BJLC
[09:42:28] [3/459] BASU
[09:42:29] [4/459] RUPI
[09:42:30] [5/459] LCBK
[09:42:30] [6/459] PMAC
[09:42:31] [7/459] AMLC
[09:42:33] [8/459] LICL
[09:42:33] [9/459] UDMM
[09:42:34] [10/459] STBZ
[09:42:35] [11/459] UUBT
[09:42:36] [12/459] SJKC
[09:42:37] [13/459] TUAL
[09:42:38] [14/459] MRSE
[09:42:39] [15/459] RMRK
[09:42:40] [16/459] TTKP
[09:42:41] [17/459] KTKO
[09:42:42] [18/459] SDBK
[09:42:43] [19/459] MCPR
[09:42:44] [20/459] CHTI
[09:42:45] [21/459] GCCP
[09:42:46] [22/459] SRMY
[09:42:47] [23/459] NYST
[09:42:47] [24/459] NYAG
[09:42:48] [25/459] SBMT
[09:42:49] [26/459] INGA
[09:42:50] [27/459] WSIC
[09:42:50] [28/459] SCSS
[09:42:51] [29/459] COPG
[09:42:52] [30/459] RCGR
[09:42:53] [31/459] TCZA
[09:42:54] [32/459] CNLP
[09:42:55] [33/459] CLKN
[09:42:56] [34/459] LHDF
[09:42:57] [35/459] ELKC
[09:42:58] [36/459] VCEM
[09:42:59] [37/459] SSZA
[09:43:00] [38/459] KRMT
[09:43:01] [39/459] LCMV
[09:43:01] [40/459] AYCZ
[09:43:02] [41/459] CUMS
[09:43:03] [42/459] BOCK
[09:43:04] [43/459] PNMR
[09:43:05] [44/459] PJCP
[09:43:06] [45/459] JDDD
[09:43:06] [46/459] STMS
[09:43:07] [47/459] FLMB
[09:43:08] [48/459] PKCM
[09:43:09] [49/459] SPPR
[09:43:10] [50/459] EYLH
[09:43:11] [51/459] RJCC
[09:43:12] [52/459] MMPS
[09:43:14] [53/459] SHMX
[09:43:15] [54/459] CCNL
[09:43:15] [55/459] RCNV
[09:43:16] [56/459] MAAG
[09:43:17] [57/459] LXCM
[09:43:19] [58/459] RCNI
[09:43:19] [59/459] SNNI
[09:43:20] [60/459] LALC
[09:43:22] [61/459] SOCN
[09:43:23] [62/459] JHTP
[09:43:24] [63/459] PITP
[09:43:24] [64/459] CCKW
[09:43:25] [65/459] MCMC
[09:43:26] [66/459] DEES
[09:43:26] [67/459] SABT
[09:43:27] [68/459] VSPP
[09:43:28] [69/459] ABCT
[09:43:29] [70/459] JVTB
[09:43:29] [71/459] VCBD
[09:43:31] [72/459] RMGG
[09:43:32] [73/459] RNMH
[09:43:32] [74/459] SPGL
[09:43:33] [75/459] JTTR
[09:43:34] [76/459] SICS
[09:43:35] [77/459] SRMI
[09:43:35] [78/459] SSIJ
[09:43:36] [79/459] KFMT
[09:43:37] [80/459] VBIT
[09:43:38] [81/459] JKCT
[09:43:38] [82/459] GCGP
[09:43:39] [83/459] GDCS
[09:43:41] [84/459] TRBA
[09:43:42] [85/459] QUST
[09:43:43] [86/459] VSHM
[09:43:44] [87/459] SDCP
[09:43:45] [88/459] SNVS
[09:43:45] [89/459] NYTO
[09:43:46] [90/459] URWC
[09:43:47] [91/459] GTWH
[09:43:48] [92/459] PFCM
[09:43:49] [93/459] KRTA
[09:43:50] [94/459] AXMC
[09:43:51] [95/459] EVMC
[09:43:52] [96/459] HGSM
[09:43:52] [97/459] ACVM
[09:43:53] [98/459] PSKL
[09:43:54] [99/459] RDMP
[09:43:55] [100/459] RHGH
[09:43:55] [101/459] OMCM
[09:43:56] [102/459] DCCP
[09:43:57] [103/459] MCPB
[09:43:58] [104/459] ALCI
[09:43:59] [105/459] BLMX
[09:44:00] [106/459] BTMV
[09:44:01] [107/459] FVPN
[09:44:02] [108/459] CMAR
[09:44:02] [109/459] CEIM
[09:44:03] [110/459] CMVA
[09:44:04] [111/459] CPIV
[09:44:05] [112/459] CNPE
[09:44:06] [113/459] COLV
[09:44:07] [114/459] DNNV
[09:44:08] [115/459] HCAD
[09:44:08] [116/459] TAKA
[09:44:09] [117/459] INVD
[09:44:10] [118/459] IRMM
[09:44:10] [119/459] INSE
[09:44:11] [120/459] MRSW
[09:44:12] [121/459] MCVD
[09:44:13] [122/459] MCSO
[09:44:13] [123/459] PEVM
[09:44:14] [124/459] PVNL
[09:44:15] [125/459] PTCV
[09:44:16] [126/459] PRTC
[09:44:17] [127/459] RCVA
[09:44:17] [128/459] MTBN
[09:44:18] [129/459] LUCP
[09:44:19] [130/459] FMPT
[09:44:20] [131/459] JLSL
[09:44:20] [132/459] SBHA
[09:44:21] [133/459] SHRC
[09:44:22] [134/459] AVPS
[09:44:23] [135/459] STPM
[09:44:23] [136/459] ATRD
[09:44:24] [137/459] VTED
[09:44:25] [138/459] ACAI
[09:44:26] [139/459] SMAE
[09:44:27] [140/459] VMAT
[09:44:27] [141/459] LKCT
[09:44:28] [142/459] JTVK
[09:44:29] [143/459] PRTY
[09:44:30] [144/459] GETT
[09:44:31] [145/459] ESAP
[09:44:32] [146/459] NCPM
[09:44:32] [147/459] PCPA
[09:44:33] [148/459] MMOM
[09:44:34] [149/459] PHUP
[09:44:35] [150/459] CCPI
[09:44:35] [151/459] CNTD
[09:44:37] [152/459] NLJR
[09:44:37] [153/459] SRNG
[09:44:38] [154/459] MHAL
[09:44:39] [155/459] PNSM
[09:44:41] [156/459] DRMY
[09:44:41] [157/459] CCMU
[09:44:42] [158/459] SCMY
[09:44:43] [159/459] PVSY
[09:44:44] [160/459] SDLM
[09:44:45] [161/459] ICCM
[09:44:45] [162/459] PYSU
[09:44:46] [163/459] GATM
[09:44:47] [164/459] WOTM
[09:44:48] [165/459] RKTS
[09:44:48] [166/459] PMTY
[09:44:49] [167/459] LYMS
[09:44:50] [168/459] TGCA
[09:44:50] [169/459] DSTA
[09:44:51] [170/459] CNGE
[09:44:53] [171/459] VSTG
[09:44:53] [172/459] GTCK
[09:44:54] [173/459] TGNT
[09:44:56] [174/459] ASLC
[09:44:56] [175/459] SSST
[09:44:57] [176/459] KBTT
[09:44:58] [177/459] HKCP
[09:44:59] [178/459] SWLC
[09:45:00] [179/459] RTND
[09:45:01] [180/459] PKKT
[09:45:02] [181/459] HSTK
[09:45:03] [182/459] SPTT
[09:45:04] [183/459] IMPM
[09:45:05] [184/459] SCMV
[09:45:06] [185/459] SPCT
[09:45:06] [186/459] JBCA
[09:45:07] [187/459] ATTR
[09:45:08] [188/459] SPMT
[09:45:10] [189/459] LCTM
[09:45:10] [190/459] SCVL
[09:45:11] [191/459] SCVT
[09:45:12] [192/459] KRIC
[09:45:12] [193/459] CTMG
[09:45:13] [194/459] ACNC
[09:45:14] [195/459] DMCK
[09:45:15] [196/459] KMTV
[09:45:15] [197/459] PFCJ
[09:45:16] [198/459] VNMD
[09:45:17] [199/459] VPCZ
[09:45:18] [200/459] SRYR
[09:45:18] [201/459] SYTR
[09:45:20] [202/459] GATR
[09:45:21] [203/459] URTR
[09:45:22] [204/459] MKSM
[09:45:23] [205/459] VSMH
[09:45:24] [206/459] SKRJ
[09:45:25] [207/459] SSJR
[09:45:26] [208/459] SVSM
[09:45:27] [209/459] RUCM
[09:45:27] [210/459] PRKN
[09:45:28] [211/459] RROH
[09:45:29] [212/459] SCTN
[09:45:30] [213/459] RTDM
[09:45:31] [214/459] ASRM
[09:45:32] [215/459] SKMD
[09:45:33] [216/459] SUTD
[09:45:33] [217/459] SADM
[09:45:34] [218/459] WCNR
[09:45:35] [219/459] CNED
[09:45:36] [220/459] MPDB
[09:45:37] [221/459] KTBH
[09:45:37] [222/459] IDRM
[09:45:39] [223/459] PJJT
[09:45:40] [224/459] PFCV
[09:45:41] [225/459] AACT
[09:45:42] [226/459] AAAD
[09:45:43] [227/459] ANES
[09:45:43] [228/459] MNCA
[09:45:44] [229/459] RMGU
[09:45:45] [230/459] DLCN
[09:45:46] [231/459] LJWT
[09:45:47] [232/459] MCBG
[09:45:47] [233/459] MYBG
[09:45:48] [234/459] GCCA
[09:45:49] [235/459] GCGA
[09:45:50] [236/459] ECGN
[09:45:50] [237/459] PRAB
[09:45:51] [238/459] PNMP
[09:45:52] [239/459] GCPT
[09:45:53] [240/459] ROYN
[09:45:54] [241/459] VATM
[09:45:55] [242/459] KSNT
[09:45:56] [243/459] ACTC
[09:45:57] [244/459] PLTD
[09:45:57] [245/459] SKMK
[09:45:58] [246/459] CMTT
[09:45:59] [247/459] SMXP
[09:46:00] [248/459] SCMX
[09:46:01] [249/459] ACXN
[09:46:01] [250/459] ASWT
[09:46:02] [251/459] VVVL
[09:46:03] [252/459] NAGO
[09:46:04] [253/459] SNCN
[09:46:05] [254/459] MCKP
[09:46:06] [255/459] SAMO
[09:46:06] [256/459] JBTV
[09:46:07] [257/459] DCVV
[09:46:08] [258/459] KMSV
[09:46:09] [259/459] KDCN
[09:46:10] [260/459] CNCP
[09:46:11] [261/459] HAMC
[09:46:11] [262/459] CCVZ
[09:46:12] [263/459] NCCK
[09:46:13] [264/459] MCHR
[09:46:14] [265/459] SCHT
[09:46:14] [266/459] ESSH
[09:46:16] [267/459] CUJC
[09:46:16] [268/459] PECP
[09:46:17] [269/459] PMMI
[09:46:18] [270/459] PCCH
[09:46:19] [271/459] PRPM
[09:46:20] [272/459] PVKL
[09:46:20] [273/459] CBSM
[09:46:22] [274/459] PVCZ
[09:46:23] [275/459] PCVV
[09:46:23] [276/459] CTMJ
[09:46:24] [277/459] RCPS
[09:46:25] [278/459] PCIT
[09:46:26] [279/459] FNCH
[09:46:26] [280/459] INZD
[09:46:27] [281/459] INPC
[09:46:29] [282/459] LCZP
[09:46:30] [283/459] SMCB
[09:46:31] [284/459] PTSB
[09:46:32] [285/459] TPSI
[09:46:32] [286/459] KHMJ
[09:46:33] [287/459] RCCJ
[09:46:34] [288/459] NCJA
[09:46:35] [289/459] NCJN
[09:46:36] [290/459] BTDP
[09:46:37] [291/459] PADY
[09:46:38] [292/459] NYBH
[09:46:38] [293/459] MTBR
[09:46:39] [294/459] KRBC
[09:46:40] [295/459] DKTI
[09:46:41] [296/459] ANAN
[09:46:41] [297/459] INBP
[09:46:42] [298/459] PATB
[09:46:43] [299/459] RGNT
[09:46:44] [300/459] CGPM
[09:46:45] [301/459] INTN
[09:46:46] [302/459] MCMP
[09:46:47] [303/459] ASRG
[09:46:48] [304/459] CXJD
[09:46:48] [305/459] SPCP
[09:46:49] [306/459] CSTP
[09:46:50] [307/459] PKVC
[09:46:51] [308/459] ESCP
[09:46:52] [309/459] CAEP
[09:46:53] [310/459] CCSP
[09:46:54] [311/459] KTPC
[09:46:55] [312/459] DACA
[09:46:56] [313/459] NVKY
[09:46:57] [314/459] PTIN
[09:46:58] [315/459] SCIN
[09:46:58] [316/459] MCTY
[09:46:59] [317/459] PCMX
[09:47:01] [318/459] INIC
[09:47:01] [319/459] MMZM
[09:47:02] [320/459] SSLP
[09:47:03] [321/459] DTDT
[09:47:04] [322/459] FFCX
[09:47:05] [323/459] RCMM
[09:47:06] [324/459] KYID
[09:47:06] [325/459] CSCI
[09:47:07] [326/459] FCMC
[09:47:08] [327/459] MMXI
[09:47:09] [328/459] ASTC
[09:47:10] [329/459] CMRA
[09:47:11] [330/459] DICI
[09:47:12] [331/459] KDIN
[09:47:12] [332/459] PRFI
[09:47:13] [333/459] SVFC
[09:47:14] [334/459] UCPL
[09:47:15] [335/459] COOC
[09:47:16] [336/459] SCAL
[09:47:17] [337/459] SVFF
[09:47:18] [338/459] VCMG
[09:47:19] [339/459] UUCT
[09:47:19] [340/459] GCSE
[09:47:20] [341/459] SUSC
[09:47:21] [342/459] MISC
[09:47:22] [343/459] RMBL
[09:47:23] [344/459] CMXN
[09:47:23] [345/459] PVBK
[09:47:24] [346/459] HHCG
[09:47:25] [347/459] SCAG
[09:47:26] [348/459] CNPR
[09:47:27] [349/459] CSER
[09:47:28] [350/459] HLWD
[09:47:29] [351/459] BOLY
[09:47:29] [352/459] SSPG
[09:47:30] [353/459] MUPX
[09:47:31] [354/459] HAMR
[09:47:32] [355/459] SDNC
[09:47:33] [356/459] RTEN
[09:47:33] [357/459] SDTD
[09:47:34] [358/459] KAWS
[09:47:35] [359/459] CMZX
[09:47:36] [360/459] DCDD
[09:47:37] [361/459] ALSN
[09:47:37] [362/459] IMXS
[09:47:38] [363/459] PVFF
[09:47:39] [364/459] PVOO
[09:47:40] [365/459] CFBS
[09:47:41] [366/459] PVER
[09:47:41] [367/459] PPNX
[09:47:42] [368/459] CNRM
[09:47:43] [369/459] PVWW
[09:47:45] [370/459] INMB
[09:47:46] [371/459] CPJR
[09:47:47] [372/459] INRZ
[09:47:48] [373/459] PMSR
[09:47:49] [374/459] GPGM
[09:47:50] [375/459] PGWB
[09:47:51] [376/459] PMBR
[09:47:52] [377/459] GPAM
[09:47:53] [378/459] INBC
[09:47:53] [379/459] PZVK
[09:47:55] [380/459] CPEB
[09:47:56] [381/459] FMLB
[09:47:57] [382/459] INBG
[09:47:57] [383/459] GPBR
[09:47:58] [384/459] PAAS
[09:48:00] [385/459] VTBR
[09:48:01] [386/459] GPMY
[09:48:01] [387/459] GYBU
[09:48:02] [388/459] INBJ
[09:48:03] [389/459] LKTH
[09:48:04] [390/459] NSBR
[09:48:04] [391/459] PDRD
[09:48:05] [392/459] VRBL
[09:48:06] [393/459] VTGB
[09:48:07] [394/459] VTSK
[09:48:08] [395/459] BKDV
[09:48:09] [396/459] SVTB
[09:48:09] [397/459] MLDT
[09:48:10] [398/459] NRBL
[09:48:11] [399/459] SLTR
[09:48:12] [400/459] VNKA
[09:48:13] [401/459] TDCA
[09:48:14] [402/459] INBM
[09:48:15] [403/459] SSNR
[09:48:16] [404/459] BHAC
[09:48:17] [405/459] SDSD
[09:48:17] [406/459] SAMP
[09:48:18] [407/459] RATK
[09:48:19] [408/459] KCBI
[09:48:20] [409/459] URBL
[09:48:21] [410/459] MKBG
[09:48:22] [411/459] ASTB
[09:48:23] [412/459] VBWT
[09:48:23] [413/459] GPSM
[09:48:24] [414/459] ROON
[09:48:25] [415/459] CHTH
[09:48:26] [416/459] SSPA
[09:48:28] [417/459] ANBL
[09:48:29] [418/459] VTBE
[09:48:29] [419/459] SVKT
[09:48:30] [420/459] SVYK
[09:48:31] [421/459] PTBK
[09:48:32] [422/459] RKTB
[09:48:33] [423/459] BALT
[09:48:34] [424/459] STSV
[09:48:34] [425/459] VCCB
[09:48:35] [426/459] SLTB
[09:48:36] [427/459] SBCR
[09:48:37] [428/459] VDCS
[09:48:37] [429/459] MDKI
[09:48:38] [430/459] SMRN
[09:48:39] [431/459] PTBC
[09:48:40] [432/459] RADI
[09:48:41] [433/459] ADCR
[09:48:42] [434/459] SDCS
[09:48:42] [435/459] SRPJ
[09:48:43] [436/459] ARTS
[09:48:44] [437/459] SRHK
[09:48:45] [438/459] SPAY
[09:48:46] [439/459] GPTB
[09:48:47] [440/459] SNNN
[09:48:47] [441/459] BALJ
[09:48:48] [442/459] TRIG
[09:48:49] [443/459] GTYT
[09:48:50] [444/459] ATGN
[09:48:51] [445/459] ANTE
[09:48:52] [446/459] BDCG
[09:48:52] [447/459] VECI
[09:48:53] [448/459] SCPR
[09:48:54] [449/459] RTEA
[09:48:54] [450/459] JSAI
[09:48:55] [451/459] VJTP
[09:48:56] [452/459] GNDS
[09:48:57] [453/459] PAXA
[09:48:58] [454/459] CGGM
[09:48:59] [455/459] ACKZ
[09:49:00] [456/459] EMCC
[09:49:01] [457/459] KLSK
[09:49:01] [458/459] AVCK
[09:49:02] [459/459] JTCK
[09:49:03] 🧹 Deduping shows
[09:49:03] ✅ DONE | Shows=10 | Movies=4
[16:55:19] 🚀 SCRIPT STARTED
[16:55:19] [1/459] NECA
[16:55:19] 🧠 New identity created
[16:55:20] [2/459] BJLC
[16:55:21] [3/459] BASU
[16:55:22] [4/459] RUPI
[16:55:23] [5/459] LCBK
[16:55:24] [6/459] PMAC
[16:55:24] [7/459] AMLC
[16:55:25] [8/459] LICL
[16:55:26] [9/459] UDMM
[16:55:27] [10/459] STBZ
[16:55:28] [11/459] UUBT
[16:55:29] [12/459] SJKC
[16:55:30] [13/459] TUAL
[16:55:30] [14/459] MRSE
[16:55:31] [15/459] RMRK
[16:55:32] [16/459] TTKP
[16:55:33] [17/459] KTKO
[16:55:34] [18/459] SDBK
[16:55:35] [19/459] MCPR
[16:55:36] [20/459] CHTI
[16:55:37] [21/459] GCCP
[16:55:37] [22/459] SRMY
[16:55:38] [23/459] NYST
[16:55:39] [24/459] NYAG
[16:55:40] [25/459] SBMT
[16:55:41] [26/459] INGA
[16:55:42] [27/459] WSIC
[16:55:42] [28/459] SCSS
[16:55:43] [29/459] COPG
[16:55:44] [30/459] RCGR
[16:55:45] [31/459] TCZA
[16:55:46] [32/459] CNLP
[16:55:47] [33/459] CLKN
[16:55:48] [34/459] LHDF
[16:55:49] [35/459] ELKC
[16:55:50] [36/459] VCEM
[16:55:51] [37/459] SSZA
[16:55:52] [38/459] KRMT
[16:55:53] [39/459] LCMV
[16:55:54] [40/459] AYCZ
[16:55:55] [41/459] CUMS
[16:55:56] [42/459] BOCK
[16:55:57] [43/459] PNMR
[16:55:58] [44/459] PJCP
[16:55:59] [45/459] JDDD
[16:55:59] [46/459] STMS
[16:56:00] [47/459] FLMB
[16:56:01] [48/459] PKCM
[16:56:02] [49/459] SPPR
[16:56:03] [50/459] EYLH
[16:56:03] [51/459] RJCC
[16:56:04] [52/459] MMPS
[16:56:06] [53/459] SHMX
[16:56:06] [54/459] CCNL
[16:56:08] [55/459] RCNV
[16:56:09] [56/459] MAAG
[16:56:10] [57/459] LXCM
[16:56:11] [58/459] RCNI
[16:56:12] [59/459] SNNI
[16:56:12] [60/459] LALC
[16:56:13] [61/459] SOCN
[16:56:14] [62/459] JHTP
[16:56:15] [63/459] PITP
[16:56:16] [64/459] CCKW
[16:56:17] [65/459] MCMC
[16:56:18] [66/459] DEES
[16:56:19] [67/459] SABT
[16:56:20] [68/459] VSPP
[16:56:21] [69/459] ABCT
[16:56:23] [70/459] JVTB
[16:56:23] [71/459] VCBD
[16:56:24] [72/459] RMGG
[16:56:26] [73/459] RNMH
[16:56:27] [74/459] SPGL
[16:56:28] [75/459] JTTR
[16:56:29] [76/459] SICS
[16:56:29] [77/459] SRMI
[16:56:30] [78/459] SSIJ
[16:56:31] [79/459] KFMT
[16:56:33] [80/459] VBIT
[16:56:34] [81/459] JKCT
[16:56:34] [82/459] GCGP
[16:56:35] [83/459] GDCS
[16:56:36] [84/459] TRBA
[16:56:37] [85/459] QUST
[16:56:38] [86/459] VSHM
[16:56:39] [87/459] SDCP
[16:56:40] [88/459] SNVS
[16:56:40] [89/459] NYTO
[16:56:41] [90/459] URWC
[16:56:42] [91/459] GTWH
[16:56:43] [92/459] PFCM
[16:56:44] [93/459] KRTA
[16:56:45] [94/459] AXMC
[16:56:45] [95/459] EVMC
[16:56:47] [96/459] HGSM
[16:56:48] [97/459] ACVM
[16:56:49] [98/459] PSKL
[16:56:50] [99/459] RDMP
[16:56:50] [100/459] RHGH
[16:56:51] [101/459] OMCM
[16:56:52] [102/459] DCCP
[16:56:53] [103/459] MCPB
[16:56:54] [104/459] ALCI
[16:56:54] [105/459] BLMX
[16:56:56] [106/459] BTMV
[16:56:57] [107/459] FVPN
[16:56:58] [108/459] CMAR
[16:56:59] [109/459] CEIM
[16:56:59] [110/459] CMVA
[16:57:00] [111/459] CPIV
[16:57:01] [112/459] CNPE
[16:57:02] [113/459] COLV
[16:57:03] [114/459] DNNV
[16:57:03] [115/459] HCAD
[16:57:05] [116/459] TAKA
[16:57:06] [117/459] INVD
[16:57:07] [118/459] IRMM
[16:57:07] [119/459] INSE
[16:57:08] [120/459] MRSW
[16:57:09] [121/459] MCVD
[16:57:10] [122/459] MCSO
[16:57:11] [123/459] PEVM
[16:57:12] [124/459] PVNL
[16:57:13] [125/459] PTCV
[16:57:14] [126/459] PRTC
[16:57:14] [127/459] RCVA
[16:57:15] [128/459] MTBN
[16:57:17] [129/459] LUCP
[16:57:18] [130/459] FMPT
[16:57:18] [131/459] JLSL
[16:57:19] [132/459] SBHA
[16:57:20] [133/459] SHRC
[16:57:21] [134/459] AVPS
[16:57:22] [135/459] STPM
[16:57:23] [136/459] ATRD
[16:57:24] [137/459] VTED
[16:57:25] [138/459] ACAI
[16:57:26] [139/459] SMAE
[16:57:27] [140/459] VMAT
[16:57:27] [141/459] LKCT
[16:57:28] [142/459] JTVK
[16:57:29] [143/459] PRTY
[16:57:30] [144/459] GETT
[16:57:31] [145/459] ESAP
[16:57:32] [146/459] NCPM
[16:57:32] [147/459] PCPA
[16:57:33] [148/459] MMOM
[16:57:34] [149/459] PHUP
[16:57:35] [150/459] CCPI
[16:57:36] [151/459] CNTD
[16:57:37] [152/459] NLJR
[16:57:38] [153/459] SRNG
[16:57:39] [154/459] MHAL
[16:57:40] [155/459] PNSM
[16:57:41] [156/459] DRMY
[16:57:42] [157/459] CCMU
[16:57:43] [158/459] SCMY
[16:57:44] [159/459] PVSY
[16:57:45] [160/459] SDLM
[16:57:45] [161/459] ICCM
[16:57:46] [162/459] PYSU
[16:57:47] [163/459] GATM
[16:57:48] [164/459] WOTM
[16:57:48] [165/459] RKTS
[16:57:49] [166/459] PMTY
[16:57:50] [167/459] LYMS
[16:57:51] [168/459] TGCA
[16:57:52] [169/459] DSTA
[16:57:53] [170/459] CNGE
[16:57:53] [171/459] VSTG
[16:57:55] [172/459] GTCK
[16:57:57] [173/459] TGNT
[16:57:59] [174/459] ASLC
[16:58:00] [175/459] SSST
[16:58:01] [176/459] KBTT
[16:58:02] [177/459] HKCP
[16:58:02] [178/459] SWLC
[16:58:04] [179/459] RTND
[16:58:05] [180/459] PKKT
[16:58:06] [181/459] HSTK
[16:58:07] [182/459] SPTT
[16:58:08] [183/459] IMPM
[16:58:09] [184/459] SCMV
[16:58:09] [185/459] SPCT
[16:58:10] [186/459] JBCA
[16:58:11] [187/459] ATTR
[16:58:12] [188/459] SPMT
[16:58:13] [189/459] LCTM
[16:58:13] [190/459] SCVL
[16:58:14] [191/459] SCVT
[16:58:15] [192/459] KRIC
[16:58:16] [193/459] CTMG
[16:58:17] [194/459] ACNC
[16:58:18] [195/459] DMCK
[16:58:19] [196/459] KMTV
[16:58:19] [197/459] PFCJ
[16:58:20] [198/459] VNMD
[16:58:21] [199/459] VPCZ
[16:58:22] [200/459] SRYR
[16:58:23] [201/459] SYTR
[16:58:24] [202/459] GATR
[16:58:25] [203/459] URTR
[16:58:25] [204/459] MKSM
[16:58:26] [205/459] VSMH
[16:58:27] [206/459] SKRJ
[16:58:28] [207/459] SSJR
[16:58:29] [208/459] SVSM
[16:58:30] [209/459] RUCM
[16:58:30] [210/459] PRKN
[16:58:31] [211/459] RROH
[16:58:32] [212/459] SCTN
[16:58:33] [213/459] RTDM
[16:58:34] [214/459] ASRM
[16:58:35] [215/459] SKMD
[16:58:36] [216/459] SUTD
[16:58:36] [217/459] SADM
[16:58:38] [218/459] WCNR
[16:58:39] [219/459] CNED
[16:58:39] [220/459] MPDB
[16:58:40] [221/459] KTBH
[16:58:41] [222/459] IDRM
[16:58:42] [223/459] PJJT
[16:58:43] [224/459] PFCV
[16:58:44] [225/459] AACT
[16:58:45] [226/459] AAAD
[16:58:46] [227/459] ANES
[16:58:46] [228/459] MNCA
[16:58:47] [229/459] RMGU
[16:58:48] [230/459] DLCN
[16:58:49] [231/459] LJWT
[16:58:50] [232/459] MCBG
[16:58:51] [233/459] MYBG
[16:58:52] [234/459] GCCA
[16:58:52] [235/459] GCGA
[16:58:53] [236/459] ECGN
[16:58:54] [237/459] PRAB
[16:58:55] [238/459] PNMP
[16:58:56] [239/459] GCPT
[16:58:57] [240/459] ROYN
[16:58:58] [241/459] VATM
[16:59:00] [242/459] KSNT
[16:59:01] [243/459] ACTC
[16:59:01] [244/459] PLTD
[16:59:03] [245/459] SKMK
[16:59:04] [246/459] CMTT
[16:59:05] [247/459] SMXP
[16:59:06] [248/459] SCMX
[16:59:07] [249/459] ACXN
[16:59:07] [250/459] ASWT
[16:59:08] [251/459] VVVL
[16:59:09] [252/459] NAGO
[16:59:10] [253/459] SNCN
[16:59:11] [254/459] MCKP
[16:59:11] [255/459] SAMO
[16:59:12] [256/459] JBTV
[16:59:13] [257/459] DCVV
[16:59:14] [258/459] KMSV
[16:59:14] [259/459] KDCN
[16:59:15] [260/459] CNCP
[16:59:17] [261/459] HAMC
[16:59:18] [262/459] CCVZ
[16:59:19] [263/459] NCCK
[16:59:19] [264/459] MCHR
[16:59:20] [265/459] SCHT
[16:59:21] [266/459] ESSH
[16:59:22] [267/459] CUJC
[16:59:23] [268/459] PECP
[16:59:24] [269/459] PMMI
[16:59:24] [270/459] PCCH
[16:59:25] [271/459] PRPM
[16:59:26] [272/459] PVKL
[16:59:27] [273/459] CBSM
[16:59:28] [274/459] PVCZ
[16:59:29] [275/459] PCVV
[16:59:30] [276/459] CTMJ
[16:59:31] [277/459] RCPS
[16:59:32] [278/459] PCIT
[16:59:32] [279/459] FNCH
[16:59:33] [280/459] INZD
[16:59:34] [281/459] INPC
[16:59:35] [282/459] LCZP
[16:59:36] [283/459] SMCB
[16:59:37] [284/459] PTSB
[16:59:38] [285/459] TPSI
[16:59:38] [286/459] KHMJ
[16:59:39] [287/459] RCCJ
[16:59:41] [288/459] NCJA
[16:59:42] [289/459] NCJN
[16:59:42] [290/459] BTDP
[16:59:43] [291/459] PADY
[16:59:44] [292/459] NYBH
[16:59:45] [293/459] MTBR
[16:59:46] [294/459] KRBC
[16:59:47] [295/459] DKTI
[16:59:48] [296/459] ANAN
[16:59:49] [297/459] INBP
[16:59:50] [298/459] PATB
[16:59:51] [299/459] RGNT
[16:59:52] [300/459] CGPM
[16:59:53] [301/459] INTN
[16:59:54] [302/459] MCMP
[16:59:55] [303/459] ASRG
[16:59:56] [304/459] CXJD
[16:59:57] [305/459] SPCP
[16:59:57] [306/459] CSTP
[16:59:58] [307/459] PKVC
[16:59:59] [308/459] ESCP
[17:00:00] [309/459] CAEP
[17:00:01] [310/459] CCSP
[17:00:01] [311/459] KTPC
[17:00:02] [312/459] DACA
[17:00:03] [313/459] NVKY
[17:00:05] [314/459] PTIN
[17:00:05] [315/459] SCIN
[17:00:06] [316/459] MCTY
[17:00:07] [317/459] PCMX
[17:00:08] [318/459] INIC
[17:00:08] [319/459] MMZM
[17:00:09] [320/459] SSLP
[17:00:10] [321/459] DTDT
[17:00:11] [322/459] FFCX
[17:00:12] [323/459] RCMM
[17:00:13] [324/459] KYID
[17:00:13] [325/459] CSCI
[17:00:14] [326/459] FCMC
[17:00:15] [327/459] MMXI
[17:00:16] [328/459] ASTC
[17:00:17] [329/459] CMRA
[17:00:17] [330/459] DICI
[17:00:18] [331/459] KDIN
[17:00:20] [332/459] PRFI
[17:00:21] [333/459] SVFC
[17:00:22] [334/459] UCPL
[17:00:22] [335/459] COOC
[17:00:24] [336/459] SCAL
[17:00:25] [337/459] SVFF
[17:00:26] [338/459] VCMG
[17:00:28] [339/459] UUCT
[17:00:28] [340/459] GCSE
[17:00:29] [341/459] SUSC
[17:00:30] [342/459] MISC
[17:00:31] [343/459] RMBL
[17:00:32] [344/459] CMXN
[17:00:33] [345/459] PVBK
[17:00:34] [346/459] HHCG
[17:00:35] [347/459] SCAG
[17:00:36] [348/459] CNPR
[17:00:37] [349/459] CSER
[17:00:38] [350/459] HLWD
[17:00:38] [351/459] BOLY
[17:00:39] [352/459] SSPG
[17:00:40] [353/459] MUPX
[17:00:41] [354/459] HAMR
[17:00:42] [355/459] SDNC
[17:00:42] [356/459] RTEN
[17:00:44] [357/459] SDTD
[17:00:45] [358/459] KAWS
[17:00:46] [359/459] CMZX
[17:00:47] [360/459] DCDD
[17:00:48] [361/459] ALSN
[17:00:49] [362/459] IMXS
[17:00:50] [363/459] PVFF
[17:00:50] [364/459] PVOO
[17:00:51] [365/459] CFBS
[17:00:52] [366/459] PVER
[17:00:53] [367/459] PPNX
[17:00:53] [368/459] CNRM
[17:00:54] [369/459] PVWW
[17:00:55] [370/459] INMB
[17:00:56] [371/459] CPJR
[17:00:57] [372/459] INRZ
[17:00:58] [373/459] PMSR
[17:00:59] [374/459] GPGM
[17:00:59] [375/459] PGWB
[17:01:01] [376/459] PMBR
[17:01:02] [377/459] GPAM
[17:01:03] [378/459] INBC
[17:01:04] [379/459] PZVK
[17:01:04] [380/459] CPEB
[17:01:05] [381/459] FMLB
[17:01:06] [382/459] INBG
[17:01:06] [383/459] GPBR
[17:01:07] [384/459] PAAS
[17:01:08] [385/459] VTBR
[17:01:09] [386/459] GPMY
[17:01:10] [387/459] GYBU
[17:01:11] [388/459] INBJ
[17:01:11] [389/459] LKTH
[17:01:12] [390/459] NSBR
[17:01:13] [391/459] PDRD
[17:01:14] [392/459] VRBL
[17:01:15] [393/459] VTGB
[17:01:15] [394/459] VTSK
[17:01:16] [395/459] BKDV
[17:01:17] [396/459] SVTB
[17:01:18] [397/459] MLDT
[17:01:18] [398/459] NRBL
[17:01:19] [399/459] SLTR
[17:01:20] [400/459] VNKA
[17:01:21] [401/459] TDCA
[17:01:22] [402/459] INBM
[17:01:23] [403/459] SSNR
[17:01:23] [404/459] BHAC
[17:01:24] [405/459] SDSD
[17:01:26] [406/459] SAMP
[17:01:28] [407/459] RATK
[17:01:28] [408/459] KCBI
[17:01:29] [409/459] URBL
[17:01:30] [410/459] MKBG
[17:01:31] [411/459] ASTB
[17:01:32] [412/459] VBWT
[17:01:32] [413/459] GPSM
[17:01:33] [414/459] ROON
[17:01:34] [415/459] CHTH
[17:01:35] [416/459] SSPA
[17:01:36] [417/459] ANBL
[17:01:37] [418/459] VTBE
[17:01:37] [419/459] SVKT
[17:01:38] [420/459] SVYK
[17:01:39] [421/459] PTBK
[17:01:40] [422/459] RKTB
[17:01:41] [423/459] BALT
[17:01:43] [424/459] STSV
[17:01:44] [425/459] VCCB
[17:01:45] [426/459] SLTB
[17:01:45] [427/459] SBCR
[17:01:46] [428/459] VDCS
[17:01:47] [429/459] MDKI
[17:01:48] [430/459] SMRN
[17:01:49] [431/459] PTBC
[17:01:49] [432/459] RADI
[17:01:50] [433/459] ADCR
[17:01:51] [434/459] SDCS
[17:01:52] [435/459] SRPJ
[17:01:52] [436/459] ARTS
[17:01:53] [437/459] SRHK
[17:01:54] [438/459] SPAY
[17:01:55] [439/459] GPTB
[17:01:56] [440/459] SNNN
[17:01:58] [441/459] BALJ
[17:01:58] [442/459] TRIG
[17:01:59] [443/459] GTYT
[17:02:00] [444/459] ATGN
[17:02:01] [445/459] ANTE
[17:02:02] [446/459] BDCG
[17:02:03] [447/459] VECI
[17:02:03] [448/459] SCPR
[17:02:04] [449/459] RTEA
[17:02:05] [450/459] JSAI
[17:02:06] [451/459] VJTP
[17:02:07] [452/459] GNDS
[17:02:08] [453/459] PAXA
[17:02:09] [454/459] CGGM
[17:02:10] [455/459] ACKZ
[17:02:11] [456/459] EMCC
[17:02:12] [457/459] KLSK
[17:02:12] [458/459] AVCK
[17:02:13] [459/459] JTCK
[17:02:14] 🧹 Deduping shows
[17:02:14] ✅ DONE | Shows=10 | Movies=4
