[09:42:26] 🚀 SCRIPT STARTED
[09:42:26] [1/459] MBDC
[09:42:26] 🧠 New identity created
[09:42:27] [2/459] CHKM
[09:42:28] [3/459] JTKZ
[09:42:28] [4/459] CMCT
[09:42:29] [5/459] ASHO
[09:42:30] [6/459] ECDG
[09:42:31] [7/459] SPAT
[09:42:32] [8/459] HILC
[09:42:32] [9/459] SPPH
[09:42:33] [10/459] SBHN
[09:42:34] [11/459] RRCA
[09:42:35] [12/459] APAA
[09:42:36] [13/459] RAME
[09:42:37] [14/459] TMMS
[09:42:38] [15/459] BATK
[09:42:38] [16/459] LKOP
[09:42:39] [17/459] AMTT
[09:42:40] [18/459] PTGK
[09:42:41] [19/459] ANRS
[09:42:41] [20/459] VWBW
[09:42:42] [21/459] SVFG
[09:42:44] [22/459] STAT
[09:42:45] [23/459] GDCV
[09:42:45] [24/459] VEBI
[09:42:46] [25/459] VDSS
[09:42:47] [26/459] NTHV
[09:42:48] [27/459] AOCH
[09:42:48] [28/459] KASR
[09:42:49] [29/459] AYCS
[09:42:50] [30/459] SHAI
[09:42:51] [31/459] SKPE
[09:42:52] [32/459] SBTA
[09:42:53] [33/459] RTTD
[09:42:54] [34/459] CCJD
[09:42:54] [35/459] RSJJ
[09:42:55] [36/459] RKND
[09:42:56] [37/459] SVTX
[09:42:57] [38/459] BAKM
[09:42:58] [39/459] SVDC
[09:42:59] [40/459] MNCV
[09:43:00] [41/459] SJGC
[09:43:01] [42/459] MTPK
[09:43:02] [43/459] GATP
[09:43:03] [44/459] ABTS
[09:43:04] [45/459] ABDE
[09:43:05] [46/459] RCNM
[09:43:06] [47/459] KTHV
[09:43:07] [48/459] MDGJ
[09:43:07] [49/459] SMLM
[09:43:08] [50/459] JTMA
[09:43:09] [51/459] ACKP
[09:43:10] [52/459] SRTA
[09:43:11] [53/459] STAY
[09:43:12] [54/459] MAVO
[09:43:12] [55/459] APTS
[09:43:14] [56/459] OMEA
[09:43:15] [57/459] TTFD
[09:43:16] [58/459] MJCU
[09:43:17] [59/459] CXTE
[09:43:17] [60/459] CTPX
[09:43:18] [61/459] ASSL
[09:43:19] [62/459] CMVB
[09:43:20] [63/459] VPUR
[09:43:21] [64/459] JJDA
[09:43:22] [65/459] INBL
[09:43:22] [66/459] BIKB
[09:43:23] [67/459] NTBB
[09:43:24] [68/459] GLOB
[09:43:25] [69/459] SNTB
[09:43:26] [70/459] CHGV
[09:43:27] [71/459] SSBZ
[09:43:27] [72/459] PRDB
[09:43:28] [73/459] ISMT
[09:43:29] [74/459] MCSD
[09:43:30] [75/459] JBTT
[09:43:31] [76/459] GEKR
[09:43:31] [77/459] PVUN
[09:43:32] [78/459] NRTB
[09:43:33] [79/459] PRAA
[09:43:35] [80/459] PCBL
[09:43:35] [81/459] PTCM
[09:43:37] [82/459] KHNN
[09:43:38] [83/459] OMJE
[09:43:39] [84/459] STGN
[09:43:39] [85/459] RPMS
[09:43:40] [86/459] NWAD
[09:43:41] [87/459] BLCK
[09:43:42] [88/459] SVAA
[09:43:43] [89/459] URVM
[09:43:44] [90/459] ANTM
[09:43:45] [91/459] VJYM
[09:43:46] [92/459] MAZZ
[09:43:47] [93/459] CSHM
[09:43:48] [94/459] WGMH
[09:43:48] [95/459] SALN
[09:43:49] [96/459] BRTP
[09:43:50] [97/459] SVTA
[09:43:51] [98/459] SBTP
[09:43:52] [99/459] VLSS
[09:43:53] [100/459] SRJA
[09:43:54] [101/459] ANCG
[09:43:55] [102/459] CGGC
[09:43:56] [103/459] CRJA
[09:43:56] [104/459] USCR
[09:43:57] [105/459] MMEF
[09:43:58] [106/459] JCRJ
[09:43:59] [107/459] ADCM
[09:44:00] [108/459] BMYK
[09:44:00] [109/459] KICS
[09:44:01] [110/459] MBBT
[09:44:02] [111/459] MACK
[09:44:03] [112/459] CLDR
[09:44:03] [113/459] JYCR
[09:44:05] [114/459] DCRP
[09:44:06] [115/459] RAHT
[09:44:06] [116/459] CSSM
[09:44:07] [117/459] ATPK
[09:44:08] [118/459] KLRT
[09:44:09] [119/459] SRDD
[09:44:10] [120/459] CKMC
[09:44:11] [121/459] KRVM
[09:44:12] [122/459] AKCP
[09:44:13] [123/459] CNCV
[09:44:13] [124/459] PACT
[09:44:14] [125/459] NATP
[09:44:15] [126/459] PCPK
[09:44:16] [127/459] SMHO
[09:44:17] [128/459] CWTK
[09:44:18] [129/459] RVKZ
[09:44:19] [130/459] ASPD
[09:44:20] [131/459] VTKZ
[09:44:21] [132/459] LCSO
[09:44:22] [133/459] PRDY
[09:44:23] [134/459] RCAP
[09:44:23] [135/459] RGAR
[09:44:24] [136/459] RCAC
[09:44:26] [137/459] PMOD
[09:44:26] [138/459] PVCN
[09:44:27] [139/459] SCRZ
[09:44:28] [140/459] PVPC
[09:44:29] [141/459] STID
[09:44:30] [142/459] NEDD
[09:44:31] [143/459] BNBA
[09:44:31] [144/459] NTCD
[09:44:32] [145/459] OCDE
[09:44:33] [146/459] CCDU
[09:44:34] [147/459] CRXH
[09:44:35] [148/459] VLVT
[09:44:36] [149/459] CICI
[09:44:37] [150/459] SUCB
[09:44:38] [151/459] TCBP
[09:44:39] [152/459] SCCY
[09:44:40] [153/459] LXCY
[09:44:40] [154/459] NCMD
[09:44:41] [155/459] PHCS
[09:44:42] [156/459] DUXR
[09:44:43] [157/459] VNKS
[09:44:44] [158/459] SEDP
[09:44:46] [159/459] SVEN
[09:44:47] [160/459] SRKM
[09:44:47] [161/459] JTLT
[09:44:48] [162/459] SVSS
[09:44:49] [163/459] AMDE
[09:44:50] [164/459] WVRN
[09:44:51] [165/459] ISMG
[09:44:52] [166/459] WVKS
[09:44:52] [167/459] USCG
[09:44:53] [168/459] IOTG
[09:44:54] [169/459] RRJM
[09:44:56] [170/459] EDMP
[09:44:57] [171/459] SCGZ
[09:44:57] [172/459] GMGX
[09:44:58] [173/459] OMTP
[09:44:59] [174/459] MITD
[09:45:00] [175/459] SMMD
[09:45:01] [176/459] STML
[09:45:02] [177/459] MCFS
[09:45:02] [178/459] FPKA
[09:45:03] [179/459] OMLR
[09:45:04] [180/459] KKSC
[09:45:05] [181/459] RVMA
[09:45:06] [182/459] SCLL
[09:45:06] [183/459] SCDK
[09:45:07] [184/459] SXMI
[09:45:08] [185/459] SHDN
[09:45:09] [186/459] PAAD
[09:45:09] [187/459] UUCB
[09:45:10] [188/459] JHOL
[09:45:11] [189/459] SGWT
[09:45:12] [190/459] SRII
[09:45:12] [191/459] SGCK
[09:45:13] [192/459] SVVB
[09:45:14] [193/459] DMHA
[09:45:15] [194/459] PPNL
[09:45:15] [195/459] CPNL
[09:45:16] [196/459] WVLD
[09:45:17] [197/459] PSLV
[09:45:18] [198/459] VTTL
[09:45:19] [199/459] NPAD
[09:45:19] [200/459] PVCS
[09:45:20] [201/459] MCHL
[09:45:21] [202/459] PPLL
[09:45:22] [203/459] MALO
[09:45:23] [204/459] SWBH
[09:45:24] [205/459] PUGB
[09:45:24] [206/459] INBB
[09:45:25] [207/459] INNS
[09:45:26] [208/459] MCPT
[09:45:27] [209/459] SCMI
[09:45:27] [210/459] OCON
[09:45:29] [211/459] SCSM
[09:45:30] [212/459] RJVN
[09:45:30] [213/459] AMDK
[09:45:31] [214/459] ISMR
[09:45:32] [215/459] SMTD
[09:45:34] [216/459] VTDD
[09:45:34] [217/459] PDDZ
[09:45:35] [218/459] PCCK
[09:45:36] [219/459] INAM
[09:45:37] [220/459] FNKT
[09:45:38] [221/459] GDKA
[09:45:39] [222/459] MAYU
[09:45:39] [223/459] TCGU
[09:45:40] [224/459] KDCA
[09:45:42] [225/459] DOMY
[09:45:43] [226/459] PDDD
[09:45:44] [227/459] BJTS
[09:45:44] [228/459] VTCA
[09:45:45] [229/459] SBTM
[09:45:46] [230/459] SEET
[09:45:47] [231/459] SSTJ
[09:45:48] [232/459] SVNT
[09:45:48] [233/459] PPPR
[09:45:49] [234/459] PVYS
[09:45:50] [235/459] IOSE
[09:45:51] [236/459] ACTV
[09:45:52] [237/459] APVE
[09:45:53] [238/459] TCCL
[09:45:54] [239/459] SCMO
[09:45:54] [240/459] SAUM
[09:45:55] [241/459] KCJS
[09:45:56] [242/459] NJCJ
[09:45:57] [243/459] NECF
[09:45:57] [244/459] CCGW
[09:45:58] [245/459] CCMG
[09:45:59] [246/459] NYRG
[09:46:00] [247/459] NCSQ
[09:46:01] [248/459] GRCG
[09:46:02] [249/459] CCBT
[09:46:03] [250/459] ACGA
[09:46:04] [251/459] INAG
[09:46:05] [252/459] FUCG
[09:46:06] [253/459] AICF
[09:46:07] [254/459] GRGA
[09:46:08] [255/459] GDCN
[09:46:09] [256/459] RRCG
[09:46:10] [257/459] SDCH
[09:46:11] [258/459] WVJM
[09:46:11] [259/459] JCCZ
[09:46:12] [260/459] CNCL
[09:46:13] [261/459] TMLV
[09:46:14] [262/459] MEMB
[09:46:15] [263/459] SGTD
[09:46:16] [264/459] CONX
[09:46:16] [265/459] CCMH
[09:46:18] [266/459] ACMC
[09:46:18] [267/459] DTPD
[09:46:19] [268/459] POJA
[09:46:20] [269/459] FNBH
[09:46:21] [270/459] CGCB
[09:46:22] [271/459] RACN
[09:46:23] [272/459] JTSM
[09:46:23] [273/459] SCDN
[09:46:24] [274/459] AACK
[09:46:25] [275/459] RMCE
[09:46:26] [276/459] BSGB
[09:46:27] [277/459] MRCB
[09:46:27] [278/459] SRVR
[09:46:28] [279/459] VTKK
[09:46:29] [280/459] AMST
[09:46:30] [281/459] APCY
[09:46:31] [282/459] LMHO
[09:46:32] [283/459] MTZH
[09:46:33] [284/459] AMZB
[09:46:34] [285/459] SUVT
[09:46:35] [286/459] RCIP
[09:46:35] [287/459] KESR
[09:46:36] [288/459] SNKC
[09:46:38] [289/459] SCED
[09:46:39] [290/459] DVCA
[09:46:40] [291/459] VCDT
[09:46:41] [292/459] RRDI
[09:46:41] [293/459] DFCH
[09:46:42] [294/459] INSC
[09:46:43] [295/459] RGTR
[09:46:44] [296/459] FMOT
[09:46:44] [297/459] SCPM
[09:46:45] [298/459] GCDT
[09:46:46] [299/459] BRKT
[09:46:47] [300/459] DEMP
[09:46:48] [301/459] SRLC
[09:46:48] [302/459] KSTT
[09:46:49] [303/459] SMMT
[09:46:50] [304/459] SILM
[09:46:51] [305/459] JCVM
[09:46:52] [306/459] KCSV
[09:46:53] [307/459] MHLK
[09:46:54] [308/459] SLVL
[09:46:54] [309/459] RJKP
[09:46:55] [310/459] BBPC
[09:46:56] [311/459] MXCB
[09:46:58] [312/459] TCPK
[09:46:58] [313/459] RTBR
[09:46:59] [314/459] GAUT
[09:47:00] [315/459] DVCF
[09:47:01] [316/459] JTSB
[09:47:02] [317/459] SBLS
[09:47:03] [318/459] UDAY
[09:47:04] [319/459] PTNP
[09:47:05] [320/459] DMKT
[09:47:06] [321/459] NTDT
[09:47:07] [322/459] SHDJ
[09:47:07] [323/459] OTNC
[09:47:08] [324/459] RNTW
[09:47:09] [325/459] GCMI
[09:47:10] [326/459] CRCM
[09:47:10] [327/459] NNCZ
[09:47:11] [328/459] OEMO
[09:47:12] [329/459] PVJM
[09:47:13] [330/459] CPJI
[09:47:14] [331/459] RMCJ
[09:47:15] [332/459] CNWJ
[09:47:15] [333/459] EPJM
[09:47:16] [334/459] FNJJ
[09:47:17] [335/459] GCMJ
[09:47:17] [336/459] INPS
[09:47:19] [337/459] BICJ
[09:47:20] [338/459] ISTJ
[09:47:20] [339/459] INJC
[09:47:21] [340/459] GLXJ
[09:47:22] [341/459] INEM
[09:47:23] [342/459] JTMN
[09:47:24] [343/459] FRCJ
[09:47:24] [344/459] DDJP
[09:47:25] [345/459] INJV
[09:47:26] [346/459] GOLC
[09:47:27] [347/459] KOCI
[09:47:28] [348/459] FSTD
[09:47:29] [349/459] PACJ
[09:47:30] [350/459] GMCN
[09:47:30] [351/459] MMDJ
[09:47:31] [352/459] GODH
[09:47:32] [353/459] SKYN
[09:47:33] [354/459] NCTH
[09:47:34] [355/459] SKVZ
[09:47:35] [356/459] SVML
[09:47:36] [357/459] ACVZ
[09:47:37] [358/459] SURA
[09:47:38] [359/459] RTRB
[09:47:38] [360/459] LLCT
[09:47:39] [361/459] ATTS
[09:47:40] [362/459] JYCM
[09:47:41] [363/459] CTKR
[09:47:42] [364/459] LCKR
[09:47:43] [365/459] NYCV
[09:47:43] [366/459] NYOH
[09:47:44] [367/459] NOVX
[09:47:45] [368/459] MRGK
[09:47:46] [369/459] MOON
[09:47:47] [370/459] SBUC
[09:47:48] [371/459] GSVA
[09:47:49] [372/459] VIAK
[09:47:49] [373/459] SMVZ
[09:47:50] [374/459] MATE
[09:47:51] [375/459] RDCN
[09:47:52] [376/459] ASBL
[09:47:53] [377/459] ASVS
[09:47:54] [378/459] ASSR
[09:47:54] [379/459] SSKN
[09:47:56] [380/459] DRPV
[09:47:57] [381/459] MRHT
[09:47:58] [382/459] BSCN
[09:47:59] [383/459] RKNX
[09:47:59] [384/459] MSMC
[09:48:00] [385/459] MSCJ
[09:48:01] [386/459] BTBJ
[09:48:02] [387/459] MJCC
[09:48:03] [388/459] IOMM
[09:48:04] [389/459] ADGR
[09:48:04] [390/459] MYCP
[09:48:05] [391/459] IGCM
[09:48:06] [392/459] PGRK
[09:48:07] [393/459] VPGO
[09:48:08] [394/459] KOMS
[09:48:08] [395/459] URGG
[09:48:09] [396/459] GOST
[09:48:11] [397/459] LACT
[09:48:11] [398/459] BWCM
[09:48:12] [399/459] NCCW
[09:48:13] [400/459] SKYC
[09:48:14] [401/459] CCPM
[09:48:15] [402/459] VCBT
[09:48:15] [403/459] SDKR
[09:48:17] [404/459] CTYB
[09:48:18] [405/459] SHCX
[09:48:19] [406/459] RCUN
[09:48:19] [407/459] CNRA
[09:48:20] [408/459] RFCA
[09:48:22] [409/459] RDCU
[09:48:22] [410/459] SARK
[09:48:23] [411/459] SPPP
[09:48:24] [412/459] ADMB
[09:48:26] [413/459] JYOE
[09:48:26] [414/459] SRMD
[09:48:27] [415/459] RJDH
[09:48:28] [416/459] SSTD
[09:48:29] [417/459] AACV
[09:48:30] [418/459] PPVD
[09:48:32] [419/459] STCP
[09:48:33] [420/459] ANJR
[09:48:33] [421/459] ANLS
[09:48:34] [422/459] BIJO
[09:48:35] [423/459] AVAB
[09:48:36] [424/459] SPMD
[09:48:37] [425/459] SVJL
[09:48:37] [426/459] SDDJ
[09:48:38] [427/459] SLTU
[09:48:39] [428/459] SAKA
[09:48:40] [429/459] PMAM
[09:48:41] [430/459] FNAM
[09:48:42] [431/459] ACAM
[09:48:43] [432/459] SCMM
[09:48:44] [433/459] PMAK
[09:48:45] [434/459] NYSA
[09:48:46] [435/459] FCPA
[09:48:47] [436/459] GDAN
[09:48:47] [437/459] RSCA
[09:48:48] [438/459] DMAN
[09:48:49] [439/459] DZCM
[09:48:50] [440/459] NSGL
[09:48:50] [441/459] CCPP
[09:48:51] [442/459] PSMG
[09:48:52] [443/459] GSER
[09:48:53] [444/459] FCCT
[09:48:53] [445/459] FCTB
[09:48:55] [446/459] LCNK
[09:48:56] [447/459] SKTY
[09:48:57] [448/459] INAA
[09:48:58] [449/459] RCWN
[09:48:59] [450/459] VAIS
[09:49:00] [451/459] CVMN
[09:49:01] [452/459] INTS
[09:49:01] [453/459] FRGS
[09:49:02] [454/459] DTCK
[09:49:03] [455/459] MCMH
[09:49:04] [456/459] ECRR
[09:49:04] [457/459] RLLP
[09:49:06] [458/459] CCSN
[09:49:07] [459/459] CCBA
[09:49:08] 🧹 Deduping shows
[09:49:08] ✅ DONE | Shows=22 | Movies=3
