[09:42:24] 🚀 SCRIPT STARTED
[09:42:24] [1/459] FNDB
[09:42:24] 🧠 New identity created
[09:42:25] [2/459] AMBH
[09:42:26] [3/459] PRHN
[09:42:27] [4/459] ACPM
[09:42:28] [5/459] PVFS
[09:42:29] [6/459] AACN
[09:42:30] [7/459] ACAS
[09:42:31] [8/459] CTNR
[09:42:32] [9/459] MMAH
[09:42:33] [10/459] CPMH
[09:42:34] [11/459] IGMH
[09:42:35] [12/459] ABCS
[09:42:36] [13/459] CMMA
[09:42:37] [14/459] GPRH
[09:42:38] [15/459] PNNG
[09:42:39] [16/459] AMCA
[09:42:40] [17/459] ISTN
[09:42:40] [18/459] PIIC
[09:42:42] [19/459] AHMH
[09:42:42] [20/459] ASHN
[09:42:43] [21/459] INHY
[09:42:44] [22/459] SRMO
[09:42:46] [23/459] PIMH
[09:42:47] [24/459] PVTS
[09:42:47] [25/459] MMCA
[09:42:48] [26/459] AKYJ
[09:42:50] [27/459] BRKH
[09:42:50] [28/459] MAHM
[09:42:51] [29/459] CPHY
[09:42:52] [30/459] PVTP
[09:42:53] [31/459] SMMR
[09:42:54] [32/459] PVHM
[09:42:55] [33/459] SNDY
[09:42:56] [34/459] GOKU
[09:42:57] [35/459] ACEV
[09:42:58] [36/459] PVUM
[09:42:59] [37/459] VSWA
[09:42:59] [38/459] IPRS
[09:43:00] [39/459] ASGN
[09:43:02] [40/459] BKMV
[09:43:03] [41/459] PVYH
[09:43:03] [42/459] INKM
[09:43:04] [43/459] ARJU
[09:43:06] [44/459] JJPP
[09:43:06] [45/459] SSRM
[09:43:07] [46/459] HMHD
[09:43:08] [47/459] SNKH
[09:43:09] [48/459] ACHI
[09:43:10] [49/459] MRAA
[09:43:11] [50/459] INMH
[09:43:12] [51/459] ARMH
[09:43:12] [52/459] DVRR
[09:43:13] [53/459] SUDA
[09:43:14] [54/459] MCSS
[09:43:15] [55/459] VRKC
[09:43:16] [56/459] PRCX
[09:43:17] [57/459] ASJY
[09:43:18] [58/459] MTHY
[09:43:18] [59/459] SRCM
[09:43:19] [60/459] TVHY
[09:43:20] [61/459] STHD
[09:43:21] [62/459] CPCL
[09:43:22] [63/459] PSMJ
[09:43:23] [64/459] MRGT
[09:43:24] [65/459] ARYH
[09:43:24] [66/459] VTRB
[09:43:25] [67/459] SCHC
[09:43:26] [68/459] MRRG
[09:43:28] [69/459] SPCB
[09:43:29] [70/459] AMCM
[09:43:29] [71/459] IVNM
[09:43:30] [72/459] TRHY
[09:43:31] [73/459] PTTH
[09:43:32] [74/459] RKMH
[09:43:32] [75/459] PRCS
[09:43:33] [76/459] VAJA
[09:43:34] [77/459] BJNG
[09:43:35] [78/459] SCVM
[09:43:36] [79/459] GNHB
[09:43:37] [80/459] TLUR
[09:43:39] [81/459] UKCC
[09:43:39] [82/459] SRKR
[09:43:40] [83/459] RMKN
[09:43:41] [84/459] SLRT
[09:43:42] [85/459] LKMT
[09:43:43] [86/459] SSRJ
[09:43:43] [87/459] SPHT
[09:43:44] [88/459] ANTT
[09:43:45] [89/459] SRCH
[09:43:45] [90/459] SRCA
[09:43:46] [91/459] ARTH
[09:43:48] [92/459] MCBH
[09:43:49] [93/459] SNIB
[09:43:49] [94/459] SART
[09:43:50] [95/459] SKTA
[09:43:51] [96/459] YAKT
[09:43:52] [97/459] MLCK
[09:43:53] [98/459] ANTS
[09:43:54] [99/459] DGCA
[09:43:55] [100/459] SGMP
[09:43:56] [101/459] ASWN
[09:43:56] [102/459] KFVU
[09:43:57] [103/459] POOR
[09:43:58] [104/459] GKDN
[09:43:59] [105/459] EOSE
[09:44:00] [106/459] GTTT
[09:44:01] [107/459] ARRO
[09:44:02] [108/459] CMMK
[09:44:03] [109/459] MSCN
[09:44:03] [110/459] GDKH
[09:44:04] [111/459] DLMT
[09:44:05] [112/459] PVMF
[09:44:06] [113/459] CPCK
[09:44:06] [114/459] VMHE
[09:44:07] [115/459] PVLC
[09:44:08] [116/459] PCVB
[09:44:09] [117/459] SNYK
[09:44:10] [118/459] KTEK
[09:44:12] [119/459] PCNM
[09:44:13] [120/459] NTTR
[09:44:13] [121/459] CPSK
[09:44:14] [122/459] JMMA
[09:44:15] [123/459] GCFK
[09:44:16] [124/459] MYCA
[09:44:17] [125/459] KSNP
[09:44:17] [126/459] PMCE
[09:44:18] [127/459] SCKI
[09:44:19] [128/459] FSMA
[09:44:20] [129/459] CETA
[09:44:20] [130/459] MCIK
[09:44:21] [131/459] MYCR
[09:44:22] [132/459] EVMP
[09:44:23] [133/459] SSGT
[09:44:24] [134/459] KCTK
[09:44:25] [135/459] ZTKC
[09:44:25] [136/459] MMTA
[09:44:26] [137/459] MAJT
[09:44:27] [138/459] ACPK
[09:44:28] [139/459] JMAX
[09:44:28] [140/459] SETK
[09:44:29] [141/459] CAIS
[09:44:30] [142/459] AGCD
[09:44:31] [143/459] URCL
[09:44:33] [144/459] VTDS
[09:44:33] [145/459] JCNM
[09:44:34] [146/459] KCAM
[09:44:35] [147/459] ADCU
[09:44:36] [148/459] GXYN
[09:44:37] [149/459] SMJG
[09:44:38] [150/459] EYCJ
[09:44:38] [151/459] CCEJ
[09:44:39] [152/459] MARS
[09:44:40] [153/459] CPVJ
[09:44:42] [154/459] INVP
[09:44:42] [155/459] CPOV
[09:44:43] [156/459] VIJK
[09:44:44] [157/459] LAIM
[09:44:44] [158/459] STHV
[09:44:45] [159/459] SVLJ
[09:44:46] [160/459] ATVJ
[09:44:47] [161/459] JTSC
[09:44:47] [162/459] RMTV
[09:44:48] [163/459] MGGG
[09:44:49] [164/459] SWTH
[09:44:50] [165/459] INVJ
[09:44:52] [166/459] PRSV
[09:44:52] [167/459] JATV
[09:44:53] [168/459] RCVD
[09:44:54] [169/459] BDMA
[09:44:55] [170/459] BLJI
[09:44:56] [171/459] SWOT
[09:44:58] [172/459] SWRN
[09:44:59] [173/459] TVRA
[09:45:00] [174/459] VCSV
[09:45:01] [175/459] NVRN
[09:45:02] [176/459] SIKC
[09:45:03] [177/459] VAKR
[09:45:04] [178/459] SYLN
[09:45:05] [179/459] KLJL
[09:45:05] [180/459] LKMY
[09:45:06] [181/459] VSLY
[09:45:07] [182/459] CIKO
[09:45:08] [183/459] GPBG
[09:45:09] [184/459] CECM
[09:45:09] [185/459] SLKB
[09:45:10] [186/459] MTBO
[09:45:11] [187/459] SSHB
[09:45:12] [188/459] VPCS
[09:45:13] [189/459] RCSR
[09:45:14] [190/459] RJRM
[09:45:15] [191/459] KPPB
[09:45:16] [192/459] SEDC
[09:45:17] [193/459] SCAI
[09:45:17] [194/459] RMTR
[09:45:18] [195/459] ASST
[09:45:19] [196/459] GCAK
[09:45:20] [197/459] ANNK
[09:45:21] [198/459] KDDF
[09:45:22] [199/459] NRDP
[09:45:23] [200/459] PLAK
[09:45:25] [201/459] GCMC
[09:45:25] [202/459] ALPY
[09:45:26] [203/459] SICE
[09:45:27] [204/459] SISR
[09:45:28] [205/459] SRPZ
[09:45:28] [206/459] SRSW
[09:45:30] [207/459] SUYA
[09:45:31] [208/459] AMMT
[09:45:32] [209/459] BHCU
[09:45:32] [210/459] KLPA
[09:45:33] [211/459] NVKH
[09:45:34] [212/459] JMRC
[09:45:35] [213/459] KTTT
[09:45:35] [214/459] MAGH
[09:45:36] [215/459] MMMX
[09:45:37] [216/459] SALJ
[09:45:38] [217/459] GTJA
[09:45:38] [218/459] MAHT
[09:45:40] [219/459] SSNN
[09:45:41] [220/459] ARRP
[09:45:41] [221/459] ATNS
[09:45:42] [222/459] SKDT
[09:45:43] [223/459] ACAT
[09:45:44] [224/459] APRC
[09:45:45] [225/459] SWAG
[09:45:46] [226/459] SDPT
[09:45:46] [227/459] STPS
[09:45:47] [228/459] WWCZ
[09:45:48] [229/459] LLCH
[09:45:48] [230/459] MZHA
[09:45:49] [231/459] CRJG
[09:45:51] [232/459] JGTK
[09:45:52] [233/459] KCSR
[09:45:52] [234/459] CHTL
[09:45:53] [235/459] EDSR
[09:45:54] [236/459] CSWO
[09:45:55] [237/459] CPVM
[09:45:56] [238/459] MXBY
[09:45:56] [239/459] FMMA
[09:45:58] [240/459] POVI
[09:45:58] [241/459] MTHB
[09:45:59] [242/459] INRC
[09:46:00] [243/459] PIPP
[09:46:01] [244/459] BMXC
[09:46:01] [245/459] PCMM
[09:46:03] [246/459] PMKM
[09:46:03] [247/459] GATY
[09:46:04] [248/459] IMCM
[09:46:05] [249/459] POPE
[09:46:07] [250/459] MTCR
[09:46:08] [251/459] PVAE
[09:46:09] [252/459] PVMI
[09:46:10] [253/459] CPNM
[09:46:11] [254/459] FMRL
[09:46:12] [255/459] MCIW
[09:46:13] [256/459] MXBO
[09:46:14] [257/459] FMKY
[09:46:15] [258/459] FMDA
[09:46:16] [259/459] THAB
[09:46:17] [260/459] PRCW
[09:46:18] [261/459] PITI
[09:46:19] [262/459] MCFF
[09:46:20] [263/459] PDDV
[09:46:21] [264/459] MCRM
[09:46:22] [265/459] KKMB
[09:46:23] [266/459] INKO
[09:46:23] [267/459] PLXP
[09:46:24] [268/459] MMHA
[09:46:25] [269/459] FMVS
[09:46:26] [270/459] POLM
[09:46:28] [271/459] STER
[09:46:29] [272/459] PVWJ
[09:46:30] [273/459] IMJW
[09:46:31] [274/459] FNAN
[09:46:31] [275/459] CAGL
[09:46:32] [276/459] IPBG
[09:46:33] [277/459] SMFV
[09:46:34] [278/459] MMMR
[09:46:35] [279/459] MMWM
[09:46:35] [280/459] FNCM
[09:46:36] [281/459] MDVA
[09:46:37] [282/459] MMET
[09:46:38] [283/459] MIDO
[09:46:38] [284/459] INNP
[09:46:39] [285/459] MIFU
[09:46:40] [286/459] MMSZ
[09:46:41] [287/459] BMXA
[09:46:42] [288/459] MCAA
[09:46:43] [289/459] SCVP
[09:46:44] [290/459] PLUS
[09:46:44] [291/459] MUCK
[09:46:45] [292/459] MTMA
[09:46:46] [293/459] HPVR
[09:46:48] [294/459] PMPK
[09:46:49] [295/459] MAJB
[09:46:51] [296/459] CTRR
[09:46:51] [297/459] MCTG
[09:46:52] [298/459] MACE
[09:46:53] [299/459] AAAS
[09:46:53] [300/459] CPVV
[09:46:54] [301/459] RCHG
[09:46:55] [302/459] MCNE
[09:46:56] [303/459] EMNC
[09:46:57] [304/459] MCAN
[09:46:57] [305/459] TCDM
[09:46:58] [306/459] IRGT
[09:46:59] [307/459] GCMG
[09:47:00] [308/459] MXSN
[09:47:01] [309/459] MXCK
[09:47:02] [310/459] MCRC
[09:47:03] [311/459] RSMI
[09:47:03] [312/459] WAML
[09:47:04] [313/459] MTSC
[09:47:05] [314/459] FMDR
[09:47:06] [315/459] LEPV
[09:47:07] [316/459] MTGD
[09:47:08] [317/459] IMOB
[09:47:09] [318/459] CLMM
[09:47:09] [319/459] PZCD
[09:47:10] [320/459] GOCS
[09:47:11] [321/459] KCMA
[09:47:12] [322/459] CCMP
[09:47:12] [323/459] MTSU
[09:47:13] [324/459] SNGL
[09:47:14] [325/459] MMMC
[09:47:15] [326/459] MMAA
[09:47:16] [327/459] GCDM
[09:47:17] [328/459] KTMV
[09:47:17] [329/459] AETE
[09:47:18] [330/459] OMCS
[09:47:19] [331/459] GDCD
[09:47:20] [332/459] NYMD
[09:47:21] [333/459] RNCV
[09:47:22] [334/459] KKMT
[09:47:23] [335/459] GDTH
[09:47:24] [336/459] KMMV
[09:47:24] [337/459] NHCG
[09:47:25] [338/459] PJDW
[09:47:26] [339/459] MMCV
[09:47:27] [340/459] FQSA
[09:47:28] [341/459] KURL
[09:47:28] [342/459] NNNX
[09:47:29] [343/459] AMAU
[09:47:30] [344/459] VVVM
[09:47:31] [345/459] VECU
[09:47:32] [346/459] WCVR
[09:47:32] [347/459] MTGG
[09:47:33] [348/459] SGTG
[09:47:34] [349/459] MNTG
[09:47:35] [350/459] JDDG
[09:47:36] [351/459] MBTK
[09:47:37] [352/459] SGCD
[09:47:38] [353/459] MCTC
[09:47:38] [354/459] JTPC
[09:47:40] [355/459] SDKT
[09:47:41] [356/459] KRCC
[09:47:41] [357/459] RMMD
[09:47:42] [358/459] AAME
[09:47:43] [359/459] TMWC
[09:47:44] [360/459] NRWY
[09:47:44] [361/459] CITD
[09:47:45] [362/459] VERD
[09:47:46] [363/459] MKSK
[09:47:47] [364/459] STSM
[09:47:48] [365/459] MJDG
[09:47:49] [366/459] RKPM
[09:47:50] [367/459] SSCE
[09:47:51] [368/459] VMAE
[09:47:52] [369/459] SBRU
[09:47:53] [370/459] AMBC
[09:47:53] [371/459] AMLU
[09:47:54] [372/459] INVZ
[09:47:55] [373/459] LGTV
[09:47:56] [374/459] SVAD
[09:47:57] [375/459] SMSA
[09:47:58] [376/459] SPCZ
[09:47:58] [377/459] GTCX
[09:47:59] [378/459] SCSL
[09:48:00] [379/459] SAHU
[09:48:01] [380/459] NCDA
[09:48:01] [381/459] SCCG
[09:48:02] [382/459] VKTL
[09:48:03] [383/459] PUUJ
[09:48:04] [384/459] STEJ
[09:48:05] [385/459] RJAL
[09:48:06] [386/459] ACJC
[09:48:07] [387/459] VTHC
[09:48:08] [388/459] ARVB
[09:48:09] [389/459] AUBB
[09:48:10] [390/459] GDBR
[09:48:11] [391/459] PVND
[09:48:12] [392/459] BGRJ
[09:48:13] [393/459] RJMM
[09:48:14] [394/459] MCSA
[09:48:15] [395/459] BODA
[09:48:16] [396/459] JAGG
[09:48:17] [397/459] SCGA
[09:48:17] [398/459] LRCM
[09:48:18] [399/459] CPCN
[09:48:19] [400/459] SSTF
[09:48:20] [401/459] SRXP
[09:48:21] [402/459] CNFX
[09:48:22] [403/459] ANDI
[09:48:23] [404/459] SYEW
[09:48:24] [405/459] RCRE
[09:48:25] [406/459] SCRW
[09:48:26] [407/459] MBKR
[09:48:26] [408/459] ASNT
[09:48:27] [409/459] JTMT
[09:48:28] [410/459] SHAY
[09:48:29] [411/459] VRTH
[09:48:30] [412/459] SPTI
[09:48:31] [413/459] DPTD
[09:48:31] [414/459] TGSN
[09:48:32] [415/459] RCWV
[09:48:33] [416/459] OCUR
[09:48:34] [417/459] KSTC
[09:48:35] [418/459] SANI
[09:48:36] [419/459] MLCA
[09:48:37] [420/459] EGCA
[09:48:38] [421/459] SYSN
[09:48:38] [422/459] PKTA
[09:48:39] [423/459] PRCC
[09:48:40] [424/459] KSTR
[09:48:41] [425/459] SNTP
[09:48:42] [426/459] RCHA
[09:48:42] [427/459] SEEA
[09:48:43] [428/459] ALAT
[09:48:44] [429/459] AATV
[09:48:45] [430/459] RJTE
[09:48:46] [431/459] AAPP
[09:48:47] [432/459] PMMH
[09:48:48] [433/459] INRJ
[09:48:49] [434/459] SARB
[09:48:50] [435/459] PCJL
[09:48:51] [436/459] PFJJ
[09:48:52] [437/459] GRDC
[09:48:53] [438/459] BCBA
[09:48:53] [439/459] VIXL
[09:48:54] [440/459] CSTL
[09:48:55] [441/459] MTDK
[09:48:56] [442/459] TDAC
[09:48:57] [443/459] GTDN
[09:48:57] [444/459] TTDE
[09:48:58] [445/459] ASTS
[09:48:59] [446/459] CPNS
[09:49:00] [447/459] PVVW
[09:49:01] [448/459] USEB
[09:49:02] [449/459] DTYN
[09:49:02] [450/459] PVLE
[09:49:03] [451/459] CIPS
[09:49:04] [452/459] PAEG
[09:49:05] [453/459] PTCW
[09:49:06] [454/459] G3SR
[09:49:07] [455/459] PGND
[09:49:07] [456/459] INVM
[09:49:08] [457/459] SPIA
[09:49:09] [458/459] PCSN
[09:49:10] [459/459] PPGV
[09:49:11] 🧹 Deduping shows
[09:49:11] ✅ DONE | Shows=14 | Movies=4
