[09:42:27] 🚀 SCRIPT STARTED
[09:42:27] [1/459] MCCZ
[09:42:27] 🧠 New identity created
[09:42:28] [2/459] FRPU
[09:42:29] [3/459] SKSI
[09:42:30] [4/459] SSCK
[09:42:31] [5/459] SRDC
[09:42:32] [6/459] RSCZ
[09:42:33] [7/459] PRVT
[09:42:34] [8/459] GAGJ
[09:42:35] [9/459] SMHG
[09:42:36] [10/459] JTST
[09:42:37] [11/459] MYTH
[09:42:38] [12/459] JPCC
[09:42:39] [13/459] ACDC
[09:42:40] [14/459] SVFP
[09:42:41] [15/459] SFCM
[09:42:42] [16/459] RUPK
[09:42:43] [17/459] NTCR
[09:42:43] [18/459] RTCH
[09:42:44] [19/459] SCMH
[09:42:46] [20/459] SVYM
[09:42:47] [21/459] SPYM
[09:42:48] [22/459] SMMF
[09:42:48] [23/459] CLLB
[09:42:49] [24/459] FMCB
[09:42:50] [25/459] BBTC
[09:42:52] [26/459] NTHS
[09:42:53] [27/459] PKKJ
[09:42:53] [28/459] MTJA
[09:42:54] [29/459] PMSJ
[09:42:55] [30/459] JMJU
[09:42:56] [31/459] SRAD
[09:42:57] [32/459] MJMC
[09:42:58] [33/459] DFRM
[09:42:59] [34/459] PMRS
[09:43:00] [35/459] RKPP
[09:43:01] [36/459] BMBK
[09:43:02] [37/459] NEWS
[09:43:02] [38/459] SALB
[09:43:03] [39/459] SCPW
[09:43:04] [40/459] RAYL
[09:43:05] [41/459] CMGJ
[09:43:06] [42/459] JRCR
[09:43:07] [43/459] SRTB
[09:43:08] [44/459] ETPB
[09:43:08] [45/459] MXBN
[09:43:09] [46/459] TOPE
[09:43:10] [47/459] SNLJ
[09:43:11] [48/459] CDDP
[09:43:12] [49/459] APCX
[09:43:13] [50/459] TALP
[09:43:14] [51/459] RRMP
[09:43:15] [52/459] MAHB
[09:43:16] [53/459] MTKR
[09:43:17] [54/459] KSKL
[09:43:18] [55/459] RJLT
[09:43:19] [56/459] ATAS
[09:43:20] [57/459] AMHR
[09:43:21] [58/459] RSRM
[09:43:22] [59/459] GCAT
[09:43:23] [60/459] SMML
[09:43:24] [61/459] ACCD
[09:43:25] [62/459] VYDA
[09:43:26] [63/459] MSKT
[09:43:27] [64/459] AVDM
[09:43:28] [65/459] ASMH
[09:43:29] [66/459] VTMB
[09:43:30] [67/459] WVMB
[09:43:30] [68/459] PPMN
[09:43:31] [69/459] MTMD
[09:43:32] [70/459] SMMO
[09:43:33] [71/459] DLPB
[09:43:34] [72/459] AKMD
[09:43:34] [73/459] SHRR
[09:43:35] [74/459] ASCO
[09:43:36] [75/459] CZVX
[09:43:37] [76/459] GCBB
[09:43:38] [77/459] ATBM
[09:43:38] [78/459] TCGM
[09:43:39] [79/459] UMSE
[09:43:40] [80/459] NKCL
[09:43:41] [81/459] BTLR
[09:43:42] [82/459] GOCL
[09:43:43] [83/459] MIRN
[09:43:44] [84/459] THEC
[09:43:44] [85/459] SPPB
[09:43:45] [86/459] PMMM
[09:43:46] [87/459] GGMC
[09:43:46] [88/459] AVSR
[09:43:47] [89/459] RDMH
[09:43:48] [90/459] JSRS
[09:43:49] [91/459] VKGP
[09:43:50] [92/459] ACRT
[09:43:50] [93/459] GCBA
[09:43:51] [94/459] GTCP
[09:43:52] [95/459] AKFC
[09:43:54] [96/459] INCS
[09:43:55] [97/459] SMCK
[09:43:55] [98/459] BRUN
[09:43:56] [99/459] RPPC
[09:43:57] [100/459] PAYD
[09:43:58] [101/459] SVVT
[09:43:58] [102/459] RNCC
[09:43:59] [103/459] PCRC
[09:44:00] [104/459] PMRM
[09:44:01] [105/459] CCRP
[09:44:02] [106/459] INCR
[09:44:03] [107/459] ZTMP
[09:44:04] [108/459] MCNR
[09:44:05] [109/459] INRP
[09:44:06] [110/459] STRC
[09:44:07] [111/459] RATI
[09:44:08] [112/459] PBTR
[09:44:08] [113/459] CMHP
[09:44:09] [114/459] ZECJ
[09:44:10] [115/459] CCCB
[09:44:11] [116/459] BWCB
[09:44:12] [117/459] CCAT
[09:44:12] [118/459] KGCM
[09:44:13] [119/459] INPT
[09:44:14] [120/459] FNCO
[09:44:15] [121/459] SRMJ
[09:44:16] [122/459] PFSC
[09:44:18] [123/459] PBMC
[09:44:19] [124/459] KARP
[09:44:19] [125/459] KOVI
[09:44:20] [126/459] ACXL
[09:44:21] [127/459] GKCC
[09:44:22] [128/459] ASCC
[09:44:23] [129/459] SETC
[09:44:24] [130/459] KACC
[09:44:25] [131/459] KAVE
[09:44:26] [132/459] CNTC
[09:44:27] [133/459] MEEN
[09:44:28] [134/459] BMRV
[09:44:29] [135/459] SVAM
[09:44:30] [136/459] VTBP
[09:44:30] [137/459] VCKN
[09:44:32] [138/459] SGTK
[09:44:33] [139/459] RCGS
[09:44:34] [140/459] RCCB
[09:44:34] [141/459] RKSR
[09:44:35] [142/459] RKCU
[09:44:36] [143/459] GIBH
[09:44:37] [144/459] CXBS
[09:44:38] [145/459] GGCB
[09:44:39] [146/459] SCPB
[09:44:39] [147/459] AKTB
[09:44:40] [148/459] SRBU
[09:44:41] [149/459] CSSA
[09:44:42] [150/459] MYAN
[09:44:43] [151/459] EXCA
[09:44:44] [152/459] CKSA
[09:44:45] [153/459] JTNM
[09:44:46] [154/459] CXKT
[09:44:46] [155/459] NCLM
[09:44:47] [156/459] JAAD
[09:44:48] [157/459] RDCR
[09:44:49] [158/459] MEER
[09:44:50] [159/459] SIBT
[09:44:51] [160/459] PVVB
[09:44:52] [161/459] FNPN
[09:44:52] [162/459] CRPX
[09:44:53] [163/459] STET
[09:44:54] [164/459] METE
[09:44:55] [165/459] BJML
[09:44:56] [166/459] MAVT
[09:44:57] [167/459] MSRM
[09:44:58] [168/459] TJMP
[09:44:59] [169/459] MHCK
[09:45:00] [170/459] SVGP
[09:45:01] [171/459] KRRC
[09:45:02] [172/459] IMCH
[09:45:03] [173/459] CMCS
[09:45:04] [174/459] SGND
[09:45:04] [175/459] RNAT
[09:45:06] [176/459] PRTN
[09:45:07] [177/459] MPTN
[09:45:07] [178/459] ARCC
[09:45:08] [179/459] NTTE
[09:45:09] [180/459] ABND
[09:45:10] [181/459] KCSN
[09:45:10] [182/459] KCSA
[09:45:11] [183/459] DCKT
[09:45:12] [184/459] MBBR
[09:45:13] [185/459] RAMU
[09:45:14] [186/459] RACW
[09:45:15] [187/459] MCHP
[09:45:15] [188/459] TMHM
[09:45:16] [189/459] STXH
[09:45:17] [190/459] AGSG
[09:45:18] [191/459] SIRA
[09:45:18] [192/459] RCAN
[09:45:19] [193/459] CWTB
[09:45:20] [194/459] VTYM
[09:45:21] [195/459] RRPP
[09:45:22] [196/459] ASMR
[09:45:23] [197/459] RONO
[09:45:24] [198/459] MEMR
[09:45:24] [199/459] CTMR
[09:45:25] [200/459] PMTT
[09:45:26] [201/459] PSLX
[09:45:27] [202/459] IPPL
[09:45:28] [203/459] MMSG
[09:45:29] [204/459] INEL
[09:45:30] [205/459] COAC
[09:45:31] [206/459] WVLK
[09:45:32] [207/459] PPXL
[09:45:33] [208/459] PSML
[09:45:35] [209/459] FNLK
[09:45:35] [210/459] ILUM
[09:45:36] [211/459] ILCM
[09:45:37] [212/459] MSNL
[09:45:38] [213/459] VINB
[09:45:39] [214/459] SALW
[09:45:40] [215/459] PRTB
[09:45:40] [216/459] NCIL
[09:45:42] [217/459] PSUL
[09:45:43] [218/459] SCLK
[09:45:44] [219/459] ADDC
[09:45:45] [220/459] OACL
[09:45:45] [221/459] OOCF
[09:45:46] [222/459] GPMF
[09:45:47] [223/459] SSDG
[09:45:48] [224/459] SKRS
[09:45:49] [225/459] NTTP
[09:45:50] [226/459] SLTP
[09:45:51] [227/459] JTLC
[09:45:52] [228/459] POON
[09:45:53] [229/459] CCPC
[09:45:54] [230/459] DCKC
[09:45:54] [231/459] CPRT
[09:45:55] [232/459] EYHZ
[09:45:56] [233/459] ARBL
[09:45:57] [234/459] SBTB
[09:45:58] [235/459] MMCK
[09:45:59] [236/459] PLMR
[09:46:00] [237/459] BIJH
[09:46:00] [238/459] SDRT
[09:46:01] [239/459] PRDC
[09:46:02] [240/459] OMJA
[09:46:03] [241/459] VKCR
[09:46:03] [242/459] ATRT
[09:46:04] [243/459] WVRP
[09:46:05] [244/459] MVRP
[09:46:06] [245/459] FCAX
[09:46:07] [246/459] CTLC
[09:46:08] [247/459] JCHB
[09:46:09] [248/459] SELP
[09:46:10] [249/459] VCPG
[09:46:10] [250/459] ASCX
[09:46:11] [251/459] EOCS
[09:46:12] [252/459] RCPH
[09:46:13] [253/459] RJTM
[09:46:14] [254/459] SGMD
[09:46:14] [255/459] SVJT
[09:46:15] [256/459] SPPO
[09:46:16] [257/459] MNRL
[09:46:17] [258/459] KNOX
[09:46:18] [259/459] GIER
[09:46:19] [260/459] PJMS
[09:46:20] [261/459] UNSP
[09:46:20] [262/459] JETP
[09:46:21] [263/459] VTWA
[09:46:22] [264/459] SCJI
[09:46:23] [265/459] CBZZ
[09:46:24] [266/459] SDCJ
[09:46:25] [267/459] RRCC
[09:46:26] [268/459] VNKG
[09:46:27] [269/459] LKTO
[09:46:28] [270/459] PJRM
[09:46:28] [271/459] NVRM
[09:46:29] [272/459] SJCS
[09:46:30] [273/459] VIGK
[09:46:31] [274/459] ANST
[09:46:32] [275/459] JTTS
[09:46:33] [276/459] NTST
[09:46:34] [277/459] PREB
[09:46:34] [278/459] TSCZ
[09:46:35] [279/459] CDCM
[09:46:36] [280/459] ELYE
[09:46:37] [281/459] INBS
[09:46:38] [282/459] SMGC
[09:46:38] [283/459] UTMP
[09:46:39] [284/459] INTA
[09:46:40] [285/459] OMPT
[09:46:41] [286/459] SCIR
[09:46:42] [287/459] GCKJ
[09:46:43] [288/459] INOG
[09:46:43] [289/459] SMGB
[09:46:44] [290/459] MCSG
[09:46:45] [291/459] STKG
[09:46:46] [292/459] TTKG
[09:46:47] [293/459] SRTR
[09:46:48] [294/459] ETTR
[09:46:49] [295/459] GGGZ
[09:46:49] [296/459] IPGM
[09:46:50] [297/459] FCDH
[09:46:51] [298/459] DESB
[09:46:52] [299/459] VNTP
[09:46:53] [300/459] ANNT
[09:46:54] [301/459] SLTI
[09:46:55] [302/459] MAJU
[09:46:56] [303/459] JCXP
[09:46:57] [304/459] HARK
[09:46:58] [305/459] JPCJ
[09:46:59] [306/459] RXBD
[09:46:59] [307/459] PTKJ
[09:47:00] [308/459] CMTU
[09:47:01] [309/459] SWOR
[09:47:02] [310/459] JMEX
[09:47:03] [311/459] DTPT
[09:47:04] [312/459] VGMM
[09:47:05] [313/459] VCSG
[09:47:06] [314/459] CVCG
[09:47:06] [315/459] TNTT
[09:47:07] [316/459] SHRM
[09:47:08] [317/459] CGKD
[09:47:09] [318/459] EKCM
[09:47:10] [319/459] SDCX
[09:47:10] [320/459] SBTE
[09:47:11] [321/459] STKJ
[09:47:12] [322/459] TPCE
[09:47:13] [323/459] JTNP
[09:47:14] [324/459] LPCH
[09:47:14] [325/459] CPUO
[09:47:15] [326/459] APSU
[09:47:16] [327/459] RTHC
[09:47:17] [328/459] PTBU
[09:47:17] [329/459] CUCC
[09:47:18] [330/459] CPSA
[09:47:19] [331/459] SUAY
[09:47:20] [332/459] AYAA
[09:47:21] [333/459] MUCH
[09:47:22] [334/459] PCIN
[09:47:23] [335/459] JRRM
[09:47:24] [336/459] KATS
[09:47:25] [337/459] MHFF
[09:47:26] [338/459] ESYM
[09:47:27] [339/459] STYV
[09:47:28] [340/459] SDKG
[09:47:28] [341/459] SMTI
[09:47:29] [342/459] NYCS
[09:47:30] [343/459] MTBG
[09:47:31] [344/459] RHCA
[09:47:32] [345/459] PCKH
[09:47:33] [346/459] ARCR
[09:47:33] [347/459] NCMB
[09:47:34] [348/459] SHYC
[09:47:35] [349/459] LACK
[09:47:36] [350/459] MTCM
[09:47:37] [351/459] RRBN
[09:47:38] [352/459] MYDC
[09:47:38] [353/459] STCS
[09:47:39] [354/459] CONN
[09:47:40] [355/459] SIPS
[09:47:41] [356/459] SMMX
[09:47:42] [357/459] SCBY
[09:47:42] [358/459] SUAP
[09:47:43] [359/459] RSMK
[09:47:44] [360/459] STKP
[09:47:45] [361/459] CIPC
[09:47:46] [362/459] KKCI
[09:47:46] [363/459] CTNK
[09:47:47] [364/459] MMTZ
[09:47:48] [365/459] DCCO
[09:47:49] [366/459] VNMN
[09:47:50] [367/459] RLCN
[09:47:50] [368/459] CMMS
[09:47:51] [369/459] AYOU
[09:47:52] [370/459] SSCN
[09:47:53] [371/459] SMXN
[09:47:54] [372/459] ASSK
[09:47:54] [373/459] VCKM
[09:47:55] [374/459] PCPH
[09:47:56] [375/459] PADM
[09:47:57] [376/459] IESA
[09:47:58] [377/459] VCSP
[09:47:59] [378/459] AEST
[09:48:00] [379/459] VTNR
[09:48:00] [380/459] GTTA
[09:48:01] [381/459] CMMM
[09:48:02] [382/459] AHKT
[09:48:02] [383/459] SIJI
[09:48:03] [384/459] VCEI
[09:48:04] [385/459] SAKR
[09:48:05] [386/459] VSMT
[09:48:06] [387/459] SSCT
[09:48:07] [388/459] USTR
[09:48:08] [389/459] MTKT
[09:48:09] [390/459] TGMP
[09:48:10] [391/459] SIVC
[09:48:10] [392/459] KICT
[09:48:11] [393/459] DAMD
[09:48:12] [394/459] CNPT
[09:48:13] [395/459] RVTT
[09:48:14] [396/459] SNCM
[09:48:15] [397/459] GHTE
[09:48:16] [398/459] PPAM
[09:48:17] [399/459] PVAA
[09:48:18] [400/459] CPAO
[09:48:18] [401/459] HAMD
[09:48:19] [402/459] RCCA
[09:48:20] [403/459] MPCH
[09:48:21] [404/459] ARED
[09:48:22] [405/459] RRCV
[09:48:23] [406/459] MTRB
[09:48:24] [407/459] CKUA
[09:48:25] [408/459] ABMP
[09:48:26] [409/459] RCWA
[09:48:26] [410/459] CGAR
[09:48:27] [411/459] METH
[09:48:28] [412/459] WAGA
[09:48:29] [413/459] MCMA
[09:48:30] [414/459] CSMP
[09:48:31] [415/459] RCNK
[09:48:32] [416/459] PSTM
[09:48:33] [417/459] CSEP
[09:48:34] [418/459] AMGD
[09:48:34] [419/459] CSTE
[09:48:35] [420/459] CONS
[09:48:36] [421/459] APPX
[09:48:37] [422/459] MABC
[09:48:38] [423/459] CXST
[09:48:39] [424/459] MATN
[09:48:40] [425/459] MACZ
[09:48:41] [426/459] MASA
[09:48:42] [427/459] MBSX
[09:48:43] [428/459] CSST
[09:48:44] [429/459] APCL
[09:48:45] [430/459] CGOS
[09:48:45] [431/459] CPEC
[09:48:46] [432/459] MCCP
[09:48:47] [433/459] BSSO
[09:48:48] [434/459] SJKA
[09:48:49] [435/459] CGBO
[09:48:50] [436/459] MVSK
[09:48:51] [437/459] HVCA
[09:48:51] [438/459] NAMD
[09:48:52] [439/459] DEVI
[09:48:53] [440/459] SCSV
[09:48:54] [441/459] PSMA
[09:48:55] [442/459] CLDJ
[09:48:55] [443/459] NMAD
[09:48:57] [444/459] CGMO
[09:48:57] [445/459] MCNA
[09:48:58] [446/459] OCBN
[09:48:59] [447/459] CPEM
[09:49:00] [448/459] CPSM
[09:49:01] [449/459] RCAD
[09:49:02] [450/459] CPMU
[09:49:03] [451/459] DICD
[09:49:04] [452/459] CHOE
[09:49:05] [453/459] PDJM
[09:49:05] [454/459] SSTU
[09:49:06] [455/459] VNRN
[09:49:07] [456/459] PVLG
[09:49:08] [457/459] SWBL
[09:49:09] [458/459] SCAB
[09:49:10] [459/459] RDDA
[09:49:11] 🧹 Deduping shows
[09:49:11] ✅ DONE | Shows=9 | Movies=3
[16:54:12] 🚀 SCRIPT STARTED
[16:54:12] [1/459] MCCZ
[16:54:12] 🧠 New identity created
[16:54:13] [2/459] FRPU
[16:54:15] [3/459] SKSI
[16:54:15] [4/459] SSCK
[16:54:16] [5/459] SRDC
[16:54:17] [6/459] RSCZ
[16:54:18] [7/459] PRVT
[16:54:20] [8/459] GAGJ
[16:54:21] [9/459] SMHG
[16:54:21] [10/459] JTST
[16:54:22] [11/459] MYTH
[16:54:23] [12/459] JPCC
[16:54:24] [13/459] ACDC
[16:54:25] [14/459] SVFP
[16:54:27] [15/459] SFCM
[16:54:28] [16/459] RUPK
[16:54:28] [17/459] NTCR
[16:54:29] [18/459] RTCH
[16:54:30] [19/459] SCMH
[16:54:31] [20/459] SVYM
[16:54:32] [21/459] SPYM
[16:54:32] [22/459] SMMF
[16:54:33] [23/459] CLLB
[16:54:34] [24/459] FMCB
[16:54:36] [25/459] BBTC
[16:54:37] [26/459] NTHS
[16:54:37] [27/459] PKKJ
[16:54:38] [28/459] MTJA
[16:54:39] [29/459] PMSJ
[16:54:40] [30/459] JMJU
[16:54:41] [31/459] SRAD
[16:54:42] [32/459] MJMC
[16:54:43] [33/459] DFRM
[16:54:44] [34/459] PMRS
[16:54:45] [35/459] RKPP
[16:54:46] [36/459] BMBK
[16:54:46] [37/459] NEWS
[16:54:47] [38/459] SALB
[16:54:48] [39/459] SCPW
[16:54:49] [40/459] RAYL
[16:54:50] [41/459] CMGJ
[16:54:52] [42/459] JRCR
[16:54:53] [43/459] SRTB
[16:54:54] [44/459] ETPB
[16:54:55] [45/459] MXBN
[16:54:55] [46/459] TOPE
[16:54:56] [47/459] SNLJ
[16:54:57] [48/459] CDDP
[16:54:58] [49/459] APCX
[16:54:59] [50/459] TALP
[16:55:03] [51/459] RRMP
[16:55:05] [52/459] MAHB
[16:55:05] [53/459] MTKR
[16:55:06] [54/459] KSKL
[16:55:07] [55/459] RJLT
[16:55:08] [56/459] ATAS
[16:55:08] [57/459] AMHR
[16:55:10] [58/459] RSRM
[16:55:11] [59/459] GCAT
[16:55:12] [60/459] SMML
[16:55:12] [61/459] ACCD
[16:55:14] [62/459] VYDA
[16:55:15] [63/459] MSKT
[16:55:16] [64/459] AVDM
[16:55:16] [65/459] ASMH
[16:55:17] [66/459] VTMB
[16:55:18] [67/459] WVMB
[16:55:19] [68/459] PPMN
[16:55:20] [69/459] MTMD
[16:55:20] [70/459] SMMO
[16:55:21] [71/459] DLPB
[16:55:22] [72/459] AKMD
[16:55:23] [73/459] SHRR
[16:55:23] [74/459] ASCO
[16:55:24] [75/459] CZVX
[16:55:26] [76/459] GCBB
[16:55:27] [77/459] ATBM
[16:55:28] [78/459] TCGM
[16:55:28] [79/459] UMSE
[16:55:29] [80/459] NKCL
[16:55:30] [81/459] BTLR
[16:55:31] [82/459] GOCL
[16:55:32] [83/459] MIRN
[16:55:33] [84/459] THEC
[16:55:33] [85/459] SPPB
[16:55:35] [86/459] PMMM
[16:55:36] [87/459] GGMC
[16:55:37] [88/459] AVSR
[16:55:38] [89/459] RDMH
[16:55:38] [90/459] JSRS
[16:55:39] [91/459] VKGP
[16:55:40] [92/459] ACRT
[16:55:41] [93/459] GCBA
[16:55:43] [94/459] GTCP
[16:55:43] [95/459] AKFC
[16:55:44] [96/459] INCS
[16:55:45] [97/459] SMCK
[16:55:46] [98/459] BRUN
[16:55:47] [99/459] RPPC
[16:55:47] [100/459] PAYD
[16:55:48] [101/459] SVVT
[16:55:50] [102/459] RNCC
[16:55:51] [103/459] PCRC
[16:55:51] [104/459] PMRM
[16:55:53] [105/459] CCRP
[16:55:54] [106/459] INCR
[16:55:55] [107/459] ZTMP
[16:55:56] [108/459] MCNR
[16:55:57] [109/459] INRP
[16:55:58] [110/459] STRC
[16:55:58] [111/459] RATI
[16:55:59] [112/459] PBTR
[16:56:00] [113/459] CMHP
[16:56:01] [114/459] ZECJ
[16:56:02] [115/459] CCCB
[16:56:02] [116/459] BWCB
[16:56:03] [117/459] CCAT
[16:56:04] [118/459] KGCM
[16:56:05] [119/459] INPT
[16:56:06] [120/459] FNCO
[16:56:07] [121/459] SRMJ
[16:56:07] [122/459] PFSC
[16:56:08] [123/459] PBMC
[16:56:09] [124/459] KARP
[16:56:10] [125/459] KOVI
[16:56:11] [126/459] ACXL
[16:56:12] [127/459] GKCC
[16:56:12] [128/459] ASCC
[16:56:13] [129/459] SETC
[16:56:14] [130/459] KACC
[16:56:15] [131/459] KAVE
[16:56:16] [132/459] CNTC
[16:56:17] [133/459] MEEN
[16:56:17] [134/459] BMRV
[16:56:19] [135/459] SVAM
[16:56:20] [136/459] VTBP
[16:56:21] [137/459] VCKN
[16:56:21] [138/459] SGTK
[16:56:22] [139/459] RCGS
[16:56:23] [140/459] RCCB
[16:56:24] [141/459] RKSR
[16:56:24] [142/459] RKCU
[16:56:25] [143/459] GIBH
[16:56:26] [144/459] CXBS
[16:56:27] [145/459] GGCB
[16:56:28] [146/459] SCPB
[16:56:29] [147/459] AKTB
[16:56:31] [148/459] SRBU
[16:56:31] [149/459] CSSA
[16:56:32] [150/459] MYAN
[16:56:33] [151/459] EXCA
[16:56:34] [152/459] CKSA
[16:56:35] [153/459] JTNM
[16:56:36] [154/459] CXKT
[16:56:36] [155/459] NCLM
[16:56:37] [156/459] JAAD
[16:56:38] [157/459] RDCR
[16:56:39] [158/459] MEER
[16:56:40] [159/459] SIBT
[16:56:40] [160/459] PVVB
[16:56:41] [161/459] FNPN
[16:56:42] [162/459] CRPX
[16:56:43] [163/459] STET
[16:56:44] [164/459] METE
[16:56:45] [165/459] BJML
[16:56:46] [166/459] MAVT
[16:56:47] [167/459] MSRM
[16:56:48] [168/459] TJMP
[16:56:49] [169/459] MHCK
[16:56:50] [170/459] SVGP
[16:56:50] [171/459] KRRC
[16:56:51] [172/459] IMCH
[16:56:52] [173/459] CMCS
[16:56:53] [174/459] SGND
[16:56:54] [175/459] RNAT
[16:56:55] [176/459] PRTN
[16:56:56] [177/459] MPTN
[16:56:57] [178/459] ARCC
[16:56:57] [179/459] NTTE
[16:56:58] [180/459] ABND
[16:56:59] [181/459] KCSN
[16:57:00] [182/459] KCSA
[16:57:01] [183/459] DCKT
[16:57:02] [184/459] MBBR
[16:57:03] [185/459] RAMU
[16:57:04] [186/459] RACW
[16:57:05] [187/459] MCHP
[16:57:06] [188/459] TMHM
[16:57:07] [189/459] STXH
[16:57:08] [190/459] AGSG
[16:57:09] [191/459] SIRA
[16:57:10] [192/459] RCAN
[16:57:11] [193/459] CWTB
[16:57:12] [194/459] VTYM
[16:57:13] [195/459] RRPP
[16:57:13] [196/459] ASMR
[16:57:14] [197/459] RONO
[16:57:15] [198/459] MEMR
[16:57:16] [199/459] CTMR
[16:57:17] [200/459] PMTT
[16:57:17] [201/459] PSLX
[16:57:18] [202/459] IPPL
[16:57:19] [203/459] MMSG
[16:57:20] [204/459] INEL
[16:57:21] [205/459] COAC
[16:57:21] [206/459] WVLK
[16:57:22] [207/459] PPXL
[16:57:23] [208/459] PSML
[16:57:24] [209/459] FNLK
[16:57:25] [210/459] ILUM
[16:57:26] [211/459] ILCM
[16:57:27] [212/459] MSNL
[16:57:28] [213/459] VINB
[16:57:28] [214/459] SALW
[16:57:30] [215/459] PRTB
[16:57:31] [216/459] NCIL
[16:57:33] [217/459] PSUL
[16:57:34] [218/459] SCLK
[16:57:35] [219/459] ADDC
[16:57:36] [220/459] OACL
[16:57:37] [221/459] OOCF
[16:57:38] [222/459] GPMF
[16:57:39] [223/459] SSDG
[16:57:40] [224/459] SKRS
[16:57:40] [225/459] NTTP
[16:57:41] [226/459] SLTP
[16:57:42] [227/459] JTLC
[16:57:43] [228/459] POON
[16:57:45] [229/459] CCPC
[16:57:46] [230/459] DCKC
[16:57:46] [231/459] CPRT
[16:57:47] [232/459] EYHZ
[16:57:48] [233/459] ARBL
[16:57:49] [234/459] SBTB
[16:57:50] [235/459] MMCK
[16:57:51] [236/459] PLMR
[16:57:52] [237/459] BIJH
[16:57:52] [238/459] SDRT
[16:57:53] [239/459] PRDC
[16:57:54] [240/459] OMJA
[16:57:56] [241/459] VKCR
[16:57:57] [242/459] ATRT
[16:57:58] [243/459] WVRP
[16:57:59] [244/459] MVRP
[16:58:00] [245/459] FCAX
[16:58:01] [246/459] CTLC
[16:58:02] [247/459] JCHB
[16:58:03] [248/459] SELP
[16:58:04] [249/459] VCPG
[16:58:05] [250/459] ASCX
[16:58:05] [251/459] EOCS
[16:58:06] [252/459] RCPH
[16:58:07] [253/459] RJTM
[16:58:08] [254/459] SGMD
[16:58:09] [255/459] SVJT
[16:58:10] [256/459] SPPO
[16:58:10] [257/459] MNRL
[16:58:11] [258/459] KNOX
[16:58:12] [259/459] GIER
[16:58:13] [260/459] PJMS
[16:58:14] [261/459] UNSP
[16:58:15] [262/459] JETP
[16:58:16] [263/459] VTWA
[16:58:17] [264/459] SCJI
[16:58:17] [265/459] CBZZ
[16:58:18] [266/459] SDCJ
[16:58:19] [267/459] RRCC
[16:58:20] [268/459] VNKG
[16:58:21] [269/459] LKTO
[16:58:22] [270/459] PJRM
[16:58:22] [271/459] NVRM
[16:58:23] [272/459] SJCS
[16:58:24] [273/459] VIGK
[16:58:25] [274/459] ANST
[16:58:27] [275/459] JTTS
[16:58:28] [276/459] NTST
[16:58:29] [277/459] PREB
[16:58:30] [278/459] TSCZ
[16:58:31] [279/459] CDCM
[16:58:32] [280/459] ELYE
[16:58:32] [281/459] INBS
[16:58:34] [282/459] SMGC
[16:58:35] [283/459] UTMP
[16:58:37] [284/459] INTA
[16:58:37] [285/459] OMPT
[16:58:38] [286/459] SCIR
[16:58:39] [287/459] GCKJ
[16:58:40] [288/459] INOG
[16:58:41] [289/459] SMGB
[16:58:42] [290/459] MCSG
[16:58:42] [291/459] STKG
[16:58:43] [292/459] TTKG
[16:58:44] [293/459] SRTR
[16:58:45] [294/459] ETTR
[16:58:46] [295/459] GGGZ
[16:58:46] [296/459] IPGM
[16:58:47] [297/459] FCDH
[16:58:48] [298/459] DESB
[16:58:49] [299/459] VNTP
[16:58:50] [300/459] ANNT
[16:58:50] [301/459] SLTI
[16:58:51] [302/459] MAJU
[16:58:52] [303/459] JCXP
[16:58:53] [304/459] HARK
[16:58:54] [305/459] JPCJ
[16:58:54] [306/459] RXBD
[16:58:55] [307/459] PTKJ
[16:58:56] [308/459] CMTU
[16:58:57] [309/459] SWOR
[16:58:57] [310/459] JMEX
[16:58:58] [311/459] DTPT
[16:58:59] [312/459] VGMM
[16:59:00] [313/459] VCSG
[16:59:01] [314/459] CVCG
[16:59:02] [315/459] TNTT
[16:59:03] [316/459] SHRM
[16:59:04] [317/459] CGKD
[16:59:04] [318/459] EKCM
[16:59:05] [319/459] SDCX
[16:59:06] [320/459] SBTE
[16:59:07] [321/459] STKJ
[16:59:08] [322/459] TPCE
[16:59:09] [323/459] JTNP
[16:59:10] [324/459] LPCH
[16:59:10] [325/459] CPUO
[16:59:11] [326/459] APSU
[16:59:12] [327/459] RTHC
[16:59:12] [328/459] PTBU
[16:59:14] [329/459] CUCC
[16:59:15] [330/459] CPSA
[16:59:16] [331/459] SUAY
[16:59:17] [332/459] AYAA
[16:59:17] [333/459] MUCH
[16:59:18] [334/459] PCIN
[16:59:19] [335/459] JRRM
[16:59:20] [336/459] KATS
[16:59:21] [337/459] MHFF
[16:59:22] [338/459] ESYM
[16:59:22] [339/459] STYV
[16:59:23] [340/459] SDKG
[16:59:25] [341/459] SMTI
[16:59:26] [342/459] NYCS
[16:59:27] [343/459] MTBG
[16:59:28] [344/459] RHCA
[16:59:28] [345/459] PCKH
[16:59:29] [346/459] ARCR
[16:59:30] [347/459] NCMB
[16:59:31] [348/459] SHYC
[16:59:32] [349/459] LACK
[16:59:33] [350/459] MTCM
[16:59:33] [351/459] RRBN
[16:59:34] [352/459] MYDC
[16:59:35] [353/459] STCS
[16:59:36] [354/459] CONN
[16:59:37] [355/459] SIPS
[16:59:38] [356/459] SMMX
[16:59:39] [357/459] SCBY
[16:59:39] [358/459] SUAP
[16:59:40] [359/459] RSMK
[16:59:41] [360/459] STKP
[16:59:42] [361/459] CIPC
[16:59:43] [362/459] KKCI
[16:59:43] [363/459] CTNK
[16:59:44] [364/459] MMTZ
[16:59:45] [365/459] DCCO
[16:59:46] [366/459] VNMN
[16:59:47] [367/459] RLCN
[16:59:48] [368/459] CMMS
[16:59:49] [369/459] AYOU
[16:59:50] [370/459] SSCN
[16:59:51] [371/459] SMXN
[16:59:52] [372/459] ASSK
[16:59:53] [373/459] VCKM
[16:59:55] [374/459] PCPH
[16:59:56] [375/459] PADM
[16:59:57] [376/459] IESA
[16:59:57] [377/459] VCSP
[16:59:58] [378/459] AEST
[16:59:59] [379/459] VTNR
[17:00:00] [380/459] GTTA
[17:00:01] [381/459] CMMM
[17:00:02] [382/459] AHKT
[17:00:03] [383/459] SIJI
[17:00:04] [384/459] VCEI
[17:00:05] [385/459] SAKR
[17:00:06] [386/459] VSMT
[17:00:07] [387/459] SSCT
[17:00:08] [388/459] USTR
[17:00:09] [389/459] MTKT
[17:00:10] [390/459] TGMP
[17:00:10] [391/459] SIVC
[17:00:11] [392/459] KICT
[17:00:12] [393/459] DAMD
[17:00:13] [394/459] CNPT
[17:00:14] [395/459] RVTT
[17:00:15] [396/459] SNCM
[17:00:15] [397/459] GHTE
[17:00:16] [398/459] PPAM
[17:00:17] [399/459] PVAA
[17:00:18] [400/459] CPAO
[17:00:19] [401/459] HAMD
[17:00:20] [402/459] RCCA
[17:00:21] [403/459] MPCH
[17:00:22] [404/459] ARED
[17:00:23] [405/459] RRCV
[17:00:25] [406/459] MTRB
[17:00:26] [407/459] CKUA
[17:00:26] [408/459] ABMP
[17:00:27] [409/459] RCWA
[17:00:28] [410/459] CGAR
[17:00:30] [411/459] METH
[17:00:31] [412/459] WAGA
[17:00:31] [413/459] MCMA
[17:00:32] [414/459] CSMP
[17:00:33] [415/459] RCNK
[17:00:34] [416/459] PSTM
[17:00:35] [417/459] CSEP
[17:00:36] [418/459] AMGD
[17:00:37] [419/459] CSTE
[17:00:38] [420/459] CONS
[17:00:39] [421/459] APPX
[17:00:40] [422/459] MABC
[17:00:41] [423/459] CXST
[17:00:41] [424/459] MATN
[17:00:42] [425/459] MACZ
[17:00:43] [426/459] MASA
[17:00:44] [427/459] MBSX
[17:00:45] [428/459] CSST
[17:00:46] [429/459] APCL
[17:00:47] [430/459] CGOS
[17:00:48] [431/459] CPEC
[17:00:49] [432/459] MCCP
[17:00:50] [433/459] BSSO
[17:00:51] [434/459] SJKA
[17:00:51] [435/459] CGBO
[17:00:52] [436/459] MVSK
[17:00:53] [437/459] HVCA
[17:00:54] [438/459] NAMD
[17:00:54] [439/459] DEVI
[17:00:55] [440/459] SCSV
[17:00:56] [441/459] PSMA
[17:00:57] [442/459] CLDJ
[17:00:58] [443/459] NMAD
[17:00:59] [444/459] CGMO
[17:01:00] [445/459] MCNA
[17:01:00] [446/459] OCBN
[17:01:01] [447/459] CPEM
[17:01:02] [448/459] CPSM
[17:01:03] [449/459] RCAD
[17:01:03] [450/459] CPMU
[17:01:04] [451/459] DICD
[17:01:05] [452/459] CHOE
[17:01:06] [453/459] PDJM
[17:01:07] [454/459] SSTU
[17:01:07] [455/459] VNRN
[17:01:08] [456/459] PVLG
[17:01:10] [457/459] SWBL
[17:01:11] [458/459] SCAB
[17:01:11] [459/459] RDDA
[17:01:12] 🧹 Deduping shows
[17:01:12] ✅ DONE | Shows=9 | Movies=3
