[16:00:43] 🚀 SCRIPT STARTED
[16:00:43] [1/296] CDCA
[16:00:44] 🧠 New identity created
[16:00:45] [2/296] MNSR
[16:00:46] [3/296] CSSL
[16:00:47] [4/296] BGGM
[16:00:48] [5/296] MANT
[16:00:48] [6/296] SOOY
[16:00:49] [7/296] VPPK
[16:00:50] [8/296] MYHJ
[16:00:51] [9/296] KSCK
[16:00:52] [10/296] KATK
[16:00:52] [11/296] RTRT
[16:00:53] [12/296] SSTT
[16:00:54] [13/296] SSTV
[16:00:55] [14/296] LACM
[16:00:56] [15/296] SGMG
[16:00:56] [16/296] KACX
[16:00:57] [17/296] GVCP
[16:00:58] [18/296] CSNC
[16:00:59] [19/296] SXCB
[16:01:00] [20/296] BAHS
[16:01:01] [21/296] PCBI
[16:01:02] [22/296] PSSM
[16:01:02] [23/296] RCOK
[16:01:03] [24/296] SCPF
[16:01:04] [25/296] SSAS
[16:01:05] [26/296] EVMM
[16:01:06] [27/296] SYCB
[16:01:07] [28/296] GCKI
[16:01:08] [29/296] IAET
[16:01:09] [30/296] DDTD
[16:01:09] [31/296] GMDH
[16:01:10] [32/296] STLE
[16:01:11] [33/296] JTRA
[16:01:12] [34/296] RPPA
[16:01:13] [35/296] ARUT
[16:01:15] [36/296] JTVM
[16:01:16] [37/296] SWRH
[16:01:17] [38/296] DCPC
[16:01:18] [39/296] RAPR
[16:01:19] [40/296] GCRT
[16:01:20] [41/296] ATUN
[16:01:21] [42/296] LTRM
[16:01:21] [43/296] TASR
[16:01:22] [44/296] RLLC
[16:01:23] [45/296] MABI
[16:01:24] [46/296] SVHB
[16:01:25] [47/296] NVTB
[16:01:25] [48/296] KCKG
[16:01:26] [49/296] SSRN
[16:01:28] [50/296] VDDC
[16:01:29] [51/296] GKTK
[16:01:31] [52/296] YFSN
[16:01:32] [53/296] GCSG
[16:01:34] [54/296] ESSM
[16:01:34] [55/296] KRIH
[16:01:35] [56/296] GCDS
[16:01:36] [57/296] CCSH
[16:01:37] [58/296] ACSK
[16:01:38] [59/296] APRK
[16:01:39] [60/296] ADKM
[16:01:39] [61/296] SRDM
[16:01:40] [62/296] RMOG
[16:01:41] [63/296] SJMY
[16:01:42] [64/296] PGGC
[16:01:43] [65/296] INGM
[16:01:44] [66/296] LSCB
[16:01:45] [67/296] STAD
[16:01:46] [68/296] MCCR
[16:01:47] [69/296] ABCC
[16:01:48] [70/296] RKCC
[16:01:48] [71/296] RTCR
[16:01:49] [72/296] GGBC
[16:01:50] [73/296] GCSD
[16:01:51] [74/296] LPTY
[16:01:52] [75/296] MCFD
[16:01:54] [76/296] HENN
[16:01:54] [77/296] SMKU
[16:01:55] [78/296] TNZC
[16:01:56] [79/296] DRCD
[16:01:56] [80/296] DLCD
[16:01:57] [81/296] RCDA
[16:01:58] [82/296] COSM
[16:02:00] [83/296] MCMJ
[16:02:00] [84/296] CSTR
[16:02:02] [85/296] CVDK
[16:02:03] [86/296] INRR
[16:02:04] [87/296] RJRT
[16:02:05] [88/296] IRMR
[16:02:06] [89/296] SRCF
[16:02:07] [90/296] GRCR
[16:02:08] [91/296] SURC
[16:02:09] [92/296] NMNH
[16:02:10] [93/296] SVBL
[16:02:11] [94/296] KACI
[16:02:12] [95/296] TDGO
[16:02:13] [96/296] KTBR
[16:02:14] [97/296] PMAD
[16:02:15] [98/296] CCPN
[16:02:17] [99/296] SBTK
[16:02:17] [100/296] LMDK
[16:02:19] [101/296] PGDA
[16:02:20] [102/296] SRML
[16:02:21] [103/296] EVCK
[16:02:21] [104/296] RTTK
[16:02:22] [105/296] SRTU
[16:02:23] [106/296] VRSA
[16:02:25] [107/296] VARS
[16:02:25] [108/296] DSCZ
[16:02:26] [109/296] GAGA
[16:02:27] [110/296] SARV
[16:02:28] [111/296] SEEG
[16:02:29] [112/296] GLCA
[16:02:30] [113/296] APAS
[16:02:31] [114/296] VCIA
[16:02:32] [115/296] SJTA
[16:02:33] [116/296] SABM
[16:02:33] [117/296] PPAG
[16:02:34] [118/296] RVCA
[16:02:36] [119/296] CCIA
[16:02:37] [120/296] HTAG
[16:02:38] [121/296] SMBI
[16:02:39] [122/296] MCJR
[16:02:40] [123/296] CCJR
[16:02:41] [124/296] SINF
[16:02:41] [125/296] CPLX
[16:02:43] [126/296] KKTJ
[16:02:44] [127/296] GDBW
[16:02:45] [128/296] CSUB
[16:02:45] [129/296] DABA
[16:02:46] [130/296] TITR
[16:02:47] [131/296] NYCR
[16:02:48] [132/296] RTRY
[16:02:49] [133/296] JTJL
[16:02:50] [134/296] SJCP
[16:02:50] [135/296] KCCA
[16:02:51] [136/296] MLPG
[16:02:52] [137/296] VRCK
[16:02:54] [138/296] SRIN
[16:02:55] [139/296] CXMK
[16:02:55] [140/296] SKAD
[16:02:56] [141/296] AVTR
[16:02:58] [142/296] PTAJ
[16:02:59] [143/296] SCNK
[16:03:01] [144/296] STTI
[16:03:01] [145/296] KACR
[16:03:02] [146/296] SSDX
[16:03:03] [147/296] VRTJ
[16:03:04] [148/296] RAJD
[16:03:05] [149/296] SCIP
[16:03:06] [150/296] RJSL
[16:03:06] [151/296] ARRS
[16:03:07] [152/296] ASMS
[16:03:08] [153/296] RDTS
[16:03:08] [154/296] DVMY
[16:03:09] [155/296] RASA
[16:03:10] [156/296] INOM
[16:03:11] [157/296] SPRS
[16:03:12] [158/296] SGCS
[16:03:13] [159/296] SALM
[16:03:13] [160/296] PKHC
[16:03:14] [161/296] RCSV
[16:03:16] [162/296] CPKC
[16:03:18] [163/296] AACD
[16:03:18] [164/296] GGCV
[16:03:19] [165/296] SMKD
[16:03:20] [166/296] NBCH
[16:03:22] [167/296] AMCB
[16:03:23] [168/296] OPCN
[16:03:24] [169/296] DCIN
[16:03:25] [170/296] INGW
[16:03:25] [171/296] PKKW
[16:03:26] [172/296] FNGW
[16:03:27] [173/296] GCGD
[16:03:28] [174/296] MSTW
[16:03:29] [175/296] KCCG
[16:03:29] [176/296] MRSS
[16:03:30] [177/296] CLCF
[16:03:31] [178/296] EETS
[16:03:32] [179/296] AATR
[16:03:33] [180/296] CMMN
[16:03:35] [181/296] SCCJ
[16:03:35] [182/296] CDTK
[16:03:37] [183/296] AICP
[16:03:38] [184/296] FNBP
[16:03:39] [185/296] CBPB
[16:03:39] [186/296] CPAS
[16:03:40] [187/296] MAPM
[16:03:41] [188/296] PASD
[16:03:42] [189/296] JCMN
[16:03:44] [190/296] MALB
[16:03:44] [191/296] SACG
[16:03:45] [192/296] DDRX
[16:03:47] [193/296] DDXB
[16:03:48] [194/296] RAMC
[16:03:49] [195/296] SANC
[16:03:50] [196/296] BCBP
[16:03:51] [197/296] ALPC
[16:03:53] [198/296] RBAC
[16:03:55] [199/296] RAJL
[16:03:56] [200/296] MPDX
[16:03:57] [201/296] MUSC
[16:03:58] [202/296] VKMK
[16:03:59] [203/296] SKCG
[16:03:59] [204/296] ANCN
[16:04:00] [205/296] MMCJ
[16:04:01] [206/296] DCAK
[16:04:02] [207/296] SCKG
[16:04:03] [208/296] LMCK
[16:04:03] [209/296] CKKX
[16:04:04] [210/296] ANKU
[16:04:05] [211/296] CSMD
[16:04:06] [212/296] MKMP
[16:04:07] [213/296] SVBG
[16:04:08] [214/296] ROOP
[16:04:09] [215/296] GDMT
[16:04:10] [216/296] FPPF
[16:04:12] [217/296] SFUU
[16:04:12] [218/296] ANCB
[16:04:13] [219/296] SMMC
[16:04:14] [220/296] UGKT
[16:04:15] [221/296] JVRM
[16:04:16] [222/296] BATG
[16:04:16] [223/296] RATE
[16:04:17] [224/296] SKME
[16:04:18] [225/296] LMTP
[16:04:19] [226/296] TCBD
[16:04:20] [227/296] ESBD
[16:04:21] [228/296] GDCU
[16:04:22] [229/296] SNKT
[16:04:23] [230/296] SRNK
[16:04:24] [231/296] SMED
[16:04:26] [232/296] CSQS
[16:04:26] [233/296] ALCS
[16:04:28] [234/296] KCKN
[16:04:29] [235/296] VCCL
[16:04:29] [236/296] MCDA
[16:04:30] [237/296] SHMI
[16:04:32] [238/296] SKHA
[16:04:34] [239/296] SVFK
[16:04:34] [240/296] INVB
[16:04:35] [241/296] MELD
[16:04:36] [242/296] JTYS
[16:04:36] [243/296] INCM
[16:04:37] [244/296] MCDV
[16:04:38] [245/296] KSGK
[16:04:39] [246/296] ICMG
[16:04:40] [247/296] CSCV
[16:04:41] [248/296] STMD
[16:04:42] [249/296] STTR
[16:04:43] [250/296] INVC
[16:04:44] [251/296] JTBL
[16:04:44] [252/296] SRVV
[16:04:45] [253/296] MAVC
[16:04:46] [254/296] SRPP
[16:04:48] [255/296] JGDM
[16:04:49] [256/296] MBSJ
[16:04:49] [257/296] SSLL
[16:04:50] [258/296] SLKP
[16:04:51] [259/296] NSRV
[16:04:53] [260/296] UTDV
[16:04:54] [261/296] KICM
[16:04:55] [262/296] KCMD
[16:04:55] [263/296] TTPP
[16:04:56] [264/296] KMPV
[16:04:57] [265/296] SKTV
[16:04:58] [266/296] STCV
[16:04:59] [267/296] SRDA
[16:05:00] [268/296] JTSX
[16:05:01] [269/296] STBV
[16:05:02] [270/296] APVZ
[16:05:03] [271/296] GSTV
[16:05:04] [272/296] NMVS
[16:05:05] [273/296] SKRT
[16:05:07] [274/296] RMDV
[16:05:08] [275/296] RATG
[16:05:08] [276/296] SJYV
[16:05:09] [277/296] NDGP
[16:05:11] [278/296] SNDG
[16:05:12] [279/296] INSR
[16:05:12] [280/296] INSO
[16:05:13] [281/296] CCSI
[16:05:14] [282/296] RASM
[16:05:15] [283/296] NEWC
[16:05:16] [284/296] VSHL
[16:05:17] [285/296] BISW
[16:05:18] [286/296] GCNG
[16:05:19] [287/296] CWSC
[16:05:20] [288/296] SKAN
[16:05:21] [289/296] SEHP
[16:05:21] [290/296] CCOA
[16:05:22] [291/296] MCAJ
[16:05:23] [292/296] ACDE
[16:05:24] [293/296] AACM
[16:05:25] [294/296] JJCK
[16:05:26] [295/296] RCMO
[16:05:27] [296/296] GDAW
[16:05:28] 🧹 Deduping shows
[16:05:28] ✅ DONE | Shows=883 | Movies=53
