[09:42:26] 🚀 SCRIPT STARTED
[09:42:26] [1/324] GCTA
[09:42:26] 🧠 New identity created
[09:42:27] [2/324] TOPN
[09:42:28] [3/324] MCUS
[09:42:28] [4/324] SHRL
[09:42:29] [5/324] UPTP
[09:42:30] [6/324] TMMP
[09:42:31] [7/324] DNRP
[09:42:32] [8/324] SRLT
[09:42:33] [9/324] RCNS
[09:42:34] [10/324] DCBH
[09:42:35] [11/324] NAGJ
[09:42:35] [12/324] JVRC
[09:42:36] [13/324] KRJG
[09:42:37] [14/324] SRTJ
[09:42:38] [15/324] CMXM
[09:42:39] [16/324] STMI
[09:42:40] [17/324] SLST
[09:42:41] [18/324] DTCN
[09:42:42] [19/324] STYN
[09:42:42] [20/324] SZVR
[09:42:43] [21/324] SRKO
[09:42:44] [22/324] JTGT
[09:42:45] [23/324] SVFD
[09:42:46] [24/324] SISD
[09:42:47] [25/324] ABDD
[09:42:48] [26/324] DRCA
[09:42:49] [27/324] AVCS
[09:42:50] [28/324] MVKH
[09:42:51] [29/324] ACPR
[09:42:52] [30/324] STIP
[09:42:53] [31/324] MTRA
[09:42:54] [32/324] RMKH
[09:42:54] [33/324] NKRL
[09:42:56] [34/324] PCWN
[09:42:58] [35/324] BLMT
[09:42:58] [36/324] GDPG
[09:42:59] [37/324] SRMX
[09:43:00] [38/324] JACP
[09:43:01] [39/324] CPSH
[09:43:02] [40/324] MCCD
[09:43:03] [41/324] ECGH
[09:43:04] [42/324] MKCK
[09:43:05] [43/324] SRMM
[09:43:06] [44/324] SKYR
[09:43:07] [45/324] PCKC
[09:43:07] [46/324] JCMA
[09:43:08] [47/324] BSMP
[09:43:09] [48/324] VSPA
[09:43:10] [49/324] DJYA
[09:43:10] [50/324] DIMP
[09:43:12] [51/324] FXDR
[09:43:13] [52/324] SSRC
[09:43:14] [53/324] STHP
[09:43:15] [54/324] CPPD
[09:43:16] [55/324] FCLK
[09:43:16] [56/324] SCPP
[09:43:17] [57/324] DCMJ
[09:43:18] [58/324] RCCR
[09:43:19] [59/324] INMT
[09:43:20] [60/324] LXTK
[09:43:21] [61/324] SRYK
[09:43:21] [62/324] SGDK
[09:43:22] [63/324] PPKA
[09:43:23] [64/324] SPKA
[09:43:24] [65/324] CGHH
[09:43:24] [66/324] DCJN
[09:43:25] [67/324] SRKV
[09:43:26] [68/324] SAJC
[09:43:27] [69/324] SUSR
[09:43:28] [70/324] STYG
[09:43:29] [71/324] NTKP
[09:43:29] [72/324] AKTG
[09:43:30] [73/324] CGCM
[09:43:31] [74/324] TULC
[09:43:32] [75/324] NYYZ
[09:43:33] [76/324] NYBW
[09:43:34] [77/324] MACB
[09:43:35] [78/324] SLVT
[09:43:36] [79/324] SANA
[09:43:37] [80/324] ACMR
[09:43:37] [81/324] CPKN
[09:43:38] [82/324] DLGK
[09:43:39] [83/324] CWCK
[09:43:40] [84/324] FDDH
[09:43:41] [85/324] MMMD
[09:43:42] [86/324] CMEH
[09:43:43] [87/324] GGGV
[09:43:44] [88/324] SPJL
[09:43:45] [89/324] RCCD
[09:43:46] [90/324] STTZ
[09:43:46] [91/324] BTCF
[09:43:48] [92/324] TSTZ
[09:43:49] [93/324] IPMM
[09:43:50] [94/324] PMPW
[09:43:50] [95/324] PCMZ
[09:43:51] [96/324] ESEM
[09:43:52] [97/324] PIPO
[09:43:53] [98/324] MATK
[09:43:54] [99/324] PGHM
[09:43:55] [100/324] CTSR
[09:43:56] [101/324] CYKR
[09:43:56] [102/324] MSCM
[09:43:57] [103/324] RFNP
[09:43:58] [104/324] PDCP
[09:43:59] [105/324] NPSE
[09:43:59] [106/324] MKML
[09:44:00] [107/324] FTDP
[09:44:01] [108/324] MMXA
[09:44:02] [109/324] CEPO
[09:44:02] [110/324] CMVP
[09:44:04] [111/324] SGTH
[09:44:05] [112/324] SAYN
[09:44:06] [113/324] URVS
[09:44:07] [114/324] VJTN
[09:44:07] [115/324] BBYK
[09:44:08] [116/324] SHBO
[09:44:09] [117/324] VCMR
[09:44:10] [118/324] MACT
[09:44:11] [119/324] JMNP
[09:44:12] [120/324] VICS
[09:44:12] [121/324] VCDA
[09:44:13] [122/324] GCMM
[09:44:14] [123/324] INVS
[09:44:15] [124/324] SCGM
[09:44:16] [125/324] PCDA
[09:44:16] [126/324] KDCT
[09:44:17] [127/324] JACS
[09:44:18] [128/324] GMMC
[09:44:19] [129/324] AICM
[09:44:20] [130/324] TJCM
[09:44:20] [131/324] RMTI
[09:44:21] [132/324] SHAC
[09:44:22] [133/324] APJC
[09:44:24] [134/324] GCTG
[09:44:25] [135/324] SSMC
[09:44:25] [136/324] THRM
[09:44:26] [137/324] RBCT
[09:44:27] [138/324] DIKT
[09:44:28] [139/324] MIDL
[09:44:29] [140/324] VCSN
[09:44:30] [141/324] SKTG
[09:44:31] [142/324] SMWC
[09:44:32] [143/324] MNKH
[09:44:33] [144/324] PIAT
[09:44:33] [145/324] LTTP
[09:44:34] [146/324] PTPU
[09:44:35] [147/324] ACMG
[09:44:36] [148/324] SHMM
[09:44:37] [149/324] MCMN
[09:44:38] [150/324] GLDC
[09:44:38] [151/324] HOUT
[09:44:39] [152/324] SVRP
[09:44:40] [153/324] PVDN
[09:44:41] [154/324] SCPY
[09:44:42] [155/324] DTPY
[09:44:43] [156/324] GKCS
[09:44:43] [157/324] NCAM
[09:44:44] [158/324] BSRM
[09:44:45] [159/324] RCLC
[09:44:46] [160/324] SKKD
[09:44:46] [161/324] ACHU
[09:44:47] [162/324] RSCF
[09:44:48] [163/324] IMSH
[09:44:49] [164/324] MACX
[09:44:50] [165/324] HMMW
[09:44:50] [166/324] JTCP
[09:44:52] [167/324] SREN
[09:44:53] [168/324] PJRR
[09:44:54] [169/324] INAC
[09:44:55] [170/324] BMCA
[09:44:56] [171/324] SHCB
[09:44:56] [172/324] GABA
[09:44:57] [173/324] SBCT
[09:44:58] [174/324] GCMA
[09:44:59] [175/324] MYTK
[09:45:00] [176/324] INZS
[09:45:01] [177/324] RMIK
[09:45:02] [178/324] NYCH
[09:45:03] [179/324] RAVE
[09:45:04] [180/324] PSXM
[09:45:05] [181/324] MCGP
[09:45:06] [182/324] PDDK
[09:45:07] [183/324] SPCK
[09:45:08] [184/324] MCRL
[09:45:09] [185/324] MHKT
[09:45:09] [186/324] ANRR
[09:45:10] [187/324] SAPK
[09:45:11] [188/324] NCUK
[09:45:12] [189/324] JUGA
[09:45:13] [190/324] DBSC
[09:45:14] [191/324] LALK
[09:45:15] [192/324] GUCK
[09:45:15] [193/324] STSG
[09:45:16] [194/324] PPPZ
[09:45:17] [195/324] CNCY
[09:45:18] [196/324] MTAR
[09:45:19] [197/324] VNKD
[09:45:20] [198/324] KMAJ
[09:45:21] [199/324] ACXK
[09:45:22] [200/324] UTKC
[09:45:23] [201/324] PBLK
[09:45:24] [202/324] ACBX
[09:45:25] [203/324] PTGM
[09:45:26] [204/324] BTDA
[09:45:27] [205/324] PJMB
[09:45:28] [206/324] TPDA
[09:45:30] [207/324] AMOE
[09:45:31] [208/324] PRHT
[09:45:31] [209/324] PRTA
[09:45:32] [210/324] STAM
[09:45:33] [211/324] MSAA
[09:45:34] [212/324] SDLU
[09:45:35] [213/324] RCHH
[09:45:36] [214/324] KANT
[09:45:37] [215/324] FCRT
[09:45:38] [216/324] DNKM
[09:45:39] [217/324] RYCP
[09:45:39] [218/324] MYRP
[09:45:40] [219/324] PPAK
[09:45:41] [220/324] NVPK
[09:45:42] [221/324] PRMC
[09:45:43] [222/324] JBCS
[09:45:44] [223/324] GXCK
[09:45:45] [224/324] USKO
[09:45:46] [225/324] GTEM
[09:45:47] [226/324] SMBU
[09:45:47] [227/324] VETC
[09:45:48] [228/324] LCDA
[09:45:49] [229/324] MTVT
[09:45:50] [230/324] PYCP
[09:45:52] [231/324] PNSC
[09:45:53] [232/324] PPCC
[09:45:54] [233/324] TGRT
[09:45:55] [234/324] JYOT
[09:45:56] [235/324] SRCZ
[09:45:57] [236/324] SJTE
[09:45:59] [237/324] DESC
[09:45:59] [238/324] JHVN
[09:46:01] [239/324] IPSG
[09:46:02] [240/324] IPCM
[09:46:03] [241/324] PDRS
[09:46:04] [242/324] ANCV
[09:46:05] [243/324] CMVV
[09:46:05] [244/324] SHYP
[09:46:07] [245/324] DNCS
[09:46:08] [246/324] GAJK
[09:46:08] [247/324] AKTN
[09:46:09] [248/324] KAYA
[09:46:10] [249/324] SBRC
[09:46:10] [250/324] CHTP
[09:46:11] [251/324] SHRT
[09:46:12] [252/324] BCKU
[09:46:14] [253/324] FCPS
[09:46:14] [254/324] ARDD
[09:46:15] [255/324] CPCM
[09:46:16] [256/324] CGSM
[09:46:17] [257/324] PSMP
[09:46:18] [258/324] SDAL
[09:46:19] [259/324] RTNB
[09:46:20] [260/324] LMCR
[09:46:21] [261/324] CIMA
[09:46:21] [262/324] RNAS
[09:46:22] [263/324] LITH
[09:46:23] [264/324] PBOX
[09:46:24] [265/324] FRTS
[09:46:24] [266/324] RKIC
[09:46:25] [267/324] PTAI
[09:46:26] [268/324] GCIC
[09:46:27] [269/324] FNAS
[09:46:28] [270/324] SCAR
[09:46:28] [271/324] MTCA
[09:46:29] [272/324] SCTS
[09:46:30] [273/324] SYCS
[09:46:31] [274/324] RDMS
[09:46:32] [275/324] KAMP
[09:46:33] [276/324] ERSD
[09:46:34] [277/324] MJMJ
[09:46:35] [278/324] SRCJ
[09:46:35] [279/324] SCXE
[09:46:36] [280/324] SVFR
[09:46:38] [281/324] BHCS
[09:46:39] [282/324] IMCC
[09:46:39] [283/324] PCBO
[09:46:41] [284/324] PRVN
[09:46:42] [285/324] AUPM
[09:46:43] [286/324] INBW
[09:46:43] [287/324] SVCW
[09:46:44] [288/324] RKCF
[09:46:45] [289/324] UVBH
[09:46:47] [290/324] DNCY
[09:46:48] [291/324] ABCN
[09:46:49] [292/324] PRUR
[09:46:50] [293/324] PFMR
[09:46:51] [294/324] RKCN
[09:46:52] [295/324] CFEA
[09:46:52] [296/324] SDBG
[09:46:54] [297/324] SNAR
[09:46:55] [298/324] YISI
[09:46:56] [299/324] JCFF
[09:46:56] [300/324] VTRK
[09:46:57] [301/324] PCLZ
[09:46:58] [302/324] DIMY
[09:46:59] [303/324] BBTS
[09:46:59] [304/324] GATH
[09:47:00] [305/324] GTMN
[09:47:01] [306/324] VTMH
[09:47:02] [307/324] CCKP
[09:47:02] [308/324] GPKA
[09:47:03] [309/324] MHCL
[09:47:04] [310/324] ATCL
[09:47:05] [311/324] SBCK
[09:47:05] [312/324] AMMR
[09:47:06] [313/324] MADC
[09:47:07] [314/324] TMMA
[09:47:08] [315/324] CACC
[09:47:09] [316/324] CHAL
[09:47:10] [317/324] DURG
[09:47:11] [318/324] GMKU
[09:47:11] [319/324] GECA
[09:47:12] [320/324] KYRR
[09:47:13] [321/324] KSDE
[09:47:15] [322/324] LMCI
[09:47:15] [323/324] NKCP
[09:47:16] [324/324] BGTC
[09:47:17] 🧹 Deduping shows
[09:47:17] ✅ DONE | Shows=30 | Movies=5
[16:55:32] 🚀 SCRIPT STARTED
[16:55:32] [1/324] GCTA
[16:55:32] 🧠 New identity created
[16:55:33] [2/324] TOPN
[16:55:34] [3/324] MCUS
[16:55:35] [4/324] SHRL
[16:55:36] [5/324] UPTP
[16:55:36] [6/324] TMMP
[16:55:37] [7/324] DNRP
[16:55:38] [8/324] SRLT
[16:55:39] [9/324] RCNS
[16:55:40] [10/324] DCBH
[16:55:41] [11/324] NAGJ
[16:55:42] [12/324] JVRC
[16:55:43] [13/324] KRJG
[16:55:44] [14/324] SRTJ
[16:55:45] [15/324] CMXM
[16:55:46] [16/324] STMI
[16:55:46] [17/324] SLST
[16:55:47] [18/324] DTCN
[16:55:48] [19/324] STYN
[16:55:49] [20/324] SZVR
[16:55:50] [21/324] SRKO
[16:55:51] [22/324] JTGT
[16:55:51] [23/324] SVFD
[16:55:52] [24/324] SISD
[16:55:53] [25/324] ABDD
[16:55:54] [26/324] DRCA
[16:55:54] [27/324] AVCS
[16:55:55] [28/324] MVKH
[16:55:56] [29/324] ACPR
[16:55:57] [30/324] STIP
[16:55:58] [31/324] MTRA
[16:55:58] [32/324] RMKH
[16:55:59] [33/324] NKRL
[16:56:00] [34/324] PCWN
[16:56:01] [35/324] BLMT
[16:56:02] [36/324] GDPG
[16:56:02] [37/324] SRMX
[16:56:03] [38/324] JACP
[16:56:04] [39/324] CPSH
[16:56:05] [40/324] MCCD
[16:56:06] [41/324] ECGH
[16:56:06] [42/324] MKCK
[16:56:08] [43/324] SRMM
[16:56:08] [44/324] SKYR
[16:56:09] [45/324] PCKC
[16:56:11] [46/324] JCMA
[16:56:11] [47/324] BSMP
[16:56:12] [48/324] VSPA
[16:56:13] [49/324] DJYA
[16:56:15] [50/324] DIMP
[16:56:16] [51/324] FXDR
[16:56:17] [52/324] SSRC
[16:56:18] [53/324] STHP
[16:56:19] [54/324] CPPD
[16:56:20] [55/324] FCLK
[16:56:21] [56/324] SCPP
[16:56:21] [57/324] DCMJ
[16:56:22] [58/324] RCCR
[16:56:23] [59/324] INMT
[16:56:24] [60/324] LXTK
[16:56:24] [61/324] SRYK
[16:56:25] [62/324] SGDK
[16:56:26] [63/324] PPKA
[16:56:27] [64/324] SPKA
[16:56:28] [65/324] CGHH
[16:56:29] [66/324] DCJN
[16:56:30] [67/324] SRKV
[16:56:30] [68/324] SAJC
[16:56:31] [69/324] SUSR
[16:56:32] [70/324] STYG
[16:56:33] [71/324] NTKP
[16:56:34] [72/324] AKTG
[16:56:35] [73/324] CGCM
[16:56:36] [74/324] TULC
[16:56:37] [75/324] NYYZ
[16:56:38] [76/324] NYBW
[16:56:39] [77/324] MACB
[16:56:40] [78/324] SLVT
[16:56:40] [79/324] SANA
[16:56:41] [80/324] ACMR
[16:56:42] [81/324] CPKN
[16:56:43] [82/324] DLGK
[16:56:44] [83/324] CWCK
[16:56:46] [84/324] FDDH
[16:56:47] [85/324] MMMD
[16:56:48] [86/324] CMEH
[16:56:48] [87/324] GGGV
[16:56:49] [88/324] SPJL
[16:56:50] [89/324] RCCD
[16:56:51] [90/324] STTZ
[16:56:52] [91/324] BTCF
[16:56:53] [92/324] TSTZ
[16:56:54] [93/324] IPMM
[16:56:54] [94/324] PMPW
[16:56:55] [95/324] PCMZ
[16:56:56] [96/324] ESEM
[16:56:57] [97/324] PIPO
[16:56:58] [98/324] MATK
[16:56:59] [99/324] PGHM
[16:57:00] [100/324] CTSR
[16:57:01] [101/324] CYKR
[16:57:02] [102/324] MSCM
[16:57:03] [103/324] RFNP
[16:57:03] [104/324] PDCP
[16:57:04] [105/324] NPSE
[16:57:05] [106/324] MKML
[16:57:06] [107/324] FTDP
[16:57:07] [108/324] MMXA
[16:57:08] [109/324] CEPO
[16:57:08] [110/324] CMVP
[16:57:09] [111/324] SGTH
[16:57:10] [112/324] SAYN
[16:57:11] [113/324] URVS
[16:57:12] [114/324] VJTN
[16:57:14] [115/324] BBYK
[16:57:15] [116/324] SHBO
[16:57:15] [117/324] VCMR
[16:57:16] [118/324] MACT
[16:57:17] [119/324] JMNP
[16:57:18] [120/324] VICS
[16:57:19] [121/324] VCDA
[16:57:19] [122/324] GCMM
[16:57:20] [123/324] INVS
[16:57:21] [124/324] SCGM
[16:57:22] [125/324] PCDA
[16:57:23] [126/324] KDCT
[16:57:24] [127/324] JACS
[16:57:25] [128/324] GMMC
[16:57:26] [129/324] AICM
[16:57:27] [130/324] TJCM
[16:57:30] [131/324] RMTI
[16:57:31] [132/324] SHAC
[16:57:31] [133/324] APJC
[16:57:32] [134/324] GCTG
[16:57:33] [135/324] SSMC
[16:57:34] [136/324] THRM
[16:57:35] [137/324] RBCT
[16:57:36] [138/324] DIKT
[16:57:36] [139/324] MIDL
[16:57:37] [140/324] VCSN
[16:57:38] [141/324] SKTG
[16:57:39] [142/324] SMWC
[16:57:40] [143/324] MNKH
[16:57:41] [144/324] PIAT
[16:57:42] [145/324] LTTP
[16:57:43] [146/324] PTPU
[16:57:44] [147/324] ACMG
[16:57:45] [148/324] SHMM
[16:57:45] [149/324] MCMN
[16:57:46] [150/324] GLDC
[16:57:47] [151/324] HOUT
[16:57:47] [152/324] SVRP
[16:57:48] [153/324] PVDN
[16:57:49] [154/324] SCPY
[16:57:50] [155/324] DTPY
[16:57:51] [156/324] GKCS
[16:57:51] [157/324] NCAM
[16:57:52] [158/324] BSRM
[16:57:54] [159/324] RCLC
[16:57:54] [160/324] SKKD
[16:57:55] [161/324] ACHU
[16:57:56] [162/324] RSCF
[16:57:57] [163/324] IMSH
[16:57:58] [164/324] MACX
[16:57:59] [165/324] HMMW
[16:58:00] [166/324] JTCP
[16:58:01] [167/324] SREN
[16:58:02] [168/324] PJRR
[16:58:03] [169/324] INAC
[16:58:04] [170/324] BMCA
[16:58:05] [171/324] SHCB
[16:58:06] [172/324] GABA
[16:58:07] [173/324] SBCT
[16:58:08] [174/324] GCMA
[16:58:08] [175/324] MYTK
[16:58:09] [176/324] INZS
[16:58:10] [177/324] RMIK
[16:58:11] [178/324] NYCH
[16:58:12] [179/324] RAVE
[16:58:12] [180/324] PSXM
[16:58:13] [181/324] MCGP
[16:58:14] [182/324] PDDK
[16:58:15] [183/324] SPCK
[16:58:16] [184/324] MCRL
[16:58:17] [185/324] MHKT
[16:58:17] [186/324] ANRR
[16:58:18] [187/324] SAPK
[16:58:19] [188/324] NCUK
[16:58:20] [189/324] JUGA
[16:58:20] [190/324] DBSC
[16:58:22] [191/324] LALK
[16:58:23] [192/324] GUCK
[16:58:23] [193/324] STSG
[16:58:25] [194/324] PPPZ
[16:58:26] [195/324] CNCY
[16:58:27] [196/324] MTAR
[16:58:27] [197/324] VNKD
[16:58:28] [198/324] KMAJ
[16:58:29] [199/324] ACXK
[16:58:30] [200/324] UTKC
[16:58:30] [201/324] PBLK
[16:58:31] [202/324] ACBX
[16:58:32] [203/324] PTGM
[16:58:33] [204/324] BTDA
[16:58:34] [205/324] PJMB
[16:58:34] [206/324] TPDA
[16:58:35] [207/324] AMOE
[16:58:36] [208/324] PRHT
[16:58:37] [209/324] PRTA
[16:58:38] [210/324] STAM
[16:58:39] [211/324] MSAA
[16:58:40] [212/324] SDLU
[16:58:40] [213/324] RCHH
[16:58:41] [214/324] KANT
[16:58:42] [215/324] FCRT
[16:58:43] [216/324] DNKM
[16:58:44] [217/324] RYCP
[16:58:45] [218/324] MYRP
[16:58:46] [219/324] PPAK
[16:58:46] [220/324] NVPK
[16:58:47] [221/324] PRMC
[16:58:48] [222/324] JBCS
[16:58:49] [223/324] GXCK
[16:58:50] [224/324] USKO
[16:58:51] [225/324] GTEM
[16:58:52] [226/324] SMBU
[16:58:53] [227/324] VETC
[16:58:53] [228/324] LCDA
[16:58:54] [229/324] MTVT
[16:58:55] [230/324] PYCP
[16:58:56] [231/324] PNSC
[16:58:57] [232/324] PPCC
[16:58:58] [233/324] TGRT
[16:58:59] [234/324] JYOT
[16:59:00] [235/324] SRCZ
[16:59:01] [236/324] SJTE
[16:59:01] [237/324] DESC
[16:59:02] [238/324] JHVN
[16:59:04] [239/324] IPSG
[16:59:05] [240/324] IPCM
[16:59:06] [241/324] PDRS
[16:59:06] [242/324] ANCV
[16:59:07] [243/324] CMVV
[16:59:08] [244/324] SHYP
[16:59:09] [245/324] DNCS
[16:59:10] [246/324] GAJK
[16:59:10] [247/324] AKTN
[16:59:11] [248/324] KAYA
[16:59:12] [249/324] SBRC
[16:59:13] [250/324] CHTP
[16:59:14] [251/324] SHRT
[16:59:14] [252/324] BCKU
[16:59:15] [253/324] FCPS
[16:59:16] [254/324] ARDD
[16:59:17] [255/324] CPCM
[16:59:18] [256/324] CGSM
[16:59:19] [257/324] PSMP
[16:59:20] [258/324] SDAL
[16:59:21] [259/324] RTNB
[16:59:22] [260/324] LMCR
[16:59:23] [261/324] CIMA
[16:59:24] [262/324] RNAS
[16:59:25] [263/324] LITH
[16:59:26] [264/324] PBOX
[16:59:27] [265/324] FRTS
[16:59:28] [266/324] RKIC
[16:59:29] [267/324] PTAI
[16:59:30] [268/324] GCIC
[16:59:30] [269/324] FNAS
[16:59:31] [270/324] SCAR
[16:59:32] [271/324] MTCA
[16:59:33] [272/324] SCTS
[16:59:34] [273/324] SYCS
[16:59:34] [274/324] RDMS
[16:59:35] [275/324] KAMP
[16:59:37] [276/324] ERSD
[16:59:38] [277/324] MJMJ
[16:59:39] [278/324] SRCJ
[16:59:40] [279/324] SCXE
[16:59:42] [280/324] SVFR
[16:59:42] [281/324] BHCS
[16:59:43] [282/324] IMCC
[16:59:44] [283/324] PCBO
[16:59:45] [284/324] PRVN
[16:59:46] [285/324] AUPM
[16:59:47] [286/324] INBW
[16:59:48] [287/324] SVCW
[16:59:49] [288/324] RKCF
[16:59:50] [289/324] UVBH
[16:59:51] [290/324] DNCY
[16:59:52] [291/324] ABCN
[16:59:52] [292/324] PRUR
[16:59:54] [293/324] PFMR
[16:59:54] [294/324] RKCN
[16:59:55] [295/324] CFEA
[16:59:56] [296/324] SDBG
[16:59:57] [297/324] SNAR
[16:59:58] [298/324] YISI
[16:59:58] [299/324] JCFF
[16:59:59] [300/324] VTRK
[17:00:00] [301/324] PCLZ
[17:00:01] [302/324] DIMY
[17:00:01] [303/324] BBTS
[17:00:02] [304/324] GATH
[17:00:04] [305/324] GTMN
[17:00:04] [306/324] VTMH
[17:00:05] [307/324] CCKP
[17:00:06] [308/324] GPKA
[17:00:07] [309/324] MHCL
[17:00:08] [310/324] ATCL
[17:00:08] [311/324] SBCK
[17:00:09] [312/324] AMMR
[17:00:10] [313/324] MADC
[17:00:11] [314/324] TMMA
[17:00:12] [315/324] CACC
[17:00:13] [316/324] CHAL
[17:00:13] [317/324] DURG
[17:00:15] [318/324] GMKU
[17:00:16] [319/324] GECA
[17:00:16] [320/324] KYRR
[17:00:17] [321/324] KSDE
[17:00:18] [322/324] LMCI
[17:00:19] [323/324] NKCP
[17:00:20] [324/324] BGTC
[17:00:21] 🧹 Deduping shows
[17:00:21] ✅ DONE | Shows=30 | Movies=5
[04:58:03] 🚀 SCRIPT STARTED
[04:58:03] [1/324] GCTA
[04:58:03] 🧠 New identity created
[04:58:05] [2/324] TOPN
[04:58:06] [3/324] MCUS
[04:58:06] [4/324] SHRL
[04:58:07] [5/324] UPTP
[04:58:08] [6/324] TMMP
[04:58:09] [7/324] DNRP
[04:58:10] [8/324] SRLT
[04:58:12] [9/324] RCNS
[04:58:12] [10/324] DCBH
[04:58:13] [11/324] NAGJ
[04:58:14] [12/324] JVRC
[04:58:15] [13/324] KRJG
[04:58:16] [14/324] SRTJ
[04:58:16] [15/324] CMXM
[04:58:17] [16/324] STMI
[04:58:18] [17/324] SLST
[04:58:19] [18/324] DTCN
[04:58:20] [19/324] STYN
[04:58:22] [20/324] SZVR
[04:58:22] [21/324] SRKO
[04:58:23] [22/324] JTGT
[04:58:24] [23/324] SVFD
[04:58:25] [24/324] SISD
[04:58:26] [25/324] ABDD
[04:58:27] [26/324] DRCA
[04:58:27] [27/324] AVCS
[04:58:28] [28/324] MVKH
[04:58:29] [29/324] ACPR
[04:58:31] [30/324] STIP
[04:58:32] [31/324] MTRA
[04:58:32] [32/324] RMKH
[04:58:33] [33/324] NKRL
[04:58:35] [34/324] PCWN
[04:58:36] [35/324] BLMT
[04:58:37] [36/324] GDPG
[04:58:38] [37/324] SRMX
[04:58:39] [38/324] JACP
[04:58:40] [39/324] CPSH
[04:58:41] [40/324] MCCD
[04:58:41] [41/324] ECGH
[04:58:42] [42/324] MKCK
[04:58:43] [43/324] SRMM
[04:58:44] [44/324] SKYR
[04:58:45] [45/324] PCKC
[04:58:46] [46/324] JCMA
[04:58:47] [47/324] BSMP
[04:58:48] [48/324] VSPA
[04:58:49] [49/324] DJYA
[04:58:51] [50/324] DIMP
[04:58:52] [51/324] FXDR
[04:58:53] [52/324] SSRC
[04:58:54] [53/324] STHP
[04:58:55] [54/324] CPPD
[04:58:55] [55/324] FCLK
[04:58:56] [56/324] SCPP
[04:58:57] [57/324] DCMJ
[04:58:58] [58/324] RCCR
[04:58:59] [59/324] INMT
[04:59:00] [60/324] LXTK
[04:59:01] [61/324] SRYK
[04:59:02] [62/324] SGDK
[04:59:03] [63/324] PPKA
[04:59:04] [64/324] SPKA
[04:59:05] [65/324] CGHH
[04:59:06] [66/324] DCJN
[04:59:06] [67/324] SRKV
[04:59:08] [68/324] SAJC
[04:59:09] [69/324] SUSR
[04:59:09] [70/324] STYG
[04:59:10] [71/324] NTKP
[04:59:11] [72/324] AKTG
[04:59:12] [73/324] CGCM
[04:59:13] [74/324] TULC
[04:59:14] [75/324] NYYZ
[04:59:15] [76/324] NYBW
[04:59:15] [77/324] MACB
[04:59:16] [78/324] SLVT
[04:59:17] [79/324] SANA
[04:59:18] [80/324] ACMR
[04:59:19] [81/324] CPKN
[04:59:20] [82/324] DLGK
[04:59:21] [83/324] CWCK
[04:59:21] [84/324] FDDH
[04:59:22] [85/324] MMMD
[04:59:23] [86/324] CMEH
[04:59:25] [87/324] GGGV
[04:59:26] [88/324] SPJL
[04:59:27] [89/324] RCCD
[04:59:27] [90/324] STTZ
[04:59:28] [91/324] BTCF
[04:59:29] [92/324] TSTZ
[04:59:30] [93/324] IPMM
[04:59:31] [94/324] PMPW
[04:59:32] [95/324] PCMZ
[04:59:33] [96/324] ESEM
[04:59:34] [97/324] PIPO
[04:59:35] [98/324] MATK
[04:59:36] [99/324] PGHM
[04:59:37] [100/324] CTSR
[04:59:38] [101/324] CYKR
[04:59:39] [102/324] MSCM
[04:59:39] [103/324] RFNP
[04:59:40] [104/324] PDCP
[04:59:41] [105/324] NPSE
[04:59:42] [106/324] MKML
[04:59:43] [107/324] FTDP
[04:59:44] [108/324] MMXA
[04:59:45] [109/324] CEPO
[04:59:45] [110/324] CMVP
[04:59:46] [111/324] SGTH
[04:59:47] [112/324] SAYN
[04:59:48] [113/324] URVS
[04:59:49] [114/324] VJTN
[04:59:50] [115/324] BBYK
[04:59:50] [116/324] SHBO
[04:59:51] [117/324] VCMR
[04:59:52] [118/324] MACT
[04:59:53] [119/324] JMNP
[04:59:54] [120/324] VICS
[04:59:55] [121/324] VCDA
[04:59:55] [122/324] GCMM
[04:59:56] [123/324] INVS
[04:59:57] [124/324] SCGM
[04:59:58] [125/324] PCDA
[04:59:58] [126/324] KDCT
[04:59:59] [127/324] JACS
[05:00:00] [128/324] GMMC
[05:00:01] [129/324] AICM
[05:00:02] [130/324] TJCM
[05:00:02] [131/324] RMTI
[05:00:03] [132/324] SHAC
[05:00:04] [133/324] APJC
[05:00:05] [134/324] GCTG
[05:00:06] [135/324] SSMC
[05:00:08] [136/324] THRM
[05:00:09] [137/324] RBCT
[05:00:09] [138/324] DIKT
[05:00:10] [139/324] MIDL
[05:00:11] [140/324] VCSN
[05:00:12] [141/324] SKTG
[05:00:13] [142/324] SMWC
[05:00:14] [143/324] MNKH
[05:00:15] [144/324] PIAT
[05:00:16] [145/324] LTTP
[05:00:16] [146/324] PTPU
[05:00:18] [147/324] ACMG
[05:00:19] [148/324] SHMM
[05:00:20] [149/324] MCMN
[05:00:21] [150/324] GLDC
[05:00:21] [151/324] HOUT
[05:00:22] [152/324] SVRP
[05:00:23] [153/324] PVDN
[05:00:24] [154/324] SCPY
[05:00:24] [155/324] DTPY
[05:00:25] [156/324] GKCS
[05:00:26] [157/324] NCAM
[05:00:27] [158/324] BSRM
[05:00:27] [159/324] RCLC
[05:00:28] [160/324] SKKD
[05:00:29] [161/324] ACHU
[05:00:30] [162/324] RSCF
[05:00:31] [163/324] IMSH
[05:00:32] [164/324] MACX
[05:00:32] [165/324] HMMW
[05:00:33] [166/324] JTCP
[05:00:35] [167/324] SREN
[05:00:36] [168/324] PJRR
[05:00:37] [169/324] INAC
[05:00:37] [170/324] BMCA
[05:00:38] [171/324] SHCB
[05:00:39] [172/324] GABA
[05:00:40] [173/324] SBCT
[05:00:41] [174/324] GCMA
[05:00:42] [175/324] MYTK
[05:00:43] [176/324] INZS
[05:00:44] [177/324] RMIK
[05:00:45] [178/324] NYCH
[05:00:46] [179/324] RAVE
[05:00:47] [180/324] PSXM
[05:00:48] [181/324] MCGP
[05:00:48] [182/324] PDDK
[05:00:49] [183/324] SPCK
[05:00:50] [184/324] MCRL
[05:00:51] [185/324] MHKT
[05:00:51] [186/324] ANRR
[05:00:52] [187/324] SAPK
[05:00:53] [188/324] NCUK
[05:00:54] [189/324] JUGA
[05:00:56] [190/324] DBSC
[05:00:56] [191/324] LALK
[05:00:57] [192/324] GUCK
[05:00:58] [193/324] STSG
[05:00:59] [194/324] PPPZ
[05:01:00] [195/324] CNCY
[05:01:01] [196/324] MTAR
[05:01:01] [197/324] VNKD
[05:01:02] [198/324] KMAJ
[05:01:03] [199/324] ACXK
[05:01:04] [200/324] UTKC
[05:01:05] [201/324] PBLK
[05:01:06] [202/324] ACBX
[05:01:07] [203/324] PTGM
[05:01:08] [204/324] BTDA
[05:01:09] [205/324] PJMB
[05:01:10] [206/324] TPDA
[05:01:10] [207/324] AMOE
[05:01:11] [208/324] PRHT
[05:01:12] [209/324] PRTA
[05:01:13] [210/324] STAM
[05:01:14] [211/324] MSAA
[05:01:14] [212/324] SDLU
[05:01:15] [213/324] RCHH
[05:01:16] [214/324] KANT
[05:01:17] [215/324] FCRT
[05:01:18] [216/324] DNKM
[05:01:19] [217/324] RYCP
[05:01:19] [218/324] MYRP
[05:01:20] [219/324] PPAK
[05:01:21] [220/324] NVPK
[05:01:22] [221/324] PRMC
[05:01:23] [222/324] JBCS
[05:01:23] [223/324] GXCK
[05:01:24] [224/324] USKO
[05:01:26] [225/324] GTEM
[05:01:27] [226/324] SMBU
[05:01:27] [227/324] VETC
[05:01:28] [228/324] LCDA
[05:01:30] [229/324] MTVT
[05:01:31] [230/324] PYCP
[05:01:31] [231/324] PNSC
[05:01:32] [232/324] PPCC
[05:01:34] [233/324] TGRT
[05:01:35] [234/324] JYOT
[05:01:36] [235/324] SRCZ
[05:01:36] [236/324] SJTE
[05:01:37] [237/324] DESC
[05:01:38] [238/324] JHVN
[05:01:39] [239/324] IPSG
[05:01:40] [240/324] IPCM
[05:01:41] [241/324] PDRS
[05:01:41] [242/324] ANCV
[05:01:42] [243/324] CMVV
[05:01:43] [244/324] SHYP
[05:01:44] [245/324] DNCS
[05:01:45] [246/324] GAJK
[05:01:45] [247/324] AKTN
[05:01:46] [248/324] KAYA
[05:01:47] [249/324] SBRC
[05:01:48] [250/324] CHTP
[05:01:49] [251/324] SHRT
[05:01:50] [252/324] BCKU
[05:01:50] [253/324] FCPS
[05:01:51] [254/324] ARDD
[05:01:53] [255/324] CPCM
[05:01:54] [256/324] CGSM
[05:01:54] [257/324] PSMP
[05:01:56] [258/324] SDAL
[05:01:57] [259/324] RTNB
[05:01:58] [260/324] LMCR
[05:01:58] [261/324] CIMA
[05:01:59] [262/324] RNAS
[05:02:00] [263/324] LITH
[05:02:01] [264/324] PBOX
[05:02:02] [265/324] FRTS
[05:02:02] [266/324] RKIC
[05:02:03] [267/324] PTAI
[05:02:04] [268/324] GCIC
[05:02:04] [269/324] FNAS
[05:02:05] [270/324] SCAR
[05:02:06] [271/324] MTCA
[05:02:07] [272/324] SCTS
[05:02:08] [273/324] SYCS
[05:02:09] [274/324] RDMS
[05:02:10] [275/324] KAMP
[05:02:11] [276/324] ERSD
[05:02:12] [277/324] MJMJ
[05:02:13] [278/324] SRCJ
[05:02:14] [279/324] SCXE
[05:02:15] [280/324] SVFR
[05:02:15] [281/324] BHCS
[05:02:16] [282/324] IMCC
[05:02:17] [283/324] PCBO
[05:02:18] [284/324] PRVN
[05:02:18] [285/324] AUPM
[05:02:19] [286/324] INBW
[05:02:20] [287/324] SVCW
[05:02:21] [288/324] RKCF
[05:02:21] [289/324] UVBH
[05:02:22] [290/324] DNCY
[05:02:24] [291/324] ABCN
[05:02:25] [292/324] PRUR
[05:02:26] [293/324] PFMR
[05:02:26] [294/324] RKCN
[05:02:27] [295/324] CFEA
[05:02:28] [296/324] SDBG
[05:02:29] [297/324] SNAR
[05:02:30] [298/324] YISI
[05:02:31] [299/324] JCFF
[05:02:32] [300/324] VTRK
[05:02:33] [301/324] PCLZ
[05:02:34] [302/324] DIMY
[05:02:35] [303/324] BBTS
[05:02:35] [304/324] GATH
[05:02:36] [305/324] GTMN
[05:02:37] [306/324] VTMH
[05:02:37] [307/324] CCKP
[05:02:38] [308/324] GPKA
[05:02:39] [309/324] MHCL
[05:02:40] [310/324] ATCL
[05:02:40] [311/324] SBCK
[05:02:41] [312/324] AMMR
[05:02:42] [313/324] MADC
[05:02:43] [314/324] TMMA
[05:02:43] [315/324] CACC
[05:02:45] [316/324] CHAL
[05:02:46] [317/324] DURG
[05:02:47] [318/324] GMKU
[05:02:47] [319/324] GECA
[05:02:48] [320/324] KYRR
[05:02:49] [321/324] KSDE
[05:02:50] [322/324] LMCI
[05:02:50] [323/324] NKCP
[05:02:51] [324/324] BGTC
[05:02:52] 🧹 Deduping shows
[05:02:52] ✅ DONE | Shows=30 | Movies=5
